Gather  (cost=1000.00..340864.31 rows=26 width=21) (actual time=352.774..600.982 rows=46 loops=1)
Gather  (cost=1000.00..340864.41 rows=27 width=21) (actual time=268.292..600.167 rows=48 loops=1)
Gather Merge  (cost=340862.31..340868.15 rows=50 width=131) (actual time=664.505..668.746 rows=84 loops=1)
Gather Merge  (cost=340862.28..340867.88 rows=48 width=131) (actual time=648.919..652.959 rows=186 loops=1)
Gather Merge  (cost=340862.28..340867.88 rows=48 width=131) (actual time=645.224..649.303 rows=164 loops=1)
Gather  (cost=1000.00..340864.41 rows=27 width=21) (actual time=131.675..599.429 rows=50 loops=1)
Gather Merge  (cost=340862.28..340867.88 rows=48 width=131) (actual time=663.766..667.851 rows=54 loops=1)
Gather  (cost=1000.00..340864.31 rows=26 width=21) (actual time=348.188..644.756 rows=81 loops=1)
Gather Merge  (cost=340862.28..340867.88 rows=48 width=131) (actual time=652.192..656.268 rows=120 loops=1)
Gather  (cost=1000.00..340877.71 rows=160 width=140) (actual time=566.135..672.808 rows=42 loops=1)
Gather  (cost=1000.00..340868.71 rows=70 width=21) (actual time=205.832..601.538 rows=93 loops=1)
Gather Merge  (cost=340862.28..340867.88 rows=48 width=131) (actual time=648.349..652.580 rows=112 loops=1)
Gather  (cost=1000.00..340878.01 rows=163 width=403) (actual time=512.810..637.468 rows=112 loops=1)
Gather  (cost=1000.00..340864.41 rows=27 width=21) (actual time=110.272..622.102 rows=52 loops=1)
Gather  (cost=1000.00..340882.51 rows=208 width=21) (actual time=401.369..596.270 rows=168 loops=1)
Gather Merge  (cost=340862.31..340868.15 rows=50 width=131) (actual time=637.207..641.099 rows=40 loops=1)
Gather  (cost=1000.00..340869.51 rows=78 width=403) (actual time=187.672..663.518 rows=40 loops=1)
Gather  (cost=1000.00..340864.41 rows=27 width=140) (actual time=305.594..667.420 rows=28 loops=1)
Gather Merge  (cost=340862.28..340867.88 rows=48 width=131) (actual time=635.288..639.463 rows=117 loops=1)
Gather Merge  (cost=340862.28..340867.88 rows=48 width=131) (actual time=617.418..621.510 rows=72 loops=1)
Gather  (cost=1000.00..340864.31 rows=26 width=21) (actual time=319.863..625.904 rows=36 loops=1)
Gather Merge  (cost=340862.31..340868.15 rows=50 width=131) (actual time=641.203..645.328 rows=54 loops=1)
Gather Merge  (cost=340862.28..340867.88 rows=48 width=131) (actual time=650.414..654.553 rows=204 loops=1)
Gather Merge  (cost=340862.31..340868.15 rows=50 width=131) (actual time=607.241..611.833 rows=130 loops=1)
Gather  (cost=1000.00..340864.41 rows=27 width=21) (actual time=225.045..646.301 rows=74 loops=1)
Gather Merge  (cost=340862.28..340867.88 rows=48 width=131) (actual time=631.428..636.879 rows=86 loops=1)
Gather Merge  (cost=340864.30..340883.20 rows=162 width=131) (actual time=635.186..640.423 rows=236 loops=1)
Gather  (cost=1000.00..340876.21 rows=145 width=21) (actual time=81.107..623.363 rows=316 loops=1)
Gather  (cost=1000.00..340864.31 rows=26 width=21) (actual time=587.329..619.286 rows=60 loops=1)
Gather  (cost=1000.00..340864.41 rows=27 width=21) (actual time=143.292..594.196 rows=92 loops=1)
Gather  (cost=1000.00..340864.41 rows=27 width=140) (actual time=301.137..642.061 rows=27 loops=1)
Gather  (cost=1000.00..340864.41 rows=27 width=403) (actual time=276.024..623.362 rows=27 loops=1)
Gather  (cost=1000.00..340899.81 rows=381 width=21) (actual time=205.939..636.563 rows=486 loops=1)
Gather  (cost=1000.00..340878.31 rows=166 width=21) (actual time=264.091..594.962 rows=195 loops=1)
Gather  (cost=1000.00..340864.31 rows=26 width=21) (actual time=498.299..622.275 rows=50 loops=1)
Gather  (cost=1000.00..340864.41 rows=27 width=21) (actual time=292.690..607.638 rows=46 loops=1)
Gather  (cost=1000.00..340871.91 rows=102 width=140) (actual time=86.451..642.282 rows=245 loops=1)
Gather  (cost=1000.00..340864.41 rows=27 width=140) (actual time=394.836..606.936 rows=39 loops=1)
Gather  (cost=1000.00..340875.01 rows=133 width=21) (actual time=172.385..598.002 rows=236 loops=1)
Gather  (cost=1000.00..340864.31 rows=26 width=140) (actual time=435.321..588.762 rows=36 loops=1)
Gather  (cost=1000.00..340922.51 rows=608 width=140) (actual time=467.108..645.162 rows=636 loops=1)
Gather  (cost=1000.00..340869.81 rows=81 width=21) (actual time=441.304..612.101 rows=52 loops=1)
Gather  (cost=1000.00..340870.21 rows=85 width=21) (actual time=487.473..611.461 rows=144 loops=1)
Gather  (cost=1000.00..340864.41 rows=27 width=140) (actual time=22.683..594.922 rows=72 loops=1)
Gather  (cost=1000.00..340868.21 rows=65 width=21) (actual time=291.604..614.606 rows=99 loops=1)
Gather  (cost=1000.00..340864.41 rows=27 width=140) (actual time=513.969..613.776 rows=156 loops=1)
Gather  (cost=1000.00..340864.41 rows=27 width=21) (actual time=305.665..624.023 rows=32 loops=1)
Gather  (cost=1000.00..340897.71 rows=360 width=21) (actual time=552.992..604.970 rows=540 loops=1)
Gather  (cost=1000.00..340864.41 rows=27 width=21) (actual time=214.435..592.815 rows=48 loops=1)
Gather Merge  (cost=340862.28..340867.88 rows=48 width=131) (actual time=638.539..643.353 rows=175 loops=1)
Gather  (cost=1000.00..340864.31 rows=26 width=21) (actual time=484.393..613.101 rows=98 loops=1)
Gather  (cost=1000.00..340864.41 rows=27 width=21) (actual time=109.862..641.986 rows=46 loops=1)
Gather  (cost=1000.00..340864.41 rows=27 width=21) (actual time=485.981..592.550 rows=54 loops=1)
Gather  (cost=1000.00..340864.31 rows=26 width=21) (actual time=351.598..615.742 rows=50 loops=1)
Gather  (cost=1000.00..340926.01 rows=643 width=21) (actual time=196.647..608.623 rows=172 loops=1)
Gather Merge  (cost=340862.28..340867.88 rows=48 width=131) (actual time=625.453..630.299 rows=78 loops=1)
Gather  (cost=1000.00..340864.41 rows=27 width=21) (actual time=309.719..605.048 rows=102 loops=1)
Gather  (cost=1000.00..340875.21 rows=135 width=21) (actual time=325.979..613.749 rows=92 loops=1)
Gather  (cost=1000.00..340876.51 rows=148 width=21) (actual time=568.647..590.583 rows=425 loops=1)
Gather  (cost=1000.00..340864.41 rows=27 width=140) (actual time=270.843..630.379 rows=69 loops=1)
Gather  (cost=1000.00..340869.11 rows=74 width=21) (actual time=107.497..612.421 rows=220 loops=1)
Gather  (cost=1000.00..340864.41 rows=27 width=21) (actual time=304.689..620.930 rows=48 loops=1)
Gather  (cost=1000.00..340874.91 rows=132 width=21) (actual time=334.007..610.223 rows=122 loops=1)
Gather  (cost=1000.00..340883.91 rows=222 width=140) (actual time=294.039..592.758 rows=270 loops=1)
Gather  (cost=1000.00..340864.31 rows=26 width=140) (actual time=375.827..626.828 rows=48 loops=1)
Gather  (cost=1000.00..340864.41 rows=27 width=21) (actual time=238.665..606.457 rows=54 loops=1)
Gather  (cost=1000.00..340864.31 rows=26 width=21) (actual time=431.015..611.456 rows=34 loops=1)
Gather Merge  (cost=340869.47..340916.61 rows=404 width=131) (actual time=622.240..626.730 rows=408 loops=1)
Gather  (cost=1000.00..340869.21 rows=75 width=140) (actual time=404.815..589.472 rows=160 loops=1)
Gather  (cost=1000.00..340864.41 rows=27 width=21) (actual time=205.529..620.219 rows=44 loops=1)
Gather  (cost=1000.00..340864.41 rows=27 width=140) (actual time=522.979..615.896 rows=56 loops=1)
Gather Merge  (cost=340864.89..340887.30 rows=192 width=131) (actual time=646.123..650.719 rows=265 loops=1)
Gather Merge  (cost=340862.31..340868.15 rows=50 width=131) (actual time=619.657..624.190 rows=45 loops=1)
Gather  (cost=1000.00..340868.61 rows=69 width=140) (actual time=555.776..592.819 rows=135 loops=1)
Gather  (cost=1000.00..340868.61 rows=69 width=403) (actual time=591.325..628.390 rows=135 loops=1)
Gather Merge  (cost=340862.28..340867.88 rows=48 width=131) (actual time=613.849..618.504 rows=70 loops=1)
Gather  (cost=1000.00..340864.41 rows=27 width=21) (actual time=170.133..645.085 rows=44 loops=1)
Gather Merge  (cost=340862.28..340867.88 rows=48 width=131) (actual time=597.049..601.723 rows=27 loops=1)
Gather  (cost=1000.00..340864.41 rows=27 width=21) (actual time=389.752..595.031 rows=36 loops=1)
Gather Merge  (cost=340862.28..340867.88 rows=48 width=131) (actual time=631.980..636.875 rows=50 loops=1)
Gather  (cost=1000.00..340864.41 rows=27 width=21) (actual time=270.917..641.078 rows=126 loops=1)
Gather  (cost=1000.00..340878.41 rows=167 width=21) (actual time=481.090..622.846 rows=160 loops=1)
Gather  (cost=1000.00..340864.41 rows=27 width=21) (actual time=105.500..594.329 rows=48 loops=1)
Gather  (cost=1000.00..340923.31 rows=616 width=21) (actual time=497.702..611.764 rows=990 loops=1)
Gather Merge  (cost=340862.31..340868.15 rows=50 width=131) (actual time=627.831..632.423 rows=96 loops=1)
Gather  (cost=1000.00..340864.41 rows=27 width=403) (actual time=307.252..633.144 rows=42 loops=1)
Gather Merge  (cost=340862.28..340867.88 rows=48 width=131) (actual time=615.974..644.598 rows=56 loops=1)
Gather  (cost=1000.00..340864.41 rows=27 width=21) (actual time=17.936..589.837 rows=42 loops=1)
Gather  (cost=1000.00..340869.11 rows=74 width=140) (actual time=582.709..596.329 rows=108 loops=1)
Gather  (cost=1000.00..340864.31 rows=26 width=140) (actual time=605.893..634.013 rows=45 loops=1)
Gather Merge  (cost=340862.31..340868.15 rows=50 width=131) (actual time=641.269..645.781 rows=72 loops=1)
Gather  (cost=1000.00..340864.31 rows=26 width=21) (actual time=564.127..614.924 rows=40 loops=1)
Gather  (cost=1000.00..340864.41 rows=27 width=21) (actual time=135.220..591.457 rows=52 loops=1)
Gather Merge  (cost=340862.28..340867.88 rows=48 width=131) (actual time=639.947..644.835 rows=45 loops=1)
Gather  (cost=1000.00..340864.31 rows=26 width=140) (actual time=343.714..608.697 rows=42 loops=1)
Gather Merge  (cost=340862.31..340868.15 rows=50 width=131) (actual time=621.152..625.683 rows=132 loops=1)
Gather  (cost=1000.00..340922.31 rows=606 width=21) (actual time=546.494..606.954 rows=670 loops=1)
Gather  (cost=1000.00..340875.81 rows=141 width=140) (actual time=131.568..589.455 rows=94 loops=1)
Gather  (cost=1000.00..340875.81 rows=141 width=403) (actual time=133.024..625.986 rows=94 loops=1)
Gather  (cost=1000.00..340864.31 rows=26 width=21) (actual time=578.641..614.106 rows=90 loops=1)
Gather  (cost=1000.00..340864.41 rows=27 width=21) (actual time=197.359..609.053 rows=36 loops=1)
Gather  (cost=1000.00..340923.41 rows=617 width=21) (actual time=115.255..607.587 rows=826 loops=1)
Gather Merge  (cost=340862.28..340867.88 rows=48 width=131) (actual time=598.846..603.440 rows=105 loops=1)
Gather  (cost=1000.00..340877.11 rows=154 width=21) (actual time=356.550..617.554 rows=159 loops=1)
Gather Merge  (cost=340862.28..340867.88 rows=48 width=131) (actual time=620.392..624.875 rows=60 loops=1)
Gather Merge  (cost=340862.28..340867.88 rows=48 width=131) (actual time=658.732..663.302 rows=35 loops=1)
Gather  (cost=1000.00..340875.61 rows=139 width=21) (actual time=221.772..614.120 rows=252 loops=1)
Gather  (cost=1000.00..340872.91 rows=112 width=21) (actual time=39.552..589.978 rows=124 loops=1)
Gather  (cost=1000.00..340874.11 rows=124 width=21) (actual time=596.028..607.342 rows=82 loops=1)
Gather  (cost=1000.00..340870.31 rows=86 width=140) (actual time=18.695..618.841 rows=104 loops=1)
Gather  (cost=1000.00..340864.41 rows=27 width=21) (actual time=114.690..612.814 rows=50 loops=1)
Gather  (cost=1000.00..340864.31 rows=26 width=21) (actual time=457.917..606.613 rows=48 loops=1)
Gather  (cost=1000.00..340868.21 rows=65 width=21) (actual time=273.300..593.500 rows=54 loops=1)
Gather  (cost=1000.00..340864.41 rows=27 width=140) (actual time=192.163..609.794 rows=72 loops=1)
Gather  (cost=1000.00..340875.71 rows=140 width=140) (actual time=121.263..623.833 rows=159 loops=1)
Gather Merge  (cost=340864.15..340882.11 rows=154 width=131) (actual time=631.064..635.523 rows=82 loops=1)
Gather  (cost=1000.00..340864.41 rows=27 width=21) (actual time=182.481..619.981 rows=40 loops=1)
Gather  (cost=1000.00..340877.61 rows=159 width=140) (actual time=378.911..591.140 rows=153 loops=1)
Gather  (cost=1000.00..340864.41 rows=27 width=140) (actual time=594.449..610.839 rows=39 loops=1)
Gather  (cost=1000.00..340864.31 rows=26 width=140) (actual time=348.861..620.453 rows=45 loops=1)
Gather Merge  (cost=340862.28..340867.88 rows=48 width=131) (actual time=637.530..641.956 rows=39 loops=1)
Gather  (cost=1000.00..340877.21 rows=155 width=140) (actual time=474.465..613.209 rows=144 loops=1)
Gather Merge  (cost=340862.28..340867.88 rows=48 width=131) (actual time=606.030..610.476 rows=33 loops=1)
Gather  (cost=1000.00..340868.01 rows=63 width=21) (actual time=154.710..619.440 rows=189 loops=1)
Gather  (cost=1000.00..340864.41 rows=27 width=140) (actual time=625.632..637.014 rows=24 loops=1)
Gather  (cost=1000.00..340868.61 rows=69 width=21) (actual time=395.460..613.935 rows=81 loops=1)
Gather Merge  (cost=340864.19..340882.39 rows=156 width=131) (actual time=641.735..646.205 rows=110 loops=1)
Gather  (cost=1000.00..340878.61 rows=169 width=21) (actual time=222.685..613.845 rows=255 loops=1)
Gather Merge  (cost=340862.28..340867.88 rows=48 width=131) (actual time=669.369..673.914 rows=51 loops=1)
Gather  (cost=1000.00..340864.31 rows=26 width=21) (actual time=484.619..617.247 rows=80 loops=1)
Gather  (cost=1000.00..340883.31 rows=216 width=140) (actual time=43.778..603.928 rows=132 loops=1)
Gather  (cost=1000.00..340876.11 rows=144 width=140) (actual time=573.252..610.750 rows=116 loops=1)
Gather  (cost=1000.00..340864.41 rows=27 width=140) (actual time=197.587..596.941 rows=28 loops=1)
Gather Merge  (cost=340862.28..340867.88 rows=48 width=131) (actual time=642.422..647.312 rows=15 loops=1)
Gather Merge  (cost=340862.28..340867.88 rows=48 width=131) (actual time=634.095..638.428 rows=57 loops=1)
Gather  (cost=1000.00..340864.41 rows=27 width=403) (actual time=270.729..628.520 rows=33 loops=1)
Gather  (cost=1000.00..340868.31 rows=66 width=21) (actual time=395.531..595.710 rows=42 loops=1)
Gather  (cost=1000.00..340864.41 rows=27 width=140) (actual time=241.051..600.736 rows=33 loops=1)
Gather  (cost=1000.00..340925.11 rows=634 width=21) (actual time=235.652..627.488 rows=516 loops=1)
Gather Merge  (cost=340862.28..340867.88 rows=48 width=131) (actual time=641.288..646.085 rows=80 loops=1)
Gather Merge  (cost=340862.28..340867.88 rows=48 width=131) (actual time=614.919..619.443 rows=39 loops=1)
Gather  (cost=1000.00..340875.81 rows=141 width=140) (actual time=540.227..613.195 rows=148 loops=1)
Gather  (cost=1000.00..340875.81 rows=141 width=21) (actual time=428.302..608.561 rows=141 loops=1)
Gather  (cost=1000.00..340864.31 rows=26 width=140) (actual time=572.288..622.240 rows=48 loops=1)
Gather  (cost=1000.00..340864.31 rows=26 width=403) (actual time=570.649..614.533 rows=48 loops=1)
Gather Merge  (cost=340862.31..340868.15 rows=50 width=131) (actual time=637.867..642.290 rows=36 loops=1)
Gather  (cost=1000.00..340864.41 rows=27 width=21) (actual time=57.513..590.881 rows=48 loops=1)
Gather  (cost=1000.00..340864.31 rows=26 width=21) (actual time=547.124..616.905 rows=50 loops=1)
Gather  (cost=1000.00..340864.41 rows=27 width=21) (actual time=125.526..588.978 rows=46 loops=1)
Gather  (cost=1000.00..340864.31 rows=26 width=21) (actual time=523.186..666.834 rows=44 loops=1)
Gather  (cost=1000.00..340870.61 rows=89 width=21) (actual time=502.319..611.578 rows=130 loops=1)
Gather  (cost=1000.00..340864.41 rows=27 width=140) (actual time=15.019..616.588 rows=28 loops=1)
Gather  (cost=1000.00..340864.41 rows=27 width=403) (actual time=14.608..589.730 rows=28 loops=1)
Gather  (cost=1000.00..340864.31 rows=26 width=21) (actual time=559.300..618.016 rows=80 loops=1)
Gather Merge  (cost=340862.31..340868.15 rows=50 width=131) (actual time=595.728..600.396 rows=36 loops=1)
Gather Merge  (cost=340862.31..340868.15 rows=50 width=131) (actual time=658.130..662.693 rows=42 loops=1)
Gather  (cost=1000.00..340864.41 rows=27 width=403) (actual time=103.717..610.059 rows=42 loops=1)
Gather Merge  (cost=340862.31..340868.15 rows=50 width=131) (actual time=630.975..635.639 rows=64 loops=1)
Gather  (cost=1000.00..340925.31 rows=636 width=140) (actual time=166.384..589.021 rows=1100 loops=1)
Gather  (cost=1000.00..340925.31 rows=636 width=403) (actual time=166.350..620.873 rows=1100 loops=1)
Gather Merge  (cost=340869.83..340918.84 rows=420 width=131) (actual time=599.051..603.498 rows=306 loops=1)
Gather  (cost=1000.00..340864.41 rows=27 width=21) (actual time=38.806..658.488 rows=54 loops=1)
Gather  (cost=1000.00..340870.11 rows=84 width=21) (actual time=465.983..629.570 rows=92 loops=1)
Gather  (cost=1000.00..340864.51 rows=28 width=21) (actual time=89.538..627.541 rows=108 loops=1)
Gather  (cost=1000.00..340872.41 rows=107 width=21) (actual time=255.373..588.596 rows=136 loops=1)
Gather  (cost=1000.00..340864.51 rows=28 width=21) (actual time=72.604..620.146 rows=74 loops=1)
Gather  (cost=1000.00..340874.11 rows=124 width=21) (actual time=234.292..599.717 rows=140 loops=1)
Gather  (cost=1000.00..340864.31 rows=26 width=21) (actual time=381.530..625.621 rows=46 loops=1)
Gather  (cost=1000.00..340864.41 rows=27 width=21) (actual time=245.954..607.762 rows=68 loops=1)
Gather Merge  (cost=340862.28..340867.88 rows=48 width=131) (actual time=627.634..632.169 rows=60 loops=1)
Gather Merge  (cost=340862.31..340868.15 rows=50 width=131) (actual time=599.811..604.430 rows=90 loops=1)
Gather  (cost=1000.00..340882.41 rows=207 width=140) (actual time=51.531..617.386 rows=145 loops=1)
Gather  (cost=1000.00..340864.41 rows=27 width=21) (actual time=516.824..604.148 rows=81 loops=1)
Gather  (cost=1000.00..340864.31 rows=26 width=21) (actual time=472.902..639.929 rows=56 loops=1)
Gather Merge  (cost=340862.31..340868.15 rows=50 width=131) (actual time=611.585..616.273 rows=143 loops=1)
Gather Merge  (cost=340862.28..340867.88 rows=48 width=131) (actual time=626.419..631.031 rows=52 loops=1)
Gather  (cost=1000.00..340864.41 rows=27 width=21) (actual time=214.429..608.649 rows=125 loops=1)
Gather  (cost=1000.00..340864.31 rows=26 width=21) (actual time=365.671..615.332 rows=46 loops=1)
Gather  (cost=1000.00..340867.91 rows=62 width=21) (actual time=515.707..615.492 rows=66 loops=1)
Gather  (cost=1000.00..340864.41 rows=27 width=140) (actual time=315.430..637.562 rows=30 loops=1)
Gather  (cost=1000.00..340864.41 rows=27 width=140) (actual time=172.712..606.598 rows=28 loops=1)
Gather  (cost=1000.00..340864.31 rows=26 width=140) (actual time=404.513..591.069 rows=24 loops=1)
Gather  (cost=1000.00..340864.41 rows=27 width=21) (actual time=225.473..627.976 rows=129 loops=1)
Gather  (cost=1000.00..340864.31 rows=26 width=21) (actual time=489.712..619.667 rows=52 loops=1)
Gather  (cost=1000.00..340873.11 rows=114 width=21) (actual time=64.274..614.293 rows=56 loops=1)
Gather  (cost=1000.00..340922.31 rows=606 width=21) (actual time=352.871..611.400 rows=672 loops=1)
Gather  (cost=1000.00..340864.31 rows=26 width=21) (actual time=311.454..590.806 rows=165 loops=1)
Gather Merge  (cost=340862.31..340868.15 rows=50 width=131) (actual time=646.558..650.966 rows=30 loops=1)
Gather  (cost=1000.00..340869.21 rows=75 width=403) (actual time=173.377..617.987 rows=30 loops=1)
Gather Merge  (cost=340862.28..340867.88 rows=48 width=131) (actual time=655.749..660.284 rows=105 loops=1)
Gather  (cost=1000.00..340864.41 rows=27 width=21) (actual time=144.649..598.862 rows=60 loops=1)
Gather  (cost=1000.00..340864.31 rows=26 width=21) (actual time=307.427..593.677 rows=69 loops=1)
Gather  (cost=1000.00..340925.11 rows=634 width=140) (actual time=308.146..676.544 rows=984 loops=1)
Gather Merge  (cost=340862.28..340867.88 rows=48 width=131) (actual time=656.984..664.502 rows=42 loops=1)
Gather Merge  (cost=340862.31..340868.15 rows=50 width=131) (actual time=630.628..635.113 rows=84 loops=1)
Gather  (cost=1000.00..340871.51 rows=98 width=21) (actual time=226.617..596.256 rows=312 loops=1)
Gather  (cost=1000.00..340899.81 rows=381 width=21) (actual time=288.593..623.202 rows=672 loops=1)
Gather  (cost=1000.00..340864.51 rows=28 width=140) (actual time=90.693..617.203 rows=24 loops=1)
Gather  (cost=1000.00..340864.41 rows=27 width=21) (actual time=314.154..616.031 rows=90 loops=1)
Gather Merge  (cost=340865.10..340888.66 rows=202 width=131) (actual time=618.933..623.491 rows=316 loops=1)
Gather  (cost=1000.00..340869.21 rows=75 width=140) (actual time=543.740..595.481 rows=44 loops=1)
Gather  (cost=1000.00..340864.41 rows=27 width=140) (actual time=211.775..611.408 rows=78 loops=1)
Gather Merge  (cost=340862.28..340867.88 rows=48 width=131) (actual time=636.493..641.107 rows=42 loops=1)
Gather  (cost=1000.00..340877.61 rows=159 width=21) (actual time=7.965..610.349 rows=160 loops=1)
Gather Merge  (cost=340869.11..340914.38 rows=388 width=131) (actual time=627.448..631.875 rows=457 loops=1)
Gather  (cost=1000.00..340864.41 rows=27 width=21) (actual time=123.472..593.906 rows=36 loops=1)
Gather Merge  (cost=340862.31..340868.15 rows=50 width=131) (actual time=651.782..656.254 rows=274 loops=1)
Gather  (cost=1000.00..340874.71 rows=130 width=21) (actual time=74.301..614.101 rows=44 loops=1)
Gather Merge  (cost=340868.30..340909.37 rows=352 width=131) (actual time=626.213..630.850 rows=411 loops=1)
Gather  (cost=1000.00..340864.31 rows=26 width=21) (actual time=355.149..594.057 rows=96 loops=1)
Gather  (cost=1000.00..340864.41 rows=27 width=21) (actual time=54.431..610.360 rows=52 loops=1)
Gather  (cost=1000.00..340864.31 rows=26 width=21) (actual time=407.313..615.762 rows=48 loops=1)
Gather  (cost=1000.00..340874.61 rows=129 width=140) (actual time=489.392..612.569 rows=459 loops=1)
Gather  (cost=1000.00..340874.61 rows=129 width=403) (actual time=505.535..626.574 rows=459 loops=1)
Gather  (cost=1000.00..340864.41 rows=27 width=21) (actual time=184.807..590.977 rows=48 loops=1)
Gather Merge  (cost=340862.28..340867.88 rows=48 width=131) (actual time=636.719..641.420 rows=42 loops=1)
Gather  (cost=1000.00..340873.01 rows=113 width=140) (actual time=453.973..613.657 rows=130 loops=1)
Gather  (cost=1000.00..340864.31 rows=26 width=21) (actual time=537.377..624.093 rows=40 loops=1)
Gather  (cost=1000.00..340870.31 rows=86 width=140) (actual time=267.440..593.794 rows=76 loops=1)
Gather  (cost=1000.00..340870.41 rows=87 width=140) (actual time=425.201..612.607 rows=69 loops=1)
Gather  (cost=1000.00..340875.61 rows=139 width=140) (actual time=225.979..595.090 rows=252 loops=1)
Gather  (cost=1000.00..340872.91 rows=112 width=21) (actual time=409.906..625.243 rows=123 loops=1)
Gather  (cost=1000.00..340871.81 rows=101 width=21) (actual time=297.514..619.470 rows=160 loops=1)
Gather Merge  (cost=340864.58..340885.11 rows=176 width=131) (actual time=619.341..623.738 rows=135 loops=1)
Gather  (cost=1000.00..340864.41 rows=27 width=140) (actual time=148.909..587.024 rows=45 loops=1)
Gather  (cost=1000.00..340864.41 rows=27 width=403) (actual time=149.078..645.924 rows=45 loops=1)
Gather  (cost=1000.00..340876.41 rows=147 width=21) (actual time=66.195..603.917 rows=66 loops=1)
Gather  (cost=1000.00..340864.41 rows=27 width=21) (actual time=141.313..622.615 rows=54 loops=1)
Gather  (cost=1000.00..340868.21 rows=65 width=21) (actual time=503.616..590.317 rows=108 loops=1)
Gather  (cost=1000.00..340864.41 rows=27 width=21) (actual time=512.763..616.921 rows=54 loops=1)
Gather  (cost=1000.00..340864.41 rows=27 width=140) (actual time=249.108..603.453 rows=33 loops=1)
Gather  (cost=1000.00..340864.41 rows=27 width=140) (actual time=170.646..609.308 rows=72 loops=1)
Gather  (cost=1000.00..340923.31 rows=616 width=140) (actual time=248.292..607.160 rows=1197 loops=1)
Gather  (cost=1000.00..340864.41 rows=27 width=21) (actual time=124.192..610.893 rows=52 loops=1)
Gather  (cost=1000.00..340864.31 rows=26 width=21) (actual time=538.627..589.115 rows=50 loops=1)
Gather  (cost=1000.00..340864.41 rows=27 width=21) (actual time=15.349..646.231 rows=150 loops=1)
Gather Merge  (cost=340862.28..340867.88 rows=48 width=131) (actual time=627.060..631.387 rows=56 loops=1)
Gather Merge  (cost=340862.28..340867.88 rows=48 width=131) (actual time=616.216..620.627 rows=20 loops=1)
Gather  (cost=1000.00..340864.41 rows=27 width=21) (actual time=30.200..590.888 rows=75 loops=1)
Gather  (cost=1000.00..340875.51 rows=138 width=21) (actual time=363.610..610.652 rows=126 loops=1)
Gather Merge  (cost=340862.31..340868.15 rows=50 width=131) (actual time=624.466..628.960 rows=123 loops=1)
Gather  (cost=1000.00..340864.41 rows=27 width=140) (actual time=66.629..619.477 rows=30 loops=1)
Gather  (cost=1000.00..340864.41 rows=27 width=140) (actual time=225.987..605.657 rows=42 loops=1)
Gather  (cost=1000.00..340870.51 rows=88 width=21) (actual time=284.942..596.506 rows=114 loops=1)
Gather  (cost=1000.00..340864.41 rows=27 width=140) (actual time=610.594..619.060 rows=18 loops=1)
Gather  (cost=1000.00..340864.31 rows=26 width=21) (actual time=479.134..648.011 rows=81 loops=1)
Gather  (cost=1000.00..340864.41 rows=27 width=21) (actual time=120.076..624.721 rows=40 loops=1)
Gather  (cost=1000.00..340864.41 rows=27 width=21) (actual time=287.817..615.701 rows=44 loops=1)
Gather Merge  (cost=340862.31..340868.15 rows=50 width=131) (actual time=605.457..609.910 rows=125 loops=1)
Gather Merge  (cost=340863.99..340881.03 rows=146 width=131) (actual time=625.334..629.934 rows=182 loops=1)
Gather  (cost=1000.00..340870.51 rows=88 width=21) (actual time=496.219..624.090 rows=120 loops=1)
Gather Merge  (cost=340864.19..340882.39 rows=156 width=131) (actual time=627.811..632.530 rows=110 loops=1)
Gather Merge  (cost=340864.98..340887.84 rows=196 width=131) (actual time=625.597..630.163 rows=108 loops=1)
Gather  (cost=1000.00..340923.11 rows=614 width=21) (actual time=31.449..594.840 rows=630 loops=1)
Gather  (cost=1000.00..340864.41 rows=27 width=140) (actual time=125.905..639.534 rows=39 loops=1)
Gather Merge  (cost=340862.31..340868.15 rows=50 width=131) (actual time=638.502..643.258 rows=228 loops=1)
Gather Merge  (cost=340862.31..340868.15 rows=50 width=131) (actual time=638.984..643.531 rows=78 loops=1)
Gather Merge  (cost=340862.31..340868.15 rows=50 width=131) (actual time=605.395..610.125 rows=39 loops=1)
Gather  (cost=1000.00..340864.31 rows=26 width=140) (actual time=440.681..597.064 rows=78 loops=1)
Gather  (cost=1000.00..340868.51 rows=68 width=140) (actual time=138.921..658.880 rows=84 loops=1)
Gather  (cost=1000.00..340876.91 rows=152 width=21) (actual time=586.402..618.410 rows=330 loops=1)
Gather  (cost=1000.00..340877.91 rows=162 width=21) (actual time=142.670..608.644 rows=244 loops=1)
Gather  (cost=1000.00..340864.41 rows=27 width=140) (actual time=361.318..592.298 rows=135 loops=1)
Gather Merge  (cost=340862.31..340868.15 rows=50 width=131) (actual time=622.210..626.624 rows=176 loops=1)
Gather  (cost=1000.00..340868.81 rows=71 width=21) (actual time=1.069..607.833 rows=207 loops=1)
Gather  (cost=1000.00..340872.81 rows=111 width=140) (actual time=473.431..629.635 rows=70 loops=1)
Gather  (cost=1000.00..340864.31 rows=26 width=140) (actual time=440.119..608.041 rows=72 loops=1)
Gather  (cost=1000.00..340864.31 rows=26 width=403) (actual time=424.247..592.365 rows=72 loops=1)
Gather  (cost=1000.00..340864.41 rows=27 width=21) (actual time=127.968..586.159 rows=32 loops=1)
Gather  (cost=1000.00..340864.41 rows=27 width=140) (actual time=233.332..643.300 rows=69 loops=1)
Gather  (cost=1000.00..340864.41 rows=27 width=21) (actual time=50.361..614.755 rows=118 loops=1)
Gather Merge  (cost=340862.28..340867.88 rows=48 width=131) (actual time=625.613..630.185 rows=84 loops=1)
Gather  (cost=1000.00..340864.31 rows=26 width=140) (actual time=549.615..606.177 rows=36 loops=1)
Gather  (cost=1000.00..340864.41 rows=27 width=21) (actual time=109.653..611.449 rows=48 loops=1)
Gather  (cost=1000.00..340864.31 rows=26 width=21) (actual time=435.113..610.881 rows=98 loops=1)
Gather  (cost=1000.00..340868.21 rows=65 width=21) (actual time=601.811..616.431 rows=38 loops=1)
Gather Merge  (cost=340862.31..340868.15 rows=50 width=131) (actual time=617.456..639.883 rows=20 loops=1)
Gather  (cost=1000.00..340898.81 rows=371 width=21) (actual time=105.895..590.038 rows=658 loops=1)
Gather Merge  (cost=340862.28..340867.88 rows=48 width=131) (actual time=639.939..644.666 rows=100 loops=1)
Gather Merge  (cost=340867.33..340903.27 rows=308 width=131) (actual time=619.504..624.521 rows=268 loops=1)
Gather  (cost=1000.00..340864.31 rows=26 width=21) (actual time=430.597..638.104 rows=50 loops=1)
Gather  (cost=1000.00..340872.71 rows=110 width=21) (actual time=393.993..591.783 rows=120 loops=1)
Gather Merge  (cost=340862.31..340868.15 rows=50 width=131) (actual time=599.572..604.222 rows=74 loops=1)
Gather Merge  (cost=340862.28..340867.88 rows=48 width=131) (actual time=620.722..625.211 rows=186 loops=1)
Gather Merge  (cost=340862.31..340868.15 rows=50 width=131) (actual time=627.892..632.454 rows=111 loops=1)
Gather  (cost=1000.00..340898.61 rows=369 width=21) (actual time=26.074..608.506 rows=315 loops=1)
Gather  (cost=1000.00..340864.41 rows=27 width=21) (actual time=275.701..610.935 rows=72 loops=1)
Gather  (cost=1000.00..340924.11 rows=624 width=21) (actual time=42.434..589.859 rows=427 loops=1)
Gather  (cost=1000.00..340864.31 rows=26 width=21) (actual time=433.204..627.899 rows=56 loops=1)
Gather  (cost=1000.00..340872.51 rows=108 width=21) (actual time=152.805..624.262 rows=176 loops=1)
Gather Merge  (cost=340862.28..340867.88 rows=48 width=131) (actual time=648.793..653.264 rows=104 loops=1)
Gather  (cost=1000.00..340923.41 rows=617 width=140) (actual time=116.588..615.581 rows=826 loops=1)
Gather  (cost=1000.00..340876.91 rows=152 width=21) (actual time=561.527..593.683 rows=330 loops=1)
Gather  (cost=1000.00..340864.41 rows=27 width=21) (actual time=253.917..631.744 rows=38 loops=1)
Gather  (cost=1000.00..340899.81 rows=381 width=21) (actual time=221.455..626.616 rows=486 loops=1)
Gather  (cost=1000.00..340864.41 rows=27 width=21) (actual time=655.988..671.434 rows=125 loops=1)
Gather  (cost=1000.00..340864.51 rows=28 width=21) (actual time=79.942..611.435 rows=90 loops=1)
Gather  (cost=1000.00..340864.41 rows=27 width=21) (actual time=588.836..598.286 rows=52 loops=1)
Gather  (cost=1000.00..340864.41 rows=27 width=21) (actual time=37.122..668.351 rows=74 loops=1)
Gather Merge  (cost=340862.28..340867.88 rows=48 width=131) (actual time=729.860..734.726 rows=465 loops=1)
Gather  (cost=1000.00..340864.41 rows=27 width=21) (actual time=580.539..698.778 rows=80 loops=1)
Gather  (cost=1000.00..340864.41 rows=27 width=140) (actual time=302.863..600.670 rows=42 loops=1)
Gather  (cost=1000.00..340883.71 rows=220 width=140) (actual time=178.113..626.515 rows=312 loops=1)
Gather  (cost=1000.00..340899.41 rows=377 width=21) (actual time=186.288..614.965 rows=400 loops=1)
Gather  (cost=1000.00..340864.31 rows=26 width=21) (actual time=479.808..659.236 rows=58 loops=1)
Gather Merge  (cost=340862.31..340868.15 rows=50 width=131) (actual time=627.496..631.944 rows=76 loops=1)
Gather  (cost=1000.00..340864.31 rows=26 width=21) (actual time=528.172..598.193 rows=36 loops=1)
Gather Merge  (cost=340862.31..340868.15 rows=50 width=131) (actual time=646.737..651.100 rows=18 loops=1)
Gather Merge  (cost=340862.28..340867.88 rows=48 width=131) (actual time=696.419..701.323 rows=36 loops=1)
Gather  (cost=1000.00..340864.41 rows=27 width=21) (actual time=325.680..631.560 rows=46 loops=1)
Gather  (cost=1000.00..340864.41 rows=27 width=21) (actual time=612.071..629.918 rows=50 loops=1)
Gather  (cost=1000.00..340864.41 rows=27 width=140) (actual time=367.682..589.818 rows=108 loops=1)
Gather  (cost=1000.00..340864.31 rows=26 width=21) (actual time=601.675..637.203 rows=50 loops=1)
Gather Merge  (cost=340868.70..340911.87 rows=370 width=131) (actual time=692.553..699.166 rows=467 loops=1)
Gather Merge  (cost=340862.28..340867.88 rows=48 width=131) (actual time=687.445..692.072 rows=55 loops=1)
Gather  (cost=1000.00..340864.41 rows=27 width=140) (actual time=280.254..602.888 rows=18 loops=1)
Gather  (cost=1000.00..340864.41 rows=27 width=403) (actual time=281.698..592.649 rows=18 loops=1)
Gather  (cost=1000.00..340864.41 rows=27 width=140) (actual time=20.188..685.454 rows=48 loops=1)
Gather  (cost=1000.00..340864.51 rows=28 width=21) (actual time=105.965..661.076 rows=40 loops=1)
Gather  (cost=1000.00..340864.31 rows=26 width=21) (actual time=362.763..623.535 rows=56 loops=1)
Gather  (cost=1000.00..340864.31 rows=26 width=21) (actual time=478.269..607.646 rows=82 loops=1)
Gather Merge  (cost=340862.31..340868.15 rows=50 width=131) (actual time=654.241..659.409 rows=27 loops=1)
Gather  (cost=1000.00..340864.41 rows=27 width=21) (actual time=283.543..615.586 rows=114 loops=1)
Gather  (cost=1000.00..340864.31 rows=26 width=21) (actual time=506.124..659.008 rows=58 loops=1)
Gather  (cost=1000.00..340877.41 rows=157 width=21) (actual time=262.912..604.498 rows=261 loops=1)
Gather  (cost=1000.00..340864.41 rows=27 width=21) (actual time=388.132..617.537 rows=72 loops=1)
Gather  (cost=1000.00..340864.41 rows=27 width=21) (actual time=378.166..618.770 rows=90 loops=1)
Gather  (cost=1000.00..340864.51 rows=28 width=140) (actual time=97.972..645.040 rows=42 loops=1)
Gather  (cost=1000.00..340864.41 rows=27 width=21) (actual time=228.198..663.886 rows=54 loops=1)
Gather Merge  (cost=340869.83..340918.84 rows=420 width=131) (actual time=624.309..628.977 rows=347 loops=1)
Gather  (cost=1000.00..340864.31 rows=26 width=21) (actual time=564.786..593.173 rows=84 loops=1)
Gather  (cost=1000.00..340883.01 rows=213 width=21) (actual time=299.578..623.447 rows=100 loops=1)
Gather Merge  (cost=340864.07..340881.57 rows=150 width=131) (actual time=625.706..630.652 rows=210 loops=1)
Gather  (cost=1000.00..340879.81 rows=181 width=403) (actual time=529.862..622.104 rows=210 loops=1)
Gather  (cost=1000.00..340868.11 rows=64 width=21) (actual time=233.702..616.539 rows=42 loops=1)
Gather Merge  (cost=340862.28..340867.88 rows=48 width=131) (actual time=604.569..609.155 rows=163 loops=1)
Gather  (cost=1000.00..340864.31 rows=26 width=140) (actual time=430.361..636.870 rows=69 loops=1)
Gather Merge  (cost=340862.28..340867.88 rows=48 width=131) (actual time=623.595..628.405 rows=159 loops=1)
Gather  (cost=1000.00..340868.41 rows=67 width=21) (actual time=452.734..619.195 rows=75 loops=1)
Gather Merge  (cost=340862.28..340867.88 rows=48 width=131) (actual time=623.264..627.781 rows=92 loops=1)
Gather  (cost=1000.00..340864.31 rows=26 width=140) (actual time=519.937..595.138 rows=45 loops=1)
Gather  (cost=1000.00..340864.41 rows=27 width=140) (actual time=593.522..613.026 rows=92 loops=1)
Gather  (cost=1000.00..340869.51 rows=78 width=140) (actual time=580.576..621.574 rows=24 loops=1)
Gather  (cost=1000.00..340864.41 rows=27 width=21) (actual time=119.906..618.178 rows=44 loops=1)
Gather  (cost=1000.00..340864.31 rows=26 width=21) (actual time=410.605..609.717 rows=52 loops=1)
Gather  (cost=1000.00..340864.31 rows=26 width=21) (actual time=470.740..591.941 rows=46 loops=1)
Gather Merge  (cost=340862.31..340868.15 rows=50 width=131) (actual time=625.587..630.276 rows=52 loops=1)
Gather  (cost=1000.00..340864.31 rows=26 width=140) (actual time=356.322..617.371 rows=40 loops=1)
Gather  (cost=1000.00..340864.31 rows=26 width=403) (actual time=347.371..617.347 rows=40 loops=1)
Gather Merge  (cost=340864.19..340882.39 rows=156 width=131) (actual time=618.142..622.726 rows=110 loops=1)
Gather Merge  (cost=340862.31..340868.15 rows=50 width=131) (actual time=599.986..604.591 rows=115 loops=1)
Gather  (cost=1000.00..340864.41 rows=27 width=140) (actual time=42.792..604.298 rows=50 loops=1)
Gather  (cost=1000.00..340864.41 rows=27 width=21) (actual time=396.169..621.839 rows=52 loops=1)
Gather Merge  (cost=340862.28..340867.88 rows=48 width=131) (actual time=622.085..626.797 rows=89 loops=1)
Gather  (cost=1000.00..340864.41 rows=27 width=140) (actual time=180.692..613.375 rows=45 loops=1)
Gather Merge  (cost=340865.38..340890.58 rows=216 width=131) (actual time=598.659..603.264 rows=96 loops=1)
Gather  (cost=1000.00..340879.21 rows=175 width=21) (actual time=276.987..629.719 rows=136 loops=1)
Gather  (cost=1000.00..340864.41 rows=27 width=21) (actual time=381.165..610.151 rows=40 loops=1)
Gather  (cost=1000.00..340864.41 rows=27 width=140) (actual time=221.262..600.178 rows=65 loops=1)
Gather  (cost=1000.00..340868.81 rows=71 width=21) (actual time=274.920..602.596 rows=106 loops=1)
Gather Merge  (cost=340862.28..340867.88 rows=48 width=131) (actual time=600.171..604.780 rows=98 loops=1)
Gather Merge  (cost=340862.28..340867.88 rows=48 width=131) (actual time=641.126..645.937 rows=16 loops=1)
Gather  (cost=1000.00..340870.31 rows=86 width=140) (actual time=582.984..613.202 rows=57 loops=1)
Gather  (cost=1000.00..340875.81 rows=141 width=21) (actual time=580.054..623.441 rows=213 loops=1)
Gather Merge  (cost=340862.28..340867.88 rows=48 width=131) (actual time=603.505..608.155 rows=60 loops=1)
Gather Merge  (cost=340864.15..340882.11 rows=154 width=131) (actual time=602.169..606.818 rows=156 loops=1)
Gather  (cost=1000.00..340874.31 rows=126 width=21) (actual time=65.568..608.298 rows=180 loops=1)
Gather  (cost=1000.00..340864.31 rows=26 width=21) (actual time=367.720..631.036 rows=40 loops=1)
Gather Merge  (cost=340862.31..340868.15 rows=50 width=131) (actual time=627.132..631.664 rows=70 loops=1)
Gather  (cost=1000.00..340875.61 rows=139 width=140) (actual time=221.125..616.535 rows=252 loops=1)
Gather Merge  (cost=340862.31..340868.15 rows=50 width=131) (actual time=604.409..608.918 rows=52 loops=1)
Gather  (cost=1000.00..340864.31 rows=26 width=21) (actual time=328.650..640.828 rows=44 loops=1)
Gather  (cost=1000.00..340864.41 rows=27 width=140) (actual time=151.805..607.192 rows=60 loops=1)
Gather  (cost=1000.00..340864.41 rows=27 width=21) (actual time=191.900..624.109 rows=38 loops=1)
Gather  (cost=1000.00..340864.41 rows=27 width=21) (actual time=112.223..589.642 rows=56 loops=1)
Gather Merge  (cost=340862.28..340867.88 rows=48 width=131) (actual time=625.135..629.755 rows=45 loops=1)
Gather  (cost=1000.00..340864.31 rows=26 width=140) (actual time=300.323..588.079 rows=87 loops=1)
Gather  (cost=1000.00..340864.31 rows=26 width=21) (actual time=492.149..640.168 rows=48 loops=1)
Gather  (cost=1000.00..340864.41 rows=27 width=21) (actual time=175.488..609.723 rows=44 loops=1)
Gather Merge  (cost=340862.31..340868.15 rows=50 width=131) (actual time=628.061..632.513 rows=70 loops=1)
Gather  (cost=1000.00..340878.11 rows=164 width=21) (actual time=85.888..588.864 rows=261 loops=1)
Gather Merge  (cost=340862.31..340868.15 rows=50 width=131) (actual time=627.850..632.608 rows=20 loops=1)
Gather  (cost=1000.00..340864.31 rows=26 width=21) (actual time=428.288..603.975 rows=44 loops=1)
Gather  (cost=1000.00..340864.41 rows=27 width=21) (actual time=345.873..649.312 rows=30 loops=1)
Gather Merge  (cost=340862.28..340867.88 rows=48 width=131) (actual time=615.996..620.263 rows=20 loops=1)
Gather  (cost=1000.00..340864.41 rows=27 width=140) (actual time=529.699..619.556 rows=48 loops=1)
Gather  (cost=1000.00..340864.41 rows=27 width=403) (actual time=500.357..589.696 rows=48 loops=1)
Gather Merge  (cost=340863.96..340880.76 rows=144 width=131) (actual time=630.052..634.595 rows=221 loops=1)
Gather  (cost=1000.00..340864.41 rows=27 width=21) (actual time=38.186..605.382 rows=50 loops=1)
Gather  (cost=1000.00..340864.31 rows=26 width=21) (actual time=380.583..623.884 rows=46 loops=1)
Gather  (cost=1000.00..340864.41 rows=27 width=21) (actual time=257.138..613.908 rows=81 loops=1)
Gather  (cost=1000.00..340864.31 rows=26 width=140) (actual time=419.182..618.361 rows=45 loops=1)
Gather  (cost=1000.00..340864.41 rows=27 width=140) (actual time=364.125..590.021 rows=45 loops=1)
Gather  (cost=1000.00..340923.21 rows=615 width=140) (actual time=370.412..624.467 rows=504 loops=1)
Gather Merge  (cost=340862.28..340867.88 rows=48 width=131) (actual time=613.383..618.180 rows=18 loops=1)
Gather  (cost=1000.00..340864.31 rows=26 width=403) (actual time=595.925..639.175 rows=18 loops=1)
Gather Merge  (cost=340862.31..340868.15 rows=50 width=131) (actual time=635.931..641.043 rows=33 loops=1)
Gather  (cost=1000.00..340864.41 rows=27 width=140) (actual time=371.379..594.841 rows=45 loops=1)
Gather Merge  (cost=340862.31..340868.15 rows=50 width=131) (actual time=620.053..624.917 rows=92 loops=1)
Gather Merge  (cost=340862.31..340868.15 rows=50 width=131) (actual time=603.747..608.450 rows=393 loops=1)
Gather  (cost=1000.00..340864.41 rows=27 width=21) (actual time=143.040..619.260 rows=116 loops=1)
Gather Merge  (cost=340862.31..340868.15 rows=50 width=131) (actual time=618.829..623.508 rows=39 loops=1)
Gather  (cost=1000.00..340864.31 rows=26 width=140) (actual time=408.911..627.292 rows=18 loops=1)
Gather  (cost=1000.00..340876.71 rows=150 width=21) (actual time=382.878..590.022 rows=288 loops=1)
Gather  (cost=1000.00..340876.21 rows=145 width=140) (actual time=102.388..614.043 rows=210 loops=1)
Gather  (cost=1000.00..340922.51 rows=608 width=21) (actual time=416.629..591.637 rows=636 loops=1)
Gather  (cost=1000.00..340877.71 rows=160 width=21) (actual time=368.122..626.343 rows=126 loops=1)
Gather  (cost=1000.00..340864.41 rows=27 width=140) (actual time=52.619..633.174 rows=30 loops=1)
Gather  (cost=1000.00..340864.41 rows=27 width=21) (actual time=494.176..606.639 rows=48 loops=1)
Gather  (cost=1000.00..340864.41 rows=27 width=21) (actual time=113.969..591.294 rows=50 loops=1)
Gather Merge  (cost=340862.28..340867.88 rows=48 width=131) (actual time=669.476..674.116 rows=77 loops=1)
Gather Merge  (cost=340862.31..340868.15 rows=50 width=131) (actual time=615.877..620.754 rows=140 loops=1)
Gather  (cost=1000.00..340875.91 rows=142 width=140) (actual time=258.323..637.859 rows=116 loops=1)
Gather Merge  (cost=340862.31..340868.15 rows=50 width=131) (actual time=600.065..604.828 rows=56 loops=1)
Gather  (cost=1000.00..340883.01 rows=213 width=21) (actual time=342.375..622.928 rows=111 loops=1)
Gather  (cost=1000.00..340876.11 rows=144 width=140) (actual time=43.742..614.964 rows=114 loops=1)
Gather Merge  (cost=340862.28..340867.88 rows=48 width=131) (actual time=627.321..632.154 rows=45 loops=1)
Gather Merge  (cost=340862.31..340868.15 rows=50 width=131) (actual time=617.482..621.943 rows=33 loops=1)
Gather Merge  (cost=340862.28..340867.88 rows=48 width=131) (actual time=623.893..628.263 rows=28 loops=1)
Gather  (cost=1000.00..340924.11 rows=624 width=140) (actual time=234.978..590.070 rows=567 loops=1)
Gather  (cost=1000.00..340878.51 rows=168 width=21) (actual time=175.175..646.456 rows=280 loops=1)
Gather Merge  (cost=340862.28..340867.88 rows=48 width=131) (actual time=626.095..630.593 rows=45 loops=1)
Gather Merge  (cost=340862.28..340867.88 rows=48 width=131) (actual time=631.330..635.909 rows=135 loops=1)
Gather  (cost=1000.00..340864.41 rows=27 width=140) (actual time=576.866..591.474 rows=30 loops=1)
Gather Merge  (cost=340870.76..340924.43 rows=460 width=131) (actual time=620.206..624.646 rows=502 loops=1)
Gather  (cost=1000.00..340870.11 rows=84 width=21) (actual time=57.110..613.771 rows=66 loops=1)
Gather Merge  (cost=340862.28..340867.88 rows=48 width=131) (actual time=621.448..626.382 rows=110 loops=1)
Gather  (cost=1000.00..340864.31 rows=26 width=140) (actual time=572.727..608.994 rows=60 loops=1)
Gather  (cost=1000.00..340864.41 rows=27 width=140) (actual time=566.040..587.719 rows=33 loops=1)
Gather  (cost=1000.00..340864.31 rows=26 width=140) (actual time=451.639..605.087 rows=24 loops=1)
Gather  (cost=1000.00..340871.01 rows=93 width=21) (actual time=81.415..615.081 rows=84 loops=1)
Gather  (cost=1000.00..340864.31 rows=26 width=140) (actual time=461.295..631.170 rows=56 loops=1)
Gather Merge  (cost=340862.31..340868.15 rows=50 width=131) (actual time=633.283..637.808 rows=54 loops=1)
Gather  (cost=1000.00..340864.41 rows=27 width=403) (actual time=104.187..591.401 rows=24 loops=1)
Gather  (cost=1000.00..340864.41 rows=27 width=140) (actual time=170.244..630.213 rows=27 loops=1)
Gather  (cost=1000.00..340878.71 rows=170 width=21) (actual time=99.427..606.951 rows=81 loops=1)
Gather  (cost=1000.00..340864.51 rows=28 width=21) (actual time=85.260..620.946 rows=52 loops=1)
Gather  (cost=1000.00..340864.31 rows=26 width=140) (actual time=527.042..590.696 rows=42 loops=1)
Gather  (cost=1000.00..340864.31 rows=26 width=21) (actual time=443.045..590.984 rows=114 loops=1)
Gather  (cost=1000.00..340864.51 rows=28 width=21) (actual time=78.496..619.488 rows=72 loops=1)
Gather Merge  (cost=340862.28..340867.88 rows=48 width=131) (actual time=620.616..625.206 rows=28 loops=1)
Gather  (cost=1000.00..340864.41 rows=27 width=21) (actual time=502.657..613.132 rows=58 loops=1)
Gather  (cost=1000.00..340876.61 rows=149 width=21) (actual time=209.958..611.087 rows=76 loops=1)
Gather Merge  (cost=340862.31..340868.15 rows=50 width=131) (actual time=601.423..605.879 rows=39 loops=1)
Gather  (cost=1000.00..340864.31 rows=26 width=21) (actual time=561.141..620.276 rows=60 loops=1)
Gather Merge  (cost=340862.28..340867.88 rows=48 width=131) (actual time=627.135..631.955 rows=44 loops=1)
Gather  (cost=1000.00..340864.41 rows=27 width=140) (actual time=196.053..621.458 rows=18 loops=1)
Gather Merge  (cost=340862.28..340867.88 rows=48 width=131) (actual time=616.702..621.738 rows=45 loops=1)
Gather  (cost=1000.00..340864.41 rows=27 width=21) (actual time=582.685..595.177 rows=58 loops=1)
Gather  (cost=1000.00..340864.41 rows=27 width=140) (actual time=145.843..625.358 rows=45 loops=1)
Gather  (cost=1000.00..340868.21 rows=65 width=140) (actual time=255.478..621.390 rows=51 loops=1)
Gather Merge  (cost=340869.70..340918.00 rows=414 width=131) (actual time=641.481..646.196 rows=652 loops=1)
Gather  (cost=1000.00..340864.51 rows=28 width=21) (actual time=89.632..590.369 rows=48 loops=1)
Gather Merge  (cost=340862.28..340867.88 rows=48 width=131) (actual time=620.841..625.481 rows=42 loops=1)
Gather  (cost=1000.00..340874.71 rows=130 width=21) (actual time=518.168..609.704 rows=171 loops=1)
Gather Merge  (cost=340862.28..340867.88 rows=48 width=131) (actual time=626.861..631.906 rows=139 loops=1)
Gather  (cost=1000.00..340864.41 rows=27 width=21) (actual time=314.366..624.543 rows=68 loops=1)
Gather  (cost=1000.00..340876.61 rows=149 width=21) (actual time=213.105..592.240 rows=140 loops=1)
Gather  (cost=1000.00..340864.41 rows=27 width=140) (actual time=581.073..592.293 rows=42 loops=1)
Gather  (cost=1000.00..340864.41 rows=27 width=140) (actual time=532.945..637.102 rows=42 loops=1)
Gather Merge  (cost=340862.31..340868.15 rows=50 width=131) (actual time=630.523..635.226 rows=44 loops=1)
Gather  (cost=1000.00..340883.31 rows=216 width=21) (actual time=230.987..613.436 rows=104 loops=1)
Gather  (cost=1000.00..340875.81 rows=141 width=21) (actual time=519.007..585.281 rows=236 loops=1)
Gather  (cost=1000.00..340864.51 rows=28 width=21) (actual time=92.749..618.414 rows=76 loops=1)
Gather  (cost=1000.00..340864.31 rows=26 width=21) (actual time=566.509..607.903 rows=46 loops=1)
Gather Merge  (cost=340862.31..340868.15 rows=50 width=131) (actual time=633.125..637.566 rows=76 loops=1)
Gather  (cost=1000.00..340864.31 rows=26 width=21) (actual time=472.870..622.738 rows=100 loops=1)
Gather  (cost=1000.00..340864.41 rows=27 width=21) (actual time=284.418..603.950 rows=48 loops=1)
Gather  (cost=1000.00..340864.51 rows=28 width=140) (actual time=72.115..622.331 rows=42 loops=1)
Gather  (cost=1000.00..340868.41 rows=67 width=140) (actual time=208.065..618.601 rows=120 loops=1)
Gather  (cost=1000.00..340876.51 rows=148 width=21) (actual time=34.230..628.083 rows=68 loops=1)
Gather  (cost=1000.00..340864.41 rows=27 width=21) (actual time=513.794..614.497 rows=48 loops=1)
Gather  (cost=1000.00..340864.41 rows=27 width=21) (actual time=184.339..593.575 rows=48 loops=1)
Gather  (cost=1000.00..340864.31 rows=26 width=21) (actual time=420.186..635.877 rows=76 loops=1)
Gather  (cost=1000.00..340868.31 rows=66 width=21) (actual time=191.167..622.313 rows=57 loops=1)
Gather Merge  (cost=340862.28..340867.88 rows=48 width=131) (actual time=625.255..629.917 rows=24 loops=1)
Gather  (cost=1000.00..340864.41 rows=27 width=21) (actual time=110.585..618.742 rows=75 loops=1)
Gather Merge  (cost=340867.33..340903.27 rows=308 width=131) (actual time=620.442..624.902 rows=268 loops=1)
Gather  (cost=1000.00..340864.31 rows=26 width=21) (actual time=440.650..623.832 rows=84 loops=1)
Gather  (cost=1000.00..340864.41 rows=27 width=21) (actual time=262.656..621.220 rows=42 loops=1)
Gather Merge  (cost=340862.28..340867.88 rows=48 width=131) (actual time=626.669..631.174 rows=42 loops=1)
Gather Merge  (cost=340862.31..340868.15 rows=50 width=131) (actual time=616.100..620.604 rows=48 loops=1)
Gather  (cost=1000.00..340864.31 rows=26 width=140) (actual time=402.808..591.052 rows=21 loops=1)
Gather  (cost=1000.00..340869.21 rows=75 width=21) (actual time=154.219..613.461 rows=86 loops=1)
Gather  (cost=1000.00..340864.31 rows=26 width=140) (actual time=451.435..620.719 rows=78 loops=1)
Gather  (cost=1000.00..340876.91 rows=152 width=21) (actual time=76.574..616.600 rows=122 loops=1)
Gather Merge  (cost=340862.28..340867.88 rows=48 width=131) (actual time=615.515..620.024 rows=57 loops=1)
Gather Merge  (cost=340870.76..340924.43 rows=460 width=131) (actual time=601.522..606.148 rows=207 loops=1)
Gather Merge  (cost=340862.28..340867.88 rows=48 width=131) (actual time=622.770..627.490 rows=66 loops=1)
Gather Merge  (cost=340862.28..340867.88 rows=48 width=131) (actual time=628.389..633.062 rows=35 loops=1)
Gather  (cost=1000.00..340864.31 rows=26 width=21) (actual time=492.888..610.750 rows=162 loops=1)
Gather  (cost=1000.00..340864.41 rows=27 width=21) (actual time=111.168..620.812 rows=69 loops=1)
Gather  (cost=1000.00..340872.61 rows=109 width=21) (actual time=524.268..590.003 rows=208 loops=1)
Gather  (cost=1000.00..340924.91 rows=632 width=140) (actual time=132.045..612.695 rows=483 loops=1)
Gather  (cost=1000.00..340924.91 rows=632 width=403) (actual time=130.532..614.082 rows=483 loops=1)
Gather  (cost=1000.00..340864.41 rows=27 width=21) (actual time=126.252..627.365 rows=56 loops=1)
Gather  (cost=1000.00..340864.31 rows=26 width=140) (actual time=411.947..611.688 rows=36 loops=1)
Gather Merge  (cost=340871.64..340929.75 rows=498 width=131) (actual time=599.659..604.057 rows=397 loops=1)
Gather  (cost=1000.00..340864.31 rows=26 width=403) (actual time=578.938..627.676 rows=39 loops=1)
Gather  (cost=1000.00..340864.41 rows=27 width=21) (actual time=593.773..609.451 rows=56 loops=1)
Gather Merge  (cost=340862.31..340868.15 rows=50 width=131) (actual time=633.873..638.400 rows=86 loops=1)
Gather  (cost=1000.00..340877.61 rows=159 width=140) (actual time=7.685..588.227 rows=160 loops=1)
Gather  (cost=1000.00..340864.41 rows=27 width=21) (actual time=191.923..608.020 rows=52 loops=1)
Gather Merge  (cost=340862.28..340867.88 rows=48 width=131) (actual time=603.385..607.830 rows=27 loops=1)
Gather  (cost=1000.00..340864.41 rows=27 width=21) (actual time=204.163..625.857 rows=38 loops=1)
Gather Merge  (cost=340862.28..340867.88 rows=48 width=131) (actual time=623.920..628.694 rows=39 loops=1)
Gather  (cost=1000.00..340864.31 rows=26 width=403) (actual time=346.227..613.366 rows=39 loops=1)
Gather  (cost=1000.00..340864.31 rows=26 width=21) (actual time=300.944..588.123 rows=111 loops=1)
Gather Merge  (cost=340862.28..340867.88 rows=48 width=131) (actual time=659.355..663.861 rows=44 loops=1)
Gather Merge  (cost=340864.30..340883.20 rows=162 width=131) (actual time=614.975..623.245 rows=131 loops=1)
Gather  (cost=1000.00..340864.41 rows=27 width=21) (actual time=174.349..614.941 rows=84 loops=1)
Gather  (cost=1000.00..340864.41 rows=27 width=21) (actual time=482.175..589.520 rows=66 loops=1)
Gather  (cost=1000.00..340864.41 rows=27 width=140) (actual time=56.061..614.136 rows=45 loops=1)
Gather  (cost=1000.00..340875.81 rows=141 width=21) (actual time=49.969..601.655 rows=183 loops=1)
Gather  (cost=1000.00..340864.31 rows=26 width=21) (actual time=560.404..617.399 rows=50 loops=1)
Gather  (cost=1000.00..340867.81 rows=61 width=140) (actual time=438.263..608.850 rows=21 loops=1)
Gather  (cost=1000.00..340864.31 rows=26 width=21) (actual time=438.860..617.182 rows=56 loops=1)
Gather  (cost=1000.00..340864.31 rows=26 width=140) (actual time=517.652..587.822 rows=18 loops=1)
Gather  (cost=1000.00..340864.31 rows=26 width=403) (actual time=595.190..666.958 rows=18 loops=1)
Gather  (cost=1000.00..340864.41 rows=27 width=21) (actual time=125.308..606.447 rows=52 loops=1)
Gather  (cost=1000.00..340864.41 rows=27 width=140) (actual time=386.176..611.978 rows=33 loops=1)
Gather Merge  (cost=340862.28..340867.88 rows=48 width=131) (actual time=600.337..604.713 rows=465 loops=1)
Gather  (cost=1000.00..340864.31 rows=26 width=21) (actual time=372.287..624.090 rows=38 loops=1)
Gather Merge  (cost=340862.31..340868.15 rows=50 width=131) (actual time=620.785..625.727 rows=84 loops=1)
Gather  (cost=1000.00..340864.31 rows=26 width=140) (actual time=335.049..621.319 rows=36 loops=1)
Gather Merge  (cost=340862.28..340867.88 rows=48 width=131) (actual time=640.606..645.459 rows=81 loops=1)
Gather  (cost=1000.00..340864.41 rows=27 width=403) (actual time=245.669..590.029 rows=81 loops=1)
Gather Merge  (cost=340864.46..340884.29 rows=170 width=131) (actual time=637.717..643.530 rows=388 loops=1)
Gather  (cost=1000.00..340864.31 rows=26 width=403) (actual time=572.610..615.194 rows=24 loops=1)
Gather  (cost=1000.00..340864.31 rows=26 width=21) (actual time=368.280..625.289 rows=42 loops=1)
Gather  (cost=1000.00..340864.41 rows=27 width=140) (actual time=10.243..589.957 rows=45 loops=1)
Gather Merge  (cost=340862.31..340868.15 rows=50 width=131) (actual time=621.727..626.454 rows=103 loops=1)
Gather  (cost=1000.00..340864.31 rows=26 width=21) (actual time=475.743..591.208 rows=75 loops=1)
Gather  (cost=1000.00..340864.41 rows=27 width=21) (actual time=219.297..620.212 rows=108 loops=1)
Gather Merge  (cost=340862.28..340867.88 rows=48 width=131) (actual time=628.861..633.431 rows=114 loops=1)
Gather  (cost=1000.00..340864.41 rows=27 width=21) (actual time=63.639..613.157 rows=50 loops=1)
Gather  (cost=1000.00..340864.31 rows=26 width=21) (actual time=520.845..589.489 rows=56 loops=1)
Gather  (cost=1000.00..340864.41 rows=27 width=21) (actual time=279.879..662.369 rows=42 loops=1)
Gather  (cost=1000.00..340873.11 rows=114 width=21) (actual time=390.073..604.894 rows=208 loops=1)
Gather  (cost=1000.00..340864.41 rows=27 width=140) (actual time=64.835..619.921 rows=27 loops=1)
Gather  (cost=1000.00..340864.41 rows=27 width=403) (actual time=57.109..588.833 rows=27 loops=1)
Gather  (cost=1000.00..340864.51 rows=28 width=140) (actual time=97.018..598.719 rows=60 loops=1)
Gather  (cost=1000.00..340864.31 rows=26 width=140) (actual time=454.478..620.519 rows=24 loops=1)
Gather  (cost=1000.00..340864.41 rows=27 width=21) (actual time=516.932..622.802 rows=52 loops=1)
Gather  (cost=1000.00..340864.41 rows=27 width=21) (actual time=215.440..617.557 rows=58 loops=1)
Gather Merge  (cost=340862.28..340867.88 rows=48 width=131) (actual time=642.726..647.213 rows=60 loops=1)
Gather  (cost=1000.00..340871.31 rows=96 width=140) (actual time=384.459..638.517 rows=92 loops=1)
Gather  (cost=1000.00..340864.41 rows=27 width=21) (actual time=331.763..685.113 rows=48 loops=1)
Gather  (cost=1000.00..340864.31 rows=26 width=21) (actual time=336.667..628.179 rows=50 loops=1)
Gather Merge  (cost=340864.15..340882.11 rows=154 width=131) (actual time=628.998..633.629 rows=180 loops=1)
Gather  (cost=1000.00..340864.41 rows=27 width=21) (actual time=262.375..594.856 rows=40 loops=1)
Gather Merge  (cost=340862.31..340868.15 rows=50 width=131) (actual time=618.521..623.088 rows=63 loops=1)
Gather  (cost=1000.00..340864.41 rows=27 width=403) (actual time=177.413..640.040 rows=36 loops=1)
Gather  (cost=1000.00..340875.81 rows=141 width=140) (actual time=57.221..619.204 rows=56 loops=1)
Gather Merge  (cost=340862.31..340868.15 rows=50 width=131) (actual time=634.124..638.744 rows=54 loops=1)
Gather  (cost=1000.00..340875.81 rows=141 width=403) (actual time=52.112..589.319 rows=56 loops=1)
Gather Merge  (cost=340862.28..340867.88 rows=48 width=131) (actual time=679.663..684.297 rows=33 loops=1)
Gather  (cost=1000.00..340864.41 rows=27 width=403) (actual time=515.166..625.807 rows=33 loops=1)
Gather  (cost=1000.00..340876.91 rows=152 width=21) (actual time=74.113..612.500 rows=122 loops=1)
Gather Merge  (cost=340862.28..340867.88 rows=48 width=131) (actual time=600.457..604.748 rows=40 loops=1)
Gather  (cost=1000.00..340864.31 rows=26 width=403) (actual time=558.717..617.569 rows=40 loops=1)
Gather Merge  (cost=340862.28..340867.88 rows=48 width=131) (actual time=610.267..614.909 rows=42 loops=1)
Gather  (cost=1000.00..340864.31 rows=26 width=21) (actual time=598.474..630.174 rows=56 loops=1)
Gather  (cost=1000.00..340864.31 rows=26 width=21) (actual time=430.213..624.339 rows=54 loops=1)
Gather Merge  (cost=340862.28..340867.88 rows=48 width=131) (actual time=606.503..611.171 rows=44 loops=1)
Gather Merge  (cost=340862.28..340867.88 rows=48 width=131) (actual time=602.225..606.823 rows=96 loops=1)
Gather Merge  (cost=340864.11..340881.84 rows=152 width=131) (actual time=660.364..664.942 rows=108 loops=1)
Gather  (cost=1000.00..340880.01 rows=183 width=403) (actual time=47.331..617.181 rows=108 loops=1)
Gather  (cost=1000.00..340878.91 rows=172 width=21) (actual time=190.341..611.300 rows=68 loops=1)
Gather Merge  (cost=340862.31..340868.15 rows=50 width=131) (actual time=598.965..603.894 rows=82 loops=1)
Gather  (cost=1000.00..340877.41 rows=157 width=21) (actual time=253.563..612.233 rows=240 loops=1)
Gather  (cost=1000.00..340864.51 rows=28 width=21) (actual time=89.692..633.726 rows=46 loops=1)
Gather  (cost=1000.00..340922.21 rows=605 width=21) (actual time=473.543..635.017 rows=332 loops=1)
Gather  (cost=1000.00..340864.41 rows=27 width=21) (actual time=37.055..622.019 rows=42 loops=1)
Gather  (cost=1000.00..340878.91 rows=172 width=140) (actual time=444.254..595.719 rows=376 loops=1)
Gather  (cost=1000.00..340864.31 rows=26 width=140) (actual time=336.598..617.605 rows=39 loops=1)
Gather  (cost=1000.00..340864.31 rows=26 width=21) (actual time=495.024..620.640 rows=48 loops=1)
Gather Merge  (cost=340862.28..340867.88 rows=48 width=131) (actual time=618.293..622.997 rows=36 loops=1)
Gather  (cost=1000.00..340864.41 rows=27 width=140) (actual time=279.759..611.714 rows=36 loops=1)
Gather  (cost=1000.00..340868.31 rows=66 width=140) (actual time=159.125..589.524 rows=70 loops=1)
Gather  (cost=1000.00..340868.01 rows=63 width=21) (actual time=188.216..637.417 rows=78 loops=1)
Gather Merge  (cost=340862.28..340867.88 rows=48 width=131) (actual time=621.808..627.604 rows=50 loops=1)
Gather  (cost=1000.00..340869.41 rows=77 width=21) (actual time=118.391..623.338 rows=164 loops=1)
Gather  (cost=1000.00..340864.41 rows=27 width=21) (actual time=362.015..592.185 rows=50 loops=1)
Gather Merge  (cost=340862.31..340868.15 rows=50 width=131) (actual time=605.497..610.208 rows=90 loops=1)
Gather  (cost=1000.00..340864.41 rows=27 width=140) (actual time=36.454..630.008 rows=45 loops=1)
Gather  (cost=1000.00..340864.41 rows=27 width=21) (actual time=57.149..626.677 rows=52 loops=1)
Gather  (cost=1000.00..340864.31 rows=26 width=21) (actual time=476.960..628.030 rows=82 loops=1)
Gather  (cost=1000.00..340864.41 rows=27 width=21) (actual time=38.165..590.219 rows=58 loops=1)
Gather Merge  (cost=340862.28..340867.88 rows=48 width=131) (actual time=620.754..625.256 rows=71 loops=1)
Gather  (cost=1000.00..340864.41 rows=27 width=21) (actual time=237.732..621.373 rows=30 loops=1)
Gather  (cost=1000.00..340864.31 rows=26 width=21) (actual time=323.805..612.368 rows=44 loops=1)
Gather  (cost=1000.00..340898.61 rows=369 width=21) (actual time=25.749..606.124 rows=315 loops=1)
Gather  (cost=1000.00..340869.21 rows=75 width=21) (actual time=323.835..597.429 rows=108 loops=1)
Gather  (cost=1000.00..340869.21 rows=75 width=21) (actual time=155.806..591.001 rows=86 loops=1)
Gather  (cost=1000.00..340864.41 rows=27 width=140) (actual time=391.674..651.498 rows=117 loops=1)
Gather  (cost=1000.00..340864.31 rows=26 width=21) (actual time=315.291..624.311 rows=38 loops=1)
Gather Merge  (cost=340862.28..340867.88 rows=48 width=131) (actual time=626.770..631.253 rows=48 loops=1)
Gather  (cost=1000.00..340864.41 rows=27 width=21) (actual time=493.039..584.169 rows=48 loops=1)
Gather  (cost=1000.00..340873.41 rows=117 width=21) (actual time=146.798..670.954 rows=46 loops=1)
Gather  (cost=1000.00..340871.01 rows=93 width=21) (actual time=371.552..633.889 rows=54 loops=1)
Gather  (cost=1000.00..340864.41 rows=27 width=140) (actual time=213.743..622.266 rows=48 loops=1)
Gather Merge  (cost=340862.31..340868.15 rows=50 width=131) (actual time=594.725..599.046 rows=15 loops=1)
Gather Merge  (cost=340865.18..340889.21 rows=206 width=131) (actual time=627.886..632.462 rows=177 loops=1)
Gather  (cost=1000.00..340898.11 rows=364 width=21) (actual time=335.303..583.771 rows=428 loops=1)
Gather  (cost=1000.00..340876.41 rows=147 width=140) (actual time=52.149..643.994 rows=69 loops=1)
Gather  (cost=1000.00..340868.41 rows=67 width=21) (actual time=452.745..608.858 rows=74 loops=1)
Gather  (cost=1000.00..340864.41 rows=27 width=140) (actual time=38.571..610.784 rows=42 loops=1)
Gather  (cost=1000.00..340864.41 rows=27 width=403) (actual time=38.327..597.532 rows=42 loops=1)
Gather Merge  (cost=340862.28..340867.88 rows=48 width=131) (actual time=663.196..667.849 rows=84 loops=1)
Gather  (cost=1000.00..340864.41 rows=27 width=140) (actual time=110.390..618.866 rows=33 loops=1)
Gather  (cost=1000.00..340864.41 rows=27 width=403) (actual time=107.815..607.691 rows=33 loops=1)
Gather  (cost=1000.00..340864.41 rows=27 width=21) (actual time=299.324..592.455 rows=52 loops=1)
Gather  (cost=1000.00..340864.41 rows=27 width=21) (actual time=513.403..612.854 rows=76 loops=1)
Gather  (cost=1000.00..340864.41 rows=27 width=21) (actual time=57.389..608.693 rows=80 loops=1)
Gather  (cost=1000.00..340864.31 rows=26 width=21) (actual time=545.472..620.683 rows=40 loops=1)
Gather  (cost=1000.00..340864.31 rows=26 width=21) (actual time=331.844..619.068 rows=90 loops=1)
Gather  (cost=1000.00..340864.41 rows=27 width=140) (actual time=260.481..593.051 rows=33 loops=1)
Gather  (cost=1000.00..340864.41 rows=27 width=403) (actual time=257.945..608.835 rows=33 loops=1)
Gather Merge  (cost=340862.28..340867.88 rows=48 width=131) (actual time=631.313..635.970 rows=223 loops=1)
Gather  (cost=1000.00..340864.41 rows=27 width=403) (actual time=275.760..616.154 rows=84 loops=1)
Gather  (cost=1000.00..340864.31 rows=26 width=140) (actual time=531.837..605.150 rows=69 loops=1)
Gather  (cost=1000.00..340864.31 rows=26 width=403) (actual time=515.296..589.657 rows=69 loops=1)
Gather  (cost=1000.00..340870.71 rows=90 width=21) (actual time=135.722..608.968 rows=87 loops=1)
Gather  (cost=1000.00..340868.31 rows=66 width=21) (actual time=547.123..626.667 rows=102 loops=1)
Gather  (cost=1000.00..340869.81 rows=81 width=21) (actual time=371.864..611.572 rows=36 loops=1)
Gather Merge  (cost=340862.31..340868.15 rows=50 width=131) (actual time=628.291..632.898 rows=42 loops=1)
Gather Merge  (cost=340864.03..340881.30 rows=148 width=131) (actual time=599.996..604.569 rows=112 loops=1)
Gather Merge  (cost=340862.31..340868.15 rows=50 width=131) (actual time=629.496..634.179 rows=32 loops=1)
Gather  (cost=1000.00..340864.31 rows=26 width=21) (actual time=573.424..610.568 rows=52 loops=1)
Gather Merge  (cost=340862.31..340868.15 rows=50 width=131) (actual time=647.186..651.932 rows=45 loops=1)
Gather  (cost=1000.00..340864.51 rows=28 width=140) (actual time=93.948..609.196 rows=42 loops=1)
Gather  (cost=1000.00..340870.71 rows=90 width=140) (actual time=55.512..599.405 rows=30 loops=1)
Gather  (cost=1000.00..340864.31 rows=26 width=21) (actual time=365.018..614.683 rows=50 loops=1)
Gather Merge  (cost=340862.28..340867.88 rows=48 width=131) (actual time=631.560..637.076 rows=99 loops=1)
Gather  (cost=1000.00..340864.31 rows=26 width=140) (actual time=485.219..622.583 rows=30 loops=1)
Gather  (cost=1000.00..340881.51 rows=198 width=21) (actual time=342.143..614.952 rows=176 loops=1)
Gather  (cost=1000.00..340864.41 rows=27 width=21) (actual time=165.637..596.647 rows=44 loops=1)
Gather  (cost=1000.00..340922.31 rows=606 width=21) (actual time=355.683..627.694 rows=672 loops=1)
Gather  (cost=1000.00..340876.91 rows=152 width=21) (actual time=544.278..611.850 rows=129 loops=1)
Gather  (cost=1000.00..340878.01 rows=163 width=21) (actual time=293.447..651.007 rows=249 loops=1)
Gather  (cost=1000.00..340864.41 rows=27 width=21) (actual time=61.763..616.133 rows=40 loops=1)
Gather  (cost=1000.00..340864.41 rows=27 width=140) (actual time=210.774..595.444 rows=78 loops=1)
Gather  (cost=1000.00..340864.41 rows=27 width=140) (actual time=30.354..649.687 rows=44 loops=1)
Gather Merge  (cost=340862.28..340867.88 rows=48 width=131) (actual time=617.593..622.425 rows=147 loops=1)
Gather  (cost=1000.00..340864.41 rows=27 width=21) (actual time=533.289..622.976 rows=48 loops=1)
Gather  (cost=1000.00..340864.51 rows=28 width=21) (actual time=83.568..590.003 rows=56 loops=1)
Gather  (cost=1000.00..340864.41 rows=27 width=140) (actual time=57.432..611.658 rows=39 loops=1)
Gather Merge  (cost=340862.31..340868.15 rows=50 width=131) (actual time=616.931..621.382 rows=36 loops=1)
Gather  (cost=1000.00..340864.41 rows=27 width=21) (actual time=271.554..625.890 rows=56 loops=1)
Gather  (cost=1000.00..340864.31 rows=26 width=21) (actual time=561.827..609.795 rows=44 loops=1)
Gather Merge  (cost=340864.22..340882.66 rows=158 width=131) (actual time=616.314..620.940 rows=362 loops=1)
Gather  (cost=1000.00..340864.31 rows=26 width=21) (actual time=449.714..606.725 rows=68 loops=1)
Gather Merge  (cost=340862.28..340867.88 rows=48 width=131) (actual time=642.486..647.056 rows=99 loops=1)
Gather  (cost=1000.00..340864.41 rows=27 width=21) (actual time=133.679..617.008 rows=44 loops=1)
Gather  (cost=1000.00..340864.41 rows=27 width=21) (actual time=65.772..608.904 rows=46 loops=1)
Gather Merge  (cost=340862.28..340867.88 rows=48 width=131) (actual time=602.016..606.336 rows=78 loops=1)
Gather  (cost=1000.00..340864.41 rows=27 width=140) (actual time=22.700..615.223 rows=42 loops=1)
Gather Merge  (cost=340862.31..340868.15 rows=50 width=131) (actual time=687.071..691.705 rows=36 loops=1)
Gather  (cost=1000.00..340864.41 rows=27 width=403) (actual time=123.547..617.975 rows=36 loops=1)
Gather  (cost=1000.00..340870.01 rows=83 width=140) (actual time=533.061..602.099 rows=18 loops=1)
Gather  (cost=1000.00..340923.41 rows=617 width=140) (actual time=115.013..587.012 rows=826 loops=1)
Gather  (cost=1000.00..340927.01 rows=653 width=21) (actual time=72.944..631.059 rows=783 loops=1)
Gather Merge  (cost=340862.28..340867.88 rows=48 width=131) (actual time=626.973..631.696 rows=76 loops=1)
Gather  (cost=1000.00..340864.31 rows=26 width=403) (actual time=411.812..606.590 rows=56 loops=1)
Gather  (cost=1000.00..340864.31 rows=26 width=21) (actual time=330.622..588.396 rows=74 loops=1)
Gather Merge  (cost=340862.31..340868.15 rows=50 width=131) (actual time=622.087..626.714 rows=33 loops=1)
Gather  (cost=1000.00..340864.41 rows=27 width=21) (actual time=24.495..607.527 rows=48 loops=1)
Gather Merge  (cost=340862.31..340868.15 rows=50 width=131) (actual time=617.613..622.174 rows=30 loops=1)
Gather Merge  (cost=340862.28..340867.88 rows=48 width=131) (actual time=632.517..637.254 rows=60 loops=1)
Gather  (cost=1000.00..340877.01 rows=153 width=21) (actual time=411.079..590.661 rows=156 loops=1)
Gather Merge  (cost=340862.28..340867.88 rows=48 width=131) (actual time=603.511..607.970 rows=60 loops=1)
Gather Merge  (cost=340862.28..340867.88 rows=48 width=131) (actual time=646.307..650.754 rows=147 loops=1)
Gather  (cost=1000.00..340864.41 rows=27 width=21) (actual time=25.977..617.992 rows=56 loops=1)
Gather  (cost=1000.00..340864.31 rows=26 width=21) (actual time=356.673..609.875 rows=52 loops=1)
Gather  (cost=1000.00..340864.31 rows=26 width=140) (actual time=430.345..588.248 rows=84 loops=1)
Gather  (cost=1000.00..340864.41 rows=27 width=21) (actual time=395.735..610.900 rows=38 loops=1)
Gather  (cost=1000.00..340876.41 rows=147 width=21) (actual time=149.677..629.036 rows=156 loops=1)
Gather Merge  (cost=340862.31..340868.15 rows=50 width=131) (actual time=624.730..629.299 rows=42 loops=1)
Gather  (cost=1000.00..340864.41 rows=27 width=21) (actual time=504.722..610.770 rows=72 loops=1)
Gather  (cost=1000.00..340864.41 rows=27 width=140) (actual time=137.959..591.334 rows=51 loops=1)
Gather  (cost=1000.00..340878.61 rows=169 width=21) (actual time=167.800..612.804 rows=90 loops=1)
Gather  (cost=1000.00..340875.61 rows=139 width=21) (actual time=598.563..608.546 rows=52 loops=1)
Gather  (cost=1000.00..340871.21 rows=95 width=21) (actual time=126.667..634.548 rows=114 loops=1)
Gather  (cost=1000.00..340864.41 rows=27 width=21) (actual time=591.639..611.790 rows=80 loops=1)
Gather  (cost=1000.00..340864.51 rows=28 width=21) (actual time=91.959..593.017 rows=54 loops=1)
Gather  (cost=1000.00..340864.31 rows=26 width=21) (actual time=442.281..589.504 rows=40 loops=1)
Gather Merge  (cost=340864.98..340887.84 rows=196 width=131) (actual time=652.397..657.141 rows=199 loops=1)
Gather  (cost=1000.00..340864.41 rows=27 width=21) (actual time=6.640..620.758 rows=48 loops=1)
Gather  (cost=1000.00..340871.51 rows=98 width=21) (actual time=591.115..612.428 rows=240 loops=1)
Gather  (cost=1000.00..340864.41 rows=27 width=21) (actual time=293.678..589.542 rows=38 loops=1)
Gather  (cost=1000.00..340876.21 rows=145 width=140) (actual time=516.078..630.142 rows=160 loops=1)
Gather  (cost=1000.00..340864.41 rows=27 width=140) (actual time=500.154..598.424 rows=39 loops=1)
Gather  (cost=1000.00..340878.91 rows=172 width=140) (actual time=461.813..629.788 rows=376 loops=1)
Gather Merge  (cost=340862.28..340867.88 rows=48 width=131) (actual time=597.470..601.878 rows=27 loops=1)
Gather Merge  (cost=340862.28..340867.88 rows=48 width=131) (actual time=603.629..608.388 rows=110 loops=1)
Gather  (cost=1000.00..340864.41 rows=27 width=140) (actual time=261.857..624.958 rows=27 loops=1)
Gather Merge  (cost=340864.07..340881.57 rows=150 width=131) (actual time=624.634..629.212 rows=180 loops=1)
Gather Merge  (cost=340885.30..341007.11 rows=1044 width=131) (actual time=635.755..640.365 rows=1249 loops=1)
Gather Merge  (cost=340862.28..340867.88 rows=48 width=131) (actual time=600.480..605.410 rows=48 loops=1)
Gather  (cost=1000.00..340864.41 rows=27 width=403) (actual time=169.649..590.958 rows=39 loops=1)
Gather Merge  (cost=340864.85..340887.02 rows=190 width=131) (actual time=637.713..642.557 rows=160 loops=1)
Gather Merge  (cost=340862.31..340868.15 rows=50 width=131) (actual time=628.587..633.243 rows=92 loops=1)
Gather  (cost=1000.00..340922.61 rows=609 width=21) (actual time=473.200..613.147 rows=815 loops=1)
Gather Merge  (cost=340862.28..340867.88 rows=48 width=131) (actual time=602.057..606.534 rows=180 loops=1)
Gather Merge  (cost=340862.28..340867.88 rows=48 width=131) (actual time=599.617..604.066 rows=18 loops=1)
Gather  (cost=1000.00..340876.01 rows=143 width=21) (actual time=458.291..624.279 rows=310 loops=1)
Gather  (cost=1000.00..340876.21 rows=145 width=21) (actual time=39.448..614.174 rows=64 loops=1)
Gather Merge  (cost=340865.14..340888.94 rows=204 width=131) (actual time=622.257..626.853 rows=177 loops=1)
Gather Merge  (cost=340862.28..340867.88 rows=48 width=131) (actual time=599.834..604.410 rows=66 loops=1)
Gather  (cost=1000.00..340868.71 rows=70 width=21) (actual time=189.178..627.753 rows=76 loops=1)
Gather  (cost=1000.00..340864.41 rows=27 width=21) (actual time=496.081..604.085 rows=66 loops=1)
Gather  (cost=1000.00..340864.31 rows=26 width=21) (actual time=431.902..616.340 rows=50 loops=1)
Gather  (cost=1000.00..340864.41 rows=27 width=140) (actual time=286.743..602.498 rows=28 loops=1)
Gather  (cost=1000.00..340864.41 rows=27 width=140) (actual time=143.696..590.888 rows=45 loops=1)
Gather  (cost=1000.00..340864.41 rows=27 width=403) (actual time=142.905..620.156 rows=45 loops=1)
Gather  (cost=1000.00..340864.41 rows=27 width=140) (actual time=47.442..609.085 rows=33 loops=1)
Gather  (cost=1000.00..340864.41 rows=27 width=403) (actual time=48.245..624.727 rows=33 loops=1)
Gather  (cost=1000.00..340864.41 rows=27 width=140) (actual time=484.741..591.657 rows=22 loops=1)
Gather  (cost=1000.00..340871.41 rows=97 width=21) (actual time=466.740..591.790 rows=122 loops=1)
Gather  (cost=1000.00..340864.41 rows=27 width=21) (actual time=145.633..625.980 rows=57 loops=1)
Gather  (cost=1000.00..340871.51 rows=98 width=140) (actual time=585.530..609.270 rows=240 loops=1)
Gather  (cost=1000.00..340864.31 rows=26 width=21) (actual time=426.775..620.627 rows=84 loops=1)
Gather  (cost=1000.00..340864.41 rows=27 width=140) (actual time=242.411..587.182 rows=39 loops=1)
Gather Merge  (cost=340862.28..340867.88 rows=48 width=131) (actual time=618.221..622.579 rows=186 loops=1)
Gather  (cost=1000.00..340864.41 rows=27 width=140) (actual time=229.836..602.904 rows=84 loops=1)
Gather  (cost=1000.00..340864.31 rows=26 width=140) (actual time=576.014..621.564 rows=24 loops=1)
Gather  (cost=1000.00..340864.31 rows=26 width=21) (actual time=374.085..609.331 rows=72 loops=1)
Gather  (cost=1000.00..340868.81 rows=71 width=140) (actual time=88.757..590.854 rows=108 loops=1)
Gather  (cost=1000.00..340864.51 rows=28 width=21) (actual time=78.064..606.380 rows=63 loops=1)
Gather  (cost=1000.00..340864.31 rows=26 width=140) (actual time=583.870..614.312 rows=24 loops=1)
Gather  (cost=1000.00..340864.41 rows=27 width=21) (actual time=531.016..623.817 rows=96 loops=1)
Gather  (cost=1000.00..340864.51 rows=28 width=140) (actual time=114.672..643.572 rows=75 loops=1)
Gather  (cost=1000.00..340864.41 rows=27 width=140) (actual time=186.929..600.533 rows=116 loops=1)
Gather  (cost=1000.00..340864.41 rows=27 width=21) (actual time=138.464..629.186 rows=51 loops=1)
Gather  (cost=1000.00..340864.41 rows=27 width=140) (actual time=496.270..610.850 rows=45 loops=1)
Gather  (cost=1000.00..340871.31 rows=96 width=21) (actual time=472.383..625.977 rows=102 loops=1)
Gather  (cost=1000.00..340882.91 rows=212 width=140) (actual time=446.441..615.508 rows=306 loops=1)
Gather  (cost=1000.00..340864.31 rows=26 width=21) (actual time=554.531..594.537 rows=38 loops=1)
Gather Merge  (cost=340862.28..340867.88 rows=48 width=131) (actual time=632.823..637.472 rows=84 loops=1)
Gather  (cost=1000.00..340898.31 rows=366 width=21) (actual time=487.773..608.764 rows=304 loops=1)
Gather  (cost=1000.00..340864.31 rows=26 width=21) (actual time=562.115..614.721 rows=54 loops=1)
Gather  (cost=1000.00..340864.41 rows=27 width=21) (actual time=278.996..612.942 rows=168 loops=1)
Gather  (cost=1000.00..340868.41 rows=67 width=21) (actual time=481.288..597.962 rows=60 loops=1)
Gather  (cost=1000.00..340864.41 rows=27 width=21) (actual time=137.530..633.454 rows=42 loops=1)
Gather  (cost=1000.00..340864.41 rows=27 width=140) (actual time=179.938..622.008 rows=30 loops=1)
Gather  (cost=1000.00..340864.41 rows=27 width=140) (actual time=525.884..615.814 rows=42 loops=1)
Gather Merge  (cost=340862.28..340867.88 rows=48 width=131) (actual time=604.889..609.420 rows=33 loops=1)
Gather  (cost=1000.00..340864.41 rows=27 width=140) (actual time=384.522..592.546 rows=111 loops=1)
Gather Merge  (cost=340862.28..340867.88 rows=48 width=131) (actual time=634.685..640.089 rows=45 loops=1)
Gather  (cost=1000.00..340864.31 rows=26 width=21) (actual time=577.979..611.599 rows=42 loops=1)
Gather Merge  (cost=340862.28..340867.88 rows=48 width=131) (actual time=632.849..637.469 rows=24 loops=1)
Gather Merge  (cost=340862.31..340868.15 rows=50 width=131) (actual time=601.120..605.660 rows=134 loops=1)
Gather  (cost=1000.00..340864.31 rows=26 width=140) (actual time=399.933..627.759 rows=27 loops=1)
Gather  (cost=1000.00..340868.01 rows=63 width=140) (actual time=524.435..605.714 rows=96 loops=1)
Gather  (cost=1000.00..340868.31 rows=66 width=140) (actual time=594.987..624.705 rows=104 loops=1)
Gather Merge  (cost=340862.28..340867.88 rows=48 width=131) (actual time=601.055..605.591 rows=27 loops=1)
Gather  (cost=1000.00..340864.41 rows=27 width=21) (actual time=492.817..592.322 rows=76 loops=1)
Gather Merge  (cost=340862.28..340867.88 rows=48 width=131) (actual time=627.884..632.546 rows=56 loops=1)
Gather  (cost=1000.00..340879.41 rows=177 width=21) (actual time=132.290..620.655 rows=144 loops=1)
Gather  (cost=1000.00..340864.41 rows=27 width=21) (actual time=396.998..612.515 rows=104 loops=1)
Gather Merge  (cost=340862.31..340868.15 rows=50 width=131) (actual time=621.263..625.938 rows=168 loops=1)
Gather Merge  (cost=340862.28..340867.88 rows=48 width=131) (actual time=599.874..604.371 rows=227 loops=1)
Gather  (cost=1000.00..340864.31 rows=26 width=140) (actual time=452.048..609.584 rows=24 loops=1)
Gather  (cost=1000.00..340864.31 rows=26 width=403) (actual time=448.385..609.714 rows=24 loops=1)
Gather  (cost=1000.00..340864.41 rows=27 width=21) (actual time=614.020..630.393 rows=81 loops=1)
Gather Merge  (cost=340862.31..340868.15 rows=50 width=131) (actual time=616.143..620.690 rows=393 loops=1)
Gather Merge  (cost=340862.28..340867.88 rows=48 width=131) (actual time=602.293..606.701 rows=175 loops=1)
Gather Merge  (cost=340864.11..340881.84 rows=152 width=131) (actual time=626.228..631.839 rows=130 loops=1)
Gather  (cost=1000.00..340864.41 rows=27 width=403) (actual time=160.521..614.304 rows=90 loops=1)
Gather  (cost=1000.00..340864.41 rows=27 width=21) (actual time=407.902..611.882 rows=56 loops=1)
Gather  (cost=1000.00..340876.91 rows=152 width=140) (actual time=104.413..615.018 rows=111 loops=1)
Gather  (cost=1000.00..340864.41 rows=27 width=21) (actual time=290.746..596.341 rows=48 loops=1)
Gather  (cost=1000.00..340864.31 rows=26 width=140) (actual time=459.964..617.875 rows=24 loops=1)
Gather  (cost=1000.00..340864.41 rows=27 width=21) (actual time=30.169..599.606 rows=52 loops=1)
Gather  (cost=1000.00..340864.31 rows=26 width=140) (actual time=439.135..620.398 rows=24 loops=1)
Gather  (cost=1000.00..340864.31 rows=26 width=403) (actual time=424.756..608.671 rows=24 loops=1)
Gather Merge  (cost=340862.28..340867.88 rows=48 width=131) (actual time=597.321..601.834 rows=36 loops=1)
Gather  (cost=1000.00..340882.61 rows=209 width=140) (actual time=326.702..629.827 rows=125 loops=1)
Gather Merge  (cost=340864.85..340887.02 rows=190 width=131) (actual time=617.074..622.053 rows=160 loops=1)
Gather Merge  (cost=340862.28..340867.88 rows=48 width=131) (actual time=648.909..653.488 rows=228 loops=1)
Gather  (cost=1000.00..340864.31 rows=26 width=140) (actual time=532.703..590.777 rows=42 loops=1)
Gather Merge  (cost=340862.28..340867.88 rows=48 width=131) (actual time=623.782..628.211 rows=75 loops=1)
Gather  (cost=1000.00..340864.31 rows=26 width=21) (actual time=545.946..607.684 rows=46 loops=1)
Gather  (cost=1000.00..340864.41 rows=27 width=140) (actual time=120.690..616.004 rows=27 loops=1)
Gather Merge  (cost=340862.31..340868.15 rows=50 width=131) (actual time=630.159..634.705 rows=182 loops=1)
Gather  (cost=1000.00..340869.01 rows=73 width=140) (actual time=212.042..591.019 rows=45 loops=1)
Gather Merge  (cost=340862.31..340868.15 rows=50 width=131) (actual time=616.948..623.264 rows=171 loops=1)
Gather  (cost=1000.00..340864.41 rows=27 width=21) (actual time=601.553..612.372 rows=64 loops=1)
Gather  (cost=1000.00..340864.41 rows=27 width=140) (actual time=511.203..613.361 rows=42 loops=1)
Gather Merge  (cost=340862.31..340868.15 rows=50 width=131) (actual time=622.478..626.944 rows=77 loops=1)
Gather Merge  (cost=340862.28..340867.88 rows=48 width=131) (actual time=604.233..608.793 rows=86 loops=1)
Gather  (cost=1000.00..340864.41 rows=27 width=140) (actual time=393.108..612.394 rows=24 loops=1)
Gather  (cost=1000.00..340864.41 rows=27 width=140) (actual time=8.909..618.309 rows=55 loops=1)
Gather  (cost=1000.00..340864.41 rows=27 width=21) (actual time=30.868..625.629 rows=44 loops=1)
Gather Merge  (cost=340862.28..340867.88 rows=48 width=131) (actual time=612.764..617.400 rows=90 loops=1)
Gather  (cost=1000.00..340870.91 rows=92 width=21) (actual time=539.441..588.493 rows=205 loops=1)
Gather  (cost=1000.00..340864.41 rows=27 width=21) (actual time=620.382..632.211 rows=126 loops=1)
Gather  (cost=1000.00..340864.41 rows=27 width=21) (actual time=144.812..615.112 rows=104 loops=1)
Gather Merge  (cost=340862.28..340867.88 rows=48 width=131) (actual time=622.791..627.327 rows=42 loops=1)
Gather  (cost=1000.00..340864.41 rows=27 width=403) (actual time=474.009..584.615 rows=42 loops=1)
Gather  (cost=1000.00..340868.01 rows=63 width=21) (actual time=381.352..621.984 rows=115 loops=1)
Gather Merge  (cost=340862.28..340867.88 rows=48 width=131) (actual time=602.309..606.643 rows=36 loops=1)
Gather  (cost=1000.00..340864.31 rows=26 width=403) (actual time=574.082..638.504 rows=36 loops=1)
Gather  (cost=1000.00..340864.31 rows=26 width=140) (actual time=582.379..614.263 rows=48 loops=1)
Gather  (cost=1000.00..340864.31 rows=26 width=21) (actual time=492.118..611.085 rows=54 loops=1)
Gather Merge  (cost=340862.31..340868.15 rows=50 width=131) (actual time=605.392..609.762 rows=242 loops=1)
Gather  (cost=1000.00..340864.51 rows=28 width=403) (actual time=79.144..625.204 rows=96 loops=1)
Gather  (cost=1000.00..340864.41 rows=27 width=21) (actual time=252.609..599.683 rows=66 loops=1)
Gather  (cost=1000.00..340864.31 rows=26 width=21) (actual time=477.662..613.190 rows=84 loops=1)
Gather  (cost=1000.00..340864.41 rows=27 width=140) (actual time=279.497..605.541 rows=33 loops=1)
Gather Merge  (cost=340862.28..340867.88 rows=48 width=131) (actual time=605.546..610.181 rows=72 loops=1)
Gather  (cost=1000.00..340868.51 rows=68 width=21) (actual time=620.371..629.300 rows=34 loops=1)
Gather Merge  (cost=340862.28..340867.88 rows=48 width=131) (actual time=616.148..621.059 rows=63 loops=1)
Gather  (cost=1000.00..340864.41 rows=27 width=21) (actual time=209.991..621.869 rows=46 loops=1)
Gather Merge  (cost=340864.34..340883.48 rows=164 width=131) (actual time=601.527..606.106 rows=228 loops=1)
Gather  (cost=1000.00..340869.71 rows=80 width=21) (actual time=519.129..627.799 rows=69 loops=1)
Gather Merge  (cost=340862.28..340867.88 rows=48 width=131) (actual time=626.641..631.425 rows=75 loops=1)
Gather  (cost=1000.00..340864.31 rows=26 width=21) (actual time=410.428..621.487 rows=42 loops=1)
Gather  (cost=1000.00..340864.41 rows=27 width=21) (actual time=134.947..621.149 rows=114 loops=1)
Gather  (cost=1000.00..340864.41 rows=27 width=140) (actual time=374.201..594.136 rows=42 loops=1)
Gather Merge  (cost=340862.28..340867.88 rows=48 width=131) (actual time=623.010..627.534 rows=86 loops=1)
Gather  (cost=1000.00..340864.31 rows=26 width=403) (actual time=445.118..619.850 rows=56 loops=1)
Gather  (cost=1000.00..340864.31 rows=26 width=21) (actual time=550.393..622.268 rows=44 loops=1)
Gather  (cost=1000.00..340875.61 rows=139 width=21) (actual time=164.676..612.269 rows=192 loops=1)
Gather  (cost=1000.00..340864.31 rows=26 width=21) (actual time=329.493..595.670 rows=42 loops=1)
Gather  (cost=1000.00..340864.41 rows=27 width=21) (actual time=226.100..628.988 rows=148 loops=1)
Gather Merge  (cost=340862.28..340867.88 rows=48 width=131) (actual time=632.962..637.536 rows=84 loops=1)
Gather Merge  (cost=340862.28..340867.88 rows=48 width=131) (actual time=631.012..635.603 rows=57 loops=1)
Gather  (cost=1000.00..340864.41 rows=27 width=140) (actual time=264.368..619.923 rows=78 loops=1)
Gather  (cost=1000.00..340867.91 rows=62 width=21) (actual time=237.366..593.399 rows=63 loops=1)
Gather  (cost=1000.00..340864.41 rows=27 width=21) (actual time=36.216..612.903 rows=66 loops=1)
Gather  (cost=1000.00..340864.41 rows=27 width=140) (actual time=392.734..619.777 rows=63 loops=1)
Gather Merge  (cost=340862.28..340867.88 rows=48 width=131) (actual time=627.746..632.124 rows=72 loops=1)
Gather  (cost=1000.00..340875.61 rows=139 width=21) (actual time=255.242..617.190 rows=68 loops=1)
Gather  (cost=1000.00..340864.31 rows=26 width=21) (actual time=555.340..589.798 rows=78 loops=1)
Gather  (cost=1000.00..340877.61 rows=159 width=21) (actual time=48.099..632.652 rows=144 loops=1)
Gather  (cost=1000.00..340864.51 rows=28 width=140) (actual time=83.948..611.373 rows=60 loops=1)
Gather  (cost=1000.00..340864.31 rows=26 width=21) (actual time=410.839..636.316 rows=44 loops=1)
Gather  (cost=1000.00..340864.41 rows=27 width=140) (actual time=0.645..590.028 rows=90 loops=1)
Gather  (cost=1000.00..340871.91 rows=102 width=140) (actual time=84.841..610.054 rows=245 loops=1)
Gather  (cost=1000.00..340864.41 rows=27 width=21) (actual time=585.698..603.269 rows=108 loops=1)
Gather  (cost=1000.00..340868.31 rows=66 width=140) (actual time=585.002..622.996 rows=36 loops=1)
Gather  (cost=1000.00..340872.91 rows=112 width=140) (actual time=521.516..608.454 rows=126 loops=1)
Gather  (cost=1000.00..340923.21 rows=615 width=21) (actual time=590.482..607.761 rows=318 loops=1)
Gather  (cost=1000.00..340869.21 rows=75 width=21) (actual time=512.582..586.795 rows=94 loops=1)
Gather  (cost=1000.00..340864.41 rows=27 width=21) (actual time=188.898..645.255 rows=84 loops=1)
Gather  (cost=1000.00..340864.41 rows=27 width=140) (actual time=39.019..614.968 rows=246 loops=1)
Gather Merge  (cost=340862.28..340867.88 rows=48 width=131) (actual time=624.939..629.608 rows=36 loops=1)
Gather  (cost=1000.00..340864.31 rows=26 width=140) (actual time=324.120..606.134 rows=36 loops=1)
Gather  (cost=1000.00..340878.91 rows=172 width=140) (actual time=310.530..617.082 rows=192 loops=1)
Gather  (cost=1000.00..340864.31 rows=26 width=21) (actual time=410.537..602.735 rows=78 loops=1)
Gather  (cost=1000.00..340864.41 rows=27 width=21) (actual time=299.691..631.479 rows=46 loops=1)
Gather Merge  (cost=340862.31..340868.15 rows=50 width=131) (actual time=627.254..631.962 rows=86 loops=1)
Gather  (cost=1000.00..340864.31 rows=26 width=21) (actual time=545.263..595.850 rows=54 loops=1)
Gather Merge  (cost=340862.31..340868.15 rows=50 width=131) (actual time=629.484..634.109 rows=24 loops=1)
Gather Merge  (cost=340862.28..340867.88 rows=48 width=131) (actual time=636.474..640.982 rows=60 loops=1)
Gather  (cost=1000.00..340864.41 rows=27 width=403) (actual time=227.142..617.489 rows=60 loops=1)
Gather  (cost=1000.00..340864.41 rows=27 width=21) (actual time=223.443..617.699 rows=42 loops=1)
Gather  (cost=1000.00..340868.21 rows=65 width=140) (actual time=496.458..589.297 rows=48 loops=1)
Gather  (cost=1000.00..340870.01 rows=83 width=21) (actual time=588.193..620.773 rows=105 loops=1)
Gather Merge  (cost=340862.31..340868.15 rows=50 width=131) (actual time=644.156..649.883 rows=84 loops=1)
Gather  (cost=1000.00..340864.41 rows=27 width=403) (actual time=322.059..639.572 rows=28 loops=1)
Gather Merge  (cost=340862.28..340867.88 rows=48 width=131) (actual time=626.337..630.956 rows=92 loops=1)
Gather  (cost=1000.00..340868.01 rows=63 width=21) (actual time=517.842..596.173 rows=96 loops=1)
Gather  (cost=1000.00..340864.31 rows=26 width=21) (actual time=568.775..645.895 rows=52 loops=1)
Gather  (cost=1000.00..340864.41 rows=27 width=21) (actual time=174.789..611.318 rows=84 loops=1)
Gather Merge  (cost=340862.28..340867.88 rows=48 width=131) (actual time=640.857..645.292 rows=219 loops=1)
Gather Merge  (cost=340862.28..340867.88 rows=48 width=131) (actual time=605.862..610.350 rows=60 loops=1)
Gather  (cost=1000.00..340864.41 rows=27 width=140) (actual time=601.214..621.525 rows=30 loops=1)
Gather Merge  (cost=340862.28..340867.88 rows=48 width=131) (actual time=617.294..622.055 rows=24 loops=1)
Gather Merge  (cost=340862.28..340867.88 rows=48 width=131) (actual time=672.014..676.821 rows=168 loops=1)
Gather  (cost=1000.00..340864.41 rows=27 width=140) (actual time=228.087..628.367 rows=44 loops=1)
Gather  (cost=1000.00..340864.31 rows=26 width=21) (actual time=317.773..599.204 rows=72 loops=1)
Gather Merge  (cost=340862.31..340868.15 rows=50 width=131) (actual time=642.645..647.207 rows=42 loops=1)
Gather Merge  (cost=340862.31..340868.15 rows=50 width=131) (actual time=646.577..651.204 rows=84 loops=1)
Gather  (cost=1000.00..340864.31 rows=26 width=140) (actual time=330.414..624.070 rows=78 loops=1)
Gather Merge  (cost=340862.28..340867.88 rows=48 width=131) (actual time=620.688..625.230 rows=36 loops=1)
Gather  (cost=1000.00..340868.41 rows=67 width=21) (actual time=472.071..598.196 rows=48 loops=1)
Gather Merge  (cost=340862.31..340868.15 rows=50 width=131) (actual time=623.898..628.549 rows=69 loops=1)
Gather  (cost=1000.00..340872.71 rows=110 width=21) (actual time=295.575..621.957 rows=100 loops=1)
Gather Merge  (cost=340862.28..340867.88 rows=48 width=131) (actual time=630.242..635.028 rows=50 loops=1)
Gather  (cost=1000.00..340864.41 rows=27 width=21) (actual time=251.496..616.679 rows=54 loops=1)
Gather Merge  (cost=340862.28..340867.88 rows=48 width=131) (actual time=600.837..605.442 rows=138 loops=1)
Gather  (cost=1000.00..340868.11 rows=64 width=21) (actual time=503.353..626.173 rows=40 loops=1)
Gather Merge  (cost=340862.31..340868.15 rows=50 width=131) (actual time=611.436..616.285 rows=141 loops=1)
Gather Merge  (cost=340869.70..340918.00 rows=414 width=131) (actual time=624.242..628.492 rows=497 loops=1)
Gather  (cost=1000.00..340864.31 rows=26 width=21) (actual time=575.417..601.846 rows=58 loops=1)
Gather Merge  (cost=340862.31..340868.15 rows=50 width=131) (actual time=616.437..620.998 rows=42 loops=1)
Gather  (cost=1000.00..340864.41 rows=27 width=403) (actual time=53.177..621.892 rows=42 loops=1)
Gather Merge  (cost=340862.28..340867.88 rows=48 width=131) (actual time=629.533..634.098 rows=30 loops=1)
Gather  (cost=1000.00..340864.41 rows=27 width=21) (actual time=217.709..638.107 rows=78 loops=1)
Gather  (cost=1000.00..340864.41 rows=27 width=21) (actual time=387.468..593.978 rows=84 loops=1)
Gather  (cost=1000.00..340864.31 rows=26 width=21) (actual time=423.209..615.460 rows=56 loops=1)
Gather Merge  (cost=340862.31..340868.15 rows=50 width=131) (actual time=622.434..627.053 rows=111 loops=1)
Gather Merge  (cost=340862.28..340867.88 rows=48 width=131) (actual time=625.890..630.260 rows=86 loops=1)
Gather  (cost=1000.00..340864.41 rows=27 width=21) (actual time=144.949..606.642 rows=54 loops=1)
Gather Merge  (cost=340862.28..340867.88 rows=48 width=131) (actual time=605.140..609.739 rows=80 loops=1)
Gather  (cost=1000.00..340864.41 rows=27 width=403) (actual time=580.423..591.942 rows=80 loops=1)
Gather Merge  (cost=340862.28..340867.88 rows=48 width=131) (actual time=646.514..651.292 rows=195 loops=1)
Gather  (cost=1000.00..340864.31 rows=26 width=140) (actual time=356.399..617.991 rows=42 loops=1)
Gather  (cost=1000.00..340878.11 rows=164 width=21) (actual time=465.559..605.408 rows=141 loops=1)
Gather Merge  (cost=340862.28..340867.88 rows=48 width=131) (actual time=601.673..606.236 rows=108 loops=1)
Gather  (cost=1000.00..340864.41 rows=27 width=21) (actual time=609.524..627.749 rows=48 loops=1)
Gather  (cost=1000.00..340926.01 rows=643 width=140) (actual time=298.809..606.525 rows=316 loops=1)
Gather  (cost=1000.00..340864.41 rows=27 width=21) (actual time=217.375..625.775 rows=54 loops=1)
Gather Merge  (cost=340864.15..340882.11 rows=154 width=131) (actual time=598.081..602.618 rows=145 loops=1)
Gather  (cost=1000.00..340864.31 rows=26 width=140) (actual time=336.924..590.667 rows=36 loops=1)
Gather Merge  (cost=340862.31..340868.15 rows=50 width=131) (actual time=619.363..623.812 rows=162 loops=1)
Gather  (cost=1000.00..340864.31 rows=26 width=140) (actual time=433.509..629.808 rows=33 loops=1)
Gather Merge  (cost=340862.31..340868.15 rows=50 width=131) (actual time=621.278..625.717 rows=52 loops=1)
Gather  (cost=1000.00..340864.31 rows=26 width=140) (actual time=446.703..605.495 rows=30 loops=1)
Gather  (cost=1000.00..340864.41 rows=27 width=21) (actual time=263.510..591.394 rows=111 loops=1)
Gather  (cost=1000.00..340864.41 rows=27 width=21) (actual time=405.010..609.526 rows=52 loops=1)
Gather  (cost=1000.00..340868.21 rows=65 width=140) (actual time=223.118..609.252 rows=42 loops=1)
Gather  (cost=1000.00..340870.51 rows=88 width=21) (actual time=201.727..621.064 rows=64 loops=1)
Gather Merge  (cost=340862.31..340868.15 rows=50 width=131) (actual time=619.336..623.884 rows=80 loops=1)
Gather  (cost=1000.00..340864.41 rows=27 width=140) (actual time=575.577..592.490 rows=36 loops=1)
Gather  (cost=1000.00..340922.31 rows=606 width=21) (actual time=329.991..609.476 rows=672 loops=1)
Gather  (cost=1000.00..340864.41 rows=27 width=21) (actual time=104.280..619.969 rows=42 loops=1)
Gather  (cost=1000.00..340882.71 rows=210 width=140) (actual time=345.517..619.046 rows=200 loops=1)
Gather  (cost=1000.00..340864.41 rows=27 width=21) (actual time=591.392..622.735 rows=108 loops=1)
Gather Merge  (cost=340862.31..340868.15 rows=50 width=131) (actual time=600.341..604.917 rows=72 loops=1)
Gather  (cost=1000.00..340864.41 rows=27 width=21) (actual time=112.237..594.920 rows=58 loops=1)
Gather  (cost=1000.00..340868.91 rows=72 width=21) (actual time=412.407..631.869 rows=48 loops=1)
Gather Merge  (cost=340862.28..340867.88 rows=48 width=131) (actual time=628.421..633.180 rows=20 loops=1)
Gather  (cost=1000.00..340864.31 rows=26 width=403) (actual time=568.724..616.136 rows=20 loops=1)
Gather  (cost=1000.00..340879.81 rows=181 width=21) (actual time=172.011..589.791 rows=156 loops=1)
Gather Merge  (cost=340868.30..340909.37 rows=352 width=131) (actual time=624.925..629.614 rows=544 loops=1)
Gather  (cost=1000.00..340864.31 rows=26 width=21) (actual time=309.029..608.684 rows=99 loops=1)
Gather Merge  (cost=340862.28..340867.88 rows=48 width=131) (actual time=624.544..629.519 rows=122 loops=1)
Gather  (cost=1000.00..340868.41 rows=67 width=21) (actual time=348.913..618.822 rows=168 loops=1)
Gather  (cost=1000.00..340864.41 rows=27 width=140) (actual time=257.334..604.070 rows=168 loops=1)
Gather  (cost=1000.00..340883.41 rows=217 width=140) (actual time=166.803..588.950 rows=340 loops=1)
Gather Merge  (cost=340862.31..340868.15 rows=50 width=131) (actual time=639.384..643.919 rows=93 loops=1)
Gather Merge  (cost=340862.31..340868.15 rows=50 width=131) (actual time=617.166..621.530 rows=33 loops=1)
Gather  (cost=1000.00..340876.41 rows=147 width=21) (actual time=149.056..611.478 rows=156 loops=1)
Gather Merge  (cost=340862.31..340868.15 rows=50 width=131) (actual time=598.245..602.763 rows=56 loops=1)
Gather Merge  (cost=340864.11..340881.84 rows=152 width=131) (actual time=625.114..629.856 rows=130 loops=1)
Gather  (cost=1000.00..340864.41 rows=27 width=403) (actual time=155.410..613.738 rows=90 loops=1)
Gather  (cost=1000.00..340868.21 rows=65 width=21) (actual time=95.003..621.477 rows=50 loops=1)
Gather Merge  (cost=340862.31..340868.15 rows=50 width=131) (actual time=616.500..621.053 rows=56 loops=1)
Gather  (cost=1000.00..340864.41 rows=27 width=21) (actual time=240.984..589.663 rows=70 loops=1)
Gather  (cost=1000.00..340864.31 rows=26 width=21) (actual time=525.498..626.826 rows=48 loops=1)
Gather  (cost=1000.00..340864.31 rows=26 width=21) (actual time=326.450..622.894 rows=56 loops=1)
Gather  (cost=1000.00..340864.41 rows=27 width=21) (actual time=292.962..606.335 rows=38 loops=1)
Gather Merge  (cost=340862.28..340867.88 rows=48 width=131) (actual time=622.095..626.534 rows=65 loops=1)
Gather  (cost=1000.00..340864.31 rows=26 width=140) (actual time=300.613..604.127 rows=36 loops=1)
Gather  (cost=1000.00..340864.31 rows=26 width=21) (actual time=332.548..611.600 rows=50 loops=1)
Gather Merge  (cost=340862.28..340867.88 rows=48 width=131) (actual time=623.665..629.262 rows=60 loops=1)
Gather Merge  (cost=340862.31..340868.15 rows=50 width=131) (actual time=726.949..731.823 rows=120 loops=1)
Gather Merge  (cost=340862.31..340868.15 rows=50 width=131) (actual time=643.424..647.958 rows=84 loops=1)
Gather Merge  (cost=340862.28..340867.88 rows=48 width=131) (actual time=616.757..621.305 rows=88 loops=1)
Gather  (cost=1000.00..340864.31 rows=26 width=21) (actual time=445.633..648.255 rows=50 loops=1)
Gather  (cost=1000.00..340864.41 rows=27 width=21) (actual time=42.314..641.798 rows=54 loops=1)
Gather Merge  (cost=340864.98..340887.84 rows=196 width=131) (actual time=661.756..666.282 rows=174 loops=1)
Gather  (cost=1000.00..340864.41 rows=27 width=403) (actual time=492.430..592.571 rows=108 loops=1)
Gather  (cost=1000.00..340876.91 rows=152 width=21) (actual time=585.875..619.773 rows=330 loops=1)
Gather Merge  (cost=340862.28..340867.88 rows=48 width=131) (actual time=603.404..608.089 rows=42 loops=1)
Gather  (cost=1000.00..340872.11 rows=104 width=21) (actual time=602.297..633.819 rows=216 loops=1)
Gather  (cost=1000.00..340864.31 rows=26 width=140) (actual time=543.566..613.626 rows=39 loops=1)
Gather  (cost=1000.00..340898.31 rows=366 width=21) (actual time=495.397..613.944 rows=304 loops=1)
Gather Merge  (cost=340862.31..340868.15 rows=50 width=131) (actual time=604.869..609.473 rows=36 loops=1)
Gather  (cost=1000.00..340864.41 rows=27 width=403) (actual time=333.823..649.925 rows=36 loops=1)
Gather  (cost=1000.00..340870.01 rows=83 width=21) (actual time=233.807..634.087 rows=87 loops=1)
Gather  (cost=1000.00..340875.41 rows=137 width=21) (actual time=124.626..625.332 rows=76 loops=1)
Gather Merge  (cost=340862.28..340867.88 rows=48 width=131) (actual time=603.235..607.849 rows=60 loops=1)
Gather Merge  (cost=340862.31..340868.15 rows=50 width=131) (actual time=621.015..625.505 rows=49 loops=1)
Gather Merge  (cost=340862.28..340867.88 rows=48 width=131) (actual time=621.732..626.331 rows=75 loops=1)
Gather Merge  (cost=340862.28..340867.88 rows=48 width=131) (actual time=631.511..636.153 rows=99 loops=1)
Gather  (cost=1000.00..340864.41 rows=27 width=140) (actual time=276.499..622.861 rows=33 loops=1)
Gather  (cost=1000.00..340864.31 rows=26 width=140) (actual time=458.804..590.376 rows=69 loops=1)
Gather Merge  (cost=340862.31..340868.15 rows=50 width=131) (actual time=612.341..616.776 rows=54 loops=1)
Gather  (cost=1000.00..340864.41 rows=27 width=21) (actual time=128.367..622.934 rows=60 loops=1)
Gather Merge  (cost=340862.28..340867.88 rows=48 width=131) (actual time=619.474..624.132 rows=75 loops=1)
Gather  (cost=1000.00..340864.31 rows=26 width=140) (actual time=544.047..614.975 rows=45 loops=1)
Gather Merge  (cost=340862.28..340867.88 rows=48 width=131) (actual time=597.597..602.321 rows=52 loops=1)
Gather  (cost=1000.00..340864.41 rows=27 width=21) (actual time=520.721..615.557 rows=52 loops=1)
Gather Merge  (cost=340862.28..340867.88 rows=48 width=131) (actual time=633.026..638.099 rows=94 loops=1)
Gather  (cost=1000.00..340864.41 rows=27 width=403) (actual time=607.759..622.244 rows=16 loops=1)
Gather  (cost=1000.00..340864.41 rows=27 width=21) (actual time=294.120..609.684 rows=34 loops=1)
Gather Merge  (cost=340862.31..340868.15 rows=50 width=131) (actual time=602.099..606.736 rows=98 loops=1)
Gather  (cost=1000.00..340864.41 rows=27 width=140) (actual time=53.071..646.195 rows=28 loops=1)
Gather  (cost=1000.00..340864.51 rows=28 width=21) (actual time=90.867..605.640 rows=32 loops=1)
Gather Merge  (cost=340862.31..340868.15 rows=50 width=131) (actual time=627.680..632.411 rows=86 loops=1)
Gather  (cost=1000.00..340864.41 rows=27 width=140) (actual time=64.223..590.479 rows=45 loops=1)
Gather Merge  (cost=340869.97..340919.68 rows=426 width=131) (actual time=625.088..629.767 rows=680 loops=1)
Gather  (cost=1000.00..340864.31 rows=26 width=403) (actual time=534.922..602.135 rows=26 loops=1)
Gather Merge  (cost=340862.31..340868.15 rows=50 width=131) (actual time=615.553..619.957 rows=43 loops=1)
Gather Merge  (cost=340862.28..340867.88 rows=48 width=131) (actual time=617.061..624.988 rows=52 loops=1)
Gather Merge  (cost=340862.31..340868.15 rows=50 width=131) (actual time=616.213..620.622 rows=130 loops=1)
Gather  (cost=1000.00..340923.41 rows=617 width=21) (actual time=115.637..589.082 rows=826 loops=1)
Gather  (cost=1000.00..340921.51 rows=598 width=140) (actual time=592.868..638.446 rows=600 loops=1)
Gather Merge  (cost=340862.28..340867.88 rows=48 width=131) (actual time=619.806..624.227 rows=36 loops=1)
Gather  (cost=1000.00..340864.31 rows=26 width=21) (actual time=338.117..609.581 rows=48 loops=1)
Gather  (cost=1000.00..340864.41 rows=27 width=21) (actual time=240.017..590.874 rows=54 loops=1)
Gather  (cost=1000.00..340923.31 rows=616 width=21) (actual time=259.008..618.051 rows=1197 loops=1)
Gather Merge  (cost=340862.28..340867.88 rows=48 width=131) (actual time=645.779..650.332 rows=21 loops=1)
Gather  (cost=1000.00..340864.31 rows=26 width=21) (actual time=312.587..619.767 rows=44 loops=1)
Gather  (cost=1000.00..340864.41 rows=27 width=21) (actual time=62.926..609.512 rows=50 loops=1)
Gather Merge  (cost=340862.28..340867.88 rows=48 width=131) (actual time=601.442..605.989 rows=59 loops=1)
Gather Merge  (cost=340862.31..340868.15 rows=50 width=131) (actual time=635.236..639.899 rows=112 loops=1)
Gather  (cost=1000.00..340864.41 rows=27 width=21) (actual time=170.844..607.541 rows=48 loops=1)
Gather  (cost=1000.00..340864.31 rows=26 width=21) (actual time=437.990..613.841 rows=138 loops=1)
Gather  (cost=1000.00..340864.41 rows=27 width=140) (actual time=28.869..607.129 rows=65 loops=1)
Gather  (cost=1000.00..340864.41 rows=27 width=21) (actual time=209.132..592.053 rows=76 loops=1)
Gather  (cost=1000.00..340864.31 rows=26 width=21) (actual time=433.489..609.468 rows=48 loops=1)
Gather  (cost=1000.00..340870.01 rows=83 width=21) (actual time=529.683..634.106 rows=147 loops=1)
Gather  (cost=1000.00..340921.51 rows=598 width=21) (actual time=556.004..614.711 rows=312 loops=1)
Gather  (cost=1000.00..340864.41 rows=27 width=140) (actual time=207.020..615.490 rows=28 loops=1)
Gather  (cost=1000.00..340864.41 rows=27 width=140) (actual time=149.097..590.044 rows=36 loops=1)
Gather  (cost=1000.00..340864.31 rows=26 width=21) (actual time=346.256..631.211 rows=81 loops=1)
Gather  (cost=1000.00..340864.41 rows=27 width=21) (actual time=308.807..607.733 rows=44 loops=1)
Gather  (cost=1000.00..340864.41 rows=27 width=140) (actual time=220.221..604.857 rows=60 loops=1)
Gather  (cost=1000.00..340878.01 rows=163 width=140) (actual time=507.768..606.666 rows=112 loops=1)
Gather  (cost=1000.00..340878.01 rows=163 width=403) (actual time=497.009..594.256 rows=112 loops=1)
Gather  (cost=1000.00..340864.41 rows=27 width=21) (actual time=288.741..606.516 rows=174 loops=1)
Gather  (cost=1000.00..340864.41 rows=27 width=21) (actual time=552.936..648.968 rows=46 loops=1)
Gather  (cost=1000.00..340864.41 rows=27 width=140) (actual time=122.501..608.467 rows=66 loops=1)
Gather  (cost=1000.00..340864.31 rows=26 width=21) (actual time=436.220..605.732 rows=48 loops=1)
Gather  (cost=1000.00..340864.41 rows=27 width=140) (actual time=26.550..578.870 rows=39 loops=1)
Gather  (cost=1000.00..340864.41 rows=27 width=21) (actual time=221.194..636.837 rows=48 loops=1)
Gather  (cost=1000.00..340868.41 rows=67 width=21) (actual time=346.498..612.969 rows=168 loops=1)
Gather  (cost=1000.00..340864.31 rows=26 width=140) (actual time=327.769..610.120 rows=30 loops=1)
Gather  (cost=1000.00..340864.41 rows=27 width=140) (actual time=259.033..591.247 rows=60 loops=1)
Gather Merge  (cost=340864.15..340882.11 rows=154 width=131) (actual time=633.679..638.065 rows=286 loops=1)
Gather Merge  (cost=340862.28..340867.88 rows=48 width=131) (actual time=624.415..629.426 rows=192 loops=1)
Gather  (cost=1000.00..340864.41 rows=27 width=140) (actual time=516.398..619.824 rows=39 loops=1)
Gather  (cost=1000.00..340879.21 rows=175 width=21) (actual time=251.385..607.992 rows=136 loops=1)
Gather  (cost=1000.00..340868.61 rows=69 width=21) (actual time=533.277..595.239 rows=56 loops=1)
Gather Merge  (cost=340862.31..340868.15 rows=50 width=131) (actual time=633.815..638.436 rows=42 loops=1)
Gather  (cost=1000.00..340871.21 rows=95 width=403) (actual time=120.044..607.195 rows=42 loops=1)
Gather  (cost=1000.00..340900.41 rows=387 width=21) (actual time=99.295..629.001 rows=252 loops=1)
Gather  (cost=1000.00..340875.31 rows=136 width=21) (actual time=408.487..607.140 rows=200 loops=1)
Gather  (cost=1000.00..340864.41 rows=27 width=21) (actual time=279.016..594.584 rows=42 loops=1)
Gather  (cost=1000.00..340864.41 rows=27 width=21) (actual time=250.422..620.669 rows=46 loops=1)
Gather  (cost=1000.00..340864.31 rows=26 width=21) (actual time=344.594..616.581 rows=74 loops=1)
Gather  (cost=1000.00..340864.41 rows=27 width=140) (actual time=226.919..619.526 rows=27 loops=1)
Gather Merge  (cost=340862.31..340868.15 rows=50 width=131) (actual time=600.291..604.972 rows=72 loops=1)
Gather  (cost=1000.00..340864.41 rows=27 width=140) (actual time=237.837..587.843 rows=30 loops=1)
Gather Merge  (cost=340862.31..340868.15 rows=50 width=131) (actual time=668.889..673.332 rows=114 loops=1)
Gather  (cost=1000.00..340864.31 rows=26 width=21) (actual time=356.701..618.534 rows=69 loops=1)
Gather  (cost=1000.00..340864.41 rows=27 width=21) (actual time=24.513..616.824 rows=42 loops=1)
Gather  (cost=1000.00..340924.01 rows=623 width=21) (actual time=139.672..591.222 rows=721 loops=1)
Gather  (cost=1000.00..340864.31 rows=26 width=21) (actual time=377.403..611.043 rows=68 loops=1)
Gather  (cost=1000.00..340864.41 rows=27 width=140) (actual time=108.076..628.443 rows=33 loops=1)
Gather Merge  (cost=340862.28..340867.88 rows=48 width=131) (actual time=639.027..643.687 rows=64 loops=1)
Gather  (cost=1000.00..340883.41 rows=217 width=21) (actual time=165.962..604.078 rows=340 loops=1)
Gather  (cost=1000.00..340864.41 rows=27 width=140) (actual time=575.219..590.702 rows=42 loops=1)
Gather  (cost=1000.00..340864.41 rows=27 width=140) (actual time=253.916..591.440 rows=39 loops=1)
Gather  (cost=1000.00..340864.41 rows=27 width=21) (actual time=628.750..652.835 rows=162 loops=1)
Gather  (cost=1000.00..340864.41 rows=27 width=21) (actual time=22.192..628.378 rows=44 loops=1)
Gather  (cost=1000.00..340924.91 rows=632 width=140) (actual time=136.508..600.009 rows=483 loops=1)
Gather  (cost=1000.00..340924.91 rows=632 width=403) (actual time=131.110..588.553 rows=483 loops=1)
Gather Merge  (cost=340862.28..340867.88 rows=48 width=131) (actual time=642.309..647.094 rows=78 loops=1)
Gather  (cost=1000.00..340864.41 rows=27 width=21) (actual time=193.672..604.877 rows=76 loops=1)
Gather  (cost=1000.00..340864.31 rows=26 width=140) (actual time=561.446..631.317 rows=28 loops=1)
Gather Merge  (cost=340862.28..340867.88 rows=48 width=131) (actual time=597.815..602.668 rows=21 loops=1)
Gather Merge  (cost=340862.28..340867.88 rows=48 width=131) (actual time=625.676..630.247 rows=48 loops=1)
Gather Merge  (cost=340884.15..341000.82 rows=1000 width=131) (actual time=615.539..620.734 rows=1556 loops=1)
Gather  (cost=1000.00..340864.41 rows=27 width=21) (actual time=228.160..618.907 rows=66 loops=1)
Gather  (cost=1000.00..340864.41 rows=27 width=21) (actual time=608.260..627.669 rows=102 loops=1)
Gather Merge  (cost=340870.43..340922.47 rows=446 width=131) (actual time=605.428..610.056 rows=604 loops=1)
Gather Merge  (cost=340862.28..340867.88 rows=48 width=131) (actual time=625.390..630.049 rows=72 loops=1)
Gather Merge  (cost=340862.31..340868.15 rows=50 width=131) (actual time=622.741..627.469 rows=54 loops=1)
Gather Merge  (cost=340862.28..340867.88 rows=48 width=131) (actual time=628.965..633.563 rows=102 loops=1)
Gather  (cost=1000.00..340867.91 rows=62 width=403) (actual time=596.124..615.701 rows=36 loops=1)
Gather Merge  (cost=340862.28..340867.88 rows=48 width=131) (actual time=607.989..612.455 rows=57 loops=1)
Gather  (cost=1000.00..340864.41 rows=27 width=21) (actual time=23.928..596.320 rows=72 loops=1)
Gather Merge  (cost=340862.28..340867.88 rows=48 width=131) (actual time=655.001..661.061 rows=132 loops=1)
Gather Merge  (cost=340862.28..340867.88 rows=48 width=131) (actual time=623.878..628.606 rows=78 loops=1)
Gather Merge  (cost=340862.28..340867.88 rows=48 width=131) (actual time=638.253..642.787 rows=66 loops=1)
Gather  (cost=1000.00..340864.41 rows=27 width=21) (actual time=213.541..591.153 rows=36 loops=1)
Gather Merge  (cost=340862.28..340867.88 rows=48 width=131) (actual time=613.312..617.945 rows=80 loops=1)
Gather  (cost=1000.00..340864.31 rows=26 width=21) (actual time=473.618..613.038 rows=38 loops=1)
Gather  (cost=1000.00..340864.31 rows=26 width=21) (actual time=514.678..665.024 rows=50 loops=1)
Gather  (cost=1000.00..340864.51 rows=28 width=21) (actual time=96.215..611.783 rows=60 loops=1)
Gather  (cost=1000.00..340877.61 rows=159 width=140) (actual time=406.008..617.738 rows=153 loops=1)
Gather  (cost=1000.00..340864.31 rows=26 width=21) (actual time=557.115..593.571 rows=81 loops=1)
Gather Merge  (cost=340862.28..340867.88 rows=48 width=131) (actual time=631.078..635.680 rows=87 loops=1)
Gather  (cost=1000.00..340864.41 rows=27 width=21) (actual time=238.163..604.049 rows=56 loops=1)
Gather  (cost=1000.00..340864.41 rows=27 width=21) (actual time=169.060..632.293 rows=58 loops=1)
Gather Merge  (cost=340862.28..340867.88 rows=48 width=131) (actual time=617.631..622.637 rows=39 loops=1)
Gather  (cost=1000.00..340864.41 rows=27 width=140) (actual time=48.968..626.332 rows=56 loops=1)
Gather Merge  (cost=340862.31..340868.15 rows=50 width=131) (actual time=598.102..602.947 rows=66 loops=1)
Gather  (cost=1000.00..340864.41 rows=27 width=21) (actual time=614.857..630.587 rows=44 loops=1)
Gather  (cost=1000.00..340864.41 rows=27 width=140) (actual time=209.916..604.279 rows=39 loops=1)
Gather  (cost=1000.00..340864.51 rows=28 width=21) (actual time=98.036..631.656 rows=104 loops=1)
Gather  (cost=1000.00..340879.21 rows=175 width=21) (actual time=592.744..606.442 rows=105 loops=1)
Gather  (cost=1000.00..340864.41 rows=27 width=21) (actual time=139.535..617.512 rows=44 loops=1)
Gather  (cost=1000.00..340864.31 rows=26 width=140) (actual time=517.028..593.086 rows=30 loops=1)
Gather Merge  (cost=340862.28..340867.88 rows=48 width=131) (actual time=628.967..633.536 rows=44 loops=1)
Gather Merge  (cost=340871.18..340926.95 rows=478 width=131) (actual time=621.245..627.374 rows=668 loops=1)
Gather  (cost=1000.00..340864.41 rows=27 width=140) (actual time=200.535..647.037 rows=42 loops=1)
Gather  (cost=1000.00..340882.31 rows=206 width=140) (actual time=337.064..629.431 rows=260 loops=1)
Gather Merge  (cost=340865.26..340889.76 rows=210 width=131) (actual time=601.730..607.300 rows=273 loops=1)
Gather  (cost=1000.00..340875.81 rows=141 width=21) (actual time=594.820..629.991 rows=213 loops=1)
Gather Merge  (cost=340864.11..340881.84 rows=152 width=131) (actual time=619.602..624.162 rows=108 loops=1)
Gather  (cost=1000.00..340880.01 rows=183 width=403) (actual time=48.589..624.716 rows=108 loops=1)
Gather  (cost=1000.00..340871.81 rows=101 width=21) (actual time=210.125..590.161 rows=117 loops=1)
Gather  (cost=1000.00..340872.01 rows=103 width=21) (actual time=306.317..612.257 rows=88 loops=1)
Gather  (cost=1000.00..340870.31 rows=86 width=21) (actual time=489.154..593.254 rows=112 loops=1)
Gather Merge  (cost=340862.31..340868.15 rows=50 width=131) (actual time=629.410..648.714 rows=100 loops=1)
Gather  (cost=1000.00..340882.71 rows=210 width=140) (actual time=300.508..620.353 rows=180 loops=1)
Gather Merge  (cost=340862.28..340867.88 rows=48 width=131) (actual time=620.837..625.391 rows=75 loops=1)
Gather  (cost=1000.00..340864.41 rows=27 width=21) (actual time=221.816..585.779 rows=72 loops=1)
Gather  (cost=1000.00..340867.81 rows=61 width=21) (actual time=458.491..635.998 rows=72 loops=1)
Gather Merge  (cost=340862.28..340867.88 rows=48 width=131) (actual time=607.740..612.472 rows=80 loops=1)
Gather Merge  (cost=340862.28..340867.88 rows=48 width=131) (actual time=633.338..637.824 rows=33 loops=1)
Gather  (cost=1000.00..340864.41 rows=27 width=21) (actual time=51.976..588.630 rows=48 loops=1)
Gather  (cost=1000.00..340864.31 rows=26 width=21) (actual time=303.853..626.036 rows=30 loops=1)
Gather  (cost=1000.00..340864.31 rows=26 width=21) (actual time=516.716..602.493 rows=54 loops=1)
Gather  (cost=1000.00..340864.41 rows=27 width=21) (actual time=304.026..613.385 rows=48 loops=1)
Gather  (cost=1000.00..340864.41 rows=27 width=21) (actual time=108.787..621.062 rows=52 loops=1)
Gather  (cost=1000.00..340864.31 rows=26 width=140) (actual time=458.227..592.417 rows=33 loops=1)
Gather  (cost=1000.00..340864.41 rows=27 width=21) (actual time=571.178..590.527 rows=64 loops=1)
Gather Merge  (cost=340862.31..340868.15 rows=50 width=131) (actual time=640.421..644.946 rows=156 loops=1)
Gather  (cost=1000.00..340877.41 rows=157 width=403) (actual time=117.591..644.952 rows=156 loops=1)
Gather  (cost=1000.00..340880.31 rows=186 width=21) (actual time=89.083..609.479 rows=170 loops=1)
Gather Merge  (cost=340864.34..340883.48 rows=164 width=131) (actual time=600.711..605.353 rows=239 loops=1)
Gather  (cost=1000.00..340864.41 rows=27 width=21) (actual time=594.860..606.293 rows=36 loops=1)
Gather  (cost=1000.00..340864.41 rows=27 width=140) (actual time=213.943..608.752 rows=36 loops=1)
Gather  (cost=1000.00..340864.41 rows=27 width=21) (actual time=225.904..615.278 rows=56 loops=1)
Gather  (cost=1000.00..340864.31 rows=26 width=140) (actual time=319.272..608.604 rows=111 loops=1)
Gather  (cost=1000.00..340864.31 rows=26 width=403) (actual time=300.537..589.092 rows=111 loops=1)
Gather  (cost=1000.00..340864.31 rows=26 width=140) (actual time=346.639..611.726 rows=39 loops=1)
Gather  (cost=1000.00..340879.01 rows=173 width=140) (actual time=583.034..623.022 rows=205 loops=1)
Gather  (cost=1000.00..340873.11 rows=114 width=21) (actual time=155.494..613.198 rows=236 loops=1)
Gather Merge  (cost=340862.28..340867.88 rows=48 width=131) (actual time=618.624..623.104 rows=49 loops=1)
Gather  (cost=1000.00..340868.31 rows=66 width=140) (actual time=382.811..591.786 rows=36 loops=1)
Gather  (cost=1000.00..340868.31 rows=66 width=403) (actual time=382.096..620.333 rows=36 loops=1)
Gather  (cost=1000.00..340864.41 rows=27 width=21) (actual time=225.319..607.254 rows=48 loops=1)
Gather  (cost=1000.00..340864.41 rows=27 width=140) (actual time=241.887..609.002 rows=28 loops=1)
Gather  (cost=1000.00..340864.41 rows=27 width=403) (actual time=253.113..616.513 rows=28 loops=1)
Gather Merge  (cost=340862.28..340867.88 rows=48 width=131) (actual time=599.535..604.151 rows=146 loops=1)
Gather Merge  (cost=340862.31..340868.15 rows=50 width=131) (actual time=638.504..643.165 rows=86 loops=1)
Gather  (cost=1000.00..340864.41 rows=27 width=21) (actual time=190.215..615.206 rows=42 loops=1)
Gather  (cost=1000.00..340864.41 rows=27 width=21) (actual time=222.364..612.107 rows=68 loops=1)
Gather  (cost=1000.00..340864.41 rows=27 width=140) (actual time=243.092..613.953 rows=20 loops=1)
Gather Merge  (cost=340862.28..340867.88 rows=48 width=131) (actual time=602.968..607.698 rows=42 loops=1)
Gather  (cost=1000.00..340864.41 rows=27 width=140) (actual time=194.560..623.699 rows=16 loops=1)
Gather  (cost=1000.00..340864.41 rows=27 width=403) (actual time=199.177..603.381 rows=16 loops=1)
Gather  (cost=1000.00..340864.41 rows=27 width=21) (actual time=121.357..613.626 rows=88 loops=1)
Gather  (cost=1000.00..340864.41 rows=27 width=21) (actual time=145.879..608.737 rows=46 loops=1)
Gather Merge  (cost=340862.28..340867.88 rows=48 width=131) (actual time=599.347..603.870 rows=45 loops=1)
Gather  (cost=1000.00..340864.41 rows=27 width=140) (actual time=520.532..628.346 rows=42 loops=1)
Gather  (cost=1000.00..340876.31 rows=146 width=21) (actual time=341.209..609.052 rows=135 loops=1)
Gather Merge  (cost=340862.31..340868.15 rows=50 width=131) (actual time=640.882..645.640 rows=90 loops=1)
Gather Merge  (cost=340862.28..340867.88 rows=48 width=131) (actual time=600.052..604.762 rows=22 loops=1)
Gather  (cost=1000.00..340868.61 rows=69 width=403) (actual time=182.338..606.625 rows=60 loops=1)
Gather  (cost=1000.00..340864.31 rows=26 width=21) (actual time=548.657..611.418 rows=46 loops=1)
Gather  (cost=1000.00..340864.51 rows=28 width=21) (actual time=93.525..609.147 rows=60 loops=1)
Gather Merge  (cost=340862.28..340867.88 rows=48 width=131) (actual time=640.033..644.500 rows=27 loops=1)
Gather  (cost=1000.00..340877.41 rows=157 width=21) (actual time=578.389..592.147 rows=100 loops=1)
Gather  (cost=1000.00..340864.41 rows=27 width=21) (actual time=250.374..592.956 rows=76 loops=1)
Gather Merge  (cost=340862.28..340867.88 rows=48 width=131) (actual time=650.020..654.754 rows=109 loops=1)
Gather  (cost=1000.00..340870.31 rows=86 width=21) (actual time=430.423..629.685 rows=45 loops=1)
Gather  (cost=1000.00..340864.31 rows=26 width=21) (actual time=336.049..615.042 rows=74 loops=1)
Gather Merge  (cost=340865.59..340891.96 rows=226 width=131) (actual time=600.376..604.762 rows=280 loops=1)
Gather Merge  (cost=340862.28..340867.88 rows=48 width=131) (actual time=622.362..626.702 rows=50 loops=1)
Gather Merge  (cost=340862.28..340867.88 rows=48 width=131) (actual time=627.245..631.878 rows=367 loops=1)
Gather  (cost=1000.00..340864.31 rows=26 width=21) (actual time=368.393..639.531 rows=81 loops=1)
Gather  (cost=1000.00..340876.21 rows=145 width=21) (actual time=284.103..605.842 rows=90 loops=1)
Gather  (cost=1000.00..340864.41 rows=27 width=21) (actual time=64.656..592.323 rows=38 loops=1)
Gather  (cost=1000.00..340869.41 rows=77 width=21) (actual time=328.505..618.190 rows=100 loops=1)
Gather Merge  (cost=340862.28..340867.88 rows=48 width=131) (actual time=631.279..667.180 rows=46 loops=1)
Gather Merge  (cost=340862.31..340868.15 rows=50 width=131) (actual time=635.047..639.995 rows=73 loops=1)
Gather Merge  (cost=340862.31..340868.15 rows=50 width=131) (actual time=600.582..605.051 rows=32 loops=1)
Gather Merge  (cost=340864.62..340885.38 rows=178 width=131) (actual time=629.568..634.575 rows=177 loops=1)
Gather  (cost=1000.00..340868.91 rows=72 width=21) (actual time=150.193..617.142 rows=88 loops=1)
Gather  (cost=1000.00..340864.31 rows=26 width=21) (actual time=444.462..633.958 rows=78 loops=1)
Gather Merge  (cost=340862.31..340868.15 rows=50 width=131) (actual time=629.596..634.168 rows=72 loops=1)
Gather Merge  (cost=340862.28..340867.88 rows=48 width=131) (actual time=601.237..605.800 rows=28 loops=1)
Gather  (cost=1000.00..340864.41 rows=27 width=140) (actual time=55.380..609.556 rows=24 loops=1)
Gather Merge  (cost=340862.28..340867.88 rows=48 width=131) (actual time=624.700..629.276 rows=132 loops=1)
Gather  (cost=1000.00..340864.41 rows=27 width=140) (actual time=70.584..609.651 rows=24 loops=1)
Gather  (cost=1000.00..340875.41 rows=137 width=21) (actual time=337.310..607.397 rows=88 loops=1)
Gather  (cost=1000.00..340923.31 rows=616 width=140) (actual time=495.423..589.348 rows=990 loops=1)
Gather  (cost=1000.00..340864.41 rows=27 width=21) (actual time=287.110..613.056 rows=54 loops=1)
Gather Merge  (cost=340862.31..340868.15 rows=50 width=131) (actual time=623.174..627.739 rows=60 loops=1)
Gather  (cost=1000.00..340864.41 rows=27 width=140) (actual time=379.418..621.761 rows=36 loops=1)
Gather  (cost=1000.00..340869.11 rows=74 width=140) (actual time=273.392..605.420 rows=60 loops=1)
Gather  (cost=1000.00..340864.41 rows=27 width=21) (actual time=505.258..592.128 rows=72 loops=1)
Gather  (cost=1000.00..340869.11 rows=74 width=403) (actual time=269.244..612.756 rows=60 loops=1)
Gather Merge  (cost=340862.28..340867.88 rows=48 width=131) (actual time=642.926..647.503 rows=132 loops=1)
Gather  (cost=1000.00..340875.71 rows=140 width=21) (actual time=206.746..611.495 rows=164 loops=1)
Gather Merge  (cost=340862.28..340867.88 rows=48 width=131) (actual time=618.822..623.222 rows=112 loops=1)
Gather Merge  (cost=340862.31..340868.15 rows=50 width=131) (actual time=597.573..602.163 rows=184 loops=1)
Gather  (cost=1000.00..340864.31 rows=26 width=21) (actual time=476.513..613.784 rows=48 loops=1)
Gather  (cost=1000.00..340922.61 rows=609 width=21) (actual time=470.470..618.669 rows=815 loops=1)
Gather  (cost=1000.00..340864.41 rows=27 width=21) (actual time=105.358..610.560 rows=114 loops=1)
Gather Merge  (cost=340862.28..340867.88 rows=48 width=131) (actual time=617.358..621.808 rows=39 loops=1)
Gather  (cost=1000.00..340864.41 rows=27 width=403) (actual time=480.084..590.395 rows=39 loops=1)
Gather  (cost=1000.00..340869.21 rows=75 width=21) (actual time=433.727..632.959 rows=72 loops=1)
Gather Merge  (cost=340862.31..340868.15 rows=50 width=131) (actual time=626.033..631.085 rows=150 loops=1)
Gather Merge  (cost=340862.31..340868.15 rows=50 width=131) (actual time=628.013..632.576 rows=60 loops=1)
Gather Merge  (cost=340862.28..340867.88 rows=48 width=131) (actual time=603.081..607.621 rows=102 loops=1)
Gather  (cost=1000.00..340864.31 rows=26 width=21) (actual time=349.015..613.180 rows=69 loops=1)
Gather  (cost=1000.00..340864.41 rows=27 width=21) (actual time=215.778..615.463 rows=48 loops=1)
Gather Merge  (cost=340862.31..340868.15 rows=50 width=131) (actual time=628.742..633.703 rows=30 loops=1)
Gather  (cost=1000.00..340864.41 rows=27 width=21) (actual time=176.537..618.627 rows=72 loops=1)
Gather  (cost=1000.00..340868.01 rows=63 width=21) (actual time=511.446..590.857 rows=111 loops=1)
Gather  (cost=1000.00..340864.41 rows=27 width=21) (actual time=110.332..610.933 rows=36 loops=1)
Gather  (cost=1000.00..340864.41 rows=27 width=21) (actual time=403.846..619.516 rows=60 loops=1)
Gather Merge  (cost=340862.28..340867.88 rows=48 width=131) (actual time=621.233..625.811 rows=50 loops=1)
Gather  (cost=1000.00..340864.41 rows=27 width=21) (actual time=60.413..611.095 rows=48 loops=1)
Gather  (cost=1000.00..340877.41 rows=157 width=140) (actual time=513.161..605.608 rows=256 loops=1)
Gather  (cost=1000.00..340864.31 rows=26 width=21) (actual time=490.694..624.722 rows=48 loops=1)
Gather  (cost=1000.00..340864.41 rows=27 width=21) (actual time=56.123..617.364 rows=58 loops=1)
Gather Merge  (cost=340870.29..340921.63 rows=440 width=131) (actual time=634.765..639.485 rows=379 loops=1)
Gather  (cost=1000.00..340864.31 rows=26 width=21) (actual time=333.640..621.103 rows=46 loops=1)
Gather Merge  (cost=340862.31..340868.15 rows=50 width=131) (actual time=605.244..609.921 rows=54 loops=1)
Gather  (cost=1000.00..340870.41 rows=87 width=21) (actual time=74.954..636.374 rows=58 loops=1)
Gather Merge  (cost=340862.31..340868.15 rows=50 width=131) (actual time=629.314..633.842 rows=48 loops=1)
Gather Merge  (cost=340862.31..340868.15 rows=50 width=131) (actual time=622.966..627.669 rows=42 loops=1)
Gather  (cost=1000.00..340864.51 rows=28 width=21) (actual time=84.766..595.608 rows=40 loops=1)
Gather Merge  (cost=340862.28..340867.88 rows=48 width=131) (actual time=603.672..608.352 rows=130 loops=1)
Gather  (cost=1000.00..340864.31 rows=26 width=21) (actual time=457.631..632.988 rows=64 loops=1)
Gather  (cost=1000.00..340864.41 rows=27 width=21) (actual time=185.289..617.324 rows=44 loops=1)
Gather  (cost=1000.00..340864.41 rows=27 width=21) (actual time=506.339..626.687 rows=70 loops=1)
Gather  (cost=1000.00..340864.41 rows=27 width=140) (actual time=369.377..591.874 rows=26 loops=1)
Gather  (cost=1000.00..340864.31 rows=26 width=21) (actual time=424.154..587.666 rows=69 loops=1)
Gather  (cost=1000.00..340864.41 rows=27 width=21) (actual time=172.969..622.971 rows=44 loops=1)
Gather  (cost=1000.00..340869.31 rows=76 width=21) (actual time=454.381..610.837 rows=104 loops=1)
Gather Merge  (cost=340862.28..340867.88 rows=48 width=131) (actual time=631.103..641.599 rows=87 loops=1)
Gather  (cost=1000.00..340877.91 rows=162 width=21) (actual time=45.830..605.461 rows=260 loops=1)
Gather  (cost=1000.00..340864.31 rows=26 width=140) (actual time=555.456..587.918 rows=48 loops=1)
Gather  (cost=1000.00..340864.31 rows=26 width=403) (actual time=605.372..640.484 rows=48 loops=1)
Gather  (cost=1000.00..340864.41 rows=27 width=21) (actual time=308.558..616.317 rows=60 loops=1)
Gather  (cost=1000.00..340864.31 rows=26 width=21) (actual time=333.513..614.303 rows=54 loops=1)
Gather  (cost=1000.00..340899.21 rows=375 width=140) (actual time=66.550..589.135 rows=104 loops=1)
Gather  (cost=1000.00..340864.51 rows=28 width=21) (actual time=84.751..612.625 rows=48 loops=1)
Gather Merge  (cost=340862.31..340868.15 rows=50 width=131) (actual time=618.825..623.335 rows=36 loops=1)
Gather  (cost=1000.00..340864.41 rows=27 width=403) (actual time=116.949..619.614 rows=36 loops=1)
Gather  (cost=1000.00..340864.31 rows=26 width=21) (actual time=413.502..617.631 rows=78 loops=1)
Gather  (cost=1000.00..340864.41 rows=27 width=21) (actual time=219.432..592.624 rows=44 loops=1)
Gather  (cost=1000.00..340864.31 rows=26 width=21) (actual time=447.483..589.816 rows=132 loops=1)
Gather  (cost=1000.00..340864.41 rows=27 width=21) (actual time=21.295..640.608 rows=74 loops=1)
Gather Merge  (cost=340864.11..340881.84 rows=152 width=131) (actual time=628.130..632.515 rows=168 loops=1)
Gather  (cost=1000.00..340864.41 rows=27 width=21) (actual time=598.751..608.665 rows=44 loops=1)
Gather Merge  (cost=340862.28..340867.88 rows=48 width=131) (actual time=598.575..603.257 rows=120 loops=1)
Gather  (cost=1000.00..340864.51 rows=28 width=21) (actual time=72.274..617.075 rows=54 loops=1)
Gather  (cost=1000.00..340864.41 rows=27 width=21) (actual time=258.358..607.748 rows=86 loops=1)
Gather  (cost=1000.00..340864.31 rows=26 width=21) (actual time=581.222..647.872 rows=56 loops=1)
Gather  (cost=1000.00..340868.61 rows=69 width=21) (actual time=340.599..607.015 rows=72 loops=1)
Gather Merge  (cost=340862.31..340868.15 rows=50 width=131) (actual time=601.644..606.314 rows=63 loops=1)
Gather Merge  (cost=340869.51..340916.88 rows=406 width=131) (actual time=631.189..636.132 rows=308 loops=1)
Gather Merge  (cost=340862.28..340867.88 rows=48 width=131) (actual time=624.956..630.223 rows=30 loops=1)
Gather  (cost=1000.00..340872.51 rows=108 width=21) (actual time=167.666..639.428 rows=176 loops=1)
Gather Merge  (cost=340862.28..340867.88 rows=48 width=131) (actual time=603.348..607.916 rows=39 loops=1)
Gather  (cost=1000.00..340864.41 rows=27 width=21) (actual time=486.885..610.816 rows=106 loops=1)
Gather  (cost=1000.00..340864.41 rows=27 width=21) (actual time=0.627..600.465 rows=90 loops=1)
Gather Merge  (cost=340862.28..340867.88 rows=48 width=131) (actual time=635.550..640.461 rows=60 loops=1)
Gather  (cost=1000.00..340875.61 rows=139 width=140) (actual time=505.353..625.799 rows=120 loops=1)
Gather  (cost=1000.00..340875.61 rows=139 width=403) (actual time=491.180..598.056 rows=120 loops=1)
Gather Merge  (cost=340862.31..340868.15 rows=50 width=131) (actual time=598.127..602.777 rows=24 loops=1)
Gather  (cost=1000.00..340868.31 rows=66 width=21) (actual time=584.038..632.474 rows=110 loops=1)
Gather Merge  (cost=340862.28..340867.88 rows=48 width=131) (actual time=625.124..629.702 rows=81 loops=1)
Gather  (cost=1000.00..340864.41 rows=27 width=21) (actual time=269.682..614.578 rows=34 loops=1)
Gather Merge  (cost=340862.31..340868.15 rows=50 width=131) (actual time=597.687..602.280 rows=70 loops=1)
Gather  (cost=1000.00..340864.31 rows=26 width=21) (actual time=487.232..616.159 rows=66 loops=1)
Gather Merge  (cost=340862.31..340868.15 rows=50 width=131) (actual time=616.209..620.832 rows=123 loops=1)
Gather  (cost=1000.00..340864.31 rows=26 width=140) (actual time=484.117..623.754 rows=40 loops=1)
Gather  (cost=1000.00..340864.41 rows=27 width=21) (actual time=149.694..606.810 rows=48 loops=1)
Gather Merge  (cost=340862.28..340867.88 rows=48 width=131) (actual time=602.833..607.444 rows=103 loops=1)
Gather  (cost=1000.00..340864.41 rows=27 width=140) (actual time=296.814..588.115 rows=36 loops=1)
Gather  (cost=1000.00..340868.01 rows=63 width=21) (actual time=452.340..639.788 rows=63 loops=1)
Gather  (cost=1000.00..340864.31 rows=26 width=140) (actual time=532.938..612.021 rows=36 loops=1)
Gather  (cost=1000.00..340864.41 rows=27 width=140) (actual time=529.624..615.992 rows=26 loops=1)
Gather  (cost=1000.00..340864.31 rows=26 width=21) (actual time=393.406..590.537 rows=74 loops=1)
Gather  (cost=1000.00..340864.41 rows=27 width=21) (actual time=519.607..613.886 rows=52 loops=1)
Gather  (cost=1000.00..340864.41 rows=27 width=21) (actual time=392.452..613.273 rows=44 loops=1)
Gather  (cost=1000.00..340870.41 rows=87 width=21) (actual time=160.584..628.089 rows=68 loops=1)
Gather  (cost=1000.00..340864.31 rows=26 width=21) (actual time=338.814..606.819 rows=54 loops=1)
Gather  (cost=1000.00..340881.81 rows=201 width=140) (actual time=431.499..587.258 rows=52 loops=1)
Gather  (cost=1000.00..340864.41 rows=27 width=21) (actual time=191.830..615.616 rows=36 loops=1)
Gather  (cost=1000.00..340864.31 rows=26 width=21) (actual time=587.660..621.814 rows=46 loops=1)
Gather Merge  (cost=340862.28..340867.88 rows=48 width=131) (actual time=638.008..642.518 rows=110 loops=1)
Gather  (cost=1000.00..340864.31 rows=26 width=21) (actual time=487.758..606.445 rows=84 loops=1)
Gather Merge  (cost=340862.31..340868.15 rows=50 width=131) (actual time=602.719..607.567 rows=69 loops=1)
Gather  (cost=1000.00..340870.11 rows=84 width=21) (actual time=87.835..611.544 rows=88 loops=1)
Gather  (cost=1000.00..340868.51 rows=68 width=21) (actual time=513.980..615.316 rows=81 loops=1)
Gather  (cost=1000.00..340864.41 rows=27 width=21) (actual time=291.590..616.707 rows=87 loops=1)
Gather Merge  (cost=340864.62..340885.38 rows=178 width=131) (actual time=621.659..626.201 rows=231 loops=1)
Gather  (cost=1000.00..340864.31 rows=26 width=140) (actual time=554.089..587.431 rows=33 loops=1)
Gather  (cost=1000.00..340864.31 rows=26 width=403) (actual time=578.649..611.853 rows=33 loops=1)
Gather  (cost=1000.00..340864.31 rows=26 width=140) (actual time=349.767..608.001 rows=45 loops=1)
Gather  (cost=1000.00..340864.31 rows=26 width=403) (actual time=361.311..622.021 rows=45 loops=1)
Gather Merge  (cost=340862.28..340867.88 rows=48 width=131) (actual time=627.154..632.033 rows=42 loops=1)
Gather  (cost=1000.00..340864.41 rows=27 width=140) (actual time=575.524..592.751 rows=45 loops=1)
Gather Merge  (cost=340862.28..340867.88 rows=48 width=131) (actual time=622.020..626.731 rows=112 loops=1)
Gather  (cost=1000.00..340864.41 rows=27 width=140) (actual time=500.016..609.589 rows=56 loops=1)
Gather Merge  (cost=340862.31..340868.15 rows=50 width=131) (actual time=638.927..643.609 rows=176 loops=1)
Gather Merge  (cost=340862.28..340867.88 rows=48 width=131) (actual time=613.423..618.126 rows=90 loops=1)
Gather Merge  (cost=340862.31..340868.15 rows=50 width=131) (actual time=605.055..609.627 rows=68 loops=1)
Gather  (cost=1000.00..340864.31 rows=26 width=21) (actual time=562.991..609.711 rows=72 loops=1)
Gather  (cost=1000.00..340868.21 rows=65 width=140) (actual time=38.414..624.976 rows=104 loops=1)
Gather  (cost=1000.00..340868.21 rows=65 width=403) (actual time=39.889..641.742 rows=104 loops=1)
Gather  (cost=1000.00..340864.41 rows=27 width=21) (actual time=177.317..609.787 rows=92 loops=1)
Gather Merge  (cost=340862.28..340867.88 rows=48 width=131) (actual time=602.531..607.044 rows=99 loops=1)
Gather  (cost=1000.00..340864.31 rows=26 width=403) (actual time=336.195..642.075 rows=45 loops=1)
Gather  (cost=1000.00..340864.41 rows=27 width=140) (actual time=509.351..600.709 rows=36 loops=1)
Gather  (cost=1000.00..340864.41 rows=27 width=403) (actual time=526.452..617.724 rows=36 loops=1)
Gather  (cost=1000.00..340864.31 rows=26 width=21) (actual time=335.537..613.986 rows=36 loops=1)
Gather Merge  (cost=340862.31..340868.15 rows=50 width=131) (actual time=601.507..606.552 rows=42 loops=1)
Gather  (cost=1000.00..340864.31 rows=26 width=21) (actual time=417.998..616.747 rows=72 loops=1)
Gather  (cost=1000.00..340864.41 rows=27 width=140) (actual time=216.099..619.054 rows=48 loops=1)
Gather Merge  (cost=340862.28..340867.88 rows=48 width=131) (actual time=614.973..619.712 rows=24 loops=1)
Gather  (cost=1000.00..340864.41 rows=27 width=21) (actual time=189.905..618.176 rows=64 loops=1)
Gather  (cost=1000.00..340877.01 rows=153 width=21) (actual time=409.683..589.871 rows=156 loops=1)
Gather  (cost=1000.00..340883.31 rows=216 width=140) (actual time=617.425..632.533 rows=408 loops=1)
Gather  (cost=1000.00..340864.41 rows=27 width=21) (actual time=103.406..609.708 rows=66 loops=1)
Gather Merge  (cost=340862.31..340868.15 rows=50 width=131) (actual time=626.913..631.393 rows=30 loops=1)
Gather  (cost=1000.00..340864.31 rows=26 width=21) (actual time=436.995..587.291 rows=42 loops=1)
Gather  (cost=1000.00..340864.31 rows=26 width=21) (actual time=408.776..593.423 rows=52 loops=1)
Gather Merge  (cost=340862.28..340867.88 rows=48 width=131) (actual time=633.520..639.117 rows=50 loops=1)
Gather Merge  (cost=340862.31..340868.15 rows=50 width=131) (actual time=631.957..636.509 rows=176 loops=1)
Gather Merge  (cost=340862.28..340867.88 rows=48 width=131) (actual time=623.148..627.699 rows=99 loops=1)
Gather Merge  (cost=340862.31..340868.15 rows=50 width=131) (actual time=600.181..604.708 rows=92 loops=1)
Gather  (cost=1000.00..340878.51 rows=168 width=21) (actual time=203.415..610.761 rows=220 loops=1)
Gather  (cost=1000.00..340864.31 rows=26 width=140) (actual time=335.188..623.847 rows=16 loops=1)
Gather  (cost=1000.00..340864.31 rows=26 width=21) (actual time=549.984..615.607 rows=52 loops=1)
Gather  (cost=1000.00..340870.91 rows=92 width=21) (actual time=526.455..608.141 rows=105 loops=1)
Gather  (cost=1000.00..340868.91 rows=72 width=21) (actual time=146.564..590.122 rows=78 loops=1)
Gather  (cost=1000.00..340868.51 rows=68 width=21) (actual time=519.314..629.259 rows=249 loops=1)
Gather  (cost=1000.00..340864.41 rows=27 width=21) (actual time=107.107..614.915 rows=52 loops=1)
Gather Merge  (cost=340862.28..340867.88 rows=48 width=131) (actual time=619.976..624.654 rows=40 loops=1)
Gather Merge  (cost=340862.28..340867.88 rows=48 width=131) (actual time=632.454..636.970 rows=74 loops=1)
Gather Merge  (cost=340862.28..340867.88 rows=48 width=131) (actual time=598.827..603.328 rows=130 loops=1)
Gather  (cost=1000.00..340864.41 rows=27 width=21) (actual time=227.564..628.831 rows=56 loops=1)
Gather  (cost=1000.00..340864.41 rows=27 width=21) (actual time=255.029..608.370 rows=126 loops=1)
Gather  (cost=1000.00..340864.41 rows=27 width=21) (actual time=519.455..621.730 rows=106 loops=1)
Gather  (cost=1000.00..340864.51 rows=28 width=21) (actual time=83.972..588.579 rows=54 loops=1)
Gather Merge  (cost=340862.28..340867.88 rows=48 width=131) (actual time=599.662..605.000 rows=56 loops=1)
Gather  (cost=1000.00..340864.41 rows=27 width=403) (actual time=609.373..626.021 rows=56 loops=1)
Gather  (cost=1000.00..340864.31 rows=26 width=21) (actual time=447.799..627.941 rows=42 loops=1)
Gather Merge  (cost=340862.28..340867.88 rows=48 width=131) (actual time=616.402..621.025 rows=21 loops=1)
Gather  (cost=1000.00..340864.41 rows=27 width=403) (actual time=574.819..593.248 rows=21 loops=1)
Gather  (cost=1000.00..340864.41 rows=27 width=21) (actual time=200.791..608.081 rows=40 loops=1)
Gather  (cost=1000.00..340864.41 rows=27 width=21) (actual time=595.964..611.871 rows=66 loops=1)
Gather Merge  (cost=340862.31..340868.15 rows=50 width=131) (actual time=627.514..632.340 rows=177 loops=1)
Gather  (cost=1000.00..340864.41 rows=27 width=140) (actual time=231.444..607.966 rows=18 loops=1)
Gather  (cost=1000.00..340864.41 rows=27 width=403) (actual time=230.386..590.727 rows=18 loops=1)
Gather  (cost=1000.00..340864.41 rows=27 width=21) (actual time=224.816..603.762 rows=65 loops=1)
Gather Merge  (cost=340862.28..340867.88 rows=48 width=131) (actual time=638.016..642.553 rows=39 loops=1)
Gather  (cost=1000.00..340864.41 rows=27 width=140) (actual time=505.322..606.795 rows=45 loops=1)
Gather  (cost=1000.00..340864.41 rows=27 width=21) (actual time=184.114..623.467 rows=88 loops=1)
Gather  (cost=1000.00..340864.31 rows=26 width=21) (actual time=303.664..593.252 rows=36 loops=1)
Gather Merge  (cost=340862.31..340868.15 rows=50 width=131) (actual time=619.812..624.268 rows=30 loops=1)
Gather  (cost=1000.00..340864.31 rows=26 width=21) (actual time=330.076..624.510 rows=78 loops=1)
Gather  (cost=1000.00..340864.41 rows=27 width=21) (actual time=34.349..622.167 rows=75 loops=1)
Gather  (cost=1000.00..340872.41 rows=107 width=21) (actual time=594.222..611.349 rows=148 loops=1)
Gather Merge  (cost=340862.28..340867.88 rows=48 width=131) (actual time=600.985..605.463 rows=135 loops=1)
Gather  (cost=1000.00..340864.41 rows=27 width=21) (actual time=243.600..622.581 rows=60 loops=1)
Gather  (cost=1000.00..340864.41 rows=27 width=21) (actual time=601.322..610.004 rows=46 loops=1)
Gather Merge  (cost=340862.28..340867.88 rows=48 width=131) (actual time=648.652..653.323 rows=60 loops=1)
Gather Merge  (cost=340862.28..340867.88 rows=48 width=131) (actual time=603.561..608.148 rows=15 loops=1)
Gather  (cost=1000.00..340864.31 rows=26 width=403) (actual time=396.699..590.388 rows=15 loops=1)
Gather  (cost=1000.00..340864.31 rows=26 width=140) (actual time=569.031..627.513 rows=35 loops=1)
Gather Merge  (cost=340862.31..340868.15 rows=50 width=131) (actual time=622.345..626.952 rows=52 loops=1)
Gather  (cost=1000.00..340864.41 rows=27 width=21) (actual time=241.466..617.129 rows=57 loops=1)
Gather Merge  (cost=340865.06..340888.39 rows=200 width=131) (actual time=601.536..606.120 rows=118 loops=1)
Gather  (cost=1000.00..340864.41 rows=27 width=403) (actual time=241.627..609.082 rows=26 loops=1)
Gather  (cost=1000.00..340864.41 rows=27 width=21) (actual time=392.937..608.258 rows=60 loops=1)
Gather Merge  (cost=340862.31..340868.15 rows=50 width=131) (actual time=639.055..643.426 rows=60 loops=1)
Gather  (cost=1000.00..340864.41 rows=27 width=21) (actual time=24.727..604.687 rows=50 loops=1)
Gather  (cost=1000.00..340864.41 rows=27 width=21) (actual time=13.369..593.380 rows=38 loops=1)
Gather  (cost=1000.00..340864.41 rows=27 width=140) (actual time=131.279..605.500 rows=50 loops=1)
Gather  (cost=1000.00..340864.41 rows=27 width=21) (actual time=383.004..615.077 rows=56 loops=1)
Gather Merge  (cost=340862.31..340868.15 rows=50 width=131) (actual time=630.720..635.340 rows=48 loops=1)
Gather  (cost=1000.00..340864.41 rows=27 width=21) (actual time=275.043..608.679 rows=68 loops=1)
Gather Merge  (cost=340865.22..340889.49 rows=208 width=131) (actual time=601.996..606.406 rows=96 loops=1)
Gather  (cost=1000.00..340864.41 rows=27 width=21) (actual time=130.700..609.057 rows=52 loops=1)
Gather  (cost=1000.00..340864.31 rows=26 width=21) (actual time=435.844..638.361 rows=60 loops=1)
Gather Merge  (cost=340862.31..340868.15 rows=50 width=131) (actual time=623.005..627.446 rows=74 loops=1)
Gather  (cost=1000.00..340864.31 rows=26 width=21) (actual time=327.191..606.401 rows=82 loops=1)
Gather Merge  (cost=340862.31..340868.15 rows=50 width=131) (actual time=613.531..618.275 rows=69 loops=1)
Gather  (cost=1000.00..340877.41 rows=157 width=21) (actual time=103.783..626.066 rows=116 loops=1)
Gather Merge  (cost=340862.31..340868.15 rows=50 width=131) (actual time=616.909..621.391 rows=65 loops=1)
Gather Merge  (cost=340862.31..340868.15 rows=50 width=131) (actual time=619.784..625.693 rows=36 loops=1)
Gather  (cost=1000.00..340864.41 rows=27 width=21) (actual time=234.567..606.231 rows=44 loops=1)
Gather  (cost=1000.00..340921.51 rows=598 width=21) (actual time=534.810..592.096 rows=312 loops=1)
Gather  (cost=1000.00..340864.41 rows=27 width=21) (actual time=170.052..635.362 rows=44 loops=1)
Gather Merge  (cost=340884.15..341000.82 rows=1000 width=131) (actual time=627.401..638.233 rows=1556 loops=1)
Gather  (cost=1000.00..340879.01 rows=173 width=21) (actual time=567.261..607.904 rows=205 loops=1)
Gather  (cost=1000.00..340864.41 rows=27 width=21) (actual time=146.132..591.693 rows=52 loops=1)
Gather  (cost=1000.00..340864.31 rows=26 width=140) (actual time=520.441..587.629 rows=24 loops=1)
Gather  (cost=1000.00..340864.41 rows=27 width=21) (actual time=606.197..627.478 rows=84 loops=1)
Gather  (cost=1000.00..340864.31 rows=26 width=21) (actual time=462.989..612.916 rows=46 loops=1)
Gather  (cost=1000.00..340864.31 rows=26 width=140) (actual time=446.666..620.800 rows=40 loops=1)
Gather  (cost=1000.00..340864.31 rows=26 width=140) (actual time=423.864..591.924 rows=24 loops=1)
Gather  (cost=1000.00..340864.31 rows=26 width=21) (actual time=399.660..590.518 rows=215 loops=1)
Gather  (cost=1000.00..340864.41 rows=27 width=21) (actual time=214.428..632.048 rows=111 loops=1)
Gather Merge  (cost=340862.31..340868.15 rows=50 width=131) (actual time=625.357..630.027 rows=45 loops=1)
Gather  (cost=1000.00..340864.41 rows=27 width=403) (actual time=298.346..609.845 rows=45 loops=1)
Gather  (cost=1000.00..340869.11 rows=74 width=21) (actual time=84.762..588.971 rows=44 loops=1)
Gather Merge  (cost=340862.28..340867.88 rows=48 width=131) (actual time=622.716..627.159 rows=100 loops=1)
Gather  (cost=1000.00..340864.41 rows=27 width=140) (actual time=241.510..607.299 rows=74 loops=1)
Gather Merge  (cost=340862.28..340867.88 rows=48 width=131) (actual time=622.639..627.282 rows=48 loops=1)
Gather Merge  (cost=340862.28..340867.88 rows=48 width=131) (actual time=623.375..627.933 rows=84 loops=1)
Gather Merge  (cost=340862.28..340867.88 rows=48 width=131) (actual time=600.333..604.984 rows=20 loops=1)
Gather  (cost=1000.00..340864.31 rows=26 width=21) (actual time=317.551..608.378 rows=40 loops=1)
Gather  (cost=1000.00..340927.01 rows=653 width=140) (actual time=71.458..622.031 rows=783 loops=1)
Gather  (cost=1000.00..340864.41 rows=27 width=21) (actual time=212.414..611.079 rows=60 loops=1)
Gather  (cost=1000.00..340864.31 rows=26 width=21) (actual time=471.256..618.811 rows=46 loops=1)
Gather  (cost=1000.00..340878.31 rows=166 width=21) (actual time=502.443..592.698 rows=104 loops=1)
Gather  (cost=1000.00..340864.41 rows=27 width=21) (actual time=118.242..588.959 rows=68 loops=1)
Gather  (cost=1000.00..340868.21 rows=65 width=21) (actual time=528.450..636.687 rows=48 loops=1)
Gather Merge  (cost=340885.61..341008.82 rows=1056 width=131) (actual time=630.723..635.677 rows=1516 loops=1)
Gather Merge  (cost=340862.31..340868.15 rows=50 width=131) (actual time=625.593..630.305 rows=42 loops=1)
Gather  (cost=1000.00..340864.31 rows=26 width=21) (actual time=426.031..595.728 rows=63 loops=1)
Gather Merge  (cost=340862.28..340867.88 rows=48 width=131) (actual time=657.191..661.754 rows=59 loops=1)
Gather  (cost=1000.00..340864.41 rows=27 width=21) (actual time=219.025..626.875 rows=54 loops=1)
Gather  (cost=1000.00..340864.31 rows=26 width=21) (actual time=425.453..613.382 rows=46 loops=1)
Gather  (cost=1000.00..340869.01 rows=73 width=21) (actual time=290.393..593.322 rows=108 loops=1)
Gather  (cost=1000.00..340864.41 rows=27 width=21) (actual time=576.051..596.845 rows=52 loops=1)
Gather  (cost=1000.00..340899.11 rows=374 width=21) (actual time=130.686..632.478 rows=445 loops=1)
Gather  (cost=1000.00..340864.31 rows=26 width=140) (actual time=392.112..646.051 rows=14 loops=1)
Gather  (cost=1000.00..340864.51 rows=28 width=140) (actual time=79.006..617.850 rows=48 loops=1)
Gather  (cost=1000.00..340882.71 rows=210 width=140) (actual time=298.038..597.020 rows=180 loops=1)
Gather Merge  (cost=340865.18..340889.21 rows=206 width=131) (actual time=648.372..653.476 rows=243 loops=1)
Gather Merge  (cost=340862.31..340868.15 rows=50 width=131) (actual time=621.611..626.558 rows=78 loops=1)
Gather Merge  (cost=340862.31..340868.15 rows=50 width=131) (actual time=633.981..638.542 rows=72 loops=1)
Gather  (cost=1000.00..340864.41 rows=27 width=21) (actual time=121.051..594.148 rows=120 loops=1)
Gather Merge  (cost=340862.31..340868.15 rows=50 width=131) (actual time=631.276..635.918 rows=45 loops=1)
Gather Merge  (cost=340862.31..340868.15 rows=50 width=131) (actual time=597.824..602.643 rows=42 loops=1)
Gather  (cost=1000.00..340864.31 rows=26 width=140) (actual time=440.929..636.168 rows=69 loops=1)
Gather  (cost=1000.00..340864.31 rows=26 width=21) (actual time=564.163..606.799 rows=60 loops=1)
Gather  (cost=1000.00..340868.31 rows=66 width=140) (actual time=49.197..614.577 rows=39 loops=1)
Gather  (cost=1000.00..340864.31 rows=26 width=21) (actual time=407.697..588.420 rows=78 loops=1)
Gather  (cost=1000.00..340882.71 rows=210 width=21) (actual time=342.191..656.598 rows=180 loops=1)
Gather  (cost=1000.00..340878.81 rows=171 width=140) (actual time=150.214..610.356 rows=522 loops=1)
Gather  (cost=1000.00..340864.31 rows=26 width=140) (actual time=451.205..617.539 rows=39 loops=1)
Gather  (cost=1000.00..340883.01 rows=213 width=21) (actual time=6.536..589.730 rows=120 loops=1)
Gather  (cost=1000.00..340864.31 rows=26 width=21) (actual time=465.096..617.155 rows=46 loops=1)
Gather Merge  (cost=340862.31..340868.15 rows=50 width=131) (actual time=611.942..616.669 rows=91 loops=1)
Gather Merge  (cost=340862.28..340867.88 rows=48 width=131) (actual time=635.387..640.225 rows=27 loops=1)
Gather Merge  (cost=340862.28..340867.88 rows=48 width=131) (actual time=642.678..647.141 rows=249 loops=1)
Gather  (cost=1000.00..340923.31 rows=616 width=21) (actual time=274.561..592.480 rows=335 loops=1)
Gather  (cost=1000.00..340868.51 rows=68 width=21) (actual time=259.298..624.031 rows=56 loops=1)
Gather  (cost=1000.00..340864.31 rows=26 width=140) (actual time=372.047..614.263 rows=18 loops=1)
Gather  (cost=1000.00..340864.41 rows=27 width=21) (actual time=209.323..611.378 rows=54 loops=1)
Gather  (cost=1000.00..340924.11 rows=624 width=21) (actual time=602.571..622.243 rows=413 loops=1)
Gather  (cost=1000.00..340872.91 rows=112 width=21) (actual time=557.713..592.364 rows=180 loops=1)
Gather Merge  (cost=340862.28..340867.88 rows=48 width=131) (actual time=644.997..649.603 rows=93 loops=1)
Gather  (cost=1000.00..340897.71 rows=360 width=140) (actual time=563.460..621.338 rows=540 loops=1)
Gather  (cost=1000.00..340864.41 rows=27 width=21) (actual time=169.471..618.694 rows=58 loops=1)
Gather  (cost=1000.00..340864.41 rows=27 width=140) (actual time=504.193..615.780 rows=39 loops=1)
Gather  (cost=1000.00..340864.31 rows=26 width=21) (actual time=320.609..589.171 rows=40 loops=1)
Gather Merge  (cost=340862.31..340868.15 rows=50 width=131) (actual time=656.721..661.569 rows=110 loops=1)
Gather Merge  (cost=340862.31..340868.15 rows=50 width=131) (actual time=616.128..621.048 rows=216 loops=1)
Gather  (cost=1000.00..340864.41 rows=27 width=21) (actual time=278.014..626.405 rows=58 loops=1)
Gather  (cost=1000.00..340864.31 rows=26 width=21) (actual time=332.221..588.616 rows=75 loops=1)
Gather  (cost=1000.00..340864.31 rows=26 width=21) (actual time=308.055..610.864 rows=52 loops=1)
Gather  (cost=1000.00..340877.91 rows=162 width=21) (actual time=143.284..600.426 rows=244 loops=1)
Gather  (cost=1000.00..340876.21 rows=145 width=21) (actual time=113.546..614.091 rows=237 loops=1)
Gather  (cost=1000.00..340864.41 rows=27 width=21) (actual time=517.145..607.471 rows=54 loops=1)
Gather Merge  (cost=340864.98..340887.84 rows=196 width=131) (actual time=629.440..633.981 rows=178 loops=1)
Gather  (cost=1000.00..340864.31 rows=26 width=140) (actual time=330.544..586.250 rows=74 loops=1)
Gather  (cost=1000.00..340864.41 rows=27 width=140) (actual time=222.591..633.744 rows=12 loops=1)
Gather  (cost=1000.00..340864.41 rows=27 width=21) (actual time=285.582..613.303 rows=90 loops=1)
Gather Merge  (cost=340862.28..340867.88 rows=48 width=131) (actual time=621.045..625.506 rows=111 loops=1)
Gather  (cost=1000.00..340864.31 rows=26 width=140) (actual time=322.415..596.667 rows=76 loops=1)
Gather Merge  (cost=340872.54..340935.08 rows=536 width=131) (actual time=602.274..606.686 rows=426 loops=1)
Gather  (cost=1000.00..340864.31 rows=26 width=21) (actual time=578.888..634.049 rows=56 loops=1)
Gather  (cost=1000.00..340864.41 rows=27 width=21) (actual time=226.120..607.182 rows=42 loops=1)
Gather  (cost=1000.00..340864.31 rows=26 width=21) (actual time=452.498..622.753 rows=52 loops=1)
Gather Merge  (cost=340864.81..340886.75 rows=188 width=131) (actual time=598.518..603.140 rows=358 loops=1)
Gather  (cost=1000.00..340864.31 rows=26 width=21) (actual time=566.086..610.215 rows=50 loops=1)
Gather  (cost=1000.00..340898.61 rows=369 width=140) (actual time=27.452..611.047 rows=315 loops=1)
Gather  (cost=1000.00..340898.61 rows=369 width=403) (actual time=26.847..614.025 rows=315 loops=1)
Gather  (cost=1000.00..340875.71 rows=140 width=21) (actual time=315.338..625.209 rows=345 loops=1)
Gather  (cost=1000.00..340882.71 rows=210 width=21) (actual time=329.907..590.876 rows=200 loops=1)
Gather  (cost=1000.00..340864.41 rows=27 width=21) (actual time=294.396..608.220 rows=52 loops=1)
Gather  (cost=1000.00..340868.71 rows=70 width=21) (actual time=352.159..615.693 rows=92 loops=1)
Gather Merge  (cost=340862.31..340868.15 rows=50 width=131) (actual time=632.074..636.750 rows=52 loops=1)
Gather Merge  (cost=340862.31..340868.15 rows=50 width=131) (actual time=622.621..627.262 rows=48 loops=1)
Gather Merge  (cost=340862.28..340867.88 rows=48 width=131) (actual time=599.132..603.476 rows=115 loops=1)
Gather  (cost=1000.00..340864.31 rows=26 width=140) (actual time=351.949..641.739 rows=42 loops=1)
Gather  (cost=1000.00..340883.41 rows=217 width=21) (actual time=169.795..600.818 rows=340 loops=1)
Gather Merge  (cost=340862.28..340867.88 rows=48 width=131) (actual time=642.692..647.251 rows=70 loops=1)
Gather  (cost=1000.00..340868.21 rows=65 width=140) (actual time=577.320..590.122 rows=22 loops=1)
Gather  (cost=1000.00..340864.31 rows=26 width=140) (actual time=539.377..590.743 rows=45 loops=1)
Gather  (cost=1000.00..340864.41 rows=27 width=21) (actual time=615.327..623.929 rows=56 loops=1)
Gather Merge  (cost=340862.31..340868.15 rows=50 width=131) (actual time=617.127..622.208 rows=40 loops=1)
Gather Merge  (cost=340864.07..340881.57 rows=150 width=131) (actual time=611.638..616.462 rows=165 loops=1)
Gather  (cost=1000.00..340868.41 rows=67 width=21) (actual time=363.814..607.767 rows=105 loops=1)
Gather Merge  (cost=340862.31..340868.15 rows=50 width=131) (actual time=598.074..602.521 rows=27 loops=1)
Gather  (cost=1000.00..340864.41 rows=27 width=21) (actual time=237.082..641.488 rows=74 loops=1)
Gather  (cost=1000.00..340864.31 rows=26 width=21) (actual time=457.017..615.768 rows=81 loops=1)
Gather Merge  (cost=340864.74..340886.20 rows=184 width=131) (actual time=618.845..623.484 rows=135 loops=1)
Gather  (cost=1000.00..340879.71 rows=180 width=403) (actual time=134.184..590.681 rows=115 loops=1)
Gather  (cost=1000.00..340864.41 rows=27 width=21) (actual time=231.136..610.171 rows=60 loops=1)
Gather  (cost=1000.00..340878.01 rows=163 width=21) (actual time=455.802..621.434 rows=50 loops=1)
Gather  (cost=1000.00..340864.31 rows=26 width=21) (actual time=570.662..617.091 rows=72 loops=1)
Gather  (cost=1000.00..340864.41 rows=27 width=21) (actual time=25.677..608.228 rows=44 loops=1)
Gather  (cost=1000.00..340864.51 rows=28 width=21) (actual time=89.556..590.439 rows=42 loops=1)
Gather Merge  (cost=340862.28..340867.88 rows=48 width=131) (actual time=634.456..639.284 rows=30 loops=1)
Gather  (cost=1000.00..340867.71 rows=60 width=21) (actual time=542.730..611.742 rows=74 loops=1)
Gather Merge  (cost=340862.31..340868.15 rows=50 width=131) (actual time=635.142..639.683 rows=24 loops=1)
Gather  (cost=1000.00..340864.41 rows=27 width=21) (actual time=118.144..593.274 rows=36 loops=1)
Gather  (cost=1000.00..340864.31 rows=26 width=21) (actual time=415.737..612.257 rows=78 loops=1)
Gather  (cost=1000.00..340864.41 rows=27 width=140) (actual time=170.313..615.319 rows=30 loops=1)
Gather  (cost=1000.00..340868.51 rows=68 width=21) (actual time=225.690..609.941 rows=104 loops=1)
Gather Merge  (cost=340862.28..340867.88 rows=48 width=131) (actual time=633.171..637.765 rows=92 loops=1)
Gather  (cost=1000.00..340869.41 rows=77 width=140) (actual time=575.618..592.100 rows=96 loops=1)
Gather  (cost=1000.00..340864.41 rows=27 width=21) (actual time=44.511..612.237 rows=54 loops=1)
Gather Merge  (cost=340864.07..340881.57 rows=150 width=131) (actual time=622.060..626.686 rows=532 loops=1)
Gather Merge  (cost=340862.28..340867.88 rows=48 width=131) (actual time=621.729..626.155 rows=45 loops=1)
Gather  (cost=1000.00..340927.01 rows=653 width=21) (actual time=73.073..610.071 rows=783 loops=1)
Gather  (cost=1000.00..340864.41 rows=27 width=21) (actual time=255.013..587.653 rows=102 loops=1)
Gather  (cost=1000.00..340877.51 rows=158 width=21) (actual time=571.068..613.641 rows=99 loops=1)
Gather  (cost=1000.00..340864.51 rows=28 width=140) (actual time=89.648..609.577 rows=32 loops=1)
Gather  (cost=1000.00..340864.41 rows=27 width=140) (actual time=215.599..623.529 rows=24 loops=1)
Gather Merge  (cost=340862.31..340868.15 rows=50 width=131) (actual time=615.333..619.854 rows=36 loops=1)
Gather  (cost=1000.00..340864.41 rows=27 width=21) (actual time=297.988..594.033 rows=18 loops=1)
Gather  (cost=1000.00..340864.31 rows=26 width=21) (actual time=568.771..632.749 rows=148 loops=1)
Gather  (cost=1000.00..340884.31 rows=226 width=21) (actual time=78.328..625.593 rows=40 loops=1)
Gather Merge  (cost=340862.28..340867.88 rows=48 width=131) (actual time=622.788..627.257 rows=260 loops=1)
Gather  (cost=1000.00..340864.31 rows=26 width=21) (actual time=485.145..612.935 rows=60 loops=1)
Gather Merge  (cost=340864.74..340886.20 rows=184 width=131) (actual time=601.377..606.114 rows=184 loops=1)
Gather  (cost=1000.00..340864.41 rows=27 width=21) (actual time=65.883..633.374 rows=54 loops=1)
Gather  (cost=1000.00..340868.11 rows=64 width=140) (actual time=472.897..604.129 rows=45 loops=1)
Gather  (cost=1000.00..340870.21 rows=85 width=21) (actual time=313.053..629.208 rows=54 loops=1)
Gather Merge  (cost=340862.28..340867.88 rows=48 width=131) (actual time=604.267..609.076 rows=75 loops=1)
Gather  (cost=1000.00..340864.41 rows=27 width=140) (actual time=235.231..622.493 rows=28 loops=1)
Gather  (cost=1000.00..340864.31 rows=26 width=140) (actual time=476.585..607.715 rows=84 loops=1)
Gather  (cost=1000.00..340864.31 rows=26 width=140) (actual time=455.529..625.997 rows=70 loops=1)
Gather  (cost=1000.00..340864.31 rows=26 width=140) (actual time=547.782..622.622 rows=42 loops=1)
Gather  (cost=1000.00..340864.41 rows=27 width=21) (actual time=59.196..589.183 rows=80 loops=1)
Gather Merge  (cost=340864.11..340881.84 rows=152 width=131) (actual time=617.284..621.990 rows=208 loops=1)
Gather  (cost=1000.00..340872.61 rows=109 width=21) (actual time=552.164..612.173 rows=220 loops=1)
Gather  (cost=1000.00..340925.01 rows=633 width=21) (actual time=60.922..607.426 rows=1062 loops=1)
Gather  (cost=1000.00..340876.91 rows=152 width=21) (actual time=547.234..609.746 rows=129 loops=1)
Gather  (cost=1000.00..340864.41 rows=27 width=21) (actual time=272.413..594.713 rows=42 loops=1)
Gather  (cost=1000.00..340875.51 rows=138 width=140) (actual time=518.818..608.594 rows=120 loops=1)
Gather Merge  (cost=340862.28..340867.88 rows=48 width=131) (actual time=636.498..642.236 rows=88 loops=1)
Gather Merge  (cost=340862.28..340867.88 rows=48 width=131) (actual time=621.991..626.438 rows=36 loops=1)
Gather  (cost=1000.00..340864.31 rows=26 width=21) (actual time=540.375..618.806 rows=60 loops=1)
Gather Merge  (cost=340862.28..340867.88 rows=48 width=131) (actual time=601.391..605.993 rows=136 loops=1)
Gather  (cost=1000.00..340875.21 rows=135 width=21) (actual time=586.756..647.560 rows=96 loops=1)
Gather  (cost=1000.00..340864.41 rows=27 width=140) (actual time=156.998..605.966 rows=32 loops=1)
Gather  (cost=1000.00..340864.41 rows=27 width=140) (actual time=185.796..632.077 rows=45 loops=1)
Gather  (cost=1000.00..340864.41 rows=27 width=21) (actual time=37.440..589.234 rows=28 loops=1)
Gather  (cost=1000.00..340864.31 rows=26 width=21) (actual time=577.968..617.881 rows=58 loops=1)
Gather  (cost=1000.00..340925.01 rows=633 width=21) (actual time=59.959..588.874 rows=1062 loops=1)
Gather Merge  (cost=340862.28..340867.88 rows=48 width=131) (actual time=643.980..648.715 rows=28 loops=1)
Gather  (cost=1000.00..340868.21 rows=65 width=21) (actual time=241.301..628.692 rows=76 loops=1)
Gather Merge  (cost=340862.28..340867.88 rows=48 width=131) (actual time=615.864..620.290 rows=33 loops=1)
Gather Merge  (cost=340862.28..340867.88 rows=48 width=131) (actual time=596.261..600.711 rows=60 loops=1)
Gather  (cost=1000.00..340868.41 rows=67 width=140) (actual time=501.078..629.438 rows=120 loops=1)
Gather  (cost=1000.00..340864.41 rows=27 width=140) (actual time=66.444..611.681 rows=45 loops=1)
Gather  (cost=1000.00..340864.41 rows=27 width=140) (actual time=610.393..622.232 rows=69 loops=1)
Gather  (cost=1000.00..340926.01 rows=643 width=21) (actual time=287.232..588.652 rows=316 loops=1)
Gather  (cost=1000.00..340868.31 rows=66 width=21) (actual time=367.469..621.664 rows=81 loops=1)
Gather  (cost=1000.00..340864.41 rows=27 width=140) (actual time=175.485..632.880 rows=30 loops=1)
Gather Merge  (cost=340862.28..340867.88 rows=48 width=131) (actual time=624.275..628.825 rows=239 loops=1)
Gather Merge  (cost=340862.28..340867.88 rows=48 width=131) (actual time=633.443..637.965 rows=154 loops=1)
Gather  (cost=1000.00..340864.31 rows=26 width=140) (actual time=470.647..589.852 rows=28 loops=1)
Gather  (cost=1000.00..340864.31 rows=26 width=21) (actual time=421.634..591.382 rows=44 loops=1)
Gather Merge  (cost=340862.31..340868.15 rows=50 width=131) (actual time=650.545..654.933 rows=60 loops=1)
Gather  (cost=1000.00..340864.41 rows=27 width=140) (actual time=178.420..608.341 rows=44 loops=1)
Gather  (cost=1000.00..340875.91 rows=142 width=21) (actual time=175.180..606.732 rows=168 loops=1)
Gather Merge  (cost=340862.28..340867.88 rows=48 width=131) (actual time=602.625..607.564 rows=122 loops=1)
Gather  (cost=1000.00..340864.31 rows=26 width=21) (actual time=497.558..614.528 rows=66 loops=1)
Gather Merge  (cost=340862.31..340868.15 rows=50 width=131) (actual time=615.192..620.202 rows=70 loops=1)
Gather  (cost=1000.00..340871.81 rows=101 width=21) (actual time=300.093..622.070 rows=160 loops=1)
Gather Merge  (cost=340862.28..340867.88 rows=48 width=131) (actual time=615.473..619.981 rows=26 loops=1)
Gather  (cost=1000.00..340876.21 rows=145 width=140) (actual time=579.820..591.527 rows=124 loops=1)
Gather  (cost=1000.00..340876.21 rows=145 width=403) (actual time=615.728..626.643 rows=124 loops=1)
Gather  (cost=1000.00..340864.41 rows=27 width=140) (actual time=116.709..604.957 rows=36 loops=1)
Gather  (cost=1000.00..340864.41 rows=27 width=140) (actual time=44.882..622.626 rows=26 loops=1)
Gather  (cost=1000.00..340864.41 rows=27 width=21) (actual time=272.802..591.857 rows=48 loops=1)
Gather Merge  (cost=340862.28..340867.88 rows=48 width=131) (actual time=600.324..605.037 rows=90 loops=1)
Gather  (cost=1000.00..340870.61 rows=89 width=140) (actual time=514.776..613.285 rows=130 loops=1)
Gather  (cost=1000.00..340870.61 rows=89 width=21) (actual time=504.870..616.752 rows=116 loops=1)
Gather  (cost=1000.00..340924.11 rows=624 width=140) (actual time=248.553..621.044 rows=567 loops=1)
Gather  (cost=1000.00..340925.11 rows=634 width=140) (actual time=317.373..609.080 rows=984 loops=1)
Gather  (cost=1000.00..340878.31 rows=166 width=21) (actual time=268.636..594.228 rows=195 loops=1)
Gather  (cost=1000.00..340864.31 rows=26 width=21) (actual time=540.604..631.629 rows=78 loops=1)
Gather  (cost=1000.00..340864.51 rows=28 width=21) (actual time=75.092..604.951 rows=34 loops=1)
Gather Merge  (cost=340862.31..340868.15 rows=50 width=131) (actual time=646.771..655.971 rows=232 loops=1)
Gather Merge  (cost=340862.28..340867.88 rows=48 width=131) (actual time=597.381..601.845 rows=75 loops=1)
Gather  (cost=1000.00..340864.41 rows=27 width=21) (actual time=264.353..589.464 rows=58 loops=1)
Gather Merge  (cost=340862.28..340867.88 rows=48 width=131) (actual time=635.744..640.303 rows=75 loops=1)
Gather  (cost=1000.00..340868.01 rows=63 width=21) (actual time=432.885..652.898 rows=58 loops=1)
Gather  (cost=1000.00..340864.41 rows=27 width=21) (actual time=401.283..630.253 rows=54 loops=1)
Gather  (cost=1000.00..340864.51 rows=28 width=21) (actual time=93.321..593.102 rows=30 loops=1)
Gather Merge  (cost=340862.31..340868.15 rows=50 width=131) (actual time=634.897..639.518 rows=74 loops=1)
Gather  (cost=1000.00..340864.31 rows=26 width=21) (actual time=318.630..607.248 rows=100 loops=1)
Gather Merge  (cost=340862.28..340867.88 rows=48 width=131) (actual time=646.956..654.488 rows=130 loops=1)
Gather  (cost=1000.00..340864.41 rows=27 width=21) (actual time=133.592..605.503 rows=56 loops=1)
Gather Merge  (cost=340862.31..340868.15 rows=50 width=131) (actual time=602.133..606.600 rows=117 loops=1)
Gather  (cost=1000.00..340877.91 rows=162 width=403) (actual time=208.037..610.408 rows=117 loops=1)
Gather Merge  (cost=340862.31..340868.15 rows=50 width=131) (actual time=631.252..635.867 rows=123 loops=1)
Gather  (cost=1000.00..340864.31 rows=26 width=21) (actual time=321.776..620.121 rows=58 loops=1)
Gather Merge  (cost=340869.56..340917.16 rows=408 width=131) (actual time=619.410..624.041 rows=439 loops=1)
Gather  (cost=1000.00..340868.11 rows=64 width=21) (actual time=456.730..590.932 rows=81 loops=1)
Gather  (cost=1000.00..340864.41 rows=27 width=140) (actual time=60.253..611.036 rows=16 loops=1)
Gather  (cost=1000.00..340864.41 rows=27 width=21) (actual time=102.505..608.207 rows=44 loops=1)
Gather  (cost=1000.00..340869.01 rows=73 width=21) (actual time=486.888..651.500 rows=130 loops=1)
Gather  (cost=1000.00..340870.31 rows=86 width=140) (actual time=258.065..607.447 rows=56 loops=1)
Gather  (cost=1000.00..340864.41 rows=27 width=140) (actual time=299.125..609.203 rows=90 loops=1)
Gather Merge  (cost=340862.28..340867.88 rows=48 width=131) (actual time=634.852..639.485 rows=120 loops=1)
Gather  (cost=1000.00..340864.41 rows=27 width=21) (actual time=279.081..609.491 rows=90 loops=1)
Gather  (cost=1000.00..340874.91 rows=132 width=21) (actual time=535.167..615.175 rows=135 loops=1)
Gather Merge  (cost=340862.31..340868.15 rows=50 width=131) (actual time=619.994..624.601 rows=117 loops=1)
Gather  (cost=1000.00..340877.91 rows=162 width=403) (actual time=208.744..589.302 rows=117 loops=1)
Gather  (cost=1000.00..340864.41 rows=27 width=21) (actual time=82.659..628.596 rows=64 loops=1)
Gather  (cost=1000.00..340897.61 rows=359 width=140) (actual time=532.756..608.974 rows=132 loops=1)
Gather  (cost=1000.00..340864.31 rows=26 width=140) (actual time=490.128..630.275 rows=48 loops=1)
Gather Merge  (cost=340862.28..340867.88 rows=48 width=131) (actual time=601.842..606.366 rows=78 loops=1)
Gather Merge  (cost=340862.28..340867.88 rows=48 width=131) (actual time=625.043..629.827 rows=72 loops=1)
Gather  (cost=1000.00..340864.41 rows=27 width=21) (actual time=503.552..613.459 rows=48 loops=1)
Gather Merge  (cost=340862.28..340867.88 rows=48 width=131) (actual time=633.414..637.934 rows=146 loops=1)
Gather  (cost=1000.00..340924.91 rows=632 width=21) (actual time=131.042..609.919 rows=483 loops=1)
Gather Merge  (cost=340862.28..340867.88 rows=48 width=131) (actual time=598.631..603.141 rows=46 loops=1)
Gather  (cost=1000.00..340864.31 rows=26 width=21) (actual time=340.339..617.167 rows=85 loops=1)
Gather  (cost=1000.00..340864.41 rows=27 width=140) (actual time=118.769..629.907 rows=56 loops=1)
Gather Merge  (cost=340862.28..340867.88 rows=48 width=131) (actual time=638.451..643.055 rows=63 loops=1)
Gather Merge  (cost=340862.31..340868.15 rows=50 width=131) (actual time=615.173..619.642 rows=48 loops=1)
Gather Merge  (cost=340862.31..340868.15 rows=50 width=131) (actual time=601.890..606.477 rows=40 loops=1)
Gather Merge  (cost=340862.31..340868.15 rows=50 width=131) (actual time=630.398..635.114 rows=110 loops=1)
Gather  (cost=1000.00..340868.21 rows=65 width=140) (actual time=126.886..610.270 rows=84 loops=1)
Gather  (cost=1000.00..340864.41 rows=27 width=21) (actual time=290.708..629.920 rows=75 loops=1)
Gather Merge  (cost=340862.31..340868.15 rows=50 width=131) (actual time=600.348..604.932 rows=160 loops=1)
Gather  (cost=1000.00..340864.41 rows=27 width=21) (actual time=164.097..590.980 rows=40 loops=1)
Gather  (cost=1000.00..340864.31 rows=26 width=140) (actual time=454.501..608.319 rows=40 loops=1)
Gather  (cost=1000.00..340877.51 rows=158 width=21) (actual time=340.646..629.870 rows=74 loops=1)
Gather  (cost=1000.00..340864.41 rows=27 width=140) (actual time=407.568..616.819 rows=30 loops=1)
Gather Merge  (cost=340862.31..340868.15 rows=50 width=131) (actual time=616.155..620.688 rows=84 loops=1)
Gather Merge  (cost=340862.28..340867.88 rows=48 width=131) (actual time=600.138..604.551 rows=108 loops=1)
Gather  (cost=1000.00..340864.51 rows=28 width=21) (actual time=87.789..633.502 rows=104 loops=1)
Gather  (cost=1000.00..340864.31 rows=26 width=403) (actual time=352.039..618.115 rows=56 loops=1)
Gather  (cost=1000.00..340868.21 rows=65 width=140) (actual time=590.543..609.368 rows=32 loops=1)
Gather Merge  (cost=340864.15..340882.11 rows=154 width=131) (actual time=602.354..606.744 rows=418 loops=1)
Gather  (cost=1000.00..340864.51 rows=28 width=140) (actual time=76.538..642.601 rows=54 loops=1)
Gather Merge  (cost=340862.31..340868.15 rows=50 width=131) (actual time=614.614..620.239 rows=60 loops=1)
Gather  (cost=1000.00..340878.91 rows=172 width=21) (actual time=192.828..625.917 rows=68 loops=1)
Gather Merge  (cost=340862.31..340868.15 rows=50 width=131) (actual time=600.205..604.913 rows=91 loops=1)
Gather  (cost=1000.00..340864.41 rows=27 width=21) (actual time=486.464..596.070 rows=42 loops=1)
Gather  (cost=1000.00..340864.41 rows=27 width=21) (actual time=285.957..633.703 rows=66 loops=1)
Gather  (cost=1000.00..340864.41 rows=27 width=21) (actual time=397.915..620.489 rows=44 loops=1)
Gather  (cost=1000.00..340864.31 rows=26 width=21) (actual time=484.234..625.185 rows=52 loops=1)
Gather Merge  (cost=340862.31..340868.15 rows=50 width=131) (actual time=603.256..607.695 rows=70 loops=1)
Gather  (cost=1000.00..340864.41 rows=27 width=140) (actual time=234.279..617.093 rows=69 loops=1)
Gather  (cost=1000.00..340864.31 rows=26 width=21) (actual time=438.130..627.311 rows=50 loops=1)
Gather Merge  (cost=340862.31..340868.15 rows=50 width=131) (actual time=634.878..639.522 rows=106 loops=1)
Gather  (cost=1000.00..340864.51 rows=28 width=21) (actual time=89.756..616.767 rows=50 loops=1)
Gather  (cost=1000.00..340864.41 rows=27 width=140) (actual time=179.780..597.427 rows=18 loops=1)
Gather Merge  (cost=340864.85..340887.02 rows=190 width=131) (actual time=602.970..607.833 rows=208 loops=1)
Gather  (cost=1000.00..340868.61 rows=69 width=140) (actual time=450.144..645.939 rows=24 loops=1)
Gather Merge  (cost=340862.28..340867.88 rows=48 width=131) (actual time=625.455..630.093 rows=28 loops=1)
Gather Merge  (cost=340862.31..340868.15 rows=50 width=131) (actual time=634.249..638.764 rows=24 loops=1)
Gather  (cost=1000.00..340864.41 rows=27 width=21) (actual time=6.522..595.609 rows=58 loops=1)
Gather  (cost=1000.00..340882.71 rows=210 width=21) (actual time=596.913..650.841 rows=300 loops=1)
Gather  (cost=1000.00..340864.31 rows=26 width=21) (actual time=358.749..612.784 rows=244 loops=1)
Gather  (cost=1000.00..340864.51 rows=28 width=140) (actual time=112.773..640.168 rows=21 loops=1)
Gather  (cost=1000.00..340864.51 rows=28 width=140) (actual time=77.361..594.739 rows=28 loops=1)
Gather  (cost=1000.00..340864.31 rows=26 width=21) (actual time=458.916..636.671 rows=38 loops=1)
Gather  (cost=1000.00..340864.41 rows=27 width=140) (actual time=36.347..608.416 rows=81 loops=1)
Gather  (cost=1000.00..340864.41 rows=27 width=21) (actual time=50.490..621.963 rows=56 loops=1)
Gather Merge  (cost=340862.28..340867.88 rows=48 width=131) (actual time=636.692..641.347 rows=160 loops=1)
Gather  (cost=1000.00..340883.11 rows=214 width=21) (actual time=114.566..596.142 rows=156 loops=1)
Gather  (cost=1000.00..340864.31 rows=26 width=21) (actual time=312.752..616.374 rows=82 loops=1)
Gather  (cost=1000.00..340864.51 rows=28 width=140) (actual time=88.547..620.285 rows=30 loops=1)
Gather  (cost=1000.00..340864.41 rows=27 width=21) (actual time=158.353..621.872 rows=128 loops=1)
Gather  (cost=1000.00..340864.31 rows=26 width=21) (actual time=585.043..614.250 rows=86 loops=1)
Gather  (cost=1000.00..340864.41 rows=27 width=140) (actual time=196.718..595.136 rows=42 loops=1)
Gather Merge  (cost=340862.28..340867.88 rows=48 width=131) (actual time=624.495..629.010 rows=227 loops=1)
Gather  (cost=1000.00..340864.41 rows=27 width=21) (actual time=219.299..624.641 rows=34 loops=1)
Gather  (cost=1000.00..340882.71 rows=210 width=21) (actual time=349.901..621.387 rows=200 loops=1)
Gather Merge  (cost=340862.31..340868.15 rows=50 width=131) (actual time=624.919..629.549 rows=138 loops=1)
Gather  (cost=1000.00..340864.41 rows=27 width=140) (actual time=253.632..595.080 rows=76 loops=1)
Gather  (cost=1000.00..340864.31 rows=26 width=21) (actual time=550.791..625.470 rows=66 loops=1)
Gather  (cost=1000.00..340871.41 rows=97 width=140) (actual time=30.334..606.425 rows=114 loops=1)
Gather  (cost=1000.00..340864.41 rows=27 width=140) (actual time=283.788..612.570 rows=45 loops=1)
Gather  (cost=1000.00..340864.41 rows=27 width=140) (actual time=77.230..607.652 rows=36 loops=1)
Gather  (cost=1000.00..340864.41 rows=27 width=140) (actual time=234.480..593.102 rows=42 loops=1)
Gather  (cost=1000.00..340864.41 rows=27 width=21) (actual time=29.965..608.142 rows=50 loops=1)
Gather  (cost=1000.00..340864.41 rows=27 width=21) (actual time=195.128..619.349 rows=42 loops=1)
Gather  (cost=1000.00..340874.31 rows=126 width=21) (actual time=533.658..614.035 rows=76 loops=1)
Gather Merge  (cost=340862.28..340867.88 rows=48 width=131) (actual time=617.485..622.061 rows=118 loops=1)
Gather  (cost=1000.00..340869.31 rows=76 width=21) (actual time=202.527..591.425 rows=57 loops=1)
Gather  (cost=1000.00..340864.31 rows=26 width=21) (actual time=347.139..632.251 rows=100 loops=1)
Gather  (cost=1000.00..340868.31 rows=66 width=21) (actual time=60.741..606.677 rows=108 loops=1)
Gather  (cost=1000.00..340864.31 rows=26 width=21) (actual time=555.592..620.990 rows=68 loops=1)
Gather  (cost=1000.00..340864.41 rows=27 width=21) (actual time=119.477..588.429 rows=50 loops=1)
Gather  (cost=1000.00..340864.31 rows=26 width=21) (actual time=407.263..592.471 rows=80 loops=1)
Gather  (cost=1000.00..340868.01 rows=63 width=21) (actual time=168.007..631.632 rows=40 loops=1)
Gather Merge  (cost=340862.28..340867.88 rows=48 width=131) (actual time=616.624..621.198 rows=135 loops=1)
Gather  (cost=1000.00..340869.61 rows=79 width=21) (actual time=316.972..614.454 rows=48 loops=1)
Gather  (cost=1000.00..340864.31 rows=26 width=140) (actual time=363.646..611.167 rows=36 loops=1)
Gather Merge  (cost=340862.28..340867.88 rows=48 width=131) (actual time=602.153..606.806 rows=110 loops=1)
Gather Merge  (cost=340862.31..340868.15 rows=50 width=131) (actual time=637.500..643.077 rows=78 loops=1)
Gather  (cost=1000.00..340864.31 rows=26 width=21) (actual time=341.655..607.212 rows=42 loops=1)
Gather  (cost=1000.00..340864.41 rows=27 width=21) (actual time=276.141..630.684 rows=30 loops=1)
Gather Merge  (cost=340885.04..341005.68 rows=1034 width=131) (actual time=598.869..603.783 rows=1321 loops=1)
Gather  (cost=1000.00..340878.51 rows=168 width=140) (actual time=205.179..589.994 rows=220 loops=1)
Gather  (cost=1000.00..340864.31 rows=26 width=21) (actual time=365.873..636.976 rows=58 loops=1)
Gather Merge  (cost=340865.10..340888.66 rows=202 width=131) (actual time=614.133..618.630 rows=178 loops=1)
Gather  (cost=1000.00..340864.41 rows=27 width=21) (actual time=268.962..617.935 rows=66 loops=1)
Gather  (cost=1000.00..340868.51 rows=68 width=21) (actual time=110.654..592.395 rows=108 loops=1)
Gather  (cost=1000.00..340864.51 rows=28 width=21) (actual time=82.832..614.233 rows=32 loops=1)
Gather  (cost=1000.00..340864.31 rows=26 width=140) (actual time=570.987..630.312 rows=27 loops=1)
Gather Merge  (cost=340862.28..340867.88 rows=48 width=131) (actual time=634.751..639.315 rows=76 loops=1)
Gather  (cost=1000.00..340864.31 rows=26 width=403) (actual time=331.536..611.288 rows=60 loops=1)
Gather  (cost=1000.00..340864.41 rows=27 width=21) (actual time=366.703..592.433 rows=66 loops=1)
Gather  (cost=1000.00..340864.41 rows=27 width=21) (actual time=222.095..607.823 rows=129 loops=1)
Gather Merge  (cost=340862.31..340868.15 rows=50 width=131) (actual time=632.239..636.930 rows=56 loops=1)
Gather  (cost=1000.00..340864.41 rows=27 width=21) (actual time=318.523..623.630 rows=100 loops=1)
Gather Merge  (cost=340862.28..340867.88 rows=48 width=131) (actual time=620.592..625.176 rows=239 loops=1)
Gather  (cost=1000.00..340864.41 rows=27 width=140) (actual time=588.963..594.023 rows=45 loops=1)
Gather  (cost=1000.00..340864.41 rows=27 width=403) (actual time=629.485..634.632 rows=45 loops=1)
Gather Merge  (cost=340862.28..340867.88 rows=48 width=131) (actual time=612.077..616.863 rows=105 loops=1)
Gather  (cost=1000.00..340864.41 rows=27 width=21) (actual time=247.529..630.244 rows=62 loops=1)
Gather  (cost=1000.00..340864.31 rows=26 width=21) (actual time=522.232..589.266 rows=74 loops=1)
Gather  (cost=1000.00..340864.41 rows=27 width=21) (actual time=117.756..598.154 rows=48 loops=1)
Gather  (cost=1000.00..340878.61 rows=169 width=140) (actual time=596.094..606.260 rows=204 loops=1)
Gather  (cost=1000.00..340864.41 rows=27 width=21) (actual time=286.593..624.224 rows=52 loops=1)
Gather  (cost=1000.00..340874.31 rows=126 width=140) (actual time=528.519..607.563 rows=76 loops=1)
Gather Merge  (cost=340869.02..340913.82 rows=384 width=131) (actual time=626.972..631.683 rows=917 loops=1)
Gather  (cost=1000.00..340864.31 rows=26 width=403) (actual time=316.567..588.674 rows=30 loops=1)
Gather  (cost=1000.00..340864.41 rows=27 width=21) (actual time=550.414..651.691 rows=36 loops=1)
Gather  (cost=1000.00..340876.11 rows=144 width=21) (actual time=44.537..612.964 rows=114 loops=1)
Gather  (cost=1000.00..340864.41 rows=27 width=21) (actual time=21.437..617.027 rows=52 loops=1)
Gather  (cost=1000.00..340864.31 rows=26 width=21) (actual time=543.163..593.577 rows=75 loops=1)
Gather  (cost=1000.00..340864.41 rows=27 width=21) (actual time=35.340..639.230 rows=28 loops=1)
Gather  (cost=1000.00..340864.31 rows=26 width=21) (actual time=390.022..595.312 rows=44 loops=1)
Gather  (cost=1000.00..340883.61 rows=219 width=140) (actual time=158.801..631.785 rows=424 loops=1)
Gather Merge  (cost=340862.31..340868.15 rows=50 width=131) (actual time=623.090..627.681 rows=66 loops=1)
Gather  (cost=1000.00..340899.31 rows=376 width=21) (actual time=391.018..609.595 rows=920 loops=1)
Gather  (cost=1000.00..340875.91 rows=142 width=21) (actual time=576.742..591.262 rows=106 loops=1)
Gather  (cost=1000.00..340879.11 rows=174 width=21) (actual time=25.854..627.985 rows=240 loops=1)
Gather  (cost=1000.00..340864.41 rows=27 width=140) (actual time=244.815..607.478 rows=39 loops=1)
Gather Merge  (cost=340862.31..340868.15 rows=50 width=131) (actual time=642.697..647.349 rows=36 loops=1)
Gather  (cost=1000.00..340878.01 rows=163 width=21) (actual time=171.436..591.124 rows=144 loops=1)
Gather Merge  (cost=340862.28..340867.88 rows=48 width=131) (actual time=601.039..605.742 rows=30 loops=1)
Gather  (cost=1000.00..340878.01 rows=163 width=21) (actual time=615.272..630.694 rows=195 loops=1)
Gather  (cost=1000.00..340864.41 rows=27 width=21) (actual time=519.732..614.094 rows=36 loops=1)
Gather  (cost=1000.00..340924.21 rows=625 width=21) (actual time=275.997..624.372 rows=896 loops=1)
Gather  (cost=1000.00..340864.41 rows=27 width=140) (actual time=581.555..591.467 rows=24 loops=1)
Gather  (cost=1000.00..340864.41 rows=27 width=21) (actual time=201.099..619.421 rows=82 loops=1)
Gather Merge  (cost=340862.28..340867.88 rows=48 width=131) (actual time=618.053..622.608 rows=180 loops=1)
Gather Merge  (cost=340868.30..340909.37 rows=352 width=131) (actual time=653.090..657.575 rows=872 loops=1)
Gather Merge  (cost=340862.31..340868.15 rows=50 width=131) (actual time=615.117..619.648 rows=57 loops=1)
Gather Merge  (cost=340862.28..340867.88 rows=48 width=131) (actual time=601.210..605.814 rows=139 loops=1)
Gather  (cost=1000.00..340883.61 rows=219 width=21) (actual time=194.877..607.317 rows=152 loops=1)
Gather  (cost=1000.00..340868.51 rows=68 width=140) (actual time=122.082..628.632 rows=84 loops=1)
Gather Merge  (cost=340862.28..340867.88 rows=48 width=131) (actual time=625.154..629.803 rows=56 loops=1)
Gather  (cost=1000.00..340868.11 rows=64 width=403) (actual time=460.993..612.295 rows=56 loops=1)
Gather  (cost=1000.00..340870.71 rows=90 width=140) (actual time=169.325..590.863 rows=36 loops=1)
Gather Merge  (cost=340862.28..340867.88 rows=48 width=131) (actual time=628.953..633.550 rows=93 loops=1)
Gather Merge  (cost=340862.31..340868.15 rows=50 width=131) (actual time=619.650..624.148 rows=26 loops=1)
Gather Merge  (cost=340862.31..340868.15 rows=50 width=131) (actual time=624.955..629.990 rows=76 loops=1)
Gather  (cost=1000.00..340864.41 rows=27 width=21) (actual time=69.298..606.383 rows=58 loops=1)
Gather Merge  (cost=340862.31..340868.15 rows=50 width=131) (actual time=602.093..606.639 rows=90 loops=1)
Gather  (cost=1000.00..340864.41 rows=27 width=21) (actual time=140.393..627.064 rows=44 loops=1)
Gather  (cost=1000.00..340864.41 rows=27 width=21) (actual time=140.677..610.748 rows=46 loops=1)
Gather Merge  (cost=340862.28..340867.88 rows=48 width=131) (actual time=631.239..635.940 rows=44 loops=1)
Gather  (cost=1000.00..340864.31 rows=26 width=140) (actual time=527.933..590.977 rows=84 loops=1)
Gather  (cost=1000.00..340864.41 rows=27 width=21) (actual time=199.876..613.083 rows=50 loops=1)
Gather  (cost=1000.00..340864.41 rows=27 width=140) (actual time=58.778..606.641 rows=24 loops=1)
Gather Merge  (cost=340862.31..340868.15 rows=50 width=131) (actual time=623.925..628.801 rows=42 loops=1)
Gather  (cost=1000.00..340877.21 rows=155 width=21) (actual time=479.212..616.024 rows=144 loops=1)
Gather  (cost=1000.00..340864.41 rows=27 width=140) (actual time=281.442..591.093 rows=84 loops=1)
Gather  (cost=1000.00..340864.41 rows=27 width=21) (actual time=113.841..605.900 rows=48 loops=1)
Gather  (cost=1000.00..340864.41 rows=27 width=140) (actual time=226.346..622.029 rows=34 loops=1)
Gather  (cost=1000.00..340864.41 rows=27 width=21) (actual time=197.616..621.126 rows=46 loops=1)
Gather Merge  (cost=340862.28..340867.88 rows=48 width=131) (actual time=615.175..619.699 rows=105 loops=1)
Gather  (cost=1000.00..340864.31 rows=26 width=21) (actual time=309.883..592.074 rows=46 loops=1)
Gather Merge  (cost=340862.31..340868.15 rows=50 width=131) (actual time=626.523..631.196 rows=72 loops=1)
Gather  (cost=1000.00..340864.51 rows=28 width=403) (actual time=80.198..610.077 rows=72 loops=1)
Gather Merge  (cost=340862.28..340867.88 rows=48 width=131) (actual time=644.967..649.633 rows=116 loops=1)
Gather  (cost=1000.00..340864.41 rows=27 width=21) (actual time=270.219..613.258 rows=42 loops=1)
Gather Merge  (cost=340862.28..340867.88 rows=48 width=131) (actual time=606.191..611.267 rows=51 loops=1)
Gather  (cost=1000.00..340864.31 rows=26 width=21) (actual time=315.930..628.293 rows=70 loops=1)
Gather  (cost=1000.00..340864.41 rows=27 width=140) (actual time=225.318..619.055 rows=39 loops=1)
Gather  (cost=1000.00..340864.41 rows=27 width=21) (actual time=256.419..633.411 rows=36 loops=1)
Gather  (cost=1000.00..340870.31 rows=86 width=140) (actual time=249.058..598.855 rows=56 loops=1)
Gather Merge  (cost=340862.28..340867.88 rows=48 width=131) (actual time=624.542..628.982 rows=18 loops=1)
Gather  (cost=1000.00..340864.41 rows=27 width=21) (actual time=203.971..594.764 rows=58 loops=1)
Gather Merge  (cost=340862.28..340867.88 rows=48 width=131) (actual time=639.586..644.132 rows=66 loops=1)
Gather  (cost=1000.00..340864.31 rows=26 width=403) (actual time=332.514..611.836 rows=66 loops=1)
Gather Merge  (cost=340864.03..340881.30 rows=148 width=131) (actual time=623.494..628.174 rows=116 loops=1)
Gather Merge  (cost=340862.28..340867.88 rows=48 width=131) (actual time=605.205..609.659 rows=94 loops=1)
Gather  (cost=1000.00..340873.41 rows=117 width=140) (actual time=425.712..653.255 rows=270 loops=1)
Gather  (cost=1000.00..340875.51 rows=138 width=21) (actual time=433.441..616.588 rows=165 loops=1)
Gather  (cost=1000.00..340924.31 rows=626 width=21) (actual time=113.637..617.139 rows=627 loops=1)
Gather Merge  (cost=340862.28..340867.88 rows=48 width=131) (actual time=604.151..608.752 rows=45 loops=1)
Gather Merge  (cost=340862.31..340868.15 rows=50 width=131) (actual time=651.723..656.330 rows=145 loops=1)
Gather Merge  (cost=340862.28..340867.88 rows=48 width=131) (actual time=631.381..636.043 rows=56 loops=1)
Gather  (cost=1000.00..340869.01 rows=73 width=21) (actual time=304.921..616.551 rows=90 loops=1)
Gather  (cost=1000.00..340864.31 rows=26 width=140) (actual time=311.429..595.210 rows=39 loops=1)
Gather Merge  (cost=340862.28..340867.88 rows=48 width=131) (actual time=621.409..625.861 rows=72 loops=1)
Gather  (cost=1000.00..340864.31 rows=26 width=21) (actual time=469.331..630.674 rows=58 loops=1)
Gather  (cost=1000.00..340868.51 rows=68 width=21) (actual time=29.654..618.865 rows=102 loops=1)
Gather  (cost=1000.00..340869.21 rows=75 width=21) (actual time=422.654..609.784 rows=92 loops=1)
Gather  (cost=1000.00..340864.41 rows=27 width=21) (actual time=149.357..589.063 rows=56 loops=1)
Gather Merge  (cost=340862.31..340868.15 rows=50 width=131) (actual time=634.149..638.758 rows=149 loops=1)
Gather  (cost=1000.00..340864.41 rows=27 width=403) (actual time=392.016..601.528 rows=24 loops=1)
Gather Merge  (cost=340862.28..340867.88 rows=48 width=131) (actual time=624.004..628.737 rows=45 loops=1)
Gather  (cost=1000.00..340864.41 rows=27 width=21) (actual time=587.714..607.867 rows=78 loops=1)
Gather  (cost=1000.00..340864.41 rows=27 width=21) (actual time=235.510..594.732 rows=52 loops=1)
Gather  (cost=1000.00..340864.31 rows=26 width=21) (actual time=467.490..616.594 rows=54 loops=1)
Gather  (cost=1000.00..340864.41 rows=27 width=140) (actual time=150.023..635.955 rows=27 loops=1)
Gather  (cost=1000.00..340864.41 rows=27 width=403) (actual time=146.221..612.866 rows=27 loops=1)
Gather  (cost=1000.00..340868.01 rows=63 width=140) (actual time=576.229..609.835 rows=136 loops=1)
Gather  (cost=1000.00..340868.01 rows=63 width=403) (actual time=554.668..588.627 rows=136 loops=1)
Gather  (cost=1000.00..340864.41 rows=27 width=140) (actual time=222.654..634.492 rows=54 loops=1)
Gather  (cost=1000.00..340864.41 rows=27 width=21) (actual time=68.306..595.867 rows=66 loops=1)
Gather  (cost=1000.00..340864.41 rows=27 width=140) (actual time=532.768..628.257 rows=45 loops=1)
Gather Merge  (cost=340862.28..340867.88 rows=48 width=131) (actual time=600.203..604.775 rows=96 loops=1)
Gather  (cost=1000.00..340868.61 rows=69 width=21) (actual time=561.030..612.026 rows=135 loops=1)
Gather Merge  (cost=340862.28..340867.88 rows=48 width=131) (actual time=624.388..629.135 rows=113 loops=1)
Gather  (cost=1000.00..340864.31 rows=26 width=21) (actual time=352.870..610.160 rows=38 loops=1)
Gather  (cost=1000.00..340864.31 rows=26 width=21) (actual time=584.401..624.239 rows=92 loops=1)
Gather  (cost=1000.00..340883.61 rows=219 width=140) (actual time=147.415..594.273 rows=424 loops=1)
Gather Merge  (cost=340862.31..340868.15 rows=50 width=131) (actual time=619.902..624.402 rows=48 loops=1)
Gather  (cost=1000.00..340864.41 rows=27 width=21) (actual time=123.360..632.230 rows=87 loops=1)
Gather  (cost=1000.00..340864.31 rows=26 width=21) (actual time=442.573..611.981 rows=70 loops=1)
Gather  (cost=1000.00..340864.31 rows=26 width=21) (actual time=340.708..607.904 rows=34 loops=1)
Gather Merge  (cost=340865.14..340888.94 rows=204 width=131) (actual time=600.004..617.343 rows=148 loops=1)
Gather  (cost=1000.00..340864.41 rows=27 width=403) (actual time=45.186..613.536 rows=78 loops=1)
Gather  (cost=1000.00..340864.51 rows=28 width=21) (actual time=79.480..613.674 rows=44 loops=1)
Gather  (cost=1000.00..340864.41 rows=27 width=140) (actual time=508.953..618.835 rows=45 loops=1)
Gather  (cost=1000.00..340871.01 rows=93 width=21) (actual time=438.682..607.191 rows=162 loops=1)
Gather  (cost=1000.00..340876.41 rows=147 width=21) (actual time=146.215..596.453 rows=171 loops=1)
Gather  (cost=1000.00..340877.31 rows=156 width=21) (actual time=420.412..620.140 rows=235 loops=1)
Gather  (cost=1000.00..340873.31 rows=116 width=21) (actual time=305.098..618.457 rows=134 loops=1)
Gather  (cost=1000.00..340875.81 rows=141 width=140) (actual time=561.431..628.769 rows=81 loops=1)
Gather  (cost=1000.00..340876.21 rows=145 width=21) (actual time=109.035..621.278 rows=150 loops=1)
Gather  (cost=1000.00..340864.41 rows=27 width=140) (actual time=379.059..599.780 rows=39 loops=1)
Gather  (cost=1000.00..340924.21 rows=625 width=21) (actual time=508.001..626.915 rows=740 loops=1)
Gather  (cost=1000.00..340884.01 rows=223 width=21) (actual time=86.397..615.868 rows=230 loops=1)
Gather Merge  (cost=340862.28..340867.88 rows=48 width=131) (actual time=643.779..648.211 rows=45 loops=1)
Gather Merge  (cost=340862.28..340867.88 rows=48 width=131) (actual time=600.502..605.144 rows=44 loops=1)
Gather  (cost=1000.00..340923.11 rows=614 width=21) (actual time=430.887..590.751 rows=666 loops=1)
Gather Merge  (cost=340862.28..340867.88 rows=48 width=131) (actual time=636.953..642.709 rows=113 loops=1)
Gather  (cost=1000.00..340864.41 rows=27 width=21) (actual time=259.938..606.231 rows=56 loops=1)
Gather  (cost=1000.00..340899.81 rows=381 width=21) (actual time=214.588..620.398 rows=486 loops=1)
Gather Merge  (cost=340862.31..340868.15 rows=50 width=131) (actual time=600.908..605.467 rows=117 loops=1)
Gather  (cost=1000.00..340864.41 rows=27 width=140) (actual time=500.190..591.635 rows=45 loops=1)
Gather Merge  (cost=340864.54..340884.84 rows=174 width=131) (actual time=639.394..644.160 rows=144 loops=1)
Gather  (cost=1000.00..340864.31 rows=26 width=403) (actual time=480.752..615.724 rows=36 loops=1)
Gather  (cost=1000.00..340864.31 rows=26 width=21) (actual time=487.021..609.040 rows=46 loops=1)
Gather Merge  (cost=340862.31..340868.15 rows=50 width=131) (actual time=618.004..622.486 rows=120 loops=1)
Gather  (cost=1000.00..340864.41 rows=27 width=21) (actual time=369.722..592.619 rows=90 loops=1)
Gather Merge  (cost=340862.28..340867.88 rows=48 width=131) (actual time=644.106..648.554 rows=102 loops=1)
Gather  (cost=1000.00..340864.31 rows=26 width=21) (actual time=421.183..619.041 rows=44 loops=1)
Gather  (cost=1000.00..340864.41 rows=27 width=21) (actual time=316.881..617.638 rows=40 loops=1)
Gather  (cost=1000.00..340868.31 rows=66 width=21) (actual time=391.765..590.126 rows=78 loops=1)
Gather  (cost=1000.00..340864.41 rows=27 width=21) (actual time=53.937..620.246 rows=118 loops=1)
Gather  (cost=1000.00..340864.31 rows=26 width=21) (actual time=310.944..612.603 rows=84 loops=1)
Gather Merge  (cost=340862.28..340867.88 rows=48 width=131) (actual time=639.691..644.199 rows=56 loops=1)
Gather  (cost=1000.00..340924.31 rows=626 width=21) (actual time=110.293..588.840 rows=627 loops=1)
Gather Merge  (cost=340862.28..340867.88 rows=48 width=131) (actual time=602.261..606.788 rows=154 loops=1)
Gather Merge  (cost=340862.28..340867.88 rows=48 width=131) (actual time=635.034..639.697 rows=75 loops=1)
Gather Merge  (cost=340862.31..340868.15 rows=50 width=131) (actual time=629.685..634.168 rows=112 loops=1)
Gather  (cost=1000.00..340864.31 rows=26 width=140) (actual time=421.725..607.225 rows=56 loops=1)
Gather  (cost=1000.00..340864.31 rows=26 width=403) (actual time=405.035..589.368 rows=56 loops=1)
Gather  (cost=1000.00..340864.41 rows=27 width=21) (actual time=50.239..620.260 rows=72 loops=1)
Gather  (cost=1000.00..340881.81 rows=201 width=140) (actual time=445.774..606.122 rows=52 loops=1)
Gather  (cost=1000.00..340881.81 rows=201 width=403) (actual time=450.608..622.175 rows=52 loops=1)
Gather Merge  (cost=340862.28..340867.88 rows=48 width=131) (actual time=601.734..606.309 rows=75 loops=1)
Gather  (cost=1000.00..340868.81 rows=71 width=21) (actual time=33.599..590.204 rows=56 loops=1)
Gather Merge  (cost=340862.31..340868.15 rows=50 width=131) (actual time=621.512..626.036 rows=52 loops=1)
Gather  (cost=1000.00..340864.41 rows=27 width=140) (actual time=12.403..621.312 rows=27 loops=1)
Gather Merge  (cost=340862.31..340868.15 rows=50 width=131) (actual time=630.802..635.390 rows=72 loops=1)
Gather  (cost=1000.00..340864.41 rows=27 width=21) (actual time=102.672..613.086 rows=52 loops=1)
Gather  (cost=1000.00..340864.41 rows=27 width=21) (actual time=578.155..590.287 rows=68 loops=1)
Gather  (cost=1000.00..340868.31 rows=66 width=21) (actual time=416.866..641.428 rows=78 loops=1)
Gather Merge  (cost=340862.31..340868.15 rows=50 width=131) (actual time=636.992..641.729 rows=216 loops=1)
Gather  (cost=1000.00..340864.41 rows=27 width=21) (actual time=209.967..613.541 rows=46 loops=1)
Gather  (cost=1000.00..340864.41 rows=27 width=140) (actual time=573.986..591.497 rows=22 loops=1)
Gather  (cost=1000.00..340864.41 rows=27 width=21) (actual time=387.635..618.043 rows=64 loops=1)
Gather  (cost=1000.00..340864.41 rows=27 width=21) (actual time=150.275..626.382 rows=46 loops=1)
Gather  (cost=1000.00..340864.41 rows=27 width=21) (actual time=65.380..683.409 rows=118 loops=1)
Gather Merge  (cost=340862.28..340867.88 rows=48 width=131) (actual time=653.831..658.557 rows=42 loops=1)
Gather  (cost=1000.00..340864.31 rows=26 width=403) (actual time=544.965..608.904 rows=42 loops=1)
Gather  (cost=1000.00..340870.01 rows=83 width=140) (actual time=311.750..648.505 rows=100 loops=1)
Gather  (cost=1000.00..340868.01 rows=63 width=21) (actual time=422.576..649.583 rows=64 loops=1)
Gather Merge  (cost=340862.31..340868.15 rows=50 width=131) (actual time=669.762..674.818 rows=156 loops=1)
Gather  (cost=1000.00..340864.41 rows=27 width=21) (actual time=305.214..605.938 rows=40 loops=1)
Gather  (cost=1000.00..340864.41 rows=27 width=21) (actual time=380.203..641.021 rows=54 loops=1)
Gather  (cost=1000.00..340864.41 rows=27 width=21) (actual time=59.582..597.859 rows=52 loops=1)
Gather  (cost=1000.00..340875.11 rows=134 width=140) (actual time=444.617..633.007 rows=64 loops=1)
Gather  (cost=1000.00..340864.31 rows=26 width=21) (actual time=408.260..620.450 rows=50 loops=1)
Gather  (cost=1000.00..340864.41 rows=27 width=140) (actual time=320.320..626.587 rows=28 loops=1)
Gather  (cost=1000.00..340864.41 rows=27 width=21) (actual time=215.243..597.233 rows=54 loops=1)
Gather  (cost=1000.00..340864.41 rows=27 width=21) (actual time=215.756..655.832 rows=44 loops=1)
Gather  (cost=1000.00..340868.91 rows=72 width=21) (actual time=155.441..621.028 rows=69 loops=1)
Gather  (cost=1000.00..340864.31 rows=26 width=21) (actual time=425.358..623.913 rows=42 loops=1)
Gather  (cost=1000.00..340864.41 rows=27 width=140) (actual time=61.938..595.835 rows=33 loops=1)
Gather  (cost=1000.00..340871.51 rows=98 width=21) (actual time=227.504..625.083 rows=312 loops=1)
Gather  (cost=1000.00..340874.11 rows=124 width=21) (actual time=490.239..603.161 rows=445 loops=1)
Gather Merge  (cost=340862.28..340867.88 rows=48 width=131) (actual time=669.355..674.032 rows=223 loops=1)
Gather  (cost=1000.00..340876.51 rows=148 width=21) (actual time=187.915..638.815 rows=98 loops=1)
Gather  (cost=1000.00..340864.31 rows=26 width=140) (actual time=489.429..626.784 rows=45 loops=1)
Gather  (cost=1000.00..340864.31 rows=26 width=21) (actual time=605.368..649.452 rows=50 loops=1)
Gather  (cost=1000.00..340864.41 rows=27 width=21) (actual time=57.243..657.582 rows=50 loops=1)
Gather  (cost=1000.00..340864.41 rows=27 width=140) (actual time=232.872..654.536 rows=45 loops=1)
Gather  (cost=1000.00..340864.41 rows=27 width=21) (actual time=236.156..622.387 rows=56 loops=1)
Gather  (cost=1000.00..340878.51 rows=168 width=21) (actual time=281.482..623.995 rows=192 loops=1)
Gather  (cost=1000.00..340864.31 rows=26 width=21) (actual time=451.569..595.898 rows=68 loops=1)
Gather Merge  (cost=340862.28..340867.88 rows=48 width=131) (actual time=688.855..693.289 rows=56 loops=1)
Gather Merge  (cost=340862.31..340868.15 rows=50 width=131) (actual time=632.863..637.303 rows=33 loops=1)
Gather  (cost=1000.00..340864.41 rows=27 width=21) (actual time=237.332..626.877 rows=58 loops=1)
Gather  (cost=1000.00..340868.61 rows=69 width=140) (actual time=148.780..595.957 rows=24 loops=1)
Gather Merge  (cost=340862.31..340868.15 rows=50 width=131) (actual time=649.612..654.162 rows=73 loops=1)
Gather Merge  (cost=340862.28..340867.88 rows=48 width=131) (actual time=622.498..626.866 rows=39 loops=1)
Gather  (cost=1000.00..340864.41 rows=27 width=403) (actual time=608.206..612.664 rows=39 loops=1)
Gather Merge  (cost=340862.28..340867.88 rows=48 width=131) (actual time=606.858..611.266 rows=54 loops=1)
Gather  (cost=1000.00..340868.31 rows=66 width=21) (actual time=339.066..614.217 rows=42 loops=1)
Gather Merge  (cost=340862.31..340868.15 rows=50 width=131) (actual time=620.566..625.559 rows=110 loops=1)
Gather  (cost=1000.00..340864.31 rows=26 width=140) (actual time=477.615..618.823 rows=42 loops=1)
Gather Merge  (cost=340862.31..340868.15 rows=50 width=131) (actual time=645.729..650.563 rows=102 loops=1)
Gather  (cost=1000.00..340864.31 rows=26 width=21) (actual time=395.060..595.732 rows=117 loops=1)
Gather  (cost=1000.00..340864.41 rows=27 width=140) (actual time=255.761..634.340 rows=30 loops=1)
Gather  (cost=1000.00..340864.41 rows=27 width=21) (actual time=49.711..606.967 rows=44 loops=1)
Gather  (cost=1000.00..340864.41 rows=27 width=21) (actual time=623.547..632.452 rows=44 loops=1)
Gather  (cost=1000.00..340871.51 rows=98 width=21) (actual time=223.613..591.084 rows=312 loops=1)
Gather  (cost=1000.00..340864.31 rows=26 width=21) (actual time=404.517..631.688 rows=56 loops=1)
Gather  (cost=1000.00..340864.31 rows=26 width=140) (actual time=312.573..602.355 rows=22 loops=1)
Gather  (cost=1000.00..340864.31 rows=26 width=21) (actual time=536.612..618.139 rows=34 loops=1)
Gather Merge  (cost=340862.28..340867.88 rows=48 width=131) (actual time=618.293..622.705 rows=39 loops=1)
Gather  (cost=1000.00..340864.31 rows=26 width=21) (actual time=522.494..596.897 rows=50 loops=1)
Gather Merge  (cost=340862.28..340867.88 rows=48 width=131) (actual time=622.506..626.877 rows=56 loops=1)
Gather  (cost=1000.00..340864.31 rows=26 width=140) (actual time=493.456..646.324 rows=132 loops=1)
Gather  (cost=1000.00..340867.71 rows=60 width=21) (actual time=540.338..605.814 rows=74 loops=1)
Gather  (cost=1000.00..340864.31 rows=26 width=21) (actual time=544.111..615.719 rows=56 loops=1)
Gather Merge  (cost=340862.31..340868.15 rows=50 width=131) (actual time=598.597..603.019 rows=60 loops=1)
Gather Merge  (cost=340862.31..340868.15 rows=50 width=131) (actual time=649.579..654.124 rows=72 loops=1)
Gather Merge  (cost=340862.31..340868.15 rows=50 width=131) (actual time=629.212..634.746 rows=36 loops=1)
Gather  (cost=1000.00..340864.41 rows=27 width=21) (actual time=156.778..615.707 rows=92 loops=1)
Gather  (cost=1000.00..340869.31 rows=76 width=21) (actual time=451.097..595.152 rows=54 loops=1)
Gather Merge  (cost=340863.99..340881.03 rows=146 width=131) (actual time=606.754..611.423 rows=84 loops=1)
Gather Merge  (cost=340862.31..340868.15 rows=50 width=131) (actual time=647.551..652.417 rows=44 loops=1)
Gather  (cost=1000.00..340874.81 rows=131 width=21) (actual time=111.963..615.597 rows=54 loops=1)
Gather  (cost=1000.00..340864.41 rows=27 width=21) (actual time=205.019..620.308 rows=76 loops=1)
Gather  (cost=1000.00..340875.51 rows=138 width=140) (actual time=411.311..594.639 rows=165 loops=1)
Gather  (cost=1000.00..340864.41 rows=27 width=21) (actual time=518.757..617.878 rows=56 loops=1)
Gather Merge  (cost=340864.03..340881.30 rows=148 width=131) (actual time=627.745..657.272 rows=135 loops=1)
Gather  (cost=1000.00..340864.41 rows=27 width=140) (actual time=182.077..620.284 rows=32 loops=1)
Gather  (cost=1000.00..340868.01 rows=63 width=21) (actual time=148.439..612.439 rows=74 loops=1)
Gather  (cost=1000.00..340864.41 rows=27 width=21) (actual time=52.908..595.768 rows=36 loops=1)
Gather Merge  (cost=340885.61..341008.82 rows=1056 width=131) (actual time=626.538..630.997 rows=1342 loops=1)
Gather  (cost=1000.00..340864.41 rows=27 width=403) (actual time=218.785..624.469 rows=56 loops=1)
Gather  (cost=1000.00..340864.41 rows=27 width=21) (actual time=203.747..611.386 rows=78 loops=1)
Gather Merge  (cost=340862.28..340867.88 rows=48 width=131) (actual time=622.782..627.374 rows=248 loops=1)
Gather  (cost=1000.00..340864.41 rows=27 width=21) (actual time=173.330..592.404 rows=63 loops=1)
Gather Merge  (cost=340862.28..340867.88 rows=48 width=131) (actual time=648.219..652.723 rows=195 loops=1)
Gather  (cost=1000.00..340876.51 rows=148 width=21) (actual time=590.135..614.033 rows=425 loops=1)
Gather  (cost=1000.00..340864.41 rows=27 width=21) (actual time=269.710..622.842 rows=132 loops=1)
Gather  (cost=1000.00..340864.31 rows=26 width=21) (actual time=338.810..596.926 rows=50 loops=1)
Gather  (cost=1000.00..340864.41 rows=27 width=21) (actual time=238.091..614.215 rows=75 loops=1)
Gather  (cost=1000.00..340869.71 rows=80 width=140) (actual time=35.382..607.983 rows=76 loops=1)
Gather  (cost=1000.00..340864.31 rows=26 width=140) (actual time=329.519..618.613 rows=100 loops=1)
Gather Merge  (cost=340862.28..340867.88 rows=48 width=131) (actual time=634.336..638.942 rows=220 loops=1)
Gather  (cost=1000.00..340864.31 rows=26 width=21) (actual time=404.731..595.332 rows=48 loops=1)
Gather  (cost=1000.00..340869.41 rows=77 width=21) (actual time=233.386..610.656 rows=125 loops=1)
Gather  (cost=1000.00..340874.01 rows=123 width=140) (actual time=477.077..617.518 rows=318 loops=1)
Gather Merge  (cost=340862.28..340867.88 rows=48 width=131) (actual time=628.654..633.054 rows=42 loops=1)
Gather Merge  (cost=340862.28..340867.88 rows=48 width=131) (actual time=622.469..626.904 rows=195 loops=1)
Gather  (cost=1000.00..340864.31 rows=26 width=21) (actual time=460.993..590.523 rows=42 loops=1)
Gather  (cost=1000.00..340873.61 rows=119 width=21) (actual time=206.256..621.112 rows=136 loops=1)
Gather  (cost=1000.00..340864.31 rows=26 width=21) (actual time=553.806..622.253 rows=80 loops=1)
Gather  (cost=1000.00..340864.31 rows=26 width=140) (actual time=355.472..613.560 rows=28 loops=1)
Gather Merge  (cost=340862.31..340868.15 rows=50 width=131) (actual time=622.933..627.471 rows=72 loops=1)
Gather  (cost=1000.00..340864.41 rows=27 width=21) (actual time=33.205..594.679 rows=38 loops=1)
Gather Merge  (cost=340864.58..340885.11 rows=176 width=131) (actual time=634.099..639.661 rows=137 loops=1)
Gather  (cost=1000.00..340864.41 rows=27 width=21) (actual time=64.263..618.587 rows=78 loops=1)
Gather Merge  (cost=340862.28..340867.88 rows=48 width=131) (actual time=638.068..642.583 rows=192 loops=1)
Gather  (cost=1000.00..340868.81 rows=71 width=21) (actual time=128.042..596.477 rows=56 loops=1)
Gather  (cost=1000.00..340864.31 rows=26 width=21) (actual time=392.921..597.674 rows=38 loops=1)
Gather  (cost=1000.00..340864.41 rows=27 width=21) (actual time=396.399..625.990 rows=48 loops=1)
Gather Merge  (cost=340862.28..340867.88 rows=48 width=131) (actual time=639.783..644.241 rows=45 loops=1)
Gather  (cost=1000.00..340864.31 rows=26 width=21) (actual time=536.051..613.264 rows=60 loops=1)
Gather  (cost=1000.00..340864.41 rows=27 width=21) (actual time=300.606..595.342 rows=52 loops=1)
Gather  (cost=1000.00..340864.51 rows=28 width=140) (actual time=86.415..622.803 rows=42 loops=1)
Gather  (cost=1000.00..340879.11 rows=174 width=140) (actual time=204.146..611.020 rows=172 loops=1)
Gather  (cost=1000.00..340876.21 rows=145 width=140) (actual time=518.501..615.149 rows=102 loops=1)
Gather  (cost=1000.00..340875.61 rows=139 width=140) (actual time=4.384..617.988 rows=63 loops=1)
Gather  (cost=1000.00..340864.41 rows=27 width=21) (actual time=376.771..587.849 rows=111 loops=1)
Gather Merge  (cost=340862.28..340867.88 rows=48 width=131) (actual time=639.984..644.442 rows=60 loops=1)
Gather  (cost=1000.00..340864.41 rows=27 width=403) (actual time=27.207..607.321 rows=60 loops=1)
Gather Merge  (cost=340862.28..340867.88 rows=48 width=131) (actual time=639.063..643.563 rows=88 loops=1)
Gather  (cost=1000.00..340878.51 rows=168 width=21) (actual time=281.107..593.777 rows=192 loops=1)
Gather  (cost=1000.00..340864.41 rows=27 width=21) (actual time=373.418..591.346 rows=44 loops=1)
Gather  (cost=1000.00..340864.41 rows=27 width=21) (actual time=147.718..633.181 rows=60 loops=1)
Gather  (cost=1000.00..340864.41 rows=27 width=21) (actual time=505.506..621.627 rows=48 loops=1)
Gather  (cost=1000.00..340922.51 rows=608 width=21) (actual time=425.627..619.520 rows=636 loops=1)
Gather  (cost=1000.00..340864.41 rows=27 width=21) (actual time=285.555..595.723 rows=84 loops=1)
Gather  (cost=1000.00..340864.31 rows=26 width=21) (actual time=451.480..610.239 rows=123 loops=1)
Gather  (cost=1000.00..340864.41 rows=27 width=21) (actual time=239.166..615.498 rows=88 loops=1)
Gather  (cost=1000.00..340875.61 rows=139 width=140) (actual time=501.812..624.717 rows=120 loops=1)
Gather  (cost=1000.00..340875.61 rows=139 width=403) (actual time=504.622..610.169 rows=120 loops=1)
Gather  (cost=1000.00..340864.31 rows=26 width=21) (actual time=532.244..593.380 rows=52 loops=1)
Gather  (cost=1000.00..340870.21 rows=85 width=21) (actual time=197.409..611.129 rows=136 loops=1)
Gather Merge  (cost=340862.28..340867.88 rows=48 width=131) (actual time=664.422..669.477 rows=72 loops=1)
Gather  (cost=1000.00..340864.41 rows=27 width=21) (actual time=181.757..630.567 rows=42 loops=1)
Gather  (cost=1000.00..340864.31 rows=26 width=21) (actual time=536.730..618.441 rows=100 loops=1)
Gather  (cost=1000.00..340925.11 rows=634 width=21) (actual time=200.964..592.257 rows=516 loops=1)
Gather  (cost=1000.00..340924.21 rows=625 width=140) (actual time=515.284..634.442 rows=740 loops=1)
Gather Merge  (cost=340862.28..340867.88 rows=48 width=131) (actual time=613.987..618.537 rows=42 loops=1)
Gather  (cost=1000.00..340864.31 rows=26 width=21) (actual time=356.904..632.593 rows=84 loops=1)
Gather  (cost=1000.00..340864.41 rows=27 width=21) (actual time=62.204..592.684 rows=46 loops=1)
Gather  (cost=1000.00..340864.31 rows=26 width=140) (actual time=326.549..619.915 rows=33 loops=1)
Gather  (cost=1000.00..340864.31 rows=26 width=403) (actual time=323.263..590.392 rows=33 loops=1)
Gather  (cost=1000.00..340864.31 rows=26 width=21) (actual time=380.689..639.215 rows=54 loops=1)
Gather Merge  (cost=340862.28..340867.88 rows=48 width=131) (actual time=619.736..624.267 rows=24 loops=1)
Gather  (cost=1000.00..340864.41 rows=27 width=21) (actual time=220.890..619.482 rows=54 loops=1)
Gather Merge  (cost=340862.28..340867.88 rows=48 width=131) (actual time=600.398..605.050 rows=170 loops=1)
Gather  (cost=1000.00..340864.51 rows=28 width=21) (actual time=88.953..636.696 rows=164 loops=1)
Gather Merge  (cost=340862.31..340868.15 rows=50 width=131) (actual time=627.438..632.221 rows=45 loops=1)
Gather  (cost=1000.00..340864.31 rows=26 width=140) (actual time=377.988..615.568 rows=30 loops=1)
Gather  (cost=1000.00..340864.31 rows=26 width=21) (actual time=313.715..590.637 rows=87 loops=1)
Gather  (cost=1000.00..340864.41 rows=27 width=21) (actual time=234.990..597.464 rows=42 loops=1)
Gather  (cost=1000.00..340864.31 rows=26 width=140) (actual time=495.231..625.658 rows=36 loops=1)
Gather Merge  (cost=340862.31..340868.15 rows=50 width=131) (actual time=648.083..654.107 rows=36 loops=1)
Gather  (cost=1000.00..340872.41 rows=107 width=21) (actual time=270.542..628.085 rows=136 loops=1)
Gather  (cost=1000.00..340864.41 rows=27 width=21) (actual time=299.743..599.462 rows=84 loops=1)
Gather  (cost=1000.00..340874.91 rows=132 width=21) (actual time=540.320..610.909 rows=99 loops=1)
Gather  (cost=1000.00..340875.81 rows=141 width=21) (actual time=143.743..602.140 rows=174 loops=1)
Gather  (cost=1000.00..340864.31 rows=26 width=140) (actual time=439.759..611.561 rows=42 loops=1)
Gather  (cost=1000.00..340864.31 rows=26 width=21) (actual time=350.995..642.034 rows=126 loops=1)
Gather  (cost=1000.00..340876.21 rows=145 width=21) (actual time=83.173..636.548 rows=316 loops=1)
Gather Merge  (cost=340862.28..340867.88 rows=48 width=131) (actual time=611.534..615.952 rows=68 loops=1)
Gather  (cost=1000.00..340864.31 rows=26 width=140) (actual time=355.737..617.853 rows=140 loops=1)
Gather Merge  (cost=340862.28..340867.88 rows=48 width=131) (actual time=602.406..607.019 rows=21 loops=1)
Gather Merge  (cost=340862.28..340867.88 rows=48 width=131) (actual time=635.855..642.661 rows=28 loops=1)
Gather  (cost=1000.00..340864.41 rows=27 width=21) (actual time=501.875..608.745 rows=48 loops=1)
Gather Merge  (cost=340865.30..340890.04 rows=212 width=131) (actual time=642.602..647.225 rows=316 loops=1)
Gather  (cost=1000.00..340898.71 rows=370 width=21) (actual time=258.960..592.422 rows=516 loops=1)
Gather  (cost=1000.00..340882.51 rows=208 width=21) (actual time=396.706..612.070 rows=168 loops=1)
Gather  (cost=1000.00..340864.41 rows=27 width=21) (actual time=135.340..589.840 rows=70 loops=1)
Gather  (cost=1000.00..340864.31 rows=26 width=21) (actual time=573.375..625.749 rows=69 loops=1)
Gather  (cost=1000.00..340868.61 rows=69 width=140) (actual time=333.197..610.864 rows=52 loops=1)
Gather  (cost=1000.00..340867.71 rows=60 width=140) (actual time=553.032..630.581 rows=75 loops=1)
Gather  (cost=1000.00..340864.41 rows=27 width=21) (actual time=283.043..590.985 rows=90 loops=1)
Gather  (cost=1000.00..340864.31 rows=26 width=21) (actual time=536.630..619.136 rows=54 loops=1)
Gather  (cost=1000.00..340878.41 rows=167 width=21) (actual time=83.502..590.763 rows=152 loops=1)
Gather Merge  (cost=340868.39..340909.92 rows=356 width=131) (actual time=644.032..648.650 rows=638 loops=1)
Gather  (cost=1000.00..340864.31 rows=26 width=21) (actual time=415.743..605.932 rows=40 loops=1)
Gather Merge  (cost=340862.31..340868.15 rows=50 width=131) (actual time=636.454..641.058 rows=60 loops=1)
Gather  (cost=1000.00..340864.41 rows=27 width=21) (actual time=228.206..591.357 rows=30 loops=1)
Gather  (cost=1000.00..340864.31 rows=26 width=140) (actual time=549.348..694.594 rows=33 loops=1)
Gather  (cost=1000.00..340868.21 rows=65 width=140) (actual time=227.989..616.821 rows=42 loops=1)
Gather  (cost=1000.00..340864.41 rows=27 width=140) (actual time=212.205..616.224 rows=48 loops=1)
Gather  (cost=1000.00..340864.31 rows=26 width=21) (actual time=453.254..593.470 rows=46 loops=1)
Gather  (cost=1000.00..340864.41 rows=27 width=140) (actual time=147.331..621.309 rows=39 loops=1)
Gather Merge  (cost=340862.31..340868.15 rows=50 width=131) (actual time=613.963..618.735 rows=36 loops=1)
Gather Merge  (cost=340862.31..340868.15 rows=50 width=131) (actual time=623.726..628.515 rows=117 loops=1)
Gather  (cost=1000.00..340864.41 rows=27 width=21) (actual time=40.238..656.573 rows=68 loops=1)
Gather  (cost=1000.00..340864.31 rows=26 width=21) (actual time=347.640..591.771 rows=44 loops=1)
Gather  (cost=1000.00..340869.81 rows=81 width=140) (actual time=435.796..598.652 rows=100 loops=1)
Gather Merge  (cost=340862.31..340868.15 rows=50 width=131) (actual time=653.648..659.592 rows=122 loops=1)
Gather Merge  (cost=340862.28..340867.88 rows=48 width=131) (actual time=652.970..657.468 rows=52 loops=1)
Gather  (cost=1000.00..340871.91 rows=102 width=403) (actual time=487.592..632.940 rows=52 loops=1)
Gather Merge  (cost=340862.28..340867.88 rows=48 width=131) (actual time=606.330..610.869 rows=28 loops=1)
Gather Merge  (cost=340862.28..340867.88 rows=48 width=131) (actual time=625.157..629.747 rows=99 loops=1)
Gather  (cost=1000.00..340864.31 rows=26 width=21) (actual time=353.858..615.147 rows=46 loops=1)
Gather Merge  (cost=340892.00..341043.21 rows=1296 width=131) (actual time=630.618..635.441 rows=1641 loops=1)
Gather  (cost=1000.00..340864.41 rows=27 width=21) (actual time=58.396..611.272 rows=46 loops=1)
Gather Merge  (cost=340862.28..340867.88 rows=48 width=131) (actual time=605.130..609.704 rows=183 loops=1)
Gather  (cost=1000.00..340864.31 rows=26 width=21) (actual time=342.719..611.286 rows=76 loops=1)
Gather Merge  (cost=340870.43..340922.47 rows=446 width=131) (actual time=638.616..643.236 rows=555 loops=1)
Gather Merge  (cost=340862.28..340867.88 rows=48 width=131) (actual time=627.064..631.650 rows=156 loops=1)
Gather Merge  (cost=340862.28..340867.88 rows=48 width=131) (actual time=632.481..637.053 rows=32 loops=1)
Gather  (cost=1000.00..340876.51 rows=148 width=21) (actual time=242.899..592.471 rows=123 loops=1)
Gather Merge  (cost=340862.31..340868.15 rows=50 width=131) (actual time=668.883..673.675 rows=72 loops=1)
Gather  (cost=1000.00..340869.91 rows=82 width=21) (actual time=361.717..615.831 rows=68 loops=1)
Gather  (cost=1000.00..340864.41 rows=27 width=21) (actual time=17.470..617.440 rows=56 loops=1)
Gather Merge  (cost=340864.85..340887.02 rows=190 width=131) (actual time=603.309..608.056 rows=88 loops=1)
Gather  (cost=1000.00..340925.01 rows=633 width=140) (actual time=61.694..634.438 rows=1062 loops=1)
Gather  (cost=1000.00..340923.21 rows=615 width=21) (actual time=341.609..609.725 rows=504 loops=1)
Gather Merge  (cost=340862.28..340867.88 rows=48 width=131) (actual time=645.361..649.821 rows=276 loops=1)
Gather  (cost=1000.00..340879.41 rows=177 width=21) (actual time=22.498..636.005 rows=147 loops=1)
Gather  (cost=1000.00..340864.31 rows=26 width=21) (actual time=438.542..598.904 rows=84 loops=1)
Gather  (cost=1000.00..340875.21 rows=135 width=21) (actual time=554.559..627.307 rows=96 loops=1)
Gather Merge  (cost=340862.28..340867.88 rows=48 width=131) (actual time=626.985..631.406 rows=66 loops=1)
Gather Merge  (cost=340862.28..340867.88 rows=48 width=131) (actual time=638.400..648.486 rows=56 loops=1)
Gather  (cost=1000.00..340869.01 rows=73 width=21) (actual time=343.901..595.324 rows=44 loops=1)
Gather Merge  (cost=340862.28..340867.88 rows=48 width=131) (actual time=605.025..611.193 rows=240 loops=1)
Gather Merge  (cost=340862.31..340868.15 rows=50 width=131) (actual time=627.699..631.992 rows=200 loops=1)
Gather Merge  (cost=340862.28..340867.88 rows=48 width=131) (actual time=636.815..642.598 rows=246 loops=1)
Gather  (cost=1000.00..340875.31 rows=136 width=140) (actual time=87.397..621.911 rows=192 loops=1)
Gather  (cost=1000.00..340864.31 rows=26 width=140) (actual time=552.489..616.197 rows=33 loops=1)
Gather  (cost=1000.00..340864.31 rows=26 width=21) (actual time=428.710..593.594 rows=46 loops=1)
Gather  (cost=1000.00..340864.51 rows=28 width=140) (actual time=93.765..641.889 rows=66 loops=1)
Gather  (cost=1000.00..340874.21 rows=125 width=140) (actual time=111.748..606.122 rows=273 loops=1)
Gather  (cost=1000.00..340873.81 rows=121 width=140) (actual time=436.025..613.464 rows=58 loops=1)
Gather  (cost=1000.00..340864.41 rows=27 width=140) (actual time=119.896..587.887 rows=104 loops=1)
Gather Merge  (cost=340862.31..340868.15 rows=50 width=131) (actual time=625.582..630.083 rows=90 loops=1)
Gather  (cost=1000.00..340864.31 rows=26 width=21) (actual time=563.566..601.759 rows=50 loops=1)
Gather  (cost=1000.00..340864.41 rows=27 width=21) (actual time=277.564..617.676 rows=56 loops=1)
Gather  (cost=1000.00..340864.41 rows=27 width=21) (actual time=166.343..610.158 rows=108 loops=1)
Gather  (cost=1000.00..340864.41 rows=27 width=21) (actual time=508.980..614.988 rows=52 loops=1)
Gather Merge  (cost=340862.28..340867.88 rows=48 width=131) (actual time=598.223..604.662 rows=48 loops=1)
Gather  (cost=1000.00..340864.41 rows=27 width=403) (actual time=259.131..629.646 rows=24 loops=1)
Gather  (cost=1000.00..340864.41 rows=27 width=21) (actual time=108.638..620.992 rows=48 loops=1)
Gather Merge  (cost=340862.31..340868.15 rows=50 width=131) (actual time=619.878..624.332 rows=28 loops=1)
Gather  (cost=1000.00..340864.31 rows=26 width=21) (actual time=389.585..595.212 rows=117 loops=1)
Gather  (cost=1000.00..340864.41 rows=27 width=140) (actual time=598.169..611.622 rows=40 loops=1)
Gather Merge  (cost=340869.15..340914.65 rows=390 width=131) (actual time=631.860..636.347 rows=420 loops=1)
Gather  (cost=1000.00..340922.61 rows=609 width=21) (actual time=466.015..610.512 rows=815 loops=1)
Gather Merge  (cost=340862.28..340867.88 rows=48 width=131) (actual time=632.752..637.353 rows=58 loops=1)
Gather  (cost=1000.00..340883.91 rows=222 width=140) (actual time=291.240..591.633 rows=270 loops=1)
Gather Merge  (cost=340862.31..340868.15 rows=50 width=131) (actual time=637.532..642.223 rows=20 loops=1)
Gather  (cost=1000.00..340864.41 rows=27 width=21) (actual time=157.689..615.351 rows=99 loops=1)
Gather Merge  (cost=340862.28..340867.88 rows=48 width=131) (actual time=652.310..656.800 rows=58 loops=1)
Gather  (cost=1000.00..340874.91 rows=132 width=140) (actual time=532.026..611.976 rows=135 loops=1)
Gather  (cost=1000.00..340864.41 rows=27 width=21) (actual time=596.582..612.591 rows=50 loops=1)
Gather  (cost=1000.00..340864.51 rows=28 width=21) (actual time=83.858..614.318 rows=76 loops=1)
Gather  (cost=1000.00..340864.41 rows=27 width=140) (actual time=298.427..630.608 rows=26 loops=1)
Gather  (cost=1000.00..340924.21 rows=625 width=21) (actual time=392.933..616.691 rows=520 loops=1)
Gather Merge  (cost=340862.31..340868.15 rows=50 width=131) (actual time=623.989..628.798 rows=45 loops=1)
Gather  (cost=1000.00..340869.41 rows=77 width=21) (actual time=74.078..592.645 rows=72 loops=1)
Gather  (cost=1000.00..340864.31 rows=26 width=21) (actual time=440.329..631.327 rows=42 loops=1)
Gather Merge  (cost=340862.28..340867.88 rows=48 width=131) (actual time=621.445..626.273 rows=56 loops=1)
Gather  (cost=1000.00..340864.41 rows=27 width=21) (actual time=227.790..647.776 rows=56 loops=1)
Gather  (cost=1000.00..340879.01 rows=173 width=21) (actual time=552.911..593.248 rows=205 loops=1)
Gather  (cost=1000.00..340871.31 rows=96 width=21) (actual time=361.301..600.279 rows=175 loops=1)
Gather Merge  (cost=340864.22..340882.66 rows=158 width=131) (actual time=640.394..645.281 rows=210 loops=1)
Gather  (cost=1000.00..340878.51 rows=168 width=21) (actual time=52.111..624.742 rows=87 loops=1)
Gather  (cost=1000.00..340872.91 rows=112 width=21) (actual time=613.901..622.959 rows=123 loops=1)
Gather  (cost=1000.00..340923.31 rows=616 width=21) (actual time=231.378..592.256 rows=1197 loops=1)
Gather  (cost=1000.00..340864.41 rows=27 width=140) (actual time=63.743..614.396 rows=45 loops=1)
Gather  (cost=1000.00..340870.01 rows=83 width=21) (actual time=265.673..610.682 rows=48 loops=1)
Gather Merge  (cost=340862.28..340867.88 rows=48 width=131) (actual time=631.583..636.088 rows=60 loops=1)
Gather  (cost=1000.00..340864.31 rows=26 width=403) (actual time=332.618..605.962 rows=60 loops=1)
Gather  (cost=1000.00..340864.41 rows=27 width=21) (actual time=126.246..592.058 rows=54 loops=1)
Gather  (cost=1000.00..340879.21 rows=175 width=21) (actual time=347.467..592.225 rows=258 loops=1)
Gather  (cost=1000.00..340864.31 rows=26 width=21) (actual time=483.324..633.384 rows=74 loops=1)
Gather Merge  (cost=340862.31..340868.15 rows=50 width=131) (actual time=629.118..633.774 rows=66 loops=1)
Gather  (cost=1000.00..340864.41 rows=27 width=21) (actual time=176.667..606.777 rows=60 loops=1)
Gather  (cost=1000.00..340864.31 rows=26 width=140) (actual time=318.513..589.603 rows=33 loops=1)
Gather  (cost=1000.00..340864.31 rows=26 width=140) (actual time=462.442..613.417 rows=63 loops=1)
Gather Merge  (cost=340862.28..340867.88 rows=48 width=131) (actual time=639.359..643.956 rows=90 loops=1)
Gather  (cost=1000.00..340864.31 rows=26 width=21) (actual time=425.744..613.282 rows=86 loops=1)
Gather  (cost=1000.00..340864.31 rows=26 width=21) (actual time=343.271..610.445 rows=80 loops=1)
Gather  (cost=1000.00..340864.41 rows=27 width=140) (actual time=130.249..592.122 rows=28 loops=1)
Gather  (cost=1000.00..340864.41 rows=27 width=140) (actual time=66.603..609.762 rows=84 loops=1)
Gather Merge  (cost=340892.21..341044.36 rows=1304 width=131) (actual time=631.969..659.349 rows=1863 loops=1)
Gather  (cost=1000.00..340864.41 rows=27 width=21) (actual time=232.397..632.711 rows=168 loops=1)
Gather  (cost=1000.00..340864.41 rows=27 width=21) (actual time=399.996..611.881 rows=56 loops=1)
Gather  (cost=1000.00..340924.11 rows=624 width=21) (actual time=239.178..595.231 rows=567 loops=1)
Gather  (cost=1000.00..340868.11 rows=64 width=140) (actual time=444.668..623.050 rows=28 loops=1)
Gather  (cost=1000.00..340864.41 rows=27 width=21) (actual time=505.721..622.221 rows=48 loops=1)
Gather  (cost=1000.00..340878.51 rows=168 width=21) (actual time=145.936..627.462 rows=280 loops=1)
Gather  (cost=1000.00..340873.11 rows=114 width=140) (actual time=350.736..589.653 rows=165 loops=1)
Gather  (cost=1000.00..340876.11 rows=144 width=21) (actual time=553.702..591.316 rows=116 loops=1)
Gather  (cost=1000.00..340876.01 rows=143 width=21) (actual time=335.110..636.922 rows=420 loops=1)
Gather  (cost=1000.00..340921.31 rows=596 width=21) (actual time=306.264..605.823 rows=415 loops=1)
Gather Merge  (cost=340869.70..340918.00 rows=414 width=131) (actual time=637.275..641.760 rows=422 loops=1)
Gather  (cost=1000.00..340876.21 rows=145 width=21) (actual time=495.461..590.444 rows=102 loops=1)
Gather  (cost=1000.00..340864.41 rows=27 width=140) (actual time=163.544..591.242 rows=45 loops=1)
Gather  (cost=1000.00..340878.51 rows=168 width=21) (actual time=40.425..637.673 rows=132 loops=1)
Gather  (cost=1000.00..340864.31 rows=26 width=140) (actual time=339.837..615.026 rows=30 loops=1)
Gather Merge  (cost=340862.31..340868.15 rows=50 width=131) (actual time=635.485..640.114 rows=40 loops=1)
Gather  (cost=1000.00..340864.41 rows=27 width=21) (actual time=145.104..591.173 rows=40 loops=1)
Gather  (cost=1000.00..340864.31 rows=26 width=21) (actual time=415.404..613.293 rows=42 loops=1)
Gather  (cost=1000.00..340864.31 rows=26 width=140) (actual time=319.432..624.952 rows=36 loops=1)
Gather  (cost=1000.00..340869.81 rows=81 width=140) (actual time=454.978..647.780 rows=100 loops=1)
Gather  (cost=1000.00..340864.31 rows=26 width=21) (actual time=524.660..605.452 rows=52 loops=1)
Gather  (cost=1000.00..340864.41 rows=27 width=21) (actual time=151.079..594.484 rows=56 loops=1)
Gather Merge  (cost=340862.28..340867.88 rows=48 width=131) (actual time=614.776..619.386 rows=60 loops=1)
Gather  (cost=1000.00..340864.31 rows=26 width=403) (actual time=469.868..626.624 rows=60 loops=1)
Gather  (cost=1000.00..340864.31 rows=26 width=140) (actual time=476.878..625.803 rows=45 loops=1)
Gather Merge  (cost=340862.28..340867.88 rows=48 width=131) (actual time=617.446..622.169 rows=24 loops=1)
Gather  (cost=1000.00..340864.31 rows=26 width=21) (actual time=406.129..590.439 rows=48 loops=1)
Gather  (cost=1000.00..340864.31 rows=26 width=21) (actual time=374.087..618.896 rows=244 loops=1)
Gather  (cost=1000.00..340868.61 rows=69 width=21) (actual time=576.647..612.019 rows=135 loops=1)
Gather Merge  (cost=340862.28..340867.88 rows=48 width=131) (actual time=639.259..644.084 rows=42 loops=1)
Gather Merge  (cost=340862.28..340867.88 rows=48 width=131) (actual time=621.630..626.256 rows=42 loops=1)
Gather  (cost=1000.00..340925.11 rows=634 width=140) (actual time=304.402..593.561 rows=984 loops=1)
Gather Merge  (cost=340862.31..340868.15 rows=50 width=131) (actual time=630.868..635.787 rows=48 loops=1)
Gather  (cost=1000.00..340869.81 rows=81 width=21) (actual time=566.494..620.504 rows=81 loops=1)
Gather  (cost=1000.00..340871.31 rows=96 width=140) (actual time=153.196..628.658 rows=170 loops=1)
Gather  (cost=1000.00..340871.31 rows=96 width=403) (actual time=147.916..590.843 rows=170 loops=1)
Gather  (cost=1000.00..340864.31 rows=26 width=140) (actual time=339.374..611.255 rows=22 loops=1)
Gather  (cost=1000.00..340868.91 rows=72 width=21) (actual time=47.954..613.575 rows=111 loops=1)
Gather Merge  (cost=340862.28..340867.88 rows=48 width=131) (actual time=649.457..655.143 rows=44 loops=1)
Gather  (cost=1000.00..340870.41 rows=87 width=21) (actual time=185.064..622.190 rows=96 loops=1)
Gather Merge  (cost=340862.28..340867.88 rows=48 width=131) (actual time=605.322..610.115 rows=109 loops=1)
Gather  (cost=1000.00..340864.41 rows=27 width=140) (actual time=500.291..594.061 rows=42 loops=1)
Gather  (cost=1000.00..340882.71 rows=210 width=21) (actual time=599.904..642.350 rows=300 loops=1)
Gather Merge  (cost=340862.31..340868.15 rows=50 width=131) (actual time=632.323..636.996 rows=50 loops=1)
Gather Merge  (cost=340862.31..340868.15 rows=50 width=131) (actual time=621.708..626.531 rows=176 loops=1)
Gather  (cost=1000.00..340876.61 rows=149 width=21) (actual time=190.692..591.051 rows=76 loops=1)
Gather  (cost=1000.00..340868.01 rows=63 width=140) (actual time=57.932..615.689 rows=27 loops=1)
Gather  (cost=1000.00..340871.21 rows=95 width=21) (actual time=337.510..614.595 rows=204 loops=1)
Gather  (cost=1000.00..340864.41 rows=27 width=140) (actual time=119.153..620.995 rows=36 loops=1)
Gather  (cost=1000.00..340864.51 rows=28 width=21) (actual time=76.498..605.518 rows=48 loops=1)
Gather  (cost=1000.00..340864.31 rows=26 width=21) (actual time=320.087..609.387 rows=84 loops=1)
Gather  (cost=1000.00..340864.41 rows=27 width=21) (actual time=204.672..626.727 rows=78 loops=1)
Gather Merge  (cost=340862.31..340868.15 rows=50 width=131) (actual time=627.177..631.887 rows=70 loops=1)
Gather Merge  (cost=340862.28..340867.88 rows=48 width=131) (actual time=640.340..644.865 rows=110 loops=1)
Gather  (cost=1000.00..340868.41 rows=67 width=21) (actual time=301.449..591.330 rows=156 loops=1)
Gather  (cost=1000.00..340864.31 rows=26 width=140) (actual time=404.359..592.083 rows=39 loops=1)
Gather Merge  (cost=340862.28..340867.88 rows=48 width=131) (actual time=649.447..654.394 rows=122 loops=1)
Gather  (cost=1000.00..340882.71 rows=210 width=140) (actual time=350.904..612.282 rows=200 loops=1)
Gather  (cost=1000.00..340864.41 rows=27 width=21) (actual time=590.033..609.022 rows=34 loops=1)
Gather  (cost=1000.00..340864.41 rows=27 width=21) (actual time=15.126..588.434 rows=38 loops=1)
Gather  (cost=1000.00..340875.51 rows=138 width=140) (actual time=551.349..625.429 rows=120 loops=1)
Gather  (cost=1000.00..340874.71 rows=130 width=21) (actual time=37.317..623.168 rows=164 loops=1)
Gather Merge  (cost=340862.28..340867.88 rows=48 width=131) (actual time=627.184..631.729 rows=60 loops=1)
Gather  (cost=1000.00..340883.61 rows=219 width=21) (actual time=211.142..605.225 rows=152 loops=1)
Gather  (cost=1000.00..340864.31 rows=26 width=21) (actual time=549.520..617.309 rows=62 loops=1)
Gather  (cost=1000.00..340864.41 rows=27 width=21) (actual time=187.550..609.946 rows=54 loops=1)
Gather  (cost=1000.00..340864.31 rows=26 width=21) (actual time=422.315..620.517 rows=50 loops=1)
Gather  (cost=1000.00..340898.71 rows=370 width=21) (actual time=277.146..609.619 rows=516 loops=1)
Gather  (cost=1000.00..340864.41 rows=27 width=21) (actual time=267.803..587.865 rows=116 loops=1)
Gather Merge  (cost=340862.31..340868.15 rows=50 width=131) (actual time=622.032..626.633 rows=55 loops=1)
Gather  (cost=1000.00..340864.41 rows=27 width=140) (actual time=288.233..615.477 rows=42 loops=1)
Gather  (cost=1000.00..340864.41 rows=27 width=403) (actual time=278.286..612.891 rows=42 loops=1)
Gather  (cost=1000.00..340864.31 rows=26 width=21) (actual time=417.974..608.203 rows=56 loops=1)
Gather  (cost=1000.00..340864.41 rows=27 width=21) (actual time=130.390..590.464 rows=50 loops=1)
Gather Merge  (cost=340862.31..340868.15 rows=50 width=131) (actual time=642.707..647.260 rows=78 loops=1)
Gather  (cost=1000.00..340873.21 rows=115 width=140) (actual time=243.327..605.697 rows=290 loops=1)
Gather  (cost=1000.00..340869.91 rows=82 width=21) (actual time=350.348..625.190 rows=105 loops=1)
Gather  (cost=1000.00..340876.61 rows=149 width=21) (actual time=79.425..590.797 rows=184 loops=1)
Gather Merge  (cost=340862.28..340867.88 rows=48 width=131) (actual time=620.811..625.450 rows=156 loops=1)
Gather Merge  (cost=340862.28..340867.88 rows=48 width=131) (actual time=621.723..626.601 rows=90 loops=1)
Gather Merge  (cost=340862.28..340867.88 rows=48 width=131) (actual time=631.245..635.621 rows=44 loops=1)
Gather Merge  (cost=340872.16..340932.83 rows=520 width=131) (actual time=616.906..621.494 rows=787 loops=1)
Gather Merge  (cost=340862.31..340868.15 rows=50 width=131) (actual time=599.151..603.630 rows=110 loops=1)
Gather  (cost=1000.00..340882.71 rows=210 width=21) (actual time=584.703..626.913 rows=300 loops=1)
Gather Merge  (cost=340862.28..340867.88 rows=48 width=131) (actual time=616.267..621.797 rows=130 loops=1)
Gather  (cost=1000.00..340874.51 rows=128 width=140) (actual time=217.565..621.516 rows=117 loops=1)
Gather  (cost=1000.00..340864.51 rows=28 width=140) (actual time=94.112..593.350 rows=28 loops=1)
Gather  (cost=1000.00..340883.61 rows=219 width=21) (actual time=145.986..624.912 rows=424 loops=1)
Gather  (cost=1000.00..340864.31 rows=26 width=140) (actual time=519.280..597.372 rows=76 loops=1)
Gather  (cost=1000.00..340864.31 rows=26 width=21) (actual time=564.053..615.482 rows=56 loops=1)
Gather  (cost=1000.00..340864.41 rows=27 width=140) (actual time=297.039..603.697 rows=45 loops=1)
Gather  (cost=1000.00..340864.41 rows=27 width=21) (actual time=273.870..592.269 rows=75 loops=1)
Gather  (cost=1000.00..340864.41 rows=27 width=140) (actual time=366.636..617.407 rows=40 loops=1)
Gather  (cost=1000.00..340864.31 rows=26 width=21) (actual time=334.748..618.746 rows=56 loops=1)
Gather  (cost=1000.00..340864.41 rows=27 width=21) (actual time=188.553..609.032 rows=54 loops=1)
Gather  (cost=1000.00..340864.41 rows=27 width=21) (actual time=382.864..609.945 rows=81 loops=1)
Gather  (cost=1000.00..340864.41 rows=27 width=21) (actual time=38.214..591.032 rows=58 loops=1)
Gather  (cost=1000.00..340864.41 rows=27 width=21) (actual time=542.724..640.356 rows=42 loops=1)
Gather  (cost=1000.00..340864.41 rows=27 width=140) (actual time=70.157..610.951 rows=33 loops=1)
Gather  (cost=1000.00..340864.41 rows=27 width=403) (actual time=67.966..610.071 rows=33 loops=1)
Gather  (cost=1000.00..340864.51 rows=28 width=21) (actual time=75.877..591.284 rows=72 loops=1)
Gather Merge  (cost=340862.28..340867.88 rows=48 width=131) (actual time=644.244..648.936 rows=60 loops=1)
Gather  (cost=1000.00..340864.41 rows=27 width=403) (actual time=623.224..635.104 rows=60 loops=1)
Gather Merge  (cost=340862.28..340867.88 rows=48 width=131) (actual time=638.054..642.571 rows=39 loops=1)
Gather  (cost=1000.00..340883.31 rows=216 width=21) (actual time=39.921..613.572 rows=132 loops=1)
Gather  (cost=1000.00..340877.71 rows=160 width=140) (actual time=435.147..593.451 rows=204 loops=1)
Gather  (cost=1000.00..340864.31 rows=26 width=140) (actual time=435.653..624.808 rows=44 loops=1)
Gather  (cost=1000.00..340864.31 rows=26 width=403) (actual time=425.893..601.143 rows=44 loops=1)
Gather Merge  (cost=340862.28..340867.88 rows=48 width=131) (actual time=618.924..624.482 rows=130 loops=1)
Gather  (cost=1000.00..340864.31 rows=26 width=21) (actual time=567.243..606.214 rows=48 loops=1)
Gather  (cost=1000.00..340864.41 rows=27 width=140) (actual time=268.278..594.834 rows=116 loops=1)
Gather  (cost=1000.00..340864.41 rows=27 width=140) (actual time=252.429..616.207 rows=44 loops=1)
Gather Merge  (cost=340862.31..340868.15 rows=50 width=131) (actual time=651.587..656.121 rows=106 loops=1)
Gather  (cost=1000.00..340870.01 rows=83 width=21) (actual time=230.072..604.917 rows=40 loops=1)
Gather Merge  (cost=340862.28..340867.88 rows=48 width=131) (actual time=622.022..626.643 rows=127 loops=1)
Gather  (cost=1000.00..340864.41 rows=27 width=21) (actual time=167.817..590.192 rows=40 loops=1)
Gather  (cost=1000.00..340864.31 rows=26 width=140) (actual time=611.395..661.891 rows=24 loops=1)
Gather  (cost=1000.00..340864.41 rows=27 width=140) (actual time=296.277..612.878 rows=22 loops=1)
Gather  (cost=1000.00..340864.41 rows=27 width=140) (actual time=606.247..614.490 rows=24 loops=1)
Gather  (cost=1000.00..340864.41 rows=27 width=21) (actual time=2.575..587.493 rows=106 loops=1)
Gather  (cost=1000.00..340875.11 rows=134 width=140) (actual time=380.122..632.576 rows=80 loops=1)
Gather Merge  (cost=340862.31..340868.15 rows=50 width=131) (actual time=598.914..604.890 rows=143 loops=1)
Gather Merge  (cost=340864.66..340885.66 rows=180 width=131) (actual time=641.735..646.329 rows=103 loops=1)
Gather  (cost=1000.00..340864.41 rows=27 width=21) (actual time=239.195..608.316 rows=63 loops=1)
Gather Merge  (cost=340862.28..340867.88 rows=48 width=131) (actual time=633.120..637.685 rows=49 loops=1)
Gather  (cost=1000.00..340864.41 rows=27 width=140) (actual time=231.024..588.248 rows=60 loops=1)
Gather  (cost=1000.00..340864.41 rows=27 width=21) (actual time=303.329..629.449 rows=32 loops=1)
Gather  (cost=1000.00..340883.31 rows=216 width=21) (actual time=496.106..595.893 rows=378 loops=1)
Gather  (cost=1000.00..340864.41 rows=27 width=140) (actual time=348.523..659.900 rows=36 loops=1)
Gather Merge  (cost=340862.31..340868.15 rows=50 width=131) (actual time=617.991..622.837 rows=20 loops=1)
Gather  (cost=1000.00..340864.41 rows=27 width=140) (actual time=238.236..624.757 rows=39 loops=1)
Gather  (cost=1000.00..340864.41 rows=27 width=21) (actual time=220.618..591.196 rows=44 loops=1)
Gather  (cost=1000.00..340864.31 rows=26 width=21) (actual time=585.123..622.792 rows=38 loops=1)
Gather  (cost=1000.00..340864.31 rows=26 width=140) (actual time=319.044..614.537 rows=112 loops=1)
Gather  (cost=1000.00..340864.31 rows=26 width=403) (actual time=352.233..628.910 rows=112 loops=1)
Gather Merge  (cost=340864.98..340887.84 rows=196 width=131) (actual time=643.128..647.934 rows=95 loops=1)
Gather  (cost=1000.00..340870.91 rows=92 width=21) (actual time=546.674..596.150 rows=205 loops=1)
Gather  (cost=1000.00..340864.41 rows=27 width=403) (actual time=12.003..610.344 rows=45 loops=1)
Gather Merge  (cost=340862.31..340868.15 rows=50 width=131) (actual time=604.205..608.998 rows=132 loops=1)
Gather Merge  (cost=340862.28..340867.88 rows=48 width=131) (actual time=633.078..638.201 rows=152 loops=1)
Gather  (cost=1000.00..340878.21 rows=165 width=21) (actual time=148.600..614.066 rows=176 loops=1)
Gather  (cost=1000.00..340864.41 rows=27 width=21) (actual time=262.890..629.307 rows=63 loops=1)
Gather  (cost=1000.00..340864.41 rows=27 width=140) (actual time=567.345..589.671 rows=42 loops=1)
Gather  (cost=1000.00..340864.41 rows=27 width=403) (actual time=619.618..644.413 rows=42 loops=1)
Gather  (cost=1000.00..340924.21 rows=625 width=21) (actual time=386.360..608.553 rows=520 loops=1)
Gather Merge  (cost=340868.17..340908.53 rows=346 width=131) (actual time=646.785..651.280 rows=559 loops=1)
Gather  (cost=1000.00..340864.41 rows=27 width=403) (actual time=28.709..592.048 rows=39 loops=1)
Gather Merge  (cost=340884.57..341003.11 rows=1016 width=131) (actual time=629.221..633.148 rows=1406 loops=1)
Gather  (cost=1000.00..340864.41 rows=27 width=21) (actual time=132.308..588.051 rows=70 loops=1)
Gather  (cost=1000.00..340864.31 rows=26 width=21) (actual time=467.042..621.823 rows=52 loops=1)
Gather  (cost=1000.00..340864.41 rows=27 width=140) (actual time=146.037..615.049 rows=45 loops=1)
Gather  (cost=1000.00..340867.91 rows=62 width=21) (actual time=280.077..613.683 rows=72 loops=1)
Gather  (cost=1000.00..340882.51 rows=208 width=21) (actual time=399.689..590.945 rows=168 loops=1)
Gather  (cost=1000.00..340864.41 rows=27 width=21) (actual time=214.903..644.525 rows=74 loops=1)
Gather Merge  (cost=340862.28..340867.88 rows=48 width=131) (actual time=614.514..619.455 rows=24 loops=1)
Gather Merge  (cost=340862.28..340867.88 rows=48 width=131) (actual time=633.543..638.198 rows=48 loops=1)
Gather  (cost=1000.00..340871.51 rows=98 width=21) (actual time=99.917..588.542 rows=66 loops=1)
Gather  (cost=1000.00..340877.41 rows=157 width=21) (actual time=519.650..613.695 rows=256 loops=1)
Gather  (cost=1000.00..340864.31 rows=26 width=21) (actual time=484.205..609.297 rows=56 loops=1)
Gather Merge  (cost=340862.28..340867.88 rows=48 width=131) (actual time=622.601..627.312 rows=98 loops=1)
Gather Merge  (cost=340862.28..340867.88 rows=48 width=131) (actual time=630.005..634.327 rows=68 loops=1)
Gather Merge  (cost=340870.34..340921.91 rows=442 width=131) (actual time=602.705..607.034 rows=772 loops=1)
Gather  (cost=1000.00..340875.81 rows=141 width=21) (actual time=49.357..614.226 rows=183 loops=1)
Gather  (cost=1000.00..340864.31 rows=26 width=21) (actual time=323.353..616.297 rows=44 loops=1)
Gather  (cost=1000.00..340899.31 rows=376 width=140) (actual time=397.193..624.535 rows=920 loops=1)
Gather  (cost=1000.00..340875.41 rows=137 width=21) (actual time=365.757..624.843 rows=282 loops=1)
Gather Merge  (cost=340862.28..340867.88 rows=48 width=131) (actual time=599.839..604.372 rows=201 loops=1)
Gather  (cost=1000.00..340864.51 rows=28 width=21) (actual time=90.661..613.568 rows=50 loops=1)
Gather Merge  (cost=340885.61..341008.82 rows=1056 width=131) (actual time=638.319..643.276 rows=1342 loops=1)
Gather  (cost=1000.00..340864.41 rows=27 width=403) (actual time=214.096..618.718 rows=56 loops=1)
Gather Merge  (cost=340862.28..340867.88 rows=48 width=131) (actual time=615.669..620.596 rows=61 loops=1)
Gather  (cost=1000.00..340868.41 rows=67 width=140) (actual time=476.092..592.811 rows=92 loops=1)
Gather  (cost=1000.00..340877.61 rows=159 width=21) (actual time=425.713..627.244 rows=300 loops=1)
Gather  (cost=1000.00..340864.41 rows=27 width=21) (actual time=192.659..613.783 rows=36 loops=1)
Gather Merge  (cost=340863.99..340881.03 rows=146 width=131) (actual time=637.702..642.380 rows=84 loops=1)
Gather  (cost=1000.00..340864.41 rows=27 width=21) (actual time=578.755..590.167 rows=64 loops=1)
Gather Merge  (cost=340868.57..340911.04 rows=364 width=131) (actual time=615.838..620.367 rows=728 loops=1)
Gather  (cost=1000.00..340864.41 rows=27 width=21) (actual time=178.488..611.866 rows=70 loops=1)
Gather Merge  (cost=340862.28..340867.88 rows=48 width=131) (actual time=632.991..637.629 rows=90 loops=1)
Gather Merge  (cost=340862.28..340867.88 rows=48 width=131) (actual time=617.976..622.608 rows=138 loops=1)
Gather  (cost=1000.00..340864.41 rows=27 width=140) (actual time=272.114..588.820 rows=87 loops=1)
Gather  (cost=1000.00..340868.61 rows=69 width=21) (actual time=382.896..589.509 rows=34 loops=1)
Gather Merge  (cost=340862.31..340868.15 rows=50 width=131) (actual time=643.757..648.281 rows=40 loops=1)
Gather  (cost=1000.00..340871.61 rows=99 width=21) (actual time=397.298..609.764 rows=84 loops=1)
Gather  (cost=1000.00..340864.41 rows=27 width=140) (actual time=144.302..620.174 rows=96 loops=1)
Gather  (cost=1000.00..340923.31 rows=616 width=21) (actual time=231.231..587.320 rows=1197 loops=1)
Gather Merge  (cost=340862.28..340867.88 rows=48 width=131) (actual time=618.211..622.731 rows=138 loops=1)
Gather  (cost=1000.00..340870.01 rows=83 width=21) (actual time=522.815..610.372 rows=36 loops=1)
Gather  (cost=1000.00..340864.41 rows=27 width=21) (actual time=158.713..614.287 rows=46 loops=1)
Gather  (cost=1000.00..340864.31 rows=26 width=21) (actual time=564.389..606.077 rows=108 loops=1)
Gather Merge  (cost=340862.28..340867.88 rows=48 width=131) (actual time=602.432..607.074 rows=134 loops=1)
Gather  (cost=1000.00..340864.51 rows=28 width=21) (actual time=97.246..626.105 rows=52 loops=1)
Gather  (cost=1000.00..340876.01 rows=143 width=21) (actual time=361.649..609.647 rows=320 loops=1)
Gather  (cost=1000.00..340879.41 rows=177 width=140) (actual time=139.103..615.261 rows=144 loops=1)
Gather Merge  (cost=340864.15..340882.11 rows=154 width=131) (actual time=635.731..640.362 rows=418 loops=1)
Gather Merge  (cost=340862.28..340867.88 rows=48 width=131) (actual time=598.560..605.581 rows=75 loops=1)
Gather  (cost=1000.00..340864.41 rows=27 width=21) (actual time=418.056..634.047 rows=48 loops=1)
Gather  (cost=1000.00..340864.31 rows=26 width=140) (actual time=530.058..610.126 rows=28 loops=1)
Gather Merge  (cost=340862.28..340867.88 rows=48 width=131) (actual time=618.954..623.468 rows=75 loops=1)
Gather  (cost=1000.00..340864.41 rows=27 width=140) (actual time=269.543..590.282 rows=45 loops=1)
Gather  (cost=1000.00..340925.31 rows=636 width=21) (actual time=164.240..628.766 rows=1100 loops=1)
Gather  (cost=1000.00..340924.21 rows=625 width=140) (actual time=495.522..604.190 rows=740 loops=1)
Gather  (cost=1000.00..340875.81 rows=141 width=21) (actual time=568.995..645.872 rows=236 loops=1)
Gather  (cost=1000.00..340864.41 rows=27 width=21) (actual time=148.274..605.220 rows=50 loops=1)
Gather  (cost=1000.00..340864.31 rows=26 width=140) (actual time=526.435..592.588 rows=28 loops=1)
Gather  (cost=1000.00..340868.71 rows=70 width=140) (actual time=491.560..614.348 rows=165 loops=1)
Gather  (cost=1000.00..340864.31 rows=26 width=21) (actual time=584.209..631.783 rows=84 loops=1)
Gather  (cost=1000.00..340864.41 rows=27 width=21) (actual time=8.357..618.714 rows=46 loops=1)
Gather  (cost=1000.00..340869.41 rows=77 width=140) (actual time=510.369..609.198 rows=70 loops=1)
Gather Merge  (cost=340862.31..340868.15 rows=50 width=131) (actual time=597.065..601.798 rows=71 loops=1)
Gather  (cost=1000.00..340875.51 rows=138 width=140) (actual time=431.872..613.255 rows=165 loops=1)
Gather  (cost=1000.00..340923.11 rows=614 width=140) (actual time=30.023..608.504 rows=630 loops=1)
Gather Merge  (cost=340862.28..340867.88 rows=48 width=131) (actual time=638.514..643.073 rows=75 loops=1)
Gather  (cost=1000.00..340864.31 rows=26 width=21) (actual time=353.870..604.885 rows=38 loops=1)
Gather Merge  (cost=340862.28..340867.88 rows=48 width=131) (actual time=598.277..602.848 rows=33 loops=1)
Gather  (cost=1000.00..340864.41 rows=27 width=403) (actual time=256.581..636.201 rows=33 loops=1)
Gather  (cost=1000.00..340899.81 rows=381 width=21) (actual time=299.812..610.429 rows=672 loops=1)
Gather  (cost=1000.00..340864.31 rows=26 width=21) (actual time=586.703..629.281 rows=75 loops=1)
Gather  (cost=1000.00..340878.31 rows=166 width=21) (actual time=578.630..591.087 rows=534 loops=1)
Gather Merge  (cost=340864.07..340881.57 rows=150 width=131) (actual time=622.638..627.311 rows=268 loops=1)
Gather Merge  (cost=340862.31..340868.15 rows=50 width=131) (actual time=617.745..622.477 rows=42 loops=1)
Gather  (cost=1000.00..340924.31 rows=626 width=21) (actual time=114.786..611.251 rows=627 loops=1)
Gather Merge  (cost=340862.28..340867.88 rows=48 width=131) (actual time=634.551..639.084 rows=117 loops=1)
Gather  (cost=1000.00..340864.41 rows=27 width=21) (actual time=373.001..591.981 rows=57 loops=1)
Gather  (cost=1000.00..340877.31 rows=156 width=140) (actual time=29.736..597.306 rows=100 loops=1)
Gather  (cost=1000.00..340864.41 rows=27 width=21) (actual time=56.459..613.599 rows=66 loops=1)
Gather Merge  (cost=340862.28..340867.88 rows=48 width=131) (actual time=623.162..627.762 rows=108 loops=1)
Gather Merge  (cost=340862.28..340867.88 rows=48 width=131) (actual time=617.558..622.160 rows=63 loops=1)
Gather  (cost=1000.00..340864.31 rows=26 width=403) (actual time=353.727..593.445 rows=33 loops=1)
Gather Merge  (cost=340862.28..340867.88 rows=48 width=131) (actual time=635.977..640.447 rows=28 loops=1)
Gather  (cost=1000.00..340864.31 rows=26 width=21) (actual time=316.446..619.152 rows=42 loops=1)
Gather Merge  (cost=340862.28..340867.88 rows=48 width=131) (actual time=624.076..628.607 rows=60 loops=1)
Gather  (cost=1000.00..340864.41 rows=27 width=21) (actual time=123.309..589.340 rows=66 loops=1)
Gather  (cost=1000.00..340864.31 rows=26 width=140) (actual time=441.041..607.237 rows=36 loops=1)
Gather  (cost=1000.00..340864.31 rows=26 width=21) (actual time=350.701..612.658 rows=56 loops=1)
Gather  (cost=1000.00..340864.41 rows=27 width=21) (actual time=211.107..614.808 rows=48 loops=1)
Gather Merge  (cost=340862.28..340867.88 rows=48 width=131) (actual time=616.856..621.399 rows=26 loops=1)
Gather  (cost=1000.00..340864.31 rows=26 width=21) (actual time=304.654..590.569 rows=54 loops=1)
Gather  (cost=1000.00..340869.41 rows=77 width=21) (actual time=257.084..614.130 rows=42 loops=1)
Gather Merge  (cost=340862.28..340867.88 rows=48 width=131) (actual time=626.852..631.719 rows=66 loops=1)
Gather Merge  (cost=340864.85..340887.02 rows=190 width=131) (actual time=631.833..636.364 rows=134 loops=1)
Gather  (cost=1000.00..340864.41 rows=27 width=21) (actual time=513.037..608.843 rows=66 loops=1)
Gather  (cost=1000.00..340868.51 rows=68 width=140) (actual time=42.228..588.239 rows=81 loops=1)
Gather  (cost=1000.00..340864.41 rows=27 width=21) (actual time=249.031..616.736 rows=66 loops=1)
Gather Merge  (cost=340862.28..340867.88 rows=48 width=131) (actual time=622.358..627.112 rows=52 loops=1)
Gather  (cost=1000.00..340864.31 rows=26 width=403) (actual time=437.483..615.270 rows=52 loops=1)
Gather  (cost=1000.00..340883.11 rows=214 width=140) (actual time=498.643..626.380 rows=160 loops=1)
Gather Merge  (cost=340862.28..340867.88 rows=48 width=131) (actual time=601.174..605.994 rows=75 loops=1)
Gather  (cost=1000.00..340864.41 rows=27 width=21) (actual time=515.639..627.814 rows=40 loops=1)
Gather  (cost=1000.00..340875.61 rows=139 width=21) (actual time=224.364..604.495 rows=252 loops=1)
Gather  (cost=1000.00..340877.51 rows=158 width=140) (actual time=484.738..611.674 rows=108 loops=1)
Gather Merge  (cost=340862.31..340868.15 rows=50 width=131) (actual time=617.346..622.062 rows=65 loops=1)
Gather  (cost=1000.00..340868.01 rows=63 width=21) (actual time=554.625..586.949 rows=72 loops=1)
Gather  (cost=1000.00..340864.41 rows=27 width=140) (actual time=405.306..649.201 rows=22 loops=1)
Gather  (cost=1000.00..340883.11 rows=214 width=21) (actual time=486.623..624.787 rows=160 loops=1)
Gather Merge  (cost=340862.28..340867.88 rows=48 width=131) (actual time=629.844..634.499 rows=48 loops=1)
Gather  (cost=1000.00..340864.31 rows=26 width=21) (actual time=307.280..604.631 rows=84 loops=1)
Gather  (cost=1000.00..340883.41 rows=217 width=21) (actual time=166.558..618.157 rows=340 loops=1)
Gather  (cost=1000.00..340870.71 rows=90 width=21) (actual time=150.644..610.657 rows=72 loops=1)
Gather Merge  (cost=340862.31..340868.15 rows=50 width=131) (actual time=650.923..655.496 rows=92 loops=1)
Gather  (cost=1000.00..340898.71 rows=370 width=140) (actual time=256.650..612.579 rows=516 loops=1)
Gather  (cost=1000.00..340883.31 rows=216 width=21) (actual time=58.169..595.109 rows=180 loops=1)
Gather Merge  (cost=340862.28..340867.88 rows=48 width=131) (actual time=601.833..606.447 rows=156 loops=1)
Gather  (cost=1000.00..340864.41 rows=27 width=21) (actual time=196.605..640.451 rows=50 loops=1)
Gather Merge  (cost=340862.31..340868.15 rows=50 width=131) (actual time=645.810..650.336 rows=52 loops=1)
Gather  (cost=1000.00..340864.41 rows=27 width=21) (actual time=396.647..608.678 rows=84 loops=1)
Gather Merge  (cost=340862.28..340867.88 rows=48 width=131) (actual time=602.224..607.029 rows=42 loops=1)
Gather  (cost=1000.00..340864.41 rows=27 width=403) (actual time=284.666..630.559 rows=42 loops=1)
Gather  (cost=1000.00..340867.71 rows=60 width=140) (actual time=348.259..620.548 rows=14 loops=1)
Gather  (cost=1000.00..340864.31 rows=26 width=21) (actual time=395.268..649.202 rows=154 loops=1)
Gather Merge  (cost=340862.28..340867.88 rows=48 width=131) (actual time=626.639..631.656 rows=30 loops=1)
Gather  (cost=1000.00..340864.31 rows=26 width=21) (actual time=551.111..595.146 rows=48 loops=1)
Gather Merge  (cost=340862.31..340868.15 rows=50 width=131) (actual time=636.034..640.741 rows=26 loops=1)
Gather  (cost=1000.00..340864.41 rows=27 width=21) (actual time=398.576..621.375 rows=58 loops=1)
Gather  (cost=1000.00..340882.71 rows=210 width=21) (actual time=313.655..611.288 rows=180 loops=1)
Gather  (cost=1000.00..340864.31 rows=26 width=140) (actual time=456.623..614.843 rows=75 loops=1)
Gather  (cost=1000.00..340881.91 rows=202 width=140) (actual time=472.482..588.556 rows=156 loops=1)
Gather Merge  (cost=340862.28..340867.88 rows=48 width=131) (actual time=640.546..645.145 rows=52 loops=1)
Gather Merge  (cost=340862.28..340867.88 rows=48 width=131) (actual time=640.654..646.129 rows=84 loops=1)
Gather  (cost=1000.00..340877.61 rows=159 width=140) (actual time=393.681..620.888 rows=153 loops=1)
Gather  (cost=1000.00..340864.31 rows=26 width=21) (actual time=320.930..595.548 rows=100 loops=1)
Gather Merge  (cost=340862.28..340867.88 rows=48 width=131) (actual time=618.748..623.511 rows=67 loops=1)
Gather Merge  (cost=340862.31..340868.15 rows=50 width=131) (actual time=637.430..642.134 rows=106 loops=1)
Gather  (cost=1000.00..340864.41 rows=27 width=403) (actual time=194.554..609.142 rows=32 loops=1)
Gather Merge  (cost=340862.31..340868.15 rows=50 width=131) (actual time=634.603..639.474 rows=176 loops=1)
Gather  (cost=1000.00..340864.31 rows=26 width=21) (actual time=391.475..589.236 rows=68 loops=1)
Gather Merge  (cost=340862.31..340868.15 rows=50 width=131) (actual time=624.174..628.701 rows=42 loops=1)
Gather  (cost=1000.00..340864.41 rows=27 width=21) (actual time=247.901..612.140 rows=66 loops=1)
Gather  (cost=1000.00..340922.21 rows=605 width=21) (actual time=315.529..624.332 rows=553 loops=1)
Gather Merge  (cost=340862.28..340867.88 rows=48 width=131) (actual time=614.727..619.289 rows=42 loops=1)
Gather  (cost=1000.00..340868.61 rows=69 width=21) (actual time=395.902..594.590 rows=123 loops=1)
Gather  (cost=1000.00..340925.11 rows=634 width=21) (actual time=200.378..612.670 rows=516 loops=1)
Gather  (cost=1000.00..340864.41 rows=27 width=140) (actual time=246.243..622.352 rows=30 loops=1)
Gather Merge  (cost=340862.28..340867.88 rows=48 width=131) (actual time=621.171..625.677 rows=90 loops=1)
Gather  (cost=1000.00..340922.41 rows=607 width=140) (actual time=576.142..619.948 rows=840 loops=1)
Gather Merge  (cost=340862.28..340867.88 rows=48 width=131) (actual time=606.554..611.145 rows=110 loops=1)
Gather  (cost=1000.00..340864.41 rows=27 width=140) (actual time=401.225..633.725 rows=84 loops=1)
Gather Merge  (cost=340862.28..340867.88 rows=48 width=131) (actual time=623.822..628.341 rows=80 loops=1)
Gather  (cost=1000.00..340864.41 rows=27 width=140) (actual time=281.335..611.543 rows=28 loops=1)
Gather  (cost=1000.00..340869.21 rows=75 width=140) (actual time=371.505..591.654 rows=42 loops=1)
Gather  (cost=1000.00..340869.21 rows=75 width=403) (actual time=392.504..623.361 rows=42 loops=1)
Gather  (cost=1000.00..340870.11 rows=84 width=140) (actual time=149.184..609.014 rows=70 loops=1)
Gather  (cost=1000.00..340864.31 rows=26 width=140) (actual time=427.373..612.184 rows=60 loops=1)
Gather  (cost=1000.00..340864.41 rows=27 width=21) (actual time=127.539..613.014 rows=114 loops=1)
Gather  (cost=1000.00..340864.41 rows=27 width=140) (actual time=582.916..592.616 rows=75 loops=1)
Gather  (cost=1000.00..340864.41 rows=27 width=403) (actual time=624.704..634.572 rows=75 loops=1)
Gather Merge  (cost=340862.28..340867.88 rows=48 width=131) (actual time=626.815..631.443 rows=60 loops=1)
Gather  (cost=1000.00..340864.31 rows=26 width=21) (actual time=578.280..608.866 rows=92 loops=1)
Gather Merge  (cost=340862.28..340867.88 rows=48 width=131) (actual time=599.019..603.543 rows=117 loops=1)
Gather  (cost=1000.00..340864.41 rows=27 width=21) (actual time=603.571..612.005 rows=81 loops=1)
Gather  (cost=1000.00..340923.31 rows=616 width=21) (actual time=231.134..606.956 rows=1197 loops=1)
Gather  (cost=1000.00..340923.21 rows=615 width=140) (actual time=599.848..618.074 rows=318 loops=1)
Gather  (cost=1000.00..340864.31 rows=26 width=21) (actual time=425.488..618.699 rows=38 loops=1)
Gather  (cost=1000.00..340897.71 rows=360 width=140) (actual time=540.825..592.808 rows=540 loops=1)
Gather  (cost=1000.00..340868.11 rows=64 width=21) (actual time=334.296..613.745 rows=52 loops=1)
Gather Merge  (cost=340862.31..340868.15 rows=50 width=131) (actual time=619.900..624.495 rows=40 loops=1)
Gather  (cost=1000.00..340864.41 rows=27 width=21) (actual time=23.183..605.468 rows=50 loops=1)
Gather  (cost=1000.00..340921.71 rows=600 width=21) (actual time=426.336..607.870 rows=356 loops=1)
Gather  (cost=1000.00..340864.31 rows=26 width=21) (actual time=347.458..588.955 rows=68 loops=1)
Gather  (cost=1000.00..340868.11 rows=64 width=21) (actual time=322.982..612.984 rows=81 loops=1)
Gather  (cost=1000.00..340864.31 rows=26 width=140) (actual time=429.038..612.842 rows=117 loops=1)
Gather  (cost=1000.00..340864.31 rows=26 width=140) (actual time=367.272..630.433 rows=42 loops=1)
Gather  (cost=1000.00..340864.31 rows=26 width=140) (actual time=321.769..612.190 rows=99 loops=1)
Gather  (cost=1000.00..340870.01 rows=83 width=21) (actual time=580.565..589.920 rows=99 loops=1)
Gather  (cost=1000.00..340864.41 rows=27 width=140) (actual time=256.810..616.291 rows=42 loops=1)
Gather  (cost=1000.00..340864.41 rows=27 width=403) (actual time=274.984..615.987 rows=42 loops=1)
Gather  (cost=1000.00..340864.41 rows=27 width=140) (actual time=255.038..622.669 rows=75 loops=1)
Gather  (cost=1000.00..340883.61 rows=219 width=21) (actual time=49.586..610.817 rows=70 loops=1)
Gather  (cost=1000.00..340864.41 rows=27 width=21) (actual time=249.933..593.872 rows=56 loops=1)
Gather  (cost=1000.00..340864.41 rows=27 width=140) (actual time=274.618..615.927 rows=100 loops=1)
Gather  (cost=1000.00..340864.41 rows=27 width=21) (actual time=411.501..623.432 rows=48 loops=1)
Gather Merge  (cost=340862.31..340868.15 rows=50 width=131) (actual time=627.026..631.595 rows=168 loops=1)
Gather  (cost=1000.00..340868.51 rows=68 width=21) (actual time=107.766..614.133 rows=136 loops=1)
Gather  (cost=1000.00..340878.91 rows=172 width=21) (actual time=354.718..593.315 rows=64 loops=1)
Gather Merge  (cost=340862.28..340867.88 rows=48 width=131) (actual time=639.457..644.072 rows=30 loops=1)
Gather  (cost=1000.00..340864.31 rows=26 width=21) (actual time=553.257..603.623 rows=38 loops=1)
Gather  (cost=1000.00..340875.81 rows=141 width=21) (actual time=450.495..646.177 rows=220 loops=1)
Gather  (cost=1000.00..340864.31 rows=26 width=140) (actual time=412.431..590.455 rows=30 loops=1)
Gather  (cost=1000.00..340882.71 rows=210 width=21) (actual time=404.546..594.574 rows=94 loops=1)
Gather  (cost=1000.00..340864.41 rows=27 width=140) (actual time=212.592..616.523 rows=30 loops=1)
Gather  (cost=1000.00..340864.41 rows=27 width=21) (actual time=226.334..607.348 rows=22 loops=1)
Gather  (cost=1000.00..340864.41 rows=27 width=21) (actual time=516.311..614.320 rows=40 loops=1)
Gather  (cost=1000.00..340864.31 rows=26 width=21) (actual time=372.950..614.004 rows=38 loops=1)
Gather Merge  (cost=340864.03..340881.30 rows=148 width=131) (actual time=598.233..602.847 rows=130 loops=1)
Gather  (cost=1000.00..340864.31 rows=26 width=21) (actual time=557.902..635.899 rows=50 loops=1)
Gather  (cost=1000.00..340864.31 rows=26 width=140) (actual time=433.620..608.597 rows=22 loops=1)
Gather Merge  (cost=340862.31..340868.15 rows=50 width=131) (actual time=624.058..628.602 rows=44 loops=1)
Gather Merge  (cost=340862.28..340867.88 rows=48 width=131) (actual time=599.624..604.370 rows=61 loops=1)
Gather  (cost=1000.00..340864.31 rows=26 width=21) (actual time=479.808..609.942 rows=44 loops=1)
Gather Merge  (cost=340862.31..340868.15 rows=50 width=131) (actual time=620.478..626.363 rows=48 loops=1)
Gather  (cost=1000.00..340868.71 rows=70 width=21) (actual time=294.136..617.103 rows=78 loops=1)
Gather  (cost=1000.00..340864.31 rows=26 width=21) (actual time=542.971..612.093 rows=150 loops=1)
Gather  (cost=1000.00..340864.41 rows=27 width=21) (actual time=173.723..590.292 rows=48 loops=1)
Gather Merge  (cost=340862.28..340867.88 rows=48 width=131) (actual time=620.920..626.201 rows=26 loops=1)
Gather  (cost=1000.00..340864.31 rows=26 width=140) (actual time=368.012..624.873 rows=69 loops=1)
Gather  (cost=1000.00..340864.31 rows=26 width=140) (actual time=578.306..638.036 rows=33 loops=1)
Gather  (cost=1000.00..340864.41 rows=27 width=21) (actual time=388.443..607.311 rows=60 loops=1)
Gather  (cost=1000.00..340879.41 rows=177 width=21) (actual time=55.178..589.517 rows=48 loops=1)
Gather  (cost=1000.00..340864.31 rows=26 width=140) (actual time=492.202..623.632 rows=30 loops=1)
Gather Merge  (cost=340862.28..340867.88 rows=48 width=131) (actual time=615.021..619.581 rows=65 loops=1)
Gather  (cost=1000.00..340864.41 rows=27 width=21) (actual time=599.181..618.727 rows=48 loops=1)
Gather Merge  (cost=340862.31..340868.15 rows=50 width=131) (actual time=614.072..618.627 rows=60 loops=1)
Gather  (cost=1000.00..340868.01 rows=63 width=21) (actual time=66.717..593.023 rows=54 loops=1)
Gather  (cost=1000.00..340871.11 rows=94 width=21) (actual time=481.088..629.398 rows=246 loops=1)
Gather Merge  (cost=340862.31..340868.15 rows=50 width=131) (actual time=617.128..622.798 rows=63 loops=1)
Gather  (cost=1000.00..340864.41 rows=27 width=140) (actual time=304.336..625.187 rows=30 loops=1)
Gather  (cost=1000.00..340864.41 rows=27 width=140) (actual time=114.661..588.355 rows=42 loops=1)
Gather Merge  (cost=340862.28..340867.88 rows=48 width=131) (actual time=620.280..624.789 rows=60 loops=1)
Gather Merge  (cost=340862.28..340867.88 rows=48 width=131) (actual time=624.002..628.645 rows=152 loops=1)
Gather Merge  (cost=340870.29..340921.63 rows=440 width=131) (actual time=631.095..635.857 rows=467 loops=1)
Gather  (cost=1000.00..340864.41 rows=27 width=140) (actual time=67.200..609.155 rows=27 loops=1)
Gather  (cost=1000.00..340864.31 rows=26 width=21) (actual time=459.728..590.277 rows=48 loops=1)
Gather  (cost=1000.00..340869.11 rows=74 width=21) (actual time=230.490..607.578 rows=72 loops=1)
Gather Merge  (cost=340862.28..340867.88 rows=48 width=131) (actual time=622.363..627.102 rows=180 loops=1)
Gather Merge  (cost=340865.02..340888.12 rows=198 width=131) (actual time=638.125..642.614 rows=209 loops=1)
Gather  (cost=1000.00..340864.31 rows=26 width=21) (actual time=455.426..606.648 rows=42 loops=1)
Gather  (cost=1000.00..340864.41 rows=27 width=140) (actual time=53.587..609.178 rows=60 loops=1)
Gather Merge  (cost=340862.31..340868.15 rows=50 width=131) (actual time=636.937..641.794 rows=36 loops=1)
Gather Merge  (cost=340862.31..340868.15 rows=50 width=131) (actual time=612.136..616.799 rows=78 loops=1)
Gather  (cost=1000.00..340875.51 rows=138 width=21) (actual time=485.231..625.588 rows=450 loops=1)
Gather  (cost=1000.00..340864.41 rows=27 width=140) (actual time=164.655..588.357 rows=108 loops=1)
Gather  (cost=1000.00..340864.41 rows=27 width=21) (actual time=150.217..591.754 rows=51 loops=1)
Gather Merge  (cost=340862.28..340867.88 rows=48 width=131) (actual time=638.003..642.563 rows=44 loops=1)
Gather  (cost=1000.00..340864.41 rows=27 width=140) (actual time=260.300..618.964 rows=126 loops=1)
Gather  (cost=1000.00..340864.31 rows=26 width=21) (actual time=322.733..605.768 rows=40 loops=1)
Gather  (cost=1000.00..340864.41 rows=27 width=403) (actual time=252.502..591.838 rows=126 loops=1)
Gather  (cost=1000.00..340879.21 rows=175 width=140) (actual time=347.407..644.806 rows=258 loops=1)
Gather  (cost=1000.00..340868.71 rows=70 width=21) (actual time=347.532..605.039 rows=87 loops=1)
Gather  (cost=1000.00..340898.71 rows=370 width=21) (actual time=278.648..611.710 rows=516 loops=1)
Gather  (cost=1000.00..340864.31 rows=26 width=21) (actual time=319.700..606.662 rows=50 loops=1)
Gather  (cost=1000.00..340876.01 rows=143 width=21) (actual time=355.304..590.456 rows=180 loops=1)
Gather  (cost=1000.00..340864.51 rows=28 width=21) (actual time=108.092..638.149 rows=32 loops=1)
Gather  (cost=1000.00..340870.71 rows=90 width=21) (actual time=169.362..619.709 rows=84 loops=1)
Gather  (cost=1000.00..340864.31 rows=26 width=21) (actual time=326.028..611.506 rows=50 loops=1)
Gather  (cost=1000.00..340869.71 rows=80 width=140) (actual time=303.516..593.923 rows=104 loops=1)
Gather  (cost=1000.00..340864.41 rows=27 width=21) (actual time=290.901..611.967 rows=54 loops=1)
Gather Merge  (cost=340862.28..340867.88 rows=48 width=131) (actual time=651.710..656.674 rows=30 loops=1)
Gather  (cost=1000.00..340864.41 rows=27 width=21) (actual time=45.375..607.326 rows=44 loops=1)
Gather Merge  (cost=340862.31..340868.15 rows=50 width=131) (actual time=626.802..631.351 rows=76 loops=1)
Gather  (cost=1000.00..340870.11 rows=84 width=21) (actual time=160.856..589.159 rows=164 loops=1)
Gather  (cost=1000.00..340864.31 rows=26 width=140) (actual time=521.566..652.643 rows=24 loops=1)
Gather  (cost=1000.00..340864.41 rows=27 width=21) (actual time=389.840..609.196 rows=76 loops=1)
Gather Merge  (cost=340862.31..340868.15 rows=50 width=131) (actual time=648.085..652.636 rows=166 loops=1)
Gather  (cost=1000.00..340864.41 rows=27 width=21) (actual time=30.297..588.868 rows=36 loops=1)
Gather  (cost=1000.00..340924.21 rows=625 width=21) (actual time=381.361..615.349 rows=520 loops=1)
Gather  (cost=1000.00..340882.11 rows=204 width=21) (actual time=28.089..606.020 rows=108 loops=1)
Gather  (cost=1000.00..340868.21 rows=65 width=140) (actual time=542.003..639.414 rows=48 loops=1)
Gather  (cost=1000.00..340868.91 rows=72 width=140) (actual time=55.038..617.944 rows=30 loops=1)
Gather  (cost=1000.00..340864.41 rows=27 width=140) (actual time=216.229..592.298 rows=30 loops=1)
Gather  (cost=1000.00..340864.41 rows=27 width=21) (actual time=39.246..587.186 rows=57 loops=1)
Gather  (cost=1000.00..340864.41 rows=27 width=21) (actual time=548.536..656.293 rows=44 loops=1)
Gather  (cost=1000.00..340864.41 rows=27 width=21) (actual time=288.386..619.504 rows=100 loops=1)
Gather  (cost=1000.00..340864.31 rows=26 width=21) (actual time=562.375..614.269 rows=60 loops=1)
Gather  (cost=1000.00..340874.91 rows=132 width=140) (actual time=541.461..590.600 rows=99 loops=1)
Gather  (cost=1000.00..340864.41 rows=27 width=21) (actual time=407.771..610.684 rows=84 loops=1)
Gather  (cost=1000.00..340864.41 rows=27 width=21) (actual time=307.050..615.997 rows=81 loops=1)
Gather Merge  (cost=340862.28..340867.88 rows=48 width=131) (actual time=641.404..646.080 rows=96 loops=1)
Gather Merge  (cost=340862.28..340867.88 rows=48 width=131) (actual time=616.414..621.014 rows=67 loops=1)
Gather Merge  (cost=340871.64..340929.75 rows=498 width=131) (actual time=600.359..605.033 rows=397 loops=1)
Gather  (cost=1000.00..340864.31 rows=26 width=403) (actual time=558.562..615.515 rows=39 loops=1)
Gather  (cost=1000.00..340864.41 rows=27 width=21) (actual time=8.677..612.077 rows=104 loops=1)
Gather  (cost=1000.00..340875.71 rows=140 width=21) (actual time=301.260..611.250 rows=345 loops=1)
Gather  (cost=1000.00..340864.41 rows=27 width=21) (actual time=519.223..614.294 rows=36 loops=1)
Gather  (cost=1000.00..340864.31 rows=26 width=21) (actual time=513.813..591.553 rows=40 loops=1)
Gather  (cost=1000.00..340869.61 rows=79 width=140) (actual time=309.986..625.444 rows=36 loops=1)
Gather  (cost=1000.00..340869.61 rows=79 width=403) (actual time=292.674..606.880 rows=36 loops=1)
Gather  (cost=1000.00..340923.31 rows=616 width=21) (actual time=243.949..615.029 rows=1197 loops=1)
Gather Merge  (cost=340862.28..340867.88 rows=48 width=131) (actual time=619.440..624.006 rows=112 loops=1)
Gather Merge  (cost=340862.28..340867.88 rows=48 width=131) (actual time=599.417..603.974 rows=53 loops=1)
Gather  (cost=1000.00..340864.31 rows=26 width=403) (actual time=504.236..636.495 rows=27 loops=1)
Gather Merge  (cost=340862.28..340867.88 rows=48 width=131) (actual time=627.928..632.602 rows=36 loops=1)
Gather  (cost=1000.00..340923.21 rows=615 width=140) (actual time=356.164..610.700 rows=504 loops=1)
Gather Merge  (cost=340865.02..340888.12 rows=198 width=131) (actual time=599.943..604.657 rows=209 loops=1)
Gather Merge  (cost=340862.31..340868.15 rows=50 width=131) (actual time=622.686..627.403 rows=24 loops=1)
Gather  (cost=1000.00..340876.41 rows=147 width=21) (actual time=139.435..605.989 rows=75 loops=1)
Gather Merge  (cost=340862.28..340867.88 rows=48 width=131) (actual time=632.468..637.091 rows=45 loops=1)
Gather Merge  (cost=340862.28..340867.88 rows=48 width=131) (actual time=635.334..639.944 rows=72 loops=1)
Gather  (cost=1000.00..340864.31 rows=26 width=21) (actual time=360.754..615.811 rows=52 loops=1)
Gather  (cost=1000.00..340869.71 rows=80 width=21) (actual time=35.483..625.748 rows=76 loops=1)
Gather Merge  (cost=340862.31..340868.15 rows=50 width=131) (actual time=629.242..633.805 rows=80 loops=1)
Gather  (cost=1000.00..340864.31 rows=26 width=21) (actual time=464.565..628.505 rows=56 loops=1)
Gather  (cost=1000.00..340864.51 rows=28 width=140) (actual time=89.208..595.761 rows=164 loops=1)
Gather  (cost=1000.00..340878.81 rows=171 width=21) (actual time=146.846..620.732 rows=522 loops=1)
Gather  (cost=1000.00..340864.41 rows=27 width=21) (actual time=178.065..615.776 rows=70 loops=1)
Gather  (cost=1000.00..340864.41 rows=27 width=140) (actual time=511.818..623.688 rows=42 loops=1)
Gather Merge  (cost=340862.28..340867.88 rows=48 width=131) (actual time=633.489..638.038 rows=108 loops=1)
Gather  (cost=1000.00..340864.41 rows=27 width=21) (actual time=223.341..595.159 rows=82 loops=1)
Gather  (cost=1000.00..340864.41 rows=27 width=21) (actual time=252.491..611.885 rows=60 loops=1)
Gather  (cost=1000.00..340869.51 rows=78 width=140) (actual time=410.461..629.227 rows=120 loops=1)
Gather  (cost=1000.00..340925.31 rows=636 width=21) (actual time=175.426..620.370 rows=1100 loops=1)
Gather Merge  (cost=340862.31..340868.15 rows=50 width=131) (actual time=626.028..630.857 rows=49 loops=1)
Gather Merge  (cost=340862.28..340867.88 rows=48 width=131) (actual time=603.429..607.939 rows=172 loops=1)
Gather  (cost=1000.00..340864.41 rows=27 width=21) (actual time=304.579..630.050 rows=52 loops=1)
Gather  (cost=1000.00..340878.11 rows=164 width=21) (actual time=536.219..604.622 rows=104 loops=1)
Gather  (cost=1000.00..340864.41 rows=27 width=21) (actual time=546.083..641.135 rows=46 loops=1)
Gather Merge  (cost=340865.14..340888.94 rows=204 width=131) (actual time=600.248..605.178 rows=322 loops=1)
Gather  (cost=1000.00..340864.51 rows=28 width=21) (actual time=91.444..608.652 rows=56 loops=1)
Gather Merge  (cost=340864.85..340887.02 rows=190 width=131) (actual time=621.903..626.957 rows=160 loops=1)
Gather  (cost=1000.00..340924.41 rows=627 width=21) (actual time=189.006..608.951 rows=438 loops=1)
Gather  (cost=1000.00..340864.31 rows=26 width=21) (actual time=363.528..622.823 rows=66 loops=1)
Gather  (cost=1000.00..340864.31 rows=26 width=21) (actual time=527.712..593.895 rows=48 loops=1)
Gather Merge  (cost=340862.31..340868.15 rows=50 width=131) (actual time=622.646..627.187 rows=132 loops=1)
Gather Merge  (cost=340862.31..340868.15 rows=50 width=131) (actual time=621.313..625.740 rows=39 loops=1)
Gather  (cost=1000.00..340864.41 rows=27 width=21) (actual time=41.145..617.912 rows=120 loops=1)
Gather Merge  (cost=340862.31..340868.15 rows=50 width=131) (actual time=617.984..622.410 rows=108 loops=1)
Gather  (cost=1000.00..340922.31 rows=606 width=140) (actual time=331.816..593.280 rows=672 loops=1)
Gather  (cost=1000.00..340864.41 rows=27 width=21) (actual time=400.647..611.374 rows=56 loops=1)
Gather  (cost=1000.00..340864.41 rows=27 width=21) (actual time=33.488..611.836 rows=38 loops=1)
Gather Merge  (cost=340862.28..340867.88 rows=48 width=131) (actual time=626.365..630.707 rows=90 loops=1)
Gather  (cost=1000.00..340864.31 rows=26 width=21) (actual time=547.454..610.540 rows=40 loops=1)
Gather  (cost=1000.00..340864.41 rows=27 width=21) (actual time=56.403..593.265 rows=52 loops=1)
Gather  (cost=1000.00..340864.41 rows=27 width=21) (actual time=104.756..628.498 rows=62 loops=1)
Gather Merge  (cost=340862.28..340867.88 rows=48 width=131) (actual time=632.588..637.378 rows=40 loops=1)
Gather  (cost=1000.00..340864.31 rows=26 width=140) (actual time=501.422..637.264 rows=81 loops=1)
Gather  (cost=1000.00..340921.31 rows=596 width=21) (actual time=301.752..588.881 rows=415 loops=1)
Gather Merge  (cost=340862.31..340868.15 rows=50 width=131) (actual time=600.222..604.657 rows=134 loops=1)
Gather  (cost=1000.00..340868.61 rows=69 width=21) (actual time=147.485..619.787 rows=108 loops=1)
Gather  (cost=1000.00..340868.41 rows=67 width=21) (actual time=353.250..610.932 rows=46 loops=1)
Gather Merge  (cost=340864.22..340882.66 rows=158 width=131) (actual time=639.685..644.078 rows=100 loops=1)
Gather  (cost=1000.00..340864.41 rows=27 width=140) (actual time=114.631..595.045 rows=14 loops=1)
Gather  (cost=1000.00..340869.01 rows=73 width=140) (actual time=191.054..592.156 rows=75 loops=1)
Gather  (cost=1000.00..340864.31 rows=26 width=21) (actual time=569.558..630.566 rows=72 loops=1)
Gather  (cost=1000.00..340864.41 rows=27 width=140) (actual time=104.508..621.892 rows=45 loops=1)
Gather  (cost=1000.00..340864.41 rows=27 width=21) (actual time=199.183..611.307 rows=60 loops=1)
Gather Merge  (cost=340862.31..340868.15 rows=50 width=131) (actual time=598.378..603.068 rows=44 loops=1)
Gather  (cost=1000.00..340874.51 rows=128 width=140) (actual time=450.719..609.605 rows=150 loops=1)
Gather  (cost=1000.00..340864.31 rows=26 width=21) (actual time=478.841..606.266 rows=48 loops=1)
Gather Merge  (cost=340862.31..340868.15 rows=50 width=131) (actual time=630.479..634.796 rows=26 loops=1)
Gather  (cost=1000.00..340864.41 rows=27 width=140) (actual time=36.604..606.706 rows=30 loops=1)
Gather Merge  (cost=340862.28..340867.88 rows=48 width=131) (actual time=599.770..604.475 rows=90 loops=1)
Gather  (cost=1000.00..340864.41 rows=27 width=140) (actual time=18.714..609.255 rows=45 loops=1)
Gather  (cost=1000.00..340864.41 rows=27 width=403) (actual time=18.751..612.520 rows=45 loops=1)
Gather  (cost=1000.00..340877.91 rows=162 width=21) (actual time=383.311..621.060 rows=36 loops=1)
Gather  (cost=1000.00..340872.31 rows=106 width=21) (actual time=36.891..606.216 rows=115 loops=1)
Gather Merge  (cost=340862.31..340868.15 rows=50 width=131) (actual time=599.683..604.345 rows=52 loops=1)
Gather Merge  (cost=340862.31..340868.15 rows=50 width=131) (actual time=638.332..643.361 rows=24 loops=1)
Gather Merge  (cost=340862.31..340868.15 rows=50 width=131) (actual time=624.562..629.259 rows=96 loops=1)
Gather Merge  (cost=340862.28..340867.88 rows=48 width=131) (actual time=639.667..644.165 rows=182 loops=1)
Gather  (cost=1000.00..340864.51 rows=28 width=21) (actual time=90.742..591.010 rows=58 loops=1)
Gather  (cost=1000.00..340864.41 rows=27 width=140) (actual time=601.007..610.321 rows=33 loops=1)
Gather  (cost=1000.00..340864.41 rows=27 width=21) (actual time=378.392..612.991 rows=58 loops=1)
Gather  (cost=1000.00..340864.41 rows=27 width=140) (actual time=160.135..619.500 rows=44 loops=1)
Gather  (cost=1000.00..340864.41 rows=27 width=140) (actual time=277.601..617.002 rows=33 loops=1)
Gather  (cost=1000.00..340864.41 rows=27 width=21) (actual time=25.284..588.422 rows=56 loops=1)
Gather  (cost=1000.00..340864.31 rows=26 width=21) (actual time=477.678..635.144 rows=60 loops=1)
Gather Merge  (cost=340862.28..340867.88 rows=48 width=131) (actual time=620.577..625.273 rows=52 loops=1)
Gather  (cost=1000.00..340873.31 rows=116 width=21) (actual time=219.980..623.938 rows=162 loops=1)
Gather  (cost=1000.00..340864.31 rows=26 width=21) (actual time=551.196..595.651 rows=84 loops=1)
Gather  (cost=1000.00..340864.31 rows=26 width=140) (actual time=529.870..597.005 rows=72 loops=1)
Gather  (cost=1000.00..340864.41 rows=27 width=140) (actual time=257.056..623.545 rows=18 loops=1)
Gather  (cost=1000.00..340864.31 rows=26 width=21) (actual time=532.319..610.597 rows=42 loops=1)
Gather  (cost=1000.00..340864.41 rows=27 width=21) (actual time=252.961..616.315 rows=52 loops=1)
Gather  (cost=1000.00..340864.41 rows=27 width=21) (actual time=500.228..611.314 rows=32 loops=1)
Gather Merge  (cost=340870.11..340920.51 rows=432 width=131) (actual time=599.659..604.362 rows=484 loops=1)
Gather  (cost=1000.00..340864.41 rows=27 width=140) (actual time=67.429..653.401 rows=45 loops=1)
Gather  (cost=1000.00..340864.41 rows=27 width=21) (actual time=14.023..614.866 rows=36 loops=1)
Gather Merge  (cost=340862.28..340867.88 rows=48 width=131) (actual time=617.842..622.308 rows=18 loops=1)
Gather  (cost=1000.00..340878.41 rows=167 width=140) (actual time=468.295..589.017 rows=160 loops=1)
Gather  (cost=1000.00..340864.41 rows=27 width=21) (actual time=193.713..635.405 rows=48 loops=1)
Gather Merge  (cost=340862.28..340867.88 rows=48 width=131) (actual time=635.429..639.790 rows=45 loops=1)
Gather  (cost=1000.00..340864.31 rows=26 width=21) (actual time=333.451..610.825 rows=38 loops=1)
Gather Merge  (cost=340862.28..340867.88 rows=48 width=131) (actual time=601.177..605.635 rows=90 loops=1)
Gather Merge  (cost=340862.28..340867.88 rows=48 width=131) (actual time=598.972..603.692 rows=72 loops=1)
Gather  (cost=1000.00..340872.11 rows=104 width=403) (actual time=236.600..646.838 rows=72 loops=1)
Gather Merge  (cost=340862.31..340868.15 rows=50 width=131) (actual time=644.752..653.112 rows=30 loops=1)
Gather  (cost=1000.00..340864.41 rows=27 width=21) (actual time=395.353..615.105 rows=48 loops=1)
Gather Merge  (cost=340867.42..340903.82 rows=312 width=131) (actual time=609.407..614.182 rows=767 loops=1)
Gather  (cost=1000.00..340864.41 rows=27 width=21) (actual time=167.250..630.859 rows=40 loops=1)
Gather  (cost=1000.00..340883.91 rows=222 width=21) (actual time=302.224..611.606 rows=270 loops=1)
Gather  (cost=1000.00..340868.81 rows=71 width=21) (actual time=600.877..630.332 rows=60 loops=1)
Gather  (cost=1000.00..340879.71 rows=180 width=21) (actual time=68.281..610.950 rows=180 loops=1)
Gather Merge  (cost=340862.28..340867.88 rows=48 width=131) (actual time=609.027..613.662 rows=81 loops=1)
Gather Merge  (cost=340896.40..341066.51 rows=1458 width=131) (actual time=627.321..636.191 rows=1532 loops=1)
Gather  (cost=1000.00..340864.31 rows=26 width=21) (actual time=410.288..621.163 rows=42 loops=1)
Gather Merge  (cost=340864.74..340886.20 rows=184 width=131) (actual time=621.119..625.651 rows=156 loops=1)
Gather  (cost=1000.00..340864.51 rows=28 width=21) (actual time=114.910..618.868 rows=38 loops=1)
Gather  (cost=1000.00..340864.31 rows=26 width=21) (actual time=314.806..596.098 rows=87 loops=1)
Gather  (cost=1000.00..340864.41 rows=27 width=21) (actual time=42.373..652.320 rows=54 loops=1)
Gather  (cost=1000.00..340864.31 rows=26 width=21) (actual time=452.399..627.230 rows=60 loops=1)
Gather  (cost=1000.00..340864.41 rows=27 width=140) (actual time=228.063..619.277 rows=54 loops=1)
Gather  (cost=1000.00..340922.31 rows=606 width=21) (actual time=331.769..593.495 rows=672 loops=1)
Gather Merge  (cost=340862.31..340868.15 rows=50 width=131) (actual time=634.787..639.364 rows=48 loops=1)
Gather Merge  (cost=340862.28..340867.88 rows=48 width=131) (actual time=626.502..631.979 rows=28 loops=1)
Gather  (cost=1000.00..340872.41 rows=107 width=21) (actual time=246.220..605.606 rows=69 loops=1)
Gather  (cost=1000.00..340876.01 rows=143 width=21) (actual time=440.117..626.273 rows=310 loops=1)
Gather Merge  (cost=340862.28..340867.88 rows=48 width=131) (actual time=601.178..605.938 rows=20 loops=1)
Gather  (cost=1000.00..340864.41 rows=27 width=140) (actual time=271.775..638.132 rows=18 loops=1)
Gather Merge  (cost=340867.42..340903.82 rows=312 width=131) (actual time=623.168..627.418 rows=470 loops=1)
Gather  (cost=1000.00..340864.41 rows=27 width=140) (actual time=33.328..627.388 rows=21 loops=1)
Gather  (cost=1000.00..340864.41 rows=27 width=140) (actual time=230.245..592.379 rows=36 loops=1)
Gather Merge  (cost=340862.31..340868.15 rows=50 width=131) (actual time=650.829..655.333 rows=56 loops=1)
Gather  (cost=1000.00..340864.41 rows=27 width=140) (actual time=167.909..589.906 rows=60 loops=1)
Gather  (cost=1000.00..340864.31 rows=26 width=140) (actual time=470.759..618.662 rows=26 loops=1)
Gather  (cost=1000.00..340864.31 rows=26 width=403) (actual time=479.597..621.071 rows=26 loops=1)
Gather  (cost=1000.00..340864.41 rows=27 width=21) (actual time=166.949..621.152 rows=58 loops=1)
Gather  (cost=1000.00..340864.51 rows=28 width=21) (actual time=96.324..595.141 rows=18 loops=1)
Gather  (cost=1000.00..340867.71 rows=60 width=21) (actual time=540.581..637.636 rows=90 loops=1)
Gather  (cost=1000.00..340864.41 rows=27 width=140) (actual time=27.337..608.488 rows=69 loops=1)
Gather  (cost=1000.00..340870.21 rows=85 width=21) (actual time=218.696..624.740 rows=100 loops=1)
Gather  (cost=1000.00..340864.41 rows=27 width=140) (actual time=192.823..590.447 rows=69 loops=1)
Gather Merge  (cost=340862.28..340867.88 rows=48 width=131) (actual time=602.877..607.627 rows=28 loops=1)
Gather  (cost=1000.00..340864.31 rows=26 width=403) (actual time=345.393..609.430 rows=28 loops=1)
Gather  (cost=1000.00..340878.31 rows=166 width=140) (actual time=118.910..641.870 rows=180 loops=1)
Gather Merge  (cost=340862.28..340867.88 rows=48 width=131) (actual time=623.182..627.864 rows=156 loops=1)
Gather  (cost=1000.00..340864.41 rows=27 width=21) (actual time=328.431..619.249 rows=56 loops=1)
Gather  (cost=1000.00..340864.41 rows=27 width=21) (actual time=574.698..588.682 rows=44 loops=1)
Gather  (cost=1000.00..340925.11 rows=634 width=21) (actual time=323.947..644.573 rows=984 loops=1)
Gather  (cost=1000.00..340864.31 rows=26 width=21) (actual time=347.834..627.142 rows=44 loops=1)
Gather  (cost=1000.00..340864.31 rows=26 width=21) (actual time=457.929..614.079 rows=135 loops=1)
Gather  (cost=1000.00..340868.41 rows=67 width=21) (actual time=206.417..588.826 rows=58 loops=1)
Gather  (cost=1000.00..340864.41 rows=27 width=21) (actual time=247.381..597.316 rows=44 loops=1)
Gather  (cost=1000.00..340864.31 rows=26 width=21) (actual time=459.192..621.404 rows=84 loops=1)
Gather  (cost=1000.00..340871.31 rows=96 width=140) (actual time=192.149..619.911 rows=60 loops=1)
Gather Merge  (cost=340864.07..340881.57 rows=150 width=131) (actual time=614.056..618.852 rows=180 loops=1)
Gather  (cost=1000.00..340864.41 rows=27 width=140) (actual time=215.274..613.193 rows=36 loops=1)
Gather  (cost=1000.00..340864.41 rows=27 width=21) (actual time=492.142..587.992 rows=44 loops=1)
Gather Merge  (cost=340862.28..340867.88 rows=48 width=131) (actual time=648.982..653.727 rows=192 loops=1)
Gather Merge  (cost=340862.31..340868.15 rows=50 width=131) (actual time=623.506..628.069 rows=52 loops=1)
Gather  (cost=1000.00..340864.41 rows=27 width=140) (actual time=6.853..610.666 rows=21 loops=1)
Gather  (cost=1000.00..340864.41 rows=27 width=21) (actual time=226.492..588.525 rows=100 loops=1)
Gather  (cost=1000.00..340864.31 rows=26 width=21) (actual time=371.779..611.830 rows=118 loops=1)
Gather  (cost=1000.00..340877.21 rows=155 width=21) (actual time=89.591..615.308 rows=96 loops=1)
Gather  (cost=1000.00..340864.31 rows=26 width=21) (actual time=464.648..627.841 rows=48 loops=1)
Gather  (cost=1000.00..340877.21 rows=155 width=21) (actual time=580.275..614.808 rows=100 loops=1)
Gather Merge  (cost=340862.28..340867.88 rows=48 width=131) (actual time=600.156..605.059 rows=387 loops=1)
Gather  (cost=1000.00..340876.71 rows=150 width=21) (actual time=62.625..625.194 rows=184 loops=1)
Gather  (cost=1000.00..340923.21 rows=615 width=21) (actual time=581.723..599.575 rows=318 loops=1)
Gather  (cost=1000.00..340864.41 rows=27 width=140) (actual time=591.431..614.690 rows=162 loops=1)
Gather  (cost=1000.00..340878.71 rows=170 width=140) (actual time=544.309..606.336 rows=280 loops=1)
Gather  (cost=1000.00..340864.41 rows=27 width=140) (actual time=171.579..589.207 rows=30 loops=1)
Gather  (cost=1000.00..340864.41 rows=27 width=140) (actual time=613.035..626.865 rows=45 loops=1)
Gather  (cost=1000.00..340864.41 rows=27 width=21) (actual time=172.303..614.733 rows=44 loops=1)
Gather  (cost=1000.00..340864.31 rows=26 width=21) (actual time=574.821..643.539 rows=48 loops=1)
Gather  (cost=1000.00..340864.31 rows=26 width=21) (actual time=540.795..593.731 rows=54 loops=1)
Gather  (cost=1000.00..340868.81 rows=71 width=21) (actual time=218.627..608.563 rows=50 loops=1)
Gather  (cost=1000.00..340864.31 rows=26 width=21) (actual time=452.142..637.966 rows=94 loops=1)
Gather  (cost=1000.00..340883.31 rows=216 width=21) (actual time=253.313..606.093 rows=147 loops=1)
Gather  (cost=1000.00..340870.81 rows=91 width=140) (actual time=315.271..616.988 rows=36 loops=1)
Gather  (cost=1000.00..340864.41 rows=27 width=140) (actual time=170.216..590.149 rows=39 loops=1)
Gather  (cost=1000.00..340864.41 rows=27 width=21) (actual time=54.749..630.692 rows=105 loops=1)
Gather  (cost=1000.00..340864.41 rows=27 width=140) (actual time=193.052..619.449 rows=12 loops=1)
Gather Merge  (cost=340862.31..340868.15 rows=50 width=131) (actual time=617.662..622.318 rows=24 loops=1)
Gather  (cost=1000.00..340872.41 rows=107 width=21) (actual time=225.862..591.680 rows=100 loops=1)
Gather Merge  (cost=340862.28..340867.88 rows=48 width=131) (actual time=624.187..629.579 rows=123 loops=1)
Gather Merge  (cost=340862.28..340867.88 rows=48 width=131) (actual time=630.569..635.461 rows=33 loops=1)
Gather  (cost=1000.00..340864.31 rows=26 width=21) (actual time=546.934..623.693 rows=66 loops=1)
Gather Merge  (cost=340862.31..340868.15 rows=50 width=131) (actual time=620.565..625.212 rows=63 loops=1)
Gather  (cost=1000.00..340864.51 rows=28 width=21) (actual time=90.055..594.872 rows=56 loops=1)
Gather  (cost=1000.00..340864.31 rows=26 width=21) (actual time=311.643..620.997 rows=26 loops=1)
Gather  (cost=1000.00..340864.41 rows=27 width=21) (actual time=77.050..641.964 rows=46 loops=1)
Gather  (cost=1000.00..340864.31 rows=26 width=21) (actual time=318.413..621.197 rows=54 loops=1)
Gather  (cost=1000.00..340876.61 rows=149 width=21) (actual time=218.633..594.623 rows=124 loops=1)
Gather  (cost=1000.00..340881.51 rows=198 width=140) (actual time=320.847..612.465 rows=176 loops=1)
Gather  (cost=1000.00..340882.11 rows=204 width=21) (actual time=520.979..613.103 rows=170 loops=1)
Gather  (cost=1000.00..340877.81 rows=161 width=21) (actual time=293.339..627.271 rows=100 loops=1)
Gather  (cost=1000.00..340864.31 rows=26 width=21) (actual time=440.433..627.050 rows=42 loops=1)
Gather  (cost=1000.00..340864.41 rows=27 width=140) (actual time=143.548..595.938 rows=36 loops=1)
Gather  (cost=1000.00..340868.91 rows=72 width=21) (actual time=67.699..596.651 rows=46 loops=1)
Gather  (cost=1000.00..340864.41 rows=27 width=140) (actual time=222.762..642.122 rows=20 loops=1)
Gather  (cost=1000.00..340864.41 rows=27 width=21) (actual time=389.767..611.718 rows=58 loops=1)
Gather  (cost=1000.00..340864.41 rows=27 width=21) (actual time=189.690..625.975 rows=56 loops=1)
Gather  (cost=1000.00..340872.51 rows=108 width=21) (actual time=367.031..596.967 rows=72 loops=1)
Gather  (cost=1000.00..340868.51 rows=68 width=140) (actual time=217.452..613.198 rows=45 loops=1)
Gather  (cost=1000.00..340864.41 rows=27 width=21) (actual time=594.324..612.732 rows=64 loops=1)
Gather Merge  (cost=340862.28..340867.88 rows=48 width=131) (actual time=627.355..631.922 rows=177 loops=1)
Gather  (cost=1000.00..340864.41 rows=27 width=140) (actual time=51.810..611.865 rows=45 loops=1)
Gather  (cost=1000.00..340864.41 rows=27 width=21) (actual time=206.910..592.865 rows=58 loops=1)
Gather  (cost=1000.00..340864.31 rows=26 width=140) (actual time=315.660..610.117 rows=33 loops=1)
Gather  (cost=1000.00..340864.41 rows=27 width=21) (actual time=526.159..625.883 rows=44 loops=1)
Gather Merge  (cost=340862.28..340867.88 rows=48 width=131) (actual time=619.882..624.357 rows=40 loops=1)
Gather  (cost=1000.00..340875.81 rows=141 width=21) (actual time=433.833..610.068 rows=306 loops=1)
Gather  (cost=1000.00..340864.41 rows=27 width=21) (actual time=264.931..589.017 rows=63 loops=1)
Gather Merge  (cost=340862.31..340868.15 rows=50 width=131) (actual time=643.265..647.854 rows=49 loops=1)
Gather  (cost=1000.00..340864.41 rows=27 width=21) (actual time=371.524..604.423 rows=60 loops=1)
Gather Merge  (cost=340862.28..340867.88 rows=48 width=131) (actual time=636.119..640.618 rows=52 loops=1)
Gather  (cost=1000.00..340864.41 rows=27 width=21) (actual time=31.856..605.777 rows=56 loops=1)
Gather Merge  (cost=340862.28..340867.88 rows=48 width=131) (actual time=629.749..634.327 rows=34 loops=1)
Gather  (cost=1000.00..340864.31 rows=26 width=403) (actual time=516.549..587.109 rows=20 loops=1)
Gather  (cost=1000.00..340924.11 rows=624 width=140) (actual time=611.568..631.672 rows=413 loops=1)
Gather  (cost=1000.00..340864.41 rows=27 width=21) (actual time=510.009..610.756 rows=122 loops=1)
Gather  (cost=1000.00..340872.61 rows=109 width=140) (actual time=555.965..616.281 rows=220 loops=1)
Gather Merge  (cost=340862.31..340868.15 rows=50 width=131) (actual time=600.401..604.999 rows=150 loops=1)
Gather  (cost=1000.00..340864.41 rows=27 width=21) (actual time=249.917..617.489 rows=48 loops=1)
Gather Merge  (cost=340862.28..340867.88 rows=48 width=131) (actual time=599.455..604.052 rows=24 loops=1)
Gather Merge  (cost=340862.28..340867.88 rows=48 width=131) (actual time=662.188..666.757 rows=39 loops=1)
Gather  (cost=1000.00..340864.31 rows=26 width=403) (actual time=552.812..614.373 rows=39 loops=1)
Gather  (cost=1000.00..340864.41 rows=27 width=140) (actual time=18.642..613.908 rows=24 loops=1)
Gather  (cost=1000.00..340864.31 rows=26 width=21) (actual time=558.416..586.753 rows=50 loops=1)
Gather  (cost=1000.00..340879.51 rows=178 width=21) (actual time=275.989..648.232 rows=140 loops=1)
Gather  (cost=1000.00..340864.41 rows=27 width=21) (actual time=379.185..613.120 rows=40 loops=1)
Gather Merge  (cost=340862.31..340868.15 rows=50 width=131) (actual time=649.349..653.852 rows=174 loops=1)
Gather  (cost=1000.00..340864.41 rows=27 width=140) (actual time=32.516..587.849 rows=30 loops=1)
Gather  (cost=1000.00..340864.41 rows=27 width=403) (actual time=63.281..616.912 rows=36 loops=1)
Gather  (cost=1000.00..340864.31 rows=26 width=21) (actual time=330.380..613.383 rows=46 loops=1)
Gather  (cost=1000.00..340879.31 rows=176 width=21) (actual time=87.052..613.567 rows=60 loops=1)
Gather Merge  (cost=340862.28..340867.88 rows=48 width=131) (actual time=652.996..657.426 rows=33 loops=1)
Gather  (cost=1000.00..340868.61 rows=69 width=21) (actual time=135.468..596.608 rows=84 loops=1)
Gather  (cost=1000.00..340872.81 rows=111 width=21) (actual time=354.159..644.666 rows=84 loops=1)
Gather Merge  (cost=340864.94..340887.57 rows=194 width=131) (actual time=618.366..622.842 rows=76 loops=1)
Gather  (cost=1000.00..340875.81 rows=141 width=21) (actual time=450.143..641.860 rows=306 loops=1)
Gather  (cost=1000.00..340864.41 rows=27 width=21) (actual time=168.775..594.436 rows=56 loops=1)
Gather  (cost=1000.00..340864.31 rows=26 width=21) (actual time=457.883..600.071 rows=44 loops=1)
Gather Merge  (cost=340892.00..341043.21 rows=1296 width=131) (actual time=620.919..625.967 rows=1641 loops=1)
Gather  (cost=1000.00..340864.51 rows=28 width=21) (actual time=78.618..648.129 rows=50 loops=1)
Gather Merge  (cost=340862.31..340868.15 rows=50 width=131) (actual time=617.458..621.926 rows=12 loops=1)
Gather  (cost=1000.00..340864.31 rows=26 width=21) (actual time=443.545..614.981 rows=24 loops=1)
Gather  (cost=1000.00..340864.41 rows=27 width=140) (actual time=141.488..585.444 rows=28 loops=1)
Gather  (cost=1000.00..340864.41 rows=27 width=21) (actual time=38.732..636.946 rows=192 loops=1)
Gather Merge  (cost=340864.22..340882.66 rows=158 width=131) (actual time=619.439..623.928 rows=206 loops=1)
Gather  (cost=1000.00..340868.21 rows=65 width=21) (actual time=273.828..611.318 rows=99 loops=1)
Gather Merge  (cost=340862.31..340868.15 rows=50 width=131) (actual time=596.192..600.989 rows=134 loops=1)
Gather  (cost=1000.00..340864.41 rows=27 width=403) (actual time=202.932..610.597 rows=42 loops=1)
Gather  (cost=1000.00..340864.31 rows=26 width=21) (actual time=464.106..608.803 rows=138 loops=1)
Gather Merge  (cost=340864.11..340881.84 rows=152 width=131) (actual time=620.479..625.124 rows=130 loops=1)
Gather  (cost=1000.00..340864.41 rows=27 width=403) (actual time=157.140..625.267 rows=90 loops=1)
Gather  (cost=1000.00..340864.41 rows=27 width=140) (actual time=504.834..594.528 rows=30 loops=1)
Gather  (cost=1000.00..340864.41 rows=27 width=403) (actual time=532.914..624.163 rows=30 loops=1)
Gather  (cost=1000.00..340870.01 rows=83 width=21) (actual time=266.419..612.744 rows=84 loops=1)
Gather  (cost=1000.00..340868.11 rows=64 width=21) (actual time=358.788..631.908 rows=56 loops=1)
Gather  (cost=1000.00..340882.21 rows=205 width=21) (actual time=124.138..614.140 rows=165 loops=1)
Gather  (cost=1000.00..340864.41 rows=27 width=140) (actual time=23.592..590.778 rows=72 loops=1)
Gather  (cost=1000.00..340864.31 rows=26 width=140) (actual time=569.030..617.440 rows=30 loops=1)
Gather  (cost=1000.00..340864.41 rows=27 width=21) (actual time=217.964..618.649 rows=50 loops=1)
Gather  (cost=1000.00..340864.31 rows=26 width=21) (actual time=534.450..616.919 rows=70 loops=1)
Gather  (cost=1000.00..340876.11 rows=144 width=140) (actual time=574.972..611.730 rows=116 loops=1)
Gather  (cost=1000.00..340864.31 rows=26 width=21) (actual time=551.123..588.803 rows=48 loops=1)
Gather Merge  (cost=340862.31..340868.15 rows=50 width=131) (actual time=636.376..641.067 rows=206 loops=1)
Gather Merge  (cost=340865.18..340889.21 rows=206 width=131) (actual time=616.032..620.619 rows=243 loops=1)
Gather  (cost=1000.00..340864.41 rows=27 width=21) (actual time=315.574..616.354 rows=174 loops=1)
Gather  (cost=1000.00..340864.41 rows=27 width=140) (actual time=184.133..607.756 rows=33 loops=1)
Gather  (cost=1000.00..340873.41 rows=117 width=21) (actual time=374.613..592.366 rows=270 loops=1)
Gather  (cost=1000.00..340864.41 rows=27 width=140) (actual time=109.454..627.647 rows=99 loops=1)
Gather  (cost=1000.00..340876.21 rows=145 width=21) (actual time=82.023..611.521 rows=316 loops=1)
Gather  (cost=1000.00..340864.41 rows=27 width=140) (actual time=616.253..629.859 rows=39 loops=1)
Gather Merge  (cost=340862.28..340867.88 rows=48 width=131) (actual time=617.800..622.205 rows=70 loops=1)
Gather  (cost=1000.00..340864.41 rows=27 width=21) (actual time=60.189..591.139 rows=44 loops=1)
Gather  (cost=1000.00..340898.11 rows=364 width=21) (actual time=360.025..629.678 rows=428 loops=1)
Gather  (cost=1000.00..340864.41 rows=27 width=21) (actual time=239.747..603.306 rows=78 loops=1)
Gather  (cost=1000.00..340864.41 rows=27 width=21) (actual time=43.594..619.789 rows=54 loops=1)
Gather  (cost=1000.00..340864.31 rows=26 width=21) (actual time=413.783..588.764 rows=56 loops=1)
Gather Merge  (cost=340862.31..340868.15 rows=50 width=131) (actual time=625.254..629.816 rows=105 loops=1)
Gather  (cost=1000.00..340864.41 rows=27 width=140) (actual time=279.259..615.283 rows=32 loops=1)
Gather Merge  (cost=340862.31..340868.15 rows=50 width=131) (actual time=631.874..636.777 rows=216 loops=1)
Gather Merge  (cost=340862.28..340867.88 rows=48 width=131) (actual time=618.206..622.850 rows=168 loops=1)
Gather  (cost=1000.00..340876.21 rows=145 width=21) (actual time=109.148..588.954 rows=237 loops=1)
Gather  (cost=1000.00..340872.91 rows=112 width=21) (actual time=599.864..609.096 rows=123 loops=1)
Gather Merge  (cost=340862.31..340868.15 rows=50 width=131) (actual time=626.057..630.820 rows=24 loops=1)
Gather  (cost=1000.00..340879.21 rows=175 width=140) (actual time=610.019..624.550 rows=105 loops=1)
Gather Merge  (cost=340862.28..340867.88 rows=48 width=131) (actual time=620.697..625.334 rows=90 loops=1)
Gather  (cost=1000.00..340864.31 rows=26 width=21) (actual time=513.451..591.369 rows=48 loops=1)
Gather  (cost=1000.00..340864.31 rows=26 width=140) (actual time=488.203..634.798 rows=42 loops=1)
Gather  (cost=1000.00..340864.31 rows=26 width=21) (actual time=568.145..607.149 rows=50 loops=1)
Gather  (cost=1000.00..340864.31 rows=26 width=140) (actual time=562.377..637.682 rows=26 loops=1)
Gather Merge  (cost=340862.31..340868.15 rows=50 width=131) (actual time=598.580..603.042 rows=156 loops=1)
Gather  (cost=1000.00..340877.41 rows=157 width=403) (actual time=116.831..614.219 rows=156 loops=1)
Gather  (cost=1000.00..340868.61 rows=69 width=21) (actual time=49.021..611.498 rows=68 loops=1)
Gather Merge  (cost=340862.31..340868.15 rows=50 width=131) (actual time=638.749..643.298 rows=39 loops=1)
Gather  (cost=1000.00..340864.31 rows=26 width=21) (actual time=570.703..603.721 rows=148 loops=1)
Gather  (cost=1000.00..340868.31 rows=66 width=21) (actual time=364.731..590.111 rows=81 loops=1)
Gather  (cost=1000.00..340864.41 rows=27 width=21) (actual time=235.058..613.382 rows=46 loops=1)
Gather  (cost=1000.00..340864.31 rows=26 width=21) (actual time=345.094..620.610 rows=54 loops=1)
Gather  (cost=1000.00..340864.41 rows=27 width=21) (actual time=128.649..614.309 rows=72 loops=1)
Gather  (cost=1000.00..340864.31 rows=26 width=21) (actual time=365.396..611.281 rows=44 loops=1)
Gather Merge  (cost=340862.28..340867.88 rows=48 width=131) (actual time=598.111..603.357 rows=135 loops=1)
Gather  (cost=1000.00..340864.41 rows=27 width=21) (actual time=269.171..637.029 rows=54 loops=1)
Gather Merge  (cost=340862.28..340867.88 rows=48 width=131) (actual time=615.582..620.933 rows=69 loops=1)
Gather Merge  (cost=340862.28..340867.88 rows=48 width=131) (actual time=662.865..667.497 rows=30 loops=1)
Gather Merge  (cost=340862.28..340867.88 rows=48 width=131) (actual time=599.248..604.386 rows=56 loops=1)
Gather  (cost=1000.00..340875.11 rows=134 width=140) (actual time=341.896..596.622 rows=80 loops=1)
Gather  (cost=1000.00..340864.41 rows=27 width=21) (actual time=390.777..625.602 rows=48 loops=1)
Gather  (cost=1000.00..340864.41 rows=27 width=140) (actual time=233.974..604.467 rows=30 loops=1)
Gather  (cost=1000.00..340864.41 rows=27 width=140) (actual time=3.561..624.943 rows=42 loops=1)
Gather Merge  (cost=340862.31..340868.15 rows=50 width=131) (actual time=602.326..606.910 rows=33 loops=1)
Gather Merge  (cost=340862.31..340868.15 rows=50 width=131) (actual time=622.959..627.546 rows=78 loops=1)
Gather  (cost=1000.00..340864.31 rows=26 width=140) (actual time=551.429..612.382 rows=105 loops=1)
Gather Merge  (cost=340862.28..340867.88 rows=48 width=131) (actual time=626.359..630.891 rows=61 loops=1)
Gather  (cost=1000.00..340864.31 rows=26 width=21) (actual time=568.446..603.447 rows=40 loops=1)
Gather Merge  (cost=340864.30..340883.20 rows=162 width=131) (actual time=600.486..604.974 rows=100 loops=1)
Gather  (cost=1000.00..340877.61 rows=159 width=21) (actual time=49.263..610.967 rows=144 loops=1)
Gather  (cost=1000.00..340864.41 rows=27 width=21) (actual time=529.854..619.431 rows=96 loops=1)
Gather Merge  (cost=340862.28..340867.88 rows=48 width=131) (actual time=626.195..630.758 rows=65 loops=1)
Gather  (cost=1000.00..340873.21 rows=115 width=21) (actual time=259.314..613.533 rows=290 loops=1)
Gather  (cost=1000.00..340864.31 rows=26 width=21) (actual time=528.829..591.513 rows=42 loops=1)
Gather  (cost=1000.00..340868.41 rows=67 width=140) (actual time=374.119..616.148 rows=85 loops=1)
Gather Merge  (cost=340862.31..340868.15 rows=50 width=131) (actual time=624.260..628.821 rows=62 loops=1)
Gather  (cost=1000.00..340864.31 rows=26 width=140) (actual time=436.863..617.534 rows=36 loops=1)
Gather  (cost=1000.00..340864.41 rows=27 width=140) (actual time=58.371..605.876 rows=30 loops=1)
Gather Merge  (cost=340862.28..340867.88 rows=48 width=131) (actual time=602.943..607.297 rows=55 loops=1)
Gather  (cost=1000.00..340864.41 rows=27 width=21) (actual time=4.155..628.963 rows=44 loops=1)
Gather  (cost=1000.00..340864.41 rows=27 width=21) (actual time=582.240..607.455 rows=44 loops=1)
Gather  (cost=1000.00..340864.41 rows=27 width=21) (actual time=275.885..631.397 rows=44 loops=1)
Gather  (cost=1000.00..340864.41 rows=27 width=140) (actual time=571.717..590.724 rows=60 loops=1)
Gather Merge  (cost=340862.28..340867.88 rows=48 width=131) (actual time=597.483..602.069 rows=60 loops=1)
Gather  (cost=1000.00..340864.41 rows=27 width=21) (actual time=1.564..627.851 rows=86 loops=1)
Gather  (cost=1000.00..340864.41 rows=27 width=21) (actual time=254.631..604.168 rows=56 loops=1)
Gather  (cost=1000.00..340869.41 rows=77 width=140) (actual time=537.256..629.971 rows=66 loops=1)
Gather Merge  (cost=340862.28..340867.88 rows=48 width=131) (actual time=600.044..604.588 rows=39 loops=1)
Gather  (cost=1000.00..340864.41 rows=27 width=21) (actual time=182.698..612.038 rows=117 loops=1)
Gather  (cost=1000.00..340864.41 rows=27 width=140) (actual time=277.469..614.360 rows=24 loops=1)
Gather  (cost=1000.00..340864.41 rows=27 width=140) (actual time=239.449..614.920 rows=52 loops=1)
Gather  (cost=1000.00..340864.41 rows=27 width=21) (actual time=204.191..614.784 rows=46 loops=1)
Gather  (cost=1000.00..340864.31 rows=26 width=21) (actual time=342.860..591.137 rows=75 loops=1)
Gather  (cost=1000.00..340864.41 rows=27 width=21) (actual time=297.660..605.620 rows=52 loops=1)
Gather Merge  (cost=340862.28..340867.88 rows=48 width=131) (actual time=617.923..622.241 rows=154 loops=1)
Gather  (cost=1000.00..340864.31 rows=26 width=403) (actual time=343.979..611.240 rows=154 loops=1)
Gather Merge  (cost=340862.28..340867.88 rows=48 width=131) (actual time=633.078..637.601 rows=149 loops=1)
Gather Merge  (cost=340862.28..340867.88 rows=48 width=131) (actual time=600.391..605.051 rows=60 loops=1)
Gather  (cost=1000.00..340864.31 rows=26 width=21) (actual time=401.046..621.585 rows=132 loops=1)
Gather  (cost=1000.00..340864.41 rows=27 width=21) (actual time=258.191..610.669 rows=81 loops=1)
Gather  (cost=1000.00..340864.41 rows=27 width=21) (actual time=405.574..612.272 rows=54 loops=1)
Gather  (cost=1000.00..340868.21 rows=65 width=140) (actual time=595.672..607.004 rows=32 loops=1)
Gather  (cost=1000.00..340874.11 rows=124 width=21) (actual time=237.123..591.599 rows=140 loops=1)
Gather Merge  (cost=340862.28..340867.88 rows=48 width=131) (actual time=619.013..623.358 rows=75 loops=1)
Gather Merge  (cost=340862.31..340868.15 rows=50 width=131) (actual time=628.137..632.695 rows=39 loops=1)
Gather  (cost=1000.00..340864.31 rows=26 width=140) (actual time=376.455..616.481 rows=39 loops=1)
Gather  (cost=1000.00..340864.31 rows=26 width=403) (actual time=366.353..607.333 rows=39 loops=1)
Gather  (cost=1000.00..340868.51 rows=68 width=140) (actual time=36.575..591.870 rows=39 loops=1)
Gather  (cost=1000.00..340878.91 rows=172 width=21) (actual time=320.365..609.128 rows=192 loops=1)
Gather  (cost=1000.00..340871.21 rows=95 width=140) (actual time=276.539..609.294 rows=180 loops=1)
Gather  (cost=1000.00..340864.41 rows=27 width=21) (actual time=65.470..629.967 rows=44 loops=1)
Gather  (cost=1000.00..340876.01 rows=143 width=140) (actual time=371.822..606.686 rows=180 loops=1)
Gather  (cost=1000.00..340876.01 rows=143 width=403) (actual time=356.898..590.563 rows=180 loops=1)
Gather Merge  (cost=340862.28..340867.88 rows=48 width=131) (actual time=640.087..644.783 rows=15 loops=1)
Gather  (cost=1000.00..340867.71 rows=60 width=140) (actual time=526.234..606.137 rows=90 loops=1)
Gather  (cost=1000.00..340864.41 rows=27 width=21) (actual time=268.364..620.818 rows=50 loops=1)
Gather Merge  (cost=340862.28..340867.88 rows=48 width=131) (actual time=599.675..604.342 rows=89 loops=1)
Gather  (cost=1000.00..340869.71 rows=80 width=21) (actual time=515.803..592.847 rows=92 loops=1)
Gather  (cost=1000.00..340864.41 rows=27 width=21) (actual time=179.680..616.472 rows=72 loops=1)
Gather  (cost=1000.00..340869.31 rows=76 width=21) (actual time=359.711..612.689 rows=68 loops=1)
Gather  (cost=1000.00..340864.41 rows=27 width=21) (actual time=513.828..612.596 rows=36 loops=1)
Gather Merge  (cost=340862.31..340868.15 rows=50 width=131) (actual time=621.373..625.739 rows=84 loops=1)
Gather  (cost=1000.00..340864.41 rows=27 width=21) (actual time=250.625..587.861 rows=69 loops=1)
Gather  (cost=1000.00..340877.21 rows=155 width=21) (actual time=555.772..635.595 rows=74 loops=1)
Gather  (cost=1000.00..340864.41 rows=27 width=21) (actual time=215.668..607.046 rows=50 loops=1)
Gather  (cost=1000.00..340864.31 rows=26 width=140) (actual time=419.849..628.989 rows=33 loops=1)
Gather  (cost=1000.00..340922.31 rows=606 width=21) (actual time=330.236..588.928 rows=672 loops=1)
Gather  (cost=1000.00..340864.51 rows=28 width=21) (actual time=74.889..623.088 rows=54 loops=1)
Gather Merge  (cost=340862.28..340867.88 rows=48 width=131) (actual time=615.177..619.881 rows=66 loops=1)
Gather  (cost=1000.00..340864.41 rows=27 width=21) (actual time=521.687..623.596 rows=54 loops=1)
Gather Merge  (cost=340862.31..340868.15 rows=50 width=131) (actual time=646.370..651.022 rows=98 loops=1)
Gather Merge  (cost=340862.31..340868.15 rows=50 width=131) (actual time=605.420..610.418 rows=171 loops=1)
Gather Merge  (cost=340862.28..340867.88 rows=48 width=131) (actual time=596.685..601.067 rows=76 loops=1)
Gather  (cost=1000.00..340864.31 rows=26 width=403) (actual time=569.980..635.715 rows=60 loops=1)
Gather  (cost=1000.00..340922.21 rows=605 width=21) (actual time=454.257..618.254 rows=332 loops=1)
Gather  (cost=1000.00..340882.41 rows=207 width=140) (actual time=51.973..607.957 rows=145 loops=1)
Gather  (cost=1000.00..340864.41 rows=27 width=21) (actual time=221.281..592.629 rows=60 loops=1)
Gather  (cost=1000.00..340864.31 rows=26 width=21) (actual time=587.839..628.685 rows=84 loops=1)
Gather Merge  (cost=340862.28..340867.88 rows=48 width=131) (actual time=624.237..629.034 rows=107 loops=1)
Gather  (cost=1000.00..340864.41 rows=27 width=21) (actual time=253.329..637.487 rows=54 loops=1)
Gather  (cost=1000.00..340864.31 rows=26 width=21) (actual time=369.928..610.545 rows=56 loops=1)
Gather Merge  (cost=340862.28..340867.88 rows=48 width=131) (actual time=603.359..607.809 rows=168 loops=1)
Gather  (cost=1000.00..340864.41 rows=27 width=140) (actual time=530.601..632.559 rows=58 loops=1)
Gather  (cost=1000.00..340864.51 rows=28 width=21) (actual time=87.887..609.621 rows=52 loops=1)
Gather  (cost=1000.00..340874.61 rows=129 width=21) (actual time=490.223..626.335 rows=459 loops=1)
Gather  (cost=1000.00..340864.31 rows=26 width=21) (actual time=519.775..595.282 rows=75 loops=1)
Gather  (cost=1000.00..340864.41 rows=27 width=21) (actual time=123.669..617.990 rows=50 loops=1)
Gather  (cost=1000.00..340864.31 rows=26 width=21) (actual time=475.791..596.106 rows=54 loops=1)
Gather  (cost=1000.00..340864.41 rows=27 width=21) (actual time=323.873..639.335 rows=80 loops=1)
Gather  (cost=1000.00..340864.31 rows=26 width=21) (actual time=548.038..621.485 rows=78 loops=1)
Gather  (cost=1000.00..340864.41 rows=27 width=21) (actual time=611.176..622.025 rows=46 loops=1)
Gather  (cost=1000.00..340875.81 rows=141 width=21) (actual time=562.479..593.306 rows=213 loops=1)
Gather  (cost=1000.00..340870.71 rows=90 width=140) (actual time=50.186..652.259 rows=64 loops=1)
Gather Merge  (cost=340862.28..340867.88 rows=48 width=131) (actual time=622.011..626.687 rows=82 loops=1)
Gather  (cost=1000.00..340864.41 rows=27 width=140) (actual time=273.613..612.672 rows=75 loops=1)
Gather  (cost=1000.00..340868.81 rows=71 width=21) (actual time=1.121..589.955 rows=207 loops=1)
Gather  (cost=1000.00..340864.31 rows=26 width=140) (actual time=480.983..615.217 rows=45 loops=1)
Gather  (cost=1000.00..340873.01 rows=113 width=21) (actual time=428.534..598.656 rows=130 loops=1)
Gather  (cost=1000.00..340864.41 rows=27 width=140) (actual time=52.586..628.092 rows=39 loops=1)
Gather Merge  (cost=340862.28..340867.88 rows=48 width=131) (actual time=631.233..636.029 rows=244 loops=1)
Gather Merge  (cost=340862.28..340867.88 rows=48 width=131) (actual time=605.395..610.321 rows=80 loops=1)
Gather  (cost=1000.00..340864.41 rows=27 width=21) (actual time=175.810..588.636 rows=44 loops=1)
Gather  (cost=1000.00..340878.01 rows=163 width=21) (actual time=343.965..633.040 rows=104 loops=1)
Gather Merge  (cost=340862.31..340868.15 rows=50 width=131) (actual time=627.254..631.618 rows=117 loops=1)
Gather  (cost=1000.00..340864.41 rows=27 width=21) (actual time=49.898..622.195 rows=68 loops=1)
Gather  (cost=1000.00..340877.31 rows=156 width=140) (actual time=392.826..591.380 rows=235 loops=1)
Gather  (cost=1000.00..340870.31 rows=86 width=140) (actual time=551.001..612.681 rows=276 loops=1)
Gather Merge  (cost=340862.31..340868.15 rows=50 width=131) (actual time=626.869..631.550 rows=135 loops=1)
Gather Merge  (cost=340862.28..340867.88 rows=48 width=131) (actual time=650.695..655.446 rows=56 loops=1)
Gather  (cost=1000.00..340868.91 rows=72 width=21) (actual time=402.179..607.520 rows=168 loops=1)
Gather  (cost=1000.00..340864.41 rows=27 width=21) (actual time=123.586..591.426 rows=78 loops=1)
Gather  (cost=1000.00..340864.41 rows=27 width=140) (actual time=614.780..636.202 rows=52 loops=1)
Gather Merge  (cost=340862.28..340867.88 rows=48 width=131) (actual time=628.173..632.784 rows=245 loops=1)
Gather  (cost=1000.00..340868.71 rows=70 width=21) (actual time=489.609..635.584 rows=108 loops=1)
Gather Merge  (cost=340862.28..340867.88 rows=48 width=131) (actual time=601.715..606.331 rows=143 loops=1)
Gather Merge  (cost=340862.28..340867.88 rows=48 width=131) (actual time=621.967..626.487 rows=28 loops=1)
Gather  (cost=1000.00..340924.91 rows=632 width=140) (actual time=132.145..604.369 rows=483 loops=1)
Gather  (cost=1000.00..340924.91 rows=632 width=403) (actual time=136.736..614.796 rows=483 loops=1)
Gather  (cost=1000.00..340864.31 rows=26 width=21) (actual time=357.321..615.472 rows=90 loops=1)
Gather  (cost=1000.00..340864.41 rows=27 width=21) (actual time=29.587..612.782 rows=56 loops=1)
Gather Merge  (cost=340862.28..340867.88 rows=48 width=131) (actual time=594.479..598.804 rows=36 loops=1)
Gather  (cost=1000.00..340868.31 rows=66 width=21) (actual time=429.413..635.646 rows=80 loops=1)
Gather  (cost=1000.00..340864.41 rows=27 width=21) (actual time=295.459..612.930 rows=90 loops=1)
Gather  (cost=1000.00..340864.41 rows=27 width=21) (actual time=406.450..612.653 rows=72 loops=1)
Gather Merge  (cost=340862.28..340867.88 rows=48 width=131) (actual time=597.194..601.716 rows=21 loops=1)
Gather  (cost=1000.00..340864.41 rows=27 width=21) (actual time=162.735..613.798 rows=76 loops=1)
Gather  (cost=1000.00..340864.41 rows=27 width=140) (actual time=505.586..606.025 rows=36 loops=1)
Gather  (cost=1000.00..340869.41 rows=77 width=140) (actual time=594.617..617.062 rows=90 loops=1)
Gather Merge  (cost=340862.28..340867.88 rows=48 width=131) (actual time=636.669..641.284 rows=48 loops=1)
Gather  (cost=1000.00..340864.31 rows=26 width=21) (actual time=563.272..593.450 rows=56 loops=1)
Gather  (cost=1000.00..340864.41 rows=27 width=21) (actual time=38.060..634.224 rows=56 loops=1)
Gather Merge  (cost=340862.31..340868.15 rows=50 width=131) (actual time=620.450..625.034 rows=75 loops=1)
Gather  (cost=1000.00..340864.41 rows=27 width=140) (actual time=179.561..624.935 rows=30 loops=1)
Gather  (cost=1000.00..340874.61 rows=129 width=140) (actual time=472.481..591.717 rows=459 loops=1)
Gather  (cost=1000.00..340874.61 rows=129 width=403) (actual time=468.665..615.263 rows=459 loops=1)
Gather  (cost=1000.00..340864.41 rows=27 width=140) (actual time=217.398..612.716 rows=45 loops=1)
Gather  (cost=1000.00..340864.51 rows=28 width=21) (actual time=89.208..618.979 rows=30 loops=1)
Gather Merge  (cost=340862.28..340867.88 rows=48 width=131) (actual time=619.729..624.323 rows=190 loops=1)
Gather  (cost=1000.00..340883.31 rows=216 width=21) (actual time=582.314..596.883 rows=408 loops=1)
Gather  (cost=1000.00..340878.11 rows=164 width=21) (actual time=85.535..609.080 rows=261 loops=1)
Gather  (cost=1000.00..340864.41 rows=27 width=21) (actual time=408.417..615.364 rows=92 loops=1)
Gather Merge  (cost=340862.28..340867.88 rows=48 width=131) (actual time=626.380..630.818 rows=39 loops=1)
Gather  (cost=1000.00..340864.41 rows=27 width=140) (actual time=231.130..613.398 rows=42 loops=1)
Gather  (cost=1000.00..340867.91 rows=62 width=21) (actual time=40.350..591.397 rows=147 loops=1)
Gather  (cost=1000.00..340878.61 rows=169 width=140) (actual time=281.839..630.830 rows=40 loops=1)
Gather Merge  (cost=340864.11..340881.84 rows=152 width=131) (actual time=611.425..616.113 rows=208 loops=1)
Gather  (cost=1000.00..340864.41 rows=27 width=21) (actual time=257.158..630.918 rows=70 loops=1)
Gather  (cost=1000.00..340864.41 rows=27 width=21) (actual time=574.692..590.600 rows=36 loops=1)
Gather  (cost=1000.00..340864.41 rows=27 width=21) (actual time=192.460..593.212 rows=72 loops=1)
Gather Merge  (cost=340862.28..340867.88 rows=48 width=131) (actual time=630.442..635.470 rows=69 loops=1)
Gather  (cost=1000.00..340864.31 rows=26 width=403) (actual time=332.057..609.766 rows=45 loops=1)
Gather Merge  (cost=340862.28..340867.88 rows=48 width=131) (actual time=616.719..621.579 rows=52 loops=1)
Gather  (cost=1000.00..340864.41 rows=27 width=21) (actual time=6.420..611.941 rows=44 loops=1)
Gather  (cost=1000.00..340868.01 rows=63 width=21) (actual time=407.439..586.886 rows=56 loops=1)
Gather Merge  (cost=340862.31..340868.15 rows=50 width=131) (actual time=648.250..652.692 rows=40 loops=1)
Gather Merge  (cost=340869.42..340916.33 rows=402 width=131) (actual time=621.500..626.290 rows=395 loops=1)
Gather  (cost=1000.00..340864.41 rows=27 width=21) (actual time=55.602..615.933 rows=156 loops=1)
Gather  (cost=1000.00..340864.41 rows=27 width=140) (actual time=572.690..591.347 rows=39 loops=1)
Gather  (cost=1000.00..340864.41 rows=27 width=21) (actual time=269.502..614.378 rows=48 loops=1)
Gather  (cost=1000.00..340869.21 rows=75 width=140) (actual time=427.105..627.932 rows=57 loops=1)
Gather Merge  (cost=340864.19..340882.39 rows=156 width=131) (actual time=618.799..623.806 rows=126 loops=1)
Gather  (cost=1000.00..340864.31 rows=26 width=140) (actual time=337.746..617.578 rows=33 loops=1)
Gather  (cost=1000.00..340868.91 rows=72 width=21) (actual time=386.902..592.144 rows=168 loops=1)
Gather  (cost=1000.00..340864.41 rows=27 width=140) (actual time=262.493..611.179 rows=81 loops=1)
Gather  (cost=1000.00..340864.41 rows=27 width=403) (actual time=281.033..611.010 rows=81 loops=1)
Gather  (cost=1000.00..340868.31 rows=66 width=140) (actual time=134.982..616.650 rows=30 loops=1)
Gather  (cost=1000.00..340868.31 rows=66 width=403) (actual time=149.938..609.674 rows=30 loops=1)
Gather  (cost=1000.00..340864.31 rows=26 width=21) (actual time=358.931..617.176 rows=66 loops=1)
Gather  (cost=1000.00..340864.41 rows=27 width=140) (actual time=245.867..611.330 rows=105 loops=1)
Gather  (cost=1000.00..340868.51 rows=68 width=21) (actual time=246.079..614.225 rows=150 loops=1)
Gather  (cost=1000.00..340923.11 rows=614 width=21) (actual time=31.640..606.887 rows=630 loops=1)
Gather  (cost=1000.00..340864.41 rows=27 width=21) (actual time=385.746..607.171 rows=48 loops=1)
Gather Merge  (cost=340862.28..340867.88 rows=48 width=131) (actual time=599.193..603.646 rows=224 loops=1)
Gather Merge  (cost=340871.13..340926.67 rows=476 width=131) (actual time=648.327..653.778 rows=474 loops=1)
Gather Merge  (cost=340862.28..340867.88 rows=48 width=131) (actual time=623.193..627.710 rows=65 loops=1)
Gather Merge  (cost=340862.28..340867.88 rows=48 width=131) (actual time=615.711..620.235 rows=40 loops=1)
Gather  (cost=1000.00..340864.31 rows=26 width=21) (actual time=523.789..585.203 rows=54 loops=1)
Gather Merge  (cost=340862.31..340868.15 rows=50 width=131) (actual time=631.475..636.001 rows=33 loops=1)
Gather  (cost=1000.00..340864.41 rows=27 width=21) (actual time=59.165..606.152 rows=48 loops=1)
Gather  (cost=1000.00..340868.31 rows=66 width=21) (actual time=165.424..620.762 rows=86 loops=1)
Gather Merge  (cost=340864.98..340887.84 rows=196 width=131) (actual time=600.779..605.343 rows=59 loops=1)
Gather  (cost=1000.00..340864.31 rows=26 width=21) (actual time=537.844..594.861 rows=48 loops=1)
Gather Merge  (cost=340862.31..340868.15 rows=50 width=131) (actual time=651.567..656.418 rows=230 loops=1)
Gather  (cost=1000.00..340868.61 rows=69 width=21) (actual time=53.427..627.355 rows=135 loops=1)
Gather  (cost=1000.00..340864.31 rows=26 width=140) (actual time=416.847..609.111 rows=36 loops=1)
Gather  (cost=1000.00..340864.41 rows=27 width=21) (actual time=571.193..591.481 rows=80 loops=1)
Gather  (cost=1000.00..340864.41 rows=27 width=21) (actual time=202.136..612.483 rows=52 loops=1)
Gather Merge  (cost=340862.28..340867.88 rows=48 width=131) (actual time=628.723..633.330 rows=84 loops=1)
Gather  (cost=1000.00..340878.11 rows=164 width=21) (actual time=572.349..614.143 rows=316 loops=1)
Gather  (cost=1000.00..340864.41 rows=27 width=21) (actual time=511.396..606.277 rows=46 loops=1)
Gather  (cost=1000.00..340883.31 rows=216 width=21) (actual time=40.432..594.361 rows=132 loops=1)
Gather Merge  (cost=340864.50..340884.57 rows=172 width=131) (actual time=636.778..641.427 rows=296 loops=1)
Gather  (cost=1000.00..340864.41 rows=27 width=21) (actual time=229.654..612.682 rows=48 loops=1)
Gather Merge  (cost=340862.28..340867.88 rows=48 width=131) (actual time=637.984..642.502 rows=78 loops=1)
Gather Merge  (cost=340862.28..340867.88 rows=48 width=131) (actual time=600.521..605.085 rows=82 loops=1)
Gather Merge  (cost=340862.28..340867.88 rows=48 width=131) (actual time=599.901..604.275 rows=120 loops=1)
Gather  (cost=1000.00..340878.61 rows=169 width=21) (actual time=626.728..637.055 rows=204 loops=1)
Gather  (cost=1000.00..340864.31 rows=26 width=140) (actual time=546.796..618.153 rows=50 loops=1)
Gather  (cost=1000.00..340864.41 rows=27 width=21) (actual time=209.444..610.272 rows=58 loops=1)
Gather  (cost=1000.00..340922.31 rows=606 width=21) (actual time=330.550..588.537 rows=672 loops=1)
Gather  (cost=1000.00..340870.21 rows=85 width=21) (actual time=291.404..621.410 rows=54 loops=1)
Gather  (cost=1000.00..340864.41 rows=27 width=140) (actual time=22.703..607.936 rows=45 loops=1)
Gather Merge  (cost=340871.36..340928.07 rows=486 width=131) (actual time=634.903..639.345 rows=550 loops=1)
Gather Merge  (cost=340867.46..340904.10 rows=314 width=131) (actual time=616.221..620.755 rows=350 loops=1)
Gather Merge  (cost=340862.31..340868.15 rows=50 width=131) (actual time=604.043..608.531 rows=42 loops=1)
Gather  (cost=1000.00..340864.31 rows=26 width=140) (actual time=561.395..608.823 rows=36 loops=1)
Gather Merge  (cost=340862.31..340868.15 rows=50 width=131) (actual time=636.168..640.625 rows=78 loops=1)
Gather  (cost=1000.00..340864.41 rows=27 width=140) (actual time=231.801..609.401 rows=60 loops=1)
Gather Merge  (cost=340862.28..340867.88 rows=48 width=131) (actual time=621.716..626.258 rows=90 loops=1)
Gather Merge  (cost=340862.31..340868.15 rows=50 width=131) (actual time=599.799..604.159 rows=20 loops=1)
Gather  (cost=1000.00..340864.41 rows=27 width=21) (actual time=130.253..631.134 rows=44 loops=1)
Gather  (cost=1000.00..340864.41 rows=27 width=21) (actual time=17.942..618.529 rows=34 loops=1)
Gather  (cost=1000.00..340864.31 rows=26 width=21) (actual time=553.647..629.172 rows=54 loops=1)
Gather  (cost=1000.00..340864.41 rows=27 width=21) (actual time=225.935..588.277 rows=38 loops=1)
Gather  (cost=1000.00..340864.31 rows=26 width=21) (actual time=435.207..594.729 rows=45 loops=1)
Gather  (cost=1000.00..340864.41 rows=27 width=21) (actual time=212.490..619.657 rows=74 loops=1)
Gather Merge  (cost=340862.28..340867.88 rows=48 width=131) (actual time=640.265..645.461 rows=110 loops=1)
Gather  (cost=1000.00..340864.41 rows=27 width=140) (actual time=115.375..619.499 rows=50 loops=1)
Gather  (cost=1000.00..340864.41 rows=27 width=21) (actual time=496.031..597.104 rows=46 loops=1)
Gather  (cost=1000.00..340864.41 rows=27 width=21) (actual time=145.759..595.588 rows=57 loops=1)
Gather  (cost=1000.00..340864.41 rows=27 width=21) (actual time=614.026..622.818 rows=54 loops=1)
Gather  (cost=1000.00..340869.01 rows=73 width=21) (actual time=212.015..611.714 rows=144 loops=1)
Gather Merge  (cost=340862.28..340867.88 rows=48 width=131) (actual time=625.741..630.394 rows=40 loops=1)
Gather Merge  (cost=340862.28..340867.88 rows=48 width=131) (actual time=601.931..606.562 rows=51 loops=1)
Gather  (cost=1000.00..340864.31 rows=26 width=21) (actual time=468.630..609.048 rows=34 loops=1)
Gather  (cost=1000.00..340864.41 rows=27 width=21) (actual time=284.400..624.760 rows=78 loops=1)
Gather Merge  (cost=340862.31..340868.15 rows=50 width=131) (actual time=617.852..623.561 rows=36 loops=1)
Gather  (cost=1000.00..340864.41 rows=27 width=21) (actual time=381.838..624.117 rows=46 loops=1)
Gather  (cost=1000.00..340875.11 rows=134 width=21) (actual time=284.631..593.279 rows=82 loops=1)
Gather Merge  (cost=340862.28..340867.88 rows=48 width=131) (actual time=658.433..663.097 rows=367 loops=1)
Gather Merge  (cost=340862.31..340868.15 rows=50 width=131) (actual time=615.020..619.722 rows=90 loops=1)
Gather  (cost=1000.00..340864.41 rows=27 width=403) (actual time=386.437..1946.900 rows=48 loops=1)
Gather  (cost=1000.00..340864.41 rows=27 width=21) (actual time=503.826..594.030 rows=26 loops=1)
Gather Merge  (cost=340862.31..340868.15 rows=50 width=131) (actual time=648.123..652.535 rows=30 loops=1)
Gather Merge  (cost=340862.31..340868.15 rows=50 width=131) (actual time=632.868..637.183 rows=21 loops=1)
Gather  (cost=1000.00..340871.51 rows=98 width=21) (actual time=195.189..611.197 rows=150 loops=1)
Gather Merge  (cost=340862.31..340868.15 rows=50 width=131) (actual time=603.122..607.556 rows=48 loops=1)
Gather  (cost=1000.00..340864.31 rows=26 width=21) (actual time=423.560..622.887 rows=69 loops=1)
Gather  (cost=1000.00..340864.41 rows=27 width=140) (actual time=66.262..1202.975 rows=39 loops=1)
Gather Merge  (cost=340862.31..340868.15 rows=50 width=131) (actual time=649.092..653.775 rows=84 loops=1)
Gather  (cost=1000.00..340864.41 rows=27 width=403) (actual time=178.752..596.207 rows=84 loops=1)
Gather Merge  (cost=340862.31..340868.15 rows=50 width=131) (actual time=632.419..637.290 rows=134 loops=1)
Gather  (cost=1000.00..340864.41 rows=27 width=403) (actual time=219.440..614.368 rows=42 loops=1)
Gather  (cost=1000.00..340869.01 rows=73 width=140) (actual time=459.969..618.471 rows=27 loops=1)
Gather  (cost=1000.00..340864.41 rows=27 width=21) (actual time=248.573..601.147 rows=56 loops=1)
Gather  (cost=1000.00..340864.31 rows=26 width=140) (actual time=566.221..596.895 rows=72 loops=1)
Gather  (cost=1000.00..340864.31 rows=26 width=21) (actual time=425.365..627.495 rows=117 loops=1)
Gather  (cost=1000.00..340864.41 rows=27 width=21) (actual time=155.265..601.034 rows=54 loops=1)
Gather  (cost=1000.00..340864.31 rows=26 width=21) (actual time=331.002..627.159 rows=62 loops=1)
Gather  (cost=1000.00..340864.41 rows=27 width=21) (actual time=22.474..588.337 rows=74 loops=1)
Gather  (cost=1000.00..340864.41 rows=27 width=140) (actual time=254.604..590.432 rows=84 loops=1)
Gather  (cost=1000.00..340870.01 rows=83 width=21) (actual time=355.669..640.777 rows=105 loops=1)
Gather Merge  (cost=340862.28..340867.88 rows=48 width=131) (actual time=637.626..642.042 rows=33 loops=1)
Gather Merge  (cost=340862.31..340868.15 rows=50 width=131) (actual time=616.076..641.684 rows=36 loops=1)
Gather Merge  (cost=340862.28..340867.88 rows=48 width=131) (actual time=602.158..606.734 rows=28 loops=1)
Gather Merge  (cost=340862.31..340868.15 rows=50 width=131) (actual time=615.225..619.839 rows=39 loops=1)
Gather  (cost=1000.00..340864.41 rows=27 width=403) (actual time=203.076..608.255 rows=39 loops=1)
Gather Merge  (cost=340862.28..340867.88 rows=48 width=131) (actual time=621.163..625.803 rows=78 loops=1)
Gather  (cost=1000.00..340864.31 rows=26 width=140) (actual time=428.666..616.774 rows=24 loops=1)
Gather  (cost=1000.00..340875.31 rows=136 width=140) (actual time=410.411..591.347 rows=60 loops=1)
Gather  (cost=1000.00..340875.31 rows=136 width=403) (actual time=427.302..618.545 rows=60 loops=1)
Gather  (cost=1000.00..340873.01 rows=113 width=21) (actual time=277.637..612.618 rows=129 loops=1)
Gather  (cost=1000.00..340864.41 rows=27 width=140) (actual time=172.423..606.496 rows=18 loops=1)
Gather  (cost=1000.00..340922.61 rows=609 width=21) (actual time=470.534..609.654 rows=815 loops=1)
Gather  (cost=1000.00..340864.51 rows=28 width=140) (actual time=91.677..587.166 rows=26 loops=1)
Gather Merge  (cost=340862.31..340868.15 rows=50 width=131) (actual time=621.947..626.284 rows=45 loops=1)
Gather  (cost=1000.00..340864.41 rows=27 width=21) (actual time=37.621..616.243 rows=80 loops=1)
Gather Merge  (cost=340862.31..340868.15 rows=50 width=131) (actual time=625.159..629.650 rows=117 loops=1)
Gather  (cost=1000.00..340864.51 rows=28 width=21) (actual time=81.897..611.238 rows=54 loops=1)
Gather  (cost=1000.00..340864.31 rows=26 width=21) (actual time=424.616..590.441 rows=50 loops=1)
Gather  (cost=1000.00..340864.51 rows=28 width=21) (actual time=95.762..627.978 rows=70 loops=1)
Gather  (cost=1000.00..340864.41 rows=27 width=21) (actual time=502.187..613.046 rows=112 loops=1)
Gather Merge  (cost=340898.21..341076.02 rows=1524 width=131) (actual time=633.533..638.164 rows=1321 loops=1)
Gather  (cost=1000.00..340864.41 rows=27 width=21) (actual time=293.570..593.888 rows=80 loops=1)
Gather Merge  (cost=340862.31..340868.15 rows=50 width=131) (actual time=643.768..649.531 rows=72 loops=1)
Gather  (cost=1000.00..340864.31 rows=26 width=21) (actual time=414.142..611.051 rows=40 loops=1)
Gather Merge  (cost=340862.28..340867.88 rows=48 width=131) (actual time=652.159..656.576 rows=60 loops=1)
Gather Merge  (cost=340862.31..340868.15 rows=50 width=131) (actual time=600.591..605.067 rows=77 loops=1)
Gather Merge  (cost=340862.31..340868.15 rows=50 width=131) (actual time=625.622..630.120 rows=28 loops=1)
Gather  (cost=1000.00..340864.41 rows=27 width=140) (actual time=249.951..631.525 rows=36 loops=1)
Gather Merge  (cost=340862.31..340868.15 rows=50 width=131) (actual time=643.711..648.078 rows=97 loops=1)
Gather Merge  (cost=340864.15..340882.11 rows=154 width=131) (actual time=648.533..653.592 rows=156 loops=1)
Gather  (cost=1000.00..340864.41 rows=27 width=140) (actual time=114.135..603.040 rows=39 loops=1)
Gather  (cost=1000.00..340864.41 rows=27 width=403) (actual time=110.843..623.745 rows=39 loops=1)
Gather  (cost=1000.00..340864.31 rows=26 width=21) (actual time=419.823..623.904 rows=50 loops=1)
Gather  (cost=1000.00..340883.61 rows=219 width=21) (actual time=147.390..620.075 rows=424 loops=1)
Gather  (cost=1000.00..340864.41 rows=27 width=140) (actual time=152.557..612.733 rows=33 loops=1)
Gather  (cost=1000.00..340871.21 rows=95 width=21) (actual time=524.287..595.015 rows=120 loops=1)
Gather  (cost=1000.00..340926.11 rows=644 width=140) (actual time=73.537..612.779 rows=352 loops=1)
Gather Merge  (cost=340862.31..340868.15 rows=50 width=131) (actual time=639.656..644.177 rows=90 loops=1)
Gather  (cost=1000.00..340876.61 rows=149 width=21) (actual time=286.175..618.800 rows=116 loops=1)
Gather  (cost=1000.00..340868.21 rows=65 width=21) (actual time=222.142..614.498 rows=52 loops=1)
Gather  (cost=1000.00..340869.21 rows=75 width=21) (actual time=531.588..596.809 rows=102 loops=1)
Gather  (cost=1000.00..340864.41 rows=27 width=21) (actual time=612.843..630.599 rows=34 loops=1)
Gather  (cost=1000.00..340864.41 rows=27 width=140) (actual time=35.269..599.525 rows=28 loops=1)
Gather  (cost=1000.00..340864.41 rows=27 width=21) (actual time=285.482..616.365 rows=56 loops=1)
Gather  (cost=1000.00..340875.81 rows=141 width=21) (actual time=428.214..610.259 rows=141 loops=1)
Gather Merge  (cost=340862.28..340867.88 rows=48 width=131) (actual time=605.086..609.823 rows=22 loops=1)
Gather  (cost=1000.00..340864.41 rows=27 width=140) (actual time=158.470..621.787 rows=81 loops=1)
Gather Merge  (cost=340862.28..340867.88 rows=48 width=131) (actual time=623.966..628.692 rows=70 loops=1)
Gather Merge  (cost=340862.31..340868.15 rows=50 width=131) (actual time=623.318..629.735 rows=106 loops=1)
Gather  (cost=1000.00..340864.31 rows=26 width=21) (actual time=409.720..600.721 rows=52 loops=1)
Gather  (cost=1000.00..340864.41 rows=27 width=140) (actual time=119.303..589.352 rows=42 loops=1)
Gather Merge  (cost=340862.28..340867.88 rows=48 width=131) (actual time=635.118..639.823 rows=88 loops=1)
Gather  (cost=1000.00..340876.81 rows=151 width=21) (actual time=180.505..603.795 rows=148 loops=1)
Gather Merge  (cost=340862.31..340868.15 rows=50 width=131) (actual time=632.382..636.867 rows=110 loops=1)
Gather  (cost=1000.00..340870.81 rows=91 width=403) (actual time=204.553..587.533 rows=110 loops=1)
Gather  (cost=1000.00..340871.51 rows=98 width=21) (actual time=586.693..608.524 rows=240 loops=1)
Gather  (cost=1000.00..340869.31 rows=76 width=140) (actual time=201.573..605.551 rows=57 loops=1)
Gather  (cost=1000.00..340882.71 rows=210 width=140) (actual time=307.910..622.206 rows=180 loops=1)
Gather  (cost=1000.00..340864.31 rows=26 width=140) (actual time=314.811..604.675 rows=30 loops=1)
Gather Merge  (cost=340862.28..340867.88 rows=48 width=131) (actual time=599.424..604.116 rows=84 loops=1)
Gather Merge  (cost=340862.31..340868.15 rows=50 width=131) (actual time=638.830..643.638 rows=98 loops=1)
Gather Merge  (cost=340862.31..340868.15 rows=50 width=131) (actual time=617.268..621.918 rows=171 loops=1)
Gather  (cost=1000.00..340864.41 rows=27 width=21) (actual time=163.870..623.491 rows=50 loops=1)
Gather Merge  (cost=340862.28..340867.88 rows=48 width=131) (actual time=597.315..601.960 rows=51 loops=1)
Gather Merge  (cost=340862.28..340867.88 rows=48 width=131) (actual time=601.736..606.125 rows=80 loops=1)
Gather  (cost=1000.00..340868.31 rows=66 width=140) (actual time=579.726..627.892 rows=75 loops=1)
Gather  (cost=1000.00..340898.31 rows=366 width=21) (actual time=493.919..612.278 rows=304 loops=1)
Gather  (cost=1000.00..340923.31 rows=616 width=21) (actual time=248.320..610.537 rows=1197 loops=1)
Gather  (cost=1000.00..340876.01 rows=143 width=21) (actual time=355.196..590.921 rows=180 loops=1)
Gather  (cost=1000.00..340876.51 rows=148 width=21) (actual time=164.551..624.467 rows=172 loops=1)
Gather  (cost=1000.00..340864.31 rows=26 width=140) (actual time=324.276..608.782 rows=27 loops=1)
Gather  (cost=1000.00..340864.51 rows=28 width=21) (actual time=81.217..611.334 rows=76 loops=1)
Gather Merge  (cost=340862.31..340868.15 rows=50 width=131) (actual time=614.992..619.498 rows=162 loops=1)
Gather Merge  (cost=340862.31..340868.15 rows=50 width=131) (actual time=600.954..605.483 rows=100 loops=1)
Gather  (cost=1000.00..340864.41 rows=27 width=21) (actual time=128.769..629.929 rows=50 loops=1)
Gather  (cost=1000.00..340864.41 rows=27 width=21) (actual time=138.316..613.727 rows=42 loops=1)
Gather  (cost=1000.00..340864.41 rows=27 width=21) (actual time=384.175..609.156 rows=81 loops=1)
Gather  (cost=1000.00..340864.41 rows=27 width=140) (actual time=23.226..591.002 rows=81 loops=1)
Gather  (cost=1000.00..340864.41 rows=27 width=21) (actual time=224.978..626.099 rows=52 loops=1)
Gather Merge  (cost=340862.31..340868.15 rows=50 width=131) (actual time=615.768..620.474 rows=48 loops=1)
Gather  (cost=1000.00..340864.41 rows=27 width=21) (actual time=176.195..628.242 rows=70 loops=1)
Gather  (cost=1000.00..340864.41 rows=27 width=140) (actual time=110.473..592.352 rows=33 loops=1)
Gather  (cost=1000.00..340864.41 rows=27 width=140) (actual time=237.740..592.976 rows=24 loops=1)
Gather  (cost=1000.00..340864.41 rows=27 width=21) (actual time=500.504..606.299 rows=54 loops=1)
Gather Merge  (cost=340862.28..340867.88 rows=48 width=131) (actual time=634.621..639.709 rows=110 loops=1)
Gather  (cost=1000.00..340864.41 rows=27 width=21) (actual time=146.050..609.155 rows=40 loops=1)
Gather  (cost=1000.00..340864.41 rows=27 width=140) (actual time=27.206..609.981 rows=30 loops=1)
Gather  (cost=1000.00..340864.41 rows=27 width=140) (actual time=377.192..588.334 rows=42 loops=1)
Gather Merge  (cost=340862.31..340868.15 rows=50 width=131) (actual time=654.299..659.007 rows=36 loops=1)
Gather  (cost=1000.00..340869.11 rows=74 width=21) (actual time=601.623..610.897 rows=108 loops=1)
Gather Merge  (cost=340862.28..340867.88 rows=48 width=131) (actual time=619.003..623.436 rows=62 loops=1)
Gather Merge  (cost=340862.31..340868.15 rows=50 width=131) (actual time=601.312..605.973 rows=157 loops=1)
Gather  (cost=1000.00..340864.41 rows=27 width=21) (actual time=68.070..611.503 rows=66 loops=1)
Gather  (cost=1000.00..340878.11 rows=164 width=21) (actual time=85.044..602.349 rows=261 loops=1)
Gather Merge  (cost=340862.28..340867.88 rows=48 width=131) (actual time=615.537..620.158 rows=200 loops=1)
Gather  (cost=1000.00..340879.21 rows=175 width=140) (actual time=489.994..620.625 rows=148 loops=1)
Gather Merge  (cost=340862.28..340867.88 rows=48 width=131) (actual time=598.534..602.989 rows=79 loops=1)
Gather  (cost=1000.00..340878.71 rows=170 width=140) (actual time=558.895..618.413 rows=90 loops=1)
Gather  (cost=1000.00..340864.41 rows=27 width=21) (actual time=202.811..611.694 rows=70 loops=1)
Gather Merge  (cost=340864.07..340881.57 rows=150 width=131) (actual time=620.000..624.580 rows=122 loops=1)
Gather Merge  (cost=340862.28..340867.88 rows=48 width=131) (actual time=630.011..634.768 rows=96 loops=1)
Gather  (cost=1000.00..340864.31 rows=26 width=140) (actual time=345.241..595.202 rows=63 loops=1)
Gather  (cost=1000.00..340864.31 rows=26 width=21) (actual time=511.495..644.397 rows=69 loops=1)
Gather  (cost=1000.00..340864.41 rows=27 width=140) (actual time=105.305..622.050 rows=42 loops=1)
Gather  (cost=1000.00..340864.41 rows=27 width=21) (actual time=178.612..619.952 rows=66 loops=1)
Gather  (cost=1000.00..340864.41 rows=27 width=140) (actual time=51.208..615.812 rows=39 loops=1)
Gather  (cost=1000.00..340864.41 rows=27 width=140) (actual time=273.620..595.814 rows=33 loops=1)
Gather Merge  (cost=340862.31..340868.15 rows=50 width=131) (actual time=649.246..654.038 rows=22 loops=1)
Gather  (cost=1000.00..340864.41 rows=27 width=21) (actual time=31.603..609.028 rows=54 loops=1)
Gather Merge  (cost=340862.28..340867.88 rows=48 width=131) (actual time=653.962..658.281 rows=81 loops=1)
Gather Merge  (cost=340862.28..340867.88 rows=48 width=131) (actual time=600.879..605.579 rows=108 loops=1)
Gather  (cost=1000.00..340868.01 rows=63 width=21) (actual time=582.627..624.615 rows=20 loops=1)
Gather  (cost=1000.00..340864.51 rows=28 width=140) (actual time=74.895..604.420 rows=42 loops=1)
Gather  (cost=1000.00..340864.51 rows=28 width=403) (actual time=79.297..633.884 rows=42 loops=1)
Gather  (cost=1000.00..340864.41 rows=27 width=21) (actual time=209.982..625.027 rows=40 loops=1)
Gather  (cost=1000.00..340864.41 rows=27 width=140) (actual time=267.539..601.406 rows=30 loops=1)
Gather  (cost=1000.00..340864.41 rows=27 width=403) (actual time=265.150..589.343 rows=30 loops=1)
Gather Merge  (cost=340862.31..340868.15 rows=50 width=131) (actual time=655.121..659.746 rows=36 loops=1)
Gather  (cost=1000.00..340872.71 rows=110 width=140) (actual time=289.807..611.142 rows=216 loops=1)
Gather  (cost=1000.00..340864.41 rows=27 width=21) (actual time=397.645..624.314 rows=44 loops=1)
Gather  (cost=1000.00..340864.41 rows=27 width=21) (actual time=188.031..588.499 rows=57 loops=1)
Gather  (cost=1000.00..340876.21 rows=145 width=21) (actual time=596.776..615.477 rows=102 loops=1)
Gather Merge  (cost=340865.02..340888.12 rows=198 width=131) (actual time=616.430..620.951 rows=270 loops=1)
Gather  (cost=1000.00..340864.41 rows=27 width=21) (actual time=123.247..639.253 rows=42 loops=1)
Gather Merge  (cost=340864.03..340881.30 rows=148 width=131) (actual time=616.242..620.791 rows=197 loops=1)
Gather  (cost=1000.00..340864.41 rows=27 width=21) (actual time=58.507..590.819 rows=42 loops=1)
Gather  (cost=1000.00..340864.41 rows=27 width=140) (actual time=367.981..623.896 rows=90 loops=1)
Gather  (cost=1000.00..340864.41 rows=27 width=403) (actual time=386.418..612.580 rows=90 loops=1)
Gather Merge  (cost=340862.28..340867.88 rows=48 width=131) (actual time=620.681..625.240 rows=66 loops=1)
Gather Merge  (cost=340862.31..340868.15 rows=50 width=131) (actual time=619.442..623.985 rows=20 loops=1)
Gather  (cost=1000.00..340864.31 rows=26 width=21) (actual time=550.311..590.365 rows=36 loops=1)
Gather  (cost=1000.00..340864.41 rows=27 width=21) (actual time=184.390..609.762 rows=34 loops=1)
Gather Merge  (cost=340862.31..340868.15 rows=50 width=131) (actual time=640.002..644.673 rows=47 loops=1)
Gather  (cost=1000.00..340864.41 rows=27 width=140) (actual time=306.496..615.468 rows=80 loops=1)
Gather  (cost=1000.00..340878.91 rows=172 width=21) (actual time=319.470..607.445 rows=192 loops=1)
Gather Merge  (cost=340862.28..340867.88 rows=48 width=131) (actual time=598.504..603.094 rows=108 loops=1)
Gather  (cost=1000.00..340864.41 rows=27 width=140) (actual time=253.120..643.808 rows=52 loops=1)
Gather Merge  (cost=340862.31..340868.15 rows=50 width=131) (actual time=623.382..628.249 rows=92 loops=1)
Gather  (cost=1000.00..340864.41 rows=27 width=403) (actual time=167.702..609.375 rows=42 loops=1)
Gather  (cost=1000.00..340864.41 rows=27 width=21) (actual time=42.625..586.826 rows=58 loops=1)
Gather  (cost=1000.00..340875.11 rows=134 width=21) (actual time=442.046..609.529 rows=64 loops=1)
Gather  (cost=1000.00..340868.01 rows=63 width=21) (actual time=557.462..597.735 rows=87 loops=1)
Gather  (cost=1000.00..340864.41 rows=27 width=21) (actual time=24.918..607.472 rows=84 loops=1)
Gather  (cost=1000.00..340864.41 rows=27 width=21) (actual time=594.030..612.085 rows=40 loops=1)
Gather Merge  (cost=340862.28..340867.88 rows=48 width=131) (actual time=623.349..627.858 rows=56 loops=1)
Gather  (cost=1000.00..340925.31 rows=636 width=21) (actual time=164.784..586.458 rows=1100 loops=1)
Gather  (cost=1000.00..340864.31 rows=26 width=140) (actual time=349.676..634.078 rows=52 loops=1)
Gather  (cost=1000.00..340878.81 rows=171 width=21) (actual time=215.607..611.368 rows=150 loops=1)
Gather  (cost=1000.00..340864.31 rows=26 width=21) (actual time=374.189..611.598 rows=62 loops=1)
Gather  (cost=1000.00..340868.81 rows=71 width=140) (actual time=574.804..588.830 rows=75 loops=1)
Gather  (cost=1000.00..340864.41 rows=27 width=21) (actual time=293.722..612.374 rows=174 loops=1)
Gather Merge  (cost=340864.26..340882.93 rows=160 width=131) (actual time=614.447..619.228 rows=220 loops=1)
Gather  (cost=1000.00..340864.31 rows=26 width=140) (actual time=478.186..622.339 rows=60 loops=1)
Gather  (cost=1000.00..340897.71 rows=360 width=21) (actual time=401.117..618.917 rows=288 loops=1)
Gather Merge  (cost=340862.28..340867.88 rows=48 width=131) (actual time=614.114..618.501 rows=75 loops=1)
Gather Merge  (cost=340862.31..340868.15 rows=50 width=131) (actual time=622.870..627.401 rows=81 loops=1)
Gather  (cost=1000.00..340876.41 rows=147 width=140) (actual time=168.851..629.748 rows=75 loops=1)
Gather  (cost=1000.00..340876.41 rows=147 width=403) (actual time=145.458..618.109 rows=75 loops=1)
Gather  (cost=1000.00..340868.51 rows=68 width=21) (actual time=89.649..604.736 rows=52 loops=1)
Gather Merge  (cost=340862.28..340867.88 rows=48 width=131) (actual time=607.175..611.892 rows=42 loops=1)
Gather  (cost=1000.00..340878.11 rows=164 width=21) (actual time=570.694..612.303 rows=316 loops=1)
Gather Merge  (cost=340862.28..340867.88 rows=48 width=131) (actual time=641.886..646.973 rows=30 loops=1)
Gather  (cost=1000.00..340868.21 rows=65 width=21) (actual time=30.046..621.568 rows=87 loops=1)
Gather  (cost=1000.00..340864.41 rows=27 width=140) (actual time=500.794..607.374 rows=36 loops=1)
Gather Merge  (cost=340862.28..340867.88 rows=48 width=131) (actual time=599.316..603.884 rows=118 loops=1)
Gather Merge  (cost=340862.28..340867.88 rows=48 width=131) (actual time=648.642..653.423 rows=32 loops=1)
Gather  (cost=1000.00..340872.41 rows=107 width=403) (actual time=267.020..601.870 rows=32 loops=1)
Gather  (cost=1000.00..340864.31 rows=26 width=21) (actual time=483.458..621.848 rows=36 loops=1)
Gather  (cost=1000.00..340864.31 rows=26 width=140) (actual time=559.458..587.044 rows=14 loops=1)
Gather  (cost=1000.00..340876.01 rows=143 width=21) (actual time=299.096..610.599 rows=250 loops=1)
Gather  (cost=1000.00..340864.31 rows=26 width=21) (actual time=411.026..602.926 rows=56 loops=1)
Gather  (cost=1000.00..340873.31 rows=116 width=21) (actual time=292.319..607.715 rows=134 loops=1)
Gather  (cost=1000.00..340864.31 rows=26 width=21) (actual time=423.791..607.807 rows=42 loops=1)
Gather Merge  (cost=340862.31..340868.15 rows=50 width=131) (actual time=614.673..619.375 rows=182 loops=1)
Gather  (cost=1000.00..340923.41 rows=617 width=21) (actual time=115.218..586.819 rows=826 loops=1)
Gather  (cost=1000.00..340873.41 rows=117 width=21) (actual time=64.351..646.127 rows=225 loops=1)
Gather  (cost=1000.00..340864.41 rows=27 width=21) (actual time=590.172..608.490 rows=44 loops=1)
Gather  (cost=1000.00..340883.01 rows=213 width=21) (actual time=593.979..608.984 rows=207 loops=1)
Gather  (cost=1000.00..340869.81 rows=81 width=21) (actual time=136.426..587.461 rows=76 loops=1)
Gather Merge  (cost=340862.28..340867.88 rows=48 width=131) (actual time=652.853..657.277 rows=63 loops=1)
Gather  (cost=1000.00..340864.31 rows=26 width=21) (actual time=469.242..612.298 rows=60 loops=1)
Gather Merge  (cost=340862.31..340868.15 rows=50 width=131) (actual time=619.474..624.060 rows=66 loops=1)
Gather Merge  (cost=340872.02..340931.99 rows=514 width=131) (actual time=598.404..603.050 rows=502 loops=1)
Gather  (cost=1000.00..340864.41 rows=27 width=21) (actual time=130.941..607.003 rows=182 loops=1)
Gather  (cost=1000.00..340864.41 rows=27 width=21) (actual time=314.390..613.189 rows=44 loops=1)
Gather Merge  (cost=340862.28..340867.88 rows=48 width=131) (actual time=625.814..630.399 rows=154 loops=1)
Gather  (cost=1000.00..340864.41 rows=27 width=21) (actual time=118.207..609.158 rows=80 loops=1)
Gather  (cost=1000.00..340864.41 rows=27 width=21) (actual time=265.810..588.069 rows=78 loops=1)
Gather  (cost=1000.00..340878.61 rows=169 width=140) (actual time=347.668..632.047 rows=95 loops=1)
Gather  (cost=1000.00..340864.31 rows=26 width=21) (actual time=419.771..620.859 rows=78 loops=1)
Gather  (cost=1000.00..340864.41 rows=27 width=21) (actual time=287.752..615.014 rows=48 loops=1)
Gather  (cost=1000.00..340864.41 rows=27 width=21) (actual time=223.028..589.643 rows=82 loops=1)
Gather Merge  (cost=340862.28..340867.88 rows=48 width=131) (actual time=634.294..639.002 rows=36 loops=1)
Gather  (cost=1000.00..340870.91 rows=92 width=21) (actual time=561.143..612.966 rows=205 loops=1)
Gather  (cost=1000.00..340864.31 rows=26 width=140) (actual time=343.073..628.717 rows=32 loops=1)
Gather  (cost=1000.00..340864.41 rows=27 width=140) (actual time=299.729..588.374 rows=52 loops=1)
Gather  (cost=1000.00..340878.31 rows=166 width=140) (actual time=599.964..613.708 rows=534 loops=1)
Gather  (cost=1000.00..340869.21 rows=75 width=140) (actual time=539.298..607.234 rows=26 loops=1)
Gather  (cost=1000.00..340874.91 rows=132 width=21) (actual time=141.938..634.044 rows=62 loops=1)
Gather  (cost=1000.00..340864.31 rows=26 width=140) (actual time=350.053..615.084 rows=66 loops=1)
Gather  (cost=1000.00..340864.31 rows=26 width=21) (actual time=471.733..588.740 rows=48 loops=1)
Gather  (cost=1000.00..340864.31 rows=26 width=21) (actual time=469.350..589.182 rows=92 loops=1)
Gather  (cost=1000.00..340864.41 rows=27 width=140) (actual time=146.379..631.649 rows=45 loops=1)
Gather  (cost=1000.00..340874.51 rows=128 width=21) (actual time=204.200..623.793 rows=117 loops=1)
Gather  (cost=1000.00..340864.31 rows=26 width=140) (actual time=412.469..607.201 rows=45 loops=1)
Gather Merge  (cost=340862.28..340867.88 rows=48 width=131) (actual time=596.285..600.942 rows=56 loops=1)
Gather  (cost=1000.00..340864.41 rows=27 width=21) (actual time=596.209..610.832 rows=56 loops=1)
Gather Merge  (cost=340865.10..340888.66 rows=202 width=131) (actual time=623.915..628.445 rows=279 loops=1)
Gather Merge  (cost=340862.31..340868.15 rows=50 width=131) (actual time=639.317..643.851 rows=62 loops=1)
Gather Merge  (cost=340862.31..340868.15 rows=50 width=131) (actual time=615.034..619.507 rows=203 loops=1)
Gather  (cost=1000.00..340864.41 rows=27 width=140) (actual time=255.802..593.801 rows=39 loops=1)
Gather  (cost=1000.00..340864.41 rows=27 width=21) (actual time=145.838..616.703 rows=38 loops=1)
Gather  (cost=1000.00..340898.31 rows=366 width=21) (actual time=500.960..621.584 rows=304 loops=1)
Gather  (cost=1000.00..340867.91 rows=62 width=21) (actual time=277.269..607.021 rows=46 loops=1)
Gather Merge  (cost=340862.31..340868.15 rows=50 width=131) (actual time=619.592..624.122 rows=74 loops=1)
Gather  (cost=1000.00..340864.41 rows=27 width=21) (actual time=143.515..586.899 rows=87 loops=1)
Gather Merge  (cost=340862.28..340867.88 rows=48 width=131) (actual time=636.437..641.202 rows=90 loops=1)
Gather  (cost=1000.00..340864.51 rows=28 width=21) (actual time=81.956..610.132 rows=54 loops=1)
Gather Merge  (cost=340862.28..340867.88 rows=48 width=131) (actual time=632.900..637.332 rows=28 loops=1)
Gather Merge  (cost=340862.28..340867.88 rows=48 width=131) (actual time=599.336..604.192 rows=36 loops=1)
Gather  (cost=1000.00..340876.01 rows=143 width=21) (actual time=212.662..593.889 rows=138 loops=1)
Gather Merge  (cost=340862.28..340867.88 rows=48 width=131) (actual time=652.975..662.540 rows=74 loops=1)
Gather  (cost=1000.00..340879.01 rows=173 width=140) (actual time=501.298..640.674 rows=120 loops=1)
Gather  (cost=1000.00..340864.31 rows=26 width=21) (actual time=363.360..635.421 rows=32 loops=1)
Gather  (cost=1000.00..340872.81 rows=111 width=140) (actual time=342.264..596.142 rows=84 loops=1)
Gather  (cost=1000.00..340864.41 rows=27 width=21) (actual time=117.573..639.598 rows=66 loops=1)
Gather  (cost=1000.00..340864.41 rows=27 width=21) (actual time=152.458..619.427 rows=34 loops=1)
Gather  (cost=1000.00..340864.31 rows=26 width=140) (actual time=455.338..636.772 rows=52 loops=1)
Gather  (cost=1000.00..340864.31 rows=26 width=21) (actual time=405.652..592.120 rows=48 loops=1)
Gather  (cost=1000.00..340868.51 rows=68 width=21) (actual time=28.144..623.185 rows=102 loops=1)
Gather  (cost=1000.00..340864.41 rows=27 width=21) (actual time=489.928..588.627 rows=52 loops=1)
Gather Merge  (cost=340862.31..340868.15 rows=50 width=131) (actual time=642.742..647.240 rows=128 loops=1)
Gather Merge  (cost=340862.31..340868.15 rows=50 width=131) (actual time=634.090..638.552 rows=64 loops=1)
Gather Merge  (cost=340862.28..340867.88 rows=48 width=131) (actual time=624.564..629.034 rows=192 loops=1)
Gather  (cost=1000.00..340868.21 rows=65 width=21) (actual time=34.973..591.984 rows=75 loops=1)
Gather  (cost=1000.00..340864.41 rows=27 width=21) (actual time=404.167..648.778 rows=40 loops=1)
Gather  (cost=1000.00..340864.31 rows=26 width=21) (actual time=317.392..605.159 rows=165 loops=1)
Gather  (cost=1000.00..340864.41 rows=27 width=21) (actual time=132.951..627.532 rows=56 loops=1)
Gather  (cost=1000.00..340924.11 rows=624 width=21) (actual time=565.195..585.366 rows=413 loops=1)
Gather  (cost=1000.00..340876.21 rows=145 width=21) (actual time=12.805..614.527 rows=141 loops=1)
Gather Merge  (cost=340862.31..340868.15 rows=50 width=131) (actual time=597.791..602.380 rows=79 loops=1)
Gather Merge  (cost=340862.28..340867.88 rows=48 width=131) (actual time=634.876..639.506 rows=70 loops=1)
Gather  (cost=1000.00..340874.41 rows=127 width=21) (actual time=569.237..608.305 rows=96 loops=1)
Gather  (cost=1000.00..340864.41 rows=27 width=21) (actual time=177.465..614.925 rows=40 loops=1)
Gather  (cost=1000.00..340922.31 rows=606 width=21) (actual time=526.348..586.293 rows=670 loops=1)
Gather  (cost=1000.00..340864.51 rows=28 width=21) (actual time=87.822..642.829 rows=54 loops=1)
Gather  (cost=1000.00..340864.41 rows=27 width=21) (actual time=213.501..610.359 rows=30 loops=1)
Gather Merge  (cost=340862.28..340867.88 rows=48 width=131) (actual time=620.579..625.048 rows=48 loops=1)
Gather  (cost=1000.00..340877.51 rows=158 width=21) (actual time=527.150..588.513 rows=212 loops=1)
Gather  (cost=1000.00..340864.41 rows=27 width=21) (actual time=39.239..615.689 rows=246 loops=1)
Gather Merge  (cost=340862.28..340867.88 rows=48 width=131) (actual time=617.765..623.084 rows=44 loops=1)
Gather  (cost=1000.00..340864.31 rows=26 width=140) (actual time=504.518..625.462 rows=36 loops=1)
Gather  (cost=1000.00..340864.31 rows=26 width=21) (actual time=549.259..618.250 rows=50 loops=1)
Gather  (cost=1000.00..340864.41 rows=27 width=21) (actual time=287.801..593.492 rows=145 loops=1)
Gather Merge  (cost=340862.28..340867.88 rows=48 width=131) (actual time=624.645..629.221 rows=135 loops=1)
Gather Merge  (cost=340862.28..340867.88 rows=48 width=131) (actual time=619.996..624.404 rows=143 loops=1)
Gather  (cost=1000.00..340864.31 rows=26 width=21) (actual time=429.812..619.955 rows=42 loops=1)
Gather  (cost=1000.00..340864.41 rows=27 width=140) (actual time=216.096..607.402 rows=56 loops=1)
Gather  (cost=1000.00..340864.41 rows=27 width=140) (actual time=494.227..590.312 rows=42 loops=1)
Gather  (cost=1000.00..340923.31 rows=616 width=21) (actual time=273.313..606.797 rows=335 loops=1)
Gather  (cost=1000.00..340864.31 rows=26 width=140) (actual time=409.674..614.840 rows=40 loops=1)
Gather  (cost=1000.00..340864.41 rows=27 width=140) (actual time=603.902..619.350 rows=125 loops=1)
Gather Merge  (cost=340862.28..340867.88 rows=48 width=131) (actual time=625.923..630.313 rows=50 loops=1)
Gather Merge  (cost=340862.31..340868.15 rows=50 width=131) (actual time=595.524..600.033 rows=108 loops=1)
Gather  (cost=1000.00..340864.41 rows=27 width=21) (actual time=237.215..625.967 rows=130 loops=1)
Gather Merge  (cost=340884.83..341004.53 rows=1026 width=131) (actual time=618.023..622.724 rows=961 loops=1)
Gather  (cost=1000.00..340864.41 rows=27 width=403) (actual time=521.356..615.394 rows=39 loops=1)
Gather  (cost=1000.00..340864.31 rows=26 width=21) (actual time=561.182..607.768 rows=38 loops=1)
Gather  (cost=1000.00..340864.31 rows=26 width=21) (actual time=426.607..592.076 rows=72 loops=1)
Gather Merge  (cost=340864.22..340882.66 rows=158 width=131) (actual time=618.479..623.141 rows=333 loops=1)
Gather  (cost=1000.00..340864.41 rows=27 width=403) (actual time=228.772..660.951 rows=60 loops=1)
Gather  (cost=1000.00..340864.41 rows=27 width=21) (actual time=151.799..620.987 rows=69 loops=1)
Gather  (cost=1000.00..340924.11 rows=624 width=21) (actual time=44.543..616.601 rows=427 loops=1)
Gather  (cost=1000.00..340864.31 rows=26 width=21) (actual time=520.420..587.188 rows=52 loops=1)
Gather  (cost=1000.00..340864.31 rows=26 width=21) (actual time=488.813..632.144 rows=52 loops=1)
Gather Merge  (cost=340864.77..340886.48 rows=186 width=131) (actual time=615.913..621.056 rows=209 loops=1)
Gather Merge  (cost=340862.28..340867.88 rows=48 width=131) (actual time=636.736..641.393 rows=118 loops=1)
Gather Merge  (cost=340862.28..340867.88 rows=48 width=131) (actual time=598.799..603.331 rows=20 loops=1)
Gather  (cost=1000.00..340926.11 rows=644 width=21) (actual time=76.335..613.054 rows=352 loops=1)
Gather Merge  (cost=340862.28..340867.88 rows=48 width=131) (actual time=620.013..624.647 rows=47 loops=1)
Gather  (cost=1000.00..340864.41 rows=27 width=21) (actual time=267.752..618.110 rows=63 loops=1)
Gather  (cost=1000.00..340868.41 rows=67 width=140) (actual time=459.702..624.841 rows=75 loops=1)
Gather  (cost=1000.00..340864.31 rows=26 width=21) (actual time=303.182..589.619 rows=72 loops=1)
Gather Merge  (cost=340862.31..340868.15 rows=50 width=131) (actual time=618.918..623.498 rows=90 loops=1)
Gather  (cost=1000.00..340876.41 rows=147 width=21) (actual time=145.267..608.812 rows=171 loops=1)
Gather  (cost=1000.00..340864.41 rows=27 width=21) (actual time=377.920..632.905 rows=56 loops=1)
Gather Merge  (cost=340862.31..340868.15 rows=50 width=131) (actual time=611.000..615.467 rows=171 loops=1)
Gather  (cost=1000.00..340864.31 rows=26 width=140) (actual time=431.995..594.263 rows=22 loops=1)
Gather  (cost=1000.00..340864.31 rows=26 width=140) (actual time=465.100..605.221 rows=39 loops=1)
Gather  (cost=1000.00..340864.41 rows=27 width=21) (actual time=222.879..618.667 rows=60 loops=1)
Gather  (cost=1000.00..340864.31 rows=26 width=21) (actual time=565.854..612.560 rows=60 loops=1)
Gather Merge  (cost=340862.31..340868.15 rows=50 width=131) (actual time=617.919..622.621 rows=123 loops=1)
Gather  (cost=1000.00..340868.81 rows=71 width=21) (actual time=222.825..589.411 rows=117 loops=1)
Gather  (cost=1000.00..340864.41 rows=27 width=21) (actual time=604.929..615.529 rows=126 loops=1)
Gather  (cost=1000.00..340877.41 rows=157 width=21) (actual time=289.779..616.184 rows=196 loops=1)
Gather  (cost=1000.00..340864.31 rows=26 width=140) (actual time=369.509..617.892 rows=54 loops=1)
Gather  (cost=1000.00..340864.31 rows=26 width=140) (actual time=544.155..606.784 rows=24 loops=1)
Gather  (cost=1000.00..340864.31 rows=26 width=21) (actual time=452.178..590.129 rows=46 loops=1)
Gather Merge  (cost=340862.28..340867.88 rows=48 width=131) (actual time=620.151..624.751 rows=60 loops=1)
Gather  (cost=1000.00..340864.51 rows=28 width=21) (actual time=87.281..613.226 rows=74 loops=1)
Gather  (cost=1000.00..340864.41 rows=27 width=21) (actual time=507.359..613.836 rows=66 loops=1)
Gather  (cost=1000.00..340864.41 rows=27 width=21) (actual time=593.994..610.280 rows=20 loops=1)
Gather Merge  (cost=340862.28..340867.88 rows=48 width=131) (actual time=602.003..606.615 rows=80 loops=1)
Gather  (cost=1000.00..340864.31 rows=26 width=21) (actual time=343.479..624.621 rows=100 loops=1)
Gather  (cost=1000.00..340864.41 rows=27 width=140) (actual time=106.312..604.364 rows=33 loops=1)
Gather  (cost=1000.00..340864.41 rows=27 width=403) (actual time=110.677..622.316 rows=33 loops=1)
Gather Merge  (cost=340862.28..340867.88 rows=48 width=131) (actual time=599.553..604.386 rows=74 loops=1)
Gather  (cost=1000.00..340864.41 rows=27 width=21) (actual time=265.621..587.681 rows=75 loops=1)
Gather  (cost=1000.00..340868.11 rows=64 width=21) (actual time=492.146..646.698 rows=70 loops=1)
Gather  (cost=1000.00..340876.41 rows=147 width=21) (actual time=65.730..610.492 rows=135 loops=1)
Gather  (cost=1000.00..340864.41 rows=27 width=140) (actual time=178.782..607.716 rows=45 loops=1)
Gather  (cost=1000.00..340864.41 rows=27 width=21) (actual time=213.291..591.397 rows=111 loops=1)
Gather  (cost=1000.00..340875.91 rows=142 width=140) (actual time=522.377..633.337 rows=168 loops=1)
Gather  (cost=1000.00..340864.41 rows=27 width=21) (actual time=369.014..610.871 rows=81 loops=1)
Gather  (cost=1000.00..340864.41 rows=27 width=21) (actual time=263.645..621.284 rows=86 loops=1)
Gather  (cost=1000.00..340864.31 rows=26 width=140) (actual time=306.094..591.060 rows=22 loops=1)
Gather  (cost=1000.00..340864.31 rows=26 width=21) (actual time=398.948..589.770 rows=132 loops=1)
Gather Merge  (cost=340869.33..340915.77 rows=398 width=131) (actual time=655.405..659.837 rows=448 loops=1)
Gather  (cost=1000.00..340864.31 rows=26 width=21) (actual time=552.144..622.570 rows=72 loops=1)
Gather  (cost=1000.00..340864.31 rows=26 width=21) (actual time=445.470..613.673 rows=132 loops=1)
Gather Merge  (cost=340862.28..340867.88 rows=48 width=131) (actual time=598.247..602.710 rows=33 loops=1)
Gather  (cost=1000.00..340864.41 rows=27 width=21) (actual time=248.094..626.614 rows=69 loops=1)
Gather  (cost=1000.00..340864.31 rows=26 width=140) (actual time=451.664..608.462 rows=40 loops=1)
Gather Merge  (cost=340862.28..340867.88 rows=48 width=131) (actual time=649.058..653.495 rows=60 loops=1)
Gather  (cost=1000.00..340870.61 rows=89 width=140) (actual time=494.454..602.610 rows=116 loops=1)
Gather  (cost=1000.00..340864.31 rows=26 width=21) (actual time=432.649..600.772 rows=46 loops=1)
Gather  (cost=1000.00..340864.41 rows=27 width=140) (actual time=481.633..591.205 rows=20 loops=1)
Gather Merge  (cost=340862.31..340868.15 rows=50 width=131) (actual time=665.183..669.856 rows=21 loops=1)
Gather  (cost=1000.00..340864.31 rows=26 width=21) (actual time=484.473..617.309 rows=50 loops=1)
Gather  (cost=1000.00..340864.31 rows=26 width=140) (actual time=481.510..613.364 rows=26 loops=1)
Gather  (cost=1000.00..340875.31 rows=136 width=21) (actual time=16.486..589.587 rows=172 loops=1)
Gather  (cost=1000.00..340864.31 rows=26 width=140) (actual time=579.540..626.990 rows=27 loops=1)
Gather  (cost=1000.00..340869.21 rows=75 width=21) (actual time=324.258..606.220 rows=84 loops=1)
Gather Merge  (cost=340862.28..340867.88 rows=48 width=131) (actual time=644.024..648.521 rows=55 loops=1)
Gather  (cost=1000.00..340864.31 rows=26 width=140) (actual time=511.702..591.638 rows=54 loops=1)
Gather Merge  (cost=340862.28..340867.88 rows=48 width=131) (actual time=618.446..622.911 rows=83 loops=1)
Gather Merge  (cost=340862.28..340867.88 rows=48 width=131) (actual time=616.624..621.415 rows=96 loops=1)
Gather  (cost=1000.00..340864.41 rows=27 width=21) (actual time=111.720..611.049 rows=75 loops=1)
Gather  (cost=1000.00..340864.31 rows=26 width=140) (actual time=347.002..621.051 rows=40 loops=1)
Gather  (cost=1000.00..340864.31 rows=26 width=403) (actual time=333.181..590.502 rows=40 loops=1)
Gather Merge  (cost=340862.28..340867.88 rows=48 width=131) (actual time=632.966..637.752 rows=40 loops=1)
Gather Merge  (cost=340862.31..340868.15 rows=50 width=131) (actual time=615.331..621.186 rows=33 loops=1)
Gather  (cost=1000.00..340864.41 rows=27 width=21) (actual time=283.985..624.403 rows=52 loops=1)
Gather Merge  (cost=340862.28..340867.88 rows=48 width=131) (actual time=596.974..601.324 rows=94 loops=1)
Gather  (cost=1000.00..340864.41 rows=27 width=21) (actual time=285.741..608.237 rows=164 loops=1)
Gather Merge  (cost=340862.28..340867.88 rows=48 width=131) (actual time=622.267..626.779 rows=93 loops=1)
Gather Merge  (cost=340862.28..340867.88 rows=48 width=131) (actual time=624.645..629.175 rows=130 loops=1)
Gather  (cost=1000.00..340864.31 rows=26 width=21) (actual time=472.582..607.013 rows=58 loops=1)
Gather Merge  (cost=340862.28..340867.88 rows=48 width=131) (actual time=600.808..605.239 rows=120 loops=1)
Gather Merge  (cost=340862.28..340867.88 rows=48 width=131) (actual time=632.407..637.340 rows=18 loops=1)
Gather  (cost=1000.00..340876.01 rows=143 width=21) (actual time=449.977..617.372 rows=128 loops=1)
Gather Merge  (cost=340864.07..340881.57 rows=150 width=131) (actual time=629.436..635.772 rows=192 loops=1)
Gather Merge  (cost=340862.31..340868.15 rows=50 width=131) (actual time=610.694..615.336 rows=30 loops=1)
Gather  (cost=1000.00..340868.91 rows=72 width=403) (actual time=371.390..607.260 rows=30 loops=1)
Gather  (cost=1000.00..340864.41 rows=27 width=21) (actual time=45.353..611.095 rows=50 loops=1)
Gather  (cost=1000.00..340864.31 rows=26 width=21) (actual time=553.225..615.945 rows=50 loops=1)
Gather  (cost=1000.00..340864.41 rows=27 width=140) (actual time=255.583..609.839 rows=42 loops=1)
Gather Merge  (cost=340862.31..340868.15 rows=50 width=131) (actual time=601.211..605.728 rows=96 loops=1)
Gather Merge  (cost=340862.28..340867.88 rows=48 width=131) (actual time=631.344..635.989 rows=76 loops=1)
Gather Merge  (cost=340862.31..340868.15 rows=50 width=131) (actual time=613.961..618.651 rows=33 loops=1)
Gather  (cost=1000.00..340864.41 rows=27 width=140) (actual time=522.728..620.796 rows=45 loops=1)
Gather  (cost=1000.00..340864.41 rows=27 width=403) (actual time=492.135..589.766 rows=45 loops=1)
Gather  (cost=1000.00..340864.41 rows=27 width=21) (actual time=182.942..606.928 rows=56 loops=1)
Gather  (cost=1000.00..340864.41 rows=27 width=21) (actual time=398.822..611.347 rows=54 loops=1)
Gather  (cost=1000.00..340864.41 rows=27 width=21) (actual time=183.329..623.148 rows=48 loops=1)
Gather Merge  (cost=340862.28..340867.88 rows=48 width=131) (actual time=617.782..632.918 rows=196 loops=1)
Gather  (cost=1000.00..340864.31 rows=26 width=21) (actual time=345.371..605.072 rows=44 loops=1)
Gather  (cost=1000.00..340864.41 rows=27 width=21) (actual time=56.618..627.888 rows=123 loops=1)
Gather  (cost=1000.00..340864.31 rows=26 width=21) (actual time=562.090..608.709 rows=32 loops=1)
Gather Merge  (cost=340862.31..340868.15 rows=50 width=131) (actual time=626.787..640.964 rows=86 loops=1)
Gather  (cost=1000.00..340864.51 rows=28 width=21) (actual time=97.614..592.386 rows=112 loops=1)
Gather  (cost=1000.00..340864.41 rows=27 width=140) (actual time=166.301..587.114 rows=27 loops=1)
Gather  (cost=1000.00..340864.41 rows=27 width=21) (actual time=309.046..630.967 rows=46 loops=1)
Gather Merge  (cost=340862.28..340867.88 rows=48 width=131) (actual time=614.483..619.228 rows=67 loops=1)
Gather  (cost=1000.00..340864.31 rows=26 width=21) (actual time=408.329..620.994 rows=136 loops=1)
Gather  (cost=1000.00..340868.41 rows=67 width=21) (actual time=455.168..604.214 rows=120 loops=1)
Gather Merge  (cost=340864.19..340882.39 rows=156 width=131) (actual time=598.381..602.818 rows=118 loops=1)
Gather  (cost=1000.00..340864.41 rows=27 width=21) (actual time=63.981..630.017 rows=56 loops=1)
Gather Merge  (cost=340862.31..340868.15 rows=50 width=131) (actual time=633.224..637.786 rows=82 loops=1)
Gather  (cost=1000.00..340864.31 rows=26 width=21) (actual time=454.892..605.249 rows=62 loops=1)
Gather  (cost=1000.00..340864.41 rows=27 width=140) (actual time=214.055..592.016 rows=30 loops=1)
Gather  (cost=1000.00..340864.41 rows=27 width=21) (actual time=372.590..624.254 rows=64 loops=1)
Gather  (cost=1000.00..340867.91 rows=62 width=21) (actual time=287.673..613.525 rows=128 loops=1)
Gather  (cost=1000.00..340864.41 rows=27 width=140) (actual time=178.258..626.401 rows=22 loops=1)
Gather Merge  (cost=340862.31..340868.15 rows=50 width=131) (actual time=597.551..602.292 rows=45 loops=1)
Gather Merge  (cost=340862.28..340867.88 rows=48 width=131) (actual time=619.640..624.955 rows=122 loops=1)
Gather Merge  (cost=340865.06..340888.39 rows=200 width=131) (actual time=597.857..602.233 rows=197 loops=1)
Gather Merge  (cost=340862.28..340867.88 rows=48 width=131) (actual time=636.631..641.380 rows=130 loops=1)
Gather Merge  (cost=340862.28..340867.88 rows=48 width=131) (actual time=621.316..625.923 rows=129 loops=1)
Gather  (cost=1000.00..340878.91 rows=172 width=140) (actual time=319.841..608.126 rows=192 loops=1)
Gather  (cost=1000.00..340864.41 rows=27 width=21) (actual time=481.327..588.042 rows=66 loops=1)
Gather  (cost=1000.00..340879.71 rows=180 width=21) (actual time=51.029..647.600 rows=180 loops=1)
Gather Merge  (cost=340862.28..340867.88 rows=48 width=131) (actual time=620.811..625.263 rows=65 loops=1)
Gather  (cost=1000.00..340869.31 rows=76 width=21) (actual time=450.644..611.782 rows=110 loops=1)
Gather Merge  (cost=340862.31..340868.15 rows=50 width=131) (actual time=597.611..602.339 rows=42 loops=1)
Gather  (cost=1000.00..340864.41 rows=27 width=403) (actual time=184.349..611.401 rows=42 loops=1)
Gather  (cost=1000.00..340870.11 rows=84 width=21) (actual time=85.117..594.694 rows=88 loops=1)
Gather  (cost=1000.00..340864.41 rows=27 width=21) (actual time=610.177..622.600 rows=42 loops=1)
Gather  (cost=1000.00..340864.41 rows=27 width=140) (actual time=383.740..620.479 rows=52 loops=1)
Gather  (cost=1000.00..340864.31 rows=26 width=140) (actual time=336.068..594.979 rows=36 loops=1)
Gather  (cost=1000.00..340864.31 rows=26 width=140) (actual time=520.336..587.814 rows=81 loops=1)
Gather Merge  (cost=340864.70..340885.93 rows=182 width=131) (actual time=670.201..698.601 rows=84 loops=1)
Gather  (cost=1000.00..340864.41 rows=27 width=21) (actual time=259.180..610.738 rows=54 loops=1)
Gather  (cost=1000.00..340864.31 rows=26 width=21) (actual time=447.447..611.100 rows=40 loops=1)
Gather  (cost=1000.00..340878.31 rows=166 width=21) (actual time=170.156..592.106 rows=40 loops=1)
Gather Merge  (cost=340862.28..340867.88 rows=48 width=131) (actual time=628.319..632.982 rows=42 loops=1)
Gather  (cost=1000.00..340873.71 rows=120 width=140) (actual time=299.040..606.354 rows=145 loops=1)
Gather Merge  (cost=340864.07..340881.57 rows=150 width=131) (actual time=625.498..630.394 rows=210 loops=1)
Gather  (cost=1000.00..340869.51 rows=78 width=21) (actual time=155.510..617.749 rows=66 loops=1)
Gather Merge  (cost=340862.28..340867.88 rows=48 width=131) (actual time=601.543..606.172 rows=110 loops=1)
Gather Merge  (cost=340862.28..340867.88 rows=48 width=131) (actual time=631.335..636.225 rows=27 loops=1)
Gather Merge  (cost=340862.28..340867.88 rows=48 width=131) (actual time=625.679..630.423 rows=132 loops=1)
Gather  (cost=1000.00..340864.41 rows=27 width=21) (actual time=615.191..626.390 rows=70 loops=1)
Gather  (cost=1000.00..340864.41 rows=27 width=21) (actual time=126.213..588.237 rows=110 loops=1)
Gather  (cost=1000.00..340864.41 rows=27 width=21) (actual time=380.845..611.811 rows=34 loops=1)
Gather  (cost=1000.00..340864.41 rows=27 width=21) (actual time=17.930..588.115 rows=66 loops=1)
Gather  (cost=1000.00..340864.31 rows=26 width=21) (actual time=442.172..621.550 rows=117 loops=1)
Gather Merge  (cost=340862.28..340867.88 rows=48 width=131) (actual time=624.408..628.768 rows=70 loops=1)
Gather  (cost=1000.00..340864.31 rows=26 width=403) (actual time=429.156..610.047 rows=42 loops=1)
Gather  (cost=1000.00..340864.41 rows=27 width=140) (actual time=114.613..588.379 rows=21 loops=1)
Gather  (cost=1000.00..340864.41 rows=27 width=403) (actual time=114.362..641.591 rows=21 loops=1)
Gather  (cost=1000.00..340864.41 rows=27 width=140) (actual time=63.208..605.289 rows=18 loops=1)
Gather  (cost=1000.00..340868.81 rows=71 width=21) (actual time=530.199..630.510 rows=117 loops=1)
Gather Merge  (cost=340862.28..340867.88 rows=48 width=131) (actual time=597.868..602.552 rows=129 loops=1)
Gather  (cost=1000.00..340882.41 rows=207 width=21) (actual time=52.721..619.536 rows=145 loops=1)
Gather Merge  (cost=340862.28..340867.88 rows=48 width=131) (actual time=599.843..606.447 rows=112 loops=1)
Gather Merge  (cost=340862.28..340867.88 rows=48 width=131) (actual time=633.450..638.096 rows=92 loops=1)
Gather Merge  (cost=340862.28..340867.88 rows=48 width=131) (actual time=616.632..622.640 rows=154 loops=1)
Gather  (cost=1000.00..340870.31 rows=86 width=21) (actual time=592.480..610.973 rows=189 loops=1)
Gather  (cost=1000.00..340879.81 rows=181 width=140) (actual time=171.559..588.527 rows=156 loops=1)
Gather  (cost=1000.00..340868.31 rows=66 width=21) (actual time=81.508..637.355 rows=130 loops=1)
Gather  (cost=1000.00..340864.41 rows=27 width=21) (actual time=386.826..611.803 rows=82 loops=1)
Gather  (cost=1000.00..340864.41 rows=27 width=140) (actual time=199.825..606.101 rows=72 loops=1)
Gather  (cost=1000.00..340864.41 rows=27 width=140) (actual time=211.363..588.410 rows=60 loops=1)
Gather  (cost=1000.00..340864.41 rows=27 width=21) (actual time=257.441..603.599 rows=42 loops=1)
Gather  (cost=1000.00..340864.41 rows=27 width=21) (actual time=142.344..608.171 rows=46 loops=1)
Gather  (cost=1000.00..340874.11 rows=124 width=21) (actual time=546.125..661.740 rows=445 loops=1)
Gather  (cost=1000.00..340864.41 rows=27 width=21) (actual time=297.395..623.963 rows=164 loops=1)
Gather  (cost=1000.00..340864.31 rows=26 width=21) (actual time=408.078..588.988 rows=34 loops=1)
Gather  (cost=1000.00..340875.41 rows=137 width=21) (actual time=462.293..615.415 rows=123 loops=1)
Gather  (cost=1000.00..340864.41 rows=27 width=140) (actual time=280.424..608.740 rows=75 loops=1)
Gather Merge  (cost=340862.28..340867.88 rows=48 width=131) (actual time=635.404..639.892 rows=81 loops=1)
Gather  (cost=1000.00..340864.41 rows=27 width=21) (actual time=201.986..614.684 rows=50 loops=1)
Gather  (cost=1000.00..340864.31 rows=26 width=21) (actual time=528.453..590.448 rows=44 loops=1)
Gather  (cost=1000.00..340868.11 rows=64 width=21) (actual time=475.294..608.615 rows=81 loops=1)
Gather  (cost=1000.00..340869.21 rows=75 width=21) (actual time=555.589..622.302 rows=102 loops=1)
Gather Merge  (cost=340862.31..340868.15 rows=50 width=131) (actual time=630.340..635.499 rows=33 loops=1)
Gather  (cost=1000.00..340864.31 rows=26 width=140) (actual time=586.085..613.510 rows=100 loops=1)
Gather Merge  (cost=340862.28..340867.88 rows=48 width=131) (actual time=597.341..601.948 rows=44 loops=1)
Gather Merge  (cost=340870.34..340921.91 rows=442 width=131) (actual time=646.294..650.969 rows=513 loops=1)
Gather  (cost=1000.00..340869.51 rows=78 width=140) (actual time=165.336..606.256 rows=36 loops=1)
Gather Merge  (cost=340862.28..340867.88 rows=48 width=131) (actual time=631.591..636.031 rows=185 loops=1)
Gather  (cost=1000.00..340864.41 rows=27 width=140) (actual time=371.929..586.572 rows=42 loops=1)
Gather  (cost=1000.00..340864.41 rows=27 width=21) (actual time=593.418..608.797 rows=38 loops=1)
Gather Merge  (cost=340862.28..340867.88 rows=48 width=131) (actual time=613.950..618.508 rows=33 loops=1)
Gather Merge  (cost=340862.28..340867.88 rows=48 width=131) (actual time=619.715..624.392 rows=68 loops=1)
Gather Merge  (cost=340869.29..340915.49 rows=396 width=131) (actual time=629.521..634.326 rows=643 loops=1)
Gather Merge  (cost=340862.28..340867.88 rows=48 width=131) (actual time=604.716..609.354 rows=27 loops=1)
Gather  (cost=1000.00..340864.31 rows=26 width=21) (actual time=526.689..607.378 rows=82 loops=1)
Gather  (cost=1000.00..340864.41 rows=27 width=21) (actual time=217.376..642.731 rows=84 loops=1)
Gather  (cost=1000.00..340864.31 rows=26 width=140) (actual time=322.373..619.402 rows=30 loops=1)
Gather Merge  (cost=340862.28..340867.88 rows=48 width=131) (actual time=614.703..618.974 rows=186 loops=1)
Gather  (cost=1000.00..340864.41 rows=27 width=140) (actual time=173.184..589.575 rows=42 loops=1)
Gather  (cost=1000.00..340876.01 rows=143 width=21) (actual time=315.038..611.485 rows=212 loops=1)
Gather  (cost=1000.00..340864.41 rows=27 width=21) (actual time=507.116..617.907 rows=58 loops=1)
Gather  (cost=1000.00..340864.41 rows=27 width=21) (actual time=242.593..613.068 rows=63 loops=1)
Gather Merge  (cost=340862.31..340868.15 rows=50 width=131) (actual time=620.134..624.823 rows=32 loops=1)
Gather  (cost=1000.00..340868.91 rows=72 width=21) (actual time=147.349..588.402 rows=78 loops=1)
Gather Merge  (cost=340867.16..340902.16 rows=300 width=131) (actual time=644.099..648.802 rows=559 loops=1)
Gather Merge  (cost=340862.31..340868.15 rows=50 width=131) (actual time=628.467..632.835 rows=174 loops=1)
Gather  (cost=1000.00..340864.31 rows=26 width=21) (actual time=429.171..605.468 rows=40 loops=1)
Gather  (cost=1000.00..340879.11 rows=174 width=21) (actual time=25.990..589.950 rows=240 loops=1)
Gather Merge  (cost=340862.28..340867.88 rows=48 width=131) (actual time=634.998..639.959 rows=159 loops=1)
Gather  (cost=1000.00..340878.71 rows=170 width=21) (actual time=539.659..602.231 rows=280 loops=1)
Gather  (cost=1000.00..340864.31 rows=26 width=140) (actual time=524.986..605.961 rows=30 loops=1)
Gather  (cost=1000.00..340870.01 rows=83 width=140) (actual time=565.654..605.548 rows=66 loops=1)
Gather  (cost=1000.00..340864.41 rows=27 width=140) (actual time=233.282..590.970 rows=63 loops=1)
Gather  (cost=1000.00..340883.41 rows=217 width=21) (actual time=131.646..633.442 rows=120 loops=1)
Gather  (cost=1000.00..340864.41 rows=27 width=140) (actual time=508.603..615.560 rows=80 loops=1)
Gather  (cost=1000.00..340864.41 rows=27 width=140) (actual time=149.800..603.962 rows=16 loops=1)
Gather Merge  (cost=340862.31..340868.15 rows=50 width=131) (actual time=599.028..603.550 rows=134 loops=1)
Gather  (cost=1000.00..340864.31 rows=26 width=21) (actual time=569.231..626.021 rows=46 loops=1)
Gather Merge  (cost=340862.31..340868.15 rows=50 width=131) (actual time=634.187..638.823 rows=36 loops=1)
Gather  (cost=1000.00..340864.41 rows=27 width=21) (actual time=22.513..615.239 rows=58 loops=1)
Gather  (cost=1000.00..340864.41 rows=27 width=140) (actual time=198.286..608.056 rows=24 loops=1)
Gather  (cost=1000.00..340864.41 rows=27 width=21) (actual time=375.706..588.775 rows=56 loops=1)
Gather  (cost=1000.00..340875.31 rows=136 width=21) (actual time=254.475..652.305 rows=160 loops=1)
Gather  (cost=1000.00..340882.71 rows=210 width=21) (actual time=553.734..612.089 rows=141 loops=1)
Gather  (cost=1000.00..340877.41 rows=157 width=140) (actual time=248.479..629.260 rows=240 loops=1)
Gather  (cost=1000.00..340864.41 rows=27 width=21) (actual time=67.802..590.295 rows=54 loops=1)
Gather Merge  (cost=340862.31..340868.15 rows=50 width=131) (actual time=618.714..623.161 rows=54 loops=1)
Gather  (cost=1000.00..340864.41 rows=27 width=21) (actual time=588.208..609.119 rows=48 loops=1)
Gather Merge  (cost=340862.31..340868.15 rows=50 width=131) (actual time=625.643..630.219 rows=80 loops=1)
Gather  (cost=1000.00..340870.01 rows=83 width=21) (actual time=522.108..623.692 rows=147 loops=1)
Gather Merge  (cost=340862.31..340868.15 rows=50 width=131) (actual time=599.897..604.423 rows=79 loops=1)
Gather Merge  (cost=340862.28..340867.88 rows=48 width=131) (actual time=629.233..633.926 rows=100 loops=1)
Gather Merge  (cost=340862.31..340868.15 rows=50 width=131) (actual time=617.729..622.212 rows=36 loops=1)
Gather  (cost=1000.00..340864.41 rows=27 width=21) (actual time=70.764..621.562 rows=56 loops=1)
Gather  (cost=1000.00..340875.61 rows=139 width=21) (actual time=511.561..607.911 rows=108 loops=1)
Gather Merge  (cost=340867.55..340904.65 rows=318 width=131) (actual time=602.118..606.730 rows=308 loops=1)
Gather  (cost=1000.00..340873.31 rows=116 width=21) (actual time=240.626..634.440 rows=162 loops=1)
Gather Merge  (cost=340869.88..340919.12 rows=422 width=131) (actual time=629.419..633.915 rows=508 loops=1)
Gather Merge  (cost=340864.19..340882.39 rows=156 width=131) (actual time=624.888..629.370 rows=102 loops=1)
Gather Merge  (cost=340862.28..340867.88 rows=48 width=131) (actual time=601.411..605.796 rows=45 loops=1)
Gather  (cost=1000.00..340864.31 rows=26 width=140) (actual time=313.593..610.383 rows=30 loops=1)
Gather Merge  (cost=340862.28..340867.88 rows=48 width=131) (actual time=636.265..641.026 rows=98 loops=1)
Gather  (cost=1000.00..340864.41 rows=27 width=403) (actual time=501.169..608.926 rows=98 loops=1)
Gather  (cost=1000.00..340924.01 rows=623 width=21) (actual time=168.078..619.511 rows=721 loops=1)
Gather Merge  (cost=340862.28..340867.88 rows=48 width=131) (actual time=599.489..604.156 rows=45 loops=1)
Gather  (cost=1000.00..340864.41 rows=27 width=21) (actual time=405.202..637.550 rows=108 loops=1)
Gather Merge  (cost=340862.28..340867.88 rows=48 width=131) (actual time=633.384..638.405 rows=46 loops=1)
Gather Merge  (cost=340862.31..340868.15 rows=50 width=131) (actual time=632.901..637.474 rows=99 loops=1)
Gather  (cost=1000.00..340864.41 rows=27 width=21) (actual time=250.611..599.321 rows=42 loops=1)
Gather  (cost=1000.00..340871.21 rows=95 width=140) (actual time=598.174..620.639 rows=80 loops=1)
Gather  (cost=1000.00..340864.41 rows=27 width=21) (actual time=52.800..610.579 rows=48 loops=1)
Gather Merge  (cost=340862.31..340868.15 rows=50 width=131) (actual time=639.350..644.534 rows=42 loops=1)
Gather  (cost=1000.00..340864.41 rows=27 width=21) (actual time=119.586..619.907 rows=69 loops=1)
Gather  (cost=1000.00..340864.41 rows=27 width=21) (actual time=387.484..596.423 rows=48 loops=1)
Gather Merge  (cost=340862.28..340867.88 rows=48 width=131) (actual time=633.247..637.834 rows=128 loops=1)
Gather  (cost=1000.00..340864.41 rows=27 width=140) (actual time=274.562..620.420 rows=45 loops=1)
Gather  (cost=1000.00..340864.41 rows=27 width=21) (actual time=197.019..613.727 rows=46 loops=1)
Gather Merge  (cost=340862.28..340867.88 rows=48 width=131) (actual time=626.651..631.048 rows=64 loops=1)
Gather  (cost=1000.00..340864.41 rows=27 width=21) (actual time=374.563..592.509 rows=50 loops=1)
Gather Merge  (cost=340885.40..341007.68 rows=1048 width=131) (actual time=627.631..632.195 rows=1318 loops=1)
Gather Merge  (cost=340862.31..340868.15 rows=50 width=131) (actual time=633.235..638.353 rows=39 loops=1)
Gather Merge  (cost=340862.28..340867.88 rows=48 width=131) (actual time=630.257..634.975 rows=14 loops=1)
Gather Merge  (cost=340862.28..340867.88 rows=48 width=131) (actual time=628.086..632.681 rows=33 loops=1)
Gather  (cost=1000.00..340864.41 rows=27 width=21) (actual time=223.160..591.956 rows=50 loops=1)
Gather Merge  (cost=340863.96..340880.76 rows=144 width=131) (actual time=665.123..669.644 rows=283 loops=1)
Gather  (cost=1000.00..340864.31 rows=26 width=21) (actual time=531.481..618.962 rows=52 loops=1)
Gather  (cost=1000.00..340864.41 rows=27 width=21) (actual time=239.307..611.460 rows=30 loops=1)
Gather Merge  (cost=340862.28..340867.88 rows=48 width=131) (actual time=599.480..604.026 rows=165 loops=1)
Gather  (cost=1000.00..340924.01 rows=623 width=21) (actual time=141.147..612.669 rows=721 loops=1)
Gather Merge  (cost=340862.28..340867.88 rows=48 width=131) (actual time=606.242..610.933 rows=260 loops=1)
Gather  (cost=1000.00..340864.41 rows=27 width=21) (actual time=610.631..624.543 rows=40 loops=1)
Gather  (cost=1000.00..340878.81 rows=171 width=21) (actual time=152.580..623.032 rows=522 loops=1)
Gather Merge  (cost=340862.28..340867.88 rows=48 width=131) (actual time=605.390..609.924 rows=184 loops=1)
Gather  (cost=1000.00..340864.31 rows=26 width=140) (actual time=398.465..608.621 rows=72 loops=1)
Gather  (cost=1000.00..340864.31 rows=26 width=21) (actual time=594.070..626.407 rows=44 loops=1)
Gather  (cost=1000.00..340864.41 rows=27 width=140) (actual time=293.342..605.820 rows=164 loops=1)
Gather  (cost=1000.00..340873.61 rows=119 width=21) (actual time=224.582..625.590 rows=136 loops=1)
Gather Merge  (cost=340862.28..340867.88 rows=48 width=131) (actual time=598.714..603.269 rows=75 loops=1)
Gather Merge  (cost=340870.43..340922.47 rows=446 width=131) (actual time=620.552..625.330 rows=634 loops=1)
Gather Merge  (cost=340862.28..340867.88 rows=48 width=131) (actual time=614.885..620.151 rows=80 loops=1)
Gather  (cost=1000.00..340864.31 rows=26 width=140) (actual time=369.491..628.829 rows=42 loops=1)
Gather  (cost=1000.00..340868.61 rows=69 width=140) (actual time=573.594..609.128 rows=36 loops=1)
Gather Merge  (cost=340862.31..340868.15 rows=50 width=131) (actual time=600.263..604.656 rows=96 loops=1)
Gather Merge  (cost=340862.28..340867.88 rows=48 width=131) (actual time=637.137..643.253 rows=39 loops=1)
Gather Merge  (cost=340862.31..340868.15 rows=50 width=131) (actual time=614.828..619.428 rows=45 loops=1)
Gather Merge  (cost=340864.03..340881.30 rows=148 width=131) (actual time=631.696..636.139 rows=204 loops=1)
Gather Merge  (cost=340862.28..340867.88 rows=48 width=131) (actual time=599.252..603.771 rows=80 loops=1)
Gather  (cost=1000.00..340879.41 rows=177 width=21) (actual time=22.650..618.604 rows=147 loops=1)
Gather Merge  (cost=340868.66..340911.59 rows=368 width=131) (actual time=597.543..602.074 rows=879 loops=1)
Gather  (cost=1000.00..340872.81 rows=111 width=21) (actual time=354.654..627.898 rows=84 loops=1)
Gather  (cost=1000.00..340864.41 rows=27 width=21) (actual time=213.667..610.604 rows=50 loops=1)
Gather  (cost=1000.00..340864.31 rows=26 width=21) (actual time=413.072..608.354 rows=70 loops=1)
Gather  (cost=1000.00..340877.91 rows=162 width=21) (actual time=142.360..587.966 rows=244 loops=1)
Gather Merge  (cost=340862.28..340867.88 rows=48 width=131) (actual time=654.087..659.697 rows=132 loops=1)
Gather  (cost=1000.00..340864.41 rows=27 width=140) (actual time=187.888..610.637 rows=16 loops=1)
Gather  (cost=1000.00..340864.31 rows=26 width=21) (actual time=326.615..613.806 rows=52 loops=1)
Gather  (cost=1000.00..340864.41 rows=27 width=140) (actual time=137.815..585.747 rows=84 loops=1)
Gather  (cost=1000.00..340864.41 rows=27 width=21) (actual time=335.980..639.439 rows=60 loops=1)
Gather Merge  (cost=340862.28..340867.88 rows=48 width=131) (actual time=597.012..601.495 rows=122 loops=1)
Gather  (cost=1000.00..340870.41 rows=87 width=140) (actual time=84.300..656.469 rows=36 loops=1)
Gather Merge  (cost=340862.28..340867.88 rows=48 width=131) (actual time=617.456..622.066 rows=239 loops=1)
Gather Merge  (cost=340865.02..340888.12 rows=198 width=131) (actual time=625.249..629.887 rows=257 loops=1)
Gather Merge  (cost=340862.28..340867.88 rows=48 width=131) (actual time=595.479..599.902 rows=244 loops=1)
Gather  (cost=1000.00..340864.41 rows=27 width=21) (actual time=307.058..654.746 rows=40 loops=1)
Gather  (cost=1000.00..340873.11 rows=114 width=21) (actual time=391.519..610.808 rows=208 loops=1)
Gather Merge  (cost=340862.31..340868.15 rows=50 width=131) (actual time=617.219..621.765 rows=164 loops=1)
Gather  (cost=1000.00..340868.41 rows=67 width=21) (actual time=337.153..585.754 rows=168 loops=1)
Gather  (cost=1000.00..340864.31 rows=26 width=140) (actual time=423.588..623.386 rows=45 loops=1)
Gather  (cost=1000.00..340864.41 rows=27 width=21) (actual time=161.441..599.143 rows=60 loops=1)
Gather  (cost=1000.00..340864.31 rows=26 width=21) (actual time=454.780..609.086 rows=46 loops=1)
Gather  (cost=1000.00..340864.31 rows=26 width=21) (actual time=588.306..654.512 rows=36 loops=1)
Gather  (cost=1000.00..340864.41 rows=27 width=21) (actual time=262.545..586.396 rows=111 loops=1)
Gather Merge  (cost=340862.28..340867.88 rows=48 width=131) (actual time=621.982..626.720 rows=32 loops=1)
Gather Merge  (cost=340862.28..340867.88 rows=48 width=131) (actual time=607.735..612.414 rows=190 loops=1)
Gather Merge  (cost=340862.28..340867.88 rows=48 width=131) (actual time=651.157..677.457 rows=52 loops=1)
Gather  (cost=1000.00..340864.31 rows=26 width=21) (actual time=481.665..619.687 rows=135 loops=1)
Gather Merge  (cost=340862.31..340868.15 rows=50 width=131) (actual time=610.966..615.378 rows=28 loops=1)
Gather  (cost=1000.00..340864.41 rows=27 width=21) (actual time=272.718..609.822 rows=68 loops=1)
Gather  (cost=1000.00..340923.11 rows=614 width=21) (actual time=457.920..620.523 rows=666 loops=1)
Gather Merge  (cost=340862.31..340868.15 rows=50 width=131) (actual time=626.324..631.196 rows=108 loops=1)
Gather Merge  (cost=340864.22..340882.66 rows=158 width=131) (actual time=617.743..622.406 rows=210 loops=1)
Gather  (cost=1000.00..340864.41 rows=27 width=140) (actual time=253.238..591.809 rows=33 loops=1)
Gather Merge  (cost=340862.31..340868.15 rows=50 width=131) (actual time=620.300..624.887 rows=27 loops=1)
Gather  (cost=1000.00..340864.51 rows=28 width=21) (actual time=92.786..641.582 rows=42 loops=1)
Gather  (cost=1000.00..340868.41 rows=67 width=21) (actual time=441.543..619.192 rows=72 loops=1)
Gather  (cost=1000.00..340864.41 rows=27 width=21) (actual time=271.623..613.509 rows=46 loops=1)
Gather Merge  (cost=340862.28..340867.88 rows=48 width=131) (actual time=599.955..604.434 rows=74 loops=1)
Gather  (cost=1000.00..340864.41 rows=27 width=21) (actual time=384.410..646.387 rows=94 loops=1)
Gather Merge  (cost=340862.28..340867.88 rows=48 width=131) (actual time=612.536..617.339 rows=128 loops=1)
Gather  (cost=1000.00..340870.41 rows=87 width=140) (actual time=190.508..626.687 rows=115 loops=1)
Gather  (cost=1000.00..340864.41 rows=27 width=21) (actual time=200.338..587.915 rows=40 loops=1)
Gather Merge  (cost=340871.32..340927.79 rows=484 width=131) (actual time=643.196..647.662 rows=432 loops=1)
Gather  (cost=1000.00..340864.41 rows=27 width=403) (actual time=243.304..587.175 rows=30 loops=1)
Gather  (cost=1000.00..340869.61 rows=79 width=140) (actual time=493.679..624.590 rows=144 loops=1)
Gather  (cost=1000.00..340864.41 rows=27 width=21) (actual time=7.088..616.087 rows=60 loops=1)
Gather Merge  (cost=340862.28..340867.88 rows=48 width=131) (actual time=616.897..621.286 rows=191 loops=1)
Gather Merge  (cost=340862.28..340867.88 rows=48 width=131) (actual time=601.509..606.232 rows=78 loops=1)
Gather  (cost=1000.00..340864.41 rows=27 width=140) (actual time=429.021..645.648 rows=24 loops=1)
Gather Merge  (cost=340862.31..340868.15 rows=50 width=131) (actual time=620.042..624.474 rows=135 loops=1)
Gather Merge  (cost=340862.31..340868.15 rows=50 width=131) (actual time=623.449..628.183 rows=126 loops=1)
Gather  (cost=1000.00..340921.51 rows=598 width=21) (actual time=525.571..583.044 rows=312 loops=1)
Gather  (cost=1000.00..340864.41 rows=27 width=21) (actual time=143.718..616.354 rows=42 loops=1)
Gather Merge  (cost=340862.28..340867.88 rows=48 width=131) (actual time=613.200..617.885 rows=86 loops=1)
Gather Merge  (cost=340862.28..340867.88 rows=48 width=131) (actual time=623.154..627.969 rows=55 loops=1)
Gather Merge  (cost=340862.31..340868.15 rows=50 width=131) (actual time=634.132..638.566 rows=40 loops=1)
Gather  (cost=1000.00..340864.41 rows=27 width=140) (actual time=160.992..591.552 rows=69 loops=1)
Gather  (cost=1000.00..340877.81 rows=161 width=21) (actual time=543.506..602.222 rows=172 loops=1)
Gather Merge  (cost=340862.28..340867.88 rows=48 width=131) (actual time=630.642..635.365 rows=156 loops=1)
Gather  (cost=1000.00..340864.41 rows=27 width=21) (actual time=123.223..618.089 rows=46 loops=1)
Gather  (cost=1000.00..340864.31 rows=26 width=140) (actual time=325.053..613.003 rows=36 loops=1)
Gather  (cost=1000.00..340864.31 rows=26 width=21) (actual time=399.363..607.684 rows=52 loops=1)
Gather  (cost=1000.00..340868.91 rows=72 width=21) (actual time=561.436..612.333 rows=74 loops=1)
Gather  (cost=1000.00..340876.21 rows=145 width=140) (actual time=15.017..634.475 rows=180 loops=1)
Gather  (cost=1000.00..340875.91 rows=142 width=21) (actual time=241.438..604.334 rows=116 loops=1)
Gather  (cost=1000.00..340864.31 rows=26 width=21) (actual time=419.273..620.965 rows=48 loops=1)
Gather  (cost=1000.00..340864.41 rows=27 width=21) (actual time=36.200..593.897 rows=66 loops=1)
Gather  (cost=1000.00..340864.41 rows=27 width=140) (actual time=189.370..610.040 rows=57 loops=1)
Gather Merge  (cost=340865.14..340888.94 rows=204 width=131) (actual time=615.810..620.357 rows=176 loops=1)
Gather Merge  (cost=340862.31..340868.15 rows=50 width=131) (actual time=642.631..647.220 rows=60 loops=1)
Gather Merge  (cost=340869.70..340918.00 rows=414 width=131) (actual time=617.730..622.467 rows=594 loops=1)
Gather Merge  (cost=340864.15..340882.11 rows=154 width=131) (actual time=596.223..601.403 rows=117 loops=1)
Gather  (cost=1000.00..340864.41 rows=27 width=21) (actual time=38.779..607.756 rows=192 loops=1)
Gather  (cost=1000.00..340864.31 rows=26 width=21) (actual time=320.752..622.624 rows=87 loops=1)
Gather  (cost=1000.00..340875.81 rows=141 width=21) (actual time=401.725..618.488 rows=216 loops=1)
Gather  (cost=1000.00..340876.61 rows=149 width=21) (actual time=230.757..607.965 rows=140 loops=1)
Gather  (cost=1000.00..340864.41 rows=27 width=140) (actual time=380.118..589.473 rows=33 loops=1)
Gather  (cost=1000.00..340875.51 rows=138 width=21) (actual time=493.747..617.335 rows=450 loops=1)
Gather  (cost=1000.00..340868.01 rows=63 width=140) (actual time=173.321..610.442 rows=78 loops=1)
Gather  (cost=1000.00..340868.01 rows=63 width=403) (actual time=173.733..621.277 rows=78 loops=1)
Gather  (cost=1000.00..340864.41 rows=27 width=21) (actual time=275.825..609.488 rows=46 loops=1)
Gather  (cost=1000.00..340864.31 rows=26 width=140) (actual time=399.604..590.500 rows=26 loops=1)
Gather Merge  (cost=340862.28..340867.88 rows=48 width=131) (actual time=630.319..635.110 rows=69 loops=1)
Gather  (cost=1000.00..340864.41 rows=27 width=21) (actual time=587.873..607.159 rows=36 loops=1)
Gather  (cost=1000.00..340864.41 rows=27 width=21) (actual time=306.158..640.535 rows=120 loops=1)
Gather  (cost=1000.00..340864.41 rows=27 width=21) (actual time=379.039..590.142 rows=82 loops=1)
Gather  (cost=1000.00..340898.81 rows=371 width=21) (actual time=107.838..610.738 rows=658 loops=1)
Gather Merge  (cost=340862.28..340867.88 rows=48 width=131) (actual time=622.493..627.092 rows=174 loops=1)
Gather Merge  (cost=340862.28..340867.88 rows=48 width=131) (actual time=617.611..622.514 rows=45 loops=1)
Gather  (cost=1000.00..340923.21 rows=615 width=140) (actual time=372.030..638.330 rows=504 loops=1)
Gather  (cost=1000.00..340864.31 rows=26 width=21) (actual time=425.506..589.891 rows=58 loops=1)
Gather Merge  (cost=340862.28..340867.88 rows=48 width=131) (actual time=616.476..621.086 rows=130 loops=1)
Gather  (cost=1000.00..340867.91 rows=62 width=403) (actual time=264.755..618.788 rows=130 loops=1)
Gather Merge  (cost=340862.28..340867.88 rows=48 width=131) (actual time=629.564..633.921 rows=32 loops=1)
Gather  (cost=1000.00..340864.31 rows=26 width=21) (actual time=350.564..610.016 rows=76 loops=1)
Gather Merge  (cost=340862.28..340867.88 rows=48 width=131) (actual time=598.537..603.309 rows=24 loops=1)
Gather  (cost=1000.00..340869.81 rows=81 width=140) (actual time=421.883..609.603 rows=108 loops=1)
Gather Merge  (cost=340862.28..340867.88 rows=48 width=131) (actual time=621.933..626.531 rows=36 loops=1)
Gather  (cost=1000.00..340864.31 rows=26 width=21) (actual time=329.572..624.763 rows=54 loops=1)
Gather  (cost=1000.00..340867.91 rows=62 width=21) (actual time=17.066..601.437 rows=108 loops=1)
Gather  (cost=1000.00..340924.21 rows=625 width=21) (actual time=482.632..588.616 rows=740 loops=1)
Gather  (cost=1000.00..340864.41 rows=27 width=140) (actual time=369.075..625.247 rows=52 loops=1)
Gather  (cost=1000.00..340864.31 rows=26 width=21) (actual time=557.842..605.641 rows=46 loops=1)
Gather  (cost=1000.00..340864.51 rows=28 width=21) (actual time=83.220..626.411 rows=54 loops=1)
Gather  (cost=1000.00..340864.31 rows=26 width=21) (actual time=537.229..596.441 rows=44 loops=1)
Gather  (cost=1000.00..340868.91 rows=72 width=21) (actual time=147.581..590.717 rows=78 loops=1)
Gather  (cost=1000.00..340864.31 rows=26 width=21) (actual time=486.888..611.389 rows=56 loops=1)
Gather Merge  (cost=340862.28..340867.88 rows=48 width=131) (actual time=624.684..629.187 rows=63 loops=1)
Gather Merge  (cost=340862.31..340868.15 rows=50 width=131) (actual time=634.297..639.001 rows=179 loops=1)
Gather  (cost=1000.00..340864.41 rows=27 width=21) (actual time=396.268..608.187 rows=38 loops=1)
Gather Merge  (cost=340862.31..340868.15 rows=50 width=131) (actual time=597.879..602.411 rows=33 loops=1)
Gather Merge  (cost=340862.28..340867.88 rows=48 width=131) (actual time=624.779..629.326 rows=21 loops=1)
Gather Merge  (cost=340884.62..341003.39 rows=1018 width=131) (actual time=620.606..625.395 rows=1428 loops=1)
Gather  (cost=1000.00..340864.31 rows=26 width=21) (actual time=583.990..643.639 rows=48 loops=1)
Gather  (cost=1000.00..340864.41 rows=27 width=140) (actual time=160.894..606.634 rows=116 loops=1)
Gather  (cost=1000.00..340864.41 rows=27 width=21) (actual time=54.199..594.482 rows=108 loops=1)
Gather Merge  (cost=340862.28..340867.88 rows=48 width=131) (actual time=620.006..624.499 rows=132 loops=1)
Gather  (cost=1000.00..340873.91 rows=122 width=140) (actual time=453.739..626.326 rows=155 loops=1)
Gather  (cost=1000.00..340869.71 rows=80 width=21) (actual time=338.423..617.555 rows=64 loops=1)
Gather  (cost=1000.00..340864.41 rows=27 width=21) (actual time=142.288..609.472 rows=44 loops=1)
Gather  (cost=1000.00..340864.41 rows=27 width=140) (actual time=213.008..591.361 rows=28 loops=1)
Gather  (cost=1000.00..340877.91 rows=162 width=21) (actual time=56.958..621.592 rows=210 loops=1)
Gather  (cost=1000.00..340864.41 rows=27 width=21) (actual time=592.934..602.688 rows=50 loops=1)
Gather  (cost=1000.00..340864.31 rows=26 width=21) (actual time=457.884..637.167 rows=72 loops=1)
Gather Merge  (cost=340862.31..340868.15 rows=50 width=131) (actual time=600.660..605.258 rows=70 loops=1)
Gather Merge  (cost=340862.31..340868.15 rows=50 width=131) (actual time=601.869..606.621 rows=70 loops=1)
Gather  (cost=1000.00..340881.61 rows=199 width=21) (actual time=425.441..619.535 rows=60 loops=1)
Gather Merge  (cost=340862.28..340867.88 rows=48 width=131) (actual time=622.807..627.833 rows=63 loops=1)
Gather Merge  (cost=340862.31..340868.15 rows=50 width=131) (actual time=630.450..634.964 rows=136 loops=1)
Gather  (cost=1000.00..340864.41 rows=27 width=21) (actual time=134.944..587.587 rows=70 loops=1)
Gather Merge  (cost=340862.28..340867.88 rows=48 width=131) (actual time=619.756..624.515 rows=56 loops=1)
Gather  (cost=1000.00..340864.31 rows=26 width=21) (actual time=338.083..608.971 rows=34 loops=1)
Gather  (cost=1000.00..340864.31 rows=26 width=21) (actual time=571.607..617.904 rows=36 loops=1)
Gather Merge  (cost=340862.31..340868.15 rows=50 width=131) (actual time=619.672..624.240 rows=148 loops=1)
Gather  (cost=1000.00..340864.41 rows=27 width=21) (actual time=180.345..602.497 rows=111 loops=1)
Gather  (cost=1000.00..340864.31 rows=26 width=140) (actual time=454.025..613.243 rows=45 loops=1)
Gather  (cost=1000.00..340864.41 rows=27 width=21) (actual time=508.047..610.004 rows=39 loops=1)
Gather  (cost=1000.00..340923.31 rows=616 width=21) (actual time=233.668..618.272 rows=1197 loops=1)
Gather Merge  (cost=340862.31..340868.15 rows=50 width=131) (actual time=622.114..626.478 rows=40 loops=1)
Gather  (cost=1000.00..340869.51 rows=78 width=403) (actual time=182.443..588.206 rows=40 loops=1)
Gather  (cost=1000.00..340864.51 rows=28 width=21) (actual time=89.504..612.935 rows=40 loops=1)
Gather  (cost=1000.00..340864.41 rows=27 width=21) (actual time=502.593..607.760 rows=70 loops=1)
Gather  (cost=1000.00..340864.41 rows=27 width=140) (actual time=252.755..628.525 rows=84 loops=1)
Gather  (cost=1000.00..340878.51 rows=168 width=21) (actual time=208.399..610.198 rows=220 loops=1)
Gather Merge  (cost=340865.02..340888.12 rows=198 width=131) (actual time=603.146..607.662 rows=112 loops=1)
Gather Merge  (cost=340862.31..340868.15 rows=50 width=131) (actual time=615.102..620.134 rows=45 loops=1)
Gather  (cost=1000.00..340864.41 rows=27 width=403) (actual time=54.647..616.466 rows=24 loops=1)
Gather  (cost=1000.00..340864.31 rows=26 width=21) (actual time=318.769..619.067 rows=99 loops=1)
Gather Merge  (cost=340862.28..340867.88 rows=48 width=131) (actual time=612.398..616.970 rows=18 loops=1)
Gather  (cost=1000.00..340872.61 rows=109 width=21) (actual time=170.221..585.838 rows=88 loops=1)
Gather  (cost=1000.00..340864.41 rows=27 width=21) (actual time=164.180..623.542 rows=60 loops=1)
Gather  (cost=1000.00..340864.41 rows=27 width=21) (actual time=263.807..607.021 rows=46 loops=1)
Gather  (cost=1000.00..340874.51 rows=128 width=21) (actual time=360.232..606.876 rows=272 loops=1)
Gather  (cost=1000.00..340899.41 rows=377 width=140) (actual time=198.937..608.953 rows=400 loops=1)
Gather  (cost=1000.00..340899.41 rows=377 width=403) (actual time=177.796..590.953 rows=400 loops=1)
Gather  (cost=1000.00..340864.41 rows=27 width=21) (actual time=72.997..630.597 rows=32 loops=1)
Gather Merge  (cost=340862.28..340867.88 rows=48 width=131) (actual time=626.705..631.161 rows=42 loops=1)
Gather  (cost=1000.00..340868.11 rows=64 width=21) (actual time=364.768..603.703 rows=62 loops=1)
Gather  (cost=1000.00..340864.41 rows=27 width=21) (actual time=35.370..588.740 rows=36 loops=1)
Gather Merge  (cost=340862.31..340868.15 rows=50 width=131) (actual time=625.349..629.958 rows=81 loops=1)
Gather Merge  (cost=340862.28..340867.88 rows=48 width=131) (actual time=621.566..625.961 rows=42 loops=1)
Gather  (cost=1000.00..340864.41 rows=27 width=403) (actual time=519.143..607.223 rows=42 loops=1)
Gather Merge  (cost=340862.31..340868.15 rows=50 width=131) (actual time=617.490..622.013 rows=70 loops=1)
Gather  (cost=1000.00..340878.81 rows=171 width=21) (actual time=277.561..604.311 rows=152 loops=1)
Gather Merge  (cost=340862.28..340867.88 rows=48 width=131) (actual time=637.321..642.577 rows=65 loops=1)
Gather  (cost=1000.00..340864.41 rows=27 width=140) (actual time=382.204..613.638 rows=33 loops=1)
Gather  (cost=1000.00..340874.01 rows=123 width=21) (actual time=469.889..607.810 rows=318 loops=1)
Gather  (cost=1000.00..340868.01 rows=63 width=21) (actual time=173.085..588.579 rows=54 loops=1)
Gather  (cost=1000.00..340869.11 rows=74 width=21) (actual time=87.314..628.380 rows=46 loops=1)
Gather Merge  (cost=340862.28..340867.88 rows=48 width=131) (actual time=613.875..618.339 rows=36 loops=1)
Gather  (cost=1000.00..340873.21 rows=115 width=140) (actual time=18.731..622.144 rows=33 loops=1)
Gather  (cost=1000.00..340871.31 rows=96 width=21) (actual time=437.764..588.722 rows=102 loops=1)
Gather  (cost=1000.00..340864.41 rows=27 width=21) (actual time=384.873..589.552 rows=114 loops=1)
Gather  (cost=1000.00..340868.31 rows=66 width=140) (actual time=180.074..627.628 rows=69 loops=1)
Gather  (cost=1000.00..340864.41 rows=27 width=140) (actual time=117.819..613.435 rows=21 loops=1)
Gather  (cost=1000.00..340864.41 rows=27 width=140) (actual time=250.233..619.192 rows=81 loops=1)
Gather  (cost=1000.00..340882.11 rows=204 width=21) (actual time=229.575..591.045 rows=216 loops=1)
Gather Merge  (cost=340862.28..340867.88 rows=48 width=131) (actual time=618.783..623.382 rows=150 loops=1)
Gather  (cost=1000.00..340864.31 rows=26 width=21) (actual time=376.536..614.585 rows=62 loops=1)
Gather Merge  (cost=340862.31..340868.15 rows=50 width=131) (actual time=626.710..631.081 rows=132 loops=1)
Gather Merge  (cost=340862.28..340867.88 rows=48 width=131) (actual time=621.216..625.631 rows=138 loops=1)
Gather  (cost=1000.00..340864.41 rows=27 width=21) (actual time=146.906..589.141 rows=120 loops=1)
Gather  (cost=1000.00..340864.31 rows=26 width=21) (actual time=352.660..588.847 rows=140 loops=1)
Gather Merge  (cost=340862.28..340867.88 rows=48 width=131) (actual time=654.900..659.744 rows=74 loops=1)
Gather  (cost=1000.00..340864.41 rows=27 width=21) (actual time=591.358..610.345 rows=80 loops=1)
Gather Merge  (cost=340862.31..340868.15 rows=50 width=131) (actual time=617.675..622.212 rows=33 loops=1)
Gather  (cost=1000.00..340864.41 rows=27 width=140) (actual time=184.597..589.661 rows=56 loops=1)
Gather  (cost=1000.00..340924.11 rows=624 width=21) (actual time=245.207..633.279 rows=567 loops=1)
Gather  (cost=1000.00..340864.41 rows=27 width=140) (actual time=9.508..601.861 rows=56 loops=1)
Gather Merge  (cost=340862.31..340868.15 rows=50 width=131) (actual time=642.320..646.756 rows=18 loops=1)
Gather  (cost=1000.00..340864.41 rows=27 width=403) (actual time=299.178..586.700 rows=18 loops=1)
Gather  (cost=1000.00..340876.31 rows=146 width=140) (actual time=209.952..626.231 rows=100 loops=1)
Gather  (cost=1000.00..340876.31 rows=146 width=403) (actual time=206.647..607.779 rows=100 loops=1)
Gather  (cost=1000.00..340868.31 rows=66 width=21) (actual time=60.804..646.756 rows=128 loops=1)
Gather Merge  (cost=340862.28..340867.88 rows=48 width=131) (actual time=626.779..631.554 rows=158 loops=1)
Gather  (cost=1000.00..340864.41 rows=27 width=21) (actual time=528.438..624.524 rows=40 loops=1)
Gather  (cost=1000.00..340864.41 rows=27 width=21) (actual time=122.870..587.791 rows=50 loops=1)
Gather  (cost=1000.00..340868.81 rows=71 width=21) (actual time=1.243..663.069 rows=207 loops=1)
Gather  (cost=1000.00..340864.31 rows=26 width=21) (actual time=564.045..619.283 rows=44 loops=1)
Gather  (cost=1000.00..340923.31 rows=616 width=21) (actual time=265.671..624.657 rows=1197 loops=1)
Gather Merge  (cost=340862.28..340867.88 rows=48 width=131) (actual time=603.760..608.495 rows=33 loops=1)
Gather Merge  (cost=340865.75..340893.06 rows=234 width=131) (actual time=621.676..626.163 rows=320 loops=1)
Gather  (cost=1000.00..340864.41 rows=27 width=403) (actual time=495.093..634.558 rows=39 loops=1)
Gather  (cost=1000.00..340864.31 rows=26 width=140) (actual time=457.004..603.522 rows=36 loops=1)
Gather  (cost=1000.00..340873.91 rows=122 width=21) (actual time=431.029..625.377 rows=155 loops=1)
Gather  (cost=1000.00..340864.51 rows=28 width=140) (actual time=91.447..589.121 rows=36 loops=1)
Gather  (cost=1000.00..340899.31 rows=376 width=140) (actual time=369.849..615.039 rows=920 loops=1)
Gather Merge  (cost=340862.28..340867.88 rows=48 width=131) (actual time=599.490..604.175 rows=74 loops=1)
Gather Merge  (cost=340862.31..340868.15 rows=50 width=131) (actual time=655.959..660.319 rows=179 loops=1)
Gather  (cost=1000.00..340868.21 rows=65 width=21) (actual time=511.812..617.118 rows=78 loops=1)
Gather  (cost=1000.00..340864.41 rows=27 width=21) (actual time=139.528..627.980 rows=57 loops=1)
Gather  (cost=1000.00..340878.81 rows=171 width=21) (actual time=370.904..591.268 rows=273 loops=1)
Gather  (cost=1000.00..340864.41 rows=27 width=21) (actual time=28.388..620.532 rows=28 loops=1)
Gather  (cost=1000.00..340864.41 rows=27 width=140) (actual time=570.321..589.319 rows=35 loops=1)
Gather  (cost=1000.00..340864.31 rows=26 width=140) (actual time=410.138..644.980 rows=75 loops=1)
Gather  (cost=1000.00..340864.31 rows=26 width=21) (actual time=358.520..612.338 rows=46 loops=1)
Gather  (cost=1000.00..340868.81 rows=71 width=21) (actual time=77.103..625.506 rows=48 loops=1)
Gather  (cost=1000.00..340864.41 rows=27 width=21) (actual time=370.788..588.172 rows=63 loops=1)
Gather Merge  (cost=340862.28..340867.88 rows=48 width=131) (actual time=627.290..631.743 rows=47 loops=1)
Gather  (cost=1000.00..340864.31 rows=26 width=140) (actual time=343.794..587.131 rows=33 loops=1)
Gather  (cost=1000.00..340864.41 rows=27 width=21) (actual time=625.602..634.305 rows=75 loops=1)
Gather  (cost=1000.00..340876.71 rows=150 width=21) (actual time=384.995..607.348 rows=288 loops=1)
Gather  (cost=1000.00..340864.41 rows=27 width=21) (actual time=207.330..612.843 rows=96 loops=1)
Gather Merge  (cost=340864.22..340882.66 rows=158 width=131) (actual time=597.885..602.473 rows=333 loops=1)
Gather  (cost=1000.00..340864.41 rows=27 width=403) (actual time=204.693..649.881 rows=60 loops=1)
Gather  (cost=1000.00..340864.31 rows=26 width=21) (actual time=479.424..602.668 rows=84 loops=1)
Gather  (cost=1000.00..340864.51 rows=28 width=21) (actual time=88.629..625.233 rows=48 loops=1)
Gather  (cost=1000.00..340924.91 rows=632 width=21) (actual time=130.852..588.557 rows=483 loops=1)
Gather Merge  (cost=340862.28..340867.88 rows=48 width=131) (actual time=632.106..636.427 rows=71 loops=1)
Gather  (cost=1000.00..340864.41 rows=27 width=21) (actual time=569.947..595.149 rows=46 loops=1)
Gather  (cost=1000.00..340864.41 rows=27 width=21) (actual time=105.788..635.074 rows=42 loops=1)
Gather Merge  (cost=340864.15..340882.11 rows=154 width=131) (actual time=617.133..623.585 rows=257 loops=1)
Gather Merge  (cost=340865.14..340888.94 rows=204 width=131) (actual time=617.337..621.705 rows=408 loops=1)
Gather  (cost=1000.00..340922.31 rows=606 width=21) (actual time=529.471..590.780 rows=670 loops=1)
Gather  (cost=1000.00..340868.81 rows=71 width=21) (actual time=91.892..647.236 rows=135 loops=1)
Gather  (cost=1000.00..340868.61 rows=69 width=21) (actual time=385.513..611.034 rows=48 loops=1)
Gather  (cost=1000.00..340864.41 rows=27 width=21) (actual time=117.608..610.856 rows=46 loops=1)
Gather  (cost=1000.00..340864.31 rows=26 width=140) (actual time=321.482..588.890 rows=42 loops=1)
Gather Merge  (cost=340862.28..340867.88 rows=48 width=131) (actual time=618.427..622.901 rows=47 loops=1)
Gather  (cost=1000.00..340864.41 rows=27 width=403) (actual time=236.164..605.473 rows=33 loops=1)
Gather Merge  (cost=340862.28..340867.88 rows=48 width=131) (actual time=638.701..647.821 rows=60 loops=1)
Gather Merge  (cost=340862.31..340868.15 rows=50 width=131) (actual time=616.160..620.806 rows=238 loops=1)
Gather Merge  (cost=340862.28..340867.88 rows=48 width=131) (actual time=611.415..615.691 rows=80 loops=1)
Gather  (cost=1000.00..340875.71 rows=140 width=21) (actual time=280.696..607.475 rows=345 loops=1)
Gather  (cost=1000.00..340864.31 rows=26 width=21) (actual time=339.920..630.808 rows=102 loops=1)
Gather  (cost=1000.00..340864.31 rows=26 width=21) (actual time=439.713..610.200 rows=68 loops=1)
Gather  (cost=1000.00..340871.61 rows=99 width=21) (actual time=161.216..615.614 rows=250 loops=1)
Gather  (cost=1000.00..340864.31 rows=26 width=21) (actual time=543.557..589.959 rows=56 loops=1)
Gather  (cost=1000.00..340864.41 rows=27 width=140) (actual time=115.021..616.378 rows=60 loops=1)
Gather  (cost=1000.00..340899.11 rows=374 width=140) (actual time=135.391..600.699 rows=445 loops=1)
Gather  (cost=1000.00..340864.51 rows=28 width=21) (actual time=78.924..640.621 rows=50 loops=1)
Gather  (cost=1000.00..340864.31 rows=26 width=140) (actual time=475.840..601.809 rows=36 loops=1)
Gather  (cost=1000.00..340868.61 rows=69 width=21) (actual time=308.746..593.774 rows=44 loops=1)
Gather  (cost=1000.00..340864.41 rows=27 width=21) (actual time=44.782..617.427 rows=50 loops=1)
Gather  (cost=1000.00..340864.31 rows=26 width=21) (actual time=536.126..614.857 rows=66 loops=1)
Gather Merge  (cost=340862.31..340868.15 rows=50 width=131) (actual time=616.617..622.559 rows=66 loops=1)
Gather Merge  (cost=340862.31..340868.15 rows=50 width=131) (actual time=626.079..630.686 rows=44 loops=1)
Gather  (cost=1000.00..340864.41 rows=27 width=403) (actual time=67.189..594.839 rows=44 loops=1)
Gather Merge  (cost=340862.28..340867.88 rows=48 width=131) (actual time=637.620..642.149 rows=80 loops=1)
Gather Merge  (cost=340862.31..340868.15 rows=50 width=131) (actual time=631.891..636.952 rows=48 loops=1)
Gather Merge  (cost=340862.31..340868.15 rows=50 width=131) (actual time=618.043..622.646 rows=90 loops=1)
Gather  (cost=1000.00..340864.41 rows=27 width=21) (actual time=286.690..592.237 rows=76 loops=1)
Gather Merge  (cost=340862.28..340867.88 rows=48 width=131) (actual time=617.040..621.563 rows=99 loops=1)
Gather  (cost=1000.00..340864.31 rows=26 width=21) (actual time=416.767..628.057 rows=69 loops=1)
Gather Merge  (cost=340862.28..340867.88 rows=48 width=131) (actual time=625.878..630.625 rows=238 loops=1)
Gather  (cost=1000.00..340870.11 rows=84 width=403) (actual time=472.054..625.887 rows=192 loops=1)
Gather  (cost=1000.00..340877.71 rows=160 width=140) (actual time=266.778..593.100 rows=268 loops=1)
Gather  (cost=1000.00..340864.41 rows=27 width=21) (actual time=33.081..624.873 rows=52 loops=1)
Gather Merge  (cost=340862.28..340867.88 rows=48 width=131) (actual time=610.974..615.560 rows=99 loops=1)
Gather Merge  (cost=340862.28..340867.88 rows=48 width=131) (actual time=639.646..644.214 rows=42 loops=1)
Gather Merge  (cost=340862.31..340868.15 rows=50 width=131) (actual time=596.783..601.157 rows=52 loops=1)
Gather  (cost=1000.00..340922.61 rows=609 width=21) (actual time=456.068..618.317 rows=815 loops=1)
Gather  (cost=1000.00..340864.41 rows=27 width=140) (actual time=280.875..586.374 rows=27 loops=1)
Gather Merge  (cost=340892.05..341043.49 rows=1298 width=131) (actual time=658.427..663.549 rows=1821 loops=1)
Gather Merge  (cost=340862.28..340867.88 rows=48 width=131) (actual time=617.318..621.958 rows=24 loops=1)
Gather Merge  (cost=340864.03..340881.30 rows=148 width=131) (actual time=620.037..624.612 rows=231 loops=1)
Gather Merge  (cost=340862.31..340868.15 rows=50 width=131) (actual time=597.078..601.573 rows=134 loops=1)
Gather  (cost=1000.00..340864.41 rows=27 width=21) (actual time=147.511..657.872 rows=45 loops=1)
Gather  (cost=1000.00..340864.41 rows=27 width=21) (actual time=122.580..616.086 rows=69 loops=1)
Gather  (cost=1000.00..340864.31 rows=26 width=140) (actual time=339.944..618.907 rows=21 loops=1)
Gather  (cost=1000.00..340864.31 rows=26 width=403) (actual time=310.475..588.901 rows=21 loops=1)
Gather Merge  (cost=340862.31..340868.15 rows=50 width=131) (actual time=623.929..628.598 rows=182 loops=1)
Gather  (cost=1000.00..340864.41 rows=27 width=21) (actual time=511.714..603.390 rows=46 loops=1)
Gather Merge  (cost=340862.28..340867.88 rows=48 width=131) (actual time=625.528..630.320 rows=90 loops=1)
Gather  (cost=1000.00..340923.31 rows=616 width=21) (actual time=242.991..618.223 rows=1197 loops=1)
Gather  (cost=1000.00..340864.31 rows=26 width=21) (actual time=559.478..596.013 rows=130 loops=1)
Gather  (cost=1000.00..340864.41 rows=27 width=21) (actual time=147.429..621.038 rows=48 loops=1)
Gather Merge  (cost=340862.28..340867.88 rows=48 width=131) (actual time=643.923..648.625 rows=81 loops=1)
Gather  (cost=1000.00..340899.81 rows=381 width=21) (actual time=217.976..622.288 rows=486 loops=1)
Gather Merge  (cost=340865.67..340892.51 rows=230 width=131) (actual time=602.452..606.796 rows=237 loops=1)
Gather  (cost=1000.00..340873.61 rows=119 width=21) (actual time=205.077..609.785 rows=136 loops=1)
Gather  (cost=1000.00..340870.11 rows=84 width=21) (actual time=393.203..592.534 rows=87 loops=1)
Gather  (cost=1000.00..340864.41 rows=27 width=21) (actual time=25.796..613.213 rows=46 loops=1)
Gather Merge  (cost=340862.28..340867.88 rows=48 width=131) (actual time=627.747..632.824 rows=20 loops=1)
Gather  (cost=1000.00..340864.41 rows=27 width=21) (actual time=235.566..610.172 rows=50 loops=1)
Gather  (cost=1000.00..340864.41 rows=27 width=140) (actual time=3.037..588.486 rows=30 loops=1)
Gather  (cost=1000.00..340864.41 rows=27 width=21) (actual time=532.194..641.794 rows=46 loops=1)
Gather  (cost=1000.00..340864.41 rows=27 width=21) (actual time=144.084..613.735 rows=44 loops=1)
Gather  (cost=1000.00..340881.51 rows=198 width=21) (actual time=528.666..607.710 rows=120 loops=1)
Gather Merge  (cost=340862.28..340867.88 rows=48 width=131) (actual time=596.668..601.283 rows=90 loops=1)
Gather  (cost=1000.00..340870.11 rows=84 width=140) (actual time=179.775..629.532 rows=60 loops=1)
Gather  (cost=1000.00..340864.41 rows=27 width=21) (actual time=580.477..602.140 rows=78 loops=1)
Gather  (cost=1000.00..340864.41 rows=27 width=21) (actual time=282.533..628.230 rows=90 loops=1)
Gather  (cost=1000.00..340864.31 rows=26 width=140) (actual time=533.880..585.868 rows=30 loops=1)
Gather Merge  (cost=340862.31..340868.15 rows=50 width=131) (actual time=617.992..627.134 rows=42 loops=1)
Gather Merge  (cost=340862.28..340867.88 rows=48 width=131) (actual time=615.120..620.004 rows=100 loops=1)
Gather  (cost=1000.00..340864.41 rows=27 width=140) (actual time=392.121..607.306 rows=84 loops=1)
Gather  (cost=1000.00..340864.51 rows=28 width=140) (actual time=91.572..626.588 rows=90 loops=1)
Gather  (cost=1000.00..340864.41 rows=27 width=403) (actual time=382.471..591.880 rows=84 loops=1)
Gather  (cost=1000.00..340864.41 rows=27 width=21) (actual time=103.417..606.094 rows=56 loops=1)
Gather  (cost=1000.00..340864.31 rows=26 width=21) (actual time=355.847..616.104 rows=44 loops=1)
Gather  (cost=1000.00..340871.81 rows=101 width=21) (actual time=212.479..620.932 rows=117 loops=1)
Gather  (cost=1000.00..340864.31 rows=26 width=140) (actual time=545.377..618.174 rows=66 loops=1)
Gather Merge  (cost=340862.28..340867.88 rows=48 width=131) (actual time=605.571..610.108 rows=102 loops=1)
Gather  (cost=1000.00..340864.41 rows=27 width=21) (actual time=579.138..592.706 rows=40 loops=1)
Gather Merge  (cost=340862.31..340868.15 rows=50 width=131) (actual time=638.540..643.260 rows=27 loops=1)
Gather  (cost=1000.00..340864.41 rows=27 width=140) (actual time=35.993..621.526 rows=24 loops=1)
Gather  (cost=1000.00..340864.41 rows=27 width=21) (actual time=516.647..610.261 rows=82 loops=1)
Gather Merge  (cost=340862.31..340868.15 rows=50 width=131) (actual time=600.864..605.317 rows=56 loops=1)
Gather Merge  (cost=340862.28..340867.88 rows=48 width=131) (actual time=627.091..631.674 rows=45 loops=1)
Gather  (cost=1000.00..340864.41 rows=27 width=403) (actual time=512.616..610.051 rows=45 loops=1)
Gather  (cost=1000.00..340864.41 rows=27 width=21) (actual time=545.501..641.003 rows=66 loops=1)
Gather  (cost=1000.00..340882.21 rows=205 width=21) (actual time=124.222..605.637 rows=165 loops=1)
Gather  (cost=1000.00..340864.41 rows=27 width=21) (actual time=217.545..590.736 rows=52 loops=1)
Gather  (cost=1000.00..340864.31 rows=26 width=21) (actual time=320.161..608.834 rows=46 loops=1)
Gather Merge  (cost=340862.28..340867.88 rows=48 width=131) (actual time=625.649..630.266 rows=45 loops=1)
Gather  (cost=1000.00..340864.41 rows=27 width=21) (actual time=183.389..615.771 rows=58 loops=1)
Gather Merge  (cost=340862.28..340867.88 rows=48 width=131) (actual time=618.621..623.148 rows=239 loops=1)
Gather Merge  (cost=340862.28..340867.88 rows=48 width=131) (actual time=599.276..603.793 rows=81 loops=1)
Gather  (cost=1000.00..340864.31 rows=26 width=21) (actual time=547.920..624.465 rows=52 loops=1)
Gather  (cost=1000.00..340864.41 rows=27 width=140) (actual time=124.471..602.634 rows=56 loops=1)
Gather  (cost=1000.00..340925.11 rows=634 width=21) (actual time=330.650..634.337 rows=984 loops=1)
Gather Merge  (cost=340862.28..340867.88 rows=48 width=131) (actual time=600.565..605.446 rows=116 loops=1)
Gather  (cost=1000.00..340876.91 rows=152 width=21) (actual time=193.576..594.309 rows=82 loops=1)
Gather Merge  (cost=340862.28..340867.88 rows=48 width=131) (actual time=631.328..636.708 rows=150 loops=1)
Gather  (cost=1000.00..340864.41 rows=27 width=21) (actual time=386.499..621.149 rows=84 loops=1)
Gather  (cost=1000.00..340864.41 rows=27 width=21) (actual time=150.740..626.132 rows=46 loops=1)
Gather  (cost=1000.00..340864.31 rows=26 width=140) (actual time=474.934..589.905 rows=75 loops=1)
Gather  (cost=1000.00..340877.41 rows=157 width=21) (actual time=494.843..609.822 rows=256 loops=1)
Gather  (cost=1000.00..340869.01 rows=73 width=21) (actual time=289.920..607.862 rows=108 loops=1)
Gather Merge  (cost=340867.24..340902.71 rows=304 width=131) (actual time=618.396..623.181 rows=482 loops=1)
Gather  (cost=1000.00..340869.71 rows=80 width=140) (actual time=542.098..619.990 rows=69 loops=1)
Gather  (cost=1000.00..340868.31 rows=66 width=21) (actual time=301.481..590.447 rows=42 loops=1)
Gather Merge  (cost=340870.62..340923.59 rows=454 width=131) (actual time=625.296..629.768 rows=612 loops=1)
Gather Merge  (cost=340862.31..340868.15 rows=50 width=131) (actual time=641.069..645.619 rows=76 loops=1)
Gather  (cost=1000.00..340864.41 rows=27 width=140) (actual time=164.254..614.370 rows=45 loops=1)
Gather  (cost=1000.00..340864.41 rows=27 width=21) (actual time=65.716..604.186 rows=129 loops=1)
Gather Merge  (cost=340862.28..340867.88 rows=48 width=131) (actual time=597.652..602.344 rows=78 loops=1)
Gather  (cost=1000.00..340921.71 rows=600 width=21) (actual time=433.353..617.150 rows=356 loops=1)
Gather  (cost=1000.00..340864.31 rows=26 width=21) (actual time=459.359..610.853 rows=48 loops=1)
Gather Merge  (cost=340862.31..340868.15 rows=50 width=131) (actual time=635.336..639.954 rows=132 loops=1)
Gather  (cost=1000.00..340864.41 rows=27 width=21) (actual time=171.097..604.698 rows=54 loops=1)
Gather  (cost=1000.00..340875.41 rows=137 width=21) (actual time=331.394..588.705 rows=282 loops=1)
Gather  (cost=1000.00..340864.41 rows=27 width=140) (actual time=195.291..625.055 rows=60 loops=1)
Gather Merge  (cost=340862.28..340867.88 rows=48 width=131) (actual time=619.222..623.654 rows=50 loops=1)
Gather  (cost=1000.00..340864.51 rows=28 width=21) (actual time=85.860..618.382 rows=32 loops=1)
Gather  (cost=1000.00..340864.31 rows=26 width=21) (actual time=513.211..592.924 rows=54 loops=1)
Gather  (cost=1000.00..340878.01 rows=163 width=21) (actual time=254.804..588.488 rows=249 loops=1)
Gather Merge  (cost=340862.31..340868.15 rows=50 width=131) (actual time=622.504..627.033 rows=24 loops=1)
Gather  (cost=1000.00..340864.31 rows=26 width=21) (actual time=431.474..617.889 rows=52 loops=1)
Gather Merge  (cost=340867.86..340906.59 rows=332 width=131) (actual time=624.477..628.833 rows=237 loops=1)
Gather Merge  (cost=340884.67..341003.68 rows=1020 width=131) (actual time=621.763..626.646 rows=1391 loops=1)
Gather  (cost=1000.00..340864.31 rows=26 width=21) (actual time=420.272..590.700 rows=34 loops=1)
Gather Merge  (cost=340862.28..340867.88 rows=48 width=131) (actual time=646.856..651.645 rows=60 loops=1)
Gather Merge  (cost=340863.99..340881.03 rows=146 width=131) (actual time=622.565..627.216 rows=182 loops=1)
Gather  (cost=1000.00..340922.61 rows=609 width=21) (actual time=465.710..607.437 rows=815 loops=1)
Gather Merge  (cost=340862.31..340868.15 rows=50 width=131) (actual time=597.571..602.072 rows=90 loops=1)
Gather  (cost=1000.00..340868.61 rows=69 width=403) (actual time=184.366..629.575 rows=60 loops=1)
Gather  (cost=1000.00..340864.41 rows=27 width=21) (actual time=2.739..621.856 rows=106 loops=1)
Gather  (cost=1000.00..340869.81 rows=81 width=21) (actual time=586.307..620.490 rows=88 loops=1)
Gather  (cost=1000.00..340864.51 rows=28 width=140) (actual time=89.011..590.190 rows=15 loops=1)
Gather Merge  (cost=340862.28..340867.88 rows=48 width=131) (actual time=617.318..621.934 rows=156 loops=1)
Gather  (cost=1000.00..340864.41 rows=27 width=140) (actual time=298.897..612.460 rows=54 loops=1)
Gather Merge  (cost=340862.28..340867.88 rows=48 width=131) (actual time=627.035..631.591 rows=58 loops=1)
Gather  (cost=1000.00..340864.41 rows=27 width=21) (actual time=134.321..623.923 rows=117 loops=1)
Gather  (cost=1000.00..340864.41 rows=27 width=21) (actual time=361.375..588.522 rows=64 loops=1)
Gather  (cost=1000.00..340864.41 rows=27 width=21) (actual time=107.705..610.517 rows=48 loops=1)
Gather Merge  (cost=340862.28..340867.88 rows=48 width=131) (actual time=618.815..623.499 rows=208 loops=1)
Gather Merge  (cost=340862.28..340867.88 rows=48 width=131) (actual time=644.201..648.758 rows=36 loops=1)
Gather  (cost=1000.00..340864.31 rows=26 width=140) (actual time=409.542..608.379 rows=42 loops=1)
Gather  (cost=1000.00..340883.61 rows=219 width=140) (actual time=296.061..589.887 rows=282 loops=1)
Gather Merge  (cost=340862.28..340867.88 rows=48 width=131) (actual time=618.904..623.381 rows=44 loops=1)
Gather  (cost=1000.00..340864.41 rows=27 width=140) (actual time=195.456..629.360 rows=39 loops=1)
Gather  (cost=1000.00..340875.01 rows=133 width=140) (actual time=420.678..619.342 rows=115 loops=1)
Gather Merge  (cost=340862.28..340867.88 rows=48 width=131) (actual time=620.066..624.564 rows=72 loops=1)
Gather  (cost=1000.00..340864.41 rows=27 width=21) (actual time=300.027..588.003 rows=50 loops=1)
Gather  (cost=1000.00..340864.41 rows=27 width=140) (actual time=110.581..614.123 rows=18 loops=1)
Gather  (cost=1000.00..340864.41 rows=27 width=21) (actual time=404.184..611.927 rows=72 loops=1)
Gather Merge  (cost=340862.28..340867.88 rows=48 width=131) (actual time=636.696..641.209 rows=59 loops=1)
Gather Merge  (cost=340862.28..340867.88 rows=48 width=131) (actual time=635.962..640.382 rows=100 loops=1)
Gather  (cost=1000.00..340864.31 rows=26 width=21) (actual time=549.487..591.405 rows=46 loops=1)
Gather  (cost=1000.00..340882.11 rows=204 width=140) (actual time=267.472..611.737 rows=205 loops=1)
Gather  (cost=1000.00..340882.11 rows=204 width=403) (actual time=272.233..620.946 rows=205 loops=1)
Gather  (cost=1000.00..340868.91 rows=72 width=21) (actual time=179.129..614.116 rows=144 loops=1)
Gather  (cost=1000.00..340864.31 rows=26 width=21) (actual time=455.736..612.643 rows=90 loops=1)
Gather Merge  (cost=340862.31..340868.15 rows=50 width=131) (actual time=605.875..610.215 rows=25 loops=1)
Gather Merge  (cost=340862.31..340868.15 rows=50 width=131) (actual time=649.773..654.148 rows=225 loops=1)
Gather Merge  (cost=340864.42..340884.02 rows=168 width=131) (actual time=637.072..641.897 rows=193 loops=1)
Gather Merge  (cost=340862.28..340867.88 rows=48 width=131) (actual time=645.982..650.506 rows=282 loops=1)
Gather Merge  (cost=340862.28..340867.88 rows=48 width=131) (actual time=603.593..608.295 rows=80 loops=1)
Gather  (cost=1000.00..340864.41 rows=27 width=403) (actual time=617.468..630.624 rows=80 loops=1)
Gather  (cost=1000.00..340864.41 rows=27 width=21) (actual time=296.512..643.088 rows=100 loops=1)
Gather  (cost=1000.00..340864.41 rows=27 width=21) (actual time=604.751..622.449 rows=48 loops=1)
Gather  (cost=1000.00..340864.41 rows=27 width=140) (actual time=609.915..625.315 rows=27 loops=1)
Gather Merge  (cost=340862.28..340867.88 rows=48 width=131) (actual time=602.385..607.171 rows=70 loops=1)
Gather  (cost=1000.00..340864.51 rows=28 width=21) (actual time=82.847..614.426 rows=40 loops=1)
Gather Merge  (cost=340862.31..340868.15 rows=50 width=131) (actual time=628.699..633.328 rows=230 loops=1)
Gather  (cost=1000.00..340864.31 rows=26 width=21) (actual time=380.349..623.511 rows=58 loops=1)
Gather  (cost=1000.00..340876.01 rows=143 width=140) (actual time=448.136..611.016 rows=310 loops=1)
Gather Merge  (cost=340862.31..340868.15 rows=50 width=131) (actual time=604.619..609.013 rows=77 loops=1)
Gather  (cost=1000.00..340864.41 rows=27 width=21) (actual time=613.808..628.498 rows=44 loops=1)
Gather  (cost=1000.00..340864.31 rows=26 width=21) (actual time=366.994..612.375 rows=32 loops=1)
Gather Merge  (cost=340862.28..340867.88 rows=48 width=131) (actual time=635.523..663.361 rows=72 loops=1)
Gather  (cost=1000.00..340872.11 rows=104 width=403) (actual time=219.133..589.042 rows=72 loops=1)
Gather Merge  (cost=340862.28..340867.88 rows=48 width=131) (actual time=601.481..606.092 rows=75 loops=1)
Gather Merge  (cost=340862.28..340867.88 rows=48 width=131) (actual time=633.207..638.010 rows=96 loops=1)
Gather  (cost=1000.00..340864.41 rows=27 width=21) (actual time=48.832..606.466 rows=66 loops=1)
Gather  (cost=1000.00..340864.31 rows=26 width=21) (actual time=446.713..629.014 rows=62 loops=1)
Gather  (cost=1000.00..340864.31 rows=26 width=21) (actual time=510.028..588.144 rows=126 loops=1)
Gather  (cost=1000.00..340864.31 rows=26 width=21) (actual time=432.310..608.460 rows=38 loops=1)
Gather  (cost=1000.00..340875.81 rows=141 width=21) (actual time=397.953..609.772 rows=99 loops=1)
Gather  (cost=1000.00..340864.41 rows=27 width=21) (actual time=141.425..615.161 rows=108 loops=1)
Gather  (cost=1000.00..340868.61 rows=69 width=21) (actual time=390.941..612.970 rows=76 loops=1)
Gather  (cost=1000.00..340864.31 rows=26 width=21) (actual time=348.754..592.095 rows=44 loops=1)
Gather  (cost=1000.00..340864.41 rows=27 width=21) (actual time=125.566..608.303 rows=54 loops=1)
Gather Merge  (cost=340862.28..340867.88 rows=48 width=131) (actual time=618.298..622.796 rows=50 loops=1)
Gather  (cost=1000.00..340876.41 rows=147 width=21) (actual time=384.200..622.557 rows=54 loops=1)
Gather  (cost=1000.00..340875.21 rows=135 width=21) (actual time=487.030..609.262 rows=106 loops=1)
Gather  (cost=1000.00..340864.31 rows=26 width=140) (actual time=303.560..590.672 rows=42 loops=1)
Gather  (cost=1000.00..340864.41 rows=27 width=21) (actual time=112.101..619.279 rows=52 loops=1)
Gather  (cost=1000.00..340864.31 rows=26 width=21) (actual time=310.974..605.132 rows=48 loops=1)
Gather  (cost=1000.00..340875.51 rows=138 width=21) (actual time=488.704..615.496 rows=450 loops=1)
Gather  (cost=1000.00..340868.31 rows=66 width=21) (actual time=318.088..605.839 rows=168 loops=1)
Gather  (cost=1000.00..340864.41 rows=27 width=21) (actual time=493.843..589.428 rows=72 loops=1)
Gather  (cost=1000.00..340864.51 rows=28 width=21) (actual time=94.357..630.500 rows=52 loops=1)
Gather  (cost=1000.00..340864.31 rows=26 width=21) (actual time=585.602..618.954 rows=48 loops=1)
Gather Merge  (cost=340862.28..340867.88 rows=48 width=131) (actual time=620.760..625.274 rows=66 loops=1)
Gather  (cost=1000.00..340864.31 rows=26 width=21) (actual time=430.534..608.767 rows=42 loops=1)
Gather Merge  (cost=340862.31..340868.15 rows=50 width=131) (actual time=636.915..641.238 rows=105 loops=1)
Gather  (cost=1000.00..340868.51 rows=68 width=21) (actual time=38.133..615.623 rows=40 loops=1)
Gather  (cost=1000.00..340864.51 rows=28 width=21) (actual time=86.076..617.301 rows=66 loops=1)
Gather  (cost=1000.00..340864.41 rows=27 width=21) (actual time=303.905..614.724 rows=54 loops=1)
Gather  (cost=1000.00..340921.51 rows=598 width=21) (actual time=537.215..595.303 rows=312 loops=1)
Gather Merge  (cost=340864.07..340881.57 rows=150 width=131) (actual time=649.270..653.821 rows=121 loops=1)
Gather Merge  (cost=340862.28..340867.88 rows=48 width=131) (actual time=625.976..630.430 rows=204 loops=1)
Gather  (cost=1000.00..340864.31 rows=26 width=21) (actual time=420.976..611.050 rows=54 loops=1)
Gather  (cost=1000.00..340864.41 rows=27 width=21) (actual time=162.642..598.170 rows=52 loops=1)
Gather Merge  (cost=340862.28..340867.88 rows=48 width=131) (actual time=631.403..636.291 rows=53 loops=1)
Gather Merge  (cost=340862.28..340867.88 rows=48 width=131) (actual time=627.281..631.939 rows=36 loops=1)
Gather  (cost=1000.00..340875.81 rows=141 width=21) (actual time=407.108..613.974 rows=216 loops=1)
Gather  (cost=1000.00..340864.41 rows=27 width=21) (actual time=191.993..613.541 rows=44 loops=1)
Gather  (cost=1000.00..340882.61 rows=209 width=21) (actual time=441.958..586.256 rows=144 loops=1)
Gather  (cost=1000.00..340878.11 rows=164 width=140) (actual time=485.941..631.125 rows=141 loops=1)
Gather Merge  (cost=340862.31..340868.15 rows=50 width=131) (actual time=622.222..626.753 rows=52 loops=1)
Gather  (cost=1000.00..340864.31 rows=26 width=140) (actual time=320.042..607.115 rows=39 loops=1)
Gather  (cost=1000.00..340864.31 rows=26 width=140) (actual time=559.826..588.062 rows=24 loops=1)
Gather  (cost=1000.00..340879.21 rows=175 width=21) (actual time=504.626..613.735 rows=148 loops=1)
Gather Merge  (cost=340862.28..340867.88 rows=48 width=131) (actual time=617.596..622.342 rows=88 loops=1)
Gather Merge  (cost=340862.31..340868.15 rows=50 width=131) (actual time=624.062..628.747 rows=104 loops=1)
Gather Merge  (cost=340862.31..340868.15 rows=50 width=131) (actual time=626.729..631.221 rows=64 loops=1)
Gather  (cost=1000.00..340864.41 rows=27 width=21) (actual time=122.347..595.085 rows=57 loops=1)
Gather  (cost=1000.00..340867.91 rows=62 width=21) (actual time=25.087..613.520 rows=72 loops=1)
Gather  (cost=1000.00..340868.51 rows=68 width=21) (actual time=249.422..625.848 rows=104 loops=1)
Gather Merge  (cost=340862.31..340868.15 rows=50 width=131) (actual time=623.548..628.083 rows=44 loops=1)
Gather  (cost=1000.00..340869.01 rows=73 width=403) (actual time=302.123..607.042 rows=44 loops=1)
Gather  (cost=1000.00..340864.41 rows=27 width=21) (actual time=29.138..592.107 rows=75 loops=1)
Gather  (cost=1000.00..340864.41 rows=27 width=21) (actual time=246.356..611.530 rows=75 loops=1)
Gather  (cost=1000.00..340864.31 rows=26 width=21) (actual time=314.245..613.649 rows=111 loops=1)
Gather  (cost=1000.00..340864.41 rows=27 width=21) (actual time=270.822..614.476 rows=42 loops=1)
Gather  (cost=1000.00..340864.41 rows=27 width=21) (actual time=277.235..607.091 rows=78 loops=1)
Gather  (cost=1000.00..340874.31 rows=126 width=21) (actual time=49.168..590.697 rows=180 loops=1)
Gather Merge  (cost=340885.24..341006.82 rows=1042 width=131) (actual time=637.108..641.964 rows=985 loops=1)
Gather  (cost=1000.00..340876.41 rows=147 width=21) (actual time=394.817..601.509 rows=129 loops=1)
Gather Merge  (cost=340862.28..340867.88 rows=48 width=131) (actual time=638.553..643.349 rows=48 loops=1)
Gather  (cost=1000.00..340864.41 rows=27 width=403) (actual time=250.402..587.047 rows=48 loops=1)
Gather  (cost=1000.00..340864.41 rows=27 width=140) (actual time=191.831..627.391 rows=27 loops=1)
Gather Merge  (cost=340862.28..340867.88 rows=48 width=131) (actual time=600.372..604.964 rows=45 loops=1)
Gather Merge  (cost=340862.28..340867.88 rows=48 width=131) (actual time=654.433..659.035 rows=44 loops=1)
Gather  (cost=1000.00..340877.41 rows=157 width=21) (actual time=512.092..604.176 rows=256 loops=1)
Gather  (cost=1000.00..340864.41 rows=27 width=21) (actual time=199.953..610.225 rows=116 loops=1)
Gather  (cost=1000.00..340864.41 rows=27 width=21) (actual time=134.458..589.682 rows=44 loops=1)
Gather  (cost=1000.00..340864.31 rows=26 width=21) (actual time=585.361..649.449 rows=48 loops=1)
Gather  (cost=1000.00..340864.41 rows=27 width=21) (actual time=64.787..612.912 rows=60 loops=1)
Gather  (cost=1000.00..340864.41 rows=27 width=140) (actual time=116.254..617.709 rows=39 loops=1)
Gather  (cost=1000.00..340868.31 rows=66 width=21) (actual time=508.667..586.881 rows=102 loops=1)
Gather Merge  (cost=340862.31..340868.15 rows=50 width=131) (actual time=625.041..629.546 rows=28 loops=1)
Gather  (cost=1000.00..340864.41 rows=27 width=21) (actual time=217.579..607.873 rows=32 loops=1)
Gather  (cost=1000.00..340870.11 rows=84 width=21) (actual time=447.173..616.087 rows=92 loops=1)
Gather  (cost=1000.00..340864.41 rows=27 width=21) (actual time=47.255..621.987 rows=66 loops=1)
Gather  (cost=1000.00..340898.81 rows=371 width=21) (actual time=107.285..592.424 rows=658 loops=1)
Gather  (cost=1000.00..340869.11 rows=74 width=21) (actual time=259.684..587.066 rows=36 loops=1)
Gather  (cost=1000.00..340864.31 rows=26 width=21) (actual time=482.876..614.487 rows=175 loops=1)
Gather Merge  (cost=340862.31..340868.15 rows=50 width=131) (actual time=623.142..628.767 rows=88 loops=1)
Gather Merge  (cost=340864.07..340881.57 rows=150 width=131) (actual time=637.208..641.802 rows=532 loops=1)
Gather  (cost=1000.00..340864.41 rows=27 width=140) (actual time=315.407..607.421 rows=45 loops=1)
Gather  (cost=1000.00..340864.41 rows=27 width=140) (actual time=29.440..592.854 rows=26 loops=1)
Gather Merge  (cost=340862.28..340867.88 rows=48 width=131) (actual time=646.881..651.910 rows=72 loops=1)
Gather  (cost=1000.00..340872.11 rows=104 width=403) (actual time=225.229..600.166 rows=72 loops=1)
Gather Merge  (cost=340862.28..340867.88 rows=48 width=131) (actual time=642.586..647.200 rows=33 loops=1)
Gather Merge  (cost=340862.31..340868.15 rows=50 width=131) (actual time=598.784..603.113 rows=52 loops=1)
Gather  (cost=1000.00..340873.21 rows=115 width=21) (actual time=163.765..613.260 rows=162 loops=1)
Gather Merge  (cost=340862.28..340867.88 rows=48 width=131) (actual time=617.518..622.019 rows=214 loops=1)
Gather  (cost=1000.00..340864.31 rows=26 width=21) (actual time=348.030..624.078 rows=58 loops=1)
Gather Merge  (cost=340862.28..340867.88 rows=48 width=131) (actual time=628.395..632.914 rows=64 loops=1)
Gather  (cost=1000.00..340898.61 rows=369 width=140) (actual time=25.871..594.562 rows=315 loops=1)
Gather  (cost=1000.00..340898.61 rows=369 width=403) (actual time=25.827..607.705 rows=315 loops=1)
Gather  (cost=1000.00..340871.01 rows=93 width=21) (actual time=74.788..632.646 rows=54 loops=1)
Gather Merge  (cost=340862.28..340867.88 rows=48 width=131) (actual time=627.963..632.572 rows=105 loops=1)
Gather  (cost=1000.00..340864.41 rows=27 width=21) (actual time=194.669..606.913 rows=52 loops=1)
Gather  (cost=1000.00..340897.61 rows=359 width=140) (actual time=520.663..585.754 rows=132 loops=1)
Gather  (cost=1000.00..340864.41 rows=27 width=21) (actual time=232.372..610.779 rows=78 loops=1)
Gather Merge  (cost=340862.28..340867.88 rows=48 width=131) (actual time=620.309..624.952 rows=42 loops=1)
Gather Merge  (cost=340862.31..340868.15 rows=50 width=131) (actual time=631.409..635.733 rows=56 loops=1)
Gather Merge  (cost=340862.28..340867.88 rows=48 width=131) (actual time=617.112..621.719 rows=103 loops=1)
Gather Merge  (cost=340862.28..340867.88 rows=48 width=131) (actual time=603.115..607.611 rows=118 loops=1)
Gather Merge  (cost=340862.31..340868.15 rows=50 width=131) (actual time=633.545..638.329 rows=67 loops=1)
Gather  (cost=1000.00..340864.41 rows=27 width=403) (actual time=189.468..605.106 rows=39 loops=1)
Gather Merge  (cost=340862.28..340867.88 rows=48 width=131) (actual time=646.326..650.883 rows=45 loops=1)
Gather Merge  (cost=340862.31..340868.15 rows=50 width=131) (actual time=598.656..603.827 rows=65 loops=1)
Gather  (cost=1000.00..340864.31 rows=26 width=21) (actual time=306.526..590.529 rows=164 loops=1)
Gather Merge  (cost=340862.31..340868.15 rows=50 width=131) (actual time=632.348..636.940 rows=146 loops=1)
Gather  (cost=1000.00..340864.41 rows=27 width=140) (actual time=166.790..603.562 rows=21 loops=1)
Gather  (cost=1000.00..340864.41 rows=27 width=403) (actual time=169.747..612.177 rows=21 loops=1)
Gather  (cost=1000.00..340875.91 rows=142 width=21) (actual time=138.852..606.472 rows=252 loops=1)
Gather Merge  (cost=340862.28..340867.88 rows=48 width=131) (actual time=600.738..605.389 rows=180 loops=1)
Gather  (cost=1000.00..340864.41 rows=27 width=140) (actual time=10.270..627.234 rows=36 loops=1)
Gather Merge  (cost=340862.31..340868.15 rows=50 width=131) (actual time=617.813..622.508 rows=93 loops=1)
Gather  (cost=1000.00..340864.41 rows=27 width=403) (actual time=135.944..620.907 rows=27 loops=1)
Gather Merge  (cost=340862.28..340867.88 rows=48 width=131) (actual time=616.806..621.284 rows=135 loops=1)
Gather  (cost=1000.00..340923.11 rows=614 width=140) (actual time=30.143..600.072 rows=630 loops=1)
Gather  (cost=1000.00..340864.41 rows=27 width=21) (actual time=72.884..622.037 rows=48 loops=1)
Gather  (cost=1000.00..340864.31 rows=26 width=140) (actual time=348.401..611.404 rows=24 loops=1)
Gather  (cost=1000.00..340864.31 rows=26 width=403) (actual time=349.052..622.654 rows=24 loops=1)
Gather  (cost=1000.00..340864.31 rows=26 width=21) (actual time=424.043..591.100 rows=81 loops=1)
Gather Merge  (cost=340864.11..340881.84 rows=152 width=131) (actual time=629.725..634.490 rows=108 loops=1)
Gather  (cost=1000.00..340880.01 rows=183 width=403) (actual time=49.368..604.792 rows=108 loops=1)
Gather  (cost=1000.00..340864.41 rows=27 width=21) (actual time=3.390..627.589 rows=68 loops=1)
Gather  (cost=1000.00..340864.41 rows=27 width=21) (actual time=37.210..585.361 rows=246 loops=1)
Gather  (cost=1000.00..340864.41 rows=27 width=21) (actual time=16.203..592.575 rows=36 loops=1)
Gather  (cost=1000.00..340864.41 rows=27 width=21) (actual time=245.455..634.957 rows=76 loops=1)
Gather  (cost=1000.00..340864.31 rows=26 width=140) (actual time=527.892..608.805 rows=42 loops=1)
Gather  (cost=1000.00..340876.21 rows=145 width=21) (actual time=606.820..617.350 rows=124 loops=1)
Gather  (cost=1000.00..340864.41 rows=27 width=21) (actual time=570.045..590.920 rows=46 loops=1)
Gather  (cost=1000.00..340870.31 rows=86 width=21) (actual time=261.223..606.570 rows=76 loops=1)
Gather  (cost=1000.00..340864.41 rows=27 width=140) (actual time=162.329..626.095 rows=30 loops=1)
Gather Merge  (cost=340862.28..340867.88 rows=48 width=131) (actual time=622.455..626.939 rows=26 loops=1)
Gather Merge  (cost=340862.31..340868.15 rows=50 width=131) (actual time=616.915..621.613 rows=39 loops=1)
Gather Merge  (cost=340862.31..340868.15 rows=50 width=131) (actual time=601.292..605.945 rows=36 loops=1)
Gather  (cost=1000.00..340864.41 rows=27 width=21) (actual time=604.440..621.734 rows=46 loops=1)
Gather  (cost=1000.00..340864.41 rows=27 width=21) (actual time=226.075..610.907 rows=34 loops=1)
Gather  (cost=1000.00..340868.21 rows=65 width=21) (actual time=611.261..627.864 rows=74 loops=1)
Gather Merge  (cost=340864.50..340884.57 rows=172 width=131) (actual time=616.272..620.843 rows=234 loops=1)
Gather Merge  (cost=340862.31..340868.15 rows=50 width=131) (actual time=605.473..610.095 rows=138 loops=1)
Gather Merge  (cost=340868.39..340909.92 rows=356 width=131) (actual time=638.257..642.976 rows=638 loops=1)
Gather Merge  (cost=340864.19..340882.39 rows=156 width=131) (actual time=635.058..639.647 rows=208 loops=1)
Gather  (cost=1000.00..340874.91 rows=132 width=21) (actual time=406.165..634.016 rows=94 loops=1)
Gather  (cost=1000.00..340864.41 rows=27 width=140) (actual time=119.223..595.912 rows=63 loops=1)
Gather  (cost=1000.00..340884.01 rows=223 width=140) (actual time=82.527..607.728 rows=230 loops=1)
Gather  (cost=1000.00..340864.41 rows=27 width=21) (actual time=258.766..594.224 rows=56 loops=1)
Gather  (cost=1000.00..340864.41 rows=27 width=21) (actual time=507.855..635.466 rows=48 loops=1)
Gather  (cost=1000.00..340864.41 rows=27 width=21) (actual time=505.161..611.082 rows=56 loops=1)
Gather  (cost=1000.00..340875.31 rows=136 width=140) (actual time=269.264..606.064 rows=60 loops=1)
Gather  (cost=1000.00..340876.21 rows=145 width=21) (actual time=185.527..589.701 rows=250 loops=1)
Gather Merge  (cost=340862.31..340868.15 rows=50 width=131) (actual time=664.938..669.427 rows=48 loops=1)
Gather Merge  (cost=340862.31..340868.15 rows=50 width=131) (actual time=626.009..630.473 rows=45 loops=1)
Gather Merge  (cost=340862.31..340868.15 rows=50 width=131) (actual time=621.313..625.641 rows=44 loops=1)
Gather  (cost=1000.00..340864.31 rows=26 width=21) (actual time=460.786..588.007 rows=69 loops=1)
Gather  (cost=1000.00..340864.31 rows=26 width=21) (actual time=573.835..613.436 rows=38 loops=1)
Gather  (cost=1000.00..340864.31 rows=26 width=21) (actual time=563.371..604.018 rows=62 loops=1)
Gather  (cost=1000.00..340868.81 rows=71 width=140) (actual time=600.628..617.111 rows=60 loops=1)
Gather  (cost=1000.00..340864.41 rows=27 width=140) (actual time=255.191..617.629 rows=36 loops=1)
Gather  (cost=1000.00..340864.31 rows=26 width=21) (actual time=443.717..592.818 rows=42 loops=1)
Gather Merge  (cost=340862.31..340868.15 rows=50 width=131) (actual time=613.491..617.915 rows=55 loops=1)
Gather Merge  (cost=340862.28..340867.88 rows=48 width=131) (actual time=631.992..636.734 rows=30 loops=1)
Gather Merge  (cost=340862.31..340868.15 rows=50 width=131) (actual time=619.392..623.892 rows=75 loops=1)
Gather Merge  (cost=340862.28..340867.88 rows=48 width=131) (actual time=618.220..622.589 rows=218 loops=1)
Gather Merge  (cost=340862.31..340868.15 rows=50 width=131) (actual time=598.640..602.982 rows=114 loops=1)
Gather  (cost=1000.00..340882.11 rows=204 width=140) (actual time=270.161..612.274 rows=205 loops=1)
Gather  (cost=1000.00..340882.11 rows=204 width=403) (actual time=246.250..606.778 rows=205 loops=1)
Gather Merge  (cost=340862.28..340867.88 rows=48 width=131) (actual time=634.824..642.603 rows=68 loops=1)
Gather  (cost=1000.00..340864.41 rows=27 width=21) (actual time=515.266..606.827 rows=44 loops=1)
Gather  (cost=1000.00..340864.41 rows=27 width=140) (actual time=131.399..588.921 rows=30 loops=1)
Gather  (cost=1000.00..340864.41 rows=27 width=21) (actual time=219.011..655.932 rows=46 loops=1)
Gather Merge  (cost=340895.36..341061.04 rows=1420 width=131) (actual time=616.173..620.985 rows=1280 loops=1)
Gather  (cost=1000.00..340864.41 rows=27 width=21) (actual time=597.364..619.346 rows=52 loops=1)
Gather  (cost=1000.00..340869.11 rows=74 width=140) (actual time=39.359..586.927 rows=28 loops=1)
Gather  (cost=1000.00..340864.31 rows=26 width=21) (actual time=336.760..623.240 rows=76 loops=1)
Gather  (cost=1000.00..340872.51 rows=108 width=21) (actual time=158.502..606.172 rows=176 loops=1)
Gather Merge  (cost=340862.28..340867.88 rows=48 width=131) (actual time=622.239..626.822 rows=52 loops=1)
Gather  (cost=1000.00..340864.31 rows=26 width=140) (actual time=323.110..605.079 rows=30 loops=1)
Gather  (cost=1000.00..340875.31 rows=136 width=21) (actual time=393.345..611.310 rows=200 loops=1)
Gather  (cost=1000.00..340864.41 rows=27 width=140) (actual time=225.886..606.059 rows=45 loops=1)
Gather  (cost=1000.00..340882.11 rows=204 width=21) (actual time=275.472..635.882 rows=205 loops=1)
Gather  (cost=1000.00..340864.41 rows=27 width=140) (actual time=515.816..610.411 rows=45 loops=1)
Gather  (cost=1000.00..340864.31 rows=26 width=21) (actual time=456.404..610.667 rows=48 loops=1)
Gather  (cost=1000.00..340864.41 rows=27 width=21) (actual time=103.670..585.314 rows=54 loops=1)
Gather Merge  (cost=340869.20..340914.93 rows=392 width=131) (actual time=639.696..644.346 rows=827 loops=1)
Gather  (cost=1000.00..340864.31 rows=26 width=21) (actual time=438.599..613.036 rows=74 loops=1)
Gather  (cost=1000.00..340864.31 rows=26 width=21) (actual time=505.901..628.627 rows=74 loops=1)
Gather  (cost=1000.00..340878.61 rows=169 width=21) (actual time=220.150..586.963 rows=255 loops=1)
Gather  (cost=1000.00..340864.31 rows=26 width=21) (actual time=410.144..593.597 rows=108 loops=1)
Gather  (cost=1000.00..340864.41 rows=27 width=140) (actual time=401.562..617.534 rows=60 loops=1)
Gather Merge  (cost=340865.06..340888.39 rows=200 width=131) (actual time=632.481..637.232 rows=126 loops=1)
Gather  (cost=1000.00..340864.31 rows=26 width=140) (actual time=525.639..624.405 rows=45 loops=1)
Gather Merge  (cost=340862.28..340867.88 rows=48 width=131) (actual time=603.934..608.399 rows=197 loops=1)
Gather  (cost=1000.00..340864.31 rows=26 width=21) (actual time=435.544..607.167 rows=84 loops=1)
Gather Merge  (cost=340862.28..340867.88 rows=48 width=131) (actual time=627.815..632.360 rows=110 loops=1)
Gather  (cost=1000.00..340864.31 rows=26 width=21) (actual time=352.374..611.838 rows=81 loops=1)
Gather Merge  (cost=340862.28..340867.88 rows=48 width=131) (actual time=621.784..626.397 rows=106 loops=1)
Gather  (cost=1000.00..340864.31 rows=26 width=21) (actual time=325.462..590.200 rows=44 loops=1)
Gather  (cost=1000.00..340883.11 rows=214 width=140) (actual time=478.858..606.764 rows=160 loops=1)
Gather  (cost=1000.00..340869.01 rows=73 width=140) (actual time=312.375..629.641 rows=195 loops=1)
Gather  (cost=1000.00..340869.01 rows=73 width=403) (actual time=309.897..620.481 rows=195 loops=1)
Gather Merge  (cost=340862.28..340867.88 rows=48 width=131) (actual time=621.141..625.690 rows=81 loops=1)
Gather  (cost=1000.00..340868.81 rows=71 width=140) (actual time=249.006..588.514 rows=196 loops=1)
Gather  (cost=1000.00..340864.41 rows=27 width=21) (actual time=34.736..645.440 rows=44 loops=1)
Gather  (cost=1000.00..340864.41 rows=27 width=21) (actual time=522.468..623.171 rows=96 loops=1)
Gather Merge  (cost=340862.28..340867.88 rows=48 width=131) (actual time=626.551..630.962 rows=60 loops=1)
Gather Merge  (cost=340862.28..340867.88 rows=48 width=131) (actual time=598.267..602.984 rows=30 loops=1)
Gather Merge  (cost=340862.31..340868.15 rows=50 width=131) (actual time=639.472..644.074 rows=22 loops=1)
Gather  (cost=1000.00..340875.61 rows=139 width=21) (actual time=33.375..610.329 rows=84 loops=1)
Gather  (cost=1000.00..340875.31 rows=136 width=140) (actual time=16.669..620.749 rows=172 loops=1)
Gather  (cost=1000.00..340883.61 rows=219 width=140) (actual time=295.453..588.688 rows=282 loops=1)
Gather Merge  (cost=340884.98..341005.39 rows=1032 width=131) (actual time=627.204..631.949 rows=1676 loops=1)
Gather  (cost=1000.00..340864.41 rows=27 width=21) (actual time=238.701..607.392 rows=70 loops=1)
Gather  (cost=1000.00..340864.41 rows=27 width=21) (actual time=195.112..628.691 rows=54 loops=1)
Gather  (cost=1000.00..340864.31 rows=26 width=21) (actual time=345.539..605.682 rows=50 loops=1)
Gather Merge  (cost=340864.94..340887.57 rows=194 width=131) (actual time=598.995..603.478 rows=218 loops=1)
Gather Merge  (cost=340864.94..340887.57 rows=194 width=131) (actual time=624.674..629.368 rows=394 loops=1)
Gather  (cost=1000.00..340864.31 rows=26 width=21) (actual time=357.420..622.365 rows=54 loops=1)
Gather  (cost=1000.00..340864.41 rows=27 width=21) (actual time=28.432..620.887 rows=48 loops=1)
Gather  (cost=1000.00..340864.31 rows=26 width=21) (actual time=325.135..608.027 rows=64 loops=1)
Gather  (cost=1000.00..340873.11 rows=114 width=21) (actual time=467.354..586.583 rows=126 loops=1)
Gather  (cost=1000.00..340864.41 rows=27 width=140) (actual time=185.739..611.342 rows=16 loops=1)
Gather  (cost=1000.00..340873.11 rows=114 width=21) (actual time=493.980..617.486 rows=126 loops=1)
Gather  (cost=1000.00..340864.41 rows=27 width=21) (actual time=255.402..612.284 rows=30 loops=1)
Gather  (cost=1000.00..340868.31 rows=66 width=21) (actual time=422.258..611.260 rows=96 loops=1)
Gather  (cost=1000.00..340877.61 rows=159 width=21) (actual time=402.351..586.319 rows=300 loops=1)
Gather Merge  (cost=340862.28..340867.88 rows=48 width=131) (actual time=637.145..641.727 rows=78 loops=1)
Gather  (cost=1000.00..340864.41 rows=27 width=140) (actual time=263.030..622.532 rows=75 loops=1)
Gather  (cost=1000.00..340864.31 rows=26 width=21) (actual time=488.342..616.974 rows=50 loops=1)
Gather  (cost=1000.00..340864.41 rows=27 width=140) (actual time=198.727..586.533 rows=36 loops=1)
Gather Merge  (cost=340862.28..340867.88 rows=48 width=131) (actual time=614.371..618.851 rows=88 loops=1)
Gather  (cost=1000.00..340864.41 rows=27 width=21) (actual time=308.516..615.671 rows=36 loops=1)
Gather  (cost=1000.00..340864.31 rows=26 width=21) (actual time=576.842..613.529 rows=54 loops=1)
Gather Merge  (cost=340862.28..340867.88 rows=48 width=131) (actual time=617.429..621.946 rows=42 loops=1)
Gather  (cost=1000.00..340864.41 rows=27 width=21) (actual time=573.826..591.322 rows=48 loops=1)
Gather  (cost=1000.00..340864.41 rows=27 width=21) (actual time=199.654..624.742 rows=36 loops=1)
Gather  (cost=1000.00..340871.01 rows=93 width=21) (actual time=435.294..617.260 rows=162 loops=1)
Gather  (cost=1000.00..340868.61 rows=69 width=21) (actual time=534.743..609.972 rows=38 loops=1)
Gather  (cost=1000.00..340876.21 rows=145 width=140) (actual time=102.701..590.979 rows=210 loops=1)
Gather  (cost=1000.00..340868.31 rows=66 width=21) (actual time=153.452..613.339 rows=86 loops=1)
Gather Merge  (cost=340862.31..340868.15 rows=50 width=131) (actual time=628.418..632.766 rows=80 loops=1)
Gather Merge  (cost=340862.28..340867.88 rows=48 width=131) (actual time=625.528..630.102 rows=40 loops=1)
Gather Merge  (cost=340862.28..340867.88 rows=48 width=131) (actual time=617.449..622.143 rows=18 loops=1)
Gather  (cost=1000.00..340864.31 rows=26 width=140) (actual time=467.427..589.109 rows=42 loops=1)
Gather Merge  (cost=340862.28..340867.88 rows=48 width=131) (actual time=646.609..651.182 rows=52 loops=1)
Gather  (cost=1000.00..340869.21 rows=75 width=140) (actual time=526.059..609.824 rows=33 loops=1)
Gather  (cost=1000.00..340882.41 rows=207 width=21) (actual time=364.440..606.341 rows=78 loops=1)
Gather Merge  (cost=340862.28..340867.88 rows=48 width=131) (actual time=604.274..608.748 rows=60 loops=1)
Gather Merge  (cost=340862.28..340867.88 rows=48 width=131) (actual time=643.162..647.714 rows=111 loops=1)
Gather  (cost=1000.00..340868.11 rows=64 width=21) (actual time=447.705..603.140 rows=54 loops=1)
Gather  (cost=1000.00..340864.41 rows=27 width=140) (actual time=117.014..619.844 rows=75 loops=1)
Gather  (cost=1000.00..340876.91 rows=152 width=21) (actual time=79.743..583.944 rows=111 loops=1)
Gather  (cost=1000.00..340864.31 rows=26 width=21) (actual time=439.197..588.680 rows=50 loops=1)
Gather  (cost=1000.00..340864.41 rows=27 width=21) (actual time=530.867..625.333 rows=30 loops=1)
Gather  (cost=1000.00..340864.41 rows=27 width=21) (actual time=595.511..607.357 rows=52 loops=1)
Gather  (cost=1000.00..340869.11 rows=74 width=140) (actual time=110.917..618.314 rows=220 loops=1)
Gather  (cost=1000.00..340869.11 rows=74 width=403) (actual time=106.390..590.165 rows=220 loops=1)
Gather  (cost=1000.00..340864.41 rows=27 width=21) (actual time=252.645..587.661 rows=58 loops=1)
Gather Merge  (cost=340862.28..340867.88 rows=48 width=131) (actual time=648.364..653.015 rows=84 loops=1)
Gather  (cost=1000.00..340922.51 rows=608 width=21) (actual time=421.181..608.956 rows=636 loops=1)
Gather  (cost=1000.00..340864.31 rows=26 width=21) (actual time=367.651..611.299 rows=50 loops=1)
Gather  (cost=1000.00..340864.31 rows=26 width=21) (actual time=307.361..590.022 rows=56 loops=1)
Gather  (cost=1000.00..340876.41 rows=147 width=140) (actual time=140.548..609.073 rows=75 loops=1)
Gather  (cost=1000.00..340876.41 rows=147 width=403) (actual time=138.474..608.599 rows=75 loops=1)
Gather Merge  (cost=340862.31..340868.15 rows=50 width=131) (actual time=629.504..637.434 rows=103 loops=1)
Gather  (cost=1000.00..340868.61 rows=69 width=21) (actual time=62.508..615.218 rows=105 loops=1)
Gather  (cost=1000.00..340864.41 rows=27 width=21) (actual time=501.772..592.163 rows=164 loops=1)
Gather  (cost=1000.00..340864.31 rows=26 width=21) (actual time=419.840..626.126 rows=98 loops=1)
Gather Merge  (cost=340862.28..340867.88 rows=48 width=131) (actual time=628.160..633.753 rows=28 loops=1)
Gather Merge  (cost=340862.31..340868.15 rows=50 width=131) (actual time=636.068..640.753 rows=202 loops=1)
Gather  (cost=1000.00..340879.21 rows=175 width=21) (actual time=443.064..588.544 rows=201 loops=1)
Gather  (cost=1000.00..340864.41 rows=27 width=140) (actual time=27.751..611.898 rows=52 loops=1)
Gather  (cost=1000.00..340864.31 rows=26 width=140) (actual time=516.335..595.976 rows=36 loops=1)
Gather  (cost=1000.00..340864.31 rows=26 width=403) (actual time=535.668..629.689 rows=36 loops=1)
Gather  (cost=1000.00..340864.41 rows=27 width=21) (actual time=241.243..615.503 rows=40 loops=1)
Gather  (cost=1000.00..340864.41 rows=27 width=21) (actual time=596.423..607.902 rows=80 loops=1)
Gather  (cost=1000.00..340869.51 rows=78 width=21) (actual time=374.677..587.789 rows=120 loops=1)
Gather Merge  (cost=340862.28..340867.88 rows=48 width=131) (actual time=642.127..646.725 rows=44 loops=1)
Gather  (cost=1000.00..340864.41 rows=27 width=21) (actual time=499.748..605.824 rows=52 loops=1)
Gather  (cost=1000.00..340876.11 rows=144 width=21) (actual time=406.626..620.817 rows=156 loops=1)
Gather  (cost=1000.00..340864.31 rows=26 width=140) (actual time=403.470..586.447 rows=45 loops=1)
Gather  (cost=1000.00..340864.41 rows=27 width=140) (actual time=603.781..618.612 rows=78 loops=1)
Gather Merge  (cost=340862.28..340867.88 rows=48 width=131) (actual time=609.392..614.009 rows=84 loops=1)
Gather Merge  (cost=340863.99..340881.03 rows=146 width=131) (actual time=631.158..637.987 rows=126 loops=1)
Gather Merge  (cost=340862.31..340868.15 rows=50 width=131) (actual time=599.904..604.422 rows=88 loops=1)
Gather  (cost=1000.00..340864.41 rows=27 width=140) (actual time=495.342..610.997 rows=15 loops=1)
Gather  (cost=1000.00..340870.11 rows=84 width=140) (actual time=379.568..603.537 rows=84 loops=1)
Gather  (cost=1000.00..340870.11 rows=84 width=403) (actual time=391.559..614.771 rows=84 loops=1)
Gather  (cost=1000.00..340864.31 rows=26 width=21) (actual time=485.860..608.055 rows=50 loops=1)
Gather  (cost=1000.00..340864.41 rows=27 width=21) (actual time=37.950..610.393 rows=48 loops=1)
Gather Merge  (cost=340862.28..340867.88 rows=48 width=131) (actual time=613.065..619.612 rows=98 loops=1)
Gather  (cost=1000.00..340864.31 rows=26 width=21) (actual time=417.821..622.199 rows=74 loops=1)
Gather  (cost=1000.00..340864.31 rows=26 width=21) (actual time=315.020..607.671 rows=44 loops=1)
Gather Merge  (cost=340862.31..340868.15 rows=50 width=131) (actual time=620.447..624.888 rows=33 loops=1)
Gather  (cost=1000.00..340864.41 rows=27 width=21) (actual time=171.887..586.994 rows=50 loops=1)
Gather Merge  (cost=340862.28..340867.88 rows=48 width=131) (actual time=645.205..649.837 rows=39 loops=1)
Gather  (cost=1000.00..340864.41 rows=27 width=21) (actual time=489.425..612.111 rows=56 loops=1)
Gather  (cost=1000.00..340864.31 rows=26 width=21) (actual time=416.160..605.718 rows=40 loops=1)
Gather Merge  (cost=340864.89..340887.30 rows=192 width=131) (actual time=600.092..604.475 rows=265 loops=1)
Gather  (cost=1000.00..340878.81 rows=171 width=140) (actual time=48.013..609.418 rows=96 loops=1)
Gather Merge  (cost=340862.28..340867.88 rows=48 width=131) (actual time=637.148..641.885 rows=76 loops=1)
Gather  (cost=1000.00..340864.41 rows=27 width=21) (actual time=140.977..615.679 rows=46 loops=1)
Gather Merge  (cost=340870.43..340922.47 rows=446 width=131) (actual time=616.736..621.138 rows=535 loops=1)
Gather Merge  (cost=340862.31..340868.15 rows=50 width=131) (actual time=597.763..602.379 rows=124 loops=1)
Gather  (cost=1000.00..340871.11 rows=94 width=140) (actual time=487.955..628.435 rows=246 loops=1)
Gather Merge  (cost=340862.28..340867.88 rows=48 width=131) (actual time=616.975..621.637 rows=45 loops=1)
Gather Merge  (cost=340862.28..340867.88 rows=48 width=131) (actual time=634.599..639.234 rows=36 loops=1)
Gather  (cost=1000.00..340864.31 rows=26 width=21) (actual time=423.708..626.765 rows=75 loops=1)
Gather  (cost=1000.00..340864.41 rows=27 width=21) (actual time=40.057..596.194 rows=60 loops=1)
Gather  (cost=1000.00..340864.31 rows=26 width=140) (actual time=365.838..608.574 rows=45 loops=1)
Gather  (cost=1000.00..340864.31 rows=26 width=21) (actual time=486.985..644.163 rows=38 loops=1)
Gather  (cost=1000.00..340864.31 rows=26 width=21) (actual time=330.198..608.446 rows=36 loops=1)
Gather  (cost=1000.00..340872.51 rows=108 width=21) (actual time=172.113..610.150 rows=176 loops=1)
Gather  (cost=1000.00..340864.41 rows=27 width=21) (actual time=369.947..587.814 rows=48 loops=1)
Gather  (cost=1000.00..340876.01 rows=143 width=21) (actual time=486.301..628.186 rows=210 loops=1)
Gather Merge  (cost=340862.28..340867.88 rows=48 width=131) (actual time=617.926..622.938 rows=66 loops=1)
Gather Merge  (cost=340862.31..340868.15 rows=50 width=131) (actual time=635.374..639.962 rows=110 loops=1)
Gather  (cost=1000.00..340864.41 rows=27 width=140) (actual time=129.929..586.751 rows=18 loops=1)
Gather Merge  (cost=340862.28..340867.88 rows=48 width=131) (actual time=624.784..629.393 rows=68 loops=1)
Gather Merge  (cost=340862.31..340868.15 rows=50 width=131) (actual time=612.612..617.294 rows=202 loops=1)
Gather  (cost=1000.00..340870.11 rows=84 width=21) (actual time=141.005..611.559 rows=56 loops=1)
Gather  (cost=1000.00..340864.41 rows=27 width=21) (actual time=410.139..620.814 rows=44 loops=1)
Gather Merge  (cost=340862.28..340867.88 rows=48 width=131) (actual time=600.228..604.913 rows=95 loops=1)
Gather  (cost=1000.00..340868.31 rows=66 width=21) (actual time=550.616..612.968 rows=117 loops=1)
Gather  (cost=1000.00..340864.41 rows=27 width=21) (actual time=379.169..609.118 rows=75 loops=1)
Gather  (cost=1000.00..340864.41 rows=27 width=21) (actual time=226.108..624.106 rows=54 loops=1)
Gather  (cost=1000.00..340864.31 rows=26 width=21) (actual time=465.371..605.656 rows=54 loops=1)
Gather  (cost=1000.00..340869.81 rows=81 width=140) (actual time=544.967..591.058 rows=84 loops=1)
Gather  (cost=1000.00..340864.41 rows=27 width=21) (actual time=509.538..610.652 rows=72 loops=1)
Gather  (cost=1000.00..340879.81 rows=181 width=140) (actual time=188.956..617.634 rows=156 loops=1)
Gather Merge  (cost=340862.28..340867.88 rows=48 width=131) (actual time=625.358..629.894 rows=44 loops=1)
Gather  (cost=1000.00..340864.31 rows=26 width=21) (actual time=567.744..605.321 rows=52 loops=1)
Gather Merge  (cost=340868.30..340909.37 rows=352 width=131) (actual time=599.866..604.322 rows=307 loops=1)
Gather  (cost=1000.00..340873.31 rows=116 width=140) (actual time=132.619..634.577 rows=48 loops=1)
Gather  (cost=1000.00..340864.31 rows=26 width=21) (actual time=367.419..616.148 rows=34 loops=1)
Gather  (cost=1000.00..340864.41 rows=27 width=21) (actual time=12.727..611.542 rows=108 loops=1)
Gather Merge  (cost=340862.31..340868.15 rows=50 width=131) (actual time=602.044..606.421 rows=63 loops=1)
Gather  (cost=1000.00..340864.41 rows=27 width=21) (actual time=611.787..625.133 rows=32 loops=1)
Gather  (cost=1000.00..340868.21 rows=65 width=21) (actual time=497.163..609.159 rows=68 loops=1)
Gather Merge  (cost=340862.28..340867.88 rows=48 width=131) (actual time=634.566..639.146 rows=72 loops=1)
Gather  (cost=1000.00..340924.11 rows=624 width=21) (actual time=233.855..585.321 rows=567 loops=1)
Gather  (cost=1000.00..340877.01 rows=153 width=21) (actual time=412.052..615.645 rows=156 loops=1)
Gather  (cost=1000.00..340864.41 rows=27 width=21) (actual time=262.846..600.708 rows=132 loops=1)
Gather Merge  (cost=340862.28..340867.88 rows=48 width=131) (actual time=640.349..644.888 rows=65 loops=1)
Gather Merge  (cost=340862.28..340867.88 rows=48 width=131) (actual time=615.314..619.813 rows=245 loops=1)
Gather Merge  (cost=340862.28..340867.88 rows=48 width=131) (actual time=600.752..605.501 rows=78 loops=1)
Gather Merge  (cost=340862.28..340867.88 rows=48 width=131) (actual time=625.186..629.740 rows=48 loops=1)
Gather  (cost=1000.00..340864.41 rows=27 width=21) (actual time=593.623..602.993 rows=46 loops=1)
Gather  (cost=1000.00..340864.41 rows=27 width=21) (actual time=206.335..609.899 rows=100 loops=1)
Gather  (cost=1000.00..340864.41 rows=27 width=21) (actual time=589.599..607.307 rows=50 loops=1)
Gather  (cost=1000.00..340864.31 rows=26 width=21) (actual time=413.551..588.413 rows=50 loops=1)
Gather  (cost=1000.00..340870.31 rows=86 width=21) (actual time=623.108..634.875 rows=44 loops=1)
Gather  (cost=1000.00..340864.41 rows=27 width=140) (actual time=294.759..600.731 rows=42 loops=1)
Gather  (cost=1000.00..340870.01 rows=83 width=21) (actual time=333.786..635.057 rows=100 loops=1)
Gather  (cost=1000.00..340875.61 rows=139 width=140) (actual time=159.945..587.638 rows=192 loops=1)
Gather  (cost=1000.00..340878.81 rows=171 width=21) (actual time=49.428..611.978 rows=96 loops=1)
Gather Merge  (cost=340862.28..340867.88 rows=48 width=131) (actual time=624.891..629.857 rows=39 loops=1)
Gather Merge  (cost=340862.28..340867.88 rows=48 width=131) (actual time=641.281..645.876 rows=86 loops=1)
Gather  (cost=1000.00..340864.41 rows=27 width=140) (actual time=14.635..621.228 rows=108 loops=1)
Gather  (cost=1000.00..340874.91 rows=132 width=21) (actual time=378.588..590.619 rows=94 loops=1)
Gather  (cost=1000.00..340868.81 rows=71 width=21) (actual time=493.971..618.445 rows=69 loops=1)
Gather  (cost=1000.00..340864.51 rows=28 width=21) (actual time=97.356..604.654 rows=42 loops=1)
Gather  (cost=1000.00..340864.31 rows=26 width=140) (actual time=357.592..611.961 rows=24 loops=1)
Gather  (cost=1000.00..340864.41 rows=27 width=140) (actual time=396.767..606.944 rows=42 loops=1)
Gather  (cost=1000.00..340870.61 rows=89 width=21) (actual time=577.396..586.528 rows=66 loops=1)
Gather  (cost=1000.00..340923.51 rows=618 width=21) (actual time=511.012..633.307 rows=644 loops=1)
Gather Merge  (cost=340862.31..340868.15 rows=50 width=131) (actual time=621.056..625.592 rows=30 loops=1)
Gather  (cost=1000.00..340924.21 rows=625 width=21) (actual time=282.740..608.309 rows=896 loops=1)
Gather Merge  (cost=340871.18..340926.95 rows=478 width=131) (actual time=599.541..604.007 rows=531 loops=1)
Gather  (cost=1000.00..340864.31 rows=26 width=21) (actual time=469.506..610.545 rows=54 loops=1)
Gather Merge  (cost=340862.28..340867.88 rows=48 width=131) (actual time=624.378..628.985 rows=96 loops=1)
Gather  (cost=1000.00..340876.01 rows=143 width=21) (actual time=443.105..624.737 rows=98 loops=1)
Gather  (cost=1000.00..340864.31 rows=26 width=21) (actual time=437.133..608.376 rows=54 loops=1)
Gather  (cost=1000.00..340876.31 rows=146 width=21) (actual time=281.390..589.939 rows=92 loops=1)
Gather  (cost=1000.00..340864.41 rows=27 width=140) (actual time=196.370..640.386 rows=26 loops=1)
Gather  (cost=1000.00..340864.31 rows=26 width=21) (actual time=528.354..603.896 rows=58 loops=1)
Gather  (cost=1000.00..340876.01 rows=143 width=21) (actual time=220.809..621.687 rows=138 loops=1)
Gather  (cost=1000.00..340864.31 rows=26 width=21) (actual time=313.101..586.527 rows=50 loops=1)
Gather  (cost=1000.00..340922.21 rows=605 width=21) (actual time=306.050..617.785 rows=553 loops=1)
Gather Merge  (cost=340862.28..340867.88 rows=48 width=131) (actual time=596.789..601.477 rows=76 loops=1)
Gather  (cost=1000.00..340864.31 rows=26 width=140) (actual time=593.645..631.892 rows=36 loops=1)
Gather  (cost=1000.00..340868.21 rows=65 width=21) (actual time=103.961..608.327 rows=42 loops=1)
Gather  (cost=1000.00..340864.31 rows=26 width=21) (actual time=367.278..611.902 rows=87 loops=1)
Gather Merge  (cost=340862.28..340867.88 rows=48 width=131) (actual time=598.046..602.757 rows=44 loops=1)
Gather Merge  (cost=340862.28..340867.88 rows=48 width=131) (actual time=688.807..693.332 rows=40 loops=1)
Gather  (cost=1000.00..340864.41 rows=27 width=21) (actual time=204.115..613.293 rows=46 loops=1)
Gather  (cost=1000.00..340864.31 rows=26 width=140) (actual time=547.763..618.650 rows=27 loops=1)
Gather  (cost=1000.00..340868.21 rows=65 width=21) (actual time=35.308..589.744 rows=98 loops=1)
Gather Merge  (cost=340864.98..340887.84 rows=196 width=131) (actual time=629.330..633.876 rows=178 loops=1)
Gather  (cost=1000.00..340864.41 rows=27 width=21) (actual time=383.120..600.171 rows=28 loops=1)
Gather  (cost=1000.00..340899.81 rows=381 width=140) (actual time=216.540..643.264 rows=486 loops=1)
Gather  (cost=1000.00..340868.51 rows=68 width=21) (actual time=249.259..628.590 rows=150 loops=1)
Gather  (cost=1000.00..340864.31 rows=26 width=21) (actual time=426.977..591.597 rows=96 loops=1)
Gather  (cost=1000.00..340864.41 rows=27 width=21) (actual time=165.129..609.548 rows=108 loops=1)
Gather  (cost=1000.00..340864.41 rows=27 width=140) (actual time=247.310..632.749 rows=100 loops=1)
Gather Merge  (cost=340862.31..340868.15 rows=50 width=131) (actual time=617.302..621.775 rows=104 loops=1)
Gather Merge  (cost=340862.31..340868.15 rows=50 width=131) (actual time=619.792..624.279 rows=59 loops=1)
Gather  (cost=1000.00..340870.21 rows=85 width=21) (actual time=204.410..593.252 rows=42 loops=1)
Gather  (cost=1000.00..340864.51 rows=28 width=21) (actual time=121.658..618.946 rows=60 loops=1)
Gather Merge  (cost=340862.28..340867.88 rows=48 width=131) (actual time=625.063..631.063 rows=46 loops=1)
Gather  (cost=1000.00..340864.41 rows=27 width=140) (actual time=596.117..617.355 rows=33 loops=1)
Gather  (cost=1000.00..340864.41 rows=27 width=140) (actual time=297.449..618.567 rows=36 loops=1)
Gather Merge  (cost=340862.31..340868.15 rows=50 width=131) (actual time=598.730..603.181 rows=216 loops=1)
Gather  (cost=1000.00..340864.51 rows=28 width=21) (actual time=87.993..633.760 rows=40 loops=1)
Gather  (cost=1000.00..340864.31 rows=26 width=140) (actual time=430.321..639.503 rows=75 loops=1)
Gather Merge  (cost=340862.31..340868.15 rows=50 width=131) (actual time=635.819..640.417 rows=50 loops=1)
Gather  (cost=1000.00..340868.91 rows=72 width=21) (actual time=161.144..588.809 rows=78 loops=1)
Gather Merge  (cost=340862.31..340868.15 rows=50 width=131) (actual time=626.851..631.284 rows=115 loops=1)
Gather  (cost=1000.00..340868.61 rows=69 width=140) (actual time=526.746..587.581 rows=42 loops=1)
Gather Merge  (cost=340862.28..340867.88 rows=48 width=131) (actual time=653.363..657.946 rows=14 loops=1)
Gather  (cost=1000.00..340864.41 rows=27 width=21) (actual time=62.886..608.933 rows=72 loops=1)
Gather  (cost=1000.00..340864.51 rows=28 width=21) (actual time=84.743..613.458 rows=58 loops=1)
Gather Merge  (cost=340862.31..340868.15 rows=50 width=131) (actual time=598.267..602.669 rows=144 loops=1)
Gather  (cost=1000.00..340864.41 rows=27 width=21) (actual time=202.303..635.847 rows=78 loops=1)
Gather  (cost=1000.00..340871.61 rows=99 width=140) (actual time=98.845..613.204 rows=35 loops=1)
Gather  (cost=1000.00..340864.41 rows=27 width=21) (actual time=199.165..610.080 rows=46 loops=1)
Gather Merge  (cost=340864.03..340881.30 rows=148 width=131) (actual time=596.234..600.929 rows=112 loops=1)
Gather  (cost=1000.00..340864.31 rows=26 width=140) (actual time=433.224..610.957 rows=33 loops=1)
Gather  (cost=1000.00..340864.31 rows=26 width=21) (actual time=468.414..619.124 rows=66 loops=1)
Gather Merge  (cost=340862.31..340868.15 rows=50 width=131) (actual time=627.062..632.624 rows=91 loops=1)
Gather Merge  (cost=340862.31..340868.15 rows=50 width=131) (actual time=640.335..644.930 rows=42 loops=1)
Gather  (cost=1000.00..340869.31 rows=76 width=21) (actual time=442.020..593.282 rows=104 loops=1)
Gather  (cost=1000.00..340878.51 rows=168 width=21) (actual time=202.032..610.806 rows=220 loops=1)
Gather  (cost=1000.00..340864.41 rows=27 width=21) (actual time=292.756..617.807 rows=42 loops=1)
Gather  (cost=1000.00..340870.61 rows=89 width=140) (actual time=244.073..612.411 rows=99 loops=1)
Gather  (cost=1000.00..340870.61 rows=89 width=403) (actual time=252.389..607.724 rows=99 loops=1)
Gather  (cost=1000.00..340877.21 rows=155 width=21) (actual time=458.110..588.727 rows=220 loops=1)
Gather  (cost=1000.00..340864.41 rows=27 width=21) (actual time=118.799..635.577 rows=44 loops=1)
Gather  (cost=1000.00..340864.51 rows=28 width=21) (actual time=73.797..615.644 rows=36 loops=1)
Gather  (cost=1000.00..340864.41 rows=27 width=21) (actual time=70.361..630.376 rows=48 loops=1)
Gather  (cost=1000.00..340864.41 rows=27 width=21) (actual time=602.022..615.493 rows=40 loops=1)
Gather  (cost=1000.00..340868.91 rows=72 width=21) (actual time=521.635..592.758 rows=52 loops=1)
Gather  (cost=1000.00..340864.51 rows=28 width=21) (actual time=76.695..629.538 rows=36 loops=1)
Gather Merge  (cost=340862.28..340867.88 rows=48 width=131) (actual time=614.316..618.810 rows=156 loops=1)
Gather  (cost=1000.00..340864.41 rows=27 width=21) (actual time=28.594..626.826 rows=50 loops=1)
Gather  (cost=1000.00..340864.31 rows=26 width=21) (actual time=442.172..590.450 rows=38 loops=1)
Gather  (cost=1000.00..340880.01 rows=183 width=140) (actual time=201.982..615.824 rows=90 loops=1)
Gather  (cost=1000.00..340871.31 rows=96 width=21) (actual time=56.575..601.117 rows=140 loops=1)
Gather  (cost=1000.00..340875.21 rows=135 width=140) (actual time=560.195..613.996 rows=66 loops=1)
Gather  (cost=1000.00..340864.31 rows=26 width=21) (actual time=445.779..612.881 rows=84 loops=1)
Gather  (cost=1000.00..340864.51 rows=28 width=21) (actual time=102.790..609.480 rows=44 loops=1)
Gather  (cost=1000.00..340877.21 rows=155 width=21) (actual time=323.329..591.199 rows=162 loops=1)
Gather Merge  (cost=340862.28..340867.88 rows=48 width=131) (actual time=667.180..671.616 rows=39 loops=1)
Gather  (cost=1000.00..340864.31 rows=26 width=140) (actual time=345.618..613.950 rows=56 loops=1)
Gather  (cost=1000.00..340864.41 rows=27 width=140) (actual time=275.949..623.236 rows=21 loops=1)
Gather Merge  (cost=340862.31..340868.15 rows=50 width=131) (actual time=598.748..603.282 rows=87 loops=1)
Gather  (cost=1000.00..340864.41 rows=27 width=140) (actual time=300.640..613.226 rows=20 loops=1)
Gather Merge  (cost=340864.26..340882.93 rows=160 width=131) (actual time=618.301..622.931 rows=105 loops=1)
Gather Merge  (cost=340862.31..340868.15 rows=50 width=131) (actual time=659.309..663.885 rows=66 loops=1)
Gather Merge  (cost=340862.31..340868.15 rows=50 width=131) (actual time=613.886..618.429 rows=42 loops=1)
Gather  (cost=1000.00..340864.41 rows=27 width=21) (actual time=250.310..597.988 rows=76 loops=1)
Gather  (cost=1000.00..340864.41 rows=27 width=21) (actual time=251.147..595.299 rows=99 loops=1)
Gather  (cost=1000.00..340864.41 rows=27 width=140) (actual time=214.210..632.092 rows=80 loops=1)
Gather  (cost=1000.00..340864.41 rows=27 width=21) (actual time=47.531..613.659 rows=32 loops=1)
Gather  (cost=1000.00..340864.31 rows=26 width=21) (actual time=417.248..616.214 rows=117 loops=1)
Gather Merge  (cost=340863.99..340881.03 rows=146 width=131) (actual time=597.730..602.354 rows=182 loops=1)
Gather Merge  (cost=340862.28..340867.88 rows=48 width=131) (actual time=635.082..639.901 rows=40 loops=1)
Gather  (cost=1000.00..340868.31 rows=66 width=21) (actual time=533.362..600.904 rows=120 loops=1)
Gather  (cost=1000.00..340864.41 rows=27 width=21) (actual time=287.579..620.107 rows=38 loops=1)
Gather  (cost=1000.00..340868.31 rows=66 width=21) (actual time=552.385..600.262 rows=110 loops=1)
Gather Merge  (cost=340862.28..340867.88 rows=48 width=131) (actual time=603.665..608.095 rows=40 loops=1)
Gather  (cost=1000.00..340898.11 rows=364 width=21) (actual time=338.225..605.532 rows=428 loops=1)
Gather  (cost=1000.00..340878.91 rows=172 width=21) (actual time=561.602..624.643 rows=116 loops=1)
Gather  (cost=1000.00..340864.41 rows=27 width=21) (actual time=1.482..607.869 rows=86 loops=1)
Gather Merge  (cost=340862.28..340867.88 rows=48 width=131) (actual time=623.959..628.571 rows=75 loops=1)
Gather  (cost=1000.00..340864.41 rows=27 width=403) (actual time=574.975..589.214 rows=75 loops=1)
Gather  (cost=1000.00..340864.31 rows=26 width=21) (actual time=471.846..669.238 rows=42 loops=1)
Gather  (cost=1000.00..340871.11 rows=94 width=140) (actual time=30.523..616.158 rows=30 loops=1)
Gather Merge  (cost=340862.28..340867.88 rows=48 width=131) (actual time=627.931..632.542 rows=60 loops=1)
Gather  (cost=1000.00..340875.81 rows=141 width=21) (actual time=131.487..591.185 rows=174 loops=1)
Gather  (cost=1000.00..340922.21 rows=605 width=21) (actual time=344.309..628.866 rows=553 loops=1)
Gather  (cost=1000.00..340864.41 rows=27 width=21) (actual time=233.420..596.592 rows=44 loops=1)
Gather  (cost=1000.00..340876.01 rows=143 width=140) (actual time=508.593..644.178 rows=75 loops=1)
Gather  (cost=1000.00..340873.91 rows=122 width=21) (actual time=451.286..623.588 rows=155 loops=1)
Gather  (cost=1000.00..340864.41 rows=27 width=140) (actual time=135.414..620.079 rows=60 loops=1)
Gather  (cost=1000.00..340864.41 rows=27 width=21) (actual time=579.672..596.133 rows=108 loops=1)
Gather Merge  (cost=340862.28..340867.88 rows=48 width=131) (actual time=678.667..683.136 rows=45 loops=1)
Gather Merge  (cost=340864.11..340881.84 rows=152 width=131) (actual time=623.992..628.682 rows=208 loops=1)
Gather Merge  (cost=340864.19..340882.39 rows=156 width=131) (actual time=620.202..624.823 rows=110 loops=1)
Gather Merge  (cost=340862.28..340867.88 rows=48 width=131) (actual time=607.395..614.004 rows=132 loops=1)
Gather  (cost=1000.00..340864.31 rows=26 width=21) (actual time=444.552..615.572 rows=98 loops=1)
Gather Merge  (cost=340862.31..340868.15 rows=50 width=131) (actual time=631.552..636.141 rows=51 loops=1)
Gather Merge  (cost=340862.28..340867.88 rows=48 width=131) (actual time=622.843..627.565 rows=42 loops=1)
Gather  (cost=1000.00..340864.41 rows=27 width=140) (actual time=131.481..615.715 rows=20 loops=1)
Gather  (cost=1000.00..340864.41 rows=27 width=21) (actual time=165.095..589.530 rows=42 loops=1)
Gather  (cost=1000.00..340864.31 rows=26 width=21) (actual time=479.741..630.169 rows=87 loops=1)
Gather Merge  (cost=340862.31..340868.15 rows=50 width=131) (actual time=613.240..617.964 rows=52 loops=1)
Gather  (cost=1000.00..340864.41 rows=27 width=21) (actual time=254.357..624.848 rows=51 loops=1)
Gather  (cost=1000.00..340864.41 rows=27 width=140) (actual time=210.960..587.203 rows=27 loops=1)
Gather Merge  (cost=340862.31..340868.15 rows=50 width=131) (actual time=632.051..636.529 rows=36 loops=1)
Gather Merge  (cost=340862.31..340868.15 rows=50 width=131) (actual time=597.026..601.715 rows=45 loops=1)
Gather Merge  (cost=340862.31..340868.15 rows=50 width=131) (actual time=642.113..646.666 rows=24 loops=1)
Gather  (cost=1000.00..340873.51 rows=118 width=21) (actual time=173.377..613.902 rows=108 loops=1)
Gather Merge  (cost=340862.28..340867.88 rows=48 width=131) (actual time=623.569..628.087 rows=421 loops=1)
Gather  (cost=1000.00..340864.31 rows=26 width=21) (actual time=525.309..590.668 rows=50 loops=1)
Gather Merge  (cost=340862.28..340867.88 rows=48 width=131) (actual time=649.487..654.029 rows=64 loops=1)
Gather  (cost=1000.00..340864.51 rows=28 width=21) (actual time=91.695..606.620 rows=60 loops=1)
Gather  (cost=1000.00..340864.41 rows=27 width=21) (actual time=289.929..609.678 rows=32 loops=1)
Gather  (cost=1000.00..340864.31 rows=26 width=21) (actual time=449.272..594.058 rows=60 loops=1)
Gather Merge  (cost=340862.31..340868.15 rows=50 width=131) (actual time=621.677..626.012 rows=24 loops=1)
Gather Merge  (cost=340862.28..340867.88 rows=48 width=131) (actual time=639.769..644.469 rows=45 loops=1)
Gather  (cost=1000.00..340864.41 rows=27 width=403) (actual time=274.773..602.348 rows=45 loops=1)
Gather Merge  (cost=340862.31..340868.15 rows=50 width=131) (actual time=627.440..632.155 rows=48 loops=1)
Gather  (cost=1000.00..340864.31 rows=26 width=21) (actual time=411.550..587.422 rows=48 loops=1)
Gather  (cost=1000.00..340864.31 rows=26 width=21) (actual time=549.643..609.956 rows=75 loops=1)
Gather  (cost=1000.00..340864.41 rows=27 width=21) (actual time=178.167..613.059 rows=42 loops=1)
Gather Merge  (cost=340862.31..340868.15 rows=50 width=131) (actual time=627.508..632.166 rows=39 loops=1)
Gather  (cost=1000.00..340864.31 rows=26 width=21) (actual time=442.327..606.803 rows=50 loops=1)
Gather  (cost=1000.00..340864.41 rows=27 width=140) (actual time=147.485..591.488 rows=92 loops=1)
Gather Merge  (cost=340862.28..340867.88 rows=48 width=131) (actual time=627.450..632.093 rows=70 loops=1)
Gather  (cost=1000.00..340864.41 rows=27 width=21) (actual time=101.359..623.575 rows=44 loops=1)
Gather Merge  (cost=340862.28..340867.88 rows=48 width=131) (actual time=624.892..629.391 rows=65 loops=1)
Gather  (cost=1000.00..340872.01 rows=103 width=21) (actual time=538.499..602.286 rows=56 loops=1)
Gather Merge  (cost=340862.31..340868.15 rows=50 width=131) (actual time=596.423..600.987 rows=70 loops=1)
Gather  (cost=1000.00..340864.41 rows=27 width=403) (actual time=197.463..639.945 rows=70 loops=1)
Gather Merge  (cost=340862.31..340868.15 rows=50 width=131) (actual time=609.912..614.635 rows=36 loops=1)
Gather  (cost=1000.00..340899.81 rows=381 width=21) (actual time=239.049..661.689 rows=486 loops=1)
Gather  (cost=1000.00..340864.31 rows=26 width=21) (actual time=347.586..585.924 rows=118 loops=1)
Gather  (cost=1000.00..340864.41 rows=27 width=21) (actual time=105.950..589.850 rows=140 loops=1)
Gather Merge  (cost=340862.28..340867.88 rows=48 width=131) (actual time=638.996..643.673 rows=88 loops=1)
Gather Merge  (cost=340862.28..340867.88 rows=48 width=131) (actual time=627.762..632.596 rows=210 loops=1)
Gather Merge  (cost=340862.28..340867.88 rows=48 width=131) (actual time=638.279..642.954 rows=78 loops=1)
Gather  (cost=1000.00..340864.41 rows=27 width=140) (actual time=131.601..590.194 rows=36 loops=1)
Gather  (cost=1000.00..340864.31 rows=26 width=21) (actual time=405.705..612.922 rows=48 loops=1)
Gather  (cost=1000.00..340875.91 rows=142 width=140) (actual time=238.336..610.156 rows=116 loops=1)
Gather Merge  (cost=340862.28..340867.88 rows=48 width=131) (actual time=622.621..627.781 rows=80 loops=1)
Gather  (cost=1000.00..340864.41 rows=27 width=21) (actual time=281.977..618.152 rows=75 loops=1)
Gather  (cost=1000.00..340924.11 rows=624 width=21) (actual time=573.200..592.415 rows=413 loops=1)
Gather  (cost=1000.00..340898.71 rows=370 width=21) (actual time=257.276..608.188 rows=516 loops=1)
Gather Merge  (cost=340862.28..340867.88 rows=48 width=131) (actual time=635.881..640.556 rows=120 loops=1)
Gather Merge  (cost=340862.28..340867.88 rows=48 width=131) (actual time=629.030..633.569 rows=160 loops=1)
Gather Merge  (cost=340862.28..340867.88 rows=48 width=131) (actual time=617.302..621.964 rows=45 loops=1)
Gather Merge  (cost=340862.28..340867.88 rows=48 width=131) (actual time=602.764..607.370 rows=70 loops=1)
Gather  (cost=1000.00..340870.01 rows=83 width=140) (actual time=227.200..612.707 rows=87 loops=1)
Gather  (cost=1000.00..340864.31 rows=26 width=140) (actual time=366.946..609.651 rows=96 loops=1)
Gather Merge  (cost=340862.28..340867.88 rows=48 width=131) (actual time=633.467..638.244 rows=45 loops=1)
Gather  (cost=1000.00..340876.21 rows=145 width=21) (actual time=274.560..607.424 rows=224 loops=1)
Gather  (cost=1000.00..340868.51 rows=68 width=140) (actual time=80.651..591.582 rows=56 loops=1)
Gather  (cost=1000.00..340870.11 rows=84 width=21) (actual time=160.880..633.386 rows=164 loops=1)
Gather  (cost=1000.00..340868.51 rows=68 width=21) (actual time=528.892..625.931 rows=249 loops=1)
Gather Merge  (cost=340862.31..340868.15 rows=50 width=131) (actual time=634.066..638.666 rows=75 loops=1)
Gather Merge  (cost=340865.26..340889.76 rows=210 width=131) (actual time=616.453..621.131 rows=225 loops=1)
Gather  (cost=1000.00..340864.41 rows=27 width=140) (actual time=68.108..591.246 rows=78 loops=1)
Gather  (cost=1000.00..340864.41 rows=27 width=403) (actual time=89.751..613.502 rows=78 loops=1)
Gather  (cost=1000.00..340864.31 rows=26 width=21) (actual time=581.575..622.652 rows=52 loops=1)
Gather  (cost=1000.00..340864.41 rows=27 width=21) (actual time=114.904..614.207 rows=87 loops=1)
Gather  (cost=1000.00..340864.31 rows=26 width=140) (actual time=317.056..606.522 rows=28 loops=1)
Gather  (cost=1000.00..340876.51 rows=148 width=21) (actual time=274.111..591.562 rows=70 loops=1)
Gather  (cost=1000.00..340864.41 rows=27 width=21) (actual time=532.925..641.850 rows=44 loops=1)
Gather Merge  (cost=340864.81..340886.75 rows=188 width=131) (actual time=614.250..619.272 rows=198 loops=1)
Gather Merge  (cost=340862.31..340868.15 rows=50 width=131) (actual time=631.025..635.639 rows=28 loops=1)
Gather  (cost=1000.00..340877.71 rows=160 width=21) (actual time=354.620..589.279 rows=126 loops=1)
Gather  (cost=1000.00..340864.41 rows=27 width=140) (actual time=49.961..611.256 rows=27 loops=1)
Gather Merge  (cost=340862.28..340867.88 rows=48 width=131) (actual time=616.349..621.570 rows=204 loops=1)
Gather Merge  (cost=340862.31..340868.15 rows=50 width=131) (actual time=635.876..640.637 rows=63 loops=1)
Gather  (cost=1000.00..340877.71 rows=160 width=21) (actual time=277.842..618.917 rows=268 loops=1)
Gather Merge  (cost=340863.99..340881.03 rows=146 width=131) (actual time=600.181..604.852 rows=84 loops=1)
Gather  (cost=1000.00..340864.31 rows=26 width=21) (actual time=334.444..608.755 rows=48 loops=1)
Gather  (cost=1000.00..340864.51 rows=28 width=140) (actual time=80.846..624.601 rows=63 loops=1)
Gather  (cost=1000.00..340864.51 rows=28 width=403) (actual time=83.957..609.082 rows=63 loops=1)
Gather Merge  (cost=340862.31..340868.15 rows=50 width=131) (actual time=616.684..621.145 rows=76 loops=1)
Gather  (cost=1000.00..340864.41 rows=27 width=21) (actual time=253.952..590.441 rows=52 loops=1)
Gather  (cost=1000.00..340864.31 rows=26 width=140) (actual time=340.457..613.893 rows=30 loops=1)
Gather  (cost=1000.00..340871.11 rows=94 width=140) (actual time=477.122..607.905 rows=246 loops=1)
Gather  (cost=1000.00..340868.91 rows=72 width=140) (actual time=557.290..626.346 rows=84 loops=1)
Gather Merge  (cost=340865.10..340888.66 rows=202 width=131) (actual time=614.930..619.394 rows=223 loops=1)
Gather Merge  (cost=340862.31..340868.15 rows=50 width=131) (actual time=599.521..604.000 rows=74 loops=1)
Gather  (cost=1000.00..340864.41 rows=27 width=21) (actual time=276.936..624.659 rows=40 loops=1)
Gather Merge  (cost=340862.28..340867.88 rows=48 width=131) (actual time=620.703..625.270 rows=50 loops=1)
Gather  (cost=1000.00..340864.31 rows=26 width=140) (actual time=370.114..625.893 rows=39 loops=1)
Gather  (cost=1000.00..340864.31 rows=26 width=21) (actual time=343.133..589.556 rows=44 loops=1)
Gather  (cost=1000.00..340864.31 rows=26 width=21) (actual time=347.216..622.611 rows=54 loops=1)
Gather Merge  (cost=340864.98..340887.84 rows=196 width=131) (actual time=616.871..621.297 rows=192 loops=1)
Gather  (cost=1000.00..340864.31 rows=26 width=21) (actual time=365.202..617.298 rows=108 loops=1)
Gather Merge  (cost=340864.19..340882.39 rows=156 width=131) (actual time=616.589..621.094 rows=208 loops=1)
Gather  (cost=1000.00..340864.41 rows=27 width=21) (actual time=99.479..588.608 rows=51 loops=1)
Gather Merge  (cost=340862.28..340867.88 rows=48 width=131) (actual time=626.011..630.348 rows=79 loops=1)
Gather  (cost=1000.00..340864.31 rows=26 width=21) (actual time=558.766..652.708 rows=26 loops=1)
Gather  (cost=1000.00..340864.41 rows=27 width=21) (actual time=510.607..605.562 rows=50 loops=1)
Gather Merge  (cost=340862.31..340868.15 rows=50 width=131) (actual time=623.559..628.199 rows=105 loops=1)
Gather Merge  (cost=340862.31..340868.15 rows=50 width=131) (actual time=594.739..599.326 rows=76 loops=1)
Gather  (cost=1000.00..340864.41 rows=27 width=21) (actual time=284.119..633.076 rows=52 loops=1)
Gather  (cost=1000.00..340868.41 rows=67 width=21) (actual time=357.334..608.008 rows=94 loops=1)
Gather  (cost=1000.00..340864.31 rows=26 width=140) (actual time=462.987..613.996 rows=39 loops=1)
Gather  (cost=1000.00..340870.41 rows=87 width=21) (actual time=431.135..588.294 rows=260 loops=1)
Gather Merge  (cost=340862.28..340867.88 rows=48 width=131) (actual time=621.108..625.692 rows=261 loops=1)
Gather  (cost=1000.00..340869.11 rows=74 width=21) (actual time=94.188..607.066 rows=100 loops=1)
Gather Merge  (cost=340862.31..340868.15 rows=50 width=131) (actual time=618.677..623.390 rows=66 loops=1)
Gather Merge  (cost=340862.28..340867.88 rows=48 width=131) (actual time=643.153..647.883 rows=100 loops=1)
Gather  (cost=1000.00..340864.41 rows=27 width=21) (actual time=104.538..588.836 rows=93 loops=1)
Gather  (cost=1000.00..340864.41 rows=27 width=21) (actual time=148.699..604.926 rows=38 loops=1)
Gather Merge  (cost=340862.28..340867.88 rows=48 width=131) (actual time=642.108..646.747 rows=83 loops=1)
Gather  (cost=1000.00..340864.41 rows=27 width=140) (actual time=35.291..620.301 rows=28 loops=1)
Gather  (cost=1000.00..340868.71 rows=70 width=21) (actual time=235.705..613.964 rows=72 loops=1)
Gather Merge  (cost=340862.28..340867.88 rows=48 width=131) (actual time=605.579..610.196 rows=30 loops=1)
Gather Merge  (cost=340865.02..340888.12 rows=198 width=131) (actual time=621.575..625.975 rows=112 loops=1)
Gather  (cost=1000.00..340864.41 rows=27 width=403) (actual time=53.317..623.178 rows=24 loops=1)
Gather Merge  (cost=340862.28..340867.88 rows=48 width=131) (actual time=630.422..634.971 rows=76 loops=1)
Gather  (cost=1000.00..340864.31 rows=26 width=403) (actual time=332.929..614.778 rows=60 loops=1)
Gather  (cost=1000.00..340864.41 rows=27 width=21) (actual time=50.649..592.811 rows=52 loops=1)
Gather Merge  (cost=340862.28..340867.88 rows=48 width=131) (actual time=672.526..677.044 rows=21 loops=1)
Gather  (cost=1000.00..340864.41 rows=27 width=21) (actual time=604.975..616.012 rows=52 loops=1)
Gather Merge  (cost=340862.28..340867.88 rows=48 width=131) (actual time=624.774..629.377 rows=115 loops=1)
Gather Merge  (cost=340862.28..340867.88 rows=48 width=131) (actual time=600.816..605.210 rows=30 loops=1)
Gather  (cost=1000.00..340864.31 rows=26 width=403) (actual time=453.749..614.909 rows=30 loops=1)
Gather  (cost=1000.00..340864.31 rows=26 width=21) (actual time=576.475..612.209 rows=46 loops=1)
Gather Merge  (cost=340862.28..340867.88 rows=48 width=131) (actual time=641.881..646.611 rows=52 loops=1)
Gather  (cost=1000.00..340864.41 rows=27 width=140) (actual time=251.346..621.518 rows=72 loops=1)
Gather  (cost=1000.00..340864.41 rows=27 width=140) (actual time=243.682..597.956 rows=56 loops=1)
Gather  (cost=1000.00..340868.61 rows=69 width=140) (actual time=383.209..619.176 rows=138 loops=1)
Gather Merge  (cost=340873.35..340939.86 rows=570 width=131) (actual time=638.562..643.172 rows=533 loops=1)
Gather Merge  (cost=340862.28..340867.88 rows=48 width=131) (actual time=627.538..632.330 rows=108 loops=1)
Gather  (cost=1000.00..340864.41 rows=27 width=21) (actual time=88.387..620.065 rows=63 loops=1)
Gather Merge  (cost=340862.28..340867.88 rows=48 width=131) (actual time=600.864..605.693 rows=42 loops=1)
Gather  (cost=1000.00..340867.81 rows=61 width=21) (actual time=377.919..618.237 rows=34 loops=1)
Gather Merge  (cost=340862.31..340868.15 rows=50 width=131) (actual time=623.864..628.608 rows=70 loops=1)
Gather  (cost=1000.00..340864.41 rows=27 width=21) (actual time=527.405..621.966 rows=60 loops=1)
Gather  (cost=1000.00..340864.41 rows=27 width=21) (actual time=198.729..610.904 rows=52 loops=1)
Gather  (cost=1000.00..340864.41 rows=27 width=140) (actual time=179.999..602.716 rows=22 loops=1)
Gather  (cost=1000.00..340864.31 rows=26 width=21) (actual time=404.913..622.387 rows=58 loops=1)
Gather Merge  (cost=340862.28..340867.88 rows=48 width=131) (actual time=640.348..645.819 rows=71 loops=1)
Gather  (cost=1000.00..340867.91 rows=62 width=140) (actual time=123.424..620.459 rows=45 loops=1)
Gather  (cost=1000.00..340867.91 rows=62 width=403) (actual time=125.337..594.178 rows=45 loops=1)
Gather  (cost=1000.00..340868.21 rows=65 width=140) (actual time=106.469..607.875 rows=81 loops=1)
Gather  (cost=1000.00..340864.31 rows=26 width=140) (actual time=584.268..618.248 rows=75 loops=1)
Gather Merge  (cost=340862.31..340868.15 rows=50 width=131) (actual time=649.508..653.887 rows=64 loops=1)
Gather  (cost=1000.00..340864.31 rows=26 width=21) (actual time=474.301..609.259 rows=120 loops=1)
Gather  (cost=1000.00..340864.41 rows=27 width=21) (actual time=154.968..597.115 rows=128 loops=1)
Gather  (cost=1000.00..340864.41 rows=27 width=21) (actual time=125.054..607.156 rows=78 loops=1)
Gather  (cost=1000.00..340864.41 rows=27 width=21) (actual time=502.660..622.762 rows=40 loops=1)
Gather  (cost=1000.00..340877.71 rows=160 width=140) (actual time=173.291..609.516 rows=180 loops=1)
Gather  (cost=1000.00..340877.71 rows=160 width=403) (actual time=182.119..625.049 rows=180 loops=1)
Gather  (cost=1000.00..340871.61 rows=99 width=21) (actual time=45.110..589.464 rows=66 loops=1)
Gather  (cost=1000.00..340864.41 rows=27 width=21) (actual time=589.443..609.716 rows=92 loops=1)
Gather  (cost=1000.00..340924.01 rows=623 width=21) (actual time=3.890..612.928 rows=152 loops=1)
Gather  (cost=1000.00..340864.31 rows=26 width=21) (actual time=587.078..614.422 rows=50 loops=1)
Gather  (cost=1000.00..340874.71 rows=130 width=21) (actual time=595.958..609.676 rows=72 loops=1)
Gather Merge  (cost=340862.31..340868.15 rows=50 width=131) (actual time=604.971..609.428 rows=319 loops=1)
Gather  (cost=1000.00..340898.71 rows=370 width=21) (actual time=278.252..607.730 rows=516 loops=1)
Gather  (cost=1000.00..340868.01 rows=63 width=140) (actual time=335.781..631.818 rows=63 loops=1)
Gather Merge  (cost=340862.28..340867.88 rows=48 width=131) (actual time=622.938..627.434 rows=84 loops=1)
Gather  (cost=1000.00..340864.31 rows=26 width=21) (actual time=339.732..607.014 rows=87 loops=1)
Gather  (cost=1000.00..340864.51 rows=28 width=140) (actual time=94.359..587.326 rows=81 loops=1)
Gather  (cost=1000.00..340882.71 rows=210 width=140) (actual time=203.928..622.822 rows=138 loops=1)
Gather  (cost=1000.00..340882.71 rows=210 width=403) (actual time=208.632..601.049 rows=138 loops=1)
Gather  (cost=1000.00..340864.41 rows=27 width=140) (actual time=250.249..632.606 rows=36 loops=1)
Gather Merge  (cost=340864.15..340882.11 rows=154 width=131) (actual time=608.238..612.742 rows=240 loops=1)
Gather  (cost=1000.00..340864.41 rows=27 width=21) (actual time=45.806..633.810 rows=72 loops=1)
Gather Merge  (cost=340864.19..340882.39 rows=156 width=131) (actual time=601.485..606.037 rows=241 loops=1)
Gather  (cost=1000.00..340864.41 rows=27 width=140) (actual time=543.686..641.309 rows=42 loops=1)
Gather Merge  (cost=340862.28..340867.88 rows=48 width=131) (actual time=618.738..623.219 rows=33 loops=1)
Gather Merge  (cost=340862.31..340868.15 rows=50 width=131) (actual time=641.882..646.345 rows=246 loops=1)
Gather  (cost=1000.00..340864.31 rows=26 width=21) (actual time=520.103..592.626 rows=70 loops=1)
Gather  (cost=1000.00..340864.41 rows=27 width=21) (actual time=52.046..671.951 rows=69 loops=1)
Gather Merge  (cost=340862.31..340868.15 rows=50 width=131) (actual time=624.866..629.483 rows=55 loops=1)
Gather Merge  (cost=340862.28..340867.88 rows=48 width=131) (actual time=618.292..622.973 rows=196 loops=1)
Gather  (cost=1000.00..340864.41 rows=27 width=140) (actual time=488.885..587.361 rows=45 loops=1)
Gather Merge  (cost=340862.31..340868.15 rows=50 width=131) (actual time=632.589..637.039 rows=110 loops=1)
Gather  (cost=1000.00..340864.41 rows=27 width=21) (actual time=161.761..603.229 rows=60 loops=1)
Gather Merge  (cost=340862.31..340868.15 rows=50 width=131) (actual time=617.098..622.904 rows=86 loops=1)
Gather  (cost=1000.00..340875.31 rows=136 width=140) (actual time=525.911..634.060 rows=42 loops=1)
Gather  (cost=1000.00..340864.41 rows=27 width=140) (actual time=227.312..589.165 rows=30 loops=1)
Gather  (cost=1000.00..340864.41 rows=27 width=403) (actual time=228.607..632.394 rows=30 loops=1)
Gather  (cost=1000.00..340864.41 rows=27 width=140) (actual time=310.913..627.618 rows=20 loops=1)
Gather  (cost=1000.00..340864.41 rows=27 width=21) (actual time=4.217..625.979 rows=34 loops=1)
Gather  (cost=1000.00..340864.41 rows=27 width=21) (actual time=481.969..593.671 rows=38 loops=1)
Gather  (cost=1000.00..340864.41 rows=27 width=21) (actual time=135.695..611.777 rows=56 loops=1)
Gather  (cost=1000.00..340864.31 rows=26 width=140) (actual time=585.299..613.120 rows=42 loops=1)
Gather  (cost=1000.00..340864.31 rows=26 width=21) (actual time=463.859..621.212 rows=44 loops=1)
Gather  (cost=1000.00..340868.81 rows=71 width=140) (actual time=5.435..623.262 rows=45 loops=1)
Gather  (cost=1000.00..340868.81 rows=71 width=403) (actual time=4.844..596.949 rows=45 loops=1)
Gather  (cost=1000.00..340864.41 rows=27 width=21) (actual time=498.549..613.747 rows=48 loops=1)
Gather  (cost=1000.00..340864.41 rows=27 width=140) (actual time=261.071..630.262 rows=42 loops=1)
Gather  (cost=1000.00..340864.41 rows=27 width=140) (actual time=219.666..620.988 rows=21 loops=1)
Gather Merge  (cost=340862.31..340868.15 rows=50 width=131) (actual time=621.562..626.244 rows=65 loops=1)
Gather  (cost=1000.00..340864.41 rows=27 width=21) (actual time=142.896..593.800 rows=81 loops=1)
Gather  (cost=1000.00..340878.01 rows=163 width=21) (actual time=331.922..620.880 rows=104 loops=1)
Gather  (cost=1000.00..340864.31 rows=26 width=21) (actual time=591.584..620.776 rows=64 loops=1)
Gather  (cost=1000.00..340879.21 rows=175 width=140) (actual time=370.638..627.560 rows=258 loops=1)
Gather  (cost=1000.00..340864.41 rows=27 width=140) (actual time=398.803..605.166 rows=30 loops=1)
Gather  (cost=1000.00..340868.81 rows=71 width=140) (actual time=495.661..597.881 rows=63 loops=1)
Gather  (cost=1000.00..340864.31 rows=26 width=140) (actual time=454.170..624.464 rows=75 loops=1)
Gather  (cost=1000.00..340876.01 rows=143 width=21) (actual time=335.745..615.438 rows=420 loops=1)
Gather  (cost=1000.00..340864.31 rows=26 width=21) (actual time=421.099..631.217 rows=215 loops=1)
Gather  (cost=1000.00..340899.81 rows=381 width=21) (actual time=203.924..593.547 rows=486 loops=1)
Gather  (cost=1000.00..340868.61 rows=69 width=21) (actual time=364.228..613.962 rows=138 loops=1)
Gather  (cost=1000.00..340864.41 rows=27 width=21) (actual time=267.326..592.718 rows=48 loops=1)
Gather  (cost=1000.00..340864.31 rows=26 width=140) (actual time=454.087..623.697 rows=84 loops=1)
Gather  (cost=1000.00..340864.41 rows=27 width=21) (actual time=524.651..614.374 rows=164 loops=1)
Gather  (cost=1000.00..340864.41 rows=27 width=140) (actual time=137.569..614.099 rows=70 loops=1)
Gather  (cost=1000.00..340864.51 rows=28 width=21) (actual time=74.152..587.308 rows=44 loops=1)
Gather  (cost=1000.00..340921.51 rows=598 width=140) (actual time=587.776..634.547 rows=600 loops=1)
Gather Merge  (cost=340862.28..340867.88 rows=48 width=131) (actual time=613.858..618.697 rows=36 loops=1)
Gather  (cost=1000.00..340864.31 rows=26 width=21) (actual time=457.706..627.618 rows=70 loops=1)
Gather Merge  (cost=340862.28..340867.88 rows=48 width=131) (actual time=600.017..604.470 rows=42 loops=1)
Gather  (cost=1000.00..340876.21 rows=145 width=140) (actual time=256.112..615.475 rows=75 loops=1)
Gather  (cost=1000.00..340864.41 rows=27 width=21) (actual time=586.057..602.416 rows=56 loops=1)
Gather  (cost=1000.00..340864.41 rows=27 width=21) (actual time=224.539..658.771 rows=44 loops=1)
Gather Merge  (cost=340864.03..340881.30 rows=148 width=131) (actual time=635.865..640.213 rows=204 loops=1)
Gather Merge  (cost=340862.31..340868.15 rows=50 width=131) (actual time=610.521..615.143 rows=96 loops=1)
Gather  (cost=1000.00..340870.31 rows=86 width=21) (actual time=317.411..592.052 rows=60 loops=1)
Gather  (cost=1000.00..340864.41 rows=27 width=21) (actual time=259.568..639.437 rows=129 loops=1)
Gather Merge  (cost=340864.85..340887.02 rows=190 width=131) (actual time=627.426..631.969 rows=208 loops=1)
Gather  (cost=1000.00..340924.21 rows=625 width=21) (actual time=506.935..614.143 rows=740 loops=1)
Gather Merge  (cost=340862.31..340868.15 rows=50 width=131) (actual time=607.587..627.808 rows=216 loops=1)
Gather  (cost=1000.00..340864.41 rows=27 width=21) (actual time=604.070..617.525 rows=92 loops=1)
Gather Merge  (cost=340862.28..340867.88 rows=48 width=131) (actual time=635.242..641.338 rows=42 loops=1)
Gather  (cost=1000.00..340864.41 rows=27 width=403) (actual time=623.359..628.529 rows=42 loops=1)
Gather  (cost=1000.00..340864.41 rows=27 width=21) (actual time=241.883..609.349 rows=44 loops=1)
Gather  (cost=1000.00..340883.01 rows=213 width=21) (actual time=579.410..594.497 rows=207 loops=1)
Gather Merge  (cost=340869.29..340915.49 rows=396 width=131) (actual time=644.956..650.178 rows=560 loops=1)
Gather  (cost=1000.00..340869.41 rows=77 width=21) (actual time=516.433..607.030 rows=66 loops=1)
Gather Merge  (cost=340862.28..340867.88 rows=48 width=131) (actual time=633.732..638.259 rows=138 loops=1)
Gather Merge  (cost=340862.31..340868.15 rows=50 width=131) (actual time=602.543..607.202 rows=30 loops=1)
Gather  (cost=1000.00..340864.41 rows=27 width=21) (actual time=234.093..694.181 rows=84 loops=1)
Gather  (cost=1000.00..340864.31 rows=26 width=21) (actual time=467.242..615.241 rows=45 loops=1)
Gather  (cost=1000.00..340871.61 rows=99 width=140) (actual time=50.043..639.789 rows=66 loops=1)
Gather  (cost=1000.00..340864.51 rows=28 width=140) (actual time=86.680..590.432 rows=45 loops=1)
Gather  (cost=1000.00..340864.41 rows=27 width=21) (actual time=202.313..607.434 rows=36 loops=1)
Gather  (cost=1000.00..340864.41 rows=27 width=140) (actual time=256.313..606.076 rows=20 loops=1)
Gather  (cost=1000.00..340864.41 rows=27 width=403) (actual time=263.692..612.288 rows=20 loops=1)
Gather  (cost=1000.00..340871.01 rows=93 width=21) (actual time=437.796..619.412 rows=162 loops=1)
Gather  (cost=1000.00..340864.41 rows=27 width=21) (actual time=136.752..592.727 rows=70 loops=1)
Gather  (cost=1000.00..340877.11 rows=154 width=21) (actual time=424.099..620.621 rows=324 loops=1)
Gather  (cost=1000.00..340876.21 rows=145 width=140) (actual time=81.948..607.722 rows=316 loops=1)
Gather  (cost=1000.00..340868.51 rows=68 width=21) (actual time=108.428..612.985 rows=82 loops=1)
Gather  (cost=1000.00..340864.41 rows=27 width=21) (actual time=228.213..606.154 rows=45 loops=1)
Gather  (cost=1000.00..340864.31 rows=26 width=21) (actual time=337.438..586.130 rows=69 loops=1)
Gather  (cost=1000.00..340864.31 rows=26 width=140) (actual time=545.715..614.049 rows=33 loops=1)
Gather  (cost=1000.00..340864.31 rows=26 width=21) (actual time=530.733..610.656 rows=34 loops=1)
Gather  (cost=1000.00..340864.41 rows=27 width=21) (actual time=223.086..624.565 rows=56 loops=1)
Gather  (cost=1000.00..340864.31 rows=26 width=21) (actual time=325.120..606.828 rows=69 loops=1)
Gather Merge  (cost=340862.28..340867.88 rows=48 width=131) (actual time=597.887..602.443 rows=244 loops=1)
Gather Merge  (cost=340862.28..340867.88 rows=48 width=131) (actual time=645.759..650.240 rows=50 loops=1)
Gather  (cost=1000.00..340922.51 rows=608 width=21) (actual time=427.545..607.240 rows=636 loops=1)
Gather  (cost=1000.00..340864.31 rows=26 width=21) (actual time=503.891..620.724 rows=78 loops=1)
Gather Merge  (cost=340862.31..340868.15 rows=50 width=131) (actual time=595.809..600.373 rows=30 loops=1)
Gather  (cost=1000.00..340864.41 rows=27 width=140) (actual time=172.077..624.595 rows=42 loops=1)
Gather  (cost=1000.00..340882.51 rows=208 width=21) (actual time=166.160..600.666 rows=147 loops=1)
Gather Merge  (cost=340870.29..340921.63 rows=440 width=131) (actual time=621.941..626.260 rows=376 loops=1)
Gather  (cost=1000.00..340921.51 rows=598 width=140) (actual time=572.207..619.035 rows=600 loops=1)
Gather Merge  (cost=340862.28..340867.88 rows=48 width=131) (actual time=600.575..605.164 rows=45 loops=1)
Gather  (cost=1000.00..340864.41 rows=27 width=140) (actual time=606.696..616.931 rows=45 loops=1)
Gather Merge  (cost=340862.31..340868.15 rows=50 width=131) (actual time=640.831..670.468 rows=30 loops=1)
Gather  (cost=1000.00..340864.41 rows=27 width=403) (actual time=174.636..608.169 rows=30 loops=1)
Gather  (cost=1000.00..340864.31 rows=26 width=140) (actual time=480.264..611.717 rows=42 loops=1)
Gather  (cost=1000.00..340864.31 rows=26 width=403) (actual time=460.030..590.948 rows=42 loops=1)
Gather  (cost=1000.00..340864.41 rows=27 width=21) (actual time=157.031..630.327 rows=128 loops=1)
Gather  (cost=1000.00..340864.31 rows=26 width=21) (actual time=429.577..604.044 rows=70 loops=1)
Gather  (cost=1000.00..340922.41 rows=607 width=140) (actual time=588.925..633.036 rows=840 loops=1)
Gather  (cost=1000.00..340864.41 rows=27 width=21) (actual time=219.510..588.485 rows=32 loops=1)
Gather Merge  (cost=340862.28..340867.88 rows=48 width=131) (actual time=619.514..624.081 rows=154 loops=1)
Gather  (cost=1000.00..340881.81 rows=201 width=21) (actual time=334.544..603.965 rows=245 loops=1)
Gather Merge  (cost=340862.31..340868.15 rows=50 width=131) (actual time=617.823..622.291 rows=54 loops=1)
Gather Merge  (cost=340864.26..340882.93 rows=160 width=131) (actual time=621.650..628.627 rows=188 loops=1)
Gather  (cost=1000.00..340864.51 rows=28 width=21) (actual time=99.615..601.267 rows=164 loops=1)
Gather Merge  (cost=340862.28..340867.88 rows=48 width=131) (actual time=597.963..604.691 rows=120 loops=1)
Gather  (cost=1000.00..340869.61 rows=79 width=21) (actual time=506.900..629.664 rows=144 loops=1)
Gather  (cost=1000.00..340882.51 rows=208 width=21) (actual time=164.862..614.319 rows=147 loops=1)
Gather Merge  (cost=340862.31..340868.15 rows=50 width=131) (actual time=621.914..626.376 rows=230 loops=1)
Gather  (cost=1000.00..340864.41 rows=27 width=140) (actual time=483.823..590.494 rows=27 loops=1)
Gather  (cost=1000.00..340869.81 rows=81 width=21) (actual time=184.486..611.042 rows=44 loops=1)
Gather  (cost=1000.00..340864.41 rows=27 width=140) (actual time=196.310..616.782 rows=28 loops=1)
Gather  (cost=1000.00..340876.91 rows=152 width=140) (actual time=302.877..626.726 rows=78 loops=1)
Gather Merge  (cost=340862.31..340868.15 rows=50 width=131) (actual time=618.754..623.417 rows=99 loops=1)
Gather  (cost=1000.00..340864.41 rows=27 width=21) (actual time=292.568..590.196 rows=46 loops=1)
Gather Merge  (cost=340862.31..340868.15 rows=50 width=131) (actual time=619.855..624.434 rows=172 loops=1)
Gather  (cost=1000.00..340864.31 rows=26 width=21) (actual time=572.819..611.594 rows=48 loops=1)
Gather Merge  (cost=340862.28..340867.88 rows=48 width=131) (actual time=625.233..629.749 rows=18 loops=1)
Gather  (cost=1000.00..340899.81 rows=381 width=21) (actual time=217.706..608.017 rows=486 loops=1)
Gather  (cost=1000.00..340864.31 rows=26 width=21) (actual time=536.427..594.883 rows=38 loops=1)
Gather  (cost=1000.00..340864.41 rows=27 width=21) (actual time=321.123..624.011 rows=68 loops=1)
Gather  (cost=1000.00..340864.31 rows=26 width=21) (actual time=531.974..608.761 rows=68 loops=1)
Gather  (cost=1000.00..340864.51 rows=28 width=21) (actual time=103.201..616.384 rows=81 loops=1)
Gather Merge  (cost=340862.28..340867.88 rows=48 width=131) (actual time=619.497..624.122 rows=40 loops=1)
Gather  (cost=1000.00..340864.31 rows=26 width=140) (actual time=449.933..594.725 rows=27 loops=1)
Gather  (cost=1000.00..340864.31 rows=26 width=403) (actual time=485.398..630.394 rows=27 loops=1)
Gather Merge  (cost=340862.31..340868.15 rows=50 width=131) (actual time=624.784..629.424 rows=44 loops=1)
Gather  (cost=1000.00..340869.01 rows=73 width=403) (actual time=283.998..604.241 rows=44 loops=1)
Gather  (cost=1000.00..340864.41 rows=27 width=21) (actual time=367.509..591.240 rows=40 loops=1)
Gather  (cost=1000.00..340864.51 rows=28 width=21) (actual time=79.840..622.284 rows=18 loops=1)
Gather  (cost=1000.00..340924.21 rows=625 width=21) (actual time=498.420..608.476 rows=740 loops=1)
Gather Merge  (cost=340862.28..340867.88 rows=48 width=131) (actual time=631.784..636.384 rows=90 loops=1)
Gather  (cost=1000.00..340864.31 rows=26 width=21) (actual time=322.851..587.900 rows=32 loops=1)
Gather Merge  (cost=340862.31..340868.15 rows=50 width=131) (actual time=620.390..624.878 rows=60 loops=1)
Gather Merge  (cost=340862.31..340868.15 rows=50 width=131) (actual time=614.774..619.365 rows=52 loops=1)
Gather  (cost=1000.00..340882.71 rows=210 width=21) (actual time=565.248..622.982 rows=141 loops=1)
Gather Merge  (cost=340862.31..340868.15 rows=50 width=131) (actual time=628.042..632.521 rows=202 loops=1)
Gather  (cost=1000.00..340864.41 rows=27 width=21) (actual time=166.406..590.045 rows=60 loops=1)
Gather  (cost=1000.00..340864.41 rows=27 width=21) (actual time=147.211..607.042 rows=24 loops=1)
Gather Merge  (cost=340862.28..340867.88 rows=48 width=131) (actual time=625.112..629.928 rows=54 loops=1)
Gather  (cost=1000.00..340864.31 rows=26 width=140) (actual time=526.567..607.023 rows=36 loops=1)
Gather  (cost=1000.00..340864.31 rows=26 width=403) (actual time=532.018..612.102 rows=36 loops=1)
Gather Merge  (cost=340862.31..340868.15 rows=50 width=131) (actual time=601.332..605.883 rows=45 loops=1)
Gather  (cost=1000.00..340864.41 rows=27 width=403) (actual time=165.226..625.596 rows=45 loops=1)
Gather  (cost=1000.00..340864.31 rows=26 width=21) (actual time=461.674..597.988 rows=102 loops=1)
Gather Merge  (cost=340862.28..340867.88 rows=48 width=131) (actual time=633.271..637.537 rows=60 loops=1)
Gather  (cost=1000.00..340864.31 rows=26 width=403) (actual time=432.278..589.235 rows=60 loops=1)
Gather Merge  (cost=340862.31..340868.15 rows=50 width=131) (actual time=601.044..605.506 rows=39 loops=1)
Gather Merge  (cost=340862.31..340868.15 rows=50 width=131) (actual time=636.761..641.774 rows=60 loops=1)
Gather  (cost=1000.00..340864.51 rows=28 width=21) (actual time=89.052..620.831 rows=46 loops=1)
Gather  (cost=1000.00..340869.71 rows=80 width=140) (actual time=555.017..618.728 rows=30 loops=1)
Gather  (cost=1000.00..340864.41 rows=27 width=21) (actual time=113.083..590.644 rows=56 loops=1)
Gather  (cost=1000.00..340875.81 rows=141 width=140) (actual time=131.423..610.592 rows=174 loops=1)
Gather  (cost=1000.00..340864.41 rows=27 width=21) (actual time=146.205..617.539 rows=46 loops=1)
Gather  (cost=1000.00..340864.41 rows=27 width=21) (actual time=205.559..629.706 rows=36 loops=1)
Gather  (cost=1000.00..340864.41 rows=27 width=21) (actual time=167.401..609.560 rows=108 loops=1)
Gather  (cost=1000.00..340875.81 rows=141 width=21) (actual time=49.518..589.625 rows=183 loops=1)
Gather  (cost=1000.00..340864.41 rows=27 width=140) (actual time=53.726..609.845 rows=42 loops=1)
Gather  (cost=1000.00..340870.11 rows=84 width=21) (actual time=44.959..617.633 rows=66 loops=1)
Gather  (cost=1000.00..340864.41 rows=27 width=140) (actual time=39.766..616.977 rows=45 loops=1)
Gather  (cost=1000.00..340864.51 rows=28 width=21) (actual time=87.184..608.907 rows=153 loops=1)
Gather Merge  (cost=340884.57..341003.11 rows=1016 width=131) (actual time=596.923..600.689 rows=1406 loops=1)
Gather  (cost=1000.00..340868.51 rows=68 width=21) (actual time=607.471..617.042 rows=74 loops=1)
Gather  (cost=1000.00..340873.01 rows=113 width=21) (actual time=124.493..610.572 rows=40 loops=1)
Gather  (cost=1000.00..340864.31 rows=26 width=21) (actual time=380.147..619.189 rows=62 loops=1)
Gather Merge  (cost=340862.28..340867.88 rows=48 width=131) (actual time=616.959..621.398 rows=39 loops=1)
Gather Merge  (cost=340862.28..340867.88 rows=48 width=131) (actual time=601.851..606.429 rows=56 loops=1)
Gather  (cost=1000.00..340868.11 rows=64 width=403) (actual time=460.382..611.366 rows=56 loops=1)
Gather  (cost=1000.00..340864.51 rows=28 width=21) (actual time=92.779..638.306 rows=54 loops=1)
Gather  (cost=1000.00..340868.31 rows=66 width=21) (actual time=527.339..606.132 rows=78 loops=1)
Gather Merge  (cost=340862.28..340867.88 rows=48 width=131) (actual time=619.094..623.500 rows=48 loops=1)
Gather  (cost=1000.00..340864.41 rows=27 width=140) (actual time=53.824..584.367 rows=46 loops=1)
Gather  (cost=1000.00..340864.41 rows=27 width=21) (actual time=281.258..629.622 rows=76 loops=1)
Gather  (cost=1000.00..340921.71 rows=600 width=21) (actual time=414.294..603.410 rows=356 loops=1)
Gather  (cost=1000.00..340864.41 rows=27 width=140) (actual time=307.659..630.137 rows=45 loops=1)
Gather  (cost=1000.00..340875.81 rows=141 width=21) (actual time=523.348..588.441 rows=81 loops=1)
Gather Merge  (cost=340862.31..340868.15 rows=50 width=131) (actual time=623.997..628.671 rows=78 loops=1)
Gather  (cost=1000.00..340864.41 rows=27 width=21) (actual time=252.424..600.259 rows=76 loops=1)
Gather  (cost=1000.00..340864.41 rows=27 width=140) (actual time=22.724..626.268 rows=60 loops=1)
Gather  (cost=1000.00..340877.71 rows=160 width=21) (actual time=278.092..603.309 rows=268 loops=1)
Gather  (cost=1000.00..340876.61 rows=149 width=21) (actual time=235.849..611.575 rows=140 loops=1)
Gather  (cost=1000.00..340864.51 rows=28 width=21) (actual time=94.298..584.589 rows=50 loops=1)
Gather  (cost=1000.00..340864.31 rows=26 width=21) (actual time=340.155..635.588 rows=44 loops=1)
Gather  (cost=1000.00..340899.31 rows=376 width=21) (actual time=380.594..615.887 rows=920 loops=1)
Gather  (cost=1000.00..340883.31 rows=216 width=21) (actual time=150.424..613.433 rows=170 loops=1)
Gather  (cost=1000.00..340864.31 rows=26 width=140) (actual time=515.426..590.350 rows=36 loops=1)
Gather  (cost=1000.00..340864.41 rows=27 width=21) (actual time=46.255..592.128 rows=62 loops=1)
Gather  (cost=1000.00..340864.31 rows=26 width=140) (actual time=353.045..620.202 rows=42 loops=1)
Gather  (cost=1000.00..340876.11 rows=144 width=140) (actual time=570.275..629.145 rows=95 loops=1)
Gather  (cost=1000.00..340872.81 rows=111 width=21) (actual time=434.044..619.403 rows=64 loops=1)
Gather  (cost=1000.00..340870.61 rows=89 width=21) (actual time=276.299..598.156 rows=152 loops=1)
Gather  (cost=1000.00..340868.31 rows=66 width=21) (actual time=599.730..632.002 rows=104 loops=1)
Gather  (cost=1000.00..340924.91 rows=632 width=21) (actual time=161.509..623.548 rows=483 loops=1)
Gather  (cost=1000.00..340867.81 rows=61 width=21) (actual time=467.024..617.246 rows=162 loops=1)
Gather  (cost=1000.00..340869.41 rows=77 width=21) (actual time=235.845..596.150 rows=81 loops=1)
Gather  (cost=1000.00..340882.51 rows=208 width=21) (actual time=396.698..588.147 rows=168 loops=1)
Gather Merge  (cost=340862.31..340868.15 rows=50 width=131) (actual time=638.585..643.183 rows=56 loops=1)
Gather Merge  (cost=340862.28..340867.88 rows=48 width=131) (actual time=622.107..627.875 rows=112 loops=1)
Gather  (cost=1000.00..340877.81 rows=161 width=140) (actual time=510.742..639.606 rows=143 loops=1)
Gather  (cost=1000.00..340864.41 rows=27 width=140) (actual time=274.470..628.708 rows=36 loops=1)
Gather  (cost=1000.00..340864.31 rows=26 width=21) (actual time=554.876..600.226 rows=44 loops=1)
Gather  (cost=1000.00..340864.41 rows=27 width=21) (actual time=285.926..610.648 rows=58 loops=1)
Gather Merge  (cost=340862.28..340867.88 rows=48 width=131) (actual time=602.107..606.794 rows=39 loops=1)
Gather  (cost=1000.00..340864.31 rows=26 width=403) (actual time=446.561..604.690 rows=39 loops=1)
Gather Merge  (cost=340862.28..340867.88 rows=48 width=131) (actual time=651.233..655.910 rows=68 loops=1)
Gather  (cost=1000.00..340923.31 rows=616 width=21) (actual time=284.802..624.081 rows=335 loops=1)
Gather  (cost=1000.00..340864.41 rows=27 width=140) (actual time=577.405..594.310 rows=27 loops=1)
Gather  (cost=1000.00..340864.41 rows=27 width=21) (actual time=367.812..627.984 rows=63 loops=1)
Gather  (cost=1000.00..340864.41 rows=27 width=21) (actual time=398.791..627.342 rows=58 loops=1)
Gather  (cost=1000.00..340868.01 rows=63 width=140) (actual time=56.873..633.408 rows=36 loops=1)
Gather  (cost=1000.00..340876.41 rows=147 width=21) (actual time=149.707..592.955 rows=171 loops=1)
Gather  (cost=1000.00..340864.31 rows=26 width=140) (actual time=513.992..614.061 rows=24 loops=1)
Gather  (cost=1000.00..340875.21 rows=135 width=21) (actual time=565.665..596.952 rows=84 loops=1)
Gather  (cost=1000.00..340864.41 rows=27 width=21) (actual time=603.859..608.472 rows=12 loops=1)
Gather  (cost=1000.00..340868.31 rows=66 width=21) (actual time=425.364..628.502 rows=54 loops=1)
Gather Merge  (cost=340862.31..340868.15 rows=50 width=131) (actual time=615.269..619.795 rows=70 loops=1)
Gather  (cost=1000.00..340878.61 rows=169 width=21) (actual time=222.637..590.526 rows=255 loops=1)
Gather Merge  (cost=340862.28..340867.88 rows=48 width=131) (actual time=639.489..644.243 rows=120 loops=1)
Gather Merge  (cost=340862.28..340867.88 rows=48 width=131) (actual time=624.791..629.399 rows=130 loops=1)
Gather  (cost=1000.00..340867.91 rows=62 width=403) (actual time=271.738..625.413 rows=130 loops=1)
Gather  (cost=1000.00..340864.31 rows=26 width=21) (actual time=355.716..591.426 rows=84 loops=1)
Gather  (cost=1000.00..340864.31 rows=26 width=21) (actual time=321.556..592.164 rows=42 loops=1)
Gather  (cost=1000.00..340868.91 rows=72 width=140) (actual time=202.070..629.455 rows=144 loops=1)
Gather  (cost=1000.00..340868.91 rows=72 width=403) (actual time=176.602..617.186 rows=144 loops=1)
Gather  (cost=1000.00..340864.41 rows=27 width=21) (actual time=252.764..608.960 rows=215 loops=1)
Gather Merge  (cost=340864.07..340881.57 rows=150 width=131) (actual time=599.784..604.402 rows=210 loops=1)
Gather  (cost=1000.00..340879.81 rows=181 width=403) (actual time=531.219..626.023 rows=210 loops=1)
Gather  (cost=1000.00..340873.11 rows=114 width=21) (actual time=392.931..604.834 rows=208 loops=1)
Gather  (cost=1000.00..340864.51 rows=28 width=140) (actual time=81.280..621.034 rows=60 loops=1)
Gather  (cost=1000.00..340864.41 rows=27 width=140) (actual time=8.512..587.710 rows=39 loops=1)
Gather  (cost=1000.00..340864.41 rows=27 width=21) (actual time=44.126..591.446 rows=50 loops=1)
Gather  (cost=1000.00..340864.41 rows=27 width=21) (actual time=615.101..630.150 rows=48 loops=1)
Gather  (cost=1000.00..340864.41 rows=27 width=140) (actual time=253.790..622.372 rows=45 loops=1)
Gather  (cost=1000.00..340864.31 rows=26 width=21) (actual time=354.025..604.444 rows=44 loops=1)
Gather Merge  (cost=340862.31..340868.15 rows=50 width=131) (actual time=616.910..621.411 rows=56 loops=1)
Gather Merge  (cost=340862.28..340867.88 rows=48 width=131) (actual time=631.443..636.120 rows=103 loops=1)
Gather Merge  (cost=340862.28..340867.88 rows=48 width=131) (actual time=613.915..618.289 rows=220 loops=1)
Gather Merge  (cost=340862.28..340867.88 rows=48 width=131) (actual time=636.605..641.152 rows=46 loops=1)
Gather  (cost=1000.00..340870.11 rows=84 width=21) (actual time=375.508..591.499 rows=34 loops=1)
Gather  (cost=1000.00..340864.41 rows=27 width=21) (actual time=178.567..606.711 rows=84 loops=1)
Gather  (cost=1000.00..340879.21 rows=175 width=140) (actual time=366.844..616.069 rows=258 loops=1)
Gather  (cost=1000.00..340864.41 rows=27 width=21) (actual time=406.832..616.146 rows=98 loops=1)
Gather Merge  (cost=340864.07..340881.57 rows=150 width=131) (actual time=616.625..621.183 rows=165 loops=1)
Gather  (cost=1000.00..340868.31 rows=66 width=21) (actual time=59.733..592.582 rows=108 loops=1)
Gather  (cost=1000.00..340864.31 rows=26 width=21) (actual time=576.766..622.708 rows=148 loops=1)
Gather  (cost=1000.00..340864.41 rows=27 width=140) (actual time=194.891..606.315 rows=30 loops=1)
Gather Merge  (cost=340862.31..340868.15 rows=50 width=131) (actual time=633.857..647.970 rows=52 loops=1)
Gather  (cost=1000.00..340870.41 rows=87 width=21) (actual time=60.916..592.703 rows=66 loops=1)
Gather  (cost=1000.00..340877.81 rows=161 width=21) (actual time=316.039..602.506 rows=78 loops=1)
Gather  (cost=1000.00..340864.31 rows=26 width=140) (actual time=564.623..625.594 rows=36 loops=1)
Gather  (cost=1000.00..340864.41 rows=27 width=21) (actual time=21.861..608.244 rows=130 loops=1)
Gather Merge  (cost=340862.28..340867.88 rows=48 width=131) (actual time=619.756..624.213 rows=100 loops=1)
Gather Merge  (cost=340863.99..340881.03 rows=146 width=131) (actual time=597.702..602.356 rows=84 loops=1)
Gather Merge  (cost=340862.28..340867.88 rows=48 width=131) (actual time=624.994..629.642 rows=166 loops=1)
Gather Merge  (cost=340862.28..340867.88 rows=48 width=131) (actual time=613.296..617.786 rows=105 loops=1)
Gather  (cost=1000.00..340867.81 rows=61 width=403) (actual time=452.903..622.994 rows=105 loops=1)
Gather  (cost=1000.00..340864.41 rows=27 width=21) (actual time=600.444..619.228 rows=44 loops=1)
Gather  (cost=1000.00..340864.51 rows=28 width=21) (actual time=93.010..592.245 rows=56 loops=1)
Gather  (cost=1000.00..340877.71 rows=160 width=21) (actual time=167.853..608.807 rows=180 loops=1)
Gather  (cost=1000.00..340898.71 rows=370 width=140) (actual time=606.357..622.436 rows=846 loops=1)
Gather  (cost=1000.00..340864.41 rows=27 width=140) (actual time=391.742..610.811 rows=33 loops=1)
Gather  (cost=1000.00..340864.31 rows=26 width=21) (actual time=501.383..619.980 rows=78 loops=1)
Gather  (cost=1000.00..340878.11 rows=164 width=140) (actual time=85.341..590.691 rows=261 loops=1)
Gather  (cost=1000.00..340923.41 rows=617 width=21) (actual time=115.255..611.336 rows=826 loops=1)
Gather  (cost=1000.00..340864.31 rows=26 width=21) (actual time=544.379..607.296 rows=54 loops=1)
Gather Merge  (cost=340862.28..340867.88 rows=48 width=131) (actual time=649.001..653.516 rows=115 loops=1)
Gather Merge  (cost=340862.28..340867.88 rows=48 width=131) (actual time=615.914..620.382 rows=75 loops=1)
Gather  (cost=1000.00..340873.21 rows=115 width=21) (actual time=164.546..591.155 rows=162 loops=1)
Gather  (cost=1000.00..340864.31 rows=26 width=21) (actual time=436.217..627.190 rows=116 loops=1)
Gather  (cost=1000.00..340868.41 rows=67 width=140) (actual time=214.861..618.353 rows=105 loops=1)
Gather Merge  (cost=340862.28..340867.88 rows=48 width=131) (actual time=629.020..633.524 rows=80 loops=1)
Gather  (cost=1000.00..340864.51 rows=28 width=21) (actual time=89.208..608.974 rows=50 loops=1)
Gather  (cost=1000.00..340864.41 rows=27 width=140) (actual time=370.842..590.880 rows=30 loops=1)
Gather  (cost=1000.00..340868.61 rows=69 width=140) (actual time=602.052..638.497 rows=36 loops=1)
Gather  (cost=1000.00..340864.31 rows=26 width=21) (actual time=344.111..611.828 rows=50 loops=1)
Gather  (cost=1000.00..340864.41 rows=27 width=140) (actual time=112.398..610.461 rows=40 loops=1)
Gather  (cost=1000.00..340864.51 rows=28 width=140) (actual time=79.311..590.047 rows=84 loops=1)
Gather Merge  (cost=340862.31..340868.15 rows=50 width=131) (actual time=636.278..640.946 rows=44 loops=1)
Gather  (cost=1000.00..340864.41 rows=27 width=21) (actual time=207.576..612.559 rows=50 loops=1)
Gather  (cost=1000.00..340876.01 rows=143 width=140) (actual time=451.810..613.835 rows=310 loops=1)
Gather  (cost=1000.00..340864.31 rows=26 width=140) (actual time=458.327..609.532 rows=75 loops=1)
Gather  (cost=1000.00..340869.41 rows=77 width=140) (actual time=302.932..592.866 rows=45 loops=1)
Gather  (cost=1000.00..340875.81 rows=141 width=21) (actual time=591.963..623.681 rows=213 loops=1)
Gather  (cost=1000.00..340864.41 rows=27 width=21) (actual time=272.326..632.104 rows=100 loops=1)
Gather Merge  (cost=340862.31..340868.15 rows=50 width=131) (actual time=624.775..629.232 rows=24 loops=1)
Gather  (cost=1000.00..340873.21 rows=115 width=140) (actual time=193.320..627.163 rows=132 loops=1)
Gather  (cost=1000.00..340868.91 rows=72 width=140) (actual time=164.006..592.354 rows=78 loops=1)
Gather Merge  (cost=340862.31..340868.15 rows=50 width=131) (actual time=659.671..664.571 rows=33 loops=1)
Gather  (cost=1000.00..340864.41 rows=27 width=140) (actual time=514.680..604.407 rows=42 loops=1)
Gather Merge  (cost=340862.31..340868.15 rows=50 width=131) (actual time=642.059..646.677 rows=60 loops=1)
Gather  (cost=1000.00..340864.31 rows=26 width=140) (actual time=420.890..590.783 rows=75 loops=1)
Gather  (cost=1000.00..340864.41 rows=27 width=140) (actual time=148.802..617.847 rows=120 loops=1)
Gather Merge  (cost=340862.28..340867.88 rows=48 width=131) (actual time=604.828..609.346 rows=168 loops=1)
Gather Merge  (cost=340862.31..340868.15 rows=50 width=131) (actual time=645.699..650.264 rows=45 loops=1)
Gather  (cost=1000.00..340875.21 rows=135 width=140) (actual time=583.895..615.440 rows=84 loops=1)
Gather  (cost=1000.00..340864.41 rows=27 width=140) (actual time=310.951..615.267 rows=72 loops=1)
Gather Merge  (cost=340862.28..340867.88 rows=48 width=131) (actual time=596.902..601.504 rows=65 loops=1)
Gather  (cost=1000.00..340864.41 rows=27 width=140) (actual time=264.770..651.404 rows=36 loops=1)
Gather  (cost=1000.00..340864.31 rows=26 width=21) (actual time=586.448..613.797 rows=100 loops=1)
Gather Merge  (cost=340862.31..340868.15 rows=50 width=131) (actual time=620.188..624.698 rows=90 loops=1)
Gather Merge  (cost=340862.28..340867.88 rows=48 width=131) (actual time=597.242..601.831 rows=16 loops=1)
Gather  (cost=1000.00..340864.41 rows=27 width=21) (actual time=26.676..609.635 rows=42 loops=1)
Gather  (cost=1000.00..340924.91 rows=632 width=21) (actual time=129.888..605.321 rows=483 loops=1)
Gather Merge  (cost=340862.28..340867.88 rows=48 width=131) (actual time=630.118..634.712 rows=27 loops=1)
Gather  (cost=1000.00..340864.31 rows=26 width=21) (actual time=502.655..621.480 rows=50 loops=1)
Gather  (cost=1000.00..340873.11 rows=114 width=21) (actual time=145.197..591.611 rows=108 loops=1)
Gather  (cost=1000.00..340864.41 rows=27 width=21) (actual time=583.044..605.753 rows=162 loops=1)
Gather  (cost=1000.00..340864.41 rows=27 width=140) (actual time=201.024..639.394 rows=28 loops=1)
Gather  (cost=1000.00..340864.41 rows=27 width=21) (actual time=268.147..606.296 rows=111 loops=1)
Gather  (cost=1000.00..340878.91 rows=172 width=140) (actual time=461.880..610.634 rows=376 loops=1)
Gather  (cost=1000.00..340864.41 rows=27 width=21) (actual time=579.217..588.906 rows=60 loops=1)
Gather Merge  (cost=340862.28..340867.88 rows=48 width=131) (actual time=626.710..631.244 rows=52 loops=1)
Gather Merge  (cost=340862.28..340867.88 rows=48 width=131) (actual time=618.443..622.828 rows=76 loops=1)
Gather  (cost=1000.00..340864.41 rows=27 width=140) (actual time=171.477..653.286 rows=30 loops=1)
Gather  (cost=1000.00..340864.41 rows=27 width=21) (actual time=24.604..605.918 rows=14 loops=1)
Gather Merge  (cost=340862.28..340867.88 rows=48 width=131) (actual time=633.028..637.579 rows=49 loops=1)
Gather  (cost=1000.00..340864.41 rows=27 width=140) (actual time=17.795..625.406 rows=60 loops=1)
Gather  (cost=1000.00..340864.31 rows=26 width=21) (actual time=327.574..624.374 rows=48 loops=1)
Gather  (cost=1000.00..340878.31 rows=166 width=21) (actual time=125.948..607.904 rows=180 loops=1)
Gather  (cost=1000.00..340868.51 rows=68 width=21) (actual time=277.052..611.757 rows=46 loops=1)
Gather  (cost=1000.00..340883.31 rows=216 width=21) (actual time=361.893..585.972 rows=132 loops=1)
Gather  (cost=1000.00..340926.01 rows=643 width=21) (actual time=307.134..627.433 rows=316 loops=1)
Gather  (cost=1000.00..340864.31 rows=26 width=21) (actual time=519.525..603.334 rows=52 loops=1)
Gather  (cost=1000.00..340864.51 rows=28 width=21) (actual time=85.664..621.163 rows=50 loops=1)
Gather  (cost=1000.00..340864.31 rows=26 width=21) (actual time=337.476..608.641 rows=52 loops=1)
Gather  (cost=1000.00..340864.41 rows=27 width=21) (actual time=273.501..612.257 rows=34 loops=1)
Gather  (cost=1000.00..340873.81 rows=121 width=21) (actual time=417.240..620.471 rows=58 loops=1)
Gather Merge  (cost=340869.83..340918.84 rows=420 width=131) (actual time=625.799..630.515 rows=306 loops=1)
Gather  (cost=1000.00..340883.31 rows=216 width=21) (actual time=266.130..625.803 rows=147 loops=1)
Gather  (cost=1000.00..340864.31 rows=26 width=140) (actual time=402.584..591.326 rows=36 loops=1)
Gather  (cost=1000.00..340923.21 rows=615 width=21) (actual time=599.499..617.114 rows=318 loops=1)
Gather Merge  (cost=340862.31..340868.15 rows=50 width=131) (actual time=628.754..633.239 rows=27 loops=1)
Gather  (cost=1000.00..340864.41 rows=27 width=21) (actual time=181.357..623.732 rows=42 loops=1)
Gather  (cost=1000.00..340864.41 rows=27 width=21) (actual time=270.012..604.245 rows=132 loops=1)
Gather Merge  (cost=340871.22..340927.23 rows=480 width=131) (actual time=600.473..605.262 rows=1316 loops=1)
Gather  (cost=1000.00..340877.91 rows=162 width=140) (actual time=80.255..610.954 rows=210 loops=1)
Gather Merge  (cost=340862.28..340867.88 rows=48 width=131) (actual time=635.926..640.763 rows=46 loops=1)
Gather Merge  (cost=340862.31..340868.15 rows=50 width=131) (actual time=623.413..628.091 rows=216 loops=1)
Gather Merge  (cost=340862.28..340867.88 rows=48 width=131) (actual time=625.377..629.852 rows=14 loops=1)
Gather  (cost=1000.00..340864.51 rows=28 width=21) (actual time=95.559..589.977 rows=70 loops=1)
Gather Merge  (cost=340862.28..340867.88 rows=48 width=131) (actual time=662.544..667.048 rows=30 loops=1)
Gather Merge  (cost=340862.31..340868.15 rows=50 width=131) (actual time=611.411..616.084 rows=70 loops=1)
Gather Merge  (cost=340862.28..340867.88 rows=48 width=131) (actual time=643.820..648.527 rows=40 loops=1)
Gather  (cost=1000.00..340868.31 rows=66 width=21) (actual time=66.097..584.387 rows=78 loops=1)
Gather Merge  (cost=340862.28..340867.88 rows=48 width=131) (actual time=624.214..628.679 rows=58 loops=1)
Gather  (cost=1000.00..340864.31 rows=26 width=140) (actual time=403.463..610.478 rows=44 loops=1)
Gather  (cost=1000.00..340864.31 rows=26 width=140) (actual time=348.805..645.207 rows=52 loops=1)
Gather  (cost=1000.00..340864.41 rows=27 width=21) (actual time=53.826..617.465 rows=69 loops=1)
Gather Merge  (cost=340862.31..340868.15 rows=50 width=131) (actual time=611.827..616.354 rows=60 loops=1)
Gather  (cost=1000.00..340873.71 rows=120 width=21) (actual time=302.203..593.827 rows=145 loops=1)
Gather  (cost=1000.00..340864.31 rows=26 width=21) (actual time=471.136..651.254 rows=52 loops=1)
Gather Merge  (cost=340862.31..340868.15 rows=50 width=131) (actual time=624.750..629.428 rows=36 loops=1)
Gather  (cost=1000.00..340864.41 rows=27 width=140) (actual time=173.232..614.726 rows=108 loops=1)
Gather  (cost=1000.00..340864.41 rows=27 width=403) (actual time=170.832..597.544 rows=108 loops=1)
Gather  (cost=1000.00..340864.31 rows=26 width=140) (actual time=466.815..633.264 rows=30 loops=1)
Gather  (cost=1000.00..340864.41 rows=27 width=21) (actual time=206.058..612.273 rows=46 loops=1)
Gather  (cost=1000.00..340868.91 rows=72 width=21) (actual time=567.490..639.273 rows=84 loops=1)
Gather Merge  (cost=340862.28..340867.88 rows=48 width=131) (actual time=619.166..623.558 rows=277 loops=1)
Gather  (cost=1000.00..340864.41 rows=27 width=403) (actual time=585.359..590.984 rows=39 loops=1)
Gather  (cost=1000.00..340864.41 rows=27 width=140) (actual time=154.147..623.740 rows=33 loops=1)
Gather  (cost=1000.00..340864.41 rows=27 width=21) (actual time=519.579..612.913 rows=56 loops=1)
Gather Merge  (cost=340862.28..340867.88 rows=48 width=131) (actual time=632.359..636.750 rows=60 loops=1)
Gather Merge  (cost=340862.31..340868.15 rows=50 width=131) (actual time=602.975..607.679 rows=145 loops=1)
Gather  (cost=1000.00..340864.41 rows=27 width=21) (actual time=296.211..588.869 rows=104 loops=1)
Gather  (cost=1000.00..340864.31 rows=26 width=21) (actual time=458.933..608.792 rows=48 loops=1)
Gather Merge  (cost=340862.31..340868.15 rows=50 width=131) (actual time=624.807..629.448 rows=39 loops=1)
Gather Merge  (cost=340862.31..340868.15 rows=50 width=131) (actual time=624.079..628.470 rows=42 loops=1)
Gather Merge  (cost=340862.31..340868.15 rows=50 width=131) (actual time=619.722..624.301 rows=150 loops=1)
Gather Merge  (cost=340864.15..340882.11 rows=154 width=131) (actual time=601.957..606.418 rows=156 loops=1)
Gather  (cost=1000.00..340864.41 rows=27 width=140) (actual time=66.769..637.365 rows=30 loops=1)
Gather  (cost=1000.00..340864.41 rows=27 width=21) (actual time=140.879..602.554 rows=52 loops=1)
Gather Merge  (cost=340862.28..340867.88 rows=48 width=131) (actual time=638.095..642.663 rows=26 loops=1)
Gather  (cost=1000.00..340864.31 rows=26 width=21) (actual time=509.791..589.192 rows=126 loops=1)
Gather  (cost=1000.00..340864.41 rows=27 width=21) (actual time=141.409..608.828 rows=46 loops=1)
Gather  (cost=1000.00..340864.41 rows=27 width=21) (actual time=379.009..608.937 rows=62 loops=1)
Gather Merge  (cost=340862.28..340867.88 rows=48 width=131) (actual time=629.277..634.136 rows=132 loops=1)
Gather  (cost=1000.00..340876.21 rows=145 width=21) (actual time=232.116..620.123 rows=63 loops=1)
Gather  (cost=1000.00..340864.41 rows=27 width=140) (actual time=225.699..590.500 rows=72 loops=1)
Gather Merge  (cost=340864.15..340882.11 rows=154 width=131) (actual time=621.931..626.575 rows=180 loops=1)
Gather Merge  (cost=340862.28..340867.88 rows=48 width=131) (actual time=622.157..626.783 rows=86 loops=1)
Gather Merge  (cost=340862.31..340868.15 rows=50 width=131) (actual time=639.236..643.851 rows=42 loops=1)
Gather Merge  (cost=340862.28..340867.88 rows=48 width=131) (actual time=630.857..635.445 rows=36 loops=1)
Gather  (cost=1000.00..340864.31 rows=26 width=403) (actual time=535.691..598.405 rows=36 loops=1)
Gather  (cost=1000.00..340879.51 rows=178 width=140) (actual time=111.863..609.422 rows=36 loops=1)
Gather  (cost=1000.00..340864.31 rows=26 width=21) (actual time=551.464..617.061 rows=124 loops=1)
Gather  (cost=1000.00..340876.81 rows=151 width=21) (actual time=180.175..616.230 rows=148 loops=1)
Gather  (cost=1000.00..340864.31 rows=26 width=21) (actual time=484.275..611.058 rows=54 loops=1)
Gather  (cost=1000.00..340864.41 rows=27 width=21) (actual time=115.870..587.847 rows=50 loops=1)
Gather  (cost=1000.00..340864.31 rows=26 width=21) (actual time=321.893..625.300 rows=99 loops=1)
Gather Merge  (cost=340862.31..340868.15 rows=50 width=131) (actual time=619.432..624.056 rows=90 loops=1)
Gather  (cost=1000.00..340868.11 rows=64 width=403) (actual time=194.008..636.426 rows=90 loops=1)
Gather Merge  (cost=340862.28..340867.88 rows=48 width=131) (actual time=615.833..620.264 rows=76 loops=1)
Gather  (cost=1000.00..340864.31 rows=26 width=403) (actual time=316.072..594.214 rows=60 loops=1)
Gather  (cost=1000.00..340864.41 rows=27 width=21) (actual time=32.679..611.344 rows=54 loops=1)
Gather Merge  (cost=340862.28..340867.88 rows=48 width=131) (actual time=627.634..632.193 rows=261 loops=1)
Gather  (cost=1000.00..340864.31 rows=26 width=21) (actual time=476.561..625.393 rows=114 loops=1)
Gather  (cost=1000.00..340876.21 rows=145 width=140) (actual time=235.055..605.678 rows=63 loops=1)
Gather  (cost=1000.00..340864.41 rows=27 width=140) (actual time=53.973..590.114 rows=30 loops=1)
Gather  (cost=1000.00..340864.41 rows=27 width=21) (actual time=61.729..611.971 rows=52 loops=1)
Gather  (cost=1000.00..340869.41 rows=77 width=140) (actual time=596.352..607.179 rows=60 loops=1)
Gather  (cost=1000.00..340878.11 rows=164 width=21) (actual time=88.539..619.916 rows=261 loops=1)
Gather Merge  (cost=340862.28..340867.88 rows=48 width=131) (actual time=617.195..621.596 rows=105 loops=1)
Gather Merge  (cost=340862.28..340867.88 rows=48 width=131) (actual time=605.939..610.419 rows=106 loops=1)
Gather  (cost=1000.00..340879.11 rows=174 width=140) (actual time=219.156..622.999 rows=172 loops=1)
Gather Merge  (cost=340862.31..340868.15 rows=50 width=131) (actual time=635.386..640.164 rows=80 loops=1)
Gather  (cost=1000.00..340864.41 rows=27 width=140) (actual time=230.482..626.474 rows=36 loops=1)
Gather  (cost=1000.00..340864.41 rows=27 width=140) (actual time=106.398..591.749 rows=14 loops=1)
Gather  (cost=1000.00..340870.11 rows=84 width=21) (actual time=178.468..610.160 rows=70 loops=1)
Gather  (cost=1000.00..340870.01 rows=83 width=21) (actual time=568.124..601.355 rows=105 loops=1)
Gather Merge  (cost=340868.61..340911.31 rows=366 width=131) (actual time=619.424..624.068 rows=378 loops=1)
Gather Merge  (cost=340862.28..340867.88 rows=48 width=131) (actual time=636.163..652.605 rows=76 loops=1)
Gather  (cost=1000.00..340864.41 rows=27 width=21) (actual time=252.562..588.715 rows=36 loops=1)
Gather  (cost=1000.00..340864.31 rows=26 width=21) (actual time=339.377..608.931 rows=60 loops=1)
Gather Merge  (cost=340864.34..340883.48 rows=164 width=131) (actual time=628.372..632.911 rows=165 loops=1)
Gather  (cost=1000.00..340864.41 rows=27 width=21) (actual time=259.274..616.755 rows=56 loops=1)
Gather  (cost=1000.00..340864.41 rows=27 width=140) (actual time=43.116..610.424 rows=72 loops=1)
Gather  (cost=1000.00..340864.41 rows=27 width=21) (actual time=122.365..589.529 rows=40 loops=1)
Gather  (cost=1000.00..340864.41 rows=27 width=403) (actual time=42.113..612.246 rows=72 loops=1)
Gather  (cost=1000.00..340864.41 rows=27 width=21) (actual time=378.856..609.719 rows=54 loops=1)
Gather  (cost=1000.00..340870.51 rows=88 width=21) (actual time=312.471..619.931 rows=196 loops=1)
Gather Merge  (cost=340862.28..340867.88 rows=48 width=131) (actual time=623.434..627.829 rows=75 loops=1)
Gather Merge  (cost=340864.03..340881.30 rows=148 width=131) (actual time=599.528..604.360 rows=204 loops=1)
Gather  (cost=1000.00..340877.71 rows=160 width=21) (actual time=112.441..607.319 rows=148 loops=1)
Gather Merge  (cost=340862.31..340868.15 rows=50 width=131) (actual time=643.728..647.962 rows=27 loops=1)
Gather  (cost=1000.00..340864.31 rows=26 width=21) (actual time=500.128..630.760 rows=34 loops=1)
Gather  (cost=1000.00..340864.41 rows=27 width=21) (actual time=319.027..607.411 rows=93 loops=1)
Gather Merge  (cost=340862.28..340867.88 rows=48 width=131) (actual time=598.626..603.065 rows=88 loops=1)
Gather  (cost=1000.00..340864.41 rows=27 width=140) (actual time=386.424..611.943 rows=72 loops=1)
Gather Merge  (cost=340862.28..340867.88 rows=48 width=131) (actual time=637.316..641.991 rows=30 loops=1)
Gather  (cost=1000.00..340868.21 rows=65 width=21) (actual time=530.882..616.834 rows=108 loops=1)
Gather  (cost=1000.00..340864.41 rows=27 width=21) (actual time=8.044..604.117 rows=104 loops=1)
Gather  (cost=1000.00..340864.41 rows=27 width=140) (actual time=139.483..589.661 rows=72 loops=1)
Gather Merge  (cost=340864.03..340881.30 rows=148 width=131) (actual time=642.761..647.682 rows=112 loops=1)
Gather  (cost=1000.00..340878.61 rows=169 width=140) (actual time=238.616..622.177 rows=255 loops=1)
Gather Merge  (cost=340862.28..340867.88 rows=48 width=131) (actual time=616.358..621.077 rows=65 loops=1)
Gather  (cost=1000.00..340864.31 rows=26 width=140) (actual time=548.664..590.185 rows=120 loops=1)
Gather  (cost=1000.00..340864.41 rows=27 width=140) (actual time=110.203..614.660 rows=75 loops=1)
Gather  (cost=1000.00..340864.41 rows=27 width=403) (actual time=110.375..603.201 rows=75 loops=1)
Gather Merge  (cost=340864.98..340887.84 rows=196 width=131) (actual time=627.280..631.701 rows=183 loops=1)
Gather  (cost=1000.00..340875.81 rows=141 width=21) (actual time=335.990..624.503 rows=54 loops=1)
Gather  (cost=1000.00..340864.41 rows=27 width=140) (actual time=502.872..593.023 rows=96 loops=1)
Gather  (cost=1000.00..340864.41 rows=27 width=403) (actual time=497.316..588.536 rows=96 loops=1)
Gather  (cost=1000.00..340898.71 rows=370 width=21) (actual time=311.731..656.772 rows=516 loops=1)
Gather  (cost=1000.00..340924.11 rows=624 width=140) (actual time=590.606..610.567 rows=413 loops=1)
Gather Merge  (cost=340862.28..340867.88 rows=48 width=131) (actual time=619.754..624.295 rows=52 loops=1)
Gather  (cost=1000.00..340864.41 rows=27 width=21) (actual time=370.874..587.389 rows=64 loops=1)
Gather  (cost=1000.00..340864.41 rows=27 width=21) (actual time=174.180..638.786 rows=50 loops=1)
Gather Merge  (cost=340862.28..340867.88 rows=48 width=131) (actual time=628.119..632.567 rows=48 loops=1)
Gather  (cost=1000.00..340864.41 rows=27 width=21) (actual time=502.823..605.983 rows=34 loops=1)
Gather Merge  (cost=340862.31..340868.15 rows=50 width=131) (actual time=614.437..618.885 rows=103 loops=1)
Gather  (cost=1000.00..340864.41 rows=27 width=21) (actual time=503.918..613.817 rows=69 loops=1)
Gather Merge  (cost=340862.31..340868.15 rows=50 width=131) (actual time=636.356..640.795 rows=46 loops=1)
Gather Merge  (cost=340870.48..340922.75 rows=448 width=131) (actual time=628.980..633.529 rows=1283 loops=1)
Gather  (cost=1000.00..340864.31 rows=26 width=21) (actual time=562.876..609.491 rows=30 loops=1)
Gather  (cost=1000.00..340864.41 rows=27 width=21) (actual time=213.091..588.151 rows=50 loops=1)
Gather Merge  (cost=340862.31..340868.15 rows=50 width=131) (actual time=630.933..635.354 rows=124 loops=1)
Gather  (cost=1000.00..340923.21 rows=615 width=21) (actual time=599.510..617.044 rows=318 loops=1)
Gather  (cost=1000.00..340864.41 rows=27 width=21) (actual time=210.984..622.170 rows=108 loops=1)
Gather Merge  (cost=340862.28..340867.88 rows=48 width=131) (actual time=616.713..620.984 rows=32 loops=1)
Gather  (cost=1000.00..340864.41 rows=27 width=21) (actual time=231.345..593.798 rows=96 loops=1)
Gather  (cost=1000.00..340864.31 rows=26 width=21) (actual time=459.910..606.131 rows=57 loops=1)
Gather  (cost=1000.00..340864.41 rows=27 width=140) (actual time=145.172..631.288 rows=18 loops=1)
Gather  (cost=1000.00..340864.41 rows=27 width=21) (actual time=164.524..618.214 rows=36 loops=1)
Gather  (cost=1000.00..340864.31 rows=26 width=21) (actual time=591.744..625.978 rows=80 loops=1)
Gather Merge  (cost=340865.14..340888.94 rows=204 width=131) (actual time=606.109..610.536 rows=381 loops=1)
Gather  (cost=1000.00..340864.41 rows=27 width=21) (actual time=14.589..634.564 rows=56 loops=1)
Gather Merge  (cost=340862.28..340867.88 rows=48 width=131) (actual time=618.555..623.734 rows=83 loops=1)
Gather Merge  (cost=340862.31..340868.15 rows=50 width=131) (actual time=655.531..660.067 rows=78 loops=1)
Gather  (cost=1000.00..340864.41 rows=27 width=21) (actual time=173.716..596.350 rows=52 loops=1)
Gather  (cost=1000.00..340864.41 rows=27 width=21) (actual time=601.397..617.628 rows=150 loops=1)
Gather  (cost=1000.00..340864.41 rows=27 width=21) (actual time=48.731..640.738 rows=40 loops=1)
Gather  (cost=1000.00..340864.41 rows=27 width=140) (actual time=31.683..617.700 rows=30 loops=1)
Gather  (cost=1000.00..340864.41 rows=27 width=403) (actual time=29.299..629.346 rows=30 loops=1)
Gather Merge  (cost=340862.28..340867.88 rows=48 width=131) (actual time=607.790..612.459 rows=58 loops=1)
Gather  (cost=1000.00..340864.41 rows=27 width=21) (actual time=384.498..633.289 rows=99 loops=1)
Gather Merge  (cost=340862.31..340868.15 rows=50 width=131) (actual time=618.870..623.669 rows=48 loops=1)
Gather  (cost=1000.00..340868.01 rows=63 width=140) (actual time=68.530..630.577 rows=36 loops=1)
Gather  (cost=1000.00..340864.31 rows=26 width=140) (actual time=416.188..595.779 rows=30 loops=1)
Gather  (cost=1000.00..340864.31 rows=26 width=403) (actual time=413.741..618.612 rows=30 loops=1)
Gather  (cost=1000.00..340864.41 rows=27 width=21) (actual time=392.232..609.168 rows=34 loops=1)
Gather  (cost=1000.00..340869.11 rows=74 width=21) (actual time=106.357..616.326 rows=48 loops=1)
Gather  (cost=1000.00..340864.41 rows=27 width=21) (actual time=591.637..613.496 rows=38 loops=1)
Gather Merge  (cost=340862.28..340867.88 rows=48 width=131) (actual time=600.382..605.051 rows=80 loops=1)
Gather  (cost=1000.00..340864.41 rows=27 width=140) (actual time=204.081..618.016 rows=56 loops=1)
Gather  (cost=1000.00..340864.41 rows=27 width=21) (actual time=117.522..608.103 rows=44 loops=1)
Gather  (cost=1000.00..340864.31 rows=26 width=21) (actual time=364.858..615.800 rows=72 loops=1)
Gather  (cost=1000.00..340876.01 rows=143 width=21) (actual time=317.582..608.495 rows=250 loops=1)
Gather  (cost=1000.00..340864.31 rows=26 width=21) (actual time=328.988..591.582 rows=42 loops=1)
Gather Merge  (cost=340862.28..340867.88 rows=48 width=131) (actual time=646.586..652.315 rows=50 loops=1)
Gather  (cost=1000.00..340875.41 rows=137 width=21) (actual time=444.788..615.963 rows=52 loops=1)
Gather  (cost=1000.00..340864.41 rows=27 width=21) (actual time=134.992..608.332 rows=60 loops=1)
Gather  (cost=1000.00..340864.31 rows=26 width=21) (actual time=408.725..589.258 rows=78 loops=1)
Gather  (cost=1000.00..340864.31 rows=26 width=140) (actual time=361.059..629.686 rows=52 loops=1)
Gather  (cost=1000.00..340864.31 rows=26 width=21) (actual time=561.843..605.702 rows=70 loops=1)
Gather  (cost=1000.00..340872.11 rows=104 width=140) (actual time=424.259..622.026 rows=258 loops=1)
Gather  (cost=1000.00..340864.31 rows=26 width=140) (actual time=410.142..589.124 rows=21 loops=1)
Gather  (cost=1000.00..340864.41 rows=27 width=21) (actual time=595.440..612.204 rows=54 loops=1)
Gather Merge  (cost=340862.31..340868.15 rows=50 width=131) (actual time=616.734..621.208 rows=98 loops=1)
Gather Merge  (cost=340862.31..340868.15 rows=50 width=131) (actual time=642.795..647.078 rows=69 loops=1)
Gather  (cost=1000.00..340869.71 rows=80 width=21) (actual time=318.132..604.158 rows=104 loops=1)
Gather Merge  (cost=340862.31..340868.15 rows=50 width=131) (actual time=601.416..606.061 rows=60 loops=1)
Gather  (cost=1000.00..340864.41 rows=27 width=21) (actual time=170.221..589.577 rows=56 loops=1)
Gather  (cost=1000.00..340864.41 rows=27 width=140) (actual time=124.726..627.513 rows=20 loops=1)
Gather  (cost=1000.00..340868.21 rows=65 width=21) (actual time=39.245..614.322 rows=104 loops=1)
Gather Merge  (cost=340862.28..340867.88 rows=48 width=131) (actual time=617.650..622.037 rows=45 loops=1)
Gather  (cost=1000.00..340869.71 rows=80 width=21) (actual time=73.867..591.720 rows=105 loops=1)
Gather  (cost=1000.00..340864.31 rows=26 width=21) (actual time=586.948..626.055 rows=148 loops=1)
Gather  (cost=1000.00..340864.41 rows=27 width=21) (actual time=248.846..614.003 rows=44 loops=1)
Gather  (cost=1000.00..340864.41 rows=27 width=21) (actual time=384.199..615.592 rows=40 loops=1)
Gather Merge  (cost=340862.28..340867.88 rows=48 width=131) (actual time=615.977..620.515 rows=104 loops=1)
Gather Merge  (cost=340869.02..340913.82 rows=384 width=131) (actual time=600.641..605.734 rows=497 loops=1)
Gather  (cost=1000.00..340868.31 rows=66 width=21) (actual time=190.750..619.773 rows=48 loops=1)
Gather  (cost=1000.00..340864.41 rows=27 width=140) (actual time=41.449..613.629 rows=27 loops=1)
Gather Merge  (cost=340862.28..340867.88 rows=48 width=131) (actual time=627.724..632.273 rows=86 loops=1)
Gather  (cost=1000.00..340864.41 rows=27 width=21) (actual time=205.003..590.182 rows=40 loops=1)
Gather  (cost=1000.00..340864.31 rows=26 width=21) (actual time=526.864..624.442 rows=48 loops=1)
Gather  (cost=1000.00..340864.41 rows=27 width=21) (actual time=222.475..614.090 rows=50 loops=1)
Gather  (cost=1000.00..340864.41 rows=27 width=21) (actual time=383.669..623.758 rows=50 loops=1)
Gather  (cost=1000.00..340864.51 rows=28 width=21) (actual time=83.450..607.496 rows=54 loops=1)
Gather Merge  (cost=340862.28..340867.88 rows=48 width=131) (actual time=603.406..609.606 rows=180 loops=1)
Gather  (cost=1000.00..340864.41 rows=27 width=140) (actual time=529.642..631.252 rows=45 loops=1)
Gather  (cost=1000.00..340868.51 rows=68 width=21) (actual time=91.823..615.515 rows=168 loops=1)
Gather  (cost=1000.00..340878.21 rows=165 width=140) (actual time=220.028..603.619 rows=265 loops=1)
Gather Merge  (cost=340862.28..340867.88 rows=48 width=131) (actual time=601.547..605.992 rows=80 loops=1)
Gather  (cost=1000.00..340864.31 rows=26 width=21) (actual time=355.793..608.222 rows=42 loops=1)
Gather Merge  (cost=340862.31..340868.15 rows=50 width=131) (actual time=625.133..629.675 rows=56 loops=1)
Gather  (cost=1000.00..340864.41 rows=27 width=140) (actual time=49.017..621.552 rows=81 loops=1)
Gather  (cost=1000.00..340868.21 rows=65 width=21) (actual time=237.955..606.151 rows=88 loops=1)
Gather  (cost=1000.00..340868.81 rows=71 width=21) (actual time=576.512..590.379 rows=75 loops=1)
Gather  (cost=1000.00..340870.71 rows=90 width=21) (actual time=47.904..645.887 rows=64 loops=1)
Gather  (cost=1000.00..340869.61 rows=79 width=21) (actual time=452.374..614.835 rows=98 loops=1)
Gather Merge  (cost=340862.31..340868.15 rows=50 width=131) (actual time=619.812..624.368 rows=80 loops=1)
Gather Merge  (cost=340862.28..340867.88 rows=48 width=131) (actual time=597.661..602.248 rows=60 loops=1)
Gather Merge  (cost=340862.31..340868.15 rows=50 width=131) (actual time=651.077..655.567 rows=154 loops=1)
Gather  (cost=1000.00..340883.01 rows=213 width=21) (actual time=6.631..605.490 rows=120 loops=1)
Gather Merge  (cost=340862.28..340867.88 rows=48 width=131) (actual time=630.530..635.179 rows=52 loops=1)
Gather Merge  (cost=340862.28..340867.88 rows=48 width=131) (actual time=600.155..604.851 rows=76 loops=1)
Gather  (cost=1000.00..340879.71 rows=180 width=21) (actual time=135.563..620.985 rows=115 loops=1)
Gather  (cost=1000.00..340864.31 rows=26 width=403) (actual time=534.141..603.015 rows=60 loops=1)
Gather  (cost=1000.00..340864.31 rows=26 width=140) (actual time=352.610..612.252 rows=42 loops=1)
Gather  (cost=1000.00..340864.31 rows=26 width=21) (actual time=541.440..622.131 rows=50 loops=1)
Gather  (cost=1000.00..340864.41 rows=27 width=21) (actual time=230.657..595.900 rows=46 loops=1)
Gather  (cost=1000.00..340864.41 rows=27 width=140) (actual time=285.237..623.625 rows=33 loops=1)
Gather Merge  (cost=340862.28..340867.88 rows=48 width=131) (actual time=627.594..632.129 rows=168 loops=1)
Gather Merge  (cost=340862.28..340867.88 rows=48 width=131) (actual time=617.187..621.963 rows=35 loops=1)
Gather  (cost=1000.00..340864.31 rows=26 width=21) (actual time=374.123..613.524 rows=44 loops=1)
Gather  (cost=1000.00..340864.41 rows=27 width=21) (actual time=118.296..589.466 rows=44 loops=1)
Gather  (cost=1000.00..340864.41 rows=27 width=21) (actual time=207.924..610.050 rows=54 loops=1)
Gather  (cost=1000.00..340864.31 rows=26 width=21) (actual time=551.049..618.374 rows=56 loops=1)
Gather  (cost=1000.00..340864.41 rows=27 width=21) (actual time=143.554..625.525 rows=42 loops=1)
Gather  (cost=1000.00..340864.31 rows=26 width=21) (actual time=477.603..645.912 rows=114 loops=1)
Gather  (cost=1000.00..340868.41 rows=67 width=21) (actual time=291.327..589.131 rows=58 loops=1)
Gather  (cost=1000.00..340921.51 rows=598 width=21) (actual time=607.145..673.719 rows=312 loops=1)
Gather  (cost=1000.00..340882.11 rows=204 width=140) (actual time=229.813..597.508 rows=216 loops=1)
Gather  (cost=1000.00..340864.41 rows=27 width=140) (actual time=275.887..622.710 rows=39 loops=1)
Gather Merge  (cost=340862.31..340868.15 rows=50 width=131) (actual time=598.235..602.689 rows=52 loops=1)
Gather  (cost=1000.00..340864.31 rows=26 width=21) (actual time=550.059..614.189 rows=62 loops=1)
Gather Merge  (cost=340862.31..340868.15 rows=50 width=131) (actual time=600.948..605.555 rows=66 loops=1)
Gather Merge  (cost=340862.28..340867.88 rows=48 width=131) (actual time=661.051..665.704 rows=324 loops=1)
Gather  (cost=1000.00..340864.41 rows=27 width=140) (actual time=118.561..609.931 rows=30 loops=1)
Gather  (cost=1000.00..340864.41 rows=27 width=140) (actual time=407.911..617.948 rows=76 loops=1)
Gather  (cost=1000.00..340878.11 rows=164 width=21) (actual time=413.503..588.491 rows=248 loops=1)
Gather  (cost=1000.00..340871.21 rows=95 width=21) (actual time=577.858..665.958 rows=74 loops=1)
Gather Merge  (cost=340862.28..340867.88 rows=48 width=131) (actual time=621.552..625.957 rows=20 loops=1)
Gather  (cost=1000.00..340877.81 rows=161 width=140) (actual time=310.087..611.963 rows=100 loops=1)
Gather  (cost=1000.00..340864.31 rows=26 width=140) (actual time=423.326..587.019 rows=52 loops=1)
Gather  (cost=1000.00..340864.31 rows=26 width=21) (actual time=366.883..616.784 rows=46 loops=1)
Gather Merge  (cost=340862.31..340868.15 rows=50 width=131) (actual time=599.944..604.485 rows=65 loops=1)
Gather  (cost=1000.00..340864.41 rows=27 width=403) (actual time=57.812..631.836 rows=65 loops=1)
Gather  (cost=1000.00..340877.81 rows=161 width=21) (actual time=546.321..606.557 rows=152 loops=1)
Gather  (cost=1000.00..340864.41 rows=27 width=140) (actual time=209.948..613.572 rows=18 loops=1)
Gather Merge  (cost=340862.31..340868.15 rows=50 width=131) (actual time=596.631..601.203 rows=78 loops=1)
Gather  (cost=1000.00..340864.51 rows=28 width=21) (actual time=110.417..662.884 rows=153 loops=1)
Gather  (cost=1000.00..340864.41 rows=27 width=21) (actual time=293.260..606.979 rows=164 loops=1)
Gather  (cost=1000.00..340864.41 rows=27 width=21) (actual time=521.024..614.360 rows=44 loops=1)
Gather  (cost=1000.00..340870.11 rows=84 width=21) (actual time=436.485..587.152 rows=192 loops=1)
Gather  (cost=1000.00..340864.31 rows=26 width=140) (actual time=430.604..623.229 rows=20 loops=1)
Gather  (cost=1000.00..340864.41 rows=27 width=140) (actual time=481.753..584.838 rows=28 loops=1)
Gather  (cost=1000.00..340864.41 rows=27 width=403) (actual time=541.770..645.698 rows=28 loops=1)
Gather  (cost=1000.00..340870.21 rows=85 width=21) (actual time=301.030..608.408 rows=72 loops=1)
Gather  (cost=1000.00..340864.41 rows=27 width=21) (actual time=280.554..616.301 rows=52 loops=1)
Gather Merge  (cost=340862.31..340868.15 rows=50 width=131) (actual time=596.510..600.978 rows=88 loops=1)
Gather  (cost=1000.00..340864.41 rows=27 width=140) (actual time=301.700..671.069 rows=215 loops=1)
Gather  (cost=1000.00..340864.41 rows=27 width=403) (actual time=235.731..606.155 rows=215 loops=1)
Gather Merge  (cost=340862.28..340867.88 rows=48 width=131) (actual time=624.892..629.324 rows=60 loops=1)
Gather  (cost=1000.00..340864.41 rows=27 width=21) (actual time=102.763..588.442 rows=86 loops=1)
Gather Merge  (cost=340862.28..340867.88 rows=48 width=131) (actual time=629.982..634.631 rows=95 loops=1)
Gather  (cost=1000.00..340868.21 rows=65 width=21) (actual time=116.288..608.406 rows=76 loops=1)
Gather  (cost=1000.00..340864.41 rows=27 width=140) (actual time=315.289..646.655 rows=42 loops=1)
Gather  (cost=1000.00..340864.41 rows=27 width=140) (actual time=13.966..625.384 rows=44 loops=1)
Gather  (cost=1000.00..340877.71 rows=160 width=21) (actual time=172.262..608.171 rows=180 loops=1)
Gather Merge  (cost=340867.55..340904.65 rows=318 width=131) (actual time=643.121..648.225 rows=245 loops=1)
Gather  (cost=1000.00..340864.41 rows=27 width=21) (actual time=55.729..616.381 rows=48 loops=1)
Gather  (cost=1000.00..340864.41 rows=27 width=21) (actual time=503.833..637.174 rows=57 loops=1)
Gather  (cost=1000.00..340864.51 rows=28 width=21) (actual time=86.514..597.492 rows=46 loops=1)
Gather Merge  (cost=340862.28..340867.88 rows=48 width=131) (actual time=626.212..630.946 rows=28 loops=1)
Gather  (cost=1000.00..340864.31 rows=26 width=21) (actual time=433.754..610.325 rows=138 loops=1)
Gather  (cost=1000.00..340868.21 rows=65 width=140) (actual time=287.472..657.861 rows=36 loops=1)
Gather Merge  (cost=340862.31..340868.15 rows=50 width=131) (actual time=626.730..631.608 rows=30 loops=1)
Gather Merge  (cost=340862.28..340867.88 rows=48 width=131) (actual time=625.262..629.704 rows=74 loops=1)
Gather Merge  (cost=340862.28..340867.88 rows=48 width=131) (actual time=599.201..605.394 rows=74 loops=1)
Gather  (cost=1000.00..340883.71 rows=220 width=21) (actual time=189.463..654.729 rows=312 loops=1)
Gather  (cost=1000.00..340921.51 rows=598 width=21) (actual time=571.499..619.056 rows=600 loops=1)
Gather Merge  (cost=340862.31..340868.15 rows=50 width=131) (actual time=623.314..627.881 rows=48 loops=1)
Gather  (cost=1000.00..340864.31 rows=26 width=140) (actual time=407.377..586.661 rows=26 loops=1)
Gather  (cost=1000.00..340868.81 rows=71 width=21) (actual time=599.631..613.475 rows=75 loops=1)
Gather  (cost=1000.00..340864.41 rows=27 width=140) (actual time=270.983..601.493 rows=114 loops=1)
Gather  (cost=1000.00..340925.01 rows=633 width=21) (actual time=60.843..622.340 rows=1062 loops=1)
Gather Merge  (cost=340862.28..340867.88 rows=48 width=131) (actual time=636.113..641.060 rows=32 loops=1)
Gather Merge  (cost=340862.28..340867.88 rows=48 width=131) (actual time=603.507..608.128 rows=42 loops=1)
Gather  (cost=1000.00..340864.41 rows=27 width=140) (actual time=165.600..608.320 rows=42 loops=1)
Gather  (cost=1000.00..340864.31 rows=26 width=21) (actual time=544.339..625.368 rows=42 loops=1)
Gather  (cost=1000.00..340864.41 rows=27 width=21) (actual time=7.370..616.537 rows=44 loops=1)
Gather  (cost=1000.00..340864.31 rows=26 width=140) (actual time=337.687..611.270 rows=35 loops=1)
Gather Merge  (cost=340862.28..340867.88 rows=48 width=131) (actual time=600.259..605.046 rows=96 loops=1)
Gather  (cost=1000.00..340869.41 rows=77 width=21) (actual time=112.862..614.291 rows=72 loops=1)
Gather  (cost=1000.00..340864.41 rows=27 width=140) (actual time=180.551..611.682 rows=66 loops=1)
Gather  (cost=1000.00..340864.51 rows=28 width=21) (actual time=80.991..636.229 rows=30 loops=1)
Gather  (cost=1000.00..340871.31 rows=96 width=21) (actual time=372.669..608.410 rows=175 loops=1)
Gather  (cost=1000.00..340864.41 rows=27 width=140) (actual time=198.363..611.191 rows=128 loops=1)
Gather  (cost=1000.00..340899.81 rows=381 width=21) (actual time=218.560..619.188 rows=486 loops=1)
Gather  (cost=1000.00..340864.41 rows=27 width=140) (actual time=309.669..611.676 rows=42 loops=1)
Gather  (cost=1000.00..340864.31 rows=26 width=21) (actual time=478.192..611.231 rows=54 loops=1)
Gather Merge  (cost=340862.31..340868.15 rows=50 width=131) (actual time=623.882..628.370 rows=348 loops=1)
Gather  (cost=1000.00..340864.41 rows=27 width=21) (actual time=158.681..586.844 rows=72 loops=1)
Gather  (cost=1000.00..340924.31 rows=626 width=140) (actual time=130.748..630.186 rows=627 loops=1)
Gather Merge  (cost=340868.52..340910.76 rows=362 width=131) (actual time=618.798..623.811 rows=242 loops=1)
Gather  (cost=1000.00..340864.31 rows=26 width=21) (actual time=343.214..628.067 rows=44 loops=1)
Gather Merge  (cost=340862.31..340868.15 rows=50 width=131) (actual time=602.244..606.841 rows=65 loops=1)
Gather Merge  (cost=340862.28..340867.88 rows=48 width=131) (actual time=621.783..626.261 rows=56 loops=1)
Gather  (cost=1000.00..340864.31 rows=26 width=403) (actual time=312.173..609.291 rows=30 loops=1)
Gather Merge  (cost=340862.28..340867.88 rows=48 width=131) (actual time=623.381..627.925 rows=135 loops=1)
Gather  (cost=1000.00..340864.31 rows=26 width=140) (actual time=560.130..617.954 rows=40 loops=1)
Gather  (cost=1000.00..340864.31 rows=26 width=21) (actual time=532.938..592.554 rows=52 loops=1)
Gather  (cost=1000.00..340864.41 rows=27 width=21) (actual time=205.047..620.405 rows=52 loops=1)
Gather  (cost=1000.00..340864.41 rows=27 width=21) (actual time=378.734..624.676 rows=84 loops=1)
Gather  (cost=1000.00..340864.41 rows=27 width=140) (actual time=128.125..624.738 rows=42 loops=1)
Gather  (cost=1000.00..340864.41 rows=27 width=21) (actual time=15.930..591.920 rows=63 loops=1)
Gather  (cost=1000.00..340870.11 rows=84 width=21) (actual time=379.853..592.649 rows=84 loops=1)
Gather  (cost=1000.00..340874.51 rows=128 width=21) (actual time=323.442..612.365 rows=144 loops=1)
Gather  (cost=1000.00..340864.31 rows=26 width=21) (actual time=428.776..614.450 rows=78 loops=1)
Gather  (cost=1000.00..340884.01 rows=223 width=140) (actual time=95.711..627.103 rows=230 loops=1)
Gather  (cost=1000.00..340864.41 rows=27 width=21) (actual time=290.312..611.748 rows=36 loops=1)
Gather Merge  (cost=340865.10..340888.66 rows=202 width=131) (actual time=601.474..605.806 rows=198 loops=1)
Gather  (cost=1000.00..340923.31 rows=616 width=21) (actual time=602.755..707.820 rows=990 loops=1)
Gather Merge  (cost=340862.31..340868.15 rows=50 width=131) (actual time=612.633..617.218 rows=55 loops=1)
Gather  (cost=1000.00..340864.41 rows=27 width=21) (actual time=127.820..626.112 rows=60 loops=1)
Gather  (cost=1000.00..340864.41 rows=27 width=21) (actual time=131.834..586.755 rows=34 loops=1)
Gather  (cost=1000.00..340878.71 rows=170 width=21) (actual time=552.877..617.220 rows=280 loops=1)
Gather  (cost=1000.00..340864.41 rows=27 width=21) (actual time=211.359..597.045 rows=54 loops=1)
Gather Merge  (cost=340862.31..340868.15 rows=50 width=131) (actual time=637.430..641.930 rows=72 loops=1)
Gather Merge  (cost=340862.31..340868.15 rows=50 width=131) (actual time=622.700..627.287 rows=45 loops=1)
Gather  (cost=1000.00..340898.11 rows=364 width=21) (actual time=464.898..611.853 rows=188 loops=1)
Gather  (cost=1000.00..340882.11 rows=204 width=21) (actual time=226.589..587.062 rows=216 loops=1)
Gather  (cost=1000.00..340864.41 rows=27 width=140) (actual time=142.518..644.677 rows=48 loops=1)
Gather  (cost=1000.00..340864.41 rows=27 width=21) (actual time=204.673..609.922 rows=86 loops=1)
Gather  (cost=1000.00..340864.31 rows=26 width=21) (actual time=537.639..610.121 rows=50 loops=1)
Gather  (cost=1000.00..340869.81 rows=81 width=21) (actual time=66.407..585.477 rows=140 loops=1)
Gather Merge  (cost=340862.31..340868.15 rows=50 width=131) (actual time=627.147..631.439 rows=40 loops=1)
Gather  (cost=1000.00..340925.11 rows=634 width=140) (actual time=198.498..602.386 rows=516 loops=1)
Gather  (cost=1000.00..340864.41 rows=27 width=21) (actual time=256.972..614.051 rows=52 loops=1)
Gather  (cost=1000.00..340864.41 rows=27 width=140) (actual time=280.147..615.923 rows=24 loops=1)
Gather Merge  (cost=340862.28..340867.88 rows=48 width=131) (actual time=603.022..607.538 rows=66 loops=1)
Gather  (cost=1000.00..340864.41 rows=27 width=21) (actual time=381.310..610.531 rows=42 loops=1)
Gather Merge  (cost=340862.31..340868.15 rows=50 width=131) (actual time=631.500..636.279 rows=108 loops=1)
Gather  (cost=1000.00..340864.41 rows=27 width=21) (actual time=143.615..609.399 rows=42 loops=1)
Gather Merge  (cost=340862.28..340867.88 rows=48 width=131) (actual time=617.851..622.271 rows=70 loops=1)
Gather Merge  (cost=340862.28..340867.88 rows=48 width=131) (actual time=600.422..605.000 rows=53 loops=1)
Gather  (cost=1000.00..340864.31 rows=26 width=403) (actual time=463.653..610.363 rows=39 loops=1)
Gather  (cost=1000.00..340873.21 rows=115 width=21) (actual time=252.055..613.621 rows=290 loops=1)
Gather  (cost=1000.00..340864.31 rows=26 width=21) (actual time=376.423..627.751 rows=84 loops=1)
Gather  (cost=1000.00..340864.31 rows=26 width=21) (actual time=332.648..606.048 rows=56 loops=1)
Gather  (cost=1000.00..340864.41 rows=27 width=21) (actual time=173.229..589.825 rows=62 loops=1)
Gather  (cost=1000.00..340868.41 rows=67 width=21) (actual time=514.435..644.181 rows=96 loops=1)
Gather Merge  (cost=340862.28..340867.88 rows=48 width=131) (actual time=620.983..625.619 rows=176 loops=1)
Gather Merge  (cost=340862.31..340868.15 rows=50 width=131) (actual time=637.427..642.102 rows=114 loops=1)
Gather  (cost=1000.00..340864.51 rows=28 width=21) (actual time=93.241..589.160 rows=60 loops=1)
Gather  (cost=1000.00..340871.51 rows=98 width=21) (actual time=520.418..625.539 rows=198 loops=1)
Gather Merge  (cost=340862.31..340868.15 rows=50 width=131) (actual time=613.417..618.223 rows=126 loops=1)
Gather  (cost=1000.00..340864.41 rows=27 width=21) (actual time=285.272..639.471 rows=42 loops=1)
Gather  (cost=1000.00..340868.31 rows=66 width=21) (actual time=365.192..589.927 rows=60 loops=1)
Gather  (cost=1000.00..340864.41 rows=27 width=21) (actual time=59.163..591.254 rows=81 loops=1)
Gather  (cost=1000.00..340864.31 rows=26 width=21) (actual time=409.162..631.576 rows=60 loops=1)
Gather  (cost=1000.00..340925.11 rows=634 width=21) (actual time=209.414..606.577 rows=516 loops=1)
Gather  (cost=1000.00..340864.31 rows=26 width=21) (actual time=573.786..615.837 rows=52 loops=1)
Gather  (cost=1000.00..340864.41 rows=27 width=140) (actual time=61.476..594.401 rows=18 loops=1)
Gather  (cost=1000.00..340882.11 rows=204 width=21) (actual time=228.282..613.612 rows=216 loops=1)
Gather Merge  (cost=340862.28..340867.88 rows=48 width=131) (actual time=621.622..626.030 rows=80 loops=1)
Gather Merge  (cost=340864.94..340887.57 rows=194 width=131) (actual time=642.100..648.060 rows=394 loops=1)
Gather Merge  (cost=340862.31..340868.15 rows=50 width=131) (actual time=617.782..622.194 rows=90 loops=1)
Gather  (cost=1000.00..340868.01 rows=63 width=21) (actual time=524.219..592.385 rows=42 loops=1)
Gather Merge  (cost=340862.28..340867.88 rows=48 width=131) (actual time=620.319..624.866 rows=66 loops=1)
Gather Merge  (cost=340862.31..340868.15 rows=50 width=131) (actual time=631.011..635.579 rows=48 loops=1)
Gather  (cost=1000.00..340868.11 rows=64 width=403) (actual time=293.191..611.617 rows=48 loops=1)
Gather  (cost=1000.00..340864.41 rows=27 width=21) (actual time=128.640..627.514 rows=36 loops=1)
Gather Merge  (cost=340864.03..340881.30 rows=148 width=131) (actual time=615.086..619.623 rows=204 loops=1)
Gather  (cost=1000.00..340864.41 rows=27 width=21) (actual time=399.444..609.861 rows=40 loops=1)
Gather  (cost=1000.00..340864.31 rows=26 width=21) (actual time=582.862..610.685 rows=69 loops=1)
Gather  (cost=1000.00..340899.81 rows=381 width=21) (actual time=309.820..641.227 rows=672 loops=1)
Gather Merge  (cost=340862.31..340868.15 rows=50 width=131) (actual time=615.568..619.993 rows=40 loops=1)
Gather  (cost=1000.00..340864.41 rows=27 width=21) (actual time=229.026..592.942 rows=54 loops=1)
Gather  (cost=1000.00..340873.11 rows=114 width=140) (actual time=370.086..609.513 rows=165 loops=1)
Gather  (cost=1000.00..340864.41 rows=27 width=21) (actual time=153.870..627.020 rows=40 loops=1)
Gather  (cost=1000.00..340881.61 rows=199 width=21) (actual time=562.642..614.738 rows=345 loops=1)
Gather  (cost=1000.00..340870.31 rows=86 width=21) (actual time=589.929..608.259 rows=189 loops=1)
Gather Merge  (cost=340862.31..340868.15 rows=50 width=131) (actual time=598.899..603.283 rows=48 loops=1)
Gather  (cost=1000.00..340922.21 rows=605 width=140) (actual time=454.424..620.319 rows=332 loops=1)
Gather  (cost=1000.00..340864.41 rows=27 width=140) (actual time=209.278..602.766 rows=36 loops=1)
Gather  (cost=1000.00..340873.41 rows=117 width=21) (actual time=421.364..643.375 rows=270 loops=1)
Gather Merge  (cost=340862.31..340868.15 rows=50 width=131) (actual time=606.496..611.213 rows=301 loops=1)
Gather  (cost=1000.00..340864.41 rows=27 width=140) (actual time=149.769..593.972 rows=42 loops=1)
Gather  (cost=1000.00..340864.41 rows=27 width=140) (actual time=199.839..632.473 rows=48 loops=1)
Gather  (cost=1000.00..340871.21 rows=95 width=21) (actual time=543.069..618.983 rows=120 loops=1)
Gather  (cost=1000.00..340878.81 rows=171 width=140) (actual time=301.745..631.593 rows=152 loops=1)
Gather  (cost=1000.00..340878.81 rows=171 width=403) (actual time=277.857..590.375 rows=152 loops=1)
Gather Merge  (cost=340862.31..340868.15 rows=50 width=131) (actual time=618.363..622.927 rows=36 loops=1)
Gather  (cost=1000.00..340864.41 rows=27 width=140) (actual time=270.172..607.154 rows=28 loops=1)
Gather  (cost=1000.00..340871.31 rows=96 width=140) (actual time=362.439..613.466 rows=175 loops=1)
Gather  (cost=1000.00..340864.41 rows=27 width=21) (actual time=516.393..625.689 rows=66 loops=1)
Gather Merge  (cost=340862.31..340868.15 rows=50 width=131) (actual time=599.951..605.566 rows=54 loops=1)
Gather  (cost=1000.00..340879.11 rows=174 width=21) (actual time=25.620..609.687 rows=240 loops=1)
Gather  (cost=1000.00..340870.71 rows=90 width=21) (actual time=391.375..617.720 rows=138 loops=1)
Gather  (cost=1000.00..340868.31 rows=66 width=21) (actual time=183.294..611.773 rows=18 loops=1)
Gather  (cost=1000.00..340864.31 rows=26 width=21) (actual time=371.176..619.867 rows=54 loops=1)
Gather Merge  (cost=340864.07..340881.57 rows=150 width=131) (actual time=598.876..603.146 rows=65 loops=1)
Gather Merge  (cost=340862.31..340868.15 rows=50 width=131) (actual time=624.792..629.301 rows=99 loops=1)
Gather  (cost=1000.00..340864.31 rows=26 width=140) (actual time=339.905..606.080 rows=42 loops=1)
Gather Merge  (cost=340862.31..340868.15 rows=50 width=131) (actual time=625.896..630.452 rows=90 loops=1)
Gather  (cost=1000.00..340864.31 rows=26 width=21) (actual time=333.008..614.408 rows=80 loops=1)
Gather  (cost=1000.00..340864.41 rows=27 width=21) (actual time=21.129..589.702 rows=36 loops=1)
Gather Merge  (cost=340862.31..340868.15 rows=50 width=131) (actual time=633.732..638.456 rows=50 loops=1)
Gather  (cost=1000.00..340864.41 rows=27 width=21) (actual time=510.720..610.437 rows=44 loops=1)
Gather  (cost=1000.00..340864.41 rows=27 width=140) (actual time=262.597..628.296 rows=69 loops=1)
Gather  (cost=1000.00..340864.31 rows=26 width=21) (actual time=357.106..604.864 rows=54 loops=1)
Gather  (cost=1000.00..340864.41 rows=27 width=140) (actual time=111.277..591.771 rows=30 loops=1)
Gather Merge  (cost=340862.28..340867.88 rows=48 width=131) (actual time=621.896..626.369 rows=109 loops=1)
Gather  (cost=1000.00..340876.21 rows=145 width=21) (actual time=518.797..615.619 rows=102 loops=1)
Gather  (cost=1000.00..340864.41 rows=27 width=21) (actual time=386.590..617.272 rows=63 loops=1)
Gather Merge  (cost=340862.31..340868.15 rows=50 width=131) (actual time=626.793..631.261 rows=48 loops=1)
Gather  (cost=1000.00..340868.11 rows=64 width=403) (actual time=286.809..587.962 rows=48 loops=1)
Gather Merge  (cost=340862.28..340867.88 rows=48 width=131) (actual time=639.923..644.598 rows=33 loops=1)
Gather  (cost=1000.00..340864.41 rows=27 width=21) (actual time=76.954..628.257 rows=36 loops=1)
Gather  (cost=1000.00..340864.31 rows=26 width=21) (actual time=351.971..625.818 rows=48 loops=1)
Gather  (cost=1000.00..340869.41 rows=77 width=21) (actual time=309.865..590.941 rows=100 loops=1)
Gather Merge  (cost=340862.31..340868.15 rows=50 width=131) (actual time=648.728..653.495 rows=69 loops=1)
Gather  (cost=1000.00..340864.41 rows=27 width=403) (actual time=104.701..598.819 rows=33 loops=1)
Gather  (cost=1000.00..340864.41 rows=27 width=21) (actual time=18.638..628.409 rows=60 loops=1)
Gather  (cost=1000.00..340870.01 rows=83 width=21) (actual time=499.351..587.639 rows=48 loops=1)
Gather  (cost=1000.00..340864.41 rows=27 width=21) (actual time=162.155..609.750 rows=68 loops=1)
Gather Merge  (cost=340862.31..340868.15 rows=50 width=131) (actual time=615.442..619.824 rows=87 loops=1)
Gather  (cost=1000.00..340864.31 rows=26 width=140) (actual time=510.371..641.113 rows=26 loops=1)
Gather  (cost=1000.00..340864.41 rows=27 width=140) (actual time=142.874..609.801 rows=30 loops=1)
Gather  (cost=1000.00..340864.41 rows=27 width=403) (actual time=156.442..610.836 rows=30 loops=1)
Gather Merge  (cost=340862.28..340867.88 rows=48 width=131) (actual time=599.291..604.158 rows=132 loops=1)
Gather  (cost=1000.00..340864.41 rows=27 width=21) (actual time=622.378..636.663 rows=81 loops=1)
Gather Merge  (cost=340862.31..340868.15 rows=50 width=131) (actual time=629.466..634.313 rows=120 loops=1)
Gather  (cost=1000.00..340883.01 rows=213 width=140) (actual time=7.163..618.651 rows=120 loops=1)
Gather  (cost=1000.00..340864.51 rows=28 width=140) (actual time=91.102..596.167 rows=33 loops=1)
Gather  (cost=1000.00..340864.51 rows=28 width=403) (actual time=93.136..616.659 rows=33 loops=1)
Gather  (cost=1000.00..340864.41 rows=27 width=21) (actual time=118.956..628.821 rows=44 loops=1)
Gather  (cost=1000.00..340876.01 rows=143 width=21) (actual time=366.808..609.033 rows=62 loops=1)
Gather  (cost=1000.00..340874.11 rows=124 width=21) (actual time=9.331..630.423 rows=98 loops=1)
Gather  (cost=1000.00..340868.01 rows=63 width=21) (actual time=415.418..593.432 rows=40 loops=1)
Gather  (cost=1000.00..340864.31 rows=26 width=21) (actual time=348.945..612.948 rows=120 loops=1)
Gather  (cost=1000.00..340864.41 rows=27 width=140) (actual time=28.844..616.956 rows=65 loops=1)
Gather  (cost=1000.00..340864.31 rows=26 width=140) (actual time=484.746..618.236 rows=18 loops=1)
Gather  (cost=1000.00..340864.31 rows=26 width=140) (actual time=333.879..605.281 rows=52 loops=1)
Gather Merge  (cost=340862.31..340868.15 rows=50 width=131) (actual time=599.766..604.616 rows=39 loops=1)
Gather  (cost=1000.00..340868.21 rows=65 width=21) (actual time=504.215..611.684 rows=68 loops=1)
Gather  (cost=1000.00..340864.31 rows=26 width=21) (actual time=303.190..583.403 rows=44 loops=1)
Gather Merge  (cost=340862.28..340867.88 rows=48 width=131) (actual time=674.713..679.157 rows=40 loops=1)
Gather  (cost=1000.00..340864.31 rows=26 width=403) (actual time=556.726..614.059 rows=40 loops=1)
Gather Merge  (cost=340865.06..340888.39 rows=200 width=131) (actual time=629.377..633.777 rows=191 loops=1)
Gather  (cost=1000.00..340864.41 rows=27 width=403) (actual time=365.055..592.341 rows=45 loops=1)
Gather  (cost=1000.00..340868.01 rows=63 width=21) (actual time=431.026..661.930 rows=54 loops=1)
Gather  (cost=1000.00..340864.31 rows=26 width=140) (actual time=452.020..617.605 rows=28 loops=1)
Gather  (cost=1000.00..340864.31 rows=26 width=21) (actual time=537.181..614.357 rows=56 loops=1)
Gather Merge  (cost=340862.28..340867.88 rows=48 width=131) (actual time=602.611..607.366 rows=42 loops=1)
Gather  (cost=1000.00..340868.81 rows=71 width=21) (actual time=79.970..625.523 rows=108 loops=1)
Gather Merge  (cost=340862.28..340867.88 rows=48 width=131) (actual time=611.877..616.350 rows=143 loops=1)
Gather Merge  (cost=340862.28..340867.88 rows=48 width=131) (actual time=627.620..632.118 rows=39 loops=1)
Gather  (cost=1000.00..340864.41 rows=27 width=21) (actual time=598.878..607.950 rows=74 loops=1)
Gather  (cost=1000.00..340872.01 rows=103 width=21) (actual time=561.465..625.470 rows=44 loops=1)
Gather  (cost=1000.00..340864.41 rows=27 width=140) (actual time=489.261..594.415 rows=18 loops=1)
Gather  (cost=1000.00..340864.31 rows=26 width=21) (actual time=586.244..617.772 rows=46 loops=1)
Gather  (cost=1000.00..340869.01 rows=73 width=21) (actual time=473.913..610.822 rows=64 loops=1)
Gather Merge  (cost=340862.28..340867.88 rows=48 width=131) (actual time=667.023..671.464 rows=60 loops=1)
Gather  (cost=1000.00..340899.81 rows=381 width=140) (actual time=197.286..607.722 rows=486 loops=1)
Gather  (cost=1000.00..340864.41 rows=27 width=21) (actual time=151.727..586.457 rows=128 loops=1)
Gather  (cost=1000.00..340864.31 rows=26 width=21) (actual time=333.835..609.405 rows=114 loops=1)
Gather Merge  (cost=340862.31..340868.15 rows=50 width=131) (actual time=630.163..634.753 rows=105 loops=1)
Gather  (cost=1000.00..340869.11 rows=74 width=140) (actual time=106.604..619.487 rows=48 loops=1)
Gather  (cost=1000.00..340874.21 rows=125 width=21) (actual time=108.906..605.522 rows=273 loops=1)
Gather  (cost=1000.00..340864.41 rows=27 width=21) (actual time=359.245..588.347 rows=58 loops=1)
Gather  (cost=1000.00..340864.41 rows=27 width=21) (actual time=8.128..615.067 rows=38 loops=1)
Gather  (cost=1000.00..340923.51 rows=618 width=21) (actual time=488.966..610.978 rows=644 loops=1)
Gather  (cost=1000.00..340864.41 rows=27 width=140) (actual time=308.124..632.453 rows=48 loops=1)
Gather Merge  (cost=340862.31..340868.15 rows=50 width=131) (actual time=614.410..619.020 rows=77 loops=1)
Gather  (cost=1000.00..340864.31 rows=26 width=21) (actual time=437.258..593.845 rows=98 loops=1)
Gather  (cost=1000.00..340876.01 rows=143 width=21) (actual time=229.679..622.131 rows=138 loops=1)
Gather Merge  (cost=340862.31..340868.15 rows=50 width=131) (actual time=614.302..619.065 rows=72 loops=1)
Gather  (cost=1000.00..340864.41 rows=27 width=21) (actual time=303.466..630.282 rows=34 loops=1)
Gather  (cost=1000.00..340871.41 rows=97 width=21) (actual time=465.817..588.446 rows=122 loops=1)
Gather  (cost=1000.00..340864.31 rows=26 width=21) (actual time=525.646..589.519 rows=40 loops=1)
Gather  (cost=1000.00..340864.51 rows=28 width=21) (actual time=118.173..639.835 rows=63 loops=1)
Gather  (cost=1000.00..340864.41 rows=27 width=21) (actual time=29.997..603.071 rows=38 loops=1)
Gather Merge  (cost=340865.18..340889.21 rows=206 width=131) (actual time=639.306..643.709 rows=311 loops=1)
Gather  (cost=1000.00..340864.31 rows=26 width=140) (actual time=319.909..592.088 rows=100 loops=1)
Gather  (cost=1000.00..340864.31 rows=26 width=21) (actual time=343.848..593.588 rows=63 loops=1)
Gather  (cost=1000.00..340864.51 rows=28 width=21) (actual time=100.111..635.803 rows=99 loops=1)
Gather Merge  (cost=340862.28..340867.88 rows=48 width=131) (actual time=647.030..651.561 rows=50 loops=1)
Gather  (cost=1000.00..340870.11 rows=84 width=21) (actual time=406.665..615.866 rows=87 loops=1)
Gather Merge  (cost=340864.26..340882.93 rows=160 width=131) (actual time=599.164..603.529 rows=147 loops=1)
Gather Merge  (cost=340862.31..340868.15 rows=50 width=131) (actual time=621.728..626.367 rows=132 loops=1)
Gather Merge  (cost=340862.31..340868.15 rows=50 width=131) (actual time=636.378..641.090 rows=45 loops=1)
Gather  (cost=1000.00..340874.51 rows=128 width=21) (actual time=355.602..622.527 rows=272 loops=1)
Gather  (cost=1000.00..340864.41 rows=27 width=140) (actual time=155.754..610.805 rows=22 loops=1)
Gather  (cost=1000.00..340864.41 rows=27 width=140) (actual time=59.886..590.957 rows=60 loops=1)
Gather Merge  (cost=340862.31..340868.15 rows=50 width=131) (actual time=632.888..637.811 rows=105 loops=1)
Gather Merge  (cost=340862.31..340868.15 rows=50 width=131) (actual time=615.159..619.748 rows=128 loops=1)
Gather Merge  (cost=340862.31..340868.15 rows=50 width=131) (actual time=637.541..642.163 rows=56 loops=1)
Gather  (cost=1000.00..340879.21 rows=175 width=140) (actual time=444.145..591.475 rows=201 loops=1)
Gather  (cost=1000.00..340879.21 rows=175 width=403) (actual time=443.182..610.344 rows=201 loops=1)
Gather  (cost=1000.00..340864.31 rows=26 width=140) (actual time=459.992..616.558 rows=48 loops=1)
Gather Merge  (cost=340865.26..340889.76 rows=210 width=131) (actual time=624.790..629.098 rows=169 loops=1)
Gather  (cost=1000.00..340899.81 rows=381 width=21) (actual time=199.714..604.610 rows=486 loops=1)
Gather  (cost=1000.00..340868.61 rows=69 width=21) (actual time=361.404..589.584 rows=138 loops=1)
Gather  (cost=1000.00..340864.31 rows=26 width=21) (actual time=477.783..615.904 rows=56 loops=1)
Gather  (cost=1000.00..340864.41 rows=27 width=21) (actual time=284.689..625.924 rows=123 loops=1)
Gather  (cost=1000.00..340868.41 rows=67 width=21) (actual time=374.581..615.531 rows=85 loops=1)
Gather Merge  (cost=340862.31..340868.15 rows=50 width=131) (actual time=621.602..626.126 rows=209 loops=1)
Gather  (cost=1000.00..340864.41 rows=27 width=140) (actual time=149.451..589.444 rows=48 loops=1)
Gather  (cost=1000.00..340864.31 rows=26 width=21) (actual time=613.405..642.761 rows=108 loops=1)
Gather Merge  (cost=340862.28..340867.88 rows=48 width=131) (actual time=623.824..628.358 rows=18 loops=1)
Gather  (cost=1000.00..340864.41 rows=27 width=21) (actual time=284.549..607.762 rows=60 loops=1)
Gather  (cost=1000.00..340864.41 rows=27 width=21) (actual time=479.183..589.177 rows=56 loops=1)
Gather  (cost=1000.00..340864.31 rows=26 width=140) (actual time=449.651..626.284 rows=69 loops=1)
Gather  (cost=1000.00..340864.41 rows=27 width=21) (actual time=224.298..603.769 rows=52 loops=1)
Gather  (cost=1000.00..340877.71 rows=160 width=21) (actual time=379.377..615.205 rows=126 loops=1)
Gather  (cost=1000.00..340864.41 rows=27 width=21) (actual time=8.860..612.725 rows=62 loops=1)
Gather Merge  (cost=340862.28..340867.88 rows=48 width=131) (actual time=600.274..604.717 rows=24 loops=1)
Gather  (cost=1000.00..340876.11 rows=144 width=21) (actual time=45.762..637.096 rows=114 loops=1)
Gather Merge  (cost=340862.28..340867.88 rows=48 width=131) (actual time=622.035..626.864 rows=140 loops=1)
Gather Merge  (cost=340862.28..340867.88 rows=48 width=131) (actual time=632.267..637.019 rows=81 loops=1)
Gather  (cost=1000.00..340877.11 rows=154 width=21) (actual time=425.366..591.194 rows=324 loops=1)
Gather  (cost=1000.00..340864.41 rows=27 width=21) (actual time=132.314..614.264 rows=48 loops=1)
Gather  (cost=1000.00..340875.81 rows=141 width=21) (actual time=415.733..604.442 rows=306 loops=1)
Gather  (cost=1000.00..340864.41 rows=27 width=21) (actual time=387.743..621.634 rows=111 loops=1)
Gather Merge  (cost=340862.28..340867.88 rows=48 width=131) (actual time=633.037..637.552 rows=96 loops=1)
Gather  (cost=1000.00..340878.91 rows=172 width=21) (actual time=303.177..593.588 rows=192 loops=1)
Gather  (cost=1000.00..340864.41 rows=27 width=21) (actual time=128.800..608.034 rows=44 loops=1)
Gather  (cost=1000.00..340868.21 rows=65 width=21) (actual time=36.098..625.260 rows=98 loops=1)
Gather  (cost=1000.00..340864.31 rows=26 width=21) (actual time=305.597..626.465 rows=36 loops=1)
Gather  (cost=1000.00..340867.81 rows=61 width=21) (actual time=489.695..614.978 rows=51 loops=1)
Gather Merge  (cost=340862.28..340867.88 rows=48 width=131) (actual time=605.899..610.464 rows=60 loops=1)
Gather  (cost=1000.00..340864.41 rows=27 width=140) (actual time=240.153..611.476 rows=84 loops=1)
Gather Merge  (cost=340862.31..340868.15 rows=50 width=131) (actual time=616.575..621.117 rows=74 loops=1)
Gather  (cost=1000.00..340864.41 rows=27 width=21) (actual time=273.129..620.166 rows=38 loops=1)
Gather Merge  (cost=340862.28..340867.88 rows=48 width=131) (actual time=636.462..640.878 rows=36 loops=1)
Gather  (cost=1000.00..340864.31 rows=26 width=403) (actual time=400.126..592.160 rows=36 loops=1)
Gather Merge  (cost=340862.28..340867.88 rows=48 width=131) (actual time=620.708..625.360 rows=15 loops=1)
Gather  (cost=1000.00..340869.21 rows=75 width=140) (actual time=430.920..626.274 rows=72 loops=1)
Gather Merge  (cost=340862.28..340867.88 rows=48 width=131) (actual time=618.590..623.213 rows=82 loops=1)
Gather  (cost=1000.00..340864.31 rows=26 width=21) (actual time=373.309..617.873 rows=54 loops=1)
Gather  (cost=1000.00..340864.41 rows=27 width=21) (actual time=133.421..591.170 rows=87 loops=1)
Gather Merge  (cost=340862.28..340867.88 rows=48 width=131) (actual time=621.246..625.792 rows=108 loops=1)
Gather Merge  (cost=340862.28..340867.88 rows=48 width=131) (actual time=636.687..641.455 rows=163 loops=1)
Gather  (cost=1000.00..340864.41 rows=27 width=403) (actual time=612.299..626.227 rows=33 loops=1)
Gather  (cost=1000.00..340864.41 rows=27 width=21) (actual time=182.674..616.374 rows=26 loops=1)
Gather  (cost=1000.00..340864.41 rows=27 width=21) (actual time=569.360..589.648 rows=48 loops=1)
Gather  (cost=1000.00..340864.41 rows=27 width=21) (actual time=44.079..634.455 rows=80 loops=1)
Gather Merge  (cost=340862.31..340868.15 rows=50 width=131) (actual time=611.296..615.913 rows=54 loops=1)
Gather Merge  (cost=340862.31..340868.15 rows=50 width=131) (actual time=631.898..637.063 rows=46 loops=1)
Gather  (cost=1000.00..340871.41 rows=97 width=21) (actual time=29.763..592.060 rows=114 loops=1)
Gather  (cost=1000.00..340864.31 rows=26 width=140) (actual time=451.195..624.362 rows=60 loops=1)
Gather  (cost=1000.00..340864.31 rows=26 width=21) (actual time=454.523..604.017 rows=44 loops=1)
Gather  (cost=1000.00..340864.41 rows=27 width=21) (actual time=127.476..613.321 rows=40 loops=1)
Gather  (cost=1000.00..340877.11 rows=154 width=140) (actual time=443.154..607.693 rows=324 loops=1)
Gather  (cost=1000.00..340877.11 rows=154 width=403) (actual time=427.872..594.562 rows=324 loops=1)
Gather  (cost=1000.00..340875.31 rows=136 width=21) (actual time=410.583..622.364 rows=200 loops=1)
Gather  (cost=1000.00..340864.51 rows=28 width=21) (actual time=89.209..615.672 rows=66 loops=1)
Gather Merge  (cost=340862.28..340867.88 rows=48 width=131) (actual time=618.016..622.576 rows=75 loops=1)
Gather  (cost=1000.00..340864.31 rows=26 width=403) (actual time=471.484..611.286 rows=75 loops=1)
Gather Merge  (cost=340862.28..340867.88 rows=48 width=131) (actual time=598.133..602.732 rows=113 loops=1)
Gather  (cost=1000.00..340869.41 rows=77 width=21) (actual time=151.426..659.431 rows=164 loops=1)
Gather Merge  (cost=340862.28..340867.88 rows=48 width=131) (actual time=623.309..627.878 rows=45 loops=1)
Gather Merge  (cost=340863.99..340881.03 rows=146 width=131) (actual time=619.522..624.172 rows=182 loops=1)
Gather Merge  (cost=340862.28..340867.88 rows=48 width=131) (actual time=595.755..600.448 rows=20 loops=1)
Gather Merge  (cost=340871.32..340927.79 rows=484 width=131) (actual time=644.234..648.643 rows=446 loops=1)
Gather  (cost=1000.00..340864.41 rows=27 width=140) (actual time=529.145..619.269 rows=30 loops=1)
Gather  (cost=1000.00..340864.41 rows=27 width=21) (actual time=202.972..605.465 rows=42 loops=1)
Gather  (cost=1000.00..340864.41 rows=27 width=21) (actual time=492.637..588.148 rows=57 loops=1)
Gather  (cost=1000.00..340864.41 rows=27 width=140) (actual time=142.609..617.432 rows=36 loops=1)
Gather Merge  (cost=340862.31..340868.15 rows=50 width=131) (actual time=624.555..628.973 rows=45 loops=1)
Gather  (cost=1000.00..340864.41 rows=27 width=21) (actual time=293.930..616.724 rows=56 loops=1)
Gather  (cost=1000.00..340870.01 rows=83 width=21) (actual time=508.987..611.502 rows=134 loops=1)
Gather  (cost=1000.00..340877.71 rows=160 width=21) (actual time=263.024..587.669 rows=268 loops=1)
Gather  (cost=1000.00..340872.01 rows=103 width=21) (actual time=325.544..609.214 rows=88 loops=1)
Gather  (cost=1000.00..340875.81 rows=141 width=21) (actual time=433.356..610.749 rows=306 loops=1)
Gather Merge  (cost=340862.28..340867.88 rows=48 width=131) (actual time=645.792..650.293 rows=20 loops=1)
Gather  (cost=1000.00..340864.41 rows=27 width=21) (actual time=42.335..603.973 rows=57 loops=1)
Gather  (cost=1000.00..340864.31 rows=26 width=21) (actual time=425.387..592.600 rows=72 loops=1)
Gather  (cost=1000.00..340869.11 rows=74 width=140) (actual time=112.123..622.053 rows=44 loops=1)
Gather  (cost=1000.00..340864.41 rows=27 width=140) (actual time=150.368..623.798 rows=104 loops=1)
Gather  (cost=1000.00..340864.41 rows=27 width=21) (actual time=251.335..615.934 rows=88 loops=1)
Gather Merge  (cost=340862.31..340868.15 rows=50 width=131) (actual time=618.907..623.462 rows=90 loops=1)
Gather  (cost=1000.00..340868.11 rows=64 width=403) (actual time=190.873..591.050 rows=90 loops=1)
Gather  (cost=1000.00..340864.41 rows=27 width=21) (actual time=54.064..628.992 rows=42 loops=1)
Gather  (cost=1000.00..340864.41 rows=27 width=21) (actual time=114.856..601.043 rows=81 loops=1)
Gather  (cost=1000.00..340870.71 rows=90 width=21) (actual time=422.041..649.986 rows=138 loops=1)
Gather  (cost=1000.00..340872.81 rows=111 width=140) (actual time=450.571..584.872 rows=57 loops=1)
Gather  (cost=1000.00..340864.31 rows=26 width=140) (actual time=455.615..608.854 rows=36 loops=1)
Gather  (cost=1000.00..340864.31 rows=26 width=21) (actual time=564.764..606.132 rows=54 loops=1)
Gather  (cost=1000.00..340924.31 rows=626 width=140) (actual time=127.405..623.170 rows=627 loops=1)
Gather Merge  (cost=340873.31..340939.58 rows=568 width=131) (actual time=631.931..636.790 rows=718 loops=1)
Gather  (cost=1000.00..340864.41 rows=27 width=21) (actual time=138.846..589.573 rows=92 loops=1)
Gather Merge  (cost=340862.28..340867.88 rows=48 width=131) (actual time=636.097..640.741 rows=74 loops=1)
Gather  (cost=1000.00..340924.21 rows=625 width=21) (actual time=495.465..605.699 rows=740 loops=1)
Gather  (cost=1000.00..340864.41 rows=27 width=21) (actual time=157.590..613.393 rows=84 loops=1)
Gather  (cost=1000.00..340922.31 rows=606 width=140) (actual time=343.032..601.862 rows=672 loops=1)
Gather  (cost=1000.00..340864.41 rows=27 width=21) (actual time=477.846..588.322 rows=54 loops=1)
Gather  (cost=1000.00..340870.31 rows=86 width=21) (actual time=617.412..635.902 rows=189 loops=1)
Gather Merge  (cost=340864.07..340881.57 rows=150 width=131) (actual time=627.478..632.129 rows=165 loops=1)
Gather  (cost=1000.00..340873.11 rows=114 width=140) (actual time=155.522..608.572 rows=236 loops=1)
Gather Merge  (cost=340862.28..340867.88 rows=48 width=131) (actual time=598.685..603.443 rows=27 loops=1)
Gather  (cost=1000.00..340869.41 rows=77 width=21) (actual time=15.982..609.229 rows=52 loops=1)
Gather  (cost=1000.00..340864.31 rows=26 width=21) (actual time=339.046..625.822 rows=54 loops=1)
Gather  (cost=1000.00..340864.41 rows=27 width=140) (actual time=281.789..617.489 rows=38 loops=1)
Gather  (cost=1000.00..340864.31 rows=26 width=21) (actual time=535.001..610.404 rows=48 loops=1)
Gather  (cost=1000.00..340881.61 rows=199 width=21) (actual time=540.433..595.116 rows=345 loops=1)
Gather  (cost=1000.00..340864.51 rows=28 width=21) (actual time=84.441..631.749 rows=38 loops=1)
Gather  (cost=1000.00..340868.61 rows=69 width=21) (actual time=179.508..609.432 rows=52 loops=1)
Gather  (cost=1000.00..340873.61 rows=119 width=21) (actual time=312.836..634.780 rows=78 loops=1)
Gather  (cost=1000.00..340870.21 rows=85 width=140) (actual time=346.172..593.295 rows=150 loops=1)
Gather  (cost=1000.00..340864.41 rows=27 width=21) (actual time=502.946..610.683 rows=58 loops=1)
Gather  (cost=1000.00..340864.41 rows=27 width=21) (actual time=14.275..609.836 rows=46 loops=1)
Gather  (cost=1000.00..340864.31 rows=26 width=21) (actual time=359.473..607.853 rows=208 loops=1)
Gather  (cost=1000.00..340864.31 rows=26 width=140) (actual time=473.991..612.508 rows=42 loops=1)
Gather Merge  (cost=340868.52..340910.76 rows=362 width=131) (actual time=597.482..602.080 rows=485 loops=1)
Gather  (cost=1000.00..340864.41 rows=27 width=21) (actual time=277.361..633.579 rows=50 loops=1)
Gather  (cost=1000.00..340864.41 rows=27 width=21) (actual time=378.914..607.105 rows=52 loops=1)
Gather  (cost=1000.00..340899.81 rows=381 width=140) (actual time=301.994..622.787 rows=672 loops=1)
Gather  (cost=1000.00..340864.51 rows=28 width=21) (actual time=90.976..588.948 rows=66 loops=1)
Gather  (cost=1000.00..340864.41 rows=27 width=21) (actual time=138.976..607.432 rows=84 loops=1)
Gather  (cost=1000.00..340864.41 rows=27 width=21) (actual time=203.563..619.010 rows=66 loops=1)
Gather  (cost=1000.00..340864.31 rows=26 width=21) (actual time=363.489..618.638 rows=96 loops=1)
Gather Merge  (cost=340862.31..340868.15 rows=50 width=131) (actual time=616.299..620.868 rows=32 loops=1)
Gather  (cost=1000.00..340864.41 rows=27 width=21) (actual time=134.133..591.271 rows=75 loops=1)
Gather  (cost=1000.00..340875.41 rows=137 width=21) (actual time=121.732..634.562 rows=76 loops=1)
Gather  (cost=1000.00..340864.31 rows=26 width=140) (actual time=335.970..612.835 rows=84 loops=1)
Gather Merge  (cost=340862.28..340867.88 rows=48 width=131) (actual time=627.813..632.347 rows=44 loops=1)
Gather  (cost=1000.00..340868.51 rows=68 width=21) (actual time=580.289..589.997 rows=74 loops=1)
Gather  (cost=1000.00..340864.31 rows=26 width=140) (actual time=395.642..616.518 rows=30 loops=1)
Gather Merge  (cost=340862.28..340867.88 rows=48 width=131) (actual time=618.731..623.449 rows=66 loops=1)
Gather  (cost=1000.00..340864.31 rows=26 width=140) (actual time=355.898..615.930 rows=39 loops=1)
Gather Merge  (cost=340867.77..340906.04 rows=328 width=131) (actual time=614.410..618.788 rows=478 loops=1)
Gather  (cost=1000.00..340874.51 rows=128 width=21) (actual time=342.676..590.243 rows=272 loops=1)
Gather  (cost=1000.00..340864.41 rows=27 width=21) (actual time=600.999..617.303 rows=78 loops=1)
Gather  (cost=1000.00..340864.41 rows=27 width=21) (actual time=146.273..609.685 rows=108 loops=1)
Gather  (cost=1000.00..340864.31 rows=26 width=21) (actual time=535.064..608.210 rows=48 loops=1)
Gather  (cost=1000.00..340864.41 rows=27 width=140) (actual time=60.777..614.203 rows=156 loops=1)
Gather  (cost=1000.00..340864.41 rows=27 width=21) (actual time=136.244..586.154 rows=104 loops=1)
Gather  (cost=1000.00..340864.41 rows=27 width=140) (actual time=51.855..631.702 rows=54 loops=1)
Gather  (cost=1000.00..340864.41 rows=27 width=21) (actual time=36.903..607.528 rows=165 loops=1)
Gather  (cost=1000.00..340864.31 rows=26 width=140) (actual time=501.141..617.521 rows=22 loops=1)
Gather  (cost=1000.00..340864.31 rows=26 width=403) (actual time=471.858..589.264 rows=22 loops=1)
Gather  (cost=1000.00..340864.41 rows=27 width=21) (actual time=200.067..619.724 rows=40 loops=1)
Gather  (cost=1000.00..340868.41 rows=67 width=21) (actual time=478.331..608.099 rows=96 loops=1)
Gather Merge  (cost=340862.28..340867.88 rows=48 width=131) (actual time=628.707..633.466 rows=135 loops=1)
Gather Merge  (cost=340862.28..340867.88 rows=48 width=131) (actual time=631.490..635.976 rows=95 loops=1)
Gather  (cost=1000.00..340868.31 rows=66 width=21) (actual time=58.882..597.526 rows=108 loops=1)
Gather  (cost=1000.00..340874.31 rows=126 width=21) (actual time=47.644..644.209 rows=180 loops=1)
Gather  (cost=1000.00..340868.61 rows=69 width=140) (actual time=143.441..616.911 rows=66 loops=1)
Gather  (cost=1000.00..340870.01 rows=83 width=21) (actual time=110.703..636.783 rows=46 loops=1)
Gather Merge  (cost=340862.28..340867.88 rows=48 width=131) (actual time=605.613..610.139 rows=60 loops=1)
Gather  (cost=1000.00..340864.31 rows=26 width=21) (actual time=513.026..627.261 rows=54 loops=1)
Gather Merge  (cost=340862.31..340868.15 rows=50 width=131) (actual time=621.018..635.459 rows=54 loops=1)
Gather  (cost=1000.00..340864.41 rows=27 width=21) (actual time=273.684..638.173 rows=50 loops=1)
Gather  (cost=1000.00..340864.41 rows=27 width=21) (actual time=377.045..594.370 rows=66 loops=1)
Gather Merge  (cost=340862.28..340867.88 rows=48 width=131) (actual time=610.383..617.184 rows=20 loops=1)
Gather Merge  (cost=340869.42..340916.33 rows=402 width=131) (actual time=615.159..619.734 rows=433 loops=1)
Gather  (cost=1000.00..340868.61 rows=69 width=21) (actual time=443.715..641.752 rows=39 loops=1)
Gather Merge  (cost=340862.31..340868.15 rows=50 width=131) (actual time=621.506..626.021 rows=140 loops=1)
Gather  (cost=1000.00..340864.41 rows=27 width=21) (actual time=260.506..609.791 rows=84 loops=1)
Gather  (cost=1000.00..340864.41 rows=27 width=140) (actual time=359.660..587.398 rows=30 loops=1)
Gather  (cost=1000.00..340882.41 rows=207 width=21) (actual time=131.688..640.529 rows=128 loops=1)
Gather  (cost=1000.00..340864.41 rows=27 width=21) (actual time=584.402..614.226 rows=54 loops=1)
Gather Merge  (cost=340862.28..340867.88 rows=48 width=131) (actual time=623.288..627.685 rows=72 loops=1)
Gather Merge  (cost=340864.34..340883.48 rows=164 width=131) (actual time=596.484..600.863 rows=155 loops=1)
Gather Merge  (cost=340864.11..340881.84 rows=152 width=131) (actual time=632.128..636.655 rows=62 loops=1)
Gather Merge  (cost=340862.28..340867.88 rows=48 width=131) (actual time=610.036..614.774 rows=180 loops=1)
Gather  (cost=1000.00..340864.41 rows=27 width=21) (actual time=141.749..638.101 rows=52 loops=1)
Gather  (cost=1000.00..340864.31 rows=26 width=21) (actual time=535.825..624.912 rows=63 loops=1)
Gather Merge  (cost=340862.31..340868.15 rows=50 width=131) (actual time=605.899..610.257 rows=44 loops=1)
Gather  (cost=1000.00..340864.31 rows=26 width=21) (actual time=325.043..594.612 rows=90 loops=1)
Gather  (cost=1000.00..340864.51 rows=28 width=140) (actual time=127.434..649.331 rows=63 loops=1)
Gather  (cost=1000.00..340864.41 rows=27 width=140) (actual time=218.258..608.496 rows=45 loops=1)
Gather Merge  (cost=340862.28..340867.88 rows=48 width=131) (actual time=619.510..624.173 rows=66 loops=1)
Gather  (cost=1000.00..340864.31 rows=26 width=403) (actual time=311.739..592.880 rows=66 loops=1)
Gather  (cost=1000.00..340864.41 rows=27 width=21) (actual time=132.163..622.819 rows=44 loops=1)
Gather  (cost=1000.00..340870.01 rows=83 width=140) (actual time=233.285..608.207 rows=81 loops=1)
Gather Merge  (cost=340862.31..340868.15 rows=50 width=131) (actual time=631.058..636.151 rows=92 loops=1)
Gather  (cost=1000.00..340868.81 rows=71 width=21) (actual time=106.347..635.744 rows=108 loops=1)
Gather  (cost=1000.00..340864.31 rows=26 width=140) (actual time=442.183..600.391 rows=45 loops=1)
Gather  (cost=1000.00..340864.41 rows=27 width=21) (actual time=591.716..611.952 rows=56 loops=1)
Gather  (cost=1000.00..340864.41 rows=27 width=21) (actual time=33.306..607.249 rows=60 loops=1)
Gather  (cost=1000.00..340864.41 rows=27 width=140) (actual time=497.109..610.314 rows=39 loops=1)
Gather Merge  (cost=340862.28..340867.88 rows=48 width=131) (actual time=635.822..640.215 rows=54 loops=1)
Gather  (cost=1000.00..340868.31 rows=66 width=21) (actual time=311.624..588.496 rows=68 loops=1)
Gather Merge  (cost=340862.28..340867.88 rows=48 width=131) (actual time=618.749..623.425 rows=56 loops=1)
Gather Merge  (cost=340862.31..340868.15 rows=50 width=131) (actual time=640.244..644.717 rows=66 loops=1)
Gather  (cost=1000.00..340864.41 rows=27 width=140) (actual time=135.338..613.869 rows=87 loops=1)
Gather  (cost=1000.00..340864.51 rows=28 width=21) (actual time=92.505..606.784 rows=50 loops=1)
Gather  (cost=1000.00..340864.31 rows=26 width=140) (actual time=408.634..586.903 rows=24 loops=1)
Gather Merge  (cost=340862.31..340868.15 rows=50 width=131) (actual time=628.748..633.213 rows=33 loops=1)
Gather  (cost=1000.00..340864.31 rows=26 width=21) (actual time=450.638..608.494 rows=98 loops=1)
Gather  (cost=1000.00..340864.41 rows=27 width=21) (actual time=109.716..633.265 rows=72 loops=1)
Gather Merge  (cost=340862.28..340867.88 rows=48 width=131) (actual time=615.005..619.500 rows=80 loops=1)
Gather  (cost=1000.00..340864.41 rows=27 width=403) (actual time=249.284..591.746 rows=60 loops=1)
Gather  (cost=1000.00..340864.41 rows=27 width=140) (actual time=266.800..647.945 rows=39 loops=1)
Gather Merge  (cost=340884.67..341003.68 rows=1020 width=131) (actual time=622.393..627.430 rows=1494 loops=1)
Gather  (cost=1000.00..340864.41 rows=27 width=140) (actual time=151.044..630.150 rows=18 loops=1)
Gather Merge  (cost=340862.31..340868.15 rows=50 width=131) (actual time=600.385..604.883 rows=60 loops=1)
Gather  (cost=1000.00..340867.81 rows=61 width=21) (actual time=397.181..588.558 rows=260 loops=1)
Gather  (cost=1000.00..340872.91 rows=112 width=21) (actual time=239.576..606.164 rows=76 loops=1)
Gather  (cost=1000.00..340864.41 rows=27 width=21) (actual time=510.096..615.329 rows=46 loops=1)
Gather  (cost=1000.00..340864.41 rows=27 width=21) (actual time=104.330..616.639 rows=72 loops=1)
Gather Merge  (cost=340864.03..340881.30 rows=148 width=131) (actual time=612.391..617.055 rows=246 loops=1)
Gather  (cost=1000.00..340870.41 rows=87 width=140) (actual time=428.880..583.015 rows=260 loops=1)
Gather  (cost=1000.00..340864.31 rows=26 width=21) (actual time=596.525..634.012 rows=52 loops=1)
Gather Merge  (cost=340862.31..340868.15 rows=50 width=131) (actual time=638.213..642.907 rows=70 loops=1)
Gather  (cost=1000.00..340869.51 rows=78 width=140) (actual time=164.021..607.842 rows=36 loops=1)
Gather  (cost=1000.00..340874.71 rows=130 width=21) (actual time=36.591..590.468 rows=164 loops=1)
Gather  (cost=1000.00..340864.41 rows=27 width=21) (actual time=526.563..620.438 rows=38 loops=1)
Gather  (cost=1000.00..340864.41 rows=27 width=140) (actual time=584.019..605.298 rows=28 loops=1)
Gather Merge  (cost=340862.31..340868.15 rows=50 width=131) (actual time=638.497..643.055 rows=45 loops=1)
Gather  (cost=1000.00..340864.41 rows=27 width=21) (actual time=71.581..615.033 rows=56 loops=1)
Gather  (cost=1000.00..340864.31 rows=26 width=140) (actual time=338.735..585.762 rows=32 loops=1)
Gather  (cost=1000.00..340864.41 rows=27 width=21) (actual time=159.138..637.012 rows=96 loops=1)
Gather  (cost=1000.00..340873.21 rows=115 width=140) (actual time=20.369..605.372 rows=33 loops=1)
Gather  (cost=1000.00..340875.61 rows=139 width=21) (actual time=526.356..622.994 rows=108 loops=1)
Gather Merge  (cost=340862.28..340867.88 rows=48 width=131) (actual time=598.053..603.127 rows=61 loops=1)
Gather  (cost=1000.00..340864.31 rows=26 width=21) (actual time=344.348..617.862 rows=54 loops=1)
Gather  (cost=1000.00..340864.41 rows=27 width=21) (actual time=141.012..608.322 rows=52 loops=1)
Gather  (cost=1000.00..340883.31 rows=216 width=21) (actual time=391.499..633.949 rows=132 loops=1)
Gather  (cost=1000.00..340864.41 rows=27 width=21) (actual time=2.673..590.398 rows=106 loops=1)
Gather  (cost=1000.00..340864.41 rows=27 width=21) (actual time=203.010..611.493 rows=42 loops=1)
Gather  (cost=1000.00..340864.41 rows=27 width=21) (actual time=367.035..611.575 rows=69 loops=1)
Gather  (cost=1000.00..340868.41 rows=67 width=21) (actual time=467.035..608.626 rows=72 loops=1)
Gather Merge  (cost=340862.28..340867.88 rows=48 width=131) (actual time=629.703..634.159 rows=67 loops=1)
Gather  (cost=1000.00..340864.41 rows=27 width=21) (actual time=180.421..594.543 rows=70 loops=1)
Gather  (cost=1000.00..340864.41 rows=27 width=21) (actual time=385.111..609.266 rows=125 loops=1)
Gather  (cost=1000.00..340864.51 rows=28 width=21) (actual time=89.361..630.976 rows=54 loops=1)
Gather  (cost=1000.00..340864.31 rows=26 width=21) (actual time=546.681..614.685 rows=80 loops=1)
Gather  (cost=1000.00..340864.41 rows=27 width=21) (actual time=265.625..608.906 rows=42 loops=1)
Gather Merge  (cost=340864.34..340883.48 rows=164 width=131) (actual time=597.164..601.708 rows=321 loops=1)
Gather Merge  (cost=340862.31..340868.15 rows=50 width=131) (actual time=625.882..630.402 rows=42 loops=1)
Gather  (cost=1000.00..340871.21 rows=95 width=403) (actual time=114.411..608.208 rows=42 loops=1)
Gather Merge  (cost=340862.28..340867.88 rows=48 width=131) (actual time=647.237..651.799 rows=116 loops=1)
Gather  (cost=1000.00..340875.91 rows=142 width=140) (actual time=160.068..606.457 rows=168 loops=1)
Gather Merge  (cost=340862.28..340867.88 rows=48 width=131) (actual time=603.151..607.723 rows=24 loops=1)
Gather  (cost=1000.00..340864.41 rows=27 width=21) (actual time=198.077..631.408 rows=46 loops=1)
Gather Merge  (cost=340862.28..340867.88 rows=48 width=131) (actual time=630.102..634.680 rows=18 loops=1)
Gather  (cost=1000.00..340864.31 rows=26 width=21) (actual time=331.164..606.614 rows=72 loops=1)
Gather Merge  (cost=340862.31..340868.15 rows=50 width=131) (actual time=619.270..623.753 rows=216 loops=1)
Gather Merge  (cost=340865.06..340888.39 rows=200 width=131) (actual time=602.400..609.236 rows=174 loops=1)
Gather  (cost=1000.00..340864.41 rows=27 width=21) (actual time=49.676..608.354 rows=80 loops=1)
Gather  (cost=1000.00..340869.41 rows=77 width=140) (actual time=508.725..632.684 rows=70 loops=1)
Gather Merge  (cost=340868.17..340908.53 rows=346 width=131) (actual time=639.052..643.898 rows=212 loops=1)
Gather Merge  (cost=340862.28..340867.88 rows=48 width=131) (actual time=621.170..625.661 rows=40 loops=1)
Gather Merge  (cost=340862.28..340867.88 rows=48 width=131) (actual time=597.758..602.191 rows=68 loops=1)
Gather  (cost=1000.00..340875.51 rows=138 width=140) (actual time=508.249..645.789 rows=450 loops=1)
Gather  (cost=1000.00..340864.31 rows=26 width=21) (actual time=455.961..601.248 rows=60 loops=1)
Gather  (cost=1000.00..340864.51 rows=28 width=21) (actual time=109.866..627.296 rows=46 loops=1)
Gather  (cost=1000.00..340864.41 rows=27 width=140) (actual time=261.248..587.028 rows=75 loops=1)
Gather  (cost=1000.00..340923.31 rows=616 width=140) (actual time=522.694..616.472 rows=990 loops=1)
Gather Merge  (cost=340862.31..340868.15 rows=50 width=131) (actual time=633.509..638.289 rows=33 loops=1)
Gather Merge  (cost=340862.28..340867.88 rows=48 width=131) (actual time=632.597..637.403 rows=110 loops=1)
Gather  (cost=1000.00..340864.41 rows=27 width=21) (actual time=306.636..621.042 rows=48 loops=1)
Gather Merge  (cost=340862.28..340867.88 rows=48 width=131) (actual time=601.333..605.657 rows=116 loops=1)
Gather  (cost=1000.00..340864.41 rows=27 width=21) (actual time=591.388..608.375 rows=56 loops=1)
Gather Merge  (cost=340862.28..340867.88 rows=48 width=131) (actual time=636.931..641.585 rows=77 loops=1)
Gather  (cost=1000.00..340864.41 rows=27 width=21) (actual time=393.684..610.721 rows=52 loops=1)
Gather  (cost=1000.00..340864.41 rows=27 width=21) (actual time=200.658..613.178 rows=104 loops=1)
Gather  (cost=1000.00..340864.41 rows=27 width=21) (actual time=374.150..588.550 rows=36 loops=1)
Gather  (cost=1000.00..340864.41 rows=27 width=21) (actual time=248.294..613.858 rows=74 loops=1)
Gather  (cost=1000.00..340868.51 rows=68 width=21) (actual time=511.181..614.812 rows=249 loops=1)
Gather Merge  (cost=340862.31..340868.15 rows=50 width=131) (actual time=638.511..643.005 rows=54 loops=1)
Gather  (cost=1000.00..340883.31 rows=216 width=21) (actual time=69.502..622.120 rows=180 loops=1)
Gather  (cost=1000.00..340864.31 rows=26 width=140) (actual time=425.037..594.189 rows=42 loops=1)
Gather  (cost=1000.00..340864.31 rows=26 width=140) (actual time=488.126..614.026 rows=24 loops=1)
Gather  (cost=1000.00..340864.31 rows=26 width=403) (actual time=503.492..625.720 rows=24 loops=1)
Gather  (cost=1000.00..340864.31 rows=26 width=140) (actual time=454.880..607.933 rows=52 loops=1)
Gather  (cost=1000.00..340925.11 rows=634 width=21) (actual time=391.264..615.176 rows=450 loops=1)
Gather  (cost=1000.00..340873.11 rows=114 width=21) (actual time=152.829..594.963 rows=236 loops=1)
Gather  (cost=1000.00..340864.41 rows=27 width=21) (actual time=13.683..618.970 rows=68 loops=1)
Gather Merge  (cost=340862.28..340867.88 rows=48 width=131) (actual time=635.454..640.360 rows=45 loops=1)
Gather Merge  (cost=340862.28..340867.88 rows=48 width=131) (actual time=630.734..635.187 rows=120 loops=1)
Gather  (cost=1000.00..340867.81 rows=61 width=140) (actual time=374.152..617.962 rows=42 loops=1)
Gather  (cost=1000.00..340869.71 rows=80 width=21) (actual time=519.608..593.632 rows=92 loops=1)
Gather Merge  (cost=340862.28..340867.88 rows=48 width=131) (actual time=660.100..664.714 rows=42 loops=1)
Gather  (cost=1000.00..340864.41 rows=27 width=21) (actual time=66.929..605.092 rows=50 loops=1)
Gather Merge  (cost=340862.31..340868.15 rows=50 width=131) (actual time=641.509..646.045 rows=18 loops=1)
Gather  (cost=1000.00..340864.41 rows=27 width=21) (actual time=357.922..586.318 rows=44 loops=1)
Gather  (cost=1000.00..340864.41 rows=27 width=21) (actual time=376.026..609.831 rows=38 loops=1)
Gather  (cost=1000.00..340864.41 rows=27 width=140) (actual time=38.175..602.310 rows=159 loops=1)
Gather  (cost=1000.00..340864.41 rows=27 width=21) (actual time=171.549..606.625 rows=66 loops=1)
Gather  (cost=1000.00..340864.41 rows=27 width=21) (actual time=394.939..604.001 rows=54 loops=1)
Gather Merge  (cost=340862.28..340867.88 rows=48 width=131) (actual time=620.262..624.673 rows=62 loops=1)
Gather  (cost=1000.00..340864.51 rows=28 width=140) (actual time=87.857..589.592 rows=24 loops=1)
Gather  (cost=1000.00..340874.61 rows=129 width=140) (actual time=528.316..647.029 rows=459 loops=1)
Gather  (cost=1000.00..340874.61 rows=129 width=403) (actual time=489.083..607.314 rows=459 loops=1)
Gather Merge  (cost=340862.31..340868.15 rows=50 width=131) (actual time=619.352..623.904 rows=110 loops=1)
Gather Merge  (cost=340862.28..340867.88 rows=48 width=131) (actual time=612.177..616.873 rows=45 loops=1)
Gather  (cost=1000.00..340864.41 rows=27 width=21) (actual time=425.656..640.258 rows=84 loops=1)
Gather  (cost=1000.00..340864.31 rows=26 width=140) (actual time=324.409..620.539 rows=28 loops=1)
Gather  (cost=1000.00..340864.41 rows=27 width=21) (actual time=202.129..608.701 rows=82 loops=1)
Gather Merge  (cost=340862.28..340867.88 rows=48 width=131) (actual time=602.104..606.576 rows=45 loops=1)
Gather Merge  (cost=340862.28..340867.88 rows=48 width=131) (actual time=625.977..630.589 rows=112 loops=1)
Gather  (cost=1000.00..340864.41 rows=27 width=21) (actual time=511.193..622.718 rows=50 loops=1)
Gather  (cost=1000.00..340873.51 rows=118 width=21) (actual time=96.864..606.219 rows=174 loops=1)
Gather  (cost=1000.00..340868.01 rows=63 width=21) (actual time=551.386..624.275 rows=78 loops=1)
Gather  (cost=1000.00..340872.91 rows=112 width=140) (actual time=228.379..587.774 rows=112 loops=1)
Gather Merge  (cost=340862.31..340868.15 rows=50 width=131) (actual time=629.372..634.106 rows=349 loops=1)
Gather  (cost=1000.00..340868.61 rows=69 width=21) (actual time=158.209..603.366 rows=216 loops=1)
Gather  (cost=1000.00..340864.31 rows=26 width=21) (actual time=451.184..616.094 rows=44 loops=1)
Gather Merge  (cost=340862.31..340868.15 rows=50 width=131) (actual time=614.818..619.342 rows=64 loops=1)
Gather  (cost=1000.00..340864.41 rows=27 width=21) (actual time=485.859..591.162 rows=58 loops=1)
Gather  (cost=1000.00..340864.41 rows=27 width=21) (actual time=77.570..607.439 rows=80 loops=1)
Gather  (cost=1000.00..340864.31 rows=26 width=21) (actual time=567.320..640.630 rows=34 loops=1)
Gather  (cost=1000.00..340876.51 rows=148 width=21) (actual time=173.409..614.898 rows=98 loops=1)
Gather  (cost=1000.00..340864.41 rows=27 width=21) (actual time=21.833..612.418 rows=87 loops=1)
Gather  (cost=1000.00..340864.41 rows=27 width=21) (actual time=378.526..586.082 rows=48 loops=1)
Gather  (cost=1000.00..340864.41 rows=27 width=140) (actual time=38.296..631.604 rows=27 loops=1)
Gather  (cost=1000.00..340924.21 rows=625 width=140) (actual time=269.010..600.514 rows=896 loops=1)
Gather  (cost=1000.00..340922.31 rows=606 width=21) (actual time=347.806..622.993 rows=672 loops=1)
Gather  (cost=1000.00..340864.41 rows=27 width=140) (actual time=158.174..587.236 rows=36 loops=1)
Gather  (cost=1000.00..340864.41 rows=27 width=21) (actual time=169.804..610.123 rows=58 loops=1)
Gather  (cost=1000.00..340864.31 rows=26 width=21) (actual time=436.246..594.443 rows=78 loops=1)
Gather  (cost=1000.00..340898.81 rows=371 width=21) (actual time=113.759..625.182 rows=658 loops=1)
Gather  (cost=1000.00..340877.51 rows=158 width=21) (actual time=340.829..624.045 rows=74 loops=1)
Gather Merge  (cost=340862.31..340868.15 rows=50 width=131) (actual time=625.105..629.505 rows=106 loops=1)
Gather Merge  (cost=340862.31..340868.15 rows=50 width=131) (actual time=596.988..601.714 rows=94 loops=1)
Gather  (cost=1000.00..340899.11 rows=374 width=21) (actual time=154.791..637.686 rows=445 loops=1)
Gather  (cost=1000.00..340864.31 rows=26 width=21) (actual time=346.428..615.844 rows=112 loops=1)
Gather Merge  (cost=340862.31..340868.15 rows=50 width=131) (actual time=620.128..625.045 rows=45 loops=1)
Gather  (cost=1000.00..340875.81 rows=141 width=21) (actual time=553.065..588.131 rows=84 loops=1)
Gather Merge  (cost=340862.31..340868.15 rows=50 width=131) (actual time=619.232..623.833 rows=200 loops=1)
Gather  (cost=1000.00..340864.51 rows=28 width=21) (actual time=85.340..615.394 rows=48 loops=1)
Gather  (cost=1000.00..340864.41 rows=27 width=21) (actual time=272.431..611.240 rows=46 loops=1)
Gather  (cost=1000.00..340864.31 rows=26 width=21) (actual time=367.024..621.048 rows=66 loops=1)
Gather Merge  (cost=340862.31..340868.15 rows=50 width=131) (actual time=601.713..606.137 rows=70 loops=1)
Gather Merge  (cost=340862.31..340868.15 rows=50 width=131) (actual time=628.892..633.469 rows=36 loops=1)
Gather  (cost=1000.00..340924.21 rows=625 width=21) (actual time=387.165..610.122 rows=520 loops=1)
Gather Merge  (cost=340862.31..340868.15 rows=50 width=131) (actual time=619.221..623.829 rows=142 loops=1)
Gather Merge  (cost=340862.31..340868.15 rows=50 width=131) (actual time=612.655..617.117 rows=140 loops=1)
Gather  (cost=1000.00..340864.41 rows=27 width=21) (actual time=107.798..592.190 rows=36 loops=1)
Gather  (cost=1000.00..340864.31 rows=26 width=21) (actual time=343.558..610.612 rows=38 loops=1)
Gather Merge  (cost=340862.31..340868.15 rows=50 width=131) (actual time=629.394..634.567 rows=55 loops=1)
Gather Merge  (cost=340864.07..340881.57 rows=150 width=131) (actual time=627.332..631.861 rows=207 loops=1)
Gather  (cost=1000.00..340864.41 rows=27 width=140) (actual time=66.425..606.779 rows=36 loops=1)
Gather  (cost=1000.00..340869.61 rows=79 width=140) (actual time=472.042..592.176 rows=18 loops=1)
Gather  (cost=1000.00..340864.41 rows=27 width=140) (actual time=165.141..631.451 rows=52 loops=1)
Gather  (cost=1000.00..340864.41 rows=27 width=403) (actual time=151.173..615.351 rows=52 loops=1)
Gather  (cost=1000.00..340922.31 rows=606 width=21) (actual time=548.650..609.658 rows=670 loops=1)
Gather  (cost=1000.00..340864.51 rows=28 width=21) (actual time=87.443..590.430 rows=102 loops=1)
Gather  (cost=1000.00..340875.91 rows=142 width=21) (actual time=512.079..624.132 rows=168 loops=1)
Gather  (cost=1000.00..340868.91 rows=72 width=21) (actual time=555.510..609.142 rows=74 loops=1)
Gather Merge  (cost=340862.28..340867.88 rows=48 width=131) (actual time=631.333..635.772 rows=34 loops=1)
Gather  (cost=1000.00..340876.21 rows=145 width=21) (actual time=79.357..588.501 rows=150 loops=1)
Gather  (cost=1000.00..340864.31 rows=26 width=140) (actual time=453.713..607.289 rows=72 loops=1)
Gather Merge  (cost=340862.28..340867.88 rows=48 width=131) (actual time=626.110..630.678 rows=130 loops=1)
Gather Merge  (cost=340864.74..340886.20 rows=184 width=131) (actual time=637.219..641.719 rows=316 loops=1)
Gather  (cost=1000.00..340864.51 rows=28 width=403) (actual time=73.437..607.635 rows=36 loops=1)
Gather Merge  (cost=340862.28..340867.88 rows=48 width=131) (actual time=602.687..607.412 rows=92 loops=1)
Gather  (cost=1000.00..340872.91 rows=112 width=21) (actual time=222.194..621.273 rows=76 loops=1)
Gather Merge  (cost=340862.28..340867.88 rows=48 width=131) (actual time=622.993..627.490 rows=33 loops=1)
Gather  (cost=1000.00..340876.01 rows=143 width=21) (actual time=372.907..613.164 rows=320 loops=1)
Gather Merge  (cost=340862.31..340868.15 rows=50 width=131) (actual time=623.037..627.649 rows=44 loops=1)
Gather  (cost=1000.00..340864.41 rows=27 width=403) (actual time=120.594..589.001 rows=44 loops=1)
Gather  (cost=1000.00..340864.31 rows=26 width=140) (actual time=459.358..622.928 rows=28 loops=1)
Gather  (cost=1000.00..340864.41 rows=27 width=140) (actual time=107.732..621.461 rows=24 loops=1)
Gather Merge  (cost=340862.28..340867.88 rows=48 width=131) (actual time=614.852..619.553 rows=36 loops=1)
Gather Merge  (cost=340862.28..340867.88 rows=48 width=131) (actual time=602.341..606.812 rows=84 loops=1)
Gather  (cost=1000.00..340868.01 rows=63 width=403) (actual time=420.151..645.926 rows=84 loops=1)
Gather Merge  (cost=340868.39..340909.92 rows=356 width=131) (actual time=613.978..618.684 rows=638 loops=1)
Gather  (cost=1000.00..340864.31 rows=26 width=140) (actual time=472.259..626.659 rows=39 loops=1)
Gather Merge  (cost=340862.28..340867.88 rows=48 width=131) (actual time=598.835..603.460 rows=51 loops=1)
Gather  (cost=1000.00..340864.31 rows=26 width=140) (actual time=338.383..613.487 rows=45 loops=1)
Gather  (cost=1000.00..340864.31 rows=26 width=21) (actual time=463.769..606.828 rows=50 loops=1)
Gather  (cost=1000.00..340875.51 rows=138 width=21) (actual time=155.267..621.104 rows=70 loops=1)
Gather Merge  (cost=340862.28..340867.88 rows=48 width=131) (actual time=619.736..624.514 rows=32 loops=1)
Gather Merge  (cost=340864.46..340884.29 rows=170 width=131) (actual time=600.285..604.900 rows=144 loops=1)
Gather  (cost=1000.00..340877.91 rows=162 width=140) (actual time=202.971..622.533 rows=225 loops=1)
Gather Merge  (cost=340862.28..340867.88 rows=48 width=131) (actual time=622.174..626.873 rows=40 loops=1)
Gather Merge  (cost=340862.28..340867.88 rows=48 width=131) (actual time=633.505..638.047 rows=261 loops=1)
Gather Merge  (cost=340862.28..340867.88 rows=48 width=131) (actual time=602.574..607.155 rows=81 loops=1)
Gather  (cost=1000.00..340864.41 rows=27 width=21) (actual time=124.341..605.604 rows=46 loops=1)
Gather  (cost=1000.00..340864.41 rows=27 width=21) (actual time=591.407..606.918 rows=58 loops=1)
Gather  (cost=1000.00..340923.31 rows=616 width=140) (actual time=282.613..614.422 rows=335 loops=1)
Gather  (cost=1000.00..340864.51 rows=28 width=21) (actual time=85.356..616.005 rows=44 loops=1)
Gather  (cost=1000.00..340864.31 rows=26 width=21) (actual time=460.307..595.328 rows=52 loops=1)
Gather Merge  (cost=340862.31..340868.15 rows=50 width=131) (actual time=628.728..633.785 rows=26 loops=1)
Gather Merge  (cost=340862.31..340868.15 rows=50 width=131) (actual time=623.992..628.651 rows=60 loops=1)
Gather  (cost=1000.00..340898.71 rows=370 width=140) (actual time=593.537..608.751 rows=846 loops=1)
Gather  (cost=1000.00..340864.41 rows=27 width=21) (actual time=185.180..610.393 rows=34 loops=1)
Gather  (cost=1000.00..340864.31 rows=26 width=140) (actual time=400.222..586.587 rows=24 loops=1)
Gather Merge  (cost=340862.28..340867.88 rows=48 width=131) (actual time=639.259..643.875 rows=52 loops=1)
Gather Merge  (cost=340864.03..340881.30 rows=148 width=131) (actual time=620.435..626.287 rows=155 loops=1)
Gather  (cost=1000.00..340921.71 rows=600 width=21) (actual time=442.142..624.007 rows=356 loops=1)
Gather  (cost=1000.00..340864.41 rows=27 width=21) (actual time=55.138..590.315 rows=108 loops=1)
Gather  (cost=1000.00..340864.41 rows=27 width=21) (actual time=384.326..609.625 rows=82 loops=1)
Gather  (cost=1000.00..340878.61 rows=169 width=21) (actual time=324.483..603.527 rows=95 loops=1)
Gather  (cost=1000.00..340876.51 rows=148 width=21) (actual time=294.617..641.733 rows=70 loops=1)
Gather  (cost=1000.00..340864.41 rows=27 width=140) (actual time=236.013..624.265 rows=39 loops=1)
Gather  (cost=1000.00..340864.41 rows=27 width=21) (actual time=105.500..591.050 rows=50 loops=1)
Gather Merge  (cost=340862.28..340867.88 rows=48 width=131) (actual time=628.060..632.698 rows=73 loops=1)
Gather  (cost=1000.00..340864.41 rows=27 width=21) (actual time=313.136..618.434 rows=80 loops=1)
Gather  (cost=1000.00..340875.81 rows=141 width=21) (actual time=546.779..614.371 rows=81 loops=1)
Gather  (cost=1000.00..340864.41 rows=27 width=21) (actual time=246.622..604.399 rows=215 loops=1)
Gather  (cost=1000.00..340864.31 rows=26 width=21) (actual time=430.055..598.028 rows=100 loops=1)
Gather  (cost=1000.00..340864.41 rows=27 width=140) (actual time=204.624..611.633 rows=45 loops=1)
Gather  (cost=1000.00..340864.51 rows=28 width=21) (actual time=84.692..629.844 rows=48 loops=1)
Gather  (cost=1000.00..340864.41 rows=27 width=21) (actual time=587.348..608.634 rows=36 loops=1)
Gather  (cost=1000.00..340864.41 rows=27 width=21) (actual time=45.642..625.440 rows=40 loops=1)
Gather  (cost=1000.00..340864.41 rows=27 width=21) (actual time=122.585..585.621 rows=36 loops=1)
Gather  (cost=1000.00..340864.41 rows=27 width=21) (actual time=24.211..628.958 rows=46 loops=1)
Gather  (cost=1000.00..340864.31 rows=26 width=140) (actual time=567.217..604.285 rows=66 loops=1)
Gather  (cost=1000.00..340923.31 rows=616 width=140) (actual time=521.553..619.819 rows=990 loops=1)
Gather Merge  (cost=340862.31..340868.15 rows=50 width=131) (actual time=609.028..613.459 rows=40 loops=1)
Gather Merge  (cost=340862.31..340868.15 rows=50 width=131) (actual time=613.669..619.763 rows=62 loops=1)
Gather  (cost=1000.00..340869.41 rows=77 width=21) (actual time=588.241..605.073 rows=96 loops=1)
Gather  (cost=1000.00..340864.51 rows=28 width=21) (actual time=87.481..629.049 rows=48 loops=1)
Gather  (cost=1000.00..340868.61 rows=69 width=140) (actual time=382.704..608.010 rows=20 loops=1)
Gather  (cost=1000.00..340870.31 rows=86 width=21) (actual time=258.658..623.273 rows=48 loops=1)
Gather  (cost=1000.00..340872.91 rows=112 width=21) (actual time=501.490..587.784 rows=126 loops=1)
Gather  (cost=1000.00..340864.41 rows=27 width=21) (actual time=54.629..627.994 rows=58 loops=1)
Gather  (cost=1000.00..340864.41 rows=27 width=140) (actual time=246.839..617.815 rows=112 loops=1)
Gather  (cost=1000.00..340864.31 rows=26 width=21) (actual time=488.892..633.364 rows=51 loops=1)
Gather Merge  (cost=340870.16..340920.79 rows=434 width=131) (actual time=596.821..601.506 rows=537 loops=1)
Gather  (cost=1000.00..340882.91 rows=212 width=21) (actual time=427.020..616.882 rows=306 loops=1)
Gather  (cost=1000.00..340864.41 rows=27 width=140) (actual time=154.310..586.612 rows=30 loops=1)
Gather  (cost=1000.00..340864.41 rows=27 width=21) (actual time=299.409..636.512 rows=54 loops=1)
Gather Merge  (cost=340862.28..340867.88 rows=48 width=131) (actual time=622.145..626.761 rows=112 loops=1)
Gather  (cost=1000.00..340878.01 rows=163 width=403) (actual time=512.751..608.979 rows=112 loops=1)
Gather  (cost=1000.00..340864.41 rows=27 width=21) (actual time=364.256..586.799 rows=56 loops=1)
Gather  (cost=1000.00..340864.41 rows=27 width=21) (actual time=150.483..663.558 rows=38 loops=1)
Gather  (cost=1000.00..340875.71 rows=140 width=21) (actual time=434.253..611.392 rows=115 loops=1)
Gather Merge  (cost=340862.28..340867.88 rows=48 width=131) (actual time=621.481..626.083 rows=142 loops=1)
Gather  (cost=1000.00..340864.41 rows=27 width=21) (actual time=262.587..585.259 rows=62 loops=1)
Gather Merge  (cost=340862.28..340867.88 rows=48 width=131) (actual time=633.128..637.626 rows=21 loops=1)
Gather  (cost=1000.00..340864.31 rows=26 width=21) (actual time=539.780..607.642 rows=80 loops=1)
Gather  (cost=1000.00..340864.51 rows=28 width=21) (actual time=100.787..629.187 rows=30 loops=1)
Gather  (cost=1000.00..340869.21 rows=75 width=140) (actual time=423.513..625.103 rows=160 loops=1)
Gather  (cost=1000.00..340864.31 rows=26 width=140) (actual time=348.107..595.105 rows=36 loops=1)
Gather  (cost=1000.00..340876.21 rows=145 width=140) (actual time=581.624..604.784 rows=124 loops=1)
Gather  (cost=1000.00..340876.21 rows=145 width=403) (actual time=623.199..633.951 rows=124 loops=1)
Gather  (cost=1000.00..340864.31 rows=26 width=21) (actual time=416.749..606.569 rows=52 loops=1)
Gather Merge  (cost=340862.28..340867.88 rows=48 width=131) (actual time=616.114..620.698 rows=42 loops=1)
Gather  (cost=1000.00..340864.31 rows=26 width=21) (actual time=458.106..590.697 rows=104 loops=1)
Gather Merge  (cost=340862.28..340867.88 rows=48 width=131) (actual time=624.301..629.002 rows=65 loops=1)
Gather  (cost=1000.00..340864.41 rows=27 width=21) (actual time=239.983..610.594 rows=40 loops=1)
Gather Merge  (cost=340862.28..340867.88 rows=48 width=131) (actual time=634.249..639.557 rows=41 loops=1)
Gather  (cost=1000.00..340864.31 rows=26 width=21) (actual time=423.212..617.807 rows=48 loops=1)
Gather  (cost=1000.00..340870.41 rows=87 width=140) (actual time=84.666..601.803 rows=42 loops=1)
Gather  (cost=1000.00..340864.51 rows=28 width=140) (actual time=103.559..661.414 rows=33 loops=1)
Gather  (cost=1000.00..340864.31 rows=26 width=140) (actual time=323.417..613.960 rows=30 loops=1)
Gather  (cost=1000.00..340868.41 rows=67 width=21) (actual time=316.148..622.838 rows=50 loops=1)
Gather  (cost=1000.00..340869.81 rows=81 width=21) (actual time=404.958..592.182 rows=108 loops=1)
Gather  (cost=1000.00..340869.41 rows=77 width=21) (actual time=104.269..623.222 rows=76 loops=1)
Gather  (cost=1000.00..340864.31 rows=26 width=21) (actual time=349.824..603.037 rows=44 loops=1)
Gather  (cost=1000.00..340864.41 rows=27 width=21) (actual time=125.805..619.673 rows=48 loops=1)
Gather Merge  (cost=340862.28..340867.88 rows=48 width=131) (actual time=619.072..623.644 rows=94 loops=1)
Gather  (cost=1000.00..340869.91 rows=82 width=21) (actual time=340.587..592.874 rows=172 loops=1)
Gather  (cost=1000.00..340864.41 rows=27 width=140) (actual time=8.947..628.465 rows=30 loops=1)
Gather Merge  (cost=340873.12..340938.45 rows=560 width=131) (actual time=625.846..630.678 rows=311 loops=1)
Gather  (cost=1000.00..340864.31 rows=26 width=21) (actual time=425.093..631.551 rows=129 loops=1)
Gather Merge  (cost=340862.31..340868.15 rows=50 width=131) (actual time=606.704..611.334 rows=90 loops=1)
Gather  (cost=1000.00..340868.61 rows=69 width=21) (actual time=161.773..592.003 rows=92 loops=1)
Gather Merge  (cost=340862.28..340867.88 rows=48 width=131) (actual time=639.939..644.673 rows=66 loops=1)
Gather  (cost=1000.00..340864.41 rows=27 width=21) (actual time=10.356..612.514 rows=76 loops=1)
Gather  (cost=1000.00..340864.31 rows=26 width=140) (actual time=450.482..630.488 rows=39 loops=1)
Gather  (cost=1000.00..340864.41 rows=27 width=21) (actual time=496.647..594.820 rows=66 loops=1)
Gather  (cost=1000.00..340864.41 rows=27 width=21) (actual time=111.452..614.979 rows=50 loops=1)
Gather  (cost=1000.00..340864.41 rows=27 width=21) (actual time=388.294..622.907 rows=56 loops=1)
Gather Merge  (cost=340862.31..340868.15 rows=50 width=131) (actual time=626.774..631.754 rows=150 loops=1)
Gather  (cost=1000.00..340864.41 rows=27 width=21) (actual time=290.509..626.706 rows=69 loops=1)
Gather Merge  (cost=340862.31..340868.15 rows=50 width=131) (actual time=601.020..605.628 rows=36 loops=1)
Gather  (cost=1000.00..340864.31 rows=26 width=21) (actual time=334.129..612.982 rows=64 loops=1)
Gather  (cost=1000.00..340923.31 rows=616 width=140) (actual time=270.744..609.842 rows=335 loops=1)
Gather  (cost=1000.00..340876.01 rows=143 width=140) (actual time=475.408..622.519 rows=168 loops=1)
Gather  (cost=1000.00..340868.81 rows=71 width=21) (actual time=91.560..618.378 rows=50 loops=1)
Gather  (cost=1000.00..340864.31 rows=26 width=21) (actual time=303.656..591.563 rows=30 loops=1)
Gather  (cost=1000.00..340864.41 rows=27 width=21) (actual time=299.652..607.946 rows=60 loops=1)
Gather Merge  (cost=340862.28..340867.88 rows=48 width=131) (actual time=639.021..643.829 rows=130 loops=1)
Gather Merge  (cost=340862.28..340867.88 rows=48 width=131) (actual time=623.704..628.140 rows=342 loops=1)
Gather  (cost=1000.00..340875.81 rows=141 width=21) (actual time=546.873..613.475 rows=148 loops=1)
Gather  (cost=1000.00..340864.41 rows=27 width=140) (actual time=572.197..587.586 rows=125 loops=1)
Gather  (cost=1000.00..340868.41 rows=67 width=140) (actual time=370.060..622.616 rows=168 loops=1)
Gather Merge  (cost=340864.58..340885.11 rows=176 width=131) (actual time=619.101..624.091 rows=136 loops=1)
Gather Merge  (cost=340862.28..340867.88 rows=48 width=131) (actual time=634.436..639.005 rows=168 loops=1)
Gather Merge  (cost=340862.28..340867.88 rows=48 width=131) (actual time=616.416..621.054 rows=30 loops=1)
Gather  (cost=1000.00..340868.31 rows=66 width=21) (actual time=310.906..590.513 rows=66 loops=1)
Gather Merge  (cost=340869.47..340916.61 rows=404 width=131) (actual time=633.558..638.159 rows=452 loops=1)
Gather  (cost=1000.00..340923.21 rows=615 width=140) (actual time=368.035..621.873 rows=504 loops=1)
Gather Merge  (cost=340862.31..340868.15 rows=50 width=131) (actual time=639.071..643.968 rows=92 loops=1)
Gather Merge  (cost=340862.31..340868.15 rows=50 width=131) (actual time=606.736..611.495 rows=144 loops=1)
Gather Merge  (cost=340862.28..340867.88 rows=48 width=131) (actual time=624.648..629.177 rows=30 loops=1)
Gather  (cost=1000.00..340922.31 rows=606 width=21) (actual time=535.501..608.185 rows=670 loops=1)
Gather  (cost=1000.00..340864.41 rows=27 width=21) (actual time=175.355..611.752 rows=46 loops=1)
Gather  (cost=1000.00..340876.21 rows=145 width=140) (actual time=242.820..623.463 rows=60 loops=1)
Gather  (cost=1000.00..340876.21 rows=145 width=140) (actual time=118.957..605.931 rows=210 loops=1)
Gather Merge  (cost=340862.31..340868.15 rows=50 width=131) (actual time=596.586..601.346 rows=122 loops=1)
Gather  (cost=1000.00..340864.31 rows=26 width=21) (actual time=483.631..651.492 rows=58 loops=1)
Gather Merge  (cost=340862.28..340867.88 rows=48 width=131) (actual time=624.831..629.505 rows=30 loops=1)
Gather  (cost=1000.00..340864.51 rows=28 width=21) (actual time=79.267..609.908 rows=84 loops=1)
Gather  (cost=1000.00..340869.91 rows=82 width=21) (actual time=448.945..587.873 rows=48 loops=1)
Gather  (cost=1000.00..340864.41 rows=27 width=140) (actual time=119.667..633.994 rows=27 loops=1)
Gather Merge  (cost=340862.28..340867.88 rows=48 width=131) (actual time=627.335..631.827 rows=73 loops=1)
Gather  (cost=1000.00..340864.31 rows=26 width=140) (actual time=331.044..623.659 rows=112 loops=1)
Gather  (cost=1000.00..340864.31 rows=26 width=403) (actual time=318.651..593.679 rows=112 loops=1)
Gather  (cost=1000.00..340883.01 rows=213 width=21) (actual time=524.422..616.239 rows=136 loops=1)
Gather Merge  (cost=340864.89..340887.30 rows=192 width=131) (actual time=620.708..625.101 rows=265 loops=1)
Gather  (cost=1000.00..340864.31 rows=26 width=21) (actual time=458.491..626.662 rows=60 loops=1)
Gather  (cost=1000.00..340864.41 rows=27 width=21) (actual time=103.238..610.350 rows=42 loops=1)
Gather Merge  (cost=340862.28..340867.88 rows=48 width=131) (actual time=606.014..610.531 rows=78 loops=1)
Gather Merge  (cost=340862.28..340867.88 rows=48 width=131) (actual time=638.865..643.745 rows=143 loops=1)
Gather  (cost=1000.00..340876.91 rows=152 width=21) (actual time=580.745..614.788 rows=330 loops=1)
Gather  (cost=1000.00..340869.11 rows=74 width=140) (actual time=99.400..625.445 rows=100 loops=1)
Gather Merge  (cost=340862.28..340867.88 rows=48 width=131) (actual time=598.094..602.613 rows=86 loops=1)
Gather  (cost=1000.00..340864.31 rows=26 width=21) (actual time=413.072..621.057 rows=84 loops=1)
Gather  (cost=1000.00..340876.51 rows=148 width=21) (actual time=167.028..603.048 rows=80 loops=1)
Gather  (cost=1000.00..340864.41 rows=27 width=21) (actual time=256.145..622.201 rows=36 loops=1)
Gather Merge  (cost=340862.28..340867.88 rows=48 width=131) (actual time=614.123..618.649 rows=93 loops=1)
Gather  (cost=1000.00..340864.31 rows=26 width=21) (actual time=397.641..589.831 rows=75 loops=1)
Gather  (cost=1000.00..340864.41 rows=27 width=21) (actual time=136.123..622.757 rows=62 loops=1)
Gather Merge  (cost=340862.28..340867.88 rows=48 width=131) (actual time=644.596..649.480 rows=32 loops=1)
Gather  (cost=1000.00..340864.41 rows=27 width=21) (actual time=187.865..616.471 rows=54 loops=1)
Gather Merge  (cost=340862.28..340867.88 rows=48 width=131) (actual time=618.522..623.042 rows=150 loops=1)
Gather  (cost=1000.00..340876.91 rows=152 width=403) (actual time=318.123..586.484 rows=150 loops=1)
Gather  (cost=1000.00..340864.31 rows=26 width=21) (actual time=363.163..638.943 rows=54 loops=1)
Gather  (cost=1000.00..340875.51 rows=138 width=21) (actual time=148.740..602.004 rows=70 loops=1)
Gather  (cost=1000.00..340864.41 rows=27 width=140) (actual time=248.698..634.823 rows=36 loops=1)
Gather  (cost=1000.00..340864.41 rows=27 width=140) (actual time=236.246..587.317 rows=81 loops=1)
Gather  (cost=1000.00..340874.71 rows=130 width=140) (actual time=229.918..619.006 rows=208 loops=1)
Gather Merge  (cost=340862.28..340867.88 rows=48 width=131) (actual time=612.836..617.627 rows=95 loops=1)
Gather Merge  (cost=340864.15..340882.11 rows=154 width=131) (actual time=642.243..646.972 rows=360 loops=1)
Gather  (cost=1000.00..340872.91 rows=112 width=403) (actual time=405.766..622.174 rows=123 loops=1)
Gather  (cost=1000.00..340864.41 rows=27 width=21) (actual time=168.582..592.151 rows=108 loops=1)
Gather  (cost=1000.00..340869.11 rows=74 width=21) (actual time=492.960..606.714 rows=78 loops=1)
Gather Merge  (cost=340869.02..340913.82 rows=384 width=131) (actual time=619.759..625.408 rows=352 loops=1)
Gather  (cost=1000.00..340924.11 rows=624 width=21) (actual time=44.964..624.251 rows=427 loops=1)
Gather  (cost=1000.00..340868.21 rows=65 width=140) (actual time=509.188..606.156 rows=42 loops=1)
Gather  (cost=1000.00..340870.01 rows=83 width=21) (actual time=579.847..590.342 rows=99 loops=1)
Gather  (cost=1000.00..340864.31 rows=26 width=21) (actual time=536.877..608.961 rows=50 loops=1)
Gather Merge  (cost=340862.31..340868.15 rows=50 width=131) (actual time=629.607..634.070 rows=56 loops=1)
Gather  (cost=1000.00..340868.71 rows=70 width=21) (actual time=303.860..628.462 rows=93 loops=1)
Gather  (cost=1000.00..340864.41 rows=27 width=140) (actual time=139.243..607.960 rows=24 loops=1)
Gather  (cost=1000.00..340871.21 rows=95 width=21) (actual time=576.898..592.865 rows=170 loops=1)
Gather Merge  (cost=340862.28..340867.88 rows=48 width=131) (actual time=637.234..641.900 rows=36 loops=1)
Gather  (cost=1000.00..340864.41 rows=27 width=21) (actual time=173.069..612.367 rows=46 loops=1)
Gather  (cost=1000.00..340864.41 rows=27 width=21) (actual time=539.036..632.239 rows=50 loops=1)
Gather  (cost=1000.00..340876.91 rows=152 width=21) (actual time=194.177..591.787 rows=82 loops=1)
Gather Merge  (cost=340862.31..340868.15 rows=50 width=131) (actual time=624.293..628.740 rows=67 loops=1)
Gather  (cost=1000.00..340868.41 rows=67 width=21) (actual time=295.719..596.808 rows=58 loops=1)
Gather Merge  (cost=340862.31..340868.15 rows=50 width=131) (actual time=622.045..626.474 rows=69 loops=1)
Gather  (cost=1000.00..340864.31 rows=26 width=21) (actual time=431.124..624.083 rows=138 loops=1)
Gather  (cost=1000.00..340925.01 rows=633 width=21) (actual time=59.720..587.630 rows=1062 loops=1)
Gather Merge  (cost=340862.28..340867.88 rows=48 width=131) (actual time=623.479..628.247 rows=90 loops=1)
Gather  (cost=1000.00..340899.31 rows=376 width=21) (actual time=380.323..605.429 rows=920 loops=1)
Gather Merge  (cost=340862.28..340867.88 rows=48 width=131) (actual time=653.005..657.348 rows=139 loops=1)
Gather  (cost=1000.00..340864.41 rows=27 width=140) (actual time=209.229..592.109 rows=39 loops=1)
Gather  (cost=1000.00..340864.41 rows=27 width=403) (actual time=210.088..611.421 rows=39 loops=1)
Gather Merge  (cost=340862.31..340868.15 rows=50 width=131) (actual time=629.061..633.434 rows=24 loops=1)
Gather  (cost=1000.00..340864.41 rows=27 width=21) (actual time=304.995..616.270 rows=69 loops=1)
Gather  (cost=1000.00..340864.31 rows=26 width=21) (actual time=459.374..607.614 rows=44 loops=1)
Gather Merge  (cost=340862.28..340867.88 rows=48 width=131) (actual time=599.062..603.597 rows=56 loops=1)
Gather Merge  (cost=340862.28..340867.88 rows=48 width=131) (actual time=637.155..642.012 rows=22 loops=1)
Gather  (cost=1000.00..340877.41 rows=157 width=21) (actual time=352.975..619.757 rows=220 loops=1)
Gather Merge  (cost=340862.28..340867.88 rows=48 width=131) (actual time=627.796..632.557 rows=44 loops=1)
Gather  (cost=1000.00..340864.41 rows=27 width=21) (actual time=225.242..588.567 rows=105 loops=1)
Gather  (cost=1000.00..340864.41 rows=27 width=21) (actual time=114.905..619.217 rows=69 loops=1)
Gather  (cost=1000.00..340864.41 rows=27 width=21) (actual time=71.431..610.115 rows=26 loops=1)
Gather  (cost=1000.00..340864.31 rows=26 width=21) (actual time=462.143..614.678 rows=82 loops=1)
Gather  (cost=1000.00..340864.41 rows=27 width=140) (actual time=161.861..607.723 rows=27 loops=1)
Gather  (cost=1000.00..340864.41 rows=27 width=21) (actual time=178.889..590.790 rows=78 loops=1)
Gather  (cost=1000.00..340864.41 rows=27 width=140) (actual time=391.044..623.972 rows=54 loops=1)
Gather Merge  (cost=340862.28..340867.88 rows=48 width=131) (actual time=631.323..637.440 rows=30 loops=1)
Gather Merge  (cost=340862.28..340867.88 rows=48 width=131) (actual time=637.500..642.140 rows=70 loops=1)
Gather  (cost=1000.00..340878.01 rows=163 width=21) (actual time=308.587..593.788 rows=104 loops=1)
Gather  (cost=1000.00..340864.41 rows=27 width=21) (actual time=160.808..618.551 rows=42 loops=1)
Gather  (cost=1000.00..340864.41 rows=27 width=21) (actual time=296.551..616.707 rows=78 loops=1)
Gather Merge  (cost=340869.33..340915.77 rows=398 width=131) (actual time=625.707..630.251 rows=448 loops=1)
Gather  (cost=1000.00..340864.31 rows=26 width=21) (actual time=563.196..604.556 rows=120 loops=1)
Gather  (cost=1000.00..340864.41 rows=27 width=140) (actual time=489.360..588.427 rows=156 loops=1)
Gather  (cost=1000.00..340864.41 rows=27 width=21) (actual time=282.947..631.860 rows=54 loops=1)
Gather  (cost=1000.00..340864.31 rows=26 width=21) (actual time=328.446..617.845 rows=46 loops=1)
Gather  (cost=1000.00..340864.41 rows=27 width=21) (actual time=257.553..611.703 rows=50 loops=1)
Gather  (cost=1000.00..340864.41 rows=27 width=140) (actual time=578.648..592.605 rows=28 loops=1)
Gather  (cost=1000.00..340864.41 rows=27 width=140) (actual time=608.692..622.996 rows=26 loops=1)
Gather  (cost=1000.00..340874.91 rows=132 width=21) (actual time=544.767..628.296 rows=135 loops=1)
Gather Merge  (cost=340862.28..340867.88 rows=48 width=131) (actual time=630.641..639.191 rows=39 loops=1)
Gather  (cost=1000.00..340864.41 rows=27 width=403) (actual time=38.264..612.776 rows=27 loops=1)
Gather Merge  (cost=340862.28..340867.88 rows=48 width=131) (actual time=601.087..605.732 rows=261 loops=1)
Gather Merge  (cost=340862.28..340867.88 rows=48 width=131) (actual time=640.953..645.591 rows=33 loops=1)
Gather  (cost=1000.00..340864.31 rows=26 width=21) (actual time=357.638..604.924 rows=42 loops=1)
Gather  (cost=1000.00..340876.61 rows=149 width=21) (actual time=307.291..640.130 rows=216 loops=1)
Gather  (cost=1000.00..340923.31 rows=616 width=21) (actual time=273.493..593.819 rows=335 loops=1)
Gather Merge  (cost=340862.28..340867.88 rows=48 width=131) (actual time=630.280..635.120 rows=135 loops=1)
Gather Merge  (cost=340896.40..341066.51 rows=1458 width=131) (actual time=604.202..609.331 rows=1532 loops=1)
Gather  (cost=1000.00..340868.91 rows=72 width=140) (actual time=370.573..659.854 rows=52 loops=1)
Gather  (cost=1000.00..340864.31 rows=26 width=140) (actual time=430.748..612.755 rows=78 loops=1)
Gather  (cost=1000.00..340864.41 rows=27 width=21) (actual time=592.617..615.020 rows=162 loops=1)
Gather  (cost=1000.00..340881.61 rows=199 width=21) (actual time=538.829..590.789 rows=345 loops=1)
Gather  (cost=1000.00..340876.21 rows=145 width=21) (actual time=15.030..633.034 rows=180 loops=1)
Gather Merge  (cost=340862.28..340867.88 rows=48 width=131) (actual time=621.586..626.441 rows=78 loops=1)
Gather Merge  (cost=340863.99..340881.03 rows=146 width=131) (actual time=629.898..634.470 rows=84 loops=1)
Gather  (cost=1000.00..340922.51 rows=608 width=21) (actual time=412.638..587.614 rows=636 loops=1)
Gather  (cost=1000.00..340864.41 rows=27 width=21) (actual time=262.886..615.294 rows=54 loops=1)
Gather Merge  (cost=340864.70..340885.93 rows=182 width=131) (actual time=610.579..615.605 rows=236 loops=1)
Gather Merge  (cost=340862.28..340867.88 rows=48 width=131) (actual time=635.090..640.532 rows=118 loops=1)
Gather  (cost=1000.00..340864.41 rows=27 width=21) (actual time=608.030..628.639 rows=46 loops=1)
Gather  (cost=1000.00..340868.41 rows=67 width=21) (actual time=303.928..593.051 rows=156 loops=1)
Gather  (cost=1000.00..340864.41 rows=27 width=21) (actual time=220.843..627.245 rows=56 loops=1)
Gather  (cost=1000.00..340864.31 rows=26 width=21) (actual time=459.945..611.452 rows=46 loops=1)
Gather  (cost=1000.00..340864.31 rows=26 width=140) (actual time=383.385..631.354 rows=39 loops=1)
Gather  (cost=1000.00..340864.31 rows=26 width=403) (actual time=364.514..629.834 rows=39 loops=1)
Gather  (cost=1000.00..340876.61 rows=149 width=21) (actual time=79.895..596.456 rows=184 loops=1)
Gather  (cost=1000.00..340872.21 rows=105 width=140) (actual time=359.885..604.052 rows=164 loops=1)
Gather  (cost=1000.00..340864.41 rows=27 width=21) (actual time=385.871..612.624 rows=270 loops=1)
Gather  (cost=1000.00..340875.81 rows=141 width=21) (actual time=144.560..695.865 rows=174 loops=1)
Gather Merge  (cost=340862.31..340868.15 rows=50 width=131) (actual time=601.768..606.252 rows=45 loops=1)
Gather  (cost=1000.00..340864.41 rows=27 width=21) (actual time=123.502..616.625 rows=50 loops=1)
Gather  (cost=1000.00..340868.81 rows=71 width=21) (actual time=504.994..590.129 rows=50 loops=1)
Gather  (cost=1000.00..340868.51 rows=68 width=21) (actual time=110.141..650.910 rows=108 loops=1)
Gather  (cost=1000.00..340864.31 rows=26 width=140) (actual time=491.673..623.252 rows=33 loops=1)
Gather  (cost=1000.00..340864.41 rows=27 width=21) (actual time=63.896..612.646 rows=84 loops=1)
Gather Merge  (cost=340864.58..340885.11 rows=176 width=131) (actual time=596.983..601.652 rows=245 loops=1)
Gather Merge  (cost=340862.31..340868.15 rows=50 width=131) (actual time=621.319..625.928 rows=134 loops=1)
Gather  (cost=1000.00..340864.41 rows=27 width=140) (actual time=160.759..599.800 rows=33 loops=1)
Gather  (cost=1000.00..340864.41 rows=27 width=140) (actual time=12.326..629.559 rows=45 loops=1)
Gather  (cost=1000.00..340864.41 rows=27 width=403) (actual time=10.786..612.639 rows=45 loops=1)
Gather Merge  (cost=340862.28..340867.88 rows=48 width=131) (actual time=624.070..628.560 rows=84 loops=1)
Gather  (cost=1000.00..340864.41 rows=27 width=21) (actual time=64.368..596.111 rows=38 loops=1)
Gather Merge  (cost=340862.28..340867.88 rows=48 width=131) (actual time=649.550..654.060 rows=40 loops=1)
Gather  (cost=1000.00..340864.41 rows=27 width=140) (actual time=57.478..613.120 rows=26 loops=1)
Gather Merge  (cost=340862.28..340867.88 rows=48 width=131) (actual time=620.787..625.254 rows=45 loops=1)
Gather  (cost=1000.00..340864.31 rows=26 width=21) (actual time=536.677..586.788 rows=74 loops=1)
Gather  (cost=1000.00..340864.51 rows=28 width=21) (actual time=87.526..606.320 rows=78 loops=1)
Gather  (cost=1000.00..340864.31 rows=26 width=140) (actual time=548.413..606.328 rows=54 loops=1)
Gather  (cost=1000.00..340868.91 rows=72 width=21) (actual time=47.425..610.400 rows=111 loops=1)
Gather  (cost=1000.00..340864.41 rows=27 width=140) (actual time=301.332..631.838 rows=39 loops=1)
Gather  (cost=1000.00..340877.21 rows=155 width=21) (actual time=564.902..599.201 rows=100 loops=1)
Gather  (cost=1000.00..340864.31 rows=26 width=21) (actual time=455.050..627.730 rows=70 loops=1)
Gather  (cost=1000.00..340864.31 rows=26 width=21) (actual time=354.088..618.076 rows=60 loops=1)
Gather  (cost=1000.00..340864.41 rows=27 width=21) (actual time=600.908..612.811 rows=58 loops=1)
Gather  (cost=1000.00..340870.01 rows=83 width=140) (actual time=243.732..616.623 rows=111 loops=1)
Gather  (cost=1000.00..340864.41 rows=27 width=140) (actual time=301.566..591.726 rows=93 loops=1)
Gather  (cost=1000.00..340864.41 rows=27 width=21) (actual time=140.346..637.714 rows=32 loops=1)
Gather Merge  (cost=340864.89..340887.30 rows=192 width=131) (actual time=632.301..636.943 rows=265 loops=1)
Gather Merge  (cost=340862.28..340867.88 rows=48 width=131) (actual time=632.069..636.558 rows=48 loops=1)
Gather  (cost=1000.00..340864.31 rows=26 width=21) (actual time=560.674..592.011 rows=56 loops=1)
Gather  (cost=1000.00..340864.41 rows=27 width=21) (actual time=277.575..609.470 rows=102 loops=1)
Gather  (cost=1000.00..340864.31 rows=26 width=21) (actual time=484.505..615.081 rows=66 loops=1)
Gather  (cost=1000.00..340864.41 rows=27 width=21) (actual time=106.139..610.179 rows=40 loops=1)
Gather  (cost=1000.00..340864.31 rows=26 width=21) (actual time=331.834..604.092 rows=81 loops=1)
Gather Merge  (cost=340862.31..340868.15 rows=50 width=131) (actual time=595.031..599.486 rows=110 loops=1)
Gather  (cost=1000.00..340870.81 rows=91 width=403) (actual time=224.272..623.030 rows=110 loops=1)
Gather Merge  (cost=340862.28..340867.88 rows=48 width=131) (actual time=624.453..629.001 rows=60 loops=1)
Gather  (cost=1000.00..340877.51 rows=158 width=21) (actual time=544.775..605.321 rows=212 loops=1)
Gather  (cost=1000.00..340864.41 rows=27 width=21) (actual time=265.266..587.139 rows=42 loops=1)
Gather  (cost=1000.00..340864.41 rows=27 width=21) (actual time=492.667..592.540 rows=50 loops=1)
Gather Merge  (cost=340864.58..340885.11 rows=176 width=131) (actual time=644.251..649.021 rows=166 loops=1)
Gather  (cost=1000.00..340864.41 rows=27 width=21) (actual time=30.360..623.679 rows=52 loops=1)
Gather  (cost=1000.00..340868.01 rows=63 width=140) (actual time=572.898..605.480 rows=72 loops=1)
Gather  (cost=1000.00..340864.41 rows=27 width=21) (actual time=121.703..590.978 rows=54 loops=1)
Gather  (cost=1000.00..340899.11 rows=374 width=21) (actual time=130.541..627.260 rows=445 loops=1)
Gather  (cost=1000.00..340877.81 rows=161 width=21) (actual time=484.224..605.346 rows=86 loops=1)
Gather  (cost=1000.00..340864.51 rows=28 width=140) (actual time=92.871..622.907 rows=27 loops=1)
Gather Merge  (cost=340862.28..340867.88 rows=48 width=131) (actual time=601.356..605.768 rows=44 loops=1)
Gather  (cost=1000.00..340864.41 rows=27 width=403) (actual time=249.361..615.793 rows=44 loops=1)
Gather Merge  (cost=340862.31..340868.15 rows=50 width=131) (actual time=609.222..613.897 rows=24 loops=1)
Gather Merge  (cost=340862.31..340868.15 rows=50 width=131) (actual time=649.714..654.199 rows=118 loops=1)
Gather  (cost=1000.00..340864.41 rows=27 width=21) (actual time=176.578..587.747 rows=80 loops=1)
Gather  (cost=1000.00..340864.41 rows=27 width=21) (actual time=597.970..610.552 rows=93 loops=1)
Gather Merge  (cost=340862.28..340867.88 rows=48 width=131) (actual time=615.393..619.973 rows=46 loops=1)
Gather  (cost=1000.00..340870.51 rows=88 width=21) (actual time=478.652..605.572 rows=120 loops=1)
Gather Merge  (cost=340862.28..340867.88 rows=48 width=131) (actual time=641.087..645.634 rows=221 loops=1)
Gather  (cost=1000.00..340864.41 rows=27 width=403) (actual time=258.667..591.688 rows=75 loops=1)
Gather  (cost=1000.00..340864.31 rows=26 width=21) (actual time=465.012..606.683 rows=50 loops=1)
Gather  (cost=1000.00..340875.81 rows=141 width=21) (actual time=53.143..618.027 rows=56 loops=1)
Gather  (cost=1000.00..340864.41 rows=27 width=21) (actual time=32.435..635.795 rows=72 loops=1)
Gather  (cost=1000.00..340869.61 rows=79 width=140) (actual time=215.333..615.554 rows=24 loops=1)
Gather  (cost=1000.00..340864.41 rows=27 width=140) (actual time=213.686..588.508 rows=18 loops=1)
Gather  (cost=1000.00..340864.41 rows=27 width=21) (actual time=141.470..611.024 rows=63 loops=1)
Gather  (cost=1000.00..340864.41 rows=27 width=21) (actual time=603.216..611.447 rows=36 loops=1)
Gather  (cost=1000.00..340868.61 rows=69 width=21) (actual time=137.514..614.009 rows=66 loops=1)
Gather  (cost=1000.00..340864.41 rows=27 width=21) (actual time=292.296..611.433 rows=50 loops=1)
Gather  (cost=1000.00..340877.11 rows=154 width=140) (actual time=427.141..590.611 rows=324 loops=1)
Gather  (cost=1000.00..340877.11 rows=154 width=403) (actual time=423.777..621.156 rows=324 loops=1)
Gather Merge  (cost=340862.31..340868.15 rows=50 width=131) (actual time=619.397..623.964 rows=92 loops=1)
Gather  (cost=1000.00..340864.31 rows=26 width=21) (actual time=584.923..628.341 rows=34 loops=1)
Gather  (cost=1000.00..340864.41 rows=27 width=21) (actual time=158.323..606.080 rows=90 loops=1)
Gather Merge  (cost=340862.31..340868.15 rows=50 width=131) (actual time=597.950..602.738 rows=132 loops=1)
Gather  (cost=1000.00..340864.41 rows=27 width=21) (actual time=40.266..611.819 rows=192 loops=1)
Gather Merge  (cost=340862.31..340868.15 rows=50 width=131) (actual time=619.728..625.402 rows=88 loops=1)
Gather  (cost=1000.00..340864.31 rows=26 width=21) (actual time=360.027..637.570 rows=56 loops=1)
Gather  (cost=1000.00..340864.41 rows=27 width=21) (actual time=170.566..606.805 rows=105 loops=1)
Gather  (cost=1000.00..340864.41 rows=27 width=21) (actual time=241.855..589.216 rows=72 loops=1)
Gather  (cost=1000.00..340864.41 rows=27 width=140) (actual time=35.834..647.635 rows=45 loops=1)
Gather  (cost=1000.00..340924.41 rows=627 width=21) (actual time=189.495..601.650 rows=438 loops=1)
Gather  (cost=1000.00..340868.51 rows=68 width=140) (actual time=41.414..622.425 rows=84 loops=1)
Gather  (cost=1000.00..340874.11 rows=124 width=21) (actual time=249.096..591.280 rows=69 loops=1)
Gather Merge  (cost=340862.31..340868.15 rows=50 width=131) (actual time=624.127..628.791 rows=60 loops=1)
Gather  (cost=1000.00..340898.71 rows=370 width=21) (actual time=579.183..594.523 rows=846 loops=1)
Gather  (cost=1000.00..340864.51 rows=28 width=21) (actual time=87.876..644.397 rows=40 loops=1)
Gather  (cost=1000.00..340870.61 rows=89 width=21) (actual time=270.249..627.202 rows=90 loops=1)
Gather  (cost=1000.00..340864.41 rows=27 width=21) (actual time=379.020..610.134 rows=78 loops=1)
Gather Merge  (cost=340862.28..340867.88 rows=48 width=131) (actual time=598.499..603.049 rows=78 loops=1)
Gather Merge  (cost=340864.22..340882.66 rows=158 width=131) (actual time=667.072..671.770 rows=201 loops=1)
Gather  (cost=1000.00..340923.11 rows=614 width=140) (actual time=31.295..598.358 rows=630 loops=1)
Gather  (cost=1000.00..340864.41 rows=27 width=21) (actual time=424.575..631.102 rows=54 loops=1)
Gather Merge  (cost=340862.31..340868.15 rows=50 width=131) (actual time=597.538..602.023 rows=44 loops=1)
Gather  (cost=1000.00..340875.11 rows=134 width=21) (actual time=286.573..623.491 rows=82 loops=1)
Gather  (cost=1000.00..340864.41 rows=27 width=21) (actual time=250.462..602.929 rows=102 loops=1)
Gather Merge  (cost=340862.31..340868.15 rows=50 width=131) (actual time=641.444..646.186 rows=90 loops=1)
Gather  (cost=1000.00..340864.41 rows=27 width=403) (actual time=379.759..618.524 rows=48 loops=1)
Gather Merge  (cost=340862.28..340867.88 rows=48 width=131) (actual time=603.877..608.309 rows=142 loops=1)
Gather  (cost=1000.00..340864.31 rows=26 width=403) (actual time=457.174..608.158 rows=88 loops=1)
Gather Merge  (cost=340862.28..340867.88 rows=48 width=131) (actual time=630.397..635.174 rows=49 loops=1)
Gather  (cost=1000.00..340868.81 rows=71 width=140) (actual time=264.574..609.307 rows=106 loops=1)
Gather  (cost=1000.00..340883.31 rows=216 width=21) (actual time=596.949..611.010 rows=408 loops=1)
Gather Merge  (cost=340862.28..340867.88 rows=48 width=131) (actual time=598.847..603.370 rows=16 loops=1)
Gather  (cost=1000.00..340864.31 rows=26 width=21) (actual time=548.001..609.906 rows=50 loops=1)
Gather  (cost=1000.00..340864.31 rows=26 width=21) (actual time=360.325..602.777 rows=36 loops=1)
Gather  (cost=1000.00..340864.41 rows=27 width=140) (actual time=167.440..634.899 rows=45 loops=1)
Gather  (cost=1000.00..340871.91 rows=102 width=140) (actual time=95.394..615.785 rows=245 loops=1)
Gather  (cost=1000.00..340864.31 rows=26 width=140) (actual time=548.125..592.277 rows=45 loops=1)
Gather  (cost=1000.00..340864.41 rows=27 width=21) (actual time=247.852..621.308 rows=34 loops=1)
Gather Merge  (cost=340862.28..340867.88 rows=48 width=131) (actual time=628.474..633.053 rows=156 loops=1)
Gather  (cost=1000.00..340864.31 rows=26 width=21) (actual time=375.877..629.188 rows=63 loops=1)
Gather Merge  (cost=340862.31..340868.15 rows=50 width=131) (actual time=603.512..608.269 rows=42 loops=1)
Gather  (cost=1000.00..340878.11 rows=164 width=21) (actual time=300.305..602.800 rows=116 loops=1)
Gather  (cost=1000.00..340864.41 rows=27 width=21) (actual time=485.979..594.887 rows=56 loops=1)
Gather  (cost=1000.00..340864.41 rows=27 width=21) (actual time=52.722..621.503 rows=48 loops=1)
Gather  (cost=1000.00..340864.41 rows=27 width=21) (actual time=522.709..640.895 rows=48 loops=1)
Gather  (cost=1000.00..340864.41 rows=27 width=140) (actual time=29.165..623.459 rows=22 loops=1)
Gather Merge  (cost=340862.31..340868.15 rows=50 width=131) (actual time=596.943..601.549 rows=148 loops=1)
Gather  (cost=1000.00..340868.21 rows=65 width=140) (actual time=626.433..635.675 rows=48 loops=1)
Gather  (cost=1000.00..340864.41 rows=27 width=140) (actual time=179.295..605.346 rows=30 loops=1)
Gather  (cost=1000.00..340864.41 rows=27 width=21) (actual time=272.449..620.684 rows=60 loops=1)
Gather  (cost=1000.00..340879.01 rows=173 width=140) (actual time=452.353..587.490 rows=120 loops=1)
Gather Merge  (cost=340862.28..340867.88 rows=48 width=131) (actual time=623.615..628.016 rows=82 loops=1)
Gather Merge  (cost=340870.99..340925.83 rows=470 width=131) (actual time=615.479..620.731 rows=1073 loops=1)
Gather  (cost=1000.00..340864.41 rows=27 width=21) (actual time=204.800..619.550 rows=38 loops=1)
Gather Merge  (cost=340862.28..340867.88 rows=48 width=131) (actual time=640.235..645.040 rows=49 loops=1)
Gather  (cost=1000.00..340864.41 rows=27 width=140) (actual time=363.014..590.838 rows=52 loops=1)
Gather  (cost=1000.00..340864.31 rows=26 width=21) (actual time=340.799..586.104 rows=48 loops=1)
Gather  (cost=1000.00..340864.41 rows=27 width=21) (actual time=59.307..652.964 rows=72 loops=1)
Gather Merge  (cost=340869.29..340915.49 rows=396 width=131) (actual time=623.977..628.488 rows=223 loops=1)
Gather Merge  (cost=340862.31..340868.15 rows=50 width=131) (actual time=621.788..626.304 rows=36 loops=1)
Gather  (cost=1000.00..340864.41 rows=27 width=140) (actual time=65.161..587.070 rows=36 loops=1)
Gather  (cost=1000.00..340864.51 rows=28 width=21) (actual time=76.867..615.247 rows=56 loops=1)
Gather  (cost=1000.00..340873.11 rows=114 width=21) (actual time=145.045..605.640 rows=108 loops=1)
Gather  (cost=1000.00..340864.31 rows=26 width=21) (actual time=419.615..614.589 rows=48 loops=1)
Gather  (cost=1000.00..340875.71 rows=140 width=21) (actual time=290.757..617.781 rows=345 loops=1)
Gather  (cost=1000.00..340864.31 rows=26 width=21) (actual time=401.347..594.747 rows=58 loops=1)
Gather  (cost=1000.00..340864.41 rows=27 width=21) (actual time=201.601..630.180 rows=75 loops=1)
Gather Merge  (cost=340862.31..340868.15 rows=50 width=131) (actual time=622.041..626.471 rows=36 loops=1)
Gather  (cost=1000.00..340864.31 rows=26 width=140) (actual time=446.921..627.534 rows=18 loops=1)
Gather  (cost=1000.00..340864.31 rows=26 width=403) (actual time=430.563..593.523 rows=18 loops=1)
Gather Merge  (cost=340864.85..340887.02 rows=190 width=131) (actual time=613.569..620.748 rows=185 loops=1)
Gather Merge  (cost=340864.07..340881.57 rows=150 width=131) (actual time=599.560..604.126 rows=321 loops=1)
Gather  (cost=1000.00..340870.61 rows=89 width=21) (actual time=250.102..620.305 rows=90 loops=1)
Gather  (cost=1000.00..340883.31 rows=216 width=140) (actual time=380.253..616.476 rows=132 loops=1)
Gather Merge  (cost=340862.31..340868.15 rows=50 width=131) (actual time=618.641..623.269 rows=26 loops=1)
Gather  (cost=1000.00..340864.51 rows=28 width=403) (actual time=73.123..590.246 rows=26 loops=1)
Gather Merge  (cost=340862.28..340867.88 rows=48 width=131) (actual time=650.326..655.558 rows=94 loops=1)
Gather Merge  (cost=340864.07..340881.57 rows=150 width=131) (actual time=609.333..613.934 rows=117 loops=1)
Gather Merge  (cost=340864.98..340887.84 rows=196 width=131) (actual time=630.843..635.151 rows=329 loops=1)
Gather  (cost=1000.00..340876.41 rows=147 width=21) (actual time=63.185..587.982 rows=135 loops=1)
Gather  (cost=1000.00..340868.31 rows=66 width=21) (actual time=139.075..646.576 rows=36 loops=1)
Gather Merge  (cost=340862.28..340867.88 rows=48 width=131) (actual time=611.570..616.308 rows=80 loops=1)
Gather  (cost=1000.00..340864.31 rows=26 width=140) (actual time=373.033..627.001 rows=45 loops=1)
Gather Merge  (cost=340862.31..340868.15 rows=50 width=131) (actual time=596.032..600.771 rows=78 loops=1)
Gather  (cost=1000.00..340864.31 rows=26 width=403) (actual time=355.318..616.599 rows=45 loops=1)
Gather  (cost=1000.00..340864.41 rows=27 width=403) (actual time=143.927..604.271 rows=78 loops=1)
Gather Merge  (cost=340862.31..340868.15 rows=50 width=131) (actual time=617.675..622.357 rows=36 loops=1)
Gather Merge  (cost=340862.31..340868.15 rows=50 width=131) (actual time=633.729..638.636 rows=98 loops=1)
Gather  (cost=1000.00..340864.31 rows=26 width=21) (actual time=540.932..591.586 rows=74 loops=1)
Gather  (cost=1000.00..340864.41 rows=27 width=21) (actual time=48.270..608.977 rows=118 loops=1)
Gather  (cost=1000.00..340864.41 rows=27 width=21) (actual time=259.100..617.747 rows=84 loops=1)
Gather Merge  (cost=340863.99..340881.03 rows=146 width=131) (actual time=618.922..623.422 rows=84 loops=1)
Gather  (cost=1000.00..340869.51 rows=78 width=140) (actual time=394.226..620.047 rows=30 loops=1)
Gather  (cost=1000.00..340864.31 rows=26 width=21) (actual time=343.318..588.380 rows=63 loops=1)
Gather  (cost=1000.00..340864.51 rows=28 width=21) (actual time=87.161..613.136 rows=66 loops=1)
Gather Merge  (cost=340862.28..340867.88 rows=48 width=131) (actual time=617.423..622.089 rows=44 loops=1)
Gather Merge  (cost=340862.28..340867.88 rows=48 width=131) (actual time=629.503..633.934 rows=40 loops=1)
Gather  (cost=1000.00..340864.31 rows=26 width=140) (actual time=546.318..608.042 rows=39 loops=1)
Gather  (cost=1000.00..340864.31 rows=26 width=21) (actual time=458.973..588.659 rows=44 loops=1)
Gather  (cost=1000.00..340864.31 rows=26 width=21) (actual time=482.392..640.964 rows=40 loops=1)
Gather  (cost=1000.00..340923.41 rows=617 width=21) (actual time=120.213..603.103 rows=826 loops=1)
Gather  (cost=1000.00..340864.31 rows=26 width=21) (actual time=422.686..626.008 rows=80 loops=1)
Gather Merge  (cost=340862.28..340867.88 rows=48 width=131) (actual time=610.446..615.003 rows=28 loops=1)
Gather Merge  (cost=340862.31..340868.15 rows=50 width=131) (actual time=637.558..642.203 rows=246 loops=1)
Gather Merge  (cost=340862.31..340868.15 rows=50 width=131) (actual time=616.086..620.708 rows=56 loops=1)
Gather  (cost=1000.00..340864.41 rows=27 width=21) (actual time=188.803..619.111 rows=50 loops=1)
Gather Merge  (cost=340862.28..340867.88 rows=48 width=131) (actual time=627.356..632.028 rows=45 loops=1)
Gather  (cost=1000.00..340864.41 rows=27 width=140) (actual time=256.195..600.382 rows=16 loops=1)
Gather  (cost=1000.00..340870.41 rows=87 width=21) (actual time=357.954..620.642 rows=38 loops=1)
Gather  (cost=1000.00..340877.61 rows=159 width=21) (actual time=49.999..620.449 rows=144 loops=1)
Gather Merge  (cost=340862.28..340867.88 rows=48 width=131) (actual time=622.582..627.148 rows=56 loops=1)
Gather  (cost=1000.00..340864.31 rows=26 width=21) (actual time=433.597..613.111 rows=153 loops=1)
Gather  (cost=1000.00..340869.01 rows=73 width=21) (actual time=297.550..590.976 rows=195 loops=1)
Gather Merge  (cost=340862.28..340867.88 rows=48 width=131) (actual time=649.855..654.435 rows=50 loops=1)
Gather  (cost=1000.00..340868.51 rows=68 width=21) (actual time=114.076..613.270 rows=108 loops=1)
Gather  (cost=1000.00..340878.01 rows=163 width=140) (actual time=352.718..626.898 rows=162 loops=1)
Gather Merge  (cost=340862.28..340867.88 rows=48 width=131) (actual time=603.327..608.808 rows=112 loops=1)
Gather  (cost=1000.00..340878.01 rows=163 width=403) (actual time=498.878..614.657 rows=112 loops=1)
Gather Merge  (cost=340862.28..340867.88 rows=48 width=131) (actual time=615.727..620.670 rows=22 loops=1)
Gather Merge  (cost=340862.28..340867.88 rows=48 width=131) (actual time=622.855..627.553 rows=30 loops=1)
Gather  (cost=1000.00..340869.31 rows=76 width=21) (actual time=453.034..625.413 rows=104 loops=1)
Gather  (cost=1000.00..340864.41 rows=27 width=21) (actual time=264.958..596.260 rows=54 loops=1)
Gather  (cost=1000.00..340864.41 rows=27 width=21) (actual time=9.790..608.777 rows=76 loops=1)
Gather  (cost=1000.00..340864.31 rows=26 width=21) (actual time=361.739..621.655 rows=74 loops=1)
Gather Merge  (cost=340862.31..340868.15 rows=50 width=131) (actual time=625.281..629.692 rows=30 loops=1)
Gather  (cost=1000.00..340864.41 rows=27 width=140) (actual time=514.588..611.720 rows=24 loops=1)
Gather  (cost=1000.00..340864.41 rows=27 width=21) (actual time=249.625..608.511 rows=99 loops=1)
Gather  (cost=1000.00..340864.41 rows=27 width=21) (actual time=10.470..618.971 rows=52 loops=1)
Gather  (cost=1000.00..340864.41 rows=27 width=21) (actual time=544.404..638.609 rows=38 loops=1)
Gather Merge  (cost=340862.28..340867.88 rows=48 width=131) (actual time=622.109..631.056 rows=82 loops=1)
Gather Merge  (cost=340862.31..340868.15 rows=50 width=131) (actual time=619.026..623.538 rows=170 loops=1)
Gather  (cost=1000.00..340876.01 rows=143 width=21) (actual time=314.746..591.493 rows=420 loops=1)
Gather  (cost=1000.00..340864.41 rows=27 width=21) (actual time=168.385..626.121 rows=50 loops=1)
Gather  (cost=1000.00..340864.41 rows=27 width=21) (actual time=177.403..599.983 rows=105 loops=1)
Gather Merge  (cost=340870.90..340925.27 rows=466 width=131) (actual time=642.531..647.163 rows=743 loops=1)
Gather  (cost=1000.00..340870.61 rows=89 width=403) (actual time=233.696..588.351 rows=99 loops=1)
Gather  (cost=1000.00..340864.31 rows=26 width=21) (actual time=465.497..636.851 rows=42 loops=1)
Gather Merge  (cost=340862.28..340867.88 rows=48 width=131) (actual time=597.828..602.184 rows=82 loops=1)
Gather  (cost=1000.00..340864.41 rows=27 width=140) (actual time=309.871..644.660 rows=26 loops=1)
Gather  (cost=1000.00..340868.51 rows=68 width=140) (actual time=104.581..609.041 rows=68 loops=1)
Gather Merge  (cost=340862.28..340867.88 rows=48 width=131) (actual time=622.540..627.108 rows=49 loops=1)
Gather  (cost=1000.00..340864.41 rows=27 width=21) (actual time=182.293..589.546 rows=44 loops=1)
Gather Merge  (cost=340862.28..340867.88 rows=48 width=131) (actual time=646.517..651.009 rows=56 loops=1)
Gather  (cost=1000.00..340868.11 rows=64 width=403) (actual time=451.356..620.077 rows=56 loops=1)
Gather  (cost=1000.00..340868.41 rows=67 width=21) (actual time=450.183..612.999 rows=70 loops=1)
Gather  (cost=1000.00..340877.71 rows=160 width=21) (actual time=112.032..587.903 rows=148 loops=1)
Gather  (cost=1000.00..340864.41 rows=27 width=21) (actual time=244.884..609.228 rows=46 loops=1)
Gather  (cost=1000.00..340876.71 rows=150 width=140) (actual time=379.339..601.544 rows=288 loops=1)
Gather  (cost=1000.00..340864.41 rows=27 width=21) (actual time=303.868..620.340 rows=93 loops=1)
Gather  (cost=1000.00..340864.31 rows=26 width=21) (actual time=415.345..622.226 rows=46 loops=1)
Gather  (cost=1000.00..340864.51 rows=28 width=140) (actual time=78.738..592.541 rows=60 loops=1)
Gather  (cost=1000.00..340864.51 rows=28 width=21) (actual time=76.379..611.776 rows=32 loops=1)
Gather Merge  (cost=340862.28..340867.88 rows=48 width=131) (actual time=644.440..649.193 rows=85 loops=1)
Gather  (cost=1000.00..340864.31 rows=26 width=21) (actual time=355.774..613.934 rows=100 loops=1)
Gather  (cost=1000.00..340864.41 rows=27 width=21) (actual time=23.983..608.567 rows=63 loops=1)
Gather Merge  (cost=340862.31..340868.15 rows=50 width=131) (actual time=599.568..603.919 rows=54 loops=1)
Gather  (cost=1000.00..340864.41 rows=27 width=21) (actual time=179.240..608.986 rows=48 loops=1)
Gather  (cost=1000.00..340864.41 rows=27 width=21) (actual time=171.077..628.625 rows=54 loops=1)
Gather  (cost=1000.00..340864.31 rows=26 width=21) (actual time=524.320..610.331 rows=44 loops=1)
Gather  (cost=1000.00..340875.91 rows=142 width=21) (actual time=88.788..610.949 rows=110 loops=1)
Gather  (cost=1000.00..340875.51 rows=138 width=21) (actual time=408.770..591.681 rows=165 loops=1)
Gather  (cost=1000.00..340870.11 rows=84 width=21) (actual time=50.619..624.717 rows=104 loops=1)
Gather Merge  (cost=340862.28..340867.88 rows=48 width=131) (actual time=613.397..617.906 rows=33 loops=1)
Gather  (cost=1000.00..340864.31 rows=26 width=21) (actual time=552.622..614.284 rows=36 loops=1)
Gather  (cost=1000.00..340864.41 rows=27 width=21) (actual time=140.175..606.187 rows=60 loops=1)
Gather  (cost=1000.00..340864.51 rows=28 width=21) (actual time=81.053..593.912 rows=52 loops=1)
Gather  (cost=1000.00..340925.11 rows=634 width=21) (actual time=389.196..637.930 rows=450 loops=1)
Gather Merge  (cost=340862.31..340868.15 rows=50 width=131) (actual time=647.144..651.978 rows=110 loops=1)
Gather  (cost=1000.00..340870.81 rows=91 width=403) (actual time=218.195..611.479 rows=110 loops=1)
Gather Merge  (cost=340862.28..340867.88 rows=48 width=131) (actual time=617.503..621.867 rows=39 loops=1)
Gather Merge  (cost=340862.28..340867.88 rows=48 width=131) (actual time=600.066..604.761 rows=30 loops=1)
Gather  (cost=1000.00..340864.31 rows=26 width=21) (actual time=485.838..643.978 rows=75 loops=1)
Gather Merge  (cost=340862.28..340867.88 rows=48 width=131) (actual time=613.768..618.693 rows=22 loops=1)
Gather  (cost=1000.00..340864.41 rows=27 width=140) (actual time=235.384..619.750 rows=30 loops=1)
Gather  (cost=1000.00..340868.71 rows=70 width=21) (actual time=283.186..590.161 rows=78 loops=1)
Gather Merge  (cost=340862.28..340867.88 rows=48 width=131) (actual time=629.114..633.777 rows=195 loops=1)
Gather  (cost=1000.00..340864.31 rows=26 width=403) (actual time=410.327..605.369 rows=45 loops=1)
Gather  (cost=1000.00..340864.41 rows=27 width=140) (actual time=199.254..621.780 rows=22 loops=1)
Gather  (cost=1000.00..340864.41 rows=27 width=21) (actual time=38.522..617.681 rows=54 loops=1)
Gather Merge  (cost=340862.28..340867.88 rows=48 width=131) (actual time=601.125..605.704 rows=56 loops=1)
Gather  (cost=1000.00..340864.31 rows=26 width=21) (actual time=413.284..594.698 rows=42 loops=1)
Gather  (cost=1000.00..340864.41 rows=27 width=21) (actual time=48.644..629.318 rows=44 loops=1)
Gather  (cost=1000.00..340864.31 rows=26 width=21) (actual time=411.611..614.134 rows=50 loops=1)
Gather  (cost=1000.00..340864.51 rows=28 width=21) (actual time=98.088..609.389 rows=38 loops=1)
Gather Merge  (cost=340862.28..340867.88 rows=48 width=131) (actual time=599.901..604.538 rows=92 loops=1)
Gather  (cost=1000.00..340878.91 rows=172 width=21) (actual time=551.426..612.896 rows=116 loops=1)
Gather Merge  (cost=340862.28..340867.88 rows=48 width=131) (actual time=618.622..623.567 rows=108 loops=1)
Gather  (cost=1000.00..340864.41 rows=27 width=21) (actual time=5.774..612.617 rows=56 loops=1)
Gather  (cost=1000.00..340864.31 rows=26 width=21) (actual time=479.559..621.181 rows=81 loops=1)
Gather Merge  (cost=340862.28..340867.88 rows=48 width=131) (actual time=598.791..603.210 rows=186 loops=1)
Gather  (cost=1000.00..340864.41 rows=27 width=21) (actual time=242.076..612.611 rows=72 loops=1)
Gather Merge  (cost=340862.28..340867.88 rows=48 width=131) (actual time=624.519..628.989 rows=163 loops=1)
Gather  (cost=1000.00..340873.51 rows=118 width=21) (actual time=86.514..615.328 rows=36 loops=1)
Gather  (cost=1000.00..340864.41 rows=27 width=21) (actual time=174.915..605.813 rows=44 loops=1)
Gather  (cost=1000.00..340864.31 rows=26 width=140) (actual time=303.670..591.646 rows=18 loops=1)
Gather  (cost=1000.00..340864.41 rows=27 width=21) (actual time=52.570..613.027 rows=58 loops=1)
Gather  (cost=1000.00..340864.51 rows=28 width=21) (actual time=85.006..616.100 rows=100 loops=1)
Gather  (cost=1000.00..340877.41 rows=157 width=140) (actual time=287.963..623.792 rows=196 loops=1)
Gather  (cost=1000.00..340876.41 rows=147 width=21) (actual time=63.075..607.899 rows=135 loops=1)
Gather  (cost=1000.00..340864.31 rows=26 width=21) (actual time=313.454..591.537 rows=58 loops=1)
Gather  (cost=1000.00..340864.41 rows=27 width=21) (actual time=113.588..627.812 rows=60 loops=1)
Gather Merge  (cost=340862.31..340868.15 rows=50 width=131) (actual time=608.371..612.864 rows=138 loops=1)
Gather  (cost=1000.00..340922.31 rows=606 width=140) (actual time=358.198..632.939 rows=672 loops=1)
Gather Merge  (cost=340862.31..340868.15 rows=50 width=131) (actual time=599.819..604.397 rows=27 loops=1)
Gather  (cost=1000.00..340864.41 rows=27 width=21) (actual time=64.524..611.702 rows=56 loops=1)
Gather  (cost=1000.00..340867.71 rows=60 width=21) (actual time=538.787..612.232 rows=30 loops=1)
Gather  (cost=1000.00..340864.31 rows=26 width=21) (actual time=443.804..606.762 rows=80 loops=1)
Gather  (cost=1000.00..340877.91 rows=162 width=21) (actual time=209.907..602.303 rows=225 loops=1)
Gather Merge  (cost=340862.31..340868.15 rows=50 width=131) (actual time=618.826..623.381 rows=180 loops=1)
Gather  (cost=1000.00..340864.41 rows=27 width=140) (actual time=365.828..589.794 rows=42 loops=1)
Gather  (cost=1000.00..340869.41 rows=77 width=140) (actual time=79.100..634.644 rows=72 loops=1)
Gather  (cost=1000.00..340864.31 rows=26 width=21) (actual time=571.488..609.470 rows=48 loops=1)
Gather  (cost=1000.00..340864.41 rows=27 width=21) (actual time=166.414..611.498 rows=46 loops=1)
Gather  (cost=1000.00..340864.31 rows=26 width=21) (actual time=548.501..589.679 rows=81 loops=1)
Gather Merge  (cost=340870.66..340923.87 rows=456 width=131) (actual time=643.019..647.617 rows=374 loops=1)
Gather  (cost=1000.00..340883.31 rows=216 width=140) (actual time=59.990..605.310 rows=180 loops=1)
Gather  (cost=1000.00..340883.31 rows=216 width=403) (actual time=71.205..621.186 rows=180 loops=1)
Gather  (cost=1000.00..340870.31 rows=86 width=140) (actual time=526.593..588.789 rows=100 loops=1)
Gather Merge  (cost=340869.56..340917.16 rows=408 width=131) (actual time=618.375..622.910 rows=247 loops=1)
Gather  (cost=1000.00..340923.11 rows=614 width=21) (actual time=442.867..609.437 rows=666 loops=1)
Gather Merge  (cost=340862.28..340867.88 rows=48 width=131) (actual time=624.726..633.542 rows=153 loops=1)
Gather  (cost=1000.00..340864.41 rows=27 width=21) (actual time=193.689..613.463 rows=102 loops=1)
Gather Merge  (cost=340862.28..340867.88 rows=48 width=131) (actual time=600.751..605.279 rows=74 loops=1)
Gather  (cost=1000.00..340864.41 rows=27 width=21) (actual time=600.260..620.331 rows=80 loops=1)
Gather Merge  (cost=340862.28..340867.88 rows=48 width=131) (actual time=615.265..619.717 rows=28 loops=1)
Gather  (cost=1000.00..340864.31 rows=26 width=21) (actual time=449.963..624.226 rows=34 loops=1)
Gather Merge  (cost=340862.28..340867.88 rows=48 width=131) (actual time=619.249..623.667 rows=52 loops=1)
Gather  (cost=1000.00..340864.41 rows=27 width=21) (actual time=172.685..609.733 rows=52 loops=1)
Gather  (cost=1000.00..340864.31 rows=26 width=21) (actual time=326.488..589.422 rows=74 loops=1)
Gather  (cost=1000.00..340864.41 rows=27 width=21) (actual time=190.662..619.124 rows=80 loops=1)
Gather  (cost=1000.00..340923.31 rows=616 width=21) (actual time=530.088..622.708 rows=990 loops=1)
Gather  (cost=1000.00..340864.41 rows=27 width=21) (actual time=176.807..612.323 rows=50 loops=1)
Gather  (cost=1000.00..340864.31 rows=26 width=140) (actual time=468.470..589.576 rows=24 loops=1)
Gather Merge  (cost=340862.28..340867.88 rows=48 width=131) (actual time=661.615..666.468 rows=175 loops=1)
Gather  (cost=1000.00..340864.31 rows=26 width=21) (actual time=447.217..604.287 rows=52 loops=1)
Gather  (cost=1000.00..340880.01 rows=183 width=21) (actual time=314.783..633.873 rows=186 loops=1)
Gather  (cost=1000.00..340864.31 rows=26 width=140) (actual time=316.941..591.677 rows=45 loops=1)
Gather  (cost=1000.00..340864.31 rows=26 width=21) (actual time=584.161..612.337 rows=56 loops=1)
Gather Merge  (cost=340862.31..340868.15 rows=50 width=131) (actual time=615.337..619.971 rows=112 loops=1)
Gather  (cost=1000.00..340878.61 rows=169 width=21) (actual time=125.866..627.446 rows=141 loops=1)
Gather Merge  (cost=340862.31..340868.15 rows=50 width=131) (actual time=632.364..636.932 rows=70 loops=1)
Gather Merge  (cost=340862.28..340867.88 rows=48 width=131) (actual time=600.342..605.072 rows=125 loops=1)
Gather  (cost=1000.00..340876.71 rows=150 width=140) (actual time=140.774..607.003 rows=84 loops=1)
Gather Merge  (cost=340865.38..340890.58 rows=216 width=131) (actual time=637.862..642.477 rows=119 loops=1)
Gather Merge  (cost=340862.31..340868.15 rows=50 width=131) (actual time=613.512..618.130 rows=135 loops=1)
Gather Merge  (cost=340862.28..340867.88 rows=48 width=131) (actual time=639.279..643.972 rows=276 loops=1)
Gather  (cost=1000.00..340864.31 rows=26 width=403) (actual time=345.467..586.307 rows=33 loops=1)
Gather Merge  (cost=340862.31..340868.15 rows=50 width=131) (actual time=625.016..629.567 rows=198 loops=1)
Gather  (cost=1000.00..340864.31 rows=26 width=140) (actual time=355.388..608.639 rows=39 loops=1)
Gather  (cost=1000.00..340868.61 rows=69 width=21) (actual time=164.747..628.290 rows=54 loops=1)
Gather  (cost=1000.00..340864.31 rows=26 width=21) (actual time=414.589..605.279 rows=46 loops=1)
Gather  (cost=1000.00..340870.11 rows=84 width=21) (actual time=430.324..594.367 rows=92 loops=1)
Gather  (cost=1000.00..340864.41 rows=27 width=21) (actual time=60.634..615.211 rows=52 loops=1)
Gather Merge  (cost=340862.28..340867.88 rows=48 width=131) (actual time=640.436..644.864 rows=194 loops=1)
Gather  (cost=1000.00..340864.31 rows=26 width=21) (actual time=415.445..606.904 rows=48 loops=1)
Gather Merge  (cost=340864.15..340882.11 rows=154 width=131) (actual time=625.365..629.806 rows=156 loops=1)
Gather Merge  (cost=340862.31..340868.15 rows=50 width=131) (actual time=597.272..601.764 rows=48 loops=1)
Gather  (cost=1000.00..340868.21 rows=65 width=21) (actual time=280.528..632.827 rows=42 loops=1)
Gather  (cost=1000.00..340864.41 rows=27 width=21) (actual time=490.566..598.425 rows=69 loops=1)
Gather  (cost=1000.00..340864.41 rows=27 width=21) (actual time=318.109..641.631 rows=75 loops=1)
Gather Merge  (cost=340862.31..340868.15 rows=50 width=131) (actual time=598.900..603.286 rows=60 loops=1)
Gather  (cost=1000.00..340864.41 rows=27 width=403) (actual time=369.077..623.787 rows=60 loops=1)
Gather  (cost=1000.00..340921.31 rows=596 width=21) (actual time=302.877..590.034 rows=415 loops=1)
Gather Merge  (cost=340862.31..340868.15 rows=50 width=131) (actual time=653.719..658.218 rows=48 loops=1)
Gather  (cost=1000.00..340864.41 rows=27 width=21) (actual time=274.936..605.994 rows=58 loops=1)
Gather  (cost=1000.00..340864.31 rows=26 width=21) (actual time=488.740..620.316 rows=48 loops=1)
Gather  (cost=1000.00..340898.71 rows=370 width=140) (actual time=256.649..586.991 rows=516 loops=1)
Gather  (cost=1000.00..340872.71 rows=110 width=21) (actual time=439.710..627.889 rows=96 loops=1)
Gather  (cost=1000.00..340864.41 rows=27 width=140) (actual time=44.625..604.282 rows=28 loops=1)
Gather  (cost=1000.00..340864.41 rows=27 width=140) (actual time=131.884..640.695 rows=30 loops=1)
Gather  (cost=1000.00..340864.41 rows=27 width=140) (actual time=221.932..604.384 rows=112 loops=1)
Gather  (cost=1000.00..340864.41 rows=27 width=140) (actual time=166.569..610.196 rows=27 loops=1)
Gather  (cost=1000.00..340864.41 rows=27 width=21) (actual time=40.696..621.991 rows=38 loops=1)
Gather Merge  (cost=340864.07..340881.57 rows=150 width=131) (actual time=638.851..643.549 rows=165 loops=1)
Gather  (cost=1000.00..340878.01 rows=163 width=21) (actual time=269.679..625.980 rows=387 loops=1)
Gather Merge  (cost=340864.11..340881.84 rows=152 width=131) (actual time=600.136..604.557 rows=358 loops=1)
Gather Merge  (cost=340862.28..340867.88 rows=48 width=131) (actual time=614.170..618.938 rows=210 loops=1)
Gather Merge  (cost=340862.28..340867.88 rows=48 width=131) (actual time=629.201..633.670 rows=54 loops=1)
Gather Merge  (cost=340864.22..340882.66 rows=158 width=131) (actual time=624.038..628.464 rows=210 loops=1)
Gather Merge  (cost=340862.28..340867.88 rows=48 width=131) (actual time=613.021..617.443 rows=96 loops=1)
Gather  (cost=1000.00..340864.31 rows=26 width=21) (actual time=468.958..591.628 rows=58 loops=1)
Gather  (cost=1000.00..340864.31 rows=26 width=140) (actual time=434.267..606.911 rows=75 loops=1)
Gather Merge  (cost=340864.34..340883.48 rows=164 width=131) (actual time=636.422..641.843 rows=242 loops=1)
Gather  (cost=1000.00..340864.41 rows=27 width=21) (actual time=167.592..617.322 rows=70 loops=1)
Gather  (cost=1000.00..340864.41 rows=27 width=21) (actual time=295.944..621.108 rows=52 loops=1)
Gather Merge  (cost=340862.28..340867.88 rows=48 width=131) (actual time=599.161..603.806 rows=45 loops=1)
Gather  (cost=1000.00..340864.31 rows=26 width=403) (actual time=492.151..633.877 rows=45 loops=1)
Gather Merge  (cost=340862.28..340867.88 rows=48 width=131) (actual time=609.544..614.147 rows=105 loops=1)
Gather  (cost=1000.00..340864.31 rows=26 width=140) (actual time=420.978..631.215 rows=39 loops=1)
Gather Merge  (cost=340862.28..340867.88 rows=48 width=131) (actual time=599.406..603.901 rows=42 loops=1)
Gather  (cost=1000.00..340864.31 rows=26 width=140) (actual time=395.375..607.469 rows=45 loops=1)
Gather  (cost=1000.00..340864.31 rows=26 width=140) (actual time=337.216..588.985 rows=40 loops=1)
Gather Merge  (cost=340862.28..340867.88 rows=48 width=131) (actual time=627.643..650.757 rows=49 loops=1)
Gather Merge  (cost=340862.31..340868.15 rows=50 width=131) (actual time=643.298..647.724 rows=69 loops=1)
Gather  (cost=1000.00..340864.31 rows=26 width=21) (actual time=354.331..614.385 rows=56 loops=1)
Gather  (cost=1000.00..340864.41 rows=27 width=21) (actual time=181.252..588.513 rows=46 loops=1)
Gather  (cost=1000.00..340864.41 rows=27 width=21) (actual time=30.394..624.009 rows=38 loops=1)
Gather  (cost=1000.00..340864.31 rows=26 width=140) (actual time=545.779..605.132 rows=36 loops=1)
Gather  (cost=1000.00..340923.31 rows=616 width=21) (actual time=543.485..653.071 rows=990 loops=1)
Gather Merge  (cost=340862.31..340868.15 rows=50 width=131) (actual time=599.409..603.855 rows=84 loops=1)
Gather Merge  (cost=340862.31..340868.15 rows=50 width=131) (actual time=622.088..626.732 rows=48 loops=1)
Gather  (cost=1000.00..340868.11 rows=64 width=403) (actual time=286.695..600.911 rows=48 loops=1)
Gather Merge  (cost=340862.28..340867.88 rows=48 width=131) (actual time=641.831..646.296 rows=78 loops=1)
Gather  (cost=1000.00..340868.71 rows=70 width=21) (actual time=368.252..619.198 rows=38 loops=1)
Gather Merge  (cost=340862.28..340867.88 rows=48 width=131) (actual time=602.283..606.877 rows=45 loops=1)
Gather Merge  (cost=340862.28..340867.88 rows=48 width=131) (actual time=613.499..621.433 rows=72 loops=1)
Gather  (cost=1000.00..340869.31 rows=76 width=21) (actual time=319.574..611.780 rows=156 loops=1)
Gather  (cost=1000.00..340875.81 rows=141 width=21) (actual time=424.924..616.311 rows=306 loops=1)
Gather  (cost=1000.00..340864.41 rows=27 width=21) (actual time=52.901..620.996 rows=94 loops=1)
Gather  (cost=1000.00..340875.11 rows=134 width=21) (actual time=335.253..591.140 rows=80 loops=1)
Gather  (cost=1000.00..340868.11 rows=64 width=21) (actual time=465.707..612.958 rows=48 loops=1)
Gather  (cost=1000.00..340869.11 rows=74 width=21) (actual time=105.123..620.926 rows=220 loops=1)
Gather  (cost=1000.00..340871.51 rows=98 width=140) (actual time=503.511..608.844 rows=198 loops=1)
Gather  (cost=1000.00..340879.71 rows=180 width=21) (actual time=394.471..626.248 rows=82 loops=1)
Gather  (cost=1000.00..340924.21 rows=625 width=21) (actual time=262.979..590.141 rows=896 loops=1)
Gather  (cost=1000.00..340868.31 rows=66 width=21) (actual time=372.470..628.627 rows=78 loops=1)
Gather  (cost=1000.00..340868.71 rows=70 width=140) (actual time=464.858..602.540 rows=66 loops=1)
Gather  (cost=1000.00..340864.31 rows=26 width=140) (actual time=331.340..620.712 rows=30 loops=1)
Gather Merge  (cost=340862.28..340867.88 rows=48 width=131) (actual time=593.485..597.917 rows=75 loops=1)
Gather Merge  (cost=340862.28..340867.88 rows=48 width=131) (actual time=613.171..617.870 rows=90 loops=1)
Gather  (cost=1000.00..340864.31 rows=26 width=21) (actual time=430.233..611.100 rows=153 loops=1)
Gather  (cost=1000.00..340864.41 rows=27 width=140) (actual time=175.535..619.724 rows=33 loops=1)
Gather  (cost=1000.00..340864.41 rows=27 width=21) (actual time=288.282..606.597 rows=114 loops=1)
Gather  (cost=1000.00..340875.21 rows=135 width=21) (actual time=466.695..588.749 rows=106 loops=1)
Gather  (cost=1000.00..340864.41 rows=27 width=140) (actual time=264.722..611.048 rows=72 loops=1)
Gather  (cost=1000.00..340868.61 rows=69 width=140) (actual time=170.109..613.873 rows=92 loops=1)
Gather Merge  (cost=340862.28..340867.88 rows=48 width=131) (actual time=631.267..635.761 rows=67 loops=1)
Gather  (cost=1000.00..340868.51 rows=68 width=21) (actual time=600.286..621.331 rows=50 loops=1)
Gather Merge  (cost=340862.31..340868.15 rows=50 width=131) (actual time=599.901..604.525 rows=44 loops=1)
Gather  (cost=1000.00..340864.41 rows=27 width=21) (actual time=334.433..634.532 rows=50 loops=1)
Gather  (cost=1000.00..340864.41 rows=27 width=21) (actual time=598.014..612.342 rows=44 loops=1)
Gather  (cost=1000.00..340868.51 rows=68 width=140) (actual time=120.498..611.459 rows=84 loops=1)
Gather  (cost=1000.00..340868.71 rows=70 width=21) (actual time=460.448..587.000 rows=108 loops=1)
Gather Merge  (cost=340870.43..340922.47 rows=446 width=131) (actual time=625.691..630.286 rows=634 loops=1)
Gather  (cost=1000.00..340864.41 rows=27 width=21) (actual time=120.499..601.496 rows=72 loops=1)
Gather Merge  (cost=340862.28..340867.88 rows=48 width=131) (actual time=623.147..627.755 rows=95 loops=1)
Gather Merge  (cost=340862.31..340868.15 rows=50 width=131) (actual time=632.490..637.181 rows=78 loops=1)
Gather  (cost=1000.00..340864.31 rows=26 width=21) (actual time=393.082..593.427 rows=66 loops=1)
Gather  (cost=1000.00..340864.41 rows=27 width=21) (actual time=159.671..593.296 rows=108 loops=1)
Gather Merge  (cost=340862.28..340867.88 rows=48 width=131) (actual time=660.198..664.646 rows=30 loops=1)
Gather  (cost=1000.00..340877.21 rows=155 width=21) (actual time=574.426..608.361 rows=100 loops=1)
Gather Merge  (cost=340862.28..340867.88 rows=48 width=131) (actual time=626.825..631.359 rows=39 loops=1)
Gather  (cost=1000.00..340864.41 rows=27 width=21) (actual time=117.731..587.326 rows=120 loops=1)
Gather Merge  (cost=340864.07..340881.57 rows=150 width=131) (actual time=626.357..630.902 rows=180 loops=1)
Gather  (cost=1000.00..340864.31 rows=26 width=21) (actual time=454.824..603.368 rows=74 loops=1)
Gather  (cost=1000.00..340872.91 rows=112 width=21) (actual time=586.790..621.827 rows=180 loops=1)
Gather  (cost=1000.00..340864.51 rows=28 width=21) (actual time=84.738..620.467 rows=102 loops=1)
Gather  (cost=1000.00..340864.31 rows=26 width=21) (actual time=435.332..591.731 rows=58 loops=1)
Gather Merge  (cost=340862.31..340868.15 rows=50 width=131) (actual time=620.049..624.643 rows=18 loops=1)
Gather  (cost=1000.00..340864.41 rows=27 width=21) (actual time=330.175..630.122 rows=42 loops=1)
Gather  (cost=1000.00..340864.41 rows=27 width=140) (actual time=113.331..613.422 rows=51 loops=1)
Gather Merge  (cost=340862.31..340868.15 rows=50 width=131) (actual time=618.095..622.609 rows=86 loops=1)
Gather Merge  (cost=340862.28..340867.88 rows=48 width=131) (actual time=598.949..603.462 rows=52 loops=1)
Gather  (cost=1000.00..340864.31 rows=26 width=21) (actual time=433.945..614.811 rows=24 loops=1)
Gather  (cost=1000.00..340868.61 rows=69 width=21) (actual time=146.156..609.131 rows=66 loops=1)
Gather  (cost=1000.00..340864.31 rows=26 width=21) (actual time=600.250..643.453 rows=60 loops=1)
Gather  (cost=1000.00..340864.41 rows=27 width=21) (actual time=121.898..604.131 rows=114 loops=1)
Gather  (cost=1000.00..340864.31 rows=26 width=140) (actual time=338.279..591.448 rows=45 loops=1)
Gather  (cost=1000.00..340864.31 rows=26 width=140) (actual time=355.924..611.583 rows=15 loops=1)
Gather  (cost=1000.00..340864.31 rows=26 width=403) (actual time=374.861..635.029 rows=15 loops=1)
Gather  (cost=1000.00..340864.41 rows=27 width=140) (actual time=127.904..615.603 rows=36 loops=1)
Gather Merge  (cost=340862.28..340867.88 rows=48 width=131) (actual time=615.941..620.358 rows=179 loops=1)
Gather  (cost=1000.00..340864.31 rows=26 width=21) (actual time=517.238..590.914 rows=51 loops=1)
Gather Merge  (cost=340862.31..340868.15 rows=50 width=131) (actual time=637.183..641.587 rows=84 loops=1)
Gather  (cost=1000.00..340864.41 rows=27 width=140) (actual time=217.407..604.606 rows=80 loops=1)
Gather  (cost=1000.00..340876.61 rows=149 width=140) (actual time=83.152..642.144 rows=184 loops=1)
Gather  (cost=1000.00..340864.31 rows=26 width=21) (actual time=403.274..596.567 rows=136 loops=1)
Gather Merge  (cost=340862.28..340867.88 rows=48 width=131) (actual time=603.146..607.749 rows=162 loops=1)
Gather  (cost=1000.00..340864.41 rows=27 width=140) (actual time=217.644..620.778 rows=84 loops=1)
Gather  (cost=1000.00..340922.61 rows=609 width=140) (actual time=473.662..618.154 rows=815 loops=1)
Gather  (cost=1000.00..340922.61 rows=609 width=403) (actual time=470.742..632.889 rows=815 loops=1)
Gather Merge  (cost=340862.31..340868.15 rows=50 width=131) (actual time=601.437..605.901 rows=42 loops=1)
Gather  (cost=1000.00..340864.41 rows=27 width=140) (actual time=192.136..604.045 rows=36 loops=1)
Gather  (cost=1000.00..340864.41 rows=27 width=21) (actual time=270.329..602.267 rows=48 loops=1)
Gather Merge  (cost=340862.28..340867.88 rows=48 width=131) (actual time=624.097..629.089 rows=186 loops=1)
Gather  (cost=1000.00..340864.31 rows=26 width=140) (actual time=410.476..626.640 rows=26 loops=1)
Gather  (cost=1000.00..340864.31 rows=26 width=403) (actual time=391.616..588.364 rows=26 loops=1)
Gather  (cost=1000.00..340877.71 rows=160 width=140) (actual time=601.760..614.543 rows=184 loops=1)
Gather  (cost=1000.00..340876.31 rows=146 width=21) (actual time=289.883..609.800 rows=92 loops=1)
Gather  (cost=1000.00..340872.71 rows=110 width=21) (actual time=413.852..643.135 rows=120 loops=1)
Gather Merge  (cost=340862.31..340868.15 rows=50 width=131) (actual time=616.821..621.310 rows=48 loops=1)
Gather  (cost=1000.00..340864.31 rows=26 width=21) (actual time=338.494..594.283 rows=40 loops=1)
Gather  (cost=1000.00..340922.21 rows=605 width=21) (actual time=447.259..611.049 rows=332 loops=1)
Gather  (cost=1000.00..340873.21 rows=115 width=21) (actual time=182.241..612.093 rows=132 loops=1)
Gather Merge  (cost=340862.28..340867.88 rows=48 width=131) (actual time=635.141..639.786 rows=190 loops=1)
Gather  (cost=1000.00..340872.61 rows=109 width=21) (actual time=543.178..603.052 rows=220 loops=1)
Gather  (cost=1000.00..340864.41 rows=27 width=21) (actual time=3.546..591.539 rows=50 loops=1)
Gather Merge  (cost=340862.28..340867.88 rows=48 width=131) (actual time=615.987..620.616 rows=170 loops=1)
Gather  (cost=1000.00..340864.31 rows=26 width=21) (actual time=362.184..616.524 rows=52 loops=1)
Gather  (cost=1000.00..340875.81 rows=141 width=140) (actual time=51.647..610.425 rows=183 loops=1)
Gather Merge  (cost=340862.28..340867.88 rows=48 width=131) (actual time=612.598..617.045 rows=86 loops=1)
Gather Merge  (cost=340862.31..340868.15 rows=50 width=131) (actual time=599.638..604.004 rows=42 loops=1)
Gather  (cost=1000.00..340877.21 rows=155 width=21) (actual time=363.547..638.144 rows=162 loops=1)
Gather  (cost=1000.00..340864.31 rows=26 width=21) (actual time=337.477..627.783 rows=48 loops=1)
Gather  (cost=1000.00..340864.31 rows=26 width=21) (actual time=417.711..605.962 rows=63 loops=1)
Gather Merge  (cost=340862.31..340868.15 rows=50 width=131) (actual time=600.673..605.357 rows=246 loops=1)
Gather  (cost=1000.00..340864.41 rows=27 width=21) (actual time=275.087..621.822 rows=84 loops=1)
Gather Merge  (cost=340864.03..340881.30 rows=148 width=131) (actual time=620.665..625.174 rows=238 loops=1)
Gather  (cost=1000.00..340864.31 rows=26 width=21) (actual time=348.847..633.648 rows=50 loops=1)
Gather  (cost=1000.00..340864.51 rows=28 width=21) (actual time=95.024..589.442 rows=80 loops=1)
Gather Merge  (cost=340862.28..340867.88 rows=48 width=131) (actual time=595.954..603.237 rows=90 loops=1)
Gather  (cost=1000.00..340867.91 rows=62 width=140) (actual time=29.555..625.169 rows=50 loops=1)
Gather  (cost=1000.00..340878.11 rows=164 width=21) (actual time=563.894..612.371 rows=316 loops=1)
Gather Merge  (cost=340864.94..340887.57 rows=194 width=131) (actual time=632.945..637.451 rows=76 loops=1)
Gather  (cost=1000.00..340864.41 rows=27 width=21) (actual time=49.742..605.529 rows=54 loops=1)
Gather  (cost=1000.00..340868.61 rows=69 width=140) (actual time=531.564..619.941 rows=52 loops=1)
Gather  (cost=1000.00..340864.31 rows=26 width=21) (actual time=557.069..605.889 rows=44 loops=1)
Gather  (cost=1000.00..340864.41 rows=27 width=21) (actual time=309.025..610.798 rows=54 loops=1)
Gather  (cost=1000.00..340864.31 rows=26 width=21) (actual time=361.287..610.055 rows=34 loops=1)
Gather  (cost=1000.00..340864.41 rows=27 width=21) (actual time=201.720..588.671 rows=86 loops=1)
Gather  (cost=1000.00..340864.31 rows=26 width=140) (actual time=352.796..633.327 rows=100 loops=1)
Gather  (cost=1000.00..340875.11 rows=134 width=140) (actual time=431.208..604.577 rows=64 loops=1)
Gather Merge  (cost=340862.31..340868.15 rows=50 width=131) (actual time=626.753..631.363 rows=66 loops=1)
Gather  (cost=1000.00..340864.31 rows=26 width=21) (actual time=418.546..589.844 rows=48 loops=1)
Gather  (cost=1000.00..340864.41 rows=27 width=21) (actual time=51.364..612.368 rows=144 loops=1)
Gather  (cost=1000.00..340877.71 rows=160 width=21) (actual time=449.519..612.325 rows=204 loops=1)
Gather  (cost=1000.00..340864.41 rows=27 width=21) (actual time=255.125..628.132 rows=46 loops=1)
Gather Merge  (cost=340862.28..340867.88 rows=48 width=131) (actual time=616.603..621.267 rows=135 loops=1)
Gather  (cost=1000.00..340872.11 rows=104 width=403) (actual time=504.172..590.136 rows=135 loops=1)
Gather  (cost=1000.00..340869.51 rows=78 width=21) (actual time=411.610..633.397 rows=120 loops=1)
Gather  (cost=1000.00..340925.01 rows=633 width=21) (actual time=61.573..607.329 rows=1062 loops=1)
Gather Merge  (cost=340862.31..340868.15 rows=50 width=131) (actual time=648.894..653.438 rows=36 loops=1)
Gather  (cost=1000.00..340864.41 rows=27 width=21) (actual time=579.067..589.833 rows=46 loops=1)
Gather  (cost=1000.00..340864.41 rows=27 width=140) (actual time=166.847..606.334 rows=108 loops=1)
Gather  (cost=1000.00..340864.41 rows=27 width=21) (actual time=147.470..620.698 rows=52 loops=1)
Gather  (cost=1000.00..340864.41 rows=27 width=21) (actual time=509.108..609.212 rows=38 loops=1)
Gather  (cost=1000.00..340864.41 rows=27 width=21) (actual time=246.852..606.318 rows=72 loops=1)
Gather Merge  (cost=340862.31..340868.15 rows=50 width=131) (actual time=601.130..605.703 rows=135 loops=1)
Gather  (cost=1000.00..340864.31 rows=26 width=21) (actual time=360.902..644.171 rows=36 loops=1)
Gather  (cost=1000.00..340864.41 rows=27 width=21) (actual time=299.695..619.521 rows=164 loops=1)
Gather Merge  (cost=340862.31..340868.15 rows=50 width=131) (actual time=634.939..639.517 rows=75 loops=1)
Gather  (cost=1000.00..340879.51 rows=178 width=140) (actual time=228.818..591.242 rows=140 loops=1)
Gather  (cost=1000.00..340864.31 rows=26 width=21) (actual time=575.676..610.395 rows=78 loops=1)
Gather Merge  (cost=340862.31..340868.15 rows=50 width=131) (actual time=622.457..627.184 rows=68 loops=1)
Gather Merge  (cost=340864.26..340882.93 rows=160 width=131) (actual time=632.644..637.002 rows=155 loops=1)
Gather  (cost=1000.00..340864.41 rows=27 width=140) (actual time=181.977..612.310 rows=42 loops=1)
Gather  (cost=1000.00..340878.01 rows=163 width=140) (actual time=109.067..587.787 rows=222 loops=1)
Gather  (cost=1000.00..340864.41 rows=27 width=21) (actual time=188.645..624.815 rows=70 loops=1)
Gather Merge  (cost=340862.31..340868.15 rows=50 width=131) (actual time=609.471..614.007 rows=36 loops=1)
Gather  (cost=1000.00..340864.41 rows=27 width=403) (actual time=181.389..637.632 rows=36 loops=1)
Gather  (cost=1000.00..340864.31 rows=26 width=21) (actual time=447.348..594.074 rows=40 loops=1)
Gather  (cost=1000.00..340864.31 rows=26 width=21) (actual time=550.188..612.952 rows=54 loops=1)
Gather  (cost=1000.00..340883.01 rows=213 width=21) (actual time=617.230..633.304 rows=207 loops=1)
Gather Merge  (cost=340862.28..340867.88 rows=48 width=131) (actual time=642.176..646.765 rows=42 loops=1)
Gather Merge  (cost=340862.31..340868.15 rows=50 width=131) (actual time=620.964..625.665 rows=92 loops=1)
Gather Merge  (cost=340862.28..340867.88 rows=48 width=131) (actual time=605.615..632.364 rows=80 loops=1)
Gather  (cost=1000.00..340864.41 rows=27 width=140) (actual time=62.106..626.700 rows=30 loops=1)
Gather  (cost=1000.00..340864.41 rows=27 width=21) (actual time=339.638..658.654 rows=72 loops=1)
Gather  (cost=1000.00..340878.61 rows=169 width=21) (actual time=533.835..632.045 rows=255 loops=1)
Gather Merge  (cost=340862.31..340868.15 rows=50 width=131) (actual time=601.702..606.382 rows=36 loops=1)
Gather  (cost=1000.00..340864.41 rows=27 width=21) (actual time=626.199..642.121 rows=50 loops=1)
Gather  (cost=1000.00..340864.41 rows=27 width=140) (actual time=166.403..667.096 rows=33 loops=1)
Gather Merge  (cost=340862.28..340867.88 rows=48 width=131) (actual time=648.603..653.531 rows=261 loops=1)
Gather Merge  (cost=340862.31..340868.15 rows=50 width=131) (actual time=605.233..610.102 rows=32 loops=1)
Gather  (cost=1000.00..340864.51 rows=28 width=403) (actual time=92.615..619.858 rows=32 loops=1)
Gather  (cost=1000.00..340883.61 rows=219 width=21) (actual time=321.171..621.418 rows=282 loops=1)
Gather  (cost=1000.00..340864.41 rows=27 width=21) (actual time=608.326..623.396 rows=54 loops=1)
Gather  (cost=1000.00..340864.31 rows=26 width=21) (actual time=573.891..611.086 rows=105 loops=1)
Gather Merge  (cost=340864.15..340882.11 rows=154 width=131) (actual time=606.402..610.959 rows=180 loops=1)
Gather  (cost=1000.00..340874.91 rows=132 width=21) (actual time=147.948..614.729 rows=62 loops=1)
Gather  (cost=1000.00..340864.41 rows=27 width=21) (actual time=414.648..628.866 rows=98 loops=1)
Gather  (cost=1000.00..340864.31 rows=26 width=21) (actual time=557.625..615.201 rows=48 loops=1)
Gather  (cost=1000.00..340864.41 rows=27 width=140) (actual time=28.517..609.910 rows=65 loops=1)
Gather  (cost=1000.00..340864.41 rows=27 width=140) (actual time=53.642..595.601 rows=42 loops=1)
Gather  (cost=1000.00..340864.41 rows=27 width=21) (actual time=120.435..643.872 rows=117 loops=1)
Gather Merge  (cost=340862.28..340867.88 rows=48 width=131) (actual time=619.970..624.651 rows=48 loops=1)
Gather Merge  (cost=340862.28..340867.88 rows=48 width=131) (actual time=620.973..625.345 rows=58 loops=1)
Gather Merge  (cost=340862.31..340868.15 rows=50 width=131) (actual time=598.771..603.648 rows=110 loops=1)
Gather  (cost=1000.00..340864.31 rows=26 width=140) (actual time=573.740..611.721 rows=28 loops=1)
Gather Merge  (cost=340862.28..340867.88 rows=48 width=131) (actual time=611.239..615.913 rows=105 loops=1)
Gather Merge  (cost=340862.28..340867.88 rows=48 width=131) (actual time=629.869..634.413 rows=45 loops=1)
Gather Merge  (cost=340862.28..340867.88 rows=48 width=131) (actual time=628.903..633.390 rows=156 loops=1)
Gather Merge  (cost=340862.31..340868.15 rows=50 width=131) (actual time=603.955..608.578 rows=54 loops=1)
Gather  (cost=1000.00..340871.61 rows=99 width=21) (actual time=46.519..608.381 rows=66 loops=1)
Gather  (cost=1000.00..340878.61 rows=169 width=21) (actual time=518.463..617.520 rows=255 loops=1)
Gather  (cost=1000.00..340869.51 rows=78 width=21) (actual time=180.730..615.583 rows=52 loops=1)
Gather Merge  (cost=340862.28..340867.88 rows=48 width=131) (actual time=633.154..637.661 rows=72 loops=1)
Gather Merge  (cost=340862.28..340867.88 rows=48 width=131) (actual time=605.572..610.111 rows=133 loops=1)
Gather  (cost=1000.00..340864.41 rows=27 width=403) (actual time=521.484..607.900 rows=105 loops=1)
Gather Merge  (cost=340870.71..340924.15 rows=458 width=131) (actual time=648.129..652.534 rows=573 loops=1)
Gather  (cost=1000.00..340864.41 rows=27 width=21) (actual time=311.670..610.731 rows=52 loops=1)
Gather  (cost=1000.00..340875.81 rows=141 width=140) (actual time=441.035..624.328 rows=220 loops=1)
Gather  (cost=1000.00..340922.31 rows=606 width=21) (actual time=529.693..589.963 rows=670 loops=1)
Gather  (cost=1000.00..340864.41 rows=27 width=21) (actual time=122.819..614.994 rows=30 loops=1)
Gather  (cost=1000.00..340868.21 rows=65 width=21) (actual time=264.437..605.654 rows=86 loops=1)
Gather  (cost=1000.00..340922.61 rows=609 width=21) (actual time=471.675..616.494 rows=815 loops=1)
Gather  (cost=1000.00..340864.41 rows=27 width=21) (actual time=32.305..604.424 rows=57 loops=1)
Gather Merge  (cost=340862.31..340868.15 rows=50 width=131) (actual time=602.534..607.052 rows=40 loops=1)
Gather  (cost=1000.00..340864.41 rows=27 width=403) (actual time=316.744..611.337 rows=40 loops=1)
Gather  (cost=1000.00..340864.41 rows=27 width=21) (actual time=309.613..622.174 rows=44 loops=1)
Gather  (cost=1000.00..340864.41 rows=27 width=21) (actual time=389.486..609.644 rows=94 loops=1)
Gather  (cost=1000.00..340864.31 rows=26 width=21) (actual time=536.638..614.355 rows=66 loops=1)
Gather  (cost=1000.00..340864.41 rows=27 width=140) (actual time=267.510..586.799 rows=45 loops=1)
Gather Merge  (cost=340862.31..340868.15 rows=50 width=131) (actual time=635.494..640.243 rows=66 loops=1)
Gather Merge  (cost=340862.28..340867.88 rows=48 width=131) (actual time=610.918..615.644 rows=73 loops=1)
Gather Merge  (cost=340862.31..340868.15 rows=50 width=131) (actual time=637.921..642.417 rows=45 loops=1)
Gather  (cost=1000.00..340864.41 rows=27 width=21) (actual time=59.358..586.403 rows=44 loops=1)
Gather  (cost=1000.00..340872.91 rows=112 width=21) (actual time=610.421..623.132 rows=76 loops=1)
Gather  (cost=1000.00..340883.01 rows=213 width=21) (actual time=337.123..590.190 rows=111 loops=1)
Gather  (cost=1000.00..340877.61 rows=159 width=21) (actual time=158.912..644.932 rows=256 loops=1)
Gather Merge  (cost=340871.22..340927.23 rows=480 width=131) (actual time=625.683..630.197 rows=608 loops=1)
Gather  (cost=1000.00..340864.41 rows=27 width=140) (actual time=51.673..612.675 rows=45 loops=1)
Gather  (cost=1000.00..340874.51 rows=128 width=21) (actual time=427.126..586.996 rows=150 loops=1)
Gather Merge  (cost=340862.31..340868.15 rows=50 width=131) (actual time=653.610..658.171 rows=90 loops=1)
Gather  (cost=1000.00..340864.41 rows=27 width=140) (actual time=165.824..612.547 rows=21 loops=1)
Gather  (cost=1000.00..340864.31 rows=26 width=21) (actual time=378.125..613.411 rows=34 loops=1)
Gather Merge  (cost=340862.28..340867.88 rows=48 width=131) (actual time=599.334..604.099 rows=48 loops=1)
Gather Merge  (cost=340862.31..340868.15 rows=50 width=131) (actual time=623.474..628.101 rows=26 loops=1)
Gather  (cost=1000.00..340864.41 rows=27 width=21) (actual time=17.519..602.904 rows=44 loops=1)
Gather Merge  (cost=340862.28..340867.88 rows=48 width=131) (actual time=661.369..666.156 rows=60 loops=1)
Gather Merge  (cost=340862.31..340868.15 rows=50 width=131) (actual time=632.041..636.641 rows=148 loops=1)
Gather  (cost=1000.00..340869.21 rows=75 width=21) (actual time=134.240..597.123 rows=62 loops=1)
Gather Merge  (cost=340862.28..340867.88 rows=48 width=131) (actual time=622.043..629.067 rows=27 loops=1)
Gather  (cost=1000.00..340878.11 rows=164 width=21) (actual time=484.296..627.444 rows=141 loops=1)
Gather Merge  (cost=340862.31..340868.15 rows=50 width=131) (actual time=622.261..626.952 rows=110 loops=1)
Gather  (cost=1000.00..340864.41 rows=27 width=21) (actual time=200.405..617.677 rows=34 loops=1)
Gather Merge  (cost=340862.31..340868.15 rows=50 width=131) (actual time=599.279..603.752 rows=135 loops=1)
Gather  (cost=1000.00..340864.31 rows=26 width=21) (actual time=442.644..612.549 rows=117 loops=1)
Gather  (cost=1000.00..340864.41 rows=27 width=21) (actual time=11.022..615.579 rows=72 loops=1)
Gather  (cost=1000.00..340864.41 rows=27 width=140) (actual time=608.735..629.766 rows=36 loops=1)
Gather  (cost=1000.00..340882.71 rows=210 width=140) (actual time=564.991..609.339 rows=300 loops=1)
Gather Merge  (cost=340862.28..340867.88 rows=48 width=131) (actual time=603.513..608.075 rows=50 loops=1)
Gather  (cost=1000.00..340867.91 rows=62 width=21) (actual time=258.480..622.025 rows=130 loops=1)
Gather  (cost=1000.00..340875.51 rows=138 width=140) (actual time=488.654..616.492 rows=450 loops=1)
Gather Merge  (cost=340862.28..340867.88 rows=48 width=131) (actual time=640.860..645.476 rows=133 loops=1)
Gather  (cost=1000.00..340864.31 rows=26 width=21) (actual time=318.448..592.766 rows=46 loops=1)
Gather  (cost=1000.00..340868.01 rows=63 width=21) (actual time=154.527..616.480 rows=189 loops=1)
Gather  (cost=1000.00..340864.41 rows=27 width=21) (actual time=480.237..602.601 rows=98 loops=1)
Gather  (cost=1000.00..340864.41 rows=27 width=140) (actual time=367.699..613.492 rows=33 loops=1)
Gather  (cost=1000.00..340864.41 rows=27 width=140) (actual time=518.419..612.649 rows=30 loops=1)
Gather Merge  (cost=340862.28..340867.88 rows=48 width=131) (actual time=622.575..627.025 rows=135 loops=1)
Gather Merge  (cost=340862.28..340867.88 rows=48 width=131) (actual time=597.802..602.437 rows=52 loops=1)
Gather  (cost=1000.00..340864.31 rows=26 width=21) (actual time=498.873..640.190 rows=102 loops=1)
Gather Merge  (cost=340865.06..340888.39 rows=200 width=131) (actual time=624.653..629.358 rows=303 loops=1)
Gather  (cost=1000.00..340864.41 rows=27 width=21) (actual time=291.475..609.444 rows=174 loops=1)
Gather  (cost=1000.00..340874.51 rows=128 width=21) (actual time=340.704..589.553 rows=272 loops=1)
Gather  (cost=1000.00..340868.21 rows=65 width=21) (actual time=116.309..625.104 rows=76 loops=1)
Gather  (cost=1000.00..340878.11 rows=164 width=21) (actual time=425.024..612.616 rows=248 loops=1)
Gather Merge  (cost=340862.28..340867.88 rows=48 width=131) (actual time=630.126..634.621 rows=30 loops=1)
Gather  (cost=1000.00..340864.41 rows=27 width=21) (actual time=370.807..593.486 rows=42 loops=1)
Gather  (cost=1000.00..340926.01 rows=643 width=21) (actual time=194.173..613.061 rows=172 loops=1)
Gather  (cost=1000.00..340864.31 rows=26 width=21) (actual time=311.010..606.216 rows=108 loops=1)
Gather  (cost=1000.00..340864.41 rows=27 width=140) (actual time=141.864..610.000 rows=45 loops=1)
Gather  (cost=1000.00..340864.41 rows=27 width=403) (actual time=152.025..617.721 rows=45 loops=1)
Gather Merge  (cost=340862.31..340868.15 rows=50 width=131) (actual time=603.977..608.526 rows=127 loops=1)
Gather  (cost=1000.00..340864.31 rows=26 width=21) (actual time=585.397..626.422 rows=50 loops=1)
Gather  (cost=1000.00..340864.41 rows=27 width=140) (actual time=199.120..609.309 rows=24 loops=1)
Gather  (cost=1000.00..340875.41 rows=137 width=21) (actual time=350.780..607.808 rows=88 loops=1)
Gather Merge  (cost=340862.31..340868.15 rows=50 width=131) (actual time=615.364..619.770 rows=18 loops=1)
Gather Merge  (cost=340862.31..340868.15 rows=50 width=131) (actual time=597.427..601.910 rows=42 loops=1)
Gather Merge  (cost=340862.28..340867.88 rows=48 width=131) (actual time=647.523..652.343 rows=40 loops=1)
Gather Merge  (cost=340862.28..340867.88 rows=48 width=131) (actual time=633.456..637.979 rows=195 loops=1)
Gather Merge  (cost=340862.31..340868.15 rows=50 width=131) (actual time=615.459..620.052 rows=33 loops=1)
Gather Merge  (cost=340867.94..340907.15 rows=336 width=131) (actual time=598.522..603.104 rows=334 loops=1)
Gather Merge  (cost=340885.19..341006.53 rows=1040 width=131) (actual time=643.191..648.093 rows=1053 loops=1)
Gather  (cost=1000.00..340864.41 rows=27 width=21) (actual time=533.673..625.140 rows=34 loops=1)
Gather Merge  (cost=340864.70..340885.93 rows=182 width=131) (actual time=663.842..693.997 rows=147 loops=1)
Gather Merge  (cost=340862.28..340867.88 rows=48 width=131) (actual time=606.899..611.509 rows=60 loops=1)
Gather Merge  (cost=340862.31..340868.15 rows=50 width=131) (actual time=605.723..611.479 rows=130 loops=1)
Gather Merge  (cost=340862.28..340867.88 rows=48 width=131) (actual time=668.727..674.175 rows=66 loops=1)
Gather  (cost=1000.00..340864.31 rows=26 width=21) (actual time=357.462..622.143 rows=54 loops=1)
Gather  (cost=1000.00..340864.41 rows=27 width=21) (actual time=47.353..608.263 rows=44 loops=1)
Gather Merge  (cost=340862.28..340867.88 rows=48 width=131) (actual time=599.479..604.117 rows=32 loops=1)
Gather  (cost=1000.00..340864.31 rows=26 width=140) (actual time=358.950..624.134 rows=69 loops=1)
Gather  (cost=1000.00..340864.41 rows=27 width=21) (actual time=594.776..607.598 rows=68 loops=1)
Gather  (cost=1000.00..340864.41 rows=27 width=21) (actual time=210.131..624.058 rows=34 loops=1)
Gather  (cost=1000.00..340864.41 rows=27 width=21) (actual time=165.810..588.356 rows=72 loops=1)
Gather Merge  (cost=340862.31..340868.15 rows=50 width=131) (actual time=629.647..634.074 rows=36 loops=1)
Gather Merge  (cost=340864.85..340887.02 rows=190 width=131) (actual time=623.494..628.077 rows=784 loops=1)
Gather Merge  (cost=340862.28..340867.88 rows=48 width=131) (actual time=629.918..634.705 rows=70 loops=1)
Gather  (cost=1000.00..340864.41 rows=27 width=21) (actual time=50.117..608.166 rows=54 loops=1)
Gather Merge  (cost=340862.28..340867.88 rows=48 width=131) (actual time=601.931..606.521 rows=24 loops=1)
Gather  (cost=1000.00..340864.31 rows=26 width=21) (actual time=525.472..605.463 rows=48 loops=1)
Gather  (cost=1000.00..340864.41 rows=27 width=21) (actual time=284.714..604.984 rows=78 loops=1)
Gather Merge  (cost=340863.99..340881.03 rows=146 width=131) (actual time=624.149..628.820 rows=126 loops=1)
Gather  (cost=1000.00..340864.31 rows=26 width=21) (actual time=325.018..616.886 rows=44 loops=1)
Gather  (cost=1000.00..340864.51 rows=28 width=21) (actual time=95.325..589.664 rows=42 loops=1)
Gather  (cost=1000.00..340873.31 rows=116 width=21) (actual time=205.545..608.607 rows=84 loops=1)
Gather Merge  (cost=340862.28..340867.88 rows=48 width=131) (actual time=641.952..646.609 rows=115 loops=1)
Gather  (cost=1000.00..340864.41 rows=27 width=21) (actual time=393.479..608.614 rows=99 loops=1)
Gather  (cost=1000.00..340924.01 rows=623 width=21) (actual time=3.864..613.581 rows=152 loops=1)
Gather Merge  (cost=340862.31..340868.15 rows=50 width=131) (actual time=597.617..602.304 rows=80 loops=1)
Gather  (cost=1000.00..340864.51 rows=28 width=21) (actual time=79.094..613.497 rows=54 loops=1)
Gather  (cost=1000.00..340921.51 rows=598 width=21) (actual time=566.945..613.084 rows=600 loops=1)
Gather Merge  (cost=340862.28..340867.88 rows=48 width=131) (actual time=675.519..679.922 rows=60 loops=1)
Gather Merge  (cost=340862.31..340868.15 rows=50 width=131) (actual time=616.128..621.050 rows=246 loops=1)
Gather  (cost=1000.00..340864.51 rows=28 width=21) (actual time=89.353..589.711 rows=150 loops=1)
Gather Merge  (cost=340862.31..340868.15 rows=50 width=131) (actual time=638.784..644.014 rows=30 loops=1)
Gather Merge  (cost=340862.28..340867.88 rows=48 width=131) (actual time=618.072..622.833 rows=50 loops=1)
Gather  (cost=1000.00..340864.41 rows=27 width=21) (actual time=240.214..641.303 rows=46 loops=1)
Gather Merge  (cost=340862.28..340867.88 rows=48 width=131) (actual time=601.414..606.049 rows=120 loops=1)
Gather  (cost=1000.00..340864.41 rows=27 width=140) (actual time=138.622..611.000 rows=84 loops=1)
Gather  (cost=1000.00..340864.41 rows=27 width=140) (actual time=371.715..597.905 rows=18 loops=1)
Gather  (cost=1000.00..340864.41 rows=27 width=140) (actual time=187.850..635.723 rows=33 loops=1)
Gather  (cost=1000.00..340876.51 rows=148 width=21) (actual time=172.521..609.013 rows=98 loops=1)
Gather Merge  (cost=340862.28..340867.88 rows=48 width=131) (actual time=621.700..626.154 rows=256 loops=1)
Gather  (cost=1000.00..340864.31 rows=26 width=21) (actual time=303.932..586.350 rows=90 loops=1)
Gather  (cost=1000.00..340868.51 rows=68 width=21) (actual time=129.556..652.407 rows=82 loops=1)
Gather Merge  (cost=340864.46..340884.29 rows=170 width=131) (actual time=620.217..624.656 rows=51 loops=1)
Gather Merge  (cost=340864.03..340881.30 rows=148 width=131) (actual time=622.785..627.329 rows=130 loops=1)
Gather  (cost=1000.00..340864.31 rows=26 width=21) (actual time=340.676..589.776 rows=52 loops=1)
Gather  (cost=1000.00..340864.51 rows=28 width=21) (actual time=83.244..621.961 rows=116 loops=1)
Gather  (cost=1000.00..340864.31 rows=26 width=21) (actual time=337.764..602.730 rows=50 loops=1)
Gather  (cost=1000.00..340864.41 rows=27 width=140) (actual time=304.258..640.890 rows=75 loops=1)
Gather  (cost=1000.00..340899.31 rows=376 width=21) (actual time=382.913..616.046 rows=920 loops=1)
Gather  (cost=1000.00..340867.91 rows=62 width=21) (actual time=271.355..597.542 rows=128 loops=1)
Gather  (cost=1000.00..340864.31 rows=26 width=21) (actual time=355.161..610.735 rows=44 loops=1)
Gather  (cost=1000.00..340864.41 rows=27 width=140) (actual time=334.874..633.113 rows=54 loops=1)
Gather Merge  (cost=340884.93..341005.11 rows=1030 width=131) (actual time=623.881..628.392 rows=1211 loops=1)
Gather  (cost=1000.00..340864.41 rows=27 width=21) (actual time=40.006..616.190 rows=58 loops=1)
Gather Merge  (cost=340862.28..340867.88 rows=48 width=131) (actual time=599.718..604.235 rows=132 loops=1)
Gather  (cost=1000.00..340864.41 rows=27 width=21) (actual time=504.542..611.999 rows=50 loops=1)
Gather  (cost=1000.00..340864.41 rows=27 width=140) (actual time=46.178..619.212 rows=69 loops=1)
Gather  (cost=1000.00..340864.41 rows=27 width=403) (actual time=47.212..628.264 rows=69 loops=1)
Gather  (cost=1000.00..340864.41 rows=27 width=21) (actual time=67.988..611.445 rows=56 loops=1)
Gather  (cost=1000.00..340877.11 rows=154 width=21) (actual time=429.051..592.645 rows=324 loops=1)
Gather  (cost=1000.00..340864.31 rows=26 width=21) (actual time=449.722..619.264 rows=42 loops=1)
Gather  (cost=1000.00..340875.91 rows=142 width=21) (actual time=25.236..616.144 rows=34 loops=1)
Gather  (cost=1000.00..340864.31 rows=26 width=140) (actual time=317.148..614.684 rows=45 loops=1)
Gather  (cost=1000.00..340864.31 rows=26 width=403) (actual time=325.676..613.353 rows=45 loops=1)
Gather Merge  (cost=340862.28..340867.88 rows=48 width=131) (actual time=598.862..603.336 rows=24 loops=1)
Gather  (cost=1000.00..340864.41 rows=27 width=21) (actual time=304.752..612.134 rows=78 loops=1)
Gather  (cost=1000.00..340864.41 rows=27 width=140) (actual time=507.098..625.716 rows=45 loops=1)
Gather  (cost=1000.00..340864.31 rows=26 width=21) (actual time=370.530..635.536 rows=44 loops=1)
Gather Merge  (cost=340862.31..340868.15 rows=50 width=131) (actual time=626.980..631.593 rows=16 loops=1)
Gather  (cost=1000.00..340864.41 rows=27 width=21) (actual time=168.046..585.377 rows=108 loops=1)
Gather  (cost=1000.00..340869.31 rows=76 width=140) (actual time=492.680..631.884 rows=64 loops=1)
Gather  (cost=1000.00..340864.41 rows=27 width=140) (actual time=586.830..601.623 rows=75 loops=1)
Gather  (cost=1000.00..340864.41 rows=27 width=21) (actual time=624.265..632.952 rows=52 loops=1)
Gather  (cost=1000.00..340872.91 rows=112 width=140) (actual time=223.292..587.692 rows=76 loops=1)
Gather  (cost=1000.00..340864.51 rows=28 width=21) (actual time=96.730..613.217 rows=76 loops=1)
Gather Merge  (cost=340862.31..340868.15 rows=50 width=131) (actual time=602.515..607.109 rows=66 loops=1)
Gather  (cost=1000.00..340864.31 rows=26 width=140) (actual time=337.535..631.409 rows=90 loops=1)
Gather  (cost=1000.00..340864.31 rows=26 width=21) (actual time=344.511..609.107 rows=64 loops=1)
Gather  (cost=1000.00..340876.21 rows=145 width=140) (actual time=80.327..612.715 rows=150 loops=1)
Gather  (cost=1000.00..340873.21 rows=115 width=21) (actual time=240.285..588.549 rows=290 loops=1)
Gather Merge  (cost=340870.29..340921.63 rows=440 width=131) (actual time=677.801..682.497 rows=376 loops=1)
Gather  (cost=1000.00..340864.31 rows=26 width=21) (actual time=410.688..610.360 rows=52 loops=1)
Gather Merge  (cost=340862.28..340867.88 rows=48 width=131) (actual time=621.302..625.736 rows=52 loops=1)
Gather Merge  (cost=340862.31..340868.15 rows=50 width=131) (actual time=598.225..603.094 rows=86 loops=1)
Gather  (cost=1000.00..340864.41 rows=27 width=21) (actual time=177.910..614.155 rows=84 loops=1)
Gather  (cost=1000.00..340869.61 rows=79 width=21) (actual time=439.848..605.568 rows=98 loops=1)
Gather  (cost=1000.00..340876.71 rows=150 width=21) (actual time=65.793..621.248 rows=184 loops=1)
Gather Merge  (cost=340862.31..340868.15 rows=50 width=131) (actual time=635.215..639.698 rows=40 loops=1)
Gather  (cost=1000.00..340878.91 rows=172 width=21) (actual time=443.012..591.751 rows=376 loops=1)
Gather Merge  (cost=340862.31..340868.15 rows=50 width=131) (actual time=619.436..623.931 rows=45 loops=1)
Gather  (cost=1000.00..340864.51 rows=28 width=140) (actual time=90.261..628.750 rows=108 loops=1)
Gather  (cost=1000.00..340864.51 rows=28 width=403) (actual time=92.675..617.164 rows=108 loops=1)
Gather  (cost=1000.00..340877.21 rows=155 width=140) (actual time=89.376..610.805 rows=96 loops=1)
Gather  (cost=1000.00..340864.41 rows=27 width=21) (actual time=252.234..587.947 rows=72 loops=1)
Gather  (cost=1000.00..340864.31 rows=26 width=21) (actual time=426.284..617.797 rows=129 loops=1)
Gather Merge  (cost=340862.31..340868.15 rows=50 width=131) (actual time=618.174..622.659 rows=80 loops=1)
Gather  (cost=1000.00..340864.31 rows=26 width=21) (actual time=585.269..640.830 rows=84 loops=1)
Gather  (cost=1000.00..340878.21 rows=165 width=21) (actual time=68.870..608.674 rows=210 loops=1)
Gather  (cost=1000.00..340864.41 rows=27 width=21) (actual time=297.983..593.147 rows=40 loops=1)
Gather Merge  (cost=340862.28..340867.88 rows=48 width=131) (actual time=628.391..633.155 rows=66 loops=1)
Gather  (cost=1000.00..340864.31 rows=26 width=403) (actual time=417.076..614.402 rows=66 loops=1)
Gather  (cost=1000.00..340872.21 rows=105 width=21) (actual time=472.069..647.746 rows=70 loops=1)
Gather  (cost=1000.00..340864.41 rows=27 width=140) (actual time=121.307..592.701 rows=30 loops=1)
Gather  (cost=1000.00..340878.21 rows=165 width=21) (actual time=132.874..598.211 rows=176 loops=1)
Gather  (cost=1000.00..340864.41 rows=27 width=140) (actual time=67.035..601.566 rows=72 loops=1)
Gather  (cost=1000.00..340864.41 rows=27 width=21) (actual time=281.882..643.403 rows=48 loops=1)
Gather  (cost=1000.00..340873.81 rows=121 width=21) (actual time=562.030..620.019 rows=76 loops=1)
Gather  (cost=1000.00..340864.31 rows=26 width=140) (actual time=549.952..608.354 rows=36 loops=1)
Gather Merge  (cost=340862.31..340868.15 rows=50 width=131) (actual time=597.246..601.766 rows=36 loops=1)
Gather  (cost=1000.00..340864.41 rows=27 width=21) (actual time=190.551..642.511 rows=30 loops=1)
Gather  (cost=1000.00..340864.31 rows=26 width=21) (actual time=324.585..601.183 rows=114 loops=1)
Gather Merge  (cost=340862.31..340868.15 rows=50 width=131) (actual time=637.957..642.361 rows=39 loops=1)
Gather  (cost=1000.00..340877.51 rows=158 width=140) (actual time=308.800..591.768 rows=74 loops=1)
Gather  (cost=1000.00..340876.11 rows=144 width=21) (actual time=394.011..614.921 rows=156 loops=1)
Gather Merge  (cost=340862.31..340868.15 rows=50 width=131) (actual time=616.043..620.567 rows=69 loops=1)
Gather Merge  (cost=340862.31..340868.15 rows=50 width=131) (actual time=651.410..655.962 rows=42 loops=1)
Gather  (cost=1000.00..340864.41 rows=27 width=21) (actual time=30.826..608.777 rows=38 loops=1)
Gather  (cost=1000.00..340898.11 rows=364 width=21) (actual time=364.183..616.760 rows=428 loops=1)
Gather  (cost=1000.00..340864.41 rows=27 width=21) (actual time=117.855..586.451 rows=40 loops=1)
Gather Merge  (cost=340862.28..340867.88 rows=48 width=131) (actual time=664.225..668.800 rows=195 loops=1)
Gather  (cost=1000.00..340864.31 rows=26 width=21) (actual time=464.970..613.026 rows=168 loops=1)
Gather Merge  (cost=340862.28..340867.88 rows=48 width=131) (actual time=624.310..628.853 rows=36 loops=1)
Gather  (cost=1000.00..340864.31 rows=26 width=140) (actual time=555.590..589.718 rows=30 loops=1)
Gather  (cost=1000.00..340864.31 rows=26 width=21) (actual time=431.763..615.152 rows=72 loops=1)
Gather Merge  (cost=340869.65..340917.72 rows=412 width=131) (actual time=616.635..621.115 rows=376 loops=1)
Gather  (cost=1000.00..340864.41 rows=27 width=140) (actual time=229.070..626.119 rows=42 loops=1)
Gather Merge  (cost=340862.28..340867.88 rows=48 width=131) (actual time=638.865..643.383 rows=110 loops=1)
Gather  (cost=1000.00..340864.31 rows=26 width=21) (actual time=464.708..594.662 rows=88 loops=1)
Gather  (cost=1000.00..340864.41 rows=27 width=21) (actual time=591.416..608.869 rows=64 loops=1)
Gather Merge  (cost=340862.28..340867.88 rows=48 width=131) (actual time=642.358..646.886 rows=153 loops=1)
Gather Merge  (cost=340862.31..340868.15 rows=50 width=131) (actual time=620.427..626.119 rows=56 loops=1)
Gather  (cost=1000.00..340864.31 rows=26 width=140) (actual time=540.726..615.753 rows=45 loops=1)
Gather Merge  (cost=340862.28..340867.88 rows=48 width=131) (actual time=594.548..600.831 rows=129 loops=1)
Gather  (cost=1000.00..340864.41 rows=27 width=140) (actual time=260.996..607.110 rows=72 loops=1)
Gather  (cost=1000.00..340870.21 rows=85 width=21) (actual time=359.604..617.577 rows=150 loops=1)
Gather  (cost=1000.00..340925.11 rows=634 width=21) (actual time=323.605..626.265 rows=984 loops=1)
Gather Merge  (cost=340862.31..340868.15 rows=50 width=131) (actual time=620.270..625.221 rows=97 loops=1)
Gather  (cost=1000.00..340864.41 rows=27 width=403) (actual time=103.944..590.857 rows=39 loops=1)
Gather  (cost=1000.00..340864.41 rows=27 width=21) (actual time=199.909..647.569 rows=58 loops=1)
Gather  (cost=1000.00..340864.31 rows=26 width=21) (actual time=355.430..601.135 rows=50 loops=1)
Gather  (cost=1000.00..340875.41 rows=137 width=21) (actual time=459.002..632.500 rows=123 loops=1)
Gather  (cost=1000.00..340864.31 rows=26 width=21) (actual time=330.478..587.697 rows=42 loops=1)
Gather  (cost=1000.00..340864.31 rows=26 width=21) (actual time=469.727..612.433 rows=50 loops=1)
Gather  (cost=1000.00..340864.41 rows=27 width=21) (actual time=206.524..588.374 rows=58 loops=1)
Gather  (cost=1000.00..340876.31 rows=146 width=140) (actual time=477.660..640.489 rows=148 loops=1)
Gather  (cost=1000.00..340876.31 rows=146 width=403) (actual time=471.456..612.465 rows=148 loops=1)
Gather Merge  (cost=340862.31..340868.15 rows=50 width=131) (actual time=620.471..625.073 rows=114 loops=1)
Gather  (cost=1000.00..340879.21 rows=175 width=21) (actual time=480.398..589.355 rows=148 loops=1)
Gather  (cost=1000.00..340864.41 rows=27 width=21) (actual time=194.247..660.261 rows=56 loops=1)
Gather  (cost=1000.00..340864.41 rows=27 width=21) (actual time=600.059..616.477 rows=44 loops=1)
Gather  (cost=1000.00..340864.41 rows=27 width=140) (actual time=123.520..612.835 rows=60 loops=1)
Gather  (cost=1000.00..340878.81 rows=171 width=21) (actual time=146.271..587.044 rows=522 loops=1)
Gather  (cost=1000.00..340864.41 rows=27 width=140) (actual time=164.081..617.389 rows=60 loops=1)
Gather Merge  (cost=340862.28..340867.88 rows=48 width=131) (actual time=611.466..615.970 rows=58 loops=1)
Gather Merge  (cost=340862.28..340867.88 rows=48 width=131) (actual time=643.753..648.638 rows=39 loops=1)
Gather  (cost=1000.00..340876.91 rows=152 width=21) (actual time=85.536..625.950 rows=111 loops=1)
Gather  (cost=1000.00..340875.11 rows=134 width=140) (actual time=195.297..596.455 rows=100 loops=1)
Gather  (cost=1000.00..340868.11 rows=64 width=21) (actual time=420.524..607.467 rows=60 loops=1)
Gather  (cost=1000.00..340926.01 rows=643 width=21) (actual time=207.037..627.430 rows=172 loops=1)
Gather  (cost=1000.00..340864.41 rows=27 width=140) (actual time=225.687..608.541 rows=30 loops=1)
Gather  (cost=1000.00..340864.41 rows=27 width=403) (actual time=240.006..606.477 rows=30 loops=1)
Gather Merge  (cost=340862.28..340867.88 rows=48 width=131) (actual time=592.523..596.990 rows=39 loops=1)
Gather  (cost=1000.00..340864.31 rows=26 width=21) (actual time=554.341..611.025 rows=48 loops=1)
Gather Merge  (cost=340865.10..340888.66 rows=202 width=131) (actual time=615.953..620.506 rows=197 loops=1)
Gather Merge  (cost=340862.31..340868.15 rows=50 width=131) (actual time=637.712..642.222 rows=72 loops=1)
Gather  (cost=1000.00..340864.51 rows=28 width=21) (actual time=94.282..618.766 rows=74 loops=1)
Gather  (cost=1000.00..340864.31 rows=26 width=21) (actual time=448.716..598.605 rows=52 loops=1)
Gather  (cost=1000.00..340864.41 rows=27 width=21) (actual time=31.335..624.809 rows=48 loops=1)
Gather Merge  (cost=340862.31..340868.15 rows=50 width=131) (actual time=629.626..634.196 rows=65 loops=1)
Gather  (cost=1000.00..340872.31 rows=106 width=403) (actual time=174.586..630.559 rows=65 loops=1)
Gather Merge  (cost=340862.31..340868.15 rows=50 width=131) (actual time=600.550..605.026 rows=32 loops=1)
Gather  (cost=1000.00..340864.41 rows=27 width=140) (actual time=196.012..616.173 rows=45 loops=1)
Gather  (cost=1000.00..340864.41 rows=27 width=21) (actual time=46.734..591.058 rows=54 loops=1)
Gather  (cost=1000.00..340864.31 rows=26 width=21) (actual time=490.714..626.494 rows=48 loops=1)
Gather Merge  (cost=340862.31..340868.15 rows=50 width=131) (actual time=637.612..642.251 rows=54 loops=1)
Gather  (cost=1000.00..340878.21 rows=165 width=21) (actual time=221.243..609.903 rows=265 loops=1)
Gather Merge  (cost=340862.28..340867.88 rows=48 width=131) (actual time=597.104..601.538 rows=45 loops=1)
Gather  (cost=1000.00..340864.41 rows=27 width=21) (actual time=526.420..647.079 rows=36 loops=1)
Gather  (cost=1000.00..340864.41 rows=27 width=21) (actual time=51.700..596.471 rows=46 loops=1)
Gather  (cost=1000.00..340923.51 rows=618 width=21) (actual time=503.488..625.345 rows=644 loops=1)
Gather  (cost=1000.00..340864.41 rows=27 width=21) (actual time=11.800..592.603 rows=108 loops=1)
Gather Merge  (cost=340863.99..340881.03 rows=146 width=131) (actual time=628.282..632.792 rows=84 loops=1)
Gather  (cost=1000.00..340883.61 rows=219 width=140) (actual time=143.880..600.789 rows=424 loops=1)
Gather Merge  (cost=340862.28..340867.88 rows=48 width=131) (actual time=635.181..639.670 rows=28 loops=1)
Gather  (cost=1000.00..340899.41 rows=377 width=21) (actual time=182.640..620.506 rows=400 loops=1)
Gather Merge  (cost=340862.28..340867.88 rows=48 width=131) (actual time=602.754..607.304 rows=78 loops=1)
Gather  (cost=1000.00..340864.41 rows=27 width=140) (actual time=297.256..587.776 rows=33 loops=1)
Gather  (cost=1000.00..340864.41 rows=27 width=21) (actual time=622.007..638.875 rows=93 loops=1)
Gather  (cost=1000.00..340864.41 rows=27 width=21) (actual time=227.335..612.845 rows=72 loops=1)
Gather Merge  (cost=340862.28..340867.88 rows=48 width=131) (actual time=621.901..626.441 rows=78 loops=1)
Gather  (cost=1000.00..340864.31 rows=26 width=21) (actual time=459.406..586.527 rows=62 loops=1)
Gather  (cost=1000.00..340864.31 rows=26 width=140) (actual time=454.307..617.305 rows=60 loops=1)
Gather Merge  (cost=340862.31..340868.15 rows=50 width=131) (actual time=615.665..620.277 rows=66 loops=1)
Gather  (cost=1000.00..340864.31 rows=26 width=21) (actual time=325.468..626.606 rows=54 loops=1)
Gather Merge  (cost=340862.31..340868.15 rows=50 width=131) (actual time=631.797..636.268 rows=84 loops=1)
Gather  (cost=1000.00..340864.41 rows=27 width=140) (actual time=493.957..593.342 rows=76 loops=1)
Gather  (cost=1000.00..340864.41 rows=27 width=21) (actual time=29.371..623.090 rows=42 loops=1)
Gather Merge  (cost=340862.28..340867.88 rows=48 width=131) (actual time=631.754..636.257 rows=60 loops=1)
Gather  (cost=1000.00..340864.31 rows=26 width=140) (actual time=423.853..610.125 rows=108 loops=1)
Gather  (cost=1000.00..340864.41 rows=27 width=140) (actual time=596.211..610.824 rows=55 loops=1)
Gather Merge  (cost=340862.28..340867.88 rows=48 width=131) (actual time=601.038..605.598 rows=90 loops=1)
Gather  (cost=1000.00..340864.41 rows=27 width=21) (actual time=135.877..614.640 rows=48 loops=1)
Gather Merge  (cost=340862.28..340867.88 rows=48 width=131) (actual time=633.411..638.107 rows=112 loops=1)
Gather Merge  (cost=340862.28..340867.88 rows=48 width=131) (actual time=629.668..634.174 rows=44 loops=1)
Gather  (cost=1000.00..340864.41 rows=27 width=21) (actual time=592.439..613.305 rows=50 loops=1)
Gather Merge  (cost=340862.31..340868.15 rows=50 width=131) (actual time=599.117..603.678 rows=307 loops=1)
Gather  (cost=1000.00..340864.41 rows=27 width=21) (actual time=136.860..635.998 rows=48 loops=1)
Gather  (cost=1000.00..340868.11 rows=64 width=140) (actual time=454.394..604.878 rows=21 loops=1)
Gather  (cost=1000.00..340864.41 rows=27 width=21) (actual time=71.543..634.668 rows=52 loops=1)
Gather Merge  (cost=340864.19..340882.39 rows=156 width=131) (actual time=599.426..604.022 rows=222 loops=1)
Gather  (cost=1000.00..340864.31 rows=26 width=21) (actual time=343.352..617.869 rows=50 loops=1)
Gather Merge  (cost=340862.28..340867.88 rows=48 width=131) (actual time=598.774..603.282 rows=150 loops=1)
Gather  (cost=1000.00..340864.41 rows=27 width=21) (actual time=58.677..633.860 rows=78 loops=1)
Gather  (cost=1000.00..340882.11 rows=204 width=140) (actual time=520.677..609.508 rows=170 loops=1)
Gather  (cost=1000.00..340897.71 rows=360 width=21) (actual time=558.574..610.327 rows=540 loops=1)
Gather  (cost=1000.00..340873.11 rows=114 width=21) (actual time=351.370..592.927 rows=165 loops=1)
Gather  (cost=1000.00..340875.71 rows=140 width=21) (actual time=372.899..634.262 rows=160 loops=1)
Gather  (cost=1000.00..340864.41 rows=27 width=21) (actual time=505.724..615.030 rows=64 loops=1)
Gather  (cost=1000.00..340864.41 rows=27 width=21) (actual time=153.268..610.620 rows=28 loops=1)
Gather  (cost=1000.00..340874.61 rows=129 width=140) (actual time=468.890..587.873 rows=459 loops=1)
Gather  (cost=1000.00..340874.61 rows=129 width=403) (actual time=494.814..614.501 rows=459 loops=1)
Gather Merge  (cost=340862.28..340867.88 rows=48 width=131) (actual time=611.431..616.012 rows=52 loops=1)
Gather  (cost=1000.00..340878.21 rows=165 width=21) (actual time=84.046..637.057 rows=210 loops=1)
Gather  (cost=1000.00..340864.41 rows=27 width=21) (actual time=504.120..622.166 rows=46 loops=1)
Gather  (cost=1000.00..340864.41 rows=27 width=21) (actual time=174.251..593.836 rows=62 loops=1)
Gather Merge  (cost=340862.31..340868.15 rows=50 width=131) (actual time=619.838..624.361 rows=296 loops=1)
Gather  (cost=1000.00..340864.41 rows=27 width=403) (actual time=421.598..641.169 rows=270 loops=1)
Gather Merge  (cost=340862.31..340868.15 rows=50 width=131) (actual time=618.002..622.579 rows=88 loops=1)
Gather  (cost=1000.00..340864.41 rows=27 width=21) (actual time=514.326..613.674 rows=46 loops=1)
Gather  (cost=1000.00..340878.91 rows=172 width=21) (actual time=529.741..592.881 rows=116 loops=1)
Gather Merge  (cost=340862.31..340868.15 rows=50 width=131) (actual time=631.351..635.676 rows=42 loops=1)
Gather  (cost=1000.00..340864.41 rows=27 width=21) (actual time=36.679..618.900 rows=94 loops=1)
Gather  (cost=1000.00..340864.41 rows=27 width=21) (actual time=384.890..619.968 rows=69 loops=1)
Gather Merge  (cost=340862.28..340867.88 rows=48 width=131) (actual time=632.456..636.969 rows=28 loops=1)
Gather  (cost=1000.00..340864.41 rows=27 width=21) (actual time=52.054..594.227 rows=56 loops=1)
Gather  (cost=1000.00..340864.31 rows=26 width=21) (actual time=332.379..628.605 rows=105 loops=1)
Gather  (cost=1000.00..340864.41 rows=27 width=21) (actual time=313.000..617.790 rows=75 loops=1)
Gather Merge  (cost=340862.28..340867.88 rows=48 width=131) (actual time=640.244..644.803 rows=75 loops=1)
Gather  (cost=1000.00..340864.31 rows=26 width=403) (actual time=562.128..596.190 rows=75 loops=1)
Gather Merge  (cost=340862.31..340868.15 rows=50 width=131) (actual time=631.325..635.898 rows=56 loops=1)
Gather  (cost=1000.00..340864.41 rows=27 width=140) (actual time=52.572..594.301 rows=33 loops=1)
Gather  (cost=1000.00..340875.91 rows=142 width=21) (actual time=134.868..627.609 rows=252 loops=1)
Gather  (cost=1000.00..340864.41 rows=27 width=140) (actual time=195.486..617.013 rows=14 loops=1)
Gather  (cost=1000.00..340867.71 rows=60 width=21) (actual time=540.911..614.885 rows=75 loops=1)
Gather Merge  (cost=340862.28..340867.88 rows=48 width=131) (actual time=603.827..608.364 rows=135 loops=1)
Gather Merge  (cost=340864.15..340882.11 rows=154 width=131) (actual time=654.558..659.252 rows=156 loops=1)
Gather Merge  (cost=340862.28..340867.88 rows=48 width=131) (actual time=625.040..629.481 rows=60 loops=1)
Gather  (cost=1000.00..340864.41 rows=27 width=403) (actual time=35.315..614.144 rows=60 loops=1)
Gather  (cost=1000.00..340864.31 rows=26 width=21) (actual time=435.657..591.913 rows=63 loops=1)
Gather Merge  (cost=340862.28..340867.88 rows=48 width=131) (actual time=629.522..633.973 rows=52 loops=1)
Gather  (cost=1000.00..340864.41 rows=27 width=403) (actual time=220.853..606.185 rows=24 loops=1)
Gather  (cost=1000.00..340864.41 rows=27 width=21) (actual time=38.370..620.269 rows=81 loops=1)
Gather  (cost=1000.00..340875.81 rows=141 width=21) (actual time=332.496..629.907 rows=256 loops=1)
Gather Merge  (cost=340870.62..340923.59 rows=454 width=131) (actual time=607.875..612.481 rows=747 loops=1)
Gather Merge  (cost=340862.28..340867.88 rows=48 width=131) (actual time=616.947..621.445 rows=150 loops=1)
Gather  (cost=1000.00..340873.21 rows=115 width=21) (actual time=537.095..630.831 rows=52 loops=1)
Gather  (cost=1000.00..340864.31 rows=26 width=140) (actual time=308.904..605.831 rows=30 loops=1)
Gather  (cost=1000.00..340864.41 rows=27 width=21) (actual time=385.664..606.406 rows=46 loops=1)
Gather Merge  (cost=340862.31..340868.15 rows=50 width=131) (actual time=600.344..604.965 rows=96 loops=1)
Gather  (cost=1000.00..340923.11 rows=614 width=140) (actual time=31.578..632.590 rows=630 loops=1)
Gather  (cost=1000.00..340864.41 rows=27 width=140) (actual time=180.221..618.642 rows=92 loops=1)
Gather  (cost=1000.00..340864.41 rows=27 width=21) (actual time=31.297..627.849 rows=69 loops=1)
Gather  (cost=1000.00..340864.31 rows=26 width=140) (actual time=339.899..589.844 rows=52 loops=1)
Gather  (cost=1000.00..340864.31 rows=26 width=140) (actual time=447.389..616.562 rows=51 loops=1)
Gather  (cost=1000.00..340882.91 rows=212 width=21) (actual time=443.304..615.193 rows=306 loops=1)
Gather  (cost=1000.00..340864.51 rows=28 width=140) (actual time=80.552..619.301 rows=33 loops=1)
Gather  (cost=1000.00..340878.31 rows=166 width=140) (actual time=119.311..607.471 rows=180 loops=1)
Gather Merge  (cost=340862.31..340868.15 rows=50 width=131) (actual time=598.302..602.794 rows=21 loops=1)
Gather  (cost=1000.00..340864.41 rows=27 width=21) (actual time=36.753..627.699 rows=94 loops=1)
Gather  (cost=1000.00..340864.31 rows=26 width=140) (actual time=481.089..612.974 rows=100 loops=1)
Gather Merge  (cost=340862.28..340867.88 rows=48 width=131) (actual time=630.316..635.014 rows=30 loops=1)
Gather Merge  (cost=340862.28..340867.88 rows=48 width=131) (actual time=600.840..605.399 rows=220 loops=1)
Gather  (cost=1000.00..340864.41 rows=27 width=21) (actual time=514.697..627.945 rows=38 loops=1)
Gather  (cost=1000.00..340899.81 rows=381 width=21) (actual time=293.745..600.043 rows=672 loops=1)
Gather  (cost=1000.00..340864.31 rows=26 width=21) (actual time=436.193..641.538 rows=50 loops=1)
Gather  (cost=1000.00..340864.51 rows=28 width=21) (actual time=78.164..589.628 rows=99 loops=1)
Gather  (cost=1000.00..340864.41 rows=27 width=21) (actual time=192.433..596.876 rows=46 loops=1)
Gather  (cost=1000.00..340868.81 rows=71 width=21) (actual time=503.113..604.378 rows=63 loops=1)
Gather Merge  (cost=340862.28..340867.88 rows=48 width=131) (actual time=639.714..644.336 rows=256 loops=1)
Gather  (cost=1000.00..340864.41 rows=27 width=403) (actual time=232.979..606.911 rows=42 loops=1)
Gather  (cost=1000.00..340864.31 rows=26 width=140) (actual time=369.277..608.613 rows=39 loops=1)
Gather Merge  (cost=340862.31..340868.15 rows=50 width=131) (actual time=600.751..605.124 rows=30 loops=1)
Gather  (cost=1000.00..340869.41 rows=77 width=21) (actual time=10.199..635.259 rows=82 loops=1)
Gather  (cost=1000.00..340864.41 rows=27 width=21) (actual time=21.571..601.841 rows=54 loops=1)
Gather  (cost=1000.00..340870.41 rows=87 width=21) (actual time=454.833..625.348 rows=260 loops=1)
Gather Merge  (cost=340862.28..340867.88 rows=48 width=131) (actual time=598.107..602.648 rows=73 loops=1)
Gather  (cost=1000.00..340882.81 rows=211 width=21) (actual time=460.053..602.162 rows=80 loops=1)
Gather  (cost=1000.00..340864.41 rows=27 width=21) (actual time=134.360..617.285 rows=40 loops=1)
Gather  (cost=1000.00..340883.61 rows=219 width=21) (actual time=399.282..627.574 rows=219 loops=1)
Gather  (cost=1000.00..340864.41 rows=27 width=21) (actual time=49.373..610.217 rows=44 loops=1)
Gather  (cost=1000.00..340864.41 rows=27 width=21) (actual time=313.785..614.440 rows=72 loops=1)
Gather  (cost=1000.00..340864.31 rows=26 width=21) (actual time=559.192..589.308 rows=52 loops=1)
Gather  (cost=1000.00..340878.41 rows=167 width=140) (actual time=516.120..636.438 rows=160 loops=1)
Gather  (cost=1000.00..340864.41 rows=27 width=21) (actual time=172.618..613.385 rows=112 loops=1)
Gather Merge  (cost=340862.31..340868.15 rows=50 width=131) (actual time=621.290..625.684 rows=42 loops=1)
Gather  (cost=1000.00..340871.21 rows=95 width=403) (actual time=115.025..591.103 rows=42 loops=1)
Gather  (cost=1000.00..340864.41 rows=27 width=21) (actual time=54.150..611.050 rows=38 loops=1)
Gather  (cost=1000.00..340864.51 rows=28 width=140) (actual time=85.541..623.293 rows=36 loops=1)
Gather  (cost=1000.00..340864.41 rows=27 width=21) (actual time=139.779..618.112 rows=120 loops=1)
Gather Merge  (cost=340862.31..340868.15 rows=50 width=131) (actual time=631.615..636.085 rows=33 loops=1)
Gather  (cost=1000.00..340864.41 rows=27 width=21) (actual time=116.314..590.334 rows=58 loops=1)
Gather Merge  (cost=340862.28..340867.88 rows=48 width=131) (actual time=626.578..632.820 rows=60 loops=1)
Gather  (cost=1000.00..340864.31 rows=26 width=21) (actual time=573.667..608.568 rows=42 loops=1)
Gather  (cost=1000.00..340870.51 rows=88 width=21) (actual time=207.985..616.597 rows=52 loops=1)
Gather  (cost=1000.00..340877.41 rows=157 width=21) (actual time=585.328..607.325 rows=80 loops=1)
Gather  (cost=1000.00..340864.51 rows=28 width=140) (actual time=86.176..594.163 rows=45 loops=1)
Gather  (cost=1000.00..340864.41 rows=27 width=21) (actual time=262.841..611.375 rows=44 loops=1)
Gather  (cost=1000.00..340864.41 rows=27 width=140) (actual time=279.364..627.262 rows=26 loops=1)
Gather  (cost=1000.00..340864.41 rows=27 width=140) (actual time=513.852..616.151 rows=33 loops=1)
Gather  (cost=1000.00..340864.41 rows=27 width=403) (actual time=519.939..612.750 rows=33 loops=1)
Gather Merge  (cost=340862.28..340867.88 rows=48 width=131) (actual time=600.826..605.409 rows=58 loops=1)
Gather  (cost=1000.00..340864.41 rows=27 width=21) (actual time=120.043..635.428 rows=58 loops=1)
Gather  (cost=1000.00..340921.51 rows=598 width=21) (actual time=556.788..603.292 rows=600 loops=1)
Gather  (cost=1000.00..340864.41 rows=27 width=21) (actual time=146.613..631.206 rows=38 loops=1)
Gather Merge  (cost=340862.28..340867.88 rows=48 width=131) (actual time=600.979..631.019 rows=49 loops=1)
Gather  (cost=1000.00..340877.61 rows=159 width=21) (actual time=406.409..610.292 rows=300 loops=1)
Gather  (cost=1000.00..340876.31 rows=146 width=140) (actual time=205.186..586.967 rows=100 loops=1)
Gather  (cost=1000.00..340876.31 rows=146 width=403) (actual time=223.508..640.602 rows=100 loops=1)
Gather  (cost=1000.00..340864.51 rows=28 width=140) (actual time=88.103..609.535 rows=42 loops=1)
Gather  (cost=1000.00..340864.51 rows=28 width=21) (actual time=89.587..609.192 rows=46 loops=1)
Gather  (cost=1000.00..340864.41 rows=27 width=21) (actual time=60.500..587.738 rows=50 loops=1)
Gather  (cost=1000.00..340864.51 rows=28 width=140) (actual time=72.390..637.759 rows=75 loops=1)
Gather  (cost=1000.00..340876.11 rows=144 width=140) (actual time=546.626..604.698 rows=95 loops=1)
Gather  (cost=1000.00..340864.31 rows=26 width=21) (actual time=338.156..623.945 rows=38 loops=1)
Gather Merge  (cost=340862.28..340867.88 rows=48 width=131) (actual time=598.856..603.417 rows=56 loops=1)
Gather Merge  (cost=340862.28..340867.88 rows=48 width=131) (actual time=621.512..626.159 rows=96 loops=1)
Gather  (cost=1000.00..340864.51 rows=28 width=140) (actual time=75.775..599.337 rows=39 loops=1)
Gather  (cost=1000.00..340864.51 rows=28 width=403) (actual time=91.116..622.236 rows=39 loops=1)
Gather  (cost=1000.00..340864.31 rows=26 width=140) (actual time=318.186..622.397 rows=21 loops=1)
Gather  (cost=1000.00..340873.01 rows=113 width=140) (actual time=123.272..594.044 rows=132 loops=1)
Gather  (cost=1000.00..340864.31 rows=26 width=21) (actual time=441.466..607.212 rows=74 loops=1)
Gather Merge  (cost=340862.28..340867.88 rows=48 width=131) (actual time=618.279..622.754 rows=27 loops=1)
Gather  (cost=1000.00..340864.31 rows=26 width=21) (actual time=477.569..612.776 rows=60 loops=1)
Gather Merge  (cost=340862.31..340868.15 rows=50 width=131) (actual time=617.288..621.851 rows=52 loops=1)
Gather  (cost=1000.00..340868.31 rows=66 width=21) (actual time=138.186..592.157 rows=120 loops=1)
Gather  (cost=1000.00..340876.71 rows=150 width=21) (actual time=143.274..611.733 rows=84 loops=1)
Gather  (cost=1000.00..340864.41 rows=27 width=21) (actual time=290.764..619.435 rows=36 loops=1)
Gather  (cost=1000.00..340870.01 rows=83 width=21) (actual time=519.847..607.726 rows=82 loops=1)
Gather Merge  (cost=340862.31..340868.15 rows=50 width=131) (actual time=633.978..638.399 rows=136 loops=1)
Gather  (cost=1000.00..340864.41 rows=27 width=140) (actual time=288.921..591.822 rows=30 loops=1)
Gather  (cost=1000.00..340864.41 rows=27 width=21) (actual time=244.738..625.127 rows=54 loops=1)
Gather Merge  (cost=340862.28..340867.88 rows=48 width=131) (actual time=614.166..618.856 rows=48 loops=1)
Gather Merge  (cost=340864.98..340887.84 rows=196 width=131) (actual time=650.266..654.778 rows=183 loops=1)
Gather  (cost=1000.00..340864.41 rows=27 width=140) (actual time=250.713..590.154 rows=28 loops=1)
Gather  (cost=1000.00..340864.41 rows=27 width=403) (actual time=247.698..596.543 rows=28 loops=1)
Gather Merge  (cost=340864.66..340885.66 rows=180 width=131) (actual time=611.318..615.809 rows=103 loops=1)
Gather  (cost=1000.00..340864.41 rows=27 width=21) (actual time=161.234..630.687 rows=70 loops=1)
Gather  (cost=1000.00..340871.01 rows=93 width=140) (actual time=434.594..612.733 rows=162 loops=1)
Gather  (cost=1000.00..340877.11 rows=154 width=21) (actual time=451.225..617.716 rows=324 loops=1)
Gather  (cost=1000.00..340864.31 rows=26 width=140) (actual time=402.122..588.581 rows=45 loops=1)
Gather Merge  (cost=340862.28..340867.88 rows=48 width=131) (actual time=639.276..643.874 rows=64 loops=1)
Gather  (cost=1000.00..340864.41 rows=27 width=140) (actual time=70.003..609.342 rows=28 loops=1)
Gather Merge  (cost=340862.28..340867.88 rows=48 width=131) (actual time=640.369..644.940 rows=109 loops=1)
Gather Merge  (cost=340862.28..340867.88 rows=48 width=131) (actual time=596.340..600.726 rows=184 loops=1)
Gather  (cost=1000.00..340864.41 rows=27 width=21) (actual time=293.128..614.818 rows=66 loops=1)
Gather  (cost=1000.00..340864.41 rows=27 width=21) (actual time=483.578..600.523 rows=54 loops=1)
Gather  (cost=1000.00..340873.71 rows=120 width=140) (actual time=319.241..619.814 rows=145 loops=1)
Gather  (cost=1000.00..340923.41 rows=617 width=140) (actual time=120.307..622.641 rows=826 loops=1)
Gather  (cost=1000.00..340864.41 rows=27 width=140) (actual time=28.427..587.666 rows=16 loops=1)
Gather  (cost=1000.00..340864.41 rows=27 width=140) (actual time=484.032..587.421 rows=26 loops=1)
Gather Merge  (cost=340862.28..340867.88 rows=48 width=131) (actual time=651.835..656.280 rows=28 loops=1)
Gather  (cost=1000.00..340923.31 rows=616 width=21) (actual time=235.320..607.851 rows=1197 loops=1)
Gather  (cost=1000.00..340879.11 rows=174 width=140) (actual time=214.297..608.787 rows=172 loops=1)
Gather  (cost=1000.00..340864.41 rows=27 width=140) (actual time=298.075..593.373 rows=45 loops=1)
Gather  (cost=1000.00..340864.41 rows=27 width=403) (actual time=351.295..650.439 rows=45 loops=1)
Gather  (cost=1000.00..340864.31 rows=26 width=21) (actual time=478.319..618.375 rows=40 loops=1)
Gather Merge  (cost=340862.28..340867.88 rows=48 width=131) (actual time=617.445..621.758 rows=27 loops=1)
Gather  (cost=1000.00..340864.41 rows=27 width=140) (actual time=502.696..588.551 rows=45 loops=1)
Gather Merge  (cost=340862.28..340867.88 rows=48 width=131) (actual time=621.537..626.131 rows=39 loops=1)
Gather  (cost=1000.00..340864.41 rows=27 width=21) (actual time=198.851..612.818 rows=50 loops=1)
Gather Merge  (cost=340862.28..340867.88 rows=48 width=131) (actual time=625.176..629.504 rows=121 loops=1)
Gather  (cost=1000.00..340876.01 rows=143 width=21) (actual time=444.224..603.987 rows=98 loops=1)
Gather  (cost=1000.00..340864.41 rows=27 width=21) (actual time=189.785..589.546 rows=60 loops=1)
Gather  (cost=1000.00..340869.41 rows=77 width=21) (actual time=307.878..620.208 rows=100 loops=1)
Gather Merge  (cost=340862.31..340868.15 rows=50 width=131) (actual time=632.907..637.324 rows=151 loops=1)
Gather  (cost=1000.00..340868.81 rows=71 width=21) (actual time=290.629..623.624 rows=48 loops=1)
Gather  (cost=1000.00..340864.31 rows=26 width=140) (actual time=451.957..590.607 rows=60 loops=1)
Gather  (cost=1000.00..340864.41 rows=27 width=21) (actual time=495.669..609.334 rows=58 loops=1)
Gather Merge  (cost=340862.31..340868.15 rows=50 width=131) (actual time=632.061..636.583 rows=96 loops=1)
Gather  (cost=1000.00..340864.31 rows=26 width=140) (actual time=449.485..616.772 rows=16 loops=1)
Gather Merge  (cost=340862.28..340867.88 rows=48 width=131) (actual time=616.911..621.508 rows=230 loops=1)
Gather Merge  (cost=340862.28..340867.88 rows=48 width=131) (actual time=599.770..604.318 rows=84 loops=1)
Gather  (cost=1000.00..340877.71 rows=160 width=21) (actual time=452.354..621.076 rows=204 loops=1)
Gather  (cost=1000.00..340864.41 rows=27 width=21) (actual time=45.869..609.263 rows=80 loops=1)
Gather  (cost=1000.00..340864.41 rows=27 width=21) (actual time=37.949..622.116 rows=159 loops=1)
Gather  (cost=1000.00..340878.91 rows=172 width=21) (actual time=459.000..609.075 rows=376 loops=1)
Gather Merge  (cost=340862.28..340867.88 rows=48 width=131) (actual time=602.899..609.744 rows=33 loops=1)
Gather Merge  (cost=340862.28..340867.88 rows=48 width=131) (actual time=636.939..641.507 rows=48 loops=1)
Gather  (cost=1000.00..340868.71 rows=70 width=140) (actual time=203.279..618.214 rows=75 loops=1)
Gather  (cost=1000.00..340864.31 rows=26 width=21) (actual time=322.740..615.898 rows=42 loops=1)
Gather  (cost=1000.00..340877.41 rows=157 width=140) (actual time=273.112..590.430 rows=196 loops=1)
Gather  (cost=1000.00..340864.41 rows=27 width=140) (actual time=9.488..622.257 rows=42 loops=1)
Gather  (cost=1000.00..340864.41 rows=27 width=21) (actual time=299.409..610.955 rows=44 loops=1)
Gather  (cost=1000.00..340864.41 rows=27 width=21) (actual time=591.696..623.041 rows=58 loops=1)
Gather Merge  (cost=340864.22..340882.66 rows=158 width=131) (actual time=598.555..603.078 rows=333 loops=1)
Gather  (cost=1000.00..340864.41 rows=27 width=403) (actual time=205.298..590.077 rows=60 loops=1)
Gather  (cost=1000.00..340864.41 rows=27 width=21) (actual time=187.207..635.661 rows=42 loops=1)
Gather  (cost=1000.00..340864.31 rows=26 width=21) (actual time=542.552..623.133 rows=56 loops=1)
Gather  (cost=1000.00..340864.41 rows=27 width=21) (actual time=64.199..603.042 rows=52 loops=1)
Gather  (cost=1000.00..340864.41 rows=27 width=140) (actual time=294.336..591.436 rows=42 loops=1)
Gather  (cost=1000.00..340871.61 rows=99 width=140) (actual time=164.430..613.828 rows=324 loops=1)
Gather  (cost=1000.00..340876.61 rows=149 width=21) (actual time=321.503..627.427 rows=156 loops=1)
Gather  (cost=1000.00..340868.71 rows=70 width=21) (actual time=487.671..609.745 rows=165 loops=1)
Gather  (cost=1000.00..340864.41 rows=27 width=21) (actual time=185.975..604.234 rows=54 loops=1)
Gather  (cost=1000.00..340864.31 rows=26 width=21) (actual time=345.964..590.224 rows=52 loops=1)
Gather  (cost=1000.00..340864.41 rows=27 width=21) (actual time=49.155..628.744 rows=81 loops=1)
Gather Merge  (cost=340862.28..340867.88 rows=48 width=131) (actual time=626.783..631.221 rows=48 loops=1)
Gather  (cost=1000.00..340864.41 rows=27 width=403) (actual time=267.176..621.928 rows=48 loops=1)
Gather Merge  (cost=340862.31..340868.15 rows=50 width=131) (actual time=597.901..602.457 rows=28 loops=1)
Gather  (cost=1000.00..340864.41 rows=27 width=21) (actual time=287.945..621.982 rows=44 loops=1)
Gather  (cost=1000.00..340864.31 rows=26 width=21) (actual time=419.639..603.880 rows=45 loops=1)
Gather  (cost=1000.00..340864.41 rows=27 width=21) (actual time=387.168..613.028 rows=44 loops=1)
Gather Merge  (cost=340862.31..340868.15 rows=50 width=131) (actual time=622.594..626.883 rows=93 loops=1)
Gather  (cost=1000.00..340864.41 rows=27 width=403) (actual time=290.417..588.304 rows=45 loops=1)
Gather  (cost=1000.00..340864.41 rows=27 width=140) (actual time=218.986..624.805 rows=27 loops=1)
Gather  (cost=1000.00..340864.41 rows=27 width=140) (actual time=273.911..629.377 rows=87 loops=1)
Gather  (cost=1000.00..340864.41 rows=27 width=21) (actual time=68.385..616.946 rows=54 loops=1)
Gather  (cost=1000.00..340864.31 rows=26 width=21) (actual time=322.066..589.708 rows=56 loops=1)
Gather  (cost=1000.00..340864.41 rows=27 width=21) (actual time=151.789..609.227 rows=56 loops=1)
Gather Merge  (cost=340862.28..340867.88 rows=48 width=131) (actual time=639.186..643.816 rows=60 loops=1)
Gather  (cost=1000.00..340864.31 rows=26 width=403) (actual time=455.852..610.041 rows=60 loops=1)
Gather  (cost=1000.00..340864.31 rows=26 width=21) (actual time=577.607..608.814 rows=102 loops=1)
Gather  (cost=1000.00..340864.41 rows=27 width=21) (actual time=133.703..588.266 rows=38 loops=1)
Gather Merge  (cost=340862.28..340867.88 rows=48 width=131) (actual time=645.209..649.675 rows=133 loops=1)
Gather  (cost=1000.00..340864.41 rows=27 width=21) (actual time=369.601..614.157 rows=60 loops=1)
Gather  (cost=1000.00..340864.41 rows=27 width=140) (actual time=7.209..605.477 rows=45 loops=1)
Gather  (cost=1000.00..340864.41 rows=27 width=403) (actual time=7.164..590.455 rows=45 loops=1)
Gather  (cost=1000.00..340864.41 rows=27 width=21) (actual time=262.295..608.771 rows=82 loops=1)
Gather  (cost=1000.00..340875.81 rows=141 width=21) (actual time=329.031..612.429 rows=256 loops=1)
Gather Merge  (cost=340862.31..340868.15 rows=50 width=131) (actual time=638.624..642.794 rows=39 loops=1)
Gather  (cost=1000.00..340864.41 rows=27 width=403) (actual time=190.978..607.290 rows=39 loops=1)
Gather  (cost=1000.00..340877.41 rows=157 width=140) (actual time=273.310..589.713 rows=196 loops=1)
Gather  (cost=1000.00..340864.41 rows=27 width=140) (actual time=513.474..630.147 rows=45 loops=1)
Gather  (cost=1000.00..340864.41 rows=27 width=21) (actual time=394.106..606.536 rows=82 loops=1)
Gather  (cost=1000.00..340864.41 rows=27 width=140) (actual time=63.925..621.938 rows=36 loops=1)
Gather  (cost=1000.00..340864.51 rows=28 width=21) (actual time=80.036..593.069 rows=60 loops=1)
Gather  (cost=1000.00..340868.31 rows=66 width=21) (actual time=575.289..626.514 rows=110 loops=1)
Gather  (cost=1000.00..340864.41 rows=27 width=21) (actual time=287.529..602.544 rows=30 loops=1)
Gather  (cost=1000.00..340870.61 rows=89 width=21) (actual time=530.283..634.360 rows=100 loops=1)
Gather  (cost=1000.00..340864.51 rows=28 width=21) (actual time=79.678..589.774 rows=51 loops=1)
Gather  (cost=1000.00..340898.71 rows=370 width=21) (actual time=580.688..611.480 rows=846 loops=1)
Gather Merge  (cost=340862.31..340868.15 rows=50 width=131) (actual time=603.011..607.576 rows=21 loops=1)
Gather  (cost=1000.00..340868.41 rows=67 width=140) (actual time=320.335..621.139 rows=156 loops=1)
Gather  (cost=1000.00..340864.41 rows=27 width=140) (actual time=248.641..625.889 rows=20 loops=1)
Gather Merge  (cost=340862.28..340867.88 rows=48 width=131) (actual time=621.112..625.442 rows=84 loops=1)
Gather  (cost=1000.00..340868.01 rows=63 width=403) (actual time=508.523..588.194 rows=84 loops=1)
Gather Merge  (cost=340862.28..340867.88 rows=48 width=131) (actual time=656.853..661.358 rows=24 loops=1)
Gather Merge  (cost=340862.28..340867.88 rows=48 width=131) (actual time=619.846..624.283 rows=27 loops=1)
Gather  (cost=1000.00..340864.41 rows=27 width=140) (actual time=508.326..614.298 rows=57 loops=1)
Gather  (cost=1000.00..340868.11 rows=64 width=21) (actual time=328.944..586.871 rows=144 loops=1)
Gather  (cost=1000.00..340864.31 rows=26 width=21) (actual time=360.048..616.208 rows=56 loops=1)
Gather  (cost=1000.00..340864.41 rows=27 width=21) (actual time=281.460..601.383 rows=72 loops=1)
Gather  (cost=1000.00..340864.31 rows=26 width=21) (actual time=315.170..610.273 rows=87 loops=1)
Gather Merge  (cost=340862.31..340868.15 rows=50 width=131) (actual time=633.637..638.101 rows=54 loops=1)
Gather  (cost=1000.00..340869.41 rows=77 width=21) (actual time=105.531..593.321 rows=76 loops=1)
Gather Merge  (cost=340862.28..340867.88 rows=48 width=131) (actual time=640.027..647.779 rows=65 loops=1)
Gather  (cost=1000.00..340874.51 rows=128 width=21) (actual time=360.581..614.141 rows=272 loops=1)
Gather  (cost=1000.00..340864.41 rows=27 width=140) (actual time=241.670..610.498 rows=27 loops=1)
Gather  (cost=1000.00..340864.41 rows=27 width=21) (actual time=141.406..614.334 rows=60 loops=1)
Gather  (cost=1000.00..340864.31 rows=26 width=140) (actual time=540.129..588.650 rows=36 loops=1)
Gather Merge  (cost=340871.08..340926.39 rows=474 width=131) (actual time=645.802..650.469 rows=368 loops=1)
Gather  (cost=1000.00..340875.81 rows=141 width=140) (actual time=53.050..613.219 rows=56 loops=1)
Gather  (cost=1000.00..340875.81 rows=141 width=403) (actual time=52.809..606.135 rows=56 loops=1)
Gather  (cost=1000.00..340864.31 rows=26 width=140) (actual time=517.162..592.754 rows=90 loops=1)
Gather Merge  (cost=340891.03..341038.04 rows=1260 width=131) (actual time=623.105..627.598 rows=1160 loops=1)
Gather  (cost=1000.00..340864.41 rows=27 width=140) (actual time=312.221..625.297 rows=54 loops=1)
Gather  (cost=1000.00..340864.51 rows=28 width=21) (actual time=80.433..611.054 rows=48 loops=1)
Gather Merge  (cost=340862.28..340867.88 rows=48 width=131) (actual time=631.489..635.971 rows=69 loops=1)
Gather  (cost=1000.00..340876.91 rows=152 width=21) (actual time=529.839..590.977 rows=129 loops=1)
Gather  (cost=1000.00..340868.01 rows=63 width=21) (actual time=130.225..622.738 rows=74 loops=1)
Gather  (cost=1000.00..340922.61 rows=609 width=21) (actual time=465.566..608.712 rows=815 loops=1)
Gather  (cost=1000.00..340871.41 rows=97 width=21) (actual time=29.184..609.396 rows=114 loops=1)
Gather  (cost=1000.00..340864.31 rows=26 width=140) (actual time=460.293..605.402 rows=18 loops=1)
Gather Merge  (cost=340862.28..340867.88 rows=48 width=131) (actual time=600.593..605.212 rows=135 loops=1)
Gather  (cost=1000.00..340872.11 rows=104 width=403) (actual time=528.427..614.257 rows=135 loops=1)
Gather  (cost=1000.00..340864.31 rows=26 width=21) (actual time=369.967..631.843 rows=208 loops=1)
Gather  (cost=1000.00..340864.41 rows=27 width=21) (actual time=53.231..612.698 rows=144 loops=1)
Gather  (cost=1000.00..340864.41 rows=27 width=21) (actual time=384.978..616.341 rows=50 loops=1)
Gather  (cost=1000.00..340864.31 rows=26 width=21) (actual time=340.189..589.928 rows=38 loops=1)
Gather Merge  (cost=340862.28..340867.88 rows=48 width=131) (actual time=637.760..642.493 rows=65 loops=1)
Gather  (cost=1000.00..340924.01 rows=623 width=21) (actual time=143.130..599.438 rows=721 loops=1)
Gather Merge  (cost=340864.34..340883.48 rows=164 width=131) (actual time=642.223..646.759 rows=75 loops=1)
Gather  (cost=1000.00..340867.81 rows=61 width=21) (actual time=392.434..589.650 rows=48 loops=1)
Gather  (cost=1000.00..340864.31 rows=26 width=21) (actual time=418.600..596.568 rows=72 loops=1)
Gather  (cost=1000.00..340864.51 rows=28 width=140) (actual time=82.441..608.186 rows=36 loops=1)
Gather  (cost=1000.00..340864.51 rows=28 width=403) (actual time=85.915..626.189 rows=36 loops=1)
Gather  (cost=1000.00..340867.91 rows=62 width=21) (actual time=273.837..604.678 rows=128 loops=1)
Gather  (cost=1000.00..340870.31 rows=86 width=21) (actual time=553.331..614.218 rows=276 loops=1)
Gather  (cost=1000.00..340864.41 rows=27 width=21) (actual time=146.053..590.320 rows=48 loops=1)
Gather Merge  (cost=340862.28..340867.88 rows=48 width=131) (actual time=667.960..672.465 rows=74 loops=1)
Gather Merge  (cost=340862.28..340867.88 rows=48 width=131) (actual time=623.229..627.751 rows=200 loops=1)
Gather Merge  (cost=340862.31..340868.15 rows=50 width=131) (actual time=634.260..638.781 rows=76 loops=1)
Gather Merge  (cost=340862.28..340867.88 rows=48 width=131) (actual time=598.971..603.483 rows=108 loops=1)
Gather Merge  (cost=340862.31..340868.15 rows=50 width=131) (actual time=636.252..640.580 rows=72 loops=1)
Gather Merge  (cost=340862.31..340868.15 rows=50 width=131) (actual time=613.168..617.880 rows=48 loops=1)
Gather  (cost=1000.00..340870.61 rows=89 width=403) (actual time=119.922..618.813 rows=48 loops=1)
Gather  (cost=1000.00..340864.31 rows=26 width=21) (actual time=421.738..609.505 rows=86 loops=1)
Gather  (cost=1000.00..340864.41 rows=27 width=21) (actual time=243.383..607.176 rows=69 loops=1)
Gather  (cost=1000.00..340864.41 rows=27 width=21) (actual time=581.509..590.687 rows=28 loops=1)
Gather  (cost=1000.00..340864.41 rows=27 width=21) (actual time=413.743..633.105 rows=72 loops=1)
Gather Merge  (cost=340862.31..340868.15 rows=50 width=131) (actual time=627.448..632.202 rows=27 loops=1)
Gather  (cost=1000.00..340864.41 rows=27 width=21) (actual time=218.314..603.877 rows=84 loops=1)
Gather  (cost=1000.00..340864.31 rows=26 width=140) (actual time=559.089..591.142 rows=70 loops=1)
Gather  (cost=1000.00..340864.41 rows=27 width=140) (actual time=613.537..622.332 rows=39 loops=1)
Gather Merge  (cost=340864.07..340881.57 rows=150 width=131) (actual time=621.573..626.051 rows=121 loops=1)
Gather  (cost=1000.00..340868.61 rows=69 width=140) (actual time=51.299..626.427 rows=135 loops=1)
Gather  (cost=1000.00..340883.61 rows=219 width=21) (actual time=65.731..604.095 rows=70 loops=1)
Gather  (cost=1000.00..340879.41 rows=177 width=21) (actual time=20.284..590.741 rows=147 loops=1)
Gather Merge  (cost=340869.47..340916.61 rows=404 width=131) (actual time=642.447..647.062 rows=212 loops=1)
Gather  (cost=1000.00..340864.41 rows=27 width=21) (actual time=599.703..609.780 rows=44 loops=1)
Gather  (cost=1000.00..340864.31 rows=26 width=140) (actual time=568.274..612.509 rows=45 loops=1)
Gather Merge  (cost=340862.28..340867.88 rows=48 width=131) (actual time=600.220..604.901 rows=84 loops=1)
Gather Merge  (cost=340862.28..340867.88 rows=48 width=131) (actual time=631.600..636.136 rows=50 loops=1)
Gather  (cost=1000.00..340873.31 rows=116 width=21) (actual time=278.180..608.515 rows=174 loops=1)
Gather  (cost=1000.00..340870.31 rows=86 width=21) (actual time=547.785..623.867 rows=276 loops=1)
Gather Merge  (cost=340862.28..340867.88 rows=48 width=131) (actual time=599.999..604.440 rows=137 loops=1)
Gather  (cost=1000.00..340872.91 rows=112 width=140) (actual time=227.217..612.583 rows=112 loops=1)
Gather  (cost=1000.00..340864.31 rows=26 width=140) (actual time=426.101..608.644 rows=36 loops=1)
Gather  (cost=1000.00..340864.31 rows=26 width=21) (actual time=361.770..623.114 rows=50 loops=1)
Gather Merge  (cost=340862.28..340867.88 rows=48 width=131) (actual time=616.496..621.062 rows=134 loops=1)
Gather  (cost=1000.00..340864.41 rows=27 width=140) (actual time=243.147..591.004 rows=80 loops=1)
Gather  (cost=1000.00..340864.41 rows=27 width=21) (actual time=201.066..612.044 rows=34 loops=1)
Gather  (cost=1000.00..340925.31 rows=636 width=140) (actual time=171.512..608.465 rows=1100 loops=1)
Gather  (cost=1000.00..340925.31 rows=636 width=403) (actual time=171.667..616.420 rows=1100 loops=1)
Gather  (cost=1000.00..340864.51 rows=28 width=21) (actual time=115.267..609.014 rows=112 loops=1)
Gather Merge  (cost=340862.31..340868.15 rows=50 width=131) (actual time=596.820..601.372 rows=65 loops=1)
Gather Merge  (cost=340862.28..340867.88 rows=48 width=131) (actual time=644.099..648.426 rows=50 loops=1)
Gather  (cost=1000.00..340864.41 rows=27 width=21) (actual time=499.317..615.600 rows=52 loops=1)
Gather Merge  (cost=340862.31..340868.15 rows=50 width=131) (actual time=615.645..620.205 rows=56 loops=1)
Gather  (cost=1000.00..340864.41 rows=27 width=140) (actual time=182.852..592.733 rows=81 loops=1)
Gather  (cost=1000.00..340868.31 rows=66 width=21) (actual time=133.419..625.137 rows=58 loops=1)
Gather  (cost=1000.00..340923.31 rows=616 width=140) (actual time=518.863..614.839 rows=990 loops=1)
Gather Merge  (cost=340862.31..340868.15 rows=50 width=131) (actual time=634.524..638.962 rows=124 loops=1)
Gather Merge  (cost=340862.28..340867.88 rows=48 width=131) (actual time=601.853..606.283 rows=118 loops=1)
Gather  (cost=1000.00..340864.31 rows=26 width=21) (actual time=462.705..611.454 rows=82 loops=1)
Gather Merge  (cost=340862.31..340868.15 rows=50 width=131) (actual time=619.109..623.753 rows=48 loops=1)
Gather  (cost=1000.00..340874.31 rows=126 width=21) (actual time=137.234..618.465 rows=213 loops=1)
Gather Merge  (cost=340862.28..340867.88 rows=48 width=131) (actual time=614.919..619.431 rows=71 loops=1)
Gather  (cost=1000.00..340871.21 rows=95 width=140) (actual time=317.243..591.545 rows=204 loops=1)
Gather  (cost=1000.00..340864.41 rows=27 width=21) (actual time=501.496..610.218 rows=28 loops=1)
Gather  (cost=1000.00..340876.11 rows=144 width=140) (actual time=384.218..610.460 rows=36 loops=1)
Gather  (cost=1000.00..340864.51 rows=28 width=140) (actual time=95.358..621.842 rows=26 loops=1)
Gather Merge  (cost=340862.28..340867.88 rows=48 width=131) (actual time=621.686..626.346 rows=50 loops=1)
Gather  (cost=1000.00..340864.41 rows=27 width=21) (actual time=274.027..589.514 rows=66 loops=1)
Gather Merge  (cost=340862.28..340867.88 rows=48 width=131) (actual time=620.647..625.359 rows=95 loops=1)
Gather Merge  (cost=340862.28..340867.88 rows=48 width=131) (actual time=618.972..623.589 rows=70 loops=1)
Gather Merge  (cost=340862.31..340868.15 rows=50 width=131) (actual time=647.303..651.874 rows=39 loops=1)
Gather  (cost=1000.00..340868.71 rows=70 width=21) (actual time=354.164..604.842 rows=92 loops=1)
Gather  (cost=1000.00..340883.71 rows=220 width=21) (actual time=178.344..592.905 rows=312 loops=1)
Gather  (cost=1000.00..340864.41 rows=27 width=21) (actual time=294.884..634.583 rows=84 loops=1)
Gather Merge  (cost=340862.28..340867.88 rows=48 width=131) (actual time=627.404..632.145 rows=132 loops=1)
Gather  (cost=1000.00..340864.41 rows=27 width=21) (actual time=603.616..611.613 rows=54 loops=1)
Gather  (cost=1000.00..340870.11 rows=84 width=21) (actual time=78.386..610.114 rows=38 loops=1)
Gather  (cost=1000.00..340864.31 rows=26 width=140) (actual time=454.157..591.469 rows=39 loops=1)
Gather  (cost=1000.00..340864.31 rows=26 width=403) (actual time=473.277..623.322 rows=39 loops=1)
Gather  (cost=1000.00..340864.31 rows=26 width=140) (actual time=477.675..608.974 rows=52 loops=1)
Gather Merge  (cost=340862.31..340868.15 rows=50 width=131) (actual time=658.479..663.045 rows=30 loops=1)
Gather  (cost=1000.00..340864.41 rows=27 width=140) (actual time=366.243..590.609 rows=66 loops=1)
Gather  (cost=1000.00..340864.41 rows=27 width=21) (actual time=487.302..620.145 rows=40 loops=1)
Gather  (cost=1000.00..340868.81 rows=71 width=21) (actual time=118.862..608.350 rows=48 loops=1)
Gather  (cost=1000.00..340864.31 rows=26 width=140) (actual time=359.812..604.957 rows=56 loops=1)
Gather  (cost=1000.00..340864.41 rows=27 width=21) (actual time=381.660..628.561 rows=48 loops=1)
Gather  (cost=1000.00..340873.61 rows=119 width=21) (actual time=206.832..590.438 rows=136 loops=1)
Gather  (cost=1000.00..340864.31 rows=26 width=140) (actual time=516.015..611.029 rows=100 loops=1)
Gather  (cost=1000.00..340868.11 rows=64 width=21) (actual time=490.052..611.868 rows=100 loops=1)
Gather  (cost=1000.00..340864.41 rows=27 width=21) (actual time=230.879..618.994 rows=52 loops=1)
Gather  (cost=1000.00..340864.31 rows=26 width=21) (actual time=371.410..623.429 rows=69 loops=1)
Gather Merge  (cost=340862.31..340868.15 rows=50 width=131) (actual time=604.894..609.268 rows=70 loops=1)
Gather  (cost=1000.00..340878.71 rows=170 width=21) (actual time=96.958..611.200 rows=81 loops=1)
Gather  (cost=1000.00..340864.31 rows=26 width=21) (actual time=455.740..618.264 rows=32 loops=1)
Gather  (cost=1000.00..340877.51 rows=158 width=21) (actual time=553.284..615.633 rows=212 loops=1)
Gather  (cost=1000.00..340864.41 rows=27 width=140) (actual time=275.459..619.249 rows=42 loops=1)
Gather  (cost=1000.00..340864.31 rows=26 width=140) (actual time=300.081..589.347 rows=24 loops=1)
Gather Merge  (cost=340862.28..340867.88 rows=48 width=131) (actual time=639.076..643.573 rows=126 loops=1)
Gather  (cost=1000.00..340864.41 rows=27 width=21) (actual time=49.333..603.836 rows=40 loops=1)
Gather Merge  (cost=340862.28..340867.88 rows=48 width=131) (actual time=636.978..641.703 rows=60 loops=1)
Gather  (cost=1000.00..340864.41 rows=27 width=21) (actual time=25.208..588.595 rows=42 loops=1)
Gather  (cost=1000.00..340864.31 rows=26 width=140) (actual time=401.441..611.243 rows=45 loops=1)
Gather  (cost=1000.00..340877.41 rows=157 width=21) (actual time=519.569..614.426 rows=256 loops=1)
Gather  (cost=1000.00..340864.41 rows=27 width=21) (actual time=2.650..612.614 rows=46 loops=1)
Gather Merge  (cost=340862.28..340867.88 rows=48 width=131) (actual time=618.774..623.535 rows=114 loops=1)
Gather  (cost=1000.00..340898.71 rows=370 width=140) (actual time=223.750..586.267 rows=240 loops=1)
Gather  (cost=1000.00..340864.31 rows=26 width=21) (actual time=583.812..620.670 rows=66 loops=1)
Gather  (cost=1000.00..340864.41 rows=27 width=21) (actual time=223.681..617.313 rows=92 loops=1)
Gather Merge  (cost=340864.98..340887.84 rows=196 width=131) (actual time=628.360..632.767 rows=174 loops=1)
Gather  (cost=1000.00..340864.41 rows=27 width=403) (actual time=508.914..608.066 rows=108 loops=1)
Gather  (cost=1000.00..340864.41 rows=27 width=21) (actual time=384.884..587.665 rows=34 loops=1)
Gather  (cost=1000.00..340864.41 rows=27 width=21) (actual time=233.630..626.689 rows=74 loops=1)
Gather Merge  (cost=340862.28..340867.88 rows=48 width=131) (actual time=627.494..631.996 rows=135 loops=1)
Gather  (cost=1000.00..340864.31 rows=26 width=140) (actual time=438.619..606.215 rows=21 loops=1)
Gather  (cost=1000.00..340864.31 rows=26 width=21) (actual time=531.501..588.768 rows=92 loops=1)
Gather  (cost=1000.00..340868.71 rows=70 width=21) (actual time=207.769..626.148 rows=104 loops=1)
Gather  (cost=1000.00..340864.41 rows=27 width=21) (actual time=125.945..607.037 rows=48 loops=1)
Gather Merge  (cost=340862.31..340868.15 rows=50 width=131) (actual time=640.480..645.024 rows=138 loops=1)
Gather Merge  (cost=340862.28..340867.88 rows=48 width=131) (actual time=597.705..602.168 rows=50 loops=1)
Gather  (cost=1000.00..340864.41 rows=27 width=21) (actual time=101.781..605.923 rows=86 loops=1)
Gather  (cost=1000.00..340864.41 rows=27 width=21) (actual time=497.290..609.170 rows=60 loops=1)
Gather  (cost=1000.00..340864.41 rows=27 width=21) (actual time=153.910..610.560 rows=42 loops=1)
Gather  (cost=1000.00..340876.01 rows=143 width=21) (actual time=307.839..618.349 rows=212 loops=1)
Gather  (cost=1000.00..340864.41 rows=27 width=140) (actual time=277.931..592.468 rows=39 loops=1)
Gather  (cost=1000.00..340864.41 rows=27 width=21) (actual time=188.357..606.262 rows=40 loops=1)
Gather Merge  (cost=340862.28..340867.88 rows=48 width=131) (actual time=627.534..631.954 rows=300 loops=1)
Gather Merge  (cost=340862.28..340867.88 rows=48 width=131) (actual time=618.620..623.016 rows=40 loops=1)
Gather  (cost=1000.00..340864.31 rows=26 width=21) (actual time=560.273..608.971 rows=48 loops=1)
Gather  (cost=1000.00..340864.41 rows=27 width=140) (actual time=299.261..608.979 rows=120 loops=1)
Gather Merge  (cost=340864.98..340887.84 rows=196 width=131) (actual time=646.083..650.616 rows=134 loops=1)
Gather  (cost=1000.00..340864.41 rows=27 width=21) (actual time=269.031..614.976 rows=66 loops=1)
Gather  (cost=1000.00..340864.41 rows=27 width=140) (actual time=198.804..608.597 rows=45 loops=1)
Gather Merge  (cost=340862.28..340867.88 rows=48 width=131) (actual time=597.239..601.799 rows=48 loops=1)
Gather Merge  (cost=340862.28..340867.88 rows=48 width=131) (actual time=643.523..648.129 rows=32 loops=1)
Gather  (cost=1000.00..340872.41 rows=107 width=403) (actual time=268.657..600.383 rows=32 loops=1)
Gather  (cost=1000.00..340864.51 rows=28 width=21) (actual time=78.553..613.218 rows=44 loops=1)
Gather  (cost=1000.00..340864.31 rows=26 width=140) (actual time=454.431..608.130 rows=78 loops=1)
Gather  (cost=1000.00..340864.31 rows=26 width=140) (actual time=341.500..588.649 rows=40 loops=1)
Gather  (cost=1000.00..340864.31 rows=26 width=21) (actual time=469.856..630.710 rows=44 loops=1)
Gather  (cost=1000.00..340870.51 rows=88 width=21) (actual time=299.916..613.686 rows=114 loops=1)
Gather  (cost=1000.00..340864.31 rows=26 width=21) (actual time=464.209..622.189 rows=68 loops=1)
Gather Merge  (cost=340864.11..340881.84 rows=152 width=131) (actual time=599.325..603.909 rows=108 loops=1)
Gather  (cost=1000.00..340880.01 rows=183 width=403) (actual time=46.827..629.326 rows=108 loops=1)
Gather  (cost=1000.00..340864.41 rows=27 width=21) (actual time=154.591..604.370 rows=38 loops=1)
Gather  (cost=1000.00..340864.31 rows=26 width=21) (actual time=410.715..611.083 rows=48 loops=1)
Gather  (cost=1000.00..340864.41 rows=27 width=21) (actual time=213.639..608.838 rows=54 loops=1)
Gather  (cost=1000.00..340864.41 rows=27 width=140) (actual time=499.676..589.593 rows=96 loops=1)
Gather  (cost=1000.00..340864.41 rows=27 width=403) (actual time=543.421..640.833 rows=96 loops=1)
Gather  (cost=1000.00..340864.31 rows=26 width=21) (actual time=433.029..610.997 rows=68 loops=1)
Gather Merge  (cost=340862.31..340868.15 rows=50 width=131) (actual time=641.740..646.229 rows=120 loops=1)
Gather  (cost=1000.00..340877.01 rows=153 width=21) (actual time=410.482..590.531 rows=156 loops=1)
Gather  (cost=1000.00..340864.31 rows=26 width=140) (actual time=436.010..614.694 rows=42 loops=1)
Gather  (cost=1000.00..340877.61 rows=159 width=21) (actual time=147.981..612.196 rows=256 loops=1)
Gather  (cost=1000.00..340864.31 rows=26 width=21) (actual time=575.359..617.592 rows=56 loops=1)
Gather  (cost=1000.00..340864.41 rows=27 width=21) (actual time=178.259..613.124 rows=40 loops=1)
Gather  (cost=1000.00..340864.31 rows=26 width=140) (actual time=318.665..588.878 rows=90 loops=1)
Gather  (cost=1000.00..340864.31 rows=26 width=21) (actual time=335.582..636.211 rows=70 loops=1)
Gather Merge  (cost=340862.28..340867.88 rows=48 width=131) (actual time=630.648..635.219 rows=45 loops=1)
Gather Merge  (cost=340862.31..340868.15 rows=50 width=131) (actual time=632.027..636.558 rows=160 loops=1)
Gather  (cost=1000.00..340864.41 rows=27 width=403) (actual time=291.006..588.633 rows=60 loops=1)
Gather  (cost=1000.00..340864.31 rows=26 width=140) (actual time=349.732..608.716 rows=30 loops=1)
Gather  (cost=1000.00..340869.71 rows=80 width=21) (actual time=339.381..614.352 rows=64 loops=1)
Gather  (cost=1000.00..340864.41 rows=27 width=140) (actual time=248.480..615.016 rows=196 loops=1)
Gather Merge  (cost=340862.31..340868.15 rows=50 width=131) (actual time=611.878..616.228 rows=168 loops=1)
Gather  (cost=1000.00..340925.11 rows=634 width=21) (actual time=200.910..588.709 rows=516 loops=1)
Gather  (cost=1000.00..340864.31 rows=26 width=140) (actual time=340.900..619.531 rows=28 loops=1)
Gather  (cost=1000.00..340874.71 rows=130 width=140) (actual time=39.307..630.761 rows=164 loops=1)
Gather  (cost=1000.00..340864.41 rows=27 width=140) (actual time=174.273..609.343 rows=24 loops=1)
Gather Merge  (cost=340862.28..340867.88 rows=48 width=131) (actual time=618.495..623.402 rows=45 loops=1)
Gather Merge  (cost=340862.28..340867.88 rows=48 width=131) (actual time=594.153..600.016 rows=143 loops=1)
Gather Merge  (cost=340862.31..340868.15 rows=50 width=131) (actual time=657.285..661.677 rows=134 loops=1)
Gather  (cost=1000.00..340864.41 rows=27 width=21) (actual time=511.113..610.855 rows=156 loops=1)
Gather  (cost=1000.00..340864.41 rows=27 width=140) (actual time=303.739..608.330 rows=30 loops=1)
Gather  (cost=1000.00..340883.01 rows=213 width=21) (actual time=76.466..589.405 rows=220 loops=1)
Gather Merge  (cost=340862.28..340867.88 rows=48 width=131) (actual time=642.857..647.534 rows=42 loops=1)
Gather  (cost=1000.00..340864.41 rows=27 width=21) (actual time=110.672..623.386 rows=99 loops=1)
Gather  (cost=1000.00..340864.41 rows=27 width=140) (actual time=218.796..606.784 rows=18 loops=1)
Gather Merge  (cost=340862.28..340867.88 rows=48 width=131) (actual time=599.045..603.644 rows=65 loops=1)
Gather  (cost=1000.00..340864.31 rows=26 width=21) (actual time=448.507..611.490 rows=50 loops=1)
Gather  (cost=1000.00..340864.41 rows=27 width=21) (actual time=23.246..611.435 rows=72 loops=1)
Gather  (cost=1000.00..340868.61 rows=69 width=21) (actual time=417.429..614.831 rows=52 loops=1)
Gather  (cost=1000.00..340926.01 rows=643 width=140) (actual time=204.730..617.887 rows=172 loops=1)
Gather  (cost=1000.00..340875.41 rows=137 width=140) (actual time=333.082..591.211 rows=282 loops=1)
Gather  (cost=1000.00..340876.91 rows=152 width=140) (actual time=92.706..636.250 rows=72 loops=1)
Gather  (cost=1000.00..340864.31 rows=26 width=140) (actual time=457.743..605.729 rows=44 loops=1)
Gather  (cost=1000.00..340864.31 rows=26 width=21) (actual time=579.709..625.700 rows=84 loops=1)
Gather  (cost=1000.00..340864.41 rows=27 width=140) (actual time=8.174..587.505 rows=54 loops=1)
Gather  (cost=1000.00..340864.41 rows=27 width=403) (actual time=8.177..625.196 rows=54 loops=1)
Gather Merge  (cost=340862.31..340868.15 rows=50 width=131) (actual time=624.220..629.143 rows=90 loops=1)
Gather  (cost=1000.00..340864.31 rows=26 width=140) (actual time=549.448..629.411 rows=36 loops=1)
Gather  (cost=1000.00..340864.31 rows=26 width=403) (actual time=524.632..604.712 rows=36 loops=1)
Gather  (cost=1000.00..340864.51 rows=28 width=21) (actual time=89.898..590.337 rows=108 loops=1)
Gather  (cost=1000.00..340870.11 rows=84 width=21) (actual time=410.549..610.966 rows=50 loops=1)
Gather  (cost=1000.00..340864.41 rows=27 width=140) (actual time=236.472..631.876 rows=24 loops=1)
Gather  (cost=1000.00..340864.41 rows=27 width=140) (actual time=206.392..631.678 rows=100 loops=1)
Gather  (cost=1000.00..340868.61 rows=69 width=21) (actual time=139.566..611.791 rows=56 loops=1)
Gather  (cost=1000.00..340864.31 rows=26 width=21) (actual time=516.285..592.999 rows=48 loops=1)
Gather  (cost=1000.00..340864.41 rows=27 width=140) (actual time=53.321..642.752 rows=36 loops=1)
Gather  (cost=1000.00..340864.41 rows=27 width=403) (actual time=55.104..600.070 rows=36 loops=1)
Gather Merge  (cost=340862.28..340867.88 rows=48 width=131) (actual time=639.970..644.429 rows=122 loops=1)
Gather Merge  (cost=340862.28..340867.88 rows=48 width=131) (actual time=601.948..606.417 rows=70 loops=1)
Gather Merge  (cost=340862.31..340868.15 rows=50 width=131) (actual time=628.370..633.034 rows=30 loops=1)
Gather  (cost=1000.00..340864.41 rows=27 width=21) (actual time=266.633..605.175 rows=87 loops=1)
Gather Merge  (cost=340862.28..340867.88 rows=48 width=131) (actual time=643.638..648.295 rows=44 loops=1)
Gather  (cost=1000.00..340864.31 rows=26 width=403) (actual time=479.937..629.878 rows=44 loops=1)
Gather  (cost=1000.00..340921.31 rows=596 width=140) (actual time=311.777..603.077 rows=415 loops=1)
Gather  (cost=1000.00..340864.41 rows=27 width=21) (actual time=361.190..611.036 rows=48 loops=1)
Gather  (cost=1000.00..340869.21 rows=75 width=21) (actual time=433.682..621.800 rows=160 loops=1)
Gather  (cost=1000.00..340864.31 rows=26 width=140) (actual time=544.601..619.224 rows=33 loops=1)
Gather  (cost=1000.00..340864.31 rows=26 width=21) (actual time=412.248..608.271 rows=50 loops=1)
Gather  (cost=1000.00..340864.41 rows=27 width=21) (actual time=106.158..601.958 rows=64 loops=1)
Gather Merge  (cost=340862.31..340868.15 rows=50 width=131) (actual time=620.084..624.616 rows=91 loops=1)
Gather  (cost=1000.00..340868.61 rows=69 width=140) (actual time=542.566..624.955 rows=52 loops=1)
Gather  (cost=1000.00..340921.51 rows=598 width=21) (actual time=554.759..614.502 rows=312 loops=1)
Gather Merge  (cost=340862.28..340867.88 rows=48 width=131) (actual time=634.007..638.625 rows=42 loops=1)
Gather  (cost=1000.00..340873.21 rows=115 width=140) (actual time=186.227..593.230 rows=132 loops=1)
Gather  (cost=1000.00..340864.41 rows=27 width=21) (actual time=261.670..631.202 rows=48 loops=1)
Gather Merge  (cost=340862.28..340867.88 rows=48 width=131) (actual time=609.793..624.905 rows=56 loops=1)
Gather  (cost=1000.00..340864.31 rows=26 width=21) (actual time=559.074..625.052 rows=140 loops=1)
Gather  (cost=1000.00..340864.41 rows=27 width=21) (actual time=160.568..590.072 rows=72 loops=1)
Gather  (cost=1000.00..340864.41 rows=27 width=21) (actual time=359.548..609.238 rows=54 loops=1)
Gather  (cost=1000.00..340874.11 rows=124 width=21) (actual time=234.468..587.994 rows=140 loops=1)
Gather Merge  (cost=340862.31..340868.15 rows=50 width=131) (actual time=649.718..654.204 rows=20 loops=1)
Gather  (cost=1000.00..340864.41 rows=27 width=21) (actual time=56.117..610.808 rows=14 loops=1)
Gather Merge  (cost=340862.31..340868.15 rows=50 width=131) (actual time=619.734..624.293 rows=64 loops=1)
Gather  (cost=1000.00..340872.91 rows=112 width=21) (actual time=39.125..589.821 rows=124 loops=1)
Gather  (cost=1000.00..340876.91 rows=152 width=140) (actual time=613.142..648.073 rows=330 loops=1)
Gather  (cost=1000.00..340864.31 rows=26 width=21) (actual time=543.135..596.097 rows=58 loops=1)
Gather  (cost=1000.00..340864.41 rows=27 width=140) (actual time=68.056..622.697 rows=45 loops=1)
Gather  (cost=1000.00..340864.31 rows=26 width=21) (actual time=429.124..588.151 rows=54 loops=1)
Gather  (cost=1000.00..340864.41 rows=27 width=140) (actual time=240.479..613.607 rows=39 loops=1)
Gather Merge  (cost=340862.28..340867.88 rows=48 width=131) (actual time=598.211..605.548 rows=60 loops=1)
Gather Merge  (cost=340862.28..340867.88 rows=48 width=131) (actual time=645.433..649.791 rows=110 loops=1)
Gather  (cost=1000.00..340864.41 rows=27 width=21) (actual time=218.775..608.103 rows=66 loops=1)
Gather  (cost=1000.00..340864.31 rows=26 width=21) (actual time=443.516..610.559 rows=46 loops=1)
Gather  (cost=1000.00..340864.41 rows=27 width=21) (actual time=164.851..589.457 rows=52 loops=1)
Gather  (cost=1000.00..340864.41 rows=27 width=21) (actual time=557.944..658.658 rows=63 loops=1)
Gather Merge  (cost=340867.24..340902.71 rows=304 width=131) (actual time=625.830..630.382 rows=454 loops=1)
Gather Merge  (cost=340862.28..340867.88 rows=48 width=131) (actual time=628.162..632.715 rows=70 loops=1)
Gather  (cost=1000.00..340864.41 rows=27 width=21) (actual time=114.372..594.431 rows=50 loops=1)
Gather  (cost=1000.00..340864.31 rows=26 width=140) (actual time=472.916..610.610 rows=66 loops=1)
Gather  (cost=1000.00..340897.71 rows=360 width=21) (actual time=400.899..609.334 rows=288 loops=1)
Gather  (cost=1000.00..340872.91 rows=112 width=140) (actual time=246.564..636.678 rows=112 loops=1)
Gather  (cost=1000.00..340864.41 rows=27 width=140) (actual time=203.130..620.260 rows=88 loops=1)
Gather  (cost=1000.00..340864.41 rows=27 width=21) (actual time=243.487..595.862 rows=196 loops=1)
Gather Merge  (cost=340862.28..340867.88 rows=48 width=131) (actual time=629.788..634.383 rows=90 loops=1)
Gather  (cost=1000.00..340864.31 rows=26 width=21) (actual time=599.588..633.340 rows=58 loops=1)
Gather  (cost=1000.00..340869.11 rows=74 width=140) (actual time=279.450..620.362 rows=60 loops=1)
Gather  (cost=1000.00..340869.11 rows=74 width=403) (actual time=288.548..611.069 rows=60 loops=1)
Gather  (cost=1000.00..340864.51 rows=28 width=21) (actual time=93.367..593.405 rows=32 loops=1)
Gather  (cost=1000.00..340864.41 rows=27 width=21) (actual time=310.650..612.371 rows=46 loops=1)
Gather Merge  (cost=340862.28..340867.88 rows=48 width=131) (actual time=618.853..623.594 rows=262 loops=1)
Gather  (cost=1000.00..340864.41 rows=27 width=403) (actual time=621.132..637.857 rows=42 loops=1)
Gather Merge  (cost=340862.28..340867.88 rows=48 width=131) (actual time=629.334..634.263 rows=32 loops=1)
Gather  (cost=1000.00..340864.41 rows=27 width=140) (actual time=54.300..590.377 rows=16 loops=1)
Gather  (cost=1000.00..340864.31 rows=26 width=21) (actual time=435.545..627.418 rows=56 loops=1)
Gather  (cost=1000.00..340864.41 rows=27 width=21) (actual time=21.233..618.616 rows=44 loops=1)
Gather Merge  (cost=340862.31..340868.15 rows=50 width=131) (actual time=642.738..648.896 rows=42 loops=1)
Gather Merge  (cost=340862.31..340868.15 rows=50 width=131) (actual time=608.510..613.237 rows=327 loops=1)
Gather Merge  (cost=340862.31..340868.15 rows=50 width=131) (actual time=622.343..644.708 rows=60 loops=1)
Gather  (cost=1000.00..340881.51 rows=198 width=21) (actual time=514.672..604.637 rows=120 loops=1)
Gather  (cost=1000.00..340882.11 rows=204 width=21) (actual time=28.840..631.901 rows=108 loops=1)
Gather Merge  (cost=340862.31..340868.15 rows=50 width=131) (actual time=623.064..636.106 rows=146 loops=1)
Gather  (cost=1000.00..340864.41 rows=27 width=21) (actual time=576.622..592.633 rows=150 loops=1)
Gather  (cost=1000.00..340869.21 rows=75 width=21) (actual time=57.235..626.924 rows=48 loops=1)
Gather Merge  (cost=340862.28..340867.88 rows=48 width=131) (actual time=635.751..640.455 rows=56 loops=1)
Gather  (cost=1000.00..340876.71 rows=150 width=140) (actual time=391.573..620.112 rows=288 loops=1)
Gather  (cost=1000.00..340925.11 rows=634 width=21) (actual time=385.068..608.773 rows=450 loops=1)
Gather Merge  (cost=340862.28..340867.88 rows=48 width=131) (actual time=596.600..601.713 rows=22 loops=1)
Gather  (cost=1000.00..340864.31 rows=26 width=403) (actual time=416.374..609.033 rows=22 loops=1)
Gather  (cost=1000.00..340864.41 rows=27 width=140) (actual time=196.893..607.545 rows=45 loops=1)
Gather  (cost=1000.00..340864.51 rows=28 width=21) (actual time=77.654..626.901 rows=44 loops=1)
Gather  (cost=1000.00..340864.41 rows=27 width=21) (actual time=515.769..616.353 rows=122 loops=1)
Gather Merge  (cost=340862.28..340867.88 rows=48 width=131) (actual time=600.503..606.021 rows=192 loops=1)
Gather  (cost=1000.00..340883.61 rows=219 width=140) (actual time=294.896..607.876 rows=282 loops=1)
Gather  (cost=1000.00..340864.41 rows=27 width=21) (actual time=205.789..613.740 rows=74 loops=1)
Gather  (cost=1000.00..340864.41 rows=27 width=21) (actual time=521.170..627.778 rows=50 loops=1)
Gather Merge  (cost=340862.31..340868.15 rows=50 width=131) (actual time=628.938..633.555 rows=39 loops=1)
Gather  (cost=1000.00..340864.41 rows=27 width=403) (actual time=108.726..591.317 rows=39 loops=1)
Gather  (cost=1000.00..340864.31 rows=26 width=21) (actual time=359.943..634.845 rows=48 loops=1)
Gather  (cost=1000.00..340864.51 rows=28 width=21) (actual time=75.155..612.314 rows=48 loops=1)
Gather Merge  (cost=340862.31..340868.15 rows=50 width=131) (actual time=620.726..625.483 rows=100 loops=1)
Gather Merge  (cost=340862.28..340867.88 rows=48 width=131) (actual time=596.974..601.440 rows=49 loops=1)
Gather  (cost=1000.00..340864.41 rows=27 width=140) (actual time=596.647..617.182 rows=60 loops=1)
Gather  (cost=1000.00..340864.41 rows=27 width=21) (actual time=134.240..615.053 rows=117 loops=1)
Gather  (cost=1000.00..340864.31 rows=26 width=21) (actual time=483.281..630.429 rows=74 loops=1)
Gather  (cost=1000.00..340875.21 rows=135 width=21) (actual time=553.716..614.176 rows=160 loops=1)
Gather  (cost=1000.00..340864.41 rows=27 width=140) (actual time=53.887..589.124 rows=30 loops=1)
Gather  (cost=1000.00..340880.01 rows=183 width=21) (actual time=316.752..629.240 rows=186 loops=1)
Gather Merge  (cost=340862.28..340867.88 rows=48 width=131) (actual time=620.696..625.383 rows=39 loops=1)
Gather  (cost=1000.00..340864.31 rows=26 width=21) (actual time=558.773..620.858 rows=68 loops=1)
Gather  (cost=1000.00..340864.41 rows=27 width=21) (actual time=501.717..591.259 rows=34 loops=1)
Gather  (cost=1000.00..340864.31 rows=26 width=21) (actual time=319.355..606.978 rows=52 loops=1)
Gather  (cost=1000.00..340922.21 rows=605 width=140) (actual time=433.336..616.683 rows=332 loops=1)
Gather  (cost=1000.00..340873.61 rows=119 width=21) (actual time=212.541..609.650 rows=136 loops=1)
Gather  (cost=1000.00..340864.41 rows=27 width=21) (actual time=400.245..630.184 rows=56 loops=1)
Gather Merge  (cost=340862.28..340867.88 rows=48 width=131) (actual time=599.564..604.155 rows=168 loops=1)
Gather  (cost=1000.00..340864.41 rows=27 width=140) (actual time=221.911..612.087 rows=36 loops=1)
Gather  (cost=1000.00..340864.31 rows=26 width=140) (actual time=432.030..612.751 rows=40 loops=1)
Gather  (cost=1000.00..340864.31 rows=26 width=403) (actual time=424.619..615.963 rows=40 loops=1)
Gather Merge  (cost=340862.31..340868.15 rows=50 width=131) (actual time=618.540..623.093 rows=102 loops=1)
Gather  (cost=1000.00..340878.01 rows=163 width=21) (actual time=578.624..592.412 rows=195 loops=1)
Gather  (cost=1000.00..340864.41 rows=27 width=21) (actual time=41.824..611.777 rows=72 loops=1)
Gather  (cost=1000.00..340864.41 rows=27 width=21) (actual time=232.507..607.993 rows=58 loops=1)
Gather  (cost=1000.00..340868.91 rows=72 width=21) (actual time=579.149..627.703 rows=68 loops=1)
Gather Merge  (cost=340862.28..340867.88 rows=48 width=131) (actual time=624.161..628.617 rows=70 loops=1)
Gather  (cost=1000.00..340864.31 rows=26 width=21) (actual time=337.544..590.434 rows=172 loops=1)
Gather Merge  (cost=340862.28..340867.88 rows=48 width=131) (actual time=633.649..638.712 rows=60 loops=1)
Gather Merge  (cost=340862.31..340868.15 rows=50 width=131) (actual time=618.209..622.865 rows=130 loops=1)
Gather  (cost=1000.00..340864.41 rows=27 width=21) (actual time=315.387..627.801 rows=56 loops=1)
Gather Merge  (cost=340862.31..340868.15 rows=50 width=131) (actual time=601.757..606.187 rows=42 loops=1)
Gather  (cost=1000.00..340864.31 rows=26 width=21) (actual time=336.432..590.629 rows=172 loops=1)
Gather Merge  (cost=340862.31..340868.15 rows=50 width=131) (actual time=641.171..645.831 rows=74 loops=1)
Gather  (cost=1000.00..340864.31 rows=26 width=21) (actual time=541.690..617.500 rows=60 loops=1)
Gather Merge  (cost=340862.28..340867.88 rows=48 width=131) (actual time=621.789..626.253 rows=15 loops=1)
Gather  (cost=1000.00..340864.41 rows=27 width=21) (actual time=222.700..591.022 rows=44 loops=1)
Gather  (cost=1000.00..340869.31 rows=76 width=21) (actual time=354.878..619.239 rows=72 loops=1)
Gather  (cost=1000.00..340864.41 rows=27 width=140) (actual time=259.289..610.234 rows=27 loops=1)
Gather  (cost=1000.00..340864.51 rows=28 width=21) (actual time=81.208..611.108 rows=66 loops=1)
Gather  (cost=1000.00..340864.31 rows=26 width=21) (actual time=358.203..611.535 rows=78 loops=1)
Gather  (cost=1000.00..340867.71 rows=60 width=21) (actual time=309.176..588.820 rows=84 loops=1)
Gather  (cost=1000.00..340864.41 rows=27 width=140) (actual time=244.646..640.762 rows=66 loops=1)
Gather  (cost=1000.00..340864.41 rows=27 width=21) (actual time=204.556..641.137 rows=81 loops=1)
Gather  (cost=1000.00..340864.41 rows=27 width=21) (actual time=111.723..615.289 rows=111 loops=1)
Gather Merge  (cost=340862.28..340867.88 rows=48 width=131) (actual time=606.734..611.251 rows=40 loops=1)
Gather  (cost=1000.00..340870.31 rows=86 width=403) (actual time=564.605..612.801 rows=40 loops=1)
Gather  (cost=1000.00..340864.31 rows=26 width=21) (actual time=493.440..621.221 rows=40 loops=1)
Gather  (cost=1000.00..340927.01 rows=653 width=21) (actual time=74.163..618.258 rows=783 loops=1)
Gather  (cost=1000.00..340922.21 rows=605 width=21) (actual time=327.247..612.954 rows=553 loops=1)
Gather Merge  (cost=340862.28..340867.88 rows=48 width=131) (actual time=603.476..607.995 rows=40 loops=1)
Gather  (cost=1000.00..340870.51 rows=88 width=21) (actual time=327.450..634.965 rows=196 loops=1)
Gather Merge  (cost=340862.31..340868.15 rows=50 width=131) (actual time=625.646..634.831 rows=89 loops=1)
Gather Merge  (cost=340862.31..340868.15 rows=50 width=131) (actual time=627.599..632.130 rows=39 loops=1)
Gather  (cost=1000.00..340864.51 rows=28 width=21) (actual time=91.341..595.950 rows=40 loops=1)
Gather Merge  (cost=340862.28..340867.88 rows=48 width=131) (actual time=646.994..651.527 rows=135 loops=1)
Gather  (cost=1000.00..340924.21 rows=625 width=21) (actual time=383.802..612.671 rows=520 loops=1)
Gather  (cost=1000.00..340864.41 rows=27 width=21) (actual time=285.653..619.120 rows=44 loops=1)
Gather  (cost=1000.00..340864.31 rows=26 width=21) (actual time=420.401..612.801 rows=32 loops=1)
Gather  (cost=1000.00..340864.41 rows=27 width=140) (actual time=245.041..610.202 rows=26 loops=1)
Gather  (cost=1000.00..340864.41 rows=27 width=140) (actual time=177.389..634.428 rows=44 loops=1)
Gather  (cost=1000.00..340864.41 rows=27 width=140) (actual time=394.692..620.222 rows=27 loops=1)
Gather Merge  (cost=340862.31..340868.15 rows=50 width=131) (actual time=636.973..641.384 rows=84 loops=1)
Gather Merge  (cost=340862.28..340867.88 rows=48 width=131) (actual time=606.473..611.009 rows=127 loops=1)
Gather  (cost=1000.00..340864.41 rows=27 width=21) (actual time=277.756..632.018 rows=46 loops=1)
Gather  (cost=1000.00..340864.31 rows=26 width=140) (actual time=369.823..610.345 rows=96 loops=1)
Gather  (cost=1000.00..340876.51 rows=148 width=21) (actual time=591.903..612.490 rows=425 loops=1)
Gather  (cost=1000.00..340864.41 rows=27 width=21) (actual time=231.585..608.376 rows=62 loops=1)
Gather  (cost=1000.00..340883.41 rows=217 width=21) (actual time=166.570..589.632 rows=340 loops=1)
Gather  (cost=1000.00..340864.31 rows=26 width=21) (actual time=346.428..634.970 rows=84 loops=1)
Gather Merge  (cost=340862.31..340868.15 rows=50 width=131) (actual time=628.898..633.397 rows=105 loops=1)
Gather  (cost=1000.00..340878.81 rows=171 width=21) (actual time=147.255..612.301 rows=522 loops=1)
Gather Merge  (cost=340869.11..340914.38 rows=388 width=131) (actual time=601.990..606.680 rows=445 loops=1)
Gather  (cost=1000.00..340864.31 rows=26 width=21) (actual time=499.268..616.100 rows=81 loops=1)
Gather  (cost=1000.00..340875.21 rows=135 width=21) (actual time=323.078..620.194 rows=92 loops=1)
Gather  (cost=1000.00..340864.51 rows=28 width=21) (actual time=82.536..616.924 rows=52 loops=1)
Gather Merge  (cost=340862.31..340868.15 rows=50 width=131) (actual time=619.691..624.262 rows=80 loops=1)
Gather Merge  (cost=340862.28..340867.88 rows=48 width=131) (actual time=602.057..606.274 rows=35 loops=1)
Gather  (cost=1000.00..340864.31 rows=26 width=21) (actual time=573.251..636.064 rows=30 loops=1)
Gather  (cost=1000.00..340864.41 rows=27 width=21) (actual time=35.992..634.967 rows=50 loops=1)
Gather Merge  (cost=340862.28..340867.88 rows=48 width=131) (actual time=616.552..621.097 rows=120 loops=1)
Gather  (cost=1000.00..340864.41 rows=27 width=140) (actual time=169.935..591.294 rows=60 loops=1)
Gather Merge  (cost=340862.28..340867.88 rows=48 width=131) (actual time=639.534..644.089 rows=54 loops=1)
Gather  (cost=1000.00..340864.41 rows=27 width=403) (actual time=171.440..601.103 rows=60 loops=1)
Gather  (cost=1000.00..340864.31 rows=26 width=21) (actual time=443.880..624.028 rows=46 loops=1)
Gather  (cost=1000.00..340898.71 rows=370 width=140) (actual time=256.757..586.828 rows=516 loops=1)
Gather Merge  (cost=340862.31..340868.15 rows=50 width=131) (actual time=619.019..623.413 rows=112 loops=1)
Gather  (cost=1000.00..340874.41 rows=127 width=21) (actual time=186.013..609.428 rows=106 loops=1)
Gather  (cost=1000.00..340864.31 rows=26 width=21) (actual time=365.269..615.301 rows=140 loops=1)
Gather  (cost=1000.00..340864.51 rows=28 width=21) (actual time=84.328..623.619 rows=30 loops=1)
Gather  (cost=1000.00..340864.31 rows=26 width=140) (actual time=339.609..595.186 rows=28 loops=1)
Gather Merge  (cost=340862.28..340867.88 rows=48 width=131) (actual time=628.814..633.449 rows=45 loops=1)
Gather  (cost=1000.00..340864.41 rows=27 width=21) (actual time=55.411..616.418 rows=68 loops=1)
Gather Merge  (cost=340862.28..340867.88 rows=48 width=131) (actual time=621.981..627.885 rows=45 loops=1)
Gather  (cost=1000.00..340921.31 rows=596 width=140) (actual time=315.663..601.940 rows=415 loops=1)
Gather  (cost=1000.00..340864.31 rows=26 width=21) (actual time=434.454..590.798 rows=98 loops=1)
Gather  (cost=1000.00..340864.41 rows=27 width=140) (actual time=185.457..674.058 rows=18 loops=1)
Gather  (cost=1000.00..340864.41 rows=27 width=403) (actual time=135.926..622.280 rows=18 loops=1)
Gather  (cost=1000.00..340872.41 rows=107 width=21) (actual time=278.221..615.501 rows=136 loops=1)
Gather  (cost=1000.00..340923.31 rows=616 width=140) (actual time=274.156..599.843 rows=335 loops=1)
Gather  (cost=1000.00..340874.71 rows=130 width=140) (actual time=291.741..613.615 rows=44 loops=1)
Gather Merge  (cost=340864.03..340881.30 rows=148 width=131) (actual time=632.629..637.146 rows=130 loops=1)
Gather  (cost=1000.00..340864.41 rows=27 width=21) (actual time=230.870..625.697 rows=46 loops=1)
Gather Merge  (cost=340862.28..340867.88 rows=48 width=131) (actual time=648.131..652.600 rows=111 loops=1)
Gather Merge  (cost=340864.19..340882.39 rows=156 width=131) (actual time=625.660..630.209 rows=203 loops=1)
Gather  (cost=1000.00..340864.41 rows=27 width=21) (actual time=106.719..672.050 rows=44 loops=1)
Gather  (cost=1000.00..340864.41 rows=27 width=21) (actual time=175.590..630.460 rows=50 loops=1)
Gather Merge  (cost=340862.28..340867.88 rows=48 width=131) (actual time=647.842..670.706 rows=42 loops=1)
Gather Merge  (cost=340862.28..340867.88 rows=48 width=131) (actual time=612.336..616.897 rows=60 loops=1)
Gather  (cost=1000.00..340870.01 rows=83 width=140) (actual time=129.796..679.629 rows=20 loops=1)
Gather Merge  (cost=340895.14..341059.89 rows=1412 width=131) (actual time=655.472..661.048 rows=1299 loops=1)
Gather  (cost=1000.00..340864.31 rows=26 width=21) (actual time=363.278..627.827 rows=102 loops=1)
Gather  (cost=1000.00..340864.41 rows=27 width=21) (actual time=115.871..595.514 rows=145 loops=1)
Gather  (cost=1000.00..340868.91 rows=72 width=21) (actual time=418.069..621.428 rows=78 loops=1)
Gather  (cost=1000.00..340864.41 rows=27 width=21) (actual time=133.098..651.622 rows=30 loops=1)
Gather  (cost=1000.00..340864.31 rows=26 width=140) (actual time=368.661..613.583 rows=87 loops=1)
Gather  (cost=1000.00..340922.31 rows=606 width=21) (actual time=566.162..629.126 rows=670 loops=1)
Gather  (cost=1000.00..340864.31 rows=26 width=21) (actual time=564.852..595.883 rows=44 loops=1)
Gather  (cost=1000.00..340864.31 rows=26 width=21) (actual time=448.408..634.850 rows=24 loops=1)
Gather Merge  (cost=340862.31..340868.15 rows=50 width=131) (actual time=623.189..627.639 rows=135 loops=1)
Gather  (cost=1000.00..340864.41 rows=27 width=403) (actual time=51.715..633.554 rows=81 loops=1)
Gather Merge  (cost=340862.31..340868.15 rows=50 width=131) (actual time=607.295..611.525 rows=65 loops=1)
Gather  (cost=1000.00..340868.61 rows=69 width=21) (actual time=177.203..615.457 rows=56 loops=1)
Gather  (cost=1000.00..340864.31 rows=26 width=140) (actual time=546.645..591.918 rows=81 loops=1)
Gather Merge  (cost=340864.50..340884.57 rows=172 width=131) (actual time=633.460..638.112 rows=109 loops=1)
Gather Merge  (cost=340862.28..340867.88 rows=48 width=131) (actual time=619.602..624.070 rows=44 loops=1)
Gather  (cost=1000.00..340864.31 rows=26 width=140) (actual time=358.426..615.250 rows=85 loops=1)
Gather  (cost=1000.00..340873.11 rows=114 width=140) (actual time=348.940..589.229 rows=165 loops=1)
Gather  (cost=1000.00..340864.31 rows=26 width=21) (actual time=470.472..648.218 rows=58 loops=1)
Gather Merge  (cost=340862.28..340867.88 rows=48 width=131) (actual time=607.987..612.655 rows=387 loops=1)
Gather  (cost=1000.00..340864.31 rows=26 width=21) (actual time=545.461..624.357 rows=44 loops=1)
Gather  (cost=1000.00..340924.01 rows=623 width=140) (actual time=139.635..589.194 rows=721 loops=1)
Gather  (cost=1000.00..340864.41 rows=27 width=21) (actual time=302.328..616.345 rows=78 loops=1)
Gather  (cost=1000.00..340864.41 rows=27 width=21) (actual time=488.772..595.531 rows=54 loops=1)
Gather  (cost=1000.00..340864.31 rows=26 width=21) (actual time=338.167..638.097 rows=164 loops=1)
Gather  (cost=1000.00..340875.91 rows=142 width=140) (actual time=132.479..617.260 rows=252 loops=1)
Gather  (cost=1000.00..340868.81 rows=71 width=140) (actual time=72.510..611.451 rows=135 loops=1)
Gather  (cost=1000.00..340864.41 rows=27 width=21) (actual time=119.378..588.342 rows=52 loops=1)
Gather  (cost=1000.00..340864.41 rows=27 width=21) (actual time=521.957..633.585 rows=48 loops=1)
Gather  (cost=1000.00..340876.01 rows=143 width=21) (actual time=359.453..605.800 rows=320 loops=1)
Gather  (cost=1000.00..340864.41 rows=27 width=140) (actual time=291.192..646.073 rows=51 loops=1)
Gather  (cost=1000.00..340899.11 rows=374 width=140) (actual time=131.100..590.630 rows=445 loops=1)
Gather Merge  (cost=340867.59..340904.93 rows=320 width=131) (actual time=622.776..627.266 rows=429 loops=1)
Gather Merge  (cost=340862.31..340868.15 rows=50 width=131) (actual time=615.723..620.332 rows=45 loops=1)
Gather Merge  (cost=340862.31..340868.15 rows=50 width=131) (actual time=635.264..639.727 rows=42 loops=1)
Gather  (cost=1000.00..340864.41 rows=27 width=21) (actual time=141.545..622.689 rows=108 loops=1)
Gather Merge  (cost=340863.99..340881.03 rows=146 width=131) (actual time=603.706..608.077 rows=84 loops=1)
Gather  (cost=1000.00..340864.31 rows=26 width=140) (actual time=308.510..611.356 rows=42 loops=1)
Gather  (cost=1000.00..340882.91 rows=212 width=140) (actual time=442.385..615.187 rows=306 loops=1)
Gather  (cost=1000.00..340864.41 rows=27 width=21) (actual time=67.542..623.327 rows=44 loops=1)
Gather  (cost=1000.00..340864.41 rows=27 width=21) (actual time=416.871..627.044 rows=68 loops=1)
Gather  (cost=1000.00..340864.41 rows=27 width=140) (actual time=130.276..597.833 rows=30 loops=1)
Gather Merge  (cost=340869.93..340919.40 rows=424 width=131) (actual time=621.765..626.209 rows=532 loops=1)
Gather  (cost=1000.00..340924.11 rows=624 width=140) (actual time=43.130..631.045 rows=427 loops=1)
Gather  (cost=1000.00..340864.41 rows=27 width=140) (actual time=148.288..601.001 rows=33 loops=1)
Gather  (cost=1000.00..340867.81 rows=61 width=21) (actual time=460.664..626.538 rows=52 loops=1)
Gather Merge  (cost=340862.31..340868.15 rows=50 width=131) (actual time=599.359..603.730 rows=36 loops=1)
Gather  (cost=1000.00..340864.41 rows=27 width=403) (actual time=299.645..611.081 rows=36 loops=1)
Gather Merge  (cost=340862.31..340868.15 rows=50 width=131) (actual time=623.336..627.896 rows=138 loops=1)
Gather  (cost=1000.00..340873.51 rows=118 width=140) (actual time=171.085..619.436 rows=108 loops=1)
Gather  (cost=1000.00..340864.51 rows=28 width=21) (actual time=81.255..615.081 rows=68 loops=1)
Gather  (cost=1000.00..340868.51 rows=68 width=21) (actual time=498.605..595.845 rows=249 loops=1)
Gather  (cost=1000.00..340864.41 rows=27 width=140) (actual time=256.582..612.696 rows=39 loops=1)
Gather  (cost=1000.00..340864.41 rows=27 width=21) (actual time=27.493..630.393 rows=63 loops=1)
Gather Merge  (cost=340862.28..340867.88 rows=48 width=131) (actual time=630.361..634.594 rows=30 loops=1)
Gather  (cost=1000.00..340864.51 rows=28 width=140) (actual time=88.527..618.964 rows=164 loops=1)
Gather  (cost=1000.00..340873.91 rows=122 width=140) (actual time=421.336..592.924 rows=155 loops=1)
Gather  (cost=1000.00..340864.31 rows=26 width=140) (actual time=567.027..660.425 rows=30 loops=1)
Gather  (cost=1000.00..340876.61 rows=149 width=21) (actual time=82.457..600.711 rows=184 loops=1)
Gather  (cost=1000.00..340864.41 rows=27 width=21) (actual time=192.855..627.424 rows=64 loops=1)
Gather  (cost=1000.00..340864.41 rows=27 width=140) (actual time=40.287..589.300 rows=57 loops=1)
Gather Merge  (cost=340869.83..340918.84 rows=420 width=131) (actual time=625.317..629.654 rows=659 loops=1)
Gather  (cost=1000.00..340864.31 rows=26 width=140) (actual time=330.952..591.441 rows=56 loops=1)
Gather Merge  (cost=340862.31..340868.15 rows=50 width=131) (actual time=653.237..658.016 rows=39 loops=1)
Gather  (cost=1000.00..340876.71 rows=150 width=140) (actual time=400.377..610.421 rows=288 loops=1)
Gather  (cost=1000.00..340864.41 rows=27 width=21) (actual time=44.184..612.141 rows=46 loops=1)
Gather  (cost=1000.00..340864.31 rows=26 width=21) (actual time=445.742..587.879 rows=58 loops=1)
Gather  (cost=1000.00..340864.41 rows=27 width=140) (actual time=521.173..635.718 rows=33 loops=1)
Gather  (cost=1000.00..340882.11 rows=204 width=21) (actual time=581.987..604.384 rows=90 loops=1)
Gather Merge  (cost=340862.31..340868.15 rows=50 width=131) (actual time=636.635..641.174 rows=40 loops=1)
Gather  (cost=1000.00..340864.41 rows=27 width=140) (actual time=148.351..590.126 rows=27 loops=1)
Gather  (cost=1000.00..340864.41 rows=27 width=140) (actual time=301.198..609.761 rows=33 loops=1)
Gather  (cost=1000.00..340871.01 rows=93 width=21) (actual time=81.382..605.124 rows=84 loops=1)
Gather  (cost=1000.00..340876.01 rows=143 width=21) (actual time=502.399..646.619 rows=168 loops=1)
Gather  (cost=1000.00..340871.91 rows=102 width=21) (actual time=88.715..627.857 rows=245 loops=1)
Gather  (cost=1000.00..340877.71 rows=160 width=140) (actual time=239.405..595.875 rows=48 loops=1)
Gather  (cost=1000.00..340864.41 rows=27 width=21) (actual time=271.082..609.054 rows=62 loops=1)
Gather Merge  (cost=340862.28..340867.88 rows=48 width=131) (actual time=624.507..629.141 rows=65 loops=1)
Gather  (cost=1000.00..340864.41 rows=27 width=21) (actual time=372.312..614.293 rows=42 loops=1)
Gather  (cost=1000.00..340899.81 rows=381 width=21) (actual time=201.792..611.533 rows=486 loops=1)
Gather  (cost=1000.00..340864.41 rows=27 width=21) (actual time=494.485..596.613 rows=80 loops=1)
Gather Merge  (cost=340862.31..340868.15 rows=50 width=131) (actual time=623.718..628.105 rows=70 loops=1)
Gather  (cost=1000.00..340864.41 rows=27 width=21) (actual time=288.547..622.435 rows=54 loops=1)
Gather  (cost=1000.00..340864.31 rows=26 width=140) (actual time=439.330..608.939 rows=65 loops=1)
Gather  (cost=1000.00..340864.31 rows=26 width=21) (actual time=435.479..621.696 rows=70 loops=1)
Gather  (cost=1000.00..340864.41 rows=27 width=21) (actual time=107.555..595.121 rows=56 loops=1)
Gather  (cost=1000.00..340868.11 rows=64 width=140) (actual time=496.505..636.852 rows=114 loops=1)
Gather  (cost=1000.00..340876.01 rows=143 width=21) (actual time=438.977..609.548 rows=128 loops=1)
Gather  (cost=1000.00..340864.41 rows=27 width=21) (actual time=236.218..625.793 rows=50 loops=1)
Gather  (cost=1000.00..340923.11 rows=614 width=21) (actual time=30.988..593.106 rows=630 loops=1)
Gather  (cost=1000.00..340864.41 rows=27 width=140) (actual time=23.700..625.716 rows=69 loops=1)
Gather Merge  (cost=340862.28..340867.88 rows=48 width=131) (actual time=619.637..624.115 rows=132 loops=1)
Gather  (cost=1000.00..340864.31 rows=26 width=21) (actual time=421.025..630.135 rows=215 loops=1)
Gather  (cost=1000.00..340884.01 rows=223 width=21) (actual time=85.694..597.013 rows=230 loops=1)
Gather  (cost=1000.00..340864.31 rows=26 width=21) (actual time=431.013..616.858 rows=74 loops=1)
Gather  (cost=1000.00..340925.11 rows=634 width=21) (actual time=302.448..592.532 rows=984 loops=1)
Gather  (cost=1000.00..340864.41 rows=27 width=21) (actual time=146.303..635.605 rows=52 loops=1)
Gather  (cost=1000.00..340864.31 rows=26 width=21) (actual time=569.769..615.113 rows=60 loops=1)
Gather  (cost=1000.00..340868.21 rows=65 width=21) (actual time=140.216..612.948 rows=84 loops=1)
Gather  (cost=1000.00..340923.51 rows=618 width=21) (actual time=471.480..594.193 rows=644 loops=1)
Gather  (cost=1000.00..340883.41 rows=217 width=140) (actual time=185.769..631.643 rows=340 loops=1)
Gather Merge  (cost=340862.28..340867.88 rows=48 width=131) (actual time=621.530..626.364 rows=30 loops=1)
Gather Merge  (cost=340862.28..340867.88 rows=48 width=131) (actual time=650.348..654.756 rows=84 loops=1)
Gather  (cost=1000.00..340869.51 rows=78 width=21) (actual time=152.123..588.405 rows=46 loops=1)
Gather Merge  (cost=340862.28..340867.88 rows=48 width=131) (actual time=621.907..626.369 rows=75 loops=1)
Gather Merge  (cost=340862.28..340867.88 rows=48 width=131) (actual time=620.094..624.623 rows=75 loops=1)
Gather Merge  (cost=340862.31..340868.15 rows=50 width=131) (actual time=647.577..652.194 rows=84 loops=1)
Gather  (cost=1000.00..340864.41 rows=27 width=140) (actual time=189.645..618.407 rows=84 loops=1)
Gather  (cost=1000.00..340924.11 rows=624 width=21) (actual time=234.122..595.052 rows=567 loops=1)
Gather Merge  (cost=340862.31..340868.15 rows=50 width=131) (actual time=620.627..625.080 rows=227 loops=1)
Gather Merge  (cost=340864.07..340881.57 rows=150 width=131) (actual time=641.967..646.395 rows=192 loops=1)
Gather Merge  (cost=340862.31..340868.15 rows=50 width=131) (actual time=632.894..637.312 rows=24 loops=1)
Gather Merge  (cost=340862.31..340868.15 rows=50 width=131) (actual time=626.632..631.155 rows=319 loops=1)
Gather  (cost=1000.00..340868.51 rows=68 width=140) (actual time=92.901..588.876 rows=81 loops=1)
Gather  (cost=1000.00..340921.51 rows=598 width=21) (actual time=569.245..616.287 rows=600 loops=1)
Gather Merge  (cost=340862.31..340868.15 rows=50 width=131) (actual time=622.972..627.471 rows=52 loops=1)
Gather  (cost=1000.00..340864.31 rows=26 width=140) (actual time=598.325..637.436 rows=28 loops=1)
Gather Merge  (cost=340862.28..340867.88 rows=48 width=131) (actual time=624.510..628.922 rows=24 loops=1)
Gather Merge  (cost=340862.31..340868.15 rows=50 width=131) (actual time=602.903..607.237 rows=80 loops=1)
Gather  (cost=1000.00..340864.41 rows=27 width=140) (actual time=33.868..612.391 rows=36 loops=1)
Gather  (cost=1000.00..340864.31 rows=26 width=140) (actual time=602.674..653.838 rows=52 loops=1)
Gather  (cost=1000.00..340876.21 rows=145 width=21) (actual time=13.370..616.357 rows=141 loops=1)
Gather  (cost=1000.00..340864.31 rows=26 width=21) (actual time=427.483..615.079 rows=58 loops=1)
Gather  (cost=1000.00..340879.21 rows=175 width=21) (actual time=345.560..588.586 rows=258 loops=1)
Gather Merge  (cost=340862.28..340867.88 rows=48 width=131) (actual time=637.178..641.704 rows=102 loops=1)
Gather  (cost=1000.00..340878.31 rows=166 width=21) (actual time=124.865..600.915 rows=180 loops=1)
Gather  (cost=1000.00..340864.31 rows=26 width=21) (actual time=550.922..633.110 rows=36 loops=1)
Gather Merge  (cost=340862.31..340868.15 rows=50 width=131) (actual time=616.333..621.253 rows=213 loops=1)
Gather Merge  (cost=340870.25..340921.35 rows=438 width=131) (actual time=611.594..617.588 rows=542 loops=1)
Gather  (cost=1000.00..340864.41 rows=27 width=21) (actual time=2.226..632.064 rows=44 loops=1)
Gather Merge  (cost=340862.28..340867.88 rows=48 width=131) (actual time=636.395..641.054 rows=130 loops=1)
Gather  (cost=1000.00..340864.31 rows=26 width=403) (actual time=437.291..625.269 rows=45 loops=1)
Gather  (cost=1000.00..340864.31 rows=26 width=21) (actual time=327.390..597.733 rows=58 loops=1)
Gather  (cost=1000.00..340864.51 rows=28 width=140) (actual time=75.136..622.077 rows=21 loops=1)
Gather  (cost=1000.00..340864.41 rows=27 width=21) (actual time=271.396..610.095 rows=57 loops=1)
Gather Merge  (cost=340862.31..340868.15 rows=50 width=131) (actual time=630.346..635.416 rows=69 loops=1)
Gather  (cost=1000.00..340864.41 rows=27 width=21) (actual time=376.992..626.278 rows=48 loops=1)
Gather  (cost=1000.00..340864.41 rows=27 width=21) (actual time=140.136..590.571 rows=56 loops=1)
Gather  (cost=1000.00..340864.31 rows=26 width=140) (actual time=349.616..613.707 rows=120 loops=1)
Gather  (cost=1000.00..340864.31 rows=26 width=21) (actual time=442.644..616.373 rows=44 loops=1)
Gather  (cost=1000.00..340926.11 rows=644 width=21) (actual time=75.934..613.289 rows=352 loops=1)
Gather  (cost=1000.00..340878.51 rows=168 width=21) (actual time=211.778..617.181 rows=220 loops=1)
Gather Merge  (cost=340862.28..340867.88 rows=48 width=131) (actual time=601.662..606.080 rows=40 loops=1)
Gather  (cost=1000.00..340864.31 rows=26 width=140) (actual time=453.241..615.247 rows=48 loops=1)
Gather  (cost=1000.00..340864.31 rows=26 width=21) (actual time=430.204..613.037 rows=60 loops=1)
Gather Merge  (cost=340884.25..341001.39 rows=1004 width=131) (actual time=645.556..650.071 rows=1426 loops=1)
Gather  (cost=1000.00..340871.61 rows=99 width=140) (actual time=400.772..610.598 rows=84 loops=1)
Gather  (cost=1000.00..340864.41 rows=27 width=21) (actual time=495.690..591.637 rows=52 loops=1)
Gather Merge  (cost=340862.31..340868.15 rows=50 width=131) (actual time=621.640..625.992 rows=348 loops=1)
Gather  (cost=1000.00..340874.51 rows=128 width=21) (actual time=325.979..625.321 rows=144 loops=1)
Gather  (cost=1000.00..340864.31 rows=26 width=21) (actual time=365.124..615.996 rows=68 loops=1)
Gather Merge  (cost=340862.28..340867.88 rows=48 width=131) (actual time=621.789..626.399 rows=26 loops=1)
Gather  (cost=1000.00..340868.01 rows=63 width=21) (actual time=553.967..587.957 rows=136 loops=1)
Gather Merge  (cost=340862.31..340868.15 rows=50 width=131) (actual time=621.120..625.575 rows=130 loops=1)
Gather  (cost=1000.00..340864.41 rows=27 width=21) (actual time=144.827..616.255 rows=84 loops=1)
Gather Merge  (cost=340862.31..340868.15 rows=50 width=131) (actual time=628.718..633.279 rows=124 loops=1)
Gather Merge  (cost=340862.31..340868.15 rows=50 width=131) (actual time=619.494..624.019 rows=72 loops=1)
Gather  (cost=1000.00..340876.21 rows=145 width=21) (actual time=581.541..591.923 rows=124 loops=1)
Gather  (cost=1000.00..340926.01 rows=643 width=21) (actual time=308.116..623.242 rows=316 loops=1)
Gather  (cost=1000.00..340864.41 rows=27 width=21) (actual time=593.996..611.878 rows=150 loops=1)
Gather  (cost=1000.00..340877.91 rows=162 width=21) (actual time=156.302..631.694 rows=244 loops=1)
Gather  (cost=1000.00..340864.41 rows=27 width=21) (actual time=236.174..590.229 rows=54 loops=1)
Gather  (cost=1000.00..340864.41 rows=27 width=21) (actual time=495.975..623.404 rows=48 loops=1)
Gather Merge  (cost=340862.31..340868.15 rows=50 width=131) (actual time=621.126..625.994 rows=112 loops=1)
Gather  (cost=1000.00..340864.41 rows=27 width=21) (actual time=167.837..609.849 rows=58 loops=1)
Gather  (cost=1000.00..340864.41 rows=27 width=140) (actual time=253.748..603.969 rows=66 loops=1)
Gather Merge  (cost=340862.31..340868.15 rows=50 width=131) (actual time=603.059..607.330 rows=84 loops=1)
Gather Merge  (cost=340862.31..340868.15 rows=50 width=131) (actual time=636.304..640.648 rows=84 loops=1)
Gather  (cost=1000.00..340864.41 rows=27 width=21) (actual time=127.047..607.655 rows=110 loops=1)
Gather Merge  (cost=340862.31..340868.15 rows=50 width=131) (actual time=630.585..635.023 rows=134 loops=1)
Gather  (cost=1000.00..340864.41 rows=27 width=403) (actual time=109.474..589.227 rows=24 loops=1)
Gather Merge  (cost=340862.28..340867.88 rows=48 width=131) (actual time=620.417..625.049 rows=81 loops=1)
Gather  (cost=1000.00..340869.21 rows=75 width=21) (actual time=340.244..613.502 rows=108 loops=1)
Gather  (cost=1000.00..340864.41 rows=27 width=140) (actual time=257.227..619.611 rows=75 loops=1)
Gather  (cost=1000.00..340864.41 rows=27 width=21) (actual time=163.598..609.909 rows=40 loops=1)
Gather  (cost=1000.00..340877.51 rows=158 width=21) (actual time=461.131..583.351 rows=108 loops=1)
Gather Merge  (cost=340862.28..340867.88 rows=48 width=131) (actual time=618.528..623.032 rows=46 loops=1)
Gather  (cost=1000.00..340876.21 rows=145 width=21) (actual time=269.535..610.157 rows=224 loops=1)
Gather Merge  (cost=340864.11..340881.84 rows=152 width=131) (actual time=634.785..639.013 rows=296 loops=1)
Gather  (cost=1000.00..340864.31 rows=26 width=403) (actual time=468.364..606.313 rows=30 loops=1)
Gather  (cost=1000.00..340877.21 rows=155 width=21) (actual time=453.770..590.407 rows=144 loops=1)
Gather  (cost=1000.00..340864.41 rows=27 width=21) (actual time=318.695..631.606 rows=104 loops=1)
Gather Merge  (cost=340862.28..340867.88 rows=48 width=131) (actual time=620.400..624.801 rows=108 loops=1)
Gather  (cost=1000.00..340864.31 rows=26 width=140) (actual time=412.264..611.382 rows=33 loops=1)
Gather  (cost=1000.00..340864.31 rows=26 width=140) (actual time=572.453..602.838 rows=45 loops=1)
Gather  (cost=1000.00..340864.31 rows=26 width=21) (actual time=558.228..588.842 rows=74 loops=1)
Gather  (cost=1000.00..340864.31 rows=26 width=21) (actual time=473.196..634.796 rows=75 loops=1)
Gather  (cost=1000.00..340864.41 rows=27 width=21) (actual time=62.684..621.914 rows=58 loops=1)
Gather  (cost=1000.00..340864.31 rows=26 width=21) (actual time=413.177..604.080 rows=44 loops=1)
Gather  (cost=1000.00..340864.41 rows=27 width=140) (actual time=146.355..587.340 rows=38 loops=1)
Gather  (cost=1000.00..340864.41 rows=27 width=21) (actual time=176.631..619.720 rows=48 loops=1)
Gather  (cost=1000.00..340864.31 rows=26 width=21) (actual time=318.909..631.270 rows=108 loops=1)
Gather  (cost=1000.00..340864.41 rows=27 width=21) (actual time=208.576..618.205 rows=42 loops=1)
Gather Merge  (cost=340892.21..341044.36 rows=1304 width=131) (actual time=618.614..623.551 rows=1863 loops=1)
Gather  (cost=1000.00..340874.11 rows=124 width=21) (actual time=477.878..588.200 rows=445 loops=1)
Gather  (cost=1000.00..340864.41 rows=27 width=21) (actual time=209.435..660.665 rows=50 loops=1)
Gather  (cost=1000.00..340864.41 rows=27 width=140) (actual time=264.513..638.048 rows=36 loops=1)
Gather  (cost=1000.00..340873.81 rows=121 width=21) (actual time=571.714..610.606 rows=66 loops=1)
Gather Merge  (cost=340862.31..340868.15 rows=50 width=131) (actual time=596.498..601.013 rows=92 loops=1)
Gather  (cost=1000.00..340864.41 rows=27 width=21) (actual time=123.979..607.672 rows=46 loops=1)
Gather Merge  (cost=340862.28..340867.88 rows=48 width=131) (actual time=630.228..634.607 rows=36 loops=1)
Gather  (cost=1000.00..340864.31 rows=26 width=21) (actual time=367.461..620.390 rows=54 loops=1)
Gather Merge  (cost=340864.46..340884.29 rows=170 width=131) (actual time=621.874..626.418 rows=218 loops=1)
Gather  (cost=1000.00..340873.41 rows=117 width=21) (actual time=43.389..596.539 rows=225 loops=1)
Gather  (cost=1000.00..340897.71 rows=360 width=21) (actual time=579.932..634.223 rows=540 loops=1)
Gather Merge  (cost=340862.28..340867.88 rows=48 width=131) (actual time=643.945..648.418 rows=65 loops=1)
Gather  (cost=1000.00..340864.31 rows=26 width=140) (actual time=483.655..615.355 rows=88 loops=1)
Gather  (cost=1000.00..340864.41 rows=27 width=21) (actual time=141.868..614.292 rows=84 loops=1)
Gather Merge  (cost=340862.28..340867.88 rows=48 width=131) (actual time=639.965..644.582 rows=18 loops=1)
Gather  (cost=1000.00..340864.41 rows=27 width=21) (actual time=212.715..605.477 rows=54 loops=1)
Gather  (cost=1000.00..340864.31 rows=26 width=21) (actual time=489.907..636.884 rows=50 loops=1)
Gather Merge  (cost=340891.56..341040.91 rows=1280 width=131) (actual time=608.348..613.070 rows=1673 loops=1)
Gather Merge  (cost=340862.31..340868.15 rows=50 width=131) (actual time=623.052..627.642 rows=24 loops=1)
Gather  (cost=1000.00..340864.31 rows=26 width=21) (actual time=363.533..629.543 rows=68 loops=1)
Gather  (cost=1000.00..340864.41 rows=27 width=21) (actual time=35.879..613.084 rows=54 loops=1)
Gather  (cost=1000.00..340873.01 rows=113 width=140) (actual time=269.407..622.249 rows=84 loops=1)
Gather  (cost=1000.00..340882.31 rows=206 width=21) (actual time=326.122..597.711 rows=260 loops=1)
Gather Merge  (cost=340862.31..340868.15 rows=50 width=131) (actual time=645.408..650.266 rows=21 loops=1)
Gather Merge  (cost=340862.31..340868.15 rows=50 width=131) (actual time=620.193..624.603 rows=104 loops=1)
Gather  (cost=1000.00..340864.41 rows=27 width=403) (actual time=316.284..630.501 rows=104 loops=1)
Gather Merge  (cost=340862.28..340867.88 rows=48 width=131) (actual time=604.337..608.922 rows=81 loops=1)
Gather Merge  (cost=340862.28..340867.88 rows=48 width=131) (actual time=625.850..630.401 rows=86 loops=1)
Gather  (cost=1000.00..340864.41 rows=27 width=21) (actual time=225.404..610.357 rows=60 loops=1)
Gather  (cost=1000.00..340864.41 rows=27 width=21) (actual time=31.525..634.000 rows=34 loops=1)
Gather Merge  (cost=340862.28..340867.88 rows=48 width=131) (actual time=616.322..620.878 rows=45 loops=1)
Gather Merge  (cost=340862.31..340868.15 rows=50 width=131) (actual time=600.195..604.768 rows=130 loops=1)
Gather  (cost=1000.00..340864.31 rows=26 width=21) (actual time=450.348..607.684 rows=64 loops=1)
Gather Merge  (cost=340862.28..340867.88 rows=48 width=131) (actual time=623.294..627.881 rows=75 loops=1)
Gather  (cost=1000.00..340879.81 rows=181 width=21) (actual time=125.790..614.221 rows=192 loops=1)
Gather  (cost=1000.00..340864.41 rows=27 width=21) (actual time=261.472..611.107 rows=52 loops=1)
Gather  (cost=1000.00..340864.31 rows=26 width=21) (actual time=530.619..588.849 rows=75 loops=1)
Gather  (cost=1000.00..340869.81 rows=81 width=21) (actual time=422.967..630.648 rows=44 loops=1)
Gather  (cost=1000.00..340864.31 rows=26 width=21) (actual time=464.504..597.441 rows=175 loops=1)
Gather  (cost=1000.00..340864.41 rows=27 width=21) (actual time=228.233..632.447 rows=52 loops=1)
Gather  (cost=1000.00..340873.11 rows=114 width=140) (actual time=381.872..586.791 rows=208 loops=1)
Gather  (cost=1000.00..340864.41 rows=27 width=21) (actual time=617.107..624.888 rows=46 loops=1)
Gather Merge  (cost=340862.28..340867.88 rows=48 width=131) (actual time=606.988..611.644 rows=172 loops=1)
Gather Merge  (cost=340864.22..340882.66 rows=158 width=131) (actual time=624.083..628.698 rows=210 loops=1)
Gather Merge  (cost=340865.10..340888.66 rows=202 width=131) (actual time=617.246..621.814 rows=316 loops=1)
Gather  (cost=1000.00..340864.41 rows=27 width=140) (actual time=201.263..611.268 rows=54 loops=1)
Gather  (cost=1000.00..340864.31 rows=26 width=21) (actual time=419.827..598.061 rows=48 loops=1)
Gather  (cost=1000.00..340864.41 rows=27 width=403) (actual time=205.930..629.328 rows=54 loops=1)
Gather  (cost=1000.00..340923.31 rows=616 width=21) (actual time=277.112..614.383 rows=335 loops=1)
Gather  (cost=1000.00..340864.41 rows=27 width=21) (actual time=602.558..614.511 rows=52 loops=1)
Gather  (cost=1000.00..340864.41 rows=27 width=21) (actual time=131.283..589.769 rows=58 loops=1)
Gather  (cost=1000.00..340864.41 rows=27 width=140) (actual time=285.978..596.526 rows=22 loops=1)
Gather Merge  (cost=340862.31..340868.15 rows=50 width=131) (actual time=627.579..632.425 rows=160 loops=1)
Gather Merge  (cost=340862.28..340867.88 rows=48 width=131) (actual time=649.767..654.240 rows=75 loops=1)
Gather Merge  (cost=340862.28..340867.88 rows=48 width=131) (actual time=643.575..648.243 rows=222 loops=1)
Gather  (cost=1000.00..340864.41 rows=27 width=21) (actual time=382.019..592.316 rows=42 loops=1)
Gather  (cost=1000.00..340864.41 rows=27 width=21) (actual time=32.853..612.710 rows=42 loops=1)
Gather Merge  (cost=340862.28..340867.88 rows=48 width=131) (actual time=627.184..631.673 rows=72 loops=1)
Gather  (cost=1000.00..340875.11 rows=134 width=21) (actual time=455.249..628.808 rows=64 loops=1)
Gather  (cost=1000.00..340864.31 rows=26 width=21) (actual time=483.861..605.224 rows=44 loops=1)
Gather  (cost=1000.00..340873.31 rows=116 width=21) (actual time=203.258..596.369 rows=162 loops=1)
Gather  (cost=1000.00..340864.31 rows=26 width=21) (actual time=584.306..621.864 rows=112 loops=1)
Gather  (cost=1000.00..340868.31 rows=66 width=140) (actual time=574.154..640.495 rows=30 loops=1)
Gather Merge  (cost=340862.28..340867.88 rows=48 width=131) (actual time=639.519..645.166 rows=84 loops=1)
Gather Merge  (cost=340862.31..340868.15 rows=50 width=131) (actual time=633.501..638.014 rows=182 loops=1)
Gather  (cost=1000.00..340873.21 rows=115 width=21) (actual time=499.435..591.196 rows=52 loops=1)
Gather  (cost=1000.00..340870.31 rows=86 width=140) (actual time=14.761..658.987 rows=104 loops=1)
Gather Merge  (cost=340862.28..340867.88 rows=48 width=131) (actual time=611.499..616.293 rows=33 loops=1)
Gather Merge  (cost=340862.28..340867.88 rows=48 width=131) (actual time=635.142..639.459 rows=72 loops=1)
Gather  (cost=1000.00..340864.31 rows=26 width=140) (actual time=331.663..590.274 rows=40 loops=1)
Gather Merge  (cost=340864.03..340881.30 rows=148 width=131) (actual time=632.231..636.840 rows=130 loops=1)
Gather  (cost=1000.00..340864.41 rows=27 width=140) (actual time=569.930..589.760 rows=18 loops=1)
Gather Merge  (cost=340869.20..340914.93 rows=392 width=131) (actual time=660.595..665.226 rows=616 loops=1)
Gather  (cost=1000.00..340864.31 rows=26 width=140) (actual time=482.314..615.377 rows=42 loops=1)
Gather Merge  (cost=340862.28..340867.88 rows=48 width=131) (actual time=619.458..623.986 rows=35 loops=1)
Gather  (cost=1000.00..340864.41 rows=27 width=21) (actual time=43.030..590.972 rows=54 loops=1)
Gather  (cost=1000.00..340864.41 rows=27 width=140) (actual time=103.909..642.347 rows=44 loops=1)
Gather  (cost=1000.00..340868.01 rows=63 width=140) (actual time=415.310..599.915 rows=63 loops=1)
Gather  (cost=1000.00..340864.41 rows=27 width=140) (actual time=627.266..640.532 rows=81 loops=1)
Gather  (cost=1000.00..340864.41 rows=27 width=140) (actual time=361.972..589.679 rows=69 loops=1)
Gather  (cost=1000.00..340874.31 rows=126 width=21) (actual time=134.341..593.432 rows=213 loops=1)
Gather  (cost=1000.00..340883.61 rows=219 width=21) (actual time=389.565..612.386 rows=219 loops=1)
Gather  (cost=1000.00..340864.41 rows=27 width=140) (actual time=227.709..631.216 rows=40 loops=1)
Gather  (cost=1000.00..340864.31 rows=26 width=21) (actual time=321.455..610.184 rows=62 loops=1)
Gather Merge  (cost=340870.66..340923.87 rows=456 width=131) (actual time=621.546..626.270 rows=460 loops=1)
Gather  (cost=1000.00..340864.41 rows=27 width=403) (actual time=172.355..587.684 rows=36 loops=1)
Gather  (cost=1000.00..340864.41 rows=27 width=21) (actual time=317.903..635.115 rows=44 loops=1)
Gather  (cost=1000.00..340877.91 rows=162 width=21) (actual time=33.252..601.284 rows=260 loops=1)
Gather  (cost=1000.00..340876.21 rows=145 width=140) (actual time=122.949..627.458 rows=210 loops=1)
Gather Merge  (cost=340862.31..340868.15 rows=50 width=131) (actual time=597.033..601.586 rows=111 loops=1)
Gather  (cost=1000.00..340864.41 rows=27 width=21) (actual time=142.864..624.364 rows=54 loops=1)
Gather Merge  (cost=340862.28..340867.88 rows=48 width=131) (actual time=616.476..621.294 rows=80 loops=1)
Gather  (cost=1000.00..340870.01 rows=83 width=21) (actual time=507.475..611.067 rows=134 loops=1)
Gather  (cost=1000.00..340864.41 rows=27 width=21) (actual time=280.005..623.875 rows=40 loops=1)
Gather  (cost=1000.00..340864.41 rows=27 width=21) (actual time=373.029..594.472 rows=60 loops=1)
Gather  (cost=1000.00..340873.01 rows=113 width=21) (actual time=255.955..634.893 rows=84 loops=1)
Gather  (cost=1000.00..340864.41 rows=27 width=21) (actual time=216.885..607.708 rows=32 loops=1)
Gather  (cost=1000.00..340864.41 rows=27 width=140) (actual time=273.099..609.038 rows=76 loops=1)
Gather  (cost=1000.00..340872.91 rows=112 width=140) (actual time=243.650..605.044 rows=112 loops=1)
Gather  (cost=1000.00..340864.41 rows=27 width=21) (actual time=150.320..587.480 rows=63 loops=1)
Gather  (cost=1000.00..340877.31 rows=156 width=21) (actual time=436.419..635.831 rows=235 loops=1)
Gather  (cost=1000.00..340864.41 rows=27 width=21) (actual time=149.247..622.904 rows=45 loops=1)
Gather  (cost=1000.00..340876.41 rows=147 width=21) (actual time=147.213..605.315 rows=171 loops=1)
Gather Merge  (cost=340862.28..340867.88 rows=48 width=131) (actual time=599.336..604.074 rows=88 loops=1)
Gather  (cost=1000.00..340864.41 rows=27 width=21) (actual time=401.520..611.607 rows=111 loops=1)
Gather Merge  (cost=340862.31..340868.15 rows=50 width=131) (actual time=623.815..628.429 rows=28 loops=1)
Gather  (cost=1000.00..340864.31 rows=26 width=140) (actual time=441.534..633.869 rows=153 loops=1)
Gather  (cost=1000.00..340870.11 rows=84 width=140) (actual time=454.583..606.336 rows=192 loops=1)
Gather  (cost=1000.00..340870.11 rows=84 width=403) (actual time=441.544..593.009 rows=192 loops=1)
Gather  (cost=1000.00..340881.61 rows=199 width=21) (actual time=573.913..630.732 rows=345 loops=1)
Gather  (cost=1000.00..340868.21 rows=65 width=21) (actual time=109.975..609.352 rows=46 loops=1)
Gather  (cost=1000.00..340864.31 rows=26 width=140) (actual time=316.596..624.516 rows=54 loops=1)
Gather  (cost=1000.00..340864.51 rows=28 width=21) (actual time=93.749..592.179 rows=42 loops=1)
Gather Merge  (cost=340865.18..340889.21 rows=206 width=131) (actual time=627.748..632.354 rows=246 loops=1)
Gather  (cost=1000.00..340924.21 rows=625 width=140) (actual time=371.600..590.687 rows=520 loops=1)
Gather  (cost=1000.00..340924.21 rows=625 width=403) (actual time=390.411..628.516 rows=520 loops=1)
Gather Merge  (cost=340862.28..340867.88 rows=48 width=131) (actual time=629.333..633.969 rows=73 loops=1)
Gather  (cost=1000.00..340864.41 rows=27 width=140) (actual time=597.050..609.599 rows=27 loops=1)
Gather  (cost=1000.00..340864.41 rows=27 width=21) (actual time=41.336..587.605 rows=42 loops=1)
Gather  (cost=1000.00..340864.41 rows=27 width=21) (actual time=43.945..650.369 rows=42 loops=1)
Gather  (cost=1000.00..340864.41 rows=27 width=140) (actual time=267.123..601.198 rows=69 loops=1)
Gather  (cost=1000.00..340923.31 rows=616 width=140) (actual time=285.617..626.186 rows=335 loops=1)
Gather  (cost=1000.00..340874.21 rows=125 width=21) (actual time=108.941..589.112 rows=273 loops=1)
Gather  (cost=1000.00..340864.41 rows=27 width=21) (actual time=597.659..611.569 rows=78 loops=1)
Gather Merge  (cost=340862.28..340867.88 rows=48 width=131) (actual time=612.314..617.071 rows=81 loops=1)
Gather  (cost=1000.00..340864.31 rows=26 width=140) (actual time=583.790..624.521 rows=36 loops=1)
Gather  (cost=1000.00..340876.51 rows=148 width=140) (actual time=607.312..627.471 rows=425 loops=1)
Gather Merge  (cost=340896.34..341066.22 rows=1456 width=131) (actual time=613.037..617.984 rows=1655 loops=1)
Gather Merge  (cost=340862.28..340867.88 rows=48 width=131) (actual time=627.049..631.605 rows=33 loops=1)
Gather  (cost=1000.00..340873.41 rows=117 width=140) (actual time=400.934..621.831 rows=270 loops=1)
Gather  (cost=1000.00..340864.41 rows=27 width=21) (actual time=211.391..618.342 rows=78 loops=1)
Gather  (cost=1000.00..340864.31 rows=26 width=140) (actual time=373.294..611.680 rows=33 loops=1)
Gather  (cost=1000.00..340864.31 rows=26 width=21) (actual time=426.540..589.503 rows=66 loops=1)
Gather  (cost=1000.00..340874.11 rows=124 width=140) (actual time=268.651..612.442 rows=69 loops=1)
Gather Merge  (cost=340862.28..340867.88 rows=48 width=131) (actual time=616.799..621.419 rows=39 loops=1)
Gather Merge  (cost=340862.28..340867.88 rows=48 width=131) (actual time=656.478..662.348 rows=168 loops=1)
Gather  (cost=1000.00..340871.21 rows=95 width=21) (actual time=236.220..604.918 rows=51 loops=1)
Gather Merge  (cost=340862.28..340867.88 rows=48 width=131) (actual time=605.274..609.803 rows=73 loops=1)
Gather  (cost=1000.00..340864.31 rows=26 width=140) (actual time=419.677..615.141 rows=24 loops=1)
Gather  (cost=1000.00..340923.21 rows=615 width=140) (actual time=365.618..617.454 rows=504 loops=1)
Gather  (cost=1000.00..340864.51 rows=28 width=21) (actual time=80.575..614.331 rows=52 loops=1)
Gather  (cost=1000.00..340864.31 rows=26 width=140) (actual time=574.072..606.385 rows=56 loops=1)
Gather Merge  (cost=340862.28..340867.88 rows=48 width=131) (actual time=606.987..611.511 rows=122 loops=1)
Gather  (cost=1000.00..340871.21 rows=95 width=21) (actual time=531.378..617.561 rows=74 loops=1)
Gather Merge  (cost=340862.28..340867.88 rows=48 width=131) (actual time=626.091..630.843 rows=387 loops=1)
Gather  (cost=1000.00..340874.71 rows=130 width=140) (actual time=42.272..634.337 rows=164 loops=1)
Gather  (cost=1000.00..340883.01 rows=213 width=21) (actual time=76.237..613.000 rows=220 loops=1)
Gather Merge  (cost=340862.28..340867.88 rows=48 width=131) (actual time=606.172..610.684 rows=120 loops=1)
Gather  (cost=1000.00..340867.81 rows=61 width=21) (actual time=503.411..638.137 rows=38 loops=1)
Gather Merge  (cost=340862.28..340867.88 rows=48 width=131) (actual time=632.588..637.405 rows=33 loops=1)
Gather  (cost=1000.00..340868.81 rows=71 width=21) (actual time=292.827..635.078 rows=56 loops=1)
Gather  (cost=1000.00..340864.41 rows=27 width=21) (actual time=381.545..592.374 rows=98 loops=1)
Gather Merge  (cost=340862.28..340867.88 rows=48 width=131) (actual time=625.929..630.641 rows=50 loops=1)
Gather Merge  (cost=340869.65..340917.72 rows=412 width=131) (actual time=621.644..627.035 rows=527 loops=1)
Gather  (cost=1000.00..340864.41 rows=27 width=403) (actual time=151.776..627.750 rows=45 loops=1)
Gather  (cost=1000.00..340864.31 rows=26 width=21) (actual time=446.480..621.959 rows=80 loops=1)
Gather Merge  (cost=340862.28..340867.88 rows=48 width=131) (actual time=601.111..605.663 rows=112 loops=1)
Gather  (cost=1000.00..340878.01 rows=163 width=403) (actual time=512.498..610.396 rows=112 loops=1)
Gather  (cost=1000.00..340864.41 rows=27 width=140) (actual time=121.555..623.472 rows=48 loops=1)
Gather  (cost=1000.00..340864.41 rows=27 width=21) (actual time=234.919..614.846 rows=52 loops=1)
Gather  (cost=1000.00..340864.41 rows=27 width=140) (actual time=512.608..603.526 rows=18 loops=1)
Gather  (cost=1000.00..340864.41 rows=27 width=140) (actual time=171.279..587.874 rows=36 loops=1)
Gather  (cost=1000.00..340864.41 rows=27 width=140) (actual time=313.095..644.053 rows=24 loops=1)
Gather  (cost=1000.00..340864.41 rows=27 width=140) (actual time=27.750..609.316 rows=39 loops=1)
Gather  (cost=1000.00..340864.51 rows=28 width=140) (actual time=90.995..620.593 rows=24 loops=1)
Gather Merge  (cost=340862.31..340868.15 rows=50 width=131) (actual time=599.468..603.992 rows=150 loops=1)
Gather  (cost=1000.00..340868.91 rows=72 width=21) (actual time=170.808..612.836 rows=144 loops=1)
Gather  (cost=1000.00..340864.31 rows=26 width=140) (actual time=539.575..610.604 rows=30 loops=1)
Gather Merge  (cost=340862.31..340868.15 rows=50 width=131) (actual time=629.886..634.259 rows=47 loops=1)
Gather  (cost=1000.00..340864.41 rows=27 width=21) (actual time=54.629..608.148 rows=81 loops=1)
Gather  (cost=1000.00..340922.41 rows=607 width=140) (actual time=549.154..592.390 rows=840 loops=1)
Gather Merge  (cost=340862.28..340867.88 rows=48 width=131) (actual time=637.863..642.586 rows=69 loops=1)
Gather Merge  (cost=340862.28..340867.88 rows=48 width=131) (actual time=620.462..626.008 rows=98 loops=1)
Gather  (cost=1000.00..340864.41 rows=27 width=21) (actual time=592.620..615.142 rows=54 loops=1)
Gather Merge  (cost=340864.03..340881.30 rows=148 width=131) (actual time=619.816..624.178 rows=215 loops=1)
Gather  (cost=1000.00..340878.81 rows=171 width=140) (actual time=146.215..616.780 rows=522 loops=1)
Gather Merge  (cost=340864.42..340884.02 rows=168 width=131) (actual time=622.434..626.817 rows=255 loops=1)
Gather  (cost=1000.00..340864.41 rows=27 width=21) (actual time=183.265..613.934 rows=111 loops=1)
Gather Merge  (cost=340862.28..340867.88 rows=48 width=131) (actual time=621.447..625.926 rows=45 loops=1)
Gather  (cost=1000.00..340864.31 rows=26 width=140) (actual time=464.550..590.990 rows=48 loops=1)
Gather Merge  (cost=340885.40..341007.68 rows=1048 width=131) (actual time=634.793..639.701 rows=1318 loops=1)
Gather Merge  (cost=340862.31..340868.15 rows=50 width=131) (actual time=614.024..618.618 rows=33 loops=1)
Gather  (cost=1000.00..340864.41 rows=27 width=21) (actual time=159.861..616.606 rows=38 loops=1)
Gather  (cost=1000.00..340864.31 rows=26 width=140) (actual time=545.784..606.363 rows=45 loops=1)
Gather  (cost=1000.00..340877.61 rows=159 width=21) (actual time=405.661..593.508 rows=300 loops=1)
Gather  (cost=1000.00..340864.41 rows=27 width=140) (actual time=206.860..639.966 rows=33 loops=1)
Gather  (cost=1000.00..340864.41 rows=27 width=403) (actual time=176.125..614.823 rows=33 loops=1)
Gather  (cost=1000.00..340883.61 rows=219 width=21) (actual time=311.787..605.379 rows=282 loops=1)
Gather  (cost=1000.00..340864.41 rows=27 width=140) (actual time=239.692..588.706 rows=20 loops=1)
Gather  (cost=1000.00..340864.41 rows=27 width=21) (actual time=130.684..622.854 rows=70 loops=1)
Gather Merge  (cost=340862.31..340868.15 rows=50 width=131) (actual time=614.343..618.946 rows=52 loops=1)
Gather  (cost=1000.00..340864.41 rows=27 width=140) (actual time=171.408..621.081 rows=30 loops=1)
Gather  (cost=1000.00..340875.61 rows=139 width=140) (actual time=233.172..595.745 rows=96 loops=1)
Gather  (cost=1000.00..340864.51 rows=28 width=140) (actual time=91.737..588.112 rows=60 loops=1)
Gather  (cost=1000.00..340864.31 rows=26 width=21) (actual time=466.445..639.457 rows=94 loops=1)
Gather Merge  (cost=340862.28..340867.88 rows=48 width=131) (actual time=630.361..635.063 rows=97 loops=1)
Gather  (cost=1000.00..340878.61 rows=169 width=21) (actual time=222.885..609.319 rows=255 loops=1)
Gather Merge  (cost=340862.28..340867.88 rows=48 width=131) (actual time=601.457..605.957 rows=64 loops=1)
Gather  (cost=1000.00..340868.01 rows=63 width=140) (actual time=61.724..634.577 rows=36 loops=1)
Gather  (cost=1000.00..340864.41 rows=27 width=21) (actual time=155.892..608.512 rows=56 loops=1)
Gather Merge  (cost=340862.28..340867.88 rows=48 width=131) (actual time=629.324..633.872 rows=224 loops=1)
Gather Merge  (cost=340862.28..340867.88 rows=48 width=131) (actual time=598.917..603.410 rows=75 loops=1)
Gather  (cost=1000.00..340868.61 rows=69 width=21) (actual time=394.804..614.259 rows=123 loops=1)
Gather  (cost=1000.00..340864.41 rows=27 width=21) (actual time=161.797..605.250 rows=50 loops=1)
Gather Merge  (cost=340864.11..340881.84 rows=152 width=131) (actual time=635.958..640.422 rows=208 loops=1)
Gather  (cost=1000.00..340864.41 rows=27 width=21) (actual time=389.935..611.155 rows=34 loops=1)
Gather  (cost=1000.00..340864.41 rows=27 width=21) (actual time=289.012..588.475 rows=74 loops=1)
Gather  (cost=1000.00..340864.31 rows=26 width=21) (actual time=319.785..624.502 rows=60 loops=1)
Gather  (cost=1000.00..340868.41 rows=67 width=21) (actual time=305.264..605.331 rows=88 loops=1)
Gather Merge  (cost=340862.31..340868.15 rows=50 width=131) (actual time=620.604..626.199 rows=92 loops=1)
Gather  (cost=1000.00..340872.81 rows=111 width=21) (actual time=470.873..607.874 rows=258 loops=1)
Gather Merge  (cost=340864.42..340884.02 rows=168 width=131) (actual time=595.999..600.680 rows=155 loops=1)
Gather  (cost=1000.00..340869.51 rows=78 width=140) (actual time=593.414..646.420 rows=24 loops=1)
Gather Merge  (cost=340862.31..340868.15 rows=50 width=131) (actual time=630.751..635.272 rows=104 loops=1)
Gather  (cost=1000.00..340864.41 rows=27 width=140) (actual time=319.010..606.879 rows=42 loops=1)
Gather Merge  (cost=340862.31..340868.15 rows=50 width=131) (actual time=600.527..605.081 rows=185 loops=1)
Gather  (cost=1000.00..340878.61 rows=169 width=21) (actual time=597.416..607.572 rows=204 loops=1)
Gather  (cost=1000.00..340864.41 rows=27 width=21) (actual time=11.145..623.953 rows=46 loops=1)
Gather  (cost=1000.00..340864.31 rows=26 width=21) (actual time=420.205..617.476 rows=66 loops=1)
Gather  (cost=1000.00..340864.31 rows=26 width=21) (actual time=485.850..619.087 rows=54 loops=1)
Gather  (cost=1000.00..340864.41 rows=27 width=21) (actual time=292.261..590.034 rows=90 loops=1)
Gather  (cost=1000.00..340868.41 rows=67 width=21) (actual time=473.473..642.918 rows=70 loops=1)
Gather  (cost=1000.00..340868.31 rows=66 width=140) (actual time=53.918..616.982 rows=30 loops=1)
Gather  (cost=1000.00..340864.41 rows=27 width=21) (actual time=391.007..608.088 rows=60 loops=1)
Gather  (cost=1000.00..340864.41 rows=27 width=21) (actual time=57.386..590.076 rows=42 loops=1)
Gather  (cost=1000.00..340864.41 rows=27 width=140) (actual time=64.438..633.477 rows=45 loops=1)
Gather  (cost=1000.00..340864.31 rows=26 width=21) (actual time=397.005..604.500 rows=88 loops=1)
Gather  (cost=1000.00..340864.31 rows=26 width=21) (actual time=592.726..633.461 rows=66 loops=1)
Gather  (cost=1000.00..340864.51 rows=28 width=21) (actual time=94.020..590.543 rows=42 loops=1)
Gather  (cost=1000.00..340864.51 rows=28 width=140) (actual time=88.191..618.903 rows=24 loops=1)
Gather  (cost=1000.00..340864.31 rows=26 width=140) (actual time=575.109..604.877 rows=30 loops=1)
Gather  (cost=1000.00..340864.41 rows=27 width=140) (actual time=19.133..624.489 rows=105 loops=1)
Gather Merge  (cost=340862.28..340867.88 rows=48 width=131) (actual time=630.067..634.547 rows=30 loops=1)
Gather  (cost=1000.00..340864.41 rows=27 width=21) (actual time=144.668..597.865 rows=132 loops=1)
Gather  (cost=1000.00..340864.51 rows=28 width=21) (actual time=88.444..621.453 rows=50 loops=1)
Gather Merge  (cost=340862.28..340867.88 rows=48 width=131) (actual time=624.779..629.322 rows=149 loops=1)
Gather  (cost=1000.00..340864.41 rows=27 width=21) (actual time=156.689..611.305 rows=38 loops=1)
Gather Merge  (cost=340862.28..340867.88 rows=48 width=131) (actual time=616.476..620.928 rows=133 loops=1)
Gather  (cost=1000.00..340868.51 rows=68 width=21) (actual time=495.078..588.314 rows=78 loops=1)
Gather  (cost=1000.00..340864.51 rows=28 width=21) (actual time=102.359..636.248 rows=96 loops=1)
Gather  (cost=1000.00..340864.31 rows=26 width=21) (actual time=455.277..611.955 rows=48 loops=1)
Gather  (cost=1000.00..340876.61 rows=149 width=140) (actual time=299.515..607.497 rows=216 loops=1)
Gather  (cost=1000.00..340864.41 rows=27 width=21) (actual time=266.654..592.772 rows=44 loops=1)
Gather Merge  (cost=340862.31..340868.15 rows=50 width=131) (actual time=632.887..637.237 rows=45 loops=1)
Gather  (cost=1000.00..340864.41 rows=27 width=21) (actual time=624.725..642.772 rows=34 loops=1)
Gather Merge  (cost=340862.31..340868.15 rows=50 width=131) (actual time=626.016..630.578 rows=78 loops=1)
Gather  (cost=1000.00..340864.41 rows=27 width=140) (actual time=32.080..610.451 rows=28 loops=1)
Gather  (cost=1000.00..340864.41 rows=27 width=21) (actual time=265.214..592.171 rows=66 loops=1)
Gather  (cost=1000.00..340878.11 rows=164 width=21) (actual time=433.444..630.211 rows=248 loops=1)
Gather  (cost=1000.00..340864.31 rows=26 width=21) (actual time=317.328..605.492 rows=48 loops=1)
Gather  (cost=1000.00..340864.41 rows=27 width=21) (actual time=610.301..631.519 rows=54 loops=1)
Gather  (cost=1000.00..340925.01 rows=633 width=21) (actual time=60.745..588.181 rows=1062 loops=1)
Gather Merge  (cost=340862.31..340868.15 rows=50 width=131) (actual time=621.841..626.236 rows=33 loops=1)
Gather  (cost=1000.00..340864.41 rows=27 width=21) (actual time=232.784..586.838 rows=40 loops=1)
Gather  (cost=1000.00..340864.31 rows=26 width=21) (actual time=555.392..638.067 rows=38 loops=1)
Gather Merge  (cost=340862.28..340867.88 rows=48 width=131) (actual time=625.577..629.920 rows=36 loops=1)
Gather  (cost=1000.00..340926.01 rows=643 width=21) (actual time=309.410..612.626 rows=316 loops=1)
Gather  (cost=1000.00..340864.31 rows=26 width=140) (actual time=469.053..587.016 rows=21 loops=1)
Gather Merge  (cost=340869.06..340914.10 rows=386 width=131) (actual time=645.900..650.481 rows=385 loops=1)
Gather  (cost=1000.00..340883.31 rows=216 width=21) (actual time=593.699..608.310 rows=408 loops=1)
Gather  (cost=1000.00..340864.41 rows=27 width=21) (actual time=263.043..628.291 rows=44 loops=1)
Gather  (cost=1000.00..340864.31 rows=26 width=21) (actual time=341.842..589.874 rows=75 loops=1)
Gather  (cost=1000.00..340864.41 rows=27 width=21) (actual time=196.473..621.152 rows=54 loops=1)
Gather Merge  (cost=340862.28..340867.88 rows=48 width=131) (actual time=604.251..611.584 rows=65 loops=1)
Gather  (cost=1000.00..340864.51 rows=28 width=21) (actual time=87.583..638.479 rows=40 loops=1)
Gather Merge  (cost=340862.28..340867.88 rows=48 width=131) (actual time=624.630..629.303 rows=48 loops=1)
Gather  (cost=1000.00..340864.31 rows=26 width=140) (actual time=431.526..621.249 rows=132 loops=1)
Gather Merge  (cost=340862.31..340868.15 rows=50 width=131) (actual time=600.240..604.902 rows=80 loops=1)
Gather  (cost=1000.00..340864.31 rows=26 width=21) (actual time=508.363..642.865 rows=60 loops=1)
Gather Merge  (cost=340862.31..340868.15 rows=50 width=131) (actual time=623.988..628.570 rows=44 loops=1)
Gather  (cost=1000.00..340869.01 rows=73 width=403) (actual time=304.480..609.492 rows=44 loops=1)
Gather  (cost=1000.00..340864.51 rows=28 width=21) (actual time=95.940..587.186 rows=112 loops=1)
Gather  (cost=1000.00..340864.31 rows=26 width=21) (actual time=369.639..619.977 rows=108 loops=1)
Gather Merge  (cost=340862.28..340867.88 rows=48 width=131) (actual time=614.271..618.870 rows=39 loops=1)
Gather  (cost=1000.00..340864.41 rows=27 width=21) (actual time=155.877..634.628 rows=42 loops=1)
Gather  (cost=1000.00..340864.31 rows=26 width=21) (actual time=413.004..604.516 rows=40 loops=1)
Gather  (cost=1000.00..340864.41 rows=27 width=21) (actual time=233.091..622.011 rows=48 loops=1)
Gather  (cost=1000.00..340898.61 rows=369 width=21) (actual time=26.405..592.447 rows=315 loops=1)
Gather  (cost=1000.00..340864.51 rows=28 width=21) (actual time=142.371..680.838 rows=76 loops=1)
Gather Merge  (cost=340862.28..340867.88 rows=48 width=131) (actual time=616.731..621.350 rows=30 loops=1)
Gather Merge  (cost=340862.28..340867.88 rows=48 width=131) (actual time=621.883..626.489 rows=65 loops=1)
Gather  (cost=1000.00..340872.81 rows=111 width=21) (actual time=450.910..588.354 rows=258 loops=1)
Gather  (cost=1000.00..340864.41 rows=27 width=21) (actual time=147.513..618.940 rows=56 loops=1)
Gather  (cost=1000.00..340864.31 rows=26 width=140) (actual time=439.389..610.039 rows=30 loops=1)
Gather  (cost=1000.00..340864.41 rows=27 width=21) (actual time=50.525..616.014 rows=52 loops=1)
Gather Merge  (cost=340862.28..340867.88 rows=48 width=131) (actual time=630.761..635.697 rows=120 loops=1)
Gather  (cost=1000.00..340864.31 rows=26 width=140) (actual time=408.877..589.959 rows=75 loops=1)
Gather  (cost=1000.00..340864.31 rows=26 width=140) (actual time=304.465..648.580 rows=44 loops=1)
Gather  (cost=1000.00..340864.41 rows=27 width=140) (actual time=383.009..604.681 rows=30 loops=1)
Gather  (cost=1000.00..340864.41 rows=27 width=21) (actual time=521.891..619.518 rows=60 loops=1)
Gather  (cost=1000.00..340864.41 rows=27 width=21) (actual time=190.436..591.394 rows=40 loops=1)
Gather Merge  (cost=340862.31..340868.15 rows=50 width=131) (actual time=636.452..641.134 rows=127 loops=1)
Gather  (cost=1000.00..340864.41 rows=27 width=21) (actual time=33.260..590.626 rows=78 loops=1)
Gather  (cost=1000.00..340864.41 rows=27 width=21) (actual time=193.750..627.148 rows=42 loops=1)
Gather Merge  (cost=340862.31..340868.15 rows=50 width=131) (actual time=625.303..629.933 rows=84 loops=1)
Gather  (cost=1000.00..340868.31 rows=66 width=140) (actual time=533.192..612.009 rows=102 loops=1)
Gather  (cost=1000.00..340870.01 rows=83 width=21) (actual time=35.323..608.806 rows=44 loops=1)
Gather Merge  (cost=340862.31..340868.15 rows=50 width=131) (actual time=672.816..677.316 rows=72 loops=1)
Gather  (cost=1000.00..340864.41 rows=27 width=21) (actual time=364.637..611.911 rows=44 loops=1)
Gather  (cost=1000.00..340864.31 rows=26 width=140) (actual time=444.703..610.890 rows=27 loops=1)
Gather  (cost=1000.00..340864.31 rows=26 width=21) (actual time=338.238..584.301 rows=66 loops=1)
Gather  (cost=1000.00..340868.41 rows=67 width=140) (actual time=316.797..617.474 rows=56 loops=1)
Gather  (cost=1000.00..340864.41 rows=27 width=140) (actual time=137.282..585.111 rows=18 loops=1)
Gather  (cost=1000.00..340868.61 rows=69 width=140) (actual time=169.473..635.801 rows=216 loops=1)
Gather Merge  (cost=340862.28..340867.88 rows=48 width=131) (actual time=613.231..617.715 rows=135 loops=1)
Gather Merge  (cost=340862.31..340868.15 rows=50 width=131) (actual time=621.643..626.164 rows=150 loops=1)
Gather Merge  (cost=340862.28..340867.88 rows=48 width=131) (actual time=602.895..607.465 rows=28 loops=1)
Gather  (cost=1000.00..340864.31 rows=26 width=21) (actual time=505.435..665.888 rows=64 loops=1)
Gather  (cost=1000.00..340864.41 rows=27 width=21) (actual time=48.058..610.740 rows=54 loops=1)
Gather  (cost=1000.00..340874.11 rows=124 width=21) (actual time=255.292..608.795 rows=140 loops=1)
Gather  (cost=1000.00..340864.51 rows=28 width=21) (actual time=86.940..589.327 rows=58 loops=1)
Gather  (cost=1000.00..340864.41 rows=27 width=21) (actual time=205.141..615.797 rows=117 loops=1)
Gather Merge  (cost=340862.31..340868.15 rows=50 width=131) (actual time=613.111..617.845 rows=74 loops=1)
Gather  (cost=1000.00..340864.41 rows=27 width=21) (actual time=272.112..618.674 rows=51 loops=1)
Gather  (cost=1000.00..340864.31 rows=26 width=21) (actual time=597.751..627.423 rows=54 loops=1)
Gather Merge  (cost=340862.31..340868.15 rows=50 width=131) (actual time=602.108..606.690 rows=60 loops=1)
Gather  (cost=1000.00..340864.41 rows=27 width=21) (actual time=279.189..628.765 rows=44 loops=1)
Gather  (cost=1000.00..340877.71 rows=160 width=21) (actual time=472.184..632.444 rows=204 loops=1)
Gather  (cost=1000.00..340864.31 rows=26 width=21) (actual time=527.691..624.468 rows=48 loops=1)
Gather Merge  (cost=340862.31..340868.15 rows=50 width=131) (actual time=603.461..608.087 rows=27 loops=1)
Gather  (cost=1000.00..340864.51 rows=28 width=21) (actual time=86.141..630.768 rows=54 loops=1)
Gather Merge  (cost=340862.31..340868.15 rows=50 width=131) (actual time=633.169..637.718 rows=112 loops=1)
Gather  (cost=1000.00..340864.31 rows=26 width=21) (actual time=550.660..640.210 rows=60 loops=1)
Gather  (cost=1000.00..340923.31 rows=616 width=21) (actual time=229.800..591.338 rows=1197 loops=1)
Gather  (cost=1000.00..340864.41 rows=27 width=21) (actual time=580.136..590.166 rows=46 loops=1)
Gather Merge  (cost=340865.59..340891.96 rows=226 width=131) (actual time=621.414..626.022 rows=114 loops=1)
Gather Merge  (cost=340862.31..340868.15 rows=50 width=131) (actual time=627.633..632.460 rows=39 loops=1)
Gather Merge  (cost=340862.31..340868.15 rows=50 width=131) (actual time=631.399..635.897 rows=39 loops=1)
Gather Merge  (cost=340862.28..340867.88 rows=48 width=131) (actual time=622.194..626.672 rows=248 loops=1)
Gather  (cost=1000.00..340864.41 rows=27 width=140) (actual time=182.406..588.937 rows=45 loops=1)
Gather  (cost=1000.00..340864.41 rows=27 width=140) (actual time=399.278..627.858 rows=30 loops=1)
Gather  (cost=1000.00..340864.41 rows=27 width=21) (actual time=14.398..607.325 rows=68 loops=1)
Gather  (cost=1000.00..340864.31 rows=26 width=21) (actual time=356.150..628.666 rows=56 loops=1)
Gather Merge  (cost=340871.22..340927.23 rows=480 width=131) (actual time=597.295..601.963 rows=447 loops=1)
Gather  (cost=1000.00..340864.41 rows=27 width=21) (actual time=179.469..615.335 rows=60 loops=1)
Gather  (cost=1000.00..340864.41 rows=27 width=21) (actual time=587.464..602.504 rows=78 loops=1)
Gather  (cost=1000.00..340864.41 rows=27 width=21) (actual time=181.282..630.579 rows=76 loops=1)
Gather  (cost=1000.00..340868.71 rows=70 width=140) (actual time=356.987..606.593 rows=70 loops=1)
Gather  (cost=1000.00..340877.41 rows=157 width=21) (actual time=368.425..621.654 rows=220 loops=1)
Gather Merge  (cost=340862.31..340868.15 rows=50 width=131) (actual time=597.777..602.422 rows=94 loops=1)
Gather  (cost=1000.00..340864.41 rows=27 width=21) (actual time=203.555..628.494 rows=58 loops=1)
Gather  (cost=1000.00..340864.31 rows=26 width=21) (actual time=421.723..608.911 rows=82 loops=1)
Gather  (cost=1000.00..340864.51 rows=28 width=21) (actual time=108.930..629.119 rows=56 loops=1)
Gather  (cost=1000.00..340864.31 rows=26 width=21) (actual time=521.323..591.702 rows=57 loops=1)
Gather Merge  (cost=340862.28..340867.88 rows=48 width=131) (actual time=621.424..626.118 rows=60 loops=1)
Gather  (cost=1000.00..340864.31 rows=26 width=403) (actual time=309.560..620.675 rows=60 loops=1)
Gather  (cost=1000.00..340864.31 rows=26 width=140) (actual time=579.953..622.705 rows=108 loops=1)
Gather  (cost=1000.00..340864.31 rows=26 width=21) (actual time=576.968..622.615 rows=42 loops=1)
Gather  (cost=1000.00..340864.31 rows=26 width=21) (actual time=414.054..590.910 rows=54 loops=1)
Gather Merge  (cost=340862.28..340867.88 rows=48 width=131) (actual time=622.845..627.497 rows=33 loops=1)
Gather Merge  (cost=340871.88..340931.15 rows=508 width=131) (actual time=614.798..619.305 rows=388 loops=1)
Gather  (cost=1000.00..340864.31 rows=26 width=403) (actual time=497.135..639.260 rows=44 loops=1)
Gather  (cost=1000.00..340864.31 rows=26 width=140) (actual time=352.953..606.596 rows=39 loops=1)
Gather Merge  (cost=340872.16..340932.83 rows=520 width=131) (actual time=602.097..606.569 rows=568 loops=1)
Gather Merge  (cost=340865.30..340890.04 rows=212 width=131) (actual time=618.237..622.836 rows=249 loops=1)
Gather Merge  (cost=340862.31..340868.15 rows=50 width=131) (actual time=643.823..648.259 rows=56 loops=1)
Gather  (cost=1000.00..340869.21 rows=75 width=403) (actual time=171.286..644.529 rows=56 loops=1)
Gather  (cost=1000.00..340864.51 rows=28 width=21) (actual time=76.546..610.707 rows=46 loops=1)
Gather  (cost=1000.00..340864.31 rows=26 width=140) (actual time=459.259..591.392 rows=45 loops=1)
Gather  (cost=1000.00..340864.31 rows=26 width=140) (actual time=380.666..613.913 rows=30 loops=1)
Gather  (cost=1000.00..340882.71 rows=210 width=21) (actual time=421.682..611.441 rows=94 loops=1)
Gather  (cost=1000.00..340864.41 rows=27 width=140) (actual time=46.819..629.351 rows=39 loops=1)
Gather  (cost=1000.00..340876.01 rows=143 width=21) (actual time=313.154..604.826 rows=212 loops=1)
Gather Merge  (cost=340862.28..340867.88 rows=48 width=131) (actual time=601.789..606.391 rows=44 loops=1)
Gather Merge  (cost=340862.28..340867.88 rows=48 width=131) (actual time=619.677..624.201 rows=60 loops=1)
Gather  (cost=1000.00..340864.31 rows=26 width=21) (actual time=499.333..635.861 rows=75 loops=1)
Gather  (cost=1000.00..340864.31 rows=26 width=21) (actual time=541.750..613.514 rows=150 loops=1)
Gather Merge  (cost=340862.28..340867.88 rows=48 width=131) (actual time=625.006..629.784 rows=65 loops=1)
Gather Merge  (cost=340862.28..340867.88 rows=48 width=131) (actual time=599.951..604.539 rows=36 loops=1)
Gather Merge  (cost=340862.31..340868.15 rows=50 width=131) (actual time=636.602..641.156 rows=54 loops=1)
Gather  (cost=1000.00..340864.41 rows=27 width=140) (actual time=379.205..604.268 rows=18 loops=1)
Gather  (cost=1000.00..340864.41 rows=27 width=21) (actual time=266.455..637.923 rows=50 loops=1)
Gather  (cost=1000.00..340868.01 rows=63 width=21) (actual time=399.168..588.102 rows=84 loops=1)
Gather  (cost=1000.00..340864.41 rows=27 width=21) (actual time=179.920..609.243 rows=64 loops=1)
Gather Merge  (cost=340862.28..340867.88 rows=48 width=131) (actual time=615.042..619.920 rows=45 loops=1)
Gather  (cost=1000.00..340923.11 rows=614 width=21) (actual time=458.626..625.002 rows=666 loops=1)
Gather  (cost=1000.00..340864.41 rows=27 width=21) (actual time=57.477..621.024 rows=46 loops=1)
Gather  (cost=1000.00..340864.31 rows=26 width=21) (actual time=417.511..593.670 rows=138 loops=1)
Gather  (cost=1000.00..340864.41 rows=27 width=21) (actual time=114.820..611.143 rows=100 loops=1)
Gather Merge  (cost=340862.31..340868.15 rows=50 width=131) (actual time=623.447..627.951 rows=124 loops=1)
Gather  (cost=1000.00..340882.71 rows=210 width=21) (actual time=406.541..626.167 rows=94 loops=1)
Gather  (cost=1000.00..340869.51 rows=78 width=21) (actual time=398.792..624.555 rows=104 loops=1)
Gather  (cost=1000.00..340864.41 rows=27 width=140) (actual time=268.829..593.288 rows=28 loops=1)
Gather  (cost=1000.00..340924.31 rows=626 width=21) (actual time=110.841..611.707 rows=627 loops=1)
Gather Merge  (cost=340864.98..340887.84 rows=196 width=131) (actual time=631.504..636.261 rows=197 loops=1)
Gather Merge  (cost=340862.31..340868.15 rows=50 width=131) (actual time=610.881..615.663 rows=70 loops=1)
Gather  (cost=1000.00..340882.41 rows=207 width=21) (actual time=563.369..620.950 rows=54 loops=1)
Gather  (cost=1000.00..340878.81 rows=171 width=140) (actual time=275.973..588.922 rows=152 loops=1)
Gather  (cost=1000.00..340878.81 rows=171 width=403) (actual time=275.673..622.359 rows=152 loops=1)
Gather  (cost=1000.00..340864.51 rows=28 width=21) (actual time=94.559..612.455 rows=44 loops=1)
Gather  (cost=1000.00..340864.41 rows=27 width=21) (actual time=535.553..633.669 rows=54 loops=1)
Gather  (cost=1000.00..340864.51 rows=28 width=140) (actual time=72.415..609.625 rows=48 loops=1)
Gather Merge  (cost=340862.28..340867.88 rows=48 width=131) (actual time=598.969..603.359 rows=44 loops=1)
Gather  (cost=1000.00..340864.51 rows=28 width=21) (actual time=81.630..608.472 rows=68 loops=1)
Gather  (cost=1000.00..340864.41 rows=27 width=21) (actual time=535.173..638.123 rows=106 loops=1)
Gather  (cost=1000.00..340864.41 rows=27 width=21) (actual time=250.639..625.969 rows=68 loops=1)
Gather  (cost=1000.00..340864.31 rows=26 width=21) (actual time=554.071..611.535 rows=63 loops=1)
Gather  (cost=1000.00..340875.51 rows=138 width=21) (actual time=320.629..589.121 rows=142 loops=1)
Gather Merge  (cost=340862.28..340867.88 rows=48 width=131) (actual time=623.333..627.643 rows=21 loops=1)
Gather  (cost=1000.00..340878.31 rows=166 width=21) (actual time=277.985..608.966 rows=195 loops=1)
Gather  (cost=1000.00..340864.41 rows=27 width=21) (actual time=536.819..637.726 rows=60 loops=1)
Gather Merge  (cost=340865.06..340888.39 rows=200 width=131) (actual time=616.935..621.202 rows=172 loops=1)
Gather Merge  (cost=340862.28..340867.88 rows=48 width=131) (actual time=608.113..612.624 rows=84 loops=1)
Gather  (cost=1000.00..340868.31 rows=66 width=140) (actual time=161.297..627.690 rows=70 loops=1)
Gather  (cost=1000.00..340870.51 rows=88 width=140) (actual time=338.139..656.513 rows=114 loops=1)
Gather  (cost=1000.00..340864.41 rows=27 width=21) (actual time=324.875..632.853 rows=102 loops=1)
Gather Merge  (cost=340885.04..341005.68 rows=1034 width=131) (actual time=632.351..637.185 rows=1321 loops=1)
Gather  (cost=1000.00..340878.61 rows=169 width=21) (actual time=582.887..592.931 rows=204 loops=1)
Gather  (cost=1000.00..340876.61 rows=149 width=21) (actual time=340.695..644.703 rows=156 loops=1)
Gather  (cost=1000.00..340878.11 rows=164 width=21) (actual time=561.241..605.543 rows=316 loops=1)
Gather  (cost=1000.00..340864.41 rows=27 width=140) (actual time=235.869..652.975 rows=33 loops=1)
Gather Merge  (cost=340862.28..340867.88 rows=48 width=131) (actual time=599.383..603.987 rows=106 loops=1)
Gather Merge  (cost=340862.31..340868.15 rows=50 width=131) (actual time=600.291..604.741 rows=32 loops=1)
Gather  (cost=1000.00..340864.31 rows=26 width=21) (actual time=428.677..630.196 rows=42 loops=1)
Gather  (cost=1000.00..340864.41 rows=27 width=21) (actual time=252.447..621.376 rows=74 loops=1)
Gather  (cost=1000.00..340864.31 rows=26 width=21) (actual time=371.817..638.634 rows=38 loops=1)
Gather  (cost=1000.00..340864.41 rows=27 width=140) (actual time=496.698..594.515 rows=36 loops=1)
Gather  (cost=1000.00..340864.41 rows=27 width=21) (actual time=248.505..610.705 rows=102 loops=1)
Gather  (cost=1000.00..340868.61 rows=69 width=21) (actual time=133.370..608.481 rows=108 loops=1)
Gather Merge  (cost=340862.31..340868.15 rows=50 width=131) (actual time=627.808..633.885 rows=72 loops=1)
Gather  (cost=1000.00..340864.41 rows=27 width=21) (actual time=396.116..629.569 rows=48 loops=1)
Gather Merge  (cost=340862.28..340867.88 rows=48 width=131) (actual time=603.136..607.598 rows=168 loops=1)
Gather  (cost=1000.00..340864.41 rows=27 width=21) (actual time=9.682..608.301 rows=54 loops=1)
Gather  (cost=1000.00..340864.41 rows=27 width=21) (actual time=228.126..629.766 rows=100 loops=1)
Gather  (cost=1000.00..340922.41 rows=607 width=21) (actual time=559.950..605.004 rows=840 loops=1)
Gather Merge  (cost=340867.46..340904.10 rows=314 width=131) (actual time=634.791..639.296 rows=316 loops=1)
Gather Merge  (cost=340862.28..340867.88 rows=48 width=131) (actual time=599.119..603.362 rows=56 loops=1)
Gather  (cost=1000.00..340870.31 rows=86 width=140) (actual time=239.570..610.645 rows=56 loops=1)
Gather  (cost=1000.00..340864.41 rows=27 width=21) (actual time=600.842..611.705 rows=130 loops=1)
Gather Merge  (cost=340862.28..340867.88 rows=48 width=131) (actual time=639.076..645.141 rows=90 loops=1)
Gather Merge  (cost=340862.28..340867.88 rows=48 width=131) (actual time=617.155..621.615 rows=224 loops=1)
Gather  (cost=1000.00..340864.41 rows=27 width=140) (actual time=65.380..592.659 rows=129 loops=1)
Gather Merge  (cost=340864.11..340881.84 rows=152 width=131) (actual time=618.952..623.499 rows=208 loops=1)
Gather  (cost=1000.00..340864.41 rows=27 width=21) (actual time=394.621..619.194 rows=32 loops=1)
Gather  (cost=1000.00..340864.31 rows=26 width=21) (actual time=442.133..616.081 rows=48 loops=1)
Gather Merge  (cost=340864.46..340884.29 rows=170 width=131) (actual time=624.147..628.630 rows=303 loops=1)
Gather  (cost=1000.00..340864.31 rows=26 width=403) (actual time=389.859..589.339 rows=39 loops=1)
Gather Merge  (cost=340862.28..340867.88 rows=48 width=131) (actual time=630.953..635.461 rows=21 loops=1)
Gather  (cost=1000.00..340864.31 rows=26 width=21) (actual time=358.897..611.341 rows=46 loops=1)
Gather Merge  (cost=340864.81..340886.75 rows=188 width=131) (actual time=649.038..653.684 rows=293 loops=1)
Gather  (cost=1000.00..340864.51 rows=28 width=140) (actual time=94.378..606.137 rows=39 loops=1)
Gather  (cost=1000.00..340864.41 rows=27 width=21) (actual time=121.528..591.457 rows=52 loops=1)
Gather  (cost=1000.00..340864.31 rows=26 width=21) (actual time=587.424..623.899 rows=148 loops=1)
Gather Merge  (cost=340862.28..340867.88 rows=48 width=131) (actual time=633.261..637.838 rows=75 loops=1)
Gather  (cost=1000.00..340868.31 rows=66 width=21) (actual time=176.583..636.559 rows=68 loops=1)
Gather Merge  (cost=340862.31..340868.15 rows=50 width=131) (actual time=600.185..604.638 rows=348 loops=1)
Gather  (cost=1000.00..340864.41 rows=27 width=21) (actual time=163.119..600.452 rows=46 loops=1)
Gather Merge  (cost=340862.31..340868.15 rows=50 width=131) (actual time=634.887..639.619 rows=96 loops=1)
Gather  (cost=1000.00..340864.41 rows=27 width=21) (actual time=63.256..620.207 rows=58 loops=1)
Gather  (cost=1000.00..340864.31 rows=26 width=140) (actual time=562.737..636.484 rows=40 loops=1)
Gather  (cost=1000.00..340875.81 rows=141 width=21) (actual time=310.363..591.974 rows=76 loops=1)
Gather  (cost=1000.00..340864.51 rows=28 width=21) (actual time=87.396..591.258 rows=74 loops=1)
Gather  (cost=1000.00..340873.31 rows=116 width=21) (actual time=302.832..640.626 rows=134 loops=1)
Gather Merge  (cost=340862.31..340868.15 rows=50 width=131) (actual time=617.831..622.674 rows=74 loops=1)
Gather Merge  (cost=340862.28..340867.88 rows=48 width=131) (actual time=635.517..640.003 rows=196 loops=1)
Gather Merge  (cost=340862.28..340867.88 rows=48 width=131) (actual time=616.269..620.769 rows=52 loops=1)
Gather  (cost=1000.00..340864.41 rows=27 width=21) (actual time=147.721..613.372 rows=60 loops=1)
Gather Merge  (cost=340862.28..340867.88 rows=48 width=131) (actual time=617.249..621.856 rows=261 loops=1)
Gather Merge  (cost=340862.28..340867.88 rows=48 width=131) (actual time=627.823..632.514 rows=44 loops=1)
Gather Merge  (cost=340862.28..340867.88 rows=48 width=131) (actual time=628.006..632.612 rows=252 loops=1)
Gather  (cost=1000.00..340869.11 rows=74 width=21) (actual time=495.596..589.391 rows=78 loops=1)
Gather  (cost=1000.00..340864.51 rows=28 width=140) (actual time=71.812..609.934 rows=30 loops=1)
Gather Merge  (cost=340862.31..340868.15 rows=50 width=131) (actual time=633.646..638.208 rows=75 loops=1)
Gather  (cost=1000.00..340864.41 rows=27 width=403) (actual time=199.529..608.718 rows=75 loops=1)
Gather Merge  (cost=340862.31..340868.15 rows=50 width=131) (actual time=616.009..620.701 rows=48 loops=1)
Gather Merge  (cost=340862.28..340867.88 rows=48 width=131) (actual time=598.112..602.650 rows=44 loops=1)
Gather  (cost=1000.00..340864.41 rows=27 width=21) (actual time=179.273..614.610 rows=46 loops=1)
Gather  (cost=1000.00..340864.41 rows=27 width=21) (actual time=111.143..614.271 rows=56 loops=1)
Gather  (cost=1000.00..340869.01 rows=73 width=21) (actual time=458.664..636.666 rows=130 loops=1)
Gather  (cost=1000.00..340864.41 rows=27 width=21) (actual time=104.089..604.523 rows=42 loops=1)
Gather Merge  (cost=340862.28..340867.88 rows=48 width=131) (actual time=600.350..604.987 rows=135 loops=1)
Gather Merge  (cost=340862.28..340867.88 rows=48 width=131) (actual time=639.768..644.391 rows=39 loops=1)
Gather  (cost=1000.00..340874.91 rows=132 width=21) (actual time=343.167..623.611 rows=122 loops=1)
Gather  (cost=1000.00..340864.41 rows=27 width=140) (actual time=30.815..627.853 rows=33 loops=1)
Gather  (cost=1000.00..340872.41 rows=107 width=21) (actual time=209.437..591.471 rows=92 loops=1)
Gather Merge  (cost=340862.28..340867.88 rows=48 width=131) (actual time=616.873..632.062 rows=64 loops=1)
Gather Merge  (cost=340862.28..340867.88 rows=48 width=131) (actual time=602.032..606.558 rows=129 loops=1)
Gather Merge  (cost=340862.28..340867.88 rows=48 width=131) (actual time=630.826..635.765 rows=103 loops=1)
Gather  (cost=1000.00..340899.11 rows=374 width=21) (actual time=146.637..619.264 rows=445 loops=1)
Gather  (cost=1000.00..340876.51 rows=148 width=21) (actual time=584.595..605.475 rows=425 loops=1)
Gather  (cost=1000.00..340864.51 rows=28 width=21) (actual time=100.505..592.720 rows=112 loops=1)
Gather Merge  (cost=340862.28..340867.88 rows=48 width=131) (actual time=650.614..655.396 rows=24 loops=1)
Gather  (cost=1000.00..340869.61 rows=79 width=21) (actual time=209.072..602.371 rows=48 loops=1)
Gather  (cost=1000.00..340864.31 rows=26 width=21) (actual time=324.141..626.869 rows=102 loops=1)
Gather Merge  (cost=340862.28..340867.88 rows=48 width=131) (actual time=600.516..605.051 rows=160 loops=1)
Gather Merge  (cost=340869.83..340918.84 rows=420 width=131) (actual time=624.867..629.408 rows=659 loops=1)
Gather Merge  (cost=340862.31..340868.15 rows=50 width=131) (actual time=616.417..621.087 rows=99 loops=1)
Gather  (cost=1000.00..340868.51 rows=68 width=140) (actual time=106.973..620.846 rows=68 loops=1)
Gather  (cost=1000.00..340864.51 rows=28 width=21) (actual time=91.559..622.107 rows=56 loops=1)
Gather  (cost=1000.00..340864.31 rows=26 width=21) (actual time=428.479..594.218 rows=72 loops=1)
Gather Merge  (cost=340862.31..340868.15 rows=50 width=131) (actual time=601.519..608.963 rows=296 loops=1)
Gather Merge  (cost=340862.31..340868.15 rows=50 width=131) (actual time=641.773..646.375 rows=39 loops=1)
Gather  (cost=1000.00..340864.41 rows=27 width=403) (actual time=382.494..618.384 rows=270 loops=1)
Gather  (cost=1000.00..340869.91 rows=82 width=21) (actual time=357.463..613.074 rows=172 loops=1)
Gather Merge  (cost=340862.31..340868.15 rows=50 width=131) (actual time=598.029..602.436 rows=110 loops=1)
Gather  (cost=1000.00..340870.81 rows=91 width=403) (actual time=204.379..620.669 rows=110 loops=1)
Gather  (cost=1000.00..340869.21 rows=75 width=21) (actual time=152.205..605.612 rows=86 loops=1)
Gather  (cost=1000.00..340864.41 rows=27 width=21) (actual time=529.838..626.485 rows=24 loops=1)
Gather  (cost=1000.00..340864.41 rows=27 width=21) (actual time=268.249..623.651 rows=54 loops=1)
Gather  (cost=1000.00..340864.41 rows=27 width=21) (actual time=377.451..603.510 rows=135 loops=1)
Gather  (cost=1000.00..340864.41 rows=27 width=140) (actual time=251.940..613.260 rows=33 loops=1)
Gather  (cost=1000.00..340864.51 rows=28 width=140) (actual time=99.028..629.309 rows=45 loops=1)
Gather  (cost=1000.00..340864.51 rows=28 width=21) (actual time=82.189..613.963 rows=44 loops=1)
Gather  (cost=1000.00..340921.31 rows=596 width=140) (actual time=321.741..608.689 rows=415 loops=1)
Gather  (cost=1000.00..340925.11 rows=634 width=21) (actual time=300.385..590.983 rows=984 loops=1)
Gather Merge  (cost=340890.49..341035.17 rows=1240 width=131) (actual time=626.301..631.098 rows=1569 loops=1)
Gather Merge  (cost=340862.31..340868.15 rows=50 width=131) (actual time=622.752..627.383 rows=22 loops=1)
Gather  (cost=1000.00..340864.41 rows=27 width=21) (actual time=146.062..639.242 rows=81 loops=1)
Gather  (cost=1000.00..340864.31 rows=26 width=21) (actual time=537.281..600.762 rows=56 loops=1)
Gather  (cost=1000.00..340878.91 rows=172 width=140) (actual time=445.517..594.705 rows=376 loops=1)
Gather  (cost=1000.00..340872.81 rows=111 width=21) (actual time=447.141..626.924 rows=64 loops=1)
Gather  (cost=1000.00..340876.51 rows=148 width=21) (actual time=588.117..607.868 rows=425 loops=1)
Gather  (cost=1000.00..340868.01 rows=63 width=21) (actual time=541.511..630.991 rows=38 loops=1)
Gather  (cost=1000.00..340864.31 rows=26 width=140) (actual time=561.006..589.919 rows=36 loops=1)
Gather  (cost=1000.00..340864.31 rows=26 width=21) (actual time=330.648..589.118 rows=44 loops=1)
Gather  (cost=1000.00..340864.41 rows=27 width=21) (actual time=235.466..631.061 rows=82 loops=1)
Gather  (cost=1000.00..340864.31 rows=26 width=21) (actual time=333.353..621.976 rows=48 loops=1)
Gather  (cost=1000.00..340864.41 rows=27 width=140) (actual time=311.524..607.726 rows=66 loops=1)
Gather  (cost=1000.00..340883.01 rows=213 width=21) (actual time=576.534..592.496 rows=207 loops=1)
Gather  (cost=1000.00..340864.41 rows=27 width=21) (actual time=165.261..607.340 rows=50 loops=1)
Gather  (cost=1000.00..340864.41 rows=27 width=21) (actual time=114.530..616.283 rows=40 loops=1)
Gather Merge  (cost=340862.28..340867.88 rows=48 width=131) (actual time=628.590..633.255 rows=70 loops=1)
Gather  (cost=1000.00..340864.51 rows=28 width=140) (actual time=83.575..623.274 rows=42 loops=1)
Gather  (cost=1000.00..340864.31 rows=26 width=21) (actual time=442.369..590.083 rows=50 loops=1)
Gather  (cost=1000.00..340864.41 rows=27 width=140) (actual time=23.541..630.133 rows=72 loops=1)
Gather  (cost=1000.00..340868.31 rows=66 width=21) (actual time=168.788..613.508 rows=69 loops=1)
Gather Merge  (cost=340862.31..340868.15 rows=50 width=131) (actual time=622.835..627.489 rows=142 loops=1)
Gather  (cost=1000.00..340864.41 rows=27 width=21) (actual time=101.894..589.489 rows=54 loops=1)
Gather  (cost=1000.00..340864.31 rows=26 width=21) (actual time=416.257..626.254 rows=68 loops=1)
Gather  (cost=1000.00..340864.41 rows=27 width=21) (actual time=172.847..595.388 rows=108 loops=1)
Gather  (cost=1000.00..340872.41 rows=107 width=21) (actual time=278.702..612.530 rows=136 loops=1)
Gather  (cost=1000.00..340868.51 rows=68 width=21) (actual time=511.539..606.778 rows=249 loops=1)
Gather  (cost=1000.00..340864.51 rows=28 width=21) (actual time=94.041..590.456 rows=80 loops=1)
Gather  (cost=1000.00..340868.61 rows=69 width=140) (actual time=174.439..622.461 rows=216 loops=1)
Gather  (cost=1000.00..340875.91 rows=142 width=21) (actual time=192.307..619.135 rows=104 loops=1)
Gather Merge  (cost=340862.31..340868.15 rows=50 width=131) (actual time=640.523..645.118 rows=50 loops=1)
Gather  (cost=1000.00..340864.41 rows=27 width=140) (actual time=365.839..595.650 rows=39 loops=1)
Gather  (cost=1000.00..340868.51 rows=68 width=21) (actual time=496.286..624.113 rows=78 loops=1)
Gather  (cost=1000.00..340864.41 rows=27 width=21) (actual time=324.450..639.495 rows=48 loops=1)
Gather  (cost=1000.00..340864.41 rows=27 width=140) (actual time=513.614..627.656 rows=46 loops=1)
Gather  (cost=1000.00..340864.41 rows=27 width=403) (actual time=521.820..610.296 rows=46 loops=1)
Gather  (cost=1000.00..340925.01 rows=633 width=21) (actual time=60.502..590.827 rows=1062 loops=1)
Gather  (cost=1000.00..340864.31 rows=26 width=21) (actual time=573.899..633.154 rows=78 loops=1)
Gather  (cost=1000.00..340864.41 rows=27 width=21) (actual time=270.642..621.293 rows=40 loops=1)
Gather  (cost=1000.00..340868.51 rows=68 width=21) (actual time=104.532..608.972 rows=68 loops=1)
Gather Merge  (cost=340862.28..340867.88 rows=48 width=131) (actual time=603.123..607.466 rows=60 loops=1)
Gather  (cost=1000.00..340864.41 rows=27 width=21) (actual time=144.894..611.265 rows=92 loops=1)
Gather  (cost=1000.00..340864.31 rows=26 width=21) (actual time=460.830..618.201 rows=38 loops=1)
Gather Merge  (cost=340862.28..340867.88 rows=48 width=131) (actual time=626.317..630.891 rows=170 loops=1)
Gather  (cost=1000.00..340864.41 rows=27 width=21) (actual time=194.156..609.094 rows=50 loops=1)
Gather  (cost=1000.00..340864.31 rows=26 width=140) (actual time=415.230..604.993 rows=33 loops=1)
Gather  (cost=1000.00..340875.41 rows=137 width=140) (actual time=336.687..611.833 rows=282 loops=1)
Gather Merge  (cost=340862.31..340868.15 rows=50 width=131) (actual time=625.741..630.140 rows=30 loops=1)
Gather  (cost=1000.00..340864.51 rows=28 width=21) (actual time=99.325..630.148 rows=63 loops=1)
Gather Merge  (cost=340862.28..340867.88 rows=48 width=131) (actual time=616.297..620.803 rows=24 loops=1)
Gather  (cost=1000.00..340864.41 rows=27 width=21) (actual time=131.629..591.966 rows=56 loops=1)
Gather  (cost=1000.00..340864.41 rows=27 width=21) (actual time=307.463..610.208 rows=46 loops=1)
Gather Merge  (cost=340862.28..340867.88 rows=48 width=131) (actual time=643.320..648.013 rows=42 loops=1)
Gather  (cost=1000.00..340864.31 rows=26 width=21) (actual time=482.372..617.829 rows=54 loops=1)
Gather Merge  (cost=340884.98..341005.39 rows=1032 width=131) (actual time=629.027..634.544 rows=1676 loops=1)
Gather  (cost=1000.00..340864.41 rows=27 width=140) (actual time=43.494..589.757 rows=50 loops=1)
Gather  (cost=1000.00..340864.41 rows=27 width=21) (actual time=293.805..626.148 rows=72 loops=1)
Gather  (cost=1000.00..340864.31 rows=26 width=140) (actual time=519.089..600.293 rows=100 loops=1)
Gather Merge  (cost=340862.28..340867.88 rows=48 width=131) (actual time=654.961..659.421 rows=90 loops=1)
Gather  (cost=1000.00..340864.41 rows=27 width=140) (actual time=206.649..589.792 rows=22 loops=1)
Gather  (cost=1000.00..340864.31 rows=26 width=21) (actual time=455.755..618.019 rows=44 loops=1)
Gather  (cost=1000.00..340870.61 rows=89 width=21) (actual time=240.732..595.728 rows=90 loops=1)
Gather Merge  (cost=340862.28..340867.88 rows=48 width=131) (actual time=637.188..641.922 rows=133 loops=1)
Gather  (cost=1000.00..340864.41 rows=27 width=403) (actual time=532.144..618.705 rows=105 loops=1)
Gather  (cost=1000.00..340864.41 rows=27 width=21) (actual time=290.474..615.899 rows=52 loops=1)
Gather Merge  (cost=340862.28..340867.88 rows=48 width=131) (actual time=602.839..607.392 rows=80 loops=1)
Gather  (cost=1000.00..340864.31 rows=26 width=21) (actual time=461.616..616.985 rows=60 loops=1)
Gather Merge  (cost=340862.28..340867.88 rows=48 width=131) (actual time=632.661..637.158 rows=75 loops=1)
Gather  (cost=1000.00..340864.41 rows=27 width=21) (actual time=530.237..630.763 rows=64 loops=1)
Gather  (cost=1000.00..340864.51 rows=28 width=140) (actual time=89.457..609.129 rows=48 loops=1)
Gather  (cost=1000.00..340864.41 rows=27 width=140) (actual time=197.628..597.683 rows=12 loops=1)
Gather  (cost=1000.00..340864.41 rows=27 width=21) (actual time=174.480..615.510 rows=52 loops=1)
Gather  (cost=1000.00..340864.41 rows=27 width=21) (actual time=378.246..620.643 rows=75 loops=1)
Gather  (cost=1000.00..340864.41 rows=27 width=140) (actual time=64.796..619.971 rows=78 loops=1)
Gather  (cost=1000.00..340864.41 rows=27 width=403) (actual time=62.561..613.782 rows=78 loops=1)
Gather  (cost=1000.00..340864.41 rows=27 width=21) (actual time=16.889..597.770 rows=105 loops=1)
Gather  (cost=1000.00..340864.31 rows=26 width=21) (actual time=574.286..630.333 rows=84 loops=1)
Gather  (cost=1000.00..340864.41 rows=27 width=21) (actual time=10.066..605.992 rows=52 loops=1)
Gather Merge  (cost=340862.28..340867.88 rows=48 width=131) (actual time=636.735..641.303 rows=28 loops=1)
Gather Merge  (cost=340862.31..340868.15 rows=50 width=131) (actual time=621.515..626.030 rows=54 loops=1)
Gather  (cost=1000.00..340864.41 rows=27 width=21) (actual time=120.586..597.823 rows=42 loops=1)
Gather Merge  (cost=340862.31..340868.15 rows=50 width=131) (actual time=622.394..626.903 rows=81 loops=1)
Gather  (cost=1000.00..340871.21 rows=95 width=140) (actual time=619.661..636.657 rows=170 loops=1)
Gather  (cost=1000.00..340864.31 rows=26 width=21) (actual time=316.857..607.347 rows=126 loops=1)
Gather Merge  (cost=340862.31..340868.15 rows=50 width=131) (actual time=619.754..624.493 rows=147 loops=1)
Gather  (cost=1000.00..340869.41 rows=77 width=140) (actual time=72.105..587.654 rows=72 loops=1)
Gather  (cost=1000.00..340869.21 rows=75 width=21) (actual time=606.135..633.514 rows=68 loops=1)
Gather  (cost=1000.00..340864.41 rows=27 width=140) (actual time=227.336..602.189 rows=69 loops=1)
Gather  (cost=1000.00..340864.41 rows=27 width=21) (actual time=164.376..625.321 rows=46 loops=1)
Gather  (cost=1000.00..340864.31 rows=26 width=140) (actual time=546.007..588.233 rows=78 loops=1)
Gather Merge  (cost=340865.02..340888.12 rows=198 width=131) (actual time=626.277..630.999 rows=257 loops=1)
Gather  (cost=1000.00..340864.41 rows=27 width=140) (actual time=371.184..605.519 rows=45 loops=1)
Gather  (cost=1000.00..340864.41 rows=27 width=21) (actual time=190.607..624.919 rows=60 loops=1)
Gather Merge  (cost=340862.28..340867.88 rows=48 width=131) (actual time=632.810..637.418 rows=90 loops=1)
Gather  (cost=1000.00..340864.41 rows=27 width=140) (actual time=481.718..593.113 rows=54 loops=1)
Gather  (cost=1000.00..340864.31 rows=26 width=140) (actual time=316.270..608.482 rows=21 loops=1)
Gather  (cost=1000.00..340870.31 rows=86 width=140) (actual time=581.903..608.326 rows=57 loops=1)
Gather  (cost=1000.00..340921.71 rows=600 width=21) (actual time=413.970..614.098 rows=356 loops=1)
Gather  (cost=1000.00..340864.41 rows=27 width=21) (actual time=228.936..607.584 rows=48 loops=1)
Gather  (cost=1000.00..340864.41 rows=27 width=21) (actual time=33.614..589.769 rows=82 loops=1)
Gather Merge  (cost=340862.28..340867.88 rows=48 width=131) (actual time=620.292..624.725 rows=154 loops=1)
Gather  (cost=1000.00..340864.31 rows=26 width=403) (actual time=347.351..619.025 rows=154 loops=1)
Gather  (cost=1000.00..340870.91 rows=92 width=140) (actual time=334.858..607.016 rows=48 loops=1)
Gather  (cost=1000.00..340864.31 rows=26 width=21) (actual time=330.970..613.202 rows=50 loops=1)
Gather Merge  (cost=340862.31..340868.15 rows=50 width=131) (actual time=599.552..604.277 rows=111 loops=1)
Gather Merge  (cost=340884.77..341004.25 rows=1024 width=131) (actual time=636.673..640.794 rows=924 loops=1)
Gather Merge  (cost=340862.28..340867.88 rows=48 width=131) (actual time=625.419..629.972 rows=67 loops=1)
Gather Merge  (cost=340862.28..340867.88 rows=48 width=131) (actual time=625.919..630.678 rows=154 loops=1)
Gather Merge  (cost=340862.31..340868.15 rows=50 width=131) (actual time=613.168..617.815 rows=42 loops=1)
Gather  (cost=1000.00..340864.31 rows=26 width=140) (actual time=522.051..594.075 rows=65 loops=1)
Gather Merge  (cost=340862.28..340867.88 rows=48 width=131) (actual time=624.351..632.480 rows=92 loops=1)
Gather  (cost=1000.00..340864.41 rows=27 width=140) (actual time=39.820..614.159 rows=57 loops=1)
Gather  (cost=1000.00..340864.41 rows=27 width=21) (actual time=155.366..613.394 rows=54 loops=1)
Gather Merge  (cost=340862.31..340868.15 rows=50 width=131) (actual time=620.422..624.872 rows=86 loops=1)
Gather  (cost=1000.00..340879.41 rows=177 width=21) (actual time=132.110..591.564 rows=144 loops=1)
Gather Merge  (cost=340863.99..340881.03 rows=146 width=131) (actual time=642.372..646.988 rows=84 loops=1)
Gather  (cost=1000.00..340864.51 rows=28 width=21) (actual time=100.346..617.291 rows=66 loops=1)
Gather  (cost=1000.00..340864.31 rows=26 width=21) (actual time=486.815..608.078 rows=50 loops=1)
Gather Merge  (cost=340862.31..340868.15 rows=50 width=131) (actual time=599.000..603.468 rows=50 loops=1)
Gather  (cost=1000.00..340864.41 rows=27 width=21) (actual time=169.709..628.860 rows=81 loops=1)
Gather Merge  (cost=340862.28..340867.88 rows=48 width=131) (actual time=617.531..622.068 rows=82 loops=1)
Gather  (cost=1000.00..340864.31 rows=26 width=21) (actual time=563.475..629.130 rows=42 loops=1)
Gather  (cost=1000.00..340864.41 rows=27 width=21) (actual time=177.849..591.920 rows=48 loops=1)
Gather  (cost=1000.00..340864.31 rows=26 width=21) (actual time=467.998..607.441 rows=98 loops=1)
Gather  (cost=1000.00..340868.51 rows=68 width=21) (actual time=123.005..611.479 rows=36 loops=1)
Gather  (cost=1000.00..340864.41 rows=27 width=21) (actual time=283.080..616.502 rows=38 loops=1)
Gather  (cost=1000.00..340864.31 rows=26 width=21) (actual time=461.207..621.794 rows=46 loops=1)
Gather Merge  (cost=340862.28..340867.88 rows=48 width=131) (actual time=602.486..606.956 rows=135 loops=1)
Gather Merge  (cost=340870.16..340920.79 rows=434 width=131) (actual time=618.123..622.648 rows=397 loops=1)
Gather Merge  (cost=340862.31..340868.15 rows=50 width=131) (actual time=624.761..630.244 rows=144 loops=1)
Gather  (cost=1000.00..340872.11 rows=104 width=21) (actual time=431.478..613.789 rows=258 loops=1)
Gather Merge  (cost=340862.31..340868.15 rows=50 width=131) (actual time=616.153..621.125 rows=70 loops=1)
Gather Merge  (cost=340862.31..340868.15 rows=50 width=131) (actual time=599.289..603.962 rows=32 loops=1)
Gather  (cost=1000.00..340875.61 rows=139 width=21) (actual time=310.216..645.485 rows=130 loops=1)
Gather  (cost=1000.00..340875.81 rows=141 width=21) (actual time=495.354..629.795 rows=108 loops=1)
Gather  (cost=1000.00..340878.01 rows=163 width=21) (actual time=273.359..608.101 rows=249 loops=1)
Gather Merge  (cost=340862.31..340868.15 rows=50 width=131) (actual time=605.682..610.412 rows=45 loops=1)
Gather  (cost=1000.00..340869.61 rows=79 width=21) (actual time=461.900..624.479 rows=98 loops=1)
Gather  (cost=1000.00..340864.41 rows=27 width=21) (actual time=42.977..612.756 rows=192 loops=1)
Gather  (cost=1000.00..340864.31 rows=26 width=140) (actual time=375.281..625.440 rows=84 loops=1)
Gather  (cost=1000.00..340864.31 rows=26 width=403) (actual time=354.450..590.032 rows=84 loops=1)
Gather  (cost=1000.00..340864.31 rows=26 width=21) (actual time=421.808..607.828 rows=132 loops=1)
Gather  (cost=1000.00..340864.41 rows=27 width=21) (actual time=168.935..609.525 rows=54 loops=1)
Gather  (cost=1000.00..340864.31 rows=26 width=21) (actual time=444.706..621.662 rows=80 loops=1)
Gather  (cost=1000.00..340864.41 rows=27 width=21) (actual time=220.711..620.165 rows=40 loops=1)
Gather  (cost=1000.00..340864.41 rows=27 width=21) (actual time=369.139..589.943 rows=48 loops=1)
Gather Merge  (cost=340862.31..340868.15 rows=50 width=131) (actual time=633.485..638.231 rows=78 loops=1)
Gather  (cost=1000.00..340864.41 rows=27 width=403) (actual time=149.833..606.788 rows=78 loops=1)
Gather  (cost=1000.00..340864.41 rows=27 width=21) (actual time=49.452..612.629 rows=60 loops=1)
Gather Merge  (cost=340862.28..340867.88 rows=48 width=131) (actual time=620.872..625.517 rows=90 loops=1)
Gather Merge  (cost=340862.31..340868.15 rows=50 width=131) (actual time=598.279..602.672 rows=90 loops=1)
Gather  (cost=1000.00..340864.41 rows=27 width=21) (actual time=165.237..629.100 rows=78 loops=1)
Gather  (cost=1000.00..340864.31 rows=26 width=140) (actual time=470.456..619.558 rows=40 loops=1)
Gather  (cost=1000.00..340864.31 rows=26 width=21) (actual time=346.402..609.733 rows=60 loops=1)
Gather  (cost=1000.00..340864.41 rows=27 width=140) (actual time=269.897..590.511 rows=36 loops=1)
Gather  (cost=1000.00..340864.41 rows=27 width=21) (actual time=237.809..609.786 rows=81 loops=1)
Gather Merge  (cost=340862.28..340867.88 rows=48 width=131) (actual time=614.838..619.437 rows=61 loops=1)
Gather  (cost=1000.00..340864.41 rows=27 width=140) (actual time=386.279..619.827 rows=30 loops=1)
Gather  (cost=1000.00..340864.41 rows=27 width=21) (actual time=600.064..608.299 rows=74 loops=1)
Gather  (cost=1000.00..340864.41 rows=27 width=21) (actual time=286.942..589.114 rows=52 loops=1)
Gather  (cost=1000.00..340868.01 rows=63 width=21) (actual time=321.538..629.813 rows=44 loops=1)
Gather  (cost=1000.00..340867.91 rows=62 width=140) (actual time=249.622..607.901 rows=45 loops=1)
Gather Merge  (cost=340862.31..340868.15 rows=50 width=131) (actual time=635.258..639.848 rows=30 loops=1)
Gather  (cost=1000.00..340875.61 rows=139 width=21) (actual time=581.116..591.000 rows=52 loops=1)
Gather Merge  (cost=340862.31..340868.15 rows=50 width=131) (actual time=632.256..636.856 rows=30 loops=1)
Gather  (cost=1000.00..340864.41 rows=27 width=21) (actual time=37.005..594.932 rows=52 loops=1)
Gather  (cost=1000.00..340864.41 rows=27 width=21) (actual time=602.410..613.697 rows=102 loops=1)
Gather  (cost=1000.00..340864.41 rows=27 width=21) (actual time=120.948..603.578 rows=44 loops=1)
Gather  (cost=1000.00..340867.71 rows=60 width=21) (actual time=305.100..589.420 rows=132 loops=1)
Gather Merge  (cost=340865.02..340888.12 rows=198 width=131) (actual time=638.185..642.799 rows=209 loops=1)
Gather Merge  (cost=340862.28..340867.88 rows=48 width=131) (actual time=627.195..631.571 rows=42 loops=1)
Gather Merge  (cost=340862.28..340867.88 rows=48 width=131) (actual time=619.352..623.872 rows=84 loops=1)
Gather  (cost=1000.00..340864.41 rows=27 width=21) (actual time=148.440..608.509 rows=44 loops=1)
Gather  (cost=1000.00..340868.01 rows=63 width=403) (actual time=508.111..587.167 rows=84 loops=1)
Gather  (cost=1000.00..340864.31 rows=26 width=21) (actual time=477.054..646.968 rows=58 loops=1)
Gather  (cost=1000.00..340864.41 rows=27 width=21) (actual time=592.444..603.851 rows=69 loops=1)
Gather  (cost=1000.00..340871.41 rows=97 width=21) (actual time=484.747..605.938 rows=122 loops=1)
Gather  (cost=1000.00..340868.61 rows=69 width=21) (actual time=152.602..588.590 rows=216 loops=1)
Gather Merge  (cost=340862.31..340868.15 rows=50 width=131) (actual time=651.590..656.327 rows=39 loops=1)
Gather Merge  (cost=340862.31..340868.15 rows=50 width=131) (actual time=631.194..635.660 rows=39 loops=1)
Gather  (cost=1000.00..340864.31 rows=26 width=140) (actual time=329.618..608.062 rows=21 loops=1)
Gather  (cost=1000.00..340924.31 rows=626 width=140) (actual time=109.541..589.102 rows=627 loops=1)
Gather  (cost=1000.00..340864.41 rows=27 width=140) (actual time=599.225..620.577 rows=33 loops=1)
Gather  (cost=1000.00..340898.71 rows=370 width=140) (actual time=256.838..610.844 rows=516 loops=1)
Gather  (cost=1000.00..340864.41 rows=27 width=21) (actual time=296.274..615.263 rows=48 loops=1)
Gather Merge  (cost=340862.28..340867.88 rows=48 width=131) (actual time=631.788..636.584 rows=30 loops=1)
Gather  (cost=1000.00..340864.31 rows=26 width=21) (actual time=345.607..591.951 rows=50 loops=1)
Gather  (cost=1000.00..340924.21 rows=625 width=21) (actual time=370.094..623.525 rows=520 loops=1)
Gather  (cost=1000.00..340864.41 rows=27 width=140) (actual time=133.828..622.989 rows=42 loops=1)
Gather  (cost=1000.00..340878.11 rows=164 width=140) (actual time=434.302..625.374 rows=248 loops=1)
Gather  (cost=1000.00..340864.41 rows=27 width=21) (actual time=107.971..592.586 rows=44 loops=1)
Gather  (cost=1000.00..340882.41 rows=207 width=21) (actual time=596.667..653.985 rows=72 loops=1)
Gather Merge  (cost=340867.77..340906.04 rows=328 width=131) (actual time=619.390..623.960 rows=439 loops=1)
Gather  (cost=1000.00..340875.31 rows=136 width=21) (actual time=83.450..619.433 rows=192 loops=1)
Gather Merge  (cost=340862.28..340867.88 rows=48 width=131) (actual time=601.494..606.289 rows=42 loops=1)
Gather Merge  (cost=340862.28..340867.88 rows=48 width=131) (actual time=619.229..623.775 rows=120 loops=1)
Gather  (cost=1000.00..340864.41 rows=27 width=21) (actual time=369.115..587.712 rows=42 loops=1)
Gather Merge  (cost=340862.28..340867.88 rows=48 width=131) (actual time=625.265..630.026 rows=42 loops=1)
Gather  (cost=1000.00..340864.41 rows=27 width=21) (actual time=159.281..614.774 rows=40 loops=1)
Gather  (cost=1000.00..340924.11 rows=624 width=21) (actual time=587.577..607.291 rows=413 loops=1)
Gather Merge  (cost=340862.31..340868.15 rows=50 width=131) (actual time=595.524..599.957 rows=105 loops=1)
Gather  (cost=1000.00..340864.41 rows=27 width=21) (actual time=198.337..644.264 rows=60 loops=1)
Gather Merge  (cost=340862.28..340867.88 rows=48 width=131) (actual time=611.414..616.052 rows=44 loops=1)
Gather  (cost=1000.00..340874.11 rows=124 width=140) (actual time=511.269..623.790 rows=445 loops=1)
Gather Merge  (cost=340865.18..340889.21 rows=206 width=131) (actual time=597.144..601.766 rows=243 loops=1)
Gather  (cost=1000.00..340864.41 rows=27 width=21) (actual time=405.263..614.371 rows=48 loops=1)
Gather  (cost=1000.00..340864.41 rows=27 width=21) (actual time=161.017..590.435 rows=84 loops=1)
Gather  (cost=1000.00..340864.31 rows=26 width=140) (actual time=436.286..626.804 rows=44 loops=1)
Gather Merge  (cost=340862.28..340867.88 rows=48 width=131) (actual time=617.235..621.856 rows=78 loops=1)
Gather  (cost=1000.00..340864.31 rows=26 width=21) (actual time=540.672..612.744 rows=34 loops=1)
Gather  (cost=1000.00..340864.41 rows=27 width=21) (actual time=262.228..587.779 rows=42 loops=1)
Gather  (cost=1000.00..340864.31 rows=26 width=21) (actual time=521.570..655.500 rows=50 loops=1)
Gather  (cost=1000.00..340864.31 rows=26 width=21) (actual time=400.918..611.646 rows=52 loops=1)
Gather  (cost=1000.00..340864.31 rows=26 width=21) (actual time=532.691..609.359 rows=66 loops=1)
Gather  (cost=1000.00..340864.31 rows=26 width=140) (actual time=310.638..588.307 rows=33 loops=1)
Gather  (cost=1000.00..340864.41 rows=27 width=21) (actual time=514.888..615.326 rows=58 loops=1)
Gather  (cost=1000.00..340924.21 rows=625 width=21) (actual time=495.917..605.622 rows=740 loops=1)
Gather Merge  (cost=340870.62..340923.59 rows=454 width=131) (actual time=634.996..639.952 rows=314 loops=1)
Gather Merge  (cost=340862.31..340868.15 rows=50 width=131) (actual time=640.287..644.981 rows=64 loops=1)
Gather Merge  (cost=340862.31..340868.15 rows=50 width=131) (actual time=617.201..621.809 rows=150 loops=1)
Gather  (cost=1000.00..340864.41 rows=27 width=21) (actual time=163.706..613.049 rows=78 loops=1)
Gather  (cost=1000.00..340864.41 rows=27 width=21) (actual time=409.358..641.465 rows=46 loops=1)
Gather  (cost=1000.00..340925.01 rows=633 width=21) (actual time=62.279..613.909 rows=1062 loops=1)
Gather  (cost=1000.00..340864.31 rows=26 width=21) (actual time=581.236..616.840 rows=60 loops=1)
Gather  (cost=1000.00..340864.41 rows=27 width=21) (actual time=498.694..597.371 rows=156 loops=1)
Gather Merge  (cost=340862.28..340867.88 rows=48 width=131) (actual time=620.269..624.881 rows=84 loops=1)
Gather  (cost=1000.00..340864.41 rows=27 width=21) (actual time=14.933..604.156 rows=48 loops=1)
Gather  (cost=1000.00..340864.41 rows=27 width=21) (actual time=605.872..620.910 rows=54 loops=1)
Gather  (cost=1000.00..340867.91 rows=62 width=21) (actual time=607.030..620.281 rows=69 loops=1)
Gather  (cost=1000.00..340864.41 rows=27 width=21) (actual time=495.863..592.431 rows=80 loops=1)
Gather Merge  (cost=340862.31..340868.15 rows=50 width=131) (actual time=635.739..640.467 rows=108 loops=1)
Gather  (cost=1000.00..340872.71 rows=110 width=21) (actual time=427.057..616.976 rows=96 loops=1)
Gather Merge  (cost=340862.28..340867.88 rows=48 width=131) (actual time=638.529..643.269 rows=75 loops=1)
Gather  (cost=1000.00..340864.51 rows=28 width=21) (actual time=98.215..590.871 rows=42 loops=1)
Gather Merge  (cost=340862.28..340867.88 rows=48 width=131) (actual time=626.182..631.172 rows=143 loops=1)
Gather Merge  (cost=340862.28..340867.88 rows=48 width=131) (actual time=602.862..607.495 rows=105 loops=1)
Gather  (cost=1000.00..340867.81 rows=61 width=403) (actual time=451.087..639.504 rows=105 loops=1)
Gather  (cost=1000.00..340923.21 rows=615 width=21) (actual time=596.329..613.878 rows=318 loops=1)
Gather Merge  (cost=340862.31..340868.15 rows=50 width=131) (actual time=630.819..635.332 rows=78 loops=1)
Gather  (cost=1000.00..340883.31 rows=216 width=21) (actual time=143.886..589.512 rows=170 loops=1)
Gather  (cost=1000.00..340864.31 rows=26 width=21) (actual time=452.234..643.015 rows=76 loops=1)
Gather Merge  (cost=340864.19..340882.39 rows=156 width=131) (actual time=611.883..616.302 rows=208 loops=1)
Gather Merge  (cost=340862.28..340867.88 rows=48 width=131) (actual time=629.238..633.839 rows=94 loops=1)
Gather  (cost=1000.00..340864.41 rows=27 width=21) (actual time=28.130..589.474 rows=44 loops=1)
Gather Merge  (cost=340862.28..340867.88 rows=48 width=131) (actual time=621.561..626.133 rows=84 loops=1)
Gather  (cost=1000.00..340864.31 rows=26 width=140) (actual time=438.780..612.940 rows=42 loops=1)
Gather Merge  (cost=340862.28..340867.88 rows=48 width=131) (actual time=639.780..644.432 rows=48 loops=1)
Gather Merge  (cost=340862.28..340867.88 rows=48 width=131) (actual time=653.101..657.562 rows=28 loops=1)
Gather Merge  (cost=340862.28..340867.88 rows=48 width=131) (actual time=609.222..613.968 rows=128 loops=1)
Gather  (cost=1000.00..340881.91 rows=202 width=21) (actual time=473.096..607.287 rows=156 loops=1)
Gather  (cost=1000.00..340924.11 rows=624 width=21) (actual time=43.787..632.101 rows=427 loops=1)
Gather  (cost=1000.00..340876.01 rows=143 width=21) (actual time=303.788..611.683 rows=212 loops=1)
Gather  (cost=1000.00..340864.31 rows=26 width=140) (actual time=454.674..610.892 rows=42 loops=1)
Gather Merge  (cost=340862.28..340867.88 rows=48 width=131) (actual time=597.848..602.607 rows=154 loops=1)
Gather  (cost=1000.00..340875.51 rows=138 width=21) (actual time=355.089..628.483 rows=142 loops=1)
Gather Merge  (cost=340862.31..340868.15 rows=50 width=131) (actual time=625.645..629.991 rows=44 loops=1)
Gather Merge  (cost=340862.31..340868.15 rows=50 width=131) (actual time=616.131..620.718 rows=39 loops=1)
Gather  (cost=1000.00..340879.41 rows=177 width=140) (actual time=55.280..590.041 rows=48 loops=1)
Gather Merge  (cost=340862.28..340867.88 rows=48 width=131) (actual time=620.307..624.957 rows=108 loops=1)
Gather  (cost=1000.00..340864.31 rows=26 width=21) (actual time=401.951..617.877 rows=54 loops=1)
Gather  (cost=1000.00..340864.41 rows=27 width=140) (actual time=299.311..615.947 rows=72 loops=1)
Gather Merge  (cost=340862.28..340867.88 rows=48 width=131) (actual time=630.574..635.180 rows=56 loops=1)
Gather Merge  (cost=340862.31..340868.15 rows=50 width=131) (actual time=605.906..610.521 rows=110 loops=1)
Gather  (cost=1000.00..340864.41 rows=27 width=21) (actual time=293.075..647.389 rows=80 loops=1)
Gather  (cost=1000.00..340864.31 rows=26 width=21) (actual time=520.029..603.391 rows=44 loops=1)
Gather Merge  (cost=340862.31..340868.15 rows=50 width=131) (actual time=637.691..642.383 rows=60 loops=1)
Gather Merge  (cost=340865.96..340894.43 rows=244 width=131) (actual time=606.777..611.316 rows=230 loops=1)
Gather  (cost=1000.00..340864.41 rows=27 width=140) (actual time=66.529..628.930 rows=56 loops=1)
Gather Merge  (cost=340862.28..340867.88 rows=48 width=131) (actual time=622.962..648.818 rows=48 loops=1)
Gather  (cost=1000.00..340864.41 rows=27 width=21) (actual time=176.923..630.091 rows=46 loops=1)
Gather  (cost=1000.00..340924.21 rows=625 width=21) (actual time=369.439..588.284 rows=520 loops=1)
Gather Merge  (cost=340862.31..340868.15 rows=50 width=131) (actual time=626.097..630.535 rows=42 loops=1)
Gather Merge  (cost=340862.28..340867.88 rows=48 width=131) (actual time=603.882..611.725 rows=130 loops=1)
Gather  (cost=1000.00..340867.91 rows=62 width=403) (actual time=265.310..616.463 rows=130 loops=1)
Gather  (cost=1000.00..340864.31 rows=26 width=21) (actual time=446.173..606.680 rows=56 loops=1)
Gather  (cost=1000.00..340864.41 rows=27 width=21) (actual time=25.330..611.518 rows=40 loops=1)
Gather Merge  (cost=340862.31..340868.15 rows=50 width=131) (actual time=597.309..601.714 rows=42 loops=1)
Gather  (cost=1000.00..340868.21 rows=65 width=21) (actual time=276.307..636.038 rows=86 loops=1)
Gather  (cost=1000.00..340864.31 rows=26 width=21) (actual time=552.752..603.373 rows=22 loops=1)
Gather Merge  (cost=340862.28..340867.88 rows=48 width=131) (actual time=642.166..646.680 rows=30 loops=1)
Gather Merge  (cost=340862.31..340868.15 rows=50 width=131) (actual time=597.036..601.859 rows=69 loops=1)
Gather  (cost=1000.00..340864.41 rows=27 width=21) (actual time=283.183..613.093 rows=48 loops=1)
Gather Merge  (cost=340862.28..340867.88 rows=48 width=131) (actual time=615.605..620.471 rows=146 loops=1)
Gather  (cost=1000.00..340922.21 rows=605 width=21) (actual time=334.830..622.908 rows=553 loops=1)
Gather Merge  (cost=340862.28..340867.88 rows=48 width=131) (actual time=634.828..640.186 rows=159 loops=1)
Gather Merge  (cost=340862.31..340868.15 rows=50 width=131) (actual time=605.679..610.046 rows=33 loops=1)
Gather  (cost=1000.00..340864.41 rows=27 width=403) (actual time=278.976..607.354 rows=33 loops=1)
Gather Merge  (cost=340862.31..340868.15 rows=50 width=131) (actual time=622.876..627.469 rows=48 loops=1)
Gather Merge  (cost=340862.31..340868.15 rows=50 width=131) (actual time=624.699..629.174 rows=56 loops=1)
Gather  (cost=1000.00..340875.91 rows=142 width=21) (actual time=159.502..605.538 rows=168 loops=1)
Gather  (cost=1000.00..340864.31 rows=26 width=21) (actual time=390.612..592.130 rows=54 loops=1)
Gather Merge  (cost=340862.31..340868.15 rows=50 width=131) (actual time=619.077..623.655 rows=131 loops=1)
Gather  (cost=1000.00..340879.11 rows=174 width=21) (actual time=196.439..626.639 rows=172 loops=1)
Gather  (cost=1000.00..340864.41 rows=27 width=21) (actual time=384.302..612.031 rows=116 loops=1)
Gather  (cost=1000.00..340864.41 rows=27 width=21) (actual time=42.377..619.464 rows=56 loops=1)
Gather Merge  (cost=340885.14..341006.25 rows=1038 width=131) (actual time=599.392..604.019 rows=600 loops=1)
Gather  (cost=1000.00..340869.51 rows=78 width=21) (actual time=403.185..636.534 rows=57 loops=1)
Gather  (cost=1000.00..340874.51 rows=128 width=140) (actual time=349.543..601.619 rows=272 loops=1)
Gather  (cost=1000.00..340868.31 rows=66 width=21) (actual time=401.285..619.312 rows=60 loops=1)
Gather  (cost=1000.00..340870.41 rows=87 width=21) (actual time=169.843..603.951 rows=88 loops=1)
Gather  (cost=1000.00..340864.41 rows=27 width=21) (actual time=582.417..595.231 rows=50 loops=1)
Gather  (cost=1000.00..340864.41 rows=27 width=140) (actual time=85.257..607.843 rows=63 loops=1)
Gather  (cost=1000.00..340898.81 rows=371 width=21) (actual time=104.988..632.239 rows=658 loops=1)
Gather  (cost=1000.00..340864.31 rows=26 width=140) (actual time=496.969..615.839 rows=84 loops=1)
Gather Merge  (cost=340862.28..340867.88 rows=48 width=131) (actual time=623.474..628.137 rows=232 loops=1)
Gather  (cost=1000.00..340864.41 rows=27 width=140) (actual time=101.430..587.033 rows=36 loops=1)
Gather  (cost=1000.00..340868.31 rows=66 width=140) (actual time=322.982..635.265 rows=168 loops=1)
Gather  (cost=1000.00..340868.31 rows=66 width=403) (actual time=309.536..602.337 rows=168 loops=1)
Gather  (cost=1000.00..340869.71 rows=80 width=21) (actual time=92.356..630.136 rows=44 loops=1)
Gather  (cost=1000.00..340869.31 rows=76 width=21) (actual time=465.618..587.652 rows=84 loops=1)
Gather  (cost=1000.00..340864.41 rows=27 width=21) (actual time=202.732..613.060 rows=120 loops=1)
Gather  (cost=1000.00..340872.81 rows=111 width=21) (actual time=450.902..590.046 rows=258 loops=1)
Gather Merge  (cost=340862.28..340867.88 rows=48 width=131) (actual time=635.845..640.525 rows=60 loops=1)
Gather  (cost=1000.00..340875.61 rows=139 width=21) (actual time=225.558..608.556 rows=252 loops=1)
Gather Merge  (cost=340862.28..340867.88 rows=48 width=131) (actual time=628.757..634.074 rows=77 loops=1)
Gather  (cost=1000.00..340864.31 rows=26 width=21) (actual time=553.220..588.414 rows=38 loops=1)
Gather  (cost=1000.00..340864.41 rows=27 width=21) (actual time=240.204..637.615 rows=66 loops=1)
Gather Merge  (cost=340862.28..340867.88 rows=48 width=131) (actual time=615.620..620.454 rows=100 loops=1)
Gather  (cost=1000.00..340864.31 rows=26 width=21) (actual time=447.646..624.947 rows=30 loops=1)
Gather  (cost=1000.00..340864.41 rows=27 width=21) (actual time=113.167..589.941 rows=92 loops=1)
Gather  (cost=1000.00..340922.61 rows=609 width=21) (actual time=475.844..614.798 rows=815 loops=1)
Gather  (cost=1000.00..340864.41 rows=27 width=140) (actual time=195.865..605.846 rows=45 loops=1)
Gather  (cost=1000.00..340864.41 rows=27 width=21) (actual time=33.799..613.965 rows=44 loops=1)
Gather Merge  (cost=340862.31..340868.15 rows=50 width=131) (actual time=639.920..644.218 rows=84 loops=1)
Gather  (cost=1000.00..340921.31 rows=596 width=21) (actual time=305.132..591.784 rows=415 loops=1)
Gather Merge  (cost=340862.31..340868.15 rows=50 width=131) (actual time=620.976..625.421 rows=72 loops=1)
Gather  (cost=1000.00..340864.41 rows=27 width=140) (actual time=15.685..611.895 rows=26 loops=1)
Gather  (cost=1000.00..340864.41 rows=27 width=21) (actual time=55.816..615.763 rows=42 loops=1)
Gather Merge  (cost=340862.28..340867.88 rows=48 width=131) (actual time=620.084..624.578 rows=75 loops=1)
Gather  (cost=1000.00..340864.31 rows=26 width=403) (actual time=556.283..589.644 rows=75 loops=1)
Gather  (cost=1000.00..340878.41 rows=167 width=140) (actual time=493.200..613.580 rows=160 loops=1)
Gather  (cost=1000.00..340864.31 rows=26 width=21) (actual time=593.553..620.600 rows=57 loops=1)
Gather Merge  (cost=340862.28..340867.88 rows=48 width=131) (actual time=631.312..635.909 rows=106 loops=1)
Gather  (cost=1000.00..340877.71 rows=160 width=140) (actual time=169.110..609.233 rows=180 loops=1)
Gather  (cost=1000.00..340877.71 rows=160 width=403) (actual time=168.867..586.789 rows=180 loops=1)
Gather  (cost=1000.00..340864.41 rows=27 width=140) (actual time=145.156..624.180 rows=24 loops=1)
Gather  (cost=1000.00..340864.31 rows=26 width=140) (actual time=341.229..603.135 rows=39 loops=1)
Gather  (cost=1000.00..340864.41 rows=27 width=21) (actual time=297.353..624.808 rows=52 loops=1)
Gather  (cost=1000.00..340869.81 rows=81 width=21) (actual time=416.877..593.685 rows=54 loops=1)
Gather  (cost=1000.00..340864.41 rows=27 width=21) (actual time=142.107..629.580 rows=46 loops=1)
Gather  (cost=1000.00..340864.31 rows=26 width=21) (actual time=318.607..599.711 rows=69 loops=1)
Gather  (cost=1000.00..340883.61 rows=219 width=21) (actual time=334.314..642.957 rows=282 loops=1)
Gather  (cost=1000.00..340864.51 rows=28 width=21) (actual time=99.007..592.003 rows=56 loops=1)
Gather  (cost=1000.00..340864.51 rows=28 width=140) (actual time=79.445..589.329 rows=42 loops=1)
Gather Merge  (cost=340862.28..340867.88 rows=48 width=131) (actual time=622.918..629.304 rows=42 loops=1)
Gather  (cost=1000.00..340864.41 rows=27 width=21) (actual time=605.969..621.338 rows=72 loops=1)
Gather  (cost=1000.00..340864.41 rows=27 width=140) (actual time=46.472..616.718 rows=72 loops=1)
Gather  (cost=1000.00..340864.41 rows=27 width=21) (actual time=255.680..610.958 rows=48 loops=1)
Gather  (cost=1000.00..340864.31 rows=26 width=21) (actual time=347.122..588.776 rows=48 loops=1)
Gather Merge  (cost=340862.28..340867.88 rows=48 width=131) (actual time=653.146..657.845 rows=192 loops=1)
Gather  (cost=1000.00..340868.41 rows=67 width=140) (actual time=484.524..609.738 rows=120 loops=1)
Gather  (cost=1000.00..340879.41 rows=177 width=21) (actual time=388.942..613.760 rows=152 loops=1)
Gather Merge  (cost=340862.28..340867.88 rows=48 width=131) (actual time=601.018..605.629 rows=45 loops=1)
Gather  (cost=1000.00..340864.41 rows=27 width=21) (actual time=303.929..627.886 rows=48 loops=1)
Gather  (cost=1000.00..340864.31 rows=26 width=21) (actual time=484.799..612.662 rows=60 loops=1)
Gather  (cost=1000.00..340864.41 rows=27 width=21) (actual time=51.556..636.854 rows=40 loops=1)
Gather Merge  (cost=340864.70..340885.93 rows=182 width=131) (actual time=600.551..605.191 rows=84 loops=1)
Gather Merge  (cost=340862.28..340867.88 rows=48 width=131) (actual time=620.993..625.608 rows=36 loops=1)
Gather Merge  (cost=340862.31..340868.15 rows=50 width=131) (actual time=616.138..620.658 rows=81 loops=1)
Gather Merge  (cost=340862.28..340867.88 rows=48 width=131) (actual time=635.255..639.845 rows=45 loops=1)
Gather Merge  (cost=340862.28..340867.88 rows=48 width=131) (actual time=618.363..623.067 rows=132 loops=1)
Gather Merge  (cost=340862.28..340867.88 rows=48 width=131) (actual time=602.237..606.563 rows=52 loops=1)
Gather Merge  (cost=340862.28..340867.88 rows=48 width=131) (actual time=630.194..634.748 rows=42 loops=1)
Gather  (cost=1000.00..340864.41 rows=27 width=140) (actual time=126.152..618.706 rows=33 loops=1)
Gather  (cost=1000.00..340869.41 rows=77 width=21) (actual time=504.074..620.435 rows=44 loops=1)
Gather  (cost=1000.00..340878.81 rows=171 width=21) (actual time=279.288..591.420 rows=152 loops=1)
Gather  (cost=1000.00..340871.61 rows=99 width=21) (actual time=165.534..614.333 rows=324 loops=1)
Gather  (cost=1000.00..340864.31 rows=26 width=140) (actual time=433.610..619.459 rows=30 loops=1)
Gather  (cost=1000.00..340864.31 rows=26 width=21) (actual time=413.244..610.973 rows=54 loops=1)
Gather  (cost=1000.00..340864.31 rows=26 width=140) (actual time=531.618..608.640 rows=56 loops=1)
Gather  (cost=1000.00..340864.31 rows=26 width=403) (actual time=512.707..589.516 rows=56 loops=1)
Gather  (cost=1000.00..340864.31 rows=26 width=21) (actual time=528.560..619.607 rows=105 loops=1)
Gather  (cost=1000.00..340879.21 rows=175 width=140) (actual time=261.846..608.053 rows=136 loops=1)
Gather  (cost=1000.00..340876.21 rows=145 width=140) (actual time=108.624..632.090 rows=210 loops=1)
Gather  (cost=1000.00..340864.41 rows=27 width=21) (actual time=197.291..606.672 rows=44 loops=1)
Gather Merge  (cost=340862.28..340867.88 rows=48 width=131) (actual time=603.908..608.451 rows=66 loops=1)
Gather Merge  (cost=340862.28..340867.88 rows=48 width=131) (actual time=641.102..645.844 rows=71 loops=1)
Gather Merge  (cost=340862.28..340867.88 rows=48 width=131) (actual time=629.647..638.896 rows=142 loops=1)
Gather  (cost=1000.00..340864.31 rows=26 width=21) (actual time=430.676..609.467 rows=90 loops=1)
Gather Merge  (cost=340862.31..340868.15 rows=50 width=131) (actual time=617.785..622.290 rows=54 loops=1)
Gather Merge  (cost=340862.28..340867.88 rows=48 width=131) (actual time=646.402..651.057 rows=44 loops=1)
Gather Merge  (cost=340862.31..340868.15 rows=50 width=131) (actual time=635.086..639.727 rows=42 loops=1)
Gather  (cost=1000.00..340864.31 rows=26 width=403) (actual time=491.772..623.345 rows=44 loops=1)
Gather Merge  (cost=340862.28..340867.88 rows=48 width=131) (actual time=597.541..602.100 rows=33 loops=1)
Gather  (cost=1000.00..340923.31 rows=616 width=140) (actual time=522.255..616.661 rows=990 loops=1)
Gather  (cost=1000.00..340872.71 rows=110 width=140) (actual time=300.397..608.670 rows=216 loops=1)
Gather Merge  (cost=340862.28..340867.88 rows=48 width=131) (actual time=647.575..652.034 rows=18 loops=1)
Gather  (cost=1000.00..340925.11 rows=634 width=140) (actual time=325.915..615.352 rows=984 loops=1)
Gather  (cost=1000.00..340879.51 rows=178 width=140) (actual time=345.882..590.038 rows=204 loops=1)
Gather Merge  (cost=340862.31..340868.15 rows=50 width=131) (actual time=626.633..631.260 rows=105 loops=1)
Gather Merge  (cost=340862.28..340867.88 rows=48 width=131) (actual time=621.132..625.713 rows=30 loops=1)
Gather  (cost=1000.00..340864.41 rows=27 width=21) (actual time=217.366..608.939 rows=40 loops=1)
Gather Merge  (cost=340862.28..340867.88 rows=48 width=131) (actual time=620.464..624.970 rows=122 loops=1)
Gather Merge  (cost=340862.31..340868.15 rows=50 width=131) (actual time=598.707..603.182 rows=36 loops=1)
Gather  (cost=1000.00..340872.41 rows=107 width=21) (actual time=284.078..630.110 rows=136 loops=1)
Gather  (cost=1000.00..340864.41 rows=27 width=21) (actual time=252.993..602.281 rows=54 loops=1)
Gather  (cost=1000.00..340877.31 rows=156 width=21) (actual time=37.471..657.375 rows=100 loops=1)
Gather  (cost=1000.00..340864.41 rows=27 width=140) (actual time=251.713..593.331 rows=52 loops=1)
Gather  (cost=1000.00..340864.41 rows=27 width=21) (actual time=371.666..615.435 rows=48 loops=1)
Gather  (cost=1000.00..340868.61 rows=69 width=140) (actual time=133.728..612.839 rows=84 loops=1)
Gather  (cost=1000.00..340875.81 rows=141 width=21) (actual time=441.339..626.433 rows=220 loops=1)
Gather Merge  (cost=340884.36..341001.97 rows=1008 width=131) (actual time=638.549..643.490 rows=987 loops=1)
Gather  (cost=1000.00..340864.41 rows=27 width=140) (actual time=577.019..596.996 rows=84 loops=1)
Gather  (cost=1000.00..340864.41 rows=27 width=403) (actual time=606.934..627.504 rows=84 loops=1)
Gather  (cost=1000.00..340864.41 rows=27 width=21) (actual time=532.935..636.113 rows=168 loops=1)
Gather  (cost=1000.00..340864.31 rows=26 width=140) (actual time=343.820..640.532 rows=34 loops=1)
Gather Merge  (cost=340862.31..340868.15 rows=50 width=131) (actual time=621.902..626.383 rows=79 loops=1)
Gather  (cost=1000.00..340868.01 rows=63 width=21) (actual time=156.771..599.991 rows=189 loops=1)
Gather Merge  (cost=340862.28..340867.88 rows=48 width=131) (actual time=625.811..630.491 rows=224 loops=1)
Gather  (cost=1000.00..340879.01 rows=173 width=140) (actual time=444.387..637.073 rows=45 loops=1)
Gather  (cost=1000.00..340864.41 rows=27 width=21) (actual time=197.674..617.718 rows=94 loops=1)
Gather Merge  (cost=340862.31..340868.15 rows=50 width=131) (actual time=625.617..630.174 rows=42 loops=1)
Gather  (cost=1000.00..340864.41 rows=27 width=21) (actual time=113.984..590.676 rows=32 loops=1)
Gather  (cost=1000.00..340868.71 rows=70 width=21) (actual time=279.988..623.534 rows=54 loops=1)
Gather  (cost=1000.00..340868.71 rows=70 width=21) (actual time=348.524..605.709 rows=92 loops=1)
Gather  (cost=1000.00..340868.31 rows=66 width=21) (actual time=427.856..615.839 rows=108 loops=1)
Gather  (cost=1000.00..340864.51 rows=28 width=21) (actual time=90.460..608.953 rows=87 loops=1)
Gather  (cost=1000.00..340864.41 rows=27 width=140) (actual time=286.614..591.510 rows=26 loops=1)
Gather  (cost=1000.00..340864.41 rows=27 width=21) (actual time=171.386..617.264 rows=38 loops=1)
Gather  (cost=1000.00..340864.31 rows=26 width=21) (actual time=604.649..673.812 rows=46 loops=1)
Gather  (cost=1000.00..340864.41 rows=27 width=21) (actual time=601.154..615.125 rows=120 loops=1)
Gather  (cost=1000.00..340864.51 rows=28 width=140) (actual time=96.973..616.346 rows=30 loops=1)
Gather  (cost=1000.00..340864.41 rows=27 width=21) (actual time=283.750..593.958 rows=30 loops=1)
Gather Merge  (cost=340862.28..340867.88 rows=48 width=131) (actual time=657.592..662.217 rows=76 loops=1)
Gather Merge  (cost=340862.28..340867.88 rows=48 width=131) (actual time=626.912..642.916 rows=54 loops=1)
Gather  (cost=1000.00..340876.81 rows=151 width=140) (actual time=180.761..615.110 rows=148 loops=1)
Gather  (cost=1000.00..340864.41 rows=27 width=21) (actual time=242.897..590.567 rows=52 loops=1)
Gather Merge  (cost=340862.28..340867.88 rows=48 width=131) (actual time=634.496..638.949 rows=33 loops=1)
Gather  (cost=1000.00..340867.81 rows=61 width=140) (actual time=408.005..618.707 rows=30 loops=1)
Gather  (cost=1000.00..340876.21 rows=145 width=21) (actual time=505.394..620.808 rows=160 loops=1)
Gather  (cost=1000.00..340864.41 rows=27 width=21) (actual time=220.923..625.473 rows=44 loops=1)
Gather Merge  (cost=340862.28..340867.88 rows=48 width=131) (actual time=605.014..609.483 rows=132 loops=1)
Gather Merge  (cost=340862.28..340867.88 rows=48 width=131) (actual time=625.472..629.988 rows=36 loops=1)
Gather Merge  (cost=340862.31..340868.15 rows=50 width=131) (actual time=643.901..648.486 rows=70 loops=1)
Gather Merge  (cost=340862.28..340867.88 rows=48 width=131) (actual time=625.383..631.406 rows=159 loops=1)
Gather  (cost=1000.00..340881.61 rows=199 width=21) (actual time=557.092..609.820 rows=345 loops=1)
Gather Merge  (cost=340862.31..340868.15 rows=50 width=131) (actual time=601.534..606.031 rows=117 loops=1)
Gather  (cost=1000.00..340877.91 rows=162 width=403) (actual time=231.851..612.899 rows=117 loops=1)
Gather Merge  (cost=340864.19..340882.39 rows=156 width=131) (actual time=638.740..643.483 rows=208 loops=1)
Gather Merge  (cost=340862.31..340868.15 rows=50 width=131) (actual time=618.512..623.101 rows=39 loops=1)
Gather  (cost=1000.00..340864.41 rows=27 width=21) (actual time=42.399..610.086 rows=72 loops=1)
Gather  (cost=1000.00..340875.61 rows=139 width=140) (actual time=263.058..588.529 rows=130 loops=1)
Gather Merge  (cost=340862.28..340867.88 rows=48 width=131) (actual time=659.223..663.761 rows=76 loops=1)
Gather  (cost=1000.00..340864.41 rows=27 width=21) (actual time=180.720..620.307 rows=50 loops=1)
Gather  (cost=1000.00..340872.21 rows=105 width=21) (actual time=384.606..619.735 rows=164 loops=1)
Gather Merge  (cost=340864.11..340881.84 rows=152 width=131) (actual time=598.004..602.468 rows=186 loops=1)
Gather  (cost=1000.00..340864.51 rows=28 width=21) (actual time=80.798..615.183 rows=44 loops=1)
Gather  (cost=1000.00..340927.01 rows=653 width=140) (actual time=72.814..588.855 rows=783 loops=1)
Gather Merge  (cost=340862.31..340868.15 rows=50 width=131) (actual time=650.785..655.442 rows=54 loops=1)
Gather  (cost=1000.00..340864.41 rows=27 width=21) (actual time=279.330..611.433 rows=40 loops=1)
Gather  (cost=1000.00..340864.31 rows=26 width=140) (actual time=420.917..611.384 rows=39 loops=1)
Gather Merge  (cost=340862.28..340867.88 rows=48 width=131) (actual time=597.717..602.223 rows=45 loops=1)
Gather  (cost=1000.00..340864.41 rows=27 width=21) (actual time=416.763..659.146 rows=36 loops=1)
Gather  (cost=1000.00..340864.41 rows=27 width=21) (actual time=169.647..615.559 rows=60 loops=1)
Gather  (cost=1000.00..340875.61 rows=139 width=21) (actual time=230.490..610.688 rows=96 loops=1)
Gather  (cost=1000.00..340874.71 rows=130 width=21) (actual time=574.620..588.528 rows=72 loops=1)
Gather  (cost=1000.00..340875.91 rows=142 width=21) (actual time=161.770..613.776 rows=168 loops=1)
Gather  (cost=1000.00..340868.61 rows=69 width=140) (actual time=129.257..603.885 rows=108 loops=1)
Gather  (cost=1000.00..340864.41 rows=27 width=140) (actual time=273.280..611.089 rows=14 loops=1)
Gather  (cost=1000.00..340864.41 rows=27 width=21) (actual time=314.304..621.033 rows=52 loops=1)
Gather  (cost=1000.00..340864.41 rows=27 width=21) (actual time=360.706..590.447 rows=28 loops=1)
Gather  (cost=1000.00..340864.41 rows=27 width=140) (actual time=133.790..606.304 rows=108 loops=1)
Gather  (cost=1000.00..340868.81 rows=71 width=21) (actual time=275.772..632.457 rows=106 loops=1)
Gather  (cost=1000.00..340868.41 rows=67 width=21) (actual time=364.687..611.160 rows=94 loops=1)
Gather  (cost=1000.00..340864.41 rows=27 width=21) (actual time=254.617..610.444 rows=28 loops=1)
Gather  (cost=1000.00..340864.31 rows=26 width=140) (actual time=465.076..587.662 rows=69 loops=1)
Gather  (cost=1000.00..340864.41 rows=27 width=140) (actual time=292.560..608.687 rows=12 loops=1)
Gather  (cost=1000.00..340864.31 rows=26 width=140) (actual time=405.115..610.480 rows=136 loops=1)
Gather  (cost=1000.00..340870.01 rows=83 width=21) (actual time=601.323..621.310 rows=46 loops=1)
Gather Merge  (cost=340862.31..340868.15 rows=50 width=131) (actual time=633.517..637.975 rows=45 loops=1)
Gather  (cost=1000.00..340864.41 rows=27 width=21) (actual time=111.389..592.530 rows=51 loops=1)
Gather Merge  (cost=340862.28..340867.88 rows=48 width=131) (actual time=631.292..635.797 rows=110 loops=1)
Gather  (cost=1000.00..340869.01 rows=73 width=21) (actual time=202.125..614.720 rows=75 loops=1)
Gather  (cost=1000.00..340872.11 rows=104 width=140) (actual time=425.221..606.761 rows=258 loops=1)
Gather  (cost=1000.00..340864.31 rows=26 width=21) (actual time=417.356..607.933 rows=46 loops=1)
Gather  (cost=1000.00..340864.41 rows=27 width=21) (actual time=180.034..588.545 rows=111 loops=1)
Gather  (cost=1000.00..340864.31 rows=26 width=140) (actual time=424.559..610.687 rows=42 loops=1)
Gather  (cost=1000.00..340864.41 rows=27 width=21) (actual time=391.128..612.973 rows=46 loops=1)
Gather Merge  (cost=340862.31..340868.15 rows=50 width=131) (actual time=648.312..652.735 rows=53 loops=1)
Gather  (cost=1000.00..340864.41 rows=27 width=21) (actual time=183.693..606.368 rows=70 loops=1)
Gather  (cost=1000.00..340864.31 rows=26 width=21) (actual time=539.914..589.863 rows=40 loops=1)
Gather  (cost=1000.00..340864.41 rows=27 width=21) (actual time=158.698..632.552 rows=81 loops=1)
Gather  (cost=1000.00..340864.31 rows=26 width=140) (actual time=553.190..605.888 rows=50 loops=1)
Gather Merge  (cost=340862.31..340868.15 rows=50 width=131) (actual time=633.897..638.305 rows=42 loops=1)
Gather  (cost=1000.00..340864.31 rows=26 width=21) (actual time=398.261..586.250 rows=40 loops=1)
Gather Merge  (cost=340862.31..340868.15 rows=50 width=131) (actual time=619.961..624.544 rows=70 loops=1)
Gather  (cost=1000.00..340864.41 rows=27 width=140) (actual time=151.605..592.399 rows=36 loops=1)
Gather  (cost=1000.00..340864.41 rows=27 width=403) (actual time=162.218..616.554 rows=36 loops=1)
Gather  (cost=1000.00..340864.41 rows=27 width=21) (actual time=5.382..627.116 rows=60 loops=1)
Gather  (cost=1000.00..340864.31 rows=26 width=21) (actual time=442.050..603.831 rows=36 loops=1)
Gather  (cost=1000.00..340883.61 rows=219 width=140) (actual time=194.067..586.372 rows=152 loops=1)
Gather  (cost=1000.00..340864.41 rows=27 width=21) (actual time=237.545..630.629 rows=78 loops=1)
Gather  (cost=1000.00..340923.21 rows=615 width=21) (actual time=593.866..611.706 rows=318 loops=1)
Gather Merge  (cost=340862.28..340867.88 rows=48 width=131) (actual time=621.819..626.322 rows=16 loops=1)
Gather  (cost=1000.00..340898.61 rows=369 width=140) (actual time=26.416..588.300 rows=315 loops=1)
Gather  (cost=1000.00..340898.61 rows=369 width=403) (actual time=26.014..613.884 rows=315 loops=1)
Gather  (cost=1000.00..340877.81 rows=161 width=21) (actual time=468.053..597.097 rows=86 loops=1)
Gather Merge  (cost=340862.28..340867.88 rows=48 width=131) (actual time=638.077..642.533 rows=24 loops=1)
Gather  (cost=1000.00..340872.91 rows=112 width=140) (actual time=548.878..623.975 rows=78 loops=1)
Gather  (cost=1000.00..340864.31 rows=26 width=21) (actual time=313.701..589.936 rows=58 loops=1)
Gather  (cost=1000.00..340864.41 rows=27 width=140) (actual time=222.920..611.073 rows=57 loops=1)
Gather Merge  (cost=340862.31..340868.15 rows=50 width=131) (actual time=627.447..632.033 rows=140 loops=1)
Gather  (cost=1000.00..340870.81 rows=91 width=21) (actual time=211.485..614.098 rows=36 loops=1)
Gather  (cost=1000.00..340864.41 rows=27 width=140) (actual time=39.280..612.453 rows=27 loops=1)
Gather Merge  (cost=340862.28..340867.88 rows=48 width=131) (actual time=613.757..618.286 rows=20 loops=1)
Gather  (cost=1000.00..340864.41 rows=27 width=21) (actual time=616.515..626.965 rows=64 loops=1)
Gather Merge  (cost=340862.31..340868.15 rows=50 width=131) (actual time=629.491..634.276 rows=132 loops=1)
Gather Merge  (cost=340862.31..340868.15 rows=50 width=131) (actual time=618.482..623.027 rows=84 loops=1)
Gather  (cost=1000.00..340864.41 rows=27 width=21) (actual time=280.647..592.563 rows=48 loops=1)
Gather  (cost=1000.00..340864.31 rows=26 width=140) (actual time=567.519..609.349 rows=30 loops=1)
Gather  (cost=1000.00..340864.41 rows=27 width=21) (actual time=604.260..617.269 rows=44 loops=1)
Gather Merge  (cost=340862.31..340868.15 rows=50 width=131) (actual time=632.201..636.605 rows=90 loops=1)
Gather  (cost=1000.00..340868.51 rows=68 width=140) (actual time=589.947..606.372 rows=24 loops=1)
Gather  (cost=1000.00..340864.41 rows=27 width=21) (actual time=106.463..590.831 rows=34 loops=1)
Gather  (cost=1000.00..340864.31 rows=26 width=21) (actual time=510.554..647.153 rows=120 loops=1)
Gather  (cost=1000.00..340868.51 rows=68 width=140) (actual time=40.703..612.620 rows=60 loops=1)
Gather Merge  (cost=340864.74..340886.20 rows=184 width=131) (actual time=616.268..620.873 rows=179 loops=1)
Gather  (cost=1000.00..340864.31 rows=26 width=21) (actual time=441.733..594.885 rows=56 loops=1)
Gather  (cost=1000.00..340876.21 rows=145 width=21) (actual time=220.699..625.338 rows=60 loops=1)
Gather Merge  (cost=340862.31..340868.15 rows=50 width=131) (actual time=614.436..619.008 rows=45 loops=1)
Gather  (cost=1000.00..340868.81 rows=71 width=403) (actual time=132.502..618.561 rows=45 loops=1)
Gather Merge  (cost=340862.31..340868.15 rows=50 width=131) (actual time=617.415..621.992 rows=56 loops=1)
Gather Merge  (cost=340862.31..340868.15 rows=50 width=131) (actual time=600.096..604.578 rows=36 loops=1)
Gather Merge  (cost=340862.31..340868.15 rows=50 width=131) (actual time=638.149..642.931 rows=36 loops=1)
Gather Merge  (cost=340862.31..340868.15 rows=50 width=131) (actual time=614.671..620.213 rows=24 loops=1)
Gather Merge  (cost=340862.31..340868.15 rows=50 width=131) (actual time=643.263..647.698 rows=88 loops=1)
Gather Merge  (cost=340862.31..340868.15 rows=50 width=131) (actual time=603.508..608.088 rows=86 loops=1)
Gather  (cost=1000.00..340864.41 rows=27 width=21) (actual time=233.474..613.195 rows=164 loops=1)
Gather  (cost=1000.00..340878.01 rows=163 width=21) (actual time=112.134..608.795 rows=222 loops=1)
Gather  (cost=1000.00..340864.31 rows=26 width=21) (actual time=552.204..643.101 rows=30 loops=1)
Gather  (cost=1000.00..340864.41 rows=27 width=21) (actual time=246.154..623.765 rows=40 loops=1)
Gather  (cost=1000.00..340867.91 rows=62 width=21) (actual time=122.070..593.819 rows=64 loops=1)
Gather  (cost=1000.00..340864.31 rows=26 width=21) (actual time=493.526..617.090 rows=104 loops=1)
Gather  (cost=1000.00..340864.41 rows=27 width=21) (actual time=173.689..618.933 rows=52 loops=1)
Gather Merge  (cost=340862.28..340867.88 rows=48 width=131) (actual time=635.587..640.265 rows=90 loops=1)
Gather  (cost=1000.00..340864.31 rows=26 width=21) (actual time=376.134..620.986 rows=244 loops=1)
Gather Merge  (cost=340862.31..340868.15 rows=50 width=131) (actual time=599.097..603.684 rows=36 loops=1)
Gather  (cost=1000.00..340873.41 rows=117 width=21) (actual time=43.218..611.344 rows=225 loops=1)
Gather  (cost=1000.00..340864.41 rows=27 width=140) (actual time=393.932..613.280 rows=33 loops=1)
Gather  (cost=1000.00..340875.91 rows=142 width=21) (actual time=623.206..638.541 rows=106 loops=1)
Gather  (cost=1000.00..340864.41 rows=27 width=21) (actual time=135.484..607.587 rows=46 loops=1)
Gather  (cost=1000.00..340864.41 rows=27 width=21) (actual time=386.443..596.350 rows=34 loops=1)
Gather Merge  (cost=340862.31..340868.15 rows=50 width=131) (actual time=619.790..624.198 rows=39 loops=1)
Gather  (cost=1000.00..340864.41 rows=27 width=21) (actual time=116.289..629.482 rows=48 loops=1)
Gather  (cost=1000.00..340864.31 rows=26 width=21) (actual time=427.942..614.569 rows=63 loops=1)
Gather  (cost=1000.00..340864.41 rows=27 width=140) (actual time=135.676..617.729 rows=39 loops=1)
Gather  (cost=1000.00..340876.21 rows=145 width=140) (actual time=12.963..589.443 rows=141 loops=1)
Gather  (cost=1000.00..340875.31 rows=136 width=140) (actual time=505.832..613.057 rows=42 loops=1)
Gather  (cost=1000.00..340864.31 rows=26 width=140) (actual time=435.326..605.203 rows=39 loops=1)
Gather  (cost=1000.00..340864.31 rows=26 width=140) (actual time=449.149..634.654 rows=78 loops=1)
Gather  (cost=1000.00..340864.31 rows=26 width=140) (actual time=432.392..610.084 rows=18 loops=1)
Gather Merge  (cost=340862.28..340867.88 rows=48 width=131) (actual time=607.319..611.998 rows=78 loops=1)
Gather Merge  (cost=340862.28..340867.88 rows=48 width=131) (actual time=629.573..634.181 rows=48 loops=1)
Gather  (cost=1000.00..340864.41 rows=27 width=21) (actual time=206.940..629.881 rows=72 loops=1)
Gather  (cost=1000.00..340864.31 rows=26 width=21) (actual time=556.363..616.990 rows=54 loops=1)
Gather  (cost=1000.00..340878.31 rows=166 width=21) (actual time=293.682..623.547 rows=195 loops=1)
Gather Merge  (cost=340862.28..340867.88 rows=48 width=131) (actual time=601.210..605.627 rows=96 loops=1)
Gather  (cost=1000.00..340868.11 rows=64 width=21) (actual time=355.550..614.670 rows=144 loops=1)
Gather  (cost=1000.00..340868.11 rows=64 width=140) (actual time=303.161..609.619 rows=44 loops=1)
Gather  (cost=1000.00..340872.51 rows=108 width=21) (actual time=171.491..637.697 rows=176 loops=1)
Gather  (cost=1000.00..340876.41 rows=147 width=21) (actual time=55.578..630.324 rows=69 loops=1)
Gather  (cost=1000.00..340864.41 rows=27 width=140) (actual time=592.069..604.833 rows=45 loops=1)
Gather  (cost=1000.00..340883.61 rows=219 width=140) (actual time=371.653..620.840 rows=219 loops=1)
Gather  (cost=1000.00..340864.31 rows=26 width=21) (actual time=579.362..628.006 rows=75 loops=1)
Gather  (cost=1000.00..340864.51 rows=28 width=21) (actual time=92.032..620.981 rows=54 loops=1)
Gather  (cost=1000.00..340864.31 rows=26 width=21) (actual time=330.772..620.472 rows=90 loops=1)
Gather Merge  (cost=340862.31..340868.15 rows=50 width=131) (actual time=603.212..607.671 rows=70 loops=1)
Gather  (cost=1000.00..340864.31 rows=26 width=21) (actual time=377.088..615.312 rows=87 loops=1)
Gather  (cost=1000.00..340864.31 rows=26 width=21) (actual time=420.674..610.073 rows=56 loops=1)
Gather  (cost=1000.00..340864.31 rows=26 width=21) (actual time=330.396..638.030 rows=48 loops=1)
Gather  (cost=1000.00..340875.71 rows=140 width=21) (actual time=297.673..610.104 rows=345 loops=1)
Gather Merge  (cost=340862.28..340867.88 rows=48 width=131) (actual time=615.759..620.288 rows=75 loops=1)
Gather Merge  (cost=340862.31..340868.15 rows=50 width=131) (actual time=646.819..651.788 rows=42 loops=1)
Gather  (cost=1000.00..340870.21 rows=85 width=140) (actual time=360.230..611.497 rows=150 loops=1)
Gather  (cost=1000.00..340876.11 rows=144 width=140) (actual time=579.227..639.077 rows=95 loops=1)
Gather  (cost=1000.00..340879.71 rows=180 width=140) (actual time=298.205..598.668 rows=160 loops=1)
Gather Merge  (cost=340864.11..340881.84 rows=152 width=131) (actual time=628.802..633.534 rows=296 loops=1)
Gather  (cost=1000.00..340877.41 rows=157 width=140) (actual time=273.647..589.966 rows=196 loops=1)
Gather  (cost=1000.00..340868.01 rows=63 width=140) (actual time=590.562..622.749 rows=87 loops=1)
Gather Merge  (cost=340862.28..340867.88 rows=48 width=131) (actual time=631.666..636.137 rows=135 loops=1)
Gather  (cost=1000.00..340864.41 rows=27 width=21) (actual time=255.539..610.268 rows=72 loops=1)
Gather Merge  (cost=340862.28..340867.88 rows=48 width=131) (actual time=598.271..602.772 rows=49 loops=1)
Gather  (cost=1000.00..340923.21 rows=615 width=21) (actual time=358.429..644.409 rows=504 loops=1)
Gather Merge  (cost=340862.28..340867.88 rows=48 width=131) (actual time=617.195..622.194 rows=83 loops=1)
Gather Merge  (cost=340862.31..340868.15 rows=50 width=131) (actual time=642.459..647.029 rows=33 loops=1)
Gather  (cost=1000.00..340864.41 rows=27 width=21) (actual time=195.659..587.938 rows=54 loops=1)
Gather Merge  (cost=340862.31..340868.15 rows=50 width=131) (actual time=625.583..630.154 rows=54 loops=1)
Gather  (cost=1000.00..340864.31 rows=26 width=140) (actual time=560.337..603.535 rows=60 loops=1)
Gather  (cost=1000.00..340864.41 rows=27 width=21) (actual time=618.603..628.425 rows=42 loops=1)
Gather Merge  (cost=340862.31..340868.15 rows=50 width=131) (actual time=638.792..643.224 rows=42 loops=1)
Gather  (cost=1000.00..340864.41 rows=27 width=21) (actual time=585.888..596.216 rows=28 loops=1)
Gather  (cost=1000.00..340864.41 rows=27 width=21) (actual time=591.130..608.150 rows=102 loops=1)
Gather Merge  (cost=340862.28..340867.88 rows=48 width=131) (actual time=632.792..637.426 rows=75 loops=1)
Gather Merge  (cost=340862.28..340867.88 rows=48 width=131) (actual time=621.459..626.069 rows=40 loops=1)
Gather  (cost=1000.00..340872.71 rows=110 width=21) (actual time=310.769..616.775 rows=216 loops=1)
Gather  (cost=1000.00..340864.41 rows=27 width=21) (actual time=581.050..590.922 rows=50 loops=1)
Gather  (cost=1000.00..340864.41 rows=27 width=21) (actual time=163.756..610.934 rows=63 loops=1)
Gather  (cost=1000.00..340864.41 rows=27 width=140) (actual time=258.104..637.728 rows=30 loops=1)
Gather Merge  (cost=340862.28..340867.88 rows=48 width=131) (actual time=636.488..641.212 rows=150 loops=1)
Gather  (cost=1000.00..340876.91 rows=152 width=403) (actual time=333.164..621.895 rows=150 loops=1)
Gather  (cost=1000.00..340864.31 rows=26 width=21) (actual time=333.472..599.505 rows=38 loops=1)
Gather  (cost=1000.00..340864.41 rows=27 width=140) (actual time=152.215..612.979 rows=24 loops=1)
Gather  (cost=1000.00..340864.41 rows=27 width=21) (actual time=321.884..618.735 rows=38 loops=1)
Gather  (cost=1000.00..340875.81 rows=141 width=21) (actual time=438.178..614.417 rows=306 loops=1)
Gather Merge  (cost=340862.28..340867.88 rows=48 width=131) (actual time=618.369..623.016 rows=33 loops=1)
Gather  (cost=1000.00..340864.41 rows=27 width=21) (actual time=62.087..591.637 rows=54 loops=1)
Gather  (cost=1000.00..340864.31 rows=26 width=140) (actual time=567.539..615.729 rows=45 loops=1)
Gather  (cost=1000.00..340864.31 rows=26 width=21) (actual time=453.334..620.803 rows=30 loops=1)
Gather  (cost=1000.00..340922.31 rows=606 width=140) (actual time=574.482..634.891 rows=670 loops=1)
Gather  (cost=1000.00..340869.41 rows=77 width=21) (actual time=588.565..611.810 rows=90 loops=1)
Gather Merge  (cost=340862.31..340868.15 rows=50 width=131) (actual time=604.933..609.311 rows=48 loops=1)
Gather  (cost=1000.00..340864.41 rows=27 width=403) (actual time=227.826..630.684 rows=48 loops=1)
Gather  (cost=1000.00..340876.61 rows=149 width=140) (actual time=316.559..610.766 rows=156 loops=1)
Gather  (cost=1000.00..340868.61 rows=69 width=21) (actual time=196.416..636.217 rows=56 loops=1)
Gather  (cost=1000.00..340864.41 rows=27 width=21) (actual time=583.635..594.622 rows=46 loops=1)
Gather Merge  (cost=340862.31..340868.15 rows=50 width=131) (actual time=640.356..645.286 rows=69 loops=1)
Gather  (cost=1000.00..340864.41 rows=27 width=21) (actual time=252.146..609.729 rows=66 loops=1)
Gather  (cost=1000.00..340870.21 rows=85 width=21) (actual time=497.718..638.342 rows=144 loops=1)
Gather  (cost=1000.00..340879.51 rows=178 width=21) (actual time=255.922..592.231 rows=66 loops=1)
Gather  (cost=1000.00..340864.31 rows=26 width=21) (actual time=584.471..615.781 rows=46 loops=1)
Gather Merge  (cost=340862.28..340867.88 rows=48 width=131) (actual time=616.730..621.227 rows=92 loops=1)
Gather  (cost=1000.00..340868.81 rows=71 width=140) (actual time=273.305..612.639 rows=124 loops=1)
Gather  (cost=1000.00..340864.51 rows=28 width=21) (actual time=81.989..610.186 rows=84 loops=1)
Gather Merge  (cost=340862.28..340867.88 rows=48 width=131) (actual time=623.564..628.169 rows=36 loops=1)
Gather Merge  (cost=340862.28..340867.88 rows=48 width=131) (actual time=597.854..602.733 rows=27 loops=1)
Gather  (cost=1000.00..340864.41 rows=27 width=21) (actual time=23.343..645.800 rows=40 loops=1)
Gather  (cost=1000.00..340870.31 rows=86 width=140) (actual time=590.736..609.044 rows=189 loops=1)
Gather  (cost=1000.00..340864.41 rows=27 width=21) (actual time=244.261..611.885 rows=48 loops=1)
Gather  (cost=1000.00..340864.41 rows=27 width=140) (actual time=30.518..588.614 rows=42 loops=1)
Gather Merge  (cost=340862.28..340867.88 rows=48 width=131) (actual time=623.706..628.451 rows=21 loops=1)
Gather Merge  (cost=340862.31..340868.15 rows=50 width=131) (actual time=616.418..621.680 rows=45 loops=1)
Gather Merge  (cost=340862.28..340867.88 rows=48 width=131) (actual time=626.036..630.776 rows=70 loops=1)
Gather  (cost=1000.00..340864.41 rows=27 width=21) (actual time=160.588..623.377 rows=48 loops=1)
Gather  (cost=1000.00..340864.31 rows=26 width=403) (actual time=305.112..592.741 rows=70 loops=1)
Gather  (cost=1000.00..340864.31 rows=26 width=21) (actual time=492.243..625.986 rows=48 loops=1)
Gather  (cost=1000.00..340864.41 rows=27 width=21) (actual time=188.485..611.336 rows=46 loops=1)
Gather  (cost=1000.00..340870.71 rows=90 width=21) (actual time=397.682..609.936 rows=120 loops=1)
Gather  (cost=1000.00..340864.41 rows=27 width=21) (actual time=307.803..612.453 rows=56 loops=1)
Gather  (cost=1000.00..340874.91 rows=132 width=21) (actual time=541.810..591.332 rows=99 loops=1)
Gather Merge  (cost=340862.31..340868.15 rows=50 width=131) (actual time=645.303..649.839 rows=27 loops=1)
Gather  (cost=1000.00..340869.11 rows=74 width=21) (actual time=35.847..621.068 rows=135 loops=1)
Gather  (cost=1000.00..340874.91 rows=132 width=21) (actual time=332.144..604.523 rows=122 loops=1)
Gather Merge  (cost=340862.28..340867.88 rows=48 width=131) (actual time=597.449..602.018 rows=45 loops=1)
Gather  (cost=1000.00..340864.31 rows=26 width=21) (actual time=330.855..610.277 rows=72 loops=1)
Gather  (cost=1000.00..340877.41 rows=157 width=140) (actual time=242.893..619.862 rows=240 loops=1)
Gather  (cost=1000.00..340883.41 rows=217 width=21) (actual time=175.190..614.294 rows=340 loops=1)
Gather  (cost=1000.00..340864.31 rows=26 width=21) (actual time=571.217..605.095 rows=78 loops=1)
Gather Merge  (cost=340862.28..340867.88 rows=48 width=131) (actual time=600.654..604.981 rows=75 loops=1)
Gather  (cost=1000.00..340877.91 rows=162 width=140) (actual time=57.636..627.157 rows=210 loops=1)
Gather Merge  (cost=340862.28..340867.88 rows=48 width=131) (actual time=619.950..624.599 rows=65 loops=1)
Gather  (cost=1000.00..340864.41 rows=27 width=21) (actual time=267.724..634.341 rows=42 loops=1)
Gather  (cost=1000.00..340864.31 rows=26 width=21) (actual time=457.956..589.498 rows=50 loops=1)
Gather  (cost=1000.00..340864.41 rows=27 width=21) (actual time=626.550..635.822 rows=54 loops=1)
Gather  (cost=1000.00..340864.41 rows=27 width=21) (actual time=302.049..604.800 rows=40 loops=1)
Gather  (cost=1000.00..340864.41 rows=27 width=21) (actual time=242.474..628.321 rows=60 loops=1)
Gather  (cost=1000.00..340864.31 rows=26 width=21) (actual time=542.184..588.288 rows=26 loops=1)
Gather Merge  (cost=340862.28..340867.88 rows=48 width=131) (actual time=627.432..632.007 rows=60 loops=1)
Gather  (cost=1000.00..340864.31 rows=26 width=21) (actual time=569.093..601.158 rows=86 loops=1)
Gather  (cost=1000.00..340876.41 rows=147 width=21) (actual time=160.286..625.899 rows=156 loops=1)
Gather  (cost=1000.00..340864.31 rows=26 width=21) (actual time=458.795..611.606 rows=76 loops=1)
Gather  (cost=1000.00..340864.41 rows=27 width=21) (actual time=78.006..609.483 rows=42 loops=1)
Gather Merge  (cost=340862.31..340868.15 rows=50 width=131) (actual time=597.243..601.918 rows=100 loops=1)
Gather  (cost=1000.00..340864.31 rows=26 width=21) (actual time=397.572..641.740 rows=46 loops=1)
Gather  (cost=1000.00..340864.41 rows=27 width=21) (actual time=29.561..615.106 rows=60 loops=1)
Gather  (cost=1000.00..340864.31 rows=26 width=140) (actual time=488.033..613.324 rows=42 loops=1)
Gather  (cost=1000.00..340864.41 rows=27 width=21) (actual time=33.840..590.392 rows=36 loops=1)
Gather  (cost=1000.00..340864.31 rows=26 width=21) (actual time=480.791..608.937 rows=30 loops=1)
Gather  (cost=1000.00..340870.21 rows=85 width=140) (actual time=189.394..603.190 rows=36 loops=1)
Gather  (cost=1000.00..340864.41 rows=27 width=21) (actual time=278.589..618.932 rows=69 loops=1)
Gather  (cost=1000.00..340864.31 rows=26 width=21) (actual time=566.906..620.851 rows=69 loops=1)
Gather  (cost=1000.00..340864.51 rows=28 width=21) (actual time=74.213..591.761 rows=52 loops=1)
Gather  (cost=1000.00..340875.61 rows=139 width=140) (actual time=30.239..587.455 rows=84 loops=1)
Gather  (cost=1000.00..340875.61 rows=139 width=403) (actual time=50.814..641.008 rows=84 loops=1)
Gather Merge  (cost=340862.28..340867.88 rows=48 width=131) (actual time=626.794..631.702 rows=115 loops=1)
Gather  (cost=1000.00..340864.41 rows=27 width=140) (actual time=516.953..614.020 rows=40 loops=1)
Gather  (cost=1000.00..340864.31 rows=26 width=140) (actual time=465.577..594.302 rows=22 loops=1)
Gather  (cost=1000.00..340864.41 rows=27 width=21) (actual time=301.378..613.124 rows=42 loops=1)
Gather Merge  (cost=340862.28..340867.88 rows=48 width=131) (actual time=640.749..645.984 rows=92 loops=1)
Gather Merge  (cost=340862.28..340867.88 rows=48 width=131) (actual time=631.881..636.625 rows=45 loops=1)
Gather  (cost=1000.00..340864.31 rows=26 width=21) (actual time=331.778..620.644 rows=102 loops=1)
Gather  (cost=1000.00..340864.41 rows=27 width=140) (actual time=107.376..591.260 rows=39 loops=1)
Gather  (cost=1000.00..340864.41 rows=27 width=140) (actual time=257.990..610.499 rows=26 loops=1)
Gather  (cost=1000.00..340868.21 rows=65 width=140) (actual time=92.572..615.252 rows=42 loops=1)
Gather  (cost=1000.00..340864.41 rows=27 width=21) (actual time=269.215..615.419 rows=40 loops=1)
Gather Merge  (cost=340862.31..340868.15 rows=50 width=131) (actual time=615.305..631.254 rows=10 loops=1)
Gather Merge  (cost=340862.28..340867.88 rows=48 width=131) (actual time=600.188..604.901 rows=24 loops=1)
Gather  (cost=1000.00..340864.31 rows=26 width=21) (actual time=331.330..617.318 rows=52 loops=1)
Gather  (cost=1000.00..340864.41 rows=27 width=140) (actual time=107.017..636.571 rows=111 loops=1)
Gather Merge  (cost=340862.28..340867.88 rows=48 width=131) (actual time=630.545..635.081 rows=135 loops=1)
Gather  (cost=1000.00..340864.41 rows=27 width=21) (actual time=56.851..613.927 rows=123 loops=1)
Gather Merge  (cost=340862.31..340868.15 rows=50 width=131) (actual time=601.434..605.953 rows=42 loops=1)
Gather Merge  (cost=340862.31..340868.15 rows=50 width=131) (actual time=649.389..654.059 rows=161 loops=1)
Gather  (cost=1000.00..340925.11 rows=634 width=21) (actual time=375.921..621.762 rows=450 loops=1)
Gather Merge  (cost=340862.31..340868.15 rows=50 width=131) (actual time=637.480..642.855 rows=40 loops=1)
Gather  (cost=1000.00..340864.41 rows=27 width=140) (actual time=286.669..592.623 rows=78 loops=1)
Gather  (cost=1000.00..340875.71 rows=140 width=21) (actual time=284.874..619.150 rows=345 loops=1)
Gather  (cost=1000.00..340864.31 rows=26 width=21) (actual time=435.558..603.773 rows=46 loops=1)
Gather  (cost=1000.00..340864.41 rows=27 width=21) (actual time=301.158..618.622 rows=52 loops=1)
Gather  (cost=1000.00..340864.31 rows=26 width=21) (actual time=423.721..612.441 rows=54 loops=1)
Gather  (cost=1000.00..340864.41 rows=27 width=21) (actual time=296.009..618.155 rows=44 loops=1)
Gather  (cost=1000.00..340883.11 rows=214 width=21) (actual time=464.257..591.912 rows=160 loops=1)
Gather Merge  (cost=340865.06..340888.39 rows=200 width=131) (actual time=656.169..681.072 rows=182 loops=1)
Gather  (cost=1000.00..340864.41 rows=27 width=21) (actual time=2.770..617.145 rows=78 loops=1)
Gather  (cost=1000.00..340864.41 rows=27 width=21) (actual time=401.493..616.926 rows=56 loops=1)
Gather  (cost=1000.00..340864.41 rows=27 width=21) (actual time=298.637..608.341 rows=42 loops=1)
Gather Merge  (cost=340862.28..340867.88 rows=48 width=131) (actual time=633.659..638.235 rows=102 loops=1)
Gather  (cost=1000.00..340864.41 rows=27 width=21) (actual time=181.156..613.023 rows=48 loops=1)
Gather  (cost=1000.00..340876.01 rows=143 width=21) (actual time=442.303..609.813 rows=310 loops=1)
Gather  (cost=1000.00..340864.41 rows=27 width=21) (actual time=8.611..622.487 rows=40 loops=1)
Gather  (cost=1000.00..340882.11 rows=204 width=21) (actual time=499.699..588.808 rows=170 loops=1)
Gather Merge  (cost=340862.31..340868.15 rows=50 width=131) (actual time=621.461..627.877 rows=42 loops=1)
Gather Merge  (cost=340862.31..340868.15 rows=50 width=131) (actual time=617.257..621.657 rows=92 loops=1)
Gather  (cost=1000.00..340864.41 rows=27 width=403) (actual time=53.054..613.020 rows=32 loops=1)
Gather Merge  (cost=340862.28..340867.88 rows=48 width=131) (actual time=610.590..615.316 rows=192 loops=1)
Gather Merge  (cost=340864.07..340881.57 rows=150 width=131) (actual time=600.995..605.476 rows=210 loops=1)
Gather Merge  (cost=340862.31..340868.15 rows=50 width=131) (actual time=624.650..629.121 rows=39 loops=1)
Gather Merge  (cost=340862.28..340867.88 rows=48 width=131) (actual time=645.464..650.214 rows=75 loops=1)
Gather Merge  (cost=340862.28..340867.88 rows=48 width=131) (actual time=625.983..630.517 rows=78 loops=1)
Gather  (cost=1000.00..340864.41 rows=27 width=21) (actual time=503.923..605.721 rows=76 loops=1)
Gather  (cost=1000.00..340864.41 rows=27 width=140) (actual time=284.520..587.400 rows=18 loops=1)
Gather  (cost=1000.00..340864.41 rows=27 width=140) (actual time=535.317..639.930 rows=52 loops=1)
Gather Merge  (cost=340862.31..340868.15 rows=50 width=131) (actual time=614.318..619.285 rows=174 loops=1)
Gather Merge  (cost=340862.28..340867.88 rows=48 width=131) (actual time=641.213..645.782 rows=59 loops=1)
Gather  (cost=1000.00..340864.31 rows=26 width=403) (actual time=409.967..586.503 rows=39 loops=1)
Gather Merge  (cost=340862.28..340867.88 rows=48 width=131) (actual time=623.441..628.019 rows=105 loops=1)
Gather  (cost=1000.00..340864.51 rows=28 width=21) (actual time=70.865..602.281 rows=52 loops=1)
Gather  (cost=1000.00..340864.41 rows=27 width=140) (actual time=219.583..619.123 rows=33 loops=1)
Gather  (cost=1000.00..340868.91 rows=72 width=140) (actual time=53.955..626.815 rows=69 loops=1)
Gather  (cost=1000.00..340864.41 rows=27 width=21) (actual time=187.924..593.736 rows=46 loops=1)
Gather  (cost=1000.00..340864.31 rows=26 width=21) (actual time=455.030..588.991 rows=52 loops=1)
Gather  (cost=1000.00..340864.41 rows=27 width=21) (actual time=325.604..634.131 rows=46 loops=1)
Gather  (cost=1000.00..340864.41 rows=27 width=21) (actual time=214.924..619.750 rows=26 loops=1)
Gather  (cost=1000.00..340873.21 rows=115 width=140) (actual time=19.233..613.252 rows=33 loops=1)
Gather  (cost=1000.00..340864.41 rows=27 width=21) (actual time=108.750..588.413 rows=105 loops=1)
Gather  (cost=1000.00..340864.31 rows=26 width=21) (actual time=307.950..613.837 rows=40 loops=1)
Gather Merge  (cost=340862.31..340868.15 rows=50 width=131) (actual time=629.423..634.216 rows=230 loops=1)
Gather  (cost=1000.00..340878.31 rows=166 width=21) (actual time=273.320..614.889 rows=195 loops=1)
Gather  (cost=1000.00..340876.01 rows=143 width=21) (actual time=361.814..617.983 rows=320 loops=1)
Gather Merge  (cost=340864.58..340885.11 rows=176 width=131) (actual time=602.748..607.275 rows=340 loops=1)
Gather  (cost=1000.00..340864.41 rows=27 width=21) (actual time=134.930..624.024 rows=44 loops=1)
Gather  (cost=1000.00..340864.41 rows=27 width=21) (actual time=390.459..629.704 rows=123 loops=1)
Gather Merge  (cost=340862.31..340868.15 rows=50 width=131) (actual time=644.348..648.976 rows=125 loops=1)
Gather  (cost=1000.00..340864.41 rows=27 width=21) (actual time=167.267..595.391 rows=84 loops=1)
Gather  (cost=1000.00..340864.31 rows=26 width=21) (actual time=457.585..615.650 rows=72 loops=1)
Gather  (cost=1000.00..340864.41 rows=27 width=21) (actual time=189.973..625.097 rows=84 loops=1)
Gather Merge  (cost=340863.99..340881.03 rows=146 width=131) (actual time=630.025..634.514 rows=84 loops=1)
Gather  (cost=1000.00..340864.41 rows=27 width=21) (actual time=49.510..611.229 rows=52 loops=1)
Gather Merge  (cost=340862.31..340868.15 rows=50 width=131) (actual time=605.652..610.329 rows=26 loops=1)
Gather  (cost=1000.00..340879.11 rows=174 width=21) (actual time=302.533..611.594 rows=210 loops=1)
Gather  (cost=1000.00..340864.31 rows=26 width=140) (actual time=331.753..621.908 rows=69 loops=1)
Gather  (cost=1000.00..340864.31 rows=26 width=403) (actual time=318.637..609.283 rows=69 loops=1)
Gather  (cost=1000.00..340864.31 rows=26 width=21) (actual time=353.566..610.033 rows=78 loops=1)
Gather  (cost=1000.00..340864.41 rows=27 width=140) (actual time=133.741..592.923 rows=33 loops=1)
Gather  (cost=1000.00..340864.41 rows=27 width=403) (actual time=147.826..631.111 rows=33 loops=1)
Gather  (cost=1000.00..340883.71 rows=220 width=21) (actual time=182.480..618.217 rows=312 loops=1)
Gather  (cost=1000.00..340872.61 rows=109 width=21) (actual time=582.729..611.945 rows=175 loops=1)
Gather  (cost=1000.00..340864.41 rows=27 width=21) (actual time=105.061..592.532 rows=84 loops=1)
Gather  (cost=1000.00..340864.31 rows=26 width=21) (actual time=364.806..628.245 rows=54 loops=1)
Gather  (cost=1000.00..340864.41 rows=27 width=21) (actual time=595.182..605.914 rows=50 loops=1)
Gather  (cost=1000.00..340864.31 rows=26 width=140) (actual time=483.732..634.063 rows=48 loops=1)
Gather  (cost=1000.00..340923.31 rows=616 width=140) (actual time=229.836..589.775 rows=1197 loops=1)
Gather  (cost=1000.00..340864.41 rows=27 width=140) (actual time=192.419..611.914 rows=42 loops=1)
Gather  (cost=1000.00..340864.41 rows=27 width=21) (actual time=36.537..604.875 rows=66 loops=1)
Gather  (cost=1000.00..340864.41 rows=27 width=21) (actual time=400.356..619.610 rows=46 loops=1)
Gather Merge  (cost=340864.07..340881.57 rows=150 width=131) (actual time=630.362..634.961 rows=165 loops=1)
Gather Merge  (cost=340862.31..340868.15 rows=50 width=131) (actual time=603.111..607.716 rows=54 loops=1)
Gather Merge  (cost=340864.22..340882.66 rows=158 width=131) (actual time=637.686..643.586 rows=579 loops=1)
Gather  (cost=1000.00..340864.31 rows=26 width=21) (actual time=321.256..607.723 rows=40 loops=1)
Gather Merge  (cost=340864.07..340881.57 rows=150 width=131) (actual time=623.155..627.568 rows=65 loops=1)
Gather  (cost=1000.00..340864.41 rows=27 width=21) (actual time=59.748..606.873 rows=38 loops=1)
Gather  (cost=1000.00..340864.41 rows=27 width=140) (actual time=488.636..586.173 rows=36 loops=1)
Gather  (cost=1000.00..340864.41 rows=27 width=21) (actual time=411.844..635.616 rows=38 loops=1)
Gather  (cost=1000.00..340872.81 rows=111 width=21) (actual time=347.799..617.126 rows=84 loops=1)
Gather  (cost=1000.00..340864.31 rows=26 width=21) (actual time=541.415..614.827 rows=50 loops=1)
Gather  (cost=1000.00..340864.41 rows=27 width=21) (actual time=573.403..590.376 rows=84 loops=1)
Gather  (cost=1000.00..340864.41 rows=27 width=21) (actual time=15.787..610.224 rows=150 loops=1)
Gather  (cost=1000.00..340864.31 rows=26 width=21) (actual time=545.470..614.996 rows=56 loops=1)
Gather Merge  (cost=340862.28..340867.88 rows=48 width=131) (actual time=626.642..631.176 rows=18 loops=1)
Gather  (cost=1000.00..340864.41 rows=27 width=21) (actual time=584.665..603.361 rows=54 loops=1)
Gather  (cost=1000.00..340864.31 rows=26 width=21) (actual time=398.160..592.062 rows=56 loops=1)
Gather  (cost=1000.00..340864.41 rows=27 width=21) (actual time=386.072..629.362 rows=56 loops=1)
Gather  (cost=1000.00..340875.31 rows=136 width=21) (actual time=16.884..615.119 rows=172 loops=1)
Gather Merge  (cost=340862.28..340867.88 rows=48 width=131) (actual time=634.867..639.602 rows=36 loops=1)
Gather Merge  (cost=340862.31..340868.15 rows=50 width=131) (actual time=597.843..602.334 rows=60 loops=1)
Gather  (cost=1000.00..340877.71 rows=160 width=140) (actual time=170.578..624.146 rows=180 loops=1)
Gather  (cost=1000.00..340877.71 rows=160 width=403) (actual time=177.892..608.331 rows=180 loops=1)
Gather  (cost=1000.00..340924.01 rows=623 width=21) (actual time=149.208..610.684 rows=721 loops=1)
Gather  (cost=1000.00..340864.31 rows=26 width=21) (actual time=566.388..605.896 rows=80 loops=1)
Gather  (cost=1000.00..340864.41 rows=27 width=21) (actual time=109.243..588.954 rows=40 loops=1)
Gather  (cost=1000.00..340864.41 rows=27 width=21) (actual time=636.163..647.290 rows=92 loops=1)
Gather Merge  (cost=340862.28..340867.88 rows=48 width=131) (actual time=623.003..627.921 rows=27 loops=1)
Gather Merge  (cost=340862.28..340867.88 rows=48 width=131) (actual time=641.556..646.185 rows=33 loops=1)
Gather Merge  (cost=340862.28..340867.88 rows=48 width=131) (actual time=601.516..606.029 rows=186 loops=1)
Gather Merge  (cost=340862.28..340867.88 rows=48 width=131) (actual time=621.483..626.087 rows=56 loops=1)
Gather  (cost=1000.00..340923.11 rows=614 width=21) (actual time=453.258..618.387 rows=666 loops=1)
Gather Merge  (cost=340863.99..340881.03 rows=146 width=131) (actual time=632.383..636.745 rows=126 loops=1)
Gather  (cost=1000.00..340864.51 rows=28 width=21) (actual time=73.808..608.302 rows=76 loops=1)
Gather  (cost=1000.00..340864.31 rows=26 width=21) (actual time=332.266..587.951 rows=52 loops=1)
Gather  (cost=1000.00..340873.41 rows=117 width=21) (actual time=42.327..664.351 rows=225 loops=1)
Gather  (cost=1000.00..340864.31 rows=26 width=21) (actual time=596.013..626.933 rows=92 loops=1)
Gather Merge  (cost=340862.28..340867.88 rows=48 width=131) (actual time=617.547..622.230 rows=204 loops=1)
Gather  (cost=1000.00..340864.31 rows=26 width=21) (actual time=305.102..592.566 rows=50 loops=1)
Gather  (cost=1000.00..340869.21 rows=75 width=21) (actual time=56.316..625.479 rows=64 loops=1)
Gather  (cost=1000.00..340864.31 rows=26 width=140) (actual time=400.444..612.352 rows=39 loops=1)
Gather  (cost=1000.00..340864.31 rows=26 width=21) (actual time=459.283..618.732 rows=64 loops=1)
Gather Merge  (cost=340862.31..340868.15 rows=50 width=131) (actual time=619.005..623.416 rows=45 loops=1)
Gather  (cost=1000.00..340876.01 rows=143 width=21) (actual time=210.050..596.147 rows=138 loops=1)
Gather  (cost=1000.00..340864.31 rows=26 width=21) (actual time=454.924..619.501 rows=66 loops=1)
Gather  (cost=1000.00..340864.41 rows=27 width=21) (actual time=385.327..613.274 rows=48 loops=1)
Gather Merge  (cost=340862.31..340868.15 rows=50 width=131) (actual time=632.480..637.029 rows=44 loops=1)
Gather  (cost=1000.00..340878.11 rows=164 width=21) (actual time=302.202..593.737 rows=116 loops=1)
Gather  (cost=1000.00..340923.21 rows=615 width=21) (actual time=336.809..618.980 rows=504 loops=1)
Gather  (cost=1000.00..340864.41 rows=27 width=21) (actual time=63.556..602.288 rows=48 loops=1)
Gather  (cost=1000.00..340864.41 rows=27 width=140) (actual time=592.289..607.325 rows=66 loops=1)
Gather Merge  (cost=340862.31..340868.15 rows=50 width=131) (actual time=618.741..623.294 rows=135 loops=1)
Gather  (cost=1000.00..340864.41 rows=27 width=403) (actual time=575.270..590.798 rows=66 loops=1)
Gather  (cost=1000.00..340877.81 rows=161 width=403) (actual time=328.726..629.817 rows=135 loops=1)
Gather  (cost=1000.00..340864.41 rows=27 width=21) (actual time=149.713..611.880 rows=58 loops=1)
Gather Merge  (cost=340862.28..340867.88 rows=48 width=131) (actual time=621.099..625.463 rows=84 loops=1)
Gather  (cost=1000.00..340868.01 rows=63 width=403) (actual time=513.599..594.086 rows=84 loops=1)
Gather  (cost=1000.00..340871.11 rows=94 width=21) (actual time=485.537..612.093 rows=246 loops=1)
Gather  (cost=1000.00..340924.11 rows=624 width=21) (actual time=234.430..617.823 rows=567 loops=1)
Gather  (cost=1000.00..340870.31 rows=86 width=21) (actual time=586.168..622.296 rows=57 loops=1)
Gather Merge  (cost=340864.11..340881.84 rows=152 width=131) (actual time=626.604..631.406 rows=140 loops=1)
Gather  (cost=1000.00..340864.41 rows=27 width=140) (actual time=477.518..588.436 rows=39 loops=1)
Gather  (cost=1000.00..340864.41 rows=27 width=21) (actual time=368.177..607.984 rows=30 loops=1)
Gather  (cost=1000.00..340864.41 rows=27 width=140) (actual time=209.445..607.564 rows=78 loops=1)
Gather  (cost=1000.00..340923.11 rows=614 width=21) (actual time=32.308..620.772 rows=630 loops=1)
Gather Merge  (cost=340862.28..340867.88 rows=48 width=131) (actual time=615.821..620.301 rows=230 loops=1)
Gather  (cost=1000.00..340864.41 rows=27 width=21) (actual time=504.930..591.540 rows=102 loops=1)
Gather Merge  (cost=340862.28..340867.88 rows=48 width=131) (actual time=617.692..622.193 rows=80 loops=1)
Gather Merge  (cost=340862.31..340868.15 rows=50 width=131) (actual time=622.231..626.782 rows=42 loops=1)
Gather  (cost=1000.00..340864.41 rows=27 width=140) (actual time=148.039..619.198 rows=24 loops=1)
Gather Merge  (cost=340862.31..340868.15 rows=50 width=131) (actual time=624.354..628.756 rows=114 loops=1)
Gather  (cost=1000.00..340864.41 rows=27 width=21) (actual time=61.990..589.803 rows=64 loops=1)
Gather  (cost=1000.00..340872.91 rows=112 width=21) (actual time=420.303..631.827 rows=123 loops=1)
Gather  (cost=1000.00..340864.41 rows=27 width=21) (actual time=256.468..594.690 rows=50 loops=1)
Gather  (cost=1000.00..340864.31 rows=26 width=21) (actual time=345.292..641.785 rows=54 loops=1)
Gather  (cost=1000.00..340868.61 rows=69 width=140) (actual time=143.454..599.598 rows=66 loops=1)
Gather  (cost=1000.00..340864.41 rows=27 width=21) (actual time=228.860..611.480 rows=80 loops=1)
Gather  (cost=1000.00..340864.41 rows=27 width=21) (actual time=574.702..586.560 rows=81 loops=1)
Gather  (cost=1000.00..340864.41 rows=27 width=140) (actual time=155.231..640.858 rows=28 loops=1)
Gather  (cost=1000.00..340864.41 rows=27 width=403) (actual time=144.500..611.714 rows=28 loops=1)
Gather  (cost=1000.00..340879.21 rows=175 width=140) (actual time=612.849..625.830 rows=105 loops=1)
Gather  (cost=1000.00..340864.41 rows=27 width=21) (actual time=375.439..585.479 rows=74 loops=1)
Gather Merge  (cost=340862.31..340868.15 rows=50 width=131) (actual time=658.664..663.021 rows=50 loops=1)
Gather  (cost=1000.00..340864.41 rows=27 width=21) (actual time=187.811..599.602 rows=58 loops=1)
Gather  (cost=1000.00..340864.31 rows=26 width=21) (actual time=557.451..635.892 rows=54 loops=1)
Gather  (cost=1000.00..340864.41 rows=27 width=21) (actual time=160.197..588.258 rows=54 loops=1)
Gather  (cost=1000.00..340898.71 rows=370 width=21) (actual time=599.707..614.627 rows=846 loops=1)
Gather Merge  (cost=340865.38..340890.58 rows=216 width=131) (actual time=610.418..615.169 rows=170 loops=1)
Gather Merge  (cost=340862.28..340867.88 rows=48 width=131) (actual time=635.877..640.452 rows=115 loops=1)
Gather  (cost=1000.00..340864.41 rows=27 width=140) (actual time=16.904..630.361 rows=34 loops=1)
Gather  (cost=1000.00..340864.41 rows=27 width=21) (actual time=307.477..595.787 rows=34 loops=1)
Gather  (cost=1000.00..340868.21 rows=65 width=140) (actual time=577.163..606.549 rows=39 loops=1)
Gather  (cost=1000.00..340864.31 rows=26 width=21) (actual time=436.794..617.469 rows=58 loops=1)
Gather Merge  (cost=340884.67..341003.68 rows=1020 width=131) (actual time=627.159..632.030 rows=1494 loops=1)
Gather Merge  (cost=340862.28..340867.88 rows=48 width=131) (actual time=620.966..625.467 rows=52 loops=1)
Gather Merge  (cost=340862.28..340867.88 rows=48 width=131) (actual time=599.878..604.415 rows=44 loops=1)
Gather  (cost=1000.00..340864.41 rows=27 width=21) (actual time=56.743..614.174 rows=34 loops=1)
Gather  (cost=1000.00..340864.31 rows=26 width=21) (actual time=456.880..626.431 rows=46 loops=1)
Gather  (cost=1000.00..340875.71 rows=140 width=21) (actual time=291.702..609.455 rows=345 loops=1)
Gather  (cost=1000.00..340864.31 rows=26 width=21) (actual time=615.908..652.832 rows=64 loops=1)
Gather  (cost=1000.00..340864.41 rows=27 width=21) (actual time=195.554..595.648 rows=90 loops=1)
Gather  (cost=1000.00..340868.21 rows=65 width=21) (actual time=504.045..630.589 rows=69 loops=1)
Gather Merge  (cost=340862.28..340867.88 rows=48 width=131) (actual time=638.462..642.948 rows=21 loops=1)
Gather Merge  (cost=340862.28..340867.88 rows=48 width=131) (actual time=639.982..644.368 rows=60 loops=1)
Gather  (cost=1000.00..340864.31 rows=26 width=21) (actual time=471.911..589.968 rows=58 loops=1)
Gather Merge  (cost=340862.28..340867.88 rows=48 width=131) (actual time=622.611..627.108 rows=220 loops=1)
Gather Merge  (cost=340862.28..340867.88 rows=48 width=131) (actual time=601.642..605.906 rows=387 loops=1)
Gather  (cost=1000.00..340864.41 rows=27 width=21) (actual time=26.646..627.677 rows=52 loops=1)
Gather Merge  (cost=340862.31..340868.15 rows=50 width=131) (actual time=623.361..628.089 rows=18 loops=1)
Gather  (cost=1000.00..340864.41 rows=27 width=403) (actual time=320.600..611.550 rows=18 loops=1)
Gather Merge  (cost=340862.28..340867.88 rows=48 width=131) (actual time=597.326..601.924 rows=98 loops=1)
Gather Merge  (cost=340862.28..340867.88 rows=48 width=131) (actual time=675.145..679.715 rows=184 loops=1)
Gather  (cost=1000.00..340897.71 rows=360 width=21) (actual time=558.536..610.391 rows=540 loops=1)
Gather Merge  (cost=340862.31..340868.15 rows=50 width=131) (actual time=622.689..627.071 rows=39 loops=1)
Gather  (cost=1000.00..340864.31 rows=26 width=140) (actual time=309.452..587.930 rows=30 loops=1)
Gather  (cost=1000.00..340874.71 rows=130 width=21) (actual time=37.055..627.162 rows=164 loops=1)
Gather  (cost=1000.00..340864.41 rows=27 width=140) (actual time=579.847..601.180 rows=92 loops=1)
Gather  (cost=1000.00..340869.21 rows=75 width=21) (actual time=335.781..628.687 rows=90 loops=1)
Gather  (cost=1000.00..340868.31 rows=66 width=140) (actual time=567.303..650.342 rows=45 loops=1)
Gather  (cost=1000.00..340864.41 rows=27 width=21) (actual time=194.180..595.696 rows=72 loops=1)
Gather  (cost=1000.00..340870.01 rows=83 width=21) (actual time=217.214..608.085 rows=111 loops=1)
Gather Merge  (cost=340862.31..340868.15 rows=50 width=131) (actual time=639.946..644.522 rows=105 loops=1)
Gather  (cost=1000.00..340923.31 rows=616 width=140) (actual time=240.943..619.013 rows=1197 loops=1)
Gather Merge  (cost=340862.31..340868.15 rows=50 width=131) (actual time=625.418..629.868 rows=86 loops=1)
Gather  (cost=1000.00..340864.41 rows=27 width=140) (actual time=180.242..594.913 rows=33 loops=1)
Gather  (cost=1000.00..340864.41 rows=27 width=21) (actual time=508.962..616.728 rows=48 loops=1)
Gather  (cost=1000.00..340870.41 rows=87 width=140) (actual time=62.584..616.573 rows=66 loops=1)
Gather  (cost=1000.00..340864.41 rows=27 width=21) (actual time=170.839..635.344 rows=50 loops=1)
Gather  (cost=1000.00..340864.41 rows=27 width=21) (actual time=149.439..626.195 rows=46 loops=1)
Gather  (cost=1000.00..340868.51 rows=68 width=140) (actual time=236.151..600.343 rows=150 loops=1)
Gather  (cost=1000.00..340882.71 rows=210 width=21) (actual time=293.710..634.332 rows=180 loops=1)
Gather Merge  (cost=340862.28..340867.88 rows=48 width=131) (actual time=636.841..641.633 rows=170 loops=1)
Gather  (cost=1000.00..340864.31 rows=26 width=21) (actual time=382.502..641.760 rows=48 loops=1)
Gather Merge  (cost=340862.28..340867.88 rows=48 width=131) (actual time=604.048..608.641 rows=50 loops=1)
Gather Merge  (cost=340862.28..340867.88 rows=48 width=131) (actual time=626.694..631.313 rows=30 loops=1)
Gather  (cost=1000.00..340864.41 rows=27 width=21) (actual time=68.496..593.784 rows=50 loops=1)
Gather  (cost=1000.00..340864.41 rows=27 width=140) (actual time=126.737..631.677 rows=52 loops=1)
Gather  (cost=1000.00..340864.41 rows=27 width=140) (actual time=603.152..617.689 rows=16 loops=1)
Gather  (cost=1000.00..340868.31 rows=66 width=140) (actual time=397.263..627.832 rows=39 loops=1)
Gather  (cost=1000.00..340864.41 rows=27 width=21) (actual time=237.446..589.065 rows=81 loops=1)
Gather  (cost=1000.00..340864.41 rows=27 width=21) (actual time=631.292..640.503 rows=62 loops=1)
Gather  (cost=1000.00..340864.41 rows=27 width=21) (actual time=394.895..610.841 rows=66 loops=1)
Gather  (cost=1000.00..340864.31 rows=26 width=140) (actual time=576.635..619.542 rows=24 loops=1)
Gather  (cost=1000.00..340864.31 rows=26 width=140) (actual time=348.024..589.010 rows=21 loops=1)
Gather  (cost=1000.00..340864.31 rows=26 width=21) (actual time=463.552..615.260 rows=63 loops=1)
Gather  (cost=1000.00..340864.41 rows=27 width=140) (actual time=590.591..601.790 rows=126 loops=1)
Gather  (cost=1000.00..340921.51 rows=598 width=21) (actual time=567.640..612.328 rows=600 loops=1)
Gather  (cost=1000.00..340883.01 rows=213 width=140) (actual time=289.278..633.780 rows=100 loops=1)
Gather  (cost=1000.00..340883.01 rows=213 width=403) (actual time=272.954..592.095 rows=100 loops=1)
Gather  (cost=1000.00..340868.31 rows=66 width=140) (actual time=173.207..587.849 rows=57 loops=1)
Gather  (cost=1000.00..340864.41 rows=27 width=21) (actual time=631.245..650.583 rows=92 loops=1)
Gather  (cost=1000.00..340864.31 rows=26 width=21) (actual time=527.548..608.706 rows=42 loops=1)
Gather  (cost=1000.00..340868.21 rows=65 width=21) (actual time=589.155..605.992 rows=74 loops=1)
Gather  (cost=1000.00..340864.41 rows=27 width=140) (actual time=276.788..590.422 rows=42 loops=1)
Gather  (cost=1000.00..340864.41 rows=27 width=21) (actual time=170.507..630.159 rows=44 loops=1)
Gather Merge  (cost=340862.28..340867.88 rows=48 width=131) (actual time=631.680..636.241 rows=87 loops=1)
Gather Merge  (cost=340862.28..340867.88 rows=48 width=131) (actual time=616.157..620.622 rows=52 loops=1)
Gather  (cost=1000.00..340867.91 rows=62 width=140) (actual time=114.501..588.465 rows=45 loops=1)
Gather  (cost=1000.00..340864.31 rows=26 width=140) (actual time=577.347..608.999 rows=33 loops=1)
Gather  (cost=1000.00..340878.61 rows=169 width=140) (actual time=281.011..619.913 rows=40 loops=1)
Gather  (cost=1000.00..340864.31 rows=26 width=21) (actual time=544.103..625.407 rows=70 loops=1)
Gather  (cost=1000.00..340876.71 rows=150 width=21) (actual time=141.854..606.557 rows=84 loops=1)
Gather Merge  (cost=340862.28..340867.88 rows=48 width=131) (actual time=601.442..606.118 rows=60 loops=1)
Gather  (cost=1000.00..340864.41 rows=27 width=21) (actual time=207.611..632.736 rows=50 loops=1)
Gather  (cost=1000.00..340925.11 rows=634 width=21) (actual time=380.562..607.357 rows=450 loops=1)
Gather  (cost=1000.00..340875.91 rows=142 width=21) (actual time=124.988..625.607 rows=252 loops=1)
Gather  (cost=1000.00..340864.31 rows=26 width=140) (actual time=445.875..591.220 rows=42 loops=1)
Gather Merge  (cost=340862.28..340867.88 rows=48 width=131) (actual time=622.274..626.792 rows=106 loops=1)
Gather  (cost=1000.00..340864.41 rows=27 width=21) (actual time=596.161..611.597 rows=75 loops=1)
Gather Merge  (cost=340862.28..340867.88 rows=48 width=131) (actual time=626.159..630.609 rows=33 loops=1)
Gather Merge  (cost=340862.28..340867.88 rows=48 width=131) (actual time=617.572..622.046 rows=36 loops=1)
Gather  (cost=1000.00..340864.41 rows=27 width=21) (actual time=192.614..594.113 rows=74 loops=1)
Gather  (cost=1000.00..340869.81 rows=81 width=21) (actual time=584.419..631.359 rows=84 loops=1)
Gather Merge  (cost=340862.28..340867.88 rows=48 width=131) (actual time=614.052..618.478 rows=45 loops=1)
Gather  (cost=1000.00..340864.41 rows=27 width=21) (actual time=287.923..614.622 rows=114 loops=1)
Gather Merge  (cost=340864.26..340882.93 rows=160 width=131) (actual time=611.053..615.475 rows=278 loops=1)
Gather Merge  (cost=340862.28..340867.88 rows=48 width=131) (actual time=596.704..602.949 rows=154 loops=1)
Gather  (cost=1000.00..340864.31 rows=26 width=403) (actual time=375.452..636.193 rows=154 loops=1)
Gather  (cost=1000.00..340864.31 rows=26 width=140) (actual time=473.774..618.388 rows=132 loops=1)
Gather  (cost=1000.00..340868.61 rows=69 width=140) (actual time=541.827..606.508 rows=24 loops=1)
Gather Merge  (cost=340862.28..340867.88 rows=48 width=131) (actual time=600.319..604.896 rows=66 loops=1)
Gather  (cost=1000.00..340864.41 rows=27 width=21) (actual time=43.589..625.463 rows=52 loops=1)
Gather  (cost=1000.00..340864.41 rows=27 width=21) (actual time=378.972..604.746 rows=42 loops=1)
Gather  (cost=1000.00..340868.21 rows=65 width=140) (actual time=612.807..623.255 rows=32 loops=1)
Gather  (cost=1000.00..340864.31 rows=26 width=140) (actual time=317.208..590.363 rows=48 loops=1)
Gather  (cost=1000.00..340864.41 rows=27 width=21) (actual time=8.620..620.004 rows=62 loops=1)
Gather Merge  (cost=340862.28..340867.88 rows=48 width=131) (actual time=615.789..620.364 rows=156 loops=1)
Gather  (cost=1000.00..340897.71 rows=360 width=21) (actual time=566.781..629.249 rows=540 loops=1)
Gather  (cost=1000.00..340864.41 rows=27 width=140) (actual time=59.717..607.782 rows=81 loops=1)
Gather Merge  (cost=340862.31..340868.15 rows=50 width=131) (actual time=601.963..606.508 rows=110 loops=1)
Gather  (cost=1000.00..340870.81 rows=91 width=403) (actual time=205.190..622.594 rows=110 loops=1)
Gather Merge  (cost=340862.28..340867.88 rows=48 width=131) (actual time=620.419..625.089 rows=156 loops=1)
Gather  (cost=1000.00..340864.51 rows=28 width=21) (actual time=88.556..623.173 rows=52 loops=1)
Gather Merge  (cost=340862.28..340867.88 rows=48 width=131) (actual time=601.253..605.839 rows=30 loops=1)
Gather  (cost=1000.00..340864.41 rows=27 width=21) (actual time=599.406..615.849 rows=66 loops=1)
Gather Merge  (cost=340862.31..340868.15 rows=50 width=131) (actual time=615.639..620.209 rows=73 loops=1)
Gather  (cost=1000.00..340864.41 rows=27 width=140) (actual time=117.188..627.959 rows=60 loops=1)
Gather  (cost=1000.00..340864.41 rows=27 width=140) (actual time=588.842..607.116 rows=102 loops=1)
Gather  (cost=1000.00..340864.41 rows=27 width=403) (actual time=578.986..596.747 rows=102 loops=1)
Gather  (cost=1000.00..340864.41 rows=27 width=140) (actual time=58.532..617.856 rows=30 loops=1)
Gather Merge  (cost=340862.31..340868.15 rows=50 width=131) (actual time=620.468..624.825 rows=50 loops=1)
Gather  (cost=1000.00..340864.41 rows=27 width=21) (actual time=32.652..623.527 rows=42 loops=1)
Gather  (cost=1000.00..340864.31 rows=26 width=140) (actual time=349.506..607.060 rows=28 loops=1)
Gather  (cost=1000.00..340878.81 rows=171 width=140) (actual time=371.709..590.153 rows=273 loops=1)
Gather  (cost=1000.00..340864.31 rows=26 width=21) (actual time=591.399..633.429 rows=120 loops=1)
Gather Merge  (cost=340870.62..340923.59 rows=454 width=131) (actual time=617.838..622.586 rows=366 loops=1)
Gather  (cost=1000.00..340864.41 rows=27 width=21) (actual time=266.248..607.096 rows=168 loops=1)
Gather  (cost=1000.00..340864.41 rows=27 width=140) (actual time=269.618..592.316 rows=28 loops=1)
Gather Merge  (cost=340862.28..340867.88 rows=48 width=131) (actual time=620.502..624.954 rows=135 loops=1)
Gather  (cost=1000.00..340864.41 rows=27 width=21) (actual time=275.472..621.059 rows=46 loops=1)
Gather  (cost=1000.00..340923.31 rows=616 width=21) (actual time=521.488..614.680 rows=990 loops=1)
Gather  (cost=1000.00..340864.41 rows=27 width=21) (actual time=52.982..612.549 rows=44 loops=1)
Gather  (cost=1000.00..340864.31 rows=26 width=21) (actual time=397.589..589.519 rows=42 loops=1)
Gather  (cost=1000.00..340864.31 rows=26 width=140) (actual time=575.777..625.434 rows=39 loops=1)
Gather Merge  (cost=340898.21..341076.02 rows=1524 width=131) (actual time=619.849..624.757 rows=1321 loops=1)
Gather Merge  (cost=340862.31..340868.15 rows=50 width=131) (actual time=634.982..639.624 rows=296 loops=1)
Gather  (cost=1000.00..340864.41 rows=27 width=403) (actual time=374.964..589.957 rows=270 loops=1)
Gather Merge  (cost=340862.31..340868.15 rows=50 width=131) (actual time=640.108..644.737 rows=110 loops=1)
Gather  (cost=1000.00..340870.81 rows=91 width=403) (actual time=211.320..600.995 rows=110 loops=1)
Gather  (cost=1000.00..340883.61 rows=219 width=21) (actual time=384.875..622.784 rows=219 loops=1)
Gather Merge  (cost=340862.28..340867.88 rows=48 width=131) (actual time=599.334..603.859 rows=57 loops=1)
Gather  (cost=1000.00..340864.41 rows=27 width=140) (actual time=199.740..616.612 rows=15 loops=1)
Gather  (cost=1000.00..340864.41 rows=27 width=403) (actual time=196.892..601.404 rows=15 loops=1)
Gather  (cost=1000.00..340864.41 rows=27 width=21) (actual time=203.374..634.565 rows=54 loops=1)
Gather  (cost=1000.00..340864.31 rows=26 width=21) (actual time=544.877..626.352 rows=50 loops=1)
Gather  (cost=1000.00..340864.41 rows=27 width=21) (actual time=203.972..592.916 rows=56 loops=1)
Gather  (cost=1000.00..340897.51 rows=358 width=21) (actual time=301.912..592.892 rows=185 loops=1)
Gather  (cost=1000.00..340883.41 rows=217 width=140) (actual time=131.920..632.007 rows=120 loops=1)
Gather  (cost=1000.00..340864.41 rows=27 width=21) (actual time=127.767..611.144 rows=56 loops=1)
Gather  (cost=1000.00..340864.41 rows=27 width=21) (actual time=239.392..607.984 rows=108 loops=1)
Gather  (cost=1000.00..340898.11 rows=364 width=140) (actual time=338.684..591.064 rows=428 loops=1)
Gather  (cost=1000.00..340870.41 rows=87 width=140) (actual time=470.032..627.389 rows=260 loops=1)
Gather  (cost=1000.00..340864.41 rows=27 width=21) (actual time=387.265..601.318 rows=52 loops=1)
Gather  (cost=1000.00..340864.41 rows=27 width=140) (actual time=524.845..623.141 rows=24 loops=1)
Gather Merge  (cost=340862.28..340867.88 rows=48 width=131) (actual time=598.403..602.820 rows=112 loops=1)
Gather  (cost=1000.00..340872.91 rows=112 width=21) (actual time=506.648..609.058 rows=69 loops=1)
Gather  (cost=1000.00..340864.41 rows=27 width=21) (actual time=593.978..609.773 rows=66 loops=1)
Gather  (cost=1000.00..340864.41 rows=27 width=21) (actual time=217.118..617.002 rows=68 loops=1)
Gather  (cost=1000.00..340923.11 rows=614 width=21) (actual time=459.176..618.580 rows=666 loops=1)
Gather Merge  (cost=340862.31..340868.15 rows=50 width=131) (actual time=601.210..605.906 rows=120 loops=1)
Gather Merge  (cost=340862.28..340867.88 rows=48 width=131) (actual time=634.107..638.872 rows=199 loops=1)
Gather Merge  (cost=340864.11..340881.84 rows=152 width=131) (actual time=620.084..624.440 rows=140 loops=1)
Gather  (cost=1000.00..340897.51 rows=358 width=21) (actual time=323.592..611.894 rows=185 loops=1)
Gather Merge  (cost=340862.28..340867.88 rows=48 width=131) (actual time=621.357..626.000 rows=90 loops=1)
Gather Merge  (cost=340862.31..340868.15 rows=50 width=131) (actual time=632.555..637.197 rows=44 loops=1)
Gather Merge  (cost=340862.31..340868.15 rows=50 width=131) (actual time=620.105..624.771 rows=120 loops=1)
Gather  (cost=1000.00..340864.51 rows=28 width=21) (actual time=94.052..615.115 rows=58 loops=1)
Gather  (cost=1000.00..340922.61 rows=609 width=21) (actual time=465.611..605.330 rows=815 loops=1)
Gather  (cost=1000.00..340876.61 rows=149 width=21) (actual time=283.009..592.899 rows=216 loops=1)
Gather  (cost=1000.00..340898.71 rows=370 width=140) (actual time=518.186..612.991 rows=132 loops=1)
Gather  (cost=1000.00..340864.31 rows=26 width=140) (actual time=605.092..635.950 rows=45 loops=1)
Gather Merge  (cost=340862.28..340867.88 rows=48 width=131) (actual time=628.162..632.753 rows=120 loops=1)
Gather  (cost=1000.00..340864.41 rows=27 width=140) (actual time=600.149..609.748 rows=42 loops=1)
Gather  (cost=1000.00..340864.41 rows=27 width=21) (actual time=278.498..589.678 rows=135 loops=1)
Gather  (cost=1000.00..340870.01 rows=83 width=140) (actual time=336.738..642.865 rows=100 loops=1)
Gather  (cost=1000.00..340864.31 rows=26 width=21) (actual time=569.916..612.959 rows=52 loops=1)
Gather  (cost=1000.00..340868.51 rows=68 width=21) (actual time=592.603..610.360 rows=32 loops=1)
Gather  (cost=1000.00..340864.41 rows=27 width=21) (actual time=297.313..587.803 rows=44 loops=1)
Gather Merge  (cost=340862.28..340867.88 rows=48 width=131) (actual time=645.129..649.775 rows=48 loops=1)
Gather Merge  (cost=340862.31..340868.15 rows=50 width=131) (actual time=619.633..625.014 rows=84 loops=1)
Gather  (cost=1000.00..340864.41 rows=27 width=140) (actual time=71.420..632.786 rows=72 loops=1)
Gather  (cost=1000.00..340878.01 rows=163 width=21) (actual time=253.698..587.679 rows=249 loops=1)
Gather  (cost=1000.00..340864.41 rows=27 width=21) (actual time=381.619..611.918 rows=90 loops=1)
Gather  (cost=1000.00..340864.41 rows=27 width=140) (actual time=123.580..607.169 rows=114 loops=1)
Gather  (cost=1000.00..340876.51 rows=148 width=21) (actual time=171.431..617.394 rows=172 loops=1)
Gather  (cost=1000.00..340868.61 rows=69 width=21) (actual time=339.210..624.617 rows=72 loops=1)
Gather  (cost=1000.00..340864.51 rows=28 width=21) (actual time=84.311..592.816 rows=44 loops=1)
Gather Merge  (cost=340862.31..340868.15 rows=50 width=131) (actual time=615.968..620.324 rows=33 loops=1)
Gather  (cost=1000.00..340864.31 rows=26 width=21) (actual time=429.104..628.067 rows=72 loops=1)
Gather  (cost=1000.00..340864.41 rows=27 width=140) (actual time=47.992..610.537 rows=36 loops=1)
Gather  (cost=1000.00..340878.71 rows=170 width=140) (actual time=71.363..614.352 rows=70 loops=1)
Gather  (cost=1000.00..340873.61 rows=119 width=140) (actual time=287.882..588.870 rows=78 loops=1)
Gather  (cost=1000.00..340883.61 rows=219 width=21) (actual time=165.452..613.999 rows=424 loops=1)
Gather  (cost=1000.00..340923.11 rows=614 width=21) (actual time=447.772..611.924 rows=666 loops=1)
Gather Merge  (cost=340862.28..340867.88 rows=48 width=131) (actual time=651.941..656.583 rows=27 loops=1)
Gather  (cost=1000.00..340864.31 rows=26 width=21) (actual time=419.610..606.186 rows=44 loops=1)
Gather  (cost=1000.00..340864.41 rows=27 width=21) (actual time=49.832..593.726 rows=118 loops=1)
Gather  (cost=1000.00..340864.41 rows=27 width=21) (actual time=241.416..624.010 rows=81 loops=1)
Gather Merge  (cost=340862.28..340867.88 rows=48 width=131) (actual time=646.693..651.302 rows=138 loops=1)
Gather  (cost=1000.00..340864.31 rows=26 width=403) (actual time=570.317..625.054 rows=60 loops=1)
Gather  (cost=1000.00..340922.61 rows=609 width=21) (actual time=455.468..595.440 rows=815 loops=1)
Gather  (cost=1000.00..340924.21 rows=625 width=21) (actual time=261.596..606.247 rows=896 loops=1)
Gather  (cost=1000.00..340921.71 rows=600 width=140) (actual time=409.933..592.015 rows=356 loops=1)
Gather  (cost=1000.00..340921.71 rows=600 width=403) (actual time=422.490..611.795 rows=356 loops=1)
Gather  (cost=1000.00..340864.31 rows=26 width=21) (actual time=459.208..638.744 rows=46 loops=1)
Gather  (cost=1000.00..340864.41 rows=27 width=21) (actual time=317.253..612.052 rows=50 loops=1)
Gather  (cost=1000.00..340868.31 rows=66 width=21) (actual time=396.239..593.593 rows=78 loops=1)
Gather  (cost=1000.00..340864.31 rows=26 width=21) (actual time=334.593..656.926 rows=60 loops=1)
Gather  (cost=1000.00..340864.41 rows=27 width=21) (actual time=245.792..601.125 rows=72 loops=1)
Gather  (cost=1000.00..340864.31 rows=26 width=140) (actual time=324.916..628.650 rows=84 loops=1)
Gather  (cost=1000.00..340864.41 rows=27 width=21) (actual time=503.261..591.064 rows=44 loops=1)
Gather  (cost=1000.00..340864.41 rows=27 width=21) (actual time=282.495..611.524 rows=72 loops=1)
Gather  (cost=1000.00..340864.41 rows=27 width=21) (actual time=370.161..590.147 rows=48 loops=1)
Gather Merge  (cost=340862.31..340868.15 rows=50 width=131) (actual time=641.646..646.482 rows=98 loops=1)
Gather  (cost=1000.00..340878.31 rows=166 width=21) (actual time=192.367..608.702 rows=40 loops=1)
Gather  (cost=1000.00..340864.41 rows=27 width=21) (actual time=599.016..613.886 rows=80 loops=1)
Gather Merge  (cost=340862.31..340868.15 rows=50 width=131) (actual time=600.436..604.789 rows=27 loops=1)
Gather Merge  (cost=340864.19..340882.39 rows=156 width=131) (actual time=662.941..667.690 rows=208 loops=1)
Gather  (cost=1000.00..340864.41 rows=27 width=21) (actual time=55.672..608.026 rows=118 loops=1)
Gather Merge  (cost=340862.28..340867.88 rows=48 width=131) (actual time=636.324..640.699 rows=223 loops=1)
Gather  (cost=1000.00..340864.41 rows=27 width=21) (actual time=63.662..587.886 rows=72 loops=1)
Gather  (cost=1000.00..340864.31 rows=26 width=21) (actual time=428.910..614.912 rows=40 loops=1)
Gather Merge  (cost=340862.28..340867.88 rows=48 width=131) (actual time=618.031..622.683 rows=149 loops=1)
Gather  (cost=1000.00..340864.31 rows=26 width=21) (actual time=496.513..621.205 rows=46 loops=1)
Gather  (cost=1000.00..340864.41 rows=27 width=21) (actual time=142.517..621.985 rows=60 loops=1)
Gather  (cost=1000.00..340864.31 rows=26 width=140) (actual time=560.279..594.479 rows=48 loops=1)
Gather  (cost=1000.00..340864.31 rows=26 width=140) (actual time=458.149..614.848 rows=88 loops=1)
Gather  (cost=1000.00..340864.31 rows=26 width=403) (actual time=497.555..630.189 rows=88 loops=1)
Gather  (cost=1000.00..340864.31 rows=26 width=21) (actual time=316.935..611.002 rows=38 loops=1)
Gather  (cost=1000.00..340864.41 rows=27 width=21) (actual time=149.971..614.842 rows=36 loops=1)
Gather  (cost=1000.00..340878.81 rows=171 width=140) (actual time=368.346..587.545 rows=273 loops=1)
Gather  (cost=1000.00..340864.41 rows=27 width=140) (actual time=200.741..615.593 rows=104 loops=1)
Gather  (cost=1000.00..340864.31 rows=26 width=140) (actual time=306.829..606.722 rows=30 loops=1)
Gather  (cost=1000.00..340876.21 rows=145 width=21) (actual time=128.392..632.797 rows=64 loops=1)
Gather  (cost=1000.00..340876.01 rows=143 width=140) (actual time=325.453..622.328 rows=420 loops=1)
Gather  (cost=1000.00..340864.41 rows=27 width=140) (actual time=577.253..596.155 rows=108 loops=1)
Gather  (cost=1000.00..340864.31 rows=26 width=21) (actual time=457.845..612.460 rows=36 loops=1)
Gather  (cost=1000.00..340875.81 rows=141 width=21) (actual time=445.439..627.598 rows=141 loops=1)
Gather Merge  (cost=340862.28..340867.88 rows=48 width=131) (actual time=622.808..627.158 rows=98 loops=1)
Gather  (cost=1000.00..340864.41 rows=27 width=403) (actual time=504.231..611.289 rows=98 loops=1)
Gather  (cost=1000.00..340873.81 rows=121 width=21) (actual time=418.255..591.327 rows=58 loops=1)
Gather  (cost=1000.00..340864.41 rows=27 width=21) (actual time=407.180..616.537 rows=76 loops=1)
Gather Merge  (cost=340862.31..340868.15 rows=50 width=131) (actual time=613.803..618.308 rows=63 loops=1)
Gather Merge  (cost=340862.31..340868.15 rows=50 width=131) (actual time=644.475..648.979 rows=45 loops=1)
Gather Merge  (cost=340872.78..340936.49 rows=546 width=131) (actual time=615.449..620.172 rows=385 loops=1)
Gather  (cost=1000.00..340864.41 rows=27 width=21) (actual time=277.166..599.991 rows=62 loops=1)
Gather Merge  (cost=340862.31..340868.15 rows=50 width=131) (actual time=638.988..643.661 rows=92 loops=1)
Gather  (cost=1000.00..340864.41 rows=27 width=21) (actual time=398.217..616.894 rows=52 loops=1)
Gather Merge  (cost=340862.28..340867.88 rows=48 width=131) (actual time=634.441..639.036 rows=28 loops=1)
Gather  (cost=1000.00..340864.41 rows=27 width=21) (actual time=200.287..590.098 rows=238 loops=1)
Gather Merge  (cost=340862.28..340867.88 rows=48 width=131) (actual time=619.732..624.383 rows=72 loops=1)
Gather  (cost=1000.00..340864.31 rows=26 width=403) (actual time=471.973..595.211 rows=42 loops=1)
Gather  (cost=1000.00..340864.31 rows=26 width=21) (actual time=471.756..617.283 rows=138 loops=1)
Gather  (cost=1000.00..340864.41 rows=27 width=21) (actual time=78.426..625.807 rows=34 loops=1)
Gather  (cost=1000.00..340864.41 rows=27 width=21) (actual time=190.900..616.085 rows=48 loops=1)
Gather Merge  (cost=340863.99..340881.03 rows=146 width=131) (actual time=601.415..606.073 rows=126 loops=1)
Gather  (cost=1000.00..340864.31 rows=26 width=21) (actual time=464.304..647.266 rows=74 loops=1)
Gather Merge  (cost=340862.31..340868.15 rows=50 width=131) (actual time=619.043..624.740 rows=48 loops=1)
Gather  (cost=1000.00..340869.11 rows=74 width=21) (actual time=35.319..633.065 rows=135 loops=1)
Gather  (cost=1000.00..340864.41 rows=27 width=21) (actual time=384.859..601.227 rows=46 loops=1)
Gather  (cost=1000.00..340864.41 rows=27 width=21) (actual time=270.985..612.629 rows=62 loops=1)
Gather  (cost=1000.00..340864.41 rows=27 width=21) (actual time=381.241..599.580 rows=68 loops=1)
Gather  (cost=1000.00..340864.41 rows=27 width=140) (actual time=38.601..632.752 rows=246 loops=1)
Gather  (cost=1000.00..340864.41 rows=27 width=21) (actual time=6.009..601.044 rows=54 loops=1)
Gather  (cost=1000.00..340864.31 rows=26 width=21) (actual time=329.926..612.040 rows=114 loops=1)
Gather  (cost=1000.00..340868.41 rows=67 width=21) (actual time=299.938..588.258 rows=96 loops=1)
Gather  (cost=1000.00..340923.51 rows=618 width=21) (actual time=508.768..645.262 rows=644 loops=1)
Gather Merge  (cost=340862.28..340867.88 rows=48 width=131) (actual time=613.878..618.652 rows=36 loops=1)
Gather  (cost=1000.00..340864.41 rows=27 width=140) (actual time=272.259..624.337 rows=39 loops=1)
Gather  (cost=1000.00..340869.31 rows=76 width=140) (actual time=456.864..585.483 rows=64 loops=1)
Gather  (cost=1000.00..340864.41 rows=27 width=21) (actual time=226.641..614.697 rows=46 loops=1)
Gather  (cost=1000.00..340864.41 rows=27 width=21) (actual time=122.428..598.673 rows=54 loops=1)
Gather  (cost=1000.00..340864.51 rows=28 width=21) (actual time=96.860..631.065 rows=52 loops=1)
Gather Merge  (cost=340864.46..340884.29 rows=170 width=131) (actual time=621.087..627.422 rows=207 loops=1)
Gather Merge  (cost=340862.31..340868.15 rows=50 width=131) (actual time=614.035..618.515 rows=27 loops=1)
Gather  (cost=1000.00..340864.41 rows=27 width=403) (actual time=174.216..597.985 rows=27 loops=1)
Gather  (cost=1000.00..340871.51 rows=98 width=21) (actual time=116.227..644.027 rows=66 loops=1)
Gather Merge  (cost=340862.28..340867.88 rows=48 width=131) (actual time=631.624..636.027 rows=107 loops=1)
Gather  (cost=1000.00..340864.31 rows=26 width=21) (actual time=480.363..613.723 rows=81 loops=1)
Gather  (cost=1000.00..340900.41 rows=387 width=21) (actual time=88.428..588.589 rows=252 loops=1)
Gather  (cost=1000.00..340864.31 rows=26 width=21) (actual time=483.960..612.861 rows=82 loops=1)
Gather Merge  (cost=340862.31..340868.15 rows=50 width=131) (actual time=610.220..614.722 rows=144 loops=1)
Gather Merge  (cost=340862.28..340867.88 rows=48 width=131) (actual time=642.331..646.935 rows=64 loops=1)
Gather  (cost=1000.00..340864.31 rows=26 width=403) (actual time=475.733..616.577 rows=22 loops=1)
Gather  (cost=1000.00..340864.41 rows=27 width=140) (actual time=215.420..591.859 rows=60 loops=1)
Gather Merge  (cost=340862.31..340868.15 rows=50 width=131) (actual time=617.750..622.262 rows=16 loops=1)
Gather Merge  (cost=340862.28..340867.88 rows=48 width=131) (actual time=641.388..645.865 rows=159 loops=1)
Gather Merge  (cost=340862.28..340867.88 rows=48 width=131) (actual time=622.294..626.736 rows=150 loops=1)
Gather  (cost=1000.00..340876.91 rows=152 width=403) (actual time=343.271..613.835 rows=150 loops=1)
Gather Merge  (cost=340862.28..340867.88 rows=48 width=131) (actual time=600.058..604.609 rows=39 loops=1)
Gather Merge  (cost=340862.31..340868.15 rows=50 width=131) (actual time=620.928..625.618 rows=60 loops=1)
Gather  (cost=1000.00..340864.31 rows=26 width=21) (actual time=544.117..606.595 rows=46 loops=1)
Gather Merge  (cost=340862.31..340868.15 rows=50 width=131) (actual time=640.958..645.546 rows=86 loops=1)
Gather  (cost=1000.00..340864.41 rows=27 width=140) (actual time=134.618..609.287 rows=45 loops=1)
Gather  (cost=1000.00..340924.41 rows=627 width=21) (actual time=188.083..594.013 rows=438 loops=1)
Gather  (cost=1000.00..340864.31 rows=26 width=140) (actual time=466.100..619.420 rows=45 loops=1)
Gather  (cost=1000.00..340864.41 rows=27 width=140) (actual time=396.513..620.210 rows=45 loops=1)
Gather  (cost=1000.00..340864.41 rows=27 width=21) (actual time=599.695..621.946 rows=69 loops=1)
Gather  (cost=1000.00..340883.91 rows=222 width=21) (actual time=300.566..599.497 rows=270 loops=1)
Gather  (cost=1000.00..340864.31 rows=26 width=21) (actual time=425.097..589.421 rows=54 loops=1)
Gather  (cost=1000.00..340875.71 rows=140 width=21) (actual time=148.910..616.901 rows=159 loops=1)
Gather Merge  (cost=340862.28..340867.88 rows=48 width=131) (actual time=643.938..649.001 rows=162 loops=1)
Gather Merge  (cost=340862.28..340867.88 rows=48 width=131) (actual time=634.090..638.402 rows=108 loops=1)
Gather  (cost=1000.00..340872.61 rows=109 width=21) (actual time=163.505..611.469 rows=145 loops=1)
Gather Merge  (cost=340862.28..340867.88 rows=48 width=131) (actual time=597.412..601.899 rows=50 loops=1)
Gather  (cost=1000.00..340864.41 rows=27 width=21) (actual time=408.084..647.636 rows=44 loops=1)
Gather Merge  (cost=340870.57..340923.31 rows=452 width=131) (actual time=613.532..618.220 rows=402 loops=1)
Gather Merge  (cost=340862.28..340867.88 rows=48 width=131) (actual time=637.597..642.129 rows=42 loops=1)
Gather  (cost=1000.00..340864.41 rows=27 width=140) (actual time=239.662..588.372 rows=24 loops=1)
Gather  (cost=1000.00..340864.31 rows=26 width=21) (actual time=572.362..611.802 rows=42 loops=1)
Gather Merge  (cost=340862.31..340868.15 rows=50 width=131) (actual time=610.409..615.236 rows=230 loops=1)
Gather  (cost=1000.00..340875.01 rows=133 width=21) (actual time=175.350..624.226 rows=236 loops=1)
Gather Merge  (cost=340862.28..340867.88 rows=48 width=131) (actual time=634.541..639.568 rows=42 loops=1)
Gather  (cost=1000.00..340864.41 rows=27 width=140) (actual time=575.944..593.432 rows=33 loops=1)
Gather  (cost=1000.00..340876.01 rows=143 width=140) (actual time=421.875..588.137 rows=128 loops=1)
Gather  (cost=1000.00..340877.61 rows=159 width=21) (actual time=48.543..649.089 rows=144 loops=1)
Gather  (cost=1000.00..340868.31 rows=66 width=21) (actual time=401.023..611.387 rows=86 loops=1)
Gather Merge  (cost=340862.28..340867.88 rows=48 width=131) (actual time=621.597..626.188 rows=88 loops=1)
Gather  (cost=1000.00..340868.31 rows=66 width=21) (actual time=161.534..588.754 rows=68 loops=1)
Gather  (cost=1000.00..340864.31 rows=26 width=140) (actual time=539.011..617.405 rows=30 loops=1)
Gather Merge  (cost=340862.28..340867.88 rows=48 width=131) (actual time=614.327..618.814 rows=63 loops=1)
Gather Merge  (cost=340862.28..340867.88 rows=48 width=131) (actual time=646.487..654.807 rows=139 loops=1)
Gather  (cost=1000.00..340864.41 rows=27 width=403) (actual time=500.904..608.463 rows=33 loops=1)
Gather  (cost=1000.00..340874.61 rows=129 width=21) (actual time=475.449..593.608 rows=459 loops=1)
Gather  (cost=1000.00..340864.41 rows=27 width=21) (actual time=235.703..607.950 rows=196 loops=1)
Gather  (cost=1000.00..340864.41 rows=27 width=21) (actual time=406.440..621.152 rows=44 loops=1)
Gather  (cost=1000.00..340883.41 rows=217 width=21) (actual time=168.341..620.039 rows=340 loops=1)
Gather  (cost=1000.00..340864.31 rows=26 width=21) (actual time=479.365..611.858 rows=62 loops=1)
Gather Merge  (cost=340862.28..340867.88 rows=48 width=131) (actual time=596.614..601.245 rows=148 loops=1)
Gather Merge  (cost=340864.03..340881.30 rows=148 width=131) (actual time=626.691..631.327 rows=204 loops=1)
Gather  (cost=1000.00..340864.31 rows=26 width=21) (actual time=467.574..608.264 rows=126 loops=1)
Gather Merge  (cost=340864.07..340881.57 rows=150 width=131) (actual time=647.776..652.265 rows=117 loops=1)
Gather  (cost=1000.00..340868.71 rows=70 width=21) (actual time=448.413..609.537 rows=66 loops=1)
Gather  (cost=1000.00..340864.41 rows=27 width=21) (actual time=572.295..586.814 rows=75 loops=1)
Gather Merge  (cost=340868.75..340912.15 rows=372 width=131) (actual time=639.094..644.038 rows=507 loops=1)
Gather  (cost=1000.00..340873.11 rows=114 width=21) (actual time=501.105..622.303 rows=126 loops=1)
Gather  (cost=1000.00..340883.31 rows=216 width=140) (actual time=243.446..625.020 rows=104 loops=1)
Gather  (cost=1000.00..340868.01 rows=63 width=21) (actual time=158.903..593.635 rows=189 loops=1)
Gather  (cost=1000.00..340864.31 rows=26 width=21) (actual time=390.818..591.598 rows=48 loops=1)
Gather  (cost=1000.00..340877.81 rows=161 width=21) (actual time=496.991..613.514 rows=86 loops=1)
Gather  (cost=1000.00..340878.31 rows=166 width=140) (actual time=357.278..612.915 rows=39 loops=1)
Gather  (cost=1000.00..340878.31 rows=166 width=403) (actual time=375.391..636.184 rows=39 loops=1)
Gather  (cost=1000.00..340868.71 rows=70 width=21) (actual time=486.430..611.244 rows=165 loops=1)
Gather  (cost=1000.00..340864.41 rows=27 width=140) (actual time=136.373..590.629 rows=60 loops=1)
Gather  (cost=1000.00..340878.31 rows=166 width=21) (actual time=615.555..629.857 rows=534 loops=1)
Gather  (cost=1000.00..340879.11 rows=174 width=21) (actual time=213.118..611.020 rows=172 loops=1)
Gather Merge  (cost=340862.28..340867.88 rows=48 width=131) (actual time=640.980..645.758 rows=75 loops=1)
Gather  (cost=1000.00..340864.31 rows=26 width=21) (actual time=349.006..589.811 rows=52 loops=1)
Gather Merge  (cost=340862.28..340867.88 rows=48 width=131) (actual time=648.155..652.743 rows=61 loops=1)
Gather Merge  (cost=340864.07..340881.57 rows=150 width=131) (actual time=612.168..616.823 rows=180 loops=1)
Gather  (cost=1000.00..340864.31 rows=26 width=21) (actual time=460.971..613.177 rows=40 loops=1)
Gather Merge  (cost=340862.31..340868.15 rows=50 width=131) (actual time=618.772..624.357 rows=50 loops=1)
Gather  (cost=1000.00..340864.41 rows=27 width=21) (actual time=281.408..611.974 rows=56 loops=1)
Gather  (cost=1000.00..340864.41 rows=27 width=140) (actual time=490.631..591.845 rows=66 loops=1)
Gather Merge  (cost=340862.28..340867.88 rows=48 width=131) (actual time=663.201..667.803 rows=99 loops=1)
Gather  (cost=1000.00..340864.31 rows=26 width=21) (actual time=431.818..613.598 rows=44 loops=1)
Gather  (cost=1000.00..340869.61 rows=79 width=21) (actual time=304.290..621.059 rows=94 loops=1)
Gather  (cost=1000.00..340864.31 rows=26 width=21) (actual time=507.139..590.263 rows=70 loops=1)
Gather  (cost=1000.00..340864.41 rows=27 width=21) (actual time=234.024..613.566 rows=34 loops=1)
Gather  (cost=1000.00..340864.41 rows=27 width=21) (actual time=378.469..609.769 rows=40 loops=1)
Gather  (cost=1000.00..340864.51 rows=28 width=140) (actual time=98.736..630.696 rows=88 loops=1)
Gather  (cost=1000.00..340864.41 rows=27 width=21) (actual time=315.787..625.351 rows=120 loops=1)
Gather  (cost=1000.00..340864.41 rows=27 width=140) (actual time=378.410..595.760 rows=28 loops=1)
Gather  (cost=1000.00..340864.31 rows=26 width=21) (actual time=305.125..607.867 rows=56 loops=1)
Gather  (cost=1000.00..340864.41 rows=27 width=21) (actual time=67.527..629.967 rows=84 loops=1)
Gather Merge  (cost=340862.28..340867.88 rows=48 width=131) (actual time=626.341..631.178 rows=59 loops=1)
Gather  (cost=1000.00..340864.41 rows=27 width=21) (actual time=33.184..611.873 rows=54 loops=1)
Gather  (cost=1000.00..340864.31 rows=26 width=21) (actual time=354.647..590.410 rows=62 loops=1)
Gather  (cost=1000.00..340870.41 rows=87 width=21) (actual time=178.024..614.910 rows=115 loops=1)
Gather Merge  (cost=340862.28..340867.88 rows=48 width=131) (actual time=624.609..629.402 rows=168 loops=1)
Gather Merge  (cost=340863.96..340880.76 rows=144 width=131) (actual time=658.555..663.045 rows=100 loops=1)
Gather  (cost=1000.00..340864.31 rows=26 width=21) (actual time=533.176..612.148 rows=42 loops=1)
Gather Merge  (cost=340862.28..340867.88 rows=48 width=131) (actual time=602.451..607.272 rows=28 loops=1)
Gather  (cost=1000.00..340864.31 rows=26 width=403) (actual time=324.989..623.285 rows=28 loops=1)
Gather Merge  (cost=340862.28..340867.88 rows=48 width=131) (actual time=621.699..626.181 rows=54 loops=1)
Gather Merge  (cost=340862.28..340867.88 rows=48 width=131) (actual time=639.979..645.192 rows=30 loops=1)
Gather  (cost=1000.00..340864.41 rows=27 width=140) (actual time=498.380..589.938 rows=95 loops=1)
Gather  (cost=1000.00..340877.21 rows=155 width=21) (actual time=322.369..608.910 rows=162 loops=1)
Gather  (cost=1000.00..340874.31 rows=126 width=21) (actual time=138.822..591.010 rows=213 loops=1)
Gather Merge  (cost=340862.31..340868.15 rows=50 width=131) (actual time=636.441..641.381 rows=100 loops=1)
Gather  (cost=1000.00..340864.41 rows=27 width=21) (actual time=400.152..618.186 rows=44 loops=1)
Gather  (cost=1000.00..340868.51 rows=68 width=21) (actual time=120.283..610.932 rows=84 loops=1)
Gather Merge  (cost=340862.28..340867.88 rows=48 width=131) (actual time=598.798..603.374 rows=33 loops=1)
Gather Merge  (cost=340862.28..340867.88 rows=48 width=131) (actual time=647.971..653.061 rows=78 loops=1)
Gather Merge  (cost=340862.28..340867.88 rows=48 width=131) (actual time=616.002..620.720 rows=155 loops=1)
Gather  (cost=1000.00..340864.31 rows=26 width=140) (actual time=575.828..629.160 rows=46 loops=1)
Gather Merge  (cost=340862.28..340867.88 rows=48 width=131) (actual time=607.772..612.187 rows=24 loops=1)
Gather  (cost=1000.00..340870.11 rows=84 width=21) (actual time=462.832..617.260 rows=192 loops=1)
Gather Merge  (cost=340862.28..340867.88 rows=48 width=131) (actual time=610.919..615.595 rows=45 loops=1)
Gather  (cost=1000.00..340864.31 rows=26 width=21) (actual time=564.646..626.123 rows=105 loops=1)
Gather  (cost=1000.00..340864.41 rows=27 width=21) (actual time=135.816..610.483 rows=116 loops=1)
Gather  (cost=1000.00..340864.31 rows=26 width=21) (actual time=571.440..612.293 rows=48 loops=1)
Gather Merge  (cost=340862.28..340867.88 rows=48 width=131) (actual time=597.614..602.058 rows=21 loops=1)
Gather  (cost=1000.00..340864.31 rows=26 width=21) (actual time=508.954..639.710 rows=48 loops=1)
Gather  (cost=1000.00..340925.11 rows=634 width=21) (actual time=310.331..616.877 rows=984 loops=1)
Gather  (cost=1000.00..340864.31 rows=26 width=21) (actual time=344.607..613.333 rows=63 loops=1)
Gather  (cost=1000.00..340864.31 rows=26 width=21) (actual time=407.844..589.591 rows=54 loops=1)
Gather  (cost=1000.00..340864.41 rows=27 width=21) (actual time=123.243..613.361 rows=50 loops=1)
Gather Merge  (cost=340862.31..340868.15 rows=50 width=131) (actual time=617.155..621.737 rows=40 loops=1)
Gather  (cost=1000.00..340864.41 rows=27 width=140) (actual time=148.070..632.372 rows=87 loops=1)
Gather  (cost=1000.00..340864.31 rows=26 width=21) (actual time=531.776..617.753 rows=50 loops=1)
Gather Merge  (cost=340862.31..340868.15 rows=50 width=131) (actual time=600.746..605.134 rows=44 loops=1)
Gather Merge  (cost=340862.31..340868.15 rows=50 width=131) (actual time=631.197..639.662 rows=75 loops=1)
Gather  (cost=1000.00..340867.91 rows=62 width=403) (actual time=117.707..614.832 rows=75 loops=1)
Gather Merge  (cost=340864.85..340887.02 rows=190 width=131) (actual time=617.244..621.649 rows=134 loops=1)
Gather  (cost=1000.00..340864.31 rows=26 width=140) (actual time=472.628..607.474 rows=120 loops=1)
Gather Merge  (cost=340862.28..340867.88 rows=48 width=131) (actual time=601.726..606.421 rows=40 loops=1)
Gather  (cost=1000.00..340864.31 rows=26 width=140) (actual time=368.192..623.166 rows=33 loops=1)
Gather Merge  (cost=340862.28..340867.88 rows=48 width=131) (actual time=622.136..627.151 rows=33 loops=1)
Gather  (cost=1000.00..340864.31 rows=26 width=21) (actual time=572.354..638.381 rows=50 loops=1)
Gather Merge  (cost=340862.28..340867.88 rows=48 width=131) (actual time=615.278..619.660 rows=24 loops=1)
Gather  (cost=1000.00..340864.41 rows=27 width=21) (actual time=147.002..591.969 rows=38 loops=1)
Gather Merge  (cost=340862.28..340867.88 rows=48 width=131) (actual time=640.974..647.088 rows=60 loops=1)
Gather  (cost=1000.00..340868.51 rows=68 width=21) (actual time=115.207..605.589 rows=82 loops=1)
Gather  (cost=1000.00..340871.11 rows=94 width=140) (actual time=466.673..621.529 rows=144 loops=1)
Gather Merge  (cost=340862.31..340868.15 rows=50 width=131) (actual time=604.156..608.583 rows=64 loops=1)
Gather Merge  (cost=340862.28..340867.88 rows=48 width=131) (actual time=617.575..622.239 rows=133 loops=1)
Gather  (cost=1000.00..340876.61 rows=149 width=21) (actual time=217.253..591.671 rows=124 loops=1)
Gather  (cost=1000.00..340878.51 rows=168 width=21) (actual time=151.095..635.886 rows=280 loops=1)
Gather  (cost=1000.00..340864.41 rows=27 width=21) (actual time=396.147..609.154 rows=36 loops=1)
Gather  (cost=1000.00..340868.31 rows=66 width=21) (actual time=66.841..612.839 rows=78 loops=1)
Gather  (cost=1000.00..340864.51 rows=28 width=21) (actual time=91.536..590.191 rows=50 loops=1)
Gather  (cost=1000.00..340864.31 rows=26 width=21) (actual time=508.933..660.419 rows=48 loops=1)
Gather Merge  (cost=340862.31..340868.15 rows=50 width=131) (actual time=617.394..621.850 rows=81 loops=1)
Gather  (cost=1000.00..340871.31 rows=96 width=21) (actual time=144.613..610.725 rows=140 loops=1)
Gather Merge  (cost=340862.28..340867.88 rows=48 width=131) (actual time=597.812..602.444 rows=30 loops=1)
Gather  (cost=1000.00..340877.61 rows=159 width=140) (actual time=432.459..617.948 rows=300 loops=1)
Gather Merge  (cost=340862.28..340867.88 rows=48 width=131) (actual time=612.283..617.020 rows=60 loops=1)
Gather  (cost=1000.00..340923.11 rows=614 width=140) (actual time=471.572..632.330 rows=666 loops=1)
Gather Merge  (cost=340862.28..340867.88 rows=48 width=131) (actual time=638.478..650.139 rows=133 loops=1)
Gather  (cost=1000.00..340883.11 rows=214 width=21) (actual time=115.974..597.443 rows=156 loops=1)
Gather Merge  (cost=340868.34..340909.65 rows=354 width=131) (actual time=597.152..601.782 rows=313 loops=1)
Gather  (cost=1000.00..340864.31 rows=26 width=21) (actual time=508.584..682.326 rows=54 loops=1)
Gather  (cost=1000.00..340864.41 rows=27 width=21) (actual time=248.677..624.547 rows=72 loops=1)
Gather  (cost=1000.00..340864.41 rows=27 width=21) (actual time=600.106..609.139 rows=75 loops=1)
Gather  (cost=1000.00..340864.51 rows=28 width=21) (actual time=83.564..593.194 rows=74 loops=1)
Gather  (cost=1000.00..340878.81 rows=171 width=21) (actual time=397.057..615.212 rows=273 loops=1)
Gather Merge  (cost=340862.28..340867.88 rows=48 width=131) (actual time=626.198..630.981 rows=30 loops=1)
Gather Merge  (cost=340862.31..340868.15 rows=50 width=131) (actual time=636.173..640.838 rows=65 loops=1)
Gather Merge  (cost=340862.31..340868.15 rows=50 width=131) (actual time=633.532..638.261 rows=94 loops=1)
Gather  (cost=1000.00..340864.51 rows=28 width=21) (actual time=87.484..595.416 rows=48 loops=1)
Gather Merge  (cost=340862.28..340867.88 rows=48 width=131) (actual time=646.889..653.352 rows=56 loops=1)
Gather Merge  (cost=340862.31..340868.15 rows=50 width=131) (actual time=632.234..658.233 rows=72 loops=1)
Gather  (cost=1000.00..340864.41 rows=27 width=21) (actual time=548.809..640.983 rows=60 loops=1)
Gather  (cost=1000.00..340868.61 rows=69 width=21) (actual time=136.203..589.600 rows=46 loops=1)
Gather  (cost=1000.00..340864.41 rows=27 width=21) (actual time=252.855..622.277 rows=42 loops=1)
Gather Merge  (cost=340862.31..340868.15 rows=50 width=131) (actual time=596.228..600.816 rows=44 loops=1)
Gather  (cost=1000.00..340864.31 rows=26 width=21) (actual time=494.996..652.074 rows=123 loops=1)
Gather  (cost=1000.00..340868.91 rows=72 width=21) (actual time=150.524..608.800 rows=88 loops=1)
Gather Merge  (cost=340862.28..340867.88 rows=48 width=131) (actual time=621.034..625.559 rows=63 loops=1)
Gather Merge  (cost=340862.28..340867.88 rows=48 width=131) (actual time=598.379..602.898 rows=48 loops=1)
Gather  (cost=1000.00..340864.31 rows=26 width=21) (actual time=432.454..653.519 rows=78 loops=1)
Gather Merge  (cost=340862.31..340868.15 rows=50 width=131) (actual time=616.084..620.799 rows=72 loops=1)
Gather  (cost=1000.00..340864.41 rows=27 width=21) (actual time=263.614..620.852 rows=50 loops=1)
Gather  (cost=1000.00..340881.81 rows=201 width=21) (actual time=331.149..585.655 rows=245 loops=1)
Gather  (cost=1000.00..340864.31 rows=26 width=21) (actual time=337.261..623.244 rows=52 loops=1)
Gather  (cost=1000.00..340924.11 rows=624 width=140) (actual time=236.233..589.565 rows=567 loops=1)
Gather  (cost=1000.00..340864.51 rows=28 width=21) (actual time=106.169..645.648 rows=40 loops=1)
Gather Merge  (cost=340862.28..340867.88 rows=48 width=131) (actual time=618.427..622.781 rows=33 loops=1)
Gather Merge  (cost=340870.90..340925.27 rows=466 width=131) (actual time=630.514..635.269 rows=504 loops=1)
Gather  (cost=1000.00..340864.31 rows=26 width=21) (actual time=385.840..581.094 rows=44 loops=1)
Gather Merge  (cost=340862.28..340867.88 rows=48 width=131) (actual time=677.221..682.670 rows=36 loops=1)
Gather  (cost=1000.00..340864.41 rows=27 width=21) (actual time=593.742..612.353 rows=52 loops=1)
Gather  (cost=1000.00..340864.41 rows=27 width=140) (actual time=607.182..612.303 rows=60 loops=1)
Gather  (cost=1000.00..340864.41 rows=27 width=21) (actual time=146.341..587.219 rows=56 loops=1)
Gather Merge  (cost=340864.11..340881.84 rows=152 width=131) (actual time=631.604..636.024 rows=287 loops=1)
Gather  (cost=1000.00..340869.11 rows=74 width=140) (actual time=489.610..608.457 rows=27 loops=1)
Gather Merge  (cost=340862.28..340867.88 rows=48 width=131) (actual time=633.751..638.536 rows=36 loops=1)
Gather Merge  (cost=340862.31..340868.15 rows=50 width=131) (actual time=634.729..639.312 rows=24 loops=1)
Gather  (cost=1000.00..340864.41 rows=27 width=21) (actual time=305.251..596.569 rows=36 loops=1)
Gather Merge  (cost=340862.31..340868.15 rows=50 width=131) (actual time=624.672..629.519 rows=52 loops=1)
Gather  (cost=1000.00..340864.31 rows=26 width=21) (actual time=575.909..652.295 rows=54 loops=1)
Gather  (cost=1000.00..340875.21 rows=135 width=21) (actual time=565.262..609.644 rows=66 loops=1)
Gather  (cost=1000.00..340870.21 rows=85 width=21) (actual time=487.155..610.310 rows=144 loops=1)
Gather  (cost=1000.00..340864.41 rows=27 width=21) (actual time=263.887..591.712 rows=87 loops=1)
Gather  (cost=1000.00..340864.41 rows=27 width=21) (actual time=600.625..616.644 rows=48 loops=1)
Gather  (cost=1000.00..340864.41 rows=27 width=140) (actual time=281.200..606.635 rows=60 loops=1)
Gather Merge  (cost=340862.31..340868.15 rows=50 width=131) (actual time=646.622..651.439 rows=36 loops=1)
Gather  (cost=1000.00..340864.51 rows=28 width=21) (actual time=99.473..623.492 rows=42 loops=1)
Gather Merge  (cost=340862.28..340867.88 rows=48 width=131) (actual time=605.457..610.145 rows=219 loops=1)
Gather  (cost=1000.00..340864.41 rows=27 width=403) (actual time=236.680..626.021 rows=30 loops=1)
Gather  (cost=1000.00..340925.11 rows=634 width=21) (actual time=402.300..627.800 rows=450 loops=1)
Gather  (cost=1000.00..340864.41 rows=27 width=140) (actual time=36.496..632.176 rows=30 loops=1)
Gather  (cost=1000.00..340864.41 rows=27 width=21) (actual time=149.418..591.808 rows=48 loops=1)
Gather Merge  (cost=340862.31..340868.15 rows=50 width=131) (actual time=624.845..629.834 rows=52 loops=1)
Gather  (cost=1000.00..340878.01 rows=163 width=140) (actual time=113.444..590.255 rows=222 loops=1)
Gather  (cost=1000.00..340864.31 rows=26 width=21) (actual time=485.248..639.721 rows=48 loops=1)
Gather  (cost=1000.00..340864.41 rows=27 width=21) (actual time=307.748..618.836 rows=44 loops=1)
Gather  (cost=1000.00..340864.31 rows=26 width=140) (actual time=447.460..608.353 rows=30 loops=1)
Gather  (cost=1000.00..340879.81 rows=181 width=21) (actual time=172.002..588.288 rows=156 loops=1)
Gather Merge  (cost=340862.28..340867.88 rows=48 width=131) (actual time=678.876..683.288 rows=32 loops=1)
Gather  (cost=1000.00..340864.41 rows=27 width=21) (actual time=119.335..604.739 rows=80 loops=1)
Gather Merge  (cost=340868.84..340912.71 rows=376 width=131) (actual time=637.208..641.736 rows=467 loops=1)
Gather Merge  (cost=340862.31..340868.15 rows=50 width=131) (actual time=596.155..600.563 rows=39 loops=1)
Gather  (cost=1000.00..340864.41 rows=27 width=21) (actual time=221.340..620.799 rows=46 loops=1)
Gather Merge  (cost=340862.28..340867.88 rows=48 width=131) (actual time=599.393..603.786 rows=54 loops=1)
Gather Merge  (cost=340862.28..340867.88 rows=48 width=131) (actual time=656.986..661.425 rows=196 loops=1)
Gather  (cost=1000.00..340864.31 rows=26 width=21) (actual time=470.122..608.023 rows=100 loops=1)
Gather  (cost=1000.00..340864.41 rows=27 width=21) (actual time=184.168..616.763 rows=50 loops=1)
Gather  (cost=1000.00..340875.51 rows=138 width=21) (actual time=461.936..590.053 rows=69 loops=1)
Gather  (cost=1000.00..340869.71 rows=80 width=21) (actual time=363.425..662.583 rows=48 loops=1)
Gather  (cost=1000.00..340864.41 rows=27 width=21) (actual time=52.488..611.999 rows=44 loops=1)
Gather Merge  (cost=340862.31..340868.15 rows=50 width=131) (actual time=625.549..630.114 rows=24 loops=1)
Gather  (cost=1000.00..340864.41 rows=27 width=403) (actual time=150.201..595.588 rows=24 loops=1)
Gather  (cost=1000.00..340870.21 rows=85 width=21) (actual time=378.478..622.439 rows=150 loops=1)
Gather  (cost=1000.00..340864.41 rows=27 width=21) (actual time=358.677..599.179 rows=46 loops=1)
Gather Merge  (cost=340862.28..340867.88 rows=48 width=131) (actual time=637.226..641.799 rows=40 loops=1)
Gather Merge  (cost=340862.31..340868.15 rows=50 width=131) (actual time=612.577..618.862 rows=36 loops=1)
Gather Merge  (cost=340862.28..340867.88 rows=48 width=131) (actual time=621.322..625.888 rows=72 loops=1)
Gather Merge  (cost=340862.31..340868.15 rows=50 width=131) (actual time=616.364..623.315 rows=56 loops=1)
Gather  (cost=1000.00..340872.91 rows=112 width=21) (actual time=626.106..660.744 rows=180 loops=1)
Gather  (cost=1000.00..340864.51 rows=28 width=21) (actual time=75.081..609.923 rows=50 loops=1)
Gather  (cost=1000.00..340925.11 rows=634 width=21) (actual time=322.977..612.008 rows=984 loops=1)
Gather  (cost=1000.00..340864.31 rows=26 width=21) (actual time=395.583..590.013 rows=60 loops=1)
Gather  (cost=1000.00..340868.41 rows=67 width=140) (actual time=322.122..617.669 rows=56 loops=1)
Gather Merge  (cost=340864.15..340882.11 rows=154 width=131) (actual time=615.042..619.671 rows=72 loops=1)
Gather  (cost=1000.00..340864.41 rows=27 width=21) (actual time=68.908..643.023 rows=72 loops=1)
Gather Merge  (cost=340862.28..340867.88 rows=48 width=131) (actual time=647.518..652.591 rows=28 loops=1)
Gather  (cost=1000.00..340875.81 rows=141 width=21) (actual time=426.613..601.715 rows=306 loops=1)
Gather  (cost=1000.00..340898.11 rows=364 width=140) (actual time=344.871..675.565 rows=428 loops=1)
Gather Merge  (cost=340873.31..340939.58 rows=568 width=131) (actual time=627.630..632.306 rows=718 loops=1)
Gather  (cost=1000.00..340878.31 rows=166 width=140) (actual time=538.297..633.342 rows=104 loops=1)
Gather  (cost=1000.00..340864.41 rows=27 width=140) (actual time=489.196..589.031 rows=42 loops=1)
Gather  (cost=1000.00..340864.31 rows=26 width=21) (actual time=557.441..621.748 rows=44 loops=1)
Gather Merge  (cost=340862.31..340868.15 rows=50 width=131) (actual time=598.599..603.095 rows=45 loops=1)
Gather  (cost=1000.00..340864.51 rows=28 width=21) (actual time=74.660..643.110 rows=46 loops=1)
Gather  (cost=1000.00..340864.31 rows=26 width=21) (actual time=441.022..607.192 rows=135 loops=1)
Gather  (cost=1000.00..340864.41 rows=27 width=21) (actual time=248.186..622.009 rows=75 loops=1)
Gather  (cost=1000.00..340864.31 rows=26 width=21) (actual time=392.030..590.068 rows=38 loops=1)
Gather Merge  (cost=340862.28..340867.88 rows=48 width=131) (actual time=672.942..677.450 rows=90 loops=1)
Gather Merge  (cost=340870.16..340920.79 rows=434 width=131) (actual time=613.355..618.052 rows=401 loops=1)
Gather Merge  (cost=340862.31..340868.15 rows=50 width=131) (actual time=645.129..649.579 rows=108 loops=1)
Gather  (cost=1000.00..340864.41 rows=27 width=21) (actual time=218.791..589.399 rows=32 loops=1)
Gather Merge  (cost=340862.28..340867.88 rows=48 width=131) (actual time=626.279..630.866 rows=60 loops=1)
Gather  (cost=1000.00..340864.31 rows=26 width=21) (actual time=531.588..591.102 rows=52 loops=1)
Gather Merge  (cost=340862.28..340867.88 rows=48 width=131) (actual time=657.275..661.744 rows=148 loops=1)
Gather Merge  (cost=340862.28..340867.88 rows=48 width=131) (actual time=618.589..623.025 rows=45 loops=1)
Gather Merge  (cost=340862.28..340867.88 rows=48 width=131) (actual time=625.809..630.668 rows=78 loops=1)
Gather Merge  (cost=340862.28..340867.88 rows=48 width=131) (actual time=596.570..601.074 rows=36 loops=1)
Gather  (cost=1000.00..340864.31 rows=26 width=140) (actual time=513.303..653.968 rows=81 loops=1)
Gather Merge  (cost=340862.31..340868.15 rows=50 width=131) (actual time=622.135..626.778 rows=39 loops=1)
Gather  (cost=1000.00..340923.21 rows=615 width=140) (actual time=362.495..613.194 rows=504 loops=1)
Gather  (cost=1000.00..340864.41 rows=27 width=21) (actual time=192.877..588.744 rows=32 loops=1)
Gather  (cost=1000.00..340864.31 rows=26 width=21) (actual time=483.557..619.316 rows=70 loops=1)
Gather  (cost=1000.00..340871.51 rows=98 width=21) (actual time=200.080..601.567 rows=82 loops=1)
Gather  (cost=1000.00..340868.61 rows=69 width=21) (actual time=174.837..631.488 rows=32 loops=1)
Gather  (cost=1000.00..340864.31 rows=26 width=21) (actual time=316.919..623.697 rows=54 loops=1)
Gather Merge  (cost=340862.31..340868.15 rows=50 width=131) (actual time=605.579..610.102 rows=18 loops=1)
Gather  (cost=1000.00..340864.41 rows=27 width=21) (actual time=496.763..625.223 rows=96 loops=1)
Gather  (cost=1000.00..340864.41 rows=27 width=21) (actual time=206.782..630.658 rows=50 loops=1)
Gather Merge  (cost=340862.28..340867.88 rows=48 width=131) (actual time=620.316..633.881 rows=68 loops=1)
Gather  (cost=1000.00..340864.41 rows=27 width=21) (actual time=35.488..597.609 rows=36 loops=1)
Gather Merge  (cost=340862.28..340867.88 rows=48 width=131) (actual time=605.606..617.786 rows=68 loops=1)
Gather  (cost=1000.00..340877.61 rows=159 width=21) (actual time=390.042..603.649 rows=153 loops=1)
Gather  (cost=1000.00..340864.41 rows=27 width=21) (actual time=131.162..610.879 rows=116 loops=1)
Gather  (cost=1000.00..340864.41 rows=27 width=21) (actual time=378.592..614.290 rows=78 loops=1)
Gather  (cost=1000.00..340864.41 rows=27 width=21) (actual time=250.225..624.072 rows=54 loops=1)
Gather  (cost=1000.00..340882.11 rows=204 width=140) (actual time=504.076..592.942 rows=170 loops=1)
Gather  (cost=1000.00..340864.41 rows=27 width=140) (actual time=177.578..627.497 rows=64 loops=1)
Gather  (cost=1000.00..340864.41 rows=27 width=21) (actual time=382.775..616.679 rows=117 loops=1)
Gather  (cost=1000.00..340864.41 rows=27 width=21) (actual time=309.883..627.795 rows=66 loops=1)
Gather  (cost=1000.00..340879.41 rows=177 width=21) (actual time=367.828..591.995 rows=152 loops=1)
Gather  (cost=1000.00..340864.41 rows=27 width=21) (actual time=203.005..615.408 rows=40 loops=1)
Gather  (cost=1000.00..340864.41 rows=27 width=21) (actual time=109.230..593.117 rows=62 loops=1)
Gather Merge  (cost=340862.28..340867.88 rows=48 width=131) (actual time=681.156..685.618 rows=45 loops=1)
Gather Merge  (cost=340862.28..340867.88 rows=48 width=131) (actual time=616.510..621.064 rows=106 loops=1)
Gather  (cost=1000.00..340869.91 rows=82 width=21) (actual time=481.107..618.691 rows=76 loops=1)
Gather Merge  (cost=340862.28..340867.88 rows=48 width=131) (actual time=596.812..601.437 rows=26 loops=1)
Gather  (cost=1000.00..340864.41 rows=27 width=140) (actual time=153.849..650.113 rows=36 loops=1)
Gather  (cost=1000.00..340925.11 rows=634 width=140) (actual time=302.749..599.960 rows=984 loops=1)
Gather Merge  (cost=340862.28..340867.88 rows=48 width=131) (actual time=634.350..638.874 rows=21 loops=1)
Gather Merge  (cost=340862.31..340868.15 rows=50 width=131) (actual time=597.788..602.230 rows=54 loops=1)
Gather  (cost=1000.00..340864.41 rows=27 width=403) (actual time=212.637..621.016 rows=54 loops=1)
Gather  (cost=1000.00..340868.71 rows=70 width=140) (actual time=426.407..602.918 rows=66 loops=1)
Gather  (cost=1000.00..340878.81 rows=171 width=21) (actual time=50.565..624.730 rows=96 loops=1)
Gather Merge  (cost=340862.31..340868.15 rows=50 width=131) (actual time=620.708..626.900 rows=48 loops=1)
Gather  (cost=1000.00..340864.41 rows=27 width=140) (actual time=219.883..597.191 rows=42 loops=1)
Gather  (cost=1000.00..340868.21 rows=65 width=21) (actual time=103.133..589.628 rows=84 loops=1)
Gather  (cost=1000.00..340878.31 rows=166 width=21) (actual time=300.958..664.762 rows=126 loops=1)
Gather  (cost=1000.00..340864.41 rows=27 width=21) (actual time=255.423..627.071 rows=36 loops=1)
Gather Merge  (cost=340862.28..340867.88 rows=48 width=131) (actual time=623.816..628.120 rows=162 loops=1)
Gather  (cost=1000.00..340924.41 rows=627 width=21) (actual time=181.671..587.842 rows=438 loops=1)
Gather  (cost=1000.00..340864.41 rows=27 width=140) (actual time=38.813..611.131 rows=27 loops=1)
Gather  (cost=1000.00..340864.41 rows=27 width=140) (actual time=151.623..616.504 rows=21 loops=1)
Gather  (cost=1000.00..340864.41 rows=27 width=140) (actual time=214.813..623.564 rows=90 loops=1)
Gather Merge  (cost=340862.28..340867.88 rows=48 width=131) (actual time=625.098..629.613 rows=18 loops=1)
Gather Merge  (cost=340862.31..340868.15 rows=50 width=131) (actual time=603.776..608.236 rows=88 loops=1)
Gather Merge  (cost=340862.31..340868.15 rows=50 width=131) (actual time=629.960..635.061 rows=125 loops=1)
Gather Merge  (cost=340862.31..340868.15 rows=50 width=131) (actual time=623.219..627.986 rows=132 loops=1)
Gather Merge  (cost=340862.28..340867.88 rows=48 width=131) (actual time=638.683..643.322 rows=117 loops=1)
Gather Merge  (cost=340862.28..340867.88 rows=48 width=131) (actual time=602.441..607.469 rows=50 loops=1)
Gather  (cost=1000.00..340864.31 rows=26 width=21) (actual time=589.549..618.529 rows=100 loops=1)
Gather  (cost=1000.00..340864.41 rows=27 width=21) (actual time=38.102..589.551 rows=44 loops=1)
Gather Merge  (cost=340862.28..340867.88 rows=48 width=131) (actual time=643.316..648.117 rows=60 loops=1)
Gather Merge  (cost=340862.28..340867.88 rows=48 width=131) (actual time=617.691..622.113 rows=56 loops=1)
Gather  (cost=1000.00..340864.31 rows=26 width=140) (actual time=318.770..612.860 rows=45 loops=1)
Gather  (cost=1000.00..340864.31 rows=26 width=403) (actual time=300.046..587.127 rows=45 loops=1)
Gather  (cost=1000.00..340864.41 rows=27 width=21) (actual time=32.788..644.422 rows=60 loops=1)
Gather  (cost=1000.00..340923.51 rows=618 width=140) (actual time=480.182..606.358 rows=644 loops=1)
Gather Merge  (cost=340869.42..340916.33 rows=402 width=131) (actual time=635.943..640.473 rows=395 loops=1)
Gather  (cost=1000.00..340879.01 rows=173 width=21) (actual time=76.253..585.285 rows=112 loops=1)
Gather  (cost=1000.00..340872.91 rows=112 width=140) (actual time=412.552..610.990 rows=123 loops=1)
Gather  (cost=1000.00..340872.91 rows=112 width=403) (actual time=390.494..593.733 rows=123 loops=1)
Gather  (cost=1000.00..340868.81 rows=71 width=21) (actual time=273.367..628.704 rows=124 loops=1)
Gather  (cost=1000.00..340864.51 rows=28 width=21) (actual time=87.177..608.664 rows=74 loops=1)
Gather  (cost=1000.00..340864.41 rows=27 width=21) (actual time=164.531..616.429 rows=120 loops=1)
Gather  (cost=1000.00..340864.41 rows=27 width=140) (actual time=480.167..584.573 rows=27 loops=1)
Gather  (cost=1000.00..340864.31 rows=26 width=21) (actual time=602.823..649.486 rows=148 loops=1)
Gather Merge  (cost=340862.31..340868.15 rows=50 width=131) (actual time=628.140..632.823 rows=48 loops=1)
Gather  (cost=1000.00..340864.41 rows=27 width=21) (actual time=146.450..614.152 rows=48 loops=1)
Gather  (cost=1000.00..340898.11 rows=364 width=140) (actual time=337.790..587.118 rows=428 loops=1)
Gather  (cost=1000.00..340864.31 rows=26 width=21) (actual time=348.205..615.162 rows=60 loops=1)
Gather  (cost=1000.00..340864.41 rows=27 width=140) (actual time=234.651..603.300 rows=45 loops=1)
Gather  (cost=1000.00..340864.41 rows=27 width=21) (actual time=17.156..620.284 rows=70 loops=1)
Gather Merge  (cost=340862.28..340867.88 rows=48 width=131) (actual time=640.876..645.323 rows=27 loops=1)
Gather  (cost=1000.00..340864.41 rows=27 width=140) (actual time=193.606..597.165 rows=39 loops=1)
Gather  (cost=1000.00..340864.41 rows=27 width=403) (actual time=192.030..593.893 rows=39 loops=1)
Gather  (cost=1000.00..340869.91 rows=82 width=140) (actual time=378.303..638.271 rows=105 loops=1)
Gather  (cost=1000.00..340864.41 rows=27 width=21) (actual time=18.031..612.402 rows=52 loops=1)
Gather  (cost=1000.00..340864.31 rows=26 width=21) (actual time=436.228..611.529 rows=44 loops=1)
Gather  (cost=1000.00..340876.91 rows=152 width=21) (actual time=72.218..588.396 rows=122 loops=1)
Gather  (cost=1000.00..340864.31 rows=26 width=21) (actual time=570.843..621.222 rows=50 loops=1)
Gather  (cost=1000.00..340864.31 rows=26 width=140) (actual time=331.245..605.723 rows=50 loops=1)
Gather  (cost=1000.00..340864.41 rows=27 width=21) (actual time=178.235..622.902 rows=69 loops=1)
Gather  (cost=1000.00..340864.31 rows=26 width=21) (actual time=582.782..640.680 rows=52 loops=1)
Gather  (cost=1000.00..340864.51 rows=28 width=21) (actual time=71.142..592.319 rows=44 loops=1)
Gather Merge  (cost=340862.28..340867.88 rows=48 width=131) (actual time=619.932..624.459 rows=52 loops=1)
Gather  (cost=1000.00..340864.31 rows=26 width=21) (actual time=572.005..625.124 rows=52 loops=1)
Gather Merge  (cost=340862.28..340867.88 rows=48 width=131) (actual time=625.060..629.603 rows=50 loops=1)
Gather  (cost=1000.00..340864.41 rows=27 width=21) (actual time=70.348..625.186 rows=34 loops=1)
Gather  (cost=1000.00..340864.41 rows=27 width=21) (actual time=577.015..588.281 rows=116 loops=1)
Gather  (cost=1000.00..340864.41 rows=27 width=140) (actual time=304.623..611.429 rows=33 loops=1)
Gather  (cost=1000.00..340924.31 rows=626 width=140) (actual time=109.190..612.823 rows=627 loops=1)
Gather  (cost=1000.00..340864.41 rows=27 width=21) (actual time=299.436..639.740 rows=76 loops=1)
Gather  (cost=1000.00..340864.31 rows=26 width=21) (actual time=475.763..610.595 rows=104 loops=1)
Gather Merge  (cost=340862.31..340868.15 rows=50 width=131) (actual time=609.993..614.407 rows=77 loops=1)
Gather  (cost=1000.00..340864.31 rows=26 width=21) (actual time=440.647..652.945 rows=48 loops=1)
Gather  (cost=1000.00..340864.41 rows=27 width=21) (actual time=300.092..611.407 rows=93 loops=1)
Gather Merge  (cost=340862.31..340868.15 rows=50 width=131) (actual time=641.133..646.220 rows=72 loops=1)
Gather Merge  (cost=340862.31..340868.15 rows=50 width=131) (actual time=600.410..605.130 rows=40 loops=1)
Gather  (cost=1000.00..340864.41 rows=27 width=21) (actual time=225.318..616.434 rows=72 loops=1)
Gather Merge  (cost=340862.31..340868.15 rows=50 width=131) (actual time=601.735..606.219 rows=33 loops=1)
Gather  (cost=1000.00..340876.41 rows=147 width=21) (actual time=401.396..640.279 rows=129 loops=1)
Gather Merge  (cost=340862.31..340868.15 rows=50 width=131) (actual time=622.580..627.197 rows=45 loops=1)
Gather  (cost=1000.00..340864.41 rows=27 width=21) (actual time=204.611..610.715 rows=52 loops=1)
Gather Merge  (cost=340862.28..340867.88 rows=48 width=131) (actual time=595.803..600.314 rows=102 loops=1)
Gather  (cost=1000.00..340864.51 rows=28 width=140) (actual time=73.781..668.215 rows=44 loops=1)
Gather  (cost=1000.00..340878.31 rows=166 width=21) (actual time=593.256..612.635 rows=534 loops=1)
Gather  (cost=1000.00..340864.41 rows=27 width=140) (actual time=604.236..618.094 rows=92 loops=1)
Gather  (cost=1000.00..340864.41 rows=27 width=21) (actual time=574.144..587.365 rows=48 loops=1)
Gather  (cost=1000.00..340864.41 rows=27 width=140) (actual time=180.966..618.496 rows=45 loops=1)
Gather Merge  (cost=340864.07..340881.57 rows=150 width=131) (actual time=611.008..615.855 rows=165 loops=1)
Gather Merge  (cost=340862.31..340868.15 rows=50 width=131) (actual time=655.153..659.824 rows=52 loops=1)
Gather Merge  (cost=340862.31..340868.15 rows=50 width=131) (actual time=637.733..642.366 rows=145 loops=1)
Gather  (cost=1000.00..340864.41 rows=27 width=21) (actual time=144.746..594.732 rows=87 loops=1)
Gather  (cost=1000.00..340864.31 rows=26 width=21) (actual time=530.824..607.248 rows=50 loops=1)
Gather  (cost=1000.00..340876.21 rows=145 width=21) (actual time=103.747..645.630 rows=210 loops=1)
Gather  (cost=1000.00..340864.31 rows=26 width=21) (actual time=477.925..613.009 rows=30 loops=1)
Gather  (cost=1000.00..340864.31 rows=26 width=21) (actual time=535.654..606.290 rows=50 loops=1)
Gather  (cost=1000.00..340864.41 rows=27 width=140) (actual time=177.175..588.422 rows=45 loops=1)
Gather  (cost=1000.00..340864.41 rows=27 width=403) (actual time=190.670..617.658 rows=45 loops=1)
Gather  (cost=1000.00..340864.31 rows=26 width=140) (actual time=308.221..603.150 rows=28 loops=1)
Gather  (cost=1000.00..340864.41 rows=27 width=21) (actual time=168.275..630.816 rows=52 loops=1)
Gather  (cost=1000.00..340864.31 rows=26 width=21) (actual time=323.404..617.121 rows=44 loops=1)
Gather  (cost=1000.00..340875.81 rows=141 width=21) (actual time=481.975..597.685 rows=108 loops=1)
Gather  (cost=1000.00..340879.21 rows=175 width=21) (actual time=112.094..609.078 rows=51 loops=1)
Gather  (cost=1000.00..340868.21 rows=65 width=21) (actual time=528.326..633.094 rows=48 loops=1)
Gather  (cost=1000.00..340864.41 rows=27 width=21) (actual time=103.272..608.521 rows=56 loops=1)
Gather Merge  (cost=340862.31..340868.15 rows=50 width=131) (actual time=618.941..623.585 rows=298 loops=1)
Gather  (cost=1000.00..340864.41 rows=27 width=21) (actual time=35.919..589.008 rows=74 loops=1)
Gather  (cost=1000.00..340864.41 rows=27 width=21) (actual time=594.426..613.748 rows=50 loops=1)
Gather  (cost=1000.00..340864.41 rows=27 width=140) (actual time=150.889..608.454 rows=45 loops=1)
Gather  (cost=1000.00..340875.71 rows=140 width=21) (actual time=146.624..662.880 rows=159 loops=1)
Gather  (cost=1000.00..340874.01 rows=123 width=21) (actual time=472.168..609.815 rows=318 loops=1)
Gather Merge  (cost=340864.19..340882.39 rows=156 width=131) (actual time=606.593..611.242 rows=208 loops=1)
Gather  (cost=1000.00..340926.01 rows=643 width=140) (actual time=195.435..640.632 rows=172 loops=1)
Gather  (cost=1000.00..340868.41 rows=67 width=21) (actual time=216.468..615.891 rows=105 loops=1)
Gather Merge  (cost=340862.28..340867.88 rows=48 width=131) (actual time=639.376..643.958 rows=56 loops=1)
Gather  (cost=1000.00..340864.31 rows=26 width=21) (actual time=529.151..594.453 rows=112 loops=1)
Gather  (cost=1000.00..340864.41 rows=27 width=21) (actual time=286.840..621.874 rows=54 loops=1)
Gather  (cost=1000.00..340864.41 rows=27 width=140) (actual time=256.554..593.189 rows=39 loops=1)
Gather  (cost=1000.00..340864.31 rows=26 width=21) (actual time=345.420..647.286 rows=46 loops=1)
Gather  (cost=1000.00..340864.41 rows=27 width=140) (actual time=208.715..611.279 rows=120 loops=1)
Gather  (cost=1000.00..340864.41 rows=27 width=140) (actual time=320.430..615.075 rows=45 loops=1)
Gather Merge  (cost=340862.31..340868.15 rows=50 width=131) (actual time=602.546..606.946 rows=42 loops=1)
Gather Merge  (cost=340862.31..340868.15 rows=50 width=131) (actual time=661.530..665.977 rows=105 loops=1)
Gather  (cost=1000.00..340864.51 rows=28 width=21) (actual time=95.713..608.459 rows=58 loops=1)
Gather  (cost=1000.00..340864.41 rows=27 width=140) (actual time=174.151..611.093 rows=52 loops=1)
Gather  (cost=1000.00..340864.41 rows=27 width=140) (actual time=587.862..592.766 rows=24 loops=1)
Gather  (cost=1000.00..340864.31 rows=26 width=140) (actual time=421.875..615.322 rows=39 loops=1)
Gather  (cost=1000.00..340864.31 rows=26 width=21) (actual time=524.077..604.039 rows=38 loops=1)
Gather  (cost=1000.00..340864.41 rows=27 width=140) (actual time=287.625..626.559 rows=32 loops=1)
Gather  (cost=1000.00..340864.41 rows=27 width=21) (actual time=43.708..620.673 rows=50 loops=1)
Gather Merge  (cost=340862.31..340868.15 rows=50 width=131) (actual time=609.998..614.533 rows=78 loops=1)
Gather  (cost=1000.00..340864.31 rows=26 width=21) (actual time=331.717..612.338 rows=30 loops=1)
Gather  (cost=1000.00..340868.81 rows=71 width=21) (actual time=249.544..633.838 rows=117 loops=1)
Gather Merge  (cost=340865.22..340889.49 rows=208 width=131) (actual time=619.736..624.871 rows=96 loops=1)
Gather  (cost=1000.00..340864.31 rows=26 width=21) (actual time=577.026..610.784 rows=52 loops=1)
Gather  (cost=1000.00..340864.41 rows=27 width=140) (actual time=228.405..591.942 rows=36 loops=1)
Gather  (cost=1000.00..340864.41 rows=27 width=21) (actual time=321.943..613.948 rows=36 loops=1)
Gather  (cost=1000.00..340864.41 rows=27 width=21) (actual time=396.285..608.523 rows=72 loops=1)
Gather Merge  (cost=340862.28..340867.88 rows=48 width=131) (actual time=633.404..638.199 rows=50 loops=1)
Gather  (cost=1000.00..340871.51 rows=98 width=21) (actual time=214.595..621.623 rows=82 loops=1)
Gather  (cost=1000.00..340864.41 rows=27 width=21) (actual time=502.129..595.728 rows=52 loops=1)
Gather  (cost=1000.00..340875.61 rows=139 width=21) (actual time=30.671..628.046 rows=84 loops=1)
Gather  (cost=1000.00..340898.71 rows=370 width=21) (actual time=595.738..611.058 rows=846 loops=1)
Gather  (cost=1000.00..340864.41 rows=27 width=140) (actual time=135.346..612.929 rows=136 loops=1)
Gather Merge  (cost=340865.34..340890.31 rows=214 width=131) (actual time=617.309..621.674 rows=104 loops=1)
Gather  (cost=1000.00..340864.41 rows=27 width=140) (actual time=358.360..587.544 rows=21 loops=1)
Gather  (cost=1000.00..340864.41 rows=27 width=403) (actual time=400.840..633.148 rows=21 loops=1)
Gather  (cost=1000.00..340864.41 rows=27 width=21) (actual time=166.694..616.665 rows=58 loops=1)
Gather  (cost=1000.00..340864.31 rows=26 width=21) (actual time=328.034..604.478 rows=42 loops=1)
Gather Merge  (cost=340862.28..340867.88 rows=48 width=131) (actual time=601.836..606.293 rows=88 loops=1)
Gather Merge  (cost=340862.28..340867.88 rows=48 width=131) (actual time=630.602..635.171 rows=36 loops=1)
Gather  (cost=1000.00..340875.41 rows=137 width=21) (actual time=470.944..622.813 rows=123 loops=1)
Gather Merge  (cost=340862.28..340867.88 rows=48 width=131) (actual time=625.349..629.896 rows=108 loops=1)
Gather  (cost=1000.00..340864.51 rows=28 width=21) (actual time=89.967..605.744 rows=92 loops=1)
Gather  (cost=1000.00..340864.41 rows=27 width=140) (actual time=32.253..589.858 rows=24 loops=1)
Gather  (cost=1000.00..340864.51 rows=28 width=140) (actual time=92.216..635.715 rows=40 loops=1)
Gather  (cost=1000.00..340864.41 rows=27 width=21) (actual time=268.093..608.338 rows=34 loops=1)
Gather  (cost=1000.00..340864.41 rows=27 width=140) (actual time=244.621..624.525 rows=36 loops=1)
Gather  (cost=1000.00..340864.51 rows=28 width=140) (actual time=89.463..589.174 rows=104 loops=1)
Gather  (cost=1000.00..340875.21 rows=135 width=21) (actual time=577.571..640.896 rows=160 loops=1)
Gather  (cost=1000.00..340868.31 rows=66 width=21) (actual time=310.742..602.733 rows=168 loops=1)
Gather  (cost=1000.00..340864.41 rows=27 width=21) (actual time=170.402..631.105 rows=44 loops=1)
Gather  (cost=1000.00..340872.61 rows=109 width=21) (actual time=309.027..587.675 rows=56 loops=1)
Gather Merge  (cost=340862.31..340868.15 rows=50 width=131) (actual time=623.111..627.509 rows=63 loops=1)
Gather Merge  (cost=340862.28..340867.88 rows=48 width=131) (actual time=613.027..617.773 rows=36 loops=1)
Gather  (cost=1000.00..340864.41 rows=27 width=21) (actual time=250.466..631.526 rows=44 loops=1)
Gather Merge  (cost=340862.28..340867.88 rows=48 width=131) (actual time=619.101..623.774 rows=112 loops=1)
Gather  (cost=1000.00..340864.41 rows=27 width=21) (actual time=192.129..611.337 rows=48 loops=1)
Gather  (cost=1000.00..340864.31 rows=26 width=21) (actual time=420.825..588.503 rows=70 loops=1)
Gather  (cost=1000.00..340868.01 rows=63 width=140) (actual time=588.598..633.815 rows=42 loops=1)
Gather  (cost=1000.00..340864.41 rows=27 width=140) (actual time=383.370..628.859 rows=27 loops=1)
Gather  (cost=1000.00..340864.31 rows=26 width=21) (actual time=491.151..617.639 rows=60 loops=1)
Gather  (cost=1000.00..340864.41 rows=27 width=21) (actual time=264.072..597.235 rows=36 loops=1)
Gather  (cost=1000.00..340864.31 rows=26 width=21) (actual time=563.716..623.125 rows=144 loops=1)
Gather  (cost=1000.00..340864.31 rows=26 width=21) (actual time=555.642..611.301 rows=48 loops=1)
Gather  (cost=1000.00..340864.41 rows=27 width=21) (actual time=607.062..627.824 rows=54 loops=1)
Gather  (cost=1000.00..340864.41 rows=27 width=140) (actual time=302.061..630.595 rows=42 loops=1)
Gather  (cost=1000.00..340877.41 rows=157 width=140) (actual time=103.859..595.160 rows=116 loops=1)
Gather Merge  (cost=340862.28..340867.88 rows=48 width=131) (actual time=634.137..638.817 rows=91 loops=1)
Gather  (cost=1000.00..340864.51 rows=28 width=21) (actual time=99.816..631.670 rows=52 loops=1)
Gather  (cost=1000.00..340922.31 rows=606 width=140) (actual time=558.426..619.537 rows=670 loops=1)
Gather  (cost=1000.00..340921.51 rows=598 width=21) (actual time=553.098..610.659 rows=312 loops=1)
Gather Merge  (cost=340862.31..340868.15 rows=50 width=131) (actual time=608.595..613.046 rows=45 loops=1)
Gather Merge  (cost=340862.31..340868.15 rows=50 width=131) (actual time=624.999..629.614 rows=28 loops=1)
Gather  (cost=1000.00..340874.41 rows=127 width=21) (actual time=186.138..632.136 rows=106 loops=1)
Gather  (cost=1000.00..340864.41 rows=27 width=21) (actual time=624.553..635.452 rows=70 loops=1)
Gather  (cost=1000.00..340864.51 rows=28 width=21) (actual time=87.214..614.014 rows=40 loops=1)
Gather  (cost=1000.00..340864.41 rows=27 width=21) (actual time=135.910..595.108 rows=50 loops=1)
Gather  (cost=1000.00..340864.41 rows=27 width=21) (actual time=54.289..636.022 rows=105 loops=1)
Gather  (cost=1000.00..340868.11 rows=64 width=21) (actual time=452.775..604.924 rows=54 loops=1)
Gather  (cost=1000.00..340864.41 rows=27 width=140) (actual time=111.996..640.680 rows=33 loops=1)
Gather  (cost=1000.00..340864.41 rows=27 width=140) (actual time=263.380..594.407 rows=30 loops=1)
Gather  (cost=1000.00..340864.51 rows=28 width=21) (actual time=92.913..614.737 rows=56 loops=1)
Gather  (cost=1000.00..340864.31 rows=26 width=21) (actual time=459.320..592.289 rows=42 loops=1)
Gather Merge  (cost=340862.31..340868.15 rows=50 width=131) (actual time=643.849..648.506 rows=108 loops=1)
Gather  (cost=1000.00..340864.41 rows=27 width=21) (actual time=141.664..609.017 rows=72 loops=1)
Gather  (cost=1000.00..340864.31 rows=26 width=140) (actual time=562.397..611.026 rows=75 loops=1)
Gather  (cost=1000.00..340864.31 rows=26 width=140) (actual time=472.161..593.302 rows=30 loops=1)
Gather  (cost=1000.00..340864.31 rows=26 width=21) (actual time=595.052..643.245 rows=99 loops=1)
Gather  (cost=1000.00..340878.81 rows=171 width=21) (actual time=151.209..611.406 rows=522 loops=1)
Gather Merge  (cost=340862.28..340867.88 rows=48 width=131) (actual time=617.558..622.085 rows=76 loops=1)
Gather  (cost=1000.00..340864.41 rows=27 width=21) (actual time=216.131..586.005 rows=48 loops=1)
Gather  (cost=1000.00..340864.41 rows=27 width=21) (actual time=616.902..634.765 rows=36 loops=1)
Gather  (cost=1000.00..340864.41 rows=27 width=21) (actual time=494.460..609.508 rows=72 loops=1)
Gather  (cost=1000.00..340868.11 rows=64 width=21) (actual time=308.583..618.667 rows=80 loops=1)
Gather  (cost=1000.00..340864.41 rows=27 width=21) (actual time=516.759..605.547 rows=48 loops=1)
Gather  (cost=1000.00..340864.41 rows=27 width=140) (actual time=116.221..609.439 rows=145 loops=1)
Gather  (cost=1000.00..340864.31 rows=26 width=140) (actual time=424.414..615.603 rows=30 loops=1)
Gather Merge  (cost=340864.22..340882.66 rows=158 width=131) (actual time=625.734..630.501 rows=261 loops=1)
Gather Merge  (cost=340862.31..340868.15 rows=50 width=131) (actual time=630.382..635.075 rows=76 loops=1)
Gather  (cost=1000.00..340864.41 rows=27 width=140) (actual time=369.468..591.001 rows=60 loops=1)
Gather Merge  (cost=340862.28..340867.88 rows=48 width=131) (actual time=633.794..638.553 rows=195 loops=1)
Gather Merge  (cost=340862.28..340867.88 rows=48 width=131) (actual time=619.827..624.467 rows=126 loops=1)
Gather Merge  (cost=340862.28..340867.88 rows=48 width=131) (actual time=632.801..637.417 rows=21 loops=1)
Gather  (cost=1000.00..340881.81 rows=201 width=140) (actual time=335.648..593.923 rows=245 loops=1)
Gather  (cost=1000.00..340899.31 rows=376 width=21) (actual time=371.546..608.273 rows=920 loops=1)
Gather  (cost=1000.00..340864.41 rows=27 width=140) (actual time=264.328..623.370 rows=39 loops=1)
Gather  (cost=1000.00..340868.71 rows=70 width=140) (actual time=289.524..619.616 rows=36 loops=1)
Gather  (cost=1000.00..340864.41 rows=27 width=140) (actual time=150.786..607.891 rows=18 loops=1)
Gather  (cost=1000.00..340864.41 rows=27 width=403) (actual time=130.271..587.614 rows=18 loops=1)
Gather  (cost=1000.00..340864.41 rows=27 width=140) (actual time=5.780..608.229 rows=56 loops=1)
Gather Merge  (cost=340864.07..340881.57 rows=150 width=131) (actual time=634.863..639.654 rows=117 loops=1)
Gather Merge  (cost=340862.28..340867.88 rows=48 width=131) (actual time=627.827..632.158 rows=84 loops=1)
Gather  (cost=1000.00..340864.41 rows=27 width=21) (actual time=131.247..614.903 rows=72 loops=1)
Gather  (cost=1000.00..340864.31 rows=26 width=21) (actual time=527.995..591.498 rows=48 loops=1)
Gather Merge  (cost=340862.31..340868.15 rows=50 width=131) (actual time=642.791..647.252 rows=42 loops=1)
Gather  (cost=1000.00..340871.21 rows=95 width=403) (actual time=122.966..620.677 rows=42 loops=1)
Gather  (cost=1000.00..340864.41 rows=27 width=21) (actual time=192.250..608.644 rows=72 loops=1)
Gather  (cost=1000.00..340924.91 rows=632 width=21) (actual time=130.416..586.497 rows=483 loops=1)
Gather  (cost=1000.00..340925.11 rows=634 width=21) (actual time=299.335..626.112 rows=984 loops=1)
Gather  (cost=1000.00..340921.71 rows=600 width=21) (actual time=414.299..606.220 rows=356 loops=1)
Gather  (cost=1000.00..340869.51 rows=78 width=140) (actual time=399.604..623.177 rows=57 loops=1)
