LockRows  (cost=0.00..33644.69 rows=5 width=304) (actual time=28.377..220.398 rows=41 loops=1)
LockRows  (cost=0.00..33644.69 rows=5 width=304) (actual time=19.545..208.022 rows=4 loops=1)
LockRows  (cost=0.00..33644.69 rows=5 width=304) (actual time=110.903..209.875 rows=7 loops=1)
LockRows  (cost=0.00..33644.69 rows=5 width=304) (actual time=85.103..213.343 rows=7 loops=1)
LockRows  (cost=0.00..33644.69 rows=5 width=304) (actual time=87.046..211.581 rows=30 loops=1)
LockRows  (cost=0.00..33644.69 rows=5 width=304) (actual time=47.883..209.467 rows=6 loops=1)
LockRows  (cost=0.00..33644.69 rows=5 width=304) (actual time=54.810..210.726 rows=16 loops=1)
LockRows  (cost=0.00..33644.69 rows=5 width=304) (actual time=22.670..210.846 rows=10 loops=1)
LockRows  (cost=0.00..33644.69 rows=5 width=304) (actual time=101.168..208.508 rows=13 loops=1)
LockRows  (cost=0.00..33644.69 rows=5 width=304) (actual time=42.947..210.042 rows=5 loops=1)
LockRows  (cost=0.00..33644.69 rows=5 width=304) (actual time=46.670..210.129 rows=6 loops=1)
LockRows  (cost=0.00..33644.69 rows=5 width=304) (actual time=101.525..209.674 rows=31 loops=1)
LockRows  (cost=0.00..33644.69 rows=5 width=304) (actual time=12.958..210.808 rows=5 loops=1)
LockRows  (cost=0.00..33644.69 rows=5 width=304) (actual time=53.793..210.968 rows=7 loops=1)
LockRows  (cost=0.00..33644.69 rows=5 width=304) (actual time=36.829..216.742 rows=8 loops=1)
LockRows  (cost=0.00..33644.69 rows=5 width=304) (actual time=41.660..214.563 rows=9 loops=1)
LockRows  (cost=0.00..33644.69 rows=5 width=304) (actual time=15.562..209.288 rows=26 loops=1)
LockRows  (cost=0.00..33644.69 rows=5 width=304) (actual time=26.360..208.120 rows=4 loops=1)
LockRows  (cost=0.00..33646.70 rows=106 width=304) (actual time=47.719..212.763 rows=97 loops=1)
LockRows  (cost=0.00..33644.69 rows=5 width=304) (actual time=66.842..209.498 rows=8 loops=1)
LockRows  (cost=0.00..33644.69 rows=5 width=304) (actual time=181.098..231.085 rows=33 loops=1)
LockRows  (cost=0.00..33644.69 rows=5 width=304) (actual time=30.981..210.409 rows=9 loops=1)
LockRows  (cost=0.00..33644.69 rows=5 width=304) (actual time=25.540..207.304 rows=5 loops=1)
LockRows  (cost=0.00..33644.69 rows=5 width=304) (actual time=53.785..208.775 rows=6 loops=1)
LockRows  (cost=0.00..33644.69 rows=5 width=304) (actual time=46.882..210.327 rows=6 loops=1)
LockRows  (cost=0.00..33644.69 rows=5 width=304) (actual time=15.965..208.972 rows=3 loops=1)
LockRows  (cost=0.00..33644.69 rows=5 width=304) (actual time=118.850..213.780 rows=5 loops=1)
LockRows  (cost=0.00..33644.69 rows=5 width=304) (actual time=65.025..208.621 rows=6 loops=1)
LockRows  (cost=0.00..33644.69 rows=5 width=304) (actual time=66.987..211.876 rows=30 loops=1)
LockRows  (cost=0.00..33644.69 rows=5 width=304) (actual time=56.773..209.963 rows=7 loops=1)
LockRows  (cost=0.00..33644.69 rows=5 width=304) (actual time=32.322..210.081 rows=7 loops=1)
LockRows  (cost=0.00..33644.69 rows=5 width=304) (actual time=71.364..211.002 rows=8 loops=1)
LockRows  (cost=0.00..33644.69 rows=5 width=304) (actual time=171.829..233.386 rows=6 loops=1)
LockRows  (cost=0.00..33644.69 rows=5 width=304) (actual time=19.823..209.857 rows=17 loops=1)
LockRows  (cost=0.00..33644.69 rows=5 width=304) (actual time=104.859..210.036 rows=5 loops=1)
LockRows  (cost=0.00..33644.69 rows=5 width=304) (actual time=42.296..211.852 rows=5 loops=1)
LockRows  (cost=0.00..33644.69 rows=5 width=304) (actual time=67.334..211.318 rows=6 loops=1)
LockRows  (cost=0.00..33644.69 rows=5 width=304) (actual time=111.211..211.699 rows=4 loops=1)
LockRows  (cost=0.00..33644.69 rows=5 width=304) (actual time=111.370..210.990 rows=5 loops=1)
LockRows  (cost=0.00..33644.69 rows=5 width=304) (actual time=46.075..206.867 rows=8 loops=1)
LockRows  (cost=0.00..33644.69 rows=5 width=304) (actual time=73.447..206.011 rows=3 loops=1)
LockRows  (cost=0.00..33644.69 rows=5 width=304) (actual time=82.843..207.071 rows=25 loops=1)
LockRows  (cost=0.00..33644.69 rows=5 width=304) (actual time=48.491..206.508 rows=37 loops=1)
LockRows  (cost=0.00..33644.69 rows=5 width=304) (actual time=11.302..205.699 rows=13 loops=1)
LockRows  (cost=0.00..33644.69 rows=5 width=304) (actual time=79.447..206.246 rows=15 loops=1)
LockRows  (cost=0.00..33644.69 rows=5 width=304) (actual time=23.400..205.335 rows=6 loops=1)
LockRows  (cost=0.00..33644.69 rows=5 width=304) (actual time=19.307..205.733 rows=6 loops=1)
LockRows  (cost=0.00..33644.69 rows=5 width=304) (actual time=20.421..205.478 rows=6 loops=1)
LockRows  (cost=0.00..33644.69 rows=5 width=304) (actual time=131.768..206.078 rows=6 loops=1)
LockRows  (cost=0.00..33644.69 rows=5 width=304) (actual time=62.869..206.360 rows=5 loops=1)
LockRows  (cost=0.00..33644.69 rows=5 width=304) (actual time=34.389..209.790 rows=13 loops=1)
LockRows  (cost=0.00..33644.69 rows=5 width=304) (actual time=45.142..234.102 rows=16 loops=1)
LockRows  (cost=0.00..33644.69 rows=5 width=304) (actual time=48.098..208.855 rows=83 loops=1)
LockRows  (cost=0.00..33644.69 rows=5 width=304) (actual time=64.217..206.684 rows=9 loops=1)
LockRows  (cost=0.00..33644.69 rows=5 width=304) (actual time=27.726..207.902 rows=8 loops=1)
LockRows  (cost=0.00..33644.69 rows=5 width=304) (actual time=6.303..204.775 rows=8 loops=1)
LockRows  (cost=0.00..33644.69 rows=5 width=304) (actual time=79.692..209.562 rows=3 loops=1)
LockRows  (cost=0.00..33644.69 rows=5 width=304) (actual time=32.729..206.483 rows=12 loops=1)
LockRows  (cost=0.00..33644.69 rows=5 width=304) (actual time=51.060..208.753 rows=11 loops=1)
LockRows  (cost=0.00..33644.69 rows=5 width=304) (actual time=109.680..209.446 rows=8 loops=1)
LockRows  (cost=0.00..33644.69 rows=5 width=304) (actual time=110.378..207.069 rows=6 loops=1)
LockRows  (cost=0.00..33644.69 rows=5 width=304) (actual time=61.255..207.795 rows=17 loops=1)
LockRows  (cost=0.00..33644.69 rows=5 width=304) (actual time=151.120..212.015 rows=3 loops=1)
LockRows  (cost=0.00..33644.69 rows=5 width=304) (actual time=80.827..210.788 rows=9 loops=1)
LockRows  (cost=0.00..33644.69 rows=5 width=304) (actual time=39.706..209.713 rows=10 loops=1)
LockRows  (cost=0.00..33644.69 rows=5 width=304) (actual time=117.661..220.636 rows=10 loops=1)
LockRows  (cost=0.00..33644.69 rows=5 width=304) (actual time=133.615..206.179 rows=5 loops=1)
LockRows  (cost=0.00..33644.69 rows=5 width=304) (actual time=104.196..205.391 rows=11 loops=1)
LockRows  (cost=0.00..33644.69 rows=5 width=304) (actual time=32.583..212.797 rows=16 loops=1)
LockRows  (cost=0.00..33644.69 rows=5 width=304) (actual time=22.386..212.997 rows=5 loops=1)
LockRows  (cost=0.00..33644.69 rows=5 width=304) (actual time=47.365..210.529 rows=9 loops=1)
LockRows  (cost=0.00..33644.69 rows=5 width=304) (actual time=110.530..211.252 rows=7 loops=1)
LockRows  (cost=0.00..33644.69 rows=5 width=304) (actual time=43.175..211.522 rows=20 loops=1)
LockRows  (cost=0.00..33644.69 rows=5 width=304) (actual time=44.058..209.946 rows=7 loops=1)
LockRows  (cost=0.00..33644.69 rows=5 width=304) (actual time=44.075..207.355 rows=8 loops=1)
LockRows  (cost=0.00..33644.69 rows=5 width=304) (actual time=43.860..207.553 rows=6 loops=1)
LockRows  (cost=0.00..33644.69 rows=5 width=304) (actual time=44.971..207.768 rows=19 loops=1)
LockRows  (cost=0.00..33644.69 rows=5 width=304) (actual time=56.662..213.702 rows=4 loops=1)
LockRows  (cost=0.00..33644.69 rows=5 width=304) (actual time=146.028..210.189 rows=3 loops=1)
LockRows  (cost=0.00..33644.69 rows=5 width=304) (actual time=99.655..211.550 rows=7 loops=1)
LockRows  (cost=0.00..33644.69 rows=5 width=304) (actual time=8.540..208.952 rows=19 loops=1)
LockRows  (cost=0.00..33644.69 rows=5 width=304) (actual time=26.576..209.672 rows=8 loops=1)
LockRows  (cost=0.00..33644.69 rows=5 width=304) (actual time=12.001..209.745 rows=7 loops=1)
LockRows  (cost=0.00..33644.69 rows=5 width=304) (actual time=121.518..240.451 rows=5 loops=1)
LockRows  (cost=0.00..33644.69 rows=5 width=304) (actual time=43.188..208.421 rows=12 loops=1)
LockRows  (cost=0.00..33644.69 rows=5 width=304) (actual time=65.686..206.535 rows=4 loops=1)
LockRows  (cost=0.00..33644.69 rows=5 width=304) (actual time=27.098..207.109 rows=6 loops=1)
LockRows  (cost=0.00..33644.69 rows=5 width=304) (actual time=33.851..205.970 rows=7 loops=1)
LockRows  (cost=0.00..33644.69 rows=5 width=304) (actual time=83.242..240.322 rows=11 loops=1)
LockRows  (cost=0.00..33644.69 rows=5 width=304) (actual time=86.464..207.478 rows=42 loops=1)
LockRows  (cost=0.00..33644.69 rows=5 width=304) (actual time=74.510..205.318 rows=7 loops=1)
LockRows  (cost=0.00..33644.69 rows=5 width=304) (actual time=101.028..208.262 rows=3 loops=1)
LockRows  (cost=0.00..33644.69 rows=5 width=304) (actual time=6.513..207.844 rows=4 loops=1)
LockRows  (cost=0.00..33644.69 rows=5 width=304) (actual time=2.967..208.217 rows=7 loops=1)
LockRows  (cost=0.00..33644.69 rows=5 width=304) (actual time=76.089..206.522 rows=9 loops=1)
LockRows  (cost=0.00..33644.69 rows=5 width=304) (actual time=18.182..205.922 rows=17 loops=1)
LockRows  (cost=0.00..33644.69 rows=5 width=304) (actual time=75.234..205.409 rows=17 loops=1)
LockRows  (cost=0.00..33644.69 rows=5 width=304) (actual time=60.367..206.614 rows=11 loops=1)
LockRows  (cost=0.00..33644.69 rows=5 width=304) (actual time=62.342..206.239 rows=6 loops=1)
LockRows  (cost=0.00..33644.69 rows=5 width=304) (actual time=35.031..207.427 rows=10 loops=1)
LockRows  (cost=0.00..33646.70 rows=106 width=304) (actual time=46.417..207.485 rows=97 loops=1)
LockRows  (cost=0.00..33644.69 rows=5 width=304) (actual time=82.516..207.498 rows=13 loops=1)
LockRows  (cost=0.00..33644.69 rows=5 width=304) (actual time=53.605..205.083 rows=5 loops=1)
LockRows  (cost=0.00..33644.69 rows=5 width=304) (actual time=63.466..206.771 rows=7 loops=1)
LockRows  (cost=0.00..33644.69 rows=5 width=304) (actual time=126.285..206.691 rows=11 loops=1)
LockRows  (cost=0.00..33644.69 rows=5 width=304) (actual time=64.900..205.149 rows=5 loops=1)
LockRows  (cost=0.00..33644.69 rows=5 width=304) (actual time=67.014..205.277 rows=7 loops=1)
LockRows  (cost=0.00..33644.69 rows=5 width=304) (actual time=70.920..206.072 rows=44 loops=1)
LockRows  (cost=0.00..33644.69 rows=5 width=304) (actual time=27.790..206.100 rows=4 loops=1)
LockRows  (cost=0.00..33644.69 rows=5 width=304) (actual time=129.102..204.669 rows=27 loops=1)
LockRows  (cost=0.00..33644.69 rows=5 width=304) (actual time=32.584..208.658 rows=40 loops=1)
LockRows  (cost=0.00..33644.69 rows=5 width=304) (actual time=49.737..205.925 rows=37 loops=1)
LockRows  (cost=0.00..33644.69 rows=5 width=304) (actual time=63.791..206.456 rows=3 loops=1)
LockRows  (cost=0.00..33644.69 rows=5 width=304) (actual time=119.537..229.443 rows=3 loops=1)
LockRows  (cost=0.00..33644.69 rows=5 width=304) (actual time=56.161..206.268 rows=3 loops=1)
LockRows  (cost=0.00..33644.69 rows=5 width=304) (actual time=80.830..206.529 rows=29 loops=1)
LockRows  (cost=0.00..33644.69 rows=5 width=304) (actual time=42.341..205.895 rows=12 loops=1)
LockRows  (cost=0.00..33644.69 rows=5 width=304) (actual time=70.566..207.443 rows=6 loops=1)
LockRows  (cost=0.00..33644.69 rows=5 width=304) (actual time=98.993..206.623 rows=4 loops=1)
LockRows  (cost=0.00..33644.69 rows=5 width=304) (actual time=33.862..205.857 rows=13 loops=1)
LockRows  (cost=0.00..33644.69 rows=5 width=304) (actual time=17.772..205.218 rows=14 loops=1)
LockRows  (cost=0.00..33644.69 rows=5 width=304) (actual time=63.053..206.359 rows=6 loops=1)
LockRows  (cost=0.00..33644.69 rows=5 width=304) (actual time=32.079..205.781 rows=8 loops=1)
LockRows  (cost=0.00..33644.69 rows=5 width=304) (actual time=142.787..205.560 rows=5 loops=1)
LockRows  (cost=0.00..33644.69 rows=5 width=304) (actual time=93.036..204.891 rows=6 loops=1)
LockRows  (cost=0.00..33644.69 rows=5 width=304) (actual time=58.160..206.532 rows=6 loops=1)
LockRows  (cost=0.00..33644.69 rows=5 width=304) (actual time=122.894..206.458 rows=32 loops=1)
LockRows  (cost=0.00..33644.69 rows=5 width=304) (actual time=75.525..207.894 rows=32 loops=1)
LockRows  (cost=0.00..33644.69 rows=5 width=304) (actual time=50.651..215.505 rows=5 loops=1)
LockRows  (cost=0.00..33644.69 rows=5 width=304) (actual time=142.083..213.427 rows=11 loops=1)
LockRows  (cost=0.00..33644.69 rows=5 width=304) (actual time=54.309..207.394 rows=8 loops=1)
LockRows  (cost=0.00..33644.69 rows=5 width=304) (actual time=121.525..205.752 rows=7 loops=1)
LockRows  (cost=0.00..33644.69 rows=5 width=304) (actual time=25.620..212.104 rows=15 loops=1)
LockRows  (cost=0.00..33644.69 rows=5 width=304) (actual time=61.914..206.109 rows=6 loops=1)
LockRows  (cost=0.00..33644.69 rows=5 width=304) (actual time=33.825..209.297 rows=28 loops=1)
LockRows  (cost=0.00..33644.69 rows=5 width=304) (actual time=23.465..210.192 rows=45 loops=1)
LockRows  (cost=0.00..33644.69 rows=5 width=304) (actual time=56.949..207.163 rows=17 loops=1)
LockRows  (cost=0.00..33644.69 rows=5 width=304) (actual time=45.392..209.599 rows=30 loops=1)
LockRows  (cost=0.00..33644.69 rows=5 width=304) (actual time=18.293..206.202 rows=5 loops=1)
LockRows  (cost=0.00..33644.69 rows=5 width=304) (actual time=47.100..205.529 rows=6 loops=1)
LockRows  (cost=0.00..33644.69 rows=5 width=304) (actual time=24.303..206.669 rows=10 loops=1)
LockRows  (cost=0.00..33644.69 rows=5 width=304) (actual time=8.298..206.391 rows=3 loops=1)
LockRows  (cost=0.00..33644.69 rows=5 width=304) (actual time=111.685..209.529 rows=8 loops=1)
LockRows  (cost=0.00..33644.69 rows=5 width=304) (actual time=86.322..207.192 rows=6 loops=1)
LockRows  (cost=0.00..33644.69 rows=5 width=304) (actual time=61.341..204.727 rows=6 loops=1)
LockRows  (cost=0.00..33644.69 rows=5 width=304) (actual time=50.819..206.902 rows=8 loops=1)
LockRows  (cost=0.00..33644.69 rows=5 width=304) (actual time=97.365..207.279 rows=15 loops=1)
LockRows  (cost=0.00..33644.69 rows=5 width=304) (actual time=59.905..206.649 rows=6 loops=1)
LockRows  (cost=0.00..33644.69 rows=5 width=304) (actual time=43.285..208.143 rows=35 loops=1)
LockRows  (cost=0.00..33644.69 rows=5 width=304) (actual time=61.583..206.792 rows=10 loops=1)
LockRows  (cost=0.00..33644.69 rows=5 width=304) (actual time=7.561..206.451 rows=5 loops=1)
LockRows  (cost=0.00..33644.69 rows=5 width=304) (actual time=53.836..205.425 rows=6 loops=1)
LockRows  (cost=0.00..33644.69 rows=5 width=304) (actual time=72.245..205.835 rows=24 loops=1)
LockRows  (cost=0.00..33644.69 rows=5 width=304) (actual time=65.778..206.337 rows=15 loops=1)
LockRows  (cost=0.00..33644.69 rows=5 width=304) (actual time=21.331..205.828 rows=34 loops=1)
LockRows  (cost=0.00..33644.69 rows=5 width=304) (actual time=13.516..204.976 rows=6 loops=1)
LockRows  (cost=0.00..33644.69 rows=5 width=304) (actual time=31.870..209.740 rows=3 loops=1)
LockRows  (cost=0.00..33644.69 rows=5 width=304) (actual time=46.032..206.171 rows=17 loops=1)
LockRows  (cost=0.00..33644.69 rows=5 width=304) (actual time=72.287..205.907 rows=5 loops=1)
LockRows  (cost=0.00..33644.69 rows=5 width=304) (actual time=39.982..209.524 rows=7 loops=1)
LockRows  (cost=0.00..33644.69 rows=5 width=304) (actual time=63.666..207.227 rows=4 loops=1)
LockRows  (cost=0.00..33644.69 rows=5 width=304) (actual time=74.436..206.697 rows=5 loops=1)
LockRows  (cost=0.00..33644.69 rows=5 width=304) (actual time=72.108..207.970 rows=10 loops=1)
LockRows  (cost=0.00..33644.69 rows=5 width=304) (actual time=32.210..207.303 rows=4 loops=1)
LockRows  (cost=0.00..33644.69 rows=5 width=304) (actual time=27.266..205.544 rows=41 loops=1)
LockRows  (cost=0.00..33644.69 rows=5 width=304) (actual time=82.257..207.861 rows=8 loops=1)
LockRows  (cost=0.00..33644.69 rows=5 width=304) (actual time=89.271..207.440 rows=2 loops=1)
LockRows  (cost=0.00..33644.69 rows=5 width=304) (actual time=83.388..206.557 rows=37 loops=1)
LockRows  (cost=0.00..33644.69 rows=5 width=304) (actual time=97.667..205.787 rows=21 loops=1)
LockRows  (cost=0.00..33644.69 rows=5 width=304) (actual time=50.384..207.740 rows=37 loops=1)
LockRows  (cost=0.00..33644.69 rows=5 width=304) (actual time=72.915..208.023 rows=12 loops=1)
LockRows  (cost=0.00..33644.69 rows=5 width=304) (actual time=115.781..208.281 rows=7 loops=1)
LockRows  (cost=0.00..33644.69 rows=5 width=304) (actual time=110.110..205.736 rows=2 loops=1)
LockRows  (cost=0.00..33646.98 rows=120 width=304) (actual time=33.490..206.172 rows=104 loops=1)
LockRows  (cost=0.00..33644.69 rows=5 width=304) (actual time=55.230..207.500 rows=6 loops=1)
LockRows  (cost=0.00..33646.70 rows=106 width=304) (actual time=73.713..205.916 rows=91 loops=1)
LockRows  (cost=0.00..33644.69 rows=5 width=304) (actual time=21.551..206.568 rows=10 loops=1)
LockRows  (cost=0.00..33644.69 rows=5 width=304) (actual time=60.763..209.098 rows=3 loops=1)
LockRows  (cost=0.00..33644.69 rows=5 width=304) (actual time=84.022..211.624 rows=10 loops=1)
LockRows  (cost=0.00..33644.69 rows=5 width=304) (actual time=84.223..207.075 rows=5 loops=1)
LockRows  (cost=0.00..33644.69 rows=5 width=304) (actual time=25.389..205.974 rows=3 loops=1)
LockRows  (cost=0.00..33644.69 rows=5 width=304) (actual time=79.973..205.528 rows=4 loops=1)
LockRows  (cost=0.00..33644.69 rows=5 width=304) (actual time=16.435..206.643 rows=7 loops=1)
LockRows  (cost=0.00..33644.69 rows=5 width=304) (actual time=18.005..208.166 rows=5 loops=1)
LockRows  (cost=0.00..33646.97 rows=119 width=304) (actual time=35.967..205.341 rows=73 loops=1)
LockRows  (cost=0.00..33644.69 rows=5 width=304) (actual time=76.870..205.738 rows=6 loops=1)
LockRows  (cost=0.00..33644.69 rows=5 width=304) (actual time=87.269..208.130 rows=8 loops=1)
LockRows  (cost=0.00..33644.69 rows=5 width=304) (actual time=43.901..206.195 rows=36 loops=1)
LockRows  (cost=0.00..33644.69 rows=5 width=304) (actual time=101.475..205.959 rows=4 loops=1)
LockRows  (cost=0.00..33644.69 rows=5 width=304) (actual time=27.608..206.241 rows=5 loops=1)
LockRows  (cost=0.00..33644.69 rows=5 width=304) (actual time=152.677..206.047 rows=24 loops=1)
LockRows  (cost=0.00..33644.69 rows=5 width=304) (actual time=57.826..206.330 rows=3 loops=1)
LockRows  (cost=0.00..33644.69 rows=5 width=304) (actual time=101.032..207.312 rows=35 loops=1)
LockRows  (cost=0.00..33644.69 rows=5 width=304) (actual time=47.939..206.474 rows=31 loops=1)
LockRows  (cost=0.00..33644.69 rows=5 width=304) (actual time=51.536..206.337 rows=12 loops=1)
LockRows  (cost=0.00..33644.69 rows=5 width=304) (actual time=89.572..206.173 rows=9 loops=1)
LockRows  (cost=0.00..33644.69 rows=5 width=304) (actual time=19.440..206.826 rows=7 loops=1)
LockRows  (cost=0.00..33644.69 rows=5 width=304) (actual time=90.314..206.317 rows=38 loops=1)
LockRows  (cost=0.00..33644.69 rows=5 width=304) (actual time=87.878..206.006 rows=3 loops=1)
LockRows  (cost=0.00..33644.69 rows=5 width=304) (actual time=133.284..211.542 rows=31 loops=1)
LockRows  (cost=0.00..33644.69 rows=5 width=304) (actual time=75.287..209.370 rows=5 loops=1)
LockRows  (cost=0.00..33644.69 rows=5 width=304) (actual time=10.343..206.488 rows=12 loops=1)
LockRows  (cost=0.00..33644.69 rows=5 width=304) (actual time=59.011..209.140 rows=4 loops=1)
LockRows  (cost=0.00..33644.69 rows=5 width=304) (actual time=81.196..207.773 rows=13 loops=1)
LockRows  (cost=0.00..33644.69 rows=5 width=304) (actual time=36.651..205.936 rows=5 loops=1)
LockRows  (cost=0.00..33644.69 rows=5 width=304) (actual time=71.923..207.534 rows=7 loops=1)
LockRows  (cost=0.00..33644.69 rows=5 width=304) (actual time=45.598..209.590 rows=38 loops=1)
LockRows  (cost=0.00..33644.69 rows=5 width=304) (actual time=100.790..206.625 rows=6 loops=1)
LockRows  (cost=0.00..33644.69 rows=5 width=304) (actual time=56.664..206.419 rows=12 loops=1)
LockRows  (cost=0.00..33644.69 rows=5 width=304) (actual time=136.385..213.034 rows=3 loops=1)
LockRows  (cost=0.00..33644.69 rows=5 width=304) (actual time=78.692..207.791 rows=35 loops=1)
LockRows  (cost=0.00..33644.69 rows=5 width=304) (actual time=28.177..206.167 rows=5 loops=1)
LockRows  (cost=0.00..33644.69 rows=5 width=304) (actual time=58.281..205.885 rows=13 loops=1)
LockRows  (cost=0.00..33644.69 rows=5 width=304) (actual time=48.036..207.281 rows=5 loops=1)
LockRows  (cost=0.00..33644.69 rows=5 width=304) (actual time=60.615..214.408 rows=15 loops=1)
LockRows  (cost=0.00..33644.69 rows=5 width=304) (actual time=73.317..206.270 rows=27 loops=1)
LockRows  (cost=0.00..33644.69 rows=5 width=304) (actual time=89.338..205.486 rows=15 loops=1)
LockRows  (cost=0.00..33644.69 rows=5 width=304) (actual time=72.408..206.462 rows=4 loops=1)
LockRows  (cost=0.00..33644.69 rows=5 width=304) (actual time=76.102..205.532 rows=9 loops=1)
LockRows  (cost=0.00..33644.69 rows=5 width=304) (actual time=125.487..206.147 rows=14 loops=1)
LockRows  (cost=0.00..33644.69 rows=5 width=304) (actual time=54.925..205.615 rows=4 loops=1)
LockRows  (cost=0.00..33644.69 rows=5 width=304) (actual time=54.569..206.664 rows=34 loops=1)
LockRows  (cost=0.00..33644.69 rows=5 width=304) (actual time=63.112..206.000 rows=5 loops=1)
LockRows  (cost=0.00..33644.69 rows=5 width=304) (actual time=9.526..206.224 rows=3 loops=1)
LockRows  (cost=0.00..33644.69 rows=5 width=304) (actual time=130.861..212.340 rows=32 loops=1)
LockRows  (cost=0.00..33644.69 rows=5 width=304) (actual time=100.086..208.560 rows=4 loops=1)
LockRows  (cost=0.00..33644.69 rows=5 width=304) (actual time=3.971..206.836 rows=3 loops=1)
LockRows  (cost=0.00..33644.69 rows=5 width=304) (actual time=87.768..205.870 rows=4 loops=1)
LockRows  (cost=0.00..33644.69 rows=5 width=304) (actual time=86.392..205.668 rows=14 loops=1)
LockRows  (cost=0.00..33644.69 rows=5 width=304) (actual time=101.814..205.853 rows=2 loops=1)
LockRows  (cost=0.00..33644.69 rows=5 width=304) (actual time=42.381..206.632 rows=8 loops=1)
LockRows  (cost=0.00..33644.69 rows=5 width=304) (actual time=67.200..205.203 rows=4 loops=1)
LockRows  (cost=0.00..33644.69 rows=5 width=304) (actual time=44.909..206.596 rows=2 loops=1)
LockRows  (cost=0.00..33644.69 rows=5 width=304) (actual time=59.608..205.657 rows=8 loops=1)
LockRows  (cost=0.00..33644.69 rows=5 width=304) (actual time=41.212..206.205 rows=3 loops=1)
LockRows  (cost=0.00..33644.69 rows=5 width=304) (actual time=17.350..207.073 rows=3 loops=1)
LockRows  (cost=0.00..33644.69 rows=5 width=304) (actual time=69.873..205.739 rows=4 loops=1)
LockRows  (cost=0.00..33644.69 rows=5 width=304) (actual time=70.078..206.447 rows=6 loops=1)
LockRows  (cost=0.00..33644.69 rows=5 width=304) (actual time=35.814..206.095 rows=8 loops=1)
LockRows  (cost=0.00..33644.69 rows=5 width=304) (actual time=107.699..208.502 rows=5 loops=1)
LockRows  (cost=0.00..33644.69 rows=5 width=304) (actual time=35.371..206.413 rows=13 loops=1)
LockRows  (cost=0.00..33644.69 rows=5 width=304) (actual time=147.625..210.852 rows=5 loops=1)
LockRows  (cost=0.00..33644.69 rows=5 width=304) (actual time=120.984..206.521 rows=9 loops=1)
LockRows  (cost=0.00..33644.69 rows=5 width=304) (actual time=9.708..206.213 rows=6 loops=1)
LockRows  (cost=0.00..33644.69 rows=5 width=304) (actual time=143.757..208.948 rows=1 loops=1)
LockRows  (cost=0.00..33644.69 rows=5 width=304) (actual time=71.508..206.025 rows=31 loops=1)
LockRows  (cost=0.00..33644.69 rows=5 width=304) (actual time=34.239..207.213 rows=40 loops=1)
LockRows  (cost=0.00..33644.69 rows=5 width=304) (actual time=32.558..210.202 rows=7 loops=1)
LockRows  (cost=0.00..33644.69 rows=5 width=304) (actual time=58.267..206.181 rows=7 loops=1)
LockRows  (cost=0.00..33644.69 rows=5 width=304) (actual time=32.329..207.682 rows=40 loops=1)
LockRows  (cost=0.00..33644.69 rows=5 width=304) (actual time=76.920..209.113 rows=4 loops=1)
LockRows  (cost=0.00..33644.69 rows=5 width=304) (actual time=49.553..205.500 rows=9 loops=1)
LockRows  (cost=0.00..33644.69 rows=5 width=304) (actual time=15.467..205.878 rows=6 loops=1)
LockRows  (cost=0.00..33644.69 rows=5 width=304) (actual time=77.545..206.867 rows=8 loops=1)
LockRows  (cost=0.00..33644.69 rows=5 width=304) (actual time=66.474..209.095 rows=5 loops=1)
LockRows  (cost=0.00..33644.69 rows=5 width=304) (actual time=84.942..206.037 rows=5 loops=1)
LockRows  (cost=0.00..33644.69 rows=5 width=304) (actual time=46.738..206.317 rows=7 loops=1)
LockRows  (cost=0.00..33644.69 rows=5 width=304) (actual time=134.516..205.189 rows=10 loops=1)
LockRows  (cost=0.00..33644.69 rows=5 width=304) (actual time=10.988..206.600 rows=4 loops=1)
LockRows  (cost=0.00..33644.69 rows=5 width=304) (actual time=63.946..206.488 rows=5 loops=1)
LockRows  (cost=0.00..33644.69 rows=5 width=304) (actual time=56.217..206.696 rows=3 loops=1)
LockRows  (cost=0.00..33644.69 rows=5 width=304) (actual time=106.109..206.740 rows=8 loops=1)
LockRows  (cost=0.00..33644.69 rows=5 width=304) (actual time=40.101..206.764 rows=24 loops=1)
LockRows  (cost=0.00..33644.69 rows=5 width=304) (actual time=4.629..206.995 rows=14 loops=1)
LockRows  (cost=0.00..33646.19 rows=80 width=304) (actual time=72.966..208.304 rows=80 loops=1)
LockRows  (cost=0.00..33644.69 rows=5 width=304) (actual time=40.742..209.328 rows=4 loops=1)
LockRows  (cost=0.00..33644.69 rows=5 width=304) (actual time=135.684..205.220 rows=17 loops=1)
LockRows  (cost=0.00..33644.69 rows=5 width=304) (actual time=9.054..206.545 rows=8 loops=1)
LockRows  (cost=0.00..33644.69 rows=5 width=304) (actual time=16.827..207.231 rows=13 loops=1)
LockRows  (cost=0.00..33644.69 rows=5 width=304) (actual time=115.299..205.915 rows=5 loops=1)
LockRows  (cost=0.00..33644.69 rows=5 width=304) (actual time=37.940..205.137 rows=18 loops=1)
LockRows  (cost=0.00..33644.69 rows=5 width=304) (actual time=124.821..208.656 rows=32 loops=1)
LockRows  (cost=0.00..33644.69 rows=5 width=304) (actual time=38.147..205.662 rows=4 loops=1)
LockRows  (cost=0.00..33644.69 rows=5 width=304) (actual time=61.418..206.244 rows=9 loops=1)
LockRows  (cost=0.00..33644.69 rows=5 width=304) (actual time=104.792..209.520 rows=7 loops=1)
LockRows  (cost=0.00..33644.69 rows=5 width=304) (actual time=130.085..207.190 rows=1 loops=1)
LockRows  (cost=0.00..33644.69 rows=5 width=304) (actual time=98.850..210.048 rows=8 loops=1)
LockRows  (cost=0.00..33644.69 rows=5 width=304) (actual time=38.986..208.763 rows=9 loops=1)
LockRows  (cost=0.00..33644.69 rows=5 width=304) (actual time=39.716..207.453 rows=12 loops=1)
LockRows  (cost=0.00..33644.69 rows=5 width=304) (actual time=54.114..204.529 rows=17 loops=1)
LockRows  (cost=0.00..33644.69 rows=5 width=304) (actual time=18.154..206.635 rows=8 loops=1)
LockRows  (cost=0.00..33644.69 rows=5 width=304) (actual time=49.650..205.761 rows=3 loops=1)
LockRows  (cost=0.00..33644.69 rows=5 width=304) (actual time=152.549..206.670 rows=3 loops=1)
LockRows  (cost=0.00..33644.69 rows=5 width=304) (actual time=26.015..205.669 rows=35 loops=1)
LockRows  (cost=0.00..33644.69 rows=5 width=304) (actual time=178.953..215.453 rows=2 loops=1)
LockRows  (cost=0.00..33644.69 rows=5 width=304) (actual time=72.350..207.013 rows=43 loops=1)
LockRows  (cost=0.00..33644.69 rows=5 width=304) (actual time=63.341..206.351 rows=18 loops=1)
LockRows  (cost=0.00..33644.69 rows=5 width=304) (actual time=93.816..206.186 rows=5 loops=1)
LockRows  (cost=0.00..33644.69 rows=5 width=304) (actual time=55.182..208.749 rows=3 loops=1)
LockRows  (cost=0.00..33644.69 rows=5 width=304) (actual time=35.117..205.585 rows=26 loops=1)
LockRows  (cost=0.00..33644.69 rows=5 width=304) (actual time=36.981..207.854 rows=5 loops=1)
LockRows  (cost=0.00..33644.69 rows=5 width=304) (actual time=50.140..204.856 rows=11 loops=1)
LockRows  (cost=0.00..33644.69 rows=5 width=304) (actual time=56.765..205.990 rows=4 loops=1)
LockRows  (cost=0.00..33644.69 rows=5 width=304) (actual time=163.456..213.894 rows=3 loops=1)
LockRows  (cost=0.00..33644.69 rows=5 width=304) (actual time=83.670..205.004 rows=4 loops=1)
LockRows  (cost=0.00..33644.69 rows=5 width=304) (actual time=62.127..208.544 rows=5 loops=1)
LockRows  (cost=0.00..33644.69 rows=5 width=304) (actual time=39.685..204.252 rows=5 loops=1)
LockRows  (cost=0.00..33644.69 rows=5 width=304) (actual time=64.744..207.415 rows=6 loops=1)
LockRows  (cost=0.00..33644.69 rows=5 width=304) (actual time=80.138..205.026 rows=4 loops=1)
LockRows  (cost=0.00..33644.69 rows=5 width=304) (actual time=135.026..207.263 rows=6 loops=1)
LockRows  (cost=0.00..33644.69 rows=5 width=304) (actual time=19.957..205.272 rows=20 loops=1)
LockRows  (cost=0.00..33644.69 rows=5 width=304) (actual time=59.095..205.999 rows=14 loops=1)
LockRows  (cost=0.00..33644.69 rows=5 width=304) (actual time=83.091..204.572 rows=8 loops=1)
LockRows  (cost=0.00..33644.69 rows=5 width=304) (actual time=49.341..205.900 rows=6 loops=1)
LockRows  (cost=0.00..33644.69 rows=5 width=304) (actual time=72.118..206.759 rows=5 loops=1)
LockRows  (cost=0.00..33644.69 rows=5 width=304) (actual time=79.873..207.146 rows=26 loops=1)
LockRows  (cost=0.00..33644.69 rows=5 width=304) (actual time=39.859..206.771 rows=11 loops=1)
LockRows  (cost=0.00..33644.69 rows=5 width=304) (actual time=82.599..211.027 rows=8 loops=1)
LockRows  (cost=0.00..33644.69 rows=5 width=304) (actual time=104.541..228.014 rows=5 loops=1)
LockRows  (cost=0.00..33644.69 rows=5 width=304) (actual time=56.825..210.410 rows=10 loops=1)
LockRows  (cost=0.00..33644.69 rows=5 width=304) (actual time=62.547..207.050 rows=6 loops=1)
LockRows  (cost=0.00..33644.69 rows=5 width=304) (actual time=113.511..210.735 rows=4 loops=1)
LockRows  (cost=0.00..33644.69 rows=5 width=304) (actual time=90.600..211.758 rows=4 loops=1)
LockRows  (cost=0.00..33644.69 rows=5 width=304) (actual time=93.876..221.940 rows=5 loops=1)
LockRows  (cost=0.00..33644.69 rows=5 width=304) (actual time=69.567..207.406 rows=3 loops=1)
LockRows  (cost=0.00..33644.69 rows=5 width=304) (actual time=21.706..208.232 rows=45 loops=1)
LockRows  (cost=0.00..33644.69 rows=5 width=304) (actual time=103.079..206.893 rows=3 loops=1)
LockRows  (cost=0.00..33644.69 rows=5 width=304) (actual time=17.645..207.766 rows=18 loops=1)
LockRows  (cost=0.00..33644.69 rows=5 width=304) (actual time=43.037..205.438 rows=3 loops=1)
LockRows  (cost=0.00..33644.69 rows=5 width=304) (actual time=41.619..205.470 rows=20 loops=1)
LockRows  (cost=0.00..33644.69 rows=5 width=304) (actual time=37.940..205.440 rows=18 loops=1)
LockRows  (cost=0.00..33644.69 rows=5 width=304) (actual time=53.388..208.282 rows=7 loops=1)
LockRows  (cost=0.00..33644.69 rows=5 width=304) (actual time=46.996..205.101 rows=4 loops=1)
LockRows  (cost=0.00..33644.69 rows=5 width=304) (actual time=53.783..205.596 rows=6 loops=1)
LockRows  (cost=0.00..33644.69 rows=5 width=304) (actual time=26.913..204.799 rows=10 loops=1)
LockRows  (cost=0.00..33644.69 rows=5 width=304) (actual time=64.985..207.316 rows=6 loops=1)
LockRows  (cost=0.00..33644.69 rows=5 width=304) (actual time=114.247..206.517 rows=10 loops=1)
LockRows  (cost=0.00..33644.69 rows=5 width=304) (actual time=69.519..206.357 rows=8 loops=1)
LockRows  (cost=0.00..33644.69 rows=5 width=304) (actual time=101.735..208.051 rows=2 loops=1)
LockRows  (cost=0.00..33644.69 rows=5 width=304) (actual time=121.320..206.070 rows=3 loops=1)
LockRows  (cost=0.00..33646.19 rows=80 width=304) (actual time=71.224..208.552 rows=80 loops=1)
LockRows  (cost=0.00..33644.69 rows=5 width=304) (actual time=163.819..205.600 rows=11 loops=1)
LockRows  (cost=0.00..33644.69 rows=5 width=304) (actual time=151.928..218.710 rows=4 loops=1)
LockRows  (cost=0.00..33644.69 rows=5 width=304) (actual time=101.043..214.740 rows=2 loops=1)
LockRows  (cost=0.00..33644.69 rows=5 width=304) (actual time=54.645..212.231 rows=12 loops=1)
LockRows  (cost=0.00..33644.69 rows=5 width=304) (actual time=107.266..210.337 rows=26 loops=1)
LockRows  (cost=0.00..33644.69 rows=5 width=304) (actual time=5.102..209.578 rows=7 loops=1)
LockRows  (cost=0.00..33644.69 rows=5 width=304) (actual time=78.668..210.448 rows=20 loops=1)
LockRows  (cost=0.00..33644.69 rows=5 width=304) (actual time=112.047..213.328 rows=3 loops=1)
LockRows  (cost=0.00..33644.69 rows=5 width=304) (actual time=136.980..217.266 rows=4 loops=1)
LockRows  (cost=0.00..33644.69 rows=5 width=304) (actual time=48.916..210.828 rows=11 loops=1)
LockRows  (cost=0.00..33646.19 rows=80 width=304) (actual time=74.210..208.852 rows=85 loops=1)
LockRows  (cost=0.00..33644.69 rows=5 width=304) (actual time=82.949..210.283 rows=7 loops=1)
LockRows  (cost=0.00..33644.69 rows=5 width=304) (actual time=79.274..215.069 rows=19 loops=1)
LockRows  (cost=0.00..33644.69 rows=5 width=304) (actual time=57.734..209.990 rows=11 loops=1)
LockRows  (cost=0.00..33644.69 rows=5 width=304) (actual time=4.218..208.486 rows=6 loops=1)
LockRows  (cost=0.00..33644.69 rows=5 width=304) (actual time=93.686..207.852 rows=28 loops=1)
LockRows  (cost=0.00..33644.69 rows=5 width=304) (actual time=71.342..220.646 rows=9 loops=1)
LockRows  (cost=0.00..33644.69 rows=5 width=304) (actual time=107.691..207.946 rows=4 loops=1)
LockRows  (cost=0.00..33644.69 rows=5 width=304) (actual time=47.922..210.645 rows=8 loops=1)
LockRows  (cost=0.00..33644.69 rows=5 width=304) (actual time=70.983..210.643 rows=3 loops=1)
LockRows  (cost=0.00..33644.69 rows=5 width=304) (actual time=101.460..214.153 rows=17 loops=1)
LockRows  (cost=0.00..33644.69 rows=5 width=304) (actual time=75.140..212.134 rows=6 loops=1)
LockRows  (cost=0.00..33644.69 rows=5 width=304) (actual time=150.753..205.363 rows=5 loops=1)
LockRows  (cost=0.00..33644.69 rows=5 width=304) (actual time=82.806..206.707 rows=6 loops=1)
LockRows  (cost=0.00..33644.69 rows=5 width=304) (actual time=67.800..209.656 rows=6 loops=1)
LockRows  (cost=0.00..33644.69 rows=5 width=304) (actual time=21.653..205.637 rows=7 loops=1)
LockRows  (cost=0.00..33644.69 rows=5 width=304) (actual time=34.284..206.266 rows=13 loops=1)
LockRows  (cost=0.00..33646.19 rows=80 width=304) (actual time=18.544..206.240 rows=91 loops=1)
LockRows  (cost=0.00..33644.69 rows=5 width=304) (actual time=24.320..207.347 rows=26 loops=1)
LockRows  (cost=0.00..33644.69 rows=5 width=304) (actual time=34.672..211.549 rows=7 loops=1)
LockRows  (cost=0.00..33644.69 rows=5 width=304) (actual time=36.406..207.811 rows=5 loops=1)
LockRows  (cost=0.00..33644.69 rows=5 width=304) (actual time=61.398..212.909 rows=9 loops=1)
LockRows  (cost=0.00..33644.69 rows=5 width=304) (actual time=75.769..211.211 rows=32 loops=1)
LockRows  (cost=0.00..33644.69 rows=5 width=304) (actual time=16.261..207.810 rows=18 loops=1)
LockRows  (cost=0.00..33644.69 rows=5 width=304) (actual time=29.647..208.250 rows=3 loops=1)
LockRows  (cost=0.00..33644.69 rows=5 width=304) (actual time=89.777..212.826 rows=8 loops=1)
LockRows  (cost=0.00..33644.69 rows=5 width=304) (actual time=86.962..210.160 rows=3 loops=1)
LockRows  (cost=0.00..33644.69 rows=5 width=304) (actual time=49.760..208.215 rows=4 loops=1)
LockRows  (cost=0.00..33644.69 rows=5 width=304) (actual time=33.427..207.307 rows=16 loops=1)
LockRows  (cost=0.00..33644.69 rows=5 width=304) (actual time=105.514..209.302 rows=25 loops=1)
LockRows  (cost=0.00..33644.69 rows=5 width=304) (actual time=65.467..212.482 rows=4 loops=1)
LockRows  (cost=0.00..33644.69 rows=5 width=304) (actual time=72.424..211.563 rows=4 loops=1)
LockRows  (cost=0.00..33644.69 rows=5 width=304) (actual time=30.926..210.391 rows=4 loops=1)
LockRows  (cost=0.00..33644.69 rows=5 width=304) (actual time=36.527..237.800 rows=10 loops=1)
LockRows  (cost=0.00..33644.69 rows=5 width=304) (actual time=150.359..215.653 rows=2 loops=1)
LockRows  (cost=0.00..33644.69 rows=5 width=304) (actual time=49.164..208.057 rows=10 loops=1)
LockRows  (cost=0.00..33644.69 rows=5 width=304) (actual time=50.238..207.689 rows=6 loops=1)
LockRows  (cost=0.00..33644.69 rows=5 width=304) (actual time=47.339..208.363 rows=6 loops=1)
LockRows  (cost=0.00..33644.69 rows=5 width=304) (actual time=52.537..213.053 rows=14 loops=1)
LockRows  (cost=0.00..33644.69 rows=5 width=304) (actual time=18.948..212.323 rows=9 loops=1)
LockRows  (cost=0.00..33644.69 rows=5 width=304) (actual time=62.652..210.383 rows=5 loops=1)
LockRows  (cost=0.00..33644.69 rows=5 width=304) (actual time=43.263..209.324 rows=6 loops=1)
LockRows  (cost=0.00..33644.69 rows=5 width=304) (actual time=93.022..212.775 rows=28 loops=1)
LockRows  (cost=0.00..33646.70 rows=106 width=304) (actual time=45.889..208.731 rows=97 loops=1)
LockRows  (cost=0.00..33644.69 rows=5 width=304) (actual time=69.228..215.447 rows=10 loops=1)
LockRows  (cost=0.00..33644.69 rows=5 width=304) (actual time=79.740..212.687 rows=3 loops=1)
LockRows  (cost=0.00..33644.69 rows=5 width=304) (actual time=24.651..211.120 rows=8 loops=1)
LockRows  (cost=0.00..33644.69 rows=5 width=304) (actual time=97.082..206.917 rows=11 loops=1)
LockRows  (cost=0.00..33644.69 rows=5 width=304) (actual time=44.794..207.248 rows=36 loops=1)
LockRows  (cost=0.00..33644.69 rows=5 width=304) (actual time=56.839..207.030 rows=10 loops=1)
LockRows  (cost=0.00..33644.69 rows=5 width=304) (actual time=62.926..211.944 rows=7 loops=1)
LockRows  (cost=0.00..33644.69 rows=5 width=304) (actual time=22.416..211.291 rows=29 loops=1)
LockRows  (cost=0.00..33644.69 rows=5 width=304) (actual time=22.282..209.726 rows=4 loops=1)
LockRows  (cost=0.00..33644.69 rows=5 width=304) (actual time=102.573..209.556 rows=10 loops=1)
LockRows  (cost=0.00..33644.69 rows=5 width=304) (actual time=46.922..208.192 rows=8 loops=1)
LockRows  (cost=0.00..33644.69 rows=5 width=304) (actual time=50.028..209.828 rows=8 loops=1)
LockRows  (cost=0.00..33644.69 rows=5 width=304) (actual time=124.512..211.233 rows=3 loops=1)
LockRows  (cost=0.00..33644.69 rows=5 width=304) (actual time=99.924..208.487 rows=11 loops=1)
LockRows  (cost=0.00..33644.69 rows=5 width=304) (actual time=144.079..222.676 rows=13 loops=1)
LockRows  (cost=0.00..33644.69 rows=5 width=304) (actual time=41.916..210.773 rows=13 loops=1)
LockRows  (cost=0.00..33644.69 rows=5 width=304) (actual time=56.664..214.153 rows=5 loops=1)
LockRows  (cost=0.00..33644.69 rows=5 width=304) (actual time=61.074..210.998 rows=5 loops=1)
LockRows  (cost=0.00..33644.69 rows=5 width=304) (actual time=73.485..211.628 rows=31 loops=1)
LockRows  (cost=0.00..33644.69 rows=5 width=304) (actual time=46.603..210.301 rows=6 loops=1)
LockRows  (cost=0.00..33644.69 rows=5 width=304) (actual time=53.985..208.509 rows=5 loops=1)
LockRows  (cost=0.00..33644.69 rows=5 width=304) (actual time=39.754..206.904 rows=7 loops=1)
LockRows  (cost=0.00..33644.69 rows=5 width=304) (actual time=82.254..209.620 rows=4 loops=1)
LockRows  (cost=0.00..33644.69 rows=5 width=304) (actual time=76.106..210.429 rows=3 loops=1)
LockRows  (cost=0.00..33644.69 rows=5 width=304) (actual time=56.075..208.990 rows=11 loops=1)
LockRows  (cost=0.00..33644.69 rows=5 width=304) (actual time=76.574..205.609 rows=4 loops=1)
LockRows  (cost=0.00..33644.69 rows=5 width=304) (actual time=53.146..206.819 rows=18 loops=1)
LockRows  (cost=0.00..33644.69 rows=5 width=304) (actual time=57.735..206.346 rows=8 loops=1)
LockRows  (cost=0.00..33644.69 rows=5 width=304) (actual time=59.386..208.788 rows=15 loops=1)
LockRows  (cost=0.00..33644.69 rows=5 width=304) (actual time=101.188..208.051 rows=80 loops=1)
LockRows  (cost=0.00..33644.69 rows=5 width=304) (actual time=44.592..211.088 rows=4 loops=1)
LockRows  (cost=0.00..33644.69 rows=5 width=304) (actual time=127.697..209.238 rows=4 loops=1)
LockRows  (cost=0.00..33644.69 rows=5 width=304) (actual time=30.623..210.419 rows=6 loops=1)
LockRows  (cost=0.00..33644.69 rows=5 width=304) (actual time=44.314..210.471 rows=5 loops=1)
LockRows  (cost=0.00..33644.69 rows=5 width=304) (actual time=65.334..204.882 rows=5 loops=1)
LockRows  (cost=0.00..33644.69 rows=5 width=304) (actual time=51.456..210.484 rows=11 loops=1)
LockRows  (cost=0.00..33644.69 rows=5 width=304) (actual time=65.724..210.472 rows=4 loops=1)
LockRows  (cost=0.00..33644.69 rows=5 width=304) (actual time=27.207..207.857 rows=9 loops=1)
LockRows  (cost=0.00..33644.69 rows=5 width=304) (actual time=58.170..210.699 rows=8 loops=1)
LockRows  (cost=0.00..33644.69 rows=5 width=304) (actual time=5.842..211.379 rows=4 loops=1)
LockRows  (cost=0.00..33644.69 rows=5 width=304) (actual time=42.597..207.769 rows=6 loops=1)
LockRows  (cost=0.00..33644.69 rows=5 width=304) (actual time=175.239..207.050 rows=4 loops=1)
LockRows  (cost=0.00..33644.69 rows=5 width=304) (actual time=26.042..209.068 rows=13 loops=1)
LockRows  (cost=0.00..33644.69 rows=5 width=304) (actual time=27.539..207.633 rows=4 loops=1)
LockRows  (cost=0.00..33644.69 rows=5 width=304) (actual time=47.753..208.189 rows=83 loops=1)
LockRows  (cost=0.00..33644.69 rows=5 width=304) (actual time=40.210..206.447 rows=31 loops=1)
LockRows  (cost=0.00..33644.69 rows=5 width=304) (actual time=65.395..208.806 rows=16 loops=1)
LockRows  (cost=0.00..33644.69 rows=5 width=304) (actual time=44.540..210.313 rows=11 loops=1)
LockRows  (cost=0.00..33644.69 rows=5 width=304) (actual time=58.986..208.697 rows=9 loops=1)
LockRows  (cost=0.00..33644.69 rows=5 width=304) (actual time=66.466..209.640 rows=5 loops=1)
LockRows  (cost=0.00..33644.69 rows=5 width=304) (actual time=86.464..240.614 rows=30 loops=1)
LockRows  (cost=0.00..33644.69 rows=5 width=304) (actual time=51.627..206.674 rows=31 loops=1)
LockRows  (cost=0.00..33644.69 rows=5 width=304) (actual time=156.035..217.166 rows=2 loops=1)
LockRows  (cost=0.00..33644.69 rows=5 width=304) (actual time=67.234..207.476 rows=6 loops=1)
LockRows  (cost=0.00..33646.98 rows=120 width=304) (actual time=33.484..207.432 rows=104 loops=1)
LockRows  (cost=0.00..33644.69 rows=5 width=304) (actual time=49.925..208.725 rows=10 loops=1)
LockRows  (cost=0.00..33644.69 rows=5 width=304) (actual time=12.895..205.626 rows=3 loops=1)
LockRows  (cost=0.00..33644.69 rows=5 width=304) (actual time=15.671..209.749 rows=12 loops=1)
LockRows  (cost=0.00..33644.69 rows=5 width=304) (actual time=133.576..212.100 rows=11 loops=1)
LockRows  (cost=0.00..33644.69 rows=5 width=304) (actual time=86.076..209.487 rows=5 loops=1)
LockRows  (cost=0.00..33644.69 rows=5 width=304) (actual time=68.293..206.461 rows=4 loops=1)
LockRows  (cost=0.00..33644.69 rows=5 width=304) (actual time=69.893..207.290 rows=3 loops=1)
LockRows  (cost=0.00..33644.69 rows=5 width=304) (actual time=63.175..205.869 rows=10 loops=1)
LockRows  (cost=0.00..33644.69 rows=5 width=304) (actual time=56.426..206.187 rows=6 loops=1)
LockRows  (cost=0.00..33644.69 rows=5 width=304) (actual time=75.806..212.635 rows=28 loops=1)
LockRows  (cost=0.00..33644.69 rows=5 width=304) (actual time=69.002..206.633 rows=5 loops=1)
LockRows  (cost=0.00..33644.69 rows=5 width=304) (actual time=38.039..211.335 rows=12 loops=1)
LockRows  (cost=0.00..33647.25 rows=133 width=304) (actual time=21.600..212.064 rows=100 loops=1)
LockRows  (cost=0.00..33644.69 rows=5 width=304) (actual time=81.487..211.669 rows=5 loops=1)
LockRows  (cost=0.00..33644.69 rows=5 width=304) (actual time=85.902..211.065 rows=5 loops=1)
LockRows  (cost=0.00..33644.69 rows=5 width=304) (actual time=77.537..211.337 rows=4 loops=1)
LockRows  (cost=0.00..33644.69 rows=5 width=304) (actual time=49.652..212.156 rows=29 loops=1)
LockRows  (cost=0.00..33644.69 rows=5 width=304) (actual time=69.200..210.156 rows=3 loops=1)
LockRows  (cost=0.00..33644.69 rows=5 width=304) (actual time=39.933..211.354 rows=5 loops=1)
LockRows  (cost=0.00..33646.19 rows=80 width=304) (actual time=77.457..209.758 rows=94 loops=1)
LockRows  (cost=0.00..33644.69 rows=5 width=304) (actual time=30.552..211.321 rows=8 loops=1)
LockRows  (cost=0.00..33644.69 rows=5 width=304) (actual time=30.647..206.454 rows=4 loops=1)
LockRows  (cost=0.00..33644.69 rows=5 width=304) (actual time=31.878..206.061 rows=5 loops=1)
LockRows  (cost=0.00..33644.69 rows=5 width=304) (actual time=29.484..207.976 rows=7 loops=1)
LockRows  (cost=0.00..33644.69 rows=5 width=304) (actual time=78.273..209.507 rows=3 loops=1)
LockRows  (cost=0.00..33644.69 rows=5 width=304) (actual time=41.697..207.812 rows=11 loops=1)
LockRows  (cost=0.00..33644.69 rows=5 width=304) (actual time=32.589..210.198 rows=9 loops=1)
LockRows  (cost=0.00..33644.69 rows=5 width=304) (actual time=52.262..212.017 rows=31 loops=1)
LockRows  (cost=0.00..33644.69 rows=5 width=304) (actual time=31.547..210.267 rows=7 loops=1)
LockRows  (cost=0.00..33644.69 rows=5 width=304) (actual time=129.246..240.633 rows=3 loops=1)
LockRows  (cost=0.00..33644.69 rows=5 width=304) (actual time=105.061..210.387 rows=3 loops=1)
LockRows  (cost=0.00..33644.69 rows=5 width=304) (actual time=31.482..209.345 rows=6 loops=1)
LockRows  (cost=0.00..33644.69 rows=5 width=304) (actual time=115.787..207.422 rows=4 loops=1)
LockRows  (cost=0.00..33644.69 rows=5 width=304) (actual time=45.234..205.972 rows=5 loops=1)
LockRows  (cost=0.00..33644.69 rows=5 width=304) (actual time=66.828..207.540 rows=15 loops=1)
LockRows  (cost=0.00..33644.69 rows=5 width=304) (actual time=18.547..207.360 rows=18 loops=1)
LockRows  (cost=0.00..33644.69 rows=5 width=304) (actual time=74.861..212.028 rows=6 loops=1)
LockRows  (cost=0.00..33644.69 rows=5 width=304) (actual time=86.540..212.019 rows=6 loops=1)
LockRows  (cost=0.00..33644.69 rows=5 width=304) (actual time=44.360..210.741 rows=6 loops=1)
LockRows  (cost=0.00..33644.69 rows=5 width=304) (actual time=47.463..209.555 rows=19 loops=1)
LockRows  (cost=0.00..33644.69 rows=5 width=304) (actual time=43.574..209.203 rows=16 loops=1)
LockRows  (cost=0.00..33644.69 rows=5 width=304) (actual time=34.840..209.409 rows=3 loops=1)
LockRows  (cost=0.00..33644.69 rows=5 width=304) (actual time=106.867..212.528 rows=12 loops=1)
LockRows  (cost=0.00..33644.69 rows=5 width=304) (actual time=102.537..211.889 rows=9 loops=1)
LockRows  (cost=0.00..33644.69 rows=5 width=304) (actual time=58.847..209.209 rows=3 loops=1)
LockRows  (cost=0.00..33644.69 rows=5 width=304) (actual time=113.083..215.470 rows=14 loops=1)
LockRows  (cost=0.00..33644.69 rows=5 width=304) (actual time=147.569..229.354 rows=5 loops=1)
LockRows  (cost=0.00..33644.69 rows=5 width=304) (actual time=56.378..212.067 rows=6 loops=1)
LockRows  (cost=0.00..33644.69 rows=5 width=304) (actual time=82.191..207.924 rows=3 loops=1)
LockRows  (cost=0.00..33644.69 rows=5 width=304) (actual time=69.540..211.588 rows=2 loops=1)
LockRows  (cost=0.00..33644.69 rows=5 width=304) (actual time=23.364..211.234 rows=9 loops=1)
LockRows  (cost=0.00..33644.69 rows=5 width=304) (actual time=15.157..209.544 rows=5 loops=1)
LockRows  (cost=0.00..33644.69 rows=5 width=304) (actual time=16.324..215.651 rows=5 loops=1)
LockRows  (cost=0.00..33644.69 rows=5 width=304) (actual time=76.121..210.175 rows=34 loops=1)
LockRows  (cost=0.00..33644.69 rows=5 width=304) (actual time=63.455..210.543 rows=10 loops=1)
LockRows  (cost=0.00..33644.69 rows=5 width=304) (actual time=87.279..208.766 rows=10 loops=1)
LockRows  (cost=0.00..33644.69 rows=5 width=304) (actual time=149.172..209.948 rows=2 loops=1)
LockRows  (cost=0.00..33644.69 rows=5 width=304) (actual time=49.702..215.277 rows=3 loops=1)
LockRows  (cost=0.00..33644.69 rows=5 width=304) (actual time=28.808..209.653 rows=13 loops=1)
LockRows  (cost=0.00..33644.69 rows=5 width=304) (actual time=3.808..210.235 rows=5 loops=1)
