LockRows  (cost=0.00..61723.48 rows=5 width=298) (actual time=10.863..352.490 rows=41 loops=1)
LockRows  (cost=0.00..61723.48 rows=5 width=298) (actual time=34.082..306.672 rows=4 loops=1)
LockRows  (cost=0.00..61723.48 rows=5 width=298) (actual time=90.618..304.353 rows=7 loops=1)
LockRows  (cost=0.00..61723.48 rows=5 width=298) (actual time=20.424..305.555 rows=7 loops=1)
LockRows  (cost=0.00..61723.48 rows=5 width=298) (actual time=261.836..303.648 rows=30 loops=1)
LockRows  (cost=0.00..61723.48 rows=5 width=298) (actual time=6.411..303.906 rows=6 loops=1)
LockRows  (cost=0.00..61723.48 rows=5 width=298) (actual time=123.300..301.935 rows=16 loops=1)
LockRows  (cost=0.00..61723.48 rows=5 width=298) (actual time=57.392..303.069 rows=10 loops=1)
LockRows  (cost=0.00..61723.48 rows=5 width=298) (actual time=24.992..301.028 rows=13 loops=1)
LockRows  (cost=0.00..61723.48 rows=5 width=298) (actual time=176.687..304.692 rows=5 loops=1)
LockRows  (cost=0.00..61723.48 rows=5 width=298) (actual time=175.424..303.643 rows=6 loops=1)
LockRows  (cost=0.00..61723.48 rows=5 width=298) (actual time=209.280..302.177 rows=31 loops=1)
LockRows  (cost=0.00..61723.48 rows=5 width=298) (actual time=131.995..301.661 rows=5 loops=1)
LockRows  (cost=0.00..61723.48 rows=5 width=298) (actual time=156.346..301.210 rows=7 loops=1)
LockRows  (cost=0.00..61723.48 rows=5 width=298) (actual time=158.748..304.786 rows=8 loops=1)
LockRows  (cost=0.00..61723.48 rows=5 width=298) (actual time=170.554..308.110 rows=9 loops=1)
LockRows  (cost=0.00..61723.48 rows=5 width=298) (actual time=253.781..306.449 rows=26 loops=1)
LockRows  (cost=0.00..61723.48 rows=5 width=298) (actual time=109.471..316.892 rows=4 loops=1)
LockRows  (cost=0.00..61723.48 rows=5 width=298) (actual time=206.062..312.823 rows=97 loops=1)
LockRows  (cost=0.00..61723.48 rows=5 width=298) (actual time=147.715..303.409 rows=8 loops=1)
LockRows  (cost=0.00..61723.48 rows=5 width=298) (actual time=282.827..305.225 rows=33 loops=1)
LockRows  (cost=0.00..61723.48 rows=5 width=298) (actual time=23.953..302.788 rows=9 loops=1)
LockRows  (cost=0.00..61723.48 rows=5 width=298) (actual time=38.137..301.154 rows=5 loops=1)
LockRows  (cost=0.00..61723.48 rows=5 width=298) (actual time=210.813..299.946 rows=6 loops=1)
LockRows  (cost=0.00..61723.48 rows=5 width=298) (actual time=57.330..300.659 rows=6 loops=1)
LockRows  (cost=0.00..61723.48 rows=5 width=298) (actual time=235.241..299.793 rows=3 loops=1)
LockRows  (cost=0.00..61723.48 rows=5 width=298) (actual time=289.302..301.989 rows=5 loops=1)
LockRows  (cost=0.00..61723.48 rows=5 width=298) (actual time=53.112..301.033 rows=6 loops=1)
LockRows  (cost=0.00..61723.48 rows=5 width=298) (actual time=222.738..301.021 rows=30 loops=1)
LockRows  (cost=0.00..61723.48 rows=5 width=298) (actual time=114.660..304.465 rows=7 loops=1)
LockRows  (cost=0.00..61723.48 rows=5 width=298) (actual time=261.836..303.418 rows=7 loops=1)
LockRows  (cost=0.00..61723.48 rows=5 width=298) (actual time=289.498..301.979 rows=8 loops=1)
LockRows  (cost=0.00..61723.48 rows=5 width=298) (actual time=42.613..303.602 rows=6 loops=1)
LockRows  (cost=0.00..61723.48 rows=5 width=298) (actual time=179.839..301.038 rows=17 loops=1)
LockRows  (cost=0.00..61723.48 rows=5 width=298) (actual time=11.534..300.551 rows=5 loops=1)
LockRows  (cost=0.00..61723.48 rows=5 width=298) (actual time=52.648..304.016 rows=5 loops=1)
LockRows  (cost=0.00..61723.48 rows=5 width=298) (actual time=86.314..303.361 rows=6 loops=1)
LockRows  (cost=0.00..61723.48 rows=5 width=298) (actual time=184.061..303.895 rows=4 loops=1)
LockRows  (cost=0.00..61723.48 rows=5 width=298) (actual time=253.677..306.309 rows=5 loops=1)
LockRows  (cost=0.00..61723.48 rows=5 width=298) (actual time=290.578..302.459 rows=8 loops=1)
LockRows  (cost=0.00..61723.48 rows=5 width=298) (actual time=231.850..304.236 rows=3 loops=1)
LockRows  (cost=0.00..61723.48 rows=5 width=298) (actual time=54.570..303.985 rows=25 loops=1)
LockRows  (cost=0.00..61723.48 rows=5 width=298) (actual time=120.466..305.027 rows=37 loops=1)
LockRows  (cost=0.00..61723.48 rows=5 width=298) (actual time=277.672..305.240 rows=13 loops=1)
LockRows  (cost=0.00..61723.48 rows=5 width=298) (actual time=2.424..303.446 rows=15 loops=1)
LockRows  (cost=0.00..61723.48 rows=5 width=298) (actual time=271.920..303.280 rows=6 loops=1)
LockRows  (cost=0.00..61723.48 rows=5 width=298) (actual time=274.856..306.894 rows=6 loops=1)
LockRows  (cost=0.00..61723.48 rows=5 width=298) (actual time=100.671..303.455 rows=6 loops=1)
LockRows  (cost=0.00..61723.48 rows=5 width=298) (actual time=89.078..304.097 rows=6 loops=1)
LockRows  (cost=0.00..61723.48 rows=5 width=298) (actual time=280.255..302.148 rows=5 loops=1)
LockRows  (cost=0.00..61723.48 rows=5 width=298) (actual time=5.820..302.306 rows=13 loops=1)
LockRows  (cost=0.00..61723.48 rows=5 width=298) (actual time=18.810..300.543 rows=16 loops=1)
LockRows  (cost=0.00..61724.36 rows=93 width=298) (actual time=188.450..301.418 rows=83 loops=1)
LockRows  (cost=0.00..61723.48 rows=5 width=298) (actual time=284.920..301.500 rows=9 loops=1)
LockRows  (cost=0.00..61723.48 rows=5 width=298) (actual time=189.057..302.628 rows=8 loops=1)
LockRows  (cost=0.00..61723.48 rows=5 width=298) (actual time=80.806..302.915 rows=8 loops=1)
LockRows  (cost=0.00..61723.48 rows=5 width=298) (actual time=82.261..309.396 rows=3 loops=1)
LockRows  (cost=0.00..61723.48 rows=5 width=298) (actual time=190.162..303.551 rows=12 loops=1)
LockRows  (cost=0.00..61723.48 rows=5 width=298) (actual time=280.984..302.289 rows=11 loops=1)
LockRows  (cost=0.00..61723.48 rows=5 width=298) (actual time=16.091..300.624 rows=8 loops=1)
LockRows  (cost=0.00..61723.48 rows=5 width=298) (actual time=181.324..299.101 rows=6 loops=1)
LockRows  (cost=0.00..61723.48 rows=5 width=298) (actual time=151.309..299.637 rows=17 loops=1)
LockRows  (cost=0.00..61723.48 rows=5 width=298) (actual time=5.239..300.630 rows=3 loops=1)
LockRows  (cost=0.00..61723.48 rows=5 width=298) (actual time=243.388..300.528 rows=9 loops=1)
LockRows  (cost=0.00..61723.48 rows=5 width=298) (actual time=226.552..308.009 rows=10 loops=1)
LockRows  (cost=0.00..61723.48 rows=5 width=298) (actual time=392.783..394.258 rows=10 loops=1)
LockRows  (cost=0.00..61723.48 rows=5 width=298) (actual time=205.391..321.208 rows=5 loops=1)
LockRows  (cost=0.00..61723.48 rows=5 width=298) (actual time=202.695..305.304 rows=11 loops=1)
LockRows  (cost=0.00..61723.48 rows=5 width=298) (actual time=15.031..304.616 rows=16 loops=1)
LockRows  (cost=0.00..61723.48 rows=5 width=298) (actual time=91.376..301.393 rows=5 loops=1)
LockRows  (cost=0.00..61723.48 rows=5 width=298) (actual time=255.111..308.457 rows=9 loops=1)
LockRows  (cost=0.00..61723.48 rows=5 width=298) (actual time=244.886..302.794 rows=7 loops=1)
LockRows  (cost=0.00..61723.48 rows=5 width=298) (actual time=57.819..301.680 rows=20 loops=1)
LockRows  (cost=0.00..61723.48 rows=5 width=298) (actual time=129.111..302.421 rows=7 loops=1)
LockRows  (cost=0.00..61723.48 rows=5 width=298) (actual time=236.447..305.361 rows=8 loops=1)
LockRows  (cost=0.00..61723.48 rows=5 width=298) (actual time=234.904..303.765 rows=6 loops=1)
LockRows  (cost=0.00..61723.48 rows=5 width=298) (actual time=230.895..304.066 rows=19 loops=1)
LockRows  (cost=0.00..61723.48 rows=5 width=298) (actual time=125.166..301.519 rows=4 loops=1)
LockRows  (cost=0.00..61723.48 rows=5 width=298) (actual time=64.614..302.306 rows=3 loops=1)
LockRows  (cost=0.00..61723.48 rows=5 width=298) (actual time=151.975..306.342 rows=7 loops=1)
LockRows  (cost=0.00..61723.48 rows=5 width=298) (actual time=14.764..303.648 rows=19 loops=1)
LockRows  (cost=0.00..61723.48 rows=5 width=298) (actual time=24.546..300.924 rows=8 loops=1)
LockRows  (cost=0.00..61723.48 rows=5 width=298) (actual time=211.618..306.556 rows=7 loops=1)
LockRows  (cost=0.00..61723.48 rows=5 width=298) (actual time=301.238..303.246 rows=5 loops=1)
LockRows  (cost=0.00..61723.48 rows=5 width=298) (actual time=10.212..299.159 rows=12 loops=1)
LockRows  (cost=0.00..61723.48 rows=5 width=298) (actual time=106.486..301.165 rows=4 loops=1)
LockRows  (cost=0.00..61723.48 rows=5 width=298) (actual time=268.845..303.872 rows=6 loops=1)
LockRows  (cost=0.00..61723.48 rows=5 width=298) (actual time=0.392..302.714 rows=7 loops=1)
LockRows  (cost=0.00..61723.48 rows=5 width=298) (actual time=224.549..305.308 rows=11 loops=1)
LockRows  (cost=0.00..61723.48 rows=5 width=298) (actual time=35.453..303.530 rows=42 loops=1)
LockRows  (cost=0.00..61723.48 rows=5 width=298) (actual time=303.191..306.545 rows=7 loops=1)
LockRows  (cost=0.00..61723.48 rows=5 width=298) (actual time=254.879..301.694 rows=3 loops=1)
LockRows  (cost=0.00..61723.48 rows=5 width=298) (actual time=102.007..306.531 rows=4 loops=1)
LockRows  (cost=0.00..61723.48 rows=5 width=298) (actual time=166.816..301.087 rows=7 loops=1)
LockRows  (cost=0.00..61723.48 rows=5 width=298) (actual time=297.955..301.342 rows=9 loops=1)
LockRows  (cost=0.00..61723.48 rows=5 width=298) (actual time=76.414..302.060 rows=17 loops=1)
LockRows  (cost=0.00..61723.48 rows=5 width=298) (actual time=134.272..301.386 rows=17 loops=1)
LockRows  (cost=0.00..61723.48 rows=5 width=298) (actual time=54.533..304.708 rows=11 loops=1)
LockRows  (cost=0.00..61723.48 rows=5 width=298) (actual time=69.511..307.853 rows=6 loops=1)
LockRows  (cost=0.00..61723.48 rows=5 width=298) (actual time=283.130..301.699 rows=10 loops=1)
LockRows  (cost=0.00..61723.48 rows=5 width=298) (actual time=202.400..304.116 rows=97 loops=1)
LockRows  (cost=0.00..61723.48 rows=5 width=298) (actual time=293.557..300.694 rows=13 loops=1)
LockRows  (cost=0.00..61723.48 rows=5 width=298) (actual time=200.756..301.851 rows=5 loops=1)
LockRows  (cost=0.00..61723.48 rows=5 width=298) (actual time=19.764..302.727 rows=7 loops=1)
LockRows  (cost=0.00..61723.48 rows=5 width=298) (actual time=7.992..304.994 rows=11 loops=1)
LockRows  (cost=0.00..61723.48 rows=5 width=298) (actual time=73.241..301.068 rows=5 loops=1)
LockRows  (cost=0.00..61723.48 rows=5 width=298) (actual time=263.887..301.665 rows=7 loops=1)
LockRows  (cost=0.00..61723.48 rows=5 width=298) (actual time=228.398..300.454 rows=44 loops=1)
LockRows  (cost=0.00..61723.48 rows=5 width=298) (actual time=114.461..301.224 rows=4 loops=1)
LockRows  (cost=0.00..61723.48 rows=5 width=298) (actual time=165.666..302.861 rows=27 loops=1)
LockRows  (cost=0.00..61723.48 rows=5 width=298) (actual time=171.940..299.914 rows=40 loops=1)
LockRows  (cost=0.00..61723.48 rows=5 width=298) (actual time=118.029..297.640 rows=37 loops=1)
LockRows  (cost=0.00..61723.48 rows=5 width=298) (actual time=58.396..299.522 rows=3 loops=1)
LockRows  (cost=0.00..61723.48 rows=5 width=298) (actual time=241.764..298.868 rows=3 loops=1)
LockRows  (cost=0.00..61723.48 rows=5 width=298) (actual time=119.855..299.976 rows=3 loops=1)
LockRows  (cost=0.00..61723.48 rows=5 width=298) (actual time=214.812..299.678 rows=29 loops=1)
LockRows  (cost=0.00..61723.48 rows=5 width=298) (actual time=200.646..299.824 rows=12 loops=1)
LockRows  (cost=0.00..61723.48 rows=5 width=298) (actual time=90.956..298.439 rows=6 loops=1)
LockRows  (cost=0.00..61723.48 rows=5 width=298) (actual time=26.124..300.944 rows=4 loops=1)
LockRows  (cost=0.00..61723.48 rows=5 width=298) (actual time=5.716..298.507 rows=13 loops=1)
LockRows  (cost=0.00..61723.48 rows=5 width=298) (actual time=96.897..299.833 rows=14 loops=1)
LockRows  (cost=0.00..61723.48 rows=5 width=298) (actual time=101.112..300.419 rows=6 loops=1)
LockRows  (cost=0.00..61723.48 rows=5 width=298) (actual time=81.294..298.410 rows=8 loops=1)
LockRows  (cost=0.00..61723.48 rows=5 width=298) (actual time=14.658..299.328 rows=5 loops=1)
LockRows  (cost=0.00..61723.48 rows=5 width=298) (actual time=77.410..299.488 rows=6 loops=1)
LockRows  (cost=0.00..61723.48 rows=5 width=298) (actual time=87.273..299.586 rows=6 loops=1)
LockRows  (cost=0.00..61723.48 rows=5 width=298) (actual time=195.752..298.516 rows=32 loops=1)
LockRows  (cost=0.00..61723.48 rows=5 width=298) (actual time=296.794..300.104 rows=32 loops=1)
LockRows  (cost=0.00..61723.48 rows=5 width=298) (actual time=88.988..302.153 rows=5 loops=1)
LockRows  (cost=0.00..61723.48 rows=5 width=298) (actual time=279.319..298.827 rows=11 loops=1)
LockRows  (cost=0.00..61723.48 rows=5 width=298) (actual time=0.424..298.625 rows=8 loops=1)
LockRows  (cost=0.00..61723.48 rows=5 width=298) (actual time=289.543..297.957 rows=7 loops=1)
LockRows  (cost=0.00..61723.48 rows=5 width=298) (actual time=95.595..299.886 rows=15 loops=1)
LockRows  (cost=0.00..61723.48 rows=5 width=298) (actual time=190.675..298.706 rows=6 loops=1)
LockRows  (cost=0.00..61723.48 rows=5 width=298) (actual time=0.683..298.092 rows=28 loops=1)
LockRows  (cost=0.00..61723.48 rows=5 width=298) (actual time=5.404..298.215 rows=45 loops=1)
LockRows  (cost=0.00..61723.48 rows=5 width=298) (actual time=288.483..298.712 rows=17 loops=1)
LockRows  (cost=0.00..61723.48 rows=5 width=298) (actual time=201.099..298.899 rows=30 loops=1)
LockRows  (cost=0.00..61723.48 rows=5 width=298) (actual time=9.482..298.203 rows=5 loops=1)
LockRows  (cost=0.00..61723.48 rows=5 width=298) (actual time=33.070..298.325 rows=6 loops=1)
LockRows  (cost=0.00..61723.48 rows=5 width=298) (actual time=223.189..299.470 rows=10 loops=1)
LockRows  (cost=0.00..61723.48 rows=5 width=298) (actual time=28.552..298.158 rows=3 loops=1)
LockRows  (cost=0.00..61723.48 rows=5 width=298) (actual time=21.078..297.666 rows=8 loops=1)
LockRows  (cost=0.00..61723.48 rows=5 width=298) (actual time=205.030..297.334 rows=6 loops=1)
LockRows  (cost=0.00..61723.48 rows=5 width=298) (actual time=152.525..300.146 rows=6 loops=1)
LockRows  (cost=0.00..61723.48 rows=5 width=298) (actual time=147.814..298.104 rows=8 loops=1)
LockRows  (cost=0.00..61723.48 rows=5 width=298) (actual time=126.774..299.361 rows=15 loops=1)
LockRows  (cost=0.00..61723.48 rows=5 width=298) (actual time=228.534..298.938 rows=6 loops=1)
LockRows  (cost=0.00..61723.48 rows=5 width=298) (actual time=176.916..298.522 rows=35 loops=1)
LockRows  (cost=0.00..61723.48 rows=5 width=298) (actual time=247.254..297.528 rows=10 loops=1)
LockRows  (cost=0.00..61723.48 rows=5 width=298) (actual time=161.740..298.166 rows=5 loops=1)
LockRows  (cost=0.00..61723.48 rows=5 width=298) (actual time=233.637..297.995 rows=6 loops=1)
LockRows  (cost=0.00..61723.48 rows=5 width=298) (actual time=228.336..297.530 rows=24 loops=1)
LockRows  (cost=0.00..61723.48 rows=5 width=298) (actual time=110.921..299.528 rows=15 loops=1)
LockRows  (cost=0.00..61723.48 rows=5 width=298) (actual time=267.154..298.049 rows=34 loops=1)
LockRows  (cost=0.00..61723.48 rows=5 width=298) (actual time=18.789..296.387 rows=6 loops=1)
LockRows  (cost=0.00..61723.48 rows=5 width=298) (actual time=222.567..295.840 rows=3 loops=1)
LockRows  (cost=0.00..61723.48 rows=5 width=298) (actual time=271.316..297.458 rows=17 loops=1)
LockRows  (cost=0.00..61723.48 rows=5 width=298) (actual time=289.909..296.842 rows=5 loops=1)
LockRows  (cost=0.00..61723.48 rows=5 width=298) (actual time=0.802..296.462 rows=7 loops=1)
LockRows  (cost=0.00..61723.48 rows=5 width=298) (actual time=199.947..296.738 rows=4 loops=1)
LockRows  (cost=0.00..61723.48 rows=5 width=298) (actual time=280.804..294.871 rows=5 loops=1)
LockRows  (cost=0.00..61723.48 rows=5 width=298) (actual time=1.295..296.784 rows=10 loops=1)
LockRows  (cost=0.00..61723.48 rows=5 width=298) (actual time=266.201..295.746 rows=4 loops=1)
LockRows  (cost=0.00..61723.48 rows=5 width=298) (actual time=4.933..296.592 rows=41 loops=1)
LockRows  (cost=0.00..61723.48 rows=5 width=298) (actual time=144.907..298.742 rows=8 loops=1)
LockRows  (cost=0.00..61723.48 rows=5 width=298) (actual time=220.270..296.284 rows=2 loops=1)
LockRows  (cost=0.00..61723.48 rows=5 width=298) (actual time=69.272..296.945 rows=37 loops=1)
LockRows  (cost=0.00..61723.48 rows=5 width=298) (actual time=125.714..297.492 rows=21 loops=1)
LockRows  (cost=0.00..61723.48 rows=5 width=298) (actual time=120.312..297.861 rows=37 loops=1)
LockRows  (cost=0.00..61723.48 rows=5 width=298) (actual time=138.224..295.980 rows=12 loops=1)
LockRows  (cost=0.00..61723.48 rows=5 width=298) (actual time=69.543..296.975 rows=7 loops=1)
LockRows  (cost=0.00..61723.48 rows=5 width=298) (actual time=74.273..296.672 rows=2 loops=1)
LockRows  (cost=0.00..61723.48 rows=5 width=298) (actual time=42.564..296.010 rows=104 loops=1)
LockRows  (cost=0.00..61723.48 rows=5 width=298) (actual time=128.456..296.776 rows=6 loops=1)
LockRows  (cost=0.00..61723.48 rows=5 width=298) (actual time=173.936..294.282 rows=91 loops=1)
LockRows  (cost=0.00..61723.48 rows=5 width=298) (actual time=113.627..295.066 rows=10 loops=1)
LockRows  (cost=0.00..61723.48 rows=5 width=298) (actual time=143.643..294.203 rows=3 loops=1)
LockRows  (cost=0.00..61723.48 rows=5 width=298) (actual time=136.672..296.966 rows=10 loops=1)
LockRows  (cost=0.00..61723.48 rows=5 width=298) (actual time=55.692..296.090 rows=5 loops=1)
LockRows  (cost=0.00..61723.48 rows=5 width=298) (actual time=207.863..295.653 rows=3 loops=1)
LockRows  (cost=0.00..61723.48 rows=5 width=298) (actual time=266.856..296.012 rows=4 loops=1)
LockRows  (cost=0.00..61723.48 rows=5 width=298) (actual time=276.291..294.550 rows=7 loops=1)
LockRows  (cost=0.00..61723.48 rows=5 width=298) (actual time=283.174..294.124 rows=5 loops=1)
LockRows  (cost=0.00..61725.15 rows=172 width=298) (actual time=273.548..294.928 rows=73 loops=1)
LockRows  (cost=0.00..61723.48 rows=5 width=298) (actual time=11.586..296.072 rows=6 loops=1)
LockRows  (cost=0.00..61723.48 rows=5 width=298) (actual time=87.265..294.621 rows=8 loops=1)
LockRows  (cost=0.00..61723.48 rows=5 width=298) (actual time=120.442..296.512 rows=36 loops=1)
LockRows  (cost=0.00..61723.48 rows=5 width=298) (actual time=16.442..296.537 rows=4 loops=1)
LockRows  (cost=0.00..61723.48 rows=5 width=298) (actual time=62.142..296.769 rows=5 loops=1)
LockRows  (cost=0.00..61723.48 rows=5 width=298) (actual time=136.706..296.536 rows=24 loops=1)
LockRows  (cost=0.00..61723.48 rows=5 width=298) (actual time=217.610..294.456 rows=3 loops=1)
LockRows  (cost=0.00..61723.48 rows=5 width=298) (actual time=1.736..294.603 rows=35 loops=1)
LockRows  (cost=0.00..61723.48 rows=5 width=298) (actual time=44.089..295.762 rows=31 loops=1)
LockRows  (cost=0.00..61723.48 rows=5 width=298) (actual time=271.459..297.085 rows=12 loops=1)
LockRows  (cost=0.00..61723.48 rows=5 width=298) (actual time=159.929..296.918 rows=9 loops=1)
LockRows  (cost=0.00..61723.48 rows=5 width=298) (actual time=214.630..296.322 rows=7 loops=1)
LockRows  (cost=0.00..61723.48 rows=5 width=298) (actual time=45.646..296.391 rows=38 loops=1)
LockRows  (cost=0.00..61723.48 rows=5 width=298) (actual time=22.203..295.724 rows=3 loops=1)
LockRows  (cost=0.00..61723.48 rows=5 width=298) (actual time=86.325..296.355 rows=31 loops=1)
LockRows  (cost=0.00..61723.48 rows=5 width=298) (actual time=78.822..296.760 rows=5 loops=1)
LockRows  (cost=0.00..61723.48 rows=5 width=298) (actual time=286.228..297.272 rows=12 loops=1)
LockRows  (cost=0.00..61723.48 rows=5 width=298) (actual time=19.148..293.153 rows=4 loops=1)
LockRows  (cost=0.00..61723.48 rows=5 width=298) (actual time=31.204..296.334 rows=13 loops=1)
LockRows  (cost=0.00..61723.48 rows=5 width=298) (actual time=283.353..294.347 rows=5 loops=1)
LockRows  (cost=0.00..61723.48 rows=5 width=298) (actual time=192.348..296.148 rows=7 loops=1)
LockRows  (cost=0.00..61723.48 rows=5 width=298) (actual time=190.256..295.077 rows=38 loops=1)
LockRows  (cost=0.00..61723.48 rows=5 width=298) (actual time=162.853..293.852 rows=6 loops=1)
LockRows  (cost=0.00..61723.48 rows=5 width=298) (actual time=172.564..295.171 rows=12 loops=1)
LockRows  (cost=0.00..61723.48 rows=5 width=298) (actual time=294.297..296.453 rows=3 loops=1)
LockRows  (cost=0.00..61723.48 rows=5 width=298) (actual time=260.030..297.592 rows=35 loops=1)
LockRows  (cost=0.00..61723.48 rows=5 width=298) (actual time=90.277..295.797 rows=5 loops=1)
LockRows  (cost=0.00..61723.48 rows=5 width=298) (actual time=90.532..295.710 rows=13 loops=1)
LockRows  (cost=0.00..61723.48 rows=5 width=298) (actual time=187.659..296.936 rows=5 loops=1)
LockRows  (cost=0.00..61723.48 rows=5 width=298) (actual time=286.478..295.905 rows=15 loops=1)
LockRows  (cost=0.00..61723.48 rows=5 width=298) (actual time=53.081..296.028 rows=27 loops=1)
LockRows  (cost=0.00..61723.48 rows=5 width=298) (actual time=15.524..295.930 rows=15 loops=1)
LockRows  (cost=0.00..61723.48 rows=5 width=298) (actual time=40.489..296.033 rows=4 loops=1)
LockRows  (cost=0.00..61723.48 rows=5 width=298) (actual time=285.016..295.449 rows=9 loops=1)
LockRows  (cost=0.00..61723.48 rows=5 width=298) (actual time=275.150..295.831 rows=14 loops=1)
LockRows  (cost=0.00..61723.48 rows=5 width=298) (actual time=72.352..296.711 rows=4 loops=1)
LockRows  (cost=0.00..61723.48 rows=5 width=298) (actual time=135.582..295.521 rows=34 loops=1)
LockRows  (cost=0.00..61723.48 rows=5 width=298) (actual time=157.471..294.723 rows=5 loops=1)
LockRows  (cost=0.00..61723.48 rows=5 width=298) (actual time=233.504..295.137 rows=3 loops=1)
LockRows  (cost=0.00..61724.50 rows=107 width=298) (actual time=184.126..295.608 rows=32 loops=1)
LockRows  (cost=0.00..61723.48 rows=5 width=298) (actual time=168.088..294.405 rows=4 loops=1)
LockRows  (cost=0.00..61723.48 rows=5 width=298) (actual time=99.776..294.379 rows=3 loops=1)
LockRows  (cost=0.00..61723.48 rows=5 width=298) (actual time=55.401..294.357 rows=4 loops=1)
LockRows  (cost=0.00..61723.48 rows=5 width=298) (actual time=193.175..297.250 rows=14 loops=1)
LockRows  (cost=0.00..61723.48 rows=5 width=298) (actual time=114.558..297.099 rows=2 loops=1)
LockRows  (cost=0.00..61723.48 rows=5 width=298) (actual time=9.307..294.247 rows=8 loops=1)
LockRows  (cost=0.00..61723.48 rows=5 width=298) (actual time=4.932..292.795 rows=4 loops=1)
LockRows  (cost=0.00..61723.48 rows=5 width=298) (actual time=205.207..293.976 rows=2 loops=1)
LockRows  (cost=0.00..61723.48 rows=5 width=298) (actual time=87.025..296.192 rows=8 loops=1)
LockRows  (cost=0.00..61723.48 rows=5 width=298) (actual time=209.112..293.200 rows=3 loops=1)
LockRows  (cost=0.00..61723.48 rows=5 width=298) (actual time=268.146..293.482 rows=3 loops=1)
LockRows  (cost=0.00..61723.48 rows=5 width=298) (actual time=154.159..294.108 rows=4 loops=1)
LockRows  (cost=0.00..61723.48 rows=5 width=298) (actual time=14.366..297.752 rows=6 loops=1)
LockRows  (cost=0.00..61723.48 rows=5 width=298) (actual time=124.245..294.964 rows=8 loops=1)
LockRows  (cost=0.00..61723.48 rows=5 width=298) (actual time=25.866..294.715 rows=5 loops=1)
LockRows  (cost=0.00..61723.48 rows=5 width=298) (actual time=152.040..294.635 rows=13 loops=1)
LockRows  (cost=0.00..61723.48 rows=5 width=298) (actual time=188.252..293.434 rows=5 loops=1)
LockRows  (cost=0.00..61723.48 rows=5 width=298) (actual time=171.845..296.726 rows=9 loops=1)
LockRows  (cost=0.00..61723.48 rows=5 width=298) (actual time=5.049..294.513 rows=6 loops=1)
LockRows  (cost=0.00..61723.48 rows=5 width=298) (actual time=79.603..292.898 rows=1 loops=1)
LockRows  (cost=0.00..61723.48 rows=5 width=298) (actual time=62.398..294.000 rows=31 loops=1)
LockRows  (cost=0.00..61723.48 rows=5 width=298) (actual time=163.552..294.253 rows=40 loops=1)
LockRows  (cost=0.00..61723.48 rows=5 width=298) (actual time=72.773..294.225 rows=7 loops=1)
LockRows  (cost=0.00..61723.48 rows=5 width=298) (actual time=144.646..293.964 rows=7 loops=1)
LockRows  (cost=0.00..61723.48 rows=5 width=298) (actual time=171.242..292.270 rows=40 loops=1)
LockRows  (cost=0.00..61723.48 rows=5 width=298) (actual time=245.388..295.233 rows=4 loops=1)
LockRows  (cost=0.00..61723.48 rows=5 width=298) (actual time=129.257..294.947 rows=9 loops=1)
LockRows  (cost=0.00..61723.48 rows=5 width=298) (actual time=220.381..295.033 rows=6 loops=1)
LockRows  (cost=0.00..61723.48 rows=5 width=298) (actual time=151.497..295.632 rows=8 loops=1)
LockRows  (cost=0.00..61723.48 rows=5 width=298) (actual time=273.830..294.578 rows=5 loops=1)
LockRows  (cost=0.00..61723.48 rows=5 width=298) (actual time=248.695..293.419 rows=5 loops=1)
LockRows  (cost=0.00..61723.48 rows=5 width=298) (actual time=274.326..292.336 rows=7 loops=1)
LockRows  (cost=0.00..61723.48 rows=5 width=298) (actual time=274.628..294.249 rows=10 loops=1)
LockRows  (cost=0.00..61723.48 rows=5 width=298) (actual time=58.074..295.115 rows=4 loops=1)
LockRows  (cost=0.00..61723.48 rows=5 width=298) (actual time=268.501..293.597 rows=5 loops=1)
LockRows  (cost=0.00..61723.48 rows=5 width=298) (actual time=59.033..294.595 rows=3 loops=1)
LockRows  (cost=0.00..61723.48 rows=5 width=298) (actual time=2.263..293.326 rows=8 loops=1)
LockRows  (cost=0.00..61723.48 rows=5 width=298) (actual time=115.513..293.282 rows=24 loops=1)
LockRows  (cost=0.00..61723.48 rows=5 width=298) (actual time=18.936..293.428 rows=14 loops=1)
LockRows  (cost=0.00..61723.48 rows=5 width=298) (actual time=168.450..294.258 rows=80 loops=1)
LockRows  (cost=0.00..61723.48 rows=5 width=298) (actual time=283.941..293.965 rows=4 loops=1)
LockRows  (cost=0.00..61723.48 rows=5 width=298) (actual time=154.122..293.843 rows=17 loops=1)
LockRows  (cost=0.00..61723.48 rows=5 width=298) (actual time=81.491..294.838 rows=8 loops=1)
LockRows  (cost=0.00..61723.48 rows=5 width=298) (actual time=62.752..293.423 rows=13 loops=1)
LockRows  (cost=0.00..61723.48 rows=5 width=298) (actual time=271.974..295.728 rows=5 loops=1)
LockRows  (cost=0.00..61723.48 rows=5 width=298) (actual time=77.083..293.038 rows=18 loops=1)
LockRows  (cost=0.00..61723.48 rows=5 width=298) (actual time=196.496..291.710 rows=32 loops=1)
LockRows  (cost=0.00..61723.48 rows=5 width=298) (actual time=23.789..291.990 rows=4 loops=1)
LockRows  (cost=0.00..61723.48 rows=5 width=298) (actual time=274.642..292.481 rows=9 loops=1)
LockRows  (cost=0.00..61723.48 rows=5 width=298) (actual time=16.341..293.990 rows=7 loops=1)
LockRows  (cost=0.00..61723.48 rows=5 width=298) (actual time=204.295..293.821 rows=1 loops=1)
LockRows  (cost=0.00..61723.48 rows=5 width=298) (actual time=214.442..297.073 rows=8 loops=1)
LockRows  (cost=0.00..61723.48 rows=5 width=298) (actual time=120.301..292.876 rows=9 loops=1)
LockRows  (cost=0.00..61723.48 rows=5 width=298) (actual time=284.460..291.179 rows=12 loops=1)
LockRows  (cost=0.00..61723.48 rows=5 width=298) (actual time=106.105..292.809 rows=17 loops=1)
LockRows  (cost=0.00..61723.48 rows=5 width=298) (actual time=235.051..294.079 rows=8 loops=1)
LockRows  (cost=0.00..61723.48 rows=5 width=298) (actual time=29.998..293.476 rows=3 loops=1)
LockRows  (cost=0.00..61723.48 rows=5 width=298) (actual time=128.538..294.044 rows=3 loops=1)
LockRows  (cost=0.00..61723.48 rows=5 width=298) (actual time=68.060..294.071 rows=35 loops=1)
LockRows  (cost=0.00..61723.48 rows=5 width=298) (actual time=217.420..293.798 rows=2 loops=1)
LockRows  (cost=0.00..61723.48 rows=5 width=298) (actual time=226.080..294.628 rows=43 loops=1)
LockRows  (cost=0.00..61723.48 rows=5 width=298) (actual time=120.091..292.673 rows=18 loops=1)
LockRows  (cost=0.00..61723.48 rows=5 width=298) (actual time=285.550..291.568 rows=5 loops=1)
LockRows  (cost=0.00..61723.48 rows=5 width=298) (actual time=187.166..292.486 rows=3 loops=1)
LockRows  (cost=0.00..61723.48 rows=5 width=298) (actual time=15.352..293.133 rows=26 loops=1)
LockRows  (cost=0.00..61723.48 rows=5 width=298) (actual time=187.796..293.738 rows=5 loops=1)
LockRows  (cost=0.00..61723.48 rows=5 width=298) (actual time=147.986..292.599 rows=11 loops=1)
LockRows  (cost=0.00..61723.48 rows=5 width=298) (actual time=144.805..293.201 rows=4 loops=1)
LockRows  (cost=0.00..61723.48 rows=5 width=298) (actual time=191.590..294.015 rows=3 loops=1)
LockRows  (cost=0.00..61723.48 rows=5 width=298) (actual time=190.689..295.672 rows=4 loops=1)
LockRows  (cost=0.00..61723.48 rows=5 width=298) (actual time=127.047..294.661 rows=5 loops=1)
LockRows  (cost=0.00..61723.48 rows=5 width=298) (actual time=121.151..294.055 rows=5 loops=1)
LockRows  (cost=0.00..61723.48 rows=5 width=298) (actual time=232.303..295.294 rows=6 loops=1)
LockRows  (cost=0.00..61723.48 rows=5 width=298) (actual time=170.765..297.598 rows=4 loops=1)
LockRows  (cost=0.00..61723.48 rows=5 width=298) (actual time=77.498..300.205 rows=6 loops=1)
LockRows  (cost=0.00..61723.48 rows=5 width=298) (actual time=118.496..297.156 rows=20 loops=1)
LockRows  (cost=0.00..61723.48 rows=5 width=298) (actual time=237.693..295.280 rows=14 loops=1)
LockRows  (cost=0.00..61723.48 rows=5 width=298) (actual time=198.977..294.561 rows=8 loops=1)
LockRows  (cost=0.00..61723.48 rows=5 width=298) (actual time=112.965..294.448 rows=6 loops=1)
LockRows  (cost=0.00..61723.48 rows=5 width=298) (actual time=67.970..293.994 rows=5 loops=1)
LockRows  (cost=0.00..61723.48 rows=5 width=298) (actual time=27.593..294.868 rows=26 loops=1)
LockRows  (cost=0.00..61723.48 rows=5 width=298) (actual time=250.526..297.800 rows=11 loops=1)
LockRows  (cost=0.00..61723.48 rows=5 width=298) (actual time=197.454..297.227 rows=8 loops=1)
LockRows  (cost=0.00..61723.48 rows=5 width=298) (actual time=65.326..298.135 rows=5 loops=1)
LockRows  (cost=0.00..61723.48 rows=5 width=298) (actual time=213.788..297.798 rows=10 loops=1)
LockRows  (cost=0.00..61723.48 rows=5 width=298) (actual time=64.950..294.481 rows=6 loops=1)
LockRows  (cost=0.00..61723.48 rows=5 width=298) (actual time=249.529..295.697 rows=4 loops=1)
LockRows  (cost=0.00..61723.48 rows=5 width=298) (actual time=70.729..296.568 rows=4 loops=1)
LockRows  (cost=0.00..61723.48 rows=5 width=298) (actual time=291.691..297.185 rows=5 loops=1)
LockRows  (cost=0.00..61723.48 rows=5 width=298) (actual time=280.093..298.393 rows=3 loops=1)
LockRows  (cost=0.00..61723.48 rows=5 width=298) (actual time=5.449..297.021 rows=45 loops=1)
LockRows  (cost=0.00..61723.48 rows=5 width=298) (actual time=277.627..300.970 rows=3 loops=1)
LockRows  (cost=0.00..61723.48 rows=5 width=298) (actual time=195.617..296.766 rows=18 loops=1)
LockRows  (cost=0.00..61723.48 rows=5 width=298) (actual time=19.883..298.313 rows=3 loops=1)
LockRows  (cost=0.00..61723.48 rows=5 width=298) (actual time=290.742..297.658 rows=20 loops=1)
LockRows  (cost=0.00..61723.48 rows=5 width=298) (actual time=80.104..299.491 rows=18 loops=1)
LockRows  (cost=0.00..61723.48 rows=5 width=298) (actual time=20.378..300.961 rows=7 loops=1)
LockRows  (cost=0.00..61723.48 rows=5 width=298) (actual time=212.541..298.749 rows=4 loops=1)
LockRows  (cost=0.00..61723.48 rows=5 width=298) (actual time=20.252..300.624 rows=6 loops=1)
LockRows  (cost=0.00..61723.48 rows=5 width=298) (actual time=225.750..303.026 rows=10 loops=1)
LockRows  (cost=0.00..61723.48 rows=5 width=298) (actual time=5.658..301.431 rows=6 loops=1)
LockRows  (cost=0.00..61723.48 rows=5 width=298) (actual time=171.880..301.092 rows=10 loops=1)
LockRows  (cost=0.00..61723.48 rows=5 width=298) (actual time=243.664..304.048 rows=8 loops=1)
LockRows  (cost=0.00..61723.48 rows=5 width=298) (actual time=150.021..304.210 rows=2 loops=1)
LockRows  (cost=0.00..61723.48 rows=5 width=298) (actual time=271.427..305.335 rows=3 loops=1)
LockRows  (cost=0.00..61723.48 rows=5 width=298) (actual time=179.364..306.467 rows=80 loops=1)
LockRows  (cost=0.00..61723.48 rows=5 width=298) (actual time=156.495..311.083 rows=11 loops=1)
LockRows  (cost=0.00..61723.48 rows=5 width=298) (actual time=136.145..313.140 rows=4 loops=1)
LockRows  (cost=0.00..61723.48 rows=5 width=298) (actual time=265.005..307.042 rows=2 loops=1)
LockRows  (cost=0.00..61723.48 rows=5 width=298) (actual time=228.567..309.768 rows=12 loops=1)
LockRows  (cost=0.00..61723.48 rows=5 width=298) (actual time=120.635..309.289 rows=26 loops=1)
LockRows  (cost=0.00..61723.48 rows=5 width=298) (actual time=158.275..311.189 rows=7 loops=1)
LockRows  (cost=0.00..61723.48 rows=5 width=298) (actual time=310.950..314.105 rows=20 loops=1)
LockRows  (cost=0.00..61723.48 rows=5 width=298) (actual time=161.986..307.538 rows=3 loops=1)
LockRows  (cost=0.00..61723.48 rows=5 width=298) (actual time=208.565..306.939 rows=4 loops=1)
LockRows  (cost=0.00..61723.48 rows=5 width=298) (actual time=260.819..293.042 rows=11 loops=1)
LockRows  (cost=0.00..61724.75 rows=132 width=298) (actual time=103.414..300.843 rows=85 loops=1)
LockRows  (cost=0.00..61723.48 rows=5 width=298) (actual time=133.432..325.271 rows=7 loops=1)
LockRows  (cost=0.00..61723.48 rows=5 width=298) (actual time=44.364..290.035 rows=19 loops=1)
LockRows  (cost=0.00..61723.48 rows=5 width=298) (actual time=248.526..314.566 rows=11 loops=1)
LockRows  (cost=0.00..61723.48 rows=5 width=298) (actual time=184.705..310.201 rows=6 loops=1)
LockRows  (cost=0.00..61723.48 rows=5 width=298) (actual time=251.206..305.485 rows=28 loops=1)
LockRows  (cost=0.00..61723.48 rows=5 width=298) (actual time=253.546..307.858 rows=9 loops=1)
LockRows  (cost=0.00..61723.48 rows=5 width=298) (actual time=176.586..315.401 rows=4 loops=1)
LockRows  (cost=0.00..61723.48 rows=5 width=298) (actual time=260.534..300.662 rows=8 loops=1)
LockRows  (cost=0.00..61723.48 rows=5 width=298) (actual time=178.715..314.018 rows=3 loops=1)
LockRows  (cost=0.00..61723.48 rows=5 width=298) (actual time=243.295..289.799 rows=17 loops=1)
LockRows  (cost=0.00..61723.48 rows=5 width=298) (actual time=192.979..290.123 rows=6 loops=1)
LockRows  (cost=0.00..61723.48 rows=5 width=298) (actual time=220.978..290.034 rows=5 loops=1)
LockRows  (cost=0.00..61723.48 rows=5 width=298) (actual time=77.943..291.183 rows=6 loops=1)
LockRows  (cost=0.00..61723.48 rows=5 width=298) (actual time=114.237..291.500 rows=6 loops=1)
LockRows  (cost=0.00..61723.48 rows=5 width=298) (actual time=28.846..290.238 rows=7 loops=1)
LockRows  (cost=0.00..61723.48 rows=5 width=298) (actual time=273.449..291.978 rows=13 loops=1)
LockRows  (cost=0.00..61724.75 rows=132 width=298) (actual time=110.480..291.017 rows=91 loops=1)
LockRows  (cost=0.00..61723.48 rows=5 width=298) (actual time=91.109..289.441 rows=26 loops=1)
LockRows  (cost=0.00..61723.48 rows=5 width=298) (actual time=225.644..289.353 rows=7 loops=1)
LockRows  (cost=0.00..61723.48 rows=5 width=298) (actual time=91.425..289.740 rows=5 loops=1)
LockRows  (cost=0.00..61723.48 rows=5 width=298) (actual time=21.355..293.510 rows=9 loops=1)
LockRows  (cost=0.00..61723.48 rows=5 width=298) (actual time=212.396..290.611 rows=32 loops=1)
LockRows  (cost=0.00..61723.48 rows=5 width=298) (actual time=10.919..288.225 rows=18 loops=1)
LockRows  (cost=0.00..61723.48 rows=5 width=298) (actual time=265.256..286.606 rows=3 loops=1)
LockRows  (cost=0.00..61723.48 rows=5 width=298) (actual time=267.659..288.198 rows=8 loops=1)
LockRows  (cost=0.00..61723.48 rows=5 width=298) (actual time=77.862..287.727 rows=3 loops=1)
LockRows  (cost=0.00..61723.48 rows=5 width=298) (actual time=279.934..290.547 rows=4 loops=1)
LockRows  (cost=0.00..61723.48 rows=5 width=298) (actual time=17.462..309.745 rows=16 loops=1)
LockRows  (cost=0.00..61723.48 rows=5 width=298) (actual time=199.173..290.562 rows=25 loops=1)
LockRows  (cost=0.00..61723.48 rows=5 width=298) (actual time=122.620..289.206 rows=4 loops=1)
LockRows  (cost=0.00..61723.48 rows=5 width=298) (actual time=101.154..288.297 rows=4 loops=1)
LockRows  (cost=0.00..61723.48 rows=5 width=298) (actual time=183.179..294.773 rows=4 loops=1)
LockRows  (cost=0.00..61723.48 rows=5 width=298) (actual time=199.628..286.621 rows=10 loops=1)
LockRows  (cost=0.00..61723.48 rows=5 width=298) (actual time=150.787..287.102 rows=2 loops=1)
LockRows  (cost=0.00..61723.48 rows=5 width=298) (actual time=250.211..290.043 rows=10 loops=1)
LockRows  (cost=0.00..61723.48 rows=5 width=298) (actual time=183.162..289.244 rows=6 loops=1)
LockRows  (cost=0.00..61723.48 rows=5 width=298) (actual time=29.929..287.978 rows=6 loops=1)
LockRows  (cost=0.00..61723.48 rows=5 width=298) (actual time=26.013..289.986 rows=14 loops=1)
LockRows  (cost=0.00..61723.48 rows=5 width=298) (actual time=14.752..287.701 rows=9 loops=1)
LockRows  (cost=0.00..61723.48 rows=5 width=298) (actual time=226.461..288.471 rows=5 loops=1)
LockRows  (cost=0.00..61723.48 rows=5 width=298) (actual time=0.743..285.908 rows=6 loops=1)
LockRows  (cost=0.00..61723.48 rows=5 width=298) (actual time=50.535..289.886 rows=28 loops=1)
LockRows  (cost=0.00..61723.48 rows=5 width=298) (actual time=204.217..290.448 rows=97 loops=1)
LockRows  (cost=0.00..61723.48 rows=5 width=298) (actual time=238.471..292.805 rows=10 loops=1)
LockRows  (cost=0.00..61723.48 rows=5 width=298) (actual time=96.837..287.956 rows=3 loops=1)
LockRows  (cost=0.00..61723.48 rows=5 width=298) (actual time=148.949..287.927 rows=8 loops=1)
LockRows  (cost=0.00..61723.48 rows=5 width=298) (actual time=15.594..288.768 rows=11 loops=1)
LockRows  (cost=0.00..61723.48 rows=5 width=298) (actual time=120.704..287.777 rows=36 loops=1)
LockRows  (cost=0.00..61723.48 rows=5 width=298) (actual time=103.058..306.695 rows=10 loops=1)
LockRows  (cost=0.00..61723.48 rows=5 width=298) (actual time=126.947..291.972 rows=7 loops=1)
LockRows  (cost=0.00..61723.48 rows=5 width=298) (actual time=112.618..289.906 rows=29 loops=1)
LockRows  (cost=0.00..61723.48 rows=5 width=298) (actual time=244.781..289.406 rows=4 loops=1)
LockRows  (cost=0.00..61723.48 rows=5 width=298) (actual time=284.749..287.224 rows=10 loops=1)
LockRows  (cost=0.00..61723.48 rows=5 width=298) (actual time=136.015..289.271 rows=8 loops=1)
LockRows  (cost=0.00..61723.48 rows=5 width=298) (actual time=250.714..287.860 rows=8 loops=1)
LockRows  (cost=0.00..61723.48 rows=5 width=298) (actual time=61.111..287.751 rows=3 loops=1)
LockRows  (cost=0.00..61723.48 rows=5 width=298) (actual time=116.128..288.916 rows=11 loops=1)
LockRows  (cost=0.00..61723.48 rows=5 width=298) (actual time=131.254..287.096 rows=13 loops=1)
LockRows  (cost=0.00..61723.48 rows=5 width=298) (actual time=193.102..291.143 rows=13 loops=1)
LockRows  (cost=0.00..61723.48 rows=5 width=298) (actual time=276.270..294.534 rows=5 loops=1)
LockRows  (cost=0.00..61723.48 rows=5 width=298) (actual time=94.861..295.153 rows=5 loops=1)
LockRows  (cost=0.00..61723.48 rows=5 width=298) (actual time=64.969..293.139 rows=31 loops=1)
LockRows  (cost=0.00..61723.48 rows=5 width=298) (actual time=82.816..290.510 rows=6 loops=1)
LockRows  (cost=0.00..61723.48 rows=5 width=298) (actual time=290.413..297.720 rows=5 loops=1)
LockRows  (cost=0.00..61723.48 rows=5 width=298) (actual time=152.173..292.587 rows=7 loops=1)
LockRows  (cost=0.00..61723.48 rows=5 width=298) (actual time=100.308..298.756 rows=4 loops=1)
LockRows  (cost=0.00..61723.48 rows=5 width=298) (actual time=139.688..292.765 rows=3 loops=1)
LockRows  (cost=0.00..61723.48 rows=5 width=298) (actual time=202.191..289.400 rows=11 loops=1)
LockRows  (cost=0.00..61723.48 rows=5 width=298) (actual time=87.599..289.572 rows=4 loops=1)
LockRows  (cost=0.00..61723.48 rows=5 width=298) (actual time=159.917..289.674 rows=18 loops=1)
LockRows  (cost=0.00..61723.48 rows=5 width=298) (actual time=0.435..292.646 rows=8 loops=1)
LockRows  (cost=0.00..61723.48 rows=5 width=298) (actual time=64.665..290.625 rows=15 loops=1)
LockRows  (cost=0.00..61724.36 rows=93 width=298) (actual time=190.194..290.800 rows=80 loops=1)
LockRows  (cost=0.00..61723.48 rows=5 width=298) (actual time=199.043..290.707 rows=4 loops=1)
LockRows  (cost=0.00..61723.48 rows=5 width=298) (actual time=103.321..287.425 rows=4 loops=1)
LockRows  (cost=0.00..61723.48 rows=5 width=298) (actual time=120.811..288.248 rows=6 loops=1)
LockRows  (cost=0.00..61723.48 rows=5 width=298) (actual time=67.570..286.268 rows=5 loops=1)
LockRows  (cost=0.00..61723.48 rows=5 width=298) (actual time=157.900..285.623 rows=5 loops=1)
LockRows  (cost=0.00..61723.48 rows=5 width=298) (actual time=62.508..288.083 rows=11 loops=1)
LockRows  (cost=0.00..61723.48 rows=5 width=298) (actual time=160.097..286.589 rows=4 loops=1)
LockRows  (cost=0.00..61723.48 rows=5 width=298) (actual time=157.270..286.486 rows=9 loops=1)
LockRows  (cost=0.00..61723.48 rows=5 width=298) (actual time=167.554..287.519 rows=8 loops=1)
LockRows  (cost=0.00..61723.48 rows=5 width=298) (actual time=195.517..286.740 rows=4 loops=1)
LockRows  (cost=0.00..61723.48 rows=5 width=298) (actual time=24.133..284.726 rows=6 loops=1)
LockRows  (cost=0.00..61723.48 rows=5 width=298) (actual time=91.413..285.003 rows=4 loops=1)
LockRows  (cost=0.00..61723.48 rows=5 width=298) (actual time=34.109..287.015 rows=13 loops=1)
LockRows  (cost=0.00..61723.48 rows=5 width=298) (actual time=195.002..286.570 rows=4 loops=1)
LockRows  (cost=0.00..61724.36 rows=93 width=298) (actual time=190.966..286.662 rows=83 loops=1)
LockRows  (cost=0.00..61723.48 rows=5 width=298) (actual time=4.985..285.672 rows=31 loops=1)
LockRows  (cost=0.00..61723.48 rows=5 width=298) (actual time=29.407..287.592 rows=16 loops=1)
LockRows  (cost=0.00..61723.48 rows=5 width=298) (actual time=285.240..288.621 rows=11 loops=1)
LockRows  (cost=0.00..61723.48 rows=5 width=298) (actual time=18.965..289.497 rows=9 loops=1)
LockRows  (cost=0.00..61723.48 rows=5 width=298) (actual time=246.364..287.838 rows=5 loops=1)
LockRows  (cost=0.00..61723.48 rows=5 width=298) (actual time=184.725..290.676 rows=30 loops=1)
LockRows  (cost=0.00..61723.48 rows=5 width=298) (actual time=95.378..285.237 rows=31 loops=1)
LockRows  (cost=0.00..61723.48 rows=5 width=298) (actual time=141.551..288.031 rows=2 loops=1)
LockRows  (cost=0.00..61723.48 rows=5 width=298) (actual time=225.149..288.280 rows=6 loops=1)
LockRows  (cost=0.00..61723.48 rows=5 width=298) (actual time=42.992..285.825 rows=104 loops=1)
LockRows  (cost=0.00..61723.48 rows=5 width=298) (actual time=29.355..287.020 rows=10 loops=1)
LockRows  (cost=0.00..61723.48 rows=5 width=298) (actual time=244.588..285.608 rows=3 loops=1)
LockRows  (cost=0.00..61723.48 rows=5 width=298) (actual time=196.776..288.240 rows=12 loops=1)
LockRows  (cost=0.00..61723.48 rows=5 width=298) (actual time=225.787..287.704 rows=11 loops=1)
LockRows  (cost=0.00..61723.48 rows=5 width=298) (actual time=111.013..285.382 rows=5 loops=1)
LockRows  (cost=0.00..61723.48 rows=5 width=298) (actual time=193.049..287.390 rows=4 loops=1)
LockRows  (cost=0.00..61723.48 rows=5 width=298) (actual time=239.426..286.285 rows=3 loops=1)
LockRows  (cost=0.00..61723.48 rows=5 width=298) (actual time=228.851..287.998 rows=10 loops=1)
LockRows  (cost=0.00..61723.48 rows=5 width=298) (actual time=87.041..291.147 rows=6 loops=1)
LockRows  (cost=0.00..61723.48 rows=5 width=298) (actual time=176.307..293.622 rows=28 loops=1)
LockRows  (cost=0.00..61723.48 rows=5 width=298) (actual time=15.656..290.763 rows=5 loops=1)
LockRows  (cost=0.00..61723.48 rows=5 width=298) (actual time=147.398..285.257 rows=12 loops=1)
LockRows  (cost=0.00..61724.62 rows=120 width=298) (actual time=130.189..286.811 rows=100 loops=1)
LockRows  (cost=0.00..61723.48 rows=5 width=298) (actual time=282.786..288.812 rows=5 loops=1)
LockRows  (cost=0.00..61723.48 rows=5 width=298) (actual time=245.741..290.757 rows=5 loops=1)
LockRows  (cost=0.00..61723.48 rows=5 width=298) (actual time=107.771..297.067 rows=4 loops=1)
LockRows  (cost=0.00..61723.48 rows=5 width=298) (actual time=84.886..292.029 rows=29 loops=1)
LockRows  (cost=0.00..61723.48 rows=5 width=298) (actual time=133.047..286.197 rows=3 loops=1)
LockRows  (cost=0.00..61723.48 rows=5 width=298) (actual time=170.345..283.715 rows=5 loops=1)
LockRows  (cost=0.00..61724.76 rows=133 width=298) (actual time=130.022..284.560 rows=94 loops=1)
LockRows  (cost=0.00..61723.48 rows=5 width=298) (actual time=250.438..288.149 rows=8 loops=1)
LockRows  (cost=0.00..61723.48 rows=5 width=298) (actual time=158.251..286.635 rows=4 loops=1)
LockRows  (cost=0.00..61723.48 rows=5 width=298) (actual time=126.166..288.109 rows=5 loops=1)
LockRows  (cost=0.00..61723.48 rows=5 width=298) (actual time=157.200..284.567 rows=7 loops=1)
LockRows  (cost=0.00..61723.48 rows=5 width=298) (actual time=124.510..284.529 rows=3 loops=1)
LockRows  (cost=0.00..61723.48 rows=5 width=298) (actual time=162.579..286.133 rows=11 loops=1)
LockRows  (cost=0.00..61723.48 rows=5 width=298) (actual time=38.277..286.927 rows=9 loops=1)
LockRows  (cost=0.00..61723.48 rows=5 width=298) (actual time=96.743..287.403 rows=31 loops=1)
LockRows  (cost=0.00..61723.48 rows=5 width=298) (actual time=121.020..290.493 rows=7 loops=1)
LockRows  (cost=0.00..61723.48 rows=5 width=298) (actual time=71.275..290.053 rows=3 loops=1)
LockRows  (cost=0.00..61723.48 rows=5 width=298) (actual time=284.658..290.290 rows=3 loops=1)
LockRows  (cost=0.00..61723.48 rows=5 width=298) (actual time=116.092..288.953 rows=6 loops=1)
LockRows  (cost=0.00..61723.48 rows=5 width=298) (actual time=73.458..286.925 rows=4 loops=1)
LockRows  (cost=0.00..61723.48 rows=5 width=298) (actual time=15.299..288.479 rows=5 loops=1)
LockRows  (cost=0.00..61723.48 rows=5 width=298) (actual time=115.201..289.872 rows=15 loops=1)
LockRows  (cost=0.00..61723.48 rows=5 width=298) (actual time=200.403..286.848 rows=18 loops=1)
LockRows  (cost=0.00..61723.48 rows=5 width=298) (actual time=25.036..285.186 rows=6 loops=1)
LockRows  (cost=0.00..61723.48 rows=5 width=298) (actual time=200.186..295.584 rows=6 loops=1)
LockRows  (cost=0.00..61723.48 rows=5 width=298) (actual time=223.135..288.499 rows=6 loops=1)
LockRows  (cost=0.00..61723.48 rows=5 width=298) (actual time=182.012..294.025 rows=19 loops=1)
LockRows  (cost=0.00..61723.48 rows=5 width=298) (actual time=152.552..294.210 rows=16 loops=1)
LockRows  (cost=0.00..61723.48 rows=5 width=298) (actual time=175.821..294.287 rows=3 loops=1)
LockRows  (cost=0.00..61723.48 rows=5 width=298) (actual time=240.497..287.659 rows=12 loops=1)
LockRows  (cost=0.00..61723.48 rows=5 width=298) (actual time=53.978..286.800 rows=9 loops=1)
LockRows  (cost=0.00..61723.48 rows=5 width=298) (actual time=50.020..286.368 rows=3 loops=1)
LockRows  (cost=0.00..61723.48 rows=5 width=298) (actual time=224.001..286.974 rows=14 loops=1)
LockRows  (cost=0.00..61723.48 rows=5 width=298) (actual time=36.810..288.223 rows=5 loops=1)
LockRows  (cost=0.00..61723.48 rows=5 width=298) (actual time=272.159..290.839 rows=6 loops=1)
LockRows  (cost=0.00..61723.48 rows=5 width=298) (actual time=2.896..286.602 rows=3 loops=1)
LockRows  (cost=0.00..61723.48 rows=5 width=298) (actual time=113.044..287.896 rows=2 loops=1)
LockRows  (cost=0.00..61723.48 rows=5 width=298) (actual time=108.357..284.783 rows=9 loops=1)
LockRows  (cost=0.00..61723.48 rows=5 width=298) (actual time=78.131..288.825 rows=5 loops=1)
LockRows  (cost=0.00..61723.48 rows=5 width=298) (actual time=97.376..289.774 rows=5 loops=1)
LockRows  (cost=0.00..61724.49 rows=106 width=298) (actual time=197.210..289.483 rows=34 loops=1)
LockRows  (cost=0.00..61723.48 rows=5 width=298) (actual time=269.642..288.961 rows=10 loops=1)
LockRows  (cost=0.00..61723.48 rows=5 width=298) (actual time=46.022..291.735 rows=10 loops=1)
LockRows  (cost=0.00..61723.48 rows=5 width=298) (actual time=47.236..289.774 rows=2 loops=1)
LockRows  (cost=0.00..61723.48 rows=5 width=298) (actual time=258.596..291.395 rows=3 loops=1)
LockRows  (cost=0.00..61723.48 rows=5 width=298) (actual time=38.515..286.269 rows=13 loops=1)
LockRows  (cost=0.00..61723.48 rows=5 width=298) (actual time=243.965..284.932 rows=5 loops=1)
