Nested Loop  (cost=0.00..6606.95 rows=1 width=21) (actual time=8.090..32.364 rows=1 loops=1)
Nested Loop  (cost=0.00..6606.95 rows=1 width=21) (actual time=23.103..32.302 rows=1 loops=1)
Nested Loop  (cost=0.00..10031.41 rows=1 width=133) (actual time=46.860..96.391 rows=2 loops=1)
Nested Loop  (cost=0.00..10027.81 rows=1 width=133) (actual time=48.866..96.907 rows=2 loops=1)
Nested Loop  (cost=0.00..10027.32 rows=1 width=133) (actual time=47.126..158.632 rows=4 loops=1)
Nested Loop  (cost=0.00..6606.95 rows=1 width=21) (actual time=20.119..32.450 rows=1 loops=1)
Nested Loop  (cost=0.00..10027.81 rows=1 width=133) (actual time=52.070..66.541 rows=1 loops=1)
Nested Loop  (cost=0.00..6606.95 rows=1 width=21) (actual time=1.644..32.418 rows=1 loops=1)
Nested Loop  (cost=0.00..10024.38 rows=1 width=133) (actual time=60.831..66.853 rows=1 loops=1)
Nested Loop  (cost=0.00..9968.51 rows=1 width=142) (actual time=40.680..62.768 rows=1 loops=1)
Nested Loop  (cost=0.00..6606.95 rows=1 width=21) (actual time=22.844..32.452 rows=1 loops=1)
Nested Loop  (cost=0.00..10024.38 rows=1 width=133) (actual time=54.871..66.467 rows=1 loops=1)
Seq Scan on cus_a  (cost=0.00..5382.00 rows=1 width=403) (actual time=2.336..25.889 rows=1 loops=1)
Nested Loop  (cost=0.00..6606.95 rows=1 width=21) (actual time=15.681..32.257 rows=1 loops=1)
Nested Loop  (cost=0.00..6606.95 rows=1 width=21) (actual time=12.732..32.371 rows=1 loops=1)
Nested Loop  (cost=0.00..10027.32 rows=1 width=133) (actual time=51.032..68.091 rows=1 loops=1)
Seq Scan on cus_a  (cost=0.00..5382.00 rows=1 width=403) (actual time=18.233..26.031 rows=1 loops=1)
Nested Loop  (cost=0.00..9968.51 rows=1 width=142) (actual time=48.580..63.200 rows=1 loops=1)
Nested Loop  (cost=0.00..10030.29 rows=1 width=133) (actual time=44.236..157.856 rows=4 loops=1)
Nested Loop  (cost=0.00..10028.09 rows=1 width=133) (actual time=43.185..97.945 rows=2 loops=1)
Nested Loop  (cost=0.00..6606.95 rows=1 width=21) (actual time=17.433..32.573 rows=1 loops=1)
Nested Loop  (cost=0.00..10031.13 rows=1 width=133) (actual time=53.357..66.979 rows=1 loops=1)
Nested Loop  (cost=0.00..10027.81 rows=1 width=133) (actual time=44.100..95.934 rows=2 loops=1)
Nested Loop  (cost=0.00..10027.32 rows=1 width=133) (actual time=53.830..187.942 rows=5 loops=1)
Nested Loop  (cost=0.00..6606.95 rows=1 width=21) (actual time=23.351..32.609 rows=1 loops=1)
Nested Loop  (cost=0.00..10031.13 rows=1 width=133) (actual time=46.595..98.467 rows=2 loops=1)
Nested Loop  (cost=0.00..10031.41 rows=1 width=133) (actual time=40.071..314.022 rows=9 loops=1)
Nested Loop  (cost=0.00..6606.95 rows=1 width=21) (actual time=7.701..32.316 rows=1 loops=1)
Nested Loop  (cost=0.00..6606.95 rows=1 width=21) (actual time=8.479..32.243 rows=1 loops=1)
Nested Loop  (cost=0.00..6606.95 rows=1 width=21) (actual time=28.930..31.890 rows=1 loops=1)
Nested Loop  (cost=0.00..9968.51 rows=1 width=142) (actual time=33.919..62.135 rows=1 loops=1)
Seq Scan on cus_a  (cost=0.00..5382.00 rows=1 width=403) (actual time=4.703..25.931 rows=1 loops=1)
Nested Loop  (cost=0.00..6606.95 rows=1 width=21) (actual time=11.031..32.204 rows=1 loops=1)
Nested Loop  (cost=0.00..6606.95 rows=1 width=21) (actual time=21.873..32.432 rows=1 loops=1)
Nested Loop  (cost=0.00..6606.95 rows=1 width=21) (actual time=17.137..32.557 rows=1 loops=1)
Nested Loop  (cost=0.00..6606.95 rows=1 width=21) (actual time=14.870..32.389 rows=1 loops=1)
Nested Loop  (cost=0.00..9968.51 rows=1 width=142) (actual time=31.391..62.132 rows=1 loops=1)
Nested Loop  (cost=0.00..9968.51 rows=1 width=142) (actual time=41.113..62.585 rows=1 loops=1)
Nested Loop  (cost=0.00..6606.95 rows=1 width=21) (actual time=17.517..32.308 rows=1 loops=1)
Nested Loop  (cost=0.00..9968.51 rows=1 width=142) (actual time=36.014..61.801 rows=1 loops=1)
Nested Loop  (cost=0.00..9968.51 rows=1 width=142) (actual time=34.828..62.515 rows=1 loops=1)
Nested Loop  (cost=0.00..6606.95 rows=1 width=21) (actual time=19.246..32.006 rows=1 loops=1)
Nested Loop  (cost=0.00..6606.95 rows=1 width=21) (actual time=22.939..32.014 rows=1 loops=1)
Nested Loop  (cost=0.00..9968.51 rows=1 width=142) (actual time=35.206..61.402 rows=1 loops=1)
Nested Loop  (cost=0.00..6606.95 rows=1 width=21) (actual time=22.787..32.286 rows=1 loops=1)
Nested Loop  (cost=0.00..9968.51 rows=1 width=142) (actual time=35.398..61.952 rows=1 loops=1)
Nested Loop  (cost=0.00..6606.95 rows=1 width=21) (actual time=23.201..32.030 rows=1 loops=1)
Nested Loop  (cost=0.00..6606.95 rows=1 width=21) (actual time=20.408..31.743 rows=1 loops=1)
Nested Loop  (cost=0.00..6606.95 rows=1 width=21) (actual time=6.701..32.339 rows=1 loops=1)
Nested Loop  (cost=0.00..10027.18 rows=1 width=133) (actual time=63.191..99.412 rows=2 loops=1)
Nested Loop  (cost=0.00..6606.95 rows=1 width=21) (actual time=10.750..32.205 rows=1 loops=1)
Nested Loop  (cost=0.00..6606.95 rows=1 width=21) (actual time=21.459..32.228 rows=1 loops=1)
Nested Loop  (cost=0.00..6606.95 rows=1 width=21) (actual time=4.086..32.288 rows=1 loops=1)
Nested Loop  (cost=0.00..6606.95 rows=1 width=21) (actual time=6.793..32.428 rows=1 loops=1)
Nested Loop  (cost=0.00..6606.95 rows=1 width=21) (actual time=21.528..33.556 rows=1 loops=1)
Nested Loop  (cost=0.00..10027.32 rows=1 width=133) (actual time=42.463..129.411 rows=3 loops=1)
Nested Loop  (cost=0.00..6606.95 rows=1 width=21) (actual time=23.177..32.315 rows=1 loops=1)
Nested Loop  (cost=0.00..6606.95 rows=1 width=21) (actual time=13.343..32.014 rows=1 loops=1)
Nested Loop  (cost=0.00..6606.95 rows=1 width=21) (actual time=6.395..31.818 rows=1 loops=1)
Nested Loop  (cost=0.00..9968.51 rows=1 width=142) (actual time=26.707..62.000 rows=1 loops=1)
Nested Loop  (cost=0.00..6606.95 rows=1 width=21) (actual time=22.329..32.158 rows=1 loops=1)
Nested Loop  (cost=0.00..6606.95 rows=1 width=21) (actual time=25.531..31.969 rows=1 loops=1)
Nested Loop  (cost=0.00..6606.95 rows=1 width=21) (actual time=21.351..31.887 rows=1 loops=1)
Nested Loop  (cost=0.00..9968.51 rows=1 width=142) (actual time=33.208..62.750 rows=1 loops=1)
Nested Loop  (cost=0.00..9968.51 rows=1 width=142) (actual time=46.450..62.776 rows=1 loops=1)
Nested Loop  (cost=0.00..6606.95 rows=1 width=21) (actual time=18.959..32.197 rows=1 loops=1)
Nested Loop  (cost=0.00..6606.95 rows=1 width=21) (actual time=9.772..32.487 rows=1 loops=1)
Nested Loop  (cost=6839.65..10246.98 rows=1 width=133) (actual time=49.518..405.450 rows=13 loops=1)
Nested Loop  (cost=0.00..9968.51 rows=1 width=142) (actual time=31.966..62.778 rows=1 loops=1)
Nested Loop  (cost=0.00..6606.95 rows=1 width=21) (actual time=9.529..35.845 rows=1 loops=1)
Nested Loop  (cost=0.00..9968.51 rows=1 width=142) (actual time=34.980..62.934 rows=1 loops=1)
Nested Loop  (cost=0.00..10027.95 rows=1 width=133) (actual time=35.775..347.258 rows=10 loops=1)
Nested Loop  (cost=0.00..10031.41 rows=1 width=133) (actual time=57.494..67.196 rows=1 loops=1)
Nested Loop  (cost=0.00..9968.51 rows=1 width=142) (actual time=43.026..63.356 rows=1 loops=1)
Seq Scan on cus_a  (cost=0.00..5382.00 rows=1 width=403) (actual time=20.816..26.229 rows=1 loops=1)
Nested Loop  (cost=0.00..10030.29 rows=1 width=133) (actual time=56.510..69.286 rows=1 loops=1)
Nested Loop  (cost=0.00..6606.95 rows=1 width=21) (actual time=7.379..33.406 rows=1 loops=1)
Nested Loop  (cost=0.00..10028.09 rows=1 width=133) (actual time=56.391..66.918 rows=1 loops=1)
Nested Loop  (cost=0.00..6606.95 rows=1 width=21) (actual time=7.612..32.214 rows=1 loops=1)
Nested Loop  (cost=0.00..10027.18 rows=1 width=133) (actual time=62.005..67.224 rows=1 loops=1)
Nested Loop  (cost=0.00..6606.95 rows=1 width=21) (actual time=23.438..32.809 rows=1 loops=1)
Nested Loop  (cost=0.00..6606.95 rows=1 width=21) (actual time=9.957..32.407 rows=1 loops=1)
Nested Loop  (cost=0.00..6606.95 rows=1 width=21) (actual time=24.064..32.464 rows=1 loops=1)
Nested Loop  (cost=0.00..6606.95 rows=1 width=21) (actual time=7.859..32.182 rows=1 loops=1)
Nested Loop  (cost=0.00..10029.38 rows=1 width=133) (actual time=53.508..129.060 rows=3 loops=1)
Seq Scan on cus_a  (cost=0.00..5382.00 rows=1 width=403) (actual time=16.415..25.985 rows=1 loops=1)
Nested Loop  (cost=0.00..10028.09 rows=1 width=133) (actual time=54.612..66.924 rows=1 loops=1)
Nested Loop  (cost=0.00..6606.95 rows=1 width=21) (actual time=23.072..32.377 rows=1 loops=1)
Nested Loop  (cost=0.00..9968.51 rows=1 width=142) (actual time=36.289..62.660 rows=1 loops=1)
Nested Loop  (cost=0.00..9968.51 rows=1 width=142) (actual time=41.688..62.810 rows=1 loops=1)
Nested Loop  (cost=0.00..10031.41 rows=1 width=133) (actual time=50.108..67.385 rows=1 loops=1)
Nested Loop  (cost=0.00..6606.95 rows=1 width=21) (actual time=13.693..32.682 rows=1 loops=1)
Nested Loop  (cost=0.00..6606.95 rows=1 width=21) (actual time=6.386..32.543 rows=1 loops=1)
Nested Loop  (cost=0.00..10024.38 rows=1 width=133) (actual time=56.055..67.594 rows=1 loops=1)
Nested Loop  (cost=0.00..9968.51 rows=1 width=142) (actual time=30.254..62.726 rows=1 loops=1)
Nested Loop  (cost=0.00..10031.13 rows=1 width=133) (actual time=53.303..67.427 rows=1 loops=1)
Nested Loop  (cost=0.00..6606.95 rows=1 width=21) (actual time=13.202..32.338 rows=1 loops=1)
Nested Loop  (cost=0.00..9968.51 rows=1 width=142) (actual time=51.279..63.336 rows=1 loops=1)
Seq Scan on cus_a  (cost=0.00..5382.00 rows=1 width=403) (actual time=23.209..25.820 rows=1 loops=1)
Nested Loop  (cost=0.00..6606.95 rows=1 width=21) (actual time=14.771..32.117 rows=1 loops=1)
Nested Loop  (cost=0.00..6606.95 rows=1 width=21) (actual time=16.888..31.846 rows=1 loops=1)
Nested Loop  (cost=0.00..6606.95 rows=1 width=21) (actual time=30.349..31.997 rows=1 loops=1)
Nested Loop  (cost=0.00..10028.09 rows=1 width=133) (actual time=58.968..67.933 rows=1 loops=1)
Nested Loop  (cost=0.00..6606.99 rows=1 width=21) (actual time=14.222..32.553 rows=1 loops=1)
Nested Loop  (cost=0.00..10027.81 rows=1 width=133) (actual time=54.753..66.274 rows=1 loops=1)
Nested Loop  (cost=0.00..10027.18 rows=1 width=133) (actual time=52.230..66.773 rows=1 loops=1)
Nested Loop  (cost=0.00..6606.95 rows=1 width=21) (actual time=20.740..32.515 rows=1 loops=1)
Nested Loop  (cost=0.00..6606.95 rows=1 width=21) (actual time=17.434..32.080 rows=1 loops=1)
Nested Loop  (cost=0.00..6606.95 rows=1 width=21) (actual time=18.031..32.411 rows=1 loops=1)
Nested Loop  (cost=0.00..9968.51 rows=1 width=142) (actual time=35.737..62.219 rows=1 loops=1)
Nested Loop  (cost=0.00..6606.95 rows=1 width=21) (actual time=15.465..32.004 rows=1 loops=1)
Nested Loop  (cost=0.00..6606.95 rows=1 width=21) (actual time=16.160..32.433 rows=1 loops=1)
Nested Loop  (cost=0.00..6606.95 rows=1 width=21) (actual time=22.993..32.723 rows=1 loops=1)
Nested Loop  (cost=0.00..9968.51 rows=1 width=142) (actual time=34.591..61.185 rows=1 loops=1)
Nested Loop  (cost=0.00..9968.51 rows=1 width=142) (actual time=38.147..61.896 rows=1 loops=1)
Nested Loop  (cost=6831.18..10237.55 rows=1 width=133) (actual time=43.155..129.686 rows=3 loops=1)
Nested Loop  (cost=0.00..6606.95 rows=1 width=21) (actual time=29.274..32.337 rows=1 loops=1)
Nested Loop  (cost=0.00..9968.56 rows=1 width=142) (actual time=33.511..61.855 rows=1 loops=1)
Nested Loop  (cost=0.00..9968.51 rows=1 width=142) (actual time=35.119..61.715 rows=1 loops=1)
Nested Loop  (cost=0.00..9968.51 rows=1 width=142) (actual time=13.135..62.219 rows=1 loops=1)
Nested Loop  (cost=0.00..10027.18 rows=1 width=133) (actual time=58.610..69.496 rows=1 loops=1)
Nested Loop  (cost=0.00..9968.56 rows=1 width=142) (actual time=33.762..63.535 rows=1 loops=1)
Nested Loop  (cost=0.00..10027.32 rows=1 width=133) (actual time=59.461..70.082 rows=1 loops=1)
Nested Loop  (cost=0.00..6606.95 rows=1 width=21) (actual time=8.480..32.915 rows=1 loops=1)
Nested Loop  (cost=0.00..9968.51 rows=1 width=142) (actual time=50.469..63.613 rows=1 loops=1)
Nested Loop  (cost=0.00..6606.95 rows=1 width=21) (actual time=7.820..32.478 rows=1 loops=1)
Nested Loop  (cost=0.00..10024.38 rows=1 width=133) (actual time=58.537..67.076 rows=1 loops=1)
Nested Loop  (cost=0.00..6606.95 rows=1 width=21) (actual time=7.564..32.736 rows=1 loops=1)
Nested Loop  (cost=0.00..10028.09 rows=1 width=133) (actual time=47.230..98.932 rows=2 loops=1)
Nested Loop  (cost=0.00..6606.95 rows=1 width=21) (actual time=23.252..32.451 rows=1 loops=1)
Nested Loop  (cost=0.00..9968.51 rows=1 width=142) (actual time=34.103..63.581 rows=1 loops=1)
Nested Loop  (cost=0.00..9968.51 rows=1 width=142) (actual time=42.342..62.807 rows=1 loops=1)
Nested Loop  (cost=0.00..9968.51 rows=1 width=142) (actual time=16.889..64.652 rows=1 loops=1)
Nested Loop  (cost=0.00..10027.18 rows=1 width=133) (actual time=62.998..72.634 rows=1 loops=1)
Nested Loop  (cost=0.00..10028.09 rows=1 width=133) (actual time=58.893..105.542 rows=2 loops=1)
Seq Scan on cus_a  (cost=0.00..5382.00 rows=1 width=403) (actual time=0.691..28.058 rows=1 loops=1)
Nested Loop  (cost=0.00..6606.95 rows=1 width=21) (actual time=9.023..41.045 rows=1 loops=1)
Nested Loop  (cost=0.00..9968.51 rows=1 width=142) (actual time=27.758..63.295 rows=1 loops=1)
Nested Loop  (cost=0.00..6606.95 rows=1 width=21) (actual time=9.488..32.912 rows=1 loops=1)
Nested Loop  (cost=0.00..10027.32 rows=1 width=133) (actual time=44.438..130.506 rows=3 loops=1)
Nested Loop  (cost=0.00..10024.38 rows=1 width=133) (actual time=60.321..67.519 rows=1 loops=1)
Nested Loop  (cost=0.00..9968.51 rows=1 width=142) (actual time=26.425..62.847 rows=1 loops=1)
Nested Loop  (cost=0.00..6606.95 rows=1 width=21) (actual time=13.591..32.298 rows=1 loops=1)
Nested Loop  (cost=0.00..9968.51 rows=1 width=142) (actual time=45.510..62.914 rows=1 loops=1)
Seq Scan on cus_a  (cost=0.00..5382.00 rows=1 width=403) (actual time=17.202..27.824 rows=1 loops=1)
Nested Loop  (cost=0.00..10027.95 rows=1 width=133) (actual time=66.737..72.078 rows=1 loops=1)
Nested Loop  (cost=0.00..6606.95 rows=1 width=21) (actual time=12.501..32.304 rows=1 loops=1)
Nested Loop  (cost=0.00..6606.95 rows=1 width=21) (actual time=15.183..32.124 rows=1 loops=1)
Nested Loop  (cost=0.00..6606.95 rows=1 width=21) (actual time=19.790..31.786 rows=1 loops=1)
Nested Loop  (cost=0.00..6606.95 rows=1 width=21) (actual time=26.532..31.806 rows=1 loops=1)
Nested Loop  (cost=0.00..6606.95 rows=1 width=21) (actual time=14.171..31.796 rows=1 loops=1)
Nested Loop  (cost=0.00..9968.51 rows=1 width=142) (actual time=33.684..62.650 rows=1 loops=1)
Seq Scan on cus_a  (cost=0.00..5382.00 rows=1 width=403) (actual time=3.478..25.885 rows=1 loops=1)
Nested Loop  (cost=0.00..6606.95 rows=1 width=21) (actual time=5.802..32.592 rows=1 loops=1)
Nested Loop  (cost=0.00..10027.95 rows=1 width=133) (actual time=52.991..67.485 rows=1 loops=1)
Nested Loop  (cost=0.00..10030.29 rows=1 width=133) (actual time=54.306..67.582 rows=1 loops=1)
Seq Scan on cus_a  (cost=0.00..5382.00 rows=1 width=403) (actual time=21.488..26.791 rows=1 loops=1)
Nested Loop  (cost=0.00..10027.32 rows=1 width=133) (actual time=38.501..99.029 rows=2 loops=1)
Nested Loop  (cost=0.00..9968.51 rows=1 width=142) (actual time=31.906..62.870 rows=1 loops=1)
Seq Scan on cus_a  (cost=0.00..5382.00 rows=1 width=403) (actual time=6.480..26.294 rows=1 loops=1)
Nested Loop  (cost=6835.48..10242.34 rows=1 width=133) (actual time=58.734..352.044 rows=11 loops=1)
Nested Loop  (cost=0.00..6606.95 rows=1 width=21) (actual time=6.303..32.090 rows=1 loops=1)
Nested Loop  (cost=0.00..6606.95 rows=1 width=21) (actual time=12.996..32.098 rows=1 loops=1)
Nested Loop  (cost=0.00..6606.95 rows=1 width=21) (actual time=24.830..31.806 rows=1 loops=1)
Nested Loop  (cost=0.00..6606.95 rows=1 width=21) (actual time=18.408..32.579 rows=1 loops=1)
Nested Loop  (cost=0.00..6606.95 rows=1 width=21) (actual time=17.606..32.468 rows=1 loops=1)
Nested Loop  (cost=0.00..6606.95 rows=1 width=21) (actual time=17.830..32.087 rows=1 loops=1)
Nested Loop  (cost=0.00..6606.95 rows=1 width=21) (actual time=19.118..32.082 rows=1 loops=1)
Nested Loop  (cost=0.00..6606.95 rows=1 width=21) (actual time=13.600..31.982 rows=1 loops=1)
Nested Loop  (cost=0.00..10031.13 rows=1 width=133) (actual time=52.936..66.744 rows=1 loops=1)
Nested Loop  (cost=0.00..10030.29 rows=1 width=133) (actual time=61.804..65.948 rows=1 loops=1)
Nested Loop  (cost=0.00..9968.51 rows=1 width=142) (actual time=34.566..61.997 rows=1 loops=1)
Nested Loop  (cost=0.00..6606.95 rows=1 width=21) (actual time=27.552..32.007 rows=1 loops=1)
Nested Loop  (cost=0.00..6606.95 rows=1 width=21) (actual time=8.660..31.982 rows=1 loops=1)
Nested Loop  (cost=0.00..10031.41 rows=1 width=133) (actual time=34.235..158.120 rows=4 loops=1)
Nested Loop  (cost=0.00..10027.18 rows=1 width=133) (actual time=56.418..65.995 rows=1 loops=1)
Nested Loop  (cost=0.00..6606.95 rows=1 width=21) (actual time=14.043..32.020 rows=1 loops=1)
Nested Loop  (cost=0.00..6606.95 rows=1 width=21) (actual time=24.755..32.096 rows=1 loops=1)
Nested Loop  (cost=0.00..6606.95 rows=1 width=21) (actual time=24.794..32.503 rows=1 loops=1)
Nested Loop  (cost=0.00..9968.51 rows=1 width=142) (actual time=31.561..62.058 rows=1 loops=1)
Nested Loop  (cost=0.00..9968.51 rows=1 width=142) (actual time=45.000..61.345 rows=1 loops=1)
Nested Loop  (cost=0.00..9968.51 rows=1 width=142) (actual time=16.539..62.481 rows=1 loops=1)
Nested Loop  (cost=0.00..6606.95 rows=1 width=21) (actual time=18.510..32.093 rows=1 loops=1)
Nested Loop  (cost=0.00..6606.95 rows=1 width=21) (actual time=25.577..32.597 rows=1 loops=1)
Nested Loop  (cost=0.00..6606.95 rows=1 width=21) (actual time=11.922..31.797 rows=1 loops=1)
Nested Loop  (cost=0.00..6606.95 rows=1 width=21) (actual time=7.173..31.937 rows=1 loops=1)
Nested Loop  (cost=0.00..6606.95 rows=1 width=21) (actual time=25.660..32.210 rows=1 loops=1)
Nested Loop  (cost=0.00..10027.32 rows=1 width=133) (actual time=59.884..66.547 rows=1 loops=1)
Seq Scan on cus_a  (cost=0.00..5382.00 rows=1 width=403) (actual time=2.432..26.236 rows=1 loops=1)
Nested Loop  (cost=0.00..10027.81 rows=1 width=133) (actual time=44.377..157.998 rows=4 loops=1)
Nested Loop  (cost=0.00..6606.95 rows=1 width=21) (actual time=22.409..32.255 rows=1 loops=1)
Nested Loop  (cost=0.00..6606.95 rows=1 width=21) (actual time=21.417..31.928 rows=1 loops=1)
Nested Loop  (cost=0.00..9968.51 rows=1 width=142) (actual time=32.379..61.519 rows=1 loops=1)
Nested Loop  (cost=0.00..10027.18 rows=1 width=133) (actual time=54.083..66.079 rows=1 loops=1)
Nested Loop  (cost=0.00..10027.95 rows=1 width=133) (actual time=55.790..65.924 rows=1 loops=1)
Nested Loop  (cost=0.00..6606.95 rows=1 width=21) (actual time=16.544..32.091 rows=1 loops=1)
Nested Loop  (cost=0.00..6606.95 rows=1 width=21) (actual time=19.106..32.018 rows=1 loops=1)
Nested Loop  (cost=0.00..9968.51 rows=1 width=142) (actual time=39.406..62.082 rows=1 loops=1)
Nested Loop  (cost=0.00..6606.95 rows=1 width=21) (actual time=12.088..32.202 rows=1 loops=1)
Nested Loop  (cost=0.00..10031.41 rows=1 width=133) (actual time=42.217..307.353 rows=9 loops=1)
Nested Loop  (cost=0.00..9968.51 rows=1 width=142) (actual time=46.628..61.049 rows=1 loops=1)
Nested Loop  (cost=0.00..9968.51 rows=1 width=142) (actual time=23.131..61.248 rows=1 loops=1)
Nested Loop  (cost=0.00..10027.18 rows=1 width=133) (actual time=53.930..66.136 rows=1 loops=1)
Nested Loop  (cost=0.00..6606.95 rows=1 width=21) (actual time=30.339..32.343 rows=1 loops=1)
Nested Loop  (cost=6832.41..10238.96 rows=1 width=133) (actual time=59.416..487.806 rows=16 loops=1)
Nested Loop  (cost=0.00..6606.95 rows=1 width=21) (actual time=14.276..31.869 rows=1 loops=1)
Nested Loop  (cost=6839.39..10246.65 rows=1 width=133) (actual time=43.012..344.952 rows=11 loops=1)
Nested Loop  (cost=0.00..6606.95 rows=1 width=21) (actual time=14.601..32.158 rows=1 loops=1)
Nested Loop  (cost=6831.18..10237.60 rows=1 width=133) (actual time=46.742..403.565 rows=13 loops=1)
Nested Loop  (cost=0.00..6606.95 rows=1 width=21) (actual time=18.428..31.921 rows=1 loops=1)
Nested Loop  (cost=0.00..6606.95 rows=1 width=21) (actual time=4.752..31.902 rows=1 loops=1)
Nested Loop  (cost=0.00..6606.95 rows=1 width=21) (actual time=26.041..31.902 rows=1 loops=1)
Nested Loop  (cost=0.00..9968.51 rows=1 width=142) (actual time=22.241..62.083 rows=1 loops=1)
Seq Scan on cus_a  (cost=0.00..5382.00 rows=1 width=403) (actual time=12.421..25.862 rows=1 loops=1)
Nested Loop  (cost=0.00..6606.95 rows=1 width=21) (actual time=15.926..32.256 rows=1 loops=1)
Nested Loop  (cost=0.00..10031.13 rows=1 width=133) (actual time=53.582..65.952 rows=1 loops=1)
Nested Loop  (cost=0.00..9968.51 rows=1 width=142) (actual time=48.151..62.507 rows=1 loops=1)
Nested Loop  (cost=0.00..6606.95 rows=1 width=21) (actual time=27.322..32.182 rows=1 loops=1)
Nested Loop  (cost=0.00..9968.51 rows=1 width=142) (actual time=41.401..61.145 rows=1 loops=1)
Nested Loop  (cost=0.00..9968.51 rows=1 width=142) (actual time=42.035..61.319 rows=1 loops=1)
Nested Loop  (cost=0.00..9968.51 rows=1 width=142) (actual time=41.093..61.488 rows=1 loops=1)
Nested Loop  (cost=0.00..6606.95 rows=1 width=21) (actual time=29.089..32.026 rows=1 loops=1)
Nested Loop  (cost=0.00..6606.95 rows=1 width=21) (actual time=21.713..31.825 rows=1 loops=1)
Nested Loop  (cost=0.00..10027.81 rows=1 width=133) (actual time=49.490..186.468 rows=5 loops=1)
Nested Loop  (cost=0.00..9968.51 rows=1 width=142) (actual time=25.303..62.489 rows=1 loops=1)
Seq Scan on cus_a  (cost=0.00..5382.00 rows=1 width=403) (actual time=1.017..25.754 rows=1 loops=1)
Nested Loop  (cost=0.00..6606.95 rows=1 width=21) (actual time=4.694..31.990 rows=1 loops=1)
Nested Loop  (cost=0.00..6606.95 rows=1 width=21) (actual time=22.747..32.329 rows=1 loops=1)
Nested Loop  (cost=0.00..6606.95 rows=1 width=21) (actual time=13.107..31.976 rows=1 loops=1)
Nested Loop  (cost=0.00..6606.95 rows=1 width=21) (actual time=20.096..32.251 rows=1 loops=1)
Nested Loop  (cost=0.00..9968.51 rows=1 width=142) (actual time=37.874..61.656 rows=1 loops=1)
Nested Loop  (cost=0.00..9968.51 rows=1 width=142) (actual time=37.550..61.966 rows=1 loops=1)
Nested Loop  (cost=0.00..9968.51 rows=1 width=142) (actual time=36.407..61.688 rows=1 loops=1)
Nested Loop  (cost=0.00..6606.95 rows=1 width=21) (actual time=16.365..32.139 rows=1 loops=1)
Nested Loop  (cost=0.00..6606.95 rows=1 width=21) (actual time=13.191..32.008 rows=1 loops=1)
Nested Loop  (cost=0.00..6606.95 rows=1 width=21) (actual time=18.652..32.328 rows=1 loops=1)
Nested Loop  (cost=0.00..10028.09 rows=1 width=133) (actual time=50.029..97.183 rows=2 loops=1)
Nested Loop  (cost=0.00..10030.29 rows=1 width=133) (actual time=58.166..66.797 rows=1 loops=1)
Nested Loop  (cost=0.00..6606.95 rows=1 width=21) (actual time=21.428..32.303 rows=1 loops=1)
Nested Loop  (cost=0.00..6606.95 rows=1 width=21) (actual time=30.452..32.051 rows=1 loops=1)
Nested Loop  (cost=0.00..10027.32 rows=1 width=133) (actual time=47.163..127.613 rows=3 loops=1)
Nested Loop  (cost=0.00..9968.51 rows=1 width=142) (actual time=34.502..61.098 rows=1 loops=1)
Nested Loop  (cost=0.00..9968.51 rows=1 width=142) (actual time=33.450..61.168 rows=1 loops=1)
Nested Loop  (cost=0.00..6606.95 rows=1 width=21) (actual time=17.704..31.753 rows=1 loops=1)
Nested Loop  (cost=0.00..9968.51 rows=1 width=142) (actual time=46.446..61.880 rows=1 loops=1)
Nested Loop  (cost=0.00..6606.95 rows=1 width=21) (actual time=15.017..32.192 rows=1 loops=1)
Nested Loop  (cost=0.00..6606.95 rows=1 width=21) (actual time=20.951..31.768 rows=1 loops=1)
Nested Loop  (cost=0.00..6606.95 rows=1 width=21) (actual time=25.378..32.482 rows=1 loops=1)
Nested Loop  (cost=0.00..10031.13 rows=1 width=133) (actual time=46.502..126.563 rows=3 loops=1)
Nested Loop  (cost=0.00..10027.81 rows=1 width=133) (actual time=59.116..66.831 rows=1 loops=1)
Nested Loop  (cost=0.00..6606.95 rows=1 width=21) (actual time=24.094..32.102 rows=1 loops=1)
Nested Loop  (cost=0.00..10024.38 rows=1 width=133) (actual time=57.551..65.987 rows=1 loops=1)
Nested Loop  (cost=0.00..10030.29 rows=1 width=133) (actual time=37.097..157.567 rows=4 loops=1)
Nested Loop  (cost=0.00..6606.95 rows=1 width=21) (actual time=31.658..32.024 rows=1 loops=1)
Nested Loop  (cost=0.00..9968.51 rows=1 width=142) (actual time=41.482..61.082 rows=1 loops=1)
Nested Loop  (cost=6837.13..10244.14 rows=1 width=133) (actual time=41.769..262.437 rows=8 loops=1)
Nested Loop  (cost=0.00..10027.32 rows=1 width=133) (actual time=33.066..97.135 rows=2 loops=1)
Nested Loop  (cost=0.00..10031.41 rows=1 width=133) (actual time=59.084..66.181 rows=1 loops=1)
Nested Loop  (cost=0.00..9968.51 rows=1 width=142) (actual time=40.033..61.480 rows=1 loops=1)
Nested Loop  (cost=0.00..9968.51 rows=1 width=142) (actual time=36.239..61.627 rows=1 loops=1)
Nested Loop  (cost=0.00..6606.99 rows=1 width=21) (actual time=31.935..32.039 rows=1 loops=1)
Nested Loop  (cost=0.00..6606.95 rows=1 width=21) (actual time=25.400..32.291 rows=1 loops=1)
Nested Loop  (cost=0.00..9968.51 rows=1 width=142) (actual time=34.623..61.068 rows=1 loops=1)
Nested Loop  (cost=0.00..10024.38 rows=1 width=133) (actual time=58.175..65.933 rows=1 loops=1)
Nested Loop  (cost=0.00..6606.95 rows=1 width=21) (actual time=3.409..32.531 rows=1 loops=1)
Nested Loop  (cost=0.00..9968.51 rows=1 width=142) (actual time=37.636..61.936 rows=1 loops=1)
Nested Loop  (cost=0.00..9968.51 rows=1 width=142) (actual time=34.774..62.818 rows=1 loops=1)
Seq Scan on cus_a  (cost=0.00..5382.00 rows=1 width=403) (actual time=17.910..25.878 rows=1 loops=1)
Nested Loop  (cost=0.00..6606.95 rows=1 width=21) (actual time=6.792..32.124 rows=1 loops=1)
Nested Loop  (cost=0.00..9968.51 rows=1 width=142) (actual time=42.414..62.063 rows=1 loops=1)
Nested Loop  (cost=0.00..6606.95 rows=1 width=21) (actual time=20.033..32.389 rows=1 loops=1)
Nested Loop  (cost=0.00..10028.09 rows=1 width=133) (actual time=59.908..66.099 rows=1 loops=1)
Nested Loop  (cost=0.00..9968.51 rows=1 width=142) (actual time=42.595..61.593 rows=1 loops=1)
Nested Loop  (cost=0.00..6606.95 rows=1 width=21) (actual time=6.001..32.196 rows=1 loops=1)
Nested Loop  (cost=0.00..6606.95 rows=1 width=21) (actual time=27.217..32.013 rows=1 loops=1)
Nested Loop  (cost=0.00..6606.95 rows=1 width=21) (actual time=22.735..32.251 rows=1 loops=1)
Nested Loop  (cost=0.00..10024.38 rows=1 width=133) (actual time=49.160..65.977 rows=1 loops=1)
Nested Loop  (cost=0.00..6606.95 rows=1 width=21) (actual time=20.063..32.258 rows=1 loops=1)
Nested Loop  (cost=0.00..10027.32 rows=1 width=133) (actual time=55.197..66.377 rows=1 loops=1)
Nested Loop  (cost=6832.63..10239.20 rows=1 width=133) (actual time=41.433..345.037 rows=11 loops=1)
Nested Loop  (cost=0.00..6606.95 rows=1 width=21) (actual time=2.113..32.196 rows=1 loops=1)
Nested Loop  (cost=0.00..6606.95 rows=1 width=21) (actual time=14.615..31.987 rows=1 loops=1)
Nested Loop  (cost=0.00..10029.38 rows=1 width=133) (actual time=50.410..126.227 rows=3 loops=1)
Nested Loop  (cost=0.00..10027.81 rows=1 width=133) (actual time=48.356..96.265 rows=2 loops=1)
Nested Loop  (cost=0.00..10027.32 rows=1 width=133) (actual time=51.103..157.402 rows=4 loops=1)
Nested Loop  (cost=0.00..6606.95 rows=1 width=21) (actual time=25.823..32.149 rows=1 loops=1)
Nested Loop  (cost=0.00..6606.95 rows=1 width=21) (actual time=17.040..32.067 rows=1 loops=1)
Nested Loop  (cost=0.00..6606.95 rows=1 width=21) (actual time=0.940..32.019 rows=1 loops=1)
Nested Loop  (cost=0.00..6606.95 rows=1 width=21) (actual time=6.701..31.935 rows=1 loops=1)
Nested Loop  (cost=0.00..6606.95 rows=1 width=21) (actual time=4.595..32.284 rows=1 loops=1)
Nested Loop  (cost=0.00..10027.95 rows=1 width=133) (actual time=44.458..158.930 rows=4 loops=1)
Nested Loop  (cost=0.00..9968.51 rows=1 width=142) (actual time=49.967..61.696 rows=1 loops=1)
Nested Loop  (cost=0.00..6606.99 rows=1 width=21) (actual time=31.813..31.918 rows=1 loops=1)
Nested Loop  (cost=0.00..6606.95 rows=1 width=21) (actual time=22.313..31.795 rows=1 loops=1)
Nested Loop  (cost=0.00..6606.95 rows=1 width=21) (actual time=11.088..32.134 rows=1 loops=1)
Nested Loop  (cost=0.00..6606.95 rows=1 width=21) (actual time=30.495..32.343 rows=1 loops=1)
Nested Loop  (cost=0.00..6606.95 rows=1 width=21) (actual time=24.685..31.997 rows=1 loops=1)
Nested Loop  (cost=0.00..6606.95 rows=1 width=21) (actual time=18.085..31.969 rows=1 loops=1)
Nested Loop  (cost=0.00..6606.95 rows=1 width=21) (actual time=22.392..31.949 rows=1 loops=1)
Nested Loop  (cost=0.00..10024.38 rows=1 width=133) (actual time=37.008..97.721 rows=2 loops=1)
Nested Loop  (cost=0.00..6606.95 rows=1 width=21) (actual time=22.269..31.940 rows=1 loops=1)
Nested Loop  (cost=0.00..9968.51 rows=1 width=142) (actual time=33.671..61.772 rows=1 loops=1)
Nested Loop  (cost=0.00..9968.51 rows=1 width=142) (actual time=34.955..61.619 rows=1 loops=1)
Nested Loop  (cost=0.00..6606.95 rows=1 width=21) (actual time=21.984..33.183 rows=1 loops=1)
Nested Loop  (cost=0.00..6606.95 rows=1 width=21) (actual time=9.169..31.882 rows=1 loops=1)
Nested Loop  (cost=0.00..10031.13 rows=1 width=133) (actual time=54.653..97.521 rows=2 loops=1)
Nested Loop  (cost=0.00..6606.95 rows=1 width=21) (actual time=7.397..32.130 rows=1 loops=1)
Nested Loop  (cost=0.00..10031.13 rows=1 width=133) (actual time=59.980..68.175 rows=1 loops=1)
Nested Loop  (cost=0.00..10027.18 rows=1 width=133) (actual time=57.471..66.164 rows=1 loops=1)
Nested Loop  (cost=0.00..6606.95 rows=1 width=21) (actual time=10.947..32.160 rows=1 loops=1)
Nested Loop  (cost=0.00..6606.95 rows=1 width=21) (actual time=24.832..32.036 rows=1 loops=1)
Nested Loop  (cost=0.00..9968.51 rows=1 width=142) (actual time=14.530..61.351 rows=1 loops=1)
Nested Loop  (cost=0.00..6606.95 rows=1 width=21) (actual time=7.742..32.428 rows=1 loops=1)
Nested Loop  (cost=6832.69..10239.27 rows=1 width=133) (actual time=44.508..596.588 rows=20 loops=1)
Nested Loop  (cost=0.00..10027.18 rows=1 width=133) (actual time=42.089..95.461 rows=2 loops=1)
Nested Loop  (cost=0.00..9968.51 rows=1 width=142) (actual time=33.852..61.334 rows=1 loops=1)
Seq Scan on cus_a  (cost=0.00..5382.00 rows=1 width=403) (actual time=3.773..26.020 rows=1 loops=1)
Nested Loop  (cost=0.00..9968.51 rows=1 width=142) (actual time=32.445..62.655 rows=1 loops=1)
Nested Loop  (cost=0.00..6606.95 rows=1 width=21) (actual time=21.664..31.907 rows=1 loops=1)
Nested Loop  (cost=0.00..6606.95 rows=1 width=21) (actual time=8.767..32.288 rows=1 loops=1)
Nested Loop  (cost=0.00..6606.95 rows=1 width=21) (actual time=23.183..32.367 rows=1 loops=1)
Nested Loop  (cost=0.00..10031.41 rows=1 width=133) (actual time=50.395..65.887 rows=1 loops=1)
Nested Loop  (cost=0.00..6606.95 rows=1 width=21) (actual time=21.736..32.957 rows=1 loops=1)
Nested Loop  (cost=0.00..6606.95 rows=1 width=21) (actual time=10.932..32.366 rows=1 loops=1)
Nested Loop  (cost=0.00..6606.95 rows=1 width=21) (actual time=23.035..31.953 rows=1 loops=1)
Nested Loop  (cost=0.00..6606.95 rows=1 width=21) (actual time=23.080..31.922 rows=1 loops=1)
Nested Loop  (cost=0.00..6606.95 rows=1 width=21) (actual time=25.838..31.925 rows=1 loops=1)
Nested Loop  (cost=0.00..9968.51 rows=1 width=142) (actual time=32.142..61.572 rows=1 loops=1)
Nested Loop  (cost=0.00..6606.95 rows=1 width=21) (actual time=26.492..32.073 rows=1 loops=1)
Nested Loop  (cost=6839.62..10246.94 rows=1 width=133) (actual time=43.316..483.394 rows=16 loops=1)
Nested Loop  (cost=0.00..6606.95 rows=1 width=21) (actual time=20.035..31.979 rows=1 loops=1)
Nested Loop  (cost=0.00..6606.95 rows=1 width=21) (actual time=6.610..32.173 rows=1 loops=1)
Nested Loop  (cost=0.00..10024.38 rows=1 width=133) (actual time=52.227..65.680 rows=1 loops=1)
Seq Scan on cus_a  (cost=0.00..5382.00 rows=1 width=403) (actual time=12.090..26.283 rows=1 loops=1)
Nested Loop  (cost=0.00..6606.95 rows=1 width=21) (actual time=13.164..32.336 rows=1 loops=1)
Nested Loop  (cost=0.00..10031.13 rows=1 width=133) (actual time=40.956..157.085 rows=4 loops=1)
Nested Loop  (cost=0.00..9968.51 rows=1 width=142) (actual time=33.930..61.591 rows=1 loops=1)
Nested Loop  (cost=0.00..10024.38 rows=1 width=133) (actual time=34.430..126.489 rows=3 loops=1)
Nested Loop  (cost=0.00..6606.95 rows=1 width=21) (actual time=25.096..32.209 rows=1 loops=1)
Nested Loop  (cost=0.00..10027.18 rows=1 width=133) (actual time=42.704..95.445 rows=2 loops=1)
Nested Loop  (cost=0.00..9968.51 rows=1 width=142) (actual time=39.693..62.311 rows=1 loops=1)
Nested Loop  (cost=0.00..9968.51 rows=1 width=142) (actual time=44.398..63.316 rows=1 loops=1)
Nested Loop  (cost=0.00..9968.51 rows=1 width=142) (actual time=49.343..61.442 rows=1 loops=1)
Nested Loop  (cost=0.00..6606.95 rows=1 width=21) (actual time=10.237..32.072 rows=1 loops=1)
Nested Loop  (cost=0.00..6606.95 rows=1 width=21) (actual time=13.625..32.139 rows=1 loops=1)
Nested Loop  (cost=0.00..6606.95 rows=1 width=21) (actual time=12.860..32.085 rows=1 loops=1)
Nested Loop  (cost=0.00..10031.41 rows=1 width=133) (actual time=58.086..65.610 rows=1 loops=1)
Nested Loop  (cost=0.00..9968.51 rows=1 width=142) (actual time=49.992..61.947 rows=1 loops=1)
Seq Scan on cus_a  (cost=0.00..5382.00 rows=1 width=403) (actual time=16.541..25.824 rows=1 loops=1)
Nested Loop  (cost=0.00..10024.38 rows=1 width=133) (actual time=58.097..66.446 rows=1 loops=1)
Nested Loop  (cost=0.00..10031.41 rows=1 width=133) (actual time=41.585..157.218 rows=4 loops=1)
Nested Loop  (cost=0.00..9968.51 rows=1 width=142) (actual time=37.635..61.587 rows=1 loops=1)
Nested Loop  (cost=0.00..6606.95 rows=1 width=21) (actual time=10.912..31.932 rows=1 loops=1)
Nested Loop  (cost=0.00..10027.18 rows=1 width=133) (actual time=46.406..126.131 rows=3 loops=1)
Nested Loop  (cost=0.00..9968.51 rows=1 width=142) (actual time=38.309..61.628 rows=1 loops=1)
Nested Loop  (cost=6832.44..10238.95 rows=1 width=133) (actual time=44.155..152.081 rows=4 loops=1)
Nested Loop  (cost=0.00..6606.95 rows=1 width=21) (actual time=14.470..32.209 rows=1 loops=1)
Nested Loop  (cost=0.00..6606.95 rows=1 width=21) (actual time=19.382..32.180 rows=1 loops=1)
Nested Loop  (cost=0.00..9968.51 rows=1 width=142) (actual time=45.151..61.439 rows=1 loops=1)
Nested Loop  (cost=0.00..6606.95 rows=1 width=21) (actual time=29.909..32.425 rows=1 loops=1)
Nested Loop  (cost=0.00..10027.32 rows=1 width=133) (actual time=47.275..66.564 rows=1 loops=1)
Nested Loop  (cost=0.00..10027.32 rows=1 width=133) (actual time=38.272..66.094 rows=1 loops=1)
Nested Loop  (cost=0.00..9968.51 rows=1 width=142) (actual time=38.012..62.167 rows=1 loops=1)
Nested Loop  (cost=0.00..6606.95 rows=1 width=21) (actual time=8.032..32.814 rows=1 loops=1)
Nested Loop  (cost=0.00..10027.81 rows=1 width=133) (actual time=45.103..65.641 rows=1 loops=1)
Nested Loop  (cost=0.00..10028.09 rows=1 width=133) (actual time=60.422..156.062 rows=4 loops=1)
Nested Loop  (cost=0.00..6606.95 rows=1 width=21) (actual time=9.987..31.874 rows=1 loops=1)
Nested Loop  (cost=0.00..6606.95 rows=1 width=21) (actual time=27.619..32.082 rows=1 loops=1)
Nested Loop  (cost=0.00..10029.38 rows=1 width=133) (actual time=60.699..65.697 rows=1 loops=1)
Nested Loop  (cost=0.00..9968.51 rows=1 width=142) (actual time=41.608..62.228 rows=1 loops=1)
Nested Loop  (cost=0.00..10030.29 rows=1 width=133) (actual time=59.534..66.641 rows=1 loops=1)
Nested Loop  (cost=0.00..6606.95 rows=1 width=21) (actual time=17.859..31.881 rows=1 loops=1)
Nested Loop  (cost=0.00..9968.51 rows=1 width=142) (actual time=43.018..61.452 rows=1 loops=1)
Nested Loop  (cost=0.00..6606.95 rows=1 width=21) (actual time=15.287..32.111 rows=1 loops=1)
Nested Loop  (cost=0.00..6606.95 rows=1 width=21) (actual time=18.772..31.850 rows=1 loops=1)
Nested Loop  (cost=0.00..10027.18 rows=1 width=133) (actual time=48.849..66.781 rows=1 loops=1)
Nested Loop  (cost=0.00..9968.51 rows=1 width=142) (actual time=31.708..61.816 rows=1 loops=1)
Nested Loop  (cost=0.00..6606.95 rows=1 width=21) (actual time=15.999..32.122 rows=1 loops=1)
Nested Loop  (cost=0.00..6606.95 rows=1 width=21) (actual time=21.480..32.056 rows=1 loops=1)
Nested Loop  (cost=0.00..10027.32 rows=1 width=133) (actual time=59.145..65.976 rows=1 loops=1)
Nested Loop  (cost=0.00..6606.99 rows=1 width=21) (actual time=31.817..32.428 rows=1 loops=1)
Nested Loop  (cost=0.00..10031.41 rows=1 width=133) (actual time=38.398..66.317 rows=1 loops=1)
Nested Loop  (cost=0.00..6606.95 rows=1 width=21) (actual time=4.554..32.514 rows=1 loops=1)
Nested Loop  (cost=0.00..6606.95 rows=1 width=21) (actual time=6.337..32.340 rows=1 loops=1)
Nested Loop  (cost=0.00..10028.09 rows=1 width=133) (actual time=50.126..66.511 rows=1 loops=1)
Nested Loop  (cost=0.00..9968.51 rows=1 width=142) (actual time=32.479..61.183 rows=1 loops=1)
Seq Scan on cus_a  (cost=0.00..5382.00 rows=1 width=403) (actual time=1.710..26.157 rows=1 loops=1)
Nested Loop  (cost=6832.74..10239.29 rows=1 width=133) (actual time=56.966..292.933 rows=9 loops=1)
Nested Loop  (cost=0.00..6606.95 rows=1 width=21) (actual time=22.638..31.850 rows=1 loops=1)
Nested Loop  (cost=0.00..6606.95 rows=1 width=21) (actual time=14.302..31.916 rows=1 loops=1)
Nested Loop  (cost=0.00..6606.95 rows=1 width=21) (actual time=24.616..31.918 rows=1 loops=1)
Nested Loop  (cost=0.00..9968.51 rows=1 width=142) (actual time=35.879..62.053 rows=1 loops=1)
Nested Loop  (cost=0.00..9968.51 rows=1 width=142) (actual time=52.223..61.536 rows=1 loops=1)
Nested Loop  (cost=0.00..9968.51 rows=1 width=142) (actual time=30.877..61.141 rows=1 loops=1)
Nested Loop  (cost=0.00..10028.09 rows=1 width=133) (actual time=58.101..67.364 rows=1 loops=1)
Seq Scan on cus_a  (cost=0.00..5382.00 rows=1 width=403) (actual time=7.511..25.899 rows=1 loops=1)
Nested Loop  (cost=0.00..10031.41 rows=1 width=133) (actual time=54.971..66.089 rows=1 loops=1)
Nested Loop  (cost=0.00..9968.51 rows=1 width=142) (actual time=40.941..61.540 rows=1 loops=1)
Nested Loop  (cost=0.00..10031.41 rows=1 width=133) (actual time=44.598..96.405 rows=2 loops=1)
Nested Loop  (cost=0.00..10031.41 rows=1 width=133) (actual time=36.908..246.745 rows=7 loops=1)
Nested Loop  (cost=0.00..6606.95 rows=1 width=21) (actual time=3.274..32.214 rows=1 loops=1)
Nested Loop  (cost=0.00..10024.38 rows=1 width=133) (actual time=52.129..65.828 rows=1 loops=1)
Nested Loop  (cost=0.00..9968.51 rows=1 width=142) (actual time=45.266..61.355 rows=1 loops=1)
Nested Loop  (cost=0.00..6606.95 rows=1 width=21) (actual time=25.261..31.984 rows=1 loops=1)
Nested Loop  (cost=0.00..9968.51 rows=1 width=142) (actual time=19.774..61.015 rows=1 loops=1)
Nested Loop  (cost=0.00..6606.95 rows=1 width=21) (actual time=16.279..31.879 rows=1 loops=1)
Nested Loop  (cost=0.00..6606.95 rows=1 width=21) (actual time=16.646..32.190 rows=1 loops=1)
Nested Loop  (cost=0.00..9968.51 rows=1 width=142) (actual time=40.694..61.263 rows=1 loops=1)
Nested Loop  (cost=0.00..6606.95 rows=1 width=21) (actual time=16.503..32.109 rows=1 loops=1)
Nested Loop  (cost=0.00..6606.95 rows=1 width=21) (actual time=20.424..32.338 rows=1 loops=1)
Nested Loop  (cost=0.00..10027.18 rows=1 width=133) (actual time=31.182..97.065 rows=2 loops=1)
Nested Loop  (cost=0.00..10031.13 rows=1 width=133) (actual time=54.058..66.379 rows=1 loops=1)
Nested Loop  (cost=0.00..9968.51 rows=1 width=142) (actual time=27.108..61.339 rows=1 loops=1)
Nested Loop  (cost=0.00..10029.38 rows=1 width=133) (actual time=47.988..65.494 rows=1 loops=1)
Nested Loop  (cost=0.00..6606.95 rows=1 width=21) (actual time=12.427..32.026 rows=1 loops=1)
Nested Loop  (cost=0.00..9968.51 rows=1 width=142) (actual time=29.184..61.522 rows=1 loops=1)
Nested Loop  (cost=0.00..10028.09 rows=1 width=133) (actual time=53.731..65.833 rows=1 loops=1)
Nested Loop  (cost=0.00..10027.32 rows=1 width=133) (actual time=55.027..66.738 rows=1 loops=1)
Nested Loop  (cost=0.00..10028.09 rows=1 width=133) (actual time=56.303..67.322 rows=1 loops=1)
Nested Loop  (cost=0.00..9968.51 rows=1 width=142) (actual time=21.775..61.842 rows=1 loops=1)
Nested Loop  (cost=0.00..6606.95 rows=1 width=21) (actual time=22.449..32.115 rows=1 loops=1)
Nested Loop  (cost=0.00..10027.81 rows=1 width=133) (actual time=45.402..65.866 rows=1 loops=1)
Nested Loop  (cost=0.00..10027.18 rows=1 width=133) (actual time=42.168..65.940 rows=1 loops=1)
Nested Loop  (cost=0.00..9968.51 rows=1 width=142) (actual time=32.879..61.842 rows=1 loops=1)
Nested Loop  (cost=6831.23..10237.67 rows=1 width=133) (actual time=49.890..511.639 rows=17 loops=1)
Nested Loop  (cost=0.00..6606.95 rows=1 width=21) (actual time=21.886..32.489 rows=1 loops=1)
Nested Loop  (cost=0.00..10027.95 rows=1 width=133) (actual time=56.272..65.954 rows=1 loops=1)
Nested Loop  (cost=0.00..9968.51 rows=1 width=142) (actual time=31.934..61.671 rows=1 loops=1)
Nested Loop  (cost=0.00..9968.51 rows=1 width=142) (actual time=28.008..61.619 rows=1 loops=1)
Nested Loop  (cost=0.00..9968.51 rows=1 width=142) (actual time=42.313..61.083 rows=1 loops=1)
Nested Loop  (cost=0.00..6606.95 rows=1 width=21) (actual time=7.040..32.230 rows=1 loops=1)
Nested Loop  (cost=0.00..9968.51 rows=1 width=142) (actual time=45.928..61.668 rows=1 loops=1)
Nested Loop  (cost=0.00..10030.29 rows=1 width=133) (actual time=42.636..96.917 rows=2 loops=1)
Seq Scan on cus_a  (cost=0.00..5382.00 rows=1 width=403) (actual time=15.686..25.825 rows=1 loops=1)
Nested Loop  (cost=0.00..9968.51 rows=1 width=142) (actual time=47.858..61.258 rows=1 loops=1)
Nested Loop  (cost=0.00..6606.95 rows=1 width=21) (actual time=18.554..32.234 rows=1 loops=1)
Nested Loop  (cost=0.00..6606.95 rows=1 width=21) (actual time=6.960..32.477 rows=1 loops=1)
Nested Loop  (cost=0.00..9968.51 rows=1 width=142) (actual time=34.506..62.295 rows=1 loops=1)
Nested Loop  (cost=0.00..6606.95 rows=1 width=21) (actual time=21.213..31.929 rows=1 loops=1)
Nested Loop  (cost=0.00..6606.95 rows=1 width=21) (actual time=4.464..31.999 rows=1 loops=1)
Nested Loop  (cost=0.00..10028.09 rows=1 width=133) (actual time=50.265..66.560 rows=1 loops=1)
Nested Loop  (cost=0.00..6606.95 rows=1 width=21) (actual time=7.552..32.066 rows=1 loops=1)
Nested Loop  (cost=0.00..6606.95 rows=1 width=21) (actual time=12.703..31.804 rows=1 loops=1)
Nested Loop  (cost=0.00..10027.95 rows=1 width=133) (actual time=58.208..65.919 rows=1 loops=1)
Nested Loop  (cost=0.00..6606.95 rows=1 width=21) (actual time=10.516..32.349 rows=1 loops=1)
Nested Loop  (cost=0.00..10029.38 rows=1 width=133) (actual time=48.084..96.173 rows=2 loops=1)
Nested Loop  (cost=0.00..9968.51 rows=1 width=142) (actual time=17.886..61.755 rows=1 loops=1)
Nested Loop  (cost=0.00..10027.32 rows=1 width=133) (actual time=52.955..65.884 rows=1 loops=1)
Nested Loop  (cost=0.00..6606.95 rows=1 width=21) (actual time=16.294..31.859 rows=1 loops=1)
Nested Loop  (cost=0.00..9968.54 rows=1 width=142) (actual time=37.811..61.648 rows=1 loops=1)
Nested Loop  (cost=0.00..9968.51 rows=1 width=142) (actual time=33.363..62.897 rows=1 loops=1)
Nested Loop  (cost=6831.15..10237.57 rows=1 width=133) (actual time=55.197..570.688 rows=19 loops=1)
Nested Loop  (cost=0.00..6606.95 rows=1 width=21) (actual time=10.554..31.768 rows=1 loops=1)
Nested Loop  (cost=0.00..10027.18 rows=1 width=133) (actual time=54.035..65.543 rows=1 loops=1)
Nested Loop  (cost=0.00..6606.95 rows=1 width=21) (actual time=6.584..31.973 rows=1 loops=1)
Nested Loop  (cost=6832.72..10239.26 rows=1 width=133) (actual time=57.828..180.896 rows=5 loops=1)
Nested Loop  (cost=0.00..6606.95 rows=1 width=21) (actual time=22.771..32.075 rows=1 loops=1)
Nested Loop  (cost=0.00..6606.95 rows=1 width=21) (actual time=20.918..32.331 rows=1 loops=1)
Nested Loop  (cost=0.00..9968.51 rows=1 width=142) (actual time=29.148..61.740 rows=1 loops=1)
Nested Loop  (cost=0.00..9968.51 rows=1 width=142) (actual time=43.040..61.633 rows=1 loops=1)
Nested Loop  (cost=0.00..10031.41 rows=1 width=133) (actual time=59.446..66.441 rows=1 loops=1)
Nested Loop  (cost=0.00..6606.95 rows=1 width=21) (actual time=15.418..31.864 rows=1 loops=1)
Nested Loop  (cost=0.00..6606.95 rows=1 width=21) (actual time=24.289..31.855 rows=1 loops=1)
Nested Loop  (cost=0.00..6606.95 rows=1 width=21) (actual time=10.752..32.248 rows=1 loops=1)
Nested Loop  (cost=0.00..6606.95 rows=1 width=21) (actual time=6.230..32.080 rows=1 loops=1)
Nested Loop  (cost=0.00..10024.38 rows=1 width=133) (actual time=41.507..95.751 rows=2 loops=1)
Nested Loop  (cost=0.00..6606.95 rows=1 width=21) (actual time=26.107..32.241 rows=1 loops=1)
Nested Loop  (cost=0.00..6606.95 rows=1 width=21) (actual time=25.061..32.018 rows=1 loops=1)
Nested Loop  (cost=0.00..9968.51 rows=1 width=142) (actual time=32.792..61.793 rows=1 loops=1)
Nested Loop  (cost=0.00..9968.51 rows=1 width=142) (actual time=33.098..61.715 rows=1 loops=1)
Nested Loop  (cost=0.00..6606.95 rows=1 width=21) (actual time=22.348..31.999 rows=1 loops=1)
Nested Loop  (cost=0.00..6606.95 rows=1 width=21) (actual time=18.974..31.730 rows=1 loops=1)
Nested Loop  (cost=0.00..6606.95 rows=1 width=21) (actual time=25.882..32.612 rows=1 loops=1)
Nested Loop  (cost=0.00..6606.95 rows=1 width=21) (actual time=8.513..31.783 rows=1 loops=1)
Nested Loop  (cost=0.00..6606.95 rows=1 width=21) (actual time=6.803..31.995 rows=1 loops=1)
Nested Loop  (cost=0.00..10031.13 rows=1 width=133) (actual time=55.561..66.222 rows=1 loops=1)
Nested Loop  (cost=0.00..6606.95 rows=1 width=21) (actual time=28.831..31.869 rows=1 loops=1)
Nested Loop  (cost=6832.63..10239.20 rows=1 width=133) (actual time=41.608..344.050 rows=11 loops=1)
Nested Loop  (cost=0.00..6606.95 rows=1 width=21) (actual time=21.948..31.713 rows=1 loops=1)
Nested Loop  (cost=0.00..6606.95 rows=1 width=21) (actual time=3.032..32.027 rows=1 loops=1)
Nested Loop  (cost=0.00..10028.09 rows=1 width=133) (actual time=58.833..65.991 rows=1 loops=1)
Nested Loop  (cost=0.00..10027.95 rows=1 width=133) (actual time=55.698..66.417 rows=1 loops=1)
Nested Loop  (cost=0.00..9968.51 rows=1 width=142) (actual time=43.881..61.315 rows=1 loops=1)
Nested Loop  (cost=0.00..6606.95 rows=1 width=21) (actual time=24.770..32.092 rows=1 loops=1)
Nested Loop  (cost=0.00..9968.51 rows=1 width=142) (actual time=36.046..61.390 rows=1 loops=1)
Nested Loop  (cost=0.00..6606.95 rows=1 width=21) (actual time=19.765..31.995 rows=1 loops=1)
Nested Loop  (cost=0.00..10027.18 rows=1 width=133) (actual time=43.864..96.197 rows=2 loops=1)
Nested Loop  (cost=6839.62..10246.94 rows=1 width=133) (actual time=48.237..261.609 rows=8 loops=1)
Nested Loop  (cost=0.00..10027.95 rows=1 width=133) (actual time=45.051..96.196 rows=2 loops=1)
Nested Loop  (cost=0.00..10027.81 rows=1 width=133) (actual time=54.606..65.684 rows=1 loops=1)
Nested Loop  (cost=0.00..6606.95 rows=1 width=21) (actual time=25.093..32.064 rows=1 loops=1)
Nested Loop  (cost=0.00..6606.95 rows=1 width=21) (actual time=16.698..31.862 rows=1 loops=1)
Nested Loop  (cost=0.00..6606.95 rows=1 width=21) (actual time=12.498..31.986 rows=1 loops=1)
Nested Loop  (cost=0.00..9968.51 rows=1 width=142) (actual time=45.101..61.978 rows=1 loops=1)
Seq Scan on cus_a  (cost=0.00..5382.00 rows=1 width=403) (actual time=17.856..26.055 rows=1 loops=1)
Nested Loop  (cost=0.00..6606.95 rows=1 width=21) (actual time=16.057..32.024 rows=1 loops=1)
Nested Loop  (cost=0.00..9968.51 rows=1 width=142) (actual time=38.200..61.314 rows=1 loops=1)
Nested Loop  (cost=6833.02..10239.65 rows=1 width=133) (actual time=57.771..487.044 rows=16 loops=1)
Seq Scan on cus_a  (cost=0.00..5382.00 rows=1 width=403) (actual time=14.200..25.912 rows=1 loops=1)
Nested Loop  (cost=0.00..6606.95 rows=1 width=21) (actual time=10.864..31.851 rows=1 loops=1)Nested Loop  (cost=0.00..6351.15 rows=1 width=21) (actual time=6.119..28.506 rows=2 loops=1)
Nested Loop  (cost=0.00..6351.15 rows=1 width=21) (actual time=22.132..27.034 rows=2 loops=1)
Sort  (cost=6351.45..6351.46 rows=1 width=149) (actual time=31.001..31.003 rows=2 loops=1)
Sort  (cost=6351.45..6351.46 rows=1 width=149) (actual time=31.911..31.912 rows=3 loops=1)
Sort  (cost=6351.45..6351.46 rows=1 width=149) (actual time=30.495..30.497 rows=6 loops=1)
Nested Loop  (cost=0.00..6351.15 rows=1 width=21) (actual time=14.418..26.702 rows=2 loops=1)
Sort  (cost=6351.45..6351.46 rows=1 width=149) (actual time=30.051..30.052 rows=1 loops=1)
Nested Loop  (cost=0.00..6351.38 rows=1 width=21) (actual time=2.974..26.809 rows=2 loops=1)
Sort  (cost=6351.45..6351.46 rows=1 width=149) (actual time=30.770..30.772 rows=1 loops=1)
Nested Loop  (cost=0.00..6351.73 rows=1 width=158) (actual time=25.852..26.691 rows=1 loops=1)
Nested Loop  (cost=0.00..6351.84 rows=1 width=21) (actual time=4.631..27.715 rows=3 loops=1)
Sort  (cost=6351.45..6351.46 rows=1 width=149) (actual time=42.312..42.314 rows=1 loops=1)
Nested Loop  (cost=0.00..6351.15 rows=1 width=403) (actual time=10.878..27.499 rows=1 loops=1)
Nested Loop  (cost=0.00..6351.15 rows=1 width=21) (actual time=8.772..30.273 rows=2 loops=1)
Nested Loop  (cost=0.00..6351.82 rows=1 width=21) (actual time=3.822..35.074 rows=5 loops=1)
Sort  (cost=6351.45..6351.46 rows=1 width=149) (actual time=30.841..30.843 rows=1 loops=1)
Nested Loop  (cost=0.00..6351.15 rows=1 width=403) (actual time=24.811..27.058 rows=1 loops=1)
Nested Loop  (cost=0.00..6351.15 rows=1 width=158) (actual time=15.778..28.308 rows=1 loops=1)
Sort  (cost=6351.45..6351.46 rows=1 width=149) (actual time=34.108..34.111 rows=5 loops=1)
Sort  (cost=6351.45..6351.46 rows=1 width=149) (actual time=30.821..30.823 rows=2 loops=1)
Nested Loop  (cost=0.00..6351.15 rows=1 width=21) (actual time=10.662..26.669 rows=2 loops=1)
Sort  (cost=6351.45..6351.46 rows=1 width=149) (actual time=29.949..29.950 rows=1 loops=1)
Sort  (cost=6351.45..6351.46 rows=1 width=149) (actual time=30.894..30.896 rows=4 loops=1)
Sort  (cost=6351.45..6351.46 rows=1 width=149) (actual time=31.618..31.620 rows=5 loops=1)
Nested Loop  (cost=0.00..6351.15 rows=1 width=21) (actual time=2.440..26.786 rows=3 loops=1)
Sort  (cost=6351.45..6351.46 rows=1 width=149) (actual time=30.279..30.281 rows=2 loops=1)
Sort  (cost=6351.45..6351.46 rows=1 width=149) (actual time=33.939..33.943 rows=10 loops=1)
Nested Loop  (cost=0.00..6351.64 rows=1 width=21) (actual time=2.255..27.093 rows=7 loops=1)
Nested Loop  (cost=0.00..6351.15 rows=1 width=21) (actual time=19.095..26.292 rows=2 loops=1)
Nested Loop  (cost=0.00..6351.44 rows=1 width=21) (actual time=18.842..26.630 rows=4 loops=1)
Nested Loop  (cost=0.00..6351.15 rows=1 width=158) (actual time=5.516..26.906 rows=1 loops=1)
Nested Loop  (cost=0.00..6351.15 rows=1 width=403) (actual time=5.244..26.213 rows=1 loops=1)
Nested Loop  (cost=0.00..6352.64 rows=1 width=21) (actual time=2.093..27.314 rows=13 loops=1)
Nested Loop  (cost=0.00..6351.69 rows=1 width=21) (actual time=3.050..26.313 rows=6 loops=1)
Nested Loop  (cost=0.00..6351.15 rows=1 width=21) (actual time=2.183..26.150 rows=3 loops=1)
Nested Loop  (cost=0.00..6351.15 rows=1 width=21) (actual time=17.867..26.097 rows=2 loops=1)
Nested Loop  (cost=0.00..6351.84 rows=1 width=158) (actual time=9.757..26.623 rows=3 loops=1)
Nested Loop  (cost=0.00..6351.15 rows=1 width=158) (actual time=5.393..25.823 rows=1 loops=1)
Nested Loop  (cost=0.00..6351.58 rows=1 width=21) (actual time=5.149..27.074 rows=5 loops=1)
Nested Loop  (cost=0.00..6351.15 rows=1 width=158) (actual time=17.517..26.376 rows=1 loops=1)
Nested Loop  (cost=0.00..6352.84 rows=1 width=158) (actual time=2.139..27.914 rows=9 loops=1)
Nested Loop  (cost=0.00..6351.15 rows=1 width=21) (actual time=16.943..35.612 rows=2 loops=1)
Nested Loop  (cost=0.00..6351.67 rows=1 width=21) (actual time=7.595..26.489 rows=4 loops=1)
Nested Loop  (cost=0.00..6351.44 rows=1 width=158) (actual time=0.449..26.257 rows=2 loops=1)
Nested Loop  (cost=0.00..6351.15 rows=1 width=21) (actual time=9.075..26.185 rows=3 loops=1)
Nested Loop  (cost=0.00..6351.15 rows=1 width=158) (actual time=14.168..25.980 rows=3 loops=1)
Nested Loop  (cost=0.00..6351.15 rows=1 width=21) (actual time=22.591..26.028 rows=2 loops=1)
Nested Loop  (cost=0.00..6352.64 rows=1 width=21) (actual time=4.779..27.581 rows=11 loops=1)
Nested Loop  (cost=0.00..6351.15 rows=1 width=21) (actual time=2.356..27.379 rows=2 loops=1)
Sort  (cost=6351.45..6351.46 rows=1 width=149) (actual time=30.544..30.545 rows=3 loops=1)
Nested Loop  (cost=0.00..6351.15 rows=1 width=21) (actual time=10.658..26.074 rows=4 loops=1)
Nested Loop  (cost=0.00..6351.40 rows=1 width=21) (actual time=21.286..26.458 rows=2 loops=1)
Nested Loop  (cost=0.00..6351.15 rows=1 width=21) (actual time=10.310..26.169 rows=3 loops=1)
Nested Loop  (cost=0.00..6351.15 rows=1 width=21) (actual time=14.190..26.534 rows=2 loops=1)
Nested Loop  (cost=0.00..6352.84 rows=1 width=21) (actual time=8.251..26.817 rows=4 loops=1)
Sort  (cost=6351.45..6351.46 rows=1 width=149) (actual time=30.098..30.100 rows=3 loops=1)
Nested Loop  (cost=0.00..6351.15 rows=1 width=21) (actual time=14.374..25.590 rows=3 loops=1)
Nested Loop  (cost=0.00..6351.64 rows=1 width=21) (actual time=3.384..26.120 rows=4 loops=1)
Nested Loop  (cost=0.00..6351.78 rows=1 width=21) (actual time=3.554..26.317 rows=7 loops=1)
Nested Loop  (cost=0.00..6351.35 rows=1 width=158) (actual time=21.910..26.027 rows=2 loops=1)
Nested Loop  (cost=0.00..6351.47 rows=1 width=21) (actual time=4.767..26.211 rows=5 loops=1)
Nested Loop  (cost=0.00..6351.15 rows=1 width=21) (actual time=7.542..25.805 rows=2 loops=1)
Nested Loop  (cost=0.00..6351.69 rows=1 width=21) (actual time=6.972..26.052 rows=6 loops=1)
Nested Loop  (cost=0.00..6351.76 rows=1 width=158) (actual time=3.713..26.336 rows=5 loops=1)
Nested Loop  (cost=0.00..6351.15 rows=1 width=158) (actual time=9.889..25.800 rows=1 loops=1)
Nested Loop  (cost=0.00..6351.15 rows=1 width=21) (actual time=8.934..26.005 rows=2 loops=1)
Nested Loop  (cost=0.00..6351.15 rows=1 width=21) (actual time=4.971..25.248 rows=2 loops=1)
Sort  (cost=6355.75..6355.75 rows=1 width=149) (actual time=49.846..49.849 rows=15 loops=1)
Nested Loop  (cost=0.00..6351.53 rows=1 width=158) (actual time=13.029..26.068 rows=3 loops=1)
Nested Loop  (cost=0.00..6351.15 rows=1 width=21) (actual time=13.317..25.723 rows=2 loops=1)
Nested Loop  (cost=0.00..6351.15 rows=1 width=158) (actual time=5.756..25.614 rows=1 loops=1)
Sort  (cost=6351.45..6351.46 rows=1 width=149) (actual time=39.817..39.819 rows=10 loops=1)
Sort  (cost=6351.45..6351.46 rows=1 width=149) (actual time=29.668..29.669 rows=1 loops=1)
Nested Loop  (cost=0.00..6351.58 rows=1 width=158) (actual time=11.773..27.038 rows=4 loops=1)
Nested Loop  (cost=0.00..6351.58 rows=1 width=403) (actual time=12.029..29.747 rows=4 loops=1)
Sort  (cost=6351.45..6351.46 rows=1 width=149) (actual time=31.399..31.401 rows=1 loops=1)
Nested Loop  (cost=0.00..6351.15 rows=1 width=21) (actual time=6.277..28.790 rows=2 loops=1)
Sort  (cost=6351.45..6351.46 rows=1 width=149) (actual time=29.915..29.918 rows=1 loops=1)
Nested Loop  (cost=0.00..6351.15 rows=1 width=21) (actual time=11.449..25.781 rows=2 loops=1)
Sort  (cost=6351.45..6351.46 rows=1 width=149) (actual time=29.104..29.107 rows=1 loops=1)
Nested Loop  (cost=0.00..6351.56 rows=1 width=21) (actual time=12.965..25.699 rows=3 loops=1)
Nested Loop  (cost=0.00..6351.69 rows=1 width=21) (actual time=8.204..25.688 rows=3 loops=1)
Nested Loop  (cost=0.00..6351.15 rows=1 width=21) (actual time=8.944..25.254 rows=2 loops=1)
Nested Loop  (cost=0.00..6353.26 rows=1 width=21) (actual time=2.528..26.647 rows=10 loops=1)
Sort  (cost=6351.45..6351.46 rows=1 width=149) (actual time=30.117..30.119 rows=3 loops=1)
Nested Loop  (cost=0.00..6351.15 rows=1 width=403) (actual time=20.482..29.522 rows=1 loops=1)
Sort  (cost=6351.45..6351.46 rows=1 width=149) (actual time=30.502..30.504 rows=1 loops=1)
Nested Loop  (cost=0.00..6351.15 rows=1 width=21) (actual time=0.182..26.111 rows=2 loops=1)
Nested Loop  (cost=0.00..6351.15 rows=1 width=158) (actual time=9.260..25.775 rows=2 loops=1)
Nested Loop  (cost=0.00..6351.15 rows=1 width=158) (actual time=19.505..25.587 rows=1 loops=1)
Sort  (cost=6351.45..6351.46 rows=1 width=149) (actual time=29.822..29.824 rows=2 loops=1)
Nested Loop  (cost=0.00..6351.15 rows=1 width=21) (actual time=12.535..25.651 rows=2 loops=1)
Nested Loop  (cost=0.00..6351.15 rows=1 width=21) (actual time=8.705..25.416 rows=2 loops=1)
Sort  (cost=6351.45..6351.46 rows=1 width=149) (actual time=30.641..30.643 rows=1 loops=1)
Nested Loop  (cost=0.00..6351.15 rows=1 width=158) (actual time=22.165..24.939 rows=1 loops=1)
Sort  (cost=6351.45..6351.46 rows=1 width=149) (actual time=43.696..43.700 rows=1 loops=1)
Nested Loop  (cost=0.00..6352.84 rows=1 width=21) (actual time=8.056..26.121 rows=12 loops=1)
Nested Loop  (cost=0.00..6351.64 rows=1 width=158) (actual time=2.363..26.254 rows=4 loops=1)
Nested Loop  (cost=0.00..6351.64 rows=1 width=403) (actual time=2.285..25.461 rows=4 loops=1)
Nested Loop  (cost=0.00..6351.15 rows=1 width=21) (actual time=3.616..24.799 rows=2 loops=1)
Nested Loop  (cost=0.00..6351.15 rows=1 width=21) (actual time=2.720..24.950 rows=2 loops=1)
Nested Loop  (cost=0.00..6353.26 rows=1 width=21) (actual time=2.520..26.515 rows=10 loops=1)
Sort  (cost=6351.45..6351.46 rows=1 width=149) (actual time=28.489..28.491 rows=1 loops=1)
Nested Loop  (cost=0.00..6351.82 rows=1 width=21) (actual time=7.141..26.267 rows=4 loops=1)
Sort  (cost=6351.45..6351.46 rows=1 width=149) (actual time=29.670..29.671 rows=1 loops=1)
Sort  (cost=6351.45..6351.46 rows=1 width=149) (actual time=29.468..29.470 rows=1 loops=1)
Nested Loop  (cost=0.00..6351.56 rows=1 width=21) (actual time=5.849..25.240 rows=5 loops=1)
Nested Loop  (cost=0.00..6351.64 rows=1 width=21) (actual time=0.628..25.767 rows=3 loops=1)
Nested Loop  (cost=0.00..6351.84 rows=1 width=21) (actual time=10.384..25.327 rows=4 loops=1)
Nested Loop  (cost=0.00..6351.67 rows=1 width=158) (actual time=0.066..25.132 rows=3 loops=1)
Nested Loop  (cost=0.00..6351.15 rows=1 width=21) (actual time=2.331..25.022 rows=3 loops=1)
Nested Loop  (cost=0.00..6351.15 rows=1 width=21) (actual time=2.518..24.845 rows=2 loops=1)
Nested Loop  (cost=0.00..6351.15 rows=1 width=21) (actual time=7.418..24.910 rows=2 loops=1)
Nested Loop  (cost=0.00..6351.15 rows=1 width=158) (actual time=15.055..25.677 rows=2 loops=1)
Nested Loop  (cost=0.00..6351.64 rows=1 width=158) (actual time=1.514..24.716 rows=4 loops=1)
Sort  (cost=6352.80..6352.81 rows=1 width=149) (actual time=32.546..32.548 rows=3 loops=1)
Nested Loop  (cost=0.00..6351.15 rows=1 width=21) (actual time=6.220..24.666 rows=2 loops=1)
Nested Loop  (cost=0.00..6351.82 rows=1 width=158) (actual time=10.034..25.264 rows=4 loops=1)
Nested Loop  (cost=0.00..6351.15 rows=1 width=158) (actual time=11.011..25.875 rows=1 loops=1)
Nested Loop  (cost=0.00..6351.15 rows=1 width=158) (actual time=19.755..24.376 rows=1 loops=1)
Sort  (cost=6351.45..6351.46 rows=1 width=149) (actual time=44.446..44.449 rows=1 loops=1)
Nested Loop  (cost=0.00..6351.82 rows=1 width=158) (actual time=2.151..27.555 rows=4 loops=1)
Sort  (cost=6351.45..6351.46 rows=1 width=149) (actual time=32.739..32.742 rows=1 loops=1)
Nested Loop  (cost=0.00..6351.49 rows=1 width=21) (actual time=2.409..25.765 rows=5 loops=1)
Nested Loop  (cost=0.00..6351.40 rows=1 width=158) (actual time=23.505..24.913 rows=1 loops=1)
Nested Loop  (cost=0.00..6351.15 rows=1 width=21) (actual time=8.010..24.899 rows=2 loops=1)
Sort  (cost=6351.45..6351.46 rows=1 width=149) (actual time=29.000..29.002 rows=1 loops=1)
Nested Loop  (cost=0.00..6351.69 rows=1 width=21) (actual time=1.389..25.154 rows=7 loops=1)
Sort  (cost=6351.45..6351.46 rows=1 width=149) (actual time=29.801..29.802 rows=2 loops=1)
Nested Loop  (cost=0.00..6351.15 rows=1 width=21) (actual time=4.215..24.931 rows=3 loops=1)
Nested Loop  (cost=0.00..6351.76 rows=1 width=158) (actual time=0.499..25.035 rows=3 loops=1)
Nested Loop  (cost=0.00..6351.78 rows=1 width=158) (actual time=4.882..24.858 rows=2 loops=1)
Nested Loop  (cost=0.00..6351.15 rows=1 width=158) (actual time=2.406..24.729 rows=1 loops=1)
Sort  (cost=6351.45..6351.46 rows=1 width=149) (actual time=30.254..30.257 rows=1 loops=1)
Sort  (cost=6351.45..6351.46 rows=1 width=149) (actual time=29.247..29.249 rows=2 loops=1)
Nested Loop  (cost=0.00..6351.15 rows=1 width=403) (actual time=1.829..25.483 rows=1 loops=1)
Nested Loop  (cost=0.00..6351.15 rows=1 width=21) (actual time=19.996..25.935 rows=2 loops=1)
