Merge Join  (cost=5535.09..5540.20 rows=28 width=21) (actual time=29.699..29.859 rows=27 loops=1)
Merge Join  (cost=5534.64..5539.69 rows=27 width=21) (actual time=28.567..28.631 rows=19 loops=1)
Merge Join  (cost=5546.43..5547.44 rows=55 width=127) (actual time=32.468..32.507 rows=70 loops=1)
Merge Join  (cost=5546.14..5547.13 rows=54 width=127) (actual time=32.904..32.920 rows=18 loops=1)
Merge Join  (cost=5546.80..5547.81 rows=55 width=127) (actual time=32.413..32.460 rows=88 loops=1)
Merge Join  (cost=5534.07..5539.08 rows=27 width=21) (actual time=29.110..29.250 rows=23 loops=1)
Merge Join  (cost=5546.80..5547.81 rows=55 width=127) (actual time=32.350..32.359 rows=3 loops=1)
Merge Join  (cost=5537.02..5542.31 rows=29 width=21) (actual time=29.427..29.591 rows=27 loops=1)
Merge Join  (cost=5546.80..5547.81 rows=55 width=127) (actual time=32.408..32.418 rows=9 loops=1)
Merge Join  (cost=5544.92..5545.45 rows=28 width=136) (actual time=29.165..29.176 rows=9 loops=1)
Merge Join  (cost=5535.54..5540.69 rows=28 width=21) (actual time=28.952..29.158 rows=3 loops=1)
Merge Join  (cost=5546.80..5547.81 rows=55 width=127) (actual time=32.567..32.574 rows=3 loops=1)
Merge Join  (cost=5536.17..5541.37 rows=28 width=403) (actual time=29.352..29.502 rows=1 loops=1)
Merge Join  (cost=5534.92..5540.01 rows=28 width=21) (actual time=29.239..29.389 rows=28 loops=1)
Merge Join  (cost=5535.54..5540.69 rows=28 width=21) (actual time=29.252..29.439 rows=3 loops=1)
Merge Join  (cost=5546.07..5547.06 rows=54 width=127) (actual time=32.902..32.913 rows=7 loops=1)
Merge Join  (cost=5535.54..5540.69 rows=28 width=403) (actual time=29.126..29.256 rows=3 loops=1)
Merge Join  (cost=5544.12..5544.65 rows=28 width=136) (actual time=29.273..29.289 rows=21 loops=1)
Merge Join  (cost=5546.07..5547.06 rows=54 width=127) (actual time=32.517..32.555 rows=69 loops=1)
Merge Join  (cost=5545.77..5546.76 rows=54 width=127) (actual time=32.453..32.463 rows=10 loops=1)
Merge Join  (cost=5537.02..5542.31 rows=29 width=21) (actual time=29.509..29.626 rows=25 loops=1)
Merge Join  (cost=5544.92..5545.89 rows=53 width=127) (actual time=31.703..31.710 rows=3 loops=1)
Merge Join  (cost=5546.14..5547.13 rows=54 width=127) (actual time=31.940..31.948 rows=4 loops=1)
Merge Join  (cost=5546.07..5547.06 rows=54 width=127) (actual time=32.996..33.084 rows=177 loops=1)
Merge Join  (cost=5535.54..5540.69 rows=28 width=21) (actual time=28.966..29.181 rows=29 loops=1)
Merge Join  (cost=5545.58..5546.57 rows=54 width=127) (actual time=31.848..31.861 rows=17 loops=1)
Merge Join  (cost=5546.43..5547.44 rows=55 width=127) (actual time=32.800..32.885 rows=176 loops=1)
Merge Join  (cost=5535.20..5540.32 rows=28 width=21) (actual time=29.185..29.372 rows=3 loops=1)
Merge Join  (cost=5535.26..5540.38 rows=28 width=21) (actual time=29.011..29.159 rows=32 loops=1)
Merge Join  (cost=5534.07..5539.08 rows=27 width=21) (actual time=28.942..29.088 rows=20 loops=1)
Merge Join  (cost=5543.21..5543.73 rows=27 width=136) (actual time=29.288..29.304 rows=23 loops=1)
Merge Join  (cost=5534.64..5539.69 rows=27 width=403) (actual time=29.503..29.705 rows=23 loops=1)
Merge Join  (cost=5535.54..5540.69 rows=28 width=21) (actual time=29.412..29.600 rows=1 loops=1)
Merge Join  (cost=5534.64..5539.69 rows=27 width=21) (actual time=29.288..29.452 rows=3 loops=1)
Merge Join  (cost=5536.17..5541.37 rows=28 width=21) (actual time=29.341..29.488 rows=27 loops=1)
Merge Join  (cost=5535.43..5540.57 rows=28 width=21) (actual time=29.286..29.429 rows=30 loops=1)
Merge Join  (cost=5543.87..5544.41 rows=28 width=136) (actual time=29.059..29.061 rows=1 loops=1)
Merge Join  (cost=5544.55..5545.08 rows=28 width=136) (actual time=29.384..29.406 rows=31 loops=1)
Merge Join  (cost=5535.54..5540.69 rows=28 width=21) (actual time=29.911..30.145 rows=9 loops=1)
Merge Join  (cost=5543.21..5543.73 rows=27 width=136) (actual time=29.571..29.587 rows=23 loops=1)
Merge Join  (cost=5544.24..5544.78 rows=28 width=136) (actual time=29.683..29.686 rows=1 loops=1)
Merge Join  (cost=5534.64..5539.69 rows=27 width=21) (actual time=29.177..29.279 rows=16 loops=1)
Merge Join  (cost=5536.17..5541.37 rows=28 width=21) (actual time=29.371..29.546 rows=13 loops=1)
Merge Join  (cost=5545.17..5545.70 rows=28 width=136) (actual time=29.254..29.269 rows=19 loops=1)
Merge Join  (cost=5534.64..5539.69 rows=27 width=21) (actual time=29.812..29.918 rows=13 loops=1)
Merge Join  (cost=5544.92..5545.45 rows=28 width=136) (actual time=30.172..30.187 rows=21 loops=1)
Merge Join  (cost=5535.43..5540.57 rows=28 width=21) (actual time=29.423..29.565 rows=30 loops=1)
Merge Join  (cost=5535.26..5540.38 rows=28 width=21) (actual time=29.182..29.403 rows=1 loops=1)
Merge Join  (cost=5535.54..5540.69 rows=28 width=21) (actual time=29.895..30.054 rows=25 loops=1)
Merge Join  (cost=5547.77..5548.80 rows=56 width=127) (actual time=33.114..33.125 rows=10 loops=1)
Merge Join  (cost=5536.17..5541.37 rows=28 width=21) (actual time=29.043..29.153 rows=29 loops=1)
Merge Join  (cost=5534.92..5540.01 rows=28 width=21) (actual time=29.251..29.362 rows=28 loops=1)
Merge Join  (cost=5536.17..5541.37 rows=28 width=21) (actual time=29.212..29.347 rows=26 loops=1)
Merge Join  (cost=5535.09..5540.20 rows=28 width=21) (actual time=29.365..29.509 rows=23 loops=1)
Merge Join  (cost=5535.54..5540.69 rows=28 width=21) (actual time=28.984..29.096 rows=1 loops=1)
Merge Join  (cost=5546.80..5547.81 rows=55 width=127) (actual time=32.902..32.937 rows=59 loops=1)
Merge Join  (cost=5535.43..5540.57 rows=28 width=21) (actual time=29.866..29.895 rows=25 loops=1)
Merge Join  (cost=5537.02..5542.31 rows=29 width=21) (actual time=29.772..29.902 rows=2 loops=1)
Merge Join  (cost=5536.00..5541.18 rows=28 width=21) (actual time=29.075..29.201 rows=5 loops=1)
Merge Join  (cost=5543.21..5543.73 rows=27 width=136) (actual time=29.662..29.677 rows=17 loops=1)
Merge Join  (cost=5534.92..5540.01 rows=28 width=21) (actual time=29.527..29.663 rows=15 loops=1)
Merge Join  (cost=5535.43..5540.57 rows=28 width=21) (actual time=29.718..29.872 rows=26 loops=1)
Merge Join  (cost=5537.02..5542.31 rows=29 width=21) (actual time=29.355..29.501 rows=6 loops=1)
Merge Join  (cost=5544.12..5544.65 rows=28 width=136) (actual time=29.313..29.321 rows=7 loops=1)
Merge Join  (cost=5543.75..5544.28 rows=28 width=136) (actual time=29.335..29.350 rows=21 loops=1)
Merge Join  (cost=5535.60..5540.75 rows=28 width=21) (actual time=29.887..29.976 rows=18 loops=1)
Merge Join  (cost=5535.54..5540.69 rows=28 width=21) (actual time=29.529..29.586 rows=33 loops=1)
Merge Join  (cost=5584.46..5592.75 rows=471 width=127) (actual time=33.927..34.164 rows=506 loops=1)
Merge Join  (cost=5544.24..5544.78 rows=28 width=136) (actual time=29.442..29.455 rows=15 loops=1)
Merge Join  (cost=5535.54..5540.69 rows=28 width=21) (actual time=29.883..29.976 rows=33 loops=1)
Merge Join  (cost=5544.92..5545.45 rows=28 width=136) (actual time=30.245..30.264 rows=27 loops=1)
Merge Join  (cost=5545.04..5546.02 rows=53 width=127) (actual time=32.618..32.695 rows=152 loops=1)
Merge Join  (cost=5546.43..5547.44 rows=55 width=127) (actual time=31.995..32.005 rows=11 loops=1)
Merge Join  (cost=5543.93..5544.47 rows=28 width=136) (actual time=29.708..29.717 rows=7 loops=1)
Merge Join  (cost=5535.26..5540.38 rows=28 width=403) (actual time=29.274..29.422 rows=7 loops=1)
Merge Join  (cost=5546.07..5547.06 rows=54 width=127) (actual time=32.982..32.992 rows=11 loops=1)
Merge Join  (cost=5534.07..5539.08 rows=27 width=21) (actual time=29.194..29.211 rows=30 loops=1)
Merge Join  (cost=5545.77..5546.76 rows=54 width=127) (actual time=32.835..32.848 rows=13 loops=1)
Merge Join  (cost=5535.83..5541.00 rows=28 width=21) (actual time=29.640..29.702 rows=28 loops=1)
Merge Join  (cost=5547.77..5548.80 rows=56 width=127) (actual time=32.379..32.387 rows=5 loops=1)
Merge Join  (cost=5534.64..5539.69 rows=27 width=21) (actual time=29.243..29.425 rows=7 loops=1)
Merge Join  (cost=5536.17..5541.37 rows=28 width=21) (actual time=29.575..29.806 rows=5 loops=1)
Merge Join  (cost=5534.92..5540.01 rows=28 width=21) (actual time=29.413..29.542 rows=32 loops=1)
Merge Join  (cost=5536.17..5541.37 rows=28 width=21) (actual time=29.439..29.599 rows=1 loops=1)
Merge Join  (cost=5545.95..5546.94 rows=54 width=127) (actual time=32.555..32.578 rows=37 loops=1)
Merge Join  (cost=5535.43..5540.57 rows=28 width=403) (actual time=29.567..29.714 rows=25 loops=1)
Merge Join  (cost=5545.04..5546.02 rows=53 width=127) (actual time=32.864..32.872 rows=5 loops=1)
Merge Join  (cost=5536.40..5541.62 rows=28 width=21) (actual time=29.657..29.817 rows=20 loops=1)
Merge Join  (cost=5544.73..5545.27 rows=28 width=136) (actual time=29.933..29.949 rows=21 loops=1)
Merge Join  (cost=5543.93..5544.47 rows=28 width=136) (actual time=30.285..30.296 rows=9 loops=1)
Merge Join  (cost=5546.43..5547.44 rows=55 width=127) (actual time=33.402..33.426 rows=37 loops=1)
Merge Join  (cost=5535.26..5540.38 rows=28 width=21) (actual time=31.620..31.768 rows=28 loops=1)
Merge Join  (cost=5534.07..5539.08 rows=27 width=21) (actual time=29.657..29.729 rows=16 loops=1)
Merge Join  (cost=5546.80..5547.81 rows=55 width=127) (actual time=33.422..33.438 rows=19 loops=1)
Merge Join  (cost=5543.75..5544.28 rows=28 width=136) (actual time=30.316..30.334 rows=25 loops=1)
Merge Join  (cost=5544.92..5545.89 rows=53 width=127) (actual time=32.736..32.739 rows=1 loops=1)
Merge Join  (cost=5536.17..5541.37 rows=28 width=21) (actual time=29.991..30.140 rows=1 loops=1)
Merge Join  (cost=5542.60..5543.12 rows=27 width=136) (actual time=30.309..30.317 rows=3 loops=1)
Merge Join  (cost=5534.07..5539.08 rows=27 width=403) (actual time=29.988..30.143 rows=3 loops=1)
Merge Join  (cost=5535.26..5540.38 rows=28 width=21) (actual time=29.669..29.816 rows=29 loops=1)
Merge Join  (cost=5535.54..5540.69 rows=28 width=21) (actual time=29.559..29.719 rows=26 loops=1)
Merge Join  (cost=5534.92..5540.01 rows=28 width=21) (actual time=29.666..29.815 rows=1 loops=1)
Merge Join  (cost=5545.77..5546.76 rows=54 width=127) (actual time=33.018..33.028 rows=9 loops=1)
Merge Join  (cost=5535.09..5540.20 rows=28 width=21) (actual time=29.901..29.999 rows=3 loops=1)
Merge Join  (cost=5546.14..5547.13 rows=54 width=127) (actual time=32.940..32.966 rows=41 loops=1)
Merge Join  (cost=5547.05..5548.05 rows=55 width=127) (actual time=33.294..33.314 rows=33 loops=1)
Merge Join  (cost=5535.60..5540.75 rows=28 width=21) (actual time=29.772..29.953 rows=7 loops=1)
Merge Join  (cost=5536.40..5541.62 rows=28 width=21) (actual time=29.689..29.917 rows=9 loops=1)
Merge Join  (cost=5536.00..5541.18 rows=28 width=21) (actual time=29.378..29.522 rows=5 loops=1)
Merge Join  (cost=5545.17..5545.70 rows=28 width=136) (actual time=30.098..30.110 rows=13 loops=1)
Merge Join  (cost=5534.92..5540.01 rows=28 width=21) (actual time=29.950..30.053 rows=30 loops=1)
Merge Join  (cost=5534.64..5539.69 rows=27 width=21) (actual time=29.996..30.017 rows=36 loops=1)
Merge Join  (cost=5534.64..5539.69 rows=27 width=21) (actual time=30.176..30.320 rows=33 loops=1)
Merge Join  (cost=5544.24..5544.78 rows=28 width=136) (actual time=30.703..30.715 rows=13 loops=1)
Merge Join  (cost=5543.56..5544.10 rows=28 width=136) (actual time=30.257..30.265 rows=3 loops=1)
Merge Join  (cost=5546.80..5547.81 rows=55 width=127) (actual time=33.445..33.537 rows=181 loops=1)
Merge Join  (cost=5535.54..5540.69 rows=28 width=21) (actual time=29.699..29.819 rows=36 loops=1)
Merge Join  (cost=5544.55..5545.08 rows=28 width=136) (actual time=30.352..30.359 rows=3 loops=1)
Merge Join  (cost=5544.73..5545.27 rows=28 width=136) (actual time=30.219..30.235 rows=21 loops=1)
Merge Join  (cost=5545.89..5546.44 rows=29 width=136) (actual time=29.980..29.996 rows=25 loops=1)
Merge Join  (cost=5547.77..5548.80 rows=56 width=127) (actual time=32.897..32.916 rows=31 loops=1)
Merge Join  (cost=5544.92..5545.45 rows=28 width=136) (actual time=30.203..30.210 rows=3 loops=1)
Merge Join  (cost=5546.80..5547.81 rows=55 width=127) (actual time=33.125..33.127 rows=1 loops=1)
Merge Join  (cost=5534.07..5539.08 rows=27 width=21) (actual time=29.804..30.009 rows=17 loops=1)
Merge Join  (cost=5544.73..5545.27 rows=28 width=136) (actual time=30.190..30.206 rows=25 loops=1)
Merge Join  (cost=5535.83..5541.00 rows=28 width=21) (actual time=30.252..30.326 rows=21 loops=1)
Merge Join  (cost=5546.07..5547.06 rows=54 width=127) (actual time=33.149..33.152 rows=1 loops=1)
Merge Join  (cost=5535.60..5540.75 rows=28 width=21) (actual time=29.642..29.867 rows=5 loops=1)
Merge Join  (cost=5545.04..5546.02 rows=53 width=127) (actual time=33.464..33.494 rows=51 loops=1)
Merge Join  (cost=5536.17..5541.37 rows=28 width=21) (actual time=30.134..30.288 rows=23 loops=1)
Merge Join  (cost=5545.17..5545.70 rows=28 width=136) (actual time=30.169..30.178 rows=7 loops=1)
Merge Join  (cost=5543.93..5544.47 rows=28 width=136) (actual time=30.091..30.100 rows=5 loops=1)
Merge Join  (cost=5544.24..5544.78 rows=28 width=136) (actual time=30.117..30.140 rows=28 loops=1)
Merge Join  (cost=5547.77..5548.80 rows=56 width=127) (actual time=33.860..33.874 rows=17 loops=1)
Merge Join  (cost=5545.04..5546.02 rows=53 width=127) (actual time=33.186..33.225 rows=73 loops=1)
Merge Join  (cost=5534.64..5539.69 rows=27 width=403) (actual time=29.699..29.927 rows=25 loops=1)
Merge Join  (cost=5535.54..5540.69 rows=28 width=21) (actual time=29.902..30.032 rows=14 loops=1)
Merge Join  (cost=5544.30..5544.84 rows=28 width=136) (actual time=30.319..30.334 rows=19 loops=1)
Merge Join  (cost=5535.54..5540.69 rows=28 width=21) (actual time=30.317..30.524 rows=1 loops=1)
Merge Join  (cost=5546.80..5547.81 rows=55 width=127) (actual time=33.685..33.734 rows=87 loops=1)
Merge Join  (cost=5546.80..5547.81 rows=55 width=127) (actual time=33.388..33.407 rows=29 loops=1)
Merge Join  (cost=5544.92..5545.45 rows=28 width=136) (actual time=30.825..30.834 rows=7 loops=1)
Merge Join  (cost=5535.54..5540.69 rows=28 width=21) (actual time=30.403..30.555 rows=7 loops=1)
Merge Join  (cost=5543.93..5544.47 rows=28 width=136) (actual time=29.871..29.884 rows=15 loops=1)
Merge Join  (cost=5535.26..5540.38 rows=28 width=403) (actual time=29.811..30.020 rows=15 loops=1)
Merge Join  (cost=5544.43..5545.40 rows=53 width=127) (actual time=33.079..33.102 rows=37 loops=1)
Merge Join  (cost=5534.53..5539.57 rows=27 width=21) (actual time=29.912..30.041 rows=35 loops=1)
Merge Join  (cost=5536.17..5541.37 rows=28 width=21) (actual time=29.999..30.105 rows=19 loops=1)
Merge Join  (cost=5534.92..5540.01 rows=28 width=21) (actual time=29.760..29.862 rows=29 loops=1)
Merge Join  (cost=5536.17..5541.37 rows=28 width=21) (actual time=30.449..30.526 rows=32 loops=1)
Merge Join  (cost=5536.17..5541.37 rows=28 width=21) (actual time=30.134..30.318 rows=11 loops=1)
Merge Join  (cost=5545.17..5545.70 rows=28 width=136) (actual time=30.205..30.219 rows=17 loops=1)
Merge Join  (cost=5536.40..5541.62 rows=28 width=403) (actual time=29.741..29.825 rows=17 loops=1)
Merge Join  (cost=5536.17..5541.37 rows=28 width=21) (actual time=29.926..30.182 rows=13 loops=1)
Merge Join  (cost=5544.43..5545.40 rows=53 width=127) (actual time=33.387..33.425 rows=71 loops=1)
Merge Join  (cost=5545.40..5546.39 rows=54 width=127) (actual time=33.270..33.297 rows=45 loops=1)
Merge Join  (cost=5534.92..5540.01 rows=28 width=403) (actual time=29.745..29.926 rows=21 loops=1)
Merge Join  (cost=5546.07..5547.06 rows=54 width=127) (actual time=33.324..33.337 rows=19 loops=1)
Merge Join  (cost=5544.24..5544.78 rows=28 width=136) (actual time=30.318..30.322 rows=1 loops=1)
Merge Join  (cost=5535.54..5540.69 rows=28 width=403) (actual time=29.906..30.107 rows=1 loops=1)
Merge Join  (cost=5573.31..5579.67 rows=361 width=127) (actual time=33.977..34.179 rows=412 loops=1)
Merge Join  (cost=5536.40..5541.62 rows=28 width=21) (actual time=30.174..30.262 rows=18 loops=1)
Merge Join  (cost=5534.64..5539.69 rows=27 width=21) (actual time=30.082..30.226 rows=16 loops=1)
Merge Join  (cost=5535.20..5540.32 rows=28 width=21) (actual time=29.868..30.009 rows=17 loops=1)
Merge Join  (cost=5534.64..5539.69 rows=27 width=21) (actual time=29.394..29.529 rows=11 loops=1)
Merge Join  (cost=5535.20..5540.32 rows=28 width=21) (actual time=30.142..30.265 rows=16 loops=1)
Merge Join  (cost=5535.60..5540.75 rows=28 width=21) (actual time=30.355..30.571 rows=5 loops=1)
Merge Join  (cost=5535.09..5540.20 rows=28 width=21) (actual time=29.736..29.795 rows=22 loops=1)
Merge Join  (cost=5535.60..5540.75 rows=28 width=21) (actual time=29.944..30.076 rows=10 loops=1)
Merge Join  (cost=5545.58..5546.57 rows=54 width=127) (actual time=33.267..33.278 rows=11 loops=1)
Merge Join  (cost=5545.40..5546.39 rows=54 width=127) (actual time=33.358..33.361 rows=1 loops=1)
Merge Join  (cost=5543.09..5543.61 rows=27 width=136) (actual time=29.812..29.820 rows=7 loops=1)
Merge Join  (cost=5536.17..5541.37 rows=28 width=21) (actual time=29.492..29.678 rows=15 loops=1)
Merge Join  (cost=5534.64..5539.69 rows=27 width=21) (actual time=29.913..30.033 rows=28 loops=1)
Merge Join  (cost=5545.70..5546.69 rows=54 width=127) (actual time=33.527..33.563 rows=66 loops=1)
Merge Join  (cost=5547.05..5548.05 rows=55 width=127) (actual time=32.941..32.949 rows=7 loops=1)
Merge Join  (cost=5535.54..5540.69 rows=28 width=21) (actual time=29.588..29.696 rows=11 loops=1)
Merge Join  (cost=5535.09..5540.20 rows=28 width=21) (actual time=30.458..30.588 rows=32 loops=1)
Merge Join  (cost=5536.17..5541.37 rows=28 width=21) (actual time=29.745..29.921 rows=21 loops=1)
Merge Join  (cost=5544.12..5544.65 rows=28 width=136) (actual time=29.836..29.845 rows=7 loops=1)
Merge Join  (cost=5544.24..5544.78 rows=28 width=136) (actual time=29.762..29.772 rows=11 loops=1)
Merge Join  (cost=5544.24..5544.78 rows=28 width=136) (actual time=30.505..30.524 rows=28 loops=1)
Merge Join  (cost=5535.60..5540.75 rows=28 width=21) (actual time=30.095..30.234 rows=15 loops=1)
Merge Join  (cost=5536.17..5541.37 rows=28 width=21) (actual time=29.832..29.977 rows=26 loops=1)
Merge Join  (cost=5534.53..5539.57 rows=27 width=21) (actual time=29.555..29.760 rows=13 loops=1)
Merge Join  (cost=5535.09..5540.20 rows=28 width=21) (actual time=29.961..30.155 rows=1 loops=1)
Merge Join  (cost=5537.02..5542.31 rows=29 width=21) (actual time=30.127..30.271 rows=9 loops=1)
Merge Join  (cost=5546.07..5547.06 rows=54 width=127) (actual time=33.161..33.182 rows=33 loops=1)
Merge Join  (cost=5535.54..5540.69 rows=28 width=403) (actual time=29.422..29.642 rows=19 loops=1)
Merge Join  (cost=5546.14..5547.13 rows=54 width=127) (actual time=34.003..34.043 rows=74 loops=1)
Merge Join  (cost=5534.07..5539.08 rows=27 width=21) (actual time=29.806..30.035 rows=13 loops=1)
Merge Join  (cost=5537.02..5542.31 rows=29 width=21) (actual time=29.706..29.865 rows=21 loops=1)
Merge Join  (cost=5544.12..5544.65 rows=28 width=136) (actual time=29.945..29.948 rows=1 loops=1)
Merge Join  (cost=5547.05..5548.05 rows=55 width=127) (actual time=33.713..33.750 rows=67 loops=1)
Merge Join  (cost=5544.43..5545.40 rows=53 width=127) (actual time=33.083..33.095 rows=13 loops=1)
Merge Join  (cost=5535.60..5540.75 rows=28 width=21) (actual time=29.591..29.736 rows=1 loops=1)
Merge Join  (cost=5535.43..5540.57 rows=28 width=21) (actual time=29.410..29.625 rows=1 loops=1)
Merge Join  (cost=5543.87..5544.41 rows=28 width=136) (actual time=30.036..30.057 rows=33 loops=1)
Merge Join  (cost=5535.43..5540.57 rows=28 width=21) (actual time=30.850..30.973 rows=12 loops=1)
Merge Join  (cost=5546.43..5547.44 rows=55 width=127) (actual time=33.747..33.831 rows=171 loops=1)
Merge Join  (cost=5543.93..5544.47 rows=28 width=136) (actual time=29.839..29.851 rows=15 loops=1)
Merge Join  (cost=5544.24..5544.78 rows=28 width=136) (actual time=30.321..30.341 rows=31 loops=1)
Merge Join  (cost=5547.05..5548.05 rows=55 width=127) (actual time=33.368..33.388 rows=33 loops=1)
Merge Join  (cost=5536.40..5541.62 rows=28 width=21) (actual time=29.701..29.822 rows=9 loops=1)
Merge Join  (cost=5580.43..5588.03 rows=432 width=127) (actual time=34.144..34.374 rows=498 loops=1)
Merge Join  (cost=5534.92..5540.01 rows=28 width=21) (actual time=30.025..30.111 rows=26 loops=1)
Merge Join  (cost=5545.70..5546.69 rows=54 width=127) (actual time=33.681..33.786 rows=214 loops=1)
Merge Join  (cost=5535.20..5540.32 rows=28 width=21) (actual time=29.573..29.716 rows=5 loops=1)
Merge Join  (cost=5587.79..5596.50 rows=495 width=127) (actual time=34.100..34.338 rows=508 loops=1)
Merge Join  (cost=5535.09..5540.20 rows=28 width=21) (actual time=29.918..30.152 rows=17 loops=1)
Merge Join  (cost=5534.53..5539.57 rows=27 width=21) (actual time=29.966..30.094 rows=22 loops=1)
Merge Join  (cost=5535.54..5540.69 rows=28 width=21) (actual time=29.841..29.987 rows=18 loops=1)
Merge Join  (cost=5544.92..5545.45 rows=28 width=136) (actual time=30.285..30.295 rows=9 loops=1)
Merge Join  (cost=5536.17..5541.37 rows=28 width=403) (actual time=30.271..30.491 rows=9 loops=1)
Merge Join  (cost=5535.54..5540.69 rows=28 width=21) (actual time=30.064..30.200 rows=28 loops=1)
Merge Join  (cost=5545.58..5546.57 rows=54 width=127) (actual time=32.378..32.395 rows=23 loops=1)
Merge Join  (cost=5543.21..5543.73 rows=27 width=136) (actual time=29.695..29.703 rows=5 loops=1)
Merge Join  (cost=5536.17..5541.37 rows=28 width=21) (actual time=30.438..30.564 rows=32 loops=1)
Merge Join  (cost=5543.21..5543.73 rows=27 width=136) (actual time=30.214..30.228 rows=17 loops=1)
Merge Join  (cost=5543.21..5543.73 rows=27 width=136) (actual time=29.817..29.827 rows=11 loops=1)
Merge Join  (cost=5544.30..5544.84 rows=28 width=136) (actual time=29.792..29.801 rows=7 loops=1)
Merge Join  (cost=5535.54..5540.69 rows=28 width=21) (actual time=30.199..30.400 rows=5 loops=1)
Merge Join  (cost=5535.43..5540.57 rows=28 width=21) (actual time=29.996..30.178 rows=1 loops=1)
Merge Join  (cost=5557.15..5560.47 rows=187 width=127) (actual time=33.418..33.496 rows=162 loops=1)
Merge Join  (cost=5542.60..5543.12 rows=27 width=136) (actual time=29.815..29.826 rows=11 loops=1)
Merge Join  (cost=5534.07..5539.08 rows=27 width=403) (actual time=29.851..30.002 rows=11 loops=1)
Merge Join  (cost=5534.53..5539.57 rows=27 width=21) (actual time=29.870..30.018 rows=7 loops=1)
Merge Join  (cost=5534.07..5539.08 rows=27 width=21) (actual time=29.668..29.764 rows=26 loops=1)
Merge Join  (cost=5536.17..5541.37 rows=28 width=21) (actual time=29.579..29.729 rows=19 loops=1)
Merge Join  (cost=5536.17..5541.37 rows=28 width=21) (actual time=29.954..30.171 rows=29 loops=1)
Merge Join  (cost=5543.21..5543.73 rows=27 width=136) (actual time=30.468..30.483 rows=19 loops=1)
Merge Join  (cost=5544.24..5544.78 rows=28 width=136) (actual time=30.049..30.072 rows=37 loops=1)
Merge Join  (cost=5544.30..5544.84 rows=28 width=136) (actual time=29.814..29.817 rows=1 loops=1)
Merge Join  (cost=5534.92..5540.01 rows=28 width=21) (actual time=29.495..29.628 rows=28 loops=1)
Merge Join  (cost=5535.26..5540.38 rows=28 width=21) (actual time=30.058..30.200 rows=28 loops=1)
Merge Join  (cost=5536.40..5541.62 rows=28 width=21) (actual time=30.013..30.170 rows=7 loops=1)
Merge Join  (cost=5545.04..5546.02 rows=53 width=127) (actual time=32.987..33.001 rows=19 loops=1)
Merge Join  (cost=5546.07..5547.06 rows=54 width=127) (actual time=32.941..32.965 rows=41 loops=1)
Merge Join  (cost=5536.40..5541.62 rows=28 width=21) (actual time=29.998..30.150 rows=29 loops=1)
Merge Join  (cost=5535.83..5541.00 rows=28 width=21) (actual time=29.826..29.974 rows=6 loops=1)
Merge Join  (cost=5546.07..5547.06 rows=54 width=127) (actual time=33.249..33.297 rows=90 loops=1)
Merge Join  (cost=5543.09..5543.61 rows=27 width=136) (actual time=29.849..29.867 rows=29 loops=1)
Merge Join  (cost=5544.30..5544.84 rows=28 width=136) (actual time=30.453..30.470 rows=25 loops=1)
Merge Join  (cost=5535.43..5540.57 rows=28 width=21) (actual time=29.866..30.050 rows=17 loops=1)
Merge Join  (cost=5544.73..5545.27 rows=28 width=136) (actual time=29.867..29.889 rows=35 loops=1)
Merge Join  (cost=5534.64..5539.69 rows=27 width=21) (actual time=29.531..29.755 rows=15 loops=1)
Merge Join  (cost=5534.92..5540.01 rows=28 width=21) (actual time=29.831..29.982 rows=30 loops=1)
Merge Join  (cost=5534.64..5539.69 rows=27 width=21) (actual time=30.056..30.224 rows=24 loops=1)
Merge Join  (cost=5544.92..5545.89 rows=53 width=127) (actual time=33.047..33.063 rows=25 loops=1)
Merge Join  (cost=5546.80..5547.81 rows=55 width=127) (actual time=32.302..32.304 rows=1 loops=1)
Merge Join  (cost=5536.17..5541.37 rows=28 width=21) (actual time=29.821..29.905 rows=11 loops=1)
Merge Join  (cost=5546.07..5547.06 rows=54 width=127) (actual time=32.555..32.558 rows=1 loops=1)
Merge Join  (cost=5545.40..5546.39 rows=54 width=127) (actual time=33.112..33.188 rows=149 loops=1)
Merge Join  (cost=5536.40..5541.62 rows=28 width=21) (actual time=29.580..29.786 rows=1 loops=1)
Merge Join  (cost=5543.56..5544.10 rows=28 width=136) (actual time=30.404..30.422 rows=25 loops=1)
Merge Join  (cost=5545.40..5546.39 rows=54 width=127) (actual time=33.499..33.594 rows=196 loops=1)
Merge Join  (cost=5546.07..5547.06 rows=54 width=127) (actual time=33.090..33.128 rows=73 loops=1)
Merge Join  (cost=5546.43..5547.44 rows=55 width=127) (actual time=33.092..33.114 rows=35 loops=1)
Merge Join  (cost=5543.21..5543.73 rows=27 width=136) (actual time=29.915..29.930 rows=23 loops=1)
Merge Join  (cost=5543.56..5544.10 rows=28 width=136) (actual time=30.047..30.053 rows=3 loops=1)
Merge Join  (cost=5535.26..5540.38 rows=28 width=21) (actual time=29.490..29.607 rows=3 loops=1)
Merge Join  (cost=5534.07..5539.08 rows=27 width=21) (actual time=29.506..29.685 rows=9 loops=1)
Merge Join  (cost=5544.55..5545.08 rows=28 width=136) (actual time=29.888..29.896 rows=5 loops=1)
Merge Join  (cost=5546.07..5547.06 rows=54 width=127) (actual time=33.345..33.352 rows=3 loops=1)
Merge Join  (cost=5536.40..5541.62 rows=28 width=21) (actual time=29.645..29.822 rows=7 loops=1)
Merge Join  (cost=5543.21..5543.73 rows=27 width=136) (actual time=29.992..30.003 rows=12 loops=1)
Merge Join  (cost=5543.21..5543.73 rows=27 width=136) (actual time=30.033..30.049 rows=23 loops=1)
Merge Join  (cost=5534.64..5539.69 rows=27 width=403) (actual time=29.756..29.820 rows=23 loops=1)
Merge Join  (cost=5534.07..5539.08 rows=27 width=21) (actual time=29.604..29.744 rows=26 loops=1)
Merge Join  (cost=5544.24..5544.78 rows=28 width=136) (actual time=29.907..29.919 rows=17 loops=1)
Merge Join  (cost=5534.53..5539.57 rows=27 width=21) (actual time=30.276..30.425 rows=18 loops=1)
Merge Join  (cost=5545.04..5546.02 rows=53 width=127) (actual time=32.687..32.695 rows=5 loops=1)
Merge Join  (cost=5544.92..5545.45 rows=28 width=136) (actual time=30.060..30.077 rows=27 loops=1)
Merge Join  (cost=5534.92..5540.01 rows=28 width=21) (actual time=29.511..29.641 rows=20 loops=1)
Merge Join  (cost=5534.64..5539.69 rows=27 width=21) (actual time=30.520..30.598 rows=28 loops=1)
Merge Join  (cost=5536.00..5541.18 rows=28 width=21) (actual time=29.810..29.960 rows=14 loops=1)
Merge Join  (cost=5546.07..5547.06 rows=54 width=127) (actual time=33.026..33.044 rows=27 loops=1)
Merge Join  (cost=5534.92..5540.01 rows=28 width=21) (actual time=29.516..29.636 rows=1 loops=1)
Merge Join  (cost=5546.80..5547.81 rows=55 width=127) (actual time=33.589..33.605 rows=21 loops=1)
Merge Join  (cost=5575.39..5582.24 rows=389 width=127) (actual time=33.737..33.930 rows=408 loops=1)
Merge Join  (cost=5535.54..5540.69 rows=28 width=21) (actual time=29.655..29.805 rows=30 loops=1)
Merge Join  (cost=5535.54..5540.69 rows=28 width=21) (actual time=29.724..29.896 rows=13 loops=1)
Merge Join  (cost=5545.95..5546.94 rows=54 width=127) (actual time=33.059..33.073 rows=18 loops=1)
Merge Join  (cost=5546.14..5547.13 rows=54 width=127) (actual time=33.370..33.385 rows=18 loops=1)
Merge Join  (cost=5546.07..5547.06 rows=54 width=127) (actual time=32.979..33.027 rows=91 loops=1)
Merge Join  (cost=5536.40..5541.62 rows=28 width=21) (actual time=29.373..29.561 rows=1 loops=1)
Merge Join  (cost=5534.64..5539.69 rows=27 width=21) (actual time=29.629..29.801 rows=13 loops=1)
Merge Join  (cost=5534.53..5539.57 rows=27 width=21) (actual time=30.241..30.247 rows=1 loops=1)
Merge Join  (cost=5535.54..5540.69 rows=28 width=21) (actual time=29.608..29.752 rows=20 loops=1)
Merge Join  (cost=5534.07..5539.08 rows=27 width=21) (actual time=29.547..29.676 rows=10 loops=1)
Merge Join  (cost=5545.04..5546.02 rows=53 width=127) (actual time=33.483..33.529 rows=85 loops=1)
Merge Join  (cost=5543.56..5544.10 rows=28 width=136) (actual time=30.611..30.614 rows=1 loops=1)
Merge Join  (cost=5535.26..5540.38 rows=28 width=21) (actual time=29.754..29.874 rows=3 loops=1)
Merge Join  (cost=5534.64..5539.69 rows=27 width=21) (actual time=29.643..29.801 rows=22 loops=1)
Merge Join  (cost=5535.54..5540.69 rows=28 width=21) (actual time=29.524..29.704 rows=1 loops=1)
Merge Join  (cost=5536.00..5541.18 rows=28 width=21) (actual time=30.096..30.246 rows=19 loops=1)
Merge Join  (cost=5535.20..5540.32 rows=28 width=21) (actual time=29.801..29.909 rows=11 loops=1)
Merge Join  (cost=5536.00..5541.18 rows=28 width=21) (actual time=29.751..29.885 rows=34 loops=1)
Merge Join  (cost=5536.40..5541.62 rows=28 width=21) (actual time=29.721..29.853 rows=24 loops=1)
Merge Join  (cost=5546.80..5547.81 rows=55 width=127) (actual time=33.289..33.331 rows=77 loops=1)
Merge Join  (cost=5536.17..5541.37 rows=28 width=21) (actual time=30.079..30.218 rows=13 loops=1)
Merge Join  (cost=5544.12..5544.65 rows=28 width=136) (actual time=30.684..30.700 rows=23 loops=1)
Merge Join  (cost=5544.24..5544.78 rows=28 width=136) (actual time=29.689..29.697 rows=7 loops=1)
Merge Join  (cost=5535.54..5540.69 rows=28 width=21) (actual time=30.642..30.643 rows=1 loops=1)
Merge Join  (cost=5534.64..5539.69 rows=27 width=21) (actual time=29.944..30.101 rows=20 loops=1)
Merge Join  (cost=5544.92..5545.89 rows=53 width=127) (actual time=32.920..32.942 rows=35 loops=1)
Merge Join  (cost=5536.17..5541.37 rows=28 width=21) (actual time=29.691..29.850 rows=18 loops=1)
Merge Join  (cost=5544.92..5545.89 rows=53 width=127) (actual time=33.457..33.479 rows=33 loops=1)
Merge Join  (cost=5547.05..5548.05 rows=55 width=127) (actual time=33.098..33.107 rows=9 loops=1)
Merge Join  (cost=5535.43..5540.57 rows=28 width=21) (actual time=29.714..29.846 rows=24 loops=1)
Merge Join  (cost=5536.00..5541.18 rows=28 width=21) (actual time=29.567..29.697 rows=22 loops=1)
Merge Join  (cost=5544.55..5545.08 rows=28 width=136) (actual time=29.992..30.010 rows=27 loops=1)
Merge Join  (cost=5535.26..5540.38 rows=28 width=21) (actual time=29.717..29.864 rows=8 loops=1)
Merge Join  (cost=5580.23..5588.01 rows=442 width=127) (actual time=34.232..34.478 rows=530 loops=1)
Merge Join  (cost=5547.77..5548.80 rows=56 width=127) (actual time=32.963..32.996 rows=59 loops=1)
Merge Join  (cost=5544.12..5544.65 rows=28 width=136) (actual time=30.045..30.062 rows=27 loops=1)
Merge Join  (cost=5535.43..5540.57 rows=28 width=403) (actual time=29.704..29.835 rows=27 loops=1)
Merge Join  (cost=5545.17..5545.70 rows=28 width=136) (actual time=29.852..29.868 rows=23 loops=1)
Merge Join  (cost=5535.20..5540.32 rows=28 width=21) (actual time=29.596..29.742 rows=13 loops=1)
Merge Join  (cost=5535.09..5540.20 rows=28 width=21) (actual time=30.593..30.726 rows=24 loops=1)
Merge Join  (cost=5536.17..5541.37 rows=28 width=21) (actual time=30.027..30.186 rows=28 loops=1)
Merge Join  (cost=5545.70..5546.69 rows=54 width=127) (actual time=32.689..32.701 rows=13 loops=1)
Merge Join  (cost=5534.64..5539.69 rows=27 width=21) (actual time=29.724..29.851 rows=13 loops=1)
Merge Join  (cost=5536.17..5541.37 rows=28 width=21) (actual time=30.369..30.528 rows=20 loops=1)
Merge Join  (cost=5534.64..5539.69 rows=27 width=21) (actual time=29.982..30.075 rows=1 loops=1)
Merge Join  (cost=5535.83..5541.00 rows=28 width=21) (actual time=29.528..29.761 rows=27 loops=1)
Merge Join  (cost=5535.83..5541.00 rows=28 width=21) (actual time=29.653..29.768 rows=29 loops=1)
Merge Join  (cost=5543.87..5544.41 rows=28 width=136) (actual time=30.317..30.334 rows=23 loops=1)
Merge Join  (cost=5535.54..5540.69 rows=28 width=21) (actual time=30.146..30.245 rows=30 loops=1)
Merge Join  (cost=5583.29..5591.37 rows=459 width=127) (actual time=34.397..34.653 rows=531 loops=1)
Merge Join  (cost=5535.26..5540.38 rows=28 width=21) (actual time=29.553..29.741 rows=29 loops=1)
Merge Join  (cost=5534.64..5539.69 rows=27 width=21) (actual time=30.050..30.252 rows=3 loops=1)
Merge Join  (cost=5546.80..5547.81 rows=55 width=127) (actual time=33.003..33.006 rows=1 loops=1)
Merge Join  (cost=5536.17..5541.37 rows=28 width=403) (actual time=29.276..29.489 rows=1 loops=1)
Merge Join  (cost=5535.54..5540.69 rows=28 width=21) (actual time=29.463..29.619 rows=16 loops=1)
Merge Join  (cost=5545.58..5546.57 rows=54 width=127) (actual time=33.280..33.317 rows=66 loops=1)
Merge Join  (cost=5544.24..5544.78 rows=28 width=136) (actual time=30.080..30.097 rows=19 loops=1)
Merge Join  (cost=5546.80..5547.81 rows=55 width=127) (actual time=33.366..33.380 rows=18 loops=1)
Merge Join  (cost=5534.64..5539.69 rows=27 width=21) (actual time=29.553..29.762 rows=19 loops=1)
Merge Join  (cost=5547.05..5548.05 rows=55 width=127) (actual time=33.233..33.241 rows=5 loops=1)
Merge Join  (cost=5544.92..5545.45 rows=28 width=136) (actual time=29.916..29.934 rows=27 loops=1)
Merge Join  (cost=5544.73..5545.27 rows=28 width=136) (actual time=29.628..29.642 rows=17 loops=1)
Merge Join  (cost=5543.93..5544.47 rows=28 width=136) (actual time=29.708..29.723 rows=21 loops=1)
Merge Join  (cost=5534.92..5540.01 rows=28 width=21) (actual time=30.066..30.212 rows=20 loops=1)
Merge Join  (cost=5535.54..5540.69 rows=28 width=21) (actual time=29.986..30.144 rows=24 loops=1)
Merge Join  (cost=5536.17..5541.37 rows=28 width=21) (actual time=29.631..29.774 rows=13 loops=1)
Merge Join  (cost=5546.43..5547.44 rows=55 width=127) (actual time=32.594..32.604 rows=11 loops=1)
Merge Join  (cost=5543.75..5544.28 rows=28 width=136) (actual time=30.252..30.264 rows=13 loops=1)
Merge Join  (cost=5535.09..5540.20 rows=28 width=403) (actual time=29.866..30.032 rows=13 loops=1)
Merge Join  (cost=5546.07..5547.06 rows=54 width=127) (actual time=32.844..32.847 rows=1 loops=1)
Merge Join  (cost=5546.43..5547.44 rows=55 width=127) (actual time=33.067..33.096 rows=53 loops=1)
Merge Join  (cost=5543.09..5543.61 rows=27 width=136) (actual time=30.509..30.524 rows=19 loops=1)
Merge Join  (cost=5535.83..5541.00 rows=28 width=21) (actual time=30.140..30.302 rows=30 loops=1)
Merge Join  (cost=5547.77..5548.80 rows=56 width=127) (actual time=32.999..33.021 rows=35 loops=1)
Merge Join  (cost=5544.24..5544.78 rows=28 width=136) (actual time=30.073..30.091 rows=25 loops=1)
Merge Join  (cost=5555.94..5559.31 rows=190 width=127) (actual time=34.045..34.154 rows=212 loops=1)
Merge Join  (cost=5534.64..5539.69 rows=27 width=21) (actual time=29.713..29.882 rows=3 loops=1)
Merge Join  (cost=5535.83..5541.00 rows=28 width=21) (actual time=29.712..29.872 rows=30 loops=1)
Merge Join  (cost=5544.24..5544.78 rows=28 width=136) (actual time=29.706..29.722 rows=25 loops=1)
Merge Join  (cost=5534.64..5539.69 rows=27 width=21) (actual time=29.878..30.032 rows=7 loops=1)
Merge Join  (cost=5546.80..5547.81 rows=55 width=127) (actual time=32.550..32.558 rows=5 loops=1)
Merge Join  (cost=5546.80..5547.81 rows=55 width=127) (actual time=32.817..32.836 rows=30 loops=1)
Merge Join  (cost=5543.93..5544.47 rows=28 width=136) (actual time=29.755..29.765 rows=11 loops=1)
Merge Join  (cost=5535.26..5540.38 rows=28 width=21) (actual time=29.712..29.846 rows=7 loops=1)
Merge Join  (cost=5546.14..5547.13 rows=54 width=127) (actual time=33.012..33.022 rows=9 loops=1)
Merge Join  (cost=5545.04..5546.02 rows=53 width=127) (actual time=33.015..33.092 rows=156 loops=1)
Merge Join  (cost=5534.53..5539.57 rows=27 width=21) (actual time=29.519..29.773 rows=5 loops=1)
Merge Join  (cost=5535.09..5540.20 rows=28 width=21) (actual time=29.938..30.079 rows=22 loops=1)
Merge Join  (cost=5545.95..5546.94 rows=54 width=127) (actual time=33.121..33.138 rows=27 loops=1)
Merge Join  (cost=5544.30..5544.84 rows=28 width=136) (actual time=29.767..29.775 rows=7 loops=1)
Merge Join  (cost=5545.40..5546.39 rows=54 width=127) (actual time=32.358..32.366 rows=5 loops=1)
Merge Join  (cost=5537.02..5542.31 rows=29 width=21) (actual time=30.549..30.708 rows=28 loops=1)
Merge Join  (cost=5542.60..5543.12 rows=27 width=136) (actual time=31.079..31.091 rows=13 loops=1)
Merge Join  (cost=5535.54..5540.69 rows=28 width=21) (actual time=29.632..29.854 rows=27 loops=1)
Merge Join  (cost=5534.92..5540.01 rows=28 width=21) (actual time=29.493..29.556 rows=24 loops=1)
Merge Join  (cost=5547.05..5548.05 rows=55 width=127) (actual time=33.139..33.155 rows=19 loops=1)
Merge Join  (cost=5545.89..5546.44 rows=29 width=136) (actual time=29.794..29.814 rows=29 loops=1)
Merge Join  (cost=5534.64..5539.69 rows=27 width=21) (actual time=29.586..29.603 rows=30 loops=1)
Merge Join  (cost=5535.54..5540.69 rows=28 width=21) (actual time=29.509..29.667 rows=34 loops=1)
Merge Join  (cost=5546.07..5547.06 rows=54 width=127) (actual time=33.360..33.368 rows=3 loops=1)
Merge Join  (cost=5535.20..5540.32 rows=28 width=21) (actual time=30.121..30.290 rows=3 loops=1)
Merge Join  (cost=5545.70..5546.69 rows=54 width=127) (actual time=32.962..32.981 rows=30 loops=1)
Merge Join  (cost=5534.64..5539.69 rows=27 width=21) (actual time=29.561..29.610 rows=32 loops=1)
Merge Join  (cost=5535.43..5540.57 rows=28 width=21) (actual time=29.573..29.712 rows=27 loops=1)
Merge Join  (cost=5545.77..5546.76 rows=54 width=127) (actual time=33.103..33.119 rows=22 loops=1)
Merge Join  (cost=5544.92..5545.45 rows=28 width=136) (actual time=30.236..30.257 rows=33 loops=1)
Merge Join  (cost=5536.17..5541.37 rows=28 width=403) (actual time=29.453..29.675 rows=33 loops=1)
Merge Join  (cost=5560.72..5564.79 rows=230 width=127) (actual time=33.343..33.437 rows=187 loops=1)
Merge Join  (cost=5536.40..5541.62 rows=28 width=21) (actual time=30.095..30.211 rows=29 loops=1)
Merge Join  (cost=5535.09..5540.20 rows=28 width=21) (actual time=29.921..30.052 rows=23 loops=1)
Merge Join  (cost=5535.60..5540.75 rows=28 width=21) (actual time=29.614..29.774 rows=19 loops=1)
Merge Join  (cost=5544.24..5544.78 rows=28 width=136) (actual time=29.975..29.994 rows=31 loops=1)
Merge Join  (cost=5544.55..5545.08 rows=28 width=136) (actual time=30.297..30.316 rows=29 loops=1)
Merge Join  (cost=5543.75..5544.28 rows=28 width=136) (actual time=30.229..30.232 rows=1 loops=1)
Merge Join  (cost=5545.77..5546.76 rows=54 width=127) (actual time=32.932..32.942 rows=11 loops=1)
Merge Join  (cost=5535.26..5540.38 rows=28 width=403) (actual time=29.477..29.664 rows=11 loops=1)
Merge Join  (cost=5546.43..5547.44 rows=55 width=127) (actual time=33.435..33.469 rows=61 loops=1)
Merge Join  (cost=5544.55..5545.08 rows=28 width=136) (actual time=30.135..30.155 rows=33 loops=1)
Merge Join  (cost=5545.70..5546.69 rows=54 width=127) (actual time=33.006..33.013 rows=3 loops=1)
Merge Join  (cost=5545.70..5546.69 rows=54 width=127) (actual time=33.435..33.514 rows=161 loops=1)
Merge Join  (cost=5534.07..5539.08 rows=27 width=21) (actual time=29.597..29.744 rows=9 loops=1)
Merge Join  (cost=5546.07..5547.06 rows=54 width=127) (actual time=33.174..33.190 rows=21 loops=1)
Merge Join  (cost=5544.24..5544.78 rows=28 width=136) (actual time=29.833..29.852 rows=29 loops=1)
Merge Join  (cost=5535.83..5541.00 rows=28 width=21) (actual time=29.462..29.588 rows=5 loops=1)
Merge Join  (cost=5543.56..5544.10 rows=28 width=136) (actual time=29.996..30.005 rows=7 loops=1)
Merge Join  (cost=5535.54..5540.69 rows=28 width=21) (actual time=29.621..29.808 rows=1 loops=1)
Merge Join  (cost=5535.09..5540.20 rows=28 width=21) (actual time=29.774..29.889 rows=6 loops=1)
Merge Join  (cost=5543.09..5543.61 rows=27 width=136) (actual time=29.927..29.940 rows=15 loops=1)
Merge Join  (cost=5536.17..5541.37 rows=28 width=21) (actual time=30.443..30.498 rows=20 loops=1)
Merge Join  (cost=5534.92..5540.01 rows=28 width=21) (actual time=30.012..30.160 rows=22 loops=1)
Merge Join  (cost=5547.77..5548.80 rows=56 width=127) (actual time=32.768..32.771 rows=2 loops=1)
Merge Join  (cost=5544.92..5545.89 rows=53 width=127) (actual time=32.745..32.752 rows=3 loops=1)
Merge Join  (cost=5544.30..5544.84 rows=28 width=136) (actual time=30.391..30.403 rows=11 loops=1)
Merge Join  (cost=5545.95..5546.94 rows=54 width=127) (actual time=33.297..33.316 rows=31 loops=1)
Merge Join  (cost=5535.09..5540.20 rows=28 width=21) (actual time=29.600..29.707 rows=7 loops=1)
Merge Join  (cost=5543.09..5543.61 rows=27 width=136) (actual time=29.676..29.686 rows=11 loops=1)
Merge Join  (cost=5545.04..5546.02 rows=53 width=127) (actual time=33.712..33.741 rows=49 loops=1)
Merge Join  (cost=5546.07..5547.06 rows=54 width=127) (actual time=33.071..33.094 rows=39 loops=1)
Merge Join  (cost=5545.77..5546.76 rows=54 width=127) (actual time=32.924..32.943 rows=29 loops=1)
Merge Join  (cost=5544.30..5544.84 rows=28 width=136) (actual time=29.708..29.710 rows=1 loops=1)
Merge Join  (cost=5534.07..5539.08 rows=27 width=21) (actual time=29.839..30.040 rows=3 loops=1)
Merge Join  (cost=5546.80..5547.81 rows=55 width=127) (actual time=33.201..33.204 rows=1 loops=1)
Merge Join  (cost=5547.05..5548.05 rows=55 width=127) (actual time=33.255..33.263 rows=3 loops=1)
Merge Join  (cost=5544.73..5545.27 rows=28 width=136) (actual time=30.418..30.438 rows=31 loops=1)
Merge Join  (cost=5595.03..5605.00 rows=567 width=127) (actual time=34.409..34.674 rows=556 loops=1)
Merge Join  (cost=5534.53..5539.57 rows=27 width=21) (actual time=29.967..30.064 rows=16 loops=1)
Merge Join  (cost=5545.04..5546.02 rows=53 width=127) (actual time=33.360..33.371 rows=7 loops=1)
Merge Join  (cost=5543.93..5544.47 rows=28 width=136) (actual time=29.926..29.943 rows=25 loops=1)
Merge Join  (cost=5544.73..5545.27 rows=28 width=136) (actual time=30.269..30.285 rows=23 loops=1)
Merge Join  (cost=5544.92..5545.45 rows=28 width=136) (actual time=30.349..30.361 rows=15 loops=1)
Merge Join  (cost=5535.20..5540.32 rows=28 width=21) (actual time=29.627..29.707 rows=8 loops=1)
Merge Join  (cost=5543.21..5543.73 rows=27 width=136) (actual time=31.569..31.584 rows=19 loops=1)
Merge Join  (cost=5545.40..5546.39 rows=54 width=127) (actual time=33.192..33.217 rows=43 loops=1)
Merge Join  (cost=5534.92..5540.01 rows=28 width=403) (actual time=29.640..29.786 rows=31 loops=1)
Merge Join  (cost=5544.24..5544.78 rows=28 width=136) (actual time=29.871..29.884 rows=17 loops=1)
Merge Join  (cost=5535.20..5540.32 rows=28 width=21) (actual time=29.655..29.780 rows=7 loops=1)
Merge Join  (cost=5535.20..5540.32 rows=28 width=21) (actual time=30.263..30.426 rows=30 loops=1)
Merge Join  (cost=5544.92..5545.45 rows=28 width=136) (actual time=30.269..30.290 rows=29 loops=1)
Merge Join  (cost=5534.64..5539.69 rows=27 width=21) (actual time=29.694..29.708 rows=24 loops=1)
Merge Join  (cost=5535.20..5540.32 rows=28 width=21) (actual time=29.636..29.748 rows=17 loops=1)
Merge Join  (cost=5545.77..5546.76 rows=54 width=127) (actual time=32.983..32.993 rows=11 loops=1)
Merge Join  (cost=5536.17..5541.37 rows=28 width=21) (actual time=30.223..30.337 rows=32 loops=1)
Merge Join  (cost=5535.54..5540.69 rows=28 width=21) (actual time=29.636..29.755 rows=7 loops=1)
Merge Join  (cost=5544.43..5545.40 rows=53 width=127) (actual time=32.796..32.802 rows=3 loops=1)
Merge Join  (cost=5536.17..5541.37 rows=28 width=21) (actual time=29.827..29.979 rows=28 loops=1)
Merge Join  (cost=5546.61..5547.62 rows=55 width=127) (actual time=33.069..33.105 rows=65 loops=1)
Merge Join  (cost=5544.24..5544.78 rows=28 width=136) (actual time=30.165..30.179 rows=21 loops=1)
Merge Join  (cost=5546.80..5547.81 rows=55 width=127) (actual time=33.552..33.575 rows=37 loops=1)
Merge Join  (cost=5536.00..5541.18 rows=28 width=21) (actual time=30.183..30.319 rows=28 loops=1)
Merge Join  (cost=5542.60..5543.12 rows=27 width=136) (actual time=30.253..30.270 rows=27 loops=1)
Merge Join  (cost=5544.30..5544.84 rows=28 width=136) (actual time=29.805..29.814 rows=7 loops=1)
Merge Join  (cost=5584.22..5592.38 rows=464 width=127) (actual time=34.242..34.495 rows=539 loops=1)
Merge Join  (cost=5535.20..5540.32 rows=28 width=21) (actual time=29.926..30.028 rows=28 loops=1)
Merge Join  (cost=5547.77..5548.80 rows=56 width=127) (actual time=32.617..32.636 rows=27 loops=1)
Merge Join  (cost=5536.17..5541.37 rows=28 width=21) (actual time=29.655..29.803 rows=9 loops=1)
Merge Join  (cost=5557.86..5561.49 rows=205 width=127) (actual time=33.243..33.345 rows=211 loops=1)
Merge Join  (cost=5535.43..5540.57 rows=28 width=21) (actual time=30.064..30.230 rows=13 loops=1)
Merge Join  (cost=5535.54..5540.69 rows=28 width=21) (actual time=29.892..30.028 rows=6 loops=1)
Merge Join  (cost=5544.73..5545.27 rows=28 width=136) (actual time=29.982..29.993 rows=13 loops=1)
Merge Join  (cost=5544.92..5545.45 rows=28 width=136) (actual time=29.972..29.986 rows=19 loops=1)
Merge Join  (cost=5546.43..5547.44 rows=55 width=127) (actual time=33.060..33.075 rows=21 loops=1)
Merge Join  (cost=5535.60..5540.75 rows=28 width=21) (actual time=29.566..29.670 rows=7 loops=1)
Merge Join  (cost=5536.17..5541.37 rows=28 width=21) (actual time=29.625..29.838 rows=7 loops=1)
Merge Join  (cost=5535.20..5540.32 rows=28 width=21) (actual time=29.577..29.716 rows=23 loops=1)
Merge Join  (cost=5535.26..5540.38 rows=28 width=21) (actual time=30.005..30.023 rows=32 loops=1)
Merge Join  (cost=5546.07..5547.06 rows=54 width=127) (actual time=33.400..33.422 rows=35 loops=1)
Merge Join  (cost=5534.64..5539.69 rows=27 width=21) (actual time=29.624..29.806 rows=17 loops=1)
Merge Join  (cost=5535.43..5540.57 rows=28 width=21) (actual time=29.502..29.632 rows=18 loops=1)
Merge Join  (cost=5543.87..5544.41 rows=28 width=136) (actual time=30.273..30.292 rows=31 loops=1)
Merge Join  (cost=5544.24..5544.78 rows=28 width=136) (actual time=30.147..30.161 rows=7 loops=1)
Merge Join  (cost=5536.40..5541.62 rows=28 width=21) (actual time=29.805..29.893 rows=5 loops=1)
Merge Join  (cost=5536.17..5541.37 rows=28 width=21) (actual time=29.553..29.701 rows=26 loops=1)
Merge Join  (cost=5535.54..5540.69 rows=28 width=21) (actual time=29.952..30.167 rows=13 loops=1)
Merge Join  (cost=5535.54..5540.69 rows=28 width=21) (actual time=29.899..30.150 rows=21 loops=1)
Merge Join  (cost=5535.54..5540.69 rows=28 width=21) (actual time=29.681..29.763 rows=19 loops=1)
Merge Join  (cost=5545.58..5546.57 rows=54 width=127) (actual time=32.648..32.654 rows=3 loops=1)
Merge Join  (cost=5534.92..5540.01 rows=28 width=21) (actual time=30.120..30.169 rows=7 loops=1)
Merge Join  (cost=5575.39..5582.24 rows=389 width=127) (actual time=33.550..33.744 rows=408 loops=1)
Merge Join  (cost=5535.54..5540.69 rows=28 width=21) (actual time=29.575..29.698 rows=26 loops=1)
Merge Join  (cost=5535.60..5540.75 rows=28 width=21) (actual time=29.423..29.536 rows=32 loops=1)
Merge Join  (cost=5545.04..5546.02 rows=53 width=127) (actual time=32.965..32.968 rows=1 loops=1)
Merge Join  (cost=5544.43..5545.40 rows=53 width=127) (actual time=33.014..33.016 rows=1 loops=1)
Merge Join  (cost=5544.24..5544.78 rows=28 width=136) (actual time=30.129..30.150 rows=33 loops=1)
Merge Join  (cost=5534.07..5539.08 rows=27 width=21) (actual time=29.507..29.599 rows=20 loops=1)
Merge Join  (cost=5543.21..5543.73 rows=27 width=136) (actual time=29.933..29.952 rows=29 loops=1)
Merge Join  (cost=5535.20..5540.32 rows=28 width=21) (actual time=29.712..29.913 rows=7 loops=1)
Merge Join  (cost=5547.77..5548.80 rows=56 width=127) (actual time=32.986..33.000 rows=18 loops=1)
Merge Join  (cost=5581.67..5589.46 rows=443 width=127) (actual time=34.238..34.473 rows=505 loops=1)
Merge Join  (cost=5545.04..5546.02 rows=53 width=127) (actual time=33.011..33.051 rows=77 loops=1)
Merge Join  (cost=5546.80..5547.81 rows=55 width=127) (actual time=33.040..33.052 rows=13 loops=1)
Merge Join  (cost=5536.17..5541.37 rows=28 width=21) (actual time=29.449..29.700 rows=13 loops=1)
Merge Join  (cost=5534.92..5540.01 rows=28 width=21) (actual time=29.793..29.940 rows=33 loops=1)
Merge Join  (cost=5536.17..5541.37 rows=28 width=21) (actual time=30.035..30.238 rows=9 loops=1)
Merge Join  (cost=5542.60..5543.12 rows=27 width=136) (actual time=30.000..30.004 rows=1 loops=1)
Merge Join  (cost=5534.07..5539.08 rows=27 width=403) (actual time=29.503..29.693 rows=1 loops=1)
Merge Join  (cost=5534.92..5540.01 rows=28 width=21) (actual time=29.658..29.820 rows=27 loops=1)
Merge Join  (cost=5544.24..5544.78 rows=28 width=136) (actual time=30.148..30.167 rows=29 loops=1)
Merge Join  (cost=5590.26..5599.61 rows=532 width=127) (actual time=34.473..34.722 rows=515 loops=1)
Merge Join  (cost=5535.26..5540.38 rows=28 width=403) (actual time=29.435..29.651 rows=33 loops=1)
Merge Join  (cost=5536.00..5541.18 rows=28 width=21) (actual time=29.677..29.775 rows=18 loops=1)
Merge Join  (cost=5544.43..5545.40 rows=53 width=127) (actual time=32.721..32.762 rows=76 loops=1)
Merge Join  (cost=5545.17..5545.70 rows=28 width=136) (actual time=29.940..29.950 rows=9 loops=1)
Merge Join  (cost=5535.54..5540.69 rows=28 width=21) (actual time=29.543..29.633 rows=26 loops=1)
Merge Join  (cost=5546.07..5547.06 rows=54 width=127) (actual time=33.368..33.388 rows=29 loops=1)
Merge Join  (cost=5535.54..5540.69 rows=28 width=21) (actual time=30.160..30.244 rows=26 loops=1)
Merge Join  (cost=5547.77..5548.80 rows=56 width=127) (actual time=33.105..33.132 rows=49 loops=1)
Merge Join  (cost=5537.02..5542.31 rows=29 width=403) (actual time=29.523..29.730 rows=31 loops=1)
Merge Join  (cost=5537.02..5542.31 rows=29 width=21) (actual time=29.698..29.901 rows=17 loops=1)
Merge Join  (cost=5546.80..5547.81 rows=55 width=127) (actual time=33.348..33.366 rows=27 loops=1)
Merge Join  (cost=5545.95..5546.94 rows=54 width=127) (actual time=32.919..32.996 rows=149 loops=1)
Merge Join  (cost=5535.54..5540.69 rows=28 width=21) (actual time=29.631..29.743 rows=35 loops=1)
Merge Join  (cost=5536.17..5541.37 rows=28 width=21) (actual time=29.406..29.564 rows=20 loops=1)
Merge Join  (cost=5543.09..5543.61 rows=27 width=136) (actual time=30.034..30.051 rows=25 loops=1)
Merge Join  (cost=5534.53..5539.57 rows=27 width=21) (actual time=29.835..29.968 rows=7 loops=1)
Merge Join  (cost=5536.17..5541.37 rows=28 width=21) (actual time=29.682..29.815 rows=20 loops=1)
Merge Join  (cost=5543.21..5543.73 rows=27 width=136) (actual time=30.743..30.757 rows=17 loops=1)
Merge Join  (cost=5535.54..5540.69 rows=28 width=21) (actual time=30.301..30.447 rows=28 loops=1)
Merge Join  (cost=5544.92..5545.45 rows=28 width=136) (actual time=30.174..30.194 rows=31 loops=1)
Merge Join  (cost=5536.17..5541.37 rows=28 width=403) (actual time=29.546..29.793 rows=31 loops=1)
Merge Join  (cost=5534.92..5540.01 rows=28 width=21) (actual time=29.591..29.743 rows=26 loops=1)
Merge Join  (cost=5544.55..5545.08 rows=28 width=136) (actual time=30.251..30.266 rows=19 loops=1)
Merge Join  (cost=5546.80..5547.81 rows=55 width=127) (actual time=33.210..33.252 rows=77 loops=1)
Merge Join  (cost=5535.09..5540.20 rows=28 width=21) (actual time=29.636..29.795 rows=30 loops=1)
Merge Join  (cost=5545.70..5546.69 rows=54 width=127) (actual time=32.530..32.533 rows=1 loops=1)
Merge Join  (cost=5545.89..5546.44 rows=29 width=136) (actual time=30.373..30.384 rows=9 loops=1)
Merge Join  (cost=5546.14..5547.13 rows=54 width=127) (actual time=33.358..33.377 rows=27 loops=1)
Merge Join  (cost=5535.60..5540.75 rows=28 width=403) (actual time=29.585..29.768 rows=21 loops=1)
Merge Join  (cost=5561.47..5565.68 rows=238 width=127) (actual time=33.313..33.427 rows=231 loops=1)
Merge Join  (cost=5535.26..5540.38 rows=28 width=403) (actual time=29.854..29.994 rows=31 loops=1)
Merge Join  (cost=5535.09..5540.20 rows=28 width=21) (actual time=30.337..30.497 rows=29 loops=1)
Merge Join  (cost=5545.17..5545.70 rows=28 width=136) (actual time=30.048..30.064 rows=23 loops=1)
Merge Join  (cost=5544.92..5545.89 rows=53 width=127) (actual time=33.071..33.115 rows=83 loops=1)
Merge Join  (cost=5536.17..5541.37 rows=28 width=21) (actual time=29.817..29.984 rows=17 loops=1)
Merge Join  (cost=5535.54..5540.69 rows=28 width=21) (actual time=29.876..30.049 rows=21 loops=1)
Merge Join  (cost=5546.14..5547.13 rows=54 width=127) (actual time=32.799..32.846 rows=90 loops=1)
Merge Join  (cost=5534.53..5539.57 rows=27 width=21) (actual time=29.648..29.777 rows=34 loops=1)
Merge Join  (cost=5536.17..5541.37 rows=28 width=21) (actual time=30.114..30.204 rows=26 loops=1)
Merge Join  (cost=5535.60..5540.75 rows=28 width=21) (actual time=30.001..30.165 rows=27 loops=1)
Merge Join  (cost=5535.83..5541.00 rows=28 width=21) (actual time=29.649..29.796 rows=9 loops=1)
Merge Join  (cost=5543.09..5543.61 rows=27 width=136) (actual time=29.724..29.739 rows=21 loops=1)
Merge Join  (cost=5534.53..5539.57 rows=27 width=403) (actual time=30.142..30.265 rows=21 loops=1)
Merge Join  (cost=5543.87..5544.41 rows=28 width=136) (actual time=30.015..30.032 rows=25 loops=1)
Merge Join  (cost=5543.21..5543.73 rows=27 width=136) (actual time=29.918..29.937 rows=29 loops=1)
Merge Join  (cost=5536.17..5541.37 rows=28 width=21) (actual time=29.487..29.625 rows=28 loops=1)
Merge Join  (cost=5535.54..5540.69 rows=28 width=21) (actual time=30.136..30.299 rows=26 loops=1)
Merge Join  (cost=5546.80..5547.81 rows=55 width=127) (actual time=33.092..33.102 rows=9 loops=1)
Merge Join  (cost=5544.55..5545.08 rows=28 width=136) (actual time=29.905..29.912 rows=5 loops=1)
Merge Join  (cost=5534.64..5539.69 rows=27 width=21) (actual time=29.571..29.606 rows=6 loops=1)
Merge Join  (cost=5537.02..5542.31 rows=29 width=21) (actual time=29.706..29.857 rows=24 loops=1)
Merge Join  (cost=5546.07..5547.06 rows=54 width=127) (actual time=32.690..32.693 rows=1 loops=1)
Merge Join  (cost=5534.64..5539.69 rows=27 width=21) (actual time=29.645..29.802 rows=16 loops=1)
Merge Join  (cost=5546.07..5547.06 rows=54 width=127) (actual time=33.017..33.035 rows=26 loops=1)
Merge Join  (cost=5535.54..5540.69 rows=28 width=403) (actual time=30.638..30.780 rows=21 loops=1)
Merge Join  (cost=5543.09..5543.61 rows=27 width=136) (actual time=30.288..30.295 rows=3 loops=1)
Merge Join  (cost=5544.92..5545.89 rows=53 width=127) (actual time=32.733..32.753 rows=33 loops=1)
Merge Join  (cost=5534.53..5539.57 rows=27 width=403) (actual time=29.424..29.599 rows=3 loops=1)
Merge Join  (cost=5546.80..5547.81 rows=55 width=127) (actual time=33.439..33.452 rows=13 loops=1)
Merge Join  (cost=5536.17..5541.37 rows=28 width=403) (actual time=29.925..30.064 rows=13 loops=1)
Merge Join  (cost=5535.20..5540.32 rows=28 width=21) (actual time=29.666..29.845 rows=7 loops=1)
Merge Join  (cost=5546.80..5547.81 rows=55 width=127) (actual time=32.875..32.886 rows=15 loops=1)
Merge Join  (cost=5536.17..5541.37 rows=28 width=403) (actual time=29.690..29.878 rows=13 loops=1)
Merge Join  (cost=5547.77..5548.80 rows=56 width=127) (actual time=32.935..32.968 rows=61 loops=1)
Merge Join  (cost=5535.26..5540.38 rows=28 width=21) (actual time=30.016..30.124 rows=35 loops=1)
Merge Join  (cost=5535.54..5540.69 rows=28 width=21) (actual time=29.480..29.667 rows=15 loops=1)
Merge Join  (cost=5545.04..5546.02 rows=53 width=127) (actual time=33.326..33.372 rows=86 loops=1)
Merge Join  (cost=5546.80..5547.81 rows=55 width=127) (actual time=32.985..32.998 rows=17 loops=1)
Merge Join  (cost=5544.92..5545.89 rows=53 width=127) (actual time=32.485..32.487 rows=1 loops=1)
Merge Join  (cost=5534.53..5539.57 rows=27 width=403) (actual time=30.131..30.133 rows=1 loops=1)
Merge Join  (cost=5535.54..5540.69 rows=28 width=21) (actual time=30.115..30.251 rows=4 loops=1)
Merge Join  (cost=5546.43..5547.44 rows=55 width=127) (actual time=33.446..33.478 rows=57 loops=1)
Merge Join  (cost=5535.60..5540.75 rows=28 width=21) (actual time=29.516..29.694 rows=3 loops=1)
Merge Join  (cost=5535.20..5540.32 rows=28 width=21) (actual time=29.599..29.732 rows=35 loops=1)
Merge Join  (cost=5534.64..5539.69 rows=27 width=21) (actual time=29.979..30.123 rows=1 loops=1)
Merge Join  (cost=5536.40..5541.62 rows=28 width=21) (actual time=30.037..30.176 rows=24 loops=1)
Merge Join  (cost=5543.21..5543.73 rows=27 width=136) (actual time=29.813..29.820 rows=3 loops=1)
Merge Join  (cost=5543.75..5544.28 rows=28 width=136) (actual time=29.881..29.898 rows=27 loops=1)
Merge Join  (cost=5536.17..5541.37 rows=28 width=21) (actual time=30.485..30.640 rows=25 loops=1)
Merge Join  (cost=5545.04..5546.02 rows=53 width=127) (actual time=33.293..33.314 rows=33 loops=1)
Merge Join  (cost=5543.21..5543.73 rows=27 width=136) (actual time=29.915..29.928 rows=17 loops=1)
Merge Join  (cost=5544.24..5544.78 rows=28 width=136) (actual time=29.757..29.770 rows=15 loops=1)
Merge Join  (cost=5535.54..5540.69 rows=28 width=21) (actual time=30.276..30.442 rows=17 loops=1)
Merge Join  (cost=5546.80..5547.81 rows=55 width=127) (actual time=33.315..33.323 rows=5 loops=1)
Merge Join  (cost=5534.92..5540.01 rows=28 width=21) (actual time=29.657..29.760 rows=3 loops=1)
Merge Join  (cost=5535.83..5541.00 rows=28 width=21) (actual time=29.560..29.684 rows=30 loops=1)
Merge Join  (cost=5544.43..5545.40 rows=53 width=127) (actual time=32.783..32.790 rows=3 loops=1)
Merge Join  (cost=5545.17..5545.70 rows=28 width=136) (actual time=30.359..30.377 rows=25 loops=1)
Merge Join  (cost=5534.53..5539.57 rows=27 width=21) (actual time=29.803..29.960 rows=26 loops=1)
Merge Join  (cost=5536.17..5541.37 rows=28 width=21) (actual time=29.709..29.858 rows=12 loops=1)
Merge Join  (cost=5536.40..5541.62 rows=28 width=21) (actual time=29.902..29.918 rows=26 loops=1)
Merge Join  (cost=5546.61..5547.62 rows=55 width=127) (actual time=34.784..34.805 rows=35 loops=1)
Merge Join  (cost=5535.60..5540.75 rows=28 width=21) (actual time=29.550..29.626 rows=28 loops=1)
Merge Join  (cost=5537.02..5542.31 rows=29 width=21) (actual time=29.611..29.756 rows=27 loops=1)
Merge Join  (cost=5536.40..5541.62 rows=28 width=21) (actual time=29.921..30.106 rows=1 loops=1)
Merge Join  (cost=5537.02..5542.31 rows=29 width=21) (actual time=29.883..30.034 rows=9 loops=1)
Merge Join  (cost=5534.07..5539.08 rows=27 width=21) (actual time=29.740..29.831 rows=20 loops=1)
Merge Join  (cost=5544.55..5545.08 rows=28 width=136) (actual time=29.794..29.809 rows=19 loops=1)
Merge Join  (cost=5537.02..5542.31 rows=29 width=21) (actual time=30.554..30.668 rows=16 loops=1)
Merge Join  (cost=5546.80..5547.81 rows=55 width=127) (actual time=33.320..33.331 rows=13 loops=1)
Merge Join  (cost=5536.17..5541.37 rows=28 width=21) (actual time=29.912..30.075 rows=25 loops=1)
Merge Join  (cost=5534.07..5539.08 rows=27 width=21) (actual time=29.587..29.687 rows=5 loops=1)
Merge Join  (cost=5535.09..5540.20 rows=28 width=21) (actual time=29.942..30.079 rows=5 loops=1)
Merge Join  (cost=5544.24..5544.78 rows=28 width=136) (actual time=30.155..30.168 rows=17 loops=1)
Merge Join  (cost=5545.95..5546.94 rows=54 width=127) (actual time=32.897..32.905 rows=5 loops=1)
Merge Join  (cost=5546.07..5547.06 rows=54 width=127) (actual time=33.441..33.542 rows=196 loops=1)
Merge Join  (cost=5535.09..5540.20 rows=28 width=21) (actual time=29.690..29.911 rows=1 loops=1)
Merge Join  (cost=5543.09..5543.61 rows=27 width=136) (actual time=30.104..30.112 rows=7 loops=1)
Merge Join  (cost=5534.64..5539.69 rows=27 width=21) (actual time=29.599..29.643 rows=19 loops=1)
Merge Join  (cost=5545.17..5545.70 rows=28 width=136) (actual time=30.081..30.099 rows=25 loops=1)
Merge Join  (cost=5536.40..5541.62 rows=28 width=403) (actual time=30.414..30.599 rows=25 loops=1)
Merge Join  (cost=5546.14..5547.13 rows=54 width=127) (actual time=35.358..35.377 rows=29 loops=1)
Merge Join  (cost=5543.56..5544.10 rows=28 width=136) (actual time=29.883..29.893 rows=13 loops=1)
Merge Join  (cost=5534.92..5540.01 rows=28 width=403) (actual time=29.546..29.692 rows=13 loops=1)
Merge Join  (cost=5535.43..5540.57 rows=28 width=21) (actual time=30.190..30.324 rows=32 loops=1)
Merge Join  (cost=5536.17..5541.37 rows=28 width=21) (actual time=30.100..30.268 rows=23 loops=1)
Merge Join  (cost=5534.53..5539.57 rows=27 width=21) (actual time=29.744..29.827 rows=28 loops=1)
Merge Join  (cost=5536.17..5541.37 rows=28 width=21) (actual time=29.595..29.750 rows=22 loops=1)
Merge Join  (cost=5537.02..5542.31 rows=29 width=21) (actual time=29.951..30.146 rows=25 loops=1)
Merge Join  (cost=5543.21..5543.73 rows=27 width=136) (actual time=30.244..30.265 rows=35 loops=1)
Merge Join  (cost=5534.64..5539.69 rows=27 width=403) (actual time=29.617..29.809 rows=35 loops=1)
Merge Join  (cost=5545.04..5546.02 rows=53 width=127) (actual time=33.105..33.147 rows=79 loops=1)
Merge Join  (cost=5534.64..5539.69 rows=27 width=403) (actual time=29.737..29.944 rows=29 loops=1)
Merge Join  (cost=5544.92..5545.45 rows=28 width=136) (actual time=30.160..30.177 rows=25 loops=1)
Merge Join  (cost=5536.17..5541.37 rows=28 width=403) (actual time=29.391..29.588 rows=25 loops=1)
Merge Join  (cost=5534.07..5539.08 rows=27 width=21) (actual time=29.592..29.716 rows=9 loops=1)
Merge Join  (cost=5536.17..5541.37 rows=28 width=21) (actual time=30.204..30.419 rows=19 loops=1)
Merge Join  (cost=5535.83..5541.00 rows=28 width=21) (actual time=30.054..30.217 rows=10 loops=1)
Merge Join  (cost=5546.07..5547.06 rows=54 width=127) (actual time=33.050..33.072 rows=35 loops=1)
Merge Join  (cost=5560.29..5564.35 rows=229 width=127) (actual time=33.120..33.211 rows=185 loops=1)
Merge Join  (cost=5546.07..5547.06 rows=54 width=127) (actual time=32.956..32.959 rows=1 loops=1)
Merge Join  (cost=5535.26..5540.38 rows=28 width=21) (actual time=29.845..29.989 rows=26 loops=1)
Merge Join  (cost=5544.92..5545.89 rows=53 width=127) (actual time=32.426..32.433 rows=3 loops=1)
Merge Join  (cost=5543.87..5544.41 rows=28 width=136) (actual time=30.075..30.093 rows=27 loops=1)
Merge Join  (cost=5543.09..5543.61 rows=27 width=136) (actual time=29.993..30.003 rows=11 loops=1)
Merge Join  (cost=5535.09..5540.20 rows=28 width=21) (actual time=29.775..29.849 rows=32 loops=1)
Merge Join  (cost=5545.77..5546.76 rows=54 width=127) (actual time=32.834..32.841 rows=3 loops=1)
Merge Join  (cost=5544.92..5545.45 rows=28 width=136) (actual time=29.881..29.901 rows=31 loops=1)
Merge Join  (cost=5537.02..5542.31 rows=29 width=21) (actual time=29.999..30.133 rows=7 loops=1)
Merge Join  (cost=5535.54..5540.69 rows=28 width=21) (actual time=30.053..30.154 rows=20 loops=1)
Merge Join  (cost=5535.09..5540.20 rows=28 width=21) (actual time=29.639..29.832 rows=1 loops=1)
Merge Join  (cost=5536.17..5541.37 rows=28 width=21) (actual time=29.615..29.754 rows=3 loops=1)
Merge Join  (cost=5534.64..5539.69 rows=27 width=21) (actual time=29.947..30.065 rows=7 loops=1)
Merge Join  (cost=5534.53..5539.57 rows=27 width=21) (actual time=30.129..30.211 rows=23 loops=1)
Merge Join  (cost=5544.24..5544.78 rows=28 width=136) (actual time=29.892..29.908 rows=23 loops=1)
Merge Join  (cost=5545.17..5545.70 rows=28 width=136) (actual time=29.785..29.803 rows=27 loops=1)
Merge Join  (cost=5547.05..5548.05 rows=55 width=127) (actual time=32.803..32.810 rows=3 loops=1)
Merge Join  (cost=5536.17..5541.37 rows=28 width=21) (actual time=29.845..30.078 rows=33 loops=1)
Merge Join  (cost=5535.20..5540.32 rows=28 width=21) (actual time=29.554..29.598 rows=4 loops=1)
Merge Join  (cost=5543.09..5543.61 rows=27 width=136) (actual time=29.882..29.893 rows=11 loops=1)
Merge Join  (cost=5545.70..5546.69 rows=54 width=127) (actual time=33.146..33.157 rows=13 loops=1)
Merge Join  (cost=5534.64..5539.69 rows=27 width=21) (actual time=29.848..29.987 rows=22 loops=1)
Merge Join  (cost=5535.26..5540.38 rows=28 width=21) (actual time=29.663..29.827 rows=30 loops=1)
Merge Join  (cost=5544.43..5545.40 rows=53 width=127) (actual time=33.261..33.353 rows=183 loops=1)
Merge Join  (cost=5536.17..5541.37 rows=28 width=21) (actual time=30.193..30.357 rows=20 loops=1)
Merge Join  (cost=5545.04..5546.02 rows=53 width=127) (actual time=33.258..33.269 rows=10 loops=1)
Merge Join  (cost=5534.07..5539.08 rows=27 width=21) (actual time=29.620..29.757 rows=26 loops=1)
Merge Join  (cost=5534.53..5539.57 rows=27 width=21) (actual time=29.745..29.899 rows=34 loops=1)
Merge Join  (cost=5546.14..5547.13 rows=54 width=127) (actual time=33.285..33.299 rows=17 loops=1)
Merge Join  (cost=5545.17..5545.70 rows=28 width=136) (actual time=30.009..30.029 rows=29 loops=1)
Merge Join  (cost=5545.40..5546.39 rows=54 width=127) (actual time=32.708..32.715 rows=3 loops=1)
Merge Join  (cost=5534.92..5540.01 rows=28 width=403) (actual time=29.515..29.597 rows=3 loops=1)
Merge Join  (cost=5544.92..5545.45 rows=28 width=136) (actual time=30.515..30.527 rows=13 loops=1)
Merge Join  (cost=5543.56..5544.10 rows=28 width=136) (actual time=30.268..30.271 rows=1 loops=1)
Merge Join  (cost=5535.20..5540.32 rows=28 width=21) (actual time=29.583..29.768 rows=1 loops=1)
Merge Join  (cost=5546.07..5547.06 rows=54 width=127) (actual time=32.846..32.870 rows=38 loops=1)
Merge Join  (cost=5535.54..5540.69 rows=28 width=403) (actual time=30.000..30.231 rows=23 loops=1)
Merge Join  (cost=5535.09..5540.20 rows=28 width=21) (actual time=29.939..29.956 rows=30 loops=1)
Merge Join  (cost=5545.95..5546.94 rows=54 width=127) (actual time=33.065..33.087 rows=39 loops=1)
Merge Join  (cost=5536.40..5541.62 rows=28 width=21) (actual time=29.589..29.725 rows=20 loops=1)
Merge Join  (cost=5546.43..5547.44 rows=55 width=127) (actual time=33.166..33.175 rows=6 loops=1)
Merge Join  (cost=5546.61..5547.62 rows=55 width=127) (actual time=32.827..32.834 rows=5 loops=1)
Merge Join  (cost=5535.54..5540.69 rows=28 width=21) (actual time=29.581..29.678 rows=3 loops=1)
Merge Join  (cost=5547.05..5548.05 rows=55 width=127) (actual time=33.361..33.390 rows=53 loops=1)
Merge Join  (cost=5547.05..5548.05 rows=55 width=127) (actual time=32.843..32.851 rows=3 loops=1)
Merge Join  (cost=5536.40..5541.62 rows=28 width=21) (actual time=29.764..29.909 rows=20 loops=1)
Merge Join  (cost=5535.09..5540.20 rows=28 width=21) (actual time=29.789..29.875 rows=20 loops=1)
Merge Join  (cost=5543.21..5543.73 rows=27 width=136) (actual time=29.675..29.687 rows=15 loops=1)
Merge Join  (cost=5535.83..5541.00 rows=28 width=21) (actual time=30.413..30.534 rows=33 loops=1)
Merge Join  (cost=5534.07..5539.08 rows=27 width=21) (actual time=29.803..29.937 rows=7 loops=1)
Merge Join  (cost=5546.43..5547.44 rows=55 width=127) (actual time=32.790..32.803 rows=15 loops=1)
Merge Join  (cost=5536.17..5541.37 rows=28 width=21) (actual time=29.619..29.652 rows=18 loops=1)
Merge Join  (cost=5542.60..5543.12 rows=27 width=136) (actual time=30.500..30.515 rows=21 loops=1)
Merge Join  (cost=5535.54..5540.69 rows=28 width=21) (actual time=29.950..30.084 rows=3 loops=1)
Merge Join  (cost=5536.00..5541.18 rows=28 width=21) (actual time=29.574..29.653 rows=6 loops=1)
Merge Join  (cost=5534.92..5540.01 rows=28 width=21) (actual time=29.640..29.811 rows=5 loops=1)
Merge Join  (cost=5536.00..5541.18 rows=28 width=21) (actual time=29.841..29.984 rows=20 loops=1)
Merge Join  (cost=5535.20..5540.32 rows=28 width=21) (actual time=30.115..30.276 rows=24 loops=1)
Merge Join  (cost=5534.64..5539.69 rows=27 width=21) (actual time=29.744..29.878 rows=32 loops=1)
Merge Join  (cost=5546.14..5547.13 rows=54 width=127) (actual time=32.880..32.957 rows=150 loops=1)
Merge Join  (cost=5536.40..5541.62 rows=28 width=21) (actual time=30.245..30.302 rows=32 loops=1)
Merge Join  (cost=5536.00..5541.18 rows=28 width=21) (actual time=30.049..30.213 rows=1 loops=1)
Merge Join  (cost=5535.43..5540.57 rows=28 width=21) (actual time=30.004..30.158 rows=28 loops=1)
Merge Join  (cost=5544.92..5545.45 rows=28 width=136) (actual time=29.809..29.818 rows=7 loops=1)
Merge Join  (cost=5544.92..5545.45 rows=28 width=136) (actual time=30.722..30.740 rows=25 loops=1)
Merge Join  (cost=5543.21..5543.73 rows=27 width=136) (actual time=30.409..30.416 rows=3 loops=1)
Merge Join  (cost=5546.61..5547.62 rows=55 width=127) (actual time=33.252..33.266 rows=15 loops=1)
Merge Join  (cost=5545.58..5546.57 rows=54 width=127) (actual time=32.766..32.773 rows=3 loops=1)
Merge Join  (cost=5544.30..5544.84 rows=28 width=136) (actual time=30.029..30.048 rows=31 loops=1)
Merge Join  (cost=5546.61..5547.62 rows=55 width=127) (actual time=32.503..32.506 rows=1 loops=1)
Merge Join  (cost=5636.77..5655.73 rows=1020 width=127) (actual time=34.542..35.579 rows=1145 loops=1)
Merge Join  (cost=5545.04..5546.02 rows=53 width=127) (actual time=32.774..32.786 rows=13 loops=1)
Merge Join  (cost=5535.54..5540.69 rows=28 width=403) (actual time=29.843..30.003 rows=31 loops=1)
Merge Join  (cost=5545.77..5546.76 rows=54 width=127) (actual time=33.199..33.273 rows=150 loops=1)
Merge Join  (cost=5545.70..5546.69 rows=54 width=127) (actual time=32.818..32.825 rows=3 loops=1)
Merge Join  (cost=5536.17..5541.37 rows=28 width=21) (actual time=29.537..29.741 rows=1 loops=1)
Merge Join  (cost=5546.61..5547.62 rows=55 width=127) (actual time=33.115..33.122 rows=3 loops=1)
Merge Join  (cost=5545.04..5546.02 rows=53 width=127) (actual time=33.101..33.122 rows=35 loops=1)
Merge Join  (cost=5534.64..5539.69 rows=27 width=21) (actual time=29.443..29.625 rows=7 loops=1)
Merge Join  (cost=5536.40..5541.62 rows=28 width=21) (actual time=29.531..29.641 rows=6 loops=1)
Merge Join  (cost=5546.07..5547.06 rows=54 width=127) (actual time=33.613..33.700 rows=172 loops=1)
Merge Join  (cost=5545.04..5546.02 rows=53 width=127) (actual time=33.355..33.363 rows=3 loops=1)
Merge Join  (cost=5535.54..5540.69 rows=28 width=21) (actual time=29.712..29.776 rows=20 loops=1)
Merge Join  (cost=5536.17..5541.37 rows=28 width=21) (actual time=29.562..29.710 rows=20 loops=1)
Merge Join  (cost=5535.54..5540.69 rows=28 width=21) (actual time=29.879..30.023 rows=20 loops=1)
Merge Join  (cost=5543.21..5543.73 rows=27 width=136) (actual time=30.140..30.159 rows=28 loops=1)
Merge Join  (cost=5542.60..5543.12 rows=27 width=136) (actual time=29.922..29.941 rows=29 loops=1)
Merge Join  (cost=5534.07..5539.08 rows=27 width=403) (actual time=29.547..29.709 rows=29 loops=1)
Merge Join  (cost=5543.09..5543.61 rows=27 width=136) (actual time=30.547..30.564 rows=25 loops=1)
Merge Join  (cost=5534.53..5539.57 rows=27 width=403) (actual time=29.918..30.088 rows=25 loops=1)
Merge Join  (cost=5544.92..5545.45 rows=28 width=136) (actual time=45.434..45.453 rows=31 loops=1)
Merge Join  (cost=5536.17..5541.37 rows=28 width=21) (actual time=29.618..29.635 rows=1 loops=1)
Merge Join  (cost=5534.07..5539.08 rows=27 width=21) (actual time=29.888..30.096 rows=23 loops=1)
Merge Join  (cost=5544.73..5545.27 rows=28 width=136) (actual time=29.991..29.993 rows=1 loops=1)
Merge Join  (cost=5535.54..5540.69 rows=28 width=21) (actual time=29.611..29.732 rows=26 loops=1)
Merge Join  (cost=5544.30..5544.84 rows=28 width=136) (actual time=29.850..29.869 rows=31 loops=1)
Merge Join  (cost=5546.14..5547.13 rows=54 width=127) (actual time=33.723..33.739 rows=18 loops=1)
Merge Join  (cost=5544.30..5544.84 rows=28 width=136) (actual time=30.335..30.355 rows=29 loops=1)
Merge Join  (cost=5543.93..5544.47 rows=28 width=136) (actual time=29.843..29.857 rows=21 loops=1)
Merge Join  (cost=5535.09..5540.20 rows=28 width=21) (actual time=29.780..29.834 rows=32 loops=1)
Merge Join  (cost=5543.87..5544.41 rows=28 width=136) (actual time=30.319..30.326 rows=3 loops=1)
Merge Join  (cost=5535.20..5540.32 rows=28 width=21) (actual time=30.154..30.323 rows=27 loops=1)
Merge Join  (cost=5543.93..5544.47 rows=28 width=136) (actual time=30.002..30.014 rows=12 loops=1)
Merge Join  (cost=5536.17..5541.37 rows=28 width=21) (actual time=29.471..29.677 rows=31 loops=1)
Merge Join  (cost=5543.87..5544.41 rows=28 width=136) (actual time=30.541..30.550 rows=7 loops=1)
Merge Join  (cost=5544.24..5544.78 rows=28 width=136) (actual time=30.338..30.357 rows=27 loops=1)
Merge Join  (cost=5534.07..5539.08 rows=27 width=21) (actual time=29.450..29.612 rows=21 loops=1)
Merge Join  (cost=5544.92..5545.45 rows=28 width=136) (actual time=29.816..29.834 rows=27 loops=1)
Merge Join  (cost=5534.64..5539.69 rows=27 width=21) (actual time=30.461..30.463 rows=1 loops=1)
Merge Join  (cost=5543.21..5543.73 rows=27 width=136) (actual time=30.091..30.101 rows=7 loops=1)
Merge Join  (cost=5535.26..5540.38 rows=28 width=21) (actual time=29.588..29.737 rows=14 loops=1)
Merge Join  (cost=5546.80..5547.81 rows=55 width=127) (actual time=32.283..32.291 rows=5 loops=1)
Merge Join  (cost=5536.17..5541.37 rows=28 width=21) (actual time=30.458..30.479 rows=1 loops=1)
Merge Join  (cost=5535.26..5540.38 rows=28 width=21) (actual time=30.110..30.184 rows=18 loops=1)
Merge Join  (cost=5534.64..5539.69 rows=27 width=21) (actual time=29.787..29.944 rows=9 loops=1)
Merge Join  (cost=5536.17..5541.37 rows=28 width=21) (actual time=29.665..29.854 rows=19 loops=1)
Merge Join  (cost=5534.92..5540.01 rows=28 width=21) (actual time=30.004..30.161 rows=20 loops=1)
Merge Join  (cost=5544.24..5544.78 rows=28 width=136) (actual time=30.264..30.281 rows=27 loops=1)
Merge Join  (cost=5544.92..5545.45 rows=28 width=136) (actual time=30.622..30.640 rows=29 loops=1)
Merge Join  (cost=5546.80..5547.81 rows=55 width=127) (actual time=32.988..33.001 rows=15 loops=1)
Merge Join  (cost=5544.55..5545.08 rows=28 width=136) (actual time=30.305..30.321 rows=21 loops=1)
Merge Join  (cost=5547.77..5548.80 rows=56 width=127) (actual time=33.305..33.321 rows=23 loops=1)
Merge Join  (cost=5535.26..5540.38 rows=28 width=21) (actual time=29.594..29.826 rows=13 loops=1)
Merge Join  (cost=5546.80..5547.81 rows=55 width=127) (actual time=32.767..32.780 rows=19 loops=1)
Merge Join  (cost=5545.70..5546.69 rows=54 width=127) (actual time=33.226..33.255 rows=53 loops=1)
Merge Join  (cost=5544.24..5544.78 rows=28 width=136) (actual time=29.966..29.985 rows=29 loops=1)
Merge Join  (cost=5544.92..5545.45 rows=28 width=136) (actual time=29.848..29.863 rows=19 loops=1)
Merge Join  (cost=5543.93..5544.47 rows=28 width=136) (actual time=29.614..29.628 rows=19 loops=1)
Merge Join  (cost=5545.58..5546.57 rows=54 width=127) (actual time=33.260..33.277 rows=25 loops=1)
Merge Join  (cost=5536.17..5541.37 rows=28 width=21) (actual time=29.925..30.098 rows=23 loops=1)
Merge Join  (cost=5546.61..5547.62 rows=55 width=127) (actual time=32.884..32.902 rows=25 loops=1)
Merge Join  (cost=5534.07..5539.08 rows=27 width=21) (actual time=29.547..29.767 rows=3 loops=1)
Merge Join  (cost=5535.83..5541.00 rows=28 width=21) (actual time=29.917..30.125 rows=15 loops=1)
Merge Join  (cost=5545.70..5546.69 rows=54 width=127) (actual time=33.398..33.405 rows=3 loops=1)
Merge Join  (cost=5547.77..5548.80 rows=56 width=127) (actual time=33.083..33.155 rows=143 loops=1)
Merge Join  (cost=5543.21..5543.73 rows=27 width=136) (actual time=30.059..30.075 rows=23 loops=1)
Merge Join  (cost=5534.64..5539.69 rows=27 width=403) (actual time=29.882..30.048 rows=23 loops=1)
Merge Join  (cost=5536.00..5541.18 rows=28 width=21) (actual time=29.755..29.948 rows=21 loops=1)
Merge Join  (cost=5545.70..5546.69 rows=54 width=127) (actual time=33.087..33.165 rows=161 loops=1)
Merge Join  (cost=5546.80..5547.81 rows=55 width=127) (actual time=32.419..32.429 rows=11 loops=1)
Merge Join  (cost=5544.43..5545.40 rows=53 width=127) (actual time=32.914..32.921 rows=2 loops=1)
Merge Join  (cost=5534.07..5539.08 rows=27 width=403) (actual time=29.557..29.724 rows=35 loops=1)
Merge Join  (cost=5535.83..5541.00 rows=28 width=21) (actual time=29.599..29.731 rows=30 loops=1)
Merge Join  (cost=5543.87..5544.41 rows=28 width=136) (actual time=29.833..29.842 rows=7 loops=1)
Merge Join  (cost=5535.43..5540.57 rows=28 width=21) (actual time=30.469..30.601 rows=34 loops=1)
Merge Join  (cost=5543.21..5543.73 rows=27 width=136) (actual time=30.438..30.456 rows=25 loops=1)
Merge Join  (cost=5536.40..5541.62 rows=28 width=21) (actual time=29.702..29.865 rows=34 loops=1)
Merge Join  (cost=5544.24..5544.78 rows=28 width=136) (actual time=29.871..29.888 rows=25 loops=1)
Merge Join  (cost=5535.54..5540.69 rows=28 width=403) (actual time=30.547..30.691 rows=25 loops=1)
Merge Join  (cost=5547.05..5548.05 rows=55 width=127) (actual time=33.300..33.319 rows=27 loops=1)
Merge Join  (cost=5545.89..5546.44 rows=29 width=136) (actual time=29.912..29.920 rows=7 loops=1)
Merge Join  (cost=5545.77..5546.76 rows=54 width=127) (actual time=32.854..32.927 rows=150 loops=1)
Merge Join  (cost=5546.80..5547.81 rows=55 width=127) (actual time=33.829..33.927 rows=199 loops=1)
Merge Join  (cost=5544.92..5545.45 rows=28 width=136) (actual time=30.155..30.170 rows=21 loops=1)
Merge Join  (cost=5546.07..5547.06 rows=54 width=127) (actual time=32.418..32.425 rows=3 loops=1)
Merge Join  (cost=5536.17..5541.37 rows=28 width=21) (actual time=29.668..29.824 rows=24 loops=1)
Merge Join  (cost=5543.56..5544.10 rows=28 width=136) (actual time=30.617..30.637 rows=31 loops=1)
Merge Join  (cost=5545.40..5546.39 rows=54 width=127) (actual time=33.056..33.063 rows=3 loops=1)
Merge Join  (cost=5544.24..5544.78 rows=28 width=136) (actual time=30.164..30.181 rows=25 loops=1)
Merge Join  (cost=5546.43..5547.44 rows=55 width=127) (actual time=33.314..33.406 rows=193 loops=1)
Merge Join  (cost=5536.00..5541.18 rows=28 width=21) (actual time=29.970..30.118 rows=20 loops=1)
Merge Join  (cost=5544.92..5545.45 rows=28 width=136) (actual time=30.173..30.192 rows=29 loops=1)
Merge Join  (cost=5544.92..5545.89 rows=53 width=127) (actual time=32.444..32.453 rows=9 loops=1)
Merge Join  (cost=5545.04..5546.02 rows=53 width=127) (actual time=32.932..32.951 rows=31 loops=1)
Merge Join  (cost=5544.55..5545.08 rows=28 width=136) (actual time=30.261..30.275 rows=17 loops=1)
Merge Join  (cost=5545.17..5545.70 rows=28 width=136) (actual time=30.162..30.177 rows=21 loops=1)
Merge Join  (cost=5536.40..5541.62 rows=28 width=21) (actual time=29.604..29.749 rows=23 loops=1)
Merge Join  (cost=5545.04..5546.02 rows=53 width=127) (actual time=32.924..32.937 rows=17 loops=1)
Merge Join  (cost=5535.26..5540.38 rows=28 width=21) (actual time=29.722..29.929 rows=5 loops=1)
Merge Join  (cost=5536.00..5541.18 rows=28 width=21) (actual time=29.713..29.826 rows=19 loops=1)
Merge Join  (cost=5534.07..5539.08 rows=27 width=21) (actual time=29.817..29.911 rows=25 loops=1)
Merge Join  (cost=5546.80..5547.81 rows=55 width=127) (actual time=32.963..32.977 rows=19 loops=1)
Merge Join  (cost=5536.17..5541.37 rows=28 width=403) (actual time=30.315..30.472 rows=11 loops=1)
Merge Join  (cost=5535.83..5541.00 rows=28 width=21) (actual time=30.106..30.311 rows=17 loops=1)
Merge Join  (cost=5546.80..5547.81 rows=55 width=127) (actual time=32.475..32.483 rows=5 loops=1)
Merge Join  (cost=5536.17..5541.37 rows=28 width=403) (actual time=29.567..29.696 rows=3 loops=1)
Merge Join  (cost=5543.93..5544.47 rows=28 width=136) (actual time=30.232..30.241 rows=7 loops=1)
Merge Join  (cost=5536.17..5541.37 rows=28 width=21) (actual time=30.099..30.216 rows=18 loops=1)
Merge Join  (cost=5545.70..5546.69 rows=54 width=127) (actual time=32.953..33.041 rows=176 loops=1)
Merge Join  (cost=5535.20..5540.32 rows=28 width=403) (actual time=29.462..29.639 rows=33 loops=1)
Merge Join  (cost=5534.64..5539.69 rows=27 width=21) (actual time=30.045..30.240 rows=27 loops=1)
Merge Join  (cost=5536.17..5541.37 rows=28 width=21) (actual time=30.164..30.300 rows=17 loops=1)
Merge Join  (cost=5543.21..5543.73 rows=27 width=136) (actual time=30.090..30.106 rows=23 loops=1)
Merge Join  (cost=5547.05..5548.05 rows=55 width=127) (actual time=32.840..32.854 rows=13 loops=1)
Merge Join  (cost=5536.00..5541.18 rows=28 width=21) (actual time=30.267..30.301 rows=22 loops=1)
Merge Join  (cost=5547.05..5548.05 rows=55 width=127) (actual time=33.458..33.495 rows=69 loops=1)
Merge Join  (cost=5535.54..5540.69 rows=28 width=21) (actual time=29.633..29.768 rows=24 loops=1)
Merge Join  (cost=5545.77..5546.76 rows=54 width=127) (actual time=33.167..33.249 rows=163 loops=1)
Merge Join  (cost=5536.17..5541.37 rows=28 width=21) (actual time=30.049..30.152 rows=17 loops=1)
Merge Join  (cost=5546.14..5547.13 rows=54 width=127) (actual time=32.806..32.830 rows=39 loops=1)
Merge Join  (cost=5535.54..5540.69 rows=28 width=21) (actual time=30.005..30.151 rows=9 loops=1)
Merge Join  (cost=5534.92..5540.01 rows=28 width=21) (actual time=29.497..29.593 rows=19 loops=1)
Merge Join  (cost=5544.55..5545.08 rows=28 width=136) (actual time=30.121..30.138 rows=25 loops=1)
Merge Join  (cost=5545.04..5546.02 rows=53 width=127) (actual time=33.158..33.172 rows=21 loops=1)
Merge Join  (cost=5534.64..5539.69 rows=27 width=403) (actual time=29.444..29.611 rows=15 loops=1)
Merge Join  (cost=5536.17..5541.37 rows=28 width=21) (actual time=29.729..29.855 rows=19 loops=1)
Merge Join  (cost=5535.54..5540.69 rows=28 width=21) (actual time=30.000..30.241 rows=7 loops=1)
Merge Join  (cost=5537.02..5542.31 rows=29 width=21) (actual time=30.061..30.178 rows=32 loops=1)
Merge Join  (cost=5535.60..5540.75 rows=28 width=21) (actual time=29.632..29.852 rows=11 loops=1)
Merge Join  (cost=5545.04..5546.02 rows=53 width=127) (actual time=32.818..32.847 rows=53 loops=1)
Merge Join  (cost=5546.80..5547.81 rows=55 width=127) (actual time=33.067..33.091 rows=39 loops=1)
Merge Join  (cost=5544.30..5544.84 rows=28 width=136) (actual time=30.071..30.082 rows=9 loops=1)
Merge Join  (cost=5535.60..5540.75 rows=28 width=21) (actual time=29.670..29.815 rows=21 loops=1)
Merge Join  (cost=5536.40..5541.62 rows=28 width=21) (actual time=29.679..29.693 rows=24 loops=1)
Merge Join  (cost=5544.55..5545.08 rows=28 width=136) (actual time=30.245..30.257 rows=13 loops=1)
Merge Join  (cost=5546.61..5547.62 rows=55 width=127) (actual time=33.163..33.174 rows=8 loops=1)
Merge Join  (cost=5534.64..5539.69 rows=27 width=21) (actual time=29.824..29.908 rows=6 loops=1)
Merge Join  (cost=5535.26..5540.38 rows=28 width=21) (actual time=29.558..29.712 rows=22 loops=1)
Merge Join  (cost=5534.53..5539.57 rows=27 width=21) (actual time=29.901..30.089 rows=3 loops=1)
Merge Join  (cost=5543.87..5544.41 rows=28 width=136) (actual time=30.204..30.223 rows=27 loops=1)
Merge Join  (cost=5535.54..5540.69 rows=28 width=21) (actual time=29.585..29.616 rows=34 loops=1)
Merge Join  (cost=5545.17..5545.70 rows=28 width=136) (actual time=29.855..29.869 rows=17 loops=1)
Merge Join  (cost=5543.87..5544.41 rows=28 width=136) (actual time=30.386..30.389 rows=1 loops=1)
Merge Join  (cost=5536.00..5541.18 rows=28 width=21) (actual time=29.903..30.096 rows=9 loops=1)
Merge Join  (cost=5543.93..5544.47 rows=28 width=136) (actual time=29.972..29.984 rows=15 loops=1)
Merge Join  (cost=5544.92..5545.45 rows=28 width=136) (actual time=29.895..29.907 rows=13 loops=1)
Merge Join  (cost=5536.00..5541.18 rows=28 width=21) (actual time=30.108..30.231 rows=1 loops=1)
Merge Join  (cost=5536.17..5541.37 rows=28 width=21) (actual time=29.992..30.144 rows=15 loops=1)
Merge Join  (cost=5535.54..5540.69 rows=28 width=21) (actual time=29.756..29.881 rows=28 loops=1)
Merge Join  (cost=5545.17..5545.70 rows=28 width=136) (actual time=29.885..29.899 rows=19 loops=1)
Merge Join  (cost=5546.80..5547.81 rows=55 width=127) (actual time=33.231..33.249 rows=23 loops=1)
Merge Join  (cost=5545.89..5546.44 rows=29 width=136) (actual time=30.278..30.298 rows=31 loops=1)
Merge Join  (cost=5545.89..5546.44 rows=29 width=136) (actual time=29.855..29.862 rows=3 loops=1)
Merge Join  (cost=5535.54..5540.69 rows=28 width=21) (actual time=29.615..29.759 rows=24 loops=1)
Merge Join  (cost=5535.43..5540.57 rows=28 width=21) (actual time=30.087..30.199 rows=22 loops=1)
Merge Join  (cost=5546.43..5547.44 rows=55 width=127) (actual time=33.147..33.194 rows=91 loops=1)
Merge Join  (cost=5535.26..5540.38 rows=28 width=21) (actual time=29.748..29.827 rows=28 loops=1)
Merge Join  (cost=5546.07..5547.06 rows=54 width=127) (actual time=32.751..32.771 rows=33 loops=1)
Merge Join  (cost=5546.14..5547.13 rows=54 width=127) (actual time=33.139..33.153 rows=19 loops=1)
Merge Join  (cost=5535.60..5540.75 rows=28 width=403) (actual time=29.789..29.993 rows=11 loops=1)
Merge Join  (cost=5535.54..5540.69 rows=28 width=21) (actual time=29.617..29.785 rows=28 loops=1)
Merge Join  (cost=5544.92..5545.45 rows=28 width=136) (actual time=29.771..29.785 rows=19 loops=1)
Merge Join  (cost=5535.26..5540.38 rows=28 width=21) (actual time=30.140..30.325 rows=13 loops=1)
Merge Join  (cost=5545.95..5546.94 rows=54 width=127) (actual time=33.266..33.280 rows=18 loops=1)
Merge Join  (cost=5535.43..5540.57 rows=28 width=403) (actual time=29.655..29.834 rows=29 loops=1)
Merge Join  (cost=5546.80..5547.81 rows=55 width=127) (actual time=33.001..33.048 rows=89 loops=1)
Merge Join  (cost=5536.17..5541.37 rows=28 width=21) (actual time=30.116..30.265 rows=19 loops=1)
Merge Join  (cost=5536.17..5541.37 rows=28 width=21) (actual time=29.894..30.008 rows=22 loops=1)
Merge Join  (cost=5535.54..5540.69 rows=28 width=21) (actual time=29.684..29.798 rows=35 loops=1)
Merge Join  (cost=5546.07..5547.06 rows=54 width=127) (actual time=32.964..32.997 rows=56 loops=1)
Merge Join  (cost=5546.61..5547.62 rows=55 width=127) (actual time=33.309..33.320 rows=11 loops=1)
Merge Join  (cost=5544.73..5545.27 rows=28 width=136) (actual time=30.205..30.226 rows=33 loops=1)
Merge Join  (cost=5546.61..5547.62 rows=55 width=127) (actual time=32.857..32.869 rows=15 loops=1)
Merge Join  (cost=5546.14..5547.13 rows=54 width=127) (actual time=32.582..32.584 rows=1 loops=1)
Merge Join  (cost=5544.24..5544.78 rows=28 width=136) (actual time=30.113..30.135 rows=34 loops=1)
Merge Join  (cost=5537.02..5542.31 rows=29 width=21) (actual time=29.786..29.933 rows=20 loops=1)
Merge Join  (cost=5544.92..5545.89 rows=53 width=127) (actual time=32.865..32.886 rows=35 loops=1)
Merge Join  (cost=5545.70..5546.69 rows=54 width=127) (actual time=33.089..33.092 rows=1 loops=1)
Merge Join  (cost=5545.89..5546.44 rows=29 width=136) (actual time=30.247..30.264 rows=25 loops=1)
Merge Join  (cost=5546.80..5547.81 rows=55 width=127) (actual time=33.091..33.104 rows=15 loops=1)
Merge Join  (cost=5536.17..5541.37 rows=28 width=21) (actual time=29.792..29.825 rows=22 loops=1)
Merge Join  (cost=5545.95..5546.94 rows=54 width=127) (actual time=32.950..32.964 rows=17 loops=1)
Merge Join  (cost=5535.43..5540.57 rows=28 width=21) (actual time=30.161..30.329 rows=3 loops=1)
Merge Join  (cost=5546.80..5547.81 rows=55 width=127) (actual time=33.310..33.313 rows=1 loops=1)
Merge Join  (cost=5535.60..5540.75 rows=28 width=21) (actual time=29.574..29.714 rows=26 loops=1)
Merge Join  (cost=5545.77..5546.76 rows=54 width=127) (actual time=32.748..32.779 rows=57 loops=1)
Merge Join  (cost=5536.17..5541.37 rows=28 width=21) (actual time=29.866..29.898 rows=14 loops=1)
Merge Join  (cost=5546.07..5547.06 rows=54 width=127) (actual time=33.240..33.279 rows=69 loops=1)
Merge Join  (cost=5582.92..5590.97 rows=457 width=127) (actual time=34.196..34.448 rows=537 loops=1)
Merge Join  (cost=5535.26..5540.38 rows=28 width=21) (actual time=29.805..29.972 rows=34 loops=1)
Merge Join  (cost=5544.92..5545.89 rows=53 width=127) (actual time=33.195..33.212 rows=25 loops=1)
Merge Join  (cost=5534.53..5539.57 rows=27 width=403) (actual time=29.889..30.021 rows=23 loops=1)
Merge Join  (cost=5546.61..5547.62 rows=55 width=127) (actual time=32.952..32.965 rows=17 loops=1)
Merge Join  (cost=5535.54..5540.69 rows=28 width=21) (actual time=29.512..29.706 rows=13 loops=1)
Merge Join  (cost=5535.83..5541.00 rows=28 width=21) (actual time=30.296..30.478 rows=11 loops=1)
Merge Join  (cost=5534.64..5539.69 rows=27 width=21) (actual time=29.886..30.009 rows=26 loops=1)
Merge Join  (cost=5546.07..5547.06 rows=54 width=127) (actual time=33.020..33.030 rows=10 loops=1)
Merge Join  (cost=5545.04..5546.02 rows=53 width=127) (actual time=32.958..32.977 rows=31 loops=1)
Merge Join  (cost=5534.07..5539.08 rows=27 width=21) (actual time=29.906..30.059 rows=26 loops=1)
Merge Join  (cost=5546.61..5547.62 rows=55 width=127) (actual time=33.065..33.081 rows=23 loops=1)
Merge Join  (cost=5536.00..5541.18 rows=28 width=403) (actual time=29.736..29.828 rows=11 loops=1)
Merge Join  (cost=5546.80..5547.81 rows=55 width=127) (actual time=32.584..32.587 rows=1 loops=1)
Merge Join  (cost=5543.75..5544.28 rows=28 width=136) (actual time=30.385..30.395 rows=9 loops=1)
Merge Join  (cost=5536.17..5541.37 rows=28 width=21) (actual time=30.090..30.260 rows=3 loops=1)
Merge Join  (cost=5545.04..5546.02 rows=53 width=127) (actual time=33.050..33.064 rows=18 loops=1)
Merge Join  (cost=5536.00..5541.18 rows=28 width=21) (actual time=29.671..29.834 rows=32 loops=1)
Merge Join  (cost=5544.12..5544.65 rows=28 width=136) (actual time=30.335..30.338 rows=1 loops=1)
Merge Join  (cost=5535.54..5540.69 rows=28 width=21) (actual time=30.062..30.225 rows=24 loops=1)
Merge Join  (cost=5545.58..5546.57 rows=54 width=127) (actual time=33.253..33.340 rows=182 loops=1)
Merge Join  (cost=5543.75..5544.28 rows=28 width=136) (actual time=30.044..30.062 rows=27 loops=1)
Merge Join  (cost=5545.40..5546.39 rows=54 width=127) (actual time=33.707..33.739 rows=60 loops=1)
Merge Join  (cost=5544.24..5544.78 rows=28 width=136) (actual time=30.169..30.188 rows=29 loops=1)
Merge Join  (cost=5544.92..5545.89 rows=53 width=127) (actual time=33.130..33.197 rows=128 loops=1)
Merge Join  (cost=5543.21..5543.73 rows=27 width=136) (actual time=29.767..29.782 rows=23 loops=1)
Merge Join  (cost=5534.64..5539.69 rows=27 width=21) (actual time=29.968..30.084 rows=21 loops=1)
Merge Join  (cost=5535.83..5541.00 rows=28 width=21) (actual time=29.958..30.095 rows=20 loops=1)
Merge Join  (cost=5544.30..5544.84 rows=28 width=136) (actual time=29.945..29.957 rows=15 loops=1)
Merge Join  (cost=5535.54..5540.69 rows=28 width=21) (actual time=29.583..29.731 rows=12 loops=1)
Merge Join  (cost=5546.43..5547.44 rows=55 width=127) (actual time=33.610..33.629 rows=27 loops=1)
Merge Join  (cost=5544.73..5545.27 rows=28 width=136) (actual time=30.175..30.186 rows=9 loops=1)
Merge Join  (cost=5535.09..5540.20 rows=28 width=21) (actual time=29.447..29.641 rows=1 loops=1)
Merge Join  (cost=5534.92..5540.01 rows=28 width=21) (actual time=29.485..29.651 rows=22 loops=1)
Merge Join  (cost=5543.75..5544.28 rows=28 width=136) (actual time=30.101..30.108 rows=3 loops=1)
Merge Join  (cost=5536.00..5541.18 rows=28 width=21) (actual time=30.102..30.277 rows=27 loops=1)
Merge Join  (cost=5546.07..5547.06 rows=54 width=127) (actual time=33.071..33.088 rows=25 loops=1)
Merge Join  (cost=5534.92..5540.01 rows=28 width=21) (actual time=29.869..29.943 rows=36 loops=1)
Merge Join  (cost=5535.83..5541.00 rows=28 width=21) (actual time=30.066..30.174 rows=16 loops=1)
Merge Join  (cost=5545.77..5546.76 rows=54 width=127) (actual time=33.375..33.384 rows=9 loops=1)
Merge Join  (cost=5535.26..5540.38 rows=28 width=403) (actual time=29.611..29.740 rows=9 loops=1)
Merge Join  (cost=5535.54..5540.69 rows=28 width=21) (actual time=29.835..30.043 rows=3 loops=1)
Merge Join  (cost=5586.43..5595.01 rows=488 width=127) (actual time=34.461..34.703 rows=509 loops=1)
Merge Join  (cost=5537.02..5542.31 rows=29 width=21) (actual time=29.966..30.093 rows=29 loops=1)
Merge Join  (cost=5546.61..5547.62 rows=55 width=127) (actual time=32.827..32.846 rows=32 loops=1)
Merge Join  (cost=5535.09..5540.20 rows=28 width=21) (actual time=29.403..29.588 rows=3 loops=1)
Merge Join  (cost=5543.21..5543.73 rows=27 width=136) (actual time=30.202..30.212 rows=9 loops=1)
Merge Join  (cost=5544.24..5544.78 rows=28 width=136) (actual time=30.124..30.130 rows=3 loops=1)
Merge Join  (cost=5545.40..5546.39 rows=54 width=127) (actual time=33.056..33.097 rows=73 loops=1)
Merge Join  (cost=5546.07..5547.06 rows=54 width=127) (actual time=32.823..32.835 rows=15 loops=1)
Merge Join  (cost=5534.07..5539.08 rows=27 width=21) (actual time=29.980..30.105 rows=7 loops=1)
Merge Join  (cost=5546.43..5547.44 rows=55 width=127) (actual time=32.961..32.971 rows=9 loops=1)
Merge Join  (cost=5544.43..5545.40 rows=53 width=127) (actual time=32.508..32.515 rows=2 loops=1)
Merge Join  (cost=5534.07..5539.08 rows=27 width=403) (actual time=29.364..29.531 rows=35 loops=1)
Merge Join  (cost=5535.20..5540.32 rows=28 width=21) (actual time=30.123..30.281 rows=17 loops=1)
Merge Join  (cost=5557.14..5560.73 rows=203 width=127) (actual time=33.613..33.713 rows=205 loops=1)
Merge Join  (cost=5535.60..5540.75 rows=28 width=21) (actual time=29.577..29.635 rows=32 loops=1)
Merge Join  (cost=5536.17..5541.37 rows=28 width=21) (actual time=29.684..29.831 rows=24 loops=1)
Merge Join  (cost=5537.02..5542.31 rows=29 width=21) (actual time=29.872..30.008 rows=30 loops=1)
Merge Join  (cost=5535.43..5540.57 rows=28 width=21) (actual time=29.986..30.107 rows=26 loops=1)
Merge Join  (cost=5546.80..5547.81 rows=55 width=127) (actual time=32.956..32.972 rows=23 loops=1)
Merge Join  (cost=5545.89..5546.44 rows=29 width=136) (actual time=29.792..29.805 rows=17 loops=1)
Merge Join  (cost=5537.02..5542.31 rows=29 width=21) (actual time=29.809..29.975 rows=28 loops=1)
Merge Join  (cost=5547.05..5548.05 rows=55 width=127) (actual time=33.233..33.245 rows=13 loops=1)
Merge Join  (cost=5546.07..5547.06 rows=54 width=127) (actual time=33.201..33.222 rows=32 loops=1)
Merge Join  (cost=5544.92..5545.89 rows=53 width=127) (actual time=32.811..32.862 rows=97 loops=1)
Merge Join  (cost=5546.14..5547.13 rows=54 width=127) (actual time=32.840..32.843 rows=1 loops=1)
Merge Join  (cost=5535.54..5540.69 rows=28 width=21) (actual time=29.912..29.987 rows=36 loops=1)
Merge Join  (cost=5536.40..5541.62 rows=28 width=21) (actual time=29.680..29.827 rows=23 loops=1)
Merge Join  (cost=5546.80..5547.81 rows=55 width=127) (actual time=33.023..33.096 rows=149 loops=1)
Merge Join  (cost=5536.17..5541.37 rows=28 width=403) (actual time=29.816..30.019 rows=29 loops=1)
Merge Join  (cost=5535.26..5540.38 rows=28 width=21) (actual time=29.693..29.811 rows=3 loops=1)
Merge Join  (cost=5545.04..5546.02 rows=53 width=127) (actual time=32.943..32.966 rows=39 loops=1)
Merge Join  (cost=5535.26..5540.38 rows=28 width=21) (actual time=29.536..29.750 rows=11 loops=1)
Merge Join  (cost=5544.92..5545.45 rows=28 width=136) (actual time=30.297..30.311 rows=19 loops=1)
Merge Join  (cost=5536.17..5541.37 rows=28 width=21) (actual time=30.329..30.350 rows=1 loops=1)
Merge Join  (cost=5545.95..5546.94 rows=54 width=127) (actual time=33.029..33.042 rows=17 loops=1)
Merge Join  (cost=5535.43..5540.57 rows=28 width=403) (actual time=29.694..29.905 rows=17 loops=1)
Merge Join  (cost=5535.60..5540.75 rows=28 width=21) (actual time=29.996..30.126 rows=17 loops=1)
Merge Join  (cost=5534.92..5540.01 rows=28 width=21) (actual time=29.865..30.091 rows=7 loops=1)
Merge Join  (cost=5546.80..5547.81 rows=55 width=127) (actual time=32.856..32.866 rows=11 loops=1)
Merge Join  (cost=5546.43..5547.44 rows=55 width=127) (actual time=32.662..32.696 rows=62 loops=1)
Merge Join  (cost=5546.14..5547.13 rows=54 width=127) (actual time=33.083..33.106 rows=39 loops=1)
Merge Join  (cost=5546.07..5547.06 rows=54 width=127) (actual time=33.192..33.198 rows=3 loops=1)
Merge Join  (cost=5543.21..5543.73 rows=27 width=136) (actual time=30.050..30.070 rows=31 loops=1)
Merge Join  (cost=5544.92..5545.45 rows=28 width=136) (actual time=29.829..29.842 rows=19 loops=1)
Merge Join  (cost=5544.92..5545.89 rows=53 width=127) (actual time=32.450..32.456 rows=3 loops=1)
Merge Join  (cost=5534.92..5540.01 rows=28 width=21) (actual time=29.747..29.855 rows=32 loops=1)
Merge Join  (cost=5545.58..5546.57 rows=54 width=127) (actual time=32.495..32.504 rows=5 loops=1)
Merge Join  (cost=5544.92..5545.45 rows=28 width=136) (actual time=30.047..30.069 rows=33 loops=1)
Merge Join  (cost=5545.77..5546.76 rows=54 width=127) (actual time=32.985..32.994 rows=5 loops=1)
Merge Join  (cost=5536.17..5541.37 rows=28 width=21) (actual time=29.961..30.099 rows=33 loops=1)
Merge Join  (cost=5546.61..5547.62 rows=55 width=127) (actual time=33.758..33.804 rows=91 loops=1)
Merge Join  (cost=5536.43..5541.89 rows=48 width=403) (actual time=29.548..29.576 rows=33 loops=1)
Merge Join  (cost=5535.43..5540.57 rows=28 width=21) (actual time=30.159..30.264 rows=34 loops=1)
Merge Join  (cost=5544.92..5545.89 rows=53 width=127) (actual time=33.072..33.086 rows=18 loops=1)
Merge Join  (cost=5543.09..5543.61 rows=27 width=136) (actual time=29.925..29.943 rows=27 loops=1)
Merge Join  (cost=5535.20..5540.32 rows=28 width=21) (actual time=29.596..29.739 rows=22 loops=1)
Merge Join  (cost=5546.07..5547.06 rows=54 width=127) (actual time=33.908..33.922 rows=17 loops=1)
Merge Join  (cost=5543.09..5543.61 rows=27 width=136) (actual time=30.147..30.162 rows=21 loops=1)
Merge Join  (cost=5584.43..5592.67 rows=468 width=127) (actual time=34.226..34.462 rows=495 loops=1)
Merge Join  (cost=5536.17..5541.37 rows=28 width=403) (actual time=29.498..29.672 rows=29 loops=1)
Merge Join  (cost=5544.92..5545.89 rows=53 width=127) (actual time=33.115..33.144 rows=51 loops=1)
Merge Join  (cost=5547.05..5548.05 rows=55 width=127) (actual time=33.008..33.017 rows=7 loops=1)
Merge Join  (cost=5545.40..5546.39 rows=54 width=127) (actual time=32.892..32.921 rows=53 loops=1)
Merge Join  (cost=5534.92..5540.01 rows=28 width=21) (actual time=29.345..29.492 rows=1 loops=1)
Merge Join  (cost=5543.93..5544.47 rows=28 width=136) (actual time=30.027..30.030 rows=1 loops=1)
Merge Join  (cost=5547.77..5548.80 rows=56 width=127) (actual time=33.214..33.233 rows=29 loops=1)
Merge Join  (cost=5537.02..5542.31 rows=29 width=21) (actual time=29.739..29.903 rows=32 loops=1)
Merge Join  (cost=5535.60..5540.75 rows=28 width=21) (actual time=29.921..30.099 rows=31 loops=1)
Merge Join  (cost=5535.60..5540.75 rows=28 width=21) (actual time=30.145..30.147 rows=1 loops=1)
Merge Join  (cost=5545.58..5546.57 rows=54 width=127) (actual time=33.365..33.397 rows=59 loops=1)
Merge Join  (cost=5537.02..5542.31 rows=29 width=21) (actual time=29.852..29.990 rows=36 loops=1)
Merge Join  (cost=5534.53..5539.57 rows=27 width=21) (actual time=29.506..29.642 rows=21 loops=1)
Merge Join  (cost=5546.61..5547.62 rows=55 width=127) (actual time=33.272..33.287 rows=19 loops=1)
Merge Join  (cost=5546.43..5547.44 rows=55 width=127) (actual time=33.197..33.200 rows=1 loops=1)
Merge Join  (cost=5535.54..5540.69 rows=28 width=21) (actual time=29.627..29.791 rows=28 loops=1)
Merge Join  (cost=5535.54..5540.69 rows=28 width=21) (actual time=29.533..29.684 rows=24 loops=1)
Merge Join  (cost=5545.17..5545.70 rows=28 width=136) (actual time=29.904..29.926 rows=33 loops=1)
Merge Join  (cost=5535.54..5540.69 rows=28 width=21) (actual time=29.721..29.845 rows=19 loops=1)
Merge Join  (cost=5535.54..5540.69 rows=28 width=21) (actual time=29.573..29.664 rows=28 loops=1)
Merge Join  (cost=5536.17..5541.37 rows=28 width=21) (actual time=29.486..29.672 rows=17 loops=1)
Merge Join  (cost=5536.17..5541.37 rows=28 width=21) (actual time=29.746..29.873 rows=1 loops=1)
Merge Join  (cost=5544.24..5544.78 rows=28 width=136) (actual time=30.202..30.224 rows=34 loops=1)
Merge Join  (cost=5542.60..5543.12 rows=27 width=136) (actual time=30.236..30.258 rows=33 loops=1)
Merge Join  (cost=5537.02..5542.31 rows=29 width=21) (actual time=29.439..29.642 rows=21 loops=1)
Merge Join  (cost=5535.43..5540.57 rows=28 width=21) (actual time=30.374..30.517 rows=28 loops=1)
Merge Join  (cost=5544.24..5544.78 rows=28 width=136) (actual time=30.209..30.223 rows=17 loops=1)
Merge Join  (cost=5544.92..5545.45 rows=28 width=136) (actual time=30.142..30.145 rows=1 loops=1)
Merge Join  (cost=5536.17..5541.37 rows=28 width=403) (actual time=29.434..29.575 rows=1 loops=1)
Merge Join  (cost=5535.43..5540.57 rows=28 width=21) (actual time=29.818..29.957 rows=15 loops=1)
Merge Join  (cost=5536.17..5541.37 rows=28 width=21) (actual time=29.735..29.872 rows=30 loops=1)
Merge Join  (cost=5543.56..5544.10 rows=28 width=136) (actual time=29.791..29.807 rows=23 loops=1)
Merge Join  (cost=5534.64..5539.69 rows=27 width=21) (actual time=30.205..30.278 rows=26 loops=1)
Merge Join  (cost=5545.17..5545.70 rows=28 width=136) (actual time=32.317..32.337 rows=31 loops=1)
Merge Join  (cost=5535.54..5540.69 rows=28 width=21) (actual time=30.080..30.171 rows=29 loops=1)
Merge Join  (cost=5535.09..5540.20 rows=28 width=21) (actual time=30.106..30.303 rows=3 loops=1)
Merge Join  (cost=5545.89..5546.44 rows=29 width=136) (actual time=29.836..29.850 rows=19 loops=1)
Merge Join  (cost=5543.21..5543.73 rows=27 width=136) (actual time=30.447..30.462 rows=19 loops=1)
Merge Join  (cost=5557.29..5560.76 rows=196 width=127) (actual time=33.377..33.472 rows=194 loops=1)
Merge Join  (cost=5547.05..5548.05 rows=55 width=127) (actual time=33.052..33.065 rows=17 loops=1)
Merge Join  (cost=5544.92..5545.45 rows=28 width=136) (actual time=30.015..30.032 rows=25 loops=1)
Merge Join  (cost=5534.64..5539.69 rows=27 width=21) (actual time=29.825..29.991 rows=3 loops=1)
Merge Join  (cost=5536.17..5541.37 rows=28 width=21) (actual time=30.049..30.189 rows=25 loops=1)
Merge Join  (cost=5545.40..5546.39 rows=54 width=127) (actual time=33.043..33.056 rows=17 loops=1)
Merge Join  (cost=5534.92..5540.01 rows=28 width=403) (actual time=29.409..29.574 rows=3 loops=1)
Merge Join  (cost=5535.20..5540.32 rows=28 width=21) (actual time=30.105..30.296 rows=1 loops=1)
Merge Join  (cost=5535.54..5540.69 rows=28 width=21) (actual time=29.949..30.154 rows=3 loops=1)
Merge Join  (cost=5535.43..5540.57 rows=28 width=21) (actual time=29.836..29.906 rows=32 loops=1)
Merge Join  (cost=5535.60..5540.75 rows=28 width=21) (actual time=29.591..29.694 rows=11 loops=1)
Merge Join  (cost=5535.09..5540.20 rows=28 width=21) (actual time=29.615..29.713 rows=7 loops=1)
Merge Join  (cost=5544.24..5544.78 rows=28 width=136) (actual time=30.066..30.087 rows=31 loops=1)
Merge Join  (cost=5545.70..5546.69 rows=54 width=127) (actual time=32.855..32.861 rows=3 loops=1)
Merge Join  (cost=5544.30..5544.84 rows=28 width=136) (actual time=29.845..29.863 rows=29 loops=1)
Merge Join  (cost=5544.43..5545.40 rows=53 width=127) (actual time=33.340..33.381 rows=78 loops=1)
Merge Join  (cost=5535.09..5540.20 rows=28 width=21) (actual time=29.938..30.130 rows=33 loops=1)
Merge Join  (cost=5536.40..5541.62 rows=28 width=21) (actual time=29.773..29.910 rows=26 loops=1)
Merge Join  (cost=5534.07..5539.08 rows=27 width=21) (actual time=29.483..29.685 rows=1 loops=1)
Merge Join  (cost=5535.09..5540.20 rows=28 width=21) (actual time=30.014..30.165 rows=26 loops=1)
Merge Join  (cost=5543.56..5544.10 rows=28 width=136) (actual time=30.281..30.297 rows=19 loops=1)
Merge Join  (cost=5545.77..5546.76 rows=54 width=127) (actual time=33.384..33.414 rows=55 loops=1)
Merge Join  (cost=5535.54..5540.69 rows=28 width=21) (actual time=29.729..29.936 rows=3 loops=1)
Merge Join  (cost=5544.73..5545.27 rows=28 width=136) (actual time=30.489..30.502 rows=17 loops=1)
Merge Join  (cost=5543.21..5543.73 rows=27 width=136) (actual time=30.140..30.154 rows=17 loops=1)
Merge Join  (cost=5536.00..5541.18 rows=28 width=21) (actual time=29.758..29.961 rows=23 loops=1)
Merge Join  (cost=5536.40..5541.62 rows=28 width=21) (actual time=29.885..30.027 rows=26 loops=1)
Merge Join  (cost=5542.60..5543.12 rows=27 width=136) (actual time=30.433..30.436 rows=1 loops=1)
Merge Join  (cost=5534.07..5539.08 rows=27 width=403) (actual time=29.792..29.979 rows=1 loops=1)
Merge Join  (cost=5547.77..5548.80 rows=56 width=127) (actual time=33.477..33.509 rows=58 loops=1)
Merge Join  (cost=5535.54..5540.69 rows=28 width=21) (actual time=29.856..29.993 rows=24 loops=1)
Merge Join  (cost=5544.92..5545.45 rows=28 width=136) (actual time=29.878..29.896 rows=28 loops=1)
Merge Join  (cost=5546.07..5547.06 rows=54 width=127) (actual time=32.426..32.435 rows=9 loops=1)
Merge Join  (cost=5546.80..5547.81 rows=55 width=127) (actual time=33.278..33.285 rows=3 loops=1)
Merge Join  (cost=5636.77..5655.73 rows=1020 width=127) (actual time=34.207..35.281 rows=1140 loops=1)
Merge Join  (cost=5535.54..5540.69 rows=28 width=21) (actual time=29.934..30.021 rows=26 loops=1)
Merge Join  (cost=5536.00..5541.18 rows=28 width=21) (actual time=29.745..29.972 rows=21 loops=1)
Merge Join  (cost=5583.88..5592.06 rows=465 width=127) (actual time=34.103..34.341 rows=493 loops=1)
Merge Join  (cost=5545.58..5546.57 rows=54 width=127) (actual time=32.839..32.846 rows=3 loops=1)
Merge Join  (cost=5544.92..5545.89 rows=53 width=127) (actual time=33.180..33.195 rows=19 loops=1)
Merge Join  (cost=5546.61..5547.62 rows=55 width=127) (actual time=33.301..33.345 rows=88 loops=1)
Merge Join  (cost=5536.00..5541.18 rows=28 width=403) (actual time=29.449..29.668 rows=29 loops=1)
Merge Join  (cost=5546.14..5547.13 rows=54 width=127) (actual time=32.991..33.010 rows=24 loops=1)
Merge Join  (cost=5536.40..5541.62 rows=28 width=21) (actual time=29.826..29.972 rows=19 loops=1)
Merge Join  (cost=5546.07..5547.06 rows=54 width=127) (actual time=33.201..33.208 rows=3 loops=1)
Merge Join  (cost=5547.05..5548.05 rows=55 width=127) (actual time=32.654..32.656 rows=1 loops=1)
Merge Join  (cost=5546.07..5547.06 rows=54 width=127) (actual time=32.544..32.553 rows=5 loops=1)
Merge Join  (cost=5535.54..5540.69 rows=28 width=21) (actual time=30.145..30.262 rows=30 loops=1)
Merge Join  (cost=5560.13..5563.92 rows=214 width=127) (actual time=33.646..33.740 rows=184 loops=1)
Merge Join  (cost=5536.17..5541.37 rows=28 width=21) (actual time=29.694..29.827 rows=24 loops=1)
Merge Join  (cost=5534.64..5539.69 rows=27 width=21) (actual time=29.600..29.712 rows=28 loops=1)
Merge Join  (cost=5535.20..5540.32 rows=28 width=21) (actual time=29.758..29.913 rows=22 loops=1)
Merge Join  (cost=5544.55..5545.08 rows=28 width=136) (actual time=30.026..30.033 rows=3 loops=1)
Merge Join  (cost=5535.26..5540.38 rows=28 width=21) (actual time=29.565..29.710 rows=11 loops=1)
Merge Join  (cost=5545.04..5546.02 rows=53 width=127) (actual time=33.107..33.143 rows=68 loops=1)
Merge Join  (cost=5535.60..5540.75 rows=28 width=21) (actual time=30.457..30.614 rows=17 loops=1)
Merge Join  (cost=5534.07..5539.08 rows=27 width=21) (actual time=29.990..30.059 rows=29 loops=1)
Merge Join  (cost=5546.61..5547.62 rows=55 width=127) (actual time=32.804..32.819 rows=17 loops=1)
Merge Join  (cost=5543.09..5543.61 rows=27 width=136) (actual time=29.817..29.829 rows=15 loops=1)
Merge Join  (cost=5546.43..5547.44 rows=55 width=127) (actual time=33.497..33.524 rows=46 loops=1)
Merge Join  (cost=5536.00..5541.18 rows=28 width=21) (actual time=30.066..30.194 rows=24 loops=1)
Merge Join  (cost=5544.24..5544.78 rows=28 width=136) (actual time=29.826..29.846 rows=29 loops=1)
Merge Join  (cost=5535.20..5540.32 rows=28 width=21) (actual time=29.376..29.590 rows=9 loops=1)
Merge Join  (cost=5536.00..5541.18 rows=28 width=21) (actual time=30.165..30.307 rows=3 loops=1)
Merge Join  (cost=5534.92..5540.01 rows=28 width=21) (actual time=30.270..30.377 rows=30 loops=1)
Merge Join  (cost=5544.92..5545.45 rows=28 width=136) (actual time=29.967..29.985 rows=29 loops=1)
Merge Join  (cost=5546.80..5547.81 rows=55 width=127) (actual time=32.245..32.255 rows=9 loops=1)
Merge Join  (cost=5588.66..5597.63 rows=510 width=127) (actual time=34.728..34.968 rows=519 loops=1)
Merge Join  (cost=5544.24..5544.78 rows=28 width=136) (actual time=30.128..30.146 rows=27 loops=1)
Merge Join  (cost=5545.89..5546.44 rows=29 width=136) (actual time=30.108..30.116 rows=3 loops=1)
Merge Join  (cost=5544.43..5545.40 rows=53 width=127) (actual time=33.119..33.227 rows=218 loops=1)
Merge Join  (cost=5535.26..5540.38 rows=28 width=21) (actual time=30.242..30.378 rows=7 loops=1)
Merge Join  (cost=5544.92..5545.89 rows=53 width=127) (actual time=32.998..33.001 rows=1 loops=1)
Merge Join  (cost=5534.53..5539.57 rows=27 width=403) (actual time=29.650..29.652 rows=1 loops=1)
Merge Join  (cost=5535.54..5540.69 rows=28 width=21) (actual time=29.703..29.927 rows=1 loops=1)
Merge Join  (cost=5537.02..5542.31 rows=29 width=21) (actual time=29.760..29.928 rows=11 loops=1)
Merge Join  (cost=5536.17..5541.37 rows=28 width=21) (actual time=30.064..30.264 rows=13 loops=1)
Merge Join  (cost=5544.92..5545.89 rows=53 width=127) (actual time=33.286..33.319 rows=59 loops=1)
Merge Join  (cost=5544.12..5544.65 rows=28 width=136) (actual time=29.802..29.811 rows=7 loops=1)
Merge Join  (cost=5546.61..5547.62 rows=55 width=127) (actual time=33.035..33.037 rows=1 loops=1)
Merge Join  (cost=5535.60..5540.75 rows=28 width=21) (actual time=33.458..33.603 rows=28 loops=1)
Merge Join  (cost=5534.64..5539.69 rows=27 width=21) (actual time=29.643..29.759 rows=3 loops=1)
Merge Join  (cost=5545.58..5546.57 rows=54 width=127) (actual time=34.193..34.235 rows=74 loops=1)
Merge Join  (cost=5546.80..5547.81 rows=55 width=127) (actual time=35.712..35.724 rows=13 loops=1)
Merge Join  (cost=5534.53..5539.57 rows=27 width=21) (actual time=30.270..30.427 rows=30 loops=1)
Merge Join  (cost=5537.02..5542.31 rows=29 width=21) (actual time=29.626..29.827 rows=23 loops=1)
Merge Join  (cost=5536.17..5541.37 rows=28 width=21) (actual time=29.779..29.886 rows=28 loops=1)
Merge Join  (cost=5535.43..5540.57 rows=28 width=21) (actual time=29.655..29.832 rows=23 loops=1)
Merge Join  (cost=5534.92..5540.01 rows=28 width=21) (actual time=29.940..30.072 rows=22 loops=1)
Merge Join  (cost=5544.92..5545.45 rows=28 width=136) (actual time=29.920..29.930 rows=13 loops=1)
Merge Join  (cost=5536.00..5541.18 rows=28 width=21) (actual time=29.609..29.765 rows=26 loops=1)
Merge Join  (cost=5545.40..5546.39 rows=54 width=127) (actual time=33.315..33.319 rows=1 loops=1)
Merge Join  (cost=5534.92..5540.01 rows=28 width=403) (actual time=30.147..30.244 rows=1 loops=1)
Merge Join  (cost=5535.20..5540.32 rows=28 width=21) (actual time=29.826..30.030 rows=3 loops=1)
Merge Join  (cost=5546.80..5547.81 rows=55 width=127) (actual time=33.281..33.375 rows=182 loops=1)
Merge Join  (cost=5536.00..5541.18 rows=28 width=21) (actual time=30.566..30.640 rows=37 loops=1)
Merge Join  (cost=5544.24..5544.78 rows=28 width=136) (actual time=30.068..30.078 rows=9 loops=1)
Merge Join  (cost=5535.60..5540.75 rows=28 width=21) (actual time=29.595..29.701 rows=8 loops=1)
Merge Join  (cost=5545.89..5546.44 rows=29 width=136) (actual time=29.860..29.872 rows=17 loops=1)
Merge Join  (cost=5537.02..5542.31 rows=29 width=403) (actual time=30.078..30.278 rows=17 loops=1)
Merge Join  (cost=5543.75..5544.28 rows=28 width=136) (actual time=30.309..30.325 rows=21 loops=1)
Merge Join  (cost=5543.93..5544.47 rows=28 width=136) (actual time=29.842..29.849 rows=3 loops=1)
Merge Join  (cost=5534.07..5539.08 rows=27 width=21) (actual time=29.560..29.711 rows=9 loops=1)
Merge Join  (cost=5545.77..5546.76 rows=54 width=127) (actual time=33.581..33.614 rows=59 loops=1)
Merge Join  (cost=5544.55..5545.08 rows=28 width=136) (actual time=29.979..29.990 rows=11 loops=1)
Merge Join  (cost=5535.83..5541.00 rows=28 width=403) (actual time=29.407..29.592 rows=11 loops=1)
Merge Join  (cost=5535.60..5540.75 rows=28 width=21) (actual time=29.659..29.823 rows=30 loops=1)
Merge Join  (cost=5544.30..5544.84 rows=28 width=136) (actual time=29.882..29.897 rows=19 loops=1)
Merge Join  (cost=5535.60..5540.75 rows=28 width=403) (actual time=29.821..29.878 rows=19 loops=1)
Merge Join  (cost=5546.61..5547.62 rows=55 width=127) (actual time=33.382..33.471 rows=165 loops=1)
Merge Join  (cost=5544.43..5545.40 rows=53 width=127) (actual time=32.812..32.854 rows=76 loops=1)
Merge Join  (cost=5535.54..5540.69 rows=28 width=21) (actual time=30.247..30.394 rows=18 loops=1)
Merge Join  (cost=5535.54..5540.69 rows=28 width=21) (actual time=30.071..30.173 rows=31 loops=1)
Merge Join  (cost=5544.30..5544.84 rows=28 width=136) (actual time=30.149..30.164 rows=19 loops=1)
Merge Join  (cost=5546.07..5547.06 rows=54 width=127) (actual time=33.118..33.139 rows=33 loops=1)
Merge Join  (cost=5544.24..5544.78 rows=28 width=136) (actual time=30.107..30.127 rows=31 loops=1)
Merge Join  (cost=5535.54..5540.69 rows=28 width=403) (actual time=29.756..29.984 rows=31 loops=1)
Merge Join  (cost=5534.92..5540.01 rows=28 width=21) (actual time=29.555..29.702 rows=23 loops=1)
Merge Join  (cost=5534.92..5540.01 rows=28 width=21) (actual time=29.560..29.687 rows=34 loops=1)
Merge Join  (cost=5546.07..5547.06 rows=54 width=127) (actual time=32.966..32.986 rows=29 loops=1)
Merge Join  (cost=5544.92..5545.45 rows=28 width=136) (actual time=30.518..30.535 rows=25 loops=1)
Merge Join  (cost=5535.09..5540.20 rows=28 width=21) (actual time=29.685..29.764 rows=5 loops=1)
Merge Join  (cost=5546.07..5547.06 rows=54 width=127) (actual time=33.241..33.273 rows=55 loops=1)
Merge Join  (cost=5546.61..5547.62 rows=55 width=127) (actual time=32.798..32.809 rows=14 loops=1)
Merge Join  (cost=5535.54..5540.69 rows=28 width=403) (actual time=30.010..30.192 rows=13 loops=1)
Merge Join  (cost=5536.17..5541.37 rows=28 width=21) (actual time=29.734..29.870 rows=30 loops=1)
Merge Join  (cost=5535.20..5540.32 rows=28 width=21) (actual time=29.636..29.769 rows=12 loops=1)
Merge Join  (cost=5545.58..5546.57 rows=54 width=127) (actual time=32.812..32.833 rows=35 loops=1)
Merge Join  (cost=5536.00..5541.18 rows=28 width=21) (actual time=29.925..30.097 rows=3 loops=1)
Merge Join  (cost=5534.64..5539.69 rows=27 width=21) (actual time=29.998..30.177 rows=21 loops=1)
Merge Join  (cost=5545.58..5546.57 rows=54 width=127) (actual time=33.212..33.300 rows=169 loops=1)
Merge Join  (cost=5535.54..5540.69 rows=28 width=21) (actual time=29.750..29.803 rows=1 loops=1)
Merge Join  (cost=5535.09..5540.20 rows=28 width=21) (actual time=29.701..29.719 rows=30 loops=1)
Merge Join  (cost=5547.77..5548.80 rows=56 width=127) (actual time=33.565..33.665 rows=194 loops=1)
Merge Join  (cost=5545.04..5546.02 rows=53 width=127) (actual time=32.793..32.802 rows=7 loops=1)
Merge Join  (cost=5546.80..5547.81 rows=55 width=127) (actual time=33.238..33.274 rows=63 loops=1)
Merge Join  (cost=5537.02..5542.31 rows=29 width=21) (actual time=29.946..30.106 rows=29 loops=1)
Merge Join  (cost=5534.64..5539.69 rows=27 width=21) (actual time=30.200..30.386 rows=7 loops=1)
Merge Join  (cost=5534.53..5539.57 rows=27 width=21) (actual time=29.577..29.734 rows=26 loops=1)
Merge Join  (cost=5537.02..5542.31 rows=29 width=21) (actual time=29.537..29.665 rows=21 loops=1)
Merge Join  (cost=5546.80..5547.81 rows=55 width=127) (actual time=32.835..32.859 rows=41 loops=1)
Merge Join  (cost=5545.40..5546.39 rows=54 width=127) (actual time=33.414..33.436 rows=35 loops=1)
Merge Join  (cost=5544.43..5545.40 rows=53 width=127) (actual time=32.899..32.928 rows=51 loops=1)
Merge Join  (cost=5558.00..5561.69 rows=208 width=127) (actual time=33.445..33.548 rows=210 loops=1)
Merge Join  (cost=5534.07..5539.08 rows=27 width=21) (actual time=29.657..29.797 rows=9 loops=1)
Merge Join  (cost=5534.64..5539.69 rows=27 width=21) (actual time=29.990..30.129 rows=23 loops=1)
Merge Join  (cost=5545.70..5546.69 rows=54 width=127) (actual time=32.468..32.486 rows=29 loops=1)
Merge Join  (cost=5546.80..5547.81 rows=55 width=127) (actual time=32.338..32.356 rows=27 loops=1)
Merge Join  (cost=5543.09..5543.61 rows=27 width=136) (actual time=30.600..30.620 rows=29 loops=1)
Merge Join  (cost=5547.77..5548.80 rows=56 width=127) (actual time=33.346..33.354 rows=3 loops=1)
Merge Join  (cost=5543.09..5543.61 rows=27 width=136) (actual time=29.916..29.939 rows=31 loops=1)
Merge Join  (cost=5535.09..5540.20 rows=28 width=21) (actual time=29.632..29.780 rows=3 loops=1)
Merge Join  (cost=5544.92..5545.45 rows=28 width=136) (actual time=29.964..29.967 rows=1 loops=1)
Merge Join  (cost=5535.43..5540.57 rows=28 width=21) (actual time=29.788..29.905 rows=18 loops=1)
Merge Join  (cost=5546.07..5547.06 rows=54 width=127) (actual time=32.404..32.413 rows=9 loops=1)
Merge Join  (cost=5544.55..5545.08 rows=28 width=136) (actual time=29.888..29.902 rows=17 loops=1)
Merge Join  (cost=5543.21..5543.73 rows=27 width=136) (actual time=31.193..31.206 rows=15 loops=1)
Merge Join  (cost=5536.17..5541.37 rows=28 width=21) (actual time=29.927..30.046 rows=23 loops=1)
Merge Join  (cost=5534.64..5539.69 rows=27 width=403) (actual time=29.862..29.981 rows=15 loops=1)
Merge Join  (cost=5547.05..5548.05 rows=55 width=127) (actual time=33.035..33.073 rows=68 loops=1)
Merge Join  (cost=5535.54..5540.69 rows=28 width=21) (actual time=30.242..30.390 rows=7 loops=1)
Merge Join  (cost=5546.80..5547.81 rows=55 width=127) (actual time=33.985..34.027 rows=80 loops=1)
Merge Join  (cost=5546.43..5547.44 rows=55 width=127) (actual time=32.789..32.797 rows=6 loops=1)
Merge Join  (cost=5536.17..5541.37 rows=28 width=21) (actual time=29.825..29.965 rows=21 loops=1)
Merge Join  (cost=5536.17..5541.37 rows=28 width=21) (actual time=29.899..30.104 rows=1 loops=1)
Merge Join  (cost=5534.92..5540.01 rows=28 width=21) (actual time=29.979..30.173 rows=17 loops=1)
Merge Join  (cost=5546.80..5547.81 rows=55 width=127) (actual time=32.616..32.632 rows=23 loops=1)
Merge Join  (cost=5536.17..5541.37 rows=28 width=403) (actual time=29.530..29.747 rows=15 loops=1)
Merge Join  (cost=5535.54..5540.69 rows=28 width=21) (actual time=30.427..30.648 rows=9 loops=1)
Merge Join  (cost=5546.07..5547.06 rows=54 width=127) (actual time=33.605..33.645 rows=78 loops=1)
Merge Join  (cost=5546.07..5547.06 rows=54 width=127) (actual time=33.138..33.151 rows=17 loops=1)
Merge Join  (cost=5545.04..5546.02 rows=53 width=127) (actual time=33.076..33.115 rows=73 loops=1)
Merge Join  (cost=5535.09..5540.20 rows=28 width=21) (actual time=29.946..29.991 rows=29 loops=1)
Merge Join  (cost=5535.54..5540.69 rows=28 width=21) (actual time=30.211..30.360 rows=36 loops=1)
Merge Join  (cost=5544.92..5545.89 rows=53 width=127) (actual time=33.053..33.066 rows=13 loops=1)
Merge Join  (cost=5535.54..5540.69 rows=28 width=21) (actual time=29.733..29.881 rows=21 loops=1)
Merge Join  (cost=5536.17..5541.37 rows=28 width=21) (actual time=30.336..30.483 rows=7 loops=1)
Merge Join  (cost=5534.92..5540.01 rows=28 width=21) (actual time=30.050..30.204 rows=26 loops=1)
Merge Join  (cost=5535.83..5541.00 rows=28 width=21) (actual time=29.781..29.894 rows=24 loops=1)
Merge Join  (cost=5545.04..5546.02 rows=53 width=127) (actual time=33.310..33.322 rows=13 loops=1)
Merge Join  (cost=5534.53..5539.57 rows=27 width=21) (actual time=30.310..30.461 rows=19 loops=1)
Merge Join  (cost=5544.92..5545.45 rows=28 width=136) (actual time=30.609..30.617 rows=3 loops=1)
Merge Join  (cost=5536.17..5541.37 rows=28 width=21) (actual time=29.736..29.895 rows=22 loops=1)
Merge Join  (cost=5534.53..5539.57 rows=27 width=21) (actual time=29.564..29.722 rows=20 loops=1)
Merge Join  (cost=5593.32..5603.16 rows=560 width=127) (actual time=34.804..35.077 rows=560 loops=1)
Merge Join  (cost=5537.02..5542.31 rows=29 width=21) (actual time=29.958..30.123 rows=23 loops=1)
Merge Join  (cost=5546.07..5547.06 rows=54 width=127) (actual time=32.994..33.013 rows=28 loops=1)
Merge Join  (cost=5535.20..5540.32 rows=28 width=21) (actual time=29.595..29.736 rows=22 loops=1)
Merge Join  (cost=5544.92..5545.89 rows=53 width=127) (actual time=33.509..33.516 rows=3 loops=1)
Merge Join  (cost=5544.92..5545.89 rows=53 width=127) (actual time=33.260..33.271 rows=13 loops=1)
Merge Join  (cost=5535.20..5540.32 rows=28 width=21) (actual time=29.508..29.554 rows=24 loops=1)
Merge Join  (cost=5546.61..5547.62 rows=55 width=127) (actual time=32.823..32.837 rows=17 loops=1)
Merge Join  (cost=5534.64..5539.69 rows=27 width=21) (actual time=30.136..30.201 rows=24 loops=1)
Merge Join  (cost=5535.54..5540.69 rows=28 width=21) (actual time=29.924..30.038 rows=29 loops=1)
Merge Join  (cost=5536.17..5541.37 rows=28 width=21) (actual time=29.587..29.724 rows=31 loops=1)
Merge Join  (cost=5544.55..5545.08 rows=28 width=136) (actual time=29.931..29.944 rows=15 loops=1)
Merge Join  (cost=5534.64..5539.69 rows=27 width=21) (actual time=30.326..30.482 rows=11 loops=1)
Merge Join  (cost=5534.07..5539.08 rows=27 width=21) (actual time=30.046..30.194 rows=19 loops=1)
Merge Join  (cost=5534.64..5539.69 rows=27 width=21) (actual time=29.637..29.786 rows=15 loops=1)
Merge Join  (cost=5545.04..5546.02 rows=53 width=127) (actual time=33.393..33.422 rows=51 loops=1)
Merge Join  (cost=5536.40..5541.62 rows=28 width=21) (actual time=30.299..30.418 rows=7 loops=1)
Merge Join  (cost=5543.93..5544.47 rows=28 width=136) (actual time=30.203..30.217 rows=17 loops=1)
Merge Join  (cost=5535.26..5540.38 rows=28 width=403) (actual time=29.991..30.094 rows=17 loops=1)
Merge Join  (cost=5535.43..5540.57 rows=28 width=21) (actual time=30.075..30.233 rows=9 loops=1)
Merge Join  (cost=5535.09..5540.20 rows=28 width=21) (actual time=29.829..29.987 rows=20 loops=1)
Merge Join  (cost=5543.09..5543.61 rows=27 width=136) (actual time=30.227..30.229 rows=1 loops=1)
Merge Join  (cost=5535.20..5540.32 rows=28 width=21) (actual time=29.782..29.913 rows=32 loops=1)
Merge Join  (cost=5545.40..5546.39 rows=54 width=127) (actual time=32.873..32.886 rows=15 loops=1)
Merge Join  (cost=5534.92..5540.01 rows=28 width=403) (actual time=29.731..29.863 rows=13 loops=1)
Merge Join  (cost=5535.54..5540.69 rows=28 width=21) (actual time=29.934..30.077 rows=24 loops=1)
Merge Join  (cost=5535.60..5540.75 rows=28 width=21) (actual time=29.430..29.530 rows=29 loops=1)
Merge Join  (cost=5536.17..5541.37 rows=28 width=21) (actual time=29.398..29.651 rows=19 loops=1)
Merge Join  (cost=5536.40..5541.62 rows=28 width=21) (actual time=29.862..30.002 rows=24 loops=1)
Merge Join  (cost=5546.61..5547.62 rows=55 width=127) (actual time=33.715..33.792 rows=155 loops=1)
Merge Join  (cost=5536.00..5541.18 rows=28 width=21) (actual time=29.895..30.058 rows=27 loops=1)
Merge Join  (cost=5545.04..5546.02 rows=53 width=127) (actual time=32.974..32.987 rows=17 loops=1)
Merge Join  (cost=5535.20..5540.32 rows=28 width=21) (actual time=29.569..29.730 rows=30 loops=1)
Merge Join  (cost=5534.64..5539.69 rows=27 width=21) (actual time=30.290..30.442 rows=26 loops=1)
Merge Join  (cost=5536.17..5541.37 rows=28 width=21) (actual time=29.956..30.125 rows=28 loops=1)
Merge Join  (cost=5537.02..5542.31 rows=29 width=21) (actual time=29.772..29.877 rows=6 loops=1)
Merge Join  (cost=5546.07..5547.06 rows=54 width=127) (actual time=33.063..33.078 rows=19 loops=1)
Merge Join  (cost=5590.58..5599.95 rows=533 width=127) (actual time=34.579..34.829 rows=535 loops=1)
Merge Join  (cost=5546.61..5547.62 rows=55 width=127) (actual time=33.308..33.352 rows=83 loops=1)
Merge Join  (cost=5534.07..5539.08 rows=27 width=21) (actual time=29.541..29.666 rows=10 loops=1)
Merge Join  (cost=5547.77..5548.80 rows=56 width=127) (actual time=33.013..33.033 rows=31 loops=1)
Merge Join  (cost=5536.17..5541.37 rows=28 width=21) (actual time=29.531..29.731 rows=23 loops=1)
Merge Join  (cost=5536.40..5541.62 rows=28 width=21) (actual time=29.697..29.891 rows=17 loops=1)
Merge Join  (cost=5545.04..5546.02 rows=53 width=127) (actual time=33.224..33.242 rows=27 loops=1)
Merge Join  (cost=5544.92..5545.45 rows=28 width=136) (actual time=29.743..29.751 rows=7 loops=1)
Merge Join  (cost=5536.17..5541.37 rows=28 width=403) (actual time=30.372..30.494 rows=7 loops=1)
Merge Join  (cost=5546.43..5547.44 rows=55 width=127) (actual time=33.312..33.331 rows=27 loops=1)
Merge Join  (cost=5535.26..5540.38 rows=28 width=21) (actual time=29.688..29.805 rows=2 loops=1)
Merge Join  (cost=5546.80..5547.81 rows=55 width=127) (actual time=32.525..32.528 rows=1 loops=1)
Merge Join  (cost=5534.64..5539.69 rows=27 width=21) (actual time=29.887..30.044 rows=26 loops=1)
Merge Join  (cost=5546.07..5547.06 rows=54 width=127) (actual time=32.940..32.979 rows=73 loops=1)
Merge Join  (cost=5536.17..5541.37 rows=28 width=21) (actual time=29.819..29.952 rows=27 loops=1)
Merge Join  (cost=5544.92..5545.89 rows=53 width=127) (actual time=32.741..32.762 rows=36 loops=1)
Merge Join  (cost=5544.92..5545.45 rows=28 width=136) (actual time=30.254..30.273 rows=31 loops=1)
Merge Join  (cost=5534.07..5539.08 rows=27 width=21) (actual time=30.367..30.504 rows=25 loops=1)
Merge Join  (cost=5546.07..5547.06 rows=54 width=127) (actual time=32.914..32.988 rows=143 loops=1)
Merge Join  (cost=5544.12..5544.65 rows=28 width=136) (actual time=29.751..29.767 rows=23 loops=1)
Merge Join  (cost=5535.54..5540.69 rows=28 width=21) (actual time=29.683..29.836 rows=17 loops=1)
Merge Join  (cost=5544.92..5545.45 rows=28 width=136) (actual time=30.054..30.073 rows=27 loops=1)
Merge Join  (cost=5544.92..5545.45 rows=28 width=136) (actual time=30.117..30.136 rows=29 loops=1)
Merge Join  (cost=5535.54..5540.69 rows=28 width=21) (actual time=29.569..29.703 rows=18 loops=1)
Merge Join  (cost=5536.17..5541.37 rows=28 width=21) (actual time=30.354..30.496 rows=32 loops=1)
Merge Join  (cost=5535.83..5541.00 rows=28 width=21) (actual time=30.410..30.461 rows=6 loops=1)
Merge Join  (cost=5534.07..5539.08 rows=27 width=21) (actual time=29.695..29.839 rows=17 loops=1)
Merge Join  (cost=5537.02..5542.31 rows=29 width=21) (actual time=29.564..29.700 rows=28 loops=1)
Merge Join  (cost=5543.21..5543.73 rows=27 width=136) (actual time=29.992..30.001 rows=7 loops=1)
Merge Join  (cost=5535.54..5540.69 rows=28 width=21) (actual time=30.299..30.366 rows=34 loops=1)
Merge Join  (cost=5535.26..5540.38 rows=28 width=21) (actual time=29.659..29.827 rows=25 loops=1)
Merge Join  (cost=5545.04..5546.02 rows=53 width=127) (actual time=32.562..32.565 rows=1 loops=1)
Merge Join  (cost=5536.17..5541.37 rows=28 width=21) (actual time=30.341..30.451 rows=23 loops=1)
Merge Join  (cost=5544.92..5545.89 rows=53 width=127) (actual time=33.475..33.494 rows=25 loops=1)
Merge Join  (cost=5535.20..5540.32 rows=28 width=21) (actual time=29.747..29.876 rows=20 loops=1)
Merge Join  (cost=5536.17..5541.37 rows=28 width=21) (actual time=29.619..29.836 rows=15 loops=1)
Merge Join  (cost=5535.43..5540.57 rows=28 width=21) (actual time=29.965..30.098 rows=31 loops=1)
Merge Join  (cost=5560.34..5564.29 rows=223 width=127) (actual time=33.972..34.081 rows=212 loops=1)
Merge Join  (cost=5543.93..5544.47 rows=28 width=136) (actual time=30.175..30.194 rows=31 loops=1)
Merge Join  (cost=5535.26..5540.38 rows=28 width=403) (actual time=29.512..29.628 rows=31 loops=1)
Merge Join  (cost=5543.75..5544.28 rows=28 width=136) (actual time=30.446..30.465 rows=25 loops=1)
Merge Join  (cost=5535.09..5540.20 rows=28 width=403) (actual time=29.766..29.936 rows=25 loops=1)
Merge Join  (cost=5547.77..5548.80 rows=56 width=127) (actual time=32.666..32.688 rows=33 loops=1)
Merge Join  (cost=5544.73..5545.27 rows=28 width=136) (actual time=29.906..29.927 rows=33 loops=1)
Merge Join  (cost=5546.80..5547.81 rows=55 width=127) (actual time=33.085..33.093 rows=5 loops=1)
Merge Join  (cost=5544.92..5545.45 rows=28 width=136) (actual time=30.070..30.086 rows=21 loops=1)
Merge Join  (cost=5546.07..5547.06 rows=54 width=127) (actual time=32.835..32.842 rows=3 loops=1)
Merge Join  (cost=5546.80..5547.81 rows=55 width=127) (actual time=32.944..32.946 rows=1 loops=1)
Merge Join  (cost=5544.92..5545.89 rows=53 width=127) (actual time=33.184..33.204 rows=30 loops=1)
Merge Join  (cost=5535.26..5540.38 rows=28 width=21) (actual time=29.990..30.100 rows=28 loops=1)
Merge Join  (cost=5545.17..5545.70 rows=28 width=136) (actual time=29.895..29.907 rows=15 loops=1)
Merge Join  (cost=5536.40..5541.62 rows=28 width=403) (actual time=29.453..29.590 rows=15 loops=1)
Merge Join  (cost=5535.54..5540.69 rows=28 width=21) (actual time=30.013..30.174 rows=17 loops=1)
Merge Join  (cost=5547.77..5548.80 rows=56 width=127) (actual time=33.469..33.494 rows=41 loops=1)
Merge Join  (cost=5537.02..5542.31 rows=29 width=403) (actual time=29.696..29.832 rows=35 loops=1)
Merge Join  (cost=5544.92..5545.45 rows=28 width=136) (actual time=29.853..29.872 rows=31 loops=1)
Merge Join  (cost=5536.17..5541.37 rows=28 width=403) (actual time=29.634..29.775 rows=31 loops=1)
Merge Join  (cost=5537.02..5542.31 rows=29 width=21) (actual time=30.299..30.416 rows=26 loops=1)
Merge Join  (cost=5544.92..5545.89 rows=53 width=127) (actual time=33.145..33.165 rows=32 loops=1)
Merge Join  (cost=5535.54..5540.69 rows=28 width=21) (actual time=29.763..29.969 rows=9 loops=1)
Merge Join  (cost=5544.24..5544.78 rows=28 width=136) (actual time=29.861..29.873 rows=17 loops=1)
Merge Join  (cost=5545.77..5546.76 rows=54 width=127) (actual time=33.221..33.240 rows=25 loops=1)
Merge Join  (cost=5535.54..5540.69 rows=28 width=21) (actual time=29.818..29.938 rows=26 loops=1)
Merge Join  (cost=5535.54..5540.69 rows=28 width=21) (actual time=29.848..29.945 rows=3 loops=1)
Merge Join  (cost=5544.73..5545.27 rows=28 width=136) (actual time=29.678..29.686 rows=7 loops=1)
Merge Join  (cost=5534.92..5540.01 rows=28 width=21) (actual time=30.128..30.304 rows=22 loops=1)
Merge Join  (cost=5546.43..5547.44 rows=55 width=127) (actual time=33.023..33.046 rows=39 loops=1)
Merge Join  (cost=5534.64..5539.69 rows=27 width=21) (actual time=29.795..29.939 rows=21 loops=1)
Merge Join  (cost=5535.54..5540.69 rows=28 width=21) (actual time=29.503..29.663 rows=22 loops=1)
Merge Join  (cost=5546.14..5547.13 rows=54 width=127) (actual time=33.321..33.338 rows=23 loops=1)
Merge Join  (cost=5546.07..5547.06 rows=54 width=127) (actual time=33.219..33.226 rows=3 loops=1)
Merge Join  (cost=5547.05..5548.05 rows=55 width=127) (actual time=33.469..33.509 rows=79 loops=1)
Merge Join  (cost=5545.95..5546.94 rows=54 width=127) (actual time=32.893..32.907 rows=19 loops=1)
Merge Join  (cost=5535.54..5540.69 rows=28 width=21) (actual time=29.905..30.103 rows=7 loops=1)
Merge Join  (cost=5545.89..5546.44 rows=29 width=136) (actual time=30.034..30.052 rows=28 loops=1)
Merge Join  (cost=5536.17..5541.37 rows=28 width=21) (actual time=29.794..29.955 rows=30 loops=1)
Merge Join  (cost=5536.17..5541.37 rows=28 width=21) (actual time=29.510..29.704 rows=5 loops=1)
Merge Join  (cost=5534.07..5539.08 rows=27 width=21) (actual time=29.805..29.967 rows=17 loops=1)
Merge Join  (cost=5536.17..5541.37 rows=28 width=21) (actual time=29.988..30.153 rows=3 loops=1)
Merge Join  (cost=5534.92..5540.01 rows=28 width=21) (actual time=29.734..29.833 rows=8 loops=1)
Merge Join  (cost=5546.80..5547.81 rows=55 width=127) (actual time=32.994..33.011 rows=27 loops=1)
Merge Join  (cost=5545.58..5546.57 rows=54 width=127) (actual time=32.737..32.758 rows=32 loops=1)
Merge Join  (cost=5545.77..5546.76 rows=54 width=127) (actual time=32.686..32.689 rows=1 loops=1)
Merge Join  (cost=5535.54..5540.69 rows=28 width=21) (actual time=29.630..29.791 rows=19 loops=1)
Merge Join  (cost=5534.64..5539.69 rows=27 width=21) (actual time=29.306..29.510 rows=7 loops=1)
Merge Join  (cost=5536.17..5541.37 rows=28 width=21) (actual time=29.703..29.895 rows=23 loops=1)
Merge Join  (cost=5535.20..5540.32 rows=28 width=21) (actual time=30.066..30.211 rows=24 loops=1)
Merge Join  (cost=5546.61..5547.62 rows=55 width=127) (actual time=32.793..32.796 rows=1 loops=1)
Merge Join  (cost=5536.00..5541.18 rows=28 width=403) (actual time=29.573..29.670 rows=1 loops=1)
Merge Join  (cost=5534.64..5539.69 rows=27 width=21) (actual time=30.010..30.154 rows=21 loops=1)
Merge Join  (cost=5546.61..5547.62 rows=55 width=127) (actual time=33.524..33.541 rows=25 loops=1)
Merge Join  (cost=5536.00..5541.18 rows=28 width=403) (actual time=29.668..29.812 rows=15 loops=1)
Merge Join  (cost=5535.54..5540.69 rows=28 width=21) (actual time=29.714..29.879 rows=30 loops=1)
Merge Join  (cost=5536.00..5541.18 rows=28 width=21) (actual time=29.975..30.107 rows=12 loops=1)
Merge Join  (cost=5545.40..5546.39 rows=54 width=127) (actual time=33.397..33.437 rows=76 loops=1)
Merge Join  (cost=5544.30..5544.84 rows=28 width=136) (actual time=29.971..29.986 rows=21 loops=1)
Merge Join  (cost=5535.60..5540.75 rows=28 width=403) (actual time=29.423..29.576 rows=21 loops=1)
Merge Join  (cost=5535.54..5540.69 rows=28 width=21) (actual time=29.685..29.822 rows=25 loops=1)
Merge Join  (cost=5545.58..5546.57 rows=54 width=127) (actual time=33.162..33.183 rows=35 loops=1)
Merge Join  (cost=5544.92..5545.45 rows=28 width=136) (actual time=29.890..29.904 rows=17 loops=1)
Merge Join  (cost=5535.54..5540.69 rows=28 width=21) (actual time=29.503..29.710 rows=21 loops=1)
Merge Join  (cost=5537.02..5542.31 rows=29 width=21) (actual time=30.230..30.392 rows=26 loops=1)
Merge Join  (cost=5546.43..5547.44 rows=55 width=127) (actual time=33.256..33.278 rows=37 loops=1)
Merge Join  (cost=5537.02..5542.31 rows=29 width=21) (actual time=29.662..29.825 rows=29 loops=1)
Merge Join  (cost=5536.40..5541.62 rows=28 width=21) (actual time=29.546..29.742 rows=25 loops=1)
Merge Join  (cost=5536.00..5541.18 rows=28 width=21) (actual time=29.956..30.170 rows=11 loops=1)
Merge Join  (cost=5546.07..5547.06 rows=54 width=127) (actual time=33.146..33.152 rows=3 loops=1)
Merge Join  (cost=5535.60..5540.75 rows=28 width=21) (actual time=29.657..29.801 rows=34 loops=1)
Merge Join  (cost=5536.00..5541.18 rows=28 width=21) (actual time=29.599..29.674 rows=26 loops=1)
Merge Join  (cost=5546.14..5547.13 rows=54 width=127) (actual time=32.823..32.831 rows=5 loops=1)
Merge Join  (cost=5546.07..5547.06 rows=54 width=127) (actual time=33.130..33.147 rows=27 loops=1)
Merge Join  (cost=5535.54..5540.69 rows=28 width=403) (actual time=29.556..29.724 rows=27 loops=1)
Merge Join  (cost=5544.92..5545.45 rows=28 width=136) (actual time=29.782..29.795 rows=15 loops=1)
Merge Join  (cost=5546.43..5547.44 rows=55 width=127) (actual time=33.454..33.469 rows=17 loops=1)
Merge Join  (cost=5535.60..5540.75 rows=28 width=21) (actual time=29.985..30.211 rows=7 loops=1)
Merge Join  (cost=5546.14..5547.13 rows=54 width=127) (actual time=33.473..33.558 rows=174 loops=1)
Merge Join  (cost=5535.60..5540.75 rows=28 width=403) (actual time=29.370..29.552 rows=25 loops=1)
Merge Join  (cost=5535.83..5541.00 rows=28 width=21) (actual time=30.070..30.234 rows=19 loops=1)
Merge Join  (cost=5544.92..5545.89 rows=53 width=127) (actual time=33.464..33.472 rows=3 loops=1)
Merge Join  (cost=5536.40..5541.62 rows=28 width=21) (actual time=29.687..29.827 rows=8 loops=1)
Merge Join  (cost=5536.40..5541.62 rows=28 width=21) (actual time=29.749..29.801 rows=32 loops=1)
Merge Join  (cost=5542.60..5543.12 rows=27 width=136) (actual time=30.143..30.159 rows=23 loops=1)
Merge Join  (cost=5535.83..5541.00 rows=28 width=21) (actual time=29.966..30.099 rows=27 loops=1)
Merge Join  (cost=5546.07..5547.06 rows=54 width=127) (actual time=32.531..32.541 rows=11 loops=1)
Merge Join  (cost=5534.64..5539.69 rows=27 width=21) (actual time=29.517..29.678 rows=32 loops=1)
Merge Join  (cost=5546.80..5547.81 rows=55 width=127) (actual time=33.763..33.871 rows=217 loops=1)
Merge Join  (cost=5534.07..5539.08 rows=27 width=21) (actual time=30.228..30.368 rows=26 loops=1)
Merge Join  (cost=5535.54..5540.69 rows=28 width=21) (actual time=29.746..29.902 rows=28 loops=1)
Merge Join  (cost=5545.40..5546.39 rows=54 width=127) (actual time=32.831..32.850 rows=31 loops=1)
Merge Join  (cost=5537.02..5542.31 rows=29 width=21) (actual time=29.793..29.921 rows=16 loops=1)
Merge Join  (cost=5546.07..5547.06 rows=54 width=127) (actual time=33.119..33.141 rows=36 loops=1)
Merge Join  (cost=5534.92..5540.01 rows=28 width=21) (actual time=29.441..29.619 rows=3 loops=1)
Merge Join  (cost=5545.95..5546.94 rows=54 width=127) (actual time=32.459..32.470 rows=13 loops=1)
Merge Join  (cost=5546.43..5547.44 rows=55 width=127) (actual time=33.194..33.216 rows=37 loops=1)
Merge Join  (cost=5535.60..5540.75 rows=28 width=21) (actual time=29.689..29.748 rows=22 loops=1)
Merge Join  (cost=5536.17..5541.37 rows=28 width=21) (actual time=29.546..29.668 rows=1 loops=1)
Merge Join  (cost=5534.07..5539.08 rows=27 width=21) (actual time=29.639..29.753 rows=26 loops=1)
Merge Join  (cost=5636.77..5655.73 rows=1020 width=127) (actual time=34.459..35.512 rows=1140 loops=1)
Merge Join  (cost=5535.26..5540.38 rows=28 width=21) (actual time=29.899..30.078 rows=3 loops=1)
Merge Join  (cost=5534.07..5539.08 rows=27 width=21) (actual time=29.628..29.780 rows=28 loops=1)
Merge Join  (cost=5544.92..5545.45 rows=28 width=136) (actual time=29.921..29.936 rows=20 loops=1)
Merge Join  (cost=5536.00..5541.18 rows=28 width=21) (actual time=29.911..30.149 rows=13 loops=1)
Merge Join  (cost=5536.17..5541.37 rows=28 width=21) (actual time=30.193..30.286 rows=28 loops=1)
Merge Join  (cost=5543.21..5543.73 rows=27 width=136) (actual time=29.909..29.923 rows=21 loops=1)
Merge Join  (cost=5543.21..5543.73 rows=27 width=136) (actual time=29.918..29.935 rows=27 loops=1)
Merge Join  (cost=5535.54..5540.69 rows=28 width=21) (actual time=29.929..30.151 rows=23 loops=1)
Merge Join  (cost=5535.54..5540.69 rows=28 width=21) (actual time=29.917..29.985 rows=35 loops=1)
Merge Join  (cost=5545.95..5546.94 rows=54 width=127) (actual time=32.855..32.858 rows=1 loops=1)
Merge Join  (cost=5535.43..5540.57 rows=28 width=403) (actual time=29.581..29.787 rows=1 loops=1)
Merge Join  (cost=5535.20..5540.32 rows=28 width=21) (actual time=30.148..30.288 rows=24 loops=1)
Merge Join  (cost=5546.80..5547.81 rows=55 width=127) (actual time=33.557..33.603 rows=88 loops=1)
Merge Join  (cost=5544.30..5544.84 rows=28 width=136) (actual time=29.804..29.813 rows=9 loops=1)
Merge Join  (cost=5545.04..5546.02 rows=53 width=127) (actual time=32.340..32.350 rows=9 loops=1)
Merge Join  (cost=5546.80..5547.81 rows=55 width=127) (actual time=33.125..33.148 rows=38 loops=1)
Merge Join  (cost=5546.61..5547.62 rows=55 width=127) (actual time=32.776..32.809 rows=58 loops=1)
Merge Join  (cost=5537.02..5542.31 rows=29 width=21) (actual time=29.762..29.907 rows=32 loops=1)
Merge Join  (cost=5543.87..5544.41 rows=28 width=136) (actual time=29.644..29.646 rows=1 loops=1)
Merge Join  (cost=5535.54..5540.69 rows=28 width=21) (actual time=30.035..30.069 rows=7 loops=1)
Merge Join  (cost=5536.17..5541.37 rows=28 width=21) (actual time=30.128..30.279 rows=26 loops=1)
Merge Join  (cost=5536.17..5541.37 rows=28 width=21) (actual time=29.591..29.793 rows=3 loops=1)
Merge Join  (cost=5534.92..5540.01 rows=28 width=21) (actual time=30.061..30.213 rows=13 loops=1)
Merge Join  (cost=5536.17..5541.37 rows=28 width=21) (actual time=29.954..30.064 rows=12 loops=1)
Merge Join  (cost=5636.51..5655.43 rows=1018 width=127) (actual time=34.651..35.662 rows=1143 loops=1)
Merge Join  (cost=5545.70..5546.69 rows=54 width=127) (actual time=33.023..33.059 rows=67 loops=1)
Merge Join  (cost=5534.64..5539.69 rows=27 width=21) (actual time=29.621..29.833 rows=21 loops=1)
Merge Join  (cost=5545.58..5546.57 rows=54 width=127) (actual time=33.589..33.619 rows=52 loops=1)
Merge Join  (cost=5535.54..5540.69 rows=28 width=21) (actual time=30.153..30.294 rows=30 loops=1)
Merge Join  (cost=5535.54..5540.69 rows=28 width=21) (actual time=30.229..30.305 rows=32 loops=1)
Merge Join  (cost=5535.43..5540.57 rows=28 width=21) (actual time=29.544..29.615 rows=15 loops=1)
Merge Join  (cost=5536.00..5541.18 rows=28 width=21) (actual time=29.908..30.041 rows=26 loops=1)
Merge Join  (cost=5534.07..5539.08 rows=27 width=21) (actual time=30.098..30.301 rows=1 loops=1)
Merge Join  (cost=5543.75..5544.28 rows=28 width=136) (actual time=29.832..29.851 rows=29 loops=1)
Merge Join  (cost=5543.87..5544.41 rows=28 width=136) (actual time=30.551..30.565 rows=19 loops=1)
Merge Join  (cost=5544.12..5544.65 rows=28 width=136) (actual time=30.315..30.324 rows=7 loops=1)
Merge Join  (cost=5545.95..5546.94 rows=54 width=127) (actual time=33.894..33.975 rows=171 loops=1)
Merge Join  (cost=5544.92..5545.89 rows=53 width=127) (actual time=33.015..33.058 rows=85 loops=1)
Merge Join  (cost=5545.40..5546.39 rows=54 width=127) (actual time=33.113..33.115 rows=1 loops=1)
Merge Join  (cost=5534.92..5540.01 rows=28 width=21) (actual time=29.836..29.992 rows=17 loops=1)
Merge Join  (cost=5546.43..5547.44 rows=55 width=127) (actual time=32.885..32.904 rows=29 loops=1)
Merge Join  (cost=5545.70..5546.69 rows=54 width=127) (actual time=33.003..33.011 rows=5 loops=1)
Merge Join  (cost=5544.24..5544.78 rows=28 width=136) (actual time=29.729..29.744 rows=19 loops=1)
Merge Join  (cost=5535.26..5540.38 rows=28 width=21) (actual time=30.170..30.284 rows=18 loops=1)
Merge Join  (cost=5543.09..5543.61 rows=27 width=136) (actual time=30.095..30.108 rows=15 loops=1)
Merge Join  (cost=5535.54..5540.69 rows=28 width=21) (actual time=29.698..29.863 rows=21 loops=1)
Merge Join  (cost=5535.43..5540.57 rows=28 width=21) (actual time=29.498..29.673 rows=7 loops=1)
Merge Join  (cost=5542.60..5543.12 rows=27 width=136) (actual time=30.128..30.137 rows=5 loops=1)
Merge Join  (cost=5543.21..5543.73 rows=27 width=136) (actual time=30.193..30.208 rows=19 loops=1)
Merge Join  (cost=5536.40..5541.62 rows=28 width=21) (actual time=29.883..30.034 rows=3 loops=1)
Merge Join  (cost=5534.64..5539.69 rows=27 width=21) (actual time=29.445..29.604 rows=19 loops=1)
Merge Join  (cost=5546.07..5547.06 rows=54 width=127) (actual time=33.259..33.295 rows=63 loops=1)
Merge Join  (cost=5545.04..5546.02 rows=53 width=127) (actual time=33.218..33.227 rows=9 loops=1)
Merge Join  (cost=5545.58..5546.57 rows=54 width=127) (actual time=33.123..33.208 rows=176 loops=1)
Merge Join  (cost=5534.64..5539.69 rows=27 width=21) (actual time=29.865..29.997 rows=1 loops=1)
Merge Join  (cost=5534.64..5539.69 rows=27 width=21) (actual time=29.940..30.105 rows=15 loops=1)
Merge Join  (cost=5543.75..5544.28 rows=28 width=136) (actual time=30.193..30.213 rows=25 loops=1)
Merge Join  (cost=5535.54..5540.69 rows=28 width=21) (actual time=29.570..29.695 rows=35 loops=1)
Merge Join  (cost=5536.00..5541.18 rows=28 width=21) (actual time=29.943..30.095 rows=1 loops=1)
Merge Join  (cost=5535.26..5540.38 rows=28 width=21) (actual time=29.765..29.867 rows=5 loops=1)
Merge Join  (cost=5545.04..5546.02 rows=53 width=127) (actual time=33.385..33.407 rows=36 loops=1)
Merge Join  (cost=5543.93..5544.47 rows=28 width=136) (actual time=29.891..29.894 rows=1 loops=1)
Merge Join  (cost=5535.54..5540.69 rows=28 width=21) (actual time=29.604..29.700 rows=26 loops=1)
Merge Join  (cost=5544.92..5545.45 rows=28 width=136) (actual time=30.050..30.068 rows=27 loops=1)
Merge Join  (cost=5537.02..5542.31 rows=29 width=21) (actual time=29.965..30.108 rows=9 loops=1)
Merge Join  (cost=5545.70..5546.69 rows=54 width=127) (actual time=32.914..32.929 rows=21 loops=1)
Merge Join  (cost=5546.07..5547.06 rows=54 width=127) (actual time=32.548..32.555 rows=3 loops=1)
Merge Join  (cost=5534.64..5539.69 rows=27 width=21) (actual time=30.115..30.256 rows=20 loops=1)
Merge Join  (cost=5535.09..5540.20 rows=28 width=21) (actual time=29.733..29.910 rows=27 loops=1)
Merge Join  (cost=5537.02..5542.31 rows=29 width=21) (actual time=29.691..29.755 rows=24 loops=1)
Merge Join  (cost=5534.07..5539.08 rows=27 width=21) (actual time=29.592..29.768 rows=9 loops=1)
Merge Join  (cost=5534.92..5540.01 rows=28 width=21) (actual time=29.772..29.975 rows=7 loops=1)
Merge Join  (cost=5536.17..5541.37 rows=28 width=21) (actual time=30.182..30.310 rows=35 loops=1)
Merge Join  (cost=5545.58..5546.57 rows=54 width=127) (actual time=33.527..33.611 rows=172 loops=1)
Merge Join  (cost=5543.75..5544.28 rows=28 width=136) (actual time=29.862..29.871 rows=7 loops=1)
Merge Join  (cost=5544.24..5544.78 rows=28 width=136) (actual time=30.366..30.384 rows=29 loops=1)
Merge Join  (cost=5535.43..5540.57 rows=28 width=21) (actual time=30.196..30.380 rows=25 loops=1)
Merge Join  (cost=5546.80..5547.81 rows=55 width=127) (actual time=33.104..33.136 rows=56 loops=1)
Merge Join  (cost=5545.89..5546.44 rows=29 width=136) (actual time=29.962..29.974 rows=15 loops=1)
Merge Join  (cost=5591.39..5600.93 rows=543 width=127) (actual time=34.243..34.482 rows=513 loops=1)
Merge Join  (cost=5535.26..5540.38 rows=28 width=21) (actual time=29.784..29.933 rows=22 loops=1)
Merge Join  (cost=5535.60..5540.75 rows=28 width=21) (actual time=29.661..29.788 rows=34 loops=1)
Merge Join  (cost=5534.64..5539.69 rows=27 width=21) (actual time=29.553..29.712 rows=23 loops=1)
Merge Join  (cost=5545.95..5546.94 rows=54 width=127) (actual time=33.650..33.748 rows=202 loops=1)
Merge Join  (cost=5535.26..5540.38 rows=28 width=21) (actual time=29.982..30.025 rows=32 loops=1)
Merge Join  (cost=5545.17..5545.70 rows=28 width=136) (actual time=30.021..30.024 rows=1 loops=1)
Merge Join  (cost=5536.40..5541.62 rows=28 width=403) (actual time=29.528..29.710 rows=1 loops=1)
Merge Join  (cost=5535.43..5540.57 rows=28 width=21) (actual time=30.066..30.258 rows=7 loops=1)
Merge Join  (cost=5535.09..5540.20 rows=28 width=21) (actual time=29.956..30.091 rows=3 loops=1)
Merge Join  (cost=5535.43..5540.57 rows=28 width=21) (actual time=29.660..29.743 rows=10 loops=1)
Merge Join  (cost=5535.09..5540.20 rows=28 width=21) (actual time=29.755..29.854 rows=6 loops=1)
Merge Join  (cost=5546.07..5547.06 rows=54 width=127) (actual time=33.107..33.134 rows=45 loops=1)
Merge Join  (cost=5546.07..5547.06 rows=54 width=127) (actual time=33.185..33.216 rows=53 loops=1)
Merge Join  (cost=5547.05..5548.05 rows=55 width=127) (actual time=32.845..32.852 rows=4 loops=1)
Merge Join  (cost=5545.89..5546.44 rows=29 width=136) (actual time=29.889..29.905 rows=23 loops=1)
Merge Join  (cost=5535.54..5540.69 rows=28 width=21) (actual time=29.601..29.810 rows=3 loops=1)
Merge Join  (cost=5546.80..5547.81 rows=55 width=127) (actual time=33.100..33.109 rows=7 loops=1)
Merge Join  (cost=5544.73..5545.27 rows=28 width=136) (actual time=29.642..29.653 rows=12 loops=1)
Merge Join  (cost=5543.93..5544.47 rows=28 width=136) (actual time=29.793..29.814 rows=35 loops=1)
Merge Join  (cost=5536.00..5541.18 rows=28 width=21) (actual time=29.755..29.916 rows=28 loops=1)
Merge Join  (cost=5544.92..5545.89 rows=53 width=127) (actual time=33.069..33.086 rows=23 loops=1)
Merge Join  (cost=5546.14..5547.13 rows=54 width=127) (actual time=33.898..33.901 rows=1 loops=1)
Merge Join  (cost=5535.09..5540.20 rows=28 width=21) (actual time=29.607..29.784 rows=19 loops=1)
Merge Join  (cost=5545.70..5546.69 rows=54 width=127) (actual time=33.144..33.161 rows=25 loops=1)
Merge Join  (cost=5535.54..5540.69 rows=28 width=21) (actual time=29.930..30.154 rows=29 loops=1)
Merge Join  (cost=5534.64..5539.69 rows=27 width=21) (actual time=29.724..29.913 rows=13 loops=1)
Merge Join  (cost=5544.43..5545.40 rows=53 width=127) (actual time=33.449..33.479 rows=53 loops=1)
Merge Join  (cost=5534.07..5539.08 rows=27 width=403) (actual time=29.776..29.981 rows=3 loops=1)
Merge Join  (cost=5535.60..5540.75 rows=28 width=21) (actual time=29.895..30.109 rows=29 loops=1)
Merge Join  (cost=5534.64..5539.69 rows=27 width=21) (actual time=29.478..29.595 rows=2 loops=1)
Merge Join  (cost=5535.26..5540.38 rows=28 width=21) (actual time=29.601..29.708 rows=28 loops=1)
Merge Join  (cost=5536.40..5541.62 rows=28 width=21) (actual time=30.123..30.280 rows=22 loops=1)
Merge Join  (cost=5535.20..5540.32 rows=28 width=21) (actual time=30.021..30.165 rows=11 loops=1)
Merge Join  (cost=5545.04..5546.02 rows=53 width=127) (actual time=32.954..32.967 rows=17 loops=1)
Merge Join  (cost=5536.17..5541.37 rows=28 width=21) (actual time=29.640..29.778 rows=20 loops=1)
Merge Join  (cost=5546.07..5547.06 rows=54 width=127) (actual time=32.670..32.680 rows=9 loops=1)
Merge Join  (cost=5534.92..5540.01 rows=28 width=21) (actual time=30.006..30.144 rows=34 loops=1)
Merge Join  (cost=5535.54..5540.69 rows=28 width=21) (actual time=29.675..29.774 rows=19 loops=1)
Merge Join  (cost=5544.24..5544.78 rows=28 width=136) (actual time=29.801..29.823 rows=35 loops=1)
Merge Join  (cost=5535.60..5540.75 rows=28 width=21) (actual time=30.307..30.341 rows=23 loops=1)
Merge Join  (cost=5545.77..5546.76 rows=54 width=127) (actual time=33.622..33.652 rows=52 loops=1)
Merge Join  (cost=5544.73..5545.27 rows=28 width=136) (actual time=29.921..29.931 rows=13 loops=1)
Merge Join  (cost=5534.53..5539.57 rows=27 width=21) (actual time=29.580..29.732 rows=20 loops=1)
Merge Join  (cost=5545.04..5546.02 rows=53 width=127) (actual time=34.028..34.109 rows=162 loops=1)
Merge Join  (cost=5547.77..5548.80 rows=56 width=127) (actual time=33.265..33.282 rows=23 loops=1)
Merge Join  (cost=5535.20..5540.32 rows=28 width=21) (actual time=29.765..29.962 rows=1 loops=1)
Merge Join  (cost=5534.64..5539.69 rows=27 width=21) (actual time=29.571..29.779 rows=15 loops=1)
Merge Join  (cost=5535.26..5540.38 rows=28 width=21) (actual time=29.708..29.914 rows=7 loops=1)
Merge Join  (cost=5543.87..5544.41 rows=28 width=136) (actual time=30.075..30.089 rows=18 loops=1)
Merge Join  (cost=5544.24..5544.78 rows=28 width=136) (actual time=29.833..29.840 rows=6 loops=1)
Merge Join  (cost=5545.95..5546.94 rows=54 width=127) (actual time=33.004..33.020 rows=23 loops=1)
Merge Join  (cost=5535.43..5540.57 rows=28 width=21) (actual time=29.840..29.976 rows=13 loops=1)
Merge Join  (cost=5535.26..5540.38 rows=28 width=21) (actual time=30.150..30.294 rows=14 loops=1)
Merge Join  (cost=5535.20..5540.32 rows=28 width=21) (actual time=29.817..29.853 rows=6 loops=1)
Merge Join  (cost=5546.07..5547.06 rows=54 width=127) (actual time=32.595..32.604 rows=3 loops=1)
Merge Join  (cost=5536.17..5541.37 rows=28 width=21) (actual time=29.606..29.767 rows=19 loops=1)
Merge Join  (cost=5558.85..5562.57 rows=210 width=127) (actual time=33.561..33.659 rows=207 loops=1)
Merge Join  (cost=5534.53..5539.57 rows=27 width=21) (actual time=29.702..29.784 rows=28 loops=1)
Merge Join  (cost=5544.92..5545.45 rows=28 width=136) (actual time=29.910..29.924 rows=19 loops=1)
Merge Join  (cost=5535.43..5540.57 rows=28 width=21) (actual time=30.455..30.593 rows=22 loops=1)
Merge Join  (cost=5545.58..5546.57 rows=54 width=127) (actual time=33.240..33.243 rows=1 loops=1)
Merge Join  (cost=5544.30..5544.84 rows=28 width=136) (actual time=29.949..29.967 rows=25 loops=1)
Merge Join  (cost=5544.92..5545.45 rows=28 width=136) (actual time=29.834..29.847 rows=15 loops=1)
Merge Join  (cost=5543.21..5543.73 rows=27 width=136) (actual time=30.285..30.294 rows=7 loops=1)
Merge Join  (cost=5544.92..5545.45 rows=28 width=136) (actual time=30.159..30.176 rows=25 loops=1)
Merge Join  (cost=5534.53..5539.57 rows=27 width=21) (actual time=29.656..29.743 rows=28 loops=1)
Merge Join  (cost=5546.43..5547.44 rows=55 width=127) (actual time=32.716..32.718 rows=1 loops=1)
Merge Join  (cost=5536.17..5541.37 rows=28 width=21) (actual time=30.039..30.294 rows=13 loops=1)
Merge Join  (cost=5534.53..5539.57 rows=27 width=21) (actual time=29.995..30.191 rows=1 loops=1)
Merge Join  (cost=5536.17..5541.37 rows=28 width=21) (actual time=29.563..29.711 rows=3 loops=1)
Merge Join  (cost=5534.64..5539.69 rows=27 width=21) (actual time=29.752..29.888 rows=30 loops=1)
Merge Join  (cost=5544.92..5545.45 rows=28 width=136) (actual time=30.387..30.398 rows=11 loops=1)
Merge Join  (cost=5545.77..5546.76 rows=54 width=127) (actual time=33.502..33.511 rows=7 loops=1)
Merge Join  (cost=5546.07..5547.06 rows=54 width=127) (actual time=32.857..32.874 rows=25 loops=1)
Merge Join  (cost=5536.17..5541.37 rows=28 width=21) (actual time=29.703..29.841 rows=24 loops=1)
Merge Join  (cost=5555.68..5558.89 rows=181 width=127) (actual time=33.374..33.480 rows=216 loops=1)
Merge Join  (cost=5536.17..5541.37 rows=28 width=21) (actual time=29.891..29.974 rows=6 loops=1)
Merge Join  (cost=5542.60..5543.12 rows=27 width=136) (actual time=30.089..30.103 rows=17 loops=1)
Merge Join  (cost=5544.24..5544.78 rows=28 width=136) (actual time=29.906..29.923 rows=25 loops=1)
Merge Join  (cost=5536.40..5541.62 rows=28 width=21) (actual time=29.653..29.794 rows=34 loops=1)
Merge Join  (cost=5535.26..5540.38 rows=28 width=21) (actual time=30.093..30.249 rows=30 loops=1)
Merge Join  (cost=5534.53..5539.57 rows=27 width=21) (actual time=29.927..30.131 rows=1 loops=1)
Merge Join  (cost=5545.04..5546.02 rows=53 width=127) (actual time=32.939..32.956 rows=26 loops=1)
Merge Join  (cost=5535.60..5540.75 rows=28 width=21) (actual time=29.697..29.731 rows=14 loops=1)
Merge Join  (cost=5545.04..5546.02 rows=53 width=127) (actual time=33.329..33.343 rows=17 loops=1)
Merge Join  (cost=5546.80..5547.81 rows=55 width=127) (actual time=33.761..33.799 rows=73 loops=1)
Merge Join  (cost=5544.92..5545.45 rows=28 width=136) (actual time=29.887..29.902 rows=21 loops=1)
Merge Join  (cost=5543.09..5543.61 rows=27 width=136) (actual time=29.943..29.963 rows=29 loops=1)
Merge Join  (cost=5544.73..5545.27 rows=28 width=136) (actual time=30.013..30.031 rows=25 loops=1)
Merge Join  (cost=5535.43..5540.57 rows=28 width=21) (actual time=29.657..29.826 rows=1 loops=1)
Merge Join  (cost=5535.83..5541.00 rows=28 width=21) (actual time=29.780..29.909 rows=19 loops=1)
Merge Join  (cost=5544.24..5544.78 rows=28 width=136) (actual time=29.749..29.764 rows=21 loops=1)
Merge Join  (cost=5546.07..5547.06 rows=54 width=127) (actual time=33.992..34.078 rows=178 loops=1)
Merge Join  (cost=5547.77..5548.80 rows=56 width=127) (actual time=33.573..33.672 rows=198 loops=1)
Merge Join  (cost=5544.92..5545.45 rows=28 width=136) (actual time=29.975..29.992 rows=25 loops=1)
Merge Join  (cost=5534.64..5539.69 rows=27 width=21) (actual time=29.554..29.695 rows=24 loops=1)
Merge Join  (cost=5545.40..5546.39 rows=54 width=127) (actual time=33.254..33.267 rows=17 loops=1)
Merge Join  (cost=5544.24..5544.78 rows=28 width=136) (actual time=30.149..30.159 rows=11 loops=1)
Merge Join  (cost=5535.54..5540.69 rows=28 width=21) (actual time=29.771..29.882 rows=7 loops=1)
Merge Join  (cost=5547.77..5548.80 rows=56 width=127) (actual time=32.996..33.009 rows=17 loops=1)
Merge Join  (cost=5536.17..5541.37 rows=28 width=21) (actual time=30.110..30.252 rows=25 loops=1)
Merge Join  (cost=5544.92..5545.89 rows=53 width=127) (actual time=32.627..32.634 rows=5 loops=1)
Merge Join  (cost=5535.43..5540.57 rows=28 width=21) (actual time=29.575..29.758 rows=1 loops=1)
Merge Join  (cost=5547.77..5548.80 rows=56 width=127) (actual time=33.049..33.075 rows=45 loops=1)
Merge Join  (cost=5544.73..5545.27 rows=28 width=136) (actual time=30.040..30.049 rows=7 loops=1)
Merge Join  (cost=5536.00..5541.18 rows=28 width=403) (actual time=29.811..29.925 rows=7 loops=1)
Merge Join  (cost=5543.56..5544.10 rows=28 width=136) (actual time=29.920..29.937 rows=25 loops=1)
Merge Join  (cost=5543.09..5543.61 rows=27 width=136) (actual time=29.828..29.847 rows=29 loops=1)
Merge Join  (cost=5534.64..5539.69 rows=27 width=21) (actual time=30.451..30.542 rows=30 loops=1)
Merge Join  (cost=5546.80..5547.81 rows=55 width=127) (actual time=32.959..32.962 rows=1 loops=1)
Merge Join  (cost=5544.92..5545.45 rows=28 width=136) (actual time=29.841..29.852 rows=11 loops=1)
Merge Join  (cost=5536.17..5541.37 rows=28 width=21) (actual time=29.545..29.710 rows=9 loops=1)
Merge Join  (cost=5544.30..5544.84 rows=28 width=136) (actual time=30.212..30.215 rows=1 loops=1)
Merge Join  (cost=5544.12..5544.65 rows=28 width=136) (actual time=30.091..30.094 rows=1 loops=1)
Merge Join  (cost=5534.64..5539.69 rows=27 width=21) (actual time=29.783..29.938 rows=3 loops=1)
Merge Join  (cost=5536.17..5541.37 rows=28 width=21) (actual time=29.605..29.772 rows=24 loops=1)
Merge Join  (cost=5535.20..5540.32 rows=28 width=21) (actual time=30.065..30.138 rows=32 loops=1)
Merge Join  (cost=5544.43..5545.40 rows=53 width=127) (actual time=33.425..33.457 rows=58 loops=1)
Merge Join  (cost=5546.80..5547.81 rows=55 width=127) (actual time=33.113..33.129 rows=23 loops=1)
Merge Join  (cost=5534.64..5539.69 rows=27 width=21) (actual time=29.615..29.773 rows=24 loops=1)
Merge Join  (cost=5545.04..5546.02 rows=53 width=127) (actual time=32.556..32.563 rows=3 loops=1)
Merge Join  (cost=5535.54..5540.69 rows=28 width=21) (actual time=29.873..30.018 rows=18 loops=1)
Merge Join  (cost=5535.83..5541.00 rows=28 width=21) (actual time=29.671..29.759 rows=27 loops=1)
Merge Join  (cost=5535.20..5540.32 rows=28 width=21) (actual time=29.683..29.790 rows=26 loops=1)
Merge Join  (cost=5546.43..5547.44 rows=55 width=127) (actual time=32.778..32.816 rows=69 loops=1)
Merge Join  (cost=5537.02..5542.31 rows=29 width=21) (actual time=29.848..30.024 rows=11 loops=1)
Merge Join  (cost=5547.05..5548.05 rows=55 width=127) (actual time=33.295..33.325 rows=55 loops=1)
Merge Join  (cost=5534.07..5539.08 rows=27 width=21) (actual time=29.561..29.723 rows=18 loops=1)
Merge Join  (cost=5546.07..5547.06 rows=54 width=127) (actual time=33.041..33.044 rows=1 loops=1)
Merge Join  (cost=5535.54..5540.69 rows=28 width=403) (actual time=29.617..29.720 rows=1 loops=1)
Merge Join  (cost=5544.43..5545.40 rows=53 width=127) (actual time=32.772..32.783 rows=11 loops=1)
Merge Join  (cost=5537.02..5542.31 rows=29 width=21) (actual time=29.471..29.533 rows=28 loops=1)
Merge Join  (cost=5581.39..5589.29 rows=449 width=127) (actual time=34.782..35.039 rows=533 loops=1)
Merge Join  (cost=5536.17..5541.37 rows=28 width=21) (actual time=29.844..29.974 rows=7 loops=1)
Merge Join  (cost=5543.09..5543.61 rows=27 width=136) (actual time=29.995..30.010 rows=21 loops=1)
Merge Join  (cost=5534.92..5540.01 rows=28 width=21) (actual time=29.590..29.750 rows=29 loops=1)
Merge Join  (cost=5534.64..5539.69 rows=27 width=21) (actual time=29.809..29.932 rows=14 loops=1)
Merge Join  (cost=5544.30..5544.84 rows=28 width=136) (actual time=30.178..30.190 rows=13 loops=1)
Merge Join  (cost=5544.12..5544.65 rows=28 width=136) (actual time=29.976..29.996 rows=25 loops=1)
Merge Join  (cost=5546.80..5547.81 rows=55 width=127) (actual time=32.817..32.830 rows=17 loops=1)
Merge Join  (cost=5534.64..5539.69 rows=27 width=21) (actual time=30.288..30.449 rows=31 loops=1)
Merge Join  (cost=5536.17..5541.37 rows=28 width=21) (actual time=29.872..30.119 rows=7 loops=1)
Merge Join  (cost=5546.07..5547.06 rows=54 width=127) (actual time=32.846..32.848 rows=1 loops=1)
Merge Join  (cost=5535.54..5540.69 rows=28 width=403) (actual time=29.481..29.584 rows=1 loops=1)
Merge Join  (cost=5534.53..5539.57 rows=27 width=21) (actual time=30.369..30.494 rows=14 loops=1)
Merge Join  (cost=5544.92..5545.45 rows=28 width=136) (actual time=30.165..30.167 rows=1 loops=1)
Merge Join  (cost=5544.92..5545.45 rows=28 width=136) (actual time=30.019..30.035 rows=21 loops=1)
Merge Join  (cost=5546.80..5547.81 rows=55 width=127) (actual time=32.731..32.737 rows=3 loops=1)
Merge Join  (cost=5547.77..5548.80 rows=56 width=127) (actual time=32.580..32.588 rows=3 loops=1)
Merge Join  (cost=5536.17..5541.37 rows=28 width=21) (actual time=30.100..30.117 rows=30 loops=1)
Merge Join  (cost=5545.04..5546.02 rows=53 width=127) (actual time=33.165..33.205 rows=70 loops=1)
Merge Join  (cost=5534.07..5539.08 rows=27 width=21) (actual time=29.413..29.605 rows=1 loops=1)
Merge Join  (cost=5547.05..5548.05 rows=55 width=127) (actual time=33.300..33.337 rows=69 loops=1)
Merge Join  (cost=5535.09..5540.20 rows=28 width=21) (actual time=29.574..29.806 rows=19 loops=1)
Merge Join  (cost=5543.56..5544.10 rows=28 width=136) (actual time=29.852..29.870 rows=29 loops=1)
Merge Join  (cost=5545.58..5546.57 rows=54 width=127) (actual time=32.815..32.834 rows=17 loops=1)
Merge Join  (cost=5546.07..5547.06 rows=54 width=127) (actual time=33.564..33.577 rows=13 loops=1)
Merge Join  (cost=5544.43..5545.40 rows=53 width=127) (actual time=33.108..33.122 rows=17 loops=1)
Merge Join  (cost=5546.07..5547.06 rows=54 width=127) (actual time=32.876..32.878 rows=1 loops=1)
Merge Join  (cost=5543.56..5544.10 rows=28 width=136) (actual time=29.814..29.829 rows=19 loops=1)
Merge Join  (cost=5534.64..5539.69 rows=27 width=21) (actual time=29.706..29.865 rows=13 loops=1)
Merge Join  (cost=5545.95..5546.94 rows=54 width=127) (actual time=33.093..33.136 rows=78 loops=1)
Merge Join  (cost=5535.54..5540.69 rows=28 width=21) (actual time=29.707..29.873 rows=30 loops=1)
Merge Join  (cost=5543.21..5543.73 rows=27 width=136) (actual time=29.737..29.754 rows=25 loops=1)
Merge Join  (cost=5537.02..5542.31 rows=29 width=21) (actual time=30.140..30.261 rows=6 loops=1)
Merge Join  (cost=5544.55..5545.08 rows=28 width=136) (actual time=30.204..30.221 rows=23 loops=1)
Merge Join  (cost=5546.07..5547.06 rows=54 width=127) (actual time=32.725..32.737 rows=11 loops=1)
Merge Join  (cost=5545.58..5546.57 rows=54 width=127) (actual time=33.193..33.233 rows=73 loops=1)
Merge Join  (cost=5535.20..5540.32 rows=28 width=21) (actual time=29.868..30.089 rows=9 loops=1)
Merge Join  (cost=5535.09..5540.20 rows=28 width=403) (actual time=30.127..30.284 rows=21 loops=1)
Merge Join  (cost=5544.73..5545.27 rows=28 width=136) (actual time=29.736..29.748 rows=15 loops=1)
Merge Join  (cost=5545.40..5546.39 rows=54 width=127) (actual time=33.155..33.238 rows=157 loops=1)
Merge Join  (cost=5543.87..5544.41 rows=28 width=136) (actual time=30.486..30.496 rows=7 loops=1)
Merge Join  (cost=5546.07..5547.06 rows=54 width=127) (actual time=33.701..33.722 rows=33 loops=1)
Merge Join  (cost=5535.54..5540.69 rows=28 width=21) (actual time=29.577..29.708 rows=4 loops=1)
Merge Join  (cost=5545.70..5546.69 rows=54 width=127) (actual time=32.681..32.688 rows=3 loops=1)
Merge Join  (cost=5536.17..5541.37 rows=28 width=21) (actual time=29.780..29.856 rows=26 loops=1)
Merge Join  (cost=5535.43..5540.57 rows=28 width=21) (actual time=29.902..30.004 rows=33 loops=1)
Merge Join  (cost=5535.83..5541.00 rows=28 width=21) (actual time=29.618..29.763 rows=30 loops=1)
Merge Join  (cost=5536.17..5541.37 rows=28 width=21) (actual time=29.613..29.705 rows=29 loops=1)
Merge Join  (cost=5544.43..5545.40 rows=53 width=127) (actual time=32.966..32.974 rows=5 loops=1)
Merge Join  (cost=5544.30..5544.84 rows=28 width=136) (actual time=30.225..30.242 rows=25 loops=1)
Merge Join  (cost=5535.54..5540.69 rows=28 width=21) (actual time=29.751..29.895 rows=19 loops=1)
Merge Join  (cost=5545.40..5546.39 rows=54 width=127) (actual time=32.814..32.827 rows=17 loops=1)
Merge Join  (cost=5535.20..5540.32 rows=28 width=21) (actual time=30.196..30.339 rows=20 loops=1)
Merge Join  (cost=5544.24..5544.78 rows=28 width=136) (actual time=30.286..30.301 rows=21 loops=1)
Merge Join  (cost=5546.07..5547.06 rows=54 width=127) (actual time=33.160..33.235 rows=150 loops=1)
Merge Join  (cost=5544.24..5544.78 rows=28 width=136) (actual time=29.760..29.768 rows=7 loops=1)
Merge Join  (cost=5545.58..5546.57 rows=54 width=127) (actual time=32.851..32.872 rows=31 loops=1)
Merge Join  (cost=5546.07..5547.06 rows=54 width=127) (actual time=33.162..33.185 rows=35 loops=1)
Merge Join  (cost=5536.40..5541.62 rows=28 width=21) (actual time=29.711..29.840 rows=18 loops=1)
Merge Join  (cost=5535.26..5540.38 rows=28 width=21) (actual time=29.507..29.545 rows=7 loops=1)
Merge Join  (cost=5535.09..5540.20 rows=28 width=21) (actual time=29.806..29.940 rows=27 loops=1)
Merge Join  (cost=5543.87..5544.41 rows=28 width=136) (actual time=30.231..30.250 rows=25 loops=1)
Merge Join  (cost=5543.87..5544.41 rows=28 width=136) (actual time=29.972..29.992 rows=29 loops=1)
Merge Join  (cost=5534.64..5539.69 rows=27 width=21) (actual time=29.605..29.762 rows=29 loops=1)
Merge Join  (cost=5545.17..5545.70 rows=28 width=136) (actual time=30.301..30.321 rows=29 loops=1)
Merge Join  (cost=5534.53..5539.57 rows=27 width=21) (actual time=30.150..30.290 rows=34 loops=1)
Merge Join  (cost=5545.58..5546.57 rows=54 width=127) (actual time=33.210..33.242 rows=54 loops=1)
Merge Join  (cost=5534.92..5540.01 rows=28 width=21) (actual time=29.655..29.834 rows=3 loops=1)
Merge Join  (cost=5537.02..5542.31 rows=29 width=21) (actual time=29.963..30.086 rows=16 loops=1)
Merge Join  (cost=5543.87..5544.41 rows=28 width=136) (actual time=30.116..30.132 rows=23 loops=1)
Merge Join  (cost=5534.07..5539.08 rows=27 width=21) (actual time=29.575..29.721 rows=24 loops=1)
Merge Join  (cost=5535.26..5540.38 rows=28 width=21) (actual time=29.517..29.627 rows=8 loops=1)
Merge Join  (cost=5544.24..5544.78 rows=28 width=136) (actual time=30.201..30.217 rows=23 loops=1)
Merge Join  (cost=5546.14..5547.13 rows=54 width=127) (actual time=33.581..33.628 rows=89 loops=1)
Merge Join  (cost=5535.54..5540.69 rows=28 width=21) (actual time=29.943..30.103 rows=28 loops=1)
Merge Join  (cost=5535.09..5540.20 rows=28 width=21) (actual time=29.537..29.674 rows=3 loops=1)
Merge Join  (cost=5545.70..5546.69 rows=54 width=127) (actual time=33.250..33.263 rows=15 loops=1)
Merge Join  (cost=5543.21..5543.73 rows=27 width=136) (actual time=30.107..30.123 rows=21 loops=1)
Merge Join  (cost=5536.17..5541.37 rows=28 width=21) (actual time=29.982..30.240 rows=33 loops=1)
Merge Join  (cost=5545.17..5545.70 rows=28 width=136) (actual time=29.905..29.908 rows=1 loops=1)
Merge Join  (cost=5543.21..5543.73 rows=27 width=136) (actual time=29.792..29.809 rows=23 loops=1)
Merge Join  (cost=5543.09..5543.61 rows=27 width=136) (actual time=30.058..30.068 rows=9 loops=1)
Merge Join  (cost=5544.30..5544.84 rows=28 width=136) (actual time=30.168..30.187 rows=29 loops=1)
Merge Join  (cost=5536.40..5541.62 rows=28 width=21) (actual time=29.676..29.835 rows=30 loops=1)
Merge Join  (cost=5535.54..5540.69 rows=28 width=21) (actual time=29.581..29.689 rows=30 loops=1)
Merge Join  (cost=5536.17..5541.37 rows=28 width=21) (actual time=29.929..30.171 rows=9 loops=1)
Merge Join  (cost=5545.04..5546.02 rows=53 width=127) (actual time=33.400..33.420 rows=17 loops=1)
Merge Join  (cost=5535.54..5540.69 rows=28 width=21) (actual time=29.694..29.903 rows=15 loops=1)
Merge Join  (cost=5537.02..5542.31 rows=29 width=21) (actual time=29.547..29.656 rows=14 loops=1)
Merge Join  (cost=5534.53..5539.57 rows=27 width=21) (actual time=30.118..30.172 rows=18 loops=1)
Merge Join  (cost=5536.17..5541.37 rows=28 width=21) (actual time=29.839..30.113 rows=29 loops=1)
Merge Join  (cost=5534.92..5540.01 rows=28 width=21) (actual time=29.641..29.792 rows=25 loops=1)
Merge Join  (cost=5535.54..5540.69 rows=28 width=21) (actual time=29.708..29.838 rows=24 loops=1)
Merge Join  (cost=5534.07..5539.08 rows=27 width=21) (actual time=29.913..30.070 rows=16 loops=1)
Merge Join  (cost=5546.80..5547.81 rows=55 width=127) (actual time=33.396..33.404 rows=3 loops=1)
Merge Join  (cost=5535.43..5540.57 rows=28 width=21) (actual time=29.729..29.863 rows=14 loops=1)
Merge Join  (cost=5543.75..5544.28 rows=28 width=136) (actual time=29.930..29.946 rows=25 loops=1)
Merge Join  (cost=5545.04..5546.02 rows=53 width=127) (actual time=33.014..33.017 rows=1 loops=1)
Merge Join  (cost=5546.07..5547.06 rows=54 width=127) (actual time=33.321..33.359 rows=73 loops=1)
Merge Join  (cost=5535.09..5540.20 rows=28 width=21) (actual time=29.623..29.778 rows=28 loops=1)
Merge Join  (cost=5534.64..5539.69 rows=27 width=21) (actual time=29.617..29.754 rows=28 loops=1)
Merge Join  (cost=5653.68..5679.94 rows=1431 width=127) (actual time=34.830..35.959 rows=1540 loops=1)
Merge Join  (cost=5544.24..5544.78 rows=28 width=136) (actual time=29.872..29.881 rows=7 loops=1)
Merge Join  (cost=5535.09..5540.20 rows=28 width=21) (actual time=29.693..29.807 rows=30 loops=1)
Merge Join  (cost=5557.27..5560.81 rows=200 width=127) (actual time=33.377..33.471 rows=190 loops=1)
Merge Join  (cost=5534.64..5539.69 rows=27 width=21) (actual time=30.115..30.245 rows=30 loops=1)
Merge Join  (cost=5534.92..5540.01 rows=28 width=21) (actual time=29.985..30.114 rows=14 loops=1)
Merge Join  (cost=5535.20..5540.32 rows=28 width=21) (actual time=29.663..29.814 rows=24 loops=1)
Merge Join  (cost=5544.92..5545.45 rows=28 width=136) (actual time=29.860..29.878 rows=27 loops=1)
Merge Join  (cost=5547.77..5548.80 rows=56 width=127) (actual time=33.605..33.648 rows=83 loops=1)
Merge Join  (cost=5537.02..5542.31 rows=29 width=403) (actual time=29.543..29.719 rows=35 loops=1)
Merge Join  (cost=5535.83..5541.00 rows=28 width=21) (actual time=29.440..29.676 rows=29 loops=1)
Merge Join  (cost=5535.60..5540.75 rows=28 width=21) (actual time=29.623..29.758 rows=15 loops=1)
Merge Join  (cost=5545.70..5546.69 rows=54 width=127) (actual time=32.948..32.964 rows=23 loops=1)
Merge Join  (cost=5535.43..5540.57 rows=28 width=21) (actual time=29.768..29.923 rows=19 loops=1)
Merge Join  (cost=5546.07..5547.06 rows=54 width=127) (actual time=33.244..33.330 rows=178 loops=1)
Merge Join  (cost=5545.17..5545.70 rows=28 width=136) (actual time=29.796..29.807 rows=13 loops=1)
Merge Join  (cost=5536.40..5541.62 rows=28 width=403) (actual time=29.777..29.929 rows=13 loops=1)
Merge Join  (cost=5545.77..5546.76 rows=54 width=127) (actual time=32.380..32.391 rows=9 loops=1)
Merge Join  (cost=5535.60..5540.75 rows=28 width=21) (actual time=29.621..29.735 rows=30 loops=1)
Merge Join  (cost=5536.17..5541.37 rows=28 width=21) (actual time=29.569..29.726 rows=30 loops=1)
Merge Join  (cost=5534.92..5540.01 rows=28 width=21) (actual time=29.960..30.120 rows=28 loops=1)
Merge Join  (cost=5544.73..5545.27 rows=28 width=136) (actual time=30.282..30.290 rows=5 loops=1)
Merge Join  (cost=5534.64..5539.69 rows=27 width=21) (actual time=29.805..29.943 rows=26 loops=1)
Merge Join  (cost=5544.92..5545.45 rows=28 width=136) (actual time=30.268..30.278 rows=9 loops=1)
Merge Join  (cost=5586.38..5594.84 rows=481 width=127) (actual time=34.970..35.203 rows=510 loops=1)
Merge Join  (cost=5537.02..5542.31 rows=29 width=403) (actual time=30.036..30.204 rows=33 loops=1)
Merge Join  (cost=5536.17..5541.37 rows=28 width=21) (actual time=29.610..29.764 rows=20 loops=1)
Merge Join  (cost=5534.53..5539.57 rows=27 width=21) (actual time=29.506..29.681 rows=11 loops=1)
Merge Join  (cost=5536.40..5541.62 rows=28 width=21) (actual time=30.367..30.515 rows=26 loops=1)
Merge Join  (cost=5535.26..5540.38 rows=28 width=21) (actual time=30.010..30.136 rows=21 loops=1)
Merge Join  (cost=5536.40..5541.62 rows=28 width=21) (actual time=29.866..29.969 rows=31 loops=1)
Merge Join  (cost=5535.54..5540.69 rows=28 width=21) (actual time=29.852..30.013 rows=20 loops=1)
Merge Join  (cost=5542.60..5543.12 rows=27 width=136) (actual time=30.070..30.079 rows=7 loops=1)
Merge Join  (cost=5545.95..5546.94 rows=54 width=127) (actual time=33.328..33.348 rows=30 loops=1)
Merge Join  (cost=5535.83..5541.00 rows=28 width=21) (actual time=29.576..29.807 rows=1 loops=1)
Merge Join  (cost=5536.00..5541.18 rows=28 width=21) (actual time=29.672..29.792 rows=10 loops=1)
Merge Join  (cost=5536.40..5541.62 rows=28 width=21) (actual time=29.871..30.071 rows=3 loops=1)
Merge Join  (cost=5544.30..5544.84 rows=28 width=136) (actual time=30.296..30.319 rows=33 loops=1)
Merge Join  (cost=5545.40..5546.39 rows=54 width=127) (actual time=32.971..33.004 rows=59 loops=1)
Merge Join  (cost=5535.54..5540.69 rows=28 width=21) (actual time=29.452..29.646 rows=9 loops=1)
Merge Join  (cost=5545.04..5546.02 rows=53 width=127) (actual time=33.004..33.029 rows=42 loops=1)
Merge Join  (cost=5536.00..5541.18 rows=28 width=21) (actual time=29.573..29.757 rows=7 loops=1)
Merge Join  (cost=5536.17..5541.37 rows=28 width=21) (actual time=29.665..29.815 rows=31 loops=1)
Merge Join  (cost=5534.64..5539.69 rows=27 width=21) (actual time=29.912..30.106 rows=1 loops=1)
Merge Join  (cost=5544.73..5545.27 rows=28 width=136) (actual time=30.285..30.303 rows=29 loops=1)
Merge Join  (cost=5535.54..5540.69 rows=28 width=21) (actual time=30.081..30.163 rows=28 loops=1)
Merge Join  (cost=5546.61..5547.62 rows=55 width=127) (actual time=32.853..32.859 rows=3 loops=1)
Merge Join  (cost=5546.61..5547.62 rows=55 width=127) (actual time=32.521..32.548 rows=49 loops=1)
Merge Join  (cost=5546.43..5547.44 rows=55 width=127) (actual time=33.420..33.438 rows=26 loops=1)
Merge Join  (cost=5545.04..5546.02 rows=53 width=127) (actual time=33.356..33.404 rows=86 loops=1)
Merge Join  (cost=5535.54..5540.69 rows=28 width=21) (actual time=29.631..29.754 rows=3 loops=1)
Merge Join  (cost=5543.56..5544.10 rows=28 width=136) (actual time=29.843..29.850 rows=3 loops=1)
Merge Join  (cost=5545.04..5546.02 rows=53 width=127) (actual time=32.847..32.850 rows=1 loops=1)
Merge Join  (cost=5534.64..5539.69 rows=27 width=403) (actual time=29.696..29.830 rows=1 loops=1)
Merge Join  (cost=5544.24..5544.78 rows=28 width=136) (actual time=29.837..29.847 rows=11 loops=1)
Merge Join  (cost=5545.04..5546.02 rows=53 width=127) (actual time=32.849..32.871 rows=36 loops=1)
Merge Join  (cost=5545.95..5546.94 rows=54 width=127) (actual time=33.424..33.440 rows=22 loops=1)
Merge Join  (cost=5545.70..5546.69 rows=54 width=127) (actual time=33.021..33.064 rows=80 loops=1)
Merge Join  (cost=5534.53..5539.57 rows=27 width=21) (actual time=29.728..29.872 rows=34 loops=1)
Merge Join  (cost=5544.92..5545.89 rows=53 width=127) (actual time=32.769..32.778 rows=7 loops=1)
Merge Join  (cost=5534.92..5540.01 rows=28 width=21) (actual time=29.722..29.878 rows=30 loops=1)
Merge Join  (cost=5534.07..5539.08 rows=27 width=21) (actual time=29.724..29.870 rows=21 loops=1)
Merge Join  (cost=5546.80..5547.81 rows=55 width=127) (actual time=32.735..32.738 rows=1 loops=1)
Merge Join  (cost=5544.92..5545.45 rows=28 width=136) (actual time=29.865..29.881 rows=23 loops=1)
Merge Join  (cost=5535.54..5540.69 rows=28 width=21) (actual time=30.140..30.305 rows=22 loops=1)
Merge Join  (cost=5543.09..5543.61 rows=27 width=136) (actual time=30.293..30.311 rows=25 loops=1)
Merge Join  (cost=5545.40..5546.39 rows=54 width=127) (actual time=33.276..33.295 rows=29 loops=1)
Merge Join  (cost=5536.17..5541.37 rows=28 width=21) (actual time=29.798..29.947 rows=3 loops=1)
Merge Join  (cost=5544.12..5544.65 rows=28 width=136) (actual time=30.645..30.654 rows=7 loops=1)
Merge Join  (cost=5534.92..5540.01 rows=28 width=21) (actual time=29.954..30.042 rows=28 loops=1)
Merge Join  (cost=5544.24..5544.78 rows=28 width=136) (actual time=30.075..30.097 rows=34 loops=1)
Merge Join  (cost=5535.54..5540.69 rows=28 width=21) (actual time=29.615..29.720 rows=34 loops=1)
Merge Join  (cost=5545.77..5546.76 rows=54 width=127) (actual time=32.856..32.866 rows=9 loops=1)
Merge Join  (cost=5537.02..5542.31 rows=29 width=21) (actual time=30.077..30.209 rows=26 loops=1)
Merge Join  (cost=5545.70..5546.69 rows=54 width=127) (actual time=33.199..33.203 rows=1 loops=1)
Merge Join  (cost=5535.20..5540.32 rows=28 width=403) (actual time=29.505..29.627 rows=1 loops=1)
Merge Join  (cost=5546.61..5547.62 rows=55 width=127) (actual time=33.502..33.545 rows=77 loops=1)
Merge Join  (cost=5534.64..5539.69 rows=27 width=21) (actual time=29.933..30.083 rows=25 loops=1)
Merge Join  (cost=5546.80..5547.81 rows=55 width=127) (actual time=33.063..33.080 rows=27 loops=1)
Merge Join  (cost=5537.02..5542.31 rows=29 width=21) (actual time=29.592..29.721 rows=32 loops=1)
Merge Join  (cost=5544.24..5544.78 rows=28 width=136) (actual time=30.285..30.305 rows=27 loops=1)
Merge Join  (cost=5535.60..5540.75 rows=28 width=21) (actual time=29.940..30.096 rows=21 loops=1)
Merge Join  (cost=5544.30..5544.84 rows=28 width=136) (actual time=29.923..29.935 rows=13 loops=1)
Merge Join  (cost=5547.05..5548.05 rows=55 width=127) (actual time=32.546..32.563 rows=27 loops=1)
Merge Join  (cost=5535.54..5540.69 rows=28 width=21) (actual time=30.125..30.232 rows=20 loops=1)
Merge Join  (cost=5547.77..5548.80 rows=56 width=127) (actual time=32.981..32.984 rows=1 loops=1)
Merge Join  (cost=5537.02..5542.31 rows=29 width=403) (actual time=29.510..29.639 rows=1 loops=1)
Merge Join  (cost=5557.71..5561.20 rows=197 width=127) (actual time=33.055..33.152 rows=194 loops=1)
Merge Join  (cost=5546.80..5547.81 rows=55 width=127) (actual time=33.263..33.291 rows=47 loops=1)
Merge Join  (cost=5544.55..5545.08 rows=28 width=136) (actual time=30.128..30.136 rows=5 loops=1)
Merge Join  (cost=5535.54..5540.69 rows=28 width=21) (actual time=30.687..30.865 rows=11 loops=1)
Merge Join  (cost=5534.92..5540.01 rows=28 width=21) (actual time=29.510..29.703 rows=1 loops=1)
Merge Join  (cost=5545.04..5546.02 rows=53 width=127) (actual time=33.294..33.328 rows=59 loops=1)
Merge Join  (cost=5557.01..5560.50 rows=197 width=127) (actual time=33.539..33.633 rows=187 loops=1)
Merge Join  (cost=5545.77..5546.76 rows=54 width=127) (actual time=32.346..32.348 rows=1 loops=1)
Merge Join  (cost=5535.43..5540.57 rows=28 width=21) (actual time=29.410..29.428 rows=17 loops=1)
Merge Join  (cost=5545.89..5546.44 rows=29 width=136) (actual time=30.403..30.423 rows=29 loops=1)
Merge Join  (cost=5545.04..5546.02 rows=53 width=127) (actual time=32.623..32.630 rows=3 loops=1)
Merge Join  (cost=5534.64..5539.69 rows=27 width=21) (actual time=29.478..29.620 rows=30 loops=1)
Merge Join  (cost=5536.40..5541.62 rows=28 width=21) (actual time=29.700..29.867 rows=3 loops=1)
Merge Join  (cost=5535.54..5540.69 rows=28 width=21) (actual time=30.059..30.203 rows=3 loops=1)
Merge Join  (cost=5534.07..5539.08 rows=27 width=21) (actual time=30.031..30.087 rows=7 loops=1)
Merge Join  (cost=5546.43..5547.44 rows=55 width=127) (actual time=33.045..33.088 rows=80 loops=1)
Merge Join  (cost=5535.83..5541.00 rows=28 width=403) (actual time=29.520..29.694 rows=31 loops=1)
Merge Join  (cost=5546.80..5547.81 rows=55 width=127) (actual time=33.535..33.576 rows=77 loops=1)
Merge Join  (cost=5536.00..5541.18 rows=28 width=21) (actual time=30.233..30.300 rows=24 loops=1)
Merge Join  (cost=5535.60..5540.75 rows=28 width=21) (actual time=29.561..29.671 rows=28 loops=1)
Merge Join  (cost=5534.64..5539.69 rows=27 width=21) (actual time=29.705..29.825 rows=20 loops=1)
Merge Join  (cost=5542.60..5543.12 rows=27 width=136) (actual time=30.048..30.057 rows=9 loops=1)
Merge Join  (cost=5534.07..5539.08 rows=27 width=403) (actual time=29.694..29.852 rows=9 loops=1)
Merge Join  (cost=5543.93..5544.47 rows=28 width=136) (actual time=29.886..29.899 rows=15 loops=1)
Merge Join  (cost=5535.26..5540.38 rows=28 width=403) (actual time=30.017..30.239 rows=15 loops=1)
Merge Join  (cost=5544.24..5544.78 rows=28 width=136) (actual time=30.640..30.662 rows=35 loops=1)
Merge Join  (cost=5534.53..5539.57 rows=27 width=21) (actual time=30.020..30.133 rows=28 loops=1)
Merge Join  (cost=5544.92..5545.45 rows=28 width=136) (actual time=30.029..30.048 rows=27 loops=1)
Merge Join  (cost=5546.61..5547.62 rows=55 width=127) (actual time=32.875..32.949 rows=142 loops=1)
Merge Join  (cost=5535.26..5540.38 rows=28 width=21) (actual time=30.360..30.511 rows=7 loops=1)
Merge Join  (cost=5546.61..5547.62 rows=55 width=127) (actual time=33.188..33.221 rows=59 loops=1)
Merge Join  (cost=5535.09..5540.20 rows=28 width=21) (actual time=29.791..29.966 rows=19 loops=1)
Merge Join  (cost=5535.26..5540.38 rows=28 width=21) (actual time=29.542..29.717 rows=9 loops=1)
Merge Join  (cost=5542.60..5543.12 rows=27 width=136) (actual time=30.000..30.008 rows=7 loops=1)
Merge Join  (cost=5544.43..5545.40 rows=53 width=127) (actual time=33.190..33.199 rows=7 loops=1)
Merge Join  (cost=5534.92..5540.01 rows=28 width=21) (actual time=29.351..29.522 rows=19 loops=1)
Merge Join  (cost=5534.64..5539.69 rows=27 width=21) (actual time=29.531..29.689 rows=26 loops=1)
Merge Join  (cost=5537.02..5542.31 rows=29 width=21) (actual time=29.797..29.941 rows=30 loops=1)
Merge Join  (cost=5544.92..5545.89 rows=53 width=127) (actual time=33.924..34.020 rows=194 loops=1)
Merge Join  (cost=5534.53..5539.57 rows=27 width=403) (actual time=29.444..29.569 rows=25 loops=1)
Merge Join  (cost=5535.20..5540.32 rows=28 width=21) (actual time=29.483..29.635 rows=30 loops=1)
Merge Join  (cost=5544.92..5545.45 rows=28 width=136) (actual time=30.200..30.220 rows=31 loops=1)
Merge Join  (cost=5534.64..5539.69 rows=27 width=21) (actual time=29.905..30.098 rows=5 loops=1)
Merge Join  (cost=5534.07..5539.08 rows=27 width=21) (actual time=29.348..29.546 rows=7 loops=1)
Merge Join  (cost=5535.54..5540.69 rows=28 width=21) (actual time=29.454..29.594 rows=9 loops=1)
Merge Join  (cost=5535.43..5540.57 rows=28 width=21) (actual time=30.083..30.205 rows=8 loops=1)
Merge Join  (cost=5544.92..5545.45 rows=28 width=136) (actual time=30.163..30.172 rows=7 loops=1)
Merge Join  (cost=5535.20..5540.32 rows=28 width=21) (actual time=29.571..29.653 rows=7 loops=1)
Merge Join  (cost=5544.55..5545.08 rows=28 width=136) (actual time=29.720..29.738 rows=27 loops=1)
Merge Join  (cost=5536.17..5541.37 rows=28 width=21) (actual time=30.095..30.174 rows=1 loops=1)
Merge Join  (cost=5535.20..5540.32 rows=28 width=21) (actual time=29.963..30.078 rows=3 loops=1)
Merge Join  (cost=5546.80..5547.81 rows=55 width=127) (actual time=32.805..32.831 rows=45 loops=1)
Merge Join  (cost=5545.77..5546.76 rows=54 width=127) (actual time=32.740..32.766 rows=43 loops=1)
Merge Join  (cost=5534.64..5539.69 rows=27 width=21) (actual time=29.796..29.982 rows=1 loops=1)
Merge Join  (cost=5547.05..5548.05 rows=55 width=127) (actual time=33.316..33.354 rows=69 loops=1)
Merge Join  (cost=5534.64..5539.69 rows=27 width=21) (actual time=29.661..29.801 rows=28 loops=1)
Merge Join  (cost=5535.54..5540.69 rows=28 width=21) (actual time=29.635..29.820 rows=1 loops=1)
Merge Join  (cost=5546.43..5547.44 rows=55 width=127) (actual time=33.327..33.368 rows=78 loops=1)
Merge Join  (cost=5544.92..5545.45 rows=28 width=136) (actual time=30.227..30.247 rows=31 loops=1)
Merge Join  (cost=5557.88..5561.23 rows=189 width=127) (actual time=33.237..33.318 rows=163 loops=1)
Merge Join  (cost=5536.17..5541.37 rows=28 width=403) (actual time=29.497..29.700 rows=31 loops=1)
Merge Join  (cost=5536.17..5541.37 rows=28 width=21) (actual time=29.812..29.979 rows=27 loops=1)
Merge Join  (cost=5544.43..5545.40 rows=53 width=127) (actual time=33.030..33.033 rows=1 loops=1)
Merge Join  (cost=5535.83..5541.00 rows=28 width=21) (actual time=29.616..29.863 rows=27 loops=1)
Merge Join  (cost=5545.04..5546.02 rows=53 width=127) (actual time=32.961..33.055 rows=190 loops=1)
Merge Join  (cost=5535.54..5540.69 rows=28 width=21) (actual time=29.927..30.091 rows=22 loops=1)
Merge Join  (cost=5535.43..5540.57 rows=28 width=21) (actual time=30.009..30.168 rows=25 loops=1)
Merge Join  (cost=5535.54..5540.69 rows=28 width=21) (actual time=29.652..29.906 rows=15 loops=1)
Merge Join  (cost=5534.53..5539.57 rows=27 width=21) (actual time=29.596..29.732 rows=14 loops=1)
Merge Join  (cost=5537.02..5542.31 rows=29 width=21) (actual time=29.709..29.892 rows=31 loops=1)
Merge Join  (cost=5547.05..5548.05 rows=55 width=127) (actual time=32.663..32.665 rows=1 loops=1)
Merge Join  (cost=5534.92..5540.01 rows=28 width=21) (actual time=29.470..29.662 rows=1 loops=1)
Merge Join  (cost=5545.58..5546.57 rows=54 width=127) (actual time=32.633..32.635 rows=1 loops=1)
Merge Join  (cost=5546.07..5547.06 rows=54 width=127) (actual time=33.421..33.431 rows=7 loops=1)
Merge Join  (cost=5546.07..5547.06 rows=54 width=127) (actual time=33.438..33.477 rows=69 loops=1)
Merge Join  (cost=5544.24..5544.78 rows=28 width=136) (actual time=29.914..29.933 rows=31 loops=1)
Merge Join  (cost=5535.54..5540.69 rows=28 width=403) (actual time=29.624..29.842 rows=31 loops=1)
Merge Join  (cost=5534.53..5539.57 rows=27 width=21) (actual time=29.697..29.843 rows=9 loops=1)
Merge Join  (cost=5543.21..5543.73 rows=27 width=136) (actual time=29.995..30.003 rows=7 loops=1)
Merge Join  (cost=5534.64..5539.69 rows=27 width=403) (actual time=29.493..29.698 rows=7 loops=1)
Merge Join  (cost=5545.04..5546.02 rows=53 width=127) (actual time=32.761..32.784 rows=38 loops=1)
Merge Join  (cost=5536.40..5541.62 rows=28 width=21) (actual time=30.370..30.479 rows=17 loops=1)
Merge Join  (cost=5546.07..5547.06 rows=54 width=127) (actual time=33.004..33.013 rows=7 loops=1)
Merge Join  (cost=5545.17..5545.70 rows=28 width=136) (actual time=29.861..29.882 rows=31 loops=1)
Merge Join  (cost=5546.43..5547.44 rows=55 width=127) (actual time=32.697..32.699 rows=1 loops=1)
Merge Join  (cost=5534.92..5540.01 rows=28 width=21) (actual time=30.474..30.594 rows=32 loops=1)
Merge Join  (cost=5536.00..5541.18 rows=28 width=21) (actual time=30.051..30.213 rows=24 loops=1)
Merge Join  (cost=5535.83..5541.00 rows=28 width=21) (actual time=29.786..29.968 rows=17 loops=1)
Merge Join  (cost=5546.07..5547.06 rows=54 width=127) (actual time=33.208..33.214 rows=3 loops=1)
Merge Join  (cost=5535.54..5540.69 rows=28 width=21) (actual time=30.083..30.211 rows=31 loops=1)
Merge Join  (cost=5544.73..5545.27 rows=28 width=136) (actual time=30.211..30.228 rows=24 loops=1)
Merge Join  (cost=5535.83..5541.00 rows=28 width=21) (actual time=30.029..30.115 rows=34 loops=1)
Merge Join  (cost=5534.07..5539.08 rows=27 width=21) (actual time=29.622..29.777 rows=31 loops=1)
Merge Join  (cost=5534.53..5539.57 rows=27 width=21) (actual time=30.130..30.263 rows=14 loops=1)
Merge Join  (cost=5546.80..5547.81 rows=55 width=127) (actual time=33.114..33.132 rows=27 loops=1)
Merge Join  (cost=5536.17..5541.37 rows=28 width=403) (actual time=29.535..29.656 rows=27 loops=1)
Merge Join  (cost=5545.89..5546.44 rows=29 width=136) (actual time=29.849..29.862 rows=17 loops=1)
Merge Join  (cost=5535.83..5541.00 rows=28 width=21) (actual time=30.133..30.303 rows=16 loops=1)
Merge Join  (cost=5545.95..5546.94 rows=54 width=127) (actual time=33.439..33.483 rows=81 loops=1)
Merge Join  (cost=5535.43..5540.57 rows=28 width=21) (actual time=29.716..29.870 rows=21 loops=1)
Merge Join  (cost=5535.83..5541.00 rows=28 width=21) (actual time=29.533..29.680 rows=24 loops=1)
Merge Join  (cost=5534.53..5539.57 rows=27 width=21) (actual time=29.945..30.093 rows=12 loops=1)
Merge Join  (cost=5543.21..5543.73 rows=27 width=136) (actual time=30.397..30.406 rows=7 loops=1)
Merge Join  (cost=5535.54..5540.69 rows=28 width=21) (actual time=29.800..29.910 rows=28 loops=1)
Merge Join  (cost=5544.12..5544.65 rows=28 width=136) (actual time=29.750..29.770 rows=29 loops=1)
Merge Join  (cost=5535.54..5540.69 rows=28 width=21) (actual time=30.295..30.454 rows=28 loops=1)
Merge Join  (cost=5535.54..5540.69 rows=28 width=21) (actual time=30.111..30.204 rows=21 loops=1)
Merge Join  (cost=5534.07..5539.08 rows=27 width=21) (actual time=29.744..29.846 rows=7 loops=1)
Merge Join  (cost=5535.54..5540.69 rows=28 width=21) (actual time=29.620..29.778 rows=18 loops=1)
Merge Join  (cost=5543.09..5543.61 rows=27 width=136) (actual time=30.412..30.429 rows=23 loops=1)
Merge Join  (cost=5535.60..5540.75 rows=28 width=21) (actual time=30.134..30.282 rows=1 loops=1)
Merge Join  (cost=5536.17..5541.37 rows=28 width=21) (actual time=29.665..29.904 rows=5 loops=1)
Merge Join  (cost=5545.04..5546.02 rows=53 width=127) (actual time=33.485..33.526 rows=79 loops=1)
Merge Join  (cost=5535.54..5540.69 rows=28 width=21) (actual time=29.865..29.977 rows=6 loops=1)
Merge Join  (cost=5544.92..5545.45 rows=28 width=136) (actual time=30.291..30.310 rows=27 loops=1)
Merge Join  (cost=5535.26..5540.38 rows=28 width=21) (actual time=29.572..29.790 rows=23 loops=1)
Merge Join  (cost=5534.53..5539.57 rows=27 width=21) (actual time=29.669..29.806 rows=22 loops=1)
Merge Join  (cost=5544.24..5544.78 rows=28 width=136) (actual time=30.206..30.222 rows=21 loops=1)
Merge Join  (cost=5535.60..5540.75 rows=28 width=21) (actual time=30.052..30.205 rows=24 loops=1)
Merge Join  (cost=5535.43..5540.57 rows=28 width=21) (actual time=29.636..29.753 rows=7 loops=1)
Merge Join  (cost=5536.17..5541.37 rows=28 width=21) (actual time=29.606..29.751 rows=12 loops=1)
Merge Join  (cost=5546.61..5547.62 rows=55 width=127) (actual time=33.306..33.324 rows=25 loops=1)
Merge Join  (cost=5545.70..5546.69 rows=54 width=127) (actual time=32.988..33.014 rows=45 loops=1)
Merge Join  (cost=5535.54..5540.69 rows=28 width=21) (actual time=29.834..29.957 rows=18 loops=1)
Merge Join  (cost=5542.60..5543.12 rows=27 width=136) (actual time=29.825..29.838 rows=15 loops=1)
Merge Join  (cost=5545.70..5546.69 rows=54 width=127) (actual time=33.374..33.389 rows=19 loops=1)
Merge Join  (cost=5547.05..5548.05 rows=55 width=127) (actual time=33.184..33.208 rows=37 loops=1)
Merge Join  (cost=5536.40..5541.62 rows=28 width=403) (actual time=29.808..29.881 rows=31 loops=1)
Merge Join  (cost=5546.14..5547.13 rows=54 width=127) (actual time=32.851..32.870 rows=27 loops=1)
Merge Join  (cost=5537.02..5542.31 rows=29 width=21) (actual time=29.810..29.942 rows=18 loops=1)
Merge Join  (cost=5545.40..5546.39 rows=54 width=127) (actual time=32.877..32.884 rows=3 loops=1)
Merge Join  (cost=5544.92..5545.45 rows=28 width=136) (actual time=29.821..29.841 rows=31 loops=1)
Merge Join  (cost=5545.95..5546.94 rows=54 width=127) (actual time=33.274..33.318 rows=85 loops=1)
Merge Join  (cost=5535.54..5540.69 rows=28 width=21) (actual time=29.913..29.992 rows=25 loops=1)
Merge Join  (cost=5543.21..5543.73 rows=27 width=136) (actual time=30.237..30.256 rows=29 loops=1)
Merge Join  (cost=5534.53..5539.57 rows=27 width=21) (actual time=29.659..29.790 rows=24 loops=1)
Merge Join  (cost=5536.00..5541.18 rows=28 width=21) (actual time=29.744..29.890 rows=20 loops=1)
Merge Join  (cost=5535.60..5540.75 rows=28 width=21) (actual time=29.938..30.085 rows=1 loops=1)
Merge Join  (cost=5535.54..5540.69 rows=28 width=21) (actual time=30.358..30.480 rows=6 loops=1)
Merge Join  (cost=5545.89..5546.44 rows=29 width=136) (actual time=30.023..30.043 rows=33 loops=1)
Merge Join  (cost=5536.17..5541.37 rows=28 width=21) (actual time=29.959..30.116 rows=22 loops=1)
Merge Join  (cost=5546.07..5547.06 rows=54 width=127) (actual time=32.995..33.013 rows=25 loops=1)
Merge Join  (cost=5536.17..5541.37 rows=28 width=21) (actual time=30.228..30.285 rows=26 loops=1)
Merge Join  (cost=5547.77..5548.80 rows=56 width=127) (actual time=33.340..33.376 rows=63 loops=1)
Merge Join  (cost=5544.92..5545.45 rows=28 width=136) (actual time=29.878..29.891 rows=19 loops=1)
Merge Join  (cost=5536.17..5541.37 rows=28 width=21) (actual time=29.798..29.937 rows=20 loops=1)
Merge Join  (cost=5536.17..5541.37 rows=28 width=21) (actual time=29.793..29.970 rows=28 loops=1)
Merge Join  (cost=5546.07..5547.06 rows=54 width=127) (actual time=33.107..33.121 rows=17 loops=1)
Merge Join  (cost=5545.40..5546.39 rows=54 width=127) (actual time=32.156..32.166 rows=9 loops=1)
Merge Join  (cost=5544.43..5545.40 rows=53 width=127) (actual time=32.467..32.484 rows=25 loops=1)
Merge Join  (cost=5534.07..5539.08 rows=27 width=21) (actual time=29.922..30.094 rows=21 loops=1)
Merge Join  (cost=5536.17..5541.37 rows=28 width=21) (actual time=30.044..30.182 rows=9 loops=1)
Merge Join  (cost=5545.77..5546.76 rows=54 width=127) (actual time=32.745..32.748 rows=1 loops=1)
Merge Join  (cost=5546.43..5547.44 rows=55 width=127) (actual time=32.912..32.935 rows=41 loops=1)
Merge Join  (cost=5534.92..5540.01 rows=28 width=21) (actual time=30.052..30.240 rows=9 loops=1)
Merge Join  (cost=5535.54..5540.69 rows=28 width=21) (actual time=29.837..29.856 rows=30 loops=1)
Merge Join  (cost=5544.24..5544.78 rows=28 width=136) (actual time=29.882..29.893 rows=11 loops=1)
Merge Join  (cost=5536.17..5541.37 rows=28 width=21) (actual time=29.655..29.861 rows=23 loops=1)
Merge Join  (cost=5547.77..5548.80 rows=56 width=127) (actual time=34.182..34.263 rows=156 loops=1)
Merge Join  (cost=5544.24..5544.78 rows=28 width=136) (actual time=30.444..30.459 rows=19 loops=1)
Merge Join  (cost=5534.07..5539.08 rows=27 width=21) (actual time=29.827..29.967 rows=20 loops=1)
Merge Join  (cost=5534.53..5539.57 rows=27 width=21) (actual time=29.655..29.699 rows=6 loops=1)
Merge Join  (cost=5636.77..5655.73 rows=1020 width=127) (actual time=34.593..35.700 rows=1139 loops=1)
Merge Join  (cost=5535.54..5540.69 rows=28 width=403) (actual time=29.750..30.004 rows=25 loops=1)
Merge Join  (cost=5535.54..5540.69 rows=28 width=21) (actual time=29.636..29.771 rows=23 loops=1)
Merge Join  (cost=5546.80..5547.81 rows=55 width=127) (actual time=33.430..33.514 rows=178 loops=1)
Merge Join  (cost=5535.54..5540.69 rows=28 width=21) (actual time=29.944..30.146 rows=21 loops=1)
Merge Join  (cost=5546.80..5547.81 rows=55 width=127) (actual time=32.702..32.705 rows=1 loops=1)
Merge Join  (cost=5536.00..5541.18 rows=28 width=21) (actual time=29.502..29.628 rows=5 loops=1)
Merge Join  (cost=5534.64..5539.69 rows=27 width=21) (actual time=29.541..29.656 rows=7 loops=1)
Merge Join  (cost=5535.09..5540.20 rows=28 width=21) (actual time=29.997..30.128 rows=21 loops=1)
Merge Join  (cost=5535.60..5540.75 rows=28 width=21) (actual time=29.951..30.107 rows=13 loops=1)
Merge Join  (cost=5545.17..5545.70 rows=28 width=136) (actual time=29.971..29.987 rows=21 loops=1)
Merge Join  (cost=5545.89..5546.44 rows=29 width=136) (actual time=29.912..29.923 rows=11 loops=1)
Merge Join  (cost=5546.80..5547.81 rows=55 width=127) (actual time=33.412..33.415 rows=1 loops=1)
Merge Join  (cost=5535.54..5540.69 rows=28 width=21) (actual time=29.985..30.125 rows=22 loops=1)
Merge Join  (cost=5535.60..5540.75 rows=28 width=21) (actual time=29.726..29.964 rows=15 loops=1)
Merge Join  (cost=5544.92..5545.45 rows=28 width=136) (actual time=29.748..29.757 rows=5 loops=1)
Merge Join  (cost=5545.04..5546.02 rows=53 width=127) (actual time=32.975..32.993 rows=27 loops=1)
Merge Join  (cost=5547.77..5548.80 rows=56 width=127) (actual time=33.688..33.776 rows=177 loops=1)
Merge Join  (cost=5536.17..5541.37 rows=28 width=21) (actual time=29.720..29.835 rows=23 loops=1)
Merge Join  (cost=5535.54..5540.69 rows=28 width=21) (actual time=29.764..29.865 rows=4 loops=1)
Merge Join  (cost=5536.17..5541.37 rows=28 width=21) (actual time=29.937..30.019 rows=20 loops=1)
Merge Join  (cost=5543.75..5544.28 rows=28 width=136) (actual time=30.087..30.105 rows=29 loops=1)
Merge Join  (cost=5545.95..5546.94 rows=54 width=127) (actual time=32.786..32.835 rows=98 loops=1)
Merge Join  (cost=5536.40..5541.62 rows=28 width=21) (actual time=29.645..29.791 rows=27 loops=1)
Merge Join  (cost=5547.77..5548.80 rows=56 width=127) (actual time=33.633..33.737 rows=203 loops=1)
Merge Join  (cost=5534.53..5539.57 rows=27 width=21) (actual time=30.017..30.155 rows=27 loops=1)
Merge Join  (cost=5546.07..5547.06 rows=54 width=127) (actual time=32.778..32.786 rows=4 loops=1)
Merge Join  (cost=5534.92..5540.01 rows=28 width=21) (actual time=30.191..30.289 rows=6 loops=1)
Merge Join  (cost=5535.54..5540.69 rows=28 width=21) (actual time=29.908..30.042 rows=34 loops=1)
Merge Join  (cost=5535.83..5541.00 rows=28 width=21) (actual time=29.803..29.972 rows=34 loops=1)
Merge Join  (cost=5546.14..5547.13 rows=54 width=127) (actual time=32.516..32.523 rows=5 loops=1)
Merge Join  (cost=5536.17..5541.37 rows=28 width=21) (actual time=29.524..29.614 rows=28 loops=1)
Merge Join  (cost=5535.43..5540.57 rows=28 width=21) (actual time=30.461..30.585 rows=22 loops=1)
Merge Join  (cost=5543.87..5544.41 rows=28 width=136) (actual time=30.291..30.312 rows=31 loops=1)
Merge Join  (cost=5544.24..5544.78 rows=28 width=136) (actual time=30.032..30.040 rows=5 loops=1)
Merge Join  (cost=5544.92..5545.45 rows=28 width=136) (actual time=29.837..29.846 rows=7 loops=1)
Merge Join  (cost=5545.17..5545.70 rows=28 width=136) (actual time=30.408..30.415 rows=3 loops=1)
Merge Join  (cost=5535.83..5541.00 rows=28 width=21) (actual time=29.906..30.064 rows=21 loops=1)
Merge Join  (cost=5547.05..5548.05 rows=55 width=127) (actual time=32.851..32.862 rows=3 loops=1)
Merge Join  (cost=5536.40..5541.62 rows=28 width=403) (actual time=29.438..29.543 rows=3 loops=1)
Merge Join  (cost=5546.14..5547.13 rows=54 width=127) (actual time=32.797..32.800 rows=1 loops=1)
Merge Join  (cost=5535.43..5540.57 rows=28 width=21) (actual time=29.711..29.827 rows=7 loops=1)
Merge Join  (cost=5535.83..5541.00 rows=28 width=21) (actual time=29.414..29.504 rows=28 loops=1)
Merge Join  (cost=5534.07..5539.08 rows=27 width=21) (actual time=29.708..29.817 rows=28 loops=1)
Merge Join  (cost=5536.17..5541.37 rows=28 width=21) (actual time=30.030..30.195 rows=30 loops=1)
Merge Join  (cost=5535.54..5540.69 rows=28 width=21) (actual time=29.903..30.090 rows=1 loops=1)
Merge Join  (cost=5535.43..5540.57 rows=28 width=21) (actual time=29.550..29.646 rows=7 loops=1)
Merge Join  (cost=5536.17..5541.37 rows=28 width=21) (actual time=29.605..29.768 rows=11 loops=1)
Merge Join  (cost=5535.60..5540.75 rows=28 width=21) (actual time=30.196..30.323 rows=23 loops=1)
Merge Join  (cost=5544.92..5545.45 rows=28 width=136) (actual time=30.158..30.166 rows=7 loops=1)
Merge Join  (cost=5536.17..5541.37 rows=28 width=403) (actual time=29.732..29.855 rows=7 loops=1)
Merge Join  (cost=5536.17..5541.37 rows=28 width=21) (actual time=29.673..29.830 rows=28 loops=1)
Merge Join  (cost=5535.54..5540.69 rows=28 width=21) (actual time=29.711..29.871 rows=23 loops=1)
Merge Join  (cost=5547.77..5548.80 rows=56 width=127) (actual time=32.795..32.802 rows=3 loops=1)
Merge Join  (cost=5535.54..5540.69 rows=28 width=21) (actual time=29.957..29.977 rows=34 loops=1)
Merge Join  (cost=5536.17..5541.37 rows=28 width=21) (actual time=29.672..29.930 rows=11 loops=1)
Merge Join  (cost=5535.54..5540.69 rows=28 width=21) (actual time=29.994..30.198 rows=1 loops=1)
Merge Join  (cost=5544.92..5545.45 rows=28 width=136) (actual time=30.147..30.150 rows=1 loops=1)
Merge Join  (cost=5546.07..5547.06 rows=54 width=127) (actual time=33.329..33.342 rows=17 loops=1)
Merge Join  (cost=5535.09..5540.20 rows=28 width=21) (actual time=29.400..29.634 rows=29 loops=1)
Merge Join  (cost=5534.53..5539.57 rows=27 width=21) (actual time=29.487..29.619 rows=28 loops=1)
Merge Join  (cost=5545.89..5546.44 rows=29 width=136) (actual time=30.674..30.694 rows=31 loops=1)
Merge Join  (cost=5537.02..5542.31 rows=29 width=403) (actual time=29.687..29.833 rows=31 loops=1)
Merge Join  (cost=5535.09..5540.20 rows=28 width=21) (actual time=29.736..29.868 rows=24 loops=1)
Merge Join  (cost=5546.14..5547.13 rows=54 width=127) (actual time=32.752..32.765 rows=15 loops=1)
Merge Join  (cost=5535.54..5540.69 rows=28 width=21) (actual time=29.996..30.044 rows=27 loops=1)
Merge Join  (cost=5546.07..5547.06 rows=54 width=127) (actual time=33.318..33.327 rows=8 loops=1)
Merge Join  (cost=5535.20..5540.32 rows=28 width=21) (actual time=29.773..30.006 rows=13 loops=1)
Merge Join  (cost=5545.95..5546.94 rows=54 width=127) (actual time=33.220..33.248 rows=47 loops=1)
Merge Join  (cost=5543.75..5544.28 rows=28 width=136) (actual time=30.353..30.369 rows=21 loops=1)
Merge Join  (cost=5537.02..5542.31 rows=29 width=21) (actual time=30.113..30.260 rows=11 loops=1)
Merge Join  (cost=5535.60..5540.75 rows=28 width=21) (actual time=29.787..29.948 rows=32 loops=1)
Merge Join  (cost=5544.92..5545.45 rows=28 width=136) (actual time=29.845..29.860 rows=21 loops=1)
Merge Join  (cost=5544.92..5545.89 rows=53 width=127) (actual time=33.358..33.365 rows=3 loops=1)
Merge Join  (cost=5534.64..5539.69 rows=27 width=21) (actual time=29.955..30.084 rows=11 loops=1)
Merge Join  (cost=5535.43..5540.57 rows=28 width=21) (actual time=29.660..29.791 rows=21 loops=1)
Merge Join  (cost=5535.26..5540.38 rows=28 width=21) (actual time=29.985..30.144 rows=7 loops=1)
Merge Join  (cost=5534.07..5539.08 rows=27 width=21) (actual time=29.685..29.807 rows=7 loops=1)
Merge Join  (cost=5543.21..5543.73 rows=27 width=136) (actual time=29.927..29.944 rows=27 loops=1)
Merge Join  (cost=5537.02..5542.31 rows=29 width=21) (actual time=29.506..29.663 rows=9 loops=1)
Merge Join  (cost=5535.20..5540.32 rows=28 width=21) (actual time=29.797..29.990 rows=3 loops=1)
Merge Join  (cost=5545.58..5546.57 rows=54 width=127) (actual time=33.063..33.102 rows=72 loops=1)
Merge Join  (cost=5543.75..5544.28 rows=28 width=136) (actual time=30.058..30.070 rows=13 loops=1)
Merge Join  (cost=5547.05..5548.05 rows=55 width=127) (actual time=32.998..33.019 rows=35 loops=1)
Merge Join  (cost=5545.04..5546.02 rows=53 width=127) (actual time=32.863..32.869 rows=3 loops=1)
Merge Join  (cost=5536.17..5541.37 rows=28 width=21) (actual time=29.693..29.885 rows=28 loops=1)
Merge Join  (cost=5558.91..5562.42 rows=198 width=127) (actual time=33.664..33.768 rows=213 loops=1)
Merge Join  (cost=5534.64..5539.69 rows=27 width=21) (actual time=29.509..29.728 rows=1 loops=1)
Merge Join  (cost=5535.54..5540.69 rows=28 width=21) (actual time=29.681..29.862 rows=3 loops=1)
Merge Join  (cost=5534.07..5539.08 rows=27 width=21) (actual time=30.011..30.092 rows=28 loops=1)
Merge Join  (cost=5535.26..5540.38 rows=28 width=21) (actual time=29.941..30.094 rows=23 loops=1)
Merge Join  (cost=5545.89..5546.44 rows=29 width=136) (actual time=30.019..30.033 rows=17 loops=1)
Merge Join  (cost=5544.92..5545.45 rows=28 width=136) (actual time=29.709..29.715 rows=3 loops=1)
Merge Join  (cost=5535.43..5540.57 rows=28 width=21) (actual time=30.450..30.564 rows=22 loops=1)
Merge Join  (cost=5536.17..5541.37 rows=28 width=21) (actual time=30.050..30.187 rows=14 loops=1)
Merge Join  (cost=5535.20..5540.32 rows=28 width=21) (actual time=29.646..29.803 rows=9 loops=1)
Merge Join  (cost=5584.64..5593.05 rows=478 width=127) (actual time=34.402..34.647 rows=512 loops=1)
Merge Join  (cost=5535.54..5540.69 rows=28 width=21) (actual time=30.306..30.464 rows=18 loops=1)
Merge Join  (cost=5544.92..5545.89 rows=53 width=127) (actual time=33.200..33.207 rows=3 loops=1)
Merge Join  (cost=5535.60..5540.75 rows=28 width=21) (actual time=29.552..29.675 rows=17 loops=1)
Merge Join  (cost=5544.92..5545.45 rows=28 width=136) (actual time=29.715..29.730 rows=21 loops=1)
Merge Join  (cost=5544.30..5544.84 rows=28 width=136) (actual time=30.176..30.189 rows=15 loops=1)
Merge Join  (cost=5544.24..5544.78 rows=28 width=136) (actual time=30.115..30.130 rows=21 loops=1)
Merge Join  (cost=5536.17..5541.37 rows=28 width=21) (actual time=29.647..29.741 rows=28 loops=1)
Merge Join  (cost=5542.60..5543.12 rows=27 width=136) (actual time=30.073..30.084 rows=13 loops=1)
Merge Join  (cost=5546.07..5547.06 rows=54 width=127) (actual time=33.315..33.335 rows=31 loops=1)
Merge Join  (cost=5546.07..5547.06 rows=54 width=127) (actual time=33.193..33.239 rows=89 loops=1)
Merge Join  (cost=5536.40..5541.62 rows=28 width=21) (actual time=29.656..29.826 rows=15 loops=1)
Merge Join  (cost=5535.09..5540.20 rows=28 width=21) (actual time=29.528..29.684 rows=18 loops=1)
Merge Join  (cost=5543.21..5543.73 rows=27 width=136) (actual time=29.729..29.744 rows=23 loops=1)
Merge Join  (cost=5545.70..5546.69 rows=54 width=127) (actual time=33.316..33.353 rows=67 loops=1)
Merge Join  (cost=5546.80..5547.81 rows=55 width=127) (actual time=33.041..33.044 rows=1 loops=1)
Merge Join  (cost=5536.17..5541.37 rows=28 width=403) (actual time=29.367..29.524 rows=1 loops=1)
Merge Join  (cost=5545.04..5546.02 rows=53 width=127) (actual time=33.441..33.451 rows=9 loops=1)
Merge Join  (cost=5545.77..5546.76 rows=54 width=127) (actual time=33.437..33.445 rows=3 loops=1)
Merge Join  (cost=5535.09..5540.20 rows=28 width=21) (actual time=29.834..29.951 rows=19 loops=1)
Merge Join  (cost=5649.86..5675.34 rows=1390 width=127) (actual time=34.565..35.680 rows=1483 loops=1)
Merge Join  (cost=5534.53..5539.57 rows=27 width=21) (actual time=29.549..29.567 rows=32 loops=1)
Merge Join  (cost=5547.77..5548.80 rows=56 width=127) (actual time=33.290..33.355 rows=131 loops=1)
Merge Join  (cost=5537.02..5542.31 rows=29 width=21) (actual time=29.819..30.058 rows=15 loops=1)
Merge Join  (cost=5589.74..5598.99 rows=526 width=127) (actual time=34.353..34.608 rows=539 loops=1)
Merge Join  (cost=5547.05..5548.05 rows=55 width=127) (actual time=32.930..32.933 rows=1 loops=1)
Merge Join  (cost=5545.04..5546.02 rows=53 width=127) (actual time=33.220..33.237 rows=23 loops=1)
Merge Join  (cost=5535.60..5540.75 rows=28 width=21) (actual time=29.693..29.759 rows=5 loops=1)
Merge Join  (cost=5546.43..5547.44 rows=55 width=127) (actual time=32.743..32.746 rows=1 loops=1)
Merge Join  (cost=5535.09..5540.20 rows=28 width=21) (actual time=29.592..29.730 rows=18 loops=1)
Merge Join  (cost=5536.40..5541.62 rows=28 width=21) (actual time=29.709..29.872 rows=32 loops=1)
Merge Join  (cost=5547.77..5548.80 rows=56 width=127) (actual time=33.057..33.131 rows=150 loops=1)
Merge Join  (cost=5543.09..5543.61 rows=27 width=136) (actual time=29.729..29.731 rows=1 loops=1)
Merge Join  (cost=5535.09..5540.20 rows=28 width=21) (actual time=29.489..29.634 rows=1 loops=1)
Merge Join  (cost=5559.34..5563.09 rows=212 width=127) (actual time=34.009..34.106 rows=194 loops=1)
Merge Join  (cost=5536.40..5541.62 rows=28 width=21) (actual time=29.974..30.122 rows=3 loops=1)
Merge Join  (cost=5534.64..5539.69 rows=27 width=21) (actual time=29.818..29.948 rows=31 loops=1)
Merge Join  (cost=5536.17..5541.37 rows=28 width=21) (actual time=29.517..29.596 rows=6 loops=1)
Merge Join  (cost=5546.14..5547.13 rows=54 width=127) (actual time=33.104..33.107 rows=1 loops=1)
Merge Join  (cost=5545.04..5546.02 rows=53 width=127) (actual time=33.224..33.238 rows=19 loops=1)
Merge Join  (cost=5535.09..5540.20 rows=28 width=21) (actual time=29.542..29.664 rows=14 loops=1)
Merge Join  (cost=5546.80..5547.81 rows=55 width=127) (actual time=32.986..33.057 rows=142 loops=1)
Merge Join  (cost=5546.43..5547.44 rows=55 width=127) (actual time=33.702..33.801 rows=195 loops=1)
Merge Join  (cost=5545.77..5546.76 rows=54 width=127) (actual time=32.815..32.854 rows=69 loops=1)
Merge Join  (cost=5543.87..5544.41 rows=28 width=136) (actual time=29.729..29.739 rows=9 loops=1)
Merge Join  (cost=5544.92..5545.45 rows=28 width=136) (actual time=30.041..30.058 rows=25 loops=1)
Merge Join  (cost=5534.64..5539.69 rows=27 width=21) (actual time=29.889..29.998 rows=28 loops=1)
Merge Join  (cost=5543.87..5544.41 rows=28 width=136) (actual time=29.925..29.946 rows=33 loops=1)
Merge Join  (cost=5543.56..5544.10 rows=28 width=136) (actual time=29.678..29.685 rows=5 loops=1)
Merge Join  (cost=5544.24..5544.78 rows=28 width=136) (actual time=29.799..29.807 rows=5 loops=1)
Merge Join  (cost=5543.56..5544.10 rows=28 width=136) (actual time=30.552..30.562 rows=7 loops=1)
Merge Join  (cost=5545.70..5546.69 rows=54 width=127) (actual time=33.171..33.182 rows=11 loops=1)
Merge Join  (cost=5535.26..5540.38 rows=28 width=21) (actual time=29.666..29.755 rows=16 loops=1)
Merge Join  (cost=5534.64..5539.69 rows=27 width=21) (actual time=29.506..29.639 rows=24 loops=1)
Merge Join  (cost=5535.54..5540.69 rows=28 width=21) (actual time=30.049..30.178 rows=24 loops=1)
Merge Join  (cost=5536.17..5541.37 rows=28 width=21) (actual time=29.986..30.140 rows=22 loops=1)
Merge Join  (cost=5546.14..5547.13 rows=54 width=127) (actual time=33.279..33.322 rows=83 loops=1)
Merge Join  (cost=5535.60..5540.75 rows=28 width=403) (actual time=29.398..29.618 rows=27 loops=1)
Merge Join  (cost=5534.92..5540.01 rows=28 width=21) (actual time=30.057..30.176 rows=30 loops=1)
Merge Join  (cost=5545.40..5546.39 rows=54 width=127) (actual time=33.367..33.394 rows=49 loops=1)
Merge Join  (cost=5535.54..5540.69 rows=28 width=21) (actual time=29.890..29.974 rows=25 loops=1)
Merge Join  (cost=5544.73..5545.27 rows=28 width=136) (actual time=29.944..29.953 rows=9 loops=1)
Merge Join  (cost=5582.49..5590.59 rows=460 width=127) (actual time=34.707..34.948 rows=508 loops=1)
Merge Join  (cost=5536.17..5541.37 rows=28 width=21) (actual time=29.578..29.788 rows=1 loops=1)
Merge Join  (cost=5545.04..5546.02 rows=53 width=127) (actual time=32.666..32.683 rows=27 loops=1)
Merge Join  (cost=5544.12..5544.65 rows=28 width=136) (actual time=29.567..29.575 rows=7 loops=1)
Merge Join  (cost=5546.43..5547.44 rows=55 width=127) (actual time=33.467..33.509 rows=53 loops=1)
Merge Join  (cost=5534.07..5539.08 rows=27 width=21) (actual time=29.634..29.848 rows=15 loops=1)
Merge Join  (cost=5545.58..5546.57 rows=54 width=127) (actual time=32.881..32.903 rows=33 loops=1)
Merge Join  (cost=5544.92..5545.45 rows=28 width=136) (actual time=29.816..29.824 rows=7 loops=1)
Merge Join  (cost=5536.00..5541.18 rows=28 width=21) (actual time=29.867..29.971 rows=28 loops=1)
Merge Join  (cost=5535.20..5540.32 rows=28 width=21) (actual time=29.718..29.861 rows=31 loops=1)
Merge Join  (cost=5543.21..5543.73 rows=27 width=136) (actual time=30.082..30.103 rows=33 loops=1)
Merge Join  (cost=5535.83..5541.00 rows=28 width=21) (actual time=29.994..30.112 rows=1 loops=1)
Merge Join  (cost=5546.07..5547.06 rows=54 width=127) (actual time=33.818..33.852 rows=61 loops=1)
Merge Join  (cost=5535.20..5540.32 rows=28 width=21) (actual time=30.303..30.450 rows=15 loops=1)
Merge Join  (cost=5535.54..5540.69 rows=28 width=21) (actual time=29.809..29.949 rows=18 loops=1)
Merge Join  (cost=5547.05..5548.05 rows=55 width=127) (actual time=32.663..32.680 rows=23 loops=1)
Merge Join  (cost=5535.54..5540.69 rows=28 width=21) (actual time=30.091..30.187 rows=29 loops=1)
Merge Join  (cost=5535.26..5540.38 rows=28 width=21) (actual time=30.006..30.186 rows=3 loops=1)
Merge Join  (cost=5535.09..5540.20 rows=28 width=21) (actual time=30.051..30.217 rows=1 loops=1)
Merge Join  (cost=5545.70..5546.69 rows=54 width=127) (actual time=32.484..32.487 rows=1 loops=1)
Merge Join  (cost=5534.53..5539.57 rows=27 width=21) (actual time=29.553..29.698 rows=3 loops=1)
Merge Join  (cost=5536.00..5541.18 rows=28 width=21) (actual time=30.179..30.397 rows=9 loops=1)
Merge Join  (cost=5535.60..5540.75 rows=28 width=21) (actual time=30.245..30.247 rows=1 loops=1)
Merge Join  (cost=5543.09..5543.61 rows=27 width=136) (actual time=29.892..29.911 rows=29 loops=1)
Merge Join  (cost=5534.64..5539.69 rows=27 width=21) (actual time=29.665..29.811 rows=22 loops=1)
Merge Join  (cost=5545.58..5546.57 rows=54 width=127) (actual time=33.173..33.187 rows=17 loops=1)
Merge Join  (cost=5535.09..5540.20 rows=28 width=403) (actual time=29.968..30.203 rows=13 loops=1)
Merge Join  (cost=5534.92..5540.01 rows=28 width=21) (actual time=29.644..29.776 rows=17 loops=1)
Merge Join  (cost=5535.09..5540.20 rows=28 width=21) (actual time=29.507..29.701 rows=3 loops=1)
Merge Join  (cost=5534.64..5539.69 rows=27 width=21) (actual time=29.884..30.010 rows=6 loops=1)
Merge Join  (cost=5544.43..5545.40 rows=53 width=127) (actual time=33.774..33.789 rows=18 loops=1)
Merge Join  (cost=5535.54..5540.69 rows=28 width=21) (actual time=30.169..30.362 rows=15 loops=1)
Merge Join  (cost=5545.89..5546.44 rows=29 width=136) (actual time=29.842..29.861 rows=29 loops=1)
Merge Join  (cost=5543.21..5543.73 rows=27 width=136) (actual time=30.407..30.427 rows=31 loops=1)
Merge Join  (cost=5546.07..5547.06 rows=54 width=127) (actual time=33.018..33.030 rows=13 loops=1)
Merge Join  (cost=5535.54..5540.69 rows=28 width=21) (actual time=29.691..29.814 rows=22 loops=1)
Merge Join  (cost=5537.02..5542.31 rows=29 width=21) (actual time=29.558..29.680 rows=18 loops=1)
Merge Join  (cost=5542.60..5543.12 rows=27 width=136) (actual time=30.103..30.126 rows=34 loops=1)
Merge Join  (cost=5543.09..5543.61 rows=27 width=136) (actual time=30.241..30.254 rows=13 loops=1)
Merge Join  (cost=5653.26..5679.46 rows=1429 width=127) (actual time=34.520..35.630 rows=1481 loops=1)
Merge Join  (cost=5535.60..5540.75 rows=28 width=21) (actual time=29.384..29.596 rows=1 loops=1)
Merge Join  (cost=5535.83..5541.00 rows=28 width=21) (actual time=30.165..30.303 rows=33 loops=1)
Merge Join  (cost=5535.60..5540.75 rows=28 width=21) (actual time=30.096..30.098 rows=1 loops=1)
Merge Join  (cost=5543.21..5543.73 rows=27 width=136) (actual time=29.848..29.860 rows=13 loops=1)
Merge Join  (cost=5536.17..5541.37 rows=28 width=21) (actual time=29.716..29.874 rows=19 loops=1)
Merge Join  (cost=5534.07..5539.08 rows=27 width=21) (actual time=30.014..30.218 rows=3 loops=1)
Merge Join  (cost=5543.75..5544.28 rows=28 width=136) (actual time=30.035..30.043 rows=5 loops=1)
Merge Join  (cost=5535.26..5540.38 rows=28 width=21) (actual time=29.604..29.677 rows=5 loops=1)
Merge Join  (cost=5537.02..5542.31 rows=29 width=21) (actual time=30.163..30.298 rows=5 loops=1)
Merge Join  (cost=5537.02..5542.31 rows=29 width=21) (actual time=29.912..30.099 rows=1 loops=1)
Merge Join  (cost=5583.60..5591.71 rows=461 width=127) (actual time=34.776..35.034 rows=537 loops=1)
Merge Join  (cost=5536.17..5541.37 rows=28 width=21) (actual time=29.529..29.727 rows=7 loops=1)
Merge Join  (cost=5544.24..5544.78 rows=28 width=136) (actual time=29.861..29.872 rows=13 loops=1)
Merge Join  (cost=5536.40..5541.62 rows=28 width=21) (actual time=29.965..30.202 rows=5 loops=1)
Merge Join  (cost=5543.75..5544.28 rows=28 width=136) (actual time=30.125..30.142 rows=26 loops=1)
Merge Join  (cost=5546.07..5547.06 rows=54 width=127) (actual time=33.234..33.242 rows=5 loops=1)
Merge Join  (cost=5534.07..5539.08 rows=27 width=21) (actual time=29.588..29.612 rows=40 loops=1)
Merge Join  (cost=5535.54..5540.69 rows=28 width=21) (actual time=30.253..30.319 rows=36 loops=1)
Merge Join  (cost=5545.89..5546.44 rows=29 width=136) (actual time=30.265..30.284 rows=29 loops=1)
Merge Join  (cost=5543.21..5543.73 rows=27 width=136) (actual time=29.953..29.968 rows=23 loops=1)
Merge Join  (cost=5536.17..5541.37 rows=28 width=21) (actual time=29.712..29.726 rows=24 loops=1)
Merge Join  (cost=5534.07..5539.08 rows=27 width=21) (actual time=30.239..30.389 rows=30 loops=1)
Merge Join  (cost=5545.04..5546.02 rows=53 width=127) (actual time=33.343..33.361 rows=25 loops=1)
Merge Join  (cost=5534.64..5539.69 rows=27 width=403) (actual time=29.868..30.021 rows=13 loops=1)
Merge Join  (cost=5544.92..5545.45 rows=28 width=136) (actual time=29.843..29.856 rows=17 loops=1)
Merge Join  (cost=5545.04..5546.02 rows=53 width=127) (actual time=33.551..33.571 rows=30 loops=1)
Merge Join  (cost=5535.54..5540.69 rows=28 width=21) (actual time=30.259..30.408 rows=26 loops=1)
Merge Join  (cost=5535.09..5540.20 rows=28 width=21) (actual time=29.885..30.021 rows=27 loops=1)
Merge Join  (cost=5535.26..5540.38 rows=28 width=21) (actual time=29.627..29.779 rows=7 loops=1)
Merge Join  (cost=5545.77..5546.76 rows=54 width=127) (actual time=33.439..33.457 rows=25 loops=1)
Merge Join  (cost=5545.58..5546.57 rows=54 width=127) (actual time=33.104..33.125 rows=31 loops=1)
Merge Join  (cost=5544.12..5544.65 rows=28 width=136) (actual time=29.931..29.934 rows=1 loops=1)
Merge Join  (cost=5544.43..5545.40 rows=53 width=127) (actual time=33.406..33.432 rows=43 loops=1)
Merge Join  (cost=5535.26..5540.38 rows=28 width=21) (actual time=29.814..29.999 rows=23 loops=1)
Merge Join  (cost=5542.60..5543.12 rows=27 width=136) (actual time=29.909..29.917 rows=5 loops=1)
Merge Join  (cost=5534.07..5539.08 rows=27 width=403) (actual time=29.548..29.748 rows=5 loops=1)
Merge Join  (cost=5543.75..5544.28 rows=28 width=136) (actual time=29.756..29.779 rows=37 loops=1)
Merge Join  (cost=5534.53..5539.57 rows=27 width=21) (actual time=30.328..30.490 rows=9 loops=1)
Merge Join  (cost=5545.58..5546.57 rows=54 width=127) (actual time=33.193..33.215 rows=35 loops=1)
Merge Join  (cost=5535.54..5540.69 rows=28 width=21) (actual time=29.634..29.794 rows=13 loops=1)
Merge Join  (cost=5546.80..5547.81 rows=55 width=127) (actual time=33.055..33.092 rows=71 loops=1)
Merge Join  (cost=5544.92..5545.45 rows=28 width=136) (actual time=30.023..30.042 rows=27 loops=1)
Merge Join  (cost=5535.26..5540.38 rows=28 width=21) (actual time=29.701..29.741 rows=7 loops=1)
Merge Join  (cost=5544.43..5545.40 rows=53 width=127) (actual time=32.820..32.861 rows=78 loops=1)
Merge Join  (cost=5546.07..5547.06 rows=54 width=127) (actual time=32.915..32.922 rows=3 loops=1)
Merge Join  (cost=5535.54..5540.69 rows=28 width=21) (actual time=30.348..30.460 rows=7 loops=1)
Merge Join  (cost=5543.09..5543.61 rows=27 width=136) (actual time=30.477..30.494 rows=17 loops=1)
Merge Join  (cost=5537.02..5542.31 rows=29 width=21) (actual time=29.739..29.965 rows=1 loops=1)
Merge Join  (cost=5543.56..5544.10 rows=28 width=136) (actual time=29.716..29.732 rows=21 loops=1)
Merge Join  (cost=5535.20..5540.32 rows=28 width=21) (actual time=30.203..30.305 rows=28 loops=1)
Merge Join  (cost=5537.02..5542.31 rows=29 width=21) (actual time=30.020..30.159 rows=13 loops=1)
Merge Join  (cost=5535.54..5540.69 rows=28 width=21) (actual time=29.849..29.887 rows=6 loops=1)
Merge Join  (cost=5545.40..5546.39 rows=54 width=127) (actual time=32.998..33.027 rows=51 loops=1)
Merge Join  (cost=5545.04..5546.02 rows=53 width=127) (actual time=33.003..33.006 rows=1 loops=1)
Merge Join  (cost=5535.43..5540.57 rows=28 width=21) (actual time=29.927..30.101 rows=19 loops=1)
Merge Join  (cost=5544.24..5544.78 rows=28 width=136) (actual time=29.921..29.938 rows=27 loops=1)
Merge Join  (cost=5546.61..5547.62 rows=55 width=127) (actual time=32.719..32.759 rows=74 loops=1)
Merge Join  (cost=5543.75..5544.28 rows=28 width=136) (actual time=29.972..29.980 rows=3 loops=1)
Merge Join  (cost=5536.00..5541.18 rows=28 width=21) (actual time=29.833..30.001 rows=30 loops=1)
Merge Join  (cost=5536.40..5541.62 rows=28 width=21) (actual time=29.782..29.923 rows=15 loops=1)
Merge Join  (cost=5544.92..5545.45 rows=28 width=136) (actual time=29.860..29.871 rows=11 loops=1)
Merge Join  (cost=5536.40..5541.62 rows=28 width=21) (actual time=30.406..30.632 rows=9 loops=1)
Merge Join  (cost=5546.14..5547.13 rows=54 width=127) (actual time=33.245..33.252 rows=3 loops=1)
Merge Join  (cost=5535.54..5540.69 rows=28 width=21) (actual time=29.735..29.854 rows=3 loops=1)
Merge Join  (cost=5536.17..5541.37 rows=28 width=21) (actual time=29.948..30.040 rows=14 loops=1)
Merge Join  (cost=5535.54..5540.69 rows=28 width=21) (actual time=29.974..30.100 rows=22 loops=1)
Merge Join  (cost=5535.54..5540.69 rows=28 width=21) (actual time=30.055..30.207 rows=22 loops=1)
Merge Join  (cost=5534.64..5539.69 rows=27 width=21) (actual time=29.685..29.901 rows=1 loops=1)
Merge Join  (cost=5534.64..5539.69 rows=27 width=21) (actual time=29.469..29.715 rows=19 loops=1)
Merge Join  (cost=5546.07..5547.06 rows=54 width=127) (actual time=32.963..32.984 rows=33 loops=1)
Merge Join  (cost=5543.21..5543.73 rows=27 width=136) (actual time=30.295..30.307 rows=13 loops=1)
Merge Join  (cost=5534.64..5539.69 rows=27 width=403) (actual time=29.600..29.726 rows=13 loops=1)
Merge Join  (cost=5535.54..5540.69 rows=28 width=21) (actual time=29.683..29.831 rows=22 loops=1)
Merge Join  (cost=5534.07..5539.08 rows=27 width=21) (actual time=30.129..30.293 rows=24 loops=1)
Merge Join  (cost=5546.07..5547.06 rows=54 width=127) (actual time=33.906..33.962 rows=103 loops=1)
Merge Join  (cost=5544.30..5544.84 rows=28 width=136) (actual time=30.277..30.285 rows=5 loops=1)
Merge Join  (cost=5535.09..5540.20 rows=28 width=21) (actual time=30.000..30.184 rows=23 loops=1)
Merge Join  (cost=5535.20..5540.32 rows=28 width=21) (actual time=29.771..29.923 rows=11 loops=1)
Merge Join  (cost=5547.05..5548.05 rows=55 width=127) (actual time=33.124..33.127 rows=1 loops=1)
Merge Join  (cost=5546.80..5547.81 rows=55 width=127) (actual time=33.439..33.453 rows=15 loops=1)
Merge Join  (cost=5545.77..5546.76 rows=54 width=127) (actual time=32.654..32.662 rows=3 loops=1)
Merge Join  (cost=5591.25..5600.71 rows=538 width=127) (actual time=34.392..34.653 rows=527 loops=1)
Merge Join  (cost=5545.40..5546.39 rows=54 width=127) (actual time=33.284..33.294 rows=3 loops=1)
Merge Join  (cost=5535.26..5540.38 rows=28 width=21) (actual time=29.853..29.891 rows=7 loops=1)
Merge Join  (cost=5545.58..5546.57 rows=54 width=127) (actual time=33.402..33.435 rows=56 loops=1)
Merge Join  (cost=5544.24..5544.78 rows=28 width=136) (actual time=29.967..29.975 rows=5 loops=1)
Merge Join  (cost=5543.87..5544.41 rows=28 width=136) (actual time=29.945..29.961 rows=23 loops=1)
Merge Join  (cost=5534.07..5539.08 rows=27 width=21) (actual time=29.819..29.898 rows=7 loops=1)
Merge Join  (cost=5544.92..5545.45 rows=28 width=136) (actual time=30.473..30.485 rows=9 loops=1)
Merge Join  (cost=5535.26..5540.38 rows=28 width=21) (actual time=30.200..30.347 rows=32 loops=1)
Merge Join  (cost=5544.12..5544.65 rows=28 width=136) (actual time=30.313..30.335 rows=33 loops=1)
Merge Join  (cost=5534.64..5539.69 rows=27 width=21) (actual time=30.111..30.245 rows=3 loops=1)
Merge Join  (cost=5544.55..5545.08 rows=28 width=136) (actual time=30.270..30.286 rows=21 loops=1)
Merge Join  (cost=5537.02..5542.31 rows=29 width=21) (actual time=30.686..30.817 rows=32 loops=1)
Merge Join  (cost=5535.54..5540.69 rows=28 width=21) (actual time=31.038..31.176 rows=21 loops=1)
Merge Join  (cost=5535.83..5541.00 rows=28 width=21) (actual time=30.574..30.679 rows=19 loops=1)
Merge Join  (cost=5536.40..5541.62 rows=28 width=21) (actual time=30.666..30.681 rows=26 loops=1)
Merge Join  (cost=5536.17..5541.37 rows=28 width=21) (actual time=30.006..30.142 rows=24 loops=1)
Merge Join  (cost=5543.09..5543.61 rows=27 width=136) (actual time=30.531..30.550 rows=27 loops=1)
Merge Join  (cost=5534.53..5539.57 rows=27 width=403) (actual time=29.891..30.064 rows=27 loops=1)
Merge Join  (cost=5535.20..5540.32 rows=28 width=21) (actual time=29.898..30.037 rows=16 loops=1)
Merge Join  (cost=5546.61..5547.62 rows=55 width=127) (actual time=33.255..33.267 rows=13 loops=1)
Merge Join  (cost=5536.00..5541.18 rows=28 width=403) (actual time=30.154..30.256 rows=11 loops=1)
Merge Join  (cost=5546.07..5547.06 rows=54 width=127) (actual time=33.050..33.077 rows=43 loops=1)
Merge Join  (cost=5536.40..5541.62 rows=28 width=21) (actual time=29.794..29.935 rows=7 loops=1)
Merge Join  (cost=5543.21..5543.73 rows=27 width=136) (actual time=30.462..30.471 rows=7 loops=1)
Merge Join  (cost=5544.24..5544.78 rows=28 width=136) (actual time=30.232..30.251 rows=29 loops=1)
Merge Join  (cost=5535.54..5540.69 rows=28 width=403) (actual time=29.745..29.904 rows=29 loops=1)
Merge Join  (cost=5546.61..5547.62 rows=55 width=127) (actual time=33.120..33.134 rows=17 loops=1)
Merge Join  (cost=5535.26..5540.38 rows=28 width=21) (actual time=30.107..30.216 rows=28 loops=1)
Merge Join  (cost=5543.21..5543.73 rows=27 width=136) (actual time=30.139..30.153 rows=19 loops=1)
Merge Join  (cost=5543.21..5543.73 rows=27 width=136) (actual time=29.976..29.984 rows=7 loops=1)
Merge Join  (cost=5545.95..5546.94 rows=54 width=127) (actual time=33.553..33.588 rows=61 loops=1)
Merge Join  (cost=5535.60..5540.75 rows=28 width=21) (actual time=30.301..30.442 rows=22 loops=1)
Merge Join  (cost=5545.58..5546.57 rows=54 width=127) (actual time=33.835..33.917 rows=164 loops=1)
Merge Join  (cost=5535.54..5540.69 rows=28 width=21) (actual time=30.087..30.203 rows=18 loops=1)
Merge Join  (cost=5543.93..5544.47 rows=28 width=136) (actual time=30.320..30.336 rows=21 loops=1)
Merge Join  (cost=5544.12..5544.65 rows=28 width=136) (actual time=30.350..30.365 rows=21 loops=1)
Merge Join  (cost=5544.73..5545.27 rows=28 width=136) (actual time=30.428..30.447 rows=29 loops=1)
Merge Join  (cost=5536.40..5541.62 rows=28 width=21) (actual time=29.846..29.976 rows=24 loops=1)
Merge Join  (cost=5543.75..5544.28 rows=28 width=136) (actual time=30.097..30.105 rows=7 loops=1)
Merge Join  (cost=5546.07..5547.06 rows=54 width=127) (actual time=33.253..33.264 rows=10 loops=1)
Merge Join  (cost=5560.45..5564.47 rows=227 width=127) (actual time=33.858..33.970 rows=232 loops=1)
Merge Join  (cost=5535.60..5540.75 rows=28 width=21) (actual time=29.879..29.970 rows=27 loops=1)
Merge Join  (cost=5545.58..5546.57 rows=54 width=127) (actual time=33.129..33.140 rows=9 loops=1)
Merge Join  (cost=5544.30..5544.84 rows=28 width=136) (actual time=30.040..30.058 rows=27 loops=1)
Merge Join  (cost=5534.64..5539.69 rows=27 width=21) (actual time=30.150..30.304 rows=20 loops=1)
Merge Join  (cost=5536.17..5541.37 rows=28 width=21) (actual time=29.848..29.912 rows=7 loops=1)
Merge Join  (cost=5544.12..5544.65 rows=28 width=136) (actual time=29.960..29.980 rows=33 loops=1)
Merge Join  (cost=5546.07..5547.06 rows=54 width=127) (actual time=32.966..32.979 rows=13 loops=1)
Merge Join  (cost=5544.24..5544.78 rows=28 width=136) (actual time=30.346..30.362 rows=19 loops=1)
Merge Join  (cost=5535.60..5540.75 rows=28 width=21) (actual time=30.074..30.185 rows=26 loops=1)
Merge Join  (cost=5535.26..5540.38 rows=28 width=21) (actual time=29.853..29.931 rows=29 loops=1)
Merge Join  (cost=5545.89..5546.44 rows=29 width=136) (actual time=29.958..29.971 rows=17 loops=1)
Merge Join  (cost=5537.02..5542.31 rows=29 width=403) (actual time=30.151..30.325 rows=17 loops=1)
Merge Join  (cost=5559.43..5563.04 rows=204 width=127) (actual time=33.824..33.923 rows=203 loops=1)
Merge Join  (cost=5535.26..5540.38 rows=28 width=21) (actual time=29.579..29.788 rows=5 loops=1)
Merge Join  (cost=5536.40..5541.62 rows=28 width=403) (actual time=29.892..30.033 rows=25 loops=1)
Merge Join  (cost=5545.70..5546.69 rows=54 width=127) (actual time=33.241..33.255 rows=17 loops=1)
Merge Join  (cost=5547.05..5548.05 rows=55 width=127) (actual time=33.251..33.294 rows=76 loops=1)
Merge Join  (cost=5534.07..5539.08 rows=27 width=21) (actual time=29.718..29.900 rows=7 loops=1)
Merge Join  (cost=5534.64..5539.69 rows=27 width=21) (actual time=29.584..29.776 rows=15 loops=1)
Merge Join  (cost=5544.73..5545.27 rows=28 width=136) (actual time=30.731..30.752 rows=29 loops=1)
Merge Join  (cost=5536.00..5541.18 rows=28 width=403) (actual time=29.984..30.221 rows=29 loops=1)
Merge Join  (cost=5535.83..5541.00 rows=28 width=21) (actual time=30.333..30.448 rows=1 loops=1)
Merge Join  (cost=5580.85..5588.42 rows=430 width=127) (actual time=34.054..34.267 rows=436 loops=1)
Merge Join  (cost=5536.40..5541.62 rows=28 width=403) (actual time=30.000..30.181 rows=25 loops=1)
Merge Join  (cost=5654.99..5681.52 rows=1446 width=127) (actual time=35.341..36.506 rows=1544 loops=1)
Merge Join  (cost=5534.07..5539.08 rows=27 width=21) (actual time=32.009..32.137 rows=22 loops=1)
Merge Join  (cost=5536.17..5541.37 rows=28 width=21) (actual time=29.816..29.973 rows=30 loops=1)
Merge Join  (cost=5542.60..5543.12 rows=27 width=136) (actual time=30.002..30.025 rows=35 loops=1)
Merge Join  (cost=5534.64..5539.69 rows=27 width=21) (actual time=30.017..30.251 rows=21 loops=1)
Merge Join  (cost=5535.54..5540.69 rows=28 width=21) (actual time=29.841..30.021 rows=3 loops=1)
Merge Join  (cost=5535.54..5540.69 rows=28 width=21) (actual time=30.201..30.349 rows=30 loops=1)
Merge Join  (cost=5545.04..5546.02 rows=53 width=127) (actual time=33.489..33.504 rows=19 loops=1)
Merge Join  (cost=5547.77..5548.80 rows=56 width=127) (actual time=34.239..34.284 rows=79 loops=1)
Merge Join  (cost=5534.92..5540.01 rows=28 width=21) (actual time=30.238..30.272 rows=1 loops=1)
Merge Join  (cost=5536.17..5541.37 rows=28 width=21) (actual time=29.712..29.860 rows=3 loops=1)
Merge Join  (cost=5536.17..5541.37 rows=28 width=21) (actual time=29.772..29.878 rows=18 loops=1)
Merge Join  (cost=5546.80..5547.81 rows=55 width=127) (actual time=32.859..32.870 rows=11 loops=1)
Merge Join  (cost=5545.04..5546.02 rows=53 width=127) (actual time=33.402..33.417 rows=19 loops=1)
Merge Join  (cost=5590.83..5600.32 rows=540 width=127) (actual time=34.611..34.902 rows=595 loops=1)
Merge Join  (cost=5534.53..5539.57 rows=27 width=21) (actual time=29.650..29.785 rows=7 loops=1)
Merge Join  (cost=5537.02..5542.31 rows=29 width=21) (actual time=30.002..30.072 rows=28 loops=1)
Merge Join  (cost=5544.55..5545.08 rows=28 width=136) (actual time=30.161..30.163 rows=1 loops=1)
Merge Join  (cost=5535.09..5540.20 rows=28 width=21) (actual time=29.660..29.773 rows=7 loops=1)
Merge Join  (cost=5555.68..5558.89 rows=181 width=127) (actual time=34.270..34.382 rows=215 loops=1)
Merge Join  (cost=5535.20..5540.32 rows=28 width=21) (actual time=30.163..30.302 rows=27 loops=1)
Merge Join  (cost=5636.77..5655.73 rows=1020 width=127) (actual time=34.195..35.268 rows=1139 loops=1)
Merge Join  (cost=5535.54..5540.69 rows=28 width=403) (actual time=29.827..30.077 rows=25 loops=1)
Merge Join  (cost=5545.04..5546.02 rows=53 width=127) (actual time=33.211..33.232 rows=33 loops=1)
Merge Join  (cost=5544.92..5545.45 rows=28 width=136) (actual time=29.915..29.928 rows=15 loops=1)
Merge Join  (cost=5535.54..5540.69 rows=28 width=21) (actual time=29.692..29.875 rows=7 loops=1)
Merge Join  (cost=5535.54..5540.69 rows=28 width=21) (actual time=29.859..29.882 rows=40 loops=1)
Merge Join  (cost=5545.77..5546.76 rows=54 width=127) (actual time=32.680..32.683 rows=1 loops=1)
Merge Join  (cost=5536.00..5541.18 rows=28 width=21) (actual time=29.926..30.079 rows=9 loops=1)
Merge Join  (cost=5545.95..5546.94 rows=54 width=127) (actual time=32.831..32.861 rows=51 loops=1)
Merge Join  (cost=5535.54..5540.69 rows=28 width=21) (actual time=29.817..29.967 rows=28 loops=1)
Merge Join  (cost=5546.61..5547.62 rows=55 width=127) (actual time=33.374..33.387 rows=13 loops=1)
Merge Join  (cost=5558.34..5561.78 rows=194 width=127) (actual time=33.375..33.468 rows=185 loops=1)
Merge Join  (cost=5543.21..5543.73 rows=27 width=136) (actual time=30.191..30.204 rows=15 loops=1)
Merge Join  (cost=5535.83..5541.00 rows=28 width=21) (actual time=30.082..30.116 rows=22 loops=1)
Merge Join  (cost=5545.95..5546.94 rows=54 width=127) (actual time=33.468..33.481 rows=15 loops=1)
Merge Join  (cost=5535.83..5541.00 rows=28 width=21) (actual time=30.204..30.435 rows=1 loops=1)
Merge Join  (cost=5542.60..5543.12 rows=27 width=136) (actual time=30.244..30.262 rows=25 loops=1)
Merge Join  (cost=5535.60..5540.75 rows=28 width=21) (actual time=30.044..30.045 rows=1 loops=1)
Merge Join  (cost=5547.77..5548.80 rows=56 width=127) (actual time=33.956..34.051 rows=194 loops=1)
Merge Join  (cost=5536.17..5541.37 rows=28 width=21) (actual time=30.360..30.495 rows=10 loops=1)
Merge Join  (cost=5534.07..5539.08 rows=27 width=21) (actual time=29.641..29.799 rows=24 loops=1)
Merge Join  (cost=5535.26..5540.38 rows=28 width=21) (actual time=29.734..29.950 rows=19 loops=1)
Merge Join  (cost=5546.14..5547.13 rows=54 width=127) (actual time=33.515..33.550 rows=60 loops=1)
Merge Join  (cost=5535.20..5540.32 rows=28 width=21) (actual time=29.985..30.144 rows=22 loops=1)
Merge Join  (cost=5535.09..5540.20 rows=28 width=21) (actual time=29.823..29.982 rows=7 loops=1)
Merge Join  (cost=5542.60..5543.12 rows=27 width=136) (actual time=30.058..30.065 rows=3 loops=1)
Merge Join  (cost=5545.40..5546.39 rows=54 width=127) (actual time=33.540..33.618 rows=157 loops=1)
Merge Join  (cost=5545.04..5546.02 rows=53 width=127) (actual time=32.316..32.324 rows=5 loops=1)
Merge Join  (cost=5535.83..5541.00 rows=28 width=21) (actual time=30.002..30.133 rows=14 loops=1)
Merge Join  (cost=5544.92..5545.45 rows=28 width=136) (actual time=30.031..30.049 rows=27 loops=1)
Merge Join  (cost=5546.61..5547.62 rows=55 width=127) (actual time=33.033..33.040 rows=3 loops=1)
Merge Join  (cost=5543.21..5543.73 rows=27 width=136) (actual time=30.303..30.318 rows=21 loops=1)
Merge Join  (cost=5535.54..5540.69 rows=28 width=21) (actual time=29.794..29.989 rows=1 loops=1)
Merge Join  (cost=5544.92..5545.45 rows=28 width=136) (actual time=29.939..29.942 rows=1 loops=1)
Merge Join  (cost=5536.17..5541.37 rows=28 width=21) (actual time=29.805..30.014 rows=7 loops=1)
Merge Join  (cost=5534.07..5539.08 rows=27 width=21) (actual time=29.729..29.886 rows=19 loops=1)
Merge Join  (cost=5544.92..5545.45 rows=28 width=136) (actual time=29.973..29.988 rows=18 loops=1)
Merge Join  (cost=5544.92..5545.45 rows=28 width=136) (actual time=30.502..30.512 rows=7 loops=1)
Merge Join  (cost=5535.26..5540.38 rows=28 width=21) (actual time=30.575..30.626 rows=26 loops=1)
Merge Join  (cost=5536.40..5541.62 rows=28 width=21) (actual time=30.056..30.077 rows=36 loops=1)
Merge Join  (cost=5544.92..5545.45 rows=28 width=136) (actual time=30.161..30.173 rows=13 loops=1)
Merge Join  (cost=5546.43..5547.44 rows=55 width=127) (actual time=33.534..33.568 rows=60 loops=1)
Merge Join  (cost=5544.24..5544.78 rows=28 width=136) (actual time=30.370..30.383 rows=11 loops=1)
Merge Join  (cost=5545.17..5545.70 rows=28 width=136) (actual time=30.140..30.143 rows=1 loops=1)
Merge Join  (cost=5547.77..5548.80 rows=56 width=127) (actual time=33.231..33.239 rows=3 loops=1)
Merge Join  (cost=5535.09..5540.20 rows=28 width=21) (actual time=29.965..30.109 rows=24 loops=1)
Merge Join  (cost=5546.14..5547.13 rows=54 width=127) (actual time=32.838..32.853 rows=19 loops=1)
Merge Join  (cost=5535.60..5540.75 rows=28 width=403) (actual time=29.530..29.623 rows=17 loops=1)
Merge Join  (cost=5535.43..5540.57 rows=28 width=21) (actual time=29.878..30.094 rows=1 loops=1)
Merge Join  (cost=5535.26..5540.38 rows=28 width=21) (actual time=29.857..30.079 rows=7 loops=1)
Merge Join  (cost=5536.00..5541.18 rows=28 width=21) (actual time=29.801..29.915 rows=3 loops=1)
Merge Join  (cost=5560.43..5564.24 rows=215 width=127) (actual time=33.442..33.543 rows=205 loops=1)
Merge Join  (cost=5546.07..5547.06 rows=54 width=127) (actual time=33.325..33.338 rows=15 loops=1)
Merge Join  (cost=5534.92..5540.01 rows=28 width=21) (actual time=29.986..30.185 rows=1 loops=1)
Merge Join  (cost=5546.80..5547.81 rows=55 width=127) (actual time=32.819..32.848 rows=48 loops=1)
Merge Join  (cost=5535.83..5541.00 rows=28 width=21) (actual time=29.964..30.082 rows=17 loops=1)
Merge Join  (cost=5545.17..5545.70 rows=28 width=136) (actual time=29.987..29.995 rows=3 loops=1)
Merge Join  (cost=5534.53..5539.57 rows=27 width=21) (actual time=29.794..29.914 rows=22 loops=1)
Merge Join  (cost=5547.77..5548.80 rows=56 width=127) (actual time=33.966..33.975 rows=7 loops=1)
Merge Join  (cost=5545.58..5546.57 rows=54 width=127) (actual time=33.940..33.958 rows=23 loops=1)
Merge Join  (cost=5535.09..5540.20 rows=28 width=403) (actual time=30.138..30.333 rows=33 loops=1)
Merge Join  (cost=5545.58..5546.57 rows=54 width=127) (actual time=33.517..33.529 rows=12 loops=1)
Merge Join  (cost=5537.02..5542.31 rows=29 width=21) (actual time=30.262..30.418 rows=30 loops=1)
Merge Join  (cost=5546.14..5547.13 rows=54 width=127) (actual time=33.536..33.544 rows=3 loops=1)
Merge Join  (cost=5534.92..5540.01 rows=28 width=21) (actual time=30.263..30.457 rows=16 loops=1)
Merge Join  (cost=5543.21..5543.73 rows=27 width=136) (actual time=30.162..30.175 rows=13 loops=1)
Merge Join  (cost=5535.09..5540.20 rows=28 width=21) (actual time=30.367..30.501 rows=28 loops=1)
Merge Join  (cost=5535.54..5540.69 rows=28 width=21) (actual time=30.370..30.531 rows=27 loops=1)
Merge Join  (cost=5545.77..5546.76 rows=54 width=127) (actual time=33.538..33.557 rows=30 loops=1)
Merge Join  (cost=5537.02..5542.31 rows=29 width=21) (actual time=30.427..30.574 rows=26 loops=1)
Merge Join  (cost=5534.64..5539.69 rows=27 width=21) (actual time=30.128..30.276 rows=14 loops=1)
Merge Join  (cost=5546.80..5547.81 rows=55 width=127) (actual time=33.323..33.350 rows=45 loops=1)
Merge Join  (cost=5546.80..5547.81 rows=55 width=127) (actual time=33.638..33.716 rows=150 loops=1)
Merge Join  (cost=5536.17..5541.37 rows=28 width=21) (actual time=30.173..30.413 rows=23 loops=1)
Merge Join  (cost=5545.17..5545.70 rows=28 width=136) (actual time=30.536..30.549 rows=15 loops=1)
Merge Join  (cost=5534.64..5539.69 rows=27 width=21) (actual time=30.197..30.389 rows=27 loops=1)
Merge Join  (cost=5546.07..5547.06 rows=54 width=127) (actual time=33.577..33.606 rows=49 loops=1)
Merge Join  (cost=5535.54..5540.69 rows=28 width=403) (actual time=30.256..30.390 rows=31 loops=1)
Merge Join  (cost=5544.92..5545.45 rows=28 width=136) (actual time=29.881..29.890 rows=7 loops=1)
Merge Join  (cost=5546.07..5547.06 rows=54 width=127) (actual time=33.024..33.031 rows=3 loops=1)
Merge Join  (cost=5536.17..5541.37 rows=28 width=21) (actual time=30.350..30.514 rows=28 loops=1)
Merge Join  (cost=5535.60..5540.75 rows=28 width=21) (actual time=30.080..30.261 rows=7 loops=1)
Merge Join  (cost=5544.92..5545.45 rows=28 width=136) (actual time=30.262..30.272 rows=9 loops=1)
Merge Join  (cost=5546.43..5547.44 rows=55 width=127) (actual time=33.752..33.787 rows=61 loops=1)
Merge Join  (cost=5535.26..5540.38 rows=28 width=21) (actual time=30.211..30.357 rows=19 loops=1)
Merge Join  (cost=5544.55..5545.08 rows=28 width=136) (actual time=30.464..30.484 rows=30 loops=1)
Merge Join  (cost=5536.17..5541.37 rows=28 width=21) (actual time=30.340..30.390 rows=7 loops=1)
Merge Join  (cost=5546.61..5547.62 rows=55 width=127) (actual time=32.566..32.573 rows=3 loops=1)
Merge Join  (cost=5537.02..5542.31 rows=29 width=21) (actual time=29.654..29.839 rows=15 loops=1)
Merge Join  (cost=5535.54..5540.69 rows=28 width=21) (actual time=29.861..30.074 rows=3 loops=1)
Merge Join  (cost=5534.07..5539.08 rows=27 width=21) (actual time=29.800..30.003 rows=11 loops=1)
Merge Join  (cost=5545.95..5546.94 rows=54 width=127) (actual time=33.123..33.147 rows=38 loops=1)
Merge Join  (cost=5543.21..5543.73 rows=27 width=136) (actual time=30.151..30.154 rows=1 loops=1)
Merge Join  (cost=5534.53..5539.57 rows=27 width=21) (actual time=29.781..29.964 rows=3 loops=1)
Merge Join  (cost=5546.07..5547.06 rows=54 width=127) (actual time=33.058..33.061 rows=1 loops=1)
Merge Join  (cost=5535.54..5540.69 rows=28 width=21) (actual time=30.450..30.615 rows=34 loops=1)
Merge Join  (cost=5546.43..5547.44 rows=55 width=127) (actual time=33.419..33.465 rows=85 loops=1)
Merge Join  (cost=5535.83..5541.00 rows=28 width=21) (actual time=29.793..29.897 rows=18 loops=1)
Merge Join  (cost=5545.04..5546.02 rows=53 width=127) (actual time=32.880..32.904 rows=39 loops=1)
Merge Join  (cost=5534.64..5539.69 rows=27 width=403) (actual time=29.990..30.193 rows=21 loops=1)
Merge Join  (cost=5545.89..5546.44 rows=29 width=136) (actual time=30.172..30.192 rows=29 loops=1)
Merge Join  (cost=5535.09..5540.20 rows=28 width=21) (actual time=29.600..29.748 rows=1 loops=1)
Merge Join  (cost=5546.80..5547.81 rows=55 width=127) (actual time=32.939..32.964 rows=42 loops=1)
Merge Join  (cost=5535.26..5540.38 rows=28 width=21) (actual time=29.776..29.939 rows=32 loops=1)
Merge Join  (cost=5546.43..5547.44 rows=55 width=127) (actual time=33.410..33.428 rows=27 loops=1)
Merge Join  (cost=5535.83..5541.00 rows=28 width=21) (actual time=29.975..30.132 rows=28 loops=1)
Merge Join  (cost=5535.43..5540.57 rows=28 width=21) (actual time=29.768..29.944 rows=7 loops=1)
Merge Join  (cost=5543.21..5543.73 rows=27 width=136) (actual time=29.954..29.974 rows=31 loops=1)
Merge Join  (cost=5544.92..5545.45 rows=28 width=136) (actual time=30.366..30.376 rows=7 loops=1)
Merge Join  (cost=5546.07..5547.06 rows=54 width=127) (actual time=33.134..33.144 rows=7 loops=1)
Merge Join  (cost=5546.80..5547.81 rows=55 width=127) (actual time=33.157..33.170 rows=18 loops=1)
Merge Join  (cost=5544.55..5545.08 rows=28 width=136) (actual time=30.168..30.177 rows=3 loops=1)
Merge Join  (cost=5537.02..5542.31 rows=29 width=21) (actual time=30.005..30.124 rows=9 loops=1)
Merge Join  (cost=5545.04..5546.02 rows=53 width=127) (actual time=32.952..32.992 rows=73 loops=1)
Merge Join  (cost=5546.07..5547.06 rows=54 width=127) (actual time=33.385..33.422 rows=67 loops=1)
Merge Join  (cost=5535.54..5540.69 rows=28 width=403) (actual time=29.454..29.597 rows=25 loops=1)
Merge Join  (cost=5546.07..5547.06 rows=54 width=127) (actual time=33.486..33.493 rows=3 loops=1)
Merge Join  (cost=5535.54..5540.69 rows=28 width=21) (actual time=29.641..29.803 rows=20 loops=1)
Merge Join  (cost=5544.92..5545.89 rows=53 width=127) (actual time=32.622..32.624 rows=1 loops=1)
Merge Join  (cost=5535.60..5540.75 rows=28 width=21) (actual time=29.598..29.730 rows=17 loops=1)
Merge Join  (cost=5537.02..5542.31 rows=29 width=21) (actual time=30.045..30.144 rows=1 loops=1)
Merge Join  (cost=5545.58..5546.57 rows=54 width=127) (actual time=32.899..32.919 rows=31 loops=1)
Merge Join  (cost=5535.54..5540.69 rows=28 width=21) (actual time=29.586..29.729 rows=15 loops=1)
Merge Join  (cost=5535.54..5540.69 rows=28 width=21) (actual time=29.698..29.899 rows=1 loops=1)
Merge Join  (cost=5544.30..5544.84 rows=28 width=136) (actual time=29.967..29.982 rows=19 loops=1)
Merge Join  (cost=5546.07..5547.06 rows=54 width=127) (actual time=32.835..32.847 rows=13 loops=1)
Merge Join  (cost=5543.93..5544.47 rows=28 width=136) (actual time=29.977..29.979 rows=1 loops=1)
Merge Join  (cost=5545.58..5546.57 rows=54 width=127) (actual time=33.275..33.282 rows=3 loops=1)
Merge Join  (cost=5544.55..5545.08 rows=28 width=136) (actual time=30.238..30.253 rows=19 loops=1)
Merge Join  (cost=5545.04..5546.02 rows=53 width=127) (actual time=33.300..33.317 rows=23 loops=1)
Merge Join  (cost=5543.21..5543.73 rows=27 width=136) (actual time=30.183..30.203 rows=29 loops=1)
Merge Join  (cost=5544.55..5545.08 rows=28 width=136) (actual time=29.892..29.908 rows=21 loops=1)
Merge Join  (cost=5535.83..5541.00 rows=28 width=403) (actual time=29.689..29.817 rows=21 loops=1)
Merge Join  (cost=5542.60..5543.12 rows=27 width=136) (actual time=30.067..30.081 rows=17 loops=1)
Merge Join  (cost=5544.24..5544.78 rows=28 width=136) (actual time=30.088..30.105 rows=25 loops=1)
Merge Join  (cost=5534.92..5540.01 rows=28 width=21) (actual time=29.651..29.777 rows=13 loops=1)
Merge Join  (cost=5544.73..5545.27 rows=28 width=136) (actual time=30.133..30.149 rows=23 loops=1)
Merge Join  (cost=5536.00..5541.18 rows=28 width=403) (actual time=29.770..29.879 rows=23 loops=1)
Merge Join  (cost=5546.61..5547.62 rows=55 width=127) (actual time=32.621..32.629 rows=5 loops=1)
Merge Join  (cost=5535.26..5540.38 rows=28 width=21) (actual time=29.856..30.012 rows=20 loops=1)
Merge Join  (cost=5545.77..5546.76 rows=54 width=127) (actual time=33.434..33.475 rows=78 loops=1)
Merge Join  (cost=5536.00..5541.18 rows=28 width=21) (actual time=29.830..29.999 rows=19 loops=1)
Merge Join  (cost=5535.60..5540.75 rows=28 width=21) (actual time=30.057..30.058 rows=1 loops=1)
Merge Join  (cost=5544.73..5545.27 rows=28 width=136) (actual time=29.828..29.830 rows=1 loops=1)
Merge Join  (cost=5535.54..5540.69 rows=28 width=21) (actual time=30.047..30.201 rows=25 loops=1)
Merge Join  (cost=5543.93..5544.47 rows=28 width=136) (actual time=30.223..30.226 rows=1 loops=1)
Merge Join  (cost=5535.09..5540.20 rows=28 width=21) (actual time=29.866..29.922 rows=18 loops=1)
Merge Join  (cost=5546.07..5547.06 rows=54 width=127) (actual time=32.827..32.839 rows=13 loops=1)
Merge Join  (cost=5536.40..5541.62 rows=28 width=21) (actual time=29.981..30.119 rows=8 loops=1)
Merge Join  (cost=5535.54..5540.69 rows=28 width=21) (actual time=29.833..30.034 rows=1 loops=1)
Merge Join  (cost=5535.09..5540.20 rows=28 width=21) (actual time=29.855..29.976 rows=23 loops=1)
Merge Join  (cost=5535.43..5540.57 rows=28 width=21) (actual time=29.666..29.820 rows=17 loops=1)
Merge Join  (cost=5543.21..5543.73 rows=27 width=136) (actual time=30.053..30.074 rows=33 loops=1)
Merge Join  (cost=5543.75..5544.28 rows=28 width=136) (actual time=30.193..30.212 rows=27 loops=1)
Merge Join  (cost=5545.89..5546.44 rows=29 width=136) (actual time=30.162..30.180 rows=27 loops=1)
Merge Join  (cost=5536.00..5541.18 rows=28 width=21) (actual time=29.609..29.758 rows=19 loops=1)
Merge Join  (cost=5543.21..5543.73 rows=27 width=136) (actual time=30.125..30.143 rows=27 loops=1)
Merge Join  (cost=5534.64..5539.69 rows=27 width=403) (actual time=29.781..29.914 rows=27 loops=1)
Merge Join  (cost=5543.21..5543.73 rows=27 width=136) (actual time=30.280..30.294 rows=19 loops=1)
Merge Join  (cost=5534.53..5539.57 rows=27 width=21) (actual time=29.678..29.713 rows=6 loops=1)
Merge Join  (cost=5534.64..5539.69 rows=27 width=21) (actual time=30.140..30.303 rows=30 loops=1)
Merge Join  (cost=5543.21..5543.73 rows=27 width=136) (actual time=30.020..30.035 rows=21 loops=1)
Merge Join  (cost=5535.83..5541.00 rows=28 width=21) (actual time=30.018..30.124 rows=22 loops=1)
Merge Join  (cost=5545.70..5546.69 rows=54 width=127) (actual time=32.718..32.725 rows=3 loops=1)
Merge Join  (cost=5534.92..5540.01 rows=28 width=21) (actual time=29.692..29.817 rows=23 loops=1)
Merge Join  (cost=5535.09..5540.20 rows=28 width=21) (actual time=30.207..30.386 rows=3 loops=1)
Merge Join  (cost=5546.80..5547.81 rows=55 width=127) (actual time=33.412..33.458 rows=85 loops=1)
Merge Join  (cost=5535.26..5540.38 rows=28 width=21) (actual time=29.547..29.615 rows=32 loops=1)
Merge Join  (cost=5535.54..5540.69 rows=28 width=21) (actual time=29.676..29.905 rows=7 loops=1)
Merge Join  (cost=5544.24..5544.78 rows=28 width=136) (actual time=29.972..29.994 rows=35 loops=1)
Merge Join  (cost=5535.54..5540.69 rows=28 width=21) (actual time=29.641..29.679 rows=6 loops=1)
Merge Join  (cost=5544.24..5544.78 rows=28 width=136) (actual time=29.805..29.823 rows=29 loops=1)
Merge Join  (cost=5535.60..5540.75 rows=28 width=21) (actual time=30.125..30.282 rows=28 loops=1)
Merge Join  (cost=5536.17..5541.37 rows=28 width=21) (actual time=29.992..30.129 rows=32 loops=1)
Merge Join  (cost=5535.09..5540.20 rows=28 width=21) (actual time=29.908..30.060 rows=27 loops=1)
Merge Join  (cost=5545.04..5546.02 rows=53 width=127) (actual time=32.520..32.523 rows=1 loops=1)
Merge Join  (cost=5536.17..5541.37 rows=28 width=21) (actual time=29.923..30.090 rows=31 loops=1)
Merge Join  (cost=5543.21..5543.73 rows=27 width=136) (actual time=30.297..30.315 rows=29 loops=1)
Merge Join  (cost=5545.95..5546.94 rows=54 width=127) (actual time=33.120..33.134 rows=19 loops=1)
Merge Join  (cost=5547.05..5548.05 rows=55 width=127) (actual time=32.858..32.897 rows=74 loops=1)
Merge Join  (cost=5536.17..5541.37 rows=28 width=21) (actual time=29.781..29.859 rows=22 loops=1)
Merge Join  (cost=5545.40..5546.39 rows=54 width=127) (actual time=33.395..33.442 rows=85 loops=1)
Merge Join  (cost=5535.43..5540.57 rows=28 width=21) (actual time=29.853..29.886 rows=22 loops=1)
Merge Join  (cost=5536.17..5541.37 rows=28 width=21) (actual time=29.779..29.844 rows=19 loops=1)
Merge Join  (cost=5535.54..5540.69 rows=28 width=21) (actual time=29.836..30.002 rows=28 loops=1)
Merge Join  (cost=5546.14..5547.13 rows=54 width=127) (actual time=33.312..33.323 rows=11 loops=1)
Merge Join  (cost=5543.75..5544.28 rows=28 width=136) (actual time=29.913..29.932 rows=29 loops=1)
Merge Join  (cost=5544.92..5545.45 rows=28 width=136) (actual time=29.843..29.864 rows=33 loops=1)
Merge Join  (cost=5535.83..5541.00 rows=28 width=21) (actual time=29.805..29.939 rows=24 loops=1)
Merge Join  (cost=5534.53..5539.57 rows=27 width=21) (actual time=29.973..30.134 rows=3 loops=1)
Merge Join  (cost=5544.92..5545.45 rows=28 width=136) (actual time=30.088..30.103 rows=21 loops=1)
Merge Join  (cost=5547.77..5548.80 rows=56 width=127) (actual time=33.063..33.083 rows=30 loops=1)
Merge Join  (cost=5536.00..5541.18 rows=28 width=21) (actual time=29.991..30.152 rows=36 loops=1)
Merge Join  (cost=5546.43..5547.44 rows=55 width=127) (actual time=33.256..33.266 rows=9 loops=1)
Merge Join  (cost=5534.53..5539.57 rows=27 width=21) (actual time=29.573..29.671 rows=16 loops=1)
Merge Join  (cost=5536.17..5541.37 rows=28 width=21) (actual time=29.416..29.627 rows=5 loops=1)
Merge Join  (cost=5544.43..5545.40 rows=53 width=127) (actual time=32.570..32.573 rows=1 loops=1)
Merge Join  (cost=5544.12..5544.65 rows=28 width=136) (actual time=29.875..29.895 rows=31 loops=1)
Merge Join  (cost=5543.56..5544.10 rows=28 width=136) (actual time=30.208..30.229 rows=31 loops=1)
Merge Join  (cost=5546.61..5547.62 rows=55 width=127) (actual time=32.540..32.551 rows=12 loops=1)
Merge Join  (cost=5547.05..5548.05 rows=55 width=127) (actual time=33.307..33.348 rows=76 loops=1)
Merge Join  (cost=5584.13..5592.33 rows=466 width=127) (actual time=34.670..34.895 rows=493 loops=1)
Merge Join  (cost=5543.09..5543.61 rows=27 width=136) (actual time=30.053..30.068 rows=23 loops=1)
Merge Join  (cost=5536.17..5541.37 rows=28 width=21) (actual time=29.540..29.697 rows=30 loops=1)
Merge Join  (cost=5535.60..5540.75 rows=28 width=21) (actual time=29.821..29.914 rows=20 loops=1)
Merge Join  (cost=5546.07..5547.06 rows=54 width=127) (actual time=33.199..33.237 rows=71 loops=1)
Merge Join  (cost=5546.07..5547.06 rows=54 width=127) (actual time=33.002..33.078 rows=151 loops=1)
Merge Join  (cost=5534.64..5539.69 rows=27 width=21) (actual time=29.848..29.999 rows=21 loops=1)
Merge Join  (cost=5543.09..5543.61 rows=27 width=136) (actual time=30.096..30.117 rows=33 loops=1)
Merge Join  (cost=5546.43..5547.44 rows=55 width=127) (actual time=33.469..33.480 rows=11 loops=1)
Merge Join  (cost=5544.92..5545.89 rows=53 width=127) (actual time=33.280..33.317 rows=71 loops=1)
Merge Join  (cost=5536.17..5541.37 rows=28 width=21) (actual time=29.576..29.743 rows=7 loops=1)
Merge Join  (cost=5544.24..5544.78 rows=28 width=136) (actual time=30.002..30.017 rows=21 loops=1)
Merge Join  (cost=5534.07..5539.08 rows=27 width=21) (actual time=29.851..30.013 rows=23 loops=1)
Merge Join  (cost=5545.04..5546.02 rows=53 width=127) (actual time=32.999..33.001 rows=1 loops=1)
Merge Join  (cost=5543.21..5543.73 rows=27 width=136) (actual time=29.806..29.814 rows=7 loops=1)
Merge Join  (cost=5537.02..5542.31 rows=29 width=21) (actual time=29.923..30.083 rows=26 loops=1)
Merge Join  (cost=5534.64..5539.69 rows=27 width=403) (actual time=29.585..29.763 rows=7 loops=1)
Merge Join  (cost=5543.75..5544.28 rows=28 width=136) (actual time=29.935..29.942 rows=3 loops=1)
Merge Join  (cost=5535.09..5540.20 rows=28 width=21) (actual time=29.697..29.794 rows=17 loops=1)
Merge Join  (cost=5534.64..5539.69 rows=27 width=21) (actual time=29.749..29.968 rows=1 loops=1)
Merge Join  (cost=5537.02..5542.31 rows=29 width=21) (actual time=29.977..30.130 rows=24 loops=1)
Merge Join  (cost=5535.09..5540.20 rows=28 width=21) (actual time=29.991..30.104 rows=7 loops=1)
Merge Join  (cost=5535.20..5540.32 rows=28 width=21) (actual time=29.725..29.851 rows=18 loops=1)
Merge Join  (cost=5535.54..5540.69 rows=28 width=21) (actual time=29.982..30.064 rows=9 loops=1)
Merge Join  (cost=5537.02..5542.31 rows=29 width=21) (actual time=29.966..30.102 rows=30 loops=1)
Merge Join  (cost=5545.89..5546.44 rows=29 width=136) (actual time=30.264..30.278 rows=19 loops=1)
Merge Join  (cost=5535.43..5540.57 rows=28 width=21) (actual time=29.789..29.904 rows=18 loops=1)
Merge Join  (cost=5546.80..5547.81 rows=55 width=127) (actual time=32.860..32.877 rows=23 loops=1)
Merge Join  (cost=5534.53..5539.57 rows=27 width=21) (actual time=29.866..29.979 rows=34 loops=1)
Merge Join  (cost=5544.43..5545.40 rows=53 width=127) (actual time=33.164..33.183 rows=31 loops=1)
Merge Join  (cost=5535.54..5540.69 rows=28 width=21) (actual time=29.635..29.816 rows=23 loops=1)
Merge Join  (cost=5544.92..5545.45 rows=28 width=136) (actual time=29.960..29.978 rows=27 loops=1)
Merge Join  (cost=5535.83..5541.00 rows=28 width=21) (actual time=29.901..29.969 rows=34 loops=1)
Merge Join  (cost=5546.07..5547.06 rows=54 width=127) (actual time=32.991..33.012 rows=34 loops=1)
Merge Join  (cost=5536.40..5541.62 rows=28 width=21) (actual time=29.462..29.606 rows=32 loops=1)
Merge Join  (cost=5535.83..5541.00 rows=28 width=21) (actual time=29.768..29.882 rows=1 loops=1)
Merge Join  (cost=5536.40..5541.62 rows=28 width=21) (actual time=30.117..30.290 rows=7 loops=1)
Merge Join  (cost=5544.92..5545.45 rows=28 width=136) (actual time=30.029..30.048 rows=19 loops=1)
Merge Join  (cost=5543.09..5543.61 rows=27 width=136) (actual time=30.030..30.046 rows=25 loops=1)
Merge Join  (cost=5544.30..5544.84 rows=28 width=136) (actual time=30.135..30.145 rows=9 loops=1)
Merge Join  (cost=5536.40..5541.62 rows=28 width=21) (actual time=29.817..30.034 rows=29 loops=1)
Merge Join  (cost=5536.17..5541.37 rows=28 width=21) (actual time=29.829..29.969 rows=32 loops=1)
Merge Join  (cost=5535.43..5540.57 rows=28 width=21) (actual time=29.782..29.915 rows=32 loops=1)
Merge Join  (cost=5535.26..5540.38 rows=28 width=21) (actual time=29.835..30.042 rows=19 loops=1)
Merge Join  (cost=5543.93..5544.47 rows=28 width=136) (actual time=30.333..30.343 rows=7 loops=1)
Merge Join  (cost=5535.83..5541.00 rows=28 width=21) (actual time=29.664..29.902 rows=23 loops=1)
Merge Join  (cost=5535.43..5540.57 rows=28 width=21) (actual time=29.664..29.897 rows=23 loops=1)
Merge Join  (cost=5545.04..5546.02 rows=53 width=127) (actual time=32.891..32.951 rows=90 loops=1)
Merge Join  (cost=5545.04..5546.02 rows=53 width=127) (actual time=33.402..33.426 rows=43 loops=1)
Merge Join  (cost=5590.26..5599.61 rows=532 width=127) (actual time=34.029..34.277 rows=515 loops=1)
Merge Join  (cost=5535.26..5540.38 rows=28 width=403) (actual time=29.352..29.563 rows=33 loops=1)
Merge Join  (cost=5536.40..5541.62 rows=28 width=21) (actual time=29.872..30.008 rows=26 loops=1)
Merge Join  (cost=5535.43..5540.57 rows=28 width=21) (actual time=29.673..29.867 rows=7 loops=1)
Merge Join  (cost=5536.17..5541.37 rows=28 width=21) (actual time=29.779..29.882 rows=16 loops=1)
Merge Join  (cost=5536.17..5541.37 rows=28 width=21) (actual time=29.835..29.999 rows=28 loops=1)
Merge Join  (cost=5544.12..5544.65 rows=28 width=136) (actual time=30.137..30.149 rows=13 loops=1)
Merge Join  (cost=5535.43..5540.57 rows=28 width=403) (actual time=29.680..29.882 rows=13 loops=1)
Merge Join  (cost=5535.60..5540.75 rows=28 width=21) (actual time=29.707..29.709 rows=1 loops=1)
Merge Join  (cost=5558.34..5561.78 rows=194 width=127) (actual time=33.294..33.384 rows=187 loops=1)
Merge Join  (cost=5546.80..5547.81 rows=55 width=127) (actual time=33.350..33.374 rows=41 loops=1)
Merge Join  (cost=5536.17..5541.37 rows=28 width=403) (actual time=29.764..29.944 rows=27 loops=1)
Merge Join  (cost=5547.77..5548.80 rows=56 width=127) (actual time=33.023..33.050 rows=45 loops=1)
Merge Join  (cost=5543.75..5544.28 rows=28 width=136) (actual time=29.861..29.864 rows=1 loops=1)
Merge Join  (cost=5546.07..5547.06 rows=54 width=127) (actual time=33.022..33.095 rows=151 loops=1)
Merge Join  (cost=5546.43..5547.44 rows=55 width=127) (actual time=33.092..33.110 rows=29 loops=1)
Merge Join  (cost=5534.07..5539.08 rows=27 width=21) (actual time=29.746..29.855 rows=7 loops=1)
Merge Join  (cost=5546.07..5547.06 rows=54 width=127) (actual time=32.964..32.979 rows=21 loops=1)
Merge Join  (cost=5545.58..5546.57 rows=54 width=127) (actual time=32.784..32.810 rows=46 loops=1)
Merge Join  (cost=5535.09..5540.20 rows=28 width=21) (actual time=29.741..29.899 rows=26 loops=1)
Merge Join  (cost=5536.40..5541.62 rows=28 width=21) (actual time=29.769..29.935 rows=21 loops=1)
Merge Join  (cost=5544.43..5545.40 rows=53 width=127) (actual time=32.879..32.893 rows=19 loops=1)
Merge Join  (cost=5534.64..5539.69 rows=27 width=21) (actual time=29.997..30.157 rows=24 loops=1)
Merge Join  (cost=5543.87..5544.41 rows=28 width=136) (actual time=30.268..30.280 rows=13 loops=1)
Merge Join  (cost=5534.07..5539.08 rows=27 width=21) (actual time=29.805..29.932 rows=5 loops=1)
Merge Join  (cost=5535.54..5540.69 rows=28 width=21) (actual time=29.655..29.777 rows=30 loops=1)
Merge Join  (cost=5544.92..5545.45 rows=28 width=136) (actual time=30.328..30.347 rows=29 loops=1)
Merge Join  (cost=5545.04..5546.02 rows=53 width=127) (actual time=33.202..33.217 rows=18 loops=1)
Merge Join  (cost=5535.60..5540.75 rows=28 width=21) (actual time=29.923..29.937 rows=24 loops=1)
Merge Join  (cost=5535.60..5540.75 rows=28 width=21) (actual time=29.503..29.681 rows=27 loops=1)
Merge Join  (cost=5544.55..5545.08 rows=28 width=136) (actual time=30.233..30.245 rows=15 loops=1)
Merge Join  (cost=5535.54..5540.69 rows=28 width=21) (actual time=29.802..30.004 rows=1 loops=1)
Merge Join  (cost=5544.92..5545.89 rows=53 width=127) (actual time=32.995..33.018 rows=38 loops=1)
Merge Join  (cost=5545.58..5546.57 rows=54 width=127) (actual time=33.208..33.304 rows=192 loops=1)
Merge Join  (cost=5535.43..5540.57 rows=28 width=21) (actual time=29.538..29.685 rows=22 loops=1)
Merge Join  (cost=5536.17..5541.37 rows=28 width=21) (actual time=29.884..30.048 rows=5 loops=1)
Merge Join  (cost=5536.17..5541.37 rows=28 width=21) (actual time=29.871..29.997 rows=23 loops=1)
Merge Join  (cost=5545.70..5546.69 rows=54 width=127) (actual time=32.907..32.982 rows=149 loops=1)
Merge Join  (cost=5535.20..5540.32 rows=28 width=21) (actual time=29.781..29.905 rows=17 loops=1)
Merge Join  (cost=5545.77..5546.76 rows=54 width=127) (actual time=33.342..33.418 rows=150 loops=1)
Merge Join  (cost=5535.54..5540.69 rows=28 width=21) (actual time=29.796..29.840 rows=1 loops=1)
Merge Join  (cost=5535.09..5540.20 rows=28 width=21) (actual time=29.753..29.919 rows=23 loops=1)
Merge Join  (cost=5536.17..5541.37 rows=28 width=21) (actual time=29.958..30.094 rows=24 loops=1)
Merge Join  (cost=5544.92..5545.89 rows=53 width=127) (actual time=32.991..32.994 rows=1 loops=1)
Merge Join  (cost=5544.43..5545.40 rows=53 width=127) (actual time=32.988..32.995 rows=3 loops=1)
Merge Join  (cost=5536.40..5541.62 rows=28 width=21) (actual time=29.681..29.927 rows=11 loops=1)
Merge Join  (cost=5546.43..5547.44 rows=55 width=127) (actual time=32.808..32.842 rows=61 loops=1)
Merge Join  (cost=5543.75..5544.28 rows=28 width=136) (actual time=30.020..30.022 rows=1 loops=1)
Merge Join  (cost=5535.83..5541.00 rows=28 width=21) (actual time=29.960..30.114 rows=33 loops=1)
Merge Join  (cost=5536.40..5541.62 rows=28 width=21) (actual time=29.772..29.920 rows=23 loops=1)
Merge Join  (cost=5545.04..5546.02 rows=53 width=127) (actual time=33.033..33.046 rows=17 loops=1)
Merge Join  (cost=5536.17..5541.37 rows=28 width=21) (actual time=29.658..29.790 rows=31 loops=1)
Merge Join  (cost=5534.53..5539.57 rows=27 width=21) (actual time=29.776..29.924 rows=28 loops=1)
Merge Join  (cost=5534.92..5540.01 rows=28 width=21) (actual time=29.507..29.649 rows=22 loops=1)
Merge Join  (cost=5546.07..5547.06 rows=54 width=127) (actual time=32.925..32.954 rows=51 loops=1)
Merge Join  (cost=5544.92..5545.45 rows=28 width=136) (actual time=30.240..30.261 rows=21 loops=1)
Merge Join  (cost=5537.02..5542.31 rows=29 width=21) (actual time=29.823..30.008 rows=1 loops=1)
Merge Join  (cost=5545.70..5546.69 rows=54 width=127) (actual time=33.148..33.178 rows=53 loops=1)
Merge Join  (cost=5534.07..5539.08 rows=27 width=21) (actual time=29.723..29.954 rows=19 loops=1)
Merge Join  (cost=5535.09..5540.20 rows=28 width=21) (actual time=29.938..29.948 rows=18 loops=1)
Merge Join  (cost=5558.14..5561.54 rows=192 width=127) (actual time=33.727..33.821 rows=191 loops=1)
Merge Join  (cost=5543.56..5544.10 rows=28 width=136) (actual time=30.184..30.205 rows=33 loops=1)
Merge Join  (cost=5544.24..5544.78 rows=28 width=136) (actual time=29.874..29.886 rows=17 loops=1)
Merge Join  (cost=5536.17..5541.37 rows=28 width=21) (actual time=29.762..29.926 rows=30 loops=1)
Merge Join  (cost=5543.56..5544.10 rows=28 width=136) (actual time=29.986..30.006 rows=33 loops=1)
Merge Join  (cost=5535.54..5540.69 rows=28 width=21) (actual time=29.513..29.684 rows=13 loops=1)
Merge Join  (cost=5546.43..5547.44 rows=55 width=127) (actual time=33.522..33.559 rows=67 loops=1)
Merge Join  (cost=5543.21..5543.73 rows=27 width=136) (actual time=30.102..30.113 rows=9 loops=1)
Merge Join  (cost=5536.17..5541.37 rows=28 width=21) (actual time=29.888..30.026 rows=30 loops=1)
Merge Join  (cost=5544.43..5545.40 rows=53 width=127) (actual time=32.947..32.977 rows=55 loops=1)
Merge Join  (cost=5545.17..5545.70 rows=28 width=136) (actual time=30.013..30.030 rows=23 loops=1)
Merge Join  (cost=5547.05..5548.05 rows=55 width=127) (actual time=33.119..33.133 rows=17 loops=1)
Merge Join  (cost=5545.17..5545.70 rows=28 width=136) (actual time=29.961..29.970 rows=7 loops=1)
Merge Join  (cost=5536.40..5541.62 rows=28 width=403) (actual time=29.613..29.738 rows=7 loops=1)
Merge Join  (cost=5535.83..5541.00 rows=28 width=21) (actual time=29.799..29.898 rows=8 loops=1)
Merge Join  (cost=5536.40..5541.62 rows=28 width=21) (actual time=29.752..29.999 rows=4 loops=1)
Merge Join  (cost=5545.40..5546.39 rows=54 width=127) (actual time=32.465..32.473 rows=5 loops=1)
Merge Join  (cost=5544.43..5545.40 rows=53 width=127) (actual time=32.957..32.969 rows=15 loops=1)
Merge Join  (cost=5546.07..5547.06 rows=54 width=127) (actual time=32.937..32.950 rows=17 loops=1)
Merge Join  (cost=5545.04..5546.02 rows=53 width=127) (actual time=33.090..33.125 rows=60 loops=1)
Merge Join  (cost=5535.20..5540.32 rows=28 width=21) (actual time=29.909..30.034 rows=23 loops=1)
Merge Join  (cost=5544.73..5545.27 rows=28 width=136) (actual time=29.813..29.832 rows=29 loops=1)
Merge Join  (cost=5535.83..5541.00 rows=28 width=21) (actual time=30.023..30.164 rows=27 loops=1)
Merge Join  (cost=5542.60..5543.12 rows=27 width=136) (actual time=30.200..30.213 rows=15 loops=1)
Merge Join  (cost=5543.21..5543.73 rows=27 width=136) (actual time=30.120..30.137 rows=25 loops=1)
Merge Join  (cost=5536.40..5541.62 rows=28 width=21) (actual time=29.612..29.714 rows=26 loops=1)
Merge Join  (cost=5534.64..5539.69 rows=27 width=21) (actual time=30.107..30.242 rows=25 loops=1)
Merge Join  (cost=5545.04..5546.02 rows=53 width=127) (actual time=32.883..32.902 rows=29 loops=1)
Merge Join  (cost=5535.54..5540.69 rows=28 width=21) (actual time=29.802..29.975 rows=9 loops=1)
Merge Join  (cost=5535.26..5540.38 rows=28 width=21) (actual time=29.675..29.825 rows=30 loops=1)
Merge Join  (cost=5544.92..5545.45 rows=28 width=136) (actual time=30.244..30.262 rows=27 loops=1)
Merge Join  (cost=5544.30..5544.84 rows=28 width=136) (actual time=30.219..30.238 rows=27 loops=1)
Merge Join  (cost=5536.17..5541.37 rows=28 width=21) (actual time=29.725..29.834 rows=16 loops=1)
Merge Join  (cost=5535.60..5540.75 rows=28 width=21) (actual time=29.772..29.921 rows=27 loops=1)
Merge Join  (cost=5536.17..5541.37 rows=28 width=21) (actual time=29.885..29.997 rows=24 loops=1)
Merge Join  (cost=5592.26..5602.00 rows=554 width=127) (actual time=34.379..34.642 rows=559 loops=1)
Merge Join  (cost=5543.09..5543.61 rows=27 width=136) (actual time=29.985..30.003 rows=29 loops=1)
Merge Join  (cost=5536.40..5541.62 rows=28 width=21) (actual time=29.746..29.838 rows=28 loops=1)
Merge Join  (cost=5546.80..5547.81 rows=55 width=127) (actual time=33.004..33.027 rows=39 loops=1)
Merge Join  (cost=5544.92..5545.45 rows=28 width=136) (actual time=29.947..29.955 rows=5 loops=1)
Merge Join  (cost=5535.54..5540.69 rows=28 width=21) (actual time=29.795..29.933 rows=32 loops=1)
Merge Join  (cost=5545.58..5546.57 rows=54 width=127) (actual time=32.935..32.964 rows=53 loops=1)
Merge Join  (cost=5535.09..5540.20 rows=28 width=21) (actual time=29.788..29.929 rows=23 loops=1)
Merge Join  (cost=5546.80..5547.81 rows=55 width=127) (actual time=32.965..32.967 rows=1 loops=1)
Merge Join  (cost=5546.14..5547.13 rows=54 width=127) (actual time=32.974..32.977 rows=1 loops=1)
Merge Join  (cost=5535.60..5540.75 rows=28 width=403) (actual time=29.339..29.502 rows=1 loops=1)
Merge Join  (cost=5546.43..5547.44 rows=55 width=127) (actual time=32.440..32.454 rows=19 loops=1)
Merge Join  (cost=5535.83..5541.00 rows=28 width=21) (actual time=29.752..29.822 rows=35 loops=1)
Merge Join  (cost=5583.71..5592.03 rows=473 width=127) (actual time=34.264..34.493 rows=481 loops=1)
Merge Join  (cost=5535.54..5540.69 rows=28 width=21) (actual time=29.576..29.713 rows=20 loops=1)
Merge Join  (cost=5535.43..5540.57 rows=28 width=21) (actual time=29.883..29.955 rows=7 loops=1)
Merge Join  (cost=5536.00..5541.18 rows=28 width=21) (actual time=29.925..30.026 rows=7 loops=1)
Merge Join  (cost=5534.53..5539.57 rows=27 width=21) (actual time=30.004..30.144 rows=3 loops=1)
Merge Join  (cost=5545.58..5546.57 rows=54 width=127) (actual time=32.926..32.954 rows=46 loops=1)
Merge Join  (cost=5660.11..5688.60 rows=1578 width=127) (actual time=34.970..36.039 rows=1611 loops=1)
Merge Join  (cost=5535.54..5540.69 rows=28 width=21) (actual time=29.836..29.946 rows=26 loops=1)
Merge Join  (cost=5545.58..5546.57 rows=54 width=127) (actual time=33.237..33.326 rows=178 loops=1)
Merge Join  (cost=5535.20..5540.32 rows=28 width=21) (actual time=29.577..29.730 rows=14 loops=1)
Merge Join  (cost=5537.02..5542.31 rows=29 width=21) (actual time=29.768..29.872 rows=27 loops=1)
Merge Join  (cost=5536.40..5541.62 rows=28 width=21) (actual time=29.975..30.115 rows=32 loops=1)
Merge Join  (cost=5534.64..5539.69 rows=27 width=21) (actual time=29.684..29.819 rows=27 loops=1)
Merge Join  (cost=5544.30..5544.84 rows=28 width=136) (actual time=29.703..29.720 rows=27 loops=1)
Merge Join  (cost=5535.09..5540.20 rows=28 width=21) (actual time=29.857..30.048 rows=1 loops=1)
Merge Join  (cost=5546.07..5547.06 rows=54 width=127) (actual time=33.198..33.214 rows=23 loops=1)
Merge Join  (cost=5545.04..5546.02 rows=53 width=127) (actual time=33.141..33.148 rows=3 loops=1)
Merge Join  (cost=5535.60..5540.75 rows=28 width=21) (actual time=29.586..29.748 rows=11 loops=1)
Merge Join  (cost=5534.64..5539.69 rows=27 width=21) (actual time=29.464..29.647 rows=7 loops=1)
Merge Join  (cost=5545.04..5546.02 rows=53 width=127) (actual time=33.055..33.078 rows=41 loops=1)
Merge Join  (cost=5543.21..5543.73 rows=27 width=136) (actual time=29.877..29.893 rows=22 loops=1)
Merge Join  (cost=5578.08..5585.16 rows=402 width=127) (actual time=33.492..33.685 rows=406 loops=1)
Merge Join  (cost=5545.17..5545.70 rows=28 width=136) (actual time=30.019..30.034 rows=21 loops=1)
Merge Join  (cost=5544.30..5544.84 rows=28 width=136) (actual time=29.952..29.967 rows=23 loops=1)
Merge Join  (cost=5546.07..5547.06 rows=54 width=127) (actual time=33.151..33.166 rows=19 loops=1)
Merge Join  (cost=5544.24..5544.78 rows=28 width=136) (actual time=29.850..29.863 rows=19 loops=1)
Merge Join  (cost=5544.92..5545.45 rows=28 width=136) (actual time=29.826..29.846 rows=31 loops=1)
Merge Join  (cost=5536.17..5541.37 rows=28 width=403) (actual time=29.667..29.800 rows=31 loops=1)
Merge Join  (cost=5534.07..5539.08 rows=27 width=21) (actual time=30.087..30.155 rows=25 loops=1)
Merge Join  (cost=5535.20..5540.32 rows=28 width=21) (actual time=29.852..29.991 rows=19 loops=1)
Merge Join  (cost=5536.17..5541.37 rows=28 width=21) (actual time=29.608..29.769 rows=17 loops=1)
Merge Join  (cost=5545.17..5545.70 rows=28 width=136) (actual time=30.161..30.179 rows=27 loops=1)
Merge Join  (cost=5535.54..5540.69 rows=28 width=21) (actual time=29.839..30.069 rows=11 loops=1)
Merge Join  (cost=5544.24..5544.78 rows=28 width=136) (actual time=29.964..29.981 rows=25 loops=1)
Merge Join  (cost=5547.77..5548.80 rows=56 width=127) (actual time=33.094..33.139 rows=85 loops=1)
Merge Join  (cost=5537.02..5542.31 rows=29 width=403) (actual time=29.596..29.821 rows=17 loops=1)
Merge Join  (cost=5543.56..5544.10 rows=28 width=136) (actual time=30.023..30.031 rows=3 loops=1)
Merge Join  (cost=5546.07..5547.06 rows=54 width=127) (actual time=32.805..32.808 rows=1 loops=1)
Merge Join  (cost=5535.43..5540.57 rows=28 width=21) (actual time=29.631..29.784 rows=36 loops=1)
Merge Join  (cost=5536.00..5541.18 rows=28 width=21) (actual time=30.403..30.540 rows=29 loops=1)
Merge Join  (cost=5535.43..5540.57 rows=28 width=21) (actual time=30.141..30.254 rows=1 loops=1)
Merge Join  (cost=5535.09..5540.20 rows=28 width=21) (actual time=29.810..30.013 rows=29 loops=1)
Merge Join  (cost=5534.64..5539.69 rows=27 width=21) (actual time=29.608..29.736 rows=19 loops=1)
Merge Join  (cost=5535.54..5540.69 rows=28 width=21) (actual time=29.976..30.121 rows=15 loops=1)
Merge Join  (cost=5535.60..5540.75 rows=28 width=21) (actual time=29.909..30.050 rows=18 loops=1)
Merge Join  (cost=5534.64..5539.69 rows=27 width=21) (actual time=29.603..29.761 rows=11 loops=1)
Merge Join  (cost=5544.24..5544.78 rows=28 width=136) (actual time=29.739..29.746 rows=5 loops=1)
Merge Join  (cost=5546.61..5547.62 rows=55 width=127) (actual time=32.940..32.944 rows=1 loops=1)
Merge Join  (cost=5544.24..5544.78 rows=28 width=136) (actual time=30.151..30.172 rows=33 loops=1)
Merge Join  (cost=5536.17..5541.37 rows=28 width=21) (actual time=29.737..29.860 rows=24 loops=1)
Merge Join  (cost=5547.05..5548.05 rows=55 width=127) (actual time=33.017..33.030 rows=17 loops=1)
Merge Join  (cost=5545.40..5546.39 rows=54 width=127) (actual time=32.769..32.778 rows=9 loops=1)
Merge Join  (cost=5545.17..5545.70 rows=28 width=136) (actual time=30.127..30.140 rows=17 loops=1)
Merge Join  (cost=5535.60..5540.75 rows=28 width=21) (actual time=29.911..30.070 rows=21 loops=1)
Merge Join  (cost=5535.09..5540.20 rows=28 width=21) (actual time=29.740..29.873 rows=17 loops=1)
Merge Join  (cost=5535.20..5540.32 rows=28 width=21) (actual time=29.541..29.569 rows=5 loops=1)
Merge Join  (cost=5534.64..5539.69 rows=27 width=21) (actual time=29.944..30.095 rows=15 loops=1)
Merge Join  (cost=5535.26..5540.38 rows=28 width=21) (actual time=30.034..30.130 rows=8 loops=1)
Merge Join  (cost=5545.04..5546.02 rows=53 width=127) (actual time=33.961..33.968 rows=3 loops=1)
Merge Join  (cost=5534.53..5539.57 rows=27 width=21) (actual time=29.655..29.700 rows=5 loops=1)
Merge Join  (cost=5536.00..5541.18 rows=28 width=21) (actual time=29.724..29.844 rows=1 loops=1)
Merge Join  (cost=5544.73..5545.27 rows=28 width=136) (actual time=30.225..30.241 rows=23 loops=1)
Merge Join  (cost=5544.92..5545.45 rows=28 width=136) (actual time=30.063..30.070 rows=3 loops=1)
Merge Join  (cost=5544.24..5544.78 rows=28 width=136) (actual time=29.883..29.901 rows=29 loops=1)
Merge Join  (cost=5544.73..5545.27 rows=28 width=136) (actual time=30.225..30.237 rows=15 loops=1)
Merge Join  (cost=5535.54..5540.69 rows=28 width=21) (actual time=30.278..30.444 rows=22 loops=1)
Merge Join  (cost=5535.26..5540.38 rows=28 width=21) (actual time=29.847..30.010 rows=24 loops=1)
Merge Join  (cost=5535.26..5540.38 rows=28 width=21) (actual time=29.812..29.886 rows=18 loops=1)
Merge Join  (cost=5535.60..5540.75 rows=28 width=21) (actual time=29.769..29.842 rows=14 loops=1)
Merge Join  (cost=5534.64..5539.69 rows=27 width=21) (actual time=29.723..29.903 rows=9 loops=1)
Merge Join  (cost=5534.64..5539.69 rows=27 width=21) (actual time=30.201..30.258 rows=7 loops=1)
Merge Join  (cost=5544.12..5544.65 rows=28 width=136) (actual time=29.828..29.839 rows=11 loops=1)
Merge Join  (cost=5544.24..5544.78 rows=28 width=136) (actual time=30.007..30.029 rows=31 loops=1)
Merge Join  (cost=5534.53..5539.57 rows=27 width=21) (actual time=29.640..29.773 rows=21 loops=1)
Merge Join  (cost=5544.24..5544.78 rows=28 width=136) (actual time=30.152..30.165 rows=17 loops=1)
Merge Join  (cost=5546.07..5547.06 rows=54 width=127) (actual time=33.016..33.030 rows=15 loops=1)
Merge Join  (cost=5535.60..5540.75 rows=28 width=21) (actual time=29.595..29.814 rows=3 loops=1)
Merge Join  (cost=5546.80..5547.81 rows=55 width=127) (actual time=32.940..32.954 rows=19 loops=1)
Merge Join  (cost=5546.61..5547.62 rows=55 width=127) (actual time=33.129..33.151 rows=37 loops=1)
Merge Join  (cost=5536.17..5541.37 rows=28 width=21) (actual time=29.654..29.682 rows=34 loops=1)
Merge Join  (cost=5544.92..5545.89 rows=53 width=127) (actual time=33.106..33.123 rows=24 loops=1)
Merge Join  (cost=5535.20..5540.32 rows=28 width=21) (actual time=29.702..29.870 rows=26 loops=1)
Merge Join  (cost=5537.02..5542.31 rows=29 width=21) (actual time=29.847..29.933 rows=28 loops=1)
Merge Join  (cost=5534.53..5539.57 rows=27 width=21) (actual time=29.835..29.895 rows=24 loops=1)
Merge Join  (cost=5537.02..5542.31 rows=29 width=21) (actual time=29.837..29.965 rows=26 loops=1)
Merge Join  (cost=5535.54..5540.69 rows=28 width=21) (actual time=29.815..29.932 rows=6 loops=1)
Merge Join  (cost=5545.89..5546.44 rows=29 width=136) (actual time=30.015..30.025 rows=7 loops=1)
Merge Join  (cost=5536.17..5541.37 rows=28 width=21) (actual time=29.482..29.728 rows=7 loops=1)
Merge Join  (cost=5535.43..5540.57 rows=28 width=21) (actual time=29.932..30.062 rows=3 loops=1)
Merge Join  (cost=5534.64..5539.69 rows=27 width=21) (actual time=29.993..30.105 rows=28 loops=1)
Merge Join  (cost=5542.60..5543.12 rows=27 width=136) (actual time=29.880..29.896 rows=21 loops=1)
Merge Join  (cost=5534.53..5539.57 rows=27 width=21) (actual time=29.530..29.634 rows=16 loops=1)
Merge Join  (cost=5544.24..5544.78 rows=28 width=136) (actual time=29.999..30.017 rows=29 loops=1)
Merge Join  (cost=5535.83..5541.00 rows=28 width=21) (actual time=29.996..30.155 rows=26 loops=1)
Merge Join  (cost=5535.54..5540.69 rows=28 width=21) (actual time=29.788..29.941 rows=29 loops=1)
Merge Join  (cost=5535.83..5541.00 rows=28 width=21) (actual time=29.702..29.833 rows=11 loops=1)
Merge Join  (cost=5544.30..5544.84 rows=28 width=136) (actual time=30.078..30.094 rows=21 loops=1)
Merge Join  (cost=5536.00..5541.18 rows=28 width=21) (actual time=29.917..30.071 rows=16 loops=1)
Merge Join  (cost=5559.93..5563.79 rows=218 width=127) (actual time=33.328..33.425 rows=201 loops=1)
Merge Join  (cost=5543.09..5543.61 rows=27 width=136) (actual time=29.796..29.810 rows=19 loops=1)
Merge Join  (cost=5535.54..5540.69 rows=28 width=21) (actual time=29.948..30.099 rows=15 loops=1)
Merge Join  (cost=5545.89..5546.44 rows=29 width=136) (actual time=30.505..30.524 rows=31 loops=1)
Merge Join  (cost=5536.17..5541.37 rows=28 width=21) (actual time=29.886..29.947 rows=26 loops=1)
Merge Join  (cost=5546.80..5547.81 rows=55 width=127) (actual time=32.692..32.713 rows=35 loops=1)
Merge Join  (cost=5535.54..5540.69 rows=28 width=21) (actual time=29.698..29.837 rows=7 loops=1)
Merge Join  (cost=5534.64..5539.69 rows=27 width=21) (actual time=29.769..29.952 rows=11 loops=1)
Merge Join  (cost=5544.43..5545.40 rows=53 width=127) (actual time=32.643..32.665 rows=36 loops=1)
Merge Join  (cost=5535.83..5541.00 rows=28 width=21) (actual time=29.613..29.735 rows=18 loops=1)
Merge Join  (cost=5545.04..5546.02 rows=53 width=127) (actual time=33.309..33.325 rows=19 loops=1)
Merge Join  (cost=5536.40..5541.62 rows=28 width=21) (actual time=29.568..29.650 rows=29 loops=1)
Merge Join  (cost=5546.80..5547.81 rows=55 width=127) (actual time=32.852..32.887 rows=61 loops=1)
Merge Join  (cost=5536.17..5541.37 rows=28 width=403) (actual time=29.525..29.659 rows=25 loops=1)
Merge Join  (cost=5544.73..5545.27 rows=28 width=136) (actual time=30.110..30.112 rows=1 loops=1)
Merge Join  (cost=5536.17..5541.37 rows=28 width=21) (actual time=29.942..30.088 rows=14 loops=1)
Merge Join  (cost=5544.92..5545.45 rows=28 width=136) (actual time=29.969..29.981 rows=13 loops=1)
Merge Join  (cost=5545.95..5546.94 rows=54 width=127) (actual time=33.040..33.053 rows=17 loops=1)
Merge Join  (cost=5535.60..5540.75 rows=28 width=21) (actual time=29.997..30.139 rows=32 loops=1)
Merge Join  (cost=5545.58..5546.57 rows=54 width=127) (actual time=32.893..32.907 rows=19 loops=1)
Merge Join  (cost=5546.80..5547.81 rows=55 width=127) (actual time=33.060..33.074 rows=19 loops=1)
Merge Join  (cost=5536.17..5541.37 rows=28 width=403) (actual time=29.643..29.789 rows=19 loops=1)
Merge Join  (cost=5545.17..5545.70 rows=28 width=136) (actual time=30.212..30.228 rows=23 loops=1)
Merge Join  (cost=5535.26..5540.38 rows=28 width=21) (actual time=29.873..30.143 rows=26 loops=1)
Merge Join  (cost=5535.60..5540.75 rows=28 width=21) (actual time=29.952..30.060 rows=3 loops=1)
Merge Join  (cost=5535.83..5541.00 rows=28 width=21) (actual time=29.595..29.742 rows=30 loops=1)
Merge Join  (cost=5555.50..5558.69 rows=180 width=127) (actual time=33.778..33.880 rows=216 loops=1)
Merge Join  (cost=5545.17..5545.70 rows=28 width=136) (actual time=30.093..30.104 rows=9 loops=1)
Merge Join  (cost=5534.53..5539.57 rows=27 width=403) (actual time=29.773..29.971 rows=27 loops=1)
Merge Join  (cost=5535.09..5540.20 rows=28 width=21) (actual time=29.627..29.738 rows=22 loops=1)
Merge Join  (cost=5535.20..5540.32 rows=28 width=21) (actual time=29.715..29.893 rows=5 loops=1)
Merge Join  (cost=5545.77..5546.76 rows=54 width=127) (actual time=33.143..33.146 rows=1 loops=1)
Merge Join  (cost=5534.07..5539.08 rows=27 width=21) (actual time=29.692..29.774 rows=21 loops=1)
Merge Join  (cost=5535.09..5540.20 rows=28 width=21) (actual time=29.624..29.752 rows=9 loops=1)
Merge Join  (cost=5560.48..5564.19 rows=209 width=127) (actual time=33.604..33.693 rows=189 loops=1)
Merge Join  (cost=5535.54..5540.69 rows=28 width=21) (actual time=29.889..30.030 rows=7 loops=1)
Merge Join  (cost=5535.54..5540.69 rows=28 width=21) (actual time=29.758..29.903 rows=22 loops=1)
Merge Join  (cost=5536.17..5541.37 rows=28 width=21) (actual time=29.682..29.770 rows=18 loops=1)
Merge Join  (cost=5649.86..5675.34 rows=1390 width=127) (actual time=34.781..35.887 rows=1483 loops=1)
Merge Join  (cost=5535.20..5540.32 rows=28 width=21) (actual time=29.901..29.998 rows=28 loops=1)
Merge Join  (cost=5544.43..5545.40 rows=53 width=127) (actual time=32.998..33.011 rows=13 loops=1)
Merge Join  (cost=5534.64..5539.69 rows=27 width=21) (actual time=29.545..29.664 rows=22 loops=1)
Merge Join  (cost=5542.60..5543.12 rows=27 width=136) (actual time=29.973..29.993 rows=32 loops=1)
Merge Join  (cost=5536.40..5541.62 rows=28 width=21) (actual time=29.585..29.825 rows=19 loops=1)
Merge Join  (cost=5546.61..5547.62 rows=55 width=127) (actual time=32.919..32.991 rows=150 loops=1)
Merge Join  (cost=5534.64..5539.69 rows=27 width=21) (actual time=29.883..29.992 rows=13 loops=1)
Merge Join  (cost=5546.07..5547.06 rows=54 width=127) (actual time=33.443..33.482 rows=69 loops=1)
Merge Join  (cost=5535.54..5540.69 rows=28 width=403) (actual time=29.778..30.056 rows=27 loops=1)
Merge Join  (cost=5536.17..5541.37 rows=28 width=21) (actual time=30.036..30.181 rows=15 loops=1)
Merge Join  (cost=5544.43..5545.40 rows=53 width=127) (actual time=32.549..32.555 rows=2 loops=1)
Merge Join  (cost=5534.07..5539.08 rows=27 width=403) (actual time=29.981..30.157 rows=35 loops=1)
Merge Join  (cost=5544.92..5545.45 rows=28 width=136) (actual time=30.249..30.266 rows=23 loops=1)
Merge Join  (cost=5536.17..5541.37 rows=28 width=403) (actual time=29.728..29.941 rows=23 loops=1)
Merge Join  (cost=5534.64..5539.69 rows=27 width=21) (actual time=29.692..29.819 rows=10 loops=1)
Merge Join  (cost=5535.09..5540.20 rows=28 width=21) (actual time=29.929..30.092 rows=14 loops=1)
Merge Join  (cost=5534.92..5540.01 rows=28 width=21) (actual time=29.920..30.075 rows=7 loops=1)
Merge Join  (cost=5545.17..5545.70 rows=28 width=136) (actual time=30.039..30.053 rows=19 loops=1)
Merge Join  (cost=5543.93..5544.47 rows=28 width=136) (actual time=29.861..29.881 rows=32 loops=1)
Merge Join  (cost=5535.54..5540.69 rows=28 width=21) (actual time=29.863..30.014 rows=27 loops=1)
Merge Join  (cost=5536.17..5541.37 rows=28 width=21) (actual time=29.966..30.086 rows=30 loops=1)
Merge Join  (cost=5543.93..5544.47 rows=28 width=136) (actual time=30.465..30.473 rows=5 loops=1)
Merge Join  (cost=5535.26..5540.38 rows=28 width=21) (actual time=29.549..29.683 rows=30 loops=1)
Merge Join  (cost=5545.40..5546.39 rows=54 width=127) (actual time=32.864..32.913 rows=78 loops=1)
Merge Join  (cost=5545.95..5546.94 rows=54 width=127) (actual time=33.662..33.746 rows=171 loops=1)
Merge Join  (cost=5535.43..5540.57 rows=28 width=21) (actual time=29.825..29.964 rows=15 loops=1)
Merge Join  (cost=5544.24..5544.78 rows=28 width=136) (actual time=29.846..29.861 rows=21 loops=1)
Merge Join  (cost=5535.83..5541.00 rows=28 width=21) (actual time=29.851..29.987 rows=5 loops=1)
Merge Join  (cost=5543.56..5544.10 rows=28 width=136) (actual time=29.917..29.933 rows=25 loops=1)
Merge Join  (cost=5535.20..5540.32 rows=28 width=21) (actual time=30.006..30.200 rows=3 loops=1)
Merge Join  (cost=5544.73..5545.27 rows=28 width=136) (actual time=30.052..30.069 rows=27 loops=1)
Merge Join  (cost=5545.77..5546.76 rows=54 width=127) (actual time=32.874..32.884 rows=5 loops=1)
Merge Join  (cost=5534.53..5539.57 rows=27 width=21) (actual time=29.834..29.975 rows=27 loops=1)
Merge Join  (cost=5535.09..5540.20 rows=28 width=21) (actual time=29.805..30.027 rows=1 loops=1)
Merge Join  (cost=5535.60..5540.75 rows=28 width=21) (actual time=29.625..29.756 rows=9 loops=1)
Merge Join  (cost=5536.40..5541.62 rows=28 width=21) (actual time=30.064..30.126 rows=28 loops=1)
Merge Join  (cost=5535.54..5540.69 rows=28 width=21) (actual time=29.892..30.049 rows=22 loops=1)
Merge Join  (cost=5544.43..5545.40 rows=53 width=127) (actual time=32.902..32.909 rows=3 loops=1)
Merge Join  (cost=5543.21..5543.73 rows=27 width=136) (actual time=29.788..29.803 rows=20 loops=1)
Merge Join  (cost=5544.92..5545.89 rows=53 width=127) (actual time=33.676..33.691 rows=18 loops=1)
Merge Join  (cost=5546.14..5547.13 rows=54 width=127) (actual time=33.123..33.131 rows=5 loops=1)
Merge Join  (cost=5534.92..5540.01 rows=28 width=21) (actual time=29.714..29.920 rows=7 loops=1)
Merge Join  (cost=5536.00..5541.18 rows=28 width=21) (actual time=29.512..29.729 rows=9 loops=1)
Merge Join  (cost=5544.92..5545.89 rows=53 width=127) (actual time=33.127..33.142 rows=23 loops=1)
Merge Join  (cost=5544.73..5545.27 rows=28 width=136) (actual time=30.001..30.008 rows=3 loops=1)
Merge Join  (cost=5545.04..5546.02 rows=53 width=127) (actual time=33.025..33.039 rows=17 loops=1)
Merge Join  (cost=5536.17..5541.37 rows=28 width=21) (actual time=29.591..29.740 rows=30 loops=1)
Merge Join  (cost=5544.92..5545.45 rows=28 width=136) (actual time=30.088..30.102 rows=15 loops=1)
Merge Join  (cost=5535.26..5540.38 rows=28 width=21) (actual time=29.804..29.846 rows=30 loops=1)
Merge Join  (cost=5544.92..5545.45 rows=28 width=136) (actual time=30.038..30.057 rows=29 loops=1)
Merge Join  (cost=5545.40..5546.39 rows=54 width=127) (actual time=32.754..32.757 rows=1 loops=1)
Merge Join  (cost=5534.92..5540.01 rows=28 width=403) (actual time=29.631..29.729 rows=1 loops=1)
Merge Join  (cost=5534.53..5539.57 rows=27 width=21) (actual time=29.663..29.814 rows=18 loops=1)
Merge Join  (cost=5546.43..5547.44 rows=55 width=127) (actual time=33.148..33.187 rows=71 loops=1)
Merge Join  (cost=5535.26..5540.38 rows=28 width=21) (actual time=29.521..29.678 rows=21 loops=1)
Merge Join  (cost=5535.83..5541.00 rows=28 width=21) (actual time=29.946..30.075 rows=19 loops=1)
Merge Join  (cost=5535.54..5540.69 rows=28 width=21) (actual time=29.711..29.788 rows=27 loops=1)
Merge Join  (cost=5537.02..5542.31 rows=29 width=21) (actual time=29.984..30.137 rows=26 loops=1)
Merge Join  (cost=5534.92..5540.01 rows=28 width=21) (actual time=29.642..29.730 rows=27 loops=1)
Merge Join  (cost=5535.09..5540.20 rows=28 width=21) (actual time=29.778..29.897 rows=26 loops=1)
Merge Join  (cost=5547.05..5548.05 rows=55 width=127) (actual time=33.064..33.071 rows=3 loops=1)
Merge Join  (cost=5535.60..5540.75 rows=28 width=21) (actual time=29.925..30.051 rows=25 loops=1)
Merge Join  (cost=5546.61..5547.62 rows=55 width=127) (actual time=32.732..32.749 rows=24 loops=1)
Merge Join  (cost=5545.77..5546.76 rows=54 width=127) (actual time=32.959..32.972 rows=14 loops=1)
Merge Join  (cost=5545.77..5546.76 rows=54 width=127) (actual time=32.806..32.808 rows=1 loops=1)
Merge Join  (cost=5543.75..5544.28 rows=28 width=136) (actual time=30.412..30.423 rows=7 loops=1)
Merge Join  (cost=5535.83..5541.00 rows=28 width=21) (actual time=29.603..29.770 rows=17 loops=1)
Merge Join  (cost=5544.30..5544.84 rows=28 width=136) (actual time=30.078..30.093 rows=19 loops=1)
Merge Join  (cost=5545.17..5545.70 rows=28 width=136) (actual time=29.829..29.846 rows=27 loops=1)
Merge Join  (cost=5546.07..5547.06 rows=54 width=127) (actual time=33.128..33.151 rows=37 loops=1)
Merge Join  (cost=5544.43..5545.40 rows=53 width=127) (actual time=32.775..32.810 rows=66 loops=1)
Merge Join  (cost=5544.92..5545.45 rows=28 width=136) (actual time=29.990..30.002 rows=13 loops=1)
Merge Join  (cost=5547.05..5548.05 rows=55 width=127) (actual time=33.041..33.082 rows=74 loops=1)
Merge Join  (cost=5535.26..5540.38 rows=28 width=21) (actual time=29.739..29.899 rows=34 loops=1)
Merge Join  (cost=5558.13..5561.81 rows=208 width=127) (actual time=33.359..33.449 rows=189 loops=1)
Merge Join  (cost=5534.53..5539.57 rows=27 width=21) (actual time=29.689..29.879 rows=3 loops=1)
Merge Join  (cost=5536.17..5541.37 rows=28 width=21) (actual time=29.621..29.722 rows=24 loops=1)
Merge Join  (cost=5546.80..5547.81 rows=55 width=127) (actual time=32.756..32.795 rows=74 loops=1)
Merge Join  (cost=5535.60..5540.75 rows=28 width=21) (actual time=29.593..29.780 rows=5 loops=1)
Merge Join  (cost=5536.17..5541.37 rows=28 width=21) (actual time=29.960..30.123 rows=19 loops=1)
Merge Join  (cost=5543.75..5544.28 rows=28 width=136) (actual time=29.946..29.961 rows=21 loops=1)
Merge Join  (cost=5545.70..5546.69 rows=54 width=127) (actual time=33.001..33.040 rows=77 loops=1)
Merge Join  (cost=5544.24..5544.78 rows=28 width=136) (actual time=30.146..30.157 rows=9 loops=1)
Merge Join  (cost=5543.09..5543.61 rows=27 width=136) (actual time=30.060..30.073 rows=17 loops=1)
Merge Join  (cost=5546.80..5547.81 rows=55 width=127) (actual time=33.183..33.197 rows=17 loops=1)
Merge Join  (cost=5536.40..5541.62 rows=28 width=21) (actual time=29.733..29.876 rows=28 loops=1)
Merge Join  (cost=5536.00..5541.18 rows=28 width=21) (actual time=29.599..29.645 rows=24 loops=1)
Merge Join  (cost=5534.64..5539.69 rows=27 width=21) (actual time=29.910..30.046 rows=16 loops=1)
Merge Join  (cost=5544.73..5545.27 rows=28 width=136) (actual time=29.916..29.929 rows=17 loops=1)
Merge Join  (cost=5546.61..5547.62 rows=55 width=127) (actual time=33.244..33.261 rows=27 loops=1)
Merge Join  (cost=5536.40..5541.62 rows=28 width=21) (actual time=29.489..29.643 rows=34 loops=1)
Merge Join  (cost=5534.64..5539.69 rows=27 width=21) (actual time=29.886..30.027 rows=18 loops=1)
Merge Join  (cost=5544.92..5545.45 rows=28 width=136) (actual time=30.106..30.116 rows=9 loops=1)
Merge Join  (cost=5546.80..5547.81 rows=55 width=127) (actual time=32.793..32.806 rows=17 loops=1)
Merge Join  (cost=5535.54..5540.69 rows=28 width=21) (actual time=29.556..29.678 rows=21 loops=1)
Merge Join  (cost=5543.21..5543.73 rows=27 width=136) (actual time=30.317..30.335 rows=28 loops=1)
Merge Join  (cost=5544.30..5544.84 rows=28 width=136) (actual time=30.115..30.124 rows=9 loops=1)
Merge Join  (cost=5535.54..5540.69 rows=28 width=21) (actual time=29.740..29.865 rows=18 loops=1)
Merge Join  (cost=5535.09..5540.20 rows=28 width=21) (actual time=29.581..29.758 rows=3 loops=1)
Merge Join  (cost=5535.43..5540.57 rows=28 width=21) (actual time=30.101..30.245 rows=26 loops=1)
Merge Join  (cost=5545.58..5546.57 rows=54 width=127) (actual time=33.083..33.086 rows=1 loops=1)
Merge Join  (cost=5535.09..5540.20 rows=28 width=403) (actual time=29.625..29.768 rows=1 loops=1)
Merge Join  (cost=5545.58..5546.57 rows=54 width=127) (actual time=33.297..33.342 rows=86 loops=1)
Merge Join  (cost=5545.58..5546.57 rows=54 width=127) (actual time=33.215..33.222 rows=3 loops=1)
Merge Join  (cost=5535.54..5540.69 rows=28 width=21) (actual time=29.776..29.817 rows=19 loops=1)
Merge Join  (cost=5534.64..5539.69 rows=27 width=21) (actual time=29.792..29.924 rows=21 loops=1)
Merge Join  (cost=5535.83..5541.00 rows=28 width=21) (actual time=29.623..29.714 rows=20 loops=1)
Merge Join  (cost=5544.73..5545.27 rows=28 width=136) (actual time=30.423..30.440 rows=19 loops=1)
Merge Join  (cost=5535.60..5540.75 rows=28 width=21) (actual time=29.867..30.088 rows=5 loops=1)
Merge Join  (cost=5545.04..5546.02 rows=53 width=127) (actual time=32.842..32.851 rows=5 loops=1)
Merge Join  (cost=5544.92..5545.89 rows=53 width=127) (actual time=32.974..32.986 rows=15 loops=1)
Merge Join  (cost=5543.75..5544.28 rows=28 width=136) (actual time=30.364..30.374 rows=9 loops=1)
Merge Join  (cost=5535.09..5540.20 rows=28 width=403) (actual time=29.723..29.860 rows=9 loops=1)
Merge Join  (cost=5545.17..5545.70 rows=28 width=136) (actual time=30.221..30.240 rows=29 loops=1)
Merge Join  (cost=5537.02..5542.31 rows=29 width=21) (actual time=29.482..29.657 rows=3 loops=1)
Merge Join  (cost=5543.21..5543.73 rows=27 width=136) (actual time=30.040..30.048 rows=5 loops=1)
Merge Join  (cost=5534.53..5539.57 rows=27 width=21) (actual time=29.903..30.051 rows=19 loops=1)
Merge Join  (cost=5543.75..5544.28 rows=28 width=136) (actual time=29.768..29.777 rows=7 loops=1)
Merge Join  (cost=5535.09..5540.20 rows=28 width=403) (actual time=29.583..29.700 rows=7 loops=1)
Merge Join  (cost=5545.04..5546.02 rows=53 width=127) (actual time=33.103..33.115 rows=13 loops=1)
Merge Join  (cost=5544.92..5545.45 rows=28 width=136) (actual time=30.227..30.242 rows=17 loops=1)
Merge Join  (cost=5534.64..5539.69 rows=27 width=21) (actual time=29.593..29.806 rows=22 loops=1)
Merge Join  (cost=5545.77..5546.76 rows=54 width=127) (actual time=32.911..32.923 rows=15 loops=1)
Merge Join  (cost=5536.17..5541.37 rows=28 width=21) (actual time=29.885..30.025 rows=18 loops=1)
Merge Join  (cost=5535.54..5540.69 rows=28 width=21) (actual time=29.892..30.039 rows=21 loops=1)
Merge Join  (cost=5535.09..5540.20 rows=28 width=21) (actual time=29.623..29.771 rows=13 loops=1)
Merge Join  (cost=5536.17..5541.37 rows=28 width=21) (actual time=29.613..29.729 rows=34 loops=1)
Merge Join  (cost=5545.40..5546.39 rows=54 width=127) (actual time=32.850..32.852 rows=1 loops=1)
Merge Join  (cost=5534.64..5539.69 rows=27 width=21) (actual time=29.954..30.183 rows=27 loops=1)
Merge Join  (cost=5536.17..5541.37 rows=28 width=21) (actual time=29.712..29.809 rows=8 loops=1)
Merge Join  (cost=5535.54..5540.69 rows=28 width=21) (actual time=29.529..29.678 rows=32 loops=1)
Merge Join  (cost=5544.24..5544.78 rows=28 width=136) (actual time=30.071..30.089 rows=25 loops=1)
Merge Join  (cost=5535.09..5540.20 rows=28 width=21) (actual time=29.657..29.849 rows=1 loops=1)
Merge Join  (cost=5535.20..5540.32 rows=28 width=21) (actual time=29.786..29.924 rows=34 loops=1)
Merge Join  (cost=5546.61..5547.62 rows=55 width=127) (actual time=32.933..32.942 rows=7 loops=1)
Merge Join  (cost=5536.17..5541.37 rows=28 width=21) (actual time=29.662..29.819 rows=28 loops=1)
Merge Join  (cost=5544.43..5545.40 rows=53 width=127) (actual time=32.855..32.871 rows=23 loops=1)
Merge Join  (cost=5546.43..5547.44 rows=55 width=127) (actual time=33.637..33.731 rows=193 loops=1)
Merge Join  (cost=5546.80..5547.81 rows=55 width=127) (actual time=33.340..33.387 rows=91 loops=1)
Merge Join  (cost=5536.17..5541.37 rows=28 width=403) (actual time=29.663..29.760 rows=29 loops=1)
Merge Join  (cost=5534.64..5539.69 rows=27 width=21) (actual time=29.806..29.947 rows=1 loops=1)
Merge Join  (cost=5543.09..5543.61 rows=27 width=136) (actual time=30.013..30.022 rows=7 loops=1)
Merge Join  (cost=5535.60..5540.75 rows=28 width=21) (actual time=29.828..29.984 rows=22 loops=1)
Merge Join  (cost=5535.26..5540.38 rows=28 width=21) (actual time=29.620..29.773 rows=12 loops=1)
Merge Join  (cost=5547.05..5548.05 rows=55 width=127) (actual time=33.577..33.627 rows=92 loops=1)
Merge Join  (cost=5535.60..5540.75 rows=28 width=21) (actual time=29.680..29.803 rows=36 loops=1)
Merge Join  (cost=5535.09..5540.20 rows=28 width=21) (actual time=29.727..29.876 rows=34 loops=1)
Merge Join  (cost=5546.14..5547.13 rows=54 width=127) (actual time=32.732..32.734 rows=1 loops=1)
Merge Join  (cost=5544.92..5545.45 rows=28 width=136) (actual time=30.108..30.121 rows=15 loops=1)
Merge Join  (cost=5535.20..5540.32 rows=28 width=21) (actual time=30.265..30.424 rows=34 loops=1)
Merge Join  (cost=5536.17..5541.37 rows=28 width=21) (actual time=29.623..29.840 rows=9 loops=1)
Merge Join  (cost=5536.17..5541.37 rows=28 width=21) (actual time=29.452..29.592 rows=7 loops=1)
Merge Join  (cost=5534.92..5540.01 rows=28 width=21) (actual time=29.909..30.035 rows=18 loops=1)
Merge Join  (cost=5536.17..5541.37 rows=28 width=21) (actual time=29.765..29.916 rows=25 loops=1)
Merge Join  (cost=5535.43..5540.57 rows=28 width=21) (actual time=29.899..30.047 rows=18 loops=1)
Merge Join  (cost=5536.17..5541.37 rows=28 width=21) (actual time=29.980..30.148 rows=24 loops=1)
Merge Join  (cost=5536.00..5541.18 rows=28 width=21) (actual time=29.867..30.029 rows=23 loops=1)
Merge Join  (cost=5535.26..5540.38 rows=28 width=21) (actual time=29.848..29.984 rows=7 loops=1)
Merge Join  (cost=5543.09..5543.61 rows=27 width=136) (actual time=30.104..30.113 rows=8 loops=1)
Merge Join  (cost=5546.80..5547.81 rows=55 width=127) (actual time=32.999..33.032 rows=63 loops=1)
Merge Join  (cost=5543.21..5543.73 rows=27 width=136) (actual time=30.110..30.119 rows=9 loops=1)
Merge Join  (cost=5536.40..5541.62 rows=28 width=21) (actual time=30.038..30.217 rows=7 loops=1)
Merge Join  (cost=5544.92..5545.45 rows=28 width=136) (actual time=30.043..30.054 rows=13 loops=1)
Merge Join  (cost=5534.64..5539.69 rows=27 width=21) (actual time=29.780..29.892 rows=5 loops=1)
Merge Join  (cost=5543.09..5543.61 rows=27 width=136) (actual time=30.005..30.019 rows=19 loops=1)
Merge Join  (cost=5546.14..5547.13 rows=54 width=127) (actual time=33.117..33.150 rows=56 loops=1)
Merge Join  (cost=5546.07..5547.06 rows=54 width=127) (actual time=33.126..33.139 rows=17 loops=1)
Merge Join  (cost=5535.54..5540.69 rows=28 width=21) (actual time=29.696..29.860 rows=29 loops=1)
Merge Join  (cost=5537.02..5542.31 rows=29 width=21) (actual time=29.792..29.922 rows=4 loops=1)
Merge Join  (cost=5545.95..5546.94 rows=54 width=127) (actual time=33.444..33.528 rows=165 loops=1)
Merge Join  (cost=5536.40..5541.62 rows=28 width=21) (actual time=32.024..32.193 rows=15 loops=1)
Merge Join  (cost=5544.24..5544.78 rows=28 width=136) (actual time=29.802..29.811 rows=9 loops=1)
Merge Join  (cost=5544.92..5545.45 rows=28 width=136) (actual time=29.935..29.944 rows=9 loops=1)
Merge Join  (cost=5546.43..5547.44 rows=55 width=127) (actual time=33.067..33.076 rows=7 loops=1)
Merge Join  (cost=5545.04..5546.02 rows=53 width=127) (actual time=33.208..33.266 rows=117 loops=1)
Merge Join  (cost=5535.83..5541.00 rows=28 width=21) (actual time=29.504..29.655 rows=7 loops=1)
Merge Join  (cost=5534.92..5540.01 rows=28 width=21) (actual time=29.855..29.970 rows=17 loops=1)
Merge Join  (cost=5544.73..5545.27 rows=28 width=136) (actual time=30.100..30.118 rows=29 loops=1)
Merge Join  (cost=5546.80..5547.81 rows=55 width=127) (actual time=33.022..33.065 rows=78 loops=1)
Merge Join  (cost=5536.17..5541.37 rows=28 width=21) (actual time=29.764..29.981 rows=25 loops=1)
Merge Join  (cost=5546.80..5547.81 rows=55 width=127) (actual time=33.063..33.070 rows=3 loops=1)
Merge Join  (cost=5546.80..5547.81 rows=55 width=127) (actual time=32.929..32.952 rows=38 loops=1)
Merge Join  (cost=5542.60..5543.12 rows=27 width=136) (actual time=30.311..30.314 rows=1 loops=1)
Merge Join  (cost=5534.07..5539.08 rows=27 width=403) (actual time=29.482..29.670 rows=1 loops=1)
Merge Join  (cost=5535.09..5540.20 rows=28 width=21) (actual time=29.737..29.899 rows=27 loops=1)
Merge Join  (cost=5536.40..5541.62 rows=28 width=21) (actual time=30.222..30.377 rows=25 loops=1)
Merge Join  (cost=5545.04..5546.02 rows=53 width=127) (actual time=33.115..33.144 rows=51 loops=1)
Merge Join  (cost=5535.54..5540.69 rows=28 width=21) (actual time=29.350..29.527 rows=3 loops=1)
Merge Join  (cost=5535.43..5540.57 rows=28 width=21) (actual time=29.695..29.816 rows=12 loops=1)
Merge Join  (cost=5535.83..5541.00 rows=28 width=21) (actual time=29.823..29.928 rows=20 loops=1)
Merge Join  (cost=5546.14..5547.13 rows=54 width=127) (actual time=33.380..33.396 rows=19 loops=1)
Merge Join  (cost=5535.54..5540.69 rows=28 width=21) (actual time=29.674..29.831 rows=19 loops=1)
Merge Join  (cost=5544.92..5545.45 rows=28 width=136) (actual time=29.910..29.926 rows=21 loops=1)
Merge Join  (cost=5544.73..5545.27 rows=28 width=136) (actual time=30.247..30.261 rows=15 loops=1)
Merge Join  (cost=5545.77..5546.76 rows=54 width=127) (actual time=32.840..32.851 rows=11 loops=1)
Merge Join  (cost=5535.26..5540.38 rows=28 width=21) (actual time=29.599..29.730 rows=26 loops=1)
Merge Join  (cost=5536.40..5541.62 rows=28 width=21) (actual time=29.909..30.009 rows=36 loops=1)
Merge Join  (cost=5544.92..5545.89 rows=53 width=127) (actual time=33.266..33.290 rows=34 loops=1)
Merge Join  (cost=5544.24..5544.78 rows=28 width=136) (actual time=30.168..30.185 rows=27 loops=1)
Merge Join  (cost=5544.92..5545.45 rows=28 width=136) (actual time=29.871..29.881 rows=9 loops=1)
Merge Join  (cost=5536.17..5541.37 rows=28 width=403) (actual time=29.823..30.035 rows=9 loops=1)
Merge Join  (cost=5544.24..5544.78 rows=28 width=136) (actual time=30.111..30.129 rows=27 loops=1)
Merge Join  (cost=5535.20..5540.32 rows=28 width=21) (actual time=29.951..30.100 rows=29 loops=1)
Merge Join  (cost=5546.80..5547.81 rows=55 width=127) (actual time=33.228..33.263 rows=62 loops=1)
Merge Join  (cost=5536.00..5541.18 rows=28 width=21) (actual time=29.775..29.912 rows=7 loops=1)
Merge Join  (cost=5535.20..5540.32 rows=28 width=21) (actual time=29.955..30.125 rows=3 loops=1)
Merge Join  (cost=5535.83..5541.00 rows=28 width=21) (actual time=29.949..30.065 rows=9 loops=1)
Merge Join  (cost=5547.77..5548.80 rows=56 width=127) (actual time=33.257..33.279 rows=37 loops=1)
Merge Join  (cost=5544.30..5544.84 rows=28 width=136) (actual time=30.078..30.097 rows=31 loops=1)
Merge Join  (cost=5536.40..5541.62 rows=28 width=21) (actual time=29.726..29.893 rows=3 loops=1)
Merge Join  (cost=5543.21..5543.73 rows=27 width=136) (actual time=30.070..30.078 rows=5 loops=1)
Merge Join  (cost=5546.43..5547.44 rows=55 width=127) (actual time=32.404..32.407 rows=1 loops=1)
Merge Join  (cost=5535.60..5540.75 rows=28 width=21) (actual time=29.953..30.094 rows=27 loops=1)
Merge Join  (cost=5536.00..5541.18 rows=28 width=21) (actual time=29.776..29.921 rows=6 loops=1)
Merge Join  (cost=5535.54..5540.69 rows=28 width=21) (actual time=29.846..29.980 rows=30 loops=1)
Merge Join  (cost=5547.77..5548.80 rows=56 width=127) (actual time=33.398..33.420 rows=35 loops=1)
Merge Join  (cost=5537.02..5542.31 rows=29 width=403) (actual time=29.740..29.899 rows=25 loops=1)
Merge Join  (cost=5547.77..5548.80 rows=56 width=127) (actual time=33.139..33.157 rows=27 loops=1)
Merge Join  (cost=5536.40..5541.62 rows=28 width=21) (actual time=29.673..29.819 rows=26 loops=1)
Merge Join  (cost=5535.54..5540.69 rows=28 width=21) (actual time=29.638..29.783 rows=15 loops=1)
Merge Join  (cost=5545.95..5546.94 rows=54 width=127) (actual time=33.058..33.071 rows=15 loops=1)
Merge Join  (cost=5583.51..5591.66 rows=463 width=127) (actual time=34.438..34.684 rows=505 loops=1)
Merge Join  (cost=5534.53..5539.57 rows=27 width=21) (actual time=29.561..29.730 rows=29 loops=1)
Merge Join  (cost=5544.73..5545.27 rows=28 width=136) (actual time=29.758..29.774 rows=23 loops=1)
Merge Join  (cost=5534.64..5539.69 rows=27 width=21) (actual time=29.749..29.833 rows=22 loops=1)
Merge Join  (cost=5544.24..5544.78 rows=28 width=136) (actual time=30.125..30.137 rows=13 loops=1)
Merge Join  (cost=5546.07..5547.06 rows=54 width=127) (actual time=33.421..33.503 rows=156 loops=1)
Merge Join  (cost=5543.75..5544.28 rows=28 width=136) (actual time=29.801..29.820 rows=31 loops=1)
Merge Join  (cost=5535.83..5541.00 rows=28 width=21) (actual time=30.007..30.158 rows=7 loops=1)
Merge Join  (cost=5543.21..5543.73 rows=27 width=136) (actual time=30.192..30.210 rows=27 loops=1)
Merge Join  (cost=5534.64..5539.69 rows=27 width=403) (actual time=29.733..29.912 rows=27 loops=1)
Merge Join  (cost=5542.60..5543.12 rows=27 width=136) (actual time=29.792..29.804 rows=15 loops=1)
Merge Join  (cost=5534.07..5539.08 rows=27 width=403) (actual time=29.777..29.912 rows=15 loops=1)
Merge Join  (cost=5535.09..5540.20 rows=28 width=21) (actual time=29.799..29.934 rows=10 loops=1)
Merge Join  (cost=5544.30..5544.84 rows=28 width=136) (actual time=30.094..30.106 rows=15 loops=1)
Merge Join  (cost=5535.60..5540.75 rows=28 width=21) (actual time=29.504..29.722 rows=3 loops=1)
Merge Join  (cost=5536.40..5541.62 rows=28 width=21) (actual time=29.771..29.988 rows=1 loops=1)
Merge Join  (cost=5535.83..5541.00 rows=28 width=21) (actual time=30.161..30.286 rows=24 loops=1)
Merge Join  (cost=5546.80..5547.81 rows=55 width=127) (actual time=33.285..33.300 rows=19 loops=1)
Merge Join  (cost=5586.79..5595.51 rows=496 width=127) (actual time=34.058..34.339 rows=571 loops=1)
Merge Join  (cost=5545.04..5546.02 rows=53 width=127) (actual time=33.109..33.123 rows=13 loops=1)
Merge Join  (cost=5545.04..5546.02 rows=53 width=127) (actual time=33.031..33.054 rows=41 loops=1)
Merge Join  (cost=5536.17..5541.37 rows=28 width=21) (actual time=29.769..29.914 rows=23 loops=1)
Merge Join  (cost=5544.92..5545.89 rows=53 width=127) (actual time=32.512..32.532 rows=31 loops=1)
Merge Join  (cost=5534.53..5539.57 rows=27 width=21) (actual time=29.887..30.009 rows=35 loops=1)
Merge Join  (cost=5534.07..5539.08 rows=27 width=21) (actual time=29.576..29.679 rows=12 loops=1)
Merge Join  (cost=5558.54..5562.14 rows=203 width=127) (actual time=33.617..33.712 rows=189 loops=1)
Merge Join  (cost=5536.17..5541.37 rows=28 width=21) (actual time=29.583..29.718 rows=22 loops=1)
Merge Join  (cost=5544.43..5545.40 rows=53 width=127) (actual time=33.343..33.357 rows=18 loops=1)
Merge Join  (cost=5534.53..5539.57 rows=27 width=21) (actual time=29.658..29.755 rows=19 loops=1)
Merge Join  (cost=5544.24..5544.78 rows=28 width=136) (actual time=30.002..30.018 rows=19 loops=1)
Merge Join  (cost=5536.00..5541.18 rows=28 width=21) (actual time=29.575..29.722 rows=20 loops=1)
Merge Join  (cost=5535.54..5540.69 rows=28 width=21) (actual time=29.776..29.925 rows=32 loops=1)
Merge Join  (cost=5546.80..5547.81 rows=55 width=127) (actual time=33.011..33.014 rows=1 loops=1)
Merge Join  (cost=5535.26..5540.38 rows=28 width=21) (actual time=29.667..29.898 rows=5 loops=1)
Merge Join  (cost=5536.17..5541.37 rows=28 width=21) (actual time=29.598..29.677 rows=22 loops=1)
Merge Join  (cost=5536.40..5541.62 rows=28 width=21) (actual time=29.748..29.893 rows=7 loops=1)
Merge Join  (cost=5556.48..5559.77 rows=185 width=127) (actual time=33.459..33.540 rows=165 loops=1)
Merge Join  (cost=5535.60..5540.75 rows=28 width=21) (actual time=29.653..29.806 rows=26 loops=1)
Merge Join  (cost=5546.80..5547.81 rows=55 width=127) (actual time=32.842..32.844 rows=1 loops=1)
Merge Join  (cost=5546.80..5547.81 rows=55 width=127) (actual time=33.113..33.148 rows=63 loops=1)
Merge Join  (cost=5546.80..5547.81 rows=55 width=127) (actual time=33.105..33.111 rows=3 loops=1)
Merge Join  (cost=5536.00..5541.18 rows=28 width=21) (actual time=30.231..30.403 rows=5 loops=1)
Merge Join  (cost=5544.92..5545.45 rows=28 width=136) (actual time=29.846..29.860 rows=19 loops=1)
Merge Join  (cost=5535.54..5540.69 rows=28 width=21) (actual time=29.890..30.036 rows=31 loops=1)
Merge Join  (cost=5535.09..5540.20 rows=28 width=21) (actual time=29.781..29.973 rows=1 loops=1)
Merge Join  (cost=5535.43..5540.57 rows=28 width=21) (actual time=29.859..29.995 rows=22 loops=1)
Merge Join  (cost=5545.17..5545.70 rows=28 width=136) (actual time=29.844..29.859 rows=21 loops=1)
Merge Join  (cost=5589.45..5598.63 rows=522 width=127) (actual time=34.468..34.705 rows=500 loops=1)
Merge Join  (cost=5575.39..5582.24 rows=389 width=127) (actual time=33.617..33.808 rows=410 loops=1)
Merge Join  (cost=5545.70..5546.69 rows=54 width=127) (actual time=32.964..32.984 rows=33 loops=1)
Merge Join  (cost=5543.93..5544.47 rows=28 width=136) (actual time=29.793..29.813 rows=31 loops=1)
Merge Join  (cost=5544.43..5545.40 rows=53 width=127) (actual time=32.440..32.455 rows=19 loops=1)
Merge Join  (cost=5544.30..5544.84 rows=28 width=136) (actual time=30.048..30.065 rows=25 loops=1)
Merge Join  (cost=5547.05..5548.05 rows=55 width=127) (actual time=32.984..33.024 rows=74 loops=1)
Merge Join  (cost=5545.40..5546.39 rows=54 width=127) (actual time=33.079..33.115 rows=67 loops=1)
Merge Join  (cost=5534.51..5539.77 rows=46 width=21) (actual time=29.659..29.753 rows=28 loops=1)
Merge Join  (cost=5536.40..5541.62 rows=28 width=21) (actual time=30.010..30.144 rows=30 loops=1)
Merge Join  (cost=5536.17..5541.37 rows=28 width=21) (actual time=29.873..30.030 rows=24 loops=1)
Merge Join  (cost=5535.60..5540.75 rows=28 width=21) (actual time=29.941..30.063 rows=24 loops=1)
Merge Join  (cost=5534.64..5539.69 rows=27 width=21) (actual time=30.038..30.193 rows=21 loops=1)
Merge Join  (cost=5535.54..5540.69 rows=28 width=21) (actual time=30.100..30.244 rows=30 loops=1)
Merge Join  (cost=5545.58..5546.57 rows=54 width=127) (actual time=32.934..32.966 rows=61 loops=1)
Merge Join  (cost=5543.56..5544.10 rows=28 width=136) (actual time=29.726..29.741 rows=19 loops=1)
Merge Join  (cost=5536.17..5541.37 rows=28 width=21) (actual time=30.177..30.222 rows=38 loops=1)
Merge Join  (cost=5534.07..5539.08 rows=27 width=21) (actual time=30.110..30.250 rows=13 loops=1)
Merge Join  (cost=5536.00..5541.18 rows=28 width=21) (actual time=29.917..30.020 rows=36 loops=1)
Merge Join  (cost=5535.54..5540.69 rows=28 width=21) (actual time=29.860..30.000 rows=7 loops=1)
Merge Join  (cost=5545.04..5546.02 rows=53 width=127) (actual time=33.228..33.252 rows=41 loops=1)
Merge Join  (cost=5546.07..5547.06 rows=54 width=127) (actual time=32.852..32.873 rows=35 loops=1)
Merge Join  (cost=5536.17..5541.37 rows=28 width=21) (actual time=29.538..29.614 rows=32 loops=1)
Merge Join  (cost=5535.43..5540.57 rows=28 width=21) (actual time=29.524..29.655 rows=13 loops=1)
Merge Join  (cost=5546.43..5547.44 rows=55 width=127) (actual time=33.032..33.038 rows=3 loops=1)
Merge Join  (cost=5535.83..5541.00 rows=28 width=21) (actual time=29.773..29.933 rows=25 loops=1)
Merge Join  (cost=5535.43..5540.57 rows=28 width=21) (actual time=29.671..29.814 rows=8 loops=1)
Merge Join  (cost=5546.80..5547.81 rows=55 width=127) (actual time=33.028..33.064 rows=63 loops=1)
Merge Join  (cost=5546.43..5547.44 rows=55 width=127) (actual time=33.017..33.030 rows=14 loops=1)
Merge Join  (cost=5535.83..5541.00 rows=28 width=403) (actual time=29.720..29.860 rows=13 loops=1)
Merge Join  (cost=5536.17..5541.37 rows=28 width=21) (actual time=29.924..30.065 rows=20 loops=1)
Merge Join  (cost=5545.70..5546.69 rows=54 width=127) (actual time=32.866..32.881 rows=21 loops=1)
Merge Join  (cost=5544.43..5545.40 rows=53 width=127) (actual time=33.195..33.218 rows=37 loops=1)
Merge Join  (cost=5535.54..5540.69 rows=28 width=21) (actual time=29.963..30.041 rows=3 loops=1)
Merge Join  (cost=5544.43..5545.40 rows=53 width=127) (actual time=32.913..32.922 rows=7 loops=1)
Merge Join  (cost=5535.54..5540.69 rows=28 width=21) (actual time=29.477..29.690 rows=23 loops=1)
Merge Join  (cost=5543.09..5543.61 rows=27 width=136) (actual time=30.070..30.090 rows=31 loops=1)
Merge Join  (cost=5546.07..5547.06 rows=54 width=127) (actual time=32.352..32.362 rows=9 loops=1)
Merge Join  (cost=5535.54..5540.69 rows=28 width=403) (actual time=29.648..29.654 rows=5 loops=1)
Merge Join  (cost=5546.07..5547.06 rows=54 width=127) (actual time=33.045..33.082 rows=69 loops=1)
Merge Join  (cost=5535.54..5540.69 rows=28 width=403) (actual time=29.494..29.749 rows=27 loops=1)
Merge Join  (cost=5543.21..5543.73 rows=27 width=136) (actual time=30.202..30.217 rows=21 loops=1)
Merge Join  (cost=5535.60..5540.75 rows=28 width=21) (actual time=29.598..29.759 rows=26 loops=1)
Merge Join  (cost=5543.93..5544.47 rows=28 width=136) (actual time=30.055..30.066 rows=13 loops=1)
Merge Join  (cost=5535.54..5540.69 rows=28 width=21) (actual time=29.709..29.867 rows=11 loops=1)
Merge Join  (cost=5534.07..5539.08 rows=27 width=21) (actual time=29.779..29.867 rows=18 loops=1)
Merge Join  (cost=5537.02..5542.31 rows=29 width=21) (actual time=29.737..29.868 rows=14 loops=1)
Merge Join  (cost=5536.40..5541.62 rows=28 width=21) (actual time=29.607..29.742 rows=24 loops=1)
Merge Join  (cost=5543.21..5543.73 rows=27 width=136) (actual time=30.084..30.097 rows=15 loops=1)
Merge Join  (cost=5537.02..5542.31 rows=29 width=21) (actual time=29.748..29.902 rows=13 loops=1)
Merge Join  (cost=5547.77..5548.80 rows=56 width=127) (actual time=33.280..33.299 rows=29 loops=1)
Merge Join  (cost=5544.92..5545.89 rows=53 width=127) (actual time=32.747..32.761 rows=17 loops=1)
Merge Join  (cost=5545.58..5546.57 rows=54 width=127) (actual time=32.647..32.667 rows=31 loops=1)
Merge Join  (cost=5546.07..5547.06 rows=54 width=127) (actual time=32.815..32.829 rows=17 loops=1)
Merge Join  (cost=5535.54..5540.69 rows=28 width=403) (actual time=29.770..29.948 rows=9 loops=1)
Merge Join  (cost=5546.80..5547.81 rows=55 width=127) (actual time=32.770..32.789 rows=29 loops=1)
Merge Join  (cost=5544.24..5544.78 rows=28 width=136) (actual time=30.083..30.100 rows=23 loops=1)
Merge Join  (cost=5544.24..5544.78 rows=28 width=136) (actual time=30.576..30.585 rows=7 loops=1)
Merge Join  (cost=5535.54..5540.69 rows=28 width=403) (actual time=29.606..29.756 rows=7 loops=1)
Merge Join  (cost=5534.64..5539.69 rows=27 width=21) (actual time=29.715..29.962 rows=13 loops=1)
Merge Join  (cost=5544.24..5544.78 rows=28 width=136) (actual time=29.688..29.710 rows=33 loops=1)
Merge Join  (cost=5536.17..5541.37 rows=28 width=21) (actual time=29.783..29.986 rows=1 loops=1)
Merge Join  (cost=5543.87..5544.41 rows=28 width=136) (actual time=29.696..29.711 rows=21 loops=1)
Merge Join  (cost=5546.07..5547.06 rows=54 width=127) (actual time=32.945..32.956 rows=11 loops=1)
Merge Join  (cost=5536.40..5541.62 rows=28 width=21) (actual time=29.942..30.033 rows=28 loops=1)
Merge Join  (cost=5546.07..5547.06 rows=54 width=127) (actual time=32.976..32.979 rows=1 loops=1)
Merge Join  (cost=5535.20..5540.32 rows=28 width=21) (actual time=29.846..29.980 rows=30 loops=1)
Merge Join  (cost=5534.64..5539.69 rows=27 width=21) (actual time=29.556..29.662 rows=24 loops=1)
Merge Join  (cost=5535.20..5540.32 rows=28 width=21) (actual time=29.795..29.867 rows=22 loops=1)
Merge Join  (cost=5536.17..5541.37 rows=28 width=21) (actual time=29.908..30.090 rows=1 loops=1)
Merge Join  (cost=5657.88..5685.88 rows=1551 width=127) (actual time=34.697..35.904 rows=1606 loops=1)
Merge Join  (cost=5535.43..5540.57 rows=28 width=21) (actual time=29.635..29.748 rows=19 loops=1)
Merge Join  (cost=5546.43..5547.44 rows=55 width=127) (actual time=32.853..32.855 rows=1 loops=1)
Merge Join  (cost=5535.54..5540.69 rows=28 width=21) (actual time=29.832..29.996 rows=26 loops=1)
Merge Join  (cost=5546.14..5547.13 rows=54 width=127) (actual time=32.659..32.666 rows=5 loops=1)
Merge Join  (cost=5544.92..5545.89 rows=53 width=127) (actual time=32.418..32.428 rows=9 loops=1)
Merge Join  (cost=5545.40..5546.39 rows=54 width=127) (actual time=32.808..32.828 rows=31 loops=1)
Merge Join  (cost=5543.21..5543.73 rows=27 width=136) (actual time=30.099..30.112 rows=17 loops=1)
Merge Join  (cost=5544.43..5545.40 rows=53 width=127) (actual time=33.027..33.065 rows=71 loops=1)
Merge Join  (cost=5545.04..5546.02 rows=53 width=127) (actual time=33.202..33.279 rows=156 loops=1)
Merge Join  (cost=5543.56..5544.10 rows=28 width=136) (actual time=29.938..29.953 rows=19 loops=1)
Merge Join  (cost=5534.92..5540.01 rows=28 width=403) (actual time=29.492..29.704 rows=19 loops=1)
Merge Join  (cost=5535.54..5540.69 rows=28 width=21) (actual time=29.639..29.777 rows=23 loops=1)
Merge Join  (cost=5534.07..5539.08 rows=27 width=21) (actual time=29.713..29.791 rows=7 loops=1)
Merge Join  (cost=5542.60..5543.12 rows=27 width=136) (actual time=30.035..30.056 rows=31 loops=1)
Merge Join  (cost=5536.17..5541.37 rows=28 width=21) (actual time=29.793..29.960 rows=1 loops=1)
Merge Join  (cost=5543.87..5544.41 rows=28 width=136) (actual time=29.976..29.979 rows=1 loops=1)
Merge Join  (cost=5544.92..5545.89 rows=53 width=127) (actual time=32.878..32.886 rows=7 loops=1)
Merge Join  (cost=5535.43..5540.57 rows=28 width=21) (actual time=29.926..30.104 rows=7 loops=1)
Merge Join  (cost=5535.60..5540.75 rows=28 width=21) (actual time=29.833..29.954 rows=16 loops=1)
Merge Join  (cost=5536.17..5541.37 rows=28 width=21) (actual time=29.859..29.984 rows=9 loops=1)
Merge Join  (cost=5536.00..5541.18 rows=28 width=21) (actual time=29.671..29.799 rows=30 loops=1)
Merge Join  (cost=5545.17..5545.70 rows=28 width=136) (actual time=30.044..30.065 rows=34 loops=1)
Merge Join  (cost=5534.64..5539.69 rows=27 width=21) (actual time=29.882..30.023 rows=22 loops=1)
Merge Join  (cost=5535.54..5540.69 rows=28 width=21) (actual time=29.840..29.987 rows=7 loops=1)
Merge Join  (cost=5546.80..5547.81 rows=55 width=127) (actual time=32.787..32.798 rows=13 loops=1)
Merge Join  (cost=5542.60..5543.12 rows=27 width=136) (actual time=30.002..30.017 rows=21 loops=1)
Merge Join  (cost=5546.80..5547.81 rows=55 width=127) (actual time=33.145..33.163 rows=24 loops=1)
Merge Join  (cost=5545.40..5546.39 rows=54 width=127) (actual time=33.097..33.144 rows=90 loops=1)
Merge Join  (cost=5535.54..5540.69 rows=28 width=21) (actual time=29.526..29.596 rows=34 loops=1)
Merge Join  (cost=5543.56..5544.10 rows=28 width=136) (actual time=30.116..30.135 rows=29 loops=1)
Merge Join  (cost=5546.80..5547.81 rows=55 width=127) (actual time=32.966..32.986 rows=31 loops=1)
Merge Join  (cost=5535.54..5540.69 rows=28 width=21) (actual time=29.765..29.883 rows=5 loops=1)
Merge Join  (cost=5546.07..5547.06 rows=54 width=127) (actual time=32.846..32.856 rows=11 loops=1)
Merge Join  (cost=5535.54..5540.69 rows=28 width=403) (actual time=29.554..29.647 rows=1 loops=1)
Merge Join  (cost=5536.00..5541.18 rows=28 width=21) (actual time=29.968..30.131 rows=1 loops=1)
Merge Join  (cost=5544.24..5544.78 rows=28 width=136) (actual time=29.937..29.950 rows=15 loops=1)
Merge Join  (cost=5544.12..5544.65 rows=28 width=136) (actual time=29.802..29.811 rows=7 loops=1)
Merge Join  (cost=5545.89..5546.44 rows=29 width=136) (actual time=34.063..34.077 rows=19 loops=1)
Merge Join  (cost=5546.80..5547.81 rows=55 width=127) (actual time=33.080..33.105 rows=45 loops=1)
Merge Join  (cost=5544.43..5545.40 rows=53 width=127) (actual time=33.183..33.198 rows=19 loops=1)
Merge Join  (cost=5557.29..5560.64 rows=189 width=127) (actual time=32.986..33.064 rows=164 loops=1)
Merge Join  (cost=5534.07..5539.08 rows=27 width=21) (actual time=29.918..29.979 rows=25 loops=1)
Merge Join  (cost=5545.58..5546.57 rows=54 width=127) (actual time=33.175..33.192 rows=25 loops=1)
Merge Join  (cost=5546.07..5547.06 rows=54 width=127) (actual time=32.986..33.001 rows=17 loops=1)
Merge Join  (cost=5543.93..5544.47 rows=28 width=136) (actual time=29.764..29.777 rows=15 loops=1)
Merge Join  (cost=5536.17..5541.37 rows=28 width=21) (actual time=29.883..29.907 rows=1 loops=1)
Merge Join  (cost=5535.60..5540.75 rows=28 width=21) (actual time=32.261..32.263 rows=1 loops=1)
Merge Join  (cost=5535.09..5540.20 rows=28 width=21) (actual time=29.598..29.708 rows=7 loops=1)
Merge Join  (cost=5535.54..5540.69 rows=28 width=21) (actual time=30.073..30.276 rows=7 loops=1)
Merge Join  (cost=5545.89..5546.44 rows=29 width=136) (actual time=30.108..30.124 rows=21 loops=1)
Merge Join  (cost=5535.20..5540.32 rows=28 width=21) (actual time=30.017..30.134 rows=19 loops=1)
Merge Join  (cost=5545.95..5546.94 rows=54 width=127) (actual time=32.995..33.042 rows=91 loops=1)
Merge Join  (cost=5545.95..5546.94 rows=54 width=127) (actual time=33.015..33.022 rows=3 loops=1)
Merge Join  (cost=5534.92..5540.01 rows=28 width=21) (actual time=29.587..29.687 rows=30 loops=1)
Merge Join  (cost=5534.07..5539.08 rows=27 width=21) (actual time=29.762..29.896 rows=20 loops=1)
Merge Join  (cost=5535.83..5541.00 rows=28 width=21) (actual time=29.955..30.031 rows=25 loops=1)
Merge Join  (cost=5545.17..5545.70 rows=28 width=136) (actual time=30.035..30.047 rows=13 loops=1)
Merge Join  (cost=5535.60..5540.75 rows=28 width=21) (actual time=29.836..29.992 rows=30 loops=1)
Merge Join  (cost=5545.40..5546.39 rows=54 width=127) (actual time=33.330..33.348 rows=24 loops=1)
Merge Join  (cost=5535.54..5540.69 rows=28 width=21) (actual time=29.805..29.928 rows=30 loops=1)
Merge Join  (cost=5543.56..5544.10 rows=28 width=136) (actual time=30.375..30.394 rows=29 loops=1)
Merge Join  (cost=5544.30..5544.84 rows=28 width=136) (actual time=30.045..30.060 rows=19 loops=1)
Merge Join  (cost=5536.17..5541.37 rows=28 width=21) (actual time=29.839..29.973 rows=26 loops=1)
Merge Join  (cost=5545.04..5546.02 rows=53 width=127) (actual time=32.988..32.991 rows=1 loops=1)
Merge Join  (cost=5534.07..5539.08 rows=27 width=21) (actual time=29.737..29.771 rows=18 loops=1)
Merge Join  (cost=5545.17..5545.70 rows=28 width=136) (actual time=30.191..30.205 rows=21 loops=1)
Merge Join  (cost=5544.55..5545.08 rows=28 width=136) (actual time=30.232..30.252 rows=29 loops=1)
Merge Join  (cost=5545.70..5546.69 rows=54 width=127) (actual time=33.106..33.118 rows=13 loops=1)
Merge Join  (cost=5536.00..5541.18 rows=28 width=21) (actual time=29.518..29.689 rows=21 loops=1)
Merge Join  (cost=5547.05..5548.05 rows=55 width=127) (actual time=32.740..32.762 rows=34 loops=1)
Merge Join  (cost=5544.43..5545.40 rows=53 width=127) (actual time=33.118..33.152 rows=62 loops=1)
Merge Join  (cost=5534.53..5539.57 rows=27 width=21) (actual time=29.857..29.967 rows=28 loops=1)
Merge Join  (cost=5535.20..5540.32 rows=28 width=21) (actual time=29.870..30.042 rows=3 loops=1)
Merge Join  (cost=5545.04..5546.02 rows=53 width=127) (actual time=33.243..33.276 rows=61 loops=1)
Merge Join  (cost=5544.92..5545.45 rows=28 width=136) (actual time=29.827..29.833 rows=3 loops=1)
Merge Join  (cost=5545.04..5546.02 rows=53 width=127) (actual time=33.386..33.422 rows=65 loops=1)
Merge Join  (cost=5543.93..5544.47 rows=28 width=136) (actual time=30.235..30.243 rows=3 loops=1)
Merge Join  (cost=5535.54..5540.69 rows=28 width=21) (actual time=29.467..29.539 rows=34 loops=1)
Merge Join  (cost=5560.92..5564.87 rows=223 width=127) (actual time=33.197..33.283 rows=177 loops=1)
Merge Join  (cost=5545.58..5546.57 rows=54 width=127) (actual time=33.285..33.294 rows=9 loops=1)
Merge Join  (cost=5543.75..5544.28 rows=28 width=136) (actual time=29.998..30.013 rows=21 loops=1)
Merge Join  (cost=5536.17..5541.37 rows=28 width=21) (actual time=29.626..29.777 rows=19 loops=1)
Merge Join  (cost=5543.56..5544.10 rows=28 width=136) (actual time=29.950..29.968 rows=27 loops=1)
Merge Join  (cost=5535.54..5540.69 rows=28 width=21) (actual time=30.053..30.265 rows=27 loops=1)
Merge Join  (cost=5543.09..5543.61 rows=27 width=136) (actual time=30.138..30.157 rows=27 loops=1)
Merge Join  (cost=5543.21..5543.73 rows=27 width=136) (actual time=30.064..30.078 rows=19 loops=1)
Merge Join  (cost=5546.07..5547.06 rows=54 width=127) (actual time=32.778..32.791 rows=16 loops=1)
Merge Join  (cost=5536.40..5541.62 rows=28 width=21) (actual time=29.922..30.072 rows=25 loops=1)
Merge Join  (cost=5546.80..5547.81 rows=55 width=127) (actual time=32.968..32.971 rows=1 loops=1)
Merge Join  (cost=5545.04..5546.02 rows=53 width=127) (actual time=33.071..33.085 rows=18 loops=1)
Merge Join  (cost=5535.26..5540.38 rows=28 width=21) (actual time=29.600..29.657 rows=18 loops=1)
Merge Join  (cost=5543.87..5544.41 rows=28 width=136) (actual time=29.993..30.009 rows=23 loops=1)
Merge Join  (cost=5535.20..5540.32 rows=28 width=403) (actual time=29.688..29.825 rows=23 loops=1)
Merge Join  (cost=5535.54..5540.69 rows=28 width=21) (actual time=29.635..29.782 rows=22 loops=1)
Merge Join  (cost=5543.21..5543.73 rows=27 width=136) (actual time=29.864..29.881 rows=27 loops=1)
Merge Join  (cost=5534.64..5539.69 rows=27 width=403) (actual time=29.822..29.962 rows=27 loops=1)
Merge Join  (cost=5546.43..5547.44 rows=55 width=127) (actual time=33.111..33.124 rows=17 loops=1)
Merge Join  (cost=5544.12..5544.65 rows=28 width=136) (actual time=29.776..29.787 rows=11 loops=1)
Merge Join  (cost=5535.83..5541.00 rows=28 width=21) (actual time=29.642..29.810 rows=29 loops=1)
Merge Join  (cost=5535.54..5540.69 rows=28 width=21) (actual time=29.938..30.009 rows=35 loops=1)
Merge Join  (cost=5536.00..5541.18 rows=28 width=21) (actual time=29.918..30.113 rows=7 loops=1)
Merge Join  (cost=5560.14..5564.03 rows=220 width=127) (actual time=33.650..33.755 rows=210 loops=1)
Merge Join  (cost=5534.92..5540.01 rows=28 width=21) (actual time=29.623..29.771 rows=22 loops=1)
Merge Join  (cost=5546.14..5547.13 rows=54 width=127) (actual time=33.638..33.728 rows=183 loops=1)
Merge Join  (cost=5534.53..5539.57 rows=27 width=21) (actual time=29.768..29.885 rows=27 loops=1)
Merge Join  (cost=5544.55..5545.08 rows=28 width=136) (actual time=30.022..30.040 rows=27 loops=1)
Merge Join  (cost=5535.83..5541.00 rows=28 width=403) (actual time=29.580..29.818 rows=27 loops=1)
Merge Join  (cost=5546.61..5547.62 rows=55 width=127) (actual time=33.228..33.237 rows=7 loops=1)
Merge Join  (cost=5544.43..5545.40 rows=53 width=127) (actual time=32.298..32.316 rows=25 loops=1)
Merge Join  (cost=5535.26..5540.38 rows=28 width=21) (actual time=29.609..29.745 rows=28 loops=1)
Merge Join  (cost=5535.54..5540.69 rows=28 width=21) (actual time=29.700..29.771 rows=25 loops=1)
Merge Join  (cost=5544.43..5545.40 rows=53 width=127) (actual time=33.248..33.264 rows=23 loops=1)
Merge Join  (cost=5544.12..5544.65 rows=28 width=136) (actual time=30.021..30.037 rows=19 loops=1)
Merge Join  (cost=5537.02..5542.31 rows=29 width=21) (actual time=29.621..29.813 rows=3 loops=1)
Merge Join  (cost=5547.05..5548.05 rows=55 width=127) (actual time=32.924..32.943 rows=31 loops=1)
Merge Join  (cost=5544.30..5544.84 rows=28 width=136) (actual time=30.075..30.092 rows=25 loops=1)
Merge Join  (cost=5546.07..5547.06 rows=54 width=127) (actual time=33.134..33.155 rows=33 loops=1)
Merge Join  (cost=5535.54..5540.69 rows=28 width=403) (actual time=29.604..29.742 rows=33 loops=1)
Merge Join  (cost=5534.53..5539.57 rows=27 width=21) (actual time=29.683..29.832 rows=28 loops=1)
Merge Join  (cost=5534.64..5539.69 rows=27 width=21) (actual time=30.089..30.243 rows=7 loops=1)
Merge Join  (cost=5535.26..5540.38 rows=28 width=21) (actual time=29.894..30.034 rows=13 loops=1)
Merge Join  (cost=5536.40..5541.62 rows=28 width=21) (actual time=29.816..29.976 rows=21 loops=1)
Merge Join  (cost=5536.00..5541.18 rows=28 width=21) (actual time=29.520..29.684 rows=22 loops=1)
Merge Join  (cost=5546.14..5547.13 rows=54 width=127) (actual time=32.931..32.974 rows=76 loops=1)
Merge Join  (cost=5535.54..5540.69 rows=28 width=21) (actual time=29.730..29.926 rows=1 loops=1)
Merge Join  (cost=5545.89..5546.44 rows=29 width=136) (actual time=30.069..30.084 rows=19 loops=1)
Merge Join  (cost=5535.54..5540.69 rows=28 width=21) (actual time=29.677..29.895 rows=3 loops=1)
Merge Join  (cost=5535.09..5540.20 rows=28 width=21) (actual time=29.805..29.970 rows=32 loops=1)
Merge Join  (cost=5544.73..5545.27 rows=28 width=136) (actual time=30.204..30.217 rows=15 loops=1)
Merge Join  (cost=5535.43..5540.57 rows=28 width=21) (actual time=29.635..29.772 rows=15 loops=1)
Merge Join  (cost=5560.13..5563.92 rows=214 width=127) (actual time=33.333..33.424 rows=190 loops=1)
Merge Join  (cost=5544.92..5545.45 rows=28 width=136) (actual time=30.003..30.025 rows=35 loops=1)
Merge Join  (cost=5535.54..5540.69 rows=28 width=21) (actual time=29.683..29.909 rows=1 loops=1)
Merge Join  (cost=5547.05..5548.05 rows=55 width=127) (actual time=32.600..32.613 rows=17 loops=1)
Merge Join  (cost=5545.70..5546.69 rows=54 width=127) (actual time=32.300..32.327 rows=47 loops=1)
Merge Join  (cost=5542.60..5543.12 rows=27 width=136) (actual time=29.920..29.929 rows=7 loops=1)
Merge Join  (cost=5534.07..5539.08 rows=27 width=403) (actual time=29.551..29.663 rows=7 loops=1)
Merge Join  (cost=5535.20..5540.32 rows=28 width=21) (actual time=29.867..30.013 rows=14 loops=1)
Merge Join  (cost=5546.80..5547.81 rows=55 width=127) (actual time=32.825..32.840 rows=21 loops=1)
Merge Join  (cost=5535.26..5540.38 rows=28 width=21) (actual time=29.861..30.079 rows=5 loops=1)
Merge Join  (cost=5547.05..5548.05 rows=55 width=127) (actual time=33.297..33.323 rows=45 loops=1)
Merge Join  (cost=5536.40..5541.62 rows=28 width=21) (actual time=29.710..29.827 rows=13 loops=1)
Merge Join  (cost=5544.92..5545.45 rows=28 width=136) (actual time=29.640..29.657 rows=27 loops=1)
Merge Join  (cost=5545.77..5546.76 rows=54 width=127) (actual time=33.130..33.144 rows=20 loops=1)
Merge Join  (cost=5545.04..5546.02 rows=53 width=127) (actual time=33.031..33.038 rows=3 loops=1)
Merge Join  (cost=5534.64..5539.69 rows=27 width=403) (actual time=29.648..29.826 rows=3 loops=1)
Merge Join  (cost=5536.17..5541.37 rows=28 width=21) (actual time=29.525..29.747 rows=33 loops=1)
Merge Join  (cost=5543.93..5544.47 rows=28 width=136) (actual time=29.774..29.791 rows=23 loops=1)
Merge Join  (cost=5535.43..5540.57 rows=28 width=21) (actual time=29.738..29.907 rows=7 loops=1)
Merge Join  (cost=5535.54..5540.69 rows=28 width=21) (actual time=29.735..29.825 rows=27 loops=1)
Merge Join  (cost=5535.43..5540.57 rows=28 width=21) (actual time=29.656..29.781 rows=8 loops=1)
Merge Join  (cost=5535.54..5540.69 rows=28 width=21) (actual time=29.858..29.998 rows=20 loops=1)
Merge Join  (cost=5545.40..5546.39 rows=54 width=127) (actual time=33.129..33.137 rows=3 loops=1)
Merge Join  (cost=5534.92..5540.01 rows=28 width=21) (actual time=29.881..30.027 rows=1 loops=1)
Merge Join  (cost=5534.53..5539.57 rows=27 width=21) (actual time=29.575..29.675 rows=5 loops=1)
Merge Join  (cost=5536.00..5541.18 rows=28 width=21) (actual time=30.155..30.247 rows=24 loops=1)
Merge Join  (cost=5536.00..5541.18 rows=28 width=21) (actual time=29.808..29.999 rows=3 loops=1)
Merge Join  (cost=5534.07..5539.08 rows=27 width=21) (actual time=29.843..29.990 rows=21 loops=1)
Merge Join  (cost=5546.80..5547.81 rows=55 width=127) (actual time=32.854..32.870 rows=23 loops=1)
Merge Join  (cost=5536.17..5541.37 rows=28 width=21) (actual time=30.080..30.239 rows=28 loops=1)
Merge Join  (cost=5546.07..5547.06 rows=54 width=127) (actual time=33.051..33.076 rows=41 loops=1)
Merge Join  (cost=5590.88..5600.30 rows=536 width=127) (actual time=34.001..34.242 rows=518 loops=1)
Merge Join  (cost=5534.07..5539.08 rows=27 width=21) (actual time=29.463..29.704 rows=25 loops=1)
Merge Join  (cost=5535.43..5540.57 rows=28 width=21) (actual time=29.831..29.978 rows=32 loops=1)
Merge Join  (cost=5545.58..5546.57 rows=54 width=127) (actual time=33.022..33.024 rows=1 loops=1)
Merge Join  (cost=5534.92..5540.01 rows=28 width=21) (actual time=29.379..29.455 rows=23 loops=1)
Merge Join  (cost=5534.64..5539.69 rows=27 width=21) (actual time=29.511..29.709 rows=19 loops=1)
Merge Join  (cost=5545.89..5546.44 rows=29 width=136) (actual time=29.716..29.727 rows=3 loops=1)
Merge Join  (cost=5535.54..5540.69 rows=28 width=21) (actual time=29.708..29.854 rows=21 loops=1)
Merge Join  (cost=5535.43..5540.57 rows=28 width=21) (actual time=29.630..29.707 rows=26 loops=1)
Merge Join  (cost=5535.60..5540.75 rows=28 width=21) (actual time=29.698..29.713 rows=24 loops=1)
Merge Join  (cost=5546.80..5547.81 rows=55 width=127) (actual time=33.227..33.235 rows=3 loops=1)
Merge Join  (cost=5535.26..5540.38 rows=28 width=21) (actual time=29.656..29.870 rows=5 loops=1)
Merge Join  (cost=5545.89..5546.44 rows=29 width=136) (actual time=30.144..30.163 rows=29 loops=1)
Merge Join  (cost=5544.12..5544.65 rows=28 width=136) (actual time=30.219..30.236 rows=25 loops=1)
Merge Join  (cost=5544.73..5545.27 rows=28 width=136) (actual time=29.787..29.794 rows=3 loops=1)
Merge Join  (cost=5544.92..5545.45 rows=28 width=136) (actual time=30.228..30.240 rows=13 loops=1)
Merge Join  (cost=5534.07..5539.08 rows=27 width=21) (actual time=29.963..30.114 rows=8 loops=1)
Merge Join  (cost=5543.75..5544.28 rows=28 width=136) (actual time=29.870..29.879 rows=9 loops=1)
Merge Join  (cost=5536.17..5541.37 rows=28 width=21) (actual time=29.661..29.678 rows=30 loops=1)
Merge Join  (cost=5536.17..5541.37 rows=28 width=21) (actual time=29.827..29.897 rows=7 loops=1)
Merge Join  (cost=5542.60..5543.12 rows=27 width=136) (actual time=30.085..30.104 rows=31 loops=1)
Merge Join  (cost=5535.54..5540.69 rows=28 width=21) (actual time=29.769..29.936 rows=5 loops=1)
Merge Join  (cost=5544.24..5544.78 rows=28 width=136) (actual time=29.842..29.860 rows=27 loops=1)
Merge Join  (cost=5547.05..5548.05 rows=55 width=127) (actual time=33.116..33.131 rows=19 loops=1)
Merge Join  (cost=5536.00..5541.18 rows=28 width=21) (actual time=29.687..29.811 rows=30 loops=1)
Merge Join  (cost=5544.43..5545.40 rows=53 width=127) (actual time=33.263..33.349 rows=173 loops=1)
Merge Join  (cost=5545.95..5546.94 rows=54 width=127) (actual time=32.886..32.911 rows=38 loops=1)
Merge Join  (cost=5558.81..5562.46 rows=206 width=127) (actual time=33.076..33.172 rows=192 loops=1)
Merge Join  (cost=5543.21..5543.73 rows=27 width=136) (actual time=29.986..30.000 rows=17 loops=1)
Merge Join  (cost=5534.92..5540.01 rows=28 width=21) (actual time=29.637..29.781 rows=32 loops=1)
Merge Join  (cost=5536.17..5541.37 rows=28 width=21) (actual time=29.787..29.809 rows=1 loops=1)
Merge Join  (cost=5534.64..5539.69 rows=27 width=21) (actual time=29.643..29.799 rows=29 loops=1)
Merge Join  (cost=5546.43..5547.44 rows=55 width=127) (actual time=33.140..33.154 rows=15 loops=1)
Merge Join  (cost=5534.07..5539.08 rows=27 width=21) (actual time=29.564..29.673 rows=17 loops=1)
Merge Join  (cost=5545.04..5546.02 rows=53 width=127) (actual time=33.124..33.139 rows=17 loops=1)
Merge Join  (cost=5535.20..5540.32 rows=28 width=21) (actual time=29.807..29.959 rows=22 loops=1)
Merge Join  (cost=5546.07..5547.06 rows=54 width=127) (actual time=33.052..33.055 rows=1 loops=1)
Merge Join  (cost=5546.80..5547.81 rows=55 width=127) (actual time=32.977..32.992 rows=23 loops=1)
Merge Join  (cost=5535.54..5540.69 rows=28 width=21) (actual time=29.592..29.713 rows=3 loops=1)
Merge Join  (cost=5546.80..5547.81 rows=55 width=127) (actual time=33.354..33.398 rows=85 loops=1)
Merge Join  (cost=5544.92..5545.45 rows=28 width=136) (actual time=30.079..30.086 rows=3 loops=1)
Merge Join  (cost=5535.09..5540.20 rows=28 width=21) (actual time=29.822..29.958 rows=29 loops=1)
Merge Join  (cost=5543.75..5544.28 rows=28 width=136) (actual time=29.800..29.810 rows=9 loops=1)
Merge Join  (cost=5534.92..5540.01 rows=28 width=21) (actual time=30.017..30.218 rows=19 loops=1)
Merge Join  (cost=5534.07..5539.08 rows=27 width=21) (actual time=29.889..30.013 rows=32 loops=1)
Merge Join  (cost=5543.21..5543.73 rows=27 width=136) (actual time=29.983..30.000 rows=25 loops=1)
Merge Join  (cost=5535.54..5540.69 rows=28 width=21) (actual time=29.880..30.046 rows=34 loops=1)
Merge Join  (cost=5536.40..5541.62 rows=28 width=21) (actual time=29.863..30.031 rows=3 loops=1)
Merge Join  (cost=5536.17..5541.37 rows=28 width=21) (actual time=30.104..30.240 rows=22 loops=1)
Merge Join  (cost=5545.40..5546.39 rows=54 width=127) (actual time=33.295..33.312 rows=24 loops=1)
Merge Join  (cost=5544.92..5545.89 rows=53 width=127) (actual time=32.909..32.943 rows=61 loops=1)
Merge Join  (cost=5546.80..5547.81 rows=55 width=127) (actual time=33.349..33.443 rows=192 loops=1)
Merge Join  (cost=5536.40..5541.62 rows=28 width=21) (actual time=29.900..29.938 rows=15 loops=1)
Merge Join  (cost=5535.83..5541.00 rows=28 width=21) (actual time=29.703..29.861 rows=26 loops=1)
Merge Join  (cost=5537.02..5542.31 rows=29 width=21) (actual time=29.858..30.000 rows=9 loops=1)
Merge Join  (cost=5534.92..5540.01 rows=28 width=21) (actual time=29.546..29.658 rows=23 loops=1)
Merge Join  (cost=5536.00..5541.18 rows=28 width=21) (actual time=30.222..30.375 rows=1 loops=1)
Merge Join  (cost=5536.40..5541.62 rows=28 width=21) (actual time=29.935..30.150 rows=7 loops=1)
Merge Join  (cost=5544.43..5545.40 rows=53 width=127) (actual time=33.356..33.393 rows=71 loops=1)
Merge Join  (cost=5545.04..5546.02 rows=53 width=127) (actual time=33.138..33.149 rows=9 loops=1)
Merge Join  (cost=5535.26..5540.38 rows=28 width=21) (actual time=29.641..29.792 rows=9 loops=1)
Merge Join  (cost=5534.07..5539.08 rows=27 width=21) (actual time=29.655..29.760 rows=34 loops=1)
Merge Join  (cost=5536.17..5541.37 rows=28 width=21) (actual time=29.541..29.681 rows=1 loops=1)
Merge Join  (cost=5535.20..5540.32 rows=28 width=21) (actual time=29.646..29.740 rows=20 loops=1)
Merge Join  (cost=5535.54..5540.69 rows=28 width=21) (actual time=30.296..30.409 rows=35 loops=1)
Merge Join  (cost=5546.61..5547.62 rows=55 width=127) (actual time=32.488..32.499 rows=9 loops=1)
Merge Join  (cost=5536.17..5541.37 rows=28 width=21) (actual time=30.009..30.166 rows=7 loops=1)
Merge Join  (cost=5536.40..5541.62 rows=28 width=21) (actual time=29.776..29.914 rows=19 loops=1)
Merge Join  (cost=5546.80..5547.81 rows=55 width=127) (actual time=32.932..32.949 rows=27 loops=1)
Merge Join  (cost=5544.92..5545.45 rows=28 width=136) (actual time=30.383..30.403 rows=29 loops=1)
Merge Join  (cost=5536.17..5541.37 rows=28 width=21) (actual time=29.777..29.933 rows=26 loops=1)
Merge Join  (cost=5535.43..5540.57 rows=28 width=21) (actual time=29.459..29.674 rows=23 loops=1)
Merge Join  (cost=5546.80..5547.81 rows=55 width=127) (actual time=32.780..32.787 rows=3 loops=1)
Merge Join  (cost=5546.80..5547.81 rows=55 width=127) (actual time=33.024..33.031 rows=3 loops=1)
Merge Join  (cost=5535.54..5540.69 rows=28 width=21) (actual time=29.853..29.993 rows=30 loops=1)
Merge Join  (cost=5544.24..5544.78 rows=28 width=136) (actual time=29.874..29.888 rows=19 loops=1)
Merge Join  (cost=5544.92..5545.45 rows=28 width=136) (actual time=30.128..30.149 rows=33 loops=1)
Merge Join  (cost=5534.64..5539.69 rows=27 width=21) (actual time=29.778..29.909 rows=1 loops=1)
Merge Join  (cost=5544.24..5544.78 rows=28 width=136) (actual time=30.027..30.045 rows=25 loops=1)
Merge Join  (cost=5544.73..5545.27 rows=28 width=136) (actual time=30.007..30.022 rows=19 loops=1)
Merge Join  (cost=5546.80..5547.81 rows=55 width=127) (actual time=32.842..32.856 rows=11 loops=1)
Merge Join  (cost=5546.07..5547.06 rows=54 width=127) (actual time=32.972..32.986 rows=17 loops=1)
Merge Join  (cost=5535.60..5540.75 rows=28 width=21) (actual time=29.878..30.094 rows=17 loops=1)
Merge Join  (cost=5638.21..5657.35 rows=1032 width=127) (actual time=34.417..35.432 rows=1135 loops=1)
Merge Join  (cost=5536.17..5541.37 rows=28 width=403) (actual time=29.490..29.684 rows=25 loops=1)
Merge Join  (cost=5535.26..5540.38 rows=28 width=21) (actual time=29.885..30.040 rows=24 loops=1)
Merge Join  (cost=5534.64..5539.69 rows=27 width=21) (actual time=29.810..29.964 rows=22 loops=1)
Merge Join  (cost=5546.07..5547.06 rows=54 width=127) (actual time=33.577..33.657 rows=159 loops=1)
Merge Join  (cost=5535.54..5540.69 rows=28 width=403) (actual time=29.591..29.825 rows=17 loops=1)
Merge Join  (cost=5534.07..5539.08 rows=27 width=21) (actual time=29.805..29.949 rows=31 loops=1)
Merge Join  (cost=5534.53..5539.57 rows=27 width=21) (actual time=29.981..29.987 rows=1 loops=1)
Merge Join  (cost=5536.17..5541.37 rows=28 width=21) (actual time=29.774..29.938 rows=24 loops=1)
Merge Join  (cost=5536.17..5541.37 rows=28 width=21) (actual time=29.791..29.938 rows=28 loops=1)
Merge Join  (cost=5547.05..5548.05 rows=55 width=127) (actual time=33.650..33.740 rows=180 loops=1)
Merge Join  (cost=5545.04..5546.02 rows=53 width=127) (actual time=33.291..33.305 rows=17 loops=1)
Merge Join  (cost=5547.77..5548.80 rows=56 width=127) (actual time=32.905..32.931 rows=43 loops=1)
Merge Join  (cost=5535.20..5540.32 rows=28 width=21) (actual time=29.563..29.613 rows=1 loops=1)
Merge Join  (cost=5546.80..5547.81 rows=55 width=127) (actual time=33.148..33.172 rows=38 loops=1)
Merge Join  (cost=5534.64..5539.69 rows=27 width=21) (actual time=29.672..29.864 rows=25 loops=1)
Merge Join  (cost=5543.21..5543.73 rows=27 width=136) (actual time=29.951..29.965 rows=19 loops=1)
Merge Join  (cost=5537.02..5542.31 rows=29 width=21) (actual time=29.630..29.787 rows=18 loops=1)
Merge Join  (cost=5545.70..5546.69 rows=54 width=127) (actual time=33.219..33.229 rows=9 loops=1)
Merge Join  (cost=5534.07..5539.08 rows=27 width=21) (actual time=29.882..30.081 rows=7 loops=1)
Merge Join  (cost=5535.83..5541.00 rows=28 width=21) (actual time=29.780..29.873 rows=34 loops=1)
Merge Join  (cost=5544.43..5545.40 rows=53 width=127) (actual time=33.065..33.099 rows=59 loops=1)
Merge Join  (cost=5543.21..5543.73 rows=27 width=136) (actual time=30.085..30.102 rows=25 loops=1)
Merge Join  (cost=5544.92..5545.45 rows=28 width=136) (actual time=30.335..30.354 rows=27 loops=1)
Merge Join  (cost=5535.54..5540.69 rows=28 width=21) (actual time=29.700..29.922 rows=7 loops=1)
Merge Join  (cost=5535.26..5540.38 rows=28 width=21) (actual time=29.621..29.750 rows=25 loops=1)
Merge Join  (cost=5544.43..5545.40 rows=53 width=127) (actual time=33.008..33.018 rows=11 loops=1)
Merge Join  (cost=5535.60..5540.75 rows=28 width=21) (actual time=29.778..29.884 rows=7 loops=1)
Merge Join  (cost=5536.00..5541.18 rows=28 width=21) (actual time=29.723..29.834 rows=19 loops=1)
Merge Join  (cost=5534.64..5539.69 rows=27 width=21) (actual time=29.521..29.659 rows=3 loops=1)
Merge Join  (cost=5543.75..5544.28 rows=28 width=136) (actual time=30.233..30.250 rows=23 loops=1)
Merge Join  (cost=5544.92..5545.45 rows=28 width=136) (actual time=30.034..30.053 rows=29 loops=1)
Merge Join  (cost=5536.17..5541.37 rows=28 width=21) (actual time=30.003..30.157 rows=26 loops=1)
Merge Join  (cost=5546.07..5547.06 rows=54 width=127) (actual time=32.873..32.876 rows=1 loops=1)
Merge Join  (cost=5535.20..5540.32 rows=28 width=21) (actual time=29.910..30.032 rows=16 loops=1)
Merge Join  (cost=5536.17..5541.37 rows=28 width=21) (actual time=29.852..30.015 rows=20 loops=1)
Merge Join  (cost=5536.00..5541.18 rows=28 width=21) (actual time=29.773..29.845 rows=36 loops=1)
Merge Join  (cost=5547.77..5548.80 rows=56 width=127) (actual time=33.074..33.091 rows=27 loops=1)
Merge Join  (cost=5537.02..5542.31 rows=29 width=21) (actual time=29.806..29.915 rows=14 loops=1)
Merge Join  (cost=5543.56..5544.10 rows=28 width=136) (actual time=29.980..29.999 rows=29 loops=1)
Merge Join  (cost=5534.92..5540.01 rows=28 width=403) (actual time=29.843..29.880 rows=29 loops=1)
Merge Join  (cost=5547.77..5548.80 rows=56 width=127) (actual time=32.740..32.761 rows=31 loops=1)
Merge Join  (cost=5534.64..5539.69 rows=27 width=21) (actual time=29.744..29.983 rows=25 loops=1)
Merge Join  (cost=5534.64..5539.69 rows=27 width=21) (actual time=29.890..29.922 rows=14 loops=1)
Merge Join  (cost=5534.53..5539.57 rows=27 width=21) (actual time=29.868..30.029 rows=7 loops=1)
Merge Join  (cost=5544.24..5544.78 rows=28 width=136) (actual time=29.815..29.832 rows=27 loops=1)
Merge Join  (cost=5535.54..5540.69 rows=28 width=21) (actual time=30.094..30.258 rows=21 loops=1)
Merge Join  (cost=5544.92..5545.45 rows=28 width=136) (actual time=30.181..30.193 rows=11 loops=1)
Merge Join  (cost=5535.83..5541.00 rows=28 width=21) (actual time=30.015..30.232 rows=23 loops=1)
Merge Join  (cost=5534.64..5539.69 rows=27 width=21) (actual time=29.564..29.710 rows=26 loops=1)
Merge Join  (cost=5545.89..5546.44 rows=29 width=136) (actual time=30.215..30.234 rows=28 loops=1)
Merge Join  (cost=5535.54..5540.69 rows=28 width=21) (actual time=29.942..29.982 rows=19 loops=1)
Merge Join  (cost=5585.02..5593.36 rows=474 width=127) (actual time=34.461..34.699 rows=504 loops=1)
Merge Join  (cost=5536.17..5541.37 rows=28 width=21) (actual time=29.622..29.786 rows=30 loops=1)
Merge Join  (cost=5534.64..5539.69 rows=27 width=21) (actual time=30.127..30.243 rows=15 loops=1)
Merge Join  (cost=5545.04..5546.02 rows=53 width=127) (actual time=33.176..33.198 rows=35 loops=1)
Merge Join  (cost=5534.64..5539.69 rows=27 width=21) (actual time=29.803..29.925 rows=17 loops=1)
Merge Join  (cost=5543.21..5543.73 rows=27 width=136) (actual time=29.878..29.895 rows=25 loops=1)
Merge Join  (cost=5546.61..5547.62 rows=55 width=127) (actual time=33.196..33.206 rows=11 loops=1)
Merge Join  (cost=5544.92..5545.45 rows=28 width=136) (actual time=29.937..29.947 rows=9 loops=1)
Merge Join  (cost=5534.64..5539.69 rows=27 width=21) (actual time=29.949..30.099 rows=24 loops=1)
Merge Join  (cost=5544.92..5545.45 rows=28 width=136) (actual time=29.836..29.854 rows=31 loops=1)
Merge Join  (cost=5545.95..5546.94 rows=54 width=127) (actual time=33.217..33.248 rows=57 loops=1)
Merge Join  (cost=5536.17..5541.37 rows=28 width=21) (actual time=29.767..29.912 rows=18 loops=1)
Merge Join  (cost=5544.92..5545.45 rows=28 width=136) (actual time=30.123..30.142 rows=27 loops=1)
Merge Join  (cost=5536.40..5541.62 rows=28 width=21) (actual time=29.613..29.857 rows=7 loops=1)
Merge Join  (cost=5543.93..5544.47 rows=28 width=136) (actual time=29.829..29.848 rows=29 loops=1)
Merge Join  (cost=5537.02..5542.31 rows=29 width=21) (actual time=29.824..29.962 rows=13 loops=1)
Merge Join  (cost=5545.04..5546.02 rows=53 width=127) (actual time=32.905..32.918 rows=17 loops=1)
Merge Join  (cost=5544.92..5545.45 rows=28 width=136) (actual time=29.782..29.804 rows=37 loops=1)
Merge Join  (cost=5546.80..5547.81 rows=55 width=127) (actual time=33.467..33.513 rows=89 loops=1)
Merge Join  (cost=5546.80..5547.81 rows=55 width=127) (actual time=33.244..33.262 rows=27 loops=1)
Merge Join  (cost=5534.92..5540.01 rows=28 width=21) (actual time=29.922..30.072 rows=15 loops=1)
Merge Join  (cost=5543.75..5544.28 rows=28 width=136) (actual time=29.836..29.847 rows=13 loops=1)
Merge Join  (cost=5535.09..5540.20 rows=28 width=403) (actual time=29.562..29.719 rows=13 loops=1)
Merge Join  (cost=5545.04..5546.02 rows=53 width=127) (actual time=33.124..33.138 rows=17 loops=1)
Merge Join  (cost=5544.92..5545.89 rows=53 width=127) (actual time=32.523..32.539 rows=23 loops=1)
Merge Join  (cost=5534.64..5539.69 rows=27 width=21) (actual time=29.465..29.616 rows=17 loops=1)
Merge Join  (cost=5545.04..5546.02 rows=53 width=127) (actual time=33.392..33.426 rows=62 loops=1)
Merge Join  (cost=5535.43..5540.57 rows=28 width=21) (actual time=29.540..29.690 rows=9 loops=1)
Merge Join  (cost=5547.77..5548.80 rows=56 width=127) (actual time=32.801..32.845 rows=83 loops=1)
Merge Join  (cost=5545.77..5546.76 rows=54 width=127) (actual time=32.579..32.582 rows=1 loops=1)
Merge Join  (cost=5536.17..5541.37 rows=28 width=21) (actual time=29.510..29.671 rows=30 loops=1)
Merge Join  (cost=5545.04..5546.02 rows=53 width=127) (actual time=33.004..33.017 rows=17 loops=1)
Merge Join  (cost=5546.07..5547.06 rows=54 width=127) (actual time=32.589..32.610 rows=35 loops=1)
Merge Join  (cost=5534.64..5539.69 rows=27 width=21) (actual time=29.582..29.720 rows=7 loops=1)
Merge Join  (cost=5545.40..5546.39 rows=54 width=127) (actual time=32.971..32.974 rows=1 loops=1)
Merge Join  (cost=5546.43..5547.44 rows=55 width=127) (actual time=33.285..33.292 rows=3 loops=1)
Merge Join  (cost=5535.83..5541.00 rows=28 width=403) (actual time=29.757..29.869 rows=3 loops=1)
Merge Join  (cost=5534.53..5539.57 rows=27 width=21) (actual time=29.587..29.677 rows=28 loops=1)
Merge Join  (cost=5536.17..5541.37 rows=28 width=21) (actual time=29.695..29.851 rows=23 loops=1)
Merge Join  (cost=5543.21..5543.73 rows=27 width=136) (actual time=30.063..30.084 rows=35 loops=1)
Merge Join  (cost=5545.95..5546.94 rows=54 width=127) (actual time=33.118..33.134 rows=23 loops=1)
Merge Join  (cost=5545.04..5546.02 rows=53 width=127) (actual time=32.844..32.871 rows=45 loops=1)
Merge Join  (cost=5545.70..5546.69 rows=54 width=127) (actual time=32.710..32.738 rows=47 loops=1)
Merge Join  (cost=5544.92..5545.45 rows=28 width=136) (actual time=29.971..29.989 rows=27 loops=1)
Merge Join  (cost=5536.17..5541.37 rows=28 width=403) (actual time=29.651..29.804 rows=27 loops=1)
Merge Join  (cost=5535.54..5540.69 rows=28 width=21) (actual time=29.502..29.721 rows=31 loops=1)
Merge Join  (cost=5535.83..5541.00 rows=28 width=21) (actual time=29.687..29.794 rows=27 loops=1)
Merge Join  (cost=5535.54..5540.69 rows=28 width=21) (actual time=29.947..30.053 rows=24 loops=1)
Merge Join  (cost=5547.77..5548.80 rows=56 width=127) (actual time=32.956..32.969 rows=18 loops=1)
Merge Join  (cost=5535.09..5540.20 rows=28 width=21) (actual time=29.727..29.806 rows=26 loops=1)
Merge Join  (cost=5534.53..5539.57 rows=27 width=21) (actual time=29.818..29.966 rows=27 loops=1)
Merge Join  (cost=5535.26..5540.38 rows=28 width=21) (actual time=29.795..29.957 rows=24 loops=1)
Merge Join  (cost=5544.43..5545.40 rows=53 width=127) (actual time=32.917..32.960 rows=76 loops=1)
Merge Join  (cost=5535.20..5540.32 rows=28 width=21) (actual time=29.677..29.829 rows=22 loops=1)
Merge Join  (cost=5544.24..5544.78 rows=28 width=136) (actual time=30.172..30.190 rows=21 loops=1)
Merge Join  (cost=5535.43..5540.57 rows=28 width=21) (actual time=29.899..30.027 rows=18 loops=1)
Merge Join  (cost=5546.80..5547.81 rows=55 width=127) (actual time=33.509..33.553 rows=82 loops=1)
Merge Join  (cost=5535.54..5540.69 rows=28 width=21) (actual time=29.560..29.746 rows=21 loops=1)
Merge Join  (cost=5534.64..5539.69 rows=27 width=21) (actual time=29.903..29.999 rows=23 loops=1)
Merge Join  (cost=5544.92..5545.89 rows=53 width=127) (actual time=33.791..33.868 rows=156 loops=1)
Merge Join  (cost=5534.53..5539.57 rows=27 width=21) (actual time=29.739..29.850 rows=8 loops=1)
Merge Join  (cost=5545.40..5546.39 rows=54 width=127) (actual time=32.878..32.904 rows=45 loops=1)
Merge Join  (cost=5534.64..5539.69 rows=27 width=21) (actual time=29.691..29.714 rows=40 loops=1)
Merge Join  (cost=5544.24..5544.78 rows=28 width=136) (actual time=30.122..30.133 rows=11 loops=1)
Merge Join  (cost=5535.83..5541.00 rows=28 width=21) (actual time=30.166..30.216 rows=36 loops=1)
Merge Join  (cost=5534.64..5539.69 rows=27 width=21) (actual time=29.789..29.945 rows=16 loops=1)
Merge Join  (cost=5544.24..5544.78 rows=28 width=136) (actual time=29.977..29.993 rows=21 loops=1)
Merge Join  (cost=5545.40..5546.39 rows=54 width=127) (actual time=33.035..33.062 rows=45 loops=1)
Merge Join  (cost=5547.77..5548.80 rows=56 width=127) (actual time=33.041..33.054 rows=17 loops=1)
Merge Join  (cost=5546.61..5547.62 rows=55 width=127) (actual time=33.491..33.575 rows=174 loops=1)
Merge Join  (cost=5545.77..5546.76 rows=54 width=127) (actual time=32.592..32.594 rows=1 loops=1)
Merge Join  (cost=5547.77..5548.80 rows=56 width=127) (actual time=32.922..32.963 rows=76 loops=1)
Merge Join  (cost=5545.89..5546.44 rows=29 width=136) (actual time=29.892..29.899 rows=3 loops=1)
Merge Join  (cost=5536.17..5541.37 rows=28 width=21) (actual time=29.717..29.861 rows=20 loops=1)
Merge Join  (cost=5534.53..5539.57 rows=27 width=21) (actual time=29.990..30.125 rows=3 loops=1)
Merge Join  (cost=5545.58..5546.57 rows=54 width=127) (actual time=32.952..32.955 rows=1 loops=1)
Merge Join  (cost=5534.64..5539.69 rows=27 width=21) (actual time=29.666..29.706 rows=3 loops=1)
Merge Join  (cost=5546.07..5547.06 rows=54 width=127) (actual time=32.674..32.691 rows=25 loops=1)
Merge Join  (cost=5535.54..5540.69 rows=28 width=403) (actual time=29.795..29.989 rows=17 loops=1)
Merge Join  (cost=5535.20..5540.32 rows=28 width=21) (actual time=29.889..30.015 rows=20 loops=1)
Merge Join  (cost=5536.00..5541.18 rows=28 width=21) (actual time=29.990..30.150 rows=32 loops=1)
Merge Join  (cost=5544.55..5545.08 rows=28 width=136) (actual time=29.802..29.823 rows=35 loops=1)
Merge Join  (cost=5543.75..5544.28 rows=28 width=136) (actual time=30.235..30.253 rows=27 loops=1)
Merge Join  (cost=5544.92..5545.45 rows=28 width=136) (actual time=30.176..30.191 rows=19 loops=1)
Merge Join  (cost=5546.61..5547.62 rows=55 width=127) (actual time=33.049..33.079 rows=53 loops=1)
Merge Join  (cost=5534.64..5539.69 rows=27 width=21) (actual time=29.539..29.675 rows=28 loops=1)
Merge Join  (cost=5534.64..5539.69 rows=27 width=21) (actual time=29.548..29.708 rows=16 loops=1)
Merge Join  (cost=5535.54..5540.69 rows=28 width=21) (actual time=29.609..29.772 rows=7 loops=1)
Merge Join  (cost=5546.80..5547.81 rows=55 width=127) (actual time=32.444..32.456 rows=17 loops=1)
Merge Join  (cost=5545.89..5546.44 rows=29 width=136) (actual time=29.813..29.820 rows=5 loops=1)
Merge Join  (cost=5556.92..5560.38 rows=195 width=127) (actual time=34.005..34.111 rows=214 loops=1)
Merge Join  (cost=5534.07..5539.08 rows=27 width=21) (actual time=29.851..30.056 rows=9 loops=1)
Merge Join  (cost=5545.04..5546.02 rows=53 width=127) (actual time=33.012..33.022 rows=7 loops=1)
Merge Join  (cost=5545.77..5546.76 rows=54 width=127) (actual time=32.704..32.723 rows=27 loops=1)
Merge Join  (cost=5547.77..5548.80 rows=56 width=127) (actual time=33.200..33.208 rows=3 loops=1)
Merge Join  (cost=5536.00..5541.18 rows=28 width=21) (actual time=29.741..29.885 rows=25 loops=1)
Merge Join  (cost=5534.92..5540.01 rows=28 width=21) (actual time=29.724..29.840 rows=22 loops=1)
Merge Join  (cost=5535.83..5541.00 rows=28 width=21) (actual time=29.528..29.681 rows=29 loops=1)
Merge Join  (cost=5536.40..5541.62 rows=28 width=21) (actual time=30.142..30.211 rows=25 loops=1)
Merge Join  (cost=5534.64..5539.69 rows=27 width=21) (actual time=29.756..29.977 rows=33 loops=1)
Merge Join  (cost=5546.07..5547.06 rows=54 width=127) (actual time=33.230..33.258 rows=47 loops=1)
Merge Join  (cost=5535.54..5540.69 rows=28 width=403) (actual time=29.353..29.596 rows=27 loops=1)
Merge Join  (cost=5543.56..5544.10 rows=28 width=136) (actual time=30.040..30.061 rows=27 loops=1)
Merge Join  (cost=5534.92..5540.01 rows=28 width=403) (actual time=29.653..29.834 rows=27 loops=1)
Merge Join  (cost=5543.09..5543.61 rows=27 width=136) (actual time=30.053..30.071 rows=25 loops=1)
Merge Join  (cost=5536.17..5541.37 rows=28 width=21) (actual time=29.834..30.018 rows=7 loops=1)
Merge Join  (cost=5547.05..5548.05 rows=55 width=127) (actual time=33.186..33.225 rows=68 loops=1)
Merge Join  (cost=5534.53..5539.57 rows=27 width=21) (actual time=29.727..29.958 rows=7 loops=1)
Merge Join  (cost=5546.80..5547.81 rows=55 width=127) (actual time=33.568..33.606 rows=72 loops=1)
Merge Join  (cost=5547.77..5548.80 rows=56 width=127) (actual time=33.344..33.365 rows=31 loops=1)
Merge Join  (cost=5556.93..5560.26 rows=188 width=127) (actual time=33.527..33.607 rows=165 loops=1)
Merge Join  (cost=5536.00..5541.18 rows=28 width=21) (actual time=29.738..29.978 rows=13 loops=1)
Merge Join  (cost=5544.24..5544.78 rows=28 width=136) (actual time=29.944..29.950 rows=3 loops=1)
Merge Join  (cost=5534.53..5539.57 rows=27 width=21) (actual time=29.568..29.759 rows=15 loops=1)
Merge Join  (cost=5535.83..5541.00 rows=28 width=21) (actual time=29.865..30.018 rows=17 loops=1)
Merge Join  (cost=5544.24..5544.78 rows=28 width=136) (actual time=30.023..30.038 rows=23 loops=1)
Merge Join  (cost=5544.24..5544.78 rows=28 width=136) (actual time=29.867..29.882 rows=19 loops=1)
Merge Join  (cost=5534.64..5539.69 rows=27 width=21) (actual time=29.574..29.720 rows=27 loops=1)
Merge Join  (cost=5534.07..5539.08 rows=27 width=21) (actual time=29.525..29.539 rows=26 loops=1)
Merge Join  (cost=5536.17..5541.37 rows=28 width=21) (actual time=29.721..29.965 rows=5 loops=1)
Merge Join  (cost=5535.43..5540.57 rows=28 width=21) (actual time=29.532..29.678 rows=9 loops=1)
Merge Join  (cost=5535.54..5540.69 rows=28 width=21) (actual time=29.629..29.786 rows=25 loops=1)
Merge Join  (cost=5534.64..5539.69 rows=27 width=21) (actual time=29.971..30.106 rows=3 loops=1)
Merge Join  (cost=5543.21..5543.73 rows=27 width=136) (actual time=29.853..29.870 rows=25 loops=1)
Merge Join  (cost=5545.04..5546.02 rows=53 width=127) (actual time=33.172..33.215 rows=77 loops=1)
Merge Join  (cost=5535.54..5540.69 rows=28 width=21) (actual time=29.708..29.828 rows=30 loops=1)
Merge Join  (cost=5536.17..5541.37 rows=28 width=21) (actual time=29.576..29.732 rows=25 loops=1)
Merge Join  (cost=5536.17..5541.37 rows=28 width=21) (actual time=29.978..30.112 rows=7 loops=1)
Merge Join  (cost=5536.17..5541.37 rows=28 width=21) (actual time=29.925..30.052 rows=9 loops=1)
Merge Join  (cost=5546.43..5547.44 rows=55 width=127) (actual time=33.063..33.073 rows=9 loops=1)
Merge Join  (cost=5543.93..5544.47 rows=28 width=136) (actual time=30.445..30.459 rows=20 loops=1)
Merge Join  (cost=5546.80..5547.81 rows=55 width=127) (actual time=33.342..33.367 rows=45 loops=1)
Merge Join  (cost=5581.17..5588.92 rows=440 width=127) (actual time=34.393..34.621 rows=508 loops=1)
Merge Join  (cost=5544.24..5544.78 rows=28 width=136) (actual time=30.207..30.217 rows=9 loops=1)
Merge Join  (cost=5545.77..5546.76 rows=54 width=127) (actual time=33.207..33.301 rows=192 loops=1)
Merge Join  (cost=5544.55..5545.08 rows=28 width=136) (actual time=29.973..29.989 rows=21 loops=1)
Merge Join  (cost=5536.00..5541.18 rows=28 width=21) (actual time=29.939..30.096 rows=26 loops=1)
Merge Join  (cost=5547.05..5548.05 rows=55 width=127) (actual time=32.931..32.945 rows=17 loops=1)
Merge Join  (cost=5545.58..5546.57 rows=54 width=127) (actual time=32.936..32.973 rows=72 loops=1)
Merge Join  (cost=5582.71..5590.79 rows=459 width=127) (actual time=34.515..34.755 rows=507 loops=1)
Merge Join  (cost=5547.05..5548.05 rows=55 width=127) (actual time=33.226..33.242 rows=21 loops=1)
Merge Join  (cost=5536.17..5541.37 rows=28 width=21) (actual time=29.600..29.738 rows=32 loops=1)
Merge Join  (cost=5535.54..5540.69 rows=28 width=21) (actual time=29.651..29.829 rows=11 loops=1)
Merge Join  (cost=5545.89..5546.44 rows=29 width=136) (actual time=29.873..29.892 rows=29 loops=1)
Merge Join  (cost=5546.14..5547.13 rows=54 width=127) (actual time=32.965..32.979 rows=18 loops=1)
Merge Join  (cost=5544.24..5544.78 rows=28 width=136) (actual time=30.071..30.089 rows=25 loops=1)
Merge Join  (cost=5535.43..5540.57 rows=28 width=21) (actual time=29.635..29.755 rows=3 loops=1)
Merge Join  (cost=5536.17..5541.37 rows=28 width=21) (actual time=29.765..29.904 rows=20 loops=1)
Merge Join  (cost=5535.60..5540.75 rows=28 width=21) (actual time=29.940..30.105 rows=23 loops=1)
Merge Join  (cost=5546.07..5547.06 rows=54 width=127) (actual time=32.915..32.919 rows=1 loops=1)
Merge Join  (cost=5534.07..5539.08 rows=27 width=21) (actual time=29.604..29.765 rows=17 loops=1)
Merge Join  (cost=5584.95..5593.39 rows=480 width=127) (actual time=34.218..34.452 rows=480 loops=1)
Merge Join  (cost=5546.43..5547.44 rows=55 width=127) (actual time=32.675..32.715 rows=75 loops=1)
Merge Join  (cost=5535.54..5540.69 rows=28 width=21) (actual time=29.895..30.054 rows=18 loops=1)
Merge Join  (cost=5536.40..5541.62 rows=28 width=21) (actual time=29.600..29.814 rows=3 loops=1)
Merge Join  (cost=5547.77..5548.80 rows=56 width=127) (actual time=33.282..33.319 rows=68 loops=1)
Merge Join  (cost=5536.17..5541.37 rows=28 width=21) (actual time=29.855..29.972 rows=3 loops=1)
Merge Join  (cost=5544.92..5545.45 rows=28 width=136) (actual time=29.962..29.978 rows=21 loops=1)
Merge Join  (cost=5543.93..5544.47 rows=28 width=136) (actual time=29.695..29.707 rows=17 loops=1)
Merge Join  (cost=5544.30..5544.84 rows=28 width=136) (actual time=29.833..29.851 rows=27 loops=1)
Merge Join  (cost=5534.92..5540.01 rows=28 width=21) (actual time=29.541..29.660 rows=7 loops=1)
Merge Join  (cost=5544.92..5545.45 rows=28 width=136) (actual time=29.835..29.854 rows=29 loops=1)
Merge Join  (cost=5542.60..5543.12 rows=27 width=136) (actual time=29.953..29.969 rows=23 loops=1)
Merge Join  (cost=5546.43..5547.44 rows=55 width=127) (actual time=33.614..33.651 rows=68 loops=1)
Merge Join  (cost=5536.17..5541.37 rows=28 width=21) (actual time=29.942..30.035 rows=28 loops=1)
Merge Join  (cost=5546.07..5547.06 rows=54 width=127) (actual time=32.774..32.784 rows=11 loops=1)
Merge Join  (cost=5536.40..5541.62 rows=28 width=21) (actual time=29.518..29.654 rows=31 loops=1)
Merge Join  (cost=5544.24..5544.78 rows=28 width=136) (actual time=30.111..30.132 rows=33 loops=1)
Merge Join  (cost=5535.83..5541.00 rows=28 width=21) (actual time=29.808..29.826 rows=30 loops=1)
Merge Join  (cost=5535.60..5540.75 rows=28 width=21) (actual time=30.021..30.167 rows=7 loops=1)
Merge Join  (cost=5536.17..5541.37 rows=28 width=21) (actual time=29.555..29.639 rows=7 loops=1)
Merge Join  (cost=5544.30..5544.84 rows=28 width=136) (actual time=30.156..30.163 rows=3 loops=1)
Merge Join  (cost=5534.53..5539.57 rows=27 width=21) (actual time=29.737..29.886 rows=18 loops=1)
Merge Join  (cost=5546.43..5547.44 rows=55 width=127) (actual time=32.703..32.746 rows=86 loops=1)
Merge Join  (cost=5536.00..5541.18 rows=28 width=21) (actual time=29.598..29.750 rows=12 loops=1)
Merge Join  (cost=5545.40..5546.39 rows=54 width=127) (actual time=33.217..33.224 rows=3 loops=1)
Merge Join  (cost=5536.17..5541.37 rows=28 width=21) (actual time=29.815..30.001 rows=17 loops=1)
Merge Join  (cost=5544.92..5545.89 rows=53 width=127) (actual time=33.565..33.608 rows=82 loops=1)
Merge Join  (cost=5546.14..5547.13 rows=54 width=127) (actual time=32.802..32.840 rows=74 loops=1)
Merge Join  (cost=5544.43..5545.40 rows=53 width=127) (actual time=32.889..32.914 rows=45 loops=1)
Merge Join  (cost=5534.53..5539.57 rows=27 width=21) (actual time=29.664..29.800 rows=34 loops=1)
Merge Join  (cost=5536.17..5541.37 rows=28 width=21) (actual time=30.046..30.228 rows=3 loops=1)
Merge Join  (cost=5577.22..5584.23 rows=398 width=127) (actual time=33.384..33.580 rows=406 loops=1)
Merge Join  (cost=5535.54..5540.69 rows=28 width=21) (actual time=30.102..30.285 rows=9 loops=1)
Merge Join  (cost=5578.17..5585.39 rows=410 width=127) (actual time=34.347..34.565 rows=450 loops=1)
Merge Join  (cost=5546.43..5547.44 rows=55 width=127) (actual time=33.525..33.601 rows=155 loops=1)
Merge Join  (cost=5547.77..5548.80 rows=56 width=127) (actual time=33.072..33.103 rows=53 loops=1)
Merge Join  (cost=5545.89..5546.44 rows=29 width=136) (actual time=30.026..30.048 rows=35 loops=1)
Merge Join  (cost=5546.80..5547.81 rows=55 width=127) (actual time=32.833..32.840 rows=5 loops=1)
Merge Join  (cost=5536.17..5541.37 rows=28 width=403) (actual time=29.463..29.676 rows=1 loops=1)
Merge Join  (cost=5534.07..5539.08 rows=27 width=21) (actual time=29.592..29.789 rows=1 loops=1)
Merge Join  (cost=5546.80..5547.81 rows=55 width=127) (actual time=33.073..33.093 rows=33 loops=1)
Merge Join  (cost=5535.83..5541.00 rows=28 width=21) (actual time=29.747..29.851 rows=27 loops=1)
Merge Join  (cost=5545.04..5546.02 rows=53 width=127) (actual time=33.302..33.339 rows=65 loops=1)
Merge Join  (cost=5545.95..5546.94 rows=54 width=127) (actual time=32.864..32.898 rows=60 loops=1)
Merge Join  (cost=5534.64..5539.69 rows=27 width=21) (actual time=29.911..29.992 rows=32 loops=1)
Merge Join  (cost=5544.73..5545.27 rows=28 width=136) (actual time=29.985..29.994 rows=6 loops=1)
Merge Join  (cost=5534.53..5539.57 rows=27 width=21) (actual time=29.753..29.839 rows=26 loops=1)
Merge Join  (cost=5544.43..5545.40 rows=53 width=127) (actual time=32.815..32.830 rows=21 loops=1)
Merge Join  (cost=5534.92..5540.01 rows=28 width=21) (actual time=29.756..29.845 rows=19 loops=1)
Merge Join  (cost=5535.83..5541.00 rows=28 width=21) (actual time=29.831..30.008 rows=27 loops=1)
Merge Join  (cost=5547.77..5548.80 rows=56 width=127) (actual time=33.005..33.043 rows=70 loops=1)
Merge Join  (cost=5543.21..5543.73 rows=27 width=136) (actual time=29.881..29.901 rows=31 loops=1)
Merge Join  (cost=5535.54..5540.69 rows=28 width=21) (actual time=29.903..29.963 rows=24 loops=1)
Merge Join  (cost=5547.77..5548.80 rows=56 width=127) (actual time=33.378..33.401 rows=33 loops=1)
Merge Join  (cost=5535.83..5541.00 rows=28 width=21) (actual time=29.673..29.695 rows=40 loops=1)
Merge Join  (cost=5652.77..5678.84 rows=1421 width=127) (actual time=34.666..35.725 rows=1546 loops=1)
Merge Join  (cost=5544.92..5545.89 rows=53 width=127) (actual time=33.398..33.430 rows=55 loops=1)
Merge Join  (cost=5547.77..5548.80 rows=56 width=127) (actual time=33.124..33.153 rows=45 loops=1)
Merge Join  (cost=5546.80..5547.81 rows=55 width=127) (actual time=32.559..32.579 rows=31 loops=1)
Merge Join  (cost=5535.60..5540.75 rows=28 width=21) (actual time=29.593..29.748 rows=28 loops=1)
Merge Join  (cost=5546.80..5547.81 rows=55 width=127) (actual time=33.761..33.850 rows=181 loops=1)
Merge Join  (cost=5536.17..5541.37 rows=28 width=21) (actual time=29.859..29.947 rows=16 loops=1)
Merge Join  (cost=5535.60..5540.75 rows=28 width=21) (actual time=29.579..29.732 rows=29 loops=1)
Merge Join  (cost=5547.05..5548.05 rows=55 width=127) (actual time=32.576..32.583 rows=5 loops=1)
Merge Join  (cost=5534.07..5539.08 rows=27 width=21) (actual time=29.648..29.844 rows=1 loops=1)
Merge Join  (cost=5546.07..5547.06 rows=54 width=127) (actual time=32.837..32.845 rows=3 loops=1)
Merge Join  (cost=5536.00..5541.18 rows=28 width=21) (actual time=29.751..29.895 rows=34 loops=1)
Merge Join  (cost=5534.07..5539.08 rows=27 width=21) (actual time=29.900..30.028 rows=5 loops=1)
Merge Join  (cost=5546.80..5547.81 rows=55 width=127) (actual time=33.349..33.375 rows=43 loops=1)
Merge Join  (cost=5544.24..5544.78 rows=28 width=136) (actual time=30.089..30.099 rows=9 loops=1)
Merge Join  (cost=5535.26..5540.38 rows=28 width=21) (actual time=29.715..29.901 rows=29 loops=1)
Merge Join  (cost=5544.12..5544.65 rows=28 width=136) (actual time=29.763..29.773 rows=9 loops=1)
Merge Join  (cost=5535.54..5540.69 rows=28 width=21) (actual time=29.526..29.637 rows=4 loops=1)
Merge Join  (cost=5546.80..5547.81 rows=55 width=127) (actual time=33.533..33.576 rows=79 loops=1)
Merge Join  (cost=5588.38..5597.49 rows=518 width=127) (actual time=34.407..34.664 rows=527 loops=1)
Merge Join  (cost=5546.07..5547.06 rows=54 width=127) (actual time=33.099..33.112 rows=17 loops=1)
Merge Join  (cost=5543.75..5544.28 rows=28 width=136) (actual time=29.697..29.715 rows=29 loops=1)
Merge Join  (cost=5543.93..5544.47 rows=28 width=136) (actual time=29.886..29.898 rows=17 loops=1)
Merge Join  (cost=5544.43..5545.40 rows=53 width=127) (actual time=33.130..33.145 rows=20 loops=1)
Merge Join  (cost=5545.04..5546.02 rows=53 width=127) (actual time=32.505..32.519 rows=17 loops=1)
Merge Join  (cost=5545.40..5546.39 rows=54 width=127) (actual time=32.864..32.881 rows=27 loops=1)
Merge Join  (cost=5545.58..5546.57 rows=54 width=127) (actual time=32.759..32.762 rows=1 loops=1)
Merge Join  (cost=5546.14..5547.13 rows=54 width=127) (actual time=33.047..33.057 rows=11 loops=1)
Merge Join  (cost=5536.40..5541.62 rows=28 width=21) (actual time=29.728..29.874 rows=3 loops=1)
Merge Join  (cost=5590.96..5600.35 rows=534 width=127) (actual time=34.238..34.504 rows=575 loops=1)
Merge Join  (cost=5535.09..5540.20 rows=28 width=21) (actual time=29.761..29.891 rows=9 loops=1)
Merge Join  (cost=5535.54..5540.69 rows=28 width=21) (actual time=29.939..30.064 rows=34 loops=1)
Merge Join  (cost=5535.54..5540.69 rows=28 width=21) (actual time=29.557..29.717 rows=32 loops=1)
Merge Join  (cost=5534.07..5539.08 rows=27 width=21) (actual time=29.471..29.649 rows=9 loops=1)
Merge Join  (cost=5545.04..5546.02 rows=53 width=127) (actual time=33.227..33.260 rows=56 loops=1)
Merge Join  (cost=5544.24..5544.78 rows=28 width=136) (actual time=30.001..30.015 rows=19 loops=1)
Merge Join  (cost=5537.02..5542.31 rows=29 width=21) (actual time=29.800..29.911 rows=26 loops=1)
Merge Join  (cost=5542.60..5543.12 rows=27 width=136) (actual time=29.934..29.948 rows=21 loops=1)
Merge Join  (cost=5535.43..5540.57 rows=28 width=21) (actual time=29.762..29.889 rows=32 loops=1)
Merge Join  (cost=5546.61..5547.62 rows=55 width=127) (actual time=33.043..33.081 rows=74 loops=1)
Merge Join  (cost=5543.87..5544.41 rows=28 width=136) (actual time=30.092..30.105 rows=17 loops=1)
Merge Join  (cost=5545.58..5546.57 rows=54 width=127) (actual time=32.866..32.878 rows=17 loops=1)
Merge Join  (cost=5546.80..5547.81 rows=55 width=127) (actual time=33.526..33.611 rows=175 loops=1)
Merge Join  (cost=5546.14..5547.13 rows=54 width=127) (actual time=33.065..33.097 rows=56 loops=1)
Merge Join  (cost=5534.64..5539.69 rows=27 width=21) (actual time=29.744..29.901 rows=28 loops=1)
Merge Join  (cost=5535.83..5541.00 rows=28 width=21) (actual time=29.677..29.828 rows=9 loops=1)
Merge Join  (cost=5545.40..5546.39 rows=54 width=127) (actual time=32.912..32.921 rows=7 loops=1)
Merge Join  (cost=5535.09..5540.20 rows=28 width=21) (actual time=29.603..29.803 rows=3 loops=1)
Merge Join  (cost=5544.24..5544.78 rows=28 width=136) (actual time=30.119..30.135 rows=25 loops=1)
Merge Join  (cost=5535.54..5540.69 rows=28 width=21) (actual time=29.285..29.479 rows=7 loops=1)
Merge Join  (cost=5534.64..5539.69 rows=27 width=21) (actual time=29.642..29.798 rows=19 loops=1)
Merge Join  (cost=5536.17..5541.37 rows=28 width=21) (actual time=29.682..29.912 rows=13 loops=1)
Merge Join  (cost=5534.64..5539.69 rows=27 width=21) (actual time=29.770..29.939 rows=15 loops=1)
Merge Join  (cost=5546.61..5547.62 rows=55 width=127) (actual time=32.792..32.810 rows=25 loops=1)
Merge Join  (cost=5546.80..5547.81 rows=55 width=127) (actual time=33.326..33.359 rows=62 loops=1)
Merge Join  (cost=5546.61..5547.62 rows=55 width=127) (actual time=33.151..33.159 rows=5 loops=1)
Merge Join  (cost=5536.17..5541.37 rows=28 width=21) (actual time=29.724..29.899 rows=3 loops=1)
Merge Join  (cost=5545.40..5546.39 rows=54 width=127) (actual time=33.088..33.116 rows=49 loops=1)
Merge Join  (cost=5534.64..5539.69 rows=27 width=21) (actual time=29.802..29.968 rows=32 loops=1)
Merge Join  (cost=5534.64..5539.69 rows=27 width=21) (actual time=29.797..29.985 rows=1 loops=1)
Merge Join  (cost=5546.07..5547.06 rows=54 width=127) (actual time=32.859..32.871 rows=17 loops=1)
Merge Join  (cost=5545.70..5546.69 rows=54 width=127) (actual time=32.621..32.624 rows=1 loops=1)
Merge Join  (cost=5543.21..5543.73 rows=27 width=136) (actual time=30.295..30.313 rows=27 loops=1)
Merge Join  (cost=5544.43..5545.40 rows=53 width=127) (actual time=33.117..33.142 rows=39 loops=1)
Merge Join  (cost=5535.20..5540.32 rows=28 width=21) (actual time=29.868..29.918 rows=7 loops=1)
Merge Join  (cost=5534.64..5539.69 rows=27 width=21) (actual time=29.717..29.779 rows=20 loops=1)
Merge Join  (cost=5534.64..5539.69 rows=27 width=21) (actual time=29.778..29.889 rows=28 loops=1)
Merge Join  (cost=5546.61..5547.62 rows=55 width=127) (actual time=33.435..33.455 rows=31 loops=1)
Merge Join  (cost=5535.83..5541.00 rows=28 width=21) (actual time=29.632..29.796 rows=20 loops=1)
Merge Join  (cost=5547.77..5548.80 rows=56 width=127) (actual time=33.234..33.278 rows=82 loops=1)
Merge Join  (cost=5544.24..5544.78 rows=28 width=136) (actual time=30.027..30.040 rows=17 loops=1)
Merge Join  (cost=5535.54..5540.69 rows=28 width=21) (actual time=29.790..29.947 rows=18 loops=1)
Merge Join  (cost=5587.74..5596.62 rows=505 width=127) (actual time=34.448..34.699 rows=517 loops=1)
Merge Join  (cost=5535.60..5540.75 rows=28 width=403) (actual time=29.688..29.878 rows=31 loops=1)
Merge Join  (cost=5544.92..5545.45 rows=28 width=136) (actual time=29.994..30.005 rows=11 loops=1)
Merge Join  (cost=5536.40..5541.62 rows=28 width=21) (actual time=29.904..30.072 rows=9 loops=1)
Merge Join  (cost=5557.90..5561.28 rows=191 width=127) (actual time=33.327..33.418 rows=190 loops=1)
Merge Join  (cost=5546.80..5547.81 rows=55 width=127) (actual time=32.585..32.624 rows=75 loops=1)
Merge Join  (cost=5544.55..5545.08 rows=28 width=136) (actual time=30.168..30.187 rows=27 loops=1)
Merge Join  (cost=5546.43..5547.44 rows=55 width=127) (actual time=32.934..32.943 rows=7 loops=1)
Merge Join  (cost=5546.07..5547.06 rows=54 width=127) (actual time=33.411..33.493 rows=165 loops=1)
Merge Join  (cost=5536.17..5541.37 rows=28 width=21) (actual time=30.127..30.251 rows=1 loops=1)
Merge Join  (cost=5534.07..5539.08 rows=27 width=21) (actual time=29.730..29.856 rows=30 loops=1)
Merge Join  (cost=5545.04..5546.02 rows=53 width=127) (actual time=33.125..33.154 rows=53 loops=1)
Merge Join  (cost=5546.80..5547.81 rows=55 width=127) (actual time=32.657..32.664 rows=3 loops=1)
Merge Join  (cost=5545.70..5546.69 rows=54 width=127) (actual time=32.693..32.721 rows=49 loops=1)
Merge Join  (cost=5544.24..5544.78 rows=28 width=136) (actual time=30.011..30.028 rows=25 loops=1)
Merge Join  (cost=5535.26..5540.38 rows=28 width=21) (actual time=29.827..30.003 rows=3 loops=1)
Merge Join  (cost=5547.05..5548.05 rows=55 width=127) (actual time=32.946..32.948 rows=1 loops=1)
Merge Join  (cost=5534.92..5540.01 rows=28 width=21) (actual time=29.795..29.884 rows=21 loops=1)
Merge Join  (cost=5545.89..5546.44 rows=29 width=136) (actual time=29.988..30.006 rows=27 loops=1)
Merge Join  (cost=5535.54..5540.69 rows=28 width=21) (actual time=29.870..29.989 rows=22 loops=1)
Merge Join  (cost=5535.26..5540.38 rows=28 width=21) (actual time=29.729..29.822 rows=20 loops=1)
Merge Join  (cost=5545.17..5545.70 rows=28 width=136) (actual time=29.997..30.007 rows=7 loops=1)
Merge Join  (cost=5535.60..5540.75 rows=28 width=21) (actual time=30.027..30.146 rows=11 loops=1)
Merge Join  (cost=5535.54..5540.69 rows=28 width=21) (actual time=29.904..29.996 rows=11 loops=1)
Merge Join  (cost=5536.40..5541.62 rows=28 width=21) (actual time=29.723..29.736 rows=24 loops=1)
Merge Join  (cost=5544.24..5544.78 rows=28 width=136) (actual time=29.730..29.750 rows=35 loops=1)
Merge Join  (cost=5560.44..5564.35 rows=221 width=127) (actual time=33.916..34.023 rows=223 loops=1)
Merge Join  (cost=5545.70..5546.69 rows=54 width=127) (actual time=32.993..33.002 rows=9 loops=1)
Merge Join  (cost=5583.26..5591.39 rows=462 width=127) (actual time=34.571..34.814 rows=503 loops=1)
Merge Join  (cost=5557.45..5560.89 rows=194 width=127) (actual time=33.520..33.616 rows=204 loops=1)
Merge Join  (cost=5536.40..5541.62 rows=28 width=21) (actual time=29.730..29.974 rows=19 loops=1)
Merge Join  (cost=5537.02..5542.31 rows=29 width=21) (actual time=29.687..29.830 rows=9 loops=1)
Merge Join  (cost=5535.83..5541.00 rows=28 width=21) (actual time=29.683..29.863 rows=8 loops=1)
Merge Join  (cost=5535.54..5540.69 rows=28 width=21) (actual time=29.676..29.813 rows=6 loops=1)
Merge Join  (cost=5544.55..5545.08 rows=28 width=136) (actual time=30.159..30.173 rows=17 loops=1)
Merge Join  (cost=5536.17..5541.37 rows=28 width=21) (actual time=30.055..30.225 rows=7 loops=1)
Merge Join  (cost=5544.24..5544.78 rows=28 width=136) (actual time=30.108..30.122 rows=17 loops=1)
Merge Join  (cost=5535.54..5540.69 rows=28 width=403) (actual time=30.191..30.347 rows=17 loops=1)
Merge Join  (cost=5534.64..5539.69 rows=27 width=21) (actual time=29.986..30.103 rows=26 loops=1)
Merge Join  (cost=5544.24..5544.78 rows=28 width=136) (actual time=30.129..30.143 rows=17 loops=1)
Merge Join  (cost=5545.04..5546.02 rows=53 width=127) (actual time=33.077..33.102 rows=42 loops=1)
Merge Join  (cost=5536.00..5541.18 rows=28 width=21) (actual time=29.643..29.719 rows=26 loops=1)
Merge Join  (cost=5534.64..5539.69 rows=27 width=21) (actual time=29.871..29.980 rows=9 loops=1)
Merge Join  (cost=5535.83..5541.00 rows=28 width=21) (actual time=29.838..29.989 rows=17 loops=1)
Merge Join  (cost=5534.92..5540.01 rows=28 width=21) (actual time=29.771..29.892 rows=1 loops=1)
Merge Join  (cost=5546.14..5547.13 rows=54 width=127) (actual time=32.861..32.909 rows=89 loops=1)
Merge Join  (cost=5546.14..5547.13 rows=54 width=127) (actual time=33.416..33.426 rows=9 loops=1)
Merge Join  (cost=5543.75..5544.28 rows=28 width=136) (actual time=30.014..30.017 rows=1 loops=1)
Merge Join  (cost=5534.64..5539.69 rows=27 width=21) (actual time=29.625..29.703 rows=24 loops=1)
Merge Join  (cost=5545.04..5546.02 rows=53 width=127) (actual time=32.285..32.292 rows=3 loops=1)
Merge Join  (cost=5534.64..5539.69 rows=27 width=403) (actual time=29.586..29.696 rows=3 loops=1)
Merge Join  (cost=5545.04..5546.02 rows=53 width=127) (actual time=33.046..33.049 rows=1 loops=1)
Merge Join  (cost=5535.09..5540.20 rows=28 width=21) (actual time=29.833..29.940 rows=13 loops=1)
Merge Join  (cost=5547.05..5548.05 rows=55 width=127) (actual time=33.100..33.135 rows=57 loops=1)
Merge Join  (cost=5544.24..5544.78 rows=28 width=136) (actual time=30.251..30.262 rows=11 loops=1)
Merge Join  (cost=5547.05..5548.05 rows=55 width=127) (actual time=33.162..33.172 rows=9 loops=1)
Merge Join  (cost=5537.02..5542.31 rows=29 width=21) (actual time=29.697..29.866 rows=36 loops=1)
Merge Join  (cost=5536.40..5541.62 rows=28 width=21) (actual time=29.696..29.777 rows=11 loops=1)
Merge Join  (cost=5536.17..5541.37 rows=28 width=21) (actual time=29.708..29.784 rows=1 loops=1)
Merge Join  (cost=5544.55..5545.08 rows=28 width=136) (actual time=30.113..30.128 rows=21 loops=1)
Merge Join  (cost=5535.26..5540.38 rows=28 width=21) (actual time=29.640..29.760 rows=19 loops=1)
Merge Join  (cost=5535.20..5540.32 rows=28 width=21) (actual time=29.706..29.854 rows=20 loops=1)
Merge Join  (cost=5536.17..5541.37 rows=28 width=21) (actual time=29.736..29.851 rows=24 loops=1)
Merge Join  (cost=5534.07..5539.08 rows=27 width=21) (actual time=29.761..29.921 rows=17 loops=1)
Merge Join  (cost=5536.17..5541.37 rows=28 width=21) (actual time=29.952..30.048 rows=24 loops=1)
Merge Join  (cost=5545.77..5546.76 rows=54 width=127) (actual time=33.063..33.079 rows=22 loops=1)
Merge Join  (cost=5546.07..5547.06 rows=54 width=127) (actual time=33.614..33.712 rows=205 loops=1)
Merge Join  (cost=5535.83..5541.00 rows=28 width=21) (actual time=29.725..29.866 rows=32 loops=1)
Merge Join  (cost=5544.92..5545.89 rows=53 width=127) (actual time=33.093..33.123 rows=57 loops=1)
Merge Join  (cost=5547.05..5548.05 rows=55 width=127) (actual time=32.611..32.636 rows=41 loops=1)
Merge Join  (cost=5653.16..5679.30 rows=1425 width=127) (actual time=34.957..36.056 rows=1542 loops=1)
Merge Join  (cost=5536.17..5541.37 rows=28 width=21) (actual time=29.743..29.902 rows=21 loops=1)
Merge Join  (cost=5542.60..5543.12 rows=27 width=136) (actual time=29.988..29.997 rows=9 loops=1)
Merge Join  (cost=5534.53..5539.57 rows=27 width=21) (actual time=29.518..29.533 rows=26 loops=1)
Merge Join  (cost=5545.04..5546.02 rows=53 width=127) (actual time=32.947..32.958 rows=11 loops=1)
Merge Join  (cost=5543.21..5543.73 rows=27 width=136) (actual time=30.059..30.066 rows=5 loops=1)
Merge Join  (cost=5537.02..5542.31 rows=29 width=21) (actual time=29.640..29.783 rows=19 loops=1)
Merge Join  (cost=5534.92..5540.01 rows=28 width=21) (actual time=29.690..29.842 rows=18 loops=1)
Merge Join  (cost=5544.24..5544.78 rows=28 width=136) (actual time=30.024..30.045 rows=31 loops=1)
Merge Join  (cost=5534.53..5539.57 rows=27 width=21) (actual time=30.112..30.207 rows=9 loops=1)
Merge Join  (cost=5536.00..5541.18 rows=28 width=21) (actual time=29.773..29.919 rows=22 loops=1)
Merge Join  (cost=5534.64..5539.69 rows=27 width=21) (actual time=29.653..29.809 rows=28 loops=1)
Merge Join  (cost=5545.40..5546.39 rows=54 width=127) (actual time=33.123..33.130 rows=3 loops=1)
Merge Join  (cost=5546.07..5547.06 rows=54 width=127) (actual time=33.177..33.203 rows=44 loops=1)
Merge Join  (cost=5535.54..5540.69 rows=28 width=21) (actual time=29.806..29.986 rows=7 loops=1)
Merge Join  (cost=5547.05..5548.05 rows=55 width=127) (actual time=33.058..33.077 rows=28 loops=1)
Merge Join  (cost=5545.40..5546.39 rows=54 width=127) (actual time=33.285..33.323 rows=71 loops=1)
Merge Join  (cost=5534.07..5539.08 rows=27 width=21) (actual time=29.900..29.982 rows=28 loops=1)
Merge Join  (cost=5545.77..5546.76 rows=54 width=127) (actual time=32.757..32.764 rows=3 loops=1)
Merge Join  (cost=5537.02..5542.31 rows=29 width=21) (actual time=29.810..29.900 rows=32 loops=1)
Merge Join  (cost=5535.26..5540.38 rows=28 width=21) (actual time=29.757..29.905 rows=24 loops=1)
Merge Join  (cost=5545.70..5546.69 rows=54 width=127) (actual time=33.478..33.517 rows=77 loops=1)
Merge Join  (cost=5535.54..5540.69 rows=28 width=21) (actual time=29.928..30.108 rows=9 loops=1)
Merge Join  (cost=5543.21..5543.73 rows=27 width=136) (actual time=29.804..29.820 rows=23 loops=1)
Merge Join  (cost=5536.17..5541.37 rows=28 width=21) (actual time=29.657..29.893 rows=27 loops=1)
Merge Join  (cost=5535.60..5540.75 rows=28 width=21) (actual time=30.015..30.017 rows=1 loops=1)
Merge Join  (cost=5546.07..5547.06 rows=54 width=127) (actual time=32.775..32.784 rows=7 loops=1)
Merge Join  (cost=5535.54..5540.69 rows=28 width=403) (actual time=29.475..29.597 rows=3 loops=1)
Merge Join  (cost=5535.20..5540.32 rows=28 width=21) (actual time=30.239..30.380 rows=15 loops=1)
Merge Join  (cost=5536.17..5541.37 rows=28 width=21) (actual time=29.917..30.056 rows=31 loops=1)
Merge Join  (cost=5544.30..5544.84 rows=28 width=136) (actual time=30.000..30.009 rows=5 loops=1)
Merge Join  (cost=5535.54..5540.69 rows=28 width=21) (actual time=29.702..29.895 rows=7 loops=1)
Merge Join  (cost=5544.92..5545.89 rows=53 width=127) (actual time=33.579..33.654 rows=150 loops=1)
Merge Join  (cost=5545.70..5546.69 rows=54 width=127) (actual time=33.277..33.302 rows=45 loops=1)
Merge Join  (cost=5534.53..5539.57 rows=27 width=403) (actual time=29.569..29.803 rows=29 loops=1)
Merge Join  (cost=5537.02..5542.31 rows=29 width=21) (actual time=29.599..29.726 rows=29 loops=1)
Merge Join  (cost=5545.04..5546.02 rows=53 width=127) (actual time=33.322..33.347 rows=41 loops=1)
Merge Join  (cost=5535.54..5540.69 rows=28 width=21) (actual time=29.855..29.985 rows=10 loops=1)
Merge Join  (cost=5535.54..5540.69 rows=28 width=21) (actual time=29.470..29.670 rows=23 loops=1)
Merge Join  (cost=5534.64..5539.69 rows=27 width=21) (actual time=29.556..29.719 rows=20 loops=1)
Merge Join  (cost=5535.09..5540.20 rows=28 width=21) (actual time=29.974..30.175 rows=9 loops=1)
Merge Join  (cost=5544.24..5544.78 rows=28 width=136) (actual time=29.961..29.967 rows=1 loops=1)
Merge Join  (cost=5535.54..5540.69 rows=28 width=403) (actual time=29.858..29.859 rows=1 loops=1)
Merge Join  (cost=5534.53..5539.57 rows=27 width=21) (actual time=29.677..29.832 rows=24 loops=1)
Merge Join  (cost=5546.07..5547.06 rows=54 width=127) (actual time=33.378..33.403 rows=39 loops=1)
Merge Join  (cost=5535.09..5540.20 rows=28 width=21) (actual time=30.047..30.125 rows=15 loops=1)
Merge Join  (cost=5536.40..5541.62 rows=28 width=21) (actual time=29.719..29.869 rows=26 loops=1)
Merge Join  (cost=5545.95..5546.94 rows=54 width=127) (actual time=33.164..33.188 rows=43 loops=1)
Merge Join  (cost=5546.80..5547.81 rows=55 width=127) (actual time=33.011..33.032 rows=37 loops=1)
Merge Join  (cost=5536.17..5541.37 rows=28 width=403) (actual time=29.660..29.861 rows=21 loops=1)
Merge Join  (cost=5544.92..5545.89 rows=53 width=127) (actual time=32.525..32.533 rows=5 loops=1)
Merge Join  (cost=5535.43..5540.57 rows=28 width=21) (actual time=29.723..29.837 rows=3 loops=1)
Merge Join  (cost=5546.61..5547.62 rows=55 width=127) (actual time=32.125..32.134 rows=9 loops=1)
Merge Join  (cost=5544.55..5545.08 rows=28 width=136) (actual time=30.020..30.037 rows=25 loops=1)
Merge Join  (cost=5536.17..5541.37 rows=28 width=21) (actual time=29.750..29.973 rows=5 loops=1)
Merge Join  (cost=5535.54..5540.69 rows=28 width=21) (actual time=29.607..29.748 rows=20 loops=1)
Merge Join  (cost=5535.20..5540.32 rows=28 width=21) (actual time=29.589..29.695 rows=16 loops=1)
Merge Join  (cost=5546.80..5547.81 rows=55 width=127) (actual time=33.284..33.314 rows=51 loops=1)
Merge Join  (cost=5545.17..5545.70 rows=28 width=136) (actual time=30.090..30.099 rows=5 loops=1)
Merge Join  (cost=5534.64..5539.69 rows=27 width=21) (actual time=30.032..30.034 rows=1 loops=1)
Merge Join  (cost=5535.83..5541.00 rows=28 width=21) (actual time=29.485..29.721 rows=3 loops=1)
Merge Join  (cost=5544.24..5544.78 rows=28 width=136) (actual time=30.462..30.476 rows=19 loops=1)
Merge Join  (cost=5543.56..5544.10 rows=28 width=136) (actual time=30.203..30.221 rows=27 loops=1)
Merge Join  (cost=5544.30..5544.84 rows=28 width=136) (actual time=30.110..30.126 rows=21 loops=1)
Merge Join  (cost=5535.60..5540.75 rows=28 width=21) (actual time=29.508..29.638 rows=7 loops=1)
Merge Join  (cost=5545.77..5546.76 rows=54 width=127) (actual time=33.451..33.466 rows=18 loops=1)
Merge Join  (cost=5535.09..5540.20 rows=28 width=21) (actual time=29.919..29.957 rows=25 loops=1)
Merge Join  (cost=5559.34..5563.09 rows=212 width=127) (actual time=33.548..33.640 rows=185 loops=1)
Merge Join  (cost=5546.80..5547.81 rows=55 width=127) (actual time=32.676..32.722 rows=84 loops=1)
Merge Join  (cost=5534.07..5539.08 rows=27 width=21) (actual time=29.814..29.943 rows=15 loops=1)
Merge Join  (cost=5535.09..5540.20 rows=28 width=21) (actual time=29.798..29.963 rows=13 loops=1)
Merge Join  (cost=5545.04..5546.02 rows=53 width=127) (actual time=32.812..32.815 rows=2 loops=1)
Merge Join  (cost=5536.00..5541.18 rows=28 width=21) (actual time=29.610..29.718 rows=24 loops=1)
Merge Join  (cost=5544.43..5545.40 rows=53 width=127) (actual time=32.782..32.800 rows=27 loops=1)
Merge Join  (cost=5544.24..5544.78 rows=28 width=136) (actual time=30.186..30.206 rows=31 loops=1)
Merge Join  (cost=5535.60..5540.75 rows=28 width=21) (actual time=29.768..29.770 rows=1 loops=1)
Merge Join  (cost=5545.17..5545.70 rows=28 width=136) (actual time=29.922..29.930 rows=5 loops=1)
Merge Join  (cost=5545.95..5546.94 rows=54 width=127) (actual time=33.063..33.083 rows=31 loops=1)
Merge Join  (cost=5535.43..5540.57 rows=28 width=403) (actual time=29.661..29.793 rows=23 loops=1)
Merge Join  (cost=5544.24..5544.78 rows=28 width=136) (actual time=30.050..30.060 rows=11 loops=1)
Merge Join  (cost=5535.54..5540.69 rows=28 width=403) (actual time=29.422..29.578 rows=11 loops=1)
Merge Join  (cost=5534.53..5539.57 rows=27 width=21) (actual time=29.910..29.943 rows=15 loops=1)
Merge Join  (cost=5547.05..5548.05 rows=55 width=127) (actual time=33.666..33.703 rows=62 loops=1)
Merge Join  (cost=5536.17..5541.37 rows=28 width=21) (actual time=29.981..30.022 rows=35 loops=1)
Merge Join  (cost=5534.92..5540.01 rows=28 width=21) (actual time=29.895..30.048 rows=24 loops=1)
Merge Join  (cost=5536.40..5541.62 rows=28 width=21) (actual time=29.939..30.124 rows=7 loops=1)
Merge Join  (cost=5535.26..5540.38 rows=28 width=21) (actual time=29.651..29.813 rows=31 loops=1)
Merge Join  (cost=5535.60..5540.75 rows=28 width=21) (actual time=29.689..29.691 rows=1 loops=1)
Merge Join  (cost=5546.61..5547.62 rows=55 width=127) (actual time=32.748..32.769 rows=31 loops=1)
Merge Join  (cost=5546.80..5547.81 rows=55 width=127) (actual time=33.683..33.784 rows=195 loops=1)
Merge Join  (cost=5536.17..5541.37 rows=28 width=403) (actual time=29.507..29.722 rows=31 loops=1)
Merge Join  (cost=5544.92..5545.45 rows=28 width=136) (actual time=30.221..30.241 rows=31 loops=1)
Merge Join  (cost=5534.64..5539.69 rows=27 width=21) (actual time=29.827..30.040 rows=5 loops=1)
Merge Join  (cost=5543.87..5544.41 rows=28 width=136) (actual time=30.209..30.225 rows=19 loops=1)
Merge Join  (cost=5544.55..5545.08 rows=28 width=136) (actual time=29.936..29.939 rows=1 loops=1)
Merge Join  (cost=5545.04..5546.02 rows=53 width=127) (actual time=33.293..33.311 rows=25 loops=1)
Merge Join  (cost=5556.76..5560.13 rows=190 width=127) (actual time=34.358..34.463 rows=214 loops=1)
Merge Join  (cost=5536.17..5541.37 rows=28 width=21) (actual time=29.900..29.996 rows=7 loops=1)
Merge Join  (cost=5534.07..5539.08 rows=27 width=21) (actual time=29.687..29.775 rows=19 loops=1)
Merge Join  (cost=5535.83..5541.00 rows=28 width=21) (actual time=29.935..30.160 rows=5 loops=1)
Merge Join  (cost=5536.40..5541.62 rows=28 width=21) (actual time=30.079..30.280 rows=26 loops=1)
Merge Join  (cost=5544.73..5545.27 rows=28 width=136) (actual time=30.361..30.378 rows=23 loops=1)
Merge Join  (cost=5544.24..5544.78 rows=28 width=136) (actual time=30.026..30.042 rows=21 loops=1)
Merge Join  (cost=5535.09..5540.20 rows=28 width=21) (actual time=29.826..29.961 rows=36 loops=1)
Merge Join  (cost=5535.20..5540.32 rows=28 width=21) (actual time=29.743..29.895 rows=14 loops=1)
Merge Join  (cost=5535.83..5541.00 rows=28 width=21) (actual time=29.921..30.097 rows=15 loops=1)
Merge Join  (cost=5546.80..5547.81 rows=55 width=127) (actual time=33.408..33.421 rows=18 loops=1)
Merge Join  (cost=5543.75..5544.28 rows=28 width=136) (actual time=30.226..30.238 rows=13 loops=1)
Merge Join  (cost=5536.00..5541.18 rows=28 width=21) (actual time=30.185..30.354 rows=27 loops=1)
Merge Join  (cost=5535.83..5541.00 rows=28 width=21) (actual time=30.032..30.159 rows=5 loops=1)
Merge Join  (cost=5535.54..5540.69 rows=28 width=21) (actual time=30.069..30.221 rows=11 loops=1)
Merge Join  (cost=5546.07..5547.06 rows=54 width=127) (actual time=33.616..33.696 rows=159 loops=1)
Merge Join  (cost=5535.54..5540.69 rows=28 width=403) (actual time=29.512..29.743 rows=17 loops=1)
Merge Join  (cost=5536.17..5541.37 rows=28 width=21) (actual time=29.785..29.976 rows=27 loops=1)
Merge Join  (cost=5535.20..5540.32 rows=28 width=21) (actual time=29.722..29.878 rows=32 loops=1)
Merge Join  (cost=5534.07..5539.08 rows=27 width=21) (actual time=30.939..31.140 rows=1 loops=1)
Merge Join  (cost=5547.77..5548.80 rows=56 width=127) (actual time=33.317..33.343 rows=42 loops=1)
Merge Join  (cost=5536.00..5541.18 rows=28 width=21) (actual time=30.076..30.187 rows=28 loops=1)
Merge Join  (cost=5534.92..5540.01 rows=28 width=21) (actual time=30.167..30.344 rows=27 loops=1)
Merge Join  (cost=5557.29..5560.76 rows=196 width=127) (actual time=33.918..34.022 rows=216 loops=1)
Merge Join  (cost=5558.54..5562.14 rows=203 width=127) (actual time=33.806..33.903 rows=191 loops=1)
Merge Join  (cost=5536.17..5541.37 rows=28 width=21) (actual time=30.125..30.273 rows=1 loops=1)
Merge Join  (cost=5535.20..5540.32 rows=28 width=21) (actual time=30.016..30.114 rows=13 loops=1)
Merge Join  (cost=5535.83..5541.00 rows=28 width=21) (actual time=30.258..30.391 rows=14 loops=1)
Merge Join  (cost=5534.92..5540.01 rows=28 width=21) (actual time=29.755..29.904 rows=21 loops=1)
Merge Join  (cost=5545.89..5546.44 rows=29 width=136) (actual time=30.119..30.131 rows=11 loops=1)
Merge Join  (cost=5546.14..5547.13 rows=54 width=127) (actual time=33.788..33.841 rows=100 loops=1)
Merge Join  (cost=5535.60..5540.75 rows=28 width=403) (actual time=29.994..30.151 rows=27 loops=1)
Merge Join  (cost=5546.61..5547.62 rows=55 width=127) (actual time=33.424..33.436 rows=11 loops=1)
Merge Join  (cost=5545.70..5546.69 rows=54 width=127) (actual time=33.560..33.659 rows=198 loops=1)
Merge Join  (cost=5545.77..5546.76 rows=54 width=127) (actual time=33.166..33.175 rows=3 loops=1)
Merge Join  (cost=5535.43..5540.57 rows=28 width=21) (actual time=29.679..29.873 rows=7 loops=1)
Merge Join  (cost=5537.02..5542.31 rows=29 width=21) (actual time=30.189..30.386 rows=19 loops=1)
Merge Join  (cost=5534.64..5539.69 rows=27 width=21) (actual time=30.037..30.163 rows=23 loops=1)
Merge Join  (cost=5534.07..5539.08 rows=27 width=21) (actual time=30.315..30.458 rows=1 loops=1)
Merge Join  (cost=5535.26..5540.38 rows=28 width=21) (actual time=30.365..30.488 rows=18 loops=1)
Merge Join  (cost=5543.56..5544.10 rows=28 width=136) (actual time=30.277..30.295 rows=27 loops=1)
Merge Join  (cost=5542.60..5543.12 rows=27 width=136) (actual time=30.297..30.300 rows=1 loops=1)
Merge Join  (cost=5535.20..5540.32 rows=28 width=21) (actual time=29.737..29.891 rows=20 loops=1)
Merge Join  (cost=5544.92..5545.45 rows=28 width=136) (actual time=30.207..30.225 rows=27 loops=1)
Merge Join  (cost=5537.02..5542.31 rows=29 width=21) (actual time=29.785..29.895 rows=16 loops=1)
Merge Join  (cost=5534.53..5539.57 rows=27 width=21) (actual time=30.076..30.241 rows=20 loops=1)
Merge Join  (cost=5536.17..5541.37 rows=28 width=21) (actual time=30.211..30.321 rows=34 loops=1)
Merge Join  (cost=5546.07..5547.06 rows=54 width=127) (actual time=33.401..33.408 rows=3 loops=1)
Merge Join  (cost=5544.92..5545.89 rows=53 width=127) (actual time=33.296..33.304 rows=5 loops=1)
Merge Join  (cost=5534.53..5539.57 rows=27 width=403) (actual time=30.089..30.245 rows=1 loops=1)
Merge Join  (cost=5545.77..5546.76 rows=54 width=127) (actual time=32.815..32.824 rows=3 loops=1)
Merge Join  (cost=5546.07..5547.06 rows=54 width=127) (actual time=33.416..33.425 rows=7 loops=1)
Merge Join  (cost=5546.43..5547.44 rows=55 width=127) (actual time=33.462..33.495 rows=57 loops=1)
Merge Join  (cost=5535.43..5540.57 rows=28 width=21) (actual time=29.444..29.565 rows=15 loops=1)
Merge Join  (cost=5546.07..5547.06 rows=54 width=127) (actual time=33.215..33.223 rows=3 loops=1)
Merge Join  (cost=5535.54..5540.69 rows=28 width=21) (actual time=29.875..30.145 rows=21 loops=1)
Merge Join  (cost=5545.04..5546.02 rows=53 width=127) (actual time=33.771..33.807 rows=65 loops=1)
Merge Join  (cost=5534.64..5539.69 rows=27 width=403) (actual time=29.929..30.164 rows=13 loops=1)
Merge Join  (cost=5543.21..5543.73 rows=27 width=136) (actual time=29.914..29.924 rows=9 loops=1)
Merge Join  (cost=5536.40..5541.62 rows=28 width=21) (actual time=31.269..31.433 rows=29 loops=1)
Merge Join  (cost=5545.77..5546.76 rows=54 width=127) (actual time=33.677..33.684 rows=3 loops=1)
Merge Join  (cost=5545.58..5546.57 rows=54 width=127) (actual time=34.446..34.456 rows=7 loops=1)
Merge Join  (cost=5545.70..5546.69 rows=54 width=127) (actual time=33.748..33.762 rows=17 loops=1)
Merge Join  (cost=5536.17..5541.37 rows=28 width=21) (actual time=30.139..30.351 rows=1 loops=1)
Merge Join  (cost=5544.12..5544.65 rows=28 width=136) (actual time=30.582..30.600 rows=27 loops=1)
Merge Join  (cost=5650.90..5676.61 rows=1402 width=127) (actual time=35.507..36.633 rows=1479 loops=1)
Merge Join  (cost=5546.61..5547.62 rows=55 width=127) (actual time=33.519..33.527 rows=3 loops=1)
Merge Join  (cost=5559.96..5563.56 rows=203 width=127) (actual time=33.885..33.983 rows=194 loops=1)
Merge Join  (cost=5545.70..5546.69 rows=54 width=127) (actual time=33.781..33.812 rows=53 loops=1)
Merge Join  (cost=5534.07..5539.08 rows=27 width=21) (actual time=30.374..30.542 rows=23 loops=1)
Merge Join  (cost=5534.92..5540.01 rows=28 width=21) (actual time=29.909..30.063 rows=23 loops=1)
Merge Join  (cost=5545.89..5546.44 rows=29 width=136) (actual time=30.143..30.162 rows=27 loops=1)
Merge Join  (cost=5537.02..5542.31 rows=29 width=403) (actual time=29.827..30.028 rows=27 loops=1)
Merge Join  (cost=5545.40..5546.39 rows=54 width=127) (actual time=34.737..34.748 rows=3 loops=1)
Merge Join  (cost=5536.17..5541.37 rows=28 width=21) (actual time=30.379..30.605 rows=15 loops=1)
Merge Join  (cost=5547.05..5548.05 rows=55 width=127) (actual time=33.499..33.513 rows=17 loops=1)
Merge Join  (cost=5535.60..5540.75 rows=28 width=21) (actual time=30.066..30.068 rows=1 loops=1)
Merge Join  (cost=5535.26..5540.38 rows=28 width=21) (actual time=30.637..30.758 rows=7 loops=1)
Merge Join  (cost=5534.07..5539.08 rows=27 width=21) (actual time=30.316..30.479 rows=33 loops=1)
Merge Join  (cost=5545.04..5546.02 rows=53 width=127) (actual time=34.576..34.596 rows=29 loops=1)
Merge Join  (cost=5535.54..5540.69 rows=28 width=21) (actual time=29.914..30.109 rows=1 loops=1)
Merge Join  (cost=5557.65..5561.14 rows=197 width=127) (actual time=33.725..33.815 rows=176 loops=1)
Merge Join  (cost=5535.54..5540.69 rows=28 width=21) (actual time=31.916..32.020 rows=4 loops=1)
Merge Join  (cost=5535.54..5540.69 rows=28 width=21) (actual time=29.972..30.231 rows=13 loops=1)
Merge Join  (cost=5536.40..5541.62 rows=28 width=21) (actual time=30.778..30.948 rows=28 loops=1)
Merge Join  (cost=5545.04..5546.02 rows=53 width=127) (actual time=33.564..33.587 rows=27 loops=1)
Merge Join  (cost=5535.60..5540.75 rows=28 width=21) (actual time=30.296..30.426 rows=12 loops=1)
Merge Join  (cost=5545.17..5545.70 rows=28 width=136) (actual time=31.671..31.687 rows=23 loops=1)
Merge Join  (cost=5536.17..5541.37 rows=28 width=21) (actual time=29.876..30.034 rows=24 loops=1)
Merge Join  (cost=5534.07..5539.08 rows=27 width=21) (actual time=30.280..30.429 rows=22 loops=1)
Merge Join  (cost=5536.17..5541.37 rows=28 width=21) (actual time=30.433..30.569 rows=6 loops=1)
Merge Join  (cost=5546.80..5547.81 rows=55 width=127) (actual time=34.156..34.185 rows=51 loops=1)
Merge Join  (cost=5544.24..5544.78 rows=28 width=136) (actual time=30.905..30.920 rows=19 loops=1)
Merge Join  (cost=5536.00..5541.18 rows=28 width=21) (actual time=30.841..30.914 rows=24 loops=1)
Merge Join  (cost=5534.64..5539.69 rows=27 width=21) (actual time=32.728..32.936 rows=25 loops=1)
Merge Join  (cost=5543.93..5544.47 rows=28 width=136) (actual time=30.835..30.853 rows=24 loops=1)
Merge Join  (cost=5546.07..5547.06 rows=54 width=127) (actual time=39.141..39.163 rows=33 loops=1)
Merge Join  (cost=5546.80..5547.81 rows=55 width=127) (actual time=37.286..37.297 rows=11 loops=1)
Merge Join  (cost=5544.55..5545.08 rows=28 width=136) (actual time=30.048..30.067 rows=31 loops=1)
Merge Join  (cost=5543.87..5544.41 rows=28 width=136) (actual time=29.888..29.902 rows=19 loops=1)
Merge Join  (cost=5535.83..5541.00 rows=28 width=403) (actual time=29.500..29.545 rows=31 loops=1)
Merge Join  (cost=5534.92..5540.01 rows=28 width=21) (actual time=29.808..29.928 rows=30 loops=1)
Merge Join  (cost=5535.09..5540.20 rows=28 width=21) (actual time=29.855..30.007 rows=20 loops=1)
Merge Join  (cost=5535.54..5540.69 rows=28 width=21) (actual time=29.685..29.917 rows=1 loops=1)
Merge Join  (cost=5544.92..5545.45 rows=28 width=136) (actual time=29.933..29.954 rows=33 loops=1)
Merge Join  (cost=5547.05..5548.05 rows=55 width=127) (actual time=33.325..33.364 rows=73 loops=1)
Merge Join  (cost=5536.00..5541.18 rows=28 width=21) (actual time=30.106..30.280 rows=36 loops=1)
Merge Join  (cost=5546.07..5547.06 rows=54 width=127) (actual time=32.599..32.621 rows=37 loops=1)
Merge Join  (cost=5545.17..5545.70 rows=28 width=136) (actual time=30.207..30.226 rows=27 loops=1)
Merge Join  (cost=5536.17..5541.37 rows=28 width=21) (actual time=30.238..30.400 rows=18 loops=1)
Merge Join  (cost=5546.43..5547.44 rows=55 width=127) (actual time=33.069..33.085 rows=23 loops=1)
Merge Join  (cost=5546.80..5547.81 rows=55 width=127) (actual time=33.324..33.350 rows=43 loops=1)
Merge Join  (cost=5536.17..5541.37 rows=28 width=403) (actual time=29.922..30.000 rows=27 loops=1)
Merge Join  (cost=5536.17..5541.37 rows=28 width=21) (actual time=29.557..29.704 rows=31 loops=1)
Merge Join  (cost=5534.92..5540.01 rows=28 width=21) (actual time=29.639..29.791 rows=7 loops=1)
Merge Join  (cost=5535.60..5540.75 rows=28 width=21) (actual time=29.522..29.680 rows=28 loops=1)
Merge Join  (cost=5537.02..5542.31 rows=29 width=21) (actual time=29.494..29.647 rows=23 loops=1)
Merge Join  (cost=5546.14..5547.13 rows=54 width=127) (actual time=33.332..33.370 rows=69 loops=1)
Merge Join  (cost=5535.54..5540.69 rows=28 width=21) (actual time=29.898..30.035 rows=24 loops=1)
Merge Join  (cost=5545.58..5546.57 rows=54 width=127) (actual time=33.064..33.078 rows=17 loops=1)
Merge Join  (cost=5545.77..5546.76 rows=54 width=127) (actual time=32.655..32.667 rows=15 loops=1)
Merge Join  (cost=5536.17..5541.37 rows=28 width=21) (actual time=31.679..31.855 rows=20 loops=1)
Merge Join  (cost=5543.56..5544.10 rows=28 width=136) (actual time=29.911..29.931 rows=29 loops=1)
Merge Join  (cost=5535.43..5540.57 rows=28 width=21) (actual time=29.774..29.885 rows=1 loops=1)
Merge Join  (cost=5546.80..5547.81 rows=55 width=127) (actual time=32.836..32.873 rows=69 loops=1)
Merge Join  (cost=5535.54..5540.69 rows=28 width=21) (actual time=29.839..29.904 rows=5 loops=1)
Merge Join  (cost=5546.07..5547.06 rows=54 width=127) (actual time=33.148..33.182 rows=60 loops=1)
Merge Join  (cost=5535.83..5541.00 rows=28 width=21) (actual time=29.823..30.030 rows=33 loops=1)
Merge Join  (cost=5534.07..5539.08 rows=27 width=21) (actual time=29.727..29.755 rows=30 loops=1)
Merge Join  (cost=5544.92..5545.45 rows=28 width=136) (actual time=29.745..29.757 rows=17 loops=1)
Merge Join  (cost=5536.17..5541.37 rows=28 width=21) (actual time=30.382..30.530 rows=3 loops=1)
Merge Join  (cost=5535.43..5540.57 rows=28 width=21) (actual time=29.847..29.919 rows=15 loops=1)
Merge Join  (cost=5576.36..5583.30 rows=394 width=127) (actual time=33.634..33.835 rows=410 loops=1)
Merge Join  (cost=5544.92..5545.45 rows=28 width=136) (actual time=29.794..29.807 rows=17 loops=1)
Merge Join  (cost=5537.02..5542.31 rows=29 width=21) (actual time=29.753..29.908 rows=15 loops=1)
Merge Join  (cost=5579.76..5587.38 rows=433 width=127) (actual time=34.612..34.858 rows=505 loops=1)
Merge Join  (cost=5545.70..5546.69 rows=54 width=127) (actual time=32.971..33.012 rows=75 loops=1)
Merge Join  (cost=5544.24..5544.78 rows=28 width=136) (actual time=29.887..29.907 rows=33 loops=1)
Merge Join  (cost=5534.53..5539.57 rows=27 width=21) (actual time=31.113..31.284 rows=9 loops=1)
Merge Join  (cost=5546.80..5547.81 rows=55 width=127) (actual time=33.183..33.190 rows=3 loops=1)
Merge Join  (cost=5535.54..5540.69 rows=28 width=21) (actual time=29.638..29.835 rows=1 loops=1)
Merge Join  (cost=5534.64..5539.69 rows=27 width=21) (actual time=29.428..29.593 rows=29 loops=1)
Merge Join  (cost=5559.69..5563.53 rows=217 width=127) (actual time=33.274..33.372 rows=199 loops=1)
Merge Join  (cost=5535.54..5540.69 rows=28 width=21) (actual time=30.009..30.122 rows=16 loops=1)
Merge Join  (cost=5535.09..5540.20 rows=28 width=21) (actual time=29.689..29.803 rows=7 loops=1)
Merge Join  (cost=5544.24..5544.78 rows=28 width=136) (actual time=29.932..29.943 rows=13 loops=1)
Merge Join  (cost=5546.14..5547.13 rows=54 width=127) (actual time=32.687..32.690 rows=1 loops=1)
Merge Join  (cost=5535.20..5540.32 rows=28 width=21) (actual time=29.864..29.994 rows=36 loops=1)
Merge Join  (cost=5536.17..5541.37 rows=28 width=21) (actual time=30.046..30.176 rows=34 loops=1)
Merge Join  (cost=5534.64..5539.69 rows=27 width=21) (actual time=29.631..29.748 rows=7 loops=1)
Merge Join  (cost=5545.40..5546.39 rows=54 width=127) (actual time=32.840..32.852 rows=15 loops=1)
Merge Join  (cost=5535.54..5540.69 rows=28 width=21) (actual time=29.945..30.072 rows=31 loops=1)
Merge Join  (cost=5573.61..5580.16 rows=372 width=127) (actual time=33.648..33.849 rows=428 loops=1)
Merge Join  (cost=5654.47..5680.89 rows=1440 width=127) (actual time=34.696..35.828 rows=1544 loops=1)
Merge Join  (cost=5534.64..5539.69 rows=27 width=21) (actual time=29.877..30.142 rows=24 loops=1)
Merge Join  (cost=5547.05..5548.05 rows=55 width=127) (actual time=32.957..32.965 rows=7 loops=1)
Merge Join  (cost=5546.80..5547.81 rows=55 width=127) (actual time=32.614..32.617 rows=1 loops=1)
Merge Join  (cost=5536.17..5541.37 rows=28 width=21) (actual time=29.789..29.999 rows=1 loops=1)
Merge Join  (cost=5546.07..5547.06 rows=54 width=127) (actual time=33.163..33.194 rows=55 loops=1)
Merge Join  (cost=5535.54..5540.69 rows=28 width=403) (actual time=29.620..29.807 rows=13 loops=1)
Merge Join  (cost=5536.40..5541.62 rows=28 width=21) (actual time=29.732..29.860 rows=24 loops=1)
Merge Join  (cost=5535.26..5540.38 rows=28 width=21) (actual time=29.528..29.712 rows=17 loops=1)
Merge Join  (cost=5543.87..5544.41 rows=28 width=136) (actual time=30.218..30.231 rows=15 loops=1)
Merge Join  (cost=5547.05..5548.05 rows=55 width=127) (actual time=33.012..33.015 rows=1 loops=1)
Merge Join  (cost=5544.12..5544.65 rows=28 width=136) (actual time=29.953..29.964 rows=11 loops=1)
Merge Join  (cost=5546.07..5547.06 rows=54 width=127) (actual time=32.891..32.907 rows=24 loops=1)
Merge Join  (cost=5534.92..5540.01 rows=28 width=21) (actual time=29.630..29.824 rows=21 loops=1)
Merge Join  (cost=5535.83..5541.00 rows=28 width=21) (actual time=29.819..29.896 rows=34 loops=1)
Merge Join  (cost=5534.92..5540.01 rows=28 width=21) (actual time=29.427..29.561 rows=24 loops=1)
Merge Join  (cost=5545.58..5546.57 rows=54 width=127) (actual time=32.609..32.620 rows=11 loops=1)
Merge Join  (cost=5547.77..5548.80 rows=56 width=127) (actual time=33.295..33.309 rows=17 loops=1)
Merge Join  (cost=5544.24..5544.78 rows=28 width=136) (actual time=30.218..30.239 rows=31 loops=1)
Merge Join  (cost=5544.12..5544.65 rows=28 width=136) (actual time=30.073..30.081 rows=3 loops=1)
Merge Join  (cost=5545.77..5546.76 rows=54 width=127) (actual time=32.252..32.259 rows=3 loops=1)
Merge Join  (cost=5544.24..5544.78 rows=28 width=136) (actual time=29.999..30.014 rows=19 loops=1)
Merge Join  (cost=5544.24..5544.78 rows=28 width=136) (actual time=30.086..30.095 rows=7 loops=1)
Merge Join  (cost=5546.14..5547.13 rows=54 width=127) (actual time=32.891..32.929 rows=71 loops=1)
Merge Join  (cost=5535.43..5540.57 rows=28 width=21) (actual time=29.454..29.597 rows=30 loops=1)
Merge Join  (cost=5543.56..5544.10 rows=28 width=136) (actual time=30.009..30.026 rows=25 loops=1)
Merge Join  (cost=5535.83..5541.00 rows=28 width=21) (actual time=29.850..29.960 rows=20 loops=1)
Merge Join  (cost=5545.77..5546.76 rows=54 width=127) (actual time=33.895..33.909 rows=17 loops=1)
Merge Join  (cost=5545.58..5546.57 rows=54 width=127) (actual time=33.134..33.167 rows=60 loops=1)
Merge Join  (cost=5535.26..5540.38 rows=28 width=21) (actual time=29.819..29.931 rows=30 loops=1)
Merge Join  (cost=5543.21..5543.73 rows=27 width=136) (actual time=30.041..30.050 rows=7 loops=1)
Merge Join  (cost=5534.64..5539.69 rows=27 width=403) (actual time=29.629..29.787 rows=7 loops=1)
Merge Join  (cost=5535.54..5540.69 rows=28 width=21) (actual time=29.682..29.872 rows=7 loops=1)
Merge Join  (cost=5534.64..5539.69 rows=27 width=21) (actual time=29.798..29.932 rows=15 loops=1)
Merge Join  (cost=5545.70..5546.69 rows=54 width=127) (actual time=32.761..32.763 rows=1 loops=1)
Merge Join  (cost=5544.43..5545.40 rows=53 width=127) (actual time=33.039..33.060 rows=34 loops=1)
Merge Join  (cost=5557.09..5560.40 rows=187 width=127) (actual time=33.322..33.413 rows=182 loops=1)
Merge Join  (cost=5547.05..5548.05 rows=55 width=127) (actual time=33.292..33.345 rows=96 loops=1)
Merge Join  (cost=5546.61..5547.62 rows=55 width=127) (actual time=32.989..33.005 rows=23 loops=1)
Merge Join  (cost=5536.00..5541.18 rows=28 width=403) (actual time=29.555..29.646 rows=11 loops=1)
Merge Join  (cost=5535.43..5540.57 rows=28 width=21) (actual time=29.544..29.678 rows=32 loops=1)
Merge Join  (cost=5536.00..5541.18 rows=28 width=21) (actual time=29.744..29.909 rows=32 loops=1)
Merge Join  (cost=5544.73..5545.27 rows=28 width=136) (actual time=30.134..30.154 rows=31 loops=1)
Merge Join  (cost=5546.07..5547.06 rows=54 width=127) (actual time=32.666..32.676 rows=11 loops=1)
Merge Join  (cost=5535.20..5540.32 rows=28 width=21) (actual time=29.447..29.486 rows=28 loops=1)
Merge Join  (cost=5544.43..5545.40 rows=53 width=127) (actual time=33.277..33.291 rows=18 loops=1)
Merge Join  (cost=5535.09..5540.20 rows=28 width=21) (actual time=29.897..30.044 rows=29 loops=1)
Merge Join  (cost=5543.21..5543.73 rows=27 width=136) (actual time=29.810..29.818 rows=7 loops=1)
Merge Join  (cost=5544.92..5545.89 rows=53 width=127) (actual time=32.109..32.118 rows=9 loops=1)
Merge Join  (cost=5536.00..5541.18 rows=28 width=21) (actual time=29.653..29.789 rows=14 loops=1)
Merge Join  (cost=5535.09..5540.20 rows=28 width=21) (actual time=29.669..29.751 rows=30 loops=1)
Merge Join  (cost=5546.14..5547.13 rows=54 width=127) (actual time=32.751..32.753 rows=1 loops=1)
Merge Join  (cost=5535.60..5540.75 rows=28 width=403) (actual time=29.635..29.795 rows=1 loops=1)
Merge Join  (cost=5546.80..5547.81 rows=55 width=127) (actual time=32.607..32.614 rows=5 loops=1)
Merge Join  (cost=5546.80..5547.81 rows=55 width=127) (actual time=33.366..33.384 rows=27 loops=1)
Merge Join  (cost=5534.53..5539.57 rows=27 width=21) (actual time=29.716..29.833 rows=31 loops=1)
Merge Join  (cost=5534.64..5539.69 rows=27 width=21) (actual time=29.541..29.695 rows=30 loops=1)
Merge Join  (cost=5536.17..5541.37 rows=28 width=21) (actual time=30.020..30.080 rows=25 loops=1)
Merge Join  (cost=5534.64..5539.69 rows=27 width=21) (actual time=29.794..29.946 rows=32 loops=1)
Merge Join  (cost=5535.83..5541.00 rows=28 width=21) (actual time=29.611..29.805 rows=3 loops=1)
Merge Join  (cost=5534.07..5539.08 rows=27 width=21) (actual time=29.646..29.763 rows=25 loops=1)
Merge Join  (cost=5535.83..5541.00 rows=28 width=21) (actual time=29.882..30.040 rows=14 loops=1)
Merge Join  (cost=5535.09..5540.20 rows=28 width=21) (actual time=30.183..30.206 rows=40 loops=1)
Merge Join  (cost=5534.92..5540.01 rows=28 width=21) (actual time=29.873..30.012 rows=30 loops=1)
Merge Join  (cost=5545.77..5546.76 rows=54 width=127) (actual time=32.873..32.888 rows=19 loops=1)
Merge Join  (cost=5535.83..5541.00 rows=28 width=21) (actual time=30.127..30.264 rows=6 loops=1)
Merge Join  (cost=5536.17..5541.37 rows=28 width=21) (actual time=30.102..30.247 rows=7 loops=1)
Merge Join  (cost=5545.89..5546.44 rows=29 width=136) (actual time=29.820..29.836 rows=23 loops=1)
Merge Join  (cost=5534.92..5540.01 rows=28 width=21) (actual time=29.490..29.599 rows=26 loops=1)
Merge Join  (cost=5537.02..5542.31 rows=29 width=21) (actual time=30.019..30.104 rows=30 loops=1)
Merge Join  (cost=5536.17..5541.37 rows=28 width=21) (actual time=29.870..30.038 rows=7 loops=1)
Merge Join  (cost=5537.02..5542.31 rows=29 width=21) (actual time=29.661..29.844 rows=3 loops=1)
Merge Join  (cost=5536.17..5541.37 rows=28 width=21) (actual time=29.695..29.829 rows=22 loops=1)
Merge Join  (cost=5535.20..5540.32 rows=28 width=21) (actual time=30.121..30.277 rows=28 loops=1)
Merge Join  (cost=5535.26..5540.38 rows=28 width=21) (actual time=29.892..30.035 rows=34 loops=1)
Merge Join  (cost=5545.58..5546.57 rows=54 width=127) (actual time=33.006..33.014 rows=5 loops=1)
Merge Join  (cost=5535.54..5540.69 rows=28 width=21) (actual time=29.598..29.742 rows=24 loops=1)
Merge Join  (cost=5544.43..5545.40 rows=53 width=127) (actual time=32.812..32.819 rows=3 loops=1)
Merge Join  (cost=5536.40..5541.62 rows=28 width=21) (actual time=29.833..29.976 rows=18 loops=1)
Merge Join  (cost=5535.20..5540.32 rows=28 width=21) (actual time=29.863..30.015 rows=19 loops=1)
Merge Join  (cost=5535.43..5540.57 rows=28 width=21) (actual time=29.687..29.810 rows=34 loops=1)
Merge Join  (cost=5536.17..5541.37 rows=28 width=21) (actual time=29.727..29.852 rows=1 loops=1)
Merge Join  (cost=5545.04..5546.02 rows=53 width=127) (actual time=33.043..33.046 rows=1 loops=1)
Merge Join  (cost=5546.14..5547.13 rows=54 width=127) (actual time=33.217..33.224 rows=4 loops=1)
Merge Join  (cost=5535.54..5540.69 rows=28 width=21) (actual time=29.716..29.876 rows=28 loops=1)
Merge Join  (cost=5535.54..5540.69 rows=28 width=21) (actual time=29.639..29.766 rows=24 loops=1)
Merge Join  (cost=5546.07..5547.06 rows=54 width=127) (actual time=33.158..33.193 rows=67 loops=1)
Merge Join  (cost=5545.04..5546.02 rows=53 width=127) (actual time=33.303..33.318 rows=19 loops=1)
Merge Join  (cost=5535.83..5541.00 rows=28 width=21) (actual time=29.864..30.041 rows=8 loops=1)
Merge Join  (cost=5535.54..5540.69 rows=28 width=21) (actual time=29.400..29.518 rows=30 loops=1)
Merge Join  (cost=5534.64..5539.69 rows=27 width=21) (actual time=29.580..29.748 rows=3 loops=1)
Merge Join  (cost=5544.92..5545.45 rows=28 width=136) (actual time=30.117..30.124 rows=3 loops=1)
Merge Join  (cost=5545.95..5546.94 rows=54 width=127) (actual time=33.024..33.035 rows=13 loops=1)
Merge Join  (cost=5545.89..5546.44 rows=29 width=136) (actual time=30.234..30.248 rows=17 loops=1)
Merge Join  (cost=5543.93..5544.47 rows=28 width=136) (actual time=29.773..29.790 rows=29 loops=1)
Merge Join  (cost=5536.17..5541.37 rows=28 width=21) (actual time=29.726..29.939 rows=3 loops=1)
Merge Join  (cost=5546.14..5547.13 rows=54 width=127) (actual time=32.945..32.966 rows=33 loops=1)
Merge Join  (cost=5545.40..5546.39 rows=54 width=127) (actual time=33.142..33.180 rows=73 loops=1)
Merge Join  (cost=5545.95..5546.94 rows=54 width=127) (actual time=33.084..33.094 rows=9 loops=1)
Merge Join  (cost=5534.92..5540.01 rows=28 width=21) (actual time=29.970..30.166 rows=29 loops=1)
Merge Join  (cost=5536.40..5541.62 rows=28 width=21) (actual time=29.867..30.059 rows=17 loops=1)
Merge Join  (cost=5535.60..5540.75 rows=28 width=21) (actual time=29.489..29.523 rows=23 loops=1)
Merge Join  (cost=5545.95..5546.94 rows=54 width=127) (actual time=32.777..32.784 rows=3 loops=1)
Merge Join  (cost=5535.43..5540.57 rows=28 width=403) (actual time=29.785..29.896 rows=3 loops=1)
Merge Join  (cost=5536.40..5541.62 rows=28 width=21) (actual time=29.689..29.804 rows=11 loops=1)
Merge Join  (cost=5535.60..5540.75 rows=28 width=21) (actual time=29.457..29.615 rows=3 loops=1)
Merge Join  (cost=5537.02..5542.31 rows=29 width=21) (actual time=29.508..29.711 rows=17 loops=1)
Merge Join  (cost=5534.64..5539.69 rows=27 width=21) (actual time=29.865..30.018 rows=22 loops=1)
Merge Join  (cost=5535.43..5540.57 rows=28 width=21) (actual time=29.865..30.069 rows=11 loops=1)
Merge Join  (cost=5534.53..5539.57 rows=27 width=21) (actual time=29.986..30.221 rows=5 loops=1)
Merge Join  (cost=5637.43..5656.46 rows=1025 width=127) (actual time=34.178..35.199 rows=1139 loops=1)
Merge Join  (cost=5535.83..5541.00 rows=28 width=21) (actual time=30.017..30.146 rows=7 loops=1)
Merge Join  (cost=5545.04..5546.02 rows=53 width=127) (actual time=33.220..33.237 rows=25 loops=1)
Merge Join  (cost=5534.64..5539.69 rows=27 width=403) (actual time=29.443..29.646 rows=13 loops=1)
Merge Join  (cost=5544.24..5544.78 rows=28 width=136) (actual time=29.842..29.859 rows=25 loops=1)
Merge Join  (cost=5547.05..5548.05 rows=55 width=127) (actual time=33.110..33.127 rows=25 loops=1)
Merge Join  (cost=5547.05..5548.05 rows=55 width=127) (actual time=33.018..33.043 rows=35 loops=1)
Merge Join  (cost=5536.17..5541.37 rows=28 width=21) (actual time=30.209..30.353 rows=3 loops=1)
Merge Join  (cost=5535.54..5540.69 rows=28 width=21) (actual time=29.604..29.709 rows=37 loops=1)
Merge Join  (cost=5534.07..5539.08 rows=27 width=21) (actual time=29.803..29.968 rows=26 loops=1)
Merge Join  (cost=5536.17..5541.37 rows=28 width=21) (actual time=29.856..29.980 rows=13 loops=1)
Merge Join  (cost=5534.53..5539.57 rows=27 width=21) (actual time=29.648..29.703 rows=27 loops=1)
Merge Join  (cost=5543.56..5544.10 rows=28 width=136) (actual time=29.895..29.915 rows=31 loops=1)
Merge Join  (cost=5536.17..5541.37 rows=28 width=21) (actual time=29.760..29.968 rows=19 loops=1)
Merge Join  (cost=5546.07..5547.06 rows=54 width=127) (actual time=33.316..33.333 rows=23 loops=1)
Merge Join  (cost=5535.60..5540.75 rows=28 width=21) (actual time=29.867..29.977 rows=19 loops=1)
Merge Join  (cost=5534.64..5539.69 rows=27 width=21) (actual time=29.639..29.783 rows=16 loops=1)
Merge Join  (cost=5534.53..5539.57 rows=27 width=21) (actual time=29.797..29.869 rows=18 loops=1)
Merge Join  (cost=5534.92..5540.01 rows=28 width=21) (actual time=30.136..30.259 rows=1 loops=1)
Merge Join  (cost=5534.64..5539.69 rows=27 width=21) (actual time=29.768..29.914 rows=24 loops=1)
Merge Join  (cost=5536.17..5541.37 rows=28 width=21) (actual time=29.507..29.645 rows=7 loops=1)
Merge Join  (cost=5544.92..5545.89 rows=53 width=127) (actual time=33.084..33.124 rows=77 loops=1)
Merge Join  (cost=5545.04..5546.02 rows=53 width=127) (actual time=33.674..33.756 rows=162 loops=1)
Merge Join  (cost=5544.12..5544.65 rows=28 width=136) (actual time=29.932..29.951 rows=31 loops=1)
Merge Join  (cost=5545.17..5545.70 rows=28 width=136) (actual time=29.948..29.958 rows=7 loops=1)
Merge Join  (cost=5546.14..5547.13 rows=54 width=127) (actual time=33.295..33.298 rows=1 loops=1)
Merge Join  (cost=5535.60..5540.75 rows=28 width=403) (actual time=29.565..29.736 rows=1 loops=1)
Merge Join  (cost=5547.05..5548.05 rows=55 width=127) (actual time=32.583..32.606 rows=39 loops=1)
Merge Join  (cost=5546.07..5547.06 rows=54 width=127) (actual time=32.643..32.652 rows=7 loops=1)
Merge Join  (cost=5535.54..5540.69 rows=28 width=21) (actual time=29.689..29.887 rows=13 loops=1)
Merge Join  (cost=5546.07..5547.06 rows=54 width=127) (actual time=33.580..33.672 rows=190 loops=1)
Merge Join  (cost=5535.09..5540.20 rows=28 width=21) (actual time=29.650..29.802 rows=28 loops=1)
Merge Join  (cost=5546.07..5547.06 rows=54 width=127) (actual time=33.059..33.076 rows=28 loops=1)
Merge Join  (cost=5545.17..5545.70 rows=28 width=136) (actual time=30.158..30.162 rows=1 loops=1)
Merge Join  (cost=5536.40..5541.62 rows=28 width=403) (actual time=30.096..30.279 rows=1 loops=1)
Merge Join  (cost=5535.20..5540.32 rows=28 width=21) (actual time=29.769..29.855 rows=10 loops=1)
Merge Join  (cost=5546.14..5547.13 rows=54 width=127) (actual time=32.866..32.872 rows=3 loops=1)
Merge Join  (cost=5535.54..5540.69 rows=28 width=21) (actual time=29.828..29.952 rows=22 loops=1)
Merge Join  (cost=5544.92..5545.45 rows=28 width=136) (actual time=30.111..30.114 rows=1 loops=1)
Merge Join  (cost=5535.60..5540.75 rows=28 width=21) (actual time=29.648..29.771 rows=25 loops=1)
Merge Join  (cost=5546.80..5547.81 rows=55 width=127) (actual time=32.852..32.878 rows=47 loops=1)
Merge Join  (cost=5546.07..5547.06 rows=54 width=127) (actual time=33.434..33.451 rows=25 loops=1)
Merge Join  (cost=5545.04..5546.02 rows=53 width=127) (actual time=33.151..33.194 rows=80 loops=1)
Merge Join  (cost=5545.04..5546.02 rows=53 width=127) (actual time=32.998..33.011 rows=17 loops=1)
Merge Join  (cost=5546.07..5547.06 rows=54 width=127) (actual time=33.001..33.050 rows=94 loops=1)
Merge Join  (cost=5535.54..5540.69 rows=28 width=403) (actual time=29.631..29.764 rows=29 loops=1)
Merge Join  (cost=5546.80..5547.81 rows=55 width=127) (actual time=33.148..33.167 rows=27 loops=1)
Merge Join  (cost=5544.43..5545.40 rows=53 width=127) (actual time=32.844..32.852 rows=3 loops=1)
Merge Join  (cost=5537.02..5542.31 rows=29 width=21) (actual time=29.498..29.753 rows=17 loops=1)
Merge Join  (cost=5546.07..5547.06 rows=54 width=127) (actual time=33.201..33.266 rows=129 loops=1)
Merge Join  (cost=5544.24..5544.78 rows=28 width=136) (actual time=30.054..30.074 rows=29 loops=1)
Merge Join  (cost=5535.54..5540.69 rows=28 width=403) (actual time=29.670..29.880 rows=29 loops=1)
Merge Join  (cost=5534.92..5540.01 rows=28 width=21) (actual time=29.719..29.882 rows=11 loops=1)
Merge Join  (cost=5546.61..5547.62 rows=55 width=127) (actual time=32.948..32.955 rows=3 loops=1)
Merge Join  (cost=5545.17..5545.70 rows=28 width=136) (actual time=30.031..30.053 rows=33 loops=1)
Merge Join  (cost=5544.43..5545.40 rows=53 width=127) (actual time=32.479..32.519 rows=78 loops=1)
Merge Join  (cost=5534.07..5539.08 rows=27 width=403) (actual time=29.306..29.528 rows=29 loops=1)
Merge Join  (cost=5545.77..5546.76 rows=54 width=127) (actual time=33.188..33.218 rows=53 loops=1)
Merge Join  (cost=5545.17..5545.70 rows=28 width=136) (actual time=30.056..30.059 rows=1 loops=1)
Merge Join  (cost=5534.53..5539.57 rows=27 width=21) (actual time=29.720..29.883 rows=21 loops=1)
Merge Join  (cost=5543.75..5544.28 rows=28 width=136) (actual time=30.194..30.209 rows=19 loops=1)
Merge Join  (cost=5535.09..5540.20 rows=28 width=403) (actual time=29.646..29.851 rows=19 loops=1)
Merge Join  (cost=5534.64..5539.69 rows=27 width=21) (actual time=29.648..29.708 rows=27 loops=1)
Merge Join  (cost=5544.92..5545.89 rows=53 width=127) (actual time=32.481..32.483 rows=1 loops=1)
Merge Join  (cost=5534.53..5539.57 rows=27 width=403) (actual time=29.548..29.550 rows=1 loops=1)
Merge Join  (cost=5536.40..5541.62 rows=28 width=21) (actual time=30.005..30.141 rows=20 loops=1)
Merge Join  (cost=5536.40..5541.62 rows=28 width=21) (actual time=30.040..30.177 rows=19 loops=1)
Merge Join  (cost=5536.40..5541.62 rows=28 width=21) (actual time=29.670..29.756 rows=26 loops=1)
Merge Join  (cost=5535.60..5540.75 rows=28 width=21) (actual time=29.771..29.907 rows=26 loops=1)
Merge Join  (cost=5544.92..5545.45 rows=28 width=136) (actual time=30.235..30.256 rows=31 loops=1)
Merge Join  (cost=5536.00..5541.18 rows=28 width=21) (actual time=30.077..30.193 rows=7 loops=1)
Merge Join  (cost=5536.00..5541.18 rows=28 width=21) (actual time=29.948..30.083 rows=24 loops=1)
Merge Join  (cost=5534.64..5539.69 rows=27 width=21) (actual time=29.867..30.013 rows=17 loops=1)
Merge Join  (cost=5542.60..5543.12 rows=27 width=136) (actual time=29.711..29.730 rows=31 loops=1)
Merge Join  (cost=5545.04..5546.02 rows=53 width=127) (actual time=33.296..33.341 rows=88 loops=1)
Merge Join  (cost=5546.43..5547.44 rows=55 width=127) (actual time=32.787..32.795 rows=3 loops=1)
Merge Join  (cost=5546.43..5547.44 rows=55 width=127) (actual time=32.806..32.809 rows=1 loops=1)
Merge Join  (cost=5536.00..5541.18 rows=28 width=21) (actual time=29.597..29.764 rows=32 loops=1)
Merge Join  (cost=5535.54..5540.69 rows=28 width=21) (actual time=29.829..29.972 rows=34 loops=1)
Merge Join  (cost=5536.00..5541.18 rows=28 width=21) (actual time=29.781..29.859 rows=14 loops=1)
Merge Join  (cost=5558.85..5562.57 rows=210 width=127) (actual time=33.390..33.485 rows=191 loops=1)
Merge Join  (cost=5545.40..5546.39 rows=54 width=127) (actual time=33.093..33.164 rows=144 loops=1)
Merge Join  (cost=5584.64..5593.05 rows=478 width=127) (actual time=34.489..34.729 rows=512 loops=1)
Merge Join  (cost=5545.95..5546.94 rows=54 width=127) (actual time=32.586..32.589 rows=1 loops=1)
Merge Join  (cost=5535.83..5541.00 rows=28 width=21) (actual time=29.705..29.857 rows=9 loops=1)
Merge Join  (cost=5543.56..5544.10 rows=28 width=136) (actual time=29.773..29.790 rows=23 loops=1)
Merge Join  (cost=5543.87..5544.41 rows=28 width=136) (actual time=30.005..30.013 rows=3 loops=1)
Merge Join  (cost=5534.64..5539.69 rows=27 width=21) (actual time=29.742..29.883 rows=28 loops=1)
Merge Join  (cost=5536.17..5541.37 rows=28 width=21) (actual time=29.742..29.877 rows=24 loops=1)
Merge Join  (cost=5536.17..5541.37 rows=28 width=21) (actual time=29.520..29.661 rows=29 loops=1)
Merge Join  (cost=5543.21..5543.73 rows=27 width=136) (actual time=29.988..29.997 rows=7 loops=1)
Merge Join  (cost=5535.54..5540.69 rows=28 width=21) (actual time=29.856..30.075 rows=11 loops=1)
Merge Join  (cost=5546.07..5547.06 rows=54 width=127) (actual time=32.857..32.870 rows=15 loops=1)
Merge Join  (cost=5544.92..5545.89 rows=53 width=127) (actual time=32.570..32.577 rows=3 loops=1)
Merge Join  (cost=5545.95..5546.94 rows=54 width=127) (actual time=32.725..32.731 rows=3 loops=1)
Merge Join  (cost=5536.17..5541.37 rows=28 width=21) (actual time=29.591..29.746 rows=21 loops=1)
Merge Join  (cost=5535.26..5540.38 rows=28 width=21) (actual time=30.044..30.207 rows=34 loops=1)
Merge Join  (cost=5535.26..5540.38 rows=28 width=21) (actual time=29.715..29.900 rows=18 loops=1)
Merge Join  (cost=5544.73..5545.27 rows=28 width=136) (actual time=30.206..30.215 rows=7 loops=1)
Merge Join  (cost=5544.30..5544.84 rows=28 width=136) (actual time=30.173..30.190 rows=23 loops=1)
Merge Join  (cost=5534.64..5539.69 rows=27 width=21) (actual time=29.826..29.984 rows=20 loops=1)
Merge Join  (cost=5546.07..5547.06 rows=54 width=127) (actual time=33.108..33.137 rows=52 loops=1)
Merge Join  (cost=5546.80..5547.81 rows=55 width=127) (actual time=33.162..33.181 rows=27 loops=1)
Merge Join  (cost=5546.43..5547.44 rows=55 width=127) (actual time=33.056..33.068 rows=13 loops=1)
Merge Join  (cost=5560.96..5564.87 rows=221 width=127) (actual time=33.214..33.310 rows=202 loops=1)
Merge Join  (cost=5546.43..5547.44 rows=55 width=127) (actual time=33.087..33.094 rows=3 loops=1)
Merge Join  (cost=5543.21..5543.73 rows=27 width=136) (actual time=29.779..29.788 rows=7 loops=1)
Merge Join  (cost=5534.64..5539.69 rows=27 width=403) (actual time=29.551..29.707 rows=7 loops=1)
Merge Join  (cost=5547.77..5548.80 rows=56 width=127) (actual time=32.950..32.978 rows=51 loops=1)
Merge Join  (cost=5536.17..5541.37 rows=28 width=21) (actual time=29.717..29.872 rows=28 loops=1)
Merge Join  (cost=5542.60..5543.12 rows=27 width=136) (actual time=30.228..30.247 rows=27 loops=1)
Merge Join  (cost=5535.60..5540.75 rows=28 width=21) (actual time=30.233..30.379 rows=29 loops=1)
Merge Join  (cost=5658.67..5686.83 rows=1560 width=127) (actual time=34.884..36.013 rows=1606 loops=1)
Merge Join  (cost=5536.00..5541.18 rows=28 width=21) (actual time=29.641..29.799 rows=30 loops=1)
Merge Join  (cost=5545.17..5545.70 rows=28 width=136) (actual time=30.173..30.189 rows=21 loops=1)
Merge Join  (cost=5535.09..5540.20 rows=28 width=21) (actual time=29.898..30.055 rows=20 loops=1)
Merge Join  (cost=5534.07..5539.08 rows=27 width=21) (actual time=29.649..29.778 rows=10 loops=1)
Merge Join  (cost=5546.07..5547.06 rows=54 width=127) (actual time=32.981..32.995 rows=19 loops=1)
Merge Join  (cost=5545.89..5546.44 rows=29 width=136) (actual time=30.074..30.093 rows=29 loops=1)
Merge Join  (cost=5535.54..5540.69 rows=28 width=21) (actual time=29.990..30.192 rows=3 loops=1)
Merge Join  (cost=5544.24..5544.78 rows=28 width=136) (actual time=29.938..29.948 rows=9 loops=1)
Merge Join  (cost=5534.64..5539.69 rows=27 width=21) (actual time=29.502..29.661 rows=7 loops=1)
Merge Join  (cost=5544.92..5545.45 rows=28 width=136) (actual time=30.182..30.202 rows=29 loops=1)
Merge Join  (cost=5534.64..5539.69 rows=27 width=21) (actual time=29.773..29.855 rows=26 loops=1)
Merge Join  (cost=5534.92..5540.01 rows=28 width=21) (actual time=29.659..29.814 rows=31 loops=1)
Merge Join  (cost=5585.02..5593.36 rows=474 width=127) (actual time=34.209..34.446 rows=507 loops=1)
Merge Join  (cost=5534.64..5539.69 rows=27 width=21) (actual time=30.084..30.211 rows=8 loops=1)
Merge Join  (cost=5536.17..5541.37 rows=28 width=21) (actual time=29.834..29.989 rows=23 loops=1)
Merge Join  (cost=5535.60..5540.75 rows=28 width=21) (actual time=29.822..30.006 rows=5 loops=1)
Merge Join  (cost=5535.54..5540.69 rows=28 width=21) (actual time=29.438..29.673 rows=11 loops=1)
Merge Join  (cost=5544.55..5545.08 rows=28 width=136) (actual time=30.249..30.269 rows=29 loops=1)
Merge Join  (cost=5547.05..5548.05 rows=55 width=127) (actual time=33.706..33.792 rows=171 loops=1)
Merge Join  (cost=5544.92..5545.45 rows=28 width=136) (actual time=30.116..30.133 rows=29 loops=1)
Merge Join  (cost=5557.36..5560.60 rows=183 width=127) (actual time=33.065..33.157 rows=193 loops=1)
Merge Join  (cost=5534.64..5539.69 rows=27 width=21) (actual time=29.766..29.921 rows=11 loops=1)
Merge Join  (cost=5545.04..5546.02 rows=53 width=127) (actual time=32.980..32.989 rows=7 loops=1)
Merge Join  (cost=5535.09..5540.20 rows=28 width=21) (actual time=29.555..29.738 rows=23 loops=1)
Merge Join  (cost=5560.13..5563.92 rows=214 width=127) (actual time=33.370..33.464 rows=194 loops=1)
Merge Join  (cost=5537.02..5542.31 rows=29 width=21) (actual time=30.001..30.134 rows=30 loops=1)
Merge Join  (cost=5544.92..5545.45 rows=28 width=136) (actual time=30.146..30.155 rows=7 loops=1)
Merge Join  (cost=5544.12..5544.65 rows=28 width=136) (actual time=30.020..30.029 rows=7 loops=1)
Merge Join  (cost=5535.43..5540.57 rows=28 width=403) (actual time=29.414..29.599 rows=7 loops=1)
Merge Join  (cost=5545.04..5546.02 rows=53 width=127) (actual time=33.362..33.378 rows=24 loops=1)
Merge Join  (cost=5543.21..5543.73 rows=27 width=136) (actual time=30.334..30.348 rows=17 loops=1)
Merge Join  (cost=5536.40..5541.62 rows=28 width=21) (actual time=29.940..30.062 rows=30 loops=1)
Merge Join  (cost=5536.17..5541.37 rows=28 width=21) (actual time=29.582..29.662 rows=24 loops=1)
Merge Join  (cost=5547.05..5548.05 rows=55 width=127) (actual time=33.100..33.116 rows=23 loops=1)
Merge Join  (cost=5547.77..5548.80 rows=56 width=127) (actual time=32.555..32.573 rows=25 loops=1)
Merge Join  (cost=5546.43..5547.44 rows=55 width=127) (actual time=33.337..33.350 rows=15 loops=1)
Merge Join  (cost=5536.40..5541.62 rows=28 width=21) (actual time=29.474..29.593 rows=7 loops=1)
Merge Join  (cost=5545.17..5545.70 rows=28 width=136) (actual time=30.603..30.612 rows=7 loops=1)
Merge Join  (cost=5544.12..5544.65 rows=28 width=136) (actual time=29.983..29.990 rows=3 loops=1)
Merge Join  (cost=5650.67..5676.30 rows=1397 width=127) (actual time=34.648..35.803 rows=1543 loops=1)
Merge Join  (cost=5535.60..5540.75 rows=28 width=21) (actual time=29.916..29.974 rows=32 loops=1)
Merge Join  (cost=5535.54..5540.69 rows=28 width=21) (actual time=29.981..30.088 rows=30 loops=1)
Merge Join  (cost=5535.09..5540.20 rows=28 width=21) (actual time=29.840..29.970 rows=31 loops=1)
Merge Join  (cost=5545.77..5546.76 rows=54 width=127) (actual time=33.307..33.395 rows=174 loops=1)
Merge Join  (cost=5547.77..5548.80 rows=56 width=127) (actual time=33.304..33.388 rows=173 loops=1)
Merge Join  (cost=5535.09..5540.20 rows=28 width=21) (actual time=30.214..30.330 rows=26 loops=1)
Merge Join  (cost=5536.40..5541.62 rows=28 width=21) (actual time=29.727..29.826 rows=23 loops=1)
Merge Join  (cost=5537.02..5542.31 rows=29 width=21) (actual time=29.735..29.887 rows=20 loops=1)
Merge Join  (cost=5536.17..5541.37 rows=28 width=21) (actual time=29.758..29.861 rows=4 loops=1)
Merge Join  (cost=5544.24..5544.78 rows=28 width=136) (actual time=30.175..30.194 rows=29 loops=1)
Merge Join  (cost=5536.17..5541.37 rows=28 width=21) (actual time=30.021..30.127 rows=4 loops=1)
Merge Join  (cost=5534.64..5539.69 rows=27 width=21) (actual time=29.674..29.811 rows=32 loops=1)
Merge Join  (cost=5535.54..5540.69 rows=28 width=21) (actual time=29.579..29.610 rows=22 loops=1)
Merge Join  (cost=5535.54..5540.69 rows=28 width=21) (actual time=30.061..30.303 rows=7 loops=1)
Merge Join  (cost=5546.80..5547.81 rows=55 width=127) (actual time=33.142..33.145 rows=1 loops=1)
Merge Join  (cost=5543.21..5543.73 rows=27 width=136) (actual time=29.946..29.960 rows=19 loops=1)
Merge Join  (cost=5536.17..5541.37 rows=28 width=21) (actual time=29.597..29.727 rows=26 loops=1)
Merge Join  (cost=5544.24..5544.78 rows=28 width=136) (actual time=30.181..30.198 rows=25 loops=1)
Merge Join  (cost=5546.07..5547.06 rows=54 width=127) (actual time=32.937..33.000 rows=123 loops=1)
Merge Join  (cost=5535.43..5540.57 rows=28 width=21) (actual time=29.890..29.954 rows=23 loops=1)
Merge Join  (cost=5535.26..5540.38 rows=28 width=21) (actual time=29.492..29.580 rows=20 loops=1)
Merge Join  (cost=5545.58..5546.57 rows=54 width=127) (actual time=32.984..33.005 rows=35 loops=1)
Merge Join  (cost=5536.00..5541.18 rows=28 width=21) (actual time=29.832..29.958 rows=36 loops=1)
Merge Join  (cost=5535.54..5540.69 rows=28 width=21) (actual time=29.688..29.850 rows=28 loops=1)
Merge Join  (cost=5534.64..5539.69 rows=27 width=21) (actual time=29.756..29.947 rows=5 loops=1)
Merge Join  (cost=5536.17..5541.37 rows=28 width=21) (actual time=29.739..29.881 rows=8 loops=1)
Merge Join  (cost=5543.56..5544.10 rows=28 width=136) (actual time=29.891..29.900 rows=7 loops=1)
Merge Join  (cost=5534.07..5539.08 rows=27 width=21) (actual time=29.398..29.500 rows=12 loops=1)
Merge Join  (cost=5546.43..5547.44 rows=55 width=127) (actual time=32.842..32.861 rows=27 loops=1)
Merge Join  (cost=5546.07..5547.06 rows=54 width=127) (actual time=32.711..32.730 rows=31 loops=1)
Merge Join  (cost=5547.77..5548.80 rows=56 width=127) (actual time=32.730..32.754 rows=41 loops=1)
Merge Join  (cost=5544.92..5545.45 rows=28 width=136) (actual time=30.008..30.024 rows=21 loops=1)
Merge Join  (cost=5545.04..5546.02 rows=53 width=127) (actual time=33.450..33.466 rows=19 loops=1)
Merge Join  (cost=5544.92..5545.45 rows=28 width=136) (actual time=29.999..30.017 rows=23 loops=1)
Merge Join  (cost=5535.83..5541.00 rows=28 width=21) (actual time=29.690..29.831 rows=6 loops=1)
Merge Join  (cost=5546.61..5547.62 rows=55 width=127) (actual time=32.901..32.919 rows=27 loops=1)
Merge Join  (cost=5546.61..5547.62 rows=55 width=127) (actual time=33.005..33.036 rows=54 loops=1)
Merge Join  (cost=5534.64..5539.69 rows=27 width=21) (actual time=29.691..29.764 rows=15 loops=1)
Merge Join  (cost=5543.56..5544.10 rows=28 width=136) (actual time=29.947..29.960 rows=17 loops=1)
Merge Join  (cost=5535.20..5540.32 rows=28 width=21) (actual time=29.621..29.759 rows=7 loops=1)
Merge Join  (cost=5534.64..5539.69 rows=27 width=21) (actual time=29.480..29.531 rows=34 loops=1)
Merge Join  (cost=5536.17..5541.37 rows=28 width=21) (actual time=29.881..30.032 rows=15 loops=1)
Merge Join  (cost=5536.00..5541.18 rows=28 width=21) (actual time=29.869..30.022 rows=31 loops=1)
Merge Join  (cost=5543.56..5544.10 rows=28 width=136) (actual time=29.951..29.964 rows=15 loops=1)
Merge Join  (cost=5534.92..5540.01 rows=28 width=403) (actual time=29.402..29.537 rows=15 loops=1)
Merge Join  (cost=5534.64..5539.69 rows=27 width=21) (actual time=29.943..30.130 rows=15 loops=1)
Merge Join  (cost=5545.04..5546.02 rows=53 width=127) (actual time=33.153..33.182 rows=53 loops=1)
Merge Join  (cost=5535.54..5540.69 rows=28 width=21) (actual time=29.603..29.793 rows=1 loops=1)
Merge Join  (cost=5535.09..5540.20 rows=28 width=21) (actual time=29.451..29.600 rows=17 loops=1)
Merge Join  (cost=5537.02..5542.31 rows=29 width=21) (actual time=29.888..30.008 rows=24 loops=1)
Merge Join  (cost=5542.60..5543.12 rows=27 width=136) (actual time=30.107..30.117 rows=7 loops=1)
Merge Join  (cost=5534.07..5539.08 rows=27 width=403) (actual time=29.505..29.611 rows=7 loops=1)
Merge Join  (cost=5546.07..5547.06 rows=54 width=127) (actual time=32.900..32.938 rows=73 loops=1)
Merge Join  (cost=5534.53..5539.57 rows=27 width=21) (actual time=29.683..29.852 rows=3 loops=1)
Merge Join  (cost=5536.17..5541.37 rows=28 width=21) (actual time=30.067..30.196 rows=9 loops=1)
Merge Join  (cost=5534.64..5539.69 rows=27 width=21) (actual time=29.625..29.703 rows=28 loops=1)
Merge Join  (cost=5546.07..5547.06 rows=54 width=127) (actual time=32.761..32.763 rows=1 loops=1)
Merge Join  (cost=5546.07..5547.06 rows=54 width=127) (actual time=33.300..33.316 rows=19 loops=1)
Merge Join  (cost=5534.64..5539.69 rows=27 width=21) (actual time=29.982..30.091 rows=3 loops=1)
Merge Join  (cost=5545.17..5545.70 rows=28 width=136) (actual time=30.192..30.205 rows=17 loops=1)
Merge Join  (cost=5544.92..5545.45 rows=28 width=136) (actual time=29.992..30.011 rows=31 loops=1)
Merge Join  (cost=5536.17..5541.37 rows=28 width=403) (actual time=29.791..29.998 rows=31 loops=1)
Merge Join  (cost=5535.60..5540.75 rows=28 width=21) (actual time=29.748..29.897 rows=27 loops=1)
Merge Join  (cost=5536.00..5541.18 rows=28 width=21) (actual time=29.728..29.822 rows=11 loops=1)
Merge Join  (cost=5535.83..5541.00 rows=28 width=21) (actual time=29.587..29.792 rows=15 loops=1)
Merge Join  (cost=5546.80..5547.81 rows=55 width=127) (actual time=33.224..33.240 rows=23 loops=1)
Merge Join  (cost=5536.17..5541.37 rows=28 width=21) (actual time=29.928..30.064 rows=26 loops=1)
Merge Join  (cost=5535.54..5540.69 rows=28 width=21) (actual time=29.732..29.793 rows=5 loops=1)
Merge Join  (cost=5544.24..5544.78 rows=28 width=136) (actual time=29.817..29.836 rows=31 loops=1)
Merge Join  (cost=5544.73..5545.27 rows=28 width=136) (actual time=30.230..30.250 rows=29 loops=1)
Merge Join  (cost=5546.07..5547.06 rows=54 width=127) (actual time=32.853..32.867 rows=17 loops=1)
Merge Join  (cost=5547.77..5548.80 rows=56 width=127) (actual time=32.557..32.560 rows=1 loops=1)
Merge Join  (cost=5546.43..5547.44 rows=55 width=127) (actual time=32.848..32.862 rows=17 loops=1)
Merge Join  (cost=5544.92..5545.45 rows=28 width=136) (actual time=29.982..29.995 rows=19 loops=1)
Merge Join  (cost=5544.55..5545.08 rows=28 width=136) (actual time=30.315..30.329 rows=19 loops=1)
Merge Join  (cost=5535.83..5541.00 rows=28 width=403) (actual time=29.523..29.698 rows=19 loops=1)
Merge Join  (cost=5536.17..5541.37 rows=28 width=21) (actual time=29.544..29.695 rows=29 loops=1)
Merge Join  (cost=5536.40..5541.62 rows=28 width=21) (actual time=29.932..30.050 rows=34 loops=1)
Merge Join  (cost=5546.80..5547.81 rows=55 width=127) (actual time=33.136..33.148 rows=11 loops=1)
Merge Join  (cost=5535.54..5540.69 rows=28 width=21) (actual time=29.721..29.814 rows=18 loops=1)
Merge Join  (cost=5537.02..5542.31 rows=29 width=21) (actual time=29.487..29.606 rows=26 loops=1)
Merge Join  (cost=5544.92..5545.89 rows=53 width=127) (actual time=33.226..33.241 rows=19 loops=1)
Merge Join  (cost=5535.54..5540.69 rows=28 width=21) (actual time=29.882..29.987 rows=36 loops=1)
Merge Join  (cost=5547.77..5548.80 rows=56 width=127) (actual time=32.657..32.667 rows=9 loops=1)
Merge Join  (cost=5536.17..5541.37 rows=28 width=21) (actual time=29.536..29.591 rows=18 loops=1)
Merge Join  (cost=5535.54..5540.69 rows=28 width=21) (actual time=30.102..30.265 rows=30 loops=1)
Merge Join  (cost=5545.04..5546.02 rows=53 width=127) (actual time=33.391..33.468 rows=152 loops=1)
Merge Join  (cost=5543.09..5543.61 rows=27 width=136) (actual time=29.861..29.868 rows=5 loops=1)
Merge Join  (cost=5545.04..5546.02 rows=53 width=127) (actual time=32.472..32.486 rows=17 loops=1)
Merge Join  (cost=5534.07..5539.08 rows=27 width=21) (actual time=29.946..30.084 rows=23 loops=1)
Merge Join  (cost=5590.67..5600.00 rows=531 width=127) (actual time=34.328..34.582 rows=528 loops=1)
Merge Join  (cost=5546.43..5547.44 rows=55 width=127) (actual time=33.158..33.177 rows=31 loops=1)
Merge Join  (cost=5544.92..5545.45 rows=28 width=136) (actual time=29.837..29.845 rows=5 loops=1)
Merge Join  (cost=5546.80..5547.81 rows=55 width=127) (actual time=33.050..33.076 rows=45 loops=1)
Merge Join  (cost=5546.80..5547.81 rows=55 width=127) (actual time=33.246..33.260 rows=19 loops=1)
Merge Join  (cost=5535.54..5540.69 rows=28 width=21) (actual time=29.547..29.758 rows=23 loops=1)
Merge Join  (cost=5536.40..5541.62 rows=28 width=21) (actual time=29.657..29.786 rows=30 loops=1)
Merge Join  (cost=5543.75..5544.28 rows=28 width=136) (actual time=29.932..29.950 rows=29 loops=1)
Merge Join  (cost=5534.64..5539.69 rows=27 width=21) (actual time=29.665..29.736 rows=35 loops=1)
Merge Join  (cost=5537.02..5542.31 rows=29 width=21) (actual time=29.680..29.843 rows=28 loops=1)
Merge Join  (cost=5534.07..5539.08 rows=27 width=21) (actual time=29.472..29.596 rows=10 loops=1)
Merge Join  (cost=5535.83..5541.00 rows=28 width=21) (actual time=29.911..30.061 rows=16 loops=1)
Merge Join  (cost=5536.17..5541.37 rows=28 width=21) (actual time=29.876..30.100 rows=7 loops=1)
Merge Join  (cost=5545.04..5546.02 rows=53 width=127) (actual time=33.013..33.019 rows=3 loops=1)
Merge Join  (cost=5546.07..5547.06 rows=54 width=127) (actual time=33.112..33.123 rows=11 loops=1)
Merge Join  (cost=5542.60..5543.12 rows=27 width=136) (actual time=29.677..29.696 rows=30 loops=1)
Merge Join  (cost=5545.04..5546.02 rows=53 width=127) (actual time=33.010..33.035 rows=43 loops=1)
Merge Join  (cost=5546.07..5547.06 rows=54 width=127) (actual time=33.085..33.101 rows=19 loops=1)
Merge Join  (cost=5534.07..5539.08 rows=27 width=21) (actual time=29.642..29.782 rows=22 loops=1)
Merge Join  (cost=5535.83..5541.00 rows=28 width=21) (actual time=29.975..30.113 rows=16 loops=1)
Merge Join  (cost=5546.80..5547.81 rows=55 width=127) (actual time=33.190..33.216 rows=42 loops=1)
Merge Join  (cost=5536.17..5541.37 rows=28 width=21) (actual time=29.754..29.885 rows=15 loops=1)
Merge Join  (cost=5535.83..5541.00 rows=28 width=21) (actual time=29.754..29.921 rows=25 loops=1)
Merge Join  (cost=5535.60..5540.75 rows=28 width=21) (actual time=30.057..30.130 rows=30 loops=1)
Merge Join  (cost=5536.17..5541.37 rows=28 width=21) (actual time=29.968..30.032 rows=34 loops=1)
Merge Join  (cost=5543.93..5544.47 rows=28 width=136) (actual time=29.946..29.959 rows=19 loops=1)
Merge Join  (cost=5536.17..5541.37 rows=28 width=21) (actual time=29.608..29.698 rows=18 loops=1)
Merge Join  (cost=5544.24..5544.78 rows=28 width=136) (actual time=30.232..30.239 rows=3 loops=1)
Merge Join  (cost=5545.77..5546.76 rows=54 width=127) (actual time=32.439..32.446 rows=3 loops=1)
Merge Join  (cost=5535.26..5540.38 rows=28 width=21) (actual time=29.743..29.905 rows=30 loops=1)
Merge Join  (cost=5577.96..5585.28 rows=416 width=127) (actual time=33.561..33.770 rows=433 loops=1)
Merge Join  (cost=5543.56..5544.10 rows=28 width=136) (actual time=29.904..29.911 rows=5 loops=1)
Merge Join  (cost=5535.09..5540.20 rows=28 width=21) (actual time=29.779..29.928 rows=20 loops=1)
Merge Join  (cost=5536.40..5541.62 rows=28 width=21) (actual time=29.454..29.646 rows=15 loops=1)
Merge Join  (cost=5546.43..5547.44 rows=55 width=127) (actual time=32.839..32.853 rows=19 loops=1)
Merge Join  (cost=5536.00..5541.18 rows=28 width=21) (actual time=29.999..30.160 rows=30 loops=1)
Merge Join  (cost=5536.17..5541.37 rows=28 width=21) (actual time=29.830..30.046 rows=17 loops=1)
Merge Join  (cost=5545.58..5546.57 rows=54 width=127) (actual time=32.962..32.969 rows=3 loops=1)
Merge Join  (cost=5535.60..5540.75 rows=28 width=21) (actual time=29.650..29.652 rows=1 loops=1)
Merge Join  (cost=5535.54..5540.69 rows=28 width=21) (actual time=29.857..29.955 rows=3 loops=1)
Merge Join  (cost=5534.64..5539.69 rows=27 width=21) (actual time=29.793..29.907 rows=7 loops=1)
Merge Join  (cost=5546.80..5547.81 rows=55 width=127) (actual time=32.939..32.958 rows=31 loops=1)
Merge Join  (cost=5546.80..5547.81 rows=55 width=127) (actual time=32.973..33.014 rows=78 loops=1)
Merge Join  (cost=5545.58..5546.57 rows=54 width=127) (actual time=32.382..32.392 rows=9 loops=1)
Merge Join  (cost=5545.04..5546.02 rows=53 width=127) (actual time=32.902..32.913 rows=13 loops=1)
Merge Join  (cost=5536.00..5541.18 rows=28 width=21) (actual time=29.624..29.739 rows=30 loops=1)
Merge Join  (cost=5535.54..5540.69 rows=28 width=21) (actual time=29.510..29.687 rows=23 loops=1)
Merge Join  (cost=5536.00..5541.18 rows=28 width=21) (actual time=29.721..29.870 rows=30 loops=1)
Merge Join  (cost=5535.54..5540.69 rows=28 width=21) (actual time=29.774..29.899 rows=16 loops=1)
Merge Join  (cost=5536.00..5541.18 rows=28 width=21) (actual time=29.615..29.760 rows=17 loops=1)
Merge Join  (cost=5544.12..5544.65 rows=28 width=136) (actual time=30.166..30.185 rows=27 loops=1)
Merge Join  (cost=5537.02..5542.31 rows=29 width=21) (actual time=30.024..30.276 rows=17 loops=1)
Merge Join  (cost=5544.24..5544.78 rows=28 width=136) (actual time=30.137..30.146 rows=7 loops=1)
Merge Join  (cost=5534.53..5539.57 rows=27 width=21) (actual time=29.764..29.902 rows=5 loops=1)
Merge Join  (cost=5547.77..5548.80 rows=56 width=127) (actual time=32.857..32.865 rows=7 loops=1)
Merge Join  (cost=5556.46..5559.71 rows=183 width=127) (actual time=33.581..33.682 rows=214 loops=1)
Merge Join  (cost=5545.17..5545.70 rows=28 width=136) (actual time=30.327..30.338 rows=11 loops=1)
Merge Join  (cost=5535.83..5541.00 rows=28 width=21) (actual time=29.542..29.698 rows=9 loops=1)
Merge Join  (cost=5536.17..5541.37 rows=28 width=21) (actual time=29.729..29.840 rows=3 loops=1)
Merge Join  (cost=5535.20..5540.32 rows=28 width=21) (actual time=29.707..29.828 rows=32 loops=1)
Merge Join  (cost=5543.75..5544.28 rows=28 width=136) (actual time=29.893..29.900 rows=3 loops=1)
Merge Join  (cost=5544.55..5545.08 rows=28 width=136) (actual time=29.697..29.711 rows=19 loops=1)
Merge Join  (cost=5536.00..5541.18 rows=28 width=21) (actual time=30.151..30.236 rows=11 loops=1)
Merge Join  (cost=5536.17..5541.37 rows=28 width=21) (actual time=29.893..30.092 rows=1 loops=1)
Merge Join  (cost=5545.95..5546.94 rows=54 width=127) (actual time=33.081..33.094 rows=15 loops=1)
Merge Join  (cost=5534.64..5539.69 rows=27 width=21) (actual time=29.598..29.790 rows=1 loops=1)
Merge Join  (cost=5587.78..5596.79 rows=512 width=127) (actual time=34.506..34.748 rows=500 loops=1)
Merge Join  (cost=5536.17..5541.37 rows=28 width=21) (actual time=29.959..30.113 rows=18 loops=1)
Merge Join  (cost=5546.80..5547.81 rows=55 width=127) (actual time=33.381..33.395 rows=17 loops=1)
Merge Join  (cost=5534.64..5539.69 rows=27 width=21) (actual time=29.643..29.759 rows=6 loops=1)
Merge Join  (cost=5534.64..5539.69 rows=27 width=21) (actual time=29.583..29.696 rows=27 loops=1)
Merge Join  (cost=5535.43..5540.57 rows=28 width=21) (actual time=29.821..29.937 rows=10 loops=1)
Merge Join  (cost=5544.24..5544.78 rows=28 width=136) (actual time=30.248..30.266 rows=27 loops=1)
Merge Join  (cost=5536.17..5541.37 rows=28 width=21) (actual time=29.543..29.669 rows=14 loops=1)
Merge Join  (cost=5535.54..5540.69 rows=28 width=21) (actual time=29.561..29.685 rows=3 loops=1)
Merge Join  (cost=5537.02..5542.31 rows=29 width=21) (actual time=29.610..29.701 rows=34 loops=1)
Merge Join  (cost=5537.02..5542.31 rows=29 width=21) (actual time=29.881..29.982 rows=1 loops=1)
Merge Join  (cost=5545.77..5546.76 rows=54 width=127) (actual time=32.927..32.940 rows=17 loops=1)
Merge Join  (cost=5543.93..5544.47 rows=28 width=136) (actual time=29.804..29.823 rows=29 loops=1)
Merge Join  (cost=5534.92..5540.01 rows=28 width=21) (actual time=29.841..29.943 rows=13 loops=1)
Merge Join  (cost=5535.09..5540.20 rows=28 width=21) (actual time=29.776..29.918 rows=21 loops=1)
Merge Join  (cost=5546.80..5547.81 rows=55 width=127) (actual time=32.420..32.429 rows=9 loops=1)
Merge Join  (cost=5545.77..5546.76 rows=54 width=127) (actual time=33.041..33.053 rows=15 loops=1)
Merge Join  (cost=5535.54..5540.69 rows=28 width=21) (actual time=29.752..29.897 rows=15 loops=1)
Merge Join  (cost=5544.92..5545.45 rows=28 width=136) (actual time=30.209..30.218 rows=7 loops=1)
Merge Join  (cost=5536.40..5541.62 rows=28 width=21) (actual time=29.719..29.773 rows=18 loops=1)
Merge Join  (cost=5545.58..5546.57 rows=54 width=127) (actual time=33.291..33.377 rows=172 loops=1)
Merge Join  (cost=5535.83..5541.00 rows=28 width=21) (actual time=29.698..29.854 rows=34 loops=1)
Merge Join  (cost=5544.24..5544.78 rows=28 width=136) (actual time=30.133..30.135 rows=1 loops=1)
Merge Join  (cost=5535.60..5540.75 rows=28 width=21) (actual time=29.474..29.711 rows=3 loops=1)
Merge Join  (cost=5534.64..5539.69 rows=27 width=21) (actual time=29.786..30.016 rows=15 loops=1)
Merge Join  (cost=5535.54..5540.69 rows=28 width=21) (actual time=29.971..30.115 rows=29 loops=1)
Merge Join  (cost=5544.24..5544.78 rows=28 width=136) (actual time=30.099..30.111 rows=13 loops=1)
Merge Join  (cost=5545.40..5546.39 rows=54 width=127) (actual time=32.795..32.837 rows=76 loops=1)
Merge Join  (cost=5545.40..5546.39 rows=54 width=127) (actual time=32.714..32.759 rows=87 loops=1)
Merge Join  (cost=5535.54..5540.69 rows=28 width=21) (actual time=29.593..29.692 rows=16 loops=1)
Merge Join  (cost=5535.20..5540.32 rows=28 width=21) (actual time=30.087..30.182 rows=18 loops=1)
Merge Join  (cost=5546.80..5547.81 rows=55 width=127) (actual time=32.988..33.037 rows=93 loops=1)
Merge Join  (cost=5544.73..5545.27 rows=28 width=136) (actual time=29.943..29.963 rows=29 loops=1)
Merge Join  (cost=5544.12..5544.65 rows=28 width=136) (actual time=29.760..29.774 rows=21 loops=1)
Merge Join  (cost=5546.07..5547.06 rows=54 width=127) (actual time=32.937..32.944 rows=3 loops=1)
Merge Join  (cost=5535.20..5540.32 rows=28 width=21) (actual time=29.648..29.791 rows=30 loops=1)
Merge Join  (cost=5544.24..5544.78 rows=28 width=136) (actual time=30.047..30.063 rows=23 loops=1)
Merge Join  (cost=5546.43..5547.44 rows=55 width=127) (actual time=33.321..33.358 rows=68 loops=1)
Merge Join  (cost=5535.54..5540.69 rows=28 width=21) (actual time=29.822..29.914 rows=17 loops=1)
Merge Join  (cost=5546.43..5547.44 rows=55 width=127) (actual time=33.357..33.387 rows=53 loops=1)
Merge Join  (cost=5544.92..5545.45 rows=28 width=136) (actual time=29.825..29.834 rows=7 loops=1)
Merge Join  (cost=5546.61..5547.62 rows=55 width=127) (actual time=33.047..33.070 rows=33 loops=1)
Merge Join  (cost=5534.53..5539.57 rows=27 width=21) (actual time=29.771..29.918 rows=25 loops=1)
Merge Join  (cost=5535.20..5540.32 rows=28 width=21) (actual time=29.853..29.905 rows=22 loops=1)
Merge Join  (cost=5544.92..5545.89 rows=53 width=127) (actual time=32.780..32.794 rows=21 loops=1)
Merge Join  (cost=5535.54..5540.69 rows=28 width=21) (actual time=29.504..29.543 rows=6 loops=1)
Merge Join  (cost=5543.87..5544.41 rows=28 width=136) (actual time=30.033..30.040 rows=5 loops=1)
Merge Join  (cost=5535.54..5540.69 rows=28 width=21) (actual time=29.886..29.942 rows=30 loops=1)
Merge Join  (cost=5545.77..5546.76 rows=54 width=127) (actual time=33.544..33.622 rows=156 loops=1)
Merge Join  (cost=5543.21..5543.73 rows=27 width=136) (actual time=29.757..29.775 rows=29 loops=1)
Merge Join  (cost=5536.17..5541.37 rows=28 width=21) (actual time=29.823..29.970 rows=17 loops=1)
Merge Join  (cost=5545.70..5546.69 rows=54 width=127) (actual time=33.071..33.078 rows=3 loops=1)
Merge Join  (cost=5546.07..5547.06 rows=54 width=127) (actual time=33.032..33.048 rows=23 loops=1)
Merge Join  (cost=5534.64..5539.69 rows=27 width=21) (actual time=29.462..29.606 rows=15 loops=1)
Merge Join  (cost=5535.54..5540.69 rows=28 width=21) (actual time=29.947..30.149 rows=7 loops=1)
Merge Join  (cost=5534.64..5539.69 rows=27 width=21) (actual time=30.015..30.174 rows=30 loops=1)
Merge Join  (cost=5544.30..5544.84 rows=28 width=136) (actual time=29.874..29.884 rows=11 loops=1)
Merge Join  (cost=5535.60..5540.75 rows=28 width=403) (actual time=29.400..29.550 rows=11 loops=1)
Merge Join  (cost=5536.17..5541.37 rows=28 width=21) (actual time=29.837..29.935 rows=1 loops=1)
Merge Join  (cost=5534.92..5540.01 rows=28 width=21) (actual time=29.895..30.014 rows=32 loops=1)
Merge Join  (cost=5535.20..5540.32 rows=28 width=21) (actual time=29.680..29.719 rows=37 loops=1)
Merge Join  (cost=5534.53..5539.57 rows=27 width=21) (actual time=29.674..29.771 rows=14 loops=1)
Merge Join  (cost=5536.00..5541.18 rows=28 width=21) (actual time=30.092..30.252 rows=24 loops=1)
Merge Join  (cost=5536.17..5541.37 rows=28 width=21) (actual time=29.872..30.020 rows=25 loops=1)
Merge Join  (cost=5535.20..5540.32 rows=28 width=21) (actual time=29.666..29.724 rows=20 loops=1)
Merge Join  (cost=5547.05..5548.05 rows=55 width=127) (actual time=32.622..32.625 rows=1 loops=1)
Merge Join  (cost=5536.40..5541.62 rows=28 width=21) (actual time=30.201..30.357 rows=30 loops=1)
Merge Join  (cost=5534.64..5539.69 rows=27 width=21) (actual time=29.827..29.987 rows=32 loops=1)
Merge Join  (cost=5544.24..5544.78 rows=28 width=136) (actual time=29.936..29.943 rows=3 loops=1)
Merge Join  (cost=5534.53..5539.57 rows=27 width=21) (actual time=29.369..29.548 rows=3 loops=1)
Merge Join  (cost=5543.93..5544.47 rows=28 width=136) (actual time=30.116..30.124 rows=3 loops=1)
Merge Join  (cost=5534.64..5539.69 rows=27 width=21) (actual time=29.725..29.870 rows=15 loops=1)
Merge Join  (cost=5535.20..5540.32 rows=28 width=21) (actual time=30.208..30.329 rows=30 loops=1)
Merge Join  (cost=5537.02..5542.31 rows=29 width=21) (actual time=29.654..29.756 rows=9 loops=1)
Merge Join  (cost=5545.04..5546.02 rows=53 width=127) (actual time=33.153..33.173 rows=33 loops=1)
Merge Join  (cost=5543.75..5544.28 rows=28 width=136) (actual time=30.151..30.167 rows=23 loops=1)
Merge Join  (cost=5543.21..5543.73 rows=27 width=136) (actual time=29.951..29.968 rows=25 loops=1)
Merge Join  (cost=5544.92..5545.89 rows=53 width=127) (actual time=32.833..32.849 rows=23 loops=1)
Merge Join  (cost=5544.12..5544.65 rows=28 width=136) (actual time=30.093..30.110 rows=25 loops=1)
Merge Join  (cost=5544.43..5545.40 rows=53 width=127) (actual time=32.963..33.039 rows=147 loops=1)
Merge Join  (cost=5546.43..5547.44 rows=55 width=127) (actual time=33.097..33.128 rows=56 loops=1)
Merge Join  (cost=5544.43..5545.40 rows=53 width=127) (actual time=32.986..33.005 rows=25 loops=1)
Merge Join  (cost=5534.64..5539.69 rows=27 width=21) (actual time=29.697..29.832 rows=20 loops=1)
Merge Join  (cost=5534.64..5539.69 rows=27 width=21) (actual time=29.711..29.884 rows=29 loops=1)
Merge Join  (cost=5544.24..5544.78 rows=28 width=136) (actual time=29.881..29.892 rows=13 loops=1)
Merge Join  (cost=5534.53..5539.57 rows=27 width=21) (actual time=29.687..29.815 rows=24 loops=1)
Merge Join  (cost=5535.54..5540.69 rows=28 width=21) (actual time=29.824..29.932 rows=27 loops=1)
Merge Join  (cost=5546.80..5547.81 rows=55 width=127) (actual time=32.718..32.721 rows=1 loops=1)
Merge Join  (cost=5546.80..5547.81 rows=55 width=127) (actual time=33.307..33.313 rows=3 loops=1)
Merge Join  (cost=5536.17..5541.37 rows=28 width=21) (actual time=29.719..29.877 rows=19 loops=1)
Merge Join  (cost=5534.64..5539.69 rows=27 width=21) (actual time=29.755..29.875 rows=27 loops=1)
Merge Join  (cost=5535.26..5540.38 rows=28 width=21) (actual time=30.044..30.167 rows=2 loops=1)
Merge Join  (cost=5546.80..5547.81 rows=55 width=127) (actual time=32.570..32.580 rows=11 loops=1)
Merge Join  (cost=5535.09..5540.20 rows=28 width=21) (actual time=29.422..29.639 rows=1 loops=1)
Merge Join  (cost=5536.17..5541.37 rows=28 width=21) (actual time=30.552..30.664 rows=3 loops=1)
Merge Join  (cost=5536.40..5541.62 rows=28 width=21) (actual time=29.775..29.932 rows=34 loops=1)
Merge Join  (cost=5546.61..5547.62 rows=55 width=127) (actual time=32.802..32.811 rows=9 loops=1)
Merge Join  (cost=5536.00..5541.18 rows=28 width=403) (actual time=30.216..30.326 rows=7 loops=1)
Merge Join  (cost=5535.54..5540.69 rows=28 width=21) (actual time=29.954..30.115 rows=26 loops=1)
Merge Join  (cost=5545.17..5545.70 rows=28 width=136) (actual time=30.090..30.098 rows=5 loops=1)
Merge Join  (cost=5547.05..5548.05 rows=55 width=127) (actual time=32.936..32.948 rows=13 loops=1)
Merge Join  (cost=5534.07..5539.08 rows=27 width=21) (actual time=29.949..30.069 rows=7 loops=1)
Merge Join  (cost=5537.02..5542.31 rows=29 width=21) (actual time=29.868..29.967 rows=1 loops=1)
Merge Join  (cost=5535.60..5540.75 rows=28 width=21) (actual time=29.814..29.974 rows=32 loops=1)
Merge Join  (cost=5544.92..5545.45 rows=28 width=136) (actual time=29.824..29.833 rows=7 loops=1)
Merge Join  (cost=5534.64..5539.69 rows=27 width=21) (actual time=29.508..29.717 rows=5 loops=1)
Merge Join  (cost=5543.56..5544.10 rows=28 width=136) (actual time=30.004..30.021 rows=27 loops=1)
Merge Join  (cost=5536.00..5541.18 rows=28 width=21) (actual time=29.866..30.061 rows=9 loops=1)
Merge Join  (cost=5546.14..5547.13 rows=54 width=127) (actual time=32.427..32.437 rows=5 loops=1)
Merge Join  (cost=5546.43..5547.44 rows=55 width=127) (actual time=32.660..32.663 rows=1 loops=1)
Merge Join  (cost=5546.07..5547.06 rows=54 width=127) (actual time=32.687..32.689 rows=1 loops=1)
Merge Join  (cost=5547.77..5548.80 rows=56 width=127) (actual time=32.934..32.942 rows=3 loops=1)
Merge Join  (cost=5534.64..5539.69 rows=27 width=21) (actual time=29.783..29.859 rows=28 loops=1)
Merge Join  (cost=5544.43..5545.40 rows=53 width=127) (actual time=32.954..32.975 rows=32 loops=1)
Merge Join  (cost=5546.61..5547.62 rows=55 width=127) (actual time=32.991..33.014 rows=37 loops=1)
Merge Join  (cost=5542.60..5543.12 rows=27 width=136) (actual time=29.809..29.827 rows=28 loops=1)
Merge Join  (cost=5535.54..5540.69 rows=28 width=21) (actual time=29.582..29.733 rows=28 loops=1)
Merge Join  (cost=5536.17..5541.37 rows=28 width=21) (actual time=29.686..29.874 rows=33 loops=1)
Merge Join  (cost=5546.43..5547.44 rows=55 width=127) (actual time=33.149..33.164 rows=19 loops=1)
Merge Join  (cost=5535.60..5540.75 rows=28 width=21) (actual time=30.200..30.361 rows=17 loops=1)
Merge Join  (cost=5544.24..5544.78 rows=28 width=136) (actual time=29.837..29.854 rows=23 loops=1)
Merge Join  (cost=5545.95..5546.94 rows=54 width=127) (actual time=33.223..33.234 rows=9 loops=1)
Merge Join  (cost=5546.07..5547.06 rows=54 width=127) (actual time=33.252..33.268 rows=23 loops=1)
Merge Join  (cost=5544.43..5545.40 rows=53 width=127) (actual time=33.162..33.169 rows=3 loops=1)
Merge Join  (cost=5535.54..5540.69 rows=28 width=21) (actual time=29.673..29.780 rows=5 loops=1)
Merge Join  (cost=5561.28..5565.14 rows=218 width=127) (actual time=33.674..33.764 rows=185 loops=1)
Merge Join  (cost=5536.17..5541.37 rows=28 width=21) (actual time=29.808..29.943 rows=31 loops=1)
Merge Join  (cost=5545.04..5546.02 rows=53 width=127) (actual time=33.077..33.096 rows=29 loops=1)
Merge Join  (cost=5535.20..5540.32 rows=28 width=21) (actual time=29.644..29.802 rows=25 loops=1)
Merge Join  (cost=5535.43..5540.57 rows=28 width=21) (actual time=29.681..29.761 rows=28 loops=1)
Merge Join  (cost=5536.17..5541.37 rows=28 width=21) (actual time=29.826..29.911 rows=28 loops=1)
Merge Join  (cost=5545.70..5546.69 rows=54 width=127) (actual time=33.158..33.170 rows=13 loops=1)
Merge Join  (cost=5545.04..5546.02 rows=53 width=127) (actual time=32.921..32.947 rows=43 loops=1)
Merge Join  (cost=5534.64..5539.69 rows=27 width=403) (actual time=29.650..29.838 rows=33 loops=1)
Merge Join  (cost=5544.43..5545.40 rows=53 width=127) (actual time=33.004..33.013 rows=7 loops=1)
Merge Join  (cost=5535.54..5540.69 rows=28 width=21) (actual time=29.752..29.852 rows=34 loops=1)
Merge Join  (cost=5536.17..5541.37 rows=28 width=21) (actual time=29.836..29.970 rows=23 loops=1)
Merge Join  (cost=5535.54..5540.69 rows=28 width=21) (actual time=29.440..29.592 rows=26 loops=1)
Merge Join  (cost=5544.43..5545.40 rows=53 width=127) (actual time=32.887..32.906 rows=31 loops=1)
Merge Join  (cost=5534.64..5539.69 rows=27 width=21) (actual time=29.802..29.935 rows=24 loops=1)
Merge Join  (cost=5542.60..5543.12 rows=27 width=136) (actual time=29.905..29.920 rows=21 loops=1)
Merge Join  (cost=5546.14..5547.13 rows=54 width=127) (actual time=32.916..32.977 rows=129 loops=1)
Merge Join  (cost=5534.92..5540.01 rows=28 width=21) (actual time=29.721..29.840 rows=30 loops=1)
Merge Join  (cost=5546.61..5547.62 rows=55 width=127) (actual time=33.242..33.260 rows=27 loops=1)
Merge Join  (cost=5536.17..5541.37 rows=28 width=21) (actual time=29.814..29.962 rows=2 loops=1)
Merge Join  (cost=5546.07..5547.06 rows=54 width=127) (actual time=32.723..32.761 rows=73 loops=1)
Merge Join  (cost=5535.54..5540.69 rows=28 width=403) (actual time=29.865..30.097 rows=25 loops=1)
Merge Join  (cost=5544.43..5545.40 rows=53 width=127) (actual time=33.273..33.290 rows=23 loops=1)
Merge Join  (cost=5535.54..5540.69 rows=28 width=21) (actual time=29.699..29.880 rows=1 loops=1)
Merge Join  (cost=5535.09..5540.20 rows=28 width=21) (actual time=29.599..29.733 rows=17 loops=1)
Merge Join  (cost=5534.92..5540.01 rows=28 width=21) (actual time=29.818..29.983 rows=27 loops=1)
Merge Join  (cost=5545.77..5546.76 rows=54 width=127) (actual time=33.190..33.199 rows=7 loops=1)
Merge Join  (cost=5546.14..5547.13 rows=54 width=127) (actual time=32.702..32.772 rows=142 loops=1)
Merge Join  (cost=5546.80..5547.81 rows=55 width=127) (actual time=32.120..32.135 rows=19 loops=1)
Merge Join  (cost=5542.60..5543.12 rows=27 width=136) (actual time=30.177..30.188 rows=13 loops=1)
Merge Join  (cost=5535.54..5540.69 rows=28 width=21) (actual time=29.715..29.864 rows=18 loops=1)
Merge Join  (cost=5544.30..5544.84 rows=28 width=136) (actual time=29.896..29.907 rows=11 loops=1)
Merge Join  (cost=5546.07..5547.06 rows=54 width=127) (actual time=32.921..32.937 rows=17 loops=1)
Merge Join  (cost=5534.64..5539.69 rows=27 width=21) (actual time=29.471..29.699 rows=19 loops=1)
Merge Join  (cost=5536.00..5541.18 rows=28 width=21) (actual time=29.729..29.882 rows=1 loops=1)
Merge Join  (cost=5534.64..5539.69 rows=27 width=21) (actual time=29.567..29.787 rows=1 loops=1)
Merge Join  (cost=5546.80..5547.81 rows=55 width=127) (actual time=32.987..32.994 rows=3 loops=1)
Merge Join  (cost=5545.58..5546.57 rows=54 width=127) (actual time=33.529..33.561 rows=54 loops=1)
Merge Join  (cost=5545.77..5546.76 rows=54 width=127) (actual time=33.346..33.359 rows=17 loops=1)
Merge Join  (cost=5545.77..5546.76 rows=54 width=127) (actual time=33.117..33.153 rows=67 loops=1)
Merge Join  (cost=5544.30..5544.84 rows=28 width=136) (actual time=29.784..29.798 rows=17 loops=1)
Merge Join  (cost=5543.75..5544.28 rows=28 width=136) (actual time=29.977..29.986 rows=9 loops=1)
Merge Join  (cost=5546.80..5547.81 rows=55 width=127) (actual time=32.599..32.613 rows=11 loops=1)
Merge Join  (cost=5534.64..5539.69 rows=27 width=21) (actual time=29.483..29.714 rows=7 loops=1)
Merge Join  (cost=5543.87..5544.41 rows=28 width=136) (actual time=29.690..29.704 rows=19 loops=1)
Merge Join  (cost=5535.54..5540.69 rows=28 width=21) (actual time=29.670..29.848 rows=23 loops=1)
Merge Join  (cost=5536.17..5541.37 rows=28 width=21) (actual time=29.733..29.892 rows=3 loops=1)
Merge Join  (cost=5544.43..5545.40 rows=53 width=127) (actual time=32.938..32.972 rows=64 loops=1)
Merge Join  (cost=5545.70..5546.69 rows=54 width=127) (actual time=33.302..33.386 rows=172 loops=1)
Merge Join  (cost=5543.09..5543.61 rows=27 width=136) (actual time=30.138..30.156 rows=27 loops=1)
Merge Join  (cost=5534.53..5539.57 rows=27 width=403) (actual time=29.650..29.809 rows=27 loops=1)
Merge Join  (cost=5535.26..5540.38 rows=28 width=21) (actual time=29.593..29.711 rows=30 loops=1)
Merge Join  (cost=5534.92..5540.01 rows=28 width=21) (actual time=29.468..29.673 rows=23 loops=1)
Merge Join  (cost=5545.89..5546.44 rows=29 width=136) (actual time=30.070..30.084 rows=19 loops=1)
Merge Join  (cost=5534.64..5539.69 rows=27 width=21) (actual time=30.004..30.033 rows=4 loops=1)
Merge Join  (cost=5536.17..5541.37 rows=28 width=21) (actual time=29.725..29.843 rows=29 loops=1)
Merge Join  (cost=5545.04..5546.02 rows=53 width=127) (actual time=33.162..33.249 rows=180 loops=1)
Merge Join  (cost=5545.95..5546.94 rows=54 width=127) (actual time=33.206..33.226 rows=29 loops=1)
Merge Join  (cost=5535.09..5540.20 rows=28 width=21) (actual time=29.687..29.802 rows=6 loops=1)
Merge Join  (cost=5543.09..5543.61 rows=27 width=136) (actual time=30.007..30.025 rows=29 loops=1)
Merge Join  (cost=5546.14..5547.13 rows=54 width=127) (actual time=32.660..32.667 rows=4 loops=1)
Merge Join  (cost=5544.43..5545.40 rows=53 width=127) (actual time=32.465..32.468 rows=1 loops=1)
Merge Join  (cost=5534.64..5539.69 rows=27 width=21) (actual time=29.684..29.832 rows=9 loops=1)
Merge Join  (cost=5545.77..5546.76 rows=54 width=127) (actual time=32.309..32.312 rows=1 loops=1)
Merge Join  (cost=5535.09..5540.20 rows=28 width=21) (actual time=29.866..30.003 rows=24 loops=1)
Merge Join  (cost=5543.87..5544.41 rows=28 width=136) (actual time=29.959..29.977 rows=27 loops=1)
Merge Join  (cost=5535.20..5540.32 rows=28 width=403) (actual time=29.617..29.648 rows=27 loops=1)
Merge Join  (cost=5545.70..5546.69 rows=54 width=127) (actual time=32.719..32.761 rows=80 loops=1)
Merge Join  (cost=5534.64..5539.69 rows=27 width=21) (actual time=29.615..29.748 rows=20 loops=1)
Merge Join  (cost=5545.89..5546.44 rows=29 width=136) (actual time=30.119..30.134 rows=19 loops=1)
Merge Join  (cost=5544.92..5545.45 rows=28 width=136) (actual time=30.190..30.197 rows=5 loops=1)
Merge Join  (cost=5544.92..5545.45 rows=28 width=136) (actual time=30.044..30.056 rows=15 loops=1)
Merge Join  (cost=5556.93..5560.49 rows=201 width=127) (actual time=33.187..33.287 rows=204 loops=1)
Merge Join  (cost=5546.43..5547.44 rows=55 width=127) (actual time=32.791..32.832 rows=76 loops=1)
Merge Join  (cost=5535.43..5540.57 rows=28 width=21) (actual time=29.741..29.790 rows=38 loops=1)
Merge Join  (cost=5545.58..5546.57 rows=54 width=127) (actual time=32.723..32.731 rows=7 loops=1)
Merge Join  (cost=5543.75..5544.28 rows=28 width=136) (actual time=29.659..29.678 rows=29 loops=1)
Merge Join  (cost=5535.09..5540.20 rows=28 width=21) (actual time=29.784..29.926 rows=22 loops=1)
Merge Join  (cost=5535.09..5540.20 rows=28 width=21) (actual time=29.706..29.839 rows=23 loops=1)
Merge Join  (cost=5546.61..5547.62 rows=55 width=127) (actual time=32.967..33.046 rows=154 loops=1)
Merge Join  (cost=5535.09..5540.20 rows=28 width=21) (actual time=29.425..29.561 rows=14 loops=1)
Merge Join  (cost=5545.95..5546.94 rows=54 width=127) (actual time=32.771..32.774 rows=1 loops=1)
Merge Join  (cost=5534.92..5540.01 rows=28 width=21) (actual time=29.902..30.073 rows=23 loops=1)
Merge Join  (cost=5546.07..5547.06 rows=54 width=127) (actual time=33.202..33.257 rows=105 loops=1)
Merge Join  (cost=5536.17..5541.37 rows=28 width=21) (actual time=29.676..29.742 rows=34 loops=1)
Merge Join  (cost=5536.17..5541.37 rows=28 width=21) (actual time=29.564..29.607 rows=24 loops=1)
Merge Join  (cost=5545.70..5546.69 rows=54 width=127) (actual time=32.944..32.953 rows=7 loops=1)
Merge Join  (cost=5544.92..5545.89 rows=53 width=127) (actual time=32.834..32.867 rows=60 loops=1)
Merge Join  (cost=5534.64..5539.69 rows=27 width=21) (actual time=29.556..29.764 rows=24 loops=1)
Merge Join  (cost=5535.09..5540.20 rows=28 width=21) (actual time=29.659..29.820 rows=18 loops=1)
Merge Join  (cost=5543.21..5543.73 rows=27 width=136) (actual time=30.074..30.095 rows=31 loops=1)
Merge Join  (cost=5534.64..5539.69 rows=27 width=21) (actual time=29.675..29.819 rows=9 loops=1)
Merge Join  (cost=5545.04..5546.02 rows=53 width=127) (actual time=32.786..32.788 rows=1 loops=1)
Merge Join  (cost=5535.20..5540.32 rows=28 width=21) (actual time=30.010..30.160 rows=7 loops=1)
Merge Join  (cost=5546.07..5547.06 rows=54 width=127) (actual time=32.787..32.794 rows=5 loops=1)
Merge Join  (cost=5546.14..5547.13 rows=54 width=127) (actual time=33.055..33.073 rows=31 loops=1)
Merge Join  (cost=5534.92..5540.01 rows=28 width=21) (actual time=29.686..29.833 rows=7 loops=1)
Merge Join  (cost=5534.07..5539.08 rows=27 width=21) (actual time=29.985..30.073 rows=20 loops=1)
Merge Join  (cost=5545.77..5546.76 rows=54 width=127) (actual time=32.782..32.791 rows=8 loops=1)
Merge Join  (cost=5545.17..5545.70 rows=28 width=136) (actual time=30.042..30.060 rows=25 loops=1)
Merge Join  (cost=5535.54..5540.69 rows=28 width=21) (actual time=29.617..29.779 rows=18 loops=1)
Merge Join  (cost=5545.04..5546.02 rows=53 width=127) (actual time=33.075..33.096 rows=33 loops=1)
Merge Join  (cost=5544.92..5545.89 rows=53 width=127) (actual time=33.251..33.324 rows=150 loops=1)
Merge Join  (cost=5534.53..5539.57 rows=27 width=403) (actual time=29.379..29.608 rows=29 loops=1)
Merge Join  (cost=5547.77..5548.80 rows=56 width=127) (actual time=33.419..33.465 rows=83 loops=1)
Merge Join  (cost=5537.02..5542.31 rows=29 width=403) (actual time=29.602..29.782 rows=35 loops=1)
Merge Join  (cost=5534.53..5539.57 rows=27 width=21) (actual time=29.915..30.072 rows=32 loops=1)
Merge Join  (cost=5546.80..5547.81 rows=55 width=127) (actual time=32.511..32.524 rows=17 loops=1)
Merge Join  (cost=5536.00..5541.18 rows=28 width=21) (actual time=30.054..30.218 rows=23 loops=1)
Merge Join  (cost=5545.77..5546.76 rows=54 width=127) (actual time=33.160..33.199 rows=69 loops=1)
Merge Join  (cost=5545.04..5546.02 rows=53 width=127) (actual time=33.009..33.026 rows=25 loops=1)
Merge Join  (cost=5534.64..5539.69 rows=27 width=403) (actual time=29.525..29.752 rows=25 loops=1)
Merge Join  (cost=5535.26..5540.38 rows=28 width=21) (actual time=29.503..29.661 rows=28 loops=1)
Merge Join  (cost=5547.05..5548.05 rows=55 width=127) (actual time=32.189..32.198 rows=9 loops=1)
Merge Join  (cost=5544.30..5544.84 rows=28 width=136) (actual time=29.820..29.836 rows=23 loops=1)
Merge Join  (cost=5544.30..5544.84 rows=28 width=136) (actual time=29.869..29.884 rows=21 loops=1)
Merge Join  (cost=5544.55..5545.08 rows=28 width=136) (actual time=30.540..30.547 rows=3 loops=1)
Merge Join  (cost=5591.88..5601.48 rows=546 width=127) (actual time=34.310..34.555 rows=515 loops=1)
Merge Join  (cost=5547.77..5548.80 rows=56 width=127) (actual time=32.971..32.979 rows=7 loops=1)
Merge Join  (cost=5534.53..5539.57 rows=27 width=21) (actual time=29.680..29.834 rows=13 loops=1)
Merge Join  (cost=5545.58..5546.57 rows=54 width=127) (actual time=32.307..32.324 rows=25 loops=1)
Merge Join  (cost=5535.09..5540.20 rows=28 width=21) (actual time=29.691..29.849 rows=17 loops=1)
Merge Join  (cost=5546.07..5547.06 rows=54 width=127) (actual time=33.191..33.204 rows=17 loops=1)
Merge Join  (cost=5536.17..5541.37 rows=28 width=21) (actual time=29.668..29.803 rows=24 loops=1)
Merge Join  (cost=5535.54..5540.69 rows=28 width=21) (actual time=29.791..29.949 rows=23 loops=1)
Merge Join  (cost=5544.24..5544.78 rows=28 width=136) (actual time=29.962..29.981 rows=31 loops=1)
Merge Join  (cost=5535.54..5540.69 rows=28 width=21) (actual time=29.913..30.001 rows=26 loops=1)
Merge Join  (cost=5547.77..5548.80 rows=56 width=127) (actual time=32.913..32.928 rows=22 loops=1)
Merge Join  (cost=5543.56..5544.10 rows=28 width=136) (actual time=29.846..29.859 rows=17 loops=1)
Merge Join  (cost=5534.92..5540.01 rows=28 width=403) (actual time=29.749..29.908 rows=17 loops=1)
Merge Join  (cost=5543.56..5544.10 rows=28 width=136) (actual time=29.849..29.862 rows=15 loops=1)
Merge Join  (cost=5543.93..5544.47 rows=28 width=136) (actual time=29.851..29.866 rows=19 loops=1)
Merge Join  (cost=5544.92..5545.89 rows=53 width=127) (actual time=33.037..33.055 rows=27 loops=1)
Merge Join  (cost=5536.17..5541.37 rows=28 width=21) (actual time=29.739..29.933 rows=21 loops=1)
Merge Join  (cost=5534.07..5539.08 rows=27 width=21) (actual time=30.017..30.153 rows=24 loops=1)
Merge Join  (cost=5534.92..5540.01 rows=28 width=21) (actual time=29.587..29.740 rows=19 loops=1)
Merge Join  (cost=5536.17..5541.37 rows=28 width=21) (actual time=29.640..29.776 rows=22 loops=1)
Merge Join  (cost=5544.24..5544.78 rows=28 width=136) (actual time=30.452..30.460 rows=3 loops=1)
Merge Join  (cost=5535.54..5540.69 rows=28 width=403) (actual time=29.921..30.092 rows=3 loops=1)
Merge Join  (cost=5534.53..5539.57 rows=27 width=21) (actual time=29.540..29.732 rows=1 loops=1)
Merge Join  (cost=5536.00..5541.18 rows=28 width=21) (actual time=29.536..29.756 rows=17 loops=1)
Merge Join  (cost=5536.40..5541.62 rows=28 width=21) (actual time=30.044..30.195 rows=1 loops=1)
Merge Join  (cost=5535.26..5540.38 rows=28 width=21) (actual time=29.741..29.899 rows=20 loops=1)
Merge Join  (cost=5536.00..5541.18 rows=28 width=21) (actual time=29.733..29.882 rows=8 loops=1)
Merge Join  (cost=5545.70..5546.69 rows=54 width=127) (actual time=33.587..33.619 rows=57 loops=1)
Merge Join  (cost=5534.64..5539.69 rows=27 width=21) (actual time=29.469..29.694 rows=1 loops=1)
Merge Join  (cost=5545.89..5546.44 rows=29 width=136) (actual time=30.270..30.284 rows=17 loops=1)
Merge Join  (cost=5545.04..5546.02 rows=53 width=127) (actual time=33.230..33.257 rows=45 loops=1)
Merge Join  (cost=5537.02..5542.31 rows=29 width=21) (actual time=29.738..29.964 rows=29 loops=1)
Merge Join  (cost=5543.87..5544.41 rows=28 width=136) (actual time=29.757..29.776 rows=29 loops=1)
Merge Join  (cost=5544.24..5544.78 rows=28 width=136) (actual time=30.219..30.228 rows=7 loops=1)
Merge Join  (cost=5535.54..5540.69 rows=28 width=403) (actual time=30.038..30.195 rows=7 loops=1)
Merge Join  (cost=5544.30..5544.84 rows=28 width=136) (actual time=29.933..29.947 rows=19 loops=1)
Merge Join  (cost=5556.92..5560.38 rows=195 width=127) (actual time=33.004..33.105 rows=196 loops=1)
Merge Join  (cost=5534.53..5539.57 rows=27 width=21) (actual time=29.718..29.878 rows=19 loops=1)
Merge Join  (cost=5560.48..5564.19 rows=209 width=127) (actual time=33.171..33.268 rows=194 loops=1)
Merge Join  (cost=5544.92..5545.45 rows=28 width=136) (actual time=29.943..29.961 rows=29 loops=1)
Merge Join  (cost=5545.77..5546.76 rows=54 width=127) (actual time=32.240..32.255 rows=19 loops=1)
Merge Join  (cost=5544.92..5545.89 rows=53 width=127) (actual time=33.238..33.251 rows=17 loops=1)
Merge Join  (cost=5536.17..5541.37 rows=28 width=21) (actual time=30.046..30.191 rows=30 loops=1)
Merge Join  (cost=5534.53..5539.57 rows=27 width=21) (actual time=29.927..29.968 rows=19 loops=1)
Merge Join  (cost=5546.43..5547.44 rows=55 width=127) (actual time=32.980..33.004 rows=41 loops=1)
Merge Join  (cost=5547.77..5548.80 rows=56 width=127) (actual time=33.263..33.279 rows=18 loops=1)
Merge Join  (cost=5544.92..5545.45 rows=28 width=136) (actual time=30.105..30.123 rows=27 loops=1)
Merge Join  (cost=5545.40..5546.39 rows=54 width=127) (actual time=32.895..32.902 rows=3 loops=1)
Merge Join  (cost=5535.54..5540.69 rows=28 width=21) (actual time=29.602..29.724 rows=16 loops=1)
Merge Join  (cost=5544.43..5545.40 rows=53 width=127) (actual time=32.982..33.022 rows=76 loops=1)
Merge Join  (cost=5544.92..5545.45 rows=28 width=136) (actual time=30.080..30.089 rows=7 loops=1)
Merge Join  (cost=5544.30..5544.84 rows=28 width=136) (actual time=29.986..30.004 rows=29 loops=1)
Merge Join  (cost=5535.60..5540.75 rows=28 width=403) (actual time=29.465..29.697 rows=29 loops=1)
Merge Join  (cost=5544.12..5544.65 rows=28 width=136) (actual time=29.910..29.925 rows=21 loops=1)
Merge Join  (cost=5536.40..5541.62 rows=28 width=21) (actual time=29.813..29.898 rows=26 loops=1)
Merge Join  (cost=5536.17..5541.37 rows=28 width=21) (actual time=29.798..29.917 rows=33 loops=1)
Merge Join  (cost=5534.07..5539.08 rows=27 width=21) (actual time=29.851..29.977 rows=34 loops=1)
Merge Join  (cost=5543.93..5544.47 rows=28 width=136) (actual time=30.058..30.073 rows=19 loops=1)
Merge Join  (cost=5534.64..5539.69 rows=27 width=21) (actual time=29.862..29.968 rows=30 loops=1)
Merge Join  (cost=5545.17..5545.70 rows=28 width=136) (actual time=29.937..29.949 rows=17 loops=1)
Merge Join  (cost=5536.40..5541.62 rows=28 width=403) (actual time=29.749..29.796 rows=17 loops=1)
Merge Join  (cost=5536.17..5541.37 rows=28 width=21) (actual time=30.152..30.284 rows=20 loops=1)
Merge Join  (cost=5544.30..5544.84 rows=28 width=136) (actual time=30.402..30.417 rows=21 loops=1)
Merge Join  (cost=5544.24..5544.78 rows=28 width=136) (actual time=30.026..30.046 rows=33 loops=1)
Merge Join  (cost=5545.95..5546.94 rows=54 width=127) (actual time=32.398..32.410 rows=13 loops=1)
Merge Join  (cost=5534.07..5539.08 rows=27 width=21) (actual time=29.847..30.006 rows=19 loops=1)
Merge Join  (cost=5537.02..5542.31 rows=29 width=21) (actual time=29.879..30.012 rows=4 loops=1)
Merge Join  (cost=5535.26..5540.38 rows=28 width=21) (actual time=29.658..29.764 rows=28 loops=1)
Merge Join  (cost=5543.75..5544.28 rows=28 width=136) (actual time=29.821..29.828 rows=3 loops=1)
Merge Join  (cost=5544.55..5545.08 rows=28 width=136) (actual time=30.001..30.014 rows=17 loops=1)
Merge Join  (cost=5544.92..5545.45 rows=28 width=136) (actual time=30.254..30.263 rows=9 loops=1)
Merge Join  (cost=5543.21..5543.73 rows=27 width=136) (actual time=29.815..29.830 rows=21 loops=1)
Merge Join  (cost=5537.02..5542.31 rows=29 width=21) (actual time=29.823..29.955 rows=5 loops=1)
Merge Join  (cost=5535.54..5540.69 rows=28 width=21) (actual time=29.961..30.183 rows=23 loops=1)
Merge Join  (cost=5535.54..5540.69 rows=28 width=21) (actual time=30.165..30.349 rows=1 loops=1)
Merge Join  (cost=5535.83..5541.00 rows=28 width=21) (actual time=29.777..29.921 rows=3 loops=1)
Merge Join  (cost=5534.64..5539.69 rows=27 width=21) (actual time=29.483..29.616 rows=32 loops=1)
Merge Join  (cost=5543.21..5543.73 rows=27 width=136) (actual time=30.730..30.743 rows=15 loops=1)
Merge Join  (cost=5536.17..5541.37 rows=28 width=21) (actual time=30.104..30.236 rows=9 loops=1)
Merge Join  (cost=5543.56..5544.10 rows=28 width=136) (actual time=29.988..29.998 rows=11 loops=1)
Merge Join  (cost=5535.20..5540.32 rows=28 width=21) (actual time=29.382..29.579 rows=13 loops=1)
Merge Join  (cost=5543.93..5544.47 rows=28 width=136) (actual time=30.386..30.389 rows=1 loops=1)
Merge Join  (cost=5546.80..5547.81 rows=55 width=127) (actual time=32.897..32.909 rows=13 loops=1)
Merge Join  (cost=5534.64..5539.69 rows=27 width=21) (actual time=29.902..30.050 rows=16 loops=1)
Merge Join  (cost=5547.77..5548.80 rows=56 width=127) (actual time=32.946..32.953 rows=5 loops=1)
Merge Join  (cost=5543.21..5543.73 rows=27 width=136) (actual time=29.812..29.821 rows=7 loops=1)
Merge Join  (cost=5536.00..5541.18 rows=28 width=21) (actual time=29.747..29.879 rows=32 loops=1)
Merge Join  (cost=5535.54..5540.69 rows=28 width=21) (actual time=29.958..30.112 rows=20 loops=1)
Merge Join  (cost=5545.58..5546.57 rows=54 width=127) (actual time=32.596..32.599 rows=1 loops=1)
Merge Join  (cost=5544.43..5545.40 rows=53 width=127) (actual time=32.887..32.901 rows=20 loops=1)
Merge Join  (cost=5537.02..5542.31 rows=29 width=21) (actual time=29.897..30.084 rows=9 loops=1)
Merge Join  (cost=5535.60..5540.75 rows=28 width=21) (actual time=29.746..29.881 rows=15 loops=1)
Merge Join  (cost=5546.07..5547.06 rows=54 width=127) (actual time=33.064..33.138 rows=150 loops=1)
Merge Join  (cost=5536.17..5541.37 rows=28 width=21) (actual time=29.628..29.705 rows=1 loops=1)
Merge Join  (cost=5546.07..5547.06 rows=54 width=127) (actual time=33.260..33.267 rows=3 loops=1)
Merge Join  (cost=5536.00..5541.18 rows=28 width=21) (actual time=29.756..29.874 rows=19 loops=1)
Merge Join  (cost=5547.05..5548.05 rows=55 width=127) (actual time=33.098..33.129 rows=51 loops=1)
Merge Join  (cost=5536.40..5541.62 rows=28 width=403) (actual time=29.497..29.674 rows=15 loops=1)
Merge Join  (cost=5535.60..5540.75 rows=28 width=21) (actual time=29.541..29.673 rows=29 loops=1)
Merge Join  (cost=5536.00..5541.18 rows=28 width=21) (actual time=29.598..29.794 rows=3 loops=1)
Merge Join  (cost=5581.97..5589.98 rows=455 width=127) (actual time=34.279..34.513 rows=500 loops=1)
Merge Join  (cost=5536.17..5541.37 rows=28 width=21) (actual time=29.559..29.704 rows=9 loops=1)
Merge Join  (cost=5546.14..5547.13 rows=54 width=127) (actual time=33.318..33.356 rows=68 loops=1)
Merge Join  (cost=5546.07..5547.06 rows=54 width=127) (actual time=32.724..32.751 rows=45 loops=1)
Merge Join  (cost=5535.60..5540.75 rows=28 width=21) (actual time=29.599..29.735 rows=29 loops=1)
Merge Join  (cost=5536.17..5541.37 rows=28 width=21) (actual time=29.604..29.746 rows=31 loops=1)
Merge Join  (cost=5543.09..5543.61 rows=27 width=136) (actual time=29.928..29.930 rows=1 loops=1)
Merge Join  (cost=5543.87..5544.41 rows=28 width=136) (actual time=30.165..30.180 rows=21 loops=1)
Merge Join  (cost=5535.54..5540.69 rows=28 width=21) (actual time=29.644..29.734 rows=36 loops=1)
Merge Join  (cost=5543.21..5543.73 rows=27 width=136) (actual time=29.861..29.880 rows=27 loops=1)
Merge Join  (cost=5534.64..5539.69 rows=27 width=403) (actual time=29.600..29.772 rows=27 loops=1)
Merge Join  (cost=5534.64..5539.69 rows=27 width=21) (actual time=29.681..29.875 rows=5 loops=1)
Merge Join  (cost=5534.07..5539.08 rows=27 width=21) (actual time=29.734..29.807 rows=18 loops=1)
Merge Join  (cost=5534.64..5539.69 rows=27 width=21) (actual time=29.498..29.621 rows=3 loops=1)
Merge Join  (cost=5543.87..5544.41 rows=28 width=136) (actual time=30.194..30.200 rows=3 loops=1)
Merge Join  (cost=5534.92..5540.01 rows=28 width=21) (actual time=29.789..29.847 rows=20 loops=1)
Merge Join  (cost=5535.54..5540.69 rows=28 width=21) (actual time=29.643..29.725 rows=21 loops=1)
Merge Join  (cost=5535.09..5540.20 rows=28 width=21) (actual time=29.466..29.592 rows=35 loops=1)
Merge Join  (cost=5544.92..5545.45 rows=28 width=136) (actual time=30.089..30.108 rows=29 loops=1)
Merge Join  (cost=5536.17..5541.37 rows=28 width=21) (actual time=29.668..29.807 rows=26 loops=1)
Merge Join  (cost=5535.54..5540.69 rows=28 width=21) (actual time=29.492..29.716 rows=23 loops=1)
Merge Join  (cost=5537.02..5542.31 rows=29 width=21) (actual time=29.591..29.740 rows=19 loops=1)
Merge Join  (cost=5546.14..5547.13 rows=54 width=127) (actual time=33.324..33.355 rows=56 loops=1)
Merge Join  (cost=5546.61..5547.62 rows=55 width=127) (actual time=32.736..32.759 rows=38 loops=1)
Merge Join  (cost=5535.54..5540.69 rows=28 width=21) (actual time=29.426..29.616 rows=1 loops=1)
Merge Join  (cost=5536.17..5541.37 rows=28 width=21) (actual time=29.436..29.631 rows=27 loops=1)
Merge Join  (cost=5544.43..5545.40 rows=53 width=127) (actual time=32.693..32.709 rows=17 loops=1)
Merge Join  (cost=5544.24..5544.78 rows=28 width=136) (actual time=29.975..29.985 rows=9 loops=1)
Merge Join  (cost=5535.54..5540.69 rows=28 width=21) (actual time=29.596..29.732 rows=7 loops=1)
Merge Join  (cost=5589.12..5598.30 rows=522 width=127) (actual time=34.109..34.364 rows=525 loops=1)
Merge Join  (cost=5543.93..5544.47 rows=28 width=136) (actual time=29.922..29.925 rows=1 loops=1)
Merge Join  (cost=5546.80..5547.81 rows=55 width=127) (actual time=32.625..32.638 rows=9 loops=1)
Merge Join  (cost=5544.73..5545.27 rows=28 width=136) (actual time=29.949..29.966 rows=25 loops=1)
Merge Join  (cost=5546.07..5547.06 rows=54 width=127) (actual time=33.013..33.035 rows=37 loops=1)
Merge Join  (cost=5535.54..5540.69 rows=28 width=403) (actual time=29.849..30.056 rows=13 loops=1)
Merge Join  (cost=5544.92..5545.45 rows=28 width=136) (actual time=30.119..30.139 rows=29 loops=1)
Merge Join  (cost=5536.17..5541.37 rows=28 width=403) (actual time=29.865..30.063 rows=29 loops=1)
Merge Join  (cost=5534.07..5539.08 rows=27 width=21) (actual time=29.661..29.799 rows=24 loops=1)
Merge Join  (cost=5534.64..5539.69 rows=27 width=21) (actual time=30.081..30.170 rows=18 loops=1)
Merge Join  (cost=5543.93..5544.47 rows=28 width=136) (actual time=30.127..30.130 rows=1 loops=1)
Merge Join  (cost=5535.60..5540.75 rows=28 width=21) (actual time=29.652..29.753 rows=28 loops=1)
Merge Join  (cost=5546.07..5547.06 rows=54 width=127) (actual time=32.858..32.875 rows=26 loops=1)
Merge Join  (cost=5535.09..5540.20 rows=28 width=21) (actual time=29.833..30.057 rows=7 loops=1)
Merge Join  (cost=5546.07..5547.06 rows=54 width=127) (actual time=32.867..32.870 rows=1 loops=1)
Merge Join  (cost=5546.07..5547.06 rows=54 width=127) (actual time=33.463..33.556 rows=184 loops=1)
Merge Join  (cost=5535.20..5540.32 rows=28 width=21) (actual time=29.741..29.972 rows=13 loops=1)
Merge Join  (cost=5546.80..5547.81 rows=55 width=127) (actual time=33.250..33.263 rows=17 loops=1)
Merge Join  (cost=5536.17..5541.37 rows=28 width=21) (actual time=29.854..30.009 rows=11 loops=1)
Merge Join  (cost=5535.54..5540.69 rows=28 width=21) (actual time=29.596..29.731 rows=7 loops=1)
Merge Join  (cost=5544.43..5545.40 rows=53 width=127) (actual time=33.016..33.030 rows=18 loops=1)
Merge Join  (cost=5544.92..5545.45 rows=28 width=136) (actual time=30.004..30.018 rows=19 loops=1)
Merge Join  (cost=5535.54..5540.69 rows=28 width=21) (actual time=29.885..30.014 rows=20 loops=1)
Merge Join  (cost=5544.24..5544.78 rows=28 width=136) (actual time=31.267..31.279 rows=16 loops=1)
Merge Join  (cost=5544.12..5544.65 rows=28 width=136) (actual time=29.780..29.787 rows=5 loops=1)
Merge Join  (cost=5544.43..5545.40 rows=53 width=127) (actual time=33.120..33.127 rows=3 loops=1)
Merge Join  (cost=5535.43..5540.57 rows=28 width=21) (actual time=29.834..29.988 rows=32 loops=1)
Merge Join  (cost=5546.43..5547.44 rows=55 width=127) (actual time=33.205..33.292 rows=179 loops=1)
Merge Join  (cost=5535.26..5540.38 rows=28 width=21) (actual time=29.637..29.775 rows=32 loops=1)
Merge Join  (cost=5547.05..5548.05 rows=55 width=127) (actual time=33.222..33.245 rows=37 loops=1)
Merge Join  (cost=5535.54..5540.69 rows=28 width=21) (actual time=29.863..30.043 rows=1 loops=1)
Merge Join  (cost=5536.17..5541.37 rows=28 width=21) (actual time=29.626..29.697 rows=36 loops=1)
Merge Join  (cost=5535.43..5540.57 rows=28 width=21) (actual time=29.541..29.702 rows=13 loops=1)
Merge Join  (cost=5536.17..5541.37 rows=28 width=21) (actual time=29.783..29.882 rows=22 loops=1)
Merge Join  (cost=5535.20..5540.32 rows=28 width=21) (actual time=29.854..29.972 rows=29 loops=1)
Merge Join  (cost=5545.77..5546.76 rows=54 width=127) (actual time=32.989..33.002 rows=15 loops=1)
Merge Join  (cost=5544.92..5545.45 rows=28 width=136) (actual time=29.860..29.878 rows=29 loops=1)
Merge Join  (cost=5536.17..5541.37 rows=28 width=403) (actual time=29.742..29.781 rows=29 loops=1)
Merge Join  (cost=5545.95..5546.94 rows=54 width=127) (actual time=33.363..33.370 rows=3 loops=1)
Merge Join  (cost=5535.43..5540.57 rows=28 width=403) (actual time=29.707..29.817 rows=3 loops=1)
Merge Join  (cost=5535.83..5541.00 rows=28 width=21) (actual time=32.014..32.082 rows=19 loops=1)
Merge Join  (cost=5535.20..5540.32 rows=28 width=21) (actual time=29.976..30.145 rows=24 loops=1)
Merge Join  (cost=5536.17..5541.37 rows=28 width=21) (actual time=29.926..30.004 rows=1 loops=1)
Merge Join  (cost=5546.61..5547.62 rows=55 width=127) (actual time=33.213..33.243 rows=56 loops=1)
Merge Join  (cost=5537.02..5542.31 rows=29 width=21) (actual time=29.629..29.698 rows=27 loops=1)
Merge Join  (cost=5546.07..5547.06 rows=54 width=127) (actual time=33.155..33.172 rows=27 loops=1)
Merge Join  (cost=5546.07..5547.06 rows=54 width=127) (actual time=33.256..33.305 rows=91 loops=1)
Merge Join  (cost=5536.17..5541.37 rows=28 width=21) (actual time=29.626..29.711 rows=7 loops=1)
Merge Join  (cost=5546.07..5547.06 rows=54 width=127) (actual time=32.939..32.954 rows=19 loops=1)
Merge Join  (cost=5535.54..5540.69 rows=28 width=21) (actual time=29.730..29.895 rows=19 loops=1)
Merge Join  (cost=5534.07..5539.08 rows=27 width=21) (actual time=29.750..29.875 rows=33 loops=1)
Merge Join  (cost=5545.58..5546.57 rows=54 width=127) (actual time=32.911..32.924 rows=19 loops=1)
Merge Join  (cost=5544.92..5545.45 rows=28 width=136) (actual time=29.980..30.000 rows=31 loops=1)
Merge Join  (cost=5536.17..5541.37 rows=28 width=403) (actual time=29.474..29.635 rows=31 loops=1)
Merge Join  (cost=5546.07..5547.06 rows=54 width=127) (actual time=33.097..33.116 rows=31 loops=1)
Merge Join  (cost=5535.54..5540.69 rows=28 width=403) (actual time=29.328..29.582 rows=19 loops=1)
Merge Join  (cost=5536.17..5541.37 rows=28 width=21) (actual time=29.602..29.744 rows=32 loops=1)
Merge Join  (cost=5545.04..5546.02 rows=53 width=127) (actual time=32.870..32.886 rows=25 loops=1)
Merge Join  (cost=5534.64..5539.69 rows=27 width=403) (actual time=29.637..29.793 rows=13 loops=1)
Merge Join  (cost=5546.07..5547.06 rows=54 width=127) (actual time=33.052..33.073 rows=33 loops=1)
Merge Join  (cost=5546.07..5547.06 rows=54 width=127) (actual time=33.038..33.050 rows=17 loops=1)
Merge Join  (cost=5535.20..5540.32 rows=28 width=21) (actual time=29.600..29.722 rows=22 loops=1)
Merge Join  (cost=5544.92..5545.45 rows=28 width=136) (actual time=29.938..29.950 rows=11 loops=1)
Merge Join  (cost=5534.92..5540.01 rows=28 width=21) (actual time=29.578..29.728 rows=16 loops=1)
Merge Join  (cost=5542.60..5543.12 rows=27 width=136) (actual time=29.637..29.645 rows=7 loops=1)
Merge Join  (cost=5534.07..5539.08 rows=27 width=21) (actual time=29.913..29.989 rows=26 loops=1)
Merge Join  (cost=5535.54..5540.69 rows=28 width=21) (actual time=29.671..29.809 rows=28 loops=1)
Merge Join  (cost=5535.54..5540.69 rows=28 width=21) (actual time=29.493..29.615 rows=21 loops=1)
Merge Join  (cost=5534.53..5539.57 rows=27 width=21) (actual time=29.499..29.630 rows=7 loops=1)
Merge Join  (cost=5543.09..5543.61 rows=27 width=136) (actual time=30.117..30.131 rows=17 loops=1)
Merge Join  (cost=5534.53..5539.57 rows=27 width=21) (actual time=29.942..30.036 rows=16 loops=1)
Merge Join  (cost=5545.17..5545.70 rows=28 width=136) (actual time=29.917..29.935 rows=25 loops=1)
Merge Join  (cost=5535.20..5540.32 rows=28 width=21) (actual time=29.422..29.608 rows=21 loops=1)
Merge Join  (cost=5654.99..5681.52 rows=1446 width=127) (actual time=34.859..36.002 rows=1544 loops=1)
Merge Join  (cost=5536.00..5541.18 rows=28 width=21) (actual time=30.046..30.204 rows=18 loops=1)
Merge Join  (cost=5534.92..5540.01 rows=28 width=21) (actual time=29.675..29.820 rows=12 loops=1)
Merge Join  (cost=5535.09..5540.20 rows=28 width=21) (actual time=29.598..29.764 rows=32 loops=1)
Merge Join  (cost=5546.14..5547.13 rows=54 width=127) (actual time=33.311..33.333 rows=33 loops=1)
Merge Join  (cost=5545.04..5546.02 rows=53 width=127) (actual time=32.692..32.695 rows=1 loops=1)
Merge Join  (cost=5534.64..5539.69 rows=27 width=403) (actual time=29.575..29.708 rows=1 loops=1)
Merge Join  (cost=5535.20..5540.32 rows=28 width=21) (actual time=29.632..29.770 rows=34 loops=1)
Merge Join  (cost=5536.17..5541.37 rows=28 width=21) (actual time=29.833..30.000 rows=15 loops=1)
Merge Join  (cost=5546.61..5547.62 rows=55 width=127) (actual time=32.486..32.496 rows=9 loops=1)
Merge Join  (cost=5543.09..5543.61 rows=27 width=136) (actual time=30.007..30.022 rows=23 loops=1)
Merge Join  (cost=5534.64..5539.69 rows=27 width=21) (actual time=29.663..29.798 rows=24 loops=1)
Merge Join  (cost=5535.54..5540.69 rows=28 width=21) (actual time=29.862..30.059 rows=1 loops=1)
Merge Join  (cost=5544.12..5544.65 rows=28 width=136) (actual time=30.256..30.266 rows=7 loops=1)
Merge Join  (cost=5536.17..5541.37 rows=28 width=21) (actual time=29.951..30.159 rows=7 loops=1)
Merge Join  (cost=5544.43..5545.40 rows=53 width=127) (actual time=32.992..33.020 rows=53 loops=1)
Merge Join  (cost=5534.64..5539.69 rows=27 width=21) (actual time=30.185..30.316 rows=20 loops=1)
Merge Join  (cost=5545.17..5545.70 rows=28 width=136) (actual time=29.869..29.877 rows=5 loops=1)
Merge Join  (cost=5534.64..5539.69 rows=27 width=21) (actual time=29.554..29.700 rows=9 loops=1)
Merge Join  (cost=5535.54..5540.69 rows=28 width=21) (actual time=30.384..30.577 rows=6 loops=1)
Merge Join  (cost=5535.20..5540.32 rows=28 width=21) (actual time=29.861..30.017 rows=21 loops=1)
Merge Join  (cost=5537.02..5542.31 rows=29 width=21) (actual time=29.831..30.020 rows=17 loops=1)
Merge Join  (cost=5535.83..5541.00 rows=28 width=21) (actual time=29.741..29.977 rows=1 loops=1)
Merge Join  (cost=5534.07..5539.08 rows=27 width=21) (actual time=29.415..29.614 rows=3 loops=1)
Merge Join  (cost=5544.92..5545.45 rows=28 width=136) (actual time=30.127..30.146 rows=31 loops=1)
Merge Join  (cost=5534.53..5539.57 rows=27 width=21) (actual time=29.833..29.965 rows=20 loops=1)
Merge Join  (cost=5543.75..5544.28 rows=28 width=136) (actual time=29.977..29.995 rows=29 loops=1)
Merge Join  (cost=5544.92..5545.45 rows=28 width=136) (actual time=29.629..29.636 rows=5 loops=1)
Merge Join  (cost=5534.64..5539.69 rows=27 width=21) (actual time=29.911..30.044 rows=8 loops=1)
Merge Join  (cost=5534.64..5539.69 rows=27 width=21) (actual time=29.860..29.950 rows=9 loops=1)
Merge Join  (cost=5535.26..5540.38 rows=28 width=21) (actual time=29.743..29.817 rows=19 loops=1)
Merge Join  (cost=5534.07..5539.08 rows=27 width=21) (actual time=29.509..29.707 rows=1 loops=1)
Merge Join  (cost=5536.17..5541.37 rows=28 width=21) (actual time=30.162..30.319 rows=3 loops=1)
Merge Join  (cost=5535.60..5540.75 rows=28 width=21) (actual time=29.824..30.012 rows=23 loops=1)
Merge Join  (cost=5535.54..5540.69 rows=28 width=21) (actual time=29.709..29.890 rows=3 loops=1)
Merge Join  (cost=5546.43..5547.44 rows=55 width=127) (actual time=32.404..32.414 rows=9 loops=1)
Merge Join  (cost=5546.80..5547.81 rows=55 width=127) (actual time=33.040..33.043 rows=1 loops=1)
Merge Join  (cost=5544.92..5545.45 rows=28 width=136) (actual time=30.123..30.126 rows=1 loops=1)
Merge Join  (cost=5543.21..5543.73 rows=27 width=136) (actual time=29.888..29.905 rows=23 loops=1)
Merge Join  (cost=5535.26..5540.38 rows=28 width=21) (actual time=30.373..30.537 rows=30 loops=1)
Merge Join  (cost=5535.43..5540.57 rows=28 width=21) (actual time=29.927..30.081 rows=20 loops=1)
Merge Join  (cost=5546.80..5547.81 rows=55 width=127) (actual time=33.293..33.333 rows=75 loops=1)
Merge Join  (cost=5536.17..5541.37 rows=28 width=403) (actual time=29.500..29.637 rows=21 loops=1)
Merge Join  (cost=5547.77..5548.80 rows=56 width=127) (actual time=32.837..32.865 rows=51 loops=1)
Merge Join  (cost=5534.64..5539.69 rows=27 width=21) (actual time=29.723..29.856 rows=1 loops=1)
Merge Join  (cost=5544.73..5545.27 rows=28 width=136) (actual time=29.984..29.997 rows=17 loops=1)
Merge Join  (cost=5535.83..5541.00 rows=28 width=21) (actual time=29.656..29.833 rows=13 loops=1)
Merge Join  (cost=5535.83..5541.00 rows=28 width=21) (actual time=29.581..29.634 rows=32 loops=1)
Merge Join  (cost=5543.09..5543.61 rows=27 width=136) (actual time=30.117..30.120 rows=1 loops=1)
Merge Join  (cost=5534.07..5539.08 rows=27 width=21) (actual time=29.934..30.135 rows=7 loops=1)
Merge Join  (cost=5544.92..5545.45 rows=28 width=136) (actual time=30.067..30.082 rows=23 loops=1)
Merge Join  (cost=5535.26..5540.38 rows=28 width=21) (actual time=29.623..29.794 rows=7 loops=1)
Merge Join  (cost=5534.07..5539.08 rows=27 width=21) (actual time=30.182..30.337 rows=32 loops=1)
Merge Join  (cost=5535.54..5540.69 rows=28 width=21) (actual time=29.908..30.041 rows=18 loops=1)
Merge Join  (cost=5545.40..5546.39 rows=54 width=127) (actual time=32.969..33.003 rows=65 loops=1)
Merge Join  (cost=5535.60..5540.75 rows=28 width=21) (actual time=29.648..29.834 rows=5 loops=1)
Merge Join  (cost=5546.80..5547.81 rows=55 width=127) (actual time=33.102..33.116 rows=17 loops=1)
Merge Join  (cost=5545.04..5546.02 rows=53 width=127) (actual time=32.921..32.928 rows=3 loops=1)
Merge Join  (cost=5534.64..5539.69 rows=27 width=403) (actual time=29.689..29.804 rows=3 loops=1)
Merge Join  (cost=5535.09..5540.20 rows=28 width=21) (actual time=29.624..29.773 rows=26 loops=1)
Merge Join  (cost=5537.02..5542.31 rows=29 width=21) (actual time=29.756..29.914 rows=23 loops=1)
Merge Join  (cost=5544.24..5544.78 rows=28 width=136) (actual time=29.925..29.933 rows=7 loops=1)
Merge Join  (cost=5535.54..5540.69 rows=28 width=403) (actual time=29.436..29.615 rows=7 loops=1)
Merge Join  (cost=5535.60..5540.75 rows=28 width=21) (actual time=29.499..29.688 rows=23 loops=1)
Merge Join  (cost=5546.80..5547.81 rows=55 width=127) (actual time=32.795..32.798 rows=1 loops=1)
Merge Join  (cost=5536.17..5541.37 rows=28 width=403) (actual time=29.772..29.981 rows=1 loops=1)
Merge Join  (cost=5535.83..5541.00 rows=28 width=21) (actual time=29.622..29.775 rows=9 loops=1)
Merge Join  (cost=5543.87..5544.41 rows=28 width=136) (actual time=29.913..29.933 rows=33 loops=1)
Merge Join  (cost=5545.17..5545.70 rows=28 width=136) (actual time=30.305..30.325 rows=29 loops=1)
Merge Join  (cost=5534.53..5539.57 rows=27 width=21) (actual time=30.023..30.162 rows=21 loops=1)
Merge Join  (cost=5536.00..5541.18 rows=28 width=21) (actual time=29.670..29.815 rows=22 loops=1)
Merge Join  (cost=5544.30..5544.84 rows=28 width=136) (actual time=29.883..29.901 rows=27 loops=1)
Merge Join  (cost=5535.09..5540.20 rows=28 width=21) (actual time=29.868..30.001 rows=26 loops=1)
Merge Join  (cost=5545.95..5546.94 rows=54 width=127) (actual time=33.553..33.576 rows=39 loops=1)
Merge Join  (cost=5547.05..5548.05 rows=55 width=127) (actual time=33.309..33.391 rows=160 loops=1)
Merge Join  (cost=5546.80..5547.81 rows=55 width=127) (actual time=32.631..32.634 rows=1 loops=1)
Merge Join  (cost=5545.04..5546.02 rows=53 width=127) (actual time=33.559..33.598 rows=69 loops=1)
Merge Join  (cost=5535.83..5541.00 rows=28 width=21) (actual time=29.737..29.868 rows=10 loops=1)
Merge Join  (cost=5535.54..5540.69 rows=28 width=21) (actual time=29.525..29.598 rows=7 loops=1)
Merge Join  (cost=5543.75..5544.28 rows=28 width=136) (actual time=29.667..29.674 rows=3 loops=1)
Merge Join  (cost=5535.83..5541.00 rows=28 width=21) (actual time=29.730..29.857 rows=22 loops=1)
Merge Join  (cost=5546.14..5547.13 rows=54 width=127) (actual time=32.566..32.569 rows=1 loops=1)
Merge Join  (cost=5534.53..5539.57 rows=27 width=21) (actual time=29.683..29.737 rows=18 loops=1)
Merge Join  (cost=5535.26..5540.38 rows=28 width=21) (actual time=29.467..29.606 rows=14 loops=1)
Merge Join  (cost=5544.24..5544.78 rows=28 width=136) (actual time=30.116..30.133 rows=24 loops=1)
Merge Join  (cost=5544.43..5545.40 rows=53 width=127) (actual time=33.009..33.034 rows=39 loops=1)
Merge Join  (cost=5534.53..5539.57 rows=27 width=21) (actual time=29.561..29.712 rows=17 loops=1)
Merge Join  (cost=5537.02..5542.31 rows=29 width=21) (actual time=29.649..29.767 rows=3 loops=1)
Merge Join  (cost=5544.92..5545.45 rows=28 width=136) (actual time=29.784..29.802 rows=23 loops=1)
Merge Join  (cost=5536.40..5541.62 rows=28 width=21) (actual time=29.653..29.902 rows=19 loops=1)
Merge Join  (cost=5545.58..5546.57 rows=54 width=127) (actual time=32.832..32.865 rows=60 loops=1)
Merge Join  (cost=5545.77..5546.76 rows=54 width=127) (actual time=32.437..32.440 rows=1 loops=1)
Merge Join  (cost=5546.80..5547.81 rows=55 width=127) (actual time=33.278..33.293 rows=18 loops=1)
Merge Join  (cost=5545.04..5546.02 rows=53 width=127) (actual time=32.876..32.883 rows=3 loops=1)
Merge Join  (cost=5534.64..5539.69 rows=27 width=403) (actual time=29.339..29.542 rows=1 loops=1)
Merge Join  (cost=5536.00..5541.18 rows=28 width=21) (actual time=29.623..29.785 rows=28 loops=1)
Merge Join  (cost=5535.20..5540.32 rows=28 width=21) (actual time=29.913..30.069 rows=22 loops=1)
Merge Join  (cost=5535.54..5540.69 rows=28 width=21) (actual time=29.831..30.005 rows=3 loops=1)
Merge Join  (cost=5544.73..5545.27 rows=28 width=136) (actual time=30.091..30.094 rows=1 loops=1)
Merge Join  (cost=5544.55..5545.08 rows=28 width=136) (actual time=29.767..29.781 rows=21 loops=1)
Merge Join  (cost=5536.17..5541.37 rows=28 width=21) (actual time=29.776..29.969 rows=27 loops=1)
Merge Join  (cost=5543.87..5544.41 rows=28 width=136) (actual time=29.972..29.979 rows=3 loops=1)
Merge Join  (cost=5534.92..5540.01 rows=28 width=21) (actual time=29.564..29.713 rows=1 loops=1)
Merge Join  (cost=5536.17..5541.37 rows=28 width=21) (actual time=29.647..29.811 rows=25 loops=1)
Merge Join  (cost=5546.07..5547.06 rows=54 width=127) (actual time=33.290..33.306 rows=21 loops=1)
Merge Join  (cost=5545.77..5546.76 rows=54 width=127) (actual time=33.143..33.151 rows=5 loops=1)
Merge Join  (cost=5535.54..5540.69 rows=28 width=21) (actual time=29.708..29.904 rows=13 loops=1)
Merge Join  (cost=5535.54..5540.69 rows=28 width=21) (actual time=29.465..29.705 rows=13 loops=1)
Merge Join  (cost=5544.24..5544.78 rows=28 width=136) (actual time=30.067..30.079 rows=15 loops=1)
Merge Join  (cost=5545.04..5546.02 rows=53 width=127) (actual time=33.019..33.062 rows=83 loops=1)
Merge Join  (cost=5535.20..5540.32 rows=28 width=21) (actual time=29.812..29.966 rows=22 loops=1)
Merge Join  (cost=5544.55..5545.08 rows=28 width=136) (actual time=29.925..29.942 rows=25 loops=1)
Merge Join  (cost=5543.93..5544.47 rows=28 width=136) (actual time=29.966..29.980 rows=17 loops=1)
Merge Join  (cost=5535.09..5540.20 rows=28 width=21) (actual time=29.975..30.092 rows=26 loops=1)
Merge Join  (cost=5543.56..5544.10 rows=28 width=136) (actual time=29.887..29.903 rows=23 loops=1)
Merge Join  (cost=5543.87..5544.41 rows=28 width=136) (actual time=29.730..29.743 rows=19 loops=1)
Merge Join  (cost=5545.95..5546.94 rows=54 width=127) (actual time=32.930..32.942 rows=13 loops=1)
Merge Join  (cost=5535.54..5540.69 rows=28 width=21) (actual time=29.861..29.968 rows=30 loops=1)
Merge Join  (cost=5543.21..5543.73 rows=27 width=136) (actual time=30.006..30.015 rows=7 loops=1)
Merge Join  (cost=5543.21..5543.73 rows=27 width=136) (actual time=29.797..29.816 rows=27 loops=1)
Merge Join  (cost=5545.89..5546.44 rows=29 width=136) (actual time=29.967..29.985 rows=29 loops=1)
Merge Join  (cost=5535.26..5540.38 rows=28 width=21) (actual time=29.768..29.910 rows=7 loops=1)
Merge Join  (cost=5534.64..5539.69 rows=27 width=21) (actual time=29.912..30.160 rows=21 loops=1)
Merge Join  (cost=5545.95..5546.94 rows=54 width=127) (actual time=33.073..33.091 rows=27 loops=1)
Merge Join  (cost=5544.24..5544.78 rows=28 width=136) (actual time=29.816..29.826 rows=9 loops=1)
Merge Join  (cost=5544.24..5544.78 rows=28 width=136) (actual time=29.748..29.761 rows=17 loops=1)
Merge Join  (cost=5546.07..5547.06 rows=54 width=127) (actual time=32.946..32.956 rows=9 loops=1)
Merge Join  (cost=5544.92..5545.45 rows=28 width=136) (actual time=29.940..29.958 rows=29 loops=1)
Merge Join  (cost=5546.07..5547.06 rows=54 width=127) (actual time=32.511..32.521 rows=9 loops=1)
Merge Join  (cost=5543.21..5543.73 rows=27 width=136) (actual time=30.138..30.148 rows=9 loops=1)
Merge Join  (cost=5542.60..5543.12 rows=27 width=136) (actual time=30.060..30.073 rows=15 loops=1)
Merge Join  (cost=5545.04..5546.02 rows=53 width=127) (actual time=32.878..32.886 rows=3 loops=1)
Merge Join  (cost=5544.43..5545.40 rows=53 width=127) (actual time=32.454..32.469 rows=23 loops=1)
Merge Join  (cost=5543.93..5544.47 rows=28 width=136) (actual time=29.970..29.978 rows=7 loops=1)
Merge Join  (cost=5544.12..5544.65 rows=28 width=136) (actual time=30.189..30.204 rows=21 loops=1)
Merge Join  (cost=5545.58..5546.57 rows=54 width=127) (actual time=32.724..32.734 rows=11 loops=1)
Merge Join  (cost=5544.30..5544.84 rows=28 width=136) (actual time=29.801..29.819 rows=27 loops=1)
Merge Join  (cost=5535.26..5540.38 rows=28 width=21) (actual time=29.765..29.837 rows=20 loops=1)
Merge Join  (cost=5544.92..5545.89 rows=53 width=127) (actual time=33.200..33.206 rows=3 loops=1)
Merge Join  (cost=5546.61..5547.62 rows=55 width=127) (actual time=32.968..32.990 rows=35 loops=1)
Merge Join  (cost=5536.40..5541.62 rows=28 width=21) (actual time=29.688..29.797 rows=16 loops=1)
Merge Join  (cost=5534.07..5539.08 rows=27 width=21) (actual time=29.618..29.812 rows=1 loops=1)
Merge Join  (cost=5545.04..5546.02 rows=53 width=127) (actual time=33.185..33.202 rows=23 loops=1)
Merge Join  (cost=5536.17..5541.37 rows=28 width=21) (actual time=30.146..30.312 rows=28 loops=1)
Merge Join  (cost=5534.07..5539.08 rows=27 width=21) (actual time=29.865..30.013 rows=12 loops=1)
Merge Join  (cost=5536.00..5541.18 rows=28 width=21) (actual time=29.801..30.009 rows=23 loops=1)
Merge Join  (cost=5544.24..5544.78 rows=28 width=136) (actual time=30.131..30.141 rows=11 loops=1)
Merge Join  (cost=5534.64..5539.69 rows=27 width=21) (actual time=29.713..29.832 rows=21 loops=1)
Merge Join  (cost=5543.21..5543.73 rows=27 width=136) (actual time=29.861..29.868 rows=3 loops=1)
Merge Join  (cost=5536.00..5541.18 rows=28 width=21) (actual time=29.951..30.099 rows=34 loops=1)
Merge Join  (cost=5545.04..5546.02 rows=53 width=127) (actual time=33.309..33.330 rows=35 loops=1)
Merge Join  (cost=5547.05..5548.05 rows=55 width=127) (actual time=33.090..33.124 rows=59 loops=1)
Merge Join  (cost=5544.24..5544.78 rows=28 width=136) (actual time=29.800..29.817 rows=26 loops=1)
Merge Join  (cost=5536.40..5541.62 rows=28 width=21) (actual time=29.938..30.049 rows=27 loops=1)
Merge Join  (cost=5545.58..5546.57 rows=54 width=127) (actual time=33.105..33.116 rows=9 loops=1)
Merge Join  (cost=5545.17..5545.70 rows=28 width=136) (actual time=29.819..29.831 rows=15 loops=1)
Merge Join  (cost=5537.02..5542.31 rows=29 width=21) (actual time=29.591..29.705 rows=25 loops=1)
Merge Join  (cost=5534.92..5540.01 rows=28 width=21) (actual time=29.895..30.007 rows=3 loops=1)
Merge Join  (cost=5534.64..5539.69 rows=27 width=21) (actual time=29.876..29.887 rows=18 loops=1)
Merge Join  (cost=5535.83..5541.00 rows=28 width=21) (actual time=29.513..29.658 rows=3 loops=1)
Merge Join  (cost=5535.43..5540.57 rows=28 width=21) (actual time=29.503..29.677 rows=1 loops=1)
Merge Join  (cost=5536.17..5541.37 rows=28 width=21) (actual time=29.938..30.055 rows=14 loops=1)
Merge Join  (cost=5535.20..5540.32 rows=28 width=21) (actual time=30.714..30.868 rows=32 loops=1)
Merge Join  (cost=5535.09..5540.20 rows=28 width=21) (actual time=29.691..29.795 rows=16 loops=1)
Merge Join  (cost=5534.64..5539.69 rows=27 width=21) (actual time=29.747..29.912 rows=28 loops=1)
Merge Join  (cost=5535.54..5540.69 rows=28 width=21) (actual time=29.935..30.133 rows=5 loops=1)
Merge Join  (cost=5573.31..5579.67 rows=361 width=127) (actual time=33.937..34.134 rows=412 loops=1)
Merge Join  (cost=5534.64..5539.69 rows=27 width=21) (actual time=29.714..29.772 rows=7 loops=1)
Merge Join  (cost=5544.24..5544.78 rows=28 width=136) (actual time=29.933..29.951 rows=27 loops=1)
Merge Join  (cost=5536.00..5541.18 rows=28 width=21) (actual time=29.629..29.755 rows=1 loops=1)
Merge Join  (cost=5545.40..5546.39 rows=54 width=127) (actual time=33.005..33.018 rows=17 loops=1)
Merge Join  (cost=5535.54..5540.69 rows=28 width=21) (actual time=29.912..30.049 rows=26 loops=1)
Merge Join  (cost=5534.64..5539.69 rows=27 width=21) (actual time=29.506..29.619 rows=7 loops=1)
Merge Join  (cost=5590.38..5599.65 rows=527 width=127) (actual time=34.097..34.333 rows=501 loops=1)
Merge Join  (cost=5543.09..5543.61 rows=27 width=136) (actual time=30.018..30.028 rows=9 loops=1)
Merge Join  (cost=5545.58..5546.57 rows=54 width=127) (actual time=33.147..33.164 rows=22 loops=1)
Merge Join  (cost=5544.92..5545.89 rows=53 width=127) (actual time=32.992..33.005 rows=18 loops=1)
Merge Join  (cost=5547.77..5548.80 rows=56 width=127) (actual time=32.816..32.834 rows=28 loops=1)
Merge Join  (cost=5535.20..5540.32 rows=28 width=21) (actual time=29.820..29.893 rows=22 loops=1)
Merge Join  (cost=5546.80..5547.81 rows=55 width=127) (actual time=32.634..32.653 rows=31 loops=1)
Merge Join  (cost=5546.07..5547.06 rows=54 width=127) (actual time=32.936..32.950 rows=17 loops=1)
Merge Join  (cost=5545.04..5546.02 rows=53 width=127) (actual time=32.079..32.087 rows=5 loops=1)
Merge Join  (cost=5534.53..5539.57 rows=27 width=21) (actual time=29.743..29.884 rows=19 loops=1)
Merge Join  (cost=5546.61..5547.62 rows=55 width=127) (actual time=33.707..33.740 rows=57 loops=1)
Merge Join  (cost=5544.24..5544.78 rows=28 width=136) (actual time=29.979..29.994 rows=21 loops=1)
Merge Join  (cost=5545.89..5546.44 rows=29 width=136) (actual time=29.724..29.737 rows=19 loops=1)
Merge Join  (cost=5534.53..5539.57 rows=27 width=21) (actual time=29.972..30.152 rows=21 loops=1)
Merge Join  (cost=5544.92..5545.89 rows=53 width=127) (actual time=33.098..33.117 rows=32 loops=1)
Merge Join  (cost=5537.02..5542.31 rows=29 width=21) (actual time=29.699..29.894 rows=5 loops=1)
Merge Join  (cost=5535.54..5540.69 rows=28 width=21) (actual time=29.682..29.789 rows=10 loops=1)
Merge Join  (cost=5546.07..5547.06 rows=54 width=127) (actual time=33.208..33.248 rows=71 loops=1)
Merge Join  (cost=5544.24..5544.78 rows=28 width=136) (actual time=30.047..30.060 rows=17 loops=1)
Merge Join  (cost=5535.54..5540.69 rows=28 width=403) (actual time=29.618..29.808 rows=17 loops=1)
Merge Join  (cost=5543.21..5543.73 rows=27 width=136) (actual time=29.780..29.797 rows=25 loops=1)
Merge Join  (cost=5535.54..5540.69 rows=28 width=21) (actual time=29.900..30.050 rows=26 loops=1)
Merge Join  (cost=5536.17..5541.37 rows=28 width=21) (actual time=29.929..30.058 rows=15 loops=1)
Merge Join  (cost=5557.92..5561.23 rows=187 width=127) (actual time=34.126..34.230 rows=217 loops=1)
Merge Join  (cost=5536.40..5541.62 rows=28 width=403) (actual time=29.499..29.640 rows=33 loops=1)
Merge Join  (cost=5542.60..5543.12 rows=27 width=136) (actual time=30.137..30.152 rows=23 loops=1)
Merge Join  (cost=5536.17..5541.37 rows=28 width=21) (actual time=29.942..30.032 rows=21 loops=1)
Merge Join  (cost=5547.05..5548.05 rows=55 width=127) (actual time=32.409..32.416 rows=3 loops=1)
Merge Join  (cost=5546.07..5547.06 rows=54 width=127) (actual time=33.122..33.130 rows=3 loops=1)
Merge Join  (cost=5535.43..5540.57 rows=28 width=21) (actual time=29.440..29.706 rows=7 loops=1)
Merge Join  (cost=5534.64..5539.69 rows=27 width=21) (actual time=29.655..29.774 rows=31 loops=1)
Merge Join  (cost=5545.40..5546.39 rows=54 width=127) (actual time=32.897..32.917 rows=33 loops=1)
Merge Join  (cost=5545.70..5546.69 rows=54 width=127) (actual time=32.883..32.898 rows=21 loops=1)
Merge Join  (cost=5545.95..5546.94 rows=54 width=127) (actual time=33.440..33.454 rows=17 loops=1)
Merge Join  (cost=5545.04..5546.02 rows=53 width=127) (actual time=33.548..33.628 rows=156 loops=1)
Merge Join  (cost=5543.09..5543.61 rows=27 width=136) (actual time=29.894..29.912 rows=29 loops=1)
Merge Join  (cost=5534.07..5539.08 rows=27 width=21) (actual time=29.567..29.696 rows=24 loops=1)
Merge Join  (cost=5545.04..5546.02 rows=53 width=127) (actual time=33.352..33.367 rows=23 loops=1)
Merge Join  (cost=5536.17..5541.37 rows=28 width=21) (actual time=29.722..29.781 rows=25 loops=1)
Merge Join  (cost=5534.07..5539.08 rows=27 width=21) (actual time=29.595..29.721 rows=28 loops=1)
Merge Join  (cost=5535.83..5541.00 rows=28 width=21) (actual time=29.570..29.732 rows=25 loops=1)
Merge Join  (cost=5546.07..5547.06 rows=54 width=127) (actual time=33.239..33.246 rows=3 loops=1)
Merge Join  (cost=5535.60..5540.75 rows=28 width=21) (actual time=29.938..30.099 rows=7 loops=1)
Merge Join  (cost=5544.30..5544.84 rows=28 width=136) (actual time=29.853..29.870 rows=25 loops=1)
Merge Join  (cost=5546.07..5547.06 rows=54 width=127) (actual time=32.520..32.523 rows=1 loops=1)
Merge Join  (cost=5556.46..5559.71 rows=183 width=127) (actual time=33.502..33.607 rows=214 loops=1)
Merge Join  (cost=5545.70..5546.69 rows=54 width=127) (actual time=33.176..33.201 rows=45 loops=1)
Merge Join  (cost=5546.80..5547.81 rows=55 width=127) (actual time=32.246..32.253 rows=5 loops=1)
Merge Join  (cost=5536.17..5541.37 rows=28 width=403) (actual time=29.284..29.412 rows=3 loops=1)
Merge Join  (cost=5543.56..5544.10 rows=28 width=136) (actual time=29.782..29.788 rows=3 loops=1)
Merge Join  (cost=5536.17..5541.37 rows=28 width=21) (actual time=29.655..29.854 rows=21 loops=1)
Merge Join  (cost=5535.54..5540.69 rows=28 width=21) (actual time=29.515..29.635 rows=5 loops=1)
Merge Join  (cost=5536.17..5541.37 rows=28 width=21) (actual time=29.493..29.670 rows=23 loops=1)
Merge Join  (cost=5534.92..5540.01 rows=28 width=21) (actual time=29.922..30.070 rows=24 loops=1)
Merge Join  (cost=5537.02..5542.31 rows=29 width=21) (actual time=29.873..30.031 rows=27 loops=1)
Merge Join  (cost=5546.07..5547.06 rows=54 width=127) (actual time=33.204..33.211 rows=3 loops=1)
Merge Join  (cost=5535.54..5540.69 rows=28 width=403) (actual time=29.357..29.529 rows=1 loops=1)
Merge Join  (cost=5547.77..5548.80 rows=56 width=127) (actual time=33.433..33.480 rows=83 loops=1)
Merge Join  (cost=5537.02..5542.31 rows=29 width=403) (actual time=29.676..29.857 rows=35 loops=1)
Merge Join  (cost=5536.40..5541.62 rows=28 width=21) (actual time=29.851..30.051 rows=25 loops=1)
Merge Join  (cost=5545.04..5546.02 rows=53 width=127) (actual time=32.786..32.789 rows=1 loops=1)
Merge Join  (cost=5534.64..5539.69 rows=27 width=21) (actual time=29.738..29.752 rows=24 loops=1)
Merge Join  (cost=5544.30..5544.84 rows=28 width=136) (actual time=30.150..30.159 rows=7 loops=1)
Merge Join  (cost=5543.09..5543.61 rows=27 width=136) (actual time=29.961..29.982 rows=27 loops=1)
Merge Join  (cost=5534.53..5539.57 rows=27 width=21) (actual time=29.814..29.965 rows=23 loops=1)
Merge Join  (cost=5544.73..5545.27 rows=28 width=136) (actual time=30.345..30.355 rows=9 loops=1)
Merge Join  (cost=5535.20..5540.32 rows=28 width=21) (actual time=29.839..30.010 rows=3 loops=1)
Merge Join  (cost=5545.77..5546.76 rows=54 width=127) (actual time=32.351..32.360 rows=9 loops=1)
Merge Join  (cost=5547.77..5548.80 rows=56 width=127) (actual time=32.810..32.817 rows=3 loops=1)
Merge Join  (cost=5544.24..5544.78 rows=28 width=136) (actual time=29.927..29.934 rows=5 loops=1)
Merge Join  (cost=5544.92..5545.89 rows=53 width=127) (actual time=33.200..33.231 rows=54 loops=1)
Merge Join  (cost=5544.24..5544.78 rows=28 width=136) (actual time=29.854..29.868 rows=17 loops=1)
Merge Join  (cost=5543.56..5544.10 rows=28 width=136) (actual time=29.822..29.840 rows=28 loops=1)
Merge Join  (cost=5535.54..5540.69 rows=28 width=21) (actual time=29.654..29.823 rows=18 loops=1)
Merge Join  (cost=5535.26..5540.38 rows=28 width=21) (actual time=29.846..30.022 rows=13 loops=1)
Merge Join  (cost=5595.65..5605.79 rows=577 width=127) (actual time=34.038..34.293 rows=529 loops=1)
Merge Join  (cost=5545.04..5546.02 rows=53 width=127) (actual time=32.990..33.027 rows=68 loops=1)
Merge Join  (cost=5534.64..5539.69 rows=27 width=21) (actual time=29.878..30.015 rows=32 loops=1)
Merge Join  (cost=5535.09..5540.20 rows=28 width=21) (actual time=29.832..29.985 rows=21 loops=1)
Merge Join  (cost=5557.62..5560.92 rows=186 width=127) (actual time=33.379..33.481 rows=212 loops=1)
Merge Join  (cost=5534.64..5539.69 rows=27 width=21) (actual time=29.569..29.701 rows=30 loops=1)
Merge Join  (cost=5543.09..5543.61 rows=27 width=136) (actual time=30.329..30.346 rows=21 loops=1)
Merge Join  (cost=5534.92..5540.01 rows=28 width=21) (actual time=30.005..30.141 rows=27 loops=1)
Merge Join  (cost=5534.53..5539.57 rows=27 width=403) (actual time=29.574..29.733 rows=21 loops=1)
Merge Join  (cost=5535.83..5541.00 rows=28 width=21) (actual time=29.510..29.674 rows=28 loops=1)
Merge Join  (cost=5535.43..5540.57 rows=28 width=21) (actual time=29.995..30.138 rows=13 loops=1)
Merge Join  (cost=5547.77..5548.80 rows=56 width=127) (actual time=33.020..33.039 rows=31 loops=1)
Merge Join  (cost=5545.58..5546.57 rows=54 width=127) (actual time=32.341..32.344 rows=1 loops=1)
Merge Join  (cost=5534.92..5540.01 rows=28 width=21) (actual time=29.547..29.662 rows=9 loops=1)
Merge Join  (cost=5546.43..5547.44 rows=55 width=127) (actual time=32.704..32.729 rows=43 loops=1)
Merge Join  (cost=5536.17..5541.37 rows=28 width=21) (actual time=29.628..29.757 rows=18 loops=1)
Merge Join  (cost=5535.43..5540.57 rows=28 width=21) (actual time=29.698..29.843 rows=19 loops=1)
Merge Join  (cost=5545.77..5546.76 rows=54 width=127) (actual time=32.828..32.837 rows=7 loops=1)
Merge Join  (cost=5544.55..5545.08 rows=28 width=136) (actual time=29.775..29.790 rows=21 loops=1)
Merge Join  (cost=5547.77..5548.80 rows=56 width=127) (actual time=33.195..33.213 rows=19 loops=1)
Merge Join  (cost=5536.17..5541.37 rows=28 width=21) (actual time=30.095..30.247 rows=19 loops=1)
Merge Join  (cost=5536.40..5541.62 rows=28 width=21) (actual time=29.604..29.736 rows=26 loops=1)
Merge Join  (cost=5542.60..5543.12 rows=27 width=136) (actual time=29.936..29.944 rows=7 loops=1)
Merge Join  (cost=5545.77..5546.76 rows=54 width=127) (actual time=33.164..33.243 rows=156 loops=1)
Merge Join  (cost=5544.30..5544.84 rows=28 width=136) (actual time=30.043..30.052 rows=5 loops=1)
Merge Join  (cost=5546.80..5547.81 rows=55 width=127) (actual time=33.118..33.134 rows=23 loops=1)
Merge Join  (cost=5543.93..5544.47 rows=28 width=136) (actual time=29.807..29.821 rows=19 loops=1)
Merge Join  (cost=5543.56..5544.10 rows=28 width=136) (actual time=29.774..29.782 rows=7 loops=1)
Merge Join  (cost=5534.92..5540.01 rows=28 width=403) (actual time=29.690..29.738 rows=7 loops=1)
Merge Join  (cost=5545.04..5546.02 rows=53 width=127) (actual time=33.234..33.309 rows=150 loops=1)
Merge Join  (cost=5537.02..5542.31 rows=29 width=21) (actual time=29.550..29.780 rows=7 loops=1)
Merge Join  (cost=5544.92..5545.45 rows=28 width=136) (actual time=29.764..29.772 rows=7 loops=1)
Merge Join  (cost=5536.17..5541.37 rows=28 width=403) (actual time=30.221..30.405 rows=7 loops=1)
Merge Join  (cost=5534.64..5539.69 rows=27 width=21) (actual time=29.841..30.059 rows=1 loops=1)
Merge Join  (cost=5544.73..5545.27 rows=28 width=136) (actual time=29.830..29.832 rows=1 loops=1)
Merge Join  (cost=5546.80..5547.81 rows=55 width=127) (actual time=32.949..32.963 rows=19 loops=1)
Merge Join  (cost=5535.83..5541.00 rows=28 width=21) (actual time=30.049..30.099 rows=36 loops=1)
Merge Join  (cost=5534.07..5539.08 rows=27 width=21) (actual time=29.942..30.093 rows=15 loops=1)
Merge Join  (cost=5546.07..5547.06 rows=54 width=127) (actual time=33.434..33.450 rows=24 loops=1)
Merge Join  (cost=5536.17..5541.37 rows=28 width=21) (actual time=29.515..29.673 rows=30 loops=1)
Merge Join  (cost=5546.07..5547.06 rows=54 width=127) (actual time=33.431..33.470 rows=73 loops=1)
Merge Join  (cost=5536.17..5541.37 rows=28 width=21) (actual time=29.931..30.021 rows=25 loops=1)
Merge Join  (cost=5546.07..5547.06 rows=54 width=127) (actual time=32.904..32.917 rows=18 loops=1)
Merge Join  (cost=5584.73..5593.01 rows=471 width=127) (actual time=34.109..34.346 rows=519 loops=1)
Merge Join  (cost=5535.26..5540.38 rows=28 width=21) (actual time=30.853..31.013 rows=28 loops=1)
Merge Join  (cost=5535.54..5540.69 rows=28 width=21) (actual time=29.940..30.088 rows=26 loops=1)
Merge Join  (cost=5546.43..5547.44 rows=55 width=127) (actual time=32.953..32.972 rows=31 loops=1)
Merge Join  (cost=5536.00..5541.18 rows=28 width=21) (actual time=29.613..29.734 rows=1 loops=1)
Merge Join  (cost=5535.54..5540.69 rows=28 width=21) (actual time=29.893..30.138 rows=13 loops=1)
Merge Join  (cost=5545.04..5546.02 rows=53 width=127) (actual time=32.601..32.608 rows=3 loops=1)
Merge Join  (cost=5535.60..5540.75 rows=28 width=21) (actual time=29.666..29.821 rows=13 loops=1)
Merge Join  (cost=5534.64..5539.69 rows=27 width=21) (actual time=29.681..29.758 rows=27 loops=1)
Merge Join  (cost=5542.60..5543.12 rows=27 width=136) (actual time=30.047..30.066 rows=29 loops=1)
Merge Join  (cost=5535.54..5540.69 rows=28 width=21) (actual time=30.001..30.100 rows=28 loops=1)
Merge Join  (cost=5535.26..5540.38 rows=28 width=21) (actual time=29.626..29.746 rows=17 loops=1)
Merge Join  (cost=5559.95..5563.85 rows=220 width=127) (actual time=33.317..33.421 rows=209 loops=1)
Merge Join  (cost=5536.40..5541.62 rows=28 width=21) (actual time=29.773..29.930 rows=26 loops=1)
Merge Join  (cost=5545.77..5546.76 rows=54 width=127) (actual time=32.782..32.823 rows=78 loops=1)
Merge Join  (cost=5546.07..5547.06 rows=54 width=127) (actual time=32.869..32.885 rows=24 loops=1)
Merge Join  (cost=5535.54..5540.69 rows=28 width=21) (actual time=29.668..29.821 rows=14 loops=1)
Merge Join  (cost=5536.00..5541.18 rows=28 width=21) (actual time=29.904..30.045 rows=21 loops=1)
Merge Join  (cost=5534.53..5539.57 rows=27 width=21) (actual time=29.784..29.897 rows=28 loops=1)
Merge Join  (cost=5545.17..5545.70 rows=28 width=136) (actual time=29.976..29.998 rows=33 loops=1)
Merge Join  (cost=5536.40..5541.62 rows=28 width=403) (actual time=29.632..29.780 rows=33 loops=1)
Merge Join  (cost=5546.14..5547.13 rows=54 width=127) (actual time=33.392..33.422 rows=53 loops=1)
Merge Join  (cost=5535.83..5541.00 rows=28 width=21) (actual time=29.941..30.144 rows=25 loops=1)
Merge Join  (cost=5546.07..5547.06 rows=54 width=127) (actual time=32.655..32.668 rows=17 loops=1)
Merge Join  (cost=5543.09..5543.61 rows=27 width=136) (actual time=29.884..29.898 rows=17 loops=1)
Merge Join  (cost=5544.24..5544.78 rows=28 width=136) (actual time=29.870..29.888 rows=25 loops=1)
Merge Join  (cost=5535.54..5540.69 rows=28 width=403) (actual time=30.067..30.223 rows=25 loops=1)
Merge Join  (cost=5535.83..5541.00 rows=28 width=21) (actual time=30.022..30.155 rows=36 loops=1)
Merge Join  (cost=5534.92..5540.01 rows=28 width=21) (actual time=29.787..29.924 rows=21 loops=1)
Merge Join  (cost=5536.00..5541.18 rows=28 width=21) (actual time=29.647..29.778 rows=28 loops=1)
Merge Join  (cost=5546.14..5547.13 rows=54 width=127) (actual time=33.918..33.930 rows=11 loops=1)
Merge Join  (cost=5544.24..5544.78 rows=28 width=136) (actual time=30.230..30.250 rows=31 loops=1)
Merge Join  (cost=5534.92..5540.01 rows=28 width=21) (actual time=29.630..29.791 rows=26 loops=1)
Merge Join  (cost=5535.09..5540.20 rows=28 width=21) (actual time=29.612..29.747 rows=21 loops=1)
Merge Join  (cost=5535.43..5540.57 rows=28 width=21) (actual time=29.831..30.001 rows=7 loops=1)
Merge Join  (cost=5537.02..5542.31 rows=29 width=21) (actual time=29.824..29.966 rows=18 loops=1)
Merge Join  (cost=5545.58..5546.57 rows=54 width=127) (actual time=32.221..32.227 rows=3 loops=1)
Merge Join  (cost=5534.64..5539.69 rows=27 width=21) (actual time=29.331..29.458 rows=7 loops=1)
Merge Join  (cost=5534.07..5539.08 rows=27 width=21) (actual time=29.638..29.795 rows=25 loops=1)
Merge Join  (cost=5535.54..5540.69 rows=28 width=21) (actual time=29.772..29.916 rows=15 loops=1)
Merge Join  (cost=5543.75..5544.28 rows=28 width=136) (actual time=30.048..30.063 rows=19 loops=1)
Merge Join  (cost=5535.26..5540.38 rows=28 width=21) (actual time=29.411..29.515 rows=19 loops=1)
Merge Join  (cost=5544.24..5544.78 rows=28 width=136) (actual time=30.116..30.127 rows=11 loops=1)
Merge Join  (cost=5544.24..5544.78 rows=28 width=136) (actual time=30.320..30.342 rows=31 loops=1)
Merge Join  (cost=5536.00..5541.18 rows=28 width=21) (actual time=29.842..29.934 rows=28 loops=1)
Merge Join  (cost=5544.43..5545.40 rows=53 width=127) (actual time=32.755..32.770 rows=19 loops=1)
Merge Join  (cost=5544.43..5545.40 rows=53 width=127) (actual time=32.988..33.017 rows=49 loops=1)
Merge Join  (cost=5537.02..5542.31 rows=29 width=21) (actual time=29.912..30.065 rows=19 loops=1)
Merge Join  (cost=5544.43..5545.40 rows=53 width=127) (actual time=32.450..32.460 rows=5 loops=1)
Merge Join  (cost=5535.54..5540.69 rows=28 width=21) (actual time=29.504..29.665 rows=24 loops=1)
Merge Join  (cost=5543.56..5544.10 rows=28 width=136) (actual time=30.081..30.097 rows=24 loops=1)
Merge Join  (cost=5536.40..5541.62 rows=28 width=21) (actual time=29.961..30.100 rows=15 loops=1)
Merge Join  (cost=5545.77..5546.76 rows=54 width=127) (actual time=32.561..32.579 rows=27 loops=1)
Merge Join  (cost=5535.20..5540.32 rows=28 width=21) (actual time=29.550..29.630 rows=3 loops=1)
Merge Join  (cost=5535.26..5540.38 rows=28 width=21) (actual time=29.782..29.936 rows=21 loops=1)
Merge Join  (cost=5535.60..5540.75 rows=28 width=21) (actual time=29.965..30.075 rows=28 loops=1)
Merge Join  (cost=5535.83..5541.00 rows=28 width=21) (actual time=29.653..29.791 rows=29 loops=1)
Merge Join  (cost=5546.80..5547.81 rows=55 width=127) (actual time=32.836..32.843 rows=3 loops=1)
Merge Join  (cost=5592.26..5602.00 rows=554 width=127) (actual time=34.514..34.780 rows=558 loops=1)
Merge Join  (cost=5535.54..5540.69 rows=28 width=21) (actual time=29.836..29.985 rows=15 loops=1)
Merge Join  (cost=5545.17..5545.70 rows=28 width=136) (actual time=29.869..29.878 rows=9 loops=1)
Merge Join  (cost=5546.80..5547.81 rows=55 width=127) (actual time=33.021..33.053 rows=56 loops=1)
Merge Join  (cost=5535.54..5540.69 rows=28 width=21) (actual time=29.829..29.941 rows=32 loops=1)
Merge Join  (cost=5536.17..5541.37 rows=28 width=21) (actual time=29.737..29.882 rows=23 loops=1)
Merge Join  (cost=5535.54..5540.69 rows=28 width=21) (actual time=29.672..29.819 rows=25 loops=1)
Merge Join  (cost=5535.83..5541.00 rows=28 width=21) (actual time=29.613..29.768 rows=12 loops=1)
Merge Join  (cost=5535.20..5540.32 rows=28 width=21) (actual time=29.981..30.131 rows=34 loops=1)
Merge Join  (cost=5546.61..5547.62 rows=55 width=127) (actual time=33.030..33.037 rows=3 loops=1)
Merge Join  (cost=5544.92..5545.45 rows=28 width=136) (actual time=30.092..30.111 rows=31 loops=1)
Merge Join  (cost=5535.20..5540.32 rows=28 width=21) (actual time=29.600..29.749 rows=19 loops=1)
Merge Join  (cost=5544.24..5544.78 rows=28 width=136) (actual time=29.732..29.741 rows=9 loops=1)
Merge Join  (cost=5546.07..5547.06 rows=54 width=127) (actual time=33.066..33.084 rows=17 loops=1)
Merge Join  (cost=5535.09..5540.20 rows=28 width=21) (actual time=29.786..29.887 rows=30 loops=1)
Merge Join  (cost=5544.92..5545.89 rows=53 width=127) (actual time=33.042..33.055 rows=17 loops=1)
Merge Join  (cost=5543.09..5543.61 rows=27 width=136) (actual time=29.628..29.648 rows=33 loops=1)
Merge Join  (cost=5535.60..5540.75 rows=28 width=21) (actual time=29.683..29.797 rows=19 loops=1)
Merge Join  (cost=5536.00..5541.18 rows=28 width=21) (actual time=29.489..29.650 rows=15 loops=1)
Merge Join  (cost=5534.53..5539.57 rows=27 width=21) (actual time=30.057..30.132 rows=8 loops=1)
Merge Join  (cost=5534.64..5539.69 rows=27 width=21) (actual time=29.312..29.435 rows=20 loops=1)
Merge Join  (cost=5545.95..5546.94 rows=54 width=127) (actual time=32.457..32.464 rows=5 loops=1)
Merge Join  (cost=5546.14..5547.13 rows=54 width=127) (actual time=32.906..32.918 rows=15 loops=1)
Merge Join  (cost=5544.43..5545.40 rows=53 width=127) (actual time=33.008..33.045 rows=68 loops=1)
Merge Join  (cost=5536.40..5541.62 rows=28 width=21) (actual time=29.367..29.515 rows=3 loops=1)
Merge Join  (cost=5546.80..5547.81 rows=55 width=127) (actual time=33.113..33.126 rows=15 loops=1)
Merge Join  (cost=5546.80..5547.81 rows=55 width=127) (actual time=33.231..33.279 rows=91 loops=1)
Merge Join  (cost=5534.07..5539.08 rows=27 width=21) (actual time=29.514..29.717 rows=3 loops=1)
Merge Join  (cost=5536.17..5541.37 rows=28 width=403) (actual time=29.488..29.557 rows=29 loops=1)
Merge Join  (cost=5543.75..5544.28 rows=28 width=136) (actual time=30.529..30.547 rows=27 loops=1)
Merge Join  (cost=5536.17..5541.37 rows=28 width=21) (actual time=30.106..30.239 rows=12 loops=1)
Merge Join  (cost=5535.60..5540.75 rows=28 width=21) (actual time=29.785..29.888 rows=24 loops=1)
Merge Join  (cost=5544.12..5544.65 rows=28 width=136) (actual time=29.833..29.853 rows=31 loops=1)
Merge Join  (cost=5545.04..5546.02 rows=53 width=127) (actual time=32.978..32.985 rows=3 loops=1)
Merge Join  (cost=5547.05..5548.05 rows=55 width=127) (actual time=33.077..33.098 rows=33 loops=1)
Merge Join  (cost=5535.09..5540.20 rows=28 width=21) (actual time=29.645..29.801 rows=29 loops=1)
Merge Join  (cost=5534.92..5540.01 rows=28 width=21) (actual time=29.717..29.813 rows=21 loops=1)
Merge Join  (cost=5535.54..5540.69 rows=28 width=21) (actual time=29.852..29.951 rows=26 loops=1)
Merge Join  (cost=5536.17..5541.37 rows=28 width=21) (actual time=30.131..30.278 rows=25 loops=1)
Merge Join  (cost=5534.92..5540.01 rows=28 width=21) (actual time=29.680..29.837 rows=25 loops=1)
Merge Join  (cost=5534.64..5539.69 rows=27 width=21) (actual time=29.643..29.657 rows=24 loops=1)
Merge Join  (cost=5535.43..5540.57 rows=28 width=21) (actual time=29.880..29.988 rows=19 loops=1)
Merge Join  (cost=5536.17..5541.37 rows=28 width=21) (actual time=30.067..30.191 rows=1 loops=1)
Merge Join  (cost=5544.30..5544.84 rows=28 width=136) (actual time=30.066..30.074 rows=7 loops=1)
Merge Join  (cost=5543.21..5543.73 rows=27 width=136) (actual time=29.971..29.987 rows=23 loops=1)
Merge Join  (cost=5545.40..5546.39 rows=54 width=127) (actual time=33.381..33.396 rows=19 loops=1)
Merge Join  (cost=5536.17..5541.37 rows=28 width=21) (actual time=29.765..29.858 rows=14 loops=1)
Merge Join  (cost=5546.07..5547.06 rows=54 width=127) (actual time=32.703..32.711 rows=5 loops=1)
Merge Join  (cost=5557.61..5561.02 rows=192 width=127) (actual time=33.572..33.655 rows=165 loops=1)
Merge Join  (cost=5543.56..5544.10 rows=28 width=136) (actual time=30.012..30.025 rows=17 loops=1)
Merge Join  (cost=5544.55..5545.08 rows=28 width=136) (actual time=30.077..30.090 rows=15 loops=1)
Merge Join  (cost=5535.54..5540.69 rows=28 width=21) (actual time=29.543..29.716 rows=5 loops=1)
Merge Join  (cost=5536.17..5541.37 rows=28 width=21) (actual time=29.475..29.680 rows=6 loops=1)
Merge Join  (cost=5545.58..5546.57 rows=54 width=127) (actual time=32.946..32.964 rows=27 loops=1)
Merge Join  (cost=5544.12..5544.65 rows=28 width=136) (actual time=29.833..29.840 rows=3 loops=1)
Merge Join  (cost=5543.21..5543.73 rows=27 width=136) (actual time=29.974..29.990 rows=25 loops=1)
Merge Join  (cost=5535.09..5540.20 rows=28 width=21) (actual time=29.610..29.749 rows=30 loops=1)
Merge Join  (cost=5544.92..5545.89 rows=53 width=127) (actual time=33.327..33.352 rows=41 loops=1)
Merge Join  (cost=5534.53..5539.57 rows=27 width=403) (actual time=30.082..30.228 rows=23 loops=1)
Merge Join  (cost=5536.17..5541.37 rows=28 width=21) (actual time=29.590..29.780 rows=3 loops=1)
Merge Join  (cost=5544.24..5544.78 rows=28 width=136) (actual time=29.635..29.654 rows=29 loops=1)
Merge Join  (cost=5545.95..5546.94 rows=54 width=127) (actual time=33.076..33.092 rows=23 loops=1)
Merge Join  (cost=5535.20..5540.32 rows=28 width=21) (actual time=29.747..29.937 rows=21 loops=1)
Merge Join  (cost=5535.43..5540.57 rows=28 width=21) (actual time=29.494..29.642 rows=9 loops=1)
Merge Join  (cost=5536.17..5541.37 rows=28 width=21) (actual time=29.598..29.736 rows=24 loops=1)
Merge Join  (cost=5534.64..5539.69 rows=27 width=21) (actual time=29.596..29.836 rows=13 loops=1)
Merge Join  (cost=5544.24..5544.78 rows=28 width=136) (actual time=29.936..29.956 rows=29 loops=1)
Merge Join  (cost=5544.92..5545.45 rows=28 width=136) (actual time=29.729..29.753 rows=37 loops=1)
Merge Join  (cost=5536.17..5541.37 rows=28 width=403) (actual time=29.560..29.639 rows=37 loops=1)
Merge Join  (cost=5535.43..5540.57 rows=28 width=21) (actual time=29.838..29.973 rows=19 loops=1)
Merge Join  (cost=5534.64..5539.69 rows=27 width=21) (actual time=30.014..30.147 rows=32 loops=1)
Merge Join  (cost=5545.95..5546.94 rows=54 width=127) (actual time=32.564..32.576 rows=11 loops=1)
Merge Join  (cost=5544.30..5544.84 rows=28 width=136) (actual time=29.793..29.808 rows=23 loops=1)
Merge Join  (cost=5535.60..5540.75 rows=28 width=403) (actual time=29.311..29.500 rows=23 loops=1)
Merge Join  (cost=5547.05..5548.05 rows=55 width=127) (actual time=32.297..32.304 rows=3 loops=1)
Merge Join  (cost=5534.92..5540.01 rows=28 width=21) (actual time=29.579..29.704 rows=24 loops=1)
Merge Join  (cost=5547.05..5548.05 rows=55 width=127) (actual time=32.796..32.834 rows=75 loops=1)
Merge Join  (cost=5534.92..5540.01 rows=28 width=21) (actual time=29.873..29.928 rows=19 loops=1)
Merge Join  (cost=5543.21..5543.73 rows=27 width=136) (actual time=30.088..30.102 rows=17 loops=1)
Merge Join  (cost=5545.17..5545.70 rows=28 width=136) (actual time=30.145..30.163 rows=25 loops=1)
Merge Join  (cost=5535.54..5540.69 rows=28 width=21) (actual time=29.558..29.733 rows=3 loops=1)
Merge Join  (cost=5585.19..5593.65 rows=481 width=127) (actual time=34.363..34.578 rows=473 loops=1)
Merge Join  (cost=5536.40..5541.62 rows=28 width=21) (actual time=29.954..30.073 rows=19 loops=1)
Merge Join  (cost=5536.17..5541.37 rows=28 width=21) (actual time=29.849..30.022 rows=33 loops=1)
Merge Join  (cost=5535.20..5540.32 rows=28 width=21) (actual time=29.800..29.841 rows=28 loops=1)
Merge Join  (cost=5546.80..5547.81 rows=55 width=127) (actual time=32.894..32.904 rows=9 loops=1)
Merge Join  (cost=5535.54..5540.69 rows=28 width=21) (actual time=29.965..30.111 rows=24 loops=1)
Merge Join  (cost=5543.21..5543.73 rows=27 width=136) (actual time=29.991..29.999 rows=7 loops=1)
Merge Join  (cost=5546.07..5547.06 rows=54 width=127) (actual time=33.006..33.022 rows=25 loops=1)
Merge Join  (cost=5545.04..5546.02 rows=53 width=127) (actual time=33.028..33.049 rows=33 loops=1)
Merge Join  (cost=5545.04..5546.02 rows=53 width=127) (actual time=33.074..33.094 rows=33 loops=1)
Merge Join  (cost=5535.54..5540.69 rows=28 width=21) (actual time=29.597..29.692 rows=7 loops=1)
Merge Join  (cost=5535.26..5540.38 rows=28 width=21) (actual time=29.458..29.650 rows=1 loops=1)
Merge Join  (cost=5545.70..5546.69 rows=54 width=127) (actual time=33.270..33.288 rows=23 loops=1)
Merge Join  (cost=5544.24..5544.78 rows=28 width=136) (actual time=30.039..30.059 rows=29 loops=1)
Merge Join  (cost=5536.00..5541.18 rows=28 width=21) (actual time=29.674..29.837 rows=15 loops=1)
Merge Join  (cost=5543.21..5543.73 rows=27 width=136) (actual time=29.816..29.828 rows=13 loops=1)
Merge Join  (cost=5534.53..5539.57 rows=27 width=21) (actual time=30.435..30.669 rows=1 loops=1)
Merge Join  (cost=5546.61..5547.62 rows=55 width=127) (actual time=32.977..32.993 rows=23 loops=1)
Merge Join  (cost=5546.80..5547.81 rows=55 width=127) (actual time=32.940..32.960 rows=33 loops=1)
Merge Join  (cost=5544.24..5544.78 rows=28 width=136) (actual time=29.912..29.928 rows=23 loops=1)
Merge Join  (cost=5536.17..5541.37 rows=28 width=21) (actual time=29.818..29.888 rows=32 loops=1)
Merge Join  (cost=5536.40..5541.62 rows=28 width=21) (actual time=30.052..30.173 rows=29 loops=1)
Merge Join  (cost=5545.89..5546.44 rows=29 width=136) (actual time=30.019..30.036 rows=25 loops=1)
Merge Join  (cost=5546.80..5547.81 rows=55 width=127) (actual time=32.808..32.822 rows=17 loops=1)
Merge Join  (cost=5534.92..5540.01 rows=28 width=21) (actual time=29.661..29.812 rows=23 loops=1)
Merge Join  (cost=5544.24..5544.78 rows=28 width=136) (actual time=30.104..30.121 rows=27 loops=1)
Merge Join  (cost=5535.20..5540.32 rows=28 width=21) (actual time=29.713..29.874 rows=32 loops=1)
Merge Join  (cost=5535.09..5540.20 rows=28 width=21) (actual time=29.454..29.621 rows=1 loops=1)
Merge Join  (cost=5544.24..5544.78 rows=28 width=136) (actual time=30.134..30.146 rows=15 loops=1)
Merge Join  (cost=5535.54..5540.69 rows=28 width=21) (actual time=29.925..30.105 rows=1 loops=1)
Merge Join  (cost=5544.12..5544.65 rows=28 width=136) (actual time=30.010..30.027 rows=27 loops=1)
Merge Join  (cost=5536.17..5541.37 rows=28 width=21) (actual time=30.171..30.187 rows=28 loops=1)
Merge Join  (cost=5546.07..5547.06 rows=54 width=127) (actual time=33.019..33.022 rows=1 loops=1)
Merge Join  (cost=5535.54..5540.69 rows=28 width=21) (actual time=29.855..30.015 rows=20 loops=1)
Merge Join  (cost=5543.56..5544.10 rows=28 width=136) (actual time=29.809..29.812 rows=1 loops=1)
Merge Join  (cost=5586.12..5594.67 rows=486 width=127) (actual time=34.196..34.436 rows=506 loops=1)
Merge Join  (cost=5537.02..5542.31 rows=29 width=21) (actual time=29.735..29.851 rows=31 loops=1)
Merge Join  (cost=5546.07..5547.06 rows=54 width=127) (actual time=33.587..33.619 rows=57 loops=1)
Merge Join  (cost=5547.77..5548.80 rows=56 width=127) (actual time=33.120..33.149 rows=51 loops=1)
Merge Join  (cost=5537.02..5542.31 rows=29 width=403) (actual time=29.921..30.112 rows=33 loops=1)
Merge Join  (cost=5545.58..5546.57 rows=54 width=127) (actual time=33.170..33.178 rows=5 loops=1)
Merge Join  (cost=5544.92..5545.45 rows=28 width=136) (actual time=30.034..30.050 rows=23 loops=1)
Merge Join  (cost=5536.17..5541.37 rows=28 width=21) (actual time=29.647..29.655 rows=12 loops=1)
Merge Join  (cost=5535.54..5540.69 rows=28 width=21) (actual time=29.543..29.685 rows=28 loops=1)
Merge Join  (cost=5535.83..5541.00 rows=28 width=21) (actual time=29.883..30.095 rows=19 loops=1)
Merge Join  (cost=5543.56..5544.10 rows=28 width=136) (actual time=30.409..30.429 rows=31 loops=1)
Merge Join  (cost=5536.40..5541.62 rows=28 width=21) (actual time=29.766..29.922 rows=11 loops=1)
Merge Join  (cost=5535.83..5541.00 rows=28 width=21) (actual time=29.689..29.874 rows=19 loops=1)
Merge Join  (cost=5535.43..5540.57 rows=28 width=21) (actual time=30.508..30.658 rows=5 loops=1)
Merge Join  (cost=5535.54..5540.69 rows=28 width=21) (actual time=29.934..30.083 rows=21 loops=1)
Merge Join  (cost=5543.87..5544.41 rows=28 width=136) (actual time=29.907..29.915 rows=3 loops=1)
Merge Join  (cost=5535.43..5540.57 rows=28 width=21) (actual time=29.760..29.868 rows=14 loops=1)
Merge Join  (cost=5546.07..5547.06 rows=54 width=127) (actual time=33.089..33.196 rows=217 loops=1)
Merge Join  (cost=5536.17..5541.37 rows=28 width=21) (actual time=29.914..30.073 rows=1 loops=1)
Merge Join  (cost=5545.95..5546.94 rows=54 width=127) (actual time=33.291..33.301 rows=13 loops=1)
Merge Join  (cost=5534.92..5540.01 rows=28 width=21) (actual time=29.609..29.761 rows=20 loops=1)
Merge Join  (cost=5534.07..5539.08 rows=27 width=21) (actual time=29.717..29.786 rows=24 loops=1)
Merge Join  (cost=5536.17..5541.37 rows=28 width=21) (actual time=30.033..30.157 rows=3 loops=1)
Merge Join  (cost=5535.54..5540.69 rows=28 width=21) (actual time=29.817..29.949 rows=26 loops=1)
Merge Join  (cost=5546.43..5547.44 rows=55 width=127) (actual time=32.534..32.536 rows=1 loops=1)
Merge Join  (cost=5545.40..5546.39 rows=54 width=127) (actual time=32.684..32.696 rows=15 loops=1)
Merge Join  (cost=5534.64..5539.69 rows=27 width=21) (actual time=29.684..29.880 rows=1 loops=1)
Merge Join  (cost=5535.60..5540.75 rows=28 width=21) (actual time=29.767..29.900 rows=7 loops=1)
Merge Join  (cost=5543.56..5544.10 rows=28 width=136) (actual time=29.917..29.933 rows=23 loops=1)
Merge Join  (cost=5535.54..5540.69 rows=28 width=21) (actual time=29.467..29.578 rows=24 loops=1)
Merge Join  (cost=5536.17..5541.37 rows=28 width=21) (actual time=30.008..30.166 rows=30 loops=1)
Merge Join  (cost=5534.53..5539.57 rows=27 width=21) (actual time=29.792..30.064 rows=29 loops=1)
Merge Join  (cost=5546.07..5547.06 rows=54 width=127) (actual time=32.972..32.986 rows=17 loops=1)
Merge Join  (cost=5544.24..5544.78 rows=28 width=136) (actual time=29.707..29.709 rows=1 loops=1)
Merge Join  (cost=5534.64..5539.69 rows=27 width=21) (actual time=29.901..30.022 rows=36 loops=1)
Merge Join  (cost=5543.21..5543.73 rows=27 width=136) (actual time=30.098..30.120 rows=37 loops=1)
Merge Join  (cost=5545.04..5546.02 rows=53 width=127) (actual time=33.020..33.058 rows=67 loops=1)
Merge Join  (cost=5535.83..5541.00 rows=28 width=21) (actual time=29.683..29.845 rows=24 loops=1)
Merge Join  (cost=5546.07..5547.06 rows=54 width=127) (actual time=32.936..32.950 rows=17 loops=1)
Merge Join  (cost=5534.07..5539.08 rows=27 width=21) (actual time=29.891..30.008 rows=34 loops=1)
Merge Join  (cost=5546.14..5547.13 rows=54 width=127) (actual time=33.426..33.493 rows=129 loops=1)
Merge Join  (cost=5545.04..5546.02 rows=53 width=127) (actual time=32.696..32.712 rows=23 loops=1)
Merge Join  (cost=5534.64..5539.69 rows=27 width=403) (actual time=29.470..29.630 rows=11 loops=1)
Merge Join  (cost=5535.60..5540.75 rows=28 width=21) (actual time=29.497..29.681 rows=5 loops=1)
Merge Join  (cost=5535.09..5540.20 rows=28 width=21) (actual time=29.548..29.695 rows=26 loops=1)
Merge Join  (cost=5537.02..5542.31 rows=29 width=21) (actual time=29.609..29.737 rows=30 loops=1)
Merge Join  (cost=5535.54..5540.69 rows=28 width=21) (actual time=29.721..29.865 rows=32 loops=1)
Merge Join  (cost=5536.17..5541.37 rows=28 width=21) (actual time=30.075..30.086 rows=18 loops=1)
Merge Join  (cost=5557.55..5560.96 rows=192 width=127) (actual time=33.247..33.354 rows=211 loops=1)
Merge Join  (cost=5546.07..5547.06 rows=54 width=127) (actual time=32.934..33.003 rows=142 loops=1)
Merge Join  (cost=5535.20..5540.32 rows=28 width=21) (actual time=29.845..29.977 rows=12 loops=1)
Merge Join  (cost=5536.17..5541.37 rows=28 width=21) (actual time=29.793..29.950 rows=1 loops=1)
Merge Join  (cost=5544.92..5545.89 rows=53 width=127) (actual time=32.742..32.781 rows=75 loops=1)
Merge Join  (cost=5534.64..5539.69 rows=27 width=21) (actual time=29.967..30.185 rows=24 loops=1)
Merge Join  (cost=5535.83..5541.00 rows=28 width=21) (actual time=29.760..29.908 rows=18 loops=1)
Merge Join  (cost=5534.53..5539.57 rows=27 width=21) (actual time=29.623..29.799 rows=21 loops=1)
Merge Join  (cost=5535.54..5540.69 rows=28 width=21) (actual time=29.656..29.790 rows=29 loops=1)
Merge Join  (cost=5535.54..5540.69 rows=28 width=21) (actual time=29.309..29.510 rows=1 loops=1)
Merge Join  (cost=5535.26..5540.38 rows=28 width=21) (actual time=29.749..29.859 rows=30 loops=1)
Merge Join  (cost=5543.09..5543.61 rows=27 width=136) (actual time=30.027..30.037 rows=11 loops=1)
Merge Join  (cost=5535.60..5540.75 rows=28 width=21) (actual time=29.936..30.067 rows=7 loops=1)
Merge Join  (cost=5545.04..5546.02 rows=53 width=127) (actual time=32.923..32.969 rows=88 loops=1)
Merge Join  (cost=5547.77..5548.80 rows=56 width=127) (actual time=33.474..33.562 rows=173 loops=1)
Merge Join  (cost=5546.07..5547.06 rows=54 width=127) (actual time=32.463..32.470 rows=5 loops=1)
Merge Join  (cost=5536.17..5541.37 rows=28 width=21) (actual time=29.676..29.730 rows=18 loops=1)
Merge Join  (cost=5545.04..5546.02 rows=53 width=127) (actual time=32.765..32.771 rows=3 loops=1)
Merge Join  (cost=5545.95..5546.94 rows=54 width=127) (actual time=33.086..33.096 rows=9 loops=1)
Merge Join  (cost=5535.43..5540.57 rows=28 width=403) (actual time=29.613..29.797 rows=3 loops=1)
Merge Join  (cost=5534.92..5540.01 rows=28 width=21) (actual time=29.836..29.978 rows=18 loops=1)
Merge Join  (cost=5545.58..5546.57 rows=54 width=127) (actual time=32.432..32.435 rows=1 loops=1)
Merge Join  (cost=5535.83..5541.00 rows=28 width=21) (actual time=29.946..30.114 rows=23 loops=1)
Merge Join  (cost=5535.26..5540.38 rows=28 width=21) (actual time=29.976..30.115 rows=27 loops=1)
Merge Join  (cost=5535.43..5540.57 rows=28 width=21) (actual time=30.023..30.239 rows=1 loops=1)
Merge Join  (cost=5545.70..5546.69 rows=54 width=127) (actual time=32.923..32.952 rows=48 loops=1)
Merge Join  (cost=5535.60..5540.75 rows=28 width=21) (actual time=29.618..29.691 rows=18 loops=1)
Merge Join  (cost=5543.75..5544.28 rows=28 width=136) (actual time=29.902..29.910 rows=5 loops=1)
Merge Join  (cost=5534.07..5539.08 rows=27 width=21) (actual time=29.709..29.820 rows=15 loops=1)
Merge Join  (cost=5535.26..5540.38 rows=28 width=21) (actual time=29.644..29.773 rows=7 loops=1)
Merge Join  (cost=5536.00..5541.18 rows=28 width=21) (actual time=29.763..30.003 rows=13 loops=1)
Merge Join  (cost=5544.43..5545.40 rows=53 width=127) (actual time=32.997..33.000 rows=1 loops=1)
Merge Join  (cost=5543.21..5543.73 rows=27 width=136) (actual time=29.711..29.713 rows=1 loops=1)
Merge Join  (cost=5544.24..5544.78 rows=28 width=136) (actual time=29.904..29.922 rows=27 loops=1)
Merge Join  (cost=5535.83..5541.00 rows=28 width=21) (actual time=29.873..30.009 rows=5 loops=1)
Merge Join  (cost=5546.07..5547.06 rows=54 width=127) (actual time=33.931..34.028 rows=197 loops=1)
Merge Join  (cost=5542.60..5543.12 rows=27 width=136) (actual time=29.808..29.820 rows=15 loops=1)
Merge Join  (cost=5544.24..5544.78 rows=28 width=136) (actual time=29.768..29.780 rows=13 loops=1)
Merge Join  (cost=5536.17..5541.37 rows=28 width=21) (actual time=29.926..30.080 rows=1 loops=1)
Merge Join  (cost=5544.12..5544.65 rows=28 width=136) (actual time=29.993..30.000 rows=3 loops=1)
Merge Join  (cost=5535.43..5540.57 rows=28 width=403) (actual time=29.599..29.703 rows=3 loops=1)
Merge Join  (cost=5545.95..5546.94 rows=54 width=127) (actual time=32.796..32.836 rows=74 loops=1)
Merge Join  (cost=5543.21..5543.73 rows=27 width=136) (actual time=30.333..30.347 rows=19 loops=1)
Merge Join  (cost=5543.75..5544.28 rows=28 width=136) (actual time=30.004..30.007 rows=1 loops=1)
Merge Join  (cost=5536.17..5541.37 rows=28 width=21) (actual time=29.733..29.971 rows=13 loops=1)
Merge Join  (cost=5546.07..5547.06 rows=54 width=127) (actual time=32.379..32.382 rows=1 loops=1)
Merge Join  (cost=5536.40..5541.62 rows=28 width=21) (actual time=29.710..29.911 rows=3 loops=1)
Merge Join  (cost=5535.83..5541.00 rows=28 width=21) (actual time=30.036..30.135 rows=9 loops=1)
Merge Join  (cost=5535.54..5540.69 rows=28 width=21) (actual time=29.650..29.757 rows=13 loops=1)
Merge Join  (cost=5535.09..5540.20 rows=28 width=21) (actual time=29.504..29.668 rows=28 loops=1)
Merge Join  (cost=5547.05..5548.05 rows=55 width=127) (actual time=32.774..32.776 rows=1 loops=1)
Merge Join  (cost=5546.07..5547.06 rows=54 width=127) (actual time=33.416..33.452 rows=68 loops=1)
Merge Join  (cost=5543.75..5544.28 rows=28 width=136) (actual time=29.760..29.777 rows=25 loops=1)
Merge Join  (cost=5544.43..5545.40 rows=53 width=127) (actual time=32.774..32.804 rows=54 loops=1)
Merge Join  (cost=5537.02..5542.31 rows=29 width=21) (actual time=29.699..29.824 rows=18 loops=1)
Merge Join  (cost=5536.40..5541.62 rows=28 width=21) (actual time=29.833..29.945 rows=21 loops=1)
Merge Join  (cost=5545.70..5546.69 rows=54 width=127) (actual time=32.696..32.699 rows=1 loops=1)
Merge Join  (cost=5536.17..5541.37 rows=28 width=21) (actual time=29.527..29.627 rows=26 loops=1)
Merge Join  (cost=5543.21..5543.73 rows=27 width=136) (actual time=30.158..30.177 rows=27 loops=1)
Merge Join  (cost=5535.09..5540.20 rows=28 width=21) (actual time=29.869..30.015 rows=6 loops=1)
Merge Join  (cost=5543.56..5544.10 rows=28 width=136) (actual time=29.920..29.938 rows=29 loops=1)
Merge Join  (cost=5545.04..5546.02 rows=53 width=127) (actual time=33.147..33.180 rows=54 loops=1)
Merge Join  (cost=5536.17..5541.37 rows=28 width=21) (actual time=29.792..29.986 rows=7 loops=1)
Merge Join  (cost=5535.83..5541.00 rows=28 width=21) (actual time=29.838..29.975 rows=31 loops=1)
Merge Join  (cost=5545.95..5546.94 rows=54 width=127) (actual time=33.090..33.099 rows=9 loops=1)
Merge Join  (cost=5535.43..5540.57 rows=28 width=403) (actual time=29.436..29.616 rows=3 loops=1)
Merge Join  (cost=5545.77..5546.76 rows=54 width=127) (actual time=33.056..33.075 rows=31 loops=1)
Merge Join  (cost=5534.53..5539.57 rows=27 width=21) (actual time=30.029..30.117 rows=26 loops=1)
Merge Join  (cost=5537.02..5542.31 rows=29 width=21) (actual time=29.688..29.787 rows=35 loops=1)
Merge Join  (cost=5537.02..5542.31 rows=29 width=21) (actual time=29.600..29.729 rows=21 loops=1)
Merge Join  (cost=5545.40..5546.39 rows=54 width=127) (actual time=33.132..33.169 rows=68 loops=1)
Merge Join  (cost=5534.92..5540.01 rows=28 width=403) (actual time=29.669..29.845 rows=27 loops=1)
Merge Join  (cost=5536.40..5541.62 rows=28 width=21) (actual time=29.558..29.784 rows=15 loops=1)
Merge Join  (cost=5536.17..5541.37 rows=28 width=21) (actual time=29.346..29.488 rows=22 loops=1)
Merge Join  (cost=5535.54..5540.69 rows=28 width=21) (actual time=29.668..29.712 rows=18 loops=1)
Merge Join  (cost=5546.43..5547.44 rows=55 width=127) (actual time=33.113..33.124 rows=11 loops=1)
Merge Join  (cost=5544.92..5545.45 rows=28 width=136) (actual time=29.808..29.828 rows=31 loops=1)
Merge Join  (cost=5542.60..5543.12 rows=27 width=136) (actual time=30.025..30.044 rows=31 loops=1)
Merge Join  (cost=5534.07..5539.08 rows=27 width=403) (actual time=29.703..29.911 rows=31 loops=1)
Merge Join  (cost=5547.77..5548.80 rows=56 width=127) (actual time=32.673..32.680 rows=3 loops=1)
Merge Join  (cost=5536.00..5541.18 rows=28 width=21) (actual time=29.855..30.016 rows=19 loops=1)
Merge Join  (cost=5546.07..5547.06 rows=54 width=127) (actual time=33.258..33.349 rows=178 loops=1)
Merge Join  (cost=5545.17..5545.70 rows=28 width=136) (actual time=30.280..30.288 rows=3 loops=1)
Merge Join  (cost=5543.87..5544.41 rows=28 width=136) (actual time=30.208..30.228 rows=31 loops=1)
Merge Join  (cost=5535.20..5540.32 rows=28 width=403) (actual time=29.586..29.705 rows=31 loops=1)
Merge Join  (cost=5534.92..5540.01 rows=28 width=21) (actual time=29.623..29.779 rows=25 loops=1)
Merge Join  (cost=5535.09..5540.20 rows=28 width=21) (actual time=29.854..29.972 rows=6 loops=1)
Merge Join  (cost=5536.40..5541.62 rows=28 width=21) (actual time=29.830..29.975 rows=4 loops=1)
Merge Join  (cost=5535.54..5540.69 rows=28 width=21) (actual time=29.713..29.744 rows=14 loops=1)
Merge Join  (cost=5535.09..5540.20 rows=28 width=21) (actual time=29.708..29.898 rows=9 loops=1)
Merge Join  (cost=5545.17..5545.70 rows=28 width=136) (actual time=30.161..30.176 rows=21 loops=1)
Merge Join  (cost=5544.92..5545.45 rows=28 width=136) (actual time=30.209..30.230 rows=33 loops=1)
Merge Join  (cost=5545.89..5546.44 rows=29 width=136) (actual time=29.897..29.915 rows=27 loops=1)
Merge Join  (cost=5544.92..5545.89 rows=53 width=127) (actual time=32.899..32.921 rows=35 loops=1)
Merge Join  (cost=5536.17..5541.37 rows=28 width=21) (actual time=29.671..29.888 rows=17 loops=1)
Merge Join  (cost=5537.02..5542.31 rows=29 width=21) (actual time=29.874..30.034 rows=22 loops=1)
Merge Join  (cost=5546.80..5547.81 rows=55 width=127) (actual time=32.810..32.821 rows=15 loops=1)
Merge Join  (cost=5536.17..5541.37 rows=28 width=403) (actual time=29.420..29.610 rows=13 loops=1)
Merge Join  (cost=5560.44..5564.35 rows=221 width=127) (actual time=33.849..33.954 rows=208 loops=1)
Merge Join  (cost=5535.83..5541.00 rows=28 width=403) (actual time=29.569..29.691 rows=27 loops=1)
Merge Join  (cost=5535.83..5541.00 rows=28 width=21) (actual time=29.750..29.916 rows=17 loops=1)
Merge Join  (cost=5543.21..5543.73 rows=27 width=136) (actual time=29.953..29.972 rows=29 loops=1)
Merge Join  (cost=5536.17..5541.37 rows=28 width=21) (actual time=29.672..29.809 rows=25 loops=1)
Merge Join  (cost=5546.80..5547.81 rows=55 width=127) (actual time=33.159..33.180 rows=33 loops=1)
Merge Join  (cost=5535.20..5540.32 rows=28 width=21) (actual time=29.689..29.749 rows=19 loops=1)
Merge Join  (cost=5546.80..5547.81 rows=55 width=127) (actual time=32.630..32.637 rows=3 loops=1)
Merge Join  (cost=5546.07..5547.06 rows=54 width=127) (actual time=32.724..32.734 rows=11 loops=1)
Merge Join  (cost=5536.00..5541.18 rows=28 width=21) (actual time=29.843..29.966 rows=32 loops=1)
Merge Join  (cost=5536.17..5541.37 rows=28 width=21) (actual time=29.697..29.825 rows=11 loops=1)
Merge Join  (cost=5544.92..5545.45 rows=28 width=136) (actual time=29.864..29.879 rows=21 loops=1)
Merge Join  (cost=5535.26..5540.38 rows=28 width=21) (actual time=29.852..29.993 rows=21 loops=1)
Merge Join  (cost=5536.17..5541.37 rows=28 width=21) (actual time=29.944..30.036 rows=20 loops=1)
Merge Join  (cost=5546.14..5547.13 rows=54 width=127) (actual time=32.769..32.777 rows=5 loops=1)
Merge Join  (cost=5544.24..5544.78 rows=28 width=136) (actual time=29.571..29.573 rows=1 loops=1)
Merge Join  (cost=5534.07..5539.08 rows=27 width=21) (actual time=29.596..29.733 rows=24 loops=1)
Merge Join  (cost=5537.02..5542.31 rows=29 width=21) (actual time=29.773..29.935 rows=21 loops=1)
Merge Join  (cost=5545.70..5546.69 rows=54 width=127) (actual time=33.095..33.109 rows=17 loops=1)
Merge Join  (cost=5543.56..5544.10 rows=28 width=136) (actual time=29.851..29.866 rows=21 loops=1)
Merge Join  (cost=5534.92..5540.01 rows=28 width=21) (actual time=29.734..29.949 rows=5 loops=1)
Merge Join  (cost=5535.83..5541.00 rows=28 width=21) (actual time=29.868..30.091 rows=27 loops=1)
Merge Join  (cost=5536.40..5541.62 rows=28 width=21) (actual time=29.739..29.886 rows=22 loops=1)
Merge Join  (cost=5536.17..5541.37 rows=28 width=21) (actual time=29.515..29.713 rows=1 loops=1)
Merge Join  (cost=5544.12..5544.65 rows=28 width=136) (actual time=30.092..30.111 rows=29 loops=1)
Merge Join  (cost=5546.07..5547.06 rows=54 width=127) (actual time=32.989..32.995 rows=3 loops=1)
Merge Join  (cost=5534.64..5539.69 rows=27 width=21) (actual time=29.554..29.711 rows=24 loops=1)
Merge Join  (cost=5535.54..5540.69 rows=28 width=21) (actual time=29.581..29.703 rows=3 loops=1)
Merge Join  (cost=5545.95..5546.94 rows=54 width=127) (actual time=32.867..32.890 rows=39 loops=1)
Merge Join  (cost=5535.43..5540.57 rows=28 width=21) (actual time=29.984..30.101 rows=29 loops=1)
Merge Join  (cost=5536.17..5541.37 rows=28 width=21) (actual time=29.629..29.646 rows=1 loops=1)
Merge Join  (cost=5536.17..5541.37 rows=28 width=21) (actual time=29.752..29.841 rows=31 loops=1)
Merge Join  (cost=5535.20..5540.32 rows=28 width=21) (actual time=29.940..30.095 rows=15 loops=1)
Merge Join  (cost=5536.40..5541.62 rows=28 width=21) (actual time=29.936..30.081 rows=24 loops=1)
Merge Join  (cost=5558.68..5562.33 rows=206 width=127) (actual time=32.952..33.050 rows=206 loops=1)
Merge Join  (cost=5545.89..5546.44 rows=29 width=136) (actual time=29.893..29.903 rows=9 loops=1)
Merge Join  (cost=5535.09..5540.20 rows=28 width=21) (actual time=29.956..30.100 rows=25 loops=1)
Merge Join  (cost=5535.20..5540.32 rows=28 width=21) (actual time=29.951..30.068 rows=21 loops=1)
Merge Join  (cost=5546.07..5547.06 rows=54 width=127) (actual time=32.783..32.797 rows=17 loops=1)
Merge Join  (cost=5535.54..5540.69 rows=28 width=21) (actual time=29.578..29.837 rows=13 loops=1)
Merge Join  (cost=5559.16..5562.89 rows=211 width=127) (actual time=33.407..33.506 rows=205 loops=1)
Merge Join  (cost=5544.92..5545.89 rows=53 width=127) (actual time=32.989..32.991 rows=1 loops=1)
Merge Join  (cost=5546.07..5547.06 rows=54 width=127) (actual time=32.839..32.855 rows=21 loops=1)
Merge Join  (cost=5535.09..5540.20 rows=28 width=21) (actual time=29.555..29.758 rows=9 loops=1)
Merge Join  (cost=5542.60..5543.12 rows=27 width=136) (actual time=30.041..30.061 rows=34 loops=1)
Merge Join  (cost=5543.09..5543.61 rows=27 width=136) (actual time=30.055..30.074 rows=27 loops=1)
Merge Join  (cost=5544.43..5545.40 rows=53 width=127) (actual time=32.911..32.917 rows=3 loops=1)
Merge Join  (cost=5545.40..5546.39 rows=54 width=127) (actual time=32.831..32.848 rows=24 loops=1)
Merge Join  (cost=5545.70..5546.69 rows=54 width=127) (actual time=33.059..33.088 rows=51 loops=1)
Merge Join  (cost=5543.21..5543.73 rows=27 width=136) (actual time=30.083..30.090 rows=3 loops=1)
Merge Join  (cost=5534.64..5539.69 rows=27 width=403) (actual time=29.544..29.655 rows=3 loops=1)
Merge Join  (cost=5543.21..5543.73 rows=27 width=136) (actual time=29.727..29.738 rows=13 loops=1)
Merge Join  (cost=5559.65..5563.36 rows=209 width=127) (actual time=33.729..33.827 rows=204 loops=1)
Merge Join  (cost=5535.54..5540.69 rows=28 width=21) (actual time=29.706..29.886 rows=1 loops=1)
Merge Join  (cost=5535.83..5541.00 rows=28 width=21) (actual time=29.848..29.993 rows=3 loops=1)
Merge Join  (cost=5536.17..5541.37 rows=28 width=21) (actual time=29.637..29.802 rows=22 loops=1)
Merge Join  (cost=5534.64..5539.69 rows=27 width=21) (actual time=29.906..29.998 rows=25 loops=1)
Merge Join  (cost=5535.09..5540.20 rows=28 width=21) (actual time=29.774..29.884 rows=21 loops=1)
Merge Join  (cost=5544.92..5545.89 rows=53 width=127) (actual time=33.293..33.331 rows=68 loops=1)
Merge Join  (cost=5542.60..5543.12 rows=27 width=136) (actual time=29.779..29.796 rows=25 loops=1)
Merge Join  (cost=5535.26..5540.38 rows=28 width=21) (actual time=29.999..30.139 rows=9 loops=1)
Merge Join  (cost=5545.04..5546.02 rows=53 width=127) (actual time=33.018..33.040 rows=37 loops=1)
Merge Join  (cost=5534.64..5539.69 rows=27 width=21) (actual time=29.883..30.015 rows=22 loops=1)
Merge Join  (cost=5536.17..5541.37 rows=28 width=21) (actual time=29.777..29.933 rows=28 loops=1)
Merge Join  (cost=5543.21..5543.73 rows=27 width=136) (actual time=30.149..30.159 rows=11 loops=1)
Merge Join  (cost=5535.60..5540.75 rows=28 width=21) (actual time=29.904..30.017 rows=18 loops=1)
Merge Join  (cost=5535.09..5540.20 rows=28 width=21) (actual time=30.072..30.191 rows=6 loops=1)
Merge Join  (cost=5536.40..5541.62 rows=28 width=21) (actual time=29.777..29.857 rows=28 loops=1)
Merge Join  (cost=5546.80..5547.81 rows=55 width=127) (actual time=32.428..32.451 rows=37 loops=1)
Merge Join  (cost=5534.53..5539.57 rows=27 width=21) (actual time=29.803..29.975 rows=11 loops=1)
Merge Join  (cost=5545.77..5546.76 rows=54 width=127) (actual time=33.212..33.293 rows=162 loops=1)
Merge Join  (cost=5546.80..5547.81 rows=55 width=127) (actual time=33.136..33.139 rows=1 loops=1)
Merge Join  (cost=5534.64..5539.69 rows=27 width=21) (actual time=29.895..30.016 rows=3 loops=1)
Merge Join  (cost=5534.07..5539.08 rows=27 width=21) (actual time=29.888..30.027 rows=26 loops=1)
Merge Join  (cost=5535.54..5540.69 rows=28 width=21) (actual time=29.820..29.959 rows=7 loops=1)
Merge Join  (cost=5535.83..5541.00 rows=28 width=21) (actual time=29.652..29.708 rows=21 loops=1)
Merge Join  (cost=5545.04..5546.02 rows=53 width=127) (actual time=33.122..33.135 rows=17 loops=1)
Merge Join  (cost=5537.02..5542.31 rows=29 width=21) (actual time=29.786..29.961 rows=3 loops=1)
Merge Join  (cost=5534.07..5539.08 rows=27 width=21) (actual time=29.694..29.783 rows=20 loops=1)
Merge Join  (cost=5536.40..5541.62 rows=28 width=21) (actual time=29.745..29.799 rows=18 loops=1)
Merge Join  (cost=5537.02..5542.31 rows=29 width=21) (actual time=29.800..29.960 rows=28 loops=1)
Merge Join  (cost=5536.17..5541.37 rows=28 width=21) (actual time=30.050..30.211 rows=21 loops=1)
Merge Join  (cost=5546.80..5547.81 rows=55 width=127) (actual time=32.998..33.028 rows=53 loops=1)
Merge Join  (cost=5544.30..5544.84 rows=28 width=136) (actual time=29.735..29.746 rows=13 loops=1)
Merge Join  (cost=5546.43..5547.44 rows=55 width=127) (actual time=33.038..33.051 rows=15 loops=1)
Merge Join  (cost=5534.64..5539.69 rows=27 width=21) (actual time=29.874..30.029 rows=10 loops=1)
Merge Join  (cost=5546.07..5547.06 rows=54 width=127) (actual time=33.852..33.862 rows=9 loops=1)
Merge Join  (cost=5535.54..5540.69 rows=28 width=403) (actual time=29.393..29.517 rows=9 loops=1)
Merge Join  (cost=5546.07..5547.06 rows=54 width=127) (actual time=33.323..33.343 rows=27 loops=1)
Merge Join  (cost=5544.24..5544.78 rows=28 width=136) (actual time=30.215..30.226 rows=9 loops=1)
Merge Join  (cost=5546.07..5547.06 rows=54 width=127) (actual time=33.179..33.208 rows=49 loops=1)
Merge Join  (cost=5535.09..5540.20 rows=28 width=21) (actual time=29.919..30.089 rows=22 loops=1)
Merge Join  (cost=5534.07..5539.08 rows=27 width=21) (actual time=29.667..29.878 rows=25 loops=1)
Merge Join  (cost=5546.07..5547.06 rows=54 width=127) (actual time=33.453..33.486 rows=58 loops=1)
Merge Join  (cost=5546.61..5547.62 rows=55 width=127) (actual time=33.203..33.282 rows=145 loops=1)
Merge Join  (cost=5536.00..5541.18 rows=28 width=403) (actual time=29.538..29.796 rows=25 loops=1)
Merge Join  (cost=5535.54..5540.69 rows=28 width=21) (actual time=29.974..30.072 rows=28 loops=1)
Merge Join  (cost=5536.00..5541.18 rows=28 width=21) (actual time=29.727..29.883 rows=12 loops=1)
Merge Join  (cost=5534.53..5539.57 rows=27 width=21) (actual time=29.704..29.847 rows=12 loops=1)
Merge Join  (cost=5545.40..5546.39 rows=54 width=127) (actual time=32.834..32.852 rows=24 loops=1)
Merge Join  (cost=5545.70..5546.69 rows=54 width=127) (actual time=33.149..33.173 rows=41 loops=1)
Merge Join  (cost=5536.40..5541.62 rows=28 width=21) (actual time=30.005..30.037 rows=1 loops=1)
Merge Join  (cost=5544.92..5545.45 rows=28 width=136) (actual time=30.079..30.098 rows=29 loops=1)
Merge Join  (cost=5534.64..5539.69 rows=27 width=21) (actual time=29.581..29.729 rows=21 loops=1)
Merge Join  (cost=5534.92..5540.01 rows=28 width=21) (actual time=30.467..30.629 rows=33 loops=1)
Merge Join  (cost=5543.21..5543.73 rows=27 width=136) (actual time=30.201..30.209 rows=3 loops=1)
Merge Join  (cost=5534.64..5539.69 rows=27 width=403) (actual time=29.501..29.621 rows=3 loops=1)
Merge Join  (cost=5535.54..5540.69 rows=28 width=21) (actual time=29.705..29.908 rows=3 loops=1)
Merge Join  (cost=5535.20..5540.32 rows=28 width=21) (actual time=30.214..30.377 rows=32 loops=1)
Merge Join  (cost=5546.80..5547.81 rows=55 width=127) (actual time=33.146..33.156 rows=9 loops=1)
Merge Join  (cost=5536.17..5541.37 rows=28 width=403) (actual time=30.003..30.192 rows=9 loops=1)
Merge Join  (cost=5559.66..5563.47 rows=215 width=127) (actual time=33.488..33.577 rows=178 loops=1)
Merge Join  (cost=5534.92..5540.01 rows=28 width=21) (actual time=29.879..29.980 rows=3 loops=1)
Merge Join  (cost=5546.80..5547.81 rows=55 width=127) (actual time=32.933..32.956 rows=41 loops=1)
Merge Join  (cost=5546.80..5547.81 rows=55 width=127) (actual time=32.656..32.659 rows=1 loops=1)
Merge Join  (cost=5546.14..5547.13 rows=54 width=127) (actual time=32.254..32.278 rows=43 loops=1)
Merge Join  (cost=5586.62..5595.40 rows=499 width=127) (actual time=34.318..34.565 rows=516 loops=1)
Merge Join  (cost=5544.92..5545.45 rows=28 width=136) (actual time=30.167..30.188 rows=35 loops=1)
Merge Join  (cost=5535.54..5540.69 rows=28 width=21) (actual time=29.532..29.671 rows=35 loops=1)
Merge Join  (cost=5536.17..5541.37 rows=28 width=21) (actual time=29.618..29.758 rows=19 loops=1)
Merge Join  (cost=5542.60..5543.12 rows=27 width=136) (actual time=30.209..30.227 rows=27 loops=1)
Merge Join  (cost=5546.07..5547.06 rows=54 width=127) (actual time=32.662..32.687 rows=41 loops=1)
Merge Join  (cost=5535.43..5540.57 rows=28 width=21) (actual time=29.585..29.733 rows=24 loops=1)
Merge Join  (cost=5536.17..5541.37 rows=28 width=21) (actual time=29.668..29.807 rows=18 loops=1)
Merge Join  (cost=5534.64..5539.69 rows=27 width=21) (actual time=29.604..29.753 rows=9 loops=1)
Merge Join  (cost=5537.02..5542.31 rows=29 width=21) (actual time=29.789..29.958 rows=11 loops=1)
Merge Join  (cost=5535.54..5540.69 rows=28 width=21) (actual time=29.634..29.773 rows=7 loops=1)
Merge Join  (cost=5546.80..5547.81 rows=55 width=127) (actual time=32.709..32.727 rows=27 loops=1)
Merge Join  (cost=5534.53..5539.57 rows=27 width=21) (actual time=29.705..29.797 rows=37 loops=1)
Merge Join  (cost=5534.64..5539.69 rows=27 width=21) (actual time=29.864..29.933 rows=23 loops=1)
Merge Join  (cost=5543.56..5544.10 rows=28 width=136) (actual time=29.821..29.836 rows=19 loops=1)
Merge Join  (cost=5542.60..5543.12 rows=27 width=136) (actual time=29.882..29.893 rows=13 loops=1)
Merge Join  (cost=5535.60..5540.75 rows=28 width=21) (actual time=30.049..30.170 rows=23 loops=1)
Merge Join  (cost=5546.07..5547.06 rows=54 width=127) (actual time=33.410..33.417 rows=3 loops=1)
Merge Join  (cost=5535.54..5540.69 rows=28 width=403) (actual time=29.639..29.807 rows=1 loops=1)
Merge Join  (cost=5534.53..5539.57 rows=27 width=21) (actual time=29.601..29.757 rows=30 loops=1)
Merge Join  (cost=5534.92..5540.01 rows=28 width=21) (actual time=30.273..30.447 rows=13 loops=1)
Merge Join  (cost=5535.83..5541.00 rows=28 width=21) (actual time=29.976..30.074 rows=9 loops=1)
Merge Join  (cost=5544.92..5545.45 rows=28 width=136) (actual time=30.113..30.124 rows=13 loops=1)
Merge Join  (cost=5544.92..5545.45 rows=28 width=136) (actual time=29.732..29.741 rows=7 loops=1)
Merge Join  (cost=5535.26..5540.38 rows=28 width=21) (actual time=30.067..30.208 rows=18 loops=1)
Merge Join  (cost=5543.56..5544.10 rows=28 width=136) (actual time=30.113..30.116 rows=1 loops=1)
Merge Join  (cost=5591.70..5601.28 rows=545 width=127) (actual time=34.023..34.273 rows=518 loops=1)
Merge Join  (cost=5534.07..5539.08 rows=27 width=21) (actual time=29.604..29.674 rows=19 loops=1)
Merge Join  (cost=5545.58..5546.57 rows=54 width=127) (actual time=35.165..35.206 rows=77 loops=1)
Merge Join  (cost=5536.17..5541.37 rows=28 width=21) (actual time=29.801..29.880 rows=1 loops=1)
Merge Join  (cost=5534.07..5539.08 rows=27 width=21) (actual time=29.919..30.119 rows=15 loops=1)
Merge Join  (cost=5543.75..5544.28 rows=28 width=136) (actual time=29.694..29.697 rows=1 loops=1)
Merge Join  (cost=5536.17..5541.37 rows=28 width=21) (actual time=29.502..29.643 rows=17 loops=1)
Merge Join  (cost=5536.00..5541.18 rows=28 width=21) (actual time=29.818..30.072 rows=13 loops=1)
Merge Join  (cost=5546.14..5547.13 rows=54 width=127) (actual time=32.856..32.859 rows=1 loops=1)
Merge Join  (cost=5542.60..5543.12 rows=27 width=136) (actual time=29.999..30.009 rows=9 loops=1)
Merge Join  (cost=5547.05..5548.05 rows=55 width=127) (actual time=32.995..33.017 rows=33 loops=1)
Merge Join  (cost=5536.40..5541.62 rows=28 width=21) (actual time=29.839..29.981 rows=14 loops=1)
Merge Join  (cost=5537.02..5542.31 rows=29 width=21) (actual time=30.040..30.187 rows=26 loops=1)
Merge Join  (cost=5543.21..5543.73 rows=27 width=136) (actual time=30.182..30.196 rows=19 loops=1)
Merge Join  (cost=5536.17..5541.37 rows=28 width=21) (actual time=29.592..29.708 rows=30 loops=1)
Merge Join  (cost=5535.26..5540.38 rows=28 width=21) (actual time=29.955..30.088 rows=7 loops=1)
Merge Join  (cost=5535.20..5540.32 rows=28 width=21) (actual time=29.881..30.011 rows=13 loops=1)
Merge Join  (cost=5535.54..5540.69 rows=28 width=21) (actual time=29.660..29.797 rows=18 loops=1)
Merge Join  (cost=5535.43..5540.57 rows=28 width=21) (actual time=29.569..29.686 rows=5 loops=1)
Merge Join  (cost=5543.75..5544.28 rows=28 width=136) (actual time=30.079..30.093 rows=17 loops=1)
Merge Join  (cost=5536.17..5541.37 rows=28 width=21) (actual time=29.973..30.117 rows=24 loops=1)
Merge Join  (cost=5536.40..5541.62 rows=28 width=21) (actual time=30.042..30.145 rows=26 loops=1)
Merge Join  (cost=5535.09..5540.20 rows=28 width=21) (actual time=29.696..29.822 rows=9 loops=1)
Merge Join  (cost=5544.92..5545.45 rows=28 width=136) (actual time=30.191..30.205 rows=19 loops=1)
Merge Join  (cost=5586.80..5595.42 rows=490 width=127) (actual time=34.486..34.723 rows=510 loops=1)
Merge Join  (cost=5534.64..5539.69 rows=27 width=21) (actual time=29.650..29.731 rows=26 loops=1)
Merge Join  (cost=5535.83..5541.00 rows=28 width=21) (actual time=29.583..29.739 rows=20 loops=1)
Merge Join  (cost=5544.12..5544.65 rows=28 width=136) (actual time=29.905..29.908 rows=1 loops=1)
Merge Join  (cost=5535.20..5540.32 rows=28 width=21) (actual time=29.831..29.976 rows=13 loops=1)
Merge Join  (cost=5534.07..5539.08 rows=27 width=21) (actual time=29.648..29.816 rows=13 loops=1)
Merge Join  (cost=5535.54..5540.69 rows=28 width=21) (actual time=29.607..29.775 rows=25 loops=1)
Merge Join  (cost=5535.09..5540.20 rows=28 width=21) (actual time=29.801..29.963 rows=9 loops=1)
Merge Join  (cost=5545.40..5546.39 rows=54 width=127) (actual time=33.142..33.152 rows=9 loops=1)
Merge Join  (cost=5534.07..5539.08 rows=27 width=21) (actual time=29.584..29.646 rows=29 loops=1)
Merge Join  (cost=5534.92..5540.01 rows=28 width=21) (actual time=29.747..29.977 rows=7 loops=1)
Merge Join  (cost=5545.89..5546.44 rows=29 width=136) (actual time=29.870..29.883 rows=13 loops=1)
Merge Join  (cost=5546.07..5547.06 rows=54 width=127) (actual time=33.141..33.158 rows=23 loops=1)
Merge Join  (cost=5536.00..5541.18 rows=28 width=21) (actual time=29.771..29.931 rows=18 loops=1)
Merge Join  (cost=5544.24..5544.78 rows=28 width=136) (actual time=30.029..30.048 rows=31 loops=1)
Merge Join  (cost=5547.05..5548.05 rows=55 width=127) (actual time=33.081..33.122 rows=79 loops=1)
Merge Join  (cost=5543.75..5544.28 rows=28 width=136) (actual time=30.210..30.229 rows=27 loops=1)
Merge Join  (cost=5576.06..5582.80 rows=383 width=127) (actual time=33.741..33.949 rows=435 loops=1)
Merge Join  (cost=5535.09..5540.20 rows=28 width=21) (actual time=29.816..30.022 rows=9 loops=1)
Merge Join  (cost=5536.00..5541.18 rows=28 width=21) (actual time=29.751..29.912 rows=28 loops=1)
Merge Join  (cost=5534.07..5539.08 rows=27 width=21) (actual time=29.551..29.765 rows=15 loops=1)
Merge Join  (cost=5536.17..5541.37 rows=28 width=21) (actual time=29.539..29.692 rows=22 loops=1)
Merge Join  (cost=5543.09..5543.61 rows=27 width=136) (actual time=29.817..29.834 rows=29 loops=1)
Merge Join  (cost=5534.07..5539.08 rows=27 width=21) (actual time=29.751..29.989 rows=13 loops=1)
Merge Join  (cost=5543.09..5543.61 rows=27 width=136) (actual time=30.082..30.096 rows=19 loops=1)
Merge Join  (cost=5536.40..5541.62 rows=28 width=21) (actual time=29.683..29.901 rows=1 loops=1)
Merge Join  (cost=5544.92..5545.45 rows=28 width=136) (actual time=29.867..29.882 rows=23 loops=1)
Merge Join  (cost=5536.17..5541.37 rows=28 width=403) (actual time=30.039..30.197 rows=23 loops=1)
Merge Join  (cost=5535.54..5540.69 rows=28 width=21) (actual time=29.861..29.985 rows=18 loops=1)
Merge Join  (cost=5536.17..5541.37 rows=28 width=21) (actual time=29.609..29.620 rows=18 loops=1)
Merge Join  (cost=5547.05..5548.05 rows=55 width=127) (actual time=32.742..32.750 rows=3 loops=1)
Merge Join  (cost=5547.77..5548.80 rows=56 width=127) (actual time=32.433..32.444 rows=10 loops=1)
Merge Join  (cost=5534.53..5539.57 rows=27 width=21) (actual time=29.841..29.895 rows=18 loops=1)
Merge Join  (cost=5534.53..5539.57 rows=27 width=21) (actual time=29.588..29.819 rows=5 loops=1)
Merge Join  (cost=5542.60..5543.12 rows=27 width=136) (actual time=29.856..29.872 rows=23 loops=1)
Merge Join  (cost=5534.92..5540.01 rows=28 width=21) (actual time=29.850..29.986 rows=18 loops=1)
Merge Join  (cost=5546.07..5547.06 rows=54 width=127) (actual time=33.259..33.282 rows=31 loops=1)
Merge Join  (cost=5536.17..5541.37 rows=28 width=21) (actual time=29.949..30.111 rows=28 loops=1)
Merge Join  (cost=5546.07..5547.06 rows=54 width=127) (actual time=32.550..32.568 rows=28 loops=1)
Merge Join  (cost=5534.64..5539.69 rows=27 width=21) (actual time=29.788..29.907 rows=26 loops=1)
Merge Join  (cost=5535.83..5541.00 rows=28 width=21) (actual time=29.941..30.117 rows=23 loops=1)
Merge Join  (cost=5545.58..5546.57 rows=54 width=127) (actual time=33.056..33.096 rows=75 loops=1)
Merge Join  (cost=5582.43..5590.44 rows=455 width=127) (actual time=34.110..34.358 rows=534 loops=1)
Merge Join  (cost=5535.54..5540.69 rows=28 width=21) (actual time=29.786..29.898 rows=17 loops=1)
Merge Join  (cost=5544.92..5545.89 rows=53 width=127) (actual time=32.970..32.977 rows=3 loops=1)
Merge Join  (cost=5535.60..5540.75 rows=28 width=21) (actual time=29.557..29.742 rows=13 loops=1)
Merge Join  (cost=5544.55..5545.08 rows=28 width=136) (actual time=29.874..29.890 rows=23 loops=1)
Merge Join  (cost=5534.07..5539.08 rows=27 width=21) (actual time=29.877..30.092 rows=7 loops=1)
Merge Join  (cost=5536.00..5541.18 rows=28 width=21) (actual time=29.775..30.014 rows=19 loops=1)
Merge Join  (cost=5547.05..5548.05 rows=55 width=127) (actual time=33.252..33.264 rows=13 loops=1)
Merge Join  (cost=5558.18..5561.55 rows=190 width=127) (actual time=33.397..33.490 rows=185 loops=1)
Merge Join  (cost=5546.14..5547.13 rows=54 width=127) (actual time=33.478..33.556 rows=155 loops=1)
Merge Join  (cost=5546.07..5547.06 rows=54 width=127) (actual time=33.081..33.119 rows=71 loops=1)
Merge Join  (cost=5534.92..5540.01 rows=28 width=21) (actual time=29.589..29.724 rows=31 loops=1)
Merge Join  (cost=5536.17..5541.37 rows=28 width=21) (actual time=29.417..29.608 rows=21 loops=1)
Merge Join  (cost=5546.07..5547.06 rows=54 width=127) (actual time=33.374..33.413 rows=75 loops=1)
Merge Join  (cost=5537.02..5542.31 rows=29 width=21) (actual time=29.857..30.034 rows=13 loops=1)
Merge Join  (cost=5543.87..5544.41 rows=28 width=136) (actual time=29.988..30.000 rows=15 loops=1)
Merge Join  (cost=5544.24..5544.78 rows=28 width=136) (actual time=29.663..29.679 rows=23 loops=1)
Merge Join  (cost=5547.77..5548.80 rows=56 width=127) (actual time=32.782..32.785 rows=1 loops=1)
Merge Join  (cost=5537.02..5542.31 rows=29 width=403) (actual time=29.409..29.539 rows=1 loops=1)
Merge Join  (cost=5534.92..5540.01 rows=28 width=21) (actual time=29.584..29.718 rows=24 loops=1)
Merge Join  (cost=5544.30..5544.84 rows=28 width=136) (actual time=29.834..29.848 rows=19 loops=1)
Merge Join  (cost=5545.70..5546.69 rows=54 width=127) (actual time=33.333..33.340 rows=3 loops=1)
Merge Join  (cost=5535.20..5540.32 rows=28 width=21) (actual time=29.795..29.855 rows=23 loops=1)
Merge Join  (cost=5543.21..5543.73 rows=27 width=136) (actual time=29.964..29.981 rows=23 loops=1)
Merge Join  (cost=5536.00..5541.18 rows=28 width=21) (actual time=29.476..29.599 rows=7 loops=1)
Merge Join  (cost=5536.40..5541.62 rows=28 width=21) (actual time=29.838..29.979 rows=7 loops=1)
Merge Join  (cost=5544.92..5545.45 rows=28 width=136) (actual time=30.262..30.282 rows=31 loops=1)
Merge Join  (cost=5547.77..5548.80 rows=56 width=127) (actual time=33.076..33.111 rows=65 loops=1)
Merge Join  (cost=5537.02..5542.31 rows=29 width=21) (actual time=29.580..29.620 rows=22 loops=1)
Merge Join  (cost=5546.14..5547.13 rows=54 width=127) (actual time=33.113..33.134 rows=31 loops=1)
Merge Join  (cost=5546.07..5547.06 rows=54 width=127) (actual time=33.089..33.097 rows=3 loops=1)
Merge Join  (cost=5542.60..5543.12 rows=27 width=136) (actual time=29.843..29.860 rows=25 loops=1)
Merge Join  (cost=5535.20..5540.32 rows=28 width=21) (actual time=29.640..29.796 rows=25 loops=1)
Merge Join  (cost=5544.24..5544.78 rows=28 width=136) (actual time=29.921..29.934 rows=17 loops=1)
Merge Join  (cost=5546.43..5547.44 rows=55 width=127) (actual time=32.765..32.787 rows=35 loops=1)
Merge Join  (cost=5534.64..5539.69 rows=27 width=21) (actual time=29.667..29.819 rows=24 loops=1)
Merge Join  (cost=5534.92..5540.01 rows=28 width=21) (actual time=29.654..29.825 rows=33 loops=1)
Merge Join  (cost=5545.04..5546.02 rows=53 width=127) (actual time=33.173..33.187 rows=17 loops=1)
Merge Join  (cost=5534.64..5539.69 rows=27 width=403) (actual time=29.920..30.089 rows=7 loops=1)
Merge Join  (cost=5543.21..5543.73 rows=27 width=136) (actual time=29.917..29.935 rows=23 loops=1)
Merge Join  (cost=5650.94..5676.62 rows=1400 width=127) (actual time=34.579..35.691 rows=1544 loops=1)
Merge Join  (cost=5542.60..5543.12 rows=27 width=136) (actual time=29.939..29.953 rows=20 loops=1)
Merge Join  (cost=5546.07..5547.06 rows=54 width=127) (actual time=33.173..33.202 rows=51 loops=1)
Merge Join  (cost=5535.54..5540.69 rows=28 width=21) (actual time=29.596..29.670 rows=3 loops=1)
Merge Join  (cost=5535.60..5540.75 rows=28 width=21) (actual time=29.830..29.998 rows=13 loops=1)
Merge Join  (cost=5536.17..5541.37 rows=28 width=21) (actual time=29.851..30.009 rows=24 loops=1)
Merge Join  (cost=5534.92..5540.01 rows=28 width=21) (actual time=29.793..30.021 rows=31 loops=1)
Merge Join  (cost=5556.48..5559.77 rows=185 width=127) (actual time=33.197..33.298 rows=205 loops=1)
Merge Join  (cost=5543.21..5543.73 rows=27 width=136) (actual time=29.642..29.651 rows=9 loops=1)
Merge Join  (cost=5535.26..5540.38 rows=28 width=21) (actual time=29.798..29.932 rows=24 loops=1)
Merge Join  (cost=5545.70..5546.69 rows=54 width=127) (actual time=33.158..33.179 rows=33 loops=1)
Merge Join  (cost=5544.24..5544.78 rows=28 width=136) (actual time=30.063..30.072 rows=9 loops=1)
Merge Join  (cost=5536.40..5541.62 rows=28 width=21) (actual time=29.495..29.711 rows=9 loops=1)
Merge Join  (cost=5536.17..5541.37 rows=28 width=21) (actual time=29.806..29.926 rows=25 loops=1)
Merge Join  (cost=5544.73..5545.27 rows=28 width=136) (actual time=29.975..29.993 rows=27 loops=1)
Merge Join  (cost=5545.70..5546.69 rows=54 width=127) (actual time=32.783..32.800 rows=23 loops=1)
Merge Join  (cost=5534.53..5539.57 rows=27 width=21) (actual time=29.553..29.714 rows=32 loops=1)
Merge Join  (cost=5543.75..5544.28 rows=28 width=136) (actual time=30.129..30.140 rows=9 loops=1)
Merge Join  (cost=5534.07..5539.08 rows=27 width=21) (actual time=29.774..29.981 rows=25 loops=1)
Merge Join  (cost=5545.17..5545.70 rows=28 width=136) (actual time=29.725..29.732 rows=5 loops=1)
Merge Join  (cost=5536.17..5541.37 rows=28 width=21) (actual time=29.450..29.632 rows=3 loops=1)
Merge Join  (cost=5545.04..5546.02 rows=53 width=127) (actual time=33.071..33.082 rows=12 loops=1)
Merge Join  (cost=5535.09..5540.20 rows=28 width=21) (actual time=30.019..30.077 rows=20 loops=1)
Merge Join  (cost=5534.07..5539.08 rows=27 width=21) (actual time=29.579..29.688 rows=30 loops=1)
Merge Join  (cost=5535.83..5541.00 rows=28 width=21) (actual time=29.524..29.661 rows=3 loops=1)
Merge Join  (cost=5536.40..5541.62 rows=28 width=21) (actual time=29.977..30.107 rows=24 loops=1)
Merge Join  (cost=5535.54..5540.69 rows=28 width=21) (actual time=29.920..30.089 rows=26 loops=1)
Merge Join  (cost=5535.83..5541.00 rows=28 width=21) (actual time=29.639..29.808 rows=19 loops=1)
Merge Join  (cost=5536.17..5541.37 rows=28 width=21) (actual time=29.668..29.820 rows=14 loops=1)
Merge Join  (cost=5545.04..5546.02 rows=53 width=127) (actual time=33.188..33.224 rows=63 loops=1)
Merge Join  (cost=5535.54..5540.69 rows=28 width=21) (actual time=29.833..29.902 rows=29 loops=1)
Merge Join  (cost=5535.83..5541.00 rows=28 width=21) (actual time=29.702..29.951 rows=9 loops=1)
Merge Join  (cost=5535.20..5540.32 rows=28 width=21) (actual time=29.482..29.635 rows=23 loops=1)
Merge Join  (cost=5536.17..5541.37 rows=28 width=21) (actual time=29.886..29.992 rows=11 loops=1)
Merge Join  (cost=5534.64..5539.69 rows=27 width=21) (actual time=29.858..30.022 rows=28 loops=1)
Merge Join  (cost=5557.62..5560.92 rows=186 width=127) (actual time=33.543..33.650 rows=214 loops=1)
Merge Join  (cost=5545.40..5546.39 rows=54 width=127) (actual time=32.906..32.918 rows=17 loops=1)
Merge Join  (cost=5534.92..5540.01 rows=28 width=403) (actual time=29.574..29.738 rows=3 loops=1)
Merge Join  (cost=5546.14..5547.13 rows=54 width=127) (actual time=33.042..33.061 rows=29 loops=1)
Merge Join  (cost=5544.24..5544.78 rows=28 width=136) (actual time=29.845..29.853 rows=7 loops=1)
Merge Join  (cost=5546.07..5547.06 rows=54 width=127) (actual time=33.263..33.277 rows=17 loops=1)
Merge Join  (cost=5535.54..5540.69 rows=28 width=21) (actual time=29.756..29.896 rows=26 loops=1)
Merge Join  (cost=5545.04..5546.02 rows=53 width=127) (actual time=33.275..33.322 rows=91 loops=1)
Merge Join  (cost=5537.02..5542.31 rows=29 width=21) (actual time=29.793..29.818 rows=29 loops=1)
Merge Join  (cost=5546.07..5547.06 rows=54 width=127) (actual time=32.907..32.913 rows=3 loops=1)
Merge Join  (cost=5545.40..5546.39 rows=54 width=127) (actual time=33.505..33.587 rows=173 loops=1)
Merge Join  (cost=5536.40..5541.62 rows=28 width=21) (actual time=29.658..29.794 rows=18 loops=1)
Merge Join  (cost=5544.92..5545.45 rows=28 width=136) (actual time=29.848..29.859 rows=13 loops=1)
Merge Join  (cost=5545.04..5546.02 rows=53 width=127) (actual time=32.276..32.305 rows=50 loops=1)
Merge Join  (cost=5546.80..5547.81 rows=55 width=127) (actual time=33.265..33.294 rows=51 loops=1)
Merge Join  (cost=5547.77..5548.80 rows=56 width=127) (actual time=33.079..33.116 rows=71 loops=1)
Merge Join  (cost=5544.92..5545.45 rows=28 width=136) (actual time=29.600..29.608 rows=7 loops=1)
Merge Join  (cost=5536.17..5541.37 rows=28 width=21) (actual time=29.627..29.792 rows=28 loops=1)
Merge Join  (cost=5535.20..5540.32 rows=28 width=21) (actual time=29.739..29.897 rows=28 loops=1)
Merge Join  (cost=5543.21..5543.73 rows=27 width=136) (actual time=29.941..29.958 rows=27 loops=1)
Merge Join  (cost=5544.92..5545.45 rows=28 width=136) (actual time=29.961..29.963 rows=1 loops=1)
Merge Join  (cost=5545.70..5546.69 rows=54 width=127) (actual time=32.648..32.671 rows=39 loops=1)
Merge Join  (cost=5545.58..5546.57 rows=54 width=127) (actual time=32.911..32.919 rows=3 loops=1)
Merge Join  (cost=5535.43..5540.57 rows=28 width=21) (actual time=30.058..30.171 rows=30 loops=1)
Merge Join  (cost=5546.80..5547.81 rows=55 width=127) (actual time=33.301..33.339 rows=69 loops=1)
Merge Join  (cost=5536.00..5541.18 rows=28 width=21) (actual time=29.546..29.688 rows=26 loops=1)
Merge Join  (cost=5546.80..5547.81 rows=55 width=127) (actual time=33.246..33.298 rows=101 loops=1)
Merge Join  (cost=5535.83..5541.00 rows=28 width=21) (actual time=29.638..29.829 rows=23 loops=1)
Merge Join  (cost=5535.54..5540.69 rows=28 width=21) (actual time=29.560..29.712 rows=27 loops=1)
Merge Join  (cost=5535.83..5541.00 rows=28 width=21) (actual time=29.745..29.907 rows=32 loops=1)
Merge Join  (cost=5535.60..5540.75 rows=28 width=21) (actual time=29.783..29.893 rows=30 loops=1)
Merge Join  (cost=5536.17..5541.37 rows=28 width=21) (actual time=29.730..29.894 rows=3 loops=1)
Merge Join  (cost=5546.07..5547.06 rows=54 width=127) (actual time=32.631..32.634 rows=1 loops=1)
Merge Join  (cost=5534.53..5539.57 rows=27 width=21) (actual time=29.587..29.769 rows=3 loops=1)
Merge Join  (cost=5543.21..5543.73 rows=27 width=136) (actual time=30.093..30.113 rows=31 loops=1)
Merge Join  (cost=5544.92..5545.45 rows=28 width=136) (actual time=30.723..30.739 rows=21 loops=1)
Merge Join  (cost=5536.17..5541.37 rows=28 width=403) (actual time=29.484..29.641 rows=21 loops=1)
Merge Join  (cost=5543.21..5543.73 rows=27 width=136) (actual time=29.790..29.804 rows=17 loops=1)
Merge Join  (cost=5535.83..5541.00 rows=28 width=21) (actual time=29.680..29.869 rows=1 loops=1)
Merge Join  (cost=5534.07..5539.08 rows=27 width=21) (actual time=29.576..29.749 rows=9 loops=1)
Merge Join  (cost=5536.40..5541.62 rows=28 width=21) (actual time=29.617..29.763 rows=10 loops=1)
Merge Join  (cost=5545.04..5546.02 rows=53 width=127) (actual time=32.624..32.627 rows=1 loops=1)
Merge Join  (cost=5546.80..5547.81 rows=55 width=127) (actual time=33.002..33.016 rows=17 loops=1)
Merge Join  (cost=5543.75..5544.28 rows=28 width=136) (actual time=30.151..30.166 rows=17 loops=1)
Merge Join  (cost=5536.17..5541.37 rows=28 width=21) (actual time=29.518..29.669 rows=18 loops=1)
Merge Join  (cost=5546.14..5547.13 rows=54 width=127) (actual time=32.773..32.783 rows=11 loops=1)
Merge Join  (cost=5534.53..5539.57 rows=27 width=21) (actual time=29.767..29.788 rows=36 loops=1)
Merge Join  (cost=5544.92..5545.89 rows=53 width=127) (actual time=33.090..33.092 rows=1 loops=1)
Merge Join  (cost=5535.83..5541.00 rows=28 width=21) (actual time=29.663..29.809 rows=22 loops=1)
Merge Join  (cost=5535.83..5541.00 rows=28 width=21) (actual time=29.461..29.606 rows=9 loops=1)
Merge Join  (cost=5545.17..5545.70 rows=28 width=136) (actual time=30.156..30.168 rows=13 loops=1)
Merge Join  (cost=5535.54..5540.69 rows=28 width=21) (actual time=29.874..29.969 rows=29 loops=1)
Merge Join  (cost=5535.83..5541.00 rows=28 width=21) (actual time=29.812..29.937 rows=31 loops=1)
Merge Join  (cost=5547.05..5548.05 rows=55 width=127) (actual time=32.557..32.568 rows=11 loops=1)
Merge Join  (cost=5543.87..5544.41 rows=28 width=136) (actual time=29.736..29.758 rows=35 loops=1)
Merge Join  (cost=5544.92..5545.45 rows=28 width=136) (actual time=30.134..30.143 rows=9 loops=1)
Merge Join  (cost=5536.17..5541.37 rows=28 width=403) (actual time=29.516..29.729 rows=9 loops=1)
Merge Join  (cost=5546.07..5547.06 rows=54 width=127) (actual time=32.967..32.981 rows=20 loops=1)
Merge Join  (cost=5547.77..5548.80 rows=56 width=127) (actual time=33.093..33.116 rows=37 loops=1)
Merge Join  (cost=5535.83..5541.00 rows=28 width=21) (actual time=29.559..29.795 rows=9 loops=1)
Merge Join  (cost=5545.89..5546.44 rows=29 width=136) (actual time=29.988..30.005 rows=27 loops=1)
Merge Join  (cost=5535.54..5540.69 rows=28 width=21) (actual time=29.511..29.594 rows=28 loops=1)
Merge Join  (cost=5545.58..5546.57 rows=54 width=127) (actual time=33.257..33.295 rows=69 loops=1)
Merge Join  (cost=5546.80..5547.81 rows=55 width=127) (actual time=33.262..33.298 rows=67 loops=1)
Merge Join  (cost=5536.17..5541.37 rows=28 width=21) (actual time=30.519..30.660 rows=20 loops=1)
Merge Join  (cost=5535.20..5540.32 rows=28 width=21) (actual time=29.678..29.814 rows=9 loops=1)
Merge Join  (cost=5536.17..5541.37 rows=28 width=21) (actual time=29.695..29.840 rows=15 loops=1)
Merge Join  (cost=5544.30..5544.84 rows=28 width=136) (actual time=30.066..30.076 rows=9 loops=1)
Merge Join  (cost=5545.70..5546.69 rows=54 width=127) (actual time=33.335..33.435 rows=207 loops=1)
Merge Join  (cost=5534.07..5539.08 rows=27 width=21) (actual time=29.585..29.802 rows=3 loops=1)
Merge Join  (cost=5534.64..5539.69 rows=27 width=21) (actual time=29.895..30.003 rows=24 loops=1)
Merge Join  (cost=5545.40..5546.39 rows=54 width=127) (actual time=33.210..33.231 rows=33 loops=1)
Merge Join  (cost=5536.17..5541.37 rows=28 width=21) (actual time=29.803..29.822 rows=34 loops=1)
Merge Join  (cost=5534.53..5539.57 rows=27 width=21) (actual time=29.531..29.612 rows=28 loops=1)
Merge Join  (cost=5536.17..5541.37 rows=28 width=21) (actual time=29.880..30.040 rows=22 loops=1)
Merge Join  (cost=5535.54..5540.69 rows=28 width=21) (actual time=29.899..30.014 rows=6 loops=1)
Merge Join  (cost=5536.40..5541.62 rows=28 width=21) (actual time=29.746..29.907 rows=29 loops=1)
Merge Join  (cost=5535.83..5541.00 rows=28 width=21) (actual time=29.685..29.817 rows=19 loops=1)
Merge Join  (cost=5545.17..5545.70 rows=28 width=136) (actual time=30.212..30.231 rows=29 loops=1)
Merge Join  (cost=5543.21..5543.73 rows=27 width=136) (actual time=29.999..30.002 rows=1 loops=1)
Merge Join  (cost=5535.09..5540.20 rows=28 width=21) (actual time=30.290..30.484 rows=1 loops=1)
Merge Join  (cost=5544.24..5544.78 rows=28 width=136) (actual time=29.810..29.828 rows=27 loops=1)
Merge Join  (cost=5535.54..5540.69 rows=28 width=21) (actual time=29.623..29.829 rows=23 loops=1)
Merge Join  (cost=5534.64..5539.69 rows=27 width=21) (actual time=29.708..29.812 rows=17 loops=1)
Merge Join  (cost=5534.92..5540.01 rows=28 width=21) (actual time=29.513..29.633 rows=1 loops=1)
Merge Join  (cost=5537.02..5542.31 rows=29 width=21) (actual time=29.578..29.697 rows=6 loops=1)
Merge Join  (cost=5545.40..5546.39 rows=54 width=127) (actual time=33.625..33.672 rows=90 loops=1)
Merge Join  (cost=5544.43..5545.40 rows=53 width=127) (actual time=33.419..33.444 rows=42 loops=1)
Merge Join  (cost=5534.07..5539.08 rows=27 width=21) (actual time=29.486..29.690 rows=1 loops=1)
Merge Join  (cost=5535.09..5540.20 rows=28 width=21) (actual time=30.257..30.396 rows=7 loops=1)
Merge Join  (cost=5544.92..5545.89 rows=53 width=127) (actual time=32.576..32.583 rows=3 loops=1)
Merge Join  (cost=5535.26..5540.38 rows=28 width=21) (actual time=29.817..29.952 rows=6 loops=1)
Merge Join  (cost=5545.40..5546.39 rows=54 width=127) (actual time=32.977..33.044 rows=130 loops=1)
Merge Join  (cost=5535.20..5540.32 rows=28 width=21) (actual time=29.756..29.922 rows=24 loops=1)
Merge Join  (cost=5534.64..5539.69 rows=27 width=21) (actual time=29.927..30.055 rows=30 loops=1)
Merge Join  (cost=5535.09..5540.20 rows=28 width=21) (actual time=29.819..29.960 rows=21 loops=1)
Merge Join  (cost=5546.43..5547.44 rows=55 width=127) (actual time=32.910..32.928 rows=27 loops=1)
Merge Join  (cost=5545.40..5546.39 rows=54 width=127) (actual time=32.197..32.219 rows=37 loops=1)
Merge Join  (cost=5535.83..5541.00 rows=28 width=21) (actual time=29.966..30.079 rows=1 loops=1)
Merge Join  (cost=5545.95..5546.94 rows=54 width=127) (actual time=33.397..33.434 rows=68 loops=1)
Merge Join  (cost=5544.92..5545.89 rows=53 width=127) (actual time=33.105..33.112 rows=3 loops=1)
Merge Join  (cost=5534.92..5540.01 rows=28 width=21) (actual time=29.671..29.786 rows=24 loops=1)
Merge Join  (cost=5537.02..5542.31 rows=29 width=21) (actual time=29.707..29.876 rows=27 loops=1)
Merge Join  (cost=5545.95..5546.94 rows=54 width=127) (actual time=33.011..33.022 rows=13 loops=1)
Merge Join  (cost=5559.94..5563.73 rows=214 width=127) (actual time=33.282..33.383 rows=206 loops=1)
Merge Join  (cost=5543.09..5543.61 rows=27 width=136) (actual time=29.730..29.745 rows=23 loops=1)
Merge Join  (cost=5544.92..5545.45 rows=28 width=136) (actual time=30.073..30.089 rows=21 loops=1)
Merge Join  (cost=5542.60..5543.12 rows=27 width=136) (actual time=30.222..30.242 rows=33 loops=1)
Merge Join  (cost=5534.07..5539.08 rows=27 width=403) (actual time=29.418..29.573 rows=33 loops=1)
Merge Join  (cost=5536.17..5541.37 rows=28 width=21) (actual time=29.495..29.636 rows=1 loops=1)
Merge Join  (cost=5535.20..5540.32 rows=28 width=21) (actual time=29.648..29.726 rows=35 loops=1)
Merge Join  (cost=5536.17..5541.37 rows=28 width=21) (actual time=30.065..30.286 rows=11 loops=1)
Merge Join  (cost=5535.26..5540.38 rows=28 width=21) (actual time=29.868..29.961 rows=20 loops=1)
Merge Join  (cost=5547.05..5548.05 rows=55 width=127) (actual time=32.468..32.480 rows=17 loops=1)
Merge Join  (cost=5535.20..5540.32 rows=28 width=21) (actual time=29.646..29.728 rows=7 loops=1)
Merge Join  (cost=5544.92..5545.45 rows=28 width=136) (actual time=29.998..30.011 rows=17 loops=1)
Merge Join  (cost=5545.77..5546.76 rows=54 width=127) (actual time=32.706..32.709 rows=1 loops=1)
Merge Join  (cost=5556.66..5559.96 rows=186 width=127) (actual time=33.437..33.517 rows=164 loops=1)
Merge Join  (cost=5535.20..5540.32 rows=28 width=403) (actual time=29.844..29.983 rows=33 loops=1)
Merge Join  (cost=5547.77..5548.80 rows=56 width=127) (actual time=33.349..33.383 rows=62 loops=1)
Merge Join  (cost=5535.60..5540.75 rows=28 width=21) (actual time=29.740..29.908 rows=13 loops=1)
Merge Join  (cost=5546.80..5547.81 rows=55 width=127) (actual time=33.001..33.025 rows=43 loops=1)
Merge Join  (cost=5535.09..5540.20 rows=28 width=21) (actual time=29.725..29.901 rows=7 loops=1)
Merge Join  (cost=5545.40..5546.39 rows=54 width=127) (actual time=32.963..32.993 rows=53 loops=1)
Merge Join  (cost=5534.92..5540.01 rows=28 width=403) (actual time=29.654..29.776 rows=27 loops=1)
Merge Join  (cost=5543.21..5543.73 rows=27 width=136) (actual time=29.831..29.848 rows=28 loops=1)
Merge Join  (cost=5543.56..5544.10 rows=28 width=136) (actual time=30.210..30.225 rows=19 loops=1)
Merge Join  (cost=5546.80..5547.81 rows=55 width=127) (actual time=32.893..32.905 rows=11 loops=1)
Merge Join  (cost=5546.07..5547.06 rows=54 width=127) (actual time=32.987..33.003 rows=23 loops=1)
Merge Join  (cost=5535.54..5540.69 rows=28 width=403) (actual time=30.182..30.312 rows=15 loops=1)
Merge Join  (cost=5584.64..5593.05 rows=478 width=127) (actual time=34.346..34.588 rows=512 loops=1)
Merge Join  (cost=5544.92..5545.45 rows=28 width=136) (actual time=29.951..29.968 rows=25 loops=1)
Merge Join  (cost=5546.07..5547.06 rows=54 width=127) (actual time=33.149..33.174 rows=41 loops=1)
Merge Join  (cost=5543.75..5544.28 rows=28 width=136) (actual time=29.905..29.923 rows=27 loops=1)
Merge Join  (cost=5536.17..5541.37 rows=28 width=21) (actual time=29.680..29.837 rows=32 loops=1)
Merge Join  (cost=5534.07..5539.08 rows=27 width=21) (actual time=29.758..29.905 rows=6 loops=1)
Merge Join  (cost=5547.77..5548.80 rows=56 width=127) (actual time=32.805..32.808 rows=1 loops=1)
Merge Join  (cost=5557.88..5561.23 rows=189 width=127) (actual time=33.481..33.562 rows=163 loops=1)
Merge Join  (cost=5544.24..5544.78 rows=28 width=136) (actual time=29.797..29.804 rows=3 loops=1)
Merge Join  (cost=5546.80..5547.81 rows=55 width=127) (actual time=33.106..33.129 rows=35 loops=1)
Merge Join  (cost=5545.04..5546.02 rows=53 width=127) (actual time=32.534..32.537 rows=1 loops=1)
Merge Join  (cost=5546.80..5547.81 rows=55 width=127) (actual time=32.605..32.631 rows=47 loops=1)
Merge Join  (cost=5534.92..5540.01 rows=28 width=21) (actual time=29.641..29.768 rows=27 loops=1)
Merge Join  (cost=5536.00..5541.18 rows=28 width=21) (actual time=29.607..29.768 rows=28 loops=1)
Merge Join  (cost=5543.21..5543.73 rows=27 width=136) (actual time=29.889..29.891 rows=1 loops=1)
Merge Join  (cost=5535.20..5540.32 rows=28 width=21) (actual time=29.614..29.733 rows=13 loops=1)
Merge Join  (cost=5536.17..5541.37 rows=28 width=21) (actual time=29.938..30.093 rows=26 loops=1)
Merge Join  (cost=5545.95..5546.94 rows=54 width=127) (actual time=32.774..32.791 rows=25 loops=1)
Merge Join  (cost=5545.40..5546.39 rows=54 width=127) (actual time=32.743..32.754 rows=11 loops=1)
Merge Join  (cost=5544.73..5545.27 rows=28 width=136) (actual time=29.716..29.719 rows=1 loops=1)
Merge Join  (cost=5535.54..5540.69 rows=28 width=21) (actual time=29.500..29.663 rows=18 loops=1)
Merge Join  (cost=5544.24..5544.78 rows=28 width=136) (actual time=30.097..30.117 rows=31 loops=1)
Merge Join  (cost=5545.77..5546.76 rows=54 width=127) (actual time=33.062..33.083 rows=33 loops=1)
Merge Join  (cost=5561.69..5565.81 rows=233 width=127) (actual time=33.432..33.526 rows=186 loops=1)
Merge Join  (cost=5535.54..5540.69 rows=28 width=21) (actual time=29.521..29.724 rows=1 loops=1)
Merge Join  (cost=5534.53..5539.57 rows=27 width=21) (actual time=29.762..29.777 rows=26 loops=1)
Merge Join  (cost=5535.83..5541.00 rows=28 width=21) (actual time=29.684..29.811 rows=18 loops=1)
Merge Join  (cost=5537.02..5542.31 rows=29 width=21) (actual time=29.730..29.899 rows=3 loops=1)
Merge Join  (cost=5534.64..5539.69 rows=27 width=21) (actual time=29.682..29.711 rows=4 loops=1)
Merge Join  (cost=5544.30..5544.84 rows=28 width=136) (actual time=29.828..29.844 rows=23 loops=1)
Merge Join  (cost=5534.92..5540.01 rows=28 width=21) (actual time=29.620..29.736 rows=30 loops=1)
Merge Join  (cost=5546.80..5547.81 rows=55 width=127) (actual time=33.167..33.206 rows=73 loops=1)
Merge Join  (cost=5535.43..5540.57 rows=28 width=21) (actual time=29.636..29.710 rows=28 loops=1)
Merge Join  (cost=5536.17..5541.37 rows=28 width=21) (actual time=29.721..29.924 rows=7 loops=1)
Merge Join  (cost=5535.60..5540.75 rows=28 width=21) (actual time=29.800..29.991 rows=23 loops=1)
Merge Join  (cost=5534.64..5539.69 rows=27 width=21) (actual time=29.913..29.999 rows=35 loops=1)
Merge Join  (cost=5544.24..5544.78 rows=28 width=136) (actual time=29.956..29.975 rows=27 loops=1)
Merge Join  (cost=5535.20..5540.32 rows=28 width=21) (actual time=29.870..30.000 rows=18 loops=1)
Merge Join  (cost=5536.00..5541.18 rows=28 width=21) (actual time=29.800..29.962 rows=28 loops=1)
Merge Join  (cost=5534.53..5539.57 rows=27 width=21) (actual time=29.863..29.928 rows=16 loops=1)
Merge Join  (cost=5534.92..5540.01 rows=28 width=21) (actual time=29.396..29.562 rows=26 loops=1)
Merge Join  (cost=5536.40..5541.62 rows=28 width=21) (actual time=29.814..29.934 rows=24 loops=1)
Merge Join  (cost=5543.93..5544.47 rows=28 width=136) (actual time=29.887..29.903 rows=23 loops=1)
Merge Join  (cost=5544.92..5545.45 rows=28 width=136) (actual time=29.763..29.766 rows=1 loops=1)
Merge Join  (cost=5546.43..5547.44 rows=55 width=127) (actual time=32.710..32.712 rows=1 loops=1)
Merge Join  (cost=5544.92..5545.89 rows=53 width=127) (actual time=32.664..32.676 rows=11 loops=1)
Merge Join  (cost=5536.00..5541.18 rows=28 width=21) (actual time=29.801..29.993 rows=13 loops=1)
Merge Join  (cost=5535.20..5540.32 rows=28 width=21) (actual time=29.625..29.707 rows=25 loops=1)
Merge Join  (cost=5544.55..5545.08 rows=28 width=136) (actual time=29.570..29.584 rows=19 loops=1)
Merge Join  (cost=5534.64..5539.69 rows=27 width=21) (actual time=29.587..29.740 rows=12 loops=1)
Merge Join  (cost=5536.17..5541.37 rows=28 width=21) (actual time=29.624..29.774 rows=13 loops=1)
Merge Join  (cost=5534.53..5539.57 rows=27 width=21) (actual time=29.539..29.659 rows=32 loops=1)
Merge Join  (cost=5544.30..5544.84 rows=28 width=136) (actual time=29.723..29.736 rows=17 loops=1)
Merge Join  (cost=5536.17..5541.37 rows=28 width=21) (actual time=29.988..30.127 rows=21 loops=1)
Merge Join  (cost=5588.42..5597.37 rows=509 width=127) (actual time=34.577..34.815 rows=521 loops=1)
Merge Join  (cost=5534.64..5539.69 rows=27 width=21) (actual time=29.646..29.715 rows=7 loops=1)
Merge Join  (cost=5542.60..5543.12 rows=27 width=136) (actual time=29.979..29.999 rows=36 loops=1)
Merge Join  (cost=5535.43..5540.57 rows=28 width=21) (actual time=29.895..30.015 rows=24 loops=1)
Merge Join  (cost=5546.80..5547.81 rows=55 width=127) (actual time=33.242..33.250 rows=3 loops=1)
Merge Join  (cost=5536.17..5541.37 rows=28 width=403) (actual time=30.031..30.170 rows=1 loops=1)
Merge Join  (cost=5535.83..5541.00 rows=28 width=21) (actual time=29.602..29.754 rows=26 loops=1)
Merge Join  (cost=5534.07..5539.08 rows=27 width=21) (actual time=29.802..29.946 rows=29 loops=1)
Merge Join  (cost=5534.64..5539.69 rows=27 width=21) (actual time=29.750..29.942 rows=11 loops=1)
Merge Join  (cost=5546.80..5547.81 rows=55 width=127) (actual time=33.659..33.757 rows=198 loops=1)
Merge Join  (cost=5534.64..5539.69 rows=27 width=21) (actual time=29.594..29.719 rows=18 loops=1)
Merge Join  (cost=5546.80..5547.81 rows=55 width=127) (actual time=33.098..33.114 rows=23 loops=1)
Merge Join  (cost=5536.17..5541.37 rows=28 width=21) (actual time=29.882..29.964 rows=20 loops=1)
Merge Join  (cost=5535.20..5540.32 rows=28 width=21) (actual time=29.758..29.887 rows=24 loops=1)
Merge Join  (cost=5544.24..5544.78 rows=28 width=136) (actual time=29.867..29.880 rows=15 loops=1)
Merge Join  (cost=5543.75..5544.28 rows=28 width=136) (actual time=30.327..30.346 rows=29 loops=1)
Merge Join  (cost=5544.73..5545.27 rows=28 width=136) (actual time=30.113..30.121 rows=7 loops=1)
Merge Join  (cost=5536.00..5541.18 rows=28 width=403) (actual time=29.744..29.860 rows=7 loops=1)
Merge Join  (cost=5535.54..5540.69 rows=28 width=21) (actual time=29.718..29.842 rows=28 loops=1)
Merge Join  (cost=5547.05..5548.05 rows=55 width=127) (actual time=32.644..32.654 rows=11 loops=1)
Merge Join  (cost=5536.17..5541.37 rows=28 width=21) (actual time=29.846..29.972 rows=32 loops=1)
Merge Join  (cost=5546.80..5547.81 rows=55 width=127) (actual time=32.751..32.758 rows=3 loops=1)
Merge Join  (cost=5535.60..5540.75 rows=28 width=21) (actual time=29.524..29.649 rows=30 loops=1)
Merge Join  (cost=5545.04..5546.02 rows=53 width=127) (actual time=33.278..33.290 rows=15 loops=1)
Merge Join  (cost=5535.54..5540.69 rows=28 width=21) (actual time=29.869..29.984 rows=14 loops=1)
Merge Join  (cost=5543.87..5544.41 rows=28 width=136) (actual time=29.861..29.875 rows=19 loops=1)
Merge Join  (cost=5543.87..5544.41 rows=28 width=136) (actual time=29.764..29.784 rows=33 loops=1)
Merge Join  (cost=5545.89..5546.44 rows=29 width=136) (actual time=30.013..30.031 rows=29 loops=1)
Merge Join  (cost=5535.43..5540.57 rows=28 width=21) (actual time=29.921..30.038 rows=17 loops=1)
Merge Join  (cost=5535.54..5540.69 rows=28 width=21) (actual time=29.470..29.668 rows=11 loops=1)
Merge Join  (cost=5534.92..5540.01 rows=28 width=21) (actual time=29.614..29.776 rows=14 loops=1)
Merge Join  (cost=5535.09..5540.20 rows=28 width=21) (actual time=29.962..30.101 rows=26 loops=1)
Merge Join  (cost=5534.92..5540.01 rows=28 width=21) (actual time=29.865..30.028 rows=23 loops=1)
Merge Join  (cost=5545.77..5546.76 rows=54 width=127) (actual time=32.998..33.043 rows=85 loops=1)
Merge Join  (cost=5535.09..5540.20 rows=28 width=21) (actual time=29.533..29.737 rows=11 loops=1)
Merge Join  (cost=5545.17..5545.70 rows=28 width=136) (actual time=30.052..30.070 rows=27 loops=1)
Merge Join  (cost=5589.34..5598.68 rows=531 width=127) (actual time=34.224..34.464 rows=514 loops=1)
Merge Join  (cost=5535.54..5540.69 rows=28 width=21) (actual time=29.596..29.759 rows=25 loops=1)
Merge Join  (cost=5545.40..5546.39 rows=54 width=127) (actual time=32.821..32.824 rows=1 loops=1)
Merge Join  (cost=5535.54..5540.69 rows=28 width=21) (actual time=29.669..29.836 rows=3 loops=1)
Merge Join  (cost=5545.04..5546.02 rows=53 width=127) (actual time=33.020..33.026 rows=3 loops=1)
Merge Join  (cost=5536.40..5541.62 rows=28 width=21) (actual time=29.672..29.823 rows=30 loops=1)
Merge Join  (cost=5543.21..5543.73 rows=27 width=136) (actual time=29.794..29.809 rows=17 loops=1)
Merge Join  (cost=5536.17..5541.37 rows=28 width=21) (actual time=29.835..30.035 rows=21 loops=1)
Merge Join  (cost=5534.92..5540.01 rows=28 width=21) (actual time=29.994..30.094 rows=28 loops=1)
Merge Join  (cost=5535.83..5541.00 rows=28 width=21) (actual time=29.859..30.001 rows=24 loops=1)
Merge Join  (cost=5545.95..5546.94 rows=54 width=127) (actual time=32.892..32.905 rows=17 loops=1)
Merge Join  (cost=5535.43..5540.57 rows=28 width=21) (actual time=29.739..29.842 rows=17 loops=1)
Merge Join  (cost=5546.43..5547.44 rows=55 width=127) (actual time=32.968..32.971 rows=1 loops=1)
Merge Join  (cost=5535.09..5540.20 rows=28 width=21) (actual time=29.671..29.731 rows=25 loops=1)
Merge Join  (cost=5543.21..5543.73 rows=27 width=136) (actual time=29.819..29.821 rows=1 loops=1)
Merge Join  (cost=5544.92..5545.45 rows=28 width=136) (actual time=30.352..30.360 rows=7 loops=1)
Merge Join  (cost=5535.20..5540.32 rows=28 width=21) (actual time=29.705..29.769 rows=20 loops=1)
Merge Join  (cost=5537.02..5542.31 rows=29 width=21) (actual time=29.717..29.839 rows=23 loops=1)
Merge Join  (cost=5535.43..5540.57 rows=28 width=21) (actual time=29.669..29.811 rows=32 loops=1)
Merge Join  (cost=5545.77..5546.76 rows=54 width=127) (actual time=32.951..32.962 rows=11 loops=1)
Merge Join  (cost=5545.77..5546.76 rows=54 width=127) (actual time=33.009..33.051 rows=80 loops=1)
Merge Join  (cost=5536.17..5541.37 rows=28 width=21) (actual time=29.669..29.847 rows=7 loops=1)
Merge Join  (cost=5544.73..5545.27 rows=28 width=136) (actual time=29.740..29.755 rows=19 loops=1)
Merge Join  (cost=5543.75..5544.28 rows=28 width=136) (actual time=29.824..29.831 rows=3 loops=1)
Merge Join  (cost=5558.18..5561.55 rows=190 width=127) (actual time=33.400..33.480 rows=162 loops=1)
Merge Join  (cost=5545.04..5546.02 rows=53 width=127) (actual time=32.822..32.828 rows=3 loops=1)
Merge Join  (cost=5546.80..5547.81 rows=55 width=127) (actual time=32.691..32.699 rows=6 loops=1)
Merge Join  (cost=5537.02..5542.31 rows=29 width=21) (actual time=30.660..30.670 rows=18 loops=1)
Merge Join  (cost=5583.97..5592.21 rows=468 width=127) (actual time=34.417..34.659 rows=508 loops=1)
Merge Join  (cost=5543.75..5544.28 rows=28 width=136) (actual time=29.792..29.795 rows=1 loops=1)
Merge Join  (cost=5546.07..5547.06 rows=54 width=127) (actual time=32.913..32.916 rows=1 loops=1)
Merge Join  (cost=5546.43..5547.44 rows=55 width=127) (actual time=32.819..32.833 rows=18 loops=1)
Merge Join  (cost=5546.80..5547.81 rows=55 width=127) (actual time=33.164..33.174 rows=9 loops=1)
Merge Join  (cost=5536.17..5541.37 rows=28 width=21) (actual time=29.816..29.955 rows=1 loops=1)
Merge Join  (cost=5535.54..5540.69 rows=28 width=21) (actual time=29.701..29.844 rows=26 loops=1)
Merge Join  (cost=5544.30..5544.84 rows=28 width=136) (actual time=29.981..29.990 rows=7 loops=1)
Merge Join  (cost=5543.56..5544.10 rows=28 width=136) (actual time=30.196..30.204 rows=7 loops=1)
Merge Join  (cost=5546.07..5547.06 rows=54 width=127) (actual time=33.193..33.224 rows=53 loops=1)
Merge Join  (cost=5534.64..5539.69 rows=27 width=21) (actual time=29.663..29.826 rows=31 loops=1)
Merge Join  (cost=5546.80..5547.81 rows=55 width=127) (actual time=32.801..32.810 rows=7 loops=1)
Merge Join  (cost=5535.20..5540.32 rows=28 width=21) (actual time=29.828..29.875 rows=19 loops=1)
Merge Join  (cost=5536.17..5541.37 rows=28 width=21) (actual time=29.928..30.069 rows=22 loops=1)
Merge Join  (cost=5543.56..5544.10 rows=28 width=136) (actual time=29.787..29.804 rows=27 loops=1)
Merge Join  (cost=5547.05..5548.05 rows=55 width=127) (actual time=32.962..32.996 rows=62 loops=1)
Merge Join  (cost=5545.89..5546.44 rows=29 width=136) (actual time=30.137..30.150 rows=17 loops=1)
Merge Join  (cost=5537.02..5542.31 rows=29 width=403) (actual time=29.799..29.974 rows=17 loops=1)
Merge Join  (cost=5536.17..5541.37 rows=28 width=21) (actual time=29.567..29.675 rows=3 loops=1)
Merge Join  (cost=5545.04..5546.02 rows=53 width=127) (actual time=32.745..32.821 rows=152 loops=1)
Merge Join  (cost=5534.64..5539.69 rows=27 width=21) (actual time=29.419..29.550 rows=25 loops=1)
Merge Join  (cost=5534.92..5540.01 rows=28 width=21) (actual time=29.793..29.924 rows=26 loops=1)
Merge Join  (cost=5546.80..5547.81 rows=55 width=127) (actual time=32.808..32.811 rows=1 loops=1)
Merge Join  (cost=5546.80..5547.81 rows=55 width=127) (actual time=33.136..33.145 rows=3 loops=1)
Merge Join  (cost=5535.26..5540.38 rows=28 width=21) (actual time=29.851..29.967 rows=3 loops=1)
Merge Join  (cost=5543.87..5544.41 rows=28 width=136) (actual time=30.232..30.241 rows=7 loops=1)
Merge Join  (cost=5545.04..5546.02 rows=53 width=127) (actual time=32.320..32.330 rows=9 loops=1)
Merge Join  (cost=5535.54..5540.69 rows=28 width=21) (actual time=29.936..30.058 rows=13 loops=1)
Merge Join  (cost=5535.54..5540.69 rows=28 width=21) (actual time=29.627..29.766 rows=7 loops=1)
Merge Join  (cost=5535.60..5540.75 rows=28 width=21) (actual time=29.685..29.792 rows=29 loops=1)
Merge Join  (cost=5546.61..5547.62 rows=55 width=127) (actual time=33.202..33.240 rows=68 loops=1)
Merge Join  (cost=5535.54..5540.69 rows=28 width=21) (actual time=29.576..29.787 rows=21 loops=1)
Merge Join  (cost=5534.07..5539.08 rows=27 width=21) (actual time=29.451..29.579 rows=30 loops=1)
Merge Join  (cost=5545.04..5546.02 rows=53 width=127) (actual time=33.216..33.223 rows=3 loops=1)
Merge Join  (cost=5535.54..5540.69 rows=28 width=21) (actual time=30.031..30.145 rows=23 loops=1)
Merge Join  (cost=5547.77..5548.80 rows=56 width=127) (actual time=32.757..32.760 rows=1 loops=1)
Merge Join  (cost=5537.02..5542.31 rows=29 width=403) (actual time=29.471..29.517 rows=1 loops=1)
Merge Join  (cost=5535.09..5540.20 rows=28 width=21) (actual time=29.780..29.895 rows=28 loops=1)
Merge Join  (cost=5534.07..5539.08 rows=27 width=21) (actual time=29.692..29.838 rows=6 loops=1)
Merge Join  (cost=5544.30..5544.84 rows=28 width=136) (actual time=29.961..29.975 rows=21 loops=1)
Merge Join  (cost=5544.30..5544.84 rows=28 width=136) (actual time=29.867..29.881 rows=19 loops=1)
Merge Join  (cost=5544.30..5544.84 rows=28 width=136) (actual time=30.241..30.251 rows=9 loops=1)
Merge Join  (cost=5547.05..5548.05 rows=55 width=127) (actual time=33.318..33.356 rows=70 loops=1)
Merge Join  (cost=5546.07..5547.06 rows=54 width=127) (actual time=33.079..33.156 rows=151 loops=1)
Merge Join  (cost=5535.54..5540.69 rows=28 width=403) (actual time=29.183..29.379 rows=5 loops=1)
Merge Join  (cost=5535.54..5540.69 rows=28 width=21) (actual time=29.564..29.709 rows=29 loops=1)
Merge Join  (cost=5536.17..5541.37 rows=28 width=21) (actual time=29.764..29.859 rows=20 loops=1)
Merge Join  (cost=5589.60..5598.85 rows=526 width=127) (actual time=34.504..34.780 rows=574 loops=1)
Merge Join  (cost=5534.53..5539.57 rows=27 width=21) (actual time=29.993..29.998 rows=1 loops=1)
Merge Join  (cost=5544.92..5545.45 rows=28 width=136) (actual time=29.761..29.774 rows=15 loops=1)
Merge Join  (cost=5536.00..5541.18 rows=28 width=21) (actual time=29.872..30.018 rows=19 loops=1)
Merge Join  (cost=5536.17..5541.37 rows=28 width=21) (actual time=29.741..29.974 rows=29 loops=1)
Merge Join  (cost=5546.07..5547.06 rows=54 width=127) (actual time=32.881..32.888 rows=3 loops=1)
Merge Join  (cost=5535.43..5540.57 rows=28 width=21) (actual time=29.602..29.761 rows=3 loops=1)
Merge Join  (cost=5542.60..5543.12 rows=27 width=136) (actual time=29.941..29.962 rows=31 loops=1)
Merge Join  (cost=5536.00..5541.18 rows=28 width=21) (actual time=29.879..30.063 rows=3 loops=1)
Merge Join  (cost=5545.04..5546.02 rows=53 width=127) (actual time=32.887..32.919 rows=59 loops=1)
Merge Join  (cost=5535.54..5540.69 rows=28 width=21) (actual time=29.703..29.764 rows=14 loops=1)
Merge Join  (cost=5536.17..5541.37 rows=28 width=21) (actual time=29.628..29.785 rows=27 loops=1)
Merge Join  (cost=5535.54..5540.69 rows=28 width=21) (actual time=29.926..29.990 rows=5 loops=1)
Merge Join  (cost=5545.95..5546.94 rows=54 width=127) (actual time=32.935..32.950 rows=20 loops=1)
Merge Join  (cost=5535.43..5540.57 rows=28 width=21) (actual time=29.857..29.960 rows=19 loops=1)
Merge Join  (cost=5546.07..5547.06 rows=54 width=127) (actual time=32.620..32.628 rows=5 loops=1)
Merge Join  (cost=5535.54..5540.69 rows=28 width=21) (actual time=29.748..29.897 rows=24 loops=1)
Merge Join  (cost=5534.53..5539.57 rows=27 width=21) (actual time=29.516..29.715 rows=1 loops=1)
Merge Join  (cost=5545.58..5546.57 rows=54 width=127) (actual time=32.816..32.818 rows=1 loops=1)
Merge Join  (cost=5535.83..5541.00 rows=28 width=21) (actual time=29.964..30.200 rows=1 loops=1)
Merge Join  (cost=5546.14..5547.13 rows=54 width=127) (actual time=33.670..33.717 rows=89 loops=1)
Merge Join  (cost=5544.24..5544.78 rows=28 width=136) (actual time=29.803..29.823 rows=33 loops=1)
Merge Join  (cost=5535.54..5540.69 rows=28 width=403) (actual time=29.769..29.939 rows=33 loops=1)
Merge Join  (cost=5546.07..5547.06 rows=54 width=127) (actual time=33.131..33.145 rows=17 loops=1)
Merge Join  (cost=5535.43..5540.57 rows=28 width=21) (actual time=29.918..30.039 rows=31 loops=1)
Merge Join  (cost=5534.64..5539.69 rows=27 width=21) (actual time=29.928..30.109 rows=24 loops=1)
Merge Join  (cost=5547.05..5548.05 rows=55 width=127) (actual time=32.634..32.637 rows=1 loops=1)
Merge Join  (cost=5545.58..5546.57 rows=54 width=127) (actual time=33.321..33.341 rows=28 loops=1)
Merge Join  (cost=5535.09..5540.20 rows=28 width=21) (actual time=29.703..29.838 rows=9 loops=1)
Merge Join  (cost=5546.80..5547.81 rows=55 width=127) (actual time=32.809..32.833 rows=37 loops=1)
Merge Join  (cost=5535.60..5540.75 rows=28 width=21) (actual time=29.404..29.602 rows=15 loops=1)
Merge Join  (cost=5534.92..5540.01 rows=28 width=21) (actual time=29.754..29.911 rows=11 loops=1)
Merge Join  (cost=5534.53..5539.57 rows=27 width=21) (actual time=30.126..30.265 rows=30 loops=1)
Merge Join  (cost=5534.64..5539.69 rows=27 width=21) (actual time=29.594..29.684 rows=34 loops=1)
Merge Join  (cost=5542.60..5543.12 rows=27 width=136) (actual time=29.762..29.779 rows=25 loops=1)
Merge Join  (cost=5535.54..5540.69 rows=28 width=21) (actual time=29.931..30.082 rows=31 loops=1)
Merge Join  (cost=5544.55..5545.08 rows=28 width=136) (actual time=30.174..30.192 rows=25 loops=1)
Merge Join  (cost=5546.07..5547.06 rows=54 width=127) (actual time=33.162..33.177 rows=23 loops=1)
Merge Join  (cost=5545.77..5546.76 rows=54 width=127) (actual time=32.732..32.739 rows=3 loops=1)
Merge Join  (cost=5537.02..5542.31 rows=29 width=21) (actual time=29.820..29.952 rows=4 loops=1)
Merge Join  (cost=5535.54..5540.69 rows=28 width=21) (actual time=29.975..30.096 rows=24 loops=1)
Merge Join  (cost=5535.43..5540.57 rows=28 width=21) (actual time=29.943..30.010 rows=18 loops=1)
Merge Join  (cost=5585.02..5593.36 rows=474 width=127) (actual time=34.118..34.357 rows=504 loops=1)
Merge Join  (cost=5535.26..5540.38 rows=28 width=21) (actual time=29.834..29.928 rows=19 loops=1)
Merge Join  (cost=5544.92..5545.45 rows=28 width=136) (actual time=30.193..30.208 rows=21 loops=1)
Merge Join  (cost=5534.64..5539.69 rows=27 width=21) (actual time=29.574..29.645 rows=34 loops=1)
Merge Join  (cost=5537.02..5542.31 rows=29 width=21) (actual time=29.558..29.718 rows=28 loops=1)
Merge Join  (cost=5534.64..5539.69 rows=27 width=21) (actual time=29.718..29.813 rows=20 loops=1)
Merge Join  (cost=5544.73..5545.27 rows=28 width=136) (actual time=30.201..30.220 rows=29 loops=1)
Merge Join  (cost=5544.73..5545.27 rows=28 width=136) (actual time=30.220..30.240 rows=30 loops=1)
Merge Join  (cost=5536.17..5541.37 rows=28 width=21) (actual time=29.785..30.033 rows=7 loops=1)
Merge Join  (cost=5547.05..5548.05 rows=55 width=127) (actual time=32.767..32.789 rows=31 loops=1)
Merge Join  (cost=5536.40..5541.62 rows=28 width=403) (actual time=29.837..29.945 rows=35 loops=1)
Merge Join  (cost=5545.04..5546.02 rows=53 width=127) (actual time=32.756..32.759 rows=1 loops=1)
Merge Join  (cost=5545.77..5546.76 rows=54 width=127) (actual time=32.804..32.808 rows=1 loops=1)
Merge Join  (cost=5535.09..5540.20 rows=28 width=21) (actual time=29.744..29.854 rows=30 loops=1)
Merge Join  (cost=5535.43..5540.57 rows=28 width=21) (actual time=29.716..29.883 rows=7 loops=1)
Merge Join  (cost=5534.64..5539.69 rows=27 width=21) (actual time=29.706..29.842 rows=1 loops=1)
Merge Join  (cost=5545.58..5546.57 rows=54 width=127) (actual time=32.434..32.442 rows=5 loops=1)
Merge Join  (cost=5660.11..5688.60 rows=1578 width=127) (actual time=35.090..36.165 rows=1611 loops=1)
Merge Join  (cost=5545.89..5546.44 rows=29 width=136) (actual time=30.239..30.253 rows=15 loops=1)
Merge Join  (cost=5544.24..5544.78 rows=28 width=136) (actual time=29.882..29.897 rows=21 loops=1)
Merge Join  (cost=5536.00..5541.18 rows=28 width=21) (actual time=29.438..29.642 rows=23 loops=1)
Merge Join  (cost=5535.26..5540.38 rows=28 width=21) (actual time=29.665..29.796 rows=7 loops=1)
Merge Join  (cost=5536.40..5541.62 rows=28 width=21) (actual time=29.771..29.908 rows=7 loops=1)
Merge Join  (cost=5547.77..5548.80 rows=56 width=127) (actual time=33.912..33.943 rows=58 loops=1)
Merge Join  (cost=5545.77..5546.76 rows=54 width=127) (actual time=32.614..32.617 rows=1 loops=1)
Merge Join  (cost=5535.54..5540.69 rows=28 width=21) (actual time=29.794..29.984 rows=1 loops=1)
Merge Join  (cost=5534.64..5539.69 rows=27 width=21) (actual time=30.080..30.229 rows=26 loops=1)
Merge Join  (cost=5546.80..5547.81 rows=55 width=127) (actual time=33.373..33.469 rows=202 loops=1)
Merge Join  (cost=5545.04..5546.02 rows=53 width=127) (actual time=32.970..32.989 rows=29 loops=1)
Merge Join  (cost=5536.00..5541.18 rows=28 width=21) (actual time=29.773..29.830 rows=20 loops=1)
Merge Join  (cost=5535.43..5540.57 rows=28 width=21) (actual time=29.896..30.070 rows=19 loops=1)
Merge Join  (cost=5535.60..5540.75 rows=28 width=21) (actual time=29.651..29.774 rows=20 loops=1)
Merge Join  (cost=5534.64..5539.69 rows=27 width=21) (actual time=29.579..29.602 rows=36 loops=1)
Merge Join  (cost=5543.75..5544.28 rows=28 width=136) (actual time=30.066..30.076 rows=9 loops=1)
Merge Join  (cost=5535.09..5540.20 rows=28 width=403) (actual time=29.762..29.902 rows=9 loops=1)
Merge Join  (cost=5535.20..5540.32 rows=28 width=21) (actual time=29.678..29.829 rows=11 loops=1)
Merge Join  (cost=5543.75..5544.28 rows=28 width=136) (actual time=29.770..29.780 rows=11 loops=1)
Merge Join  (cost=5535.83..5541.00 rows=28 width=21) (actual time=29.848..30.004 rows=1 loops=1)
Merge Join  (cost=5534.07..5539.08 rows=27 width=21) (actual time=29.912..30.034 rows=7 loops=1)
Merge Join  (cost=5545.40..5546.39 rows=54 width=127) (actual time=32.649..32.694 rows=87 loops=1)
Merge Join  (cost=5534.92..5540.01 rows=28 width=21) (actual time=29.598..29.750 rows=20 loops=1)
Merge Join  (cost=5536.17..5541.37 rows=28 width=21) (actual time=29.706..29.853 rows=24 loops=1)
Merge Join  (cost=5534.92..5540.01 rows=28 width=21) (actual time=29.746..29.873 rows=14 loops=1)
Merge Join  (cost=5544.92..5545.45 rows=28 width=136) (actual time=29.882..29.899 rows=23 loops=1)
Merge Join  (cost=5534.53..5539.57 rows=27 width=21) (actual time=29.921..30.093 rows=9 loops=1)
Merge Join  (cost=5557.88..5561.23 rows=189 width=127) (actual time=33.435..33.522 rows=164 loops=1)
Merge Join  (cost=5545.70..5546.69 rows=54 width=127) (actual time=33.045..33.076 rows=53 loops=1)
Merge Join  (cost=5544.24..5544.78 rows=28 width=136) (actual time=29.973..29.987 rows=19 loops=1)
Merge Join  (cost=5545.17..5545.70 rows=28 width=136) (actual time=29.929..29.947 rows=27 loops=1)
Merge Join  (cost=5536.40..5541.62 rows=28 width=403) (actual time=29.947..30.125 rows=27 loops=1)
Merge Join  (cost=5545.04..5546.02 rows=53 width=127) (actual time=33.050..33.079 rows=53 loops=1)
Merge Join  (cost=5534.53..5539.57 rows=27 width=21) (actual time=29.704..29.839 rows=27 loops=1)
Merge Join  (cost=5546.61..5547.62 rows=55 width=127) (actual time=32.826..32.829 rows=1 loops=1)
Merge Join  (cost=5543.09..5543.61 rows=27 width=136) (actual time=30.336..30.354 rows=27 loops=1)
Merge Join  (cost=5547.05..5548.05 rows=55 width=127) (actual time=32.981..33.002 rows=33 loops=1)
Merge Join  (cost=5535.26..5540.38 rows=28 width=21) (actual time=29.492..29.579 rows=26 loops=1)
Merge Join  (cost=5535.20..5540.32 rows=28 width=21) (actual time=29.669..29.800 rows=27 loops=1)
Merge Join  (cost=5544.92..5545.45 rows=28 width=136) (actual time=30.128..30.144 rows=23 loops=1)
Merge Join  (cost=5534.53..5539.57 rows=27 width=21) (actual time=29.825..29.984 rows=9 loops=1)
Merge Join  (cost=5544.12..5544.65 rows=28 width=136) (actual time=29.890..29.909 rows=29 loops=1)
Merge Join  (cost=5535.26..5540.38 rows=28 width=21) (actual time=29.780..29.875 rows=8 loops=1)
Merge Join  (cost=5534.64..5539.69 rows=27 width=21) (actual time=29.762..29.921 rows=26 loops=1)
Merge Join  (cost=5535.09..5540.20 rows=28 width=21) (actual time=30.414..30.468 rows=22 loops=1)
Merge Join  (cost=5536.00..5541.18 rows=28 width=21) (actual time=29.643..29.734 rows=27 loops=1)
Merge Join  (cost=5544.30..5544.84 rows=28 width=136) (actual time=29.792..29.802 rows=11 loops=1)
Merge Join  (cost=5544.12..5544.65 rows=28 width=136) (actual time=29.910..29.925 rows=19 loops=1)
Merge Join  (cost=5534.92..5540.01 rows=28 width=21) (actual time=30.044..30.139 rows=32 loops=1)
Merge Join  (cost=5545.04..5546.02 rows=53 width=127) (actual time=32.910..32.988 rows=152 loops=1)
Merge Join  (cost=5547.77..5548.80 rows=56 width=127) (actual time=32.852..32.856 rows=1 loops=1)
Merge Join  (cost=5535.26..5540.38 rows=28 width=21) (actual time=29.689..29.769 rows=26 loops=1)
Merge Join  (cost=5534.64..5539.69 rows=27 width=21) (actual time=29.842..30.003 rows=15 loops=1)
Merge Join  (cost=5536.17..5541.37 rows=28 width=21) (actual time=29.890..30.102 rows=21 loops=1)
Merge Join  (cost=5534.92..5540.01 rows=28 width=21) (actual time=29.563..29.701 rows=26 loops=1)
Merge Join  (cost=5537.02..5542.31 rows=29 width=21) (actual time=29.705..29.888 rows=19 loops=1)
Merge Join  (cost=5546.07..5547.06 rows=54 width=127) (actual time=33.175..33.186 rows=11 loops=1)
Merge Join  (cost=5535.54..5540.69 rows=28 width=403) (actual time=29.622..29.720 rows=1 loops=1)
Merge Join  (cost=5546.14..5547.13 rows=54 width=127) (actual time=32.895..32.907 rows=7 loops=1)
Merge Join  (cost=5536.17..5541.37 rows=28 width=21) (actual time=29.924..30.080 rows=7 loops=1)
Merge Join  (cost=5534.64..5539.69 rows=27 width=21) (actual time=30.099..30.232 rows=19 loops=1)
Merge Join  (cost=5536.17..5541.37 rows=28 width=21) (actual time=29.840..29.980 rows=26 loops=1)
Merge Join  (cost=5556.30..5559.58 rows=185 width=127) (actual time=33.318..33.401 rows=162 loops=1)
Merge Join  (cost=5536.40..5541.62 rows=28 width=21) (actual time=29.598..29.752 rows=21 loops=1)
Merge Join  (cost=5543.93..5544.47 rows=28 width=136) (actual time=30.008..30.023 rows=19 loops=1)
Merge Join  (cost=5534.92..5540.01 rows=28 width=21) (actual time=29.608..29.715 rows=28 loops=1)
Merge Join  (cost=5534.07..5539.08 rows=27 width=21) (actual time=29.513..29.718 rows=1 loops=1)
Merge Join  (cost=5536.17..5541.37 rows=28 width=21) (actual time=29.700..29.820 rows=6 loops=1)
Merge Join  (cost=5543.87..5544.41 rows=28 width=136) (actual time=30.062..30.079 rows=25 loops=1)
Merge Join  (cost=5545.04..5546.02 rows=53 width=127) (actual time=32.958..32.973 rows=15 loops=1)
Merge Join  (cost=5534.64..5539.69 rows=27 width=403) (actual time=29.484..29.579 rows=9 loops=1)
Merge Join  (cost=5546.43..5547.44 rows=55 width=127) (actual time=33.115..33.128 rows=15 loops=1)
Merge Join  (cost=5545.95..5546.94 rows=54 width=127) (actual time=33.164..33.201 rows=69 loops=1)
Merge Join  (cost=5535.54..5540.69 rows=28 width=21) (actual time=29.545..29.626 rows=26 loops=1)
Merge Join  (cost=5536.00..5541.18 rows=28 width=21) (actual time=29.404..29.604 rows=17 loops=1)
Merge Join  (cost=5545.58..5546.57 rows=54 width=127) (actual time=33.019..33.038 rows=28 loops=1)
Merge Join  (cost=5536.17..5541.37 rows=28 width=21) (actual time=29.995..30.079 rows=11 loops=1)
Merge Join  (cost=5556.14..5559.44 rows=186 width=127) (actual time=33.289..33.382 rows=190 loops=1)
Merge Join  (cost=5534.64..5539.69 rows=27 width=403) (actual time=29.451..29.573 rows=33 loops=1)
Merge Join  (cost=5536.17..5541.37 rows=28 width=21) (actual time=29.607..29.748 rows=31 loops=1)
Merge Join  (cost=5534.53..5539.57 rows=27 width=21) (actual time=29.807..29.976 rows=3 loops=1)
Merge Join  (cost=5536.40..5541.62 rows=28 width=21) (actual time=29.605..29.835 rows=25 loops=1)
Merge Join  (cost=5544.24..5544.78 rows=28 width=136) (actual time=29.739..29.752 rows=15 loops=1)
Merge Join  (cost=5544.24..5544.78 rows=28 width=136) (actual time=30.059..30.076 rows=26 loops=1)
Merge Join  (cost=5534.07..5539.08 rows=27 width=21) (actual time=29.951..30.114 rows=17 loops=1)
Merge Join  (cost=5536.00..5541.18 rows=28 width=21) (actual time=29.602..29.752 rows=30 loops=1)
Merge Join  (cost=5534.07..5539.08 rows=27 width=21) (actual time=29.504..29.601 rows=23 loops=1)
Merge Join  (cost=5535.43..5540.57 rows=28 width=21) (actual time=29.897..30.039 rows=30 loops=1)
Merge Join  (cost=5543.21..5543.73 rows=27 width=136) (actual time=30.125..30.132 rows=3 loops=1)
Merge Join  (cost=5534.64..5539.69 rows=27 width=403) (actual time=29.451..29.571 rows=3 loops=1)
Merge Join  (cost=5545.70..5546.69 rows=54 width=127) (actual time=32.685..32.692 rows=3 loops=1)
Merge Join  (cost=5535.26..5540.38 rows=28 width=21) (actual time=29.747..29.917 rows=34 loops=1)
Merge Join  (cost=5534.07..5539.08 rows=27 width=21) (actual time=29.748..29.900 rows=20 loops=1)
Merge Join  (cost=5544.92..5545.89 rows=53 width=127) (actual time=32.690..32.693 rows=1 loops=1)
Merge Join  (cost=5536.40..5541.62 rows=28 width=21) (actual time=29.469..29.713 rows=19 loops=1)
Merge Join  (cost=5546.43..5547.44 rows=55 width=127) (actual time=33.404..33.418 rows=17 loops=1)
Merge Join  (cost=5537.02..5542.31 rows=29 width=21) (actual time=29.836..29.935 rows=24 loops=1)
Merge Join  (cost=5535.54..5540.69 rows=28 width=21) (actual time=29.624..29.696 rows=35 loops=1)
Merge Join  (cost=5535.60..5540.75 rows=28 width=21) (actual time=29.769..29.908 rows=23 loops=1)
Merge Join  (cost=5545.17..5545.70 rows=28 width=136) (actual time=30.456..30.474 rows=27 loops=1)
Merge Join  (cost=5535.54..5540.69 rows=28 width=21) (actual time=29.943..29.988 rows=1 loops=1)
Merge Join  (cost=5545.17..5545.70 rows=28 width=136) (actual time=29.937..29.951 rows=19 loops=1)
Merge Join  (cost=5534.64..5539.69 rows=27 width=21) (actual time=29.579..29.752 rows=5 loops=1)
Merge Join  (cost=5545.95..5546.94 rows=54 width=127) (actual time=33.049..33.059 rows=7 loops=1)
Merge Join  (cost=5536.00..5541.18 rows=28 width=21) (actual time=29.821..30.049 rows=1 loops=1)
Merge Join  (cost=5535.20..5540.32 rows=28 width=21) (actual time=29.871..29.993 rows=34 loops=1)
Merge Join  (cost=5534.64..5539.69 rows=27 width=21) (actual time=29.555..29.676 rows=11 loops=1)
Merge Join  (cost=5535.83..5541.00 rows=28 width=21) (actual time=29.834..30.043 rows=15 loops=1)
Merge Join  (cost=5546.80..5547.81 rows=55 width=127) (actual time=33.135..33.142 rows=3 loops=1)
Merge Join  (cost=5545.95..5546.94 rows=54 width=127) (actual time=33.296..33.377 rows=158 loops=1)
Merge Join  (cost=5545.17..5545.70 rows=28 width=136) (actual time=29.852..29.854 rows=1 loops=1)
Merge Join  (cost=5535.83..5541.00 rows=28 width=21) (actual time=29.824..29.989 rows=27 loops=1)
Merge Join  (cost=5545.70..5546.69 rows=54 width=127) (actual time=32.637..32.644 rows=5 loops=1)
Merge Join  (cost=5535.43..5540.57 rows=28 width=21) (actual time=29.679..29.822 rows=8 loops=1)
Merge Join  (cost=5534.64..5539.69 rows=27 width=21) (actual time=29.631..29.724 rows=27 loops=1)
Merge Join  (cost=5546.43..5547.44 rows=55 width=127) (actual time=32.774..32.786 rows=14 loops=1)
Merge Join  (cost=5535.83..5541.00 rows=28 width=403) (actual time=29.923..30.066 rows=13 loops=1)
Merge Join  (cost=5546.80..5547.81 rows=55 width=127) (actual time=33.090..33.133 rows=86 loops=1)
Merge Join  (cost=5536.17..5541.37 rows=28 width=403) (actual time=29.456..29.658 rows=31 loops=1)
Merge Join  (cost=5546.80..5547.81 rows=55 width=127) (actual time=33.085..33.120 rows=65 loops=1)
Merge Join  (cost=5543.21..5543.73 rows=27 width=136) (actual time=29.881..29.889 rows=7 loops=1)
Merge Join  (cost=5536.00..5541.18 rows=28 width=21) (actual time=29.368..29.499 rows=7 loops=1)
Merge Join  (cost=5546.61..5547.62 rows=55 width=127) (actual time=34.085..34.127 rows=75 loops=1)
Merge Join  (cost=5536.17..5541.37 rows=28 width=21) (actual time=29.931..30.070 rows=25 loops=1)
Merge Join  (cost=5535.09..5540.20 rows=28 width=21) (actual time=29.981..30.075 rows=33 loops=1)
Merge Join  (cost=5542.60..5543.12 rows=27 width=136) (actual time=29.836..29.851 rows=19 loops=1)
Merge Join  (cost=5543.87..5544.41 rows=28 width=136) (actual time=29.877..29.880 rows=1 loops=1)
Merge Join  (cost=5543.93..5544.47 rows=28 width=136) (actual time=30.059..30.074 rows=21 loops=1)
Merge Join  (cost=5534.64..5539.69 rows=27 width=21) (actual time=29.763..29.902 rows=12 loops=1)
Merge Join  (cost=5546.07..5547.06 rows=54 width=127) (actual time=32.787..32.789 rows=1 loops=1)
Merge Join  (cost=5535.09..5540.20 rows=28 width=21) (actual time=29.603..29.772 rows=23 loops=1)
Merge Join  (cost=5545.95..5546.94 rows=54 width=127) (actual time=32.505..32.516 rows=9 loops=1)
Merge Join  (cost=5535.43..5540.57 rows=28 width=21) (actual time=29.843..30.015 rows=9 loops=1)
Merge Join  (cost=5536.17..5541.37 rows=28 width=21) (actual time=29.828..29.990 rows=18 loops=1)
Merge Join  (cost=5534.53..5539.57 rows=27 width=21) (actual time=29.728..29.817 rows=26 loops=1)
Merge Join  (cost=5536.17..5541.37 rows=28 width=21) (actual time=30.025..30.187 rows=21 loops=1)
Merge Join  (cost=5545.17..5545.70 rows=28 width=136) (actual time=30.095..30.110 rows=18 loops=1)
Merge Join  (cost=5556.40..5559.86 rows=195 width=127) (actual time=33.456..33.556 rows=200 loops=1)
Merge Join  (cost=5544.73..5545.27 rows=28 width=136) (actual time=29.798..29.806 rows=7 loops=1)
Merge Join  (cost=5544.24..5544.78 rows=28 width=136) (actual time=30.167..30.182 rows=21 loops=1)
Merge Join  (cost=5534.64..5539.69 rows=27 width=21) (actual time=29.815..29.957 rows=26 loops=1)
Merge Join  (cost=5544.92..5545.45 rows=28 width=136) (actual time=31.443..31.450 rows=3 loops=1)
Merge Join  (cost=5546.80..5547.81 rows=55 width=127) (actual time=33.550..33.565 rows=18 loops=1)
Merge Join  (cost=5591.81..5601.22 rows=535 width=127) (actual time=34.536..34.780 rows=504 loops=1)
Merge Join  (cost=5535.54..5540.69 rows=28 width=21) (actual time=30.130..30.271 rows=26 loops=1)
Merge Join  (cost=5546.80..5547.81 rows=55 width=127) (actual time=33.100..33.128 rows=46 loops=1)
Merge Join  (cost=5544.55..5545.08 rows=28 width=136) (actual time=29.954..29.972 rows=27 loops=1)
Merge Join  (cost=5535.09..5540.20 rows=28 width=21) (actual time=29.676..29.827 rows=28 loops=1)
Merge Join  (cost=5536.40..5541.62 rows=28 width=21) (actual time=29.701..29.867 rows=21 loops=1)
Merge Join  (cost=5573.49..5579.87 rows=362 width=127) (actual time=33.609..33.804 rows=411 loops=1)
Merge Join  (cost=5544.43..5545.40 rows=53 width=127) (actual time=32.741..32.762 rows=35 loops=1)
Merge Join  (cost=5543.09..5543.61 rows=27 width=136) (actual time=29.913..29.933 rows=31 loops=1)
Merge Join  (cost=5535.20..5540.32 rows=28 width=21) (actual time=29.660..29.793 rows=19 loops=1)
Merge Join  (cost=5534.07..5539.08 rows=27 width=21) (actual time=29.458..29.606 rows=12 loops=1)
Merge Join  (cost=5535.54..5540.69 rows=28 width=21) (actual time=29.317..29.478 rows=28 loops=1)
Merge Join  (cost=5535.43..5540.57 rows=28 width=21) (actual time=29.990..30.191 rows=7 loops=1)
Merge Join  (cost=5535.54..5540.69 rows=28 width=21) (actual time=29.862..29.919 rows=19 loops=1)
Merge Join  (cost=5535.54..5540.69 rows=28 width=21) (actual time=29.539..29.778 rows=23 loops=1)
Merge Join  (cost=5544.43..5545.40 rows=53 width=127) (actual time=32.765..32.780 rows=19 loops=1)
Merge Join  (cost=5543.21..5543.73 rows=27 width=136) (actual time=30.064..30.084 rows=31 loops=1)
Merge Join  (cost=5534.64..5539.69 rows=27 width=403) (actual time=29.887..30.062 rows=31 loops=1)
Merge Join  (cost=5559.91..5563.84 rows=222 width=127) (actual time=33.620..33.728 rows=212 loops=1)
Merge Join  (cost=5545.58..5546.57 rows=54 width=127) (actual time=33.163..33.241 rows=156 loops=1)
Merge Join  (cost=5535.60..5540.75 rows=28 width=21) (actual time=29.801..29.914 rows=9 loops=1)
Merge Join  (cost=5544.55..5545.08 rows=28 width=136) (actual time=29.911..29.917 rows=3 loops=1)
Merge Join  (cost=5545.70..5546.69 rows=54 width=127) (actual time=32.813..32.836 rows=37 loops=1)
Merge Join  (cost=5535.20..5540.32 rows=28 width=403) (actual time=29.357..29.457 rows=31 loops=1)
Merge Join  (cost=5545.04..5546.02 rows=53 width=127) (actual time=33.122..33.174 rows=101 loops=1)
Merge Join  (cost=5546.80..5547.81 rows=55 width=127) (actual time=32.809..32.812 rows=1 loops=1)
Merge Join  (cost=5557.39..5560.94 rows=200 width=127) (actual time=33.511..33.611 rows=191 loops=1)
Merge Join  (cost=5534.53..5539.57 rows=27 width=21) (actual time=29.422..29.583 rows=7 loops=1)
Merge Join  (cost=5534.07..5539.08 rows=27 width=21) (actual time=29.543..29.610 rows=6 loops=1)
Merge Join  (cost=5560.13..5563.92 rows=214 width=127) (actual time=33.459..33.548 rows=184 loops=1)
Merge Join  (cost=5543.75..5544.28 rows=28 width=136) (actual time=29.851..29.866 rows=21 loops=1)
Merge Join  (cost=5544.43..5545.40 rows=53 width=127) (actual time=32.800..32.807 rows=5 loops=1)
Merge Join  (cost=5535.09..5540.20 rows=28 width=403) (actual time=29.575..29.723 rows=21 loops=1)
Merge Join  (cost=5534.07..5539.08 rows=27 width=403) (actual time=29.559..29.709 rows=1 loops=1)
Merge Join  (cost=5544.92..5545.89 rows=53 width=127) (actual time=32.781..32.809 rows=51 loops=1)
Merge Join  (cost=5546.07..5547.06 rows=54 width=127) (actual time=33.098..33.142 rows=86 loops=1)
Merge Join  (cost=5535.26..5540.38 rows=28 width=21) (actual time=29.970..30.058 rows=26 loops=1)
Merge Join  (cost=5534.53..5539.57 rows=27 width=21) (actual time=29.943..30.096 rows=18 loops=1)
Merge Join  (cost=5535.60..5540.75 rows=28 width=21) (actual time=29.695..29.843 rows=24 loops=1)
Merge Join  (cost=5545.77..5546.76 rows=54 width=127) (actual time=32.394..32.396 rows=1 loops=1)
Merge Join  (cost=5544.55..5545.08 rows=28 width=136) (actual time=30.209..30.226 rows=23 loops=1)
Merge Join  (cost=5535.09..5540.20 rows=28 width=21) (actual time=29.931..30.011 rows=29 loops=1)
Merge Join  (cost=5535.20..5540.32 rows=28 width=21) (actual time=29.893..30.051 rows=32 loops=1)
Merge Join  (cost=5545.04..5546.02 rows=53 width=127) (actual time=32.947..32.965 rows=27 loops=1)
Merge Join  (cost=5545.04..5546.02 rows=53 width=127) (actual time=32.996..33.020 rows=41 loops=1)
Merge Join  (cost=5544.92..5545.45 rows=28 width=136) (actual time=30.101..30.111 rows=9 loops=1)
Merge Join  (cost=5536.17..5541.37 rows=28 width=21) (actual time=29.743..29.884 rows=24 loops=1)
Merge Join  (cost=5534.64..5539.69 rows=27 width=21) (actual time=29.649..29.812 rows=29 loops=1)
Merge Join  (cost=5534.92..5540.01 rows=28 width=21) (actual time=29.531..29.677 rows=1 loops=1)
Merge Join  (cost=5535.54..5540.69 rows=28 width=21) (actual time=29.927..30.044 rows=24 loops=1)
Merge Join  (cost=5545.77..5546.76 rows=54 width=127) (actual time=33.280..33.300 rows=31 loops=1)
Merge Join  (cost=5544.92..5545.89 rows=53 width=127) (actual time=32.986..33.000 rows=17 loops=1)
Merge Join  (cost=5546.43..5547.44 rows=55 width=127) (actual time=32.863..32.878 rows=23 loops=1)
Merge Join  (cost=5535.54..5540.69 rows=28 width=21) (actual time=29.766..29.871 rows=22 loops=1)
Merge Join  (cost=5546.61..5547.62 rows=55 width=127) (actual time=33.304..33.325 rows=33 loops=1)
Merge Join  (cost=5543.21..5543.73 rows=27 width=136) (actual time=29.886..29.906 rows=31 loops=1)
Merge Join  (cost=5535.09..5540.20 rows=28 width=21) (actual time=29.678..29.754 rows=8 loops=1)
Merge Join  (cost=5534.53..5539.57 rows=27 width=21) (actual time=29.958..30.146 rows=3 loops=1)
Merge Join  (cost=5545.77..5546.76 rows=54 width=127) (actual time=32.931..32.934 rows=1 loops=1)
Merge Join  (cost=5535.54..5540.69 rows=28 width=21) (actual time=29.705..29.810 rows=21 loops=1)
Merge Join  (cost=5535.43..5540.57 rows=28 width=21) (actual time=29.580..29.769 rows=7 loops=1)
Merge Join  (cost=5545.58..5546.57 rows=54 width=127) (actual time=32.947..32.956 rows=7 loops=1)
Merge Join  (cost=5534.92..5540.01 rows=28 width=21) (actual time=29.894..30.017 rows=14 loops=1)
Merge Join  (cost=5543.75..5544.28 rows=28 width=136) (actual time=30.115..30.121 rows=3 loops=1)
Merge Join  (cost=5546.80..5547.81 rows=55 width=127) (actual time=32.722..32.729 rows=3 loops=1)
Merge Join  (cost=5536.17..5541.37 rows=28 width=403) (actual time=29.620..29.759 rows=1 loops=1)
Merge Join  (cost=5545.04..5546.02 rows=53 width=127) (actual time=33.063..33.113 rows=99 loops=1)
Merge Join  (cost=5546.07..5547.06 rows=54 width=127) (actual time=32.372..32.383 rows=11 loops=1)
Merge Join  (cost=5534.64..5539.69 rows=27 width=21) (actual time=29.496..29.642 rows=15 loops=1)
Merge Join  (cost=5534.64..5539.69 rows=27 width=21) (actual time=29.848..29.967 rows=22 loops=1)
Merge Join  (cost=5536.40..5541.62 rows=28 width=21) (actual time=29.734..29.888 rows=30 loops=1)
Merge Join  (cost=5535.09..5540.20 rows=28 width=21) (actual time=29.650..29.742 rows=7 loops=1)
Merge Join  (cost=5546.07..5547.06 rows=54 width=127) (actual time=32.943..32.960 rows=25 loops=1)
Merge Join  (cost=5544.92..5545.45 rows=28 width=136) (actual time=30.168..30.186 rows=27 loops=1)
Merge Join  (cost=5534.64..5539.69 rows=27 width=21) (actual time=29.807..29.983 rows=29 loops=1)
Merge Join  (cost=5536.40..5541.62 rows=28 width=21) (actual time=29.726..29.884 rows=22 loops=1)
Merge Join  (cost=5536.17..5541.37 rows=28 width=21) (actual time=29.521..29.673 rows=17 loops=1)
Merge Join  (cost=5546.80..5547.81 rows=55 width=127) (actual time=33.127..33.162 rows=63 loops=1)
Merge Join  (cost=5545.95..5546.94 rows=54 width=127) (actual time=32.910..32.973 rows=126 loops=1)
Merge Join  (cost=5537.02..5542.31 rows=29 width=21) (actual time=29.405..29.534 rows=5 loops=1)
Merge Join  (cost=5535.54..5540.69 rows=28 width=21) (actual time=29.862..30.014 rows=20 loops=1)
Merge Join  (cost=5535.54..5540.69 rows=28 width=21) (actual time=29.713..29.787 rows=35 loops=1)
Merge Join  (cost=5589.16..5598.28 rows=519 width=127) (actual time=34.445..34.681 rows=499 loops=1)
Merge Join  (cost=5535.60..5540.75 rows=28 width=403) (actual time=29.444..29.616 rows=11 loops=1)
Merge Join  (cost=5536.17..5541.37 rows=28 width=21) (actual time=29.572..29.687 rows=8 loops=1)
Merge Join  (cost=5546.80..5547.81 rows=55 width=127) (actual time=33.231..33.245 rows=18 loops=1)
Merge Join  (cost=5544.12..5544.65 rows=28 width=136) (actual time=30.006..30.029 rows=36 loops=1)
Merge Join  (cost=5543.56..5544.10 rows=28 width=136) (actual time=30.250..30.263 rows=15 loops=1)
Merge Join  (cost=5545.04..5546.02 rows=53 width=127) (actual time=34.387..34.394 rows=3 loops=1)
Merge Join  (cost=5535.54..5540.69 rows=28 width=21) (actual time=29.672..29.829 rows=26 loops=1)
Merge Join  (cost=5545.04..5546.02 rows=53 width=127) (actual time=32.459..32.462 rows=1 loops=1)
Merge Join  (cost=5534.64..5539.69 rows=27 width=403) (actual time=29.512..29.646 rows=1 loops=1)
Merge Join  (cost=5534.64..5539.69 rows=27 width=21) (actual time=29.650..29.780 rows=18 loops=1)
Merge Join  (cost=5534.92..5540.01 rows=28 width=21) (actual time=29.892..30.009 rows=9 loops=1)
Merge Join  (cost=5535.60..5540.75 rows=28 width=21) (actual time=29.884..30.035 rows=28 loops=1)
Merge Join  (cost=5544.55..5545.08 rows=28 width=136) (actual time=29.933..29.941 rows=5 loops=1)
Merge Join  (cost=5535.43..5540.57 rows=28 width=21) (actual time=29.513..29.709 rows=15 loops=1)
Merge Join  (cost=5535.54..5540.69 rows=28 width=21) (actual time=29.821..29.882 rows=33 loops=1)
Merge Join  (cost=5543.87..5544.41 rows=28 width=136) (actual time=30.480..30.501 rows=33 loops=1)
Merge Join  (cost=5535.20..5540.32 rows=28 width=21) (actual time=29.624..29.789 rows=32 loops=1)
Merge Join  (cost=5547.77..5548.80 rows=56 width=127) (actual time=32.829..32.841 rows=15 loops=1)
Merge Join  (cost=5535.09..5540.20 rows=28 width=21) (actual time=29.727..29.944 rows=15 loops=1)
Merge Join  (cost=5536.40..5541.62 rows=28 width=21) (actual time=29.859..30.060 rows=11 loops=1)
Merge Join  (cost=5545.70..5546.69 rows=54 width=127) (actual time=32.413..32.420 rows=3 loops=1)
Merge Join  (cost=5535.54..5540.69 rows=28 width=21) (actual time=29.557..29.706 rows=26 loops=1)
Merge Join  (cost=5535.54..5540.69 rows=28 width=21) (actual time=30.217..30.330 rows=16 loops=1)
Merge Join  (cost=5536.17..5541.37 rows=28 width=21) (actual time=29.820..29.936 rows=31 loops=1)
Merge Join  (cost=5535.20..5540.32 rows=28 width=21) (actual time=29.591..29.800 rows=7 loops=1)
Merge Join  (cost=5535.54..5540.69 rows=28 width=21) (actual time=29.574..29.741 rows=11 loops=1)
Merge Join  (cost=5534.53..5539.57 rows=27 width=21) (actual time=29.995..30.135 rows=19 loops=1)
Merge Join  (cost=5545.04..5546.02 rows=53 width=127) (actual time=32.962..32.964 rows=1 loops=1)
Merge Join  (cost=5536.17..5541.37 rows=28 width=21) (actual time=29.673..29.741 rows=17 loops=1)
Merge Join  (cost=5534.92..5540.01 rows=28 width=21) (actual time=29.536..29.657 rows=26 loops=1)
Merge Join  (cost=5535.20..5540.32 rows=28 width=21) (actual time=29.442..29.598 rows=28 loops=1)
Merge Join  (cost=5535.83..5541.00 rows=28 width=21) (actual time=29.706..29.890 rows=1 loops=1)
Merge Join  (cost=5546.07..5547.06 rows=54 width=127) (actual time=33.074..33.086 rows=11 loops=1)
Merge Join  (cost=5535.54..5540.69 rows=28 width=403) (actual time=29.587..29.679 rows=1 loops=1)
Merge Join  (cost=5546.80..5547.81 rows=55 width=127) (actual time=32.781..32.802 rows=31 loops=1)
Merge Join  (cost=5546.80..5547.81 rows=55 width=127) (actual time=33.297..33.328 rows=52 loops=1)
Merge Join  (cost=5534.64..5539.69 rows=27 width=21) (actual time=29.827..29.973 rows=27 loops=1)
Merge Join  (cost=5546.80..5547.81 rows=55 width=127) (actual time=33.065..33.080 rows=23 loops=1)
Merge Join  (cost=5544.30..5544.84 rows=28 width=136) (actual time=29.839..29.859 rows=32 loops=1)
Merge Join  (cost=5535.43..5540.57 rows=28 width=21) (actual time=29.911..29.944 rows=22 loops=1)
Merge Join  (cost=5546.07..5547.06 rows=54 width=127) (actual time=33.238..33.256 rows=28 loops=1)
Merge Join  (cost=5535.54..5540.69 rows=28 width=403) (actual time=29.498..29.612 rows=19 loops=1)
Merge Join  (cost=5544.24..5544.78 rows=28 width=136) (actual time=29.849..29.862 rows=17 loops=1)
Merge Join  (cost=5536.40..5541.62 rows=28 width=21) (actual time=30.473..30.535 rows=32 loops=1)
Merge Join  (cost=5547.05..5548.05 rows=55 width=127) (actual time=32.623..32.639 rows=23 loops=1)
Merge Join  (cost=5535.54..5540.69 rows=28 width=21) (actual time=29.689..29.817 rows=30 loops=1)
Merge Join  (cost=5536.40..5541.62 rows=28 width=21) (actual time=29.745..29.833 rows=18 loops=1)
Merge Join  (cost=5535.54..5540.69 rows=28 width=21) (actual time=29.674..29.687 rows=24 loops=1)
Merge Join  (cost=5535.20..5540.32 rows=28 width=21) (actual time=29.837..29.992 rows=28 loops=1)
Merge Join  (cost=5545.04..5546.02 rows=53 width=127) (actual time=32.698..32.708 rows=11 loops=1)
Merge Join  (cost=5536.17..5541.37 rows=28 width=21) (actual time=29.687..29.800 rows=3 loops=1)
Merge Join  (cost=5547.05..5548.05 rows=55 width=127) (actual time=33.218..33.230 rows=11 loops=1)
Merge Join  (cost=5536.40..5541.62 rows=28 width=21) (actual time=29.672..29.832 rows=31 loops=1)
Merge Join  (cost=5536.17..5541.37 rows=28 width=21) (actual time=29.496..29.694 rows=17 loops=1)
Merge Join  (cost=5546.14..5547.13 rows=54 width=127) (actual time=32.903..32.917 rows=18 loops=1)
Merge Join  (cost=5535.60..5540.75 rows=28 width=21) (actual time=29.975..30.113 rows=18 loops=1)
Merge Join  (cost=5545.58..5546.57 rows=54 width=127) (actual time=33.178..33.214 rows=66 loops=1)
Merge Join  (cost=5535.20..5540.32 rows=28 width=21) (actual time=29.631..29.780 rows=12 loops=1)
Merge Join  (cost=5535.54..5540.69 rows=28 width=21) (actual time=29.586..29.735 rows=30 loops=1)
Merge Join  (cost=5545.89..5546.44 rows=29 width=136) (actual time=30.018..30.043 rows=39 loops=1)
Merge Join  (cost=5534.53..5539.57 rows=27 width=21) (actual time=29.835..29.897 rows=22 loops=1)
Merge Join  (cost=5535.20..5540.32 rows=28 width=21) (actual time=29.548..29.628 rows=3 loops=1)
Merge Join  (cost=5543.21..5543.73 rows=27 width=136) (actual time=29.780..29.787 rows=3 loops=1)
Merge Join  (cost=5534.53..5539.57 rows=27 width=21) (actual time=29.989..30.157 rows=7 loops=1)
Merge Join  (cost=5537.02..5542.31 rows=29 width=21) (actual time=29.833..29.888 rows=30 loops=1)
Merge Join  (cost=5534.92..5540.01 rows=28 width=21) (actual time=29.566..29.762 rows=21 loops=1)
Merge Join  (cost=5545.70..5546.69 rows=54 width=127) (actual time=32.692..32.705 rows=15 loops=1)
Merge Join  (cost=5543.75..5544.28 rows=28 width=136) (actual time=29.910..29.913 rows=1 loops=1)
Merge Join  (cost=5546.07..5547.06 rows=54 width=127) (actual time=33.213..33.248 rows=69 loops=1)
Merge Join  (cost=5534.53..5539.57 rows=27 width=21) (actual time=30.006..30.117 rows=14 loops=1)
Merge Join  (cost=5535.26..5540.38 rows=28 width=21) (actual time=29.630..29.791 rows=16 loops=1)
Merge Join  (cost=5534.64..5539.69 rows=27 width=21) (actual time=29.835..29.917 rows=28 loops=1)
Merge Join  (cost=5535.54..5540.69 rows=28 width=21) (actual time=29.782..29.947 rows=3 loops=1)
Merge Join  (cost=5546.07..5547.06 rows=54 width=127) (actual time=33.245..33.339 rows=192 loops=1)
Merge Join  (cost=5544.55..5545.08 rows=28 width=136) (actual time=29.800..29.818 rows=27 loops=1)
Merge Join  (cost=5543.87..5544.41 rows=28 width=136) (actual time=30.202..30.214 rows=15 loops=1)
Merge Join  (cost=5535.26..5540.38 rows=28 width=21) (actual time=29.716..29.945 rows=27 loops=1)
Merge Join  (cost=5535.54..5540.69 rows=28 width=21) (actual time=29.767..29.873 rows=34 loops=1)
Merge Join  (cost=5535.26..5540.38 rows=28 width=21) (actual time=29.465..29.691 rows=29 loops=1)
Merge Join  (cost=5580.19..5587.85 rows=435 width=127) (actual time=34.399..34.637 rows=506 loops=1)
Merge Join  (cost=5543.09..5543.61 rows=27 width=136) (actual time=30.204..30.211 rows=3 loops=1)
Merge Join  (cost=5534.53..5539.57 rows=27 width=403) (actual time=29.725..29.901 rows=3 loops=1)
Merge Join  (cost=5544.92..5545.45 rows=28 width=136) (actual time=29.830..29.841 rows=11 loops=1)
Merge Join  (cost=5581.78..5589.77 rows=454 width=127) (actual time=34.296..34.532 rows=499 loops=1)
Merge Join  (cost=5534.64..5539.69 rows=27 width=21) (actual time=29.747..29.937 rows=1 loops=1)
Merge Join  (cost=5546.80..5547.81 rows=55 width=127) (actual time=32.265..32.273 rows=4 loops=1)
Merge Join  (cost=5535.54..5540.69 rows=28 width=21) (actual time=29.537..29.763 rows=13 loops=1)
Merge Join  (cost=5546.80..5547.81 rows=55 width=127) (actual time=33.645..33.691 rows=85 loops=1)
Merge Join  (cost=5536.00..5541.18 rows=28 width=21) (actual time=29.634..29.742 rows=24 loops=1)
Merge Join  (cost=5545.04..5546.02 rows=53 width=127) (actual time=32.837..32.855 rows=25 loops=1)
Merge Join  (cost=5534.64..5539.69 rows=27 width=21) (actual time=29.636..29.793 rows=30 loops=1)
Merge Join  (cost=5547.05..5548.05 rows=55 width=127) (actual time=33.218..33.226 rows=3 loops=1)
Merge Join  (cost=5535.54..5540.69 rows=28 width=21) (actual time=29.716..29.810 rows=34 loops=1)
Merge Join  (cost=5537.02..5542.31 rows=29 width=21) (actual time=29.886..29.998 rows=24 loops=1)
Merge Join  (cost=5535.54..5540.69 rows=28 width=21) (actual time=29.671..29.752 rows=26 loops=1)
Merge Join  (cost=5536.17..5541.37 rows=28 width=21) (actual time=29.629..29.788 rows=1 loops=1)
Merge Join  (cost=5535.54..5540.69 rows=28 width=21) (actual time=29.891..30.040 rows=14 loops=1)
Merge Join  (cost=5544.92..5545.45 rows=28 width=136) (actual time=29.753..29.767 rows=21 loops=1)
Merge Join  (cost=5546.80..5547.81 rows=55 width=127) (actual time=32.521..32.531 rows=11 loops=1)
Merge Join  (cost=5534.64..5539.69 rows=27 width=21) (actual time=29.928..30.082 rows=15 loops=1)
Merge Join  (cost=5535.43..5540.57 rows=28 width=21) (actual time=29.966..30.073 rows=3 loops=1)
Merge Join  (cost=5545.89..5546.44 rows=29 width=136) (actual time=30.092..30.108 rows=23 loops=1)
Merge Join  (cost=5535.26..5540.38 rows=28 width=21) (actual time=29.592..29.741 rows=16 loops=1)
Merge Join  (cost=5557.29..5560.64 rows=189 width=127) (actual time=33.761..33.855 rows=190 loops=1)
Merge Join  (cost=5534.92..5540.01 rows=28 width=21) (actual time=29.800..29.953 rows=5 loops=1)
Merge Join  (cost=5544.92..5545.89 rows=53 width=127) (actual time=32.635..32.643 rows=5 loops=1)
Merge Join  (cost=5547.77..5548.80 rows=56 width=127) (actual time=33.075..33.113 rows=73 loops=1)
Merge Join  (cost=5542.60..5543.12 rows=27 width=136) (actual time=29.734..29.741 rows=5 loops=1)
Merge Join  (cost=5558.18..5561.65 rows=196 width=127) (actual time=33.620..33.723 rows=215 loops=1)
Merge Join  (cost=5559.34..5563.09 rows=212 width=127) (actual time=33.450..33.545 rows=194 loops=1)
Merge Join  (cost=5545.58..5546.57 rows=54 width=127) (actual time=32.989..33.019 rows=53 loops=1)
Merge Join  (cost=5535.09..5540.20 rows=28 width=403) (actual time=29.413..29.500 rows=27 loops=1)
Merge Join  (cost=5544.92..5545.89 rows=53 width=127) (actual time=33.449..33.541 rows=181 loops=1)
Merge Join  (cost=5543.75..5544.28 rows=28 width=136) (actual time=29.861..29.870 rows=9 loops=1)
Merge Join  (cost=5535.54..5540.69 rows=28 width=21) (actual time=29.571..29.582 rows=18 loops=1)
Merge Join  (cost=5535.54..5540.69 rows=28 width=21) (actual time=29.637..29.795 rows=28 loops=1)
Merge Join  (cost=5534.64..5539.69 rows=27 width=21) (actual time=29.950..30.095 rows=16 loops=1)
Merge Join  (cost=5534.53..5539.57 rows=27 width=21) (actual time=29.596..29.750 rows=25 loops=1)
Merge Join  (cost=5546.80..5547.81 rows=55 width=127) (actual time=33.313..33.411 rows=194 loops=1)
Merge Join  (cost=5535.54..5540.69 rows=28 width=21) (actual time=29.704..29.831 rows=25 loops=1)
Merge Join  (cost=5545.04..5546.02 rows=53 width=127) (actual time=33.564..33.641 rows=156 loops=1)
Merge Join  (cost=5544.43..5545.40 rows=53 width=127) (actual time=33.074..33.082 rows=7 loops=1)
Merge Join  (cost=5534.64..5539.69 rows=27 width=21) (actual time=29.656..29.781 rows=16 loops=1)
Merge Join  (cost=5536.17..5541.37 rows=28 width=21) (actual time=29.641..29.815 rows=11 loops=1)
Merge Join  (cost=5535.43..5540.57 rows=28 width=21) (actual time=29.675..29.887 rows=25 loops=1)
Merge Join  (cost=5546.43..5547.44 rows=55 width=127) (actual time=32.896..32.903 rows=5 loops=1)
Merge Join  (cost=5535.83..5541.00 rows=28 width=403) (actual time=29.318..29.543 rows=1 loops=1)
Merge Join  (cost=5537.02..5542.31 rows=29 width=21) (actual time=29.453..29.640 rows=1 loops=1)
Merge Join  (cost=5546.07..5547.06 rows=54 width=127) (actual time=32.462..32.474 rows=13 loops=1)
Merge Join  (cost=5534.64..5539.69 rows=27 width=21) (actual time=30.091..30.184 rows=28 loops=1)
Merge Join  (cost=5536.17..5541.37 rows=28 width=21) (actual time=29.603..29.733 rows=28 loops=1)
Merge Join  (cost=5543.21..5543.73 rows=27 width=136) (actual time=29.911..29.914 rows=1 loops=1)
Merge Join  (cost=5535.54..5540.69 rows=28 width=21) (actual time=29.821..29.989 rows=9 loops=1)
Merge Join  (cost=5543.09..5543.61 rows=27 width=136) (actual time=30.165..30.185 rows=32 loops=1)
Merge Join  (cost=5543.56..5544.10 rows=28 width=136) (actual time=29.854..29.869 rows=15 loops=1)
Merge Join  (cost=5544.30..5544.84 rows=28 width=136) (actual time=29.727..29.740 rows=17 loops=1)
Merge Join  (cost=5544.24..5544.78 rows=28 width=136) (actual time=29.831..29.849 rows=29 loops=1)
Merge Join  (cost=5536.40..5541.62 rows=28 width=21) (actual time=29.907..30.055 rows=28 loops=1)
Merge Join  (cost=5546.14..5547.13 rows=54 width=127) (actual time=32.803..32.805 rows=1 loops=1)
Merge Join  (cost=5534.64..5539.69 rows=27 width=21) (actual time=29.524..29.667 rows=1 loops=1)
Merge Join  (cost=5547.05..5548.05 rows=55 width=127) (actual time=33.086..33.163 rows=157 loops=1)
Merge Join  (cost=5546.14..5547.13 rows=54 width=127) (actual time=32.892..32.899 rows=3 loops=1)
Merge Join  (cost=5545.58..5546.57 rows=54 width=127) (actual time=33.138..33.153 rows=19 loops=1)
Merge Join  (cost=5545.70..5546.69 rows=54 width=127) (actual time=32.836..32.839 rows=1 loops=1)
Merge Join  (cost=5546.61..5547.62 rows=55 width=127) (actual time=33.127..33.160 rows=63 loops=1)
Merge Join  (cost=5536.17..5541.37 rows=28 width=21) (actual time=29.787..29.921 rows=19 loops=1)
Merge Join  (cost=5544.24..5544.78 rows=28 width=136) (actual time=30.108..30.119 rows=13 loops=1)
Merge Join  (cost=5558.42..5562.02 rows=203 width=127) (actual time=33.083..33.178 rows=195 loops=1)
Merge Join  (cost=5534.07..5539.08 rows=27 width=21) (actual time=29.662..29.814 rows=10 loops=1)
Merge Join  (cost=5535.43..5540.57 rows=28 width=21) (actual time=30.447..30.469 rows=34 loops=1)
Merge Join  (cost=5546.80..5547.81 rows=55 width=127) (actual time=32.998..33.010 rows=13 loops=1)
Merge Join  (cost=5536.17..5541.37 rows=28 width=403) (actual time=29.569..29.755 rows=13 loops=1)
Merge Join  (cost=5546.61..5547.62 rows=55 width=127) (actual time=32.847..32.855 rows=5 loops=1)
Merge Join  (cost=5544.24..5544.78 rows=28 width=136) (actual time=30.197..30.216 rows=29 loops=1)
Merge Join  (cost=5546.80..5547.81 rows=55 width=127) (actual time=32.838..32.851 rows=15 loops=1)
Merge Join  (cost=5544.24..5544.78 rows=28 width=136) (actual time=29.820..29.837 rows=23 loops=1)
Merge Join  (cost=5543.75..5544.28 rows=28 width=136) (actual time=29.601..29.622 rows=31 loops=1)
Merge Join  (cost=5545.04..5546.02 rows=53 width=127) (actual time=32.971..32.978 rows=3 loops=1)
Merge Join  (cost=5544.92..5545.89 rows=53 width=127) (actual time=32.965..32.985 rows=32 loops=1)
Merge Join  (cost=5535.09..5540.20 rows=28 width=21) (actual time=29.511..29.647 rows=26 loops=1)
Merge Join  (cost=5535.54..5540.69 rows=28 width=21) (actual time=29.638..29.770 rows=34 loops=1)
Merge Join  (cost=5536.40..5541.62 rows=28 width=21) (actual time=29.834..29.992 rows=30 loops=1)
Merge Join  (cost=5544.92..5545.45 rows=28 width=136) (actual time=30.205..30.222 rows=23 loops=1)
Merge Join  (cost=5536.17..5541.37 rows=28 width=21) (actual time=29.591..29.752 rows=1 loops=1)
Merge Join  (cost=5545.95..5546.94 rows=54 width=127) (actual time=32.875..32.894 rows=29 loops=1)
Merge Join  (cost=5545.95..5546.94 rows=54 width=127) (actual time=32.922..32.932 rows=9 loops=1)
Merge Join  (cost=5535.43..5540.57 rows=28 width=403) (actual time=29.573..29.754 rows=3 loops=1)
Merge Join  (cost=5546.80..5547.81 rows=55 width=127) (actual time=32.949..32.952 rows=1 loops=1)
Merge Join  (cost=5535.09..5540.20 rows=28 width=21) (actual time=29.619..29.757 rows=25 loops=1)
Merge Join  (cost=5546.07..5547.06 rows=54 width=127) (actual time=33.202..33.223 rows=33 loops=1)
Merge Join  (cost=5547.77..5548.80 rows=56 width=127) (actual time=33.343..33.387 rows=85 loops=1)
Merge Join  (cost=5535.43..5540.57 rows=28 width=21) (actual time=29.642..29.783 rows=15 loops=1)
Merge Join  (cost=5535.54..5540.69 rows=28 width=21) (actual time=29.599..29.737 rows=7 loops=1)
Merge Join  (cost=5536.40..5541.62 rows=28 width=21) (actual time=29.713..29.845 rows=16 loops=1)
Merge Join  (cost=5535.09..5540.20 rows=28 width=21) (actual time=29.898..30.094 rows=7 loops=1)
Merge Join  (cost=5534.64..5539.69 rows=27 width=21) (actual time=29.643..29.767 rows=16 loops=1)
Merge Join  (cost=5534.92..5540.01 rows=28 width=21) (actual time=29.893..30.033 rows=15 loops=1)
Merge Join  (cost=5544.92..5545.45 rows=28 width=136) (actual time=29.988..29.990 rows=1 loops=1)
Merge Join  (cost=5535.83..5541.00 rows=28 width=21) (actual time=29.908..30.021 rows=2 loops=1)
Merge Join  (cost=5534.64..5539.69 rows=27 width=21) (actual time=29.564..29.759 rows=1 loops=1)
Merge Join  (cost=5535.83..5541.00 rows=28 width=21) (actual time=29.512..29.696 rows=17 loops=1)
Merge Join  (cost=5544.92..5545.45 rows=28 width=136) (actual time=30.378..30.392 rows=17 loops=1)
Merge Join  (cost=5545.89..5546.44 rows=29 width=136) (actual time=30.290..30.306 rows=19 loops=1)
Merge Join  (cost=5546.07..5547.06 rows=54 width=127) (actual time=32.887..32.897 rows=7 loops=1)
Merge Join  (cost=5546.80..5547.81 rows=55 width=127) (actual time=32.936..32.981 rows=86 loops=1)
Merge Join  (cost=5535.54..5540.69 rows=28 width=21) (actual time=29.736..29.840 rows=21 loops=1)
Merge Join  (cost=5544.24..5544.78 rows=28 width=136) (actual time=30.241..30.259 rows=27 loops=1)
Merge Join  (cost=5534.64..5539.69 rows=27 width=21) (actual time=29.597..29.810 rows=11 loops=1)
Merge Join  (cost=5536.17..5541.37 rows=28 width=21) (actual time=29.817..29.963 rows=7 loops=1)
Merge Join  (cost=5544.30..5544.84 rows=28 width=136) (actual time=30.110..30.123 rows=17 loops=1)
Merge Join  (cost=5544.24..5544.78 rows=28 width=136) (actual time=30.094..30.101 rows=3 loops=1)
Merge Join  (cost=5546.80..5547.81 rows=55 width=127) (actual time=33.275..33.318 rows=82 loops=1)
Merge Join  (cost=5536.00..5541.18 rows=28 width=21) (actual time=29.744..29.806 rows=20 loops=1)
Merge Join  (cost=5545.95..5546.94 rows=54 width=127) (actual time=32.951..32.964 rows=19 loops=1)
Merge Join  (cost=5535.43..5540.57 rows=28 width=21) (actual time=29.925..30.079 rows=32 loops=1)
Merge Join  (cost=5536.00..5541.18 rows=28 width=21) (actual time=29.852..30.013 rows=22 loops=1)
Merge Join  (cost=5543.56..5544.10 rows=28 width=136) (actual time=29.822..29.829 rows=3 loops=1)
Merge Join  (cost=5536.17..5541.37 rows=28 width=21) (actual time=29.558..29.772 rows=25 loops=1)
Merge Join  (cost=5588.38..5597.49 rows=518 width=127) (actual time=34.349..34.601 rows=527 loops=1)
Merge Join  (cost=5534.92..5540.01 rows=28 width=21) (actual time=29.680..29.718 rows=35 loops=1)
Merge Join  (cost=5547.77..5548.80 rows=56 width=127) (actual time=33.000..33.038 rows=71 loops=1)
Merge Join  (cost=5544.43..5545.40 rows=53 width=127) (actual time=32.542..32.556 rows=17 loops=1)
Merge Join  (cost=5535.54..5540.69 rows=28 width=21) (actual time=29.870..30.082 rows=23 loops=1)
Merge Join  (cost=5535.54..5540.69 rows=28 width=21) (actual time=29.712..29.846 rows=24 loops=1)
Merge Join  (cost=5546.80..5547.81 rows=55 width=127) (actual time=32.379..32.392 rows=16 loops=1)
Merge Join  (cost=5535.26..5540.38 rows=28 width=21) (actual time=29.746..29.841 rows=8 loops=1)
Merge Join  (cost=5545.04..5546.02 rows=53 width=127) (actual time=33.167..33.175 rows=3 loops=1)
Merge Join  (cost=5534.92..5540.01 rows=28 width=21) (actual time=29.793..29.947 rows=17 loops=1)
Merge Join  (cost=5546.61..5547.62 rows=55 width=127) (actual time=32.577..32.580 rows=1 loops=1)
Merge Join  (cost=5534.64..5539.69 rows=27 width=21) (actual time=29.738..29.867 rows=6 loops=1)
Merge Join  (cost=5535.26..5540.38 rows=28 width=21) (actual time=29.965..30.069 rows=5 loops=1)
Merge Join  (cost=5535.20..5540.32 rows=28 width=21) (actual time=30.058..30.222 rows=29 loops=1)
Merge Join  (cost=5534.64..5539.69 rows=27 width=21) (actual time=30.219..30.385 rows=20 loops=1)
Merge Join  (cost=5544.92..5545.89 rows=53 width=127) (actual time=32.687..32.689 rows=1 loops=1)
Merge Join  (cost=5535.43..5540.57 rows=28 width=21) (actual time=29.814..29.968 rows=29 loops=1)
Merge Join  (cost=5543.56..5544.10 rows=28 width=136) (actual time=30.084..30.101 rows=25 loops=1)
Merge Join  (cost=5546.07..5547.06 rows=54 width=127) (actual time=33.225..33.238 rows=17 loops=1)
Merge Join  (cost=5547.77..5548.80 rows=56 width=127) (actual time=32.987..33.005 rows=27 loops=1)
Merge Join  (cost=5535.54..5540.69 rows=28 width=21) (actual time=29.720..29.877 rows=23 loops=1)
Merge Join  (cost=5534.07..5539.08 rows=27 width=21) (actual time=29.704..29.716 rows=19 loops=1)
Merge Join  (cost=5535.26..5540.38 rows=28 width=21) (actual time=29.537..29.671 rows=29 loops=1)
Merge Join  (cost=5534.92..5540.01 rows=28 width=21) (actual time=29.601..29.696 rows=19 loops=1)
Merge Join  (cost=5543.75..5544.28 rows=28 width=136) (actual time=30.081..30.099 rows=27 loops=1)
Merge Join  (cost=5543.75..5544.28 rows=28 width=136) (actual time=30.508..30.524 rows=23 loops=1)
Merge Join  (cost=5535.09..5540.20 rows=28 width=403) (actual time=29.526..29.705 rows=23 loops=1)
Merge Join  (cost=5543.56..5544.10 rows=28 width=136) (actual time=29.856..29.874 rows=25 loops=1)
Merge Join  (cost=5545.77..5546.76 rows=54 width=127) (actual time=33.375..33.441 rows=131 loops=1)
Merge Join  (cost=5536.17..5541.37 rows=28 width=21) (actual time=29.844..30.034 rows=13 loops=1)
Merge Join  (cost=5545.70..5546.69 rows=54 width=127) (actual time=32.780..32.782 rows=1 loops=1)
Merge Join  (cost=5544.24..5544.78 rows=28 width=136) (actual time=29.808..29.819 rows=13 loops=1)
Merge Join  (cost=5543.87..5544.41 rows=28 width=136) (actual time=30.313..30.324 rows=11 loops=1)
Merge Join  (cost=5535.54..5540.69 rows=28 width=21) (actual time=29.906..30.101 rows=21 loops=1)
Merge Join  (cost=5547.05..5548.05 rows=55 width=127) (actual time=33.092..33.122 rows=54 loops=1)
Merge Join  (cost=5544.24..5544.78 rows=28 width=136) (actual time=29.955..29.965 rows=11 loops=1)
Merge Join  (cost=5544.92..5545.45 rows=28 width=136) (actual time=29.998..30.001 rows=1 loops=1)
Merge Join  (cost=5536.17..5541.37 rows=28 width=403) (actual time=30.268..30.470 rows=1 loops=1)
Merge Join  (cost=5544.92..5545.89 rows=53 width=127) (actual time=32.925..32.947 rows=35 loops=1)
Merge Join  (cost=5544.24..5544.78 rows=28 width=136) (actual time=29.704..29.720 rows=23 loops=1)
Merge Join  (cost=5534.64..5539.69 rows=27 width=21) (actual time=30.040..30.199 rows=25 loops=1)
Merge Join  (cost=5546.14..5547.13 rows=54 width=127) (actual time=33.223..33.238 rows=18 loops=1)
Merge Join  (cost=5544.24..5544.78 rows=28 width=136) (actual time=29.863..29.883 rows=29 loops=1)
Merge Join  (cost=5535.54..5540.69 rows=28 width=403) (actual time=29.987..30.203 rows=29 loops=1)
Merge Join  (cost=5544.73..5545.27 rows=28 width=136) (actual time=30.088..30.098 rows=9 loops=1)
Merge Join  (cost=5535.43..5540.57 rows=28 width=21) (actual time=29.814..29.929 rows=10 loops=1)
Merge Join  (cost=5535.54..5540.69 rows=28 width=21) (actual time=29.628..29.798 rows=13 loops=1)
Merge Join  (cost=5545.95..5546.94 rows=54 width=127) (actual time=32.890..32.897 rows=3 loops=1)
Merge Join  (cost=5535.09..5540.20 rows=28 width=21) (actual time=29.672..29.819 rows=30 loops=1)
Merge Join  (cost=5534.64..5539.69 rows=27 width=21) (actual time=30.276..30.418 rows=1 loops=1)
Merge Join  (cost=5535.54..5540.69 rows=28 width=21) (actual time=29.795..30.013 rows=9 loops=1)
Merge Join  (cost=5546.80..5547.81 rows=55 width=127) (actual time=33.110..33.144 rows=62 loops=1)
Merge Join  (cost=5536.17..5541.37 rows=28 width=21) (actual time=29.752..29.996 rows=13 loops=1)
Merge Join  (cost=5536.40..5541.62 rows=28 width=21) (actual time=29.859..30.012 rows=28 loops=1)
Merge Join  (cost=5546.07..5547.06 rows=54 width=127) (actual time=32.801..32.810 rows=8 loops=1)
Merge Join  (cost=5535.09..5540.20 rows=28 width=21) (actual time=29.589..29.699 rows=20 loops=1)
Merge Join  (cost=5543.09..5543.61 rows=27 width=136) (actual time=29.930..29.938 rows=7 loops=1)
Merge Join  (cost=5545.04..5546.02 rows=53 width=127) (actual time=32.395..32.405 rows=9 loops=1)
Merge Join  (cost=5545.70..5546.69 rows=54 width=127) (actual time=32.542..32.552 rows=11 loops=1)
Merge Join  (cost=5537.02..5542.31 rows=29 width=21) (actual time=29.798..29.905 rows=9 loops=1)
Merge Join  (cost=5537.02..5542.31 rows=29 width=21) (actual time=30.244..30.378 rows=32 loops=1)
Merge Join  (cost=5535.54..5540.69 rows=28 width=21) (actual time=29.744..29.941 rows=23 loops=1)
Merge Join  (cost=5544.92..5545.89 rows=53 width=127) (actual time=33.428..33.442 rows=17 loops=1)
Merge Join  (cost=5535.43..5540.57 rows=28 width=21) (actual time=29.765..29.952 rows=33 loops=1)
Merge Join  (cost=5545.40..5546.39 rows=54 width=127) (actual time=33.520..33.609 rows=179 loops=1)
Merge Join  (cost=5537.02..5542.31 rows=29 width=21) (actual time=29.913..30.064 rows=31 loops=1)
Merge Join  (cost=5535.20..5540.32 rows=28 width=21) (actual time=29.787..29.949 rows=18 loops=1)
Merge Join  (cost=5546.80..5547.81 rows=55 width=127) (actual time=33.187..33.197 rows=7 loops=1)
Merge Join  (cost=5545.17..5545.70 rows=28 width=136) (actual time=30.301..30.317 rows=21 loops=1)
Merge Join  (cost=5535.26..5540.38 rows=28 width=21) (actual time=30.102..30.328 rows=5 loops=1)
Merge Join  (cost=5560.48..5564.19 rows=209 width=127) (actual time=33.856..33.947 rows=189 loops=1)
Merge Join  (cost=5534.53..5539.57 rows=27 width=21) (actual time=30.371..30.482 rows=24 loops=1)
Merge Join  (cost=5544.92..5545.45 rows=28 width=136) (actual time=30.405..30.418 rows=15 loops=1)
Merge Join  (cost=5535.26..5540.38 rows=28 width=21) (actual time=30.009..30.148 rows=31 loops=1)
Merge Join  (cost=5535.43..5540.57 rows=28 width=21) (actual time=30.123..30.272 rows=22 loops=1)
Merge Join  (cost=5535.09..5540.20 rows=28 width=21) (actual time=29.922..30.089 rows=28 loops=1)
Merge Join  (cost=5535.54..5540.69 rows=28 width=21) (actual time=29.962..30.074 rows=24 loops=1)
Merge Join  (cost=5545.89..5546.44 rows=29 width=136) (actual time=30.166..30.177 rows=11 loops=1)
Merge Join  (cost=5543.21..5543.73 rows=27 width=136) (actual time=30.355..30.364 rows=7 loops=1)
Merge Join  (cost=5546.43..5547.44 rows=55 width=127) (actual time=32.998..33.001 rows=1 loops=1)
Merge Join  (cost=5534.64..5539.69 rows=27 width=21) (actual time=30.029..30.179 rows=22 loops=1)
Merge Join  (cost=5534.53..5539.57 rows=27 width=21) (actual time=29.825..29.964 rows=19 loops=1)
Merge Join  (cost=5534.64..5539.69 rows=27 width=21) (actual time=29.857..30.011 rows=7 loops=1)
Merge Join  (cost=5535.60..5540.75 rows=28 width=21) (actual time=30.068..30.151 rows=25 loops=1)
Merge Join  (cost=5546.80..5547.81 rows=55 width=127) (actual time=33.095..33.099 rows=1 loops=1)
Merge Join  (cost=5536.17..5541.37 rows=28 width=403) (actual time=29.715..29.879 rows=1 loops=1)
Merge Join  (cost=5535.83..5541.00 rows=28 width=21) (actual time=30.018..30.228 rows=15 loops=1)
Merge Join  (cost=5534.53..5539.57 rows=27 width=21) (actual time=29.727..29.929 rows=1 loops=1)
Merge Join  (cost=5544.43..5545.40 rows=53 width=127) (actual time=33.710..33.731 rows=31 loops=1)
Merge Join  (cost=5536.00..5541.18 rows=28 width=21) (actual time=29.952..30.112 rows=21 loops=1)
Merge Join  (cost=5544.24..5544.78 rows=28 width=136) (actual time=30.186..30.207 rows=29 loops=1)
Merge Join  (cost=5534.07..5539.08 rows=27 width=21) (actual time=29.935..30.029 rows=10 loops=1)
Merge Join  (cost=5536.17..5541.37 rows=28 width=21) (actual time=29.909..30.036 rows=22 loops=1)
Merge Join  (cost=5535.60..5540.75 rows=28 width=21) (actual time=29.913..30.056 rows=22 loops=1)
Merge Join  (cost=5546.43..5547.44 rows=55 width=127) (actual time=33.708..33.747 rows=70 loops=1)
Merge Join  (cost=5535.09..5540.20 rows=28 width=21) (actual time=29.883..30.028 rows=26 loops=1)
Merge Join  (cost=5535.43..5540.57 rows=28 width=21) (actual time=30.023..30.171 rows=9 loops=1)
Merge Join  (cost=5546.43..5547.44 rows=55 width=127) (actual time=33.527..33.554 rows=44 loops=1)
Merge Join  (cost=5544.30..5544.84 rows=28 width=136) (actual time=30.212..30.223 rows=3 loops=1)
Merge Join  (cost=5535.26..5540.38 rows=28 width=21) (actual time=30.161..30.309 rows=22 loops=1)
Merge Join  (cost=5544.43..5545.40 rows=53 width=127) (actual time=33.454..33.485 rows=52 loops=1)
Merge Join  (cost=5545.70..5546.69 rows=54 width=127) (actual time=33.662..33.739 rows=156 loops=1)
Merge Join  (cost=5544.24..5544.78 rows=28 width=136) (actual time=30.367..30.391 rows=37 loops=1)
Merge Join  (cost=5543.56..5544.10 rows=28 width=136) (actual time=30.097..30.106 rows=7 loops=1)
Merge Join  (cost=5535.54..5540.69 rows=28 width=21) (actual time=30.078..30.151 rows=34 loops=1)
Merge Join  (cost=5546.07..5547.06 rows=54 width=127) (actual time=33.332..33.340 rows=5 loops=1)
Merge Join  (cost=5535.54..5540.69 rows=28 width=403) (actual time=29.837..29.954 rows=5 loops=1)
Merge Join  (cost=5534.64..5539.69 rows=27 width=21) (actual time=29.945..30.088 rows=30 loops=1)
Merge Join  (cost=5536.17..5541.37 rows=28 width=21) (actual time=29.997..30.140 rows=31 loops=1)
Merge Join  (cost=5536.00..5541.18 rows=28 width=21) (actual time=29.894..30.107 rows=3 loops=1)
Merge Join  (cost=5547.05..5548.05 rows=55 width=127) (actual time=36.846..36.880 rows=29 loops=1)
Merge Join  (cost=5545.70..5546.69 rows=54 width=127) (actual time=33.049..33.056 rows=3 loops=1)
Merge Join  (cost=5547.77..5548.80 rows=56 width=127) (actual time=33.247..33.287 rows=73 loops=1)
Merge Join  (cost=5543.09..5543.61 rows=27 width=136) (actual time=30.304..30.327 rows=33 loops=1)
Merge Join  (cost=5535.43..5540.57 rows=28 width=21) (actual time=30.143..30.207 rows=25 loops=1)
Merge Join  (cost=5536.17..5541.37 rows=28 width=21) (actual time=29.892..30.088 rows=6 loops=1)
Merge Join  (cost=5545.70..5546.69 rows=54 width=127) (actual time=32.785..32.793 rows=5 loops=1)
Merge Join  (cost=5536.00..5541.18 rows=28 width=21) (actual time=30.326..30.490 rows=20 loops=1)
Merge Join  (cost=5542.60..5543.12 rows=27 width=136) (actual time=29.909..29.927 rows=27 loops=1)
Merge Join  (cost=5545.04..5546.02 rows=53 width=127) (actual time=32.712..32.714 rows=1 loops=1)
Merge Join  (cost=5545.70..5546.69 rows=54 width=127) (actual time=33.086..33.094 rows=5 loops=1)
Merge Join  (cost=5535.20..5540.32 rows=28 width=403) (actual time=29.716..29.879 rows=1 loops=1)
Merge Join  (cost=5535.43..5540.57 rows=28 width=21) (actual time=29.585..29.729 rows=3 loops=1)
Merge Join  (cost=5536.00..5541.18 rows=28 width=21) (actual time=29.661..29.794 rows=24 loops=1)
Merge Join  (cost=5535.26..5540.38 rows=28 width=21) (actual time=29.756..29.922 rows=7 loops=1)
Merge Join  (cost=5546.07..5547.06 rows=54 width=127) (actual time=32.863..32.865 rows=1 loops=1)
Merge Join  (cost=5534.07..5539.08 rows=27 width=21) (actual time=29.809..29.958 rows=8 loops=1)
Merge Join  (cost=5535.83..5541.00 rows=28 width=21) (actual time=29.581..29.704 rows=22 loops=1)
Merge Join  (cost=5536.17..5541.37 rows=28 width=21) (actual time=29.814..29.934 rows=7 loops=1)
Merge Join  (cost=5545.17..5545.70 rows=28 width=136) (actual time=30.210..30.225 rows=21 loops=1)
Merge Join  (cost=5543.09..5543.61 rows=27 width=136) (actual time=30.030..30.048 rows=29 loops=1)
Merge Join  (cost=5534.92..5540.01 rows=28 width=21) (actual time=29.527..29.662 rows=33 loops=1)
Merge Join  (cost=5546.80..5547.81 rows=55 width=127) (actual time=33.255..33.276 rows=35 loops=1)
Merge Join  (cost=5545.04..5546.02 rows=53 width=127) (actual time=33.253..33.293 rows=75 loops=1)
Merge Join  (cost=5546.07..5547.06 rows=54 width=127) (actual time=32.781..32.783 rows=1 loops=1)
Merge Join  (cost=5543.93..5544.47 rows=28 width=136) (actual time=29.963..29.983 rows=31 loops=1)
Merge Join  (cost=5546.14..5547.13 rows=54 width=127) (actual time=32.950..32.958 rows=3 loops=1)
Merge Join  (cost=5545.04..5546.02 rows=53 width=127) (actual time=33.174..33.186 rows=13 loops=1)
Merge Join  (cost=5547.05..5548.05 rows=55 width=127) (actual time=32.807..32.809 rows=1 loops=1)
Merge Join  (cost=5545.95..5546.94 rows=54 width=127) (actual time=33.664..33.749 rows=174 loops=1)
Merge Join  (cost=5534.53..5539.57 rows=27 width=21) (actual time=29.828..30.022 rows=1 loops=1)
Merge Join  (cost=5536.17..5541.37 rows=28 width=21) (actual time=29.531..29.725 rows=6 loops=1)
Merge Join  (cost=5535.54..5540.69 rows=28 width=21) (actual time=29.609..29.707 rows=13 loops=1)
Merge Join  (cost=5546.61..5547.62 rows=55 width=127) (actual time=32.839..32.848 rows=8 loops=1)
Merge Join  (cost=5546.80..5547.81 rows=55 width=127) (actual time=33.143..33.173 rows=53 loops=1)
Merge Join  (cost=5536.17..5541.37 rows=28 width=403) (actual time=29.718..29.942 rows=7 loops=1)
Merge Join  (cost=5587.55..5596.52 rows=510 width=127) (actual time=34.201..34.435 rows=499 loops=1)
Merge Join  (cost=5535.43..5540.57 rows=28 width=21) (actual time=29.682..29.838 rows=26 loops=1)
Merge Join  (cost=5544.24..5544.78 rows=28 width=136) (actual time=30.050..30.058 rows=7 loops=1)
Merge Join  (cost=5536.17..5541.37 rows=28 width=21) (actual time=29.749..29.893 rows=1 loops=1)
Merge Join  (cost=5534.92..5540.01 rows=28 width=21) (actual time=29.698..29.849 rows=24 loops=1)
Merge Join  (cost=5534.64..5539.69 rows=27 width=21) (actual time=29.585..29.648 rows=18 loops=1)
Merge Join  (cost=5536.17..5541.37 rows=28 width=21) (actual time=29.756..29.963 rows=1 loops=1)
Merge Join  (cost=5536.40..5541.62 rows=28 width=21) (actual time=29.960..30.144 rows=25 loops=1)
Merge Join  (cost=5545.95..5546.94 rows=54 width=127) (actual time=32.892..32.908 rows=25 loops=1)
Merge Join  (cost=5535.43..5540.57 rows=28 width=403) (actual time=29.545..29.701 rows=21 loops=1)
Merge Join  (cost=5535.43..5540.57 rows=28 width=21) (actual time=30.246..30.396 rows=32 loops=1)
Merge Join  (cost=5535.83..5541.00 rows=28 width=21) (actual time=29.961..30.170 rows=20 loops=1)
Merge Join  (cost=5536.17..5541.37 rows=28 width=21) (actual time=29.768..29.797 rows=34 loops=1)
Merge Join  (cost=5543.21..5543.73 rows=27 width=136) (actual time=29.788..29.802 rows=17 loops=1)
Merge Join  (cost=5545.70..5546.69 rows=54 width=127) (actual time=32.866..32.887 rows=33 loops=1)
Merge Join  (cost=5546.07..5547.06 rows=54 width=127) (actual time=33.053..33.070 rows=24 loops=1)
Merge Join  (cost=5545.95..5546.94 rows=54 width=127) (actual time=32.422..32.441 rows=29 loops=1)
Merge Join  (cost=5534.53..5539.57 rows=27 width=21) (actual time=29.390..29.551 rows=32 loops=1)
Merge Join  (cost=5536.00..5541.18 rows=28 width=21) (actual time=29.785..29.949 rows=13 loops=1)
Merge Join  (cost=5535.09..5540.20 rows=28 width=21) (actual time=29.683..29.794 rows=7 loops=1)
Merge Join  (cost=5534.07..5539.08 rows=27 width=21) (actual time=29.730..29.826 rows=3 loops=1)
Merge Join  (cost=5592.98..5602.74 rows=555 width=127) (actual time=34.259..34.541 rows=558 loops=1)
Merge Join  (cost=5543.09..5543.61 rows=27 width=136) (actual time=31.274..31.296 rows=35 loops=1)
Merge Join  (cost=5534.64..5539.69 rows=27 width=21) (actual time=29.696..29.849 rows=9 loops=1)
Merge Join  (cost=5544.92..5545.89 rows=53 width=127) (actual time=32.985..32.992 rows=3 loops=1)
Merge Join  (cost=5544.24..5544.78 rows=28 width=136) (actual time=29.782..29.798 rows=23 loops=1)
Merge Join  (cost=5535.09..5540.20 rows=28 width=21) (actual time=29.668..29.803 rows=32 loops=1)
Merge Join  (cost=5546.80..5547.81 rows=55 width=127) (actual time=33.090..33.102 rows=13 loops=1)
Merge Join  (cost=5546.07..5547.06 rows=54 width=127) (actual time=32.967..32.986 rows=28 loops=1)
Merge Join  (cost=5536.40..5541.62 rows=28 width=21) (actual time=29.943..30.098 rows=32 loops=1)
Merge Join  (cost=5545.58..5546.57 rows=54 width=127) (actual time=33.130..33.144 rows=17 loops=1)
Merge Join  (cost=5546.07..5547.06 rows=54 width=127) (actual time=33.667..33.760 rows=190 loops=1)
Merge Join  (cost=5534.07..5539.08 rows=27 width=21) (actual time=29.579..29.700 rows=14 loops=1)
Merge Join  (cost=5546.80..5547.81 rows=55 width=127) (actual time=32.928..32.945 rows=25 loops=1)
Merge Join  (cost=5536.17..5541.37 rows=28 width=21) (actual time=29.724..29.901 rows=3 loops=1)
Merge Join  (cost=5546.07..5547.06 rows=54 width=127) (actual time=33.154..33.157 rows=1 loops=1)
Merge Join  (cost=5535.54..5540.69 rows=28 width=21) (actual time=29.660..29.809 rows=30 loops=1)
Merge Join  (cost=5546.43..5547.44 rows=55 width=127) (actual time=32.718..32.726 rows=7 loops=1)
Merge Join  (cost=5534.64..5539.69 rows=27 width=21) (actual time=29.632..29.864 rows=33 loops=1)
Merge Join  (cost=5536.40..5541.62 rows=28 width=21) (actual time=29.866..30.028 rows=27 loops=1)
Merge Join  (cost=5544.73..5545.27 rows=28 width=136) (actual time=29.734..29.751 rows=24 loops=1)
Merge Join  (cost=5543.93..5544.47 rows=28 width=136) (actual time=29.649..29.658 rows=7 loops=1)
Merge Join  (cost=5546.07..5547.06 rows=54 width=127) (actual time=33.432..33.480 rows=86 loops=1)
Merge Join  (cost=5534.64..5539.69 rows=27 width=21) (actual time=29.677..29.791 rows=3 loops=1)
Merge Join  (cost=5544.92..5545.45 rows=28 width=136) (actual time=29.861..29.868 rows=7 loops=1)
Merge Join  (cost=5546.80..5547.81 rows=55 width=127) (actual time=32.941..32.948 rows=3 loops=1)
Merge Join  (cost=5537.02..5542.31 rows=29 width=21) (actual time=29.757..29.901 rows=32 loops=1)
Merge Join  (cost=5534.07..5539.08 rows=27 width=21) (actual time=29.911..30.117 rows=17 loops=1)
Merge Join  (cost=5536.17..5541.37 rows=28 width=21) (actual time=29.700..29.814 rows=14 loops=1)
Merge Join  (cost=5544.55..5545.08 rows=28 width=136) (actual time=29.845..29.865 rows=31 loops=1)
Merge Join  (cost=5544.92..5545.45 rows=28 width=136) (actual time=30.086..30.105 rows=29 loops=1)
Merge Join  (cost=5546.80..5547.81 rows=55 width=127) (actual time=33.220..33.227 rows=3 loops=1)
Merge Join  (cost=5545.04..5546.02 rows=53 width=127) (actual time=32.859..32.880 rows=35 loops=1)
Merge Join  (cost=5536.17..5541.37 rows=28 width=21) (actual time=29.533..29.674 rows=32 loops=1)
Merge Join  (cost=5561.95..5566.20 rows=240 width=127) (actual time=33.645..33.760 rows=236 loops=1)
Merge Join  (cost=5535.43..5540.57 rows=28 width=21) (actual time=29.849..29.988 rows=15 loops=1)
Merge Join  (cost=5535.09..5540.20 rows=28 width=21) (actual time=29.657..29.862 rows=9 loops=1)
Merge Join  (cost=5534.92..5540.01 rows=28 width=21) (actual time=29.678..29.731 rows=19 loops=1)
Merge Join  (cost=5535.54..5540.69 rows=28 width=21) (actual time=29.839..30.033 rows=5 loops=1)
Merge Join  (cost=5545.04..5546.02 rows=53 width=127) (actual time=32.863..32.873 rows=9 loops=1)
Merge Join  (cost=5535.83..5541.00 rows=28 width=21) (actual time=29.594..29.709 rows=28 loops=1)
Merge Join  (cost=5535.54..5540.69 rows=28 width=21) (actual time=29.433..29.542 rows=1 loops=1)
Merge Join  (cost=5537.02..5542.31 rows=29 width=21) (actual time=30.017..30.169 rows=20 loops=1)
Merge Join  (cost=5542.60..5543.12 rows=27 width=136) (actual time=30.179..30.195 rows=21 loops=1)
Merge Join  (cost=5534.07..5539.08 rows=27 width=403) (actual time=29.576..29.815 rows=21 loops=1)
Merge Join  (cost=5546.07..5547.06 rows=54 width=127) (actual time=33.300..33.344 rows=79 loops=1)
Merge Join  (cost=5535.26..5540.38 rows=28 width=21) (actual time=29.901..30.064 rows=26 loops=1)
Merge Join  (cost=5544.24..5544.78 rows=28 width=136) (actual time=30.020..30.039 rows=31 loops=1)
Merge Join  (cost=5535.09..5540.20 rows=28 width=21) (actual time=29.605..29.753 rows=3 loops=1)
Merge Join  (cost=5544.92..5545.89 rows=53 width=127) (actual time=32.535..32.551 rows=23 loops=1)
Merge Join  (cost=5546.43..5547.44 rows=55 width=127) (actual time=33.329..33.349 rows=33 loops=1)
Merge Join  (cost=5547.05..5548.05 rows=55 width=127) (actual time=32.641..32.654 rows=13 loops=1)
Merge Join  (cost=5546.80..5547.81 rows=55 width=127) (actual time=32.573..32.576 rows=1 loops=1)
Merge Join  (cost=5545.95..5546.94 rows=54 width=127) (actual time=32.249..32.260 rows=11 loops=1)
Merge Join  (cost=5581.83..5589.49 rows=435 width=127) (actual time=33.874..34.084 rows=432 loops=1)
Merge Join  (cost=5634.42..5653.09 rows=1001 width=127) (actual time=34.400..35.416 rows=1140 loops=1)
Merge Join  (cost=5536.17..5541.37 rows=28 width=21) (actual time=29.579..29.742 rows=28 loops=1)
Merge Join  (cost=5547.05..5548.05 rows=55 width=127) (actual time=33.039..33.069 rows=53 loops=1)
Merge Join  (cost=5545.77..5546.76 rows=54 width=127) (actual time=33.114..33.127 rows=17 loops=1)
Merge Join  (cost=5546.07..5547.06 rows=54 width=127) (actual time=32.976..33.000 rows=41 loops=1)
Merge Join  (cost=5546.61..5547.62 rows=55 width=127) (actual time=33.307..33.309 rows=1 loops=1)
Merge Join  (cost=5535.09..5540.20 rows=28 width=21) (actual time=29.536..29.691 rows=24 loops=1)
Merge Join  (cost=5534.53..5539.57 rows=27 width=21) (actual time=29.930..30.024 rows=28 loops=1)
Merge Join  (cost=5546.07..5547.06 rows=54 width=127) (actual time=32.993..33.006 rows=15 loops=1)
Merge Join  (cost=5543.75..5544.28 rows=28 width=136) (actual time=29.857..29.879 rows=35 loops=1)
Merge Join  (cost=5536.00..5541.18 rows=28 width=21) (actual time=29.560..29.725 rows=24 loops=1)
Merge Join  (cost=5535.54..5540.69 rows=28 width=21) (actual time=29.773..29.887 rows=30 loops=1)
Merge Join  (cost=5535.54..5540.69 rows=28 width=21) (actual time=29.862..30.031 rows=37 loops=1)
Merge Join  (cost=5546.43..5547.44 rows=55 width=127) (actual time=32.848..32.871 rows=41 loops=1)
Merge Join  (cost=5560.82..5564.85 rows=228 width=127) (actual time=33.102..33.214 rows=233 loops=1)
Merge Join  (cost=5545.58..5546.57 rows=54 width=127) (actual time=33.156..33.187 rows=57 loops=1)
Merge Join  (cost=5534.53..5539.57 rows=27 width=21) (actual time=29.642..29.760 rows=19 loops=1)
Merge Join  (cost=5545.77..5546.76 rows=54 width=127) (actual time=32.977..32.996 rows=27 loops=1)
Merge Join  (cost=5536.17..5541.37 rows=28 width=21) (actual time=29.489..29.600 rows=24 loops=1)
Merge Join  (cost=5535.43..5540.57 rows=28 width=21) (actual time=29.625..29.843 rows=31 loops=1)
Merge Join  (cost=5547.77..5548.80 rows=56 width=127) (actual time=33.287..33.290 rows=1 loops=1)
Merge Join  (cost=5537.02..5542.31 rows=29 width=21) (actual time=29.890..30.017 rows=26 loops=1)
Merge Join  (cost=5535.20..5540.32 rows=28 width=21) (actual time=29.503..29.664 rows=32 loops=1)
Merge Join  (cost=5535.54..5540.69 rows=28 width=21) (actual time=29.995..30.147 rows=13 loops=1)
Merge Join  (cost=5546.80..5547.81 rows=55 width=127) (actual time=33.186..33.223 rows=67 loops=1)
Merge Join  (cost=5535.83..5541.00 rows=28 width=21) (actual time=29.812..30.015 rows=25 loops=1)
Merge Join  (cost=5536.40..5541.62 rows=28 width=21) (actual time=29.514..29.669 rows=1 loops=1)
Merge Join  (cost=5544.43..5545.40 rows=53 width=127) (actual time=33.309..33.325 rows=19 loops=1)
Merge Join  (cost=5535.20..5540.32 rows=28 width=21) (actual time=29.835..29.994 rows=28 loops=1)
Merge Join  (cost=5535.26..5540.38 rows=28 width=21) (actual time=29.769..29.989 rows=1 loops=1)
Merge Join  (cost=5547.05..5548.05 rows=55 width=127) (actual time=32.683..32.692 rows=7 loops=1)
Merge Join  (cost=5544.92..5545.89 rows=53 width=127) (actual time=33.214..33.228 rows=17 loops=1)
Merge Join  (cost=5535.20..5540.32 rows=28 width=21) (actual time=29.634..29.667 rows=19 loops=1)
Merge Join  (cost=5545.40..5546.39 rows=54 width=127) (actual time=32.865..32.912 rows=87 loops=1)
Merge Join  (cost=5545.77..5546.76 rows=54 width=127) (actual time=32.779..32.794 rows=19 loops=1)
Merge Join  (cost=5535.60..5540.75 rows=28 width=21) (actual time=29.723..29.766 rows=32 loops=1)
Merge Join  (cost=5545.04..5546.02 rows=53 width=127) (actual time=32.845..32.855 rows=8 loops=1)
Merge Join  (cost=5542.60..5543.12 rows=27 width=136) (actual time=29.656..29.668 rows=13 loops=1)
Merge Join  (cost=5544.55..5545.08 rows=28 width=136) (actual time=29.896..29.914 rows=28 loops=1)
Merge Join  (cost=5544.24..5544.78 rows=28 width=136) (actual time=30.307..30.325 rows=25 loops=1)
Merge Join  (cost=5535.54..5540.69 rows=28 width=21) (actual time=29.781..29.894 rows=6 loops=1)
Merge Join  (cost=5546.07..5547.06 rows=54 width=127) (actual time=33.367..33.455 rows=177 loops=1)
Merge Join  (cost=5537.02..5542.31 rows=29 width=21) (actual time=29.532..29.697 rows=31 loops=1)
Merge Join  (cost=5534.92..5540.01 rows=28 width=21) (actual time=29.360..29.418 rows=20 loops=1)
Merge Join  (cost=5557.37..5560.66 rows=185 width=127) (actual time=33.499..33.588 rows=181 loops=1)
Merge Join  (cost=5545.04..5546.02 rows=53 width=127) (actual time=32.555..32.558 rows=1 loops=1)
Merge Join  (cost=5535.09..5540.20 rows=28 width=21) (actual time=29.471..29.650 rows=28 loops=1)
Merge Join  (cost=5535.20..5540.32 rows=28 width=21) (actual time=29.479..29.690 rows=25 loops=1)
Merge Join  (cost=5535.09..5540.20 rows=28 width=21) (actual time=29.620..29.773 rows=36 loops=1)
Merge Join  (cost=5544.12..5544.65 rows=28 width=136) (actual time=30.329..30.348 rows=27 loops=1)
Merge Join  (cost=5535.83..5541.00 rows=28 width=21) (actual time=29.504..29.736 rows=1 loops=1)
Merge Join  (cost=5534.64..5539.69 rows=27 width=21) (actual time=29.744..29.901 rows=16 loops=1)
Merge Join  (cost=5535.09..5540.20 rows=28 width=21) (actual time=29.643..29.692 rows=18 loops=1)
Merge Join  (cost=5544.12..5544.65 rows=28 width=136) (actual time=31.461..31.472 rows=11 loops=1)
Merge Join  (cost=5635.33..5654.11 rows=1008 width=127) (actual time=34.237..35.258 rows=1139 loops=1)
Merge Join  (cost=5536.40..5541.62 rows=28 width=21) (actual time=29.637..29.781 rows=24 loops=1)
Merge Join  (cost=5546.07..5547.06 rows=54 width=127) (actual time=34.612..34.619 rows=3 loops=1)
Merge Join  (cost=5536.17..5541.37 rows=28 width=21) (actual time=29.745..29.882 rows=21 loops=1)
Merge Join  (cost=5543.09..5543.61 rows=27 width=136) (actual time=29.771..29.785 rows=19 loops=1)
Merge Join  (cost=5534.53..5539.57 rows=27 width=403) (actual time=29.527..29.565 rows=19 loops=1)
Merge Join  (cost=5534.53..5539.57 rows=27 width=21) (actual time=29.903..30.033 rows=32 loops=1)
Merge Join  (cost=5534.64..5539.69 rows=27 width=21) (actual time=30.033..30.157 rows=3 loops=1)
Merge Join  (cost=5534.64..5539.69 rows=27 width=21) (actual time=29.657..29.799 rows=21 loops=1)
Merge Join  (cost=5536.40..5541.62 rows=28 width=21) (actual time=29.600..29.726 rows=10 loops=1)
Merge Join  (cost=5545.89..5546.44 rows=29 width=136) (actual time=30.136..30.153 rows=25 loops=1)
Merge Join  (cost=5537.02..5542.31 rows=29 width=403) (actual time=29.930..30.061 rows=25 loops=1)
Merge Join  (cost=5546.14..5547.13 rows=54 width=127) (actual time=32.553..32.564 rows=13 loops=1)
Merge Join  (cost=5535.43..5540.57 rows=28 width=21) (actual time=29.610..29.677 rows=18 loops=1)
Merge Join  (cost=5544.92..5545.45 rows=28 width=136) (actual time=30.156..30.171 rows=21 loops=1)
Merge Join  (cost=5535.09..5540.20 rows=28 width=21) (actual time=29.932..30.022 rows=20 loops=1)
Merge Join  (cost=5546.07..5547.06 rows=54 width=127) (actual time=32.518..32.535 rows=25 loops=1)
Merge Join  (cost=5535.54..5540.69 rows=28 width=21) (actual time=29.545..29.718 rows=17 loops=1)
Merge Join  (cost=5544.92..5545.45 rows=28 width=136) (actual time=29.985..29.995 rows=13 loops=1)
Merge Join  (cost=5544.73..5545.27 rows=28 width=136) (actual time=30.229..30.243 rows=17 loops=1)
Merge Join  (cost=5536.00..5541.18 rows=28 width=21) (actual time=29.578..29.699 rows=30 loops=1)
Merge Join  (cost=5544.30..5544.84 rows=28 width=136) (actual time=29.870..29.881 rows=13 loops=1)
Merge Join  (cost=5535.20..5540.32 rows=28 width=21) (actual time=29.741..29.850 rows=16 loops=1)
Merge Join  (cost=5546.07..5547.06 rows=54 width=127) (actual time=33.175..33.183 rows=3 loops=1)
Merge Join  (cost=5545.89..5546.44 rows=29 width=136) (actual time=29.960..29.977 rows=25 loops=1)
Merge Join  (cost=5535.09..5540.20 rows=28 width=21) (actual time=29.746..29.887 rows=27 loops=1)
Merge Join  (cost=5543.87..5544.41 rows=28 width=136) (actual time=29.968..29.977 rows=7 loops=1)
Merge Join  (cost=5535.60..5540.75 rows=28 width=21) (actual time=29.740..29.926 rows=5 loops=1)
Merge Join  (cost=5589.12..5598.30 rows=522 width=127) (actual time=34.303..34.548 rows=525 loops=1)
Merge Join  (cost=5535.54..5540.69 rows=28 width=21) (actual time=29.622..29.773 rows=28 loops=1)
Merge Join  (cost=5546.14..5547.13 rows=54 width=127) (actual time=33.160..33.177 rows=23 loops=1)
Merge Join  (cost=5544.43..5545.40 rows=53 width=127) (actual time=32.998..33.038 rows=76 loops=1)
Merge Join  (cost=5535.54..5540.69 rows=28 width=21) (actual time=29.603..29.610 rows=5 loops=1)
Merge Join  (cost=5534.64..5539.69 rows=27 width=21) (actual time=29.714..29.842 rows=20 loops=1)
Merge Join  (cost=5534.53..5539.57 rows=27 width=21) (actual time=29.829..29.872 rows=5 loops=1)
Merge Join  (cost=5546.07..5547.06 rows=54 width=127) (actual time=32.922..32.932 rows=11 loops=1)
Merge Join  (cost=5534.64..5539.69 rows=27 width=21) (actual time=29.393..29.596 rows=3 loops=1)
Merge Join  (cost=5546.07..5547.06 rows=54 width=127) (actual time=32.832..32.846 rows=19 loops=1)
Merge Join  (cost=5543.87..5544.41 rows=28 width=136) (actual time=29.952..29.965 rows=17 loops=1)
Merge Join  (cost=5535.20..5540.32 rows=28 width=403) (actual time=29.802..29.938 rows=17 loops=1)
Merge Join  (cost=5543.87..5544.41 rows=28 width=136) (actual time=29.712..29.721 rows=5 loops=1)
Merge Join  (cost=5534.64..5539.69 rows=27 width=21) (actual time=29.629..29.783 rows=24 loops=1)
Merge Join  (cost=5535.54..5540.69 rows=28 width=21) (actual time=29.992..30.157 rows=25 loops=1)
Merge Join  (cost=5544.43..5545.40 rows=53 width=127) (actual time=33.508..33.523 rows=19 loops=1)
Merge Join  (cost=5535.26..5540.38 rows=28 width=21) (actual time=29.853..29.906 rows=26 loops=1)
Merge Join  (cost=5534.53..5539.57 rows=27 width=21) (actual time=29.530..29.740 rows=7 loops=1)
Merge Join  (cost=5535.43..5540.57 rows=28 width=21) (actual time=29.804..29.920 rows=30 loops=1)
Merge Join  (cost=5546.07..5547.06 rows=54 width=127) (actual time=33.290..33.306 rows=23 loops=1)
Merge Join  (cost=5535.54..5540.69 rows=28 width=403) (actual time=29.511..29.668 rows=19 loops=1)
Merge Join  (cost=5536.17..5541.37 rows=28 width=21) (actual time=29.692..29.819 rows=10 loops=1)
Merge Join  (cost=5543.56..5544.10 rows=28 width=136) (actual time=30.090..30.109 rows=27 loops=1)
Merge Join  (cost=5534.07..5539.08 rows=27 width=21) (actual time=29.845..30.028 rows=7 loops=1)
Merge Join  (cost=5543.09..5543.61 rows=27 width=136) (actual time=29.925..29.941 rows=19 loops=1)
Merge Join  (cost=5534.64..5539.69 rows=27 width=21) (actual time=29.715..29.876 rows=19 loops=1)
Merge Join  (cost=5536.17..5541.37 rows=28 width=21) (actual time=29.955..30.113 rows=4 loops=1)
Merge Join  (cost=5544.92..5545.45 rows=28 width=136) (actual time=30.117..30.135 rows=27 loops=1)
Merge Join  (cost=5545.95..5546.94 rows=54 width=127) (actual time=32.593..32.611 rows=29 loops=1)
Merge Join  (cost=5535.54..5540.69 rows=28 width=21) (actual time=29.572..29.713 rows=26 loops=1)
Merge Join  (cost=5537.02..5542.31 rows=29 width=21) (actual time=29.868..30.003 rows=31 loops=1)
Merge Join  (cost=5545.70..5546.69 rows=54 width=127) (actual time=32.954..32.973 rows=31 loops=1)
Merge Join  (cost=5545.89..5546.44 rows=29 width=136) (actual time=29.853..29.861 rows=6 loops=1)
Merge Join  (cost=5535.54..5540.69 rows=28 width=21) (actual time=29.835..29.897 rows=5 loops=1)
Merge Join  (cost=5544.92..5545.89 rows=53 width=127) (actual time=33.528..33.566 rows=69 loops=1)
Merge Join  (cost=5544.92..5545.89 rows=53 width=127) (actual time=32.600..32.617 rows=25 loops=1)
Merge Join  (cost=5536.40..5541.62 rows=28 width=21) (actual time=29.626..29.706 rows=28 loops=1)
Merge Join  (cost=5535.09..5540.20 rows=28 width=21) (actual time=29.721..29.938 rows=1 loops=1)
Merge Join  (cost=5534.92..5540.01 rows=28 width=21) (actual time=29.817..29.948 rows=31 loops=1)
Merge Join  (cost=5546.80..5547.81 rows=55 width=127) (actual time=33.023..33.025 rows=1 loops=1)
Merge Join  (cost=5536.17..5541.37 rows=28 width=21) (actual time=29.614..29.879 rows=13 loops=1)
Merge Join  (cost=5547.77..5548.80 rows=56 width=127) (actual time=32.789..32.804 rows=19 loops=1)
Merge Join  (cost=5543.93..5544.47 rows=28 width=136) (actual time=30.104..30.123 rows=27 loops=1)
Merge Join  (cost=5535.54..5540.69 rows=28 width=21) (actual time=29.963..30.059 rows=29 loops=1)
Merge Join  (cost=5590.37..5599.65 rows=528 width=127) (actual time=34.157..34.444 rows=597 loops=1)
Merge Join  (cost=5544.24..5544.78 rows=28 width=136) (actual time=29.839..29.858 rows=31 loops=1)
Merge Join  (cost=5547.77..5548.80 rows=56 width=127) (actual time=33.259..33.289 rows=51 loops=1)
Merge Join  (cost=5536.17..5541.37 rows=28 width=21) (actual time=29.534..29.741 rows=31 loops=1)
Merge Join  (cost=5536.00..5541.18 rows=28 width=21) (actual time=29.528..29.682 rows=16 loops=1)
Merge Join  (cost=5546.07..5547.06 rows=54 width=127) (actual time=32.935..32.950 rows=18 loops=1)
Merge Join  (cost=5545.70..5546.69 rows=54 width=127) (actual time=33.023..33.039 rows=23 loops=1)
Merge Join  (cost=5544.92..5545.45 rows=28 width=136) (actual time=29.781..29.799 rows=27 loops=1)
Merge Join  (cost=5547.77..5548.80 rows=56 width=127) (actual time=32.787..32.829 rows=76 loops=1)
Merge Join  (cost=5544.30..5544.84 rows=28 width=136) (actual time=29.738..29.751 rows=17 loops=1)
Merge Join  (cost=5535.09..5540.20 rows=28 width=21) (actual time=29.804..29.973 rows=17 loops=1)
Merge Join  (cost=5535.43..5540.57 rows=28 width=21) (actual time=29.861..29.974 rows=1 loops=1)
Merge Join  (cost=5545.40..5546.39 rows=54 width=127) (actual time=33.110..33.147 rows=69 loops=1)
Merge Join  (cost=5534.92..5540.01 rows=28 width=403) (actual time=29.458..29.478 rows=37 loops=1)
Merge Join  (cost=5535.54..5540.69 rows=28 width=21) (actual time=29.771..29.876 rows=20 loops=1)
Merge Join  (cost=5535.09..5540.20 rows=28 width=21) (actual time=29.889..30.027 rows=28 loops=1)
Merge Join  (cost=5534.64..5539.69 rows=27 width=21) (actual time=29.717..29.852 rows=3 loops=1)
Merge Join  (cost=5535.09..5540.20 rows=28 width=21) (actual time=29.808..29.970 rows=28 loops=1)
Merge Join  (cost=5536.17..5541.37 rows=28 width=21) (actual time=29.698..29.751 rows=34 loops=1)
Merge Join  (cost=5535.54..5540.69 rows=28 width=21) (actual time=29.958..30.086 rows=15 loops=1)
Merge Join  (cost=5544.92..5545.45 rows=28 width=136) (actual time=29.740..29.748 rows=5 loops=1)
Merge Join  (cost=5536.17..5541.37 rows=28 width=403) (actual time=29.396..29.523 rows=5 loops=1)
Merge Join  (cost=5546.43..5547.44 rows=55 width=127) (actual time=32.553..32.560 rows=5 loops=1)
Merge Join  (cost=5536.17..5541.37 rows=28 width=21) (actual time=29.715..29.930 rows=3 loops=1)
Merge Join  (cost=5535.54..5540.69 rows=28 width=21) (actual time=29.519..29.629 rows=31 loops=1)
Merge Join  (cost=5536.00..5541.18 rows=28 width=21) (actual time=30.055..30.072 rows=28 loops=1)
Merge Join  (cost=5543.56..5544.10 rows=28 width=136) (actual time=29.938..29.947 rows=7 loops=1)
Merge Join  (cost=5534.07..5539.08 rows=27 width=21) (actual time=29.941..30.068 rows=5 loops=1)
Merge Join  (cost=5544.24..5544.78 rows=28 width=136) (actual time=29.744..29.752 rows=7 loops=1)
Merge Join  (cost=5545.58..5546.57 rows=54 width=127) (actual time=33.447..33.469 rows=33 loops=1)
Merge Join  (cost=5547.77..5548.80 rows=56 width=127) (actual time=32.790..32.801 rows=13 loops=1)
Merge Join  (cost=5535.20..5540.32 rows=28 width=21) (actual time=29.648..29.794 rows=7 loops=1)
Merge Join  (cost=5544.24..5544.78 rows=28 width=136) (actual time=29.925..29.935 rows=9 loops=1)
Merge Join  (cost=5534.64..5539.69 rows=27 width=21) (actual time=29.572..29.718 rows=19 loops=1)
Merge Join  (cost=5535.54..5540.69 rows=28 width=21) (actual time=30.107..30.218 rows=1 loops=1)
Merge Join  (cost=5544.30..5544.84 rows=28 width=136) (actual time=29.875..29.888 rows=15 loops=1)
Merge Join  (cost=5535.60..5540.75 rows=28 width=403) (actual time=29.388..29.536 rows=15 loops=1)
Merge Join  (cost=5546.14..5547.13 rows=54 width=127) (actual time=32.669..32.691 rows=37 loops=1)
Merge Join  (cost=5536.17..5541.37 rows=28 width=21) (actual time=29.906..30.040 rows=11 loops=1)
Merge Join  (cost=5557.15..5560.47 rows=187 width=127) (actual time=33.918..34.023 rows=218 loops=1)
Merge Join  (cost=5546.07..5547.06 rows=54 width=127) (actual time=33.268..33.291 rows=37 loops=1)
Merge Join  (cost=5535.20..5540.32 rows=28 width=21) (actual time=29.613..29.696 rows=22 loops=1)
Merge Join  (cost=5534.64..5539.69 rows=27 width=21) (actual time=29.795..29.947 rows=30 loops=1)
Merge Join  (cost=5536.40..5541.62 rows=28 width=21) (actual time=29.962..30.086 rows=27 loops=1)
Merge Join  (cost=5546.07..5547.06 rows=54 width=127) (actual time=32.905..32.909 rows=1 loops=1)
Merge Join  (cost=5535.54..5540.69 rows=28 width=403) (actual time=29.361..29.524 rows=1 loops=1)
Merge Join  (cost=5545.95..5546.94 rows=54 width=127) (actual time=33.190..33.203 rows=17 loops=1)
Merge Join  (cost=5544.24..5544.78 rows=28 width=136) (actual time=30.120..30.141 rows=33 loops=1)
Merge Join  (cost=5534.53..5539.57 rows=27 width=21) (actual time=29.681..29.862 rows=21 loops=1)
Merge Join  (cost=5536.17..5541.37 rows=28 width=21) (actual time=29.593..29.691 rows=33 loops=1)
Merge Join  (cost=5546.07..5547.06 rows=54 width=127) (actual time=32.808..32.811 rows=1 loops=1)
Merge Join  (cost=5535.54..5540.69 rows=28 width=21) (actual time=29.918..30.022 rows=9 loops=1)
Merge Join  (cost=5545.58..5546.57 rows=54 width=127) (actual time=33.005..33.018 rows=17 loops=1)
Merge Join  (cost=5536.17..5541.37 rows=28 width=21) (actual time=29.484..29.661 rows=27 loops=1)
Merge Join  (cost=5534.53..5539.57 rows=27 width=21) (actual time=29.713..29.822 rows=16 loops=1)
Merge Join  (cost=5536.17..5541.37 rows=28 width=21) (actual time=29.786..29.987 rows=1 loops=1)
Merge Join  (cost=5536.40..5541.62 rows=28 width=21) (actual time=29.501..29.699 rows=15 loops=1)
Merge Join  (cost=5545.77..5546.76 rows=54 width=127) (actual time=32.526..32.528 rows=1 loops=1)
Merge Join  (cost=5542.60..5543.12 rows=27 width=136) (actual time=30.182..30.191 rows=7 loops=1)
Merge Join  (cost=5546.80..5547.81 rows=55 width=127) (actual time=33.410..33.432 rows=35 loops=1)
Merge Join  (cost=5535.54..5540.69 rows=28 width=21) (actual time=29.832..29.833 rows=1 loops=1)
Merge Join  (cost=5545.58..5546.57 rows=54 width=127) (actual time=32.347..32.357 rows=9 loops=1)
Merge Join  (cost=5544.12..5544.65 rows=28 width=136) (actual time=30.140..30.160 rows=33 loops=1)
Merge Join  (cost=5536.00..5541.18 rows=28 width=21) (actual time=29.889..30.096 rows=21 loops=1)
Merge Join  (cost=5535.60..5540.75 rows=28 width=21) (actual time=29.607..29.767 rows=24 loops=1)
Merge Join  (cost=5546.80..5547.81 rows=55 width=127) (actual time=33.001..33.037 rows=67 loops=1)
Merge Join  (cost=5536.17..5541.37 rows=28 width=21) (actual time=29.857..30.007 rows=26 loops=1)
Merge Join  (cost=5543.21..5543.73 rows=27 width=136) (actual time=30.034..30.047 rows=15 loops=1)
Merge Join  (cost=5544.43..5545.40 rows=53 width=127) (actual time=32.713..32.729 rows=25 loops=1)
Merge Join  (cost=5537.02..5542.31 rows=29 width=21) (actual time=29.535..29.692 rows=24 loops=1)
Merge Join  (cost=5545.70..5546.69 rows=54 width=127) (actual time=33.397..33.400 rows=1 loops=1)
Merge Join  (cost=5544.92..5545.45 rows=28 width=136) (actual time=30.094..30.110 rows=23 loops=1)
Merge Join  (cost=5536.40..5541.62 rows=28 width=21) (actual time=29.839..29.981 rows=34 loops=1)
Merge Join  (cost=5546.14..5547.13 rows=54 width=127) (actual time=32.518..32.529 rows=13 loops=1)
Merge Join  (cost=5544.24..5544.78 rows=28 width=136) (actual time=29.973..29.984 rows=11 loops=1)
Merge Join  (cost=5544.73..5545.27 rows=28 width=136) (actual time=30.161..30.170 rows=7 loops=1)
Merge Join  (cost=5547.77..5548.80 rows=56 width=127) (actual time=32.864..32.871 rows=3 loops=1)
Merge Join  (cost=5534.92..5540.01 rows=28 width=21) (actual time=29.744..29.913 rows=18 loops=1)
Merge Join  (cost=5546.61..5547.62 rows=55 width=127) (actual time=33.087..33.093 rows=3 loops=1)
Merge Join  (cost=5545.58..5546.57 rows=54 width=127) (actual time=33.264..33.298 rows=61 loops=1)
Merge Join  (cost=5536.00..5541.18 rows=28 width=21) (actual time=29.487..29.628 rows=28 loops=1)
Merge Join  (cost=5545.40..5546.39 rows=54 width=127) (actual time=34.318..34.357 rows=70 loops=1)
Merge Join  (cost=5534.07..5539.08 rows=27 width=21) (actual time=29.805..29.862 rows=32 loops=1)
Merge Join  (cost=5543.21..5543.73 rows=27 width=136) (actual time=30.055..30.070 rows=19 loops=1)
Merge Join  (cost=5534.53..5539.57 rows=27 width=21) (actual time=29.585..29.685 rows=18 loops=1)
Merge Join  (cost=5547.05..5548.05 rows=55 width=127) (actual time=33.176..33.264 rows=183 loops=1)
Merge Join  (cost=5535.09..5540.20 rows=28 width=21) (actual time=30.023..30.149 rows=30 loops=1)
Merge Join  (cost=5545.77..5546.76 rows=54 width=127) (actual time=33.370..33.384 rows=18 loops=1)
Merge Join  (cost=5534.53..5539.57 rows=27 width=21) (actual time=29.783..29.917 rows=25 loops=1)
Merge Join  (cost=5544.92..5545.45 rows=28 width=136) (actual time=29.708..29.717 rows=7 loops=1)
Merge Join  (cost=5535.26..5540.38 rows=28 width=21) (actual time=29.862..30.079 rows=1 loops=1)
Merge Join  (cost=5535.09..5540.20 rows=28 width=21) (actual time=29.529..29.697 rows=5 loops=1)
Merge Join  (cost=5535.09..5540.20 rows=28 width=21) (actual time=29.460..29.613 rows=11 loops=1)
Merge Join  (cost=5536.17..5541.37 rows=28 width=21) (actual time=29.454..29.557 rows=30 loops=1)
Merge Join  (cost=5534.07..5539.08 rows=27 width=21) (actual time=29.839..29.916 rows=30 loops=1)
Merge Join  (cost=5544.92..5545.45 rows=28 width=136) (actual time=30.175..30.185 rows=9 loops=1)
Merge Join  (cost=5536.17..5541.37 rows=28 width=403) (actual time=29.641..29.855 rows=9 loops=1)
Merge Join  (cost=5546.61..5547.62 rows=55 width=127) (actual time=33.126..33.145 rows=28 loops=1)
Merge Join  (cost=5534.53..5539.57 rows=27 width=21) (actual time=29.662..29.868 rows=7 loops=1)
Merge Join  (cost=5536.17..5541.37 rows=28 width=21) (actual time=29.994..30.118 rows=30 loops=1)
Merge Join  (cost=5535.54..5540.69 rows=28 width=21) (actual time=29.781..29.921 rows=32 loops=1)
Merge Join  (cost=5546.43..5547.44 rows=55 width=127) (actual time=32.253..32.260 rows=5 loops=1)
Merge Join  (cost=5535.83..5541.00 rows=28 width=403) (actual time=31.026..31.179 rows=1 loops=1)
Merge Join  (cost=5546.43..5547.44 rows=55 width=127) (actual time=33.110..33.123 rows=17 loops=1)
Merge Join  (cost=5536.17..5541.37 rows=28 width=21) (actual time=29.642..29.792 rows=9 loops=1)
Merge Join  (cost=5536.17..5541.37 rows=28 width=21) (actual time=29.769..29.880 rows=3 loops=1)
Merge Join  (cost=5546.07..5547.06 rows=54 width=127) (actual time=32.710..32.734 rows=41 loops=1)
Merge Join  (cost=5536.40..5541.62 rows=28 width=21) (actual time=29.774..29.897 rows=22 loops=1)
Merge Join  (cost=5535.83..5541.00 rows=28 width=21) (actual time=29.633..29.800 rows=25 loops=1)
Merge Join  (cost=5547.05..5548.05 rows=55 width=127) (actual time=32.370..32.377 rows=5 loops=1)
Merge Join  (cost=5534.53..5539.57 rows=27 width=21) (actual time=29.679..29.793 rows=20 loops=1)
Merge Join  (cost=5537.02..5542.31 rows=29 width=21) (actual time=29.738..29.884 rows=29 loops=1)
Merge Join  (cost=5535.43..5540.57 rows=28 width=21) (actual time=29.634..29.783 rows=15 loops=1)
Merge Join  (cost=5545.77..5546.76 rows=54 width=127) (actual time=32.612..32.615 rows=1 loops=1)
Merge Join  (cost=5535.26..5540.38 rows=28 width=403) (actual time=29.649..29.734 rows=1 loops=1)
Merge Join  (cost=5544.92..5545.89 rows=53 width=127) (actual time=33.030..33.047 rows=25 loops=1)
Merge Join  (cost=5543.09..5543.61 rows=27 width=136) (actual time=29.700..29.713 rows=17 loops=1)
Merge Join  (cost=5534.92..5540.01 rows=28 width=21) (actual time=29.386..29.546 rows=11 loops=1)
Merge Join  (cost=5544.24..5544.78 rows=28 width=136) (actual time=30.086..30.106 rows=31 loops=1)
Merge Join  (cost=5536.17..5541.37 rows=28 width=21) (actual time=29.690..29.845 rows=3 loops=1)
Merge Join  (cost=5547.05..5548.05 rows=55 width=127) (actual time=32.867..32.874 rows=3 loops=1)
Merge Join  (cost=5545.04..5546.02 rows=53 width=127) (actual time=33.283..33.359 rows=156 loops=1)
Merge Join  (cost=5547.05..5548.05 rows=55 width=127) (actual time=33.096..33.107 rows=15 loops=1)
Merge Join  (cost=5536.40..5541.62 rows=28 width=403) (actual time=29.759..29.887 rows=9 loops=1)
Merge Join  (cost=5534.64..5539.69 rows=27 width=21) (actual time=29.630..29.677 rows=7 loops=1)
Merge Join  (cost=5546.14..5547.13 rows=54 width=127) (actual time=32.463..32.482 rows=25 loops=1)
Merge Join  (cost=5535.60..5540.75 rows=28 width=403) (actual time=29.807..30.022 rows=19 loops=1)
Merge Join  (cost=5536.40..5541.62 rows=28 width=21) (actual time=29.853..29.990 rows=29 loops=1)
Merge Join  (cost=5537.02..5542.31 rows=29 width=21) (actual time=29.733..29.944 rows=7 loops=1)
Merge Join  (cost=5591.70..5601.28 rows=545 width=127) (actual time=34.846..35.122 rows=592 loops=1)
Merge Join  (cost=5545.77..5546.76 rows=54 width=127) (actual time=33.005..33.019 rows=18 loops=1)
Merge Join  (cost=5536.17..5541.37 rows=28 width=21) (actual time=29.983..30.083 rows=5 loops=1)
Merge Join  (cost=5545.89..5546.44 rows=29 width=136) (actual time=29.901..29.919 rows=25 loops=1)
Merge Join  (cost=5535.83..5541.00 rows=28 width=21) (actual time=29.800..29.954 rows=30 loops=1)
Merge Join  (cost=5545.95..5546.94 rows=54 width=127) (actual time=33.029..33.036 rows=3 loops=1)
Merge Join  (cost=5545.17..5545.70 rows=28 width=136) (actual time=29.925..29.928 rows=1 loops=1)
Merge Join  (cost=5544.24..5544.78 rows=28 width=136) (actual time=29.895..29.909 rows=17 loops=1)
Merge Join  (cost=5536.40..5541.62 rows=28 width=21) (actual time=29.494..29.690 rows=19 loops=1)
Merge Join  (cost=5543.75..5544.28 rows=28 width=136) (actual time=29.985..30.005 rows=29 loops=1)
Merge Join  (cost=5543.21..5543.73 rows=27 width=136) (actual time=29.926..29.941 rows=21 loops=1)
Merge Join  (cost=5534.64..5539.69 rows=27 width=21) (actual time=29.767..29.836 rows=7 loops=1)
Merge Join  (cost=5543.87..5544.41 rows=28 width=136) (actual time=29.913..29.932 rows=29 loops=1)
Merge Join  (cost=5543.56..5544.10 rows=28 width=136) (actual time=30.354..30.362 rows=3 loops=1)
Merge Join  (cost=5546.43..5547.44 rows=55 width=127) (actual time=33.314..33.334 rows=29 loops=1)
Merge Join  (cost=5536.40..5541.62 rows=28 width=21) (actual time=29.763..29.886 rows=22 loops=1)
Merge Join  (cost=5544.92..5545.45 rows=28 width=136) (actual time=29.852..29.865 rows=15 loops=1)
Merge Join  (cost=5546.07..5547.06 rows=54 width=127) (actual time=33.335..33.356 rows=33 loops=1)
Merge Join  (cost=5546.80..5547.81 rows=55 width=127) (actual time=33.041..33.044 rows=1 loops=1)
Merge Join  (cost=5536.17..5541.37 rows=28 width=21) (actual time=29.659..29.809 rows=34 loops=1)
Merge Join  (cost=5535.43..5540.57 rows=28 width=21) (actual time=29.489..29.703 rows=1 loops=1)
Merge Join  (cost=5535.54..5540.69 rows=28 width=21) (actual time=29.784..29.916 rows=26 loops=1)
Merge Join  (cost=5535.20..5540.32 rows=28 width=21) (actual time=29.916..30.026 rows=21 loops=1)
Merge Join  (cost=5535.54..5540.69 rows=28 width=21) (actual time=29.655..29.816 rows=28 loops=1)
Merge Join  (cost=5536.17..5541.37 rows=28 width=21) (actual time=29.456..29.651 rows=9 loops=1)
Merge Join  (cost=5546.14..5547.13 rows=54 width=127) (actual time=33.323..33.364 rows=76 loops=1)
Merge Join  (cost=5535.60..5540.75 rows=28 width=403) (actual time=29.810..29.884 rows=31 loops=1)
Merge Join  (cost=5543.75..5544.28 rows=28 width=136) (actual time=30.121..30.138 rows=23 loops=1)
Merge Join  (cost=5544.92..5545.89 rows=53 width=127) (actual time=32.921..32.933 rows=13 loops=1)
Merge Join  (cost=5536.40..5541.62 rows=28 width=21) (actual time=29.532..29.630 rows=12 loops=1)
Merge Join  (cost=5536.40..5541.62 rows=28 width=21) (actual time=29.733..29.868 rows=28 loops=1)
Merge Join  (cost=5534.64..5539.69 rows=27 width=21) (actual time=29.830..29.976 rows=9 loops=1)
Merge Join  (cost=5545.58..5546.57 rows=54 width=127) (actual time=32.849..32.869 rows=32 loops=1)
Merge Join  (cost=5536.17..5541.37 rows=28 width=21) (actual time=29.513..29.623 rows=2 loops=1)
Merge Join  (cost=5534.07..5539.08 rows=27 width=21) (actual time=29.974..30.082 rows=28 loops=1)
Merge Join  (cost=5535.83..5541.00 rows=28 width=21) (actual time=30.023..30.083 rows=7 loops=1)
Merge Join  (cost=5534.53..5539.57 rows=27 width=21) (actual time=29.707..29.754 rows=32 loops=1)
Merge Join  (cost=5535.43..5540.57 rows=28 width=21) (actual time=29.484..29.693 rows=19 loops=1)
Merge Join  (cost=5535.26..5540.38 rows=28 width=21) (actual time=29.828..29.966 rows=16 loops=1)
Merge Join  (cost=5544.92..5545.45 rows=28 width=136) (actual time=30.159..30.167 rows=5 loops=1)
Merge Join  (cost=5535.54..5540.69 rows=28 width=21) (actual time=29.910..30.003 rows=19 loops=1)
Merge Join  (cost=5545.40..5546.39 rows=54 width=127) (actual time=32.886..32.899 rows=17 loops=1)
Merge Join  (cost=5534.92..5540.01 rows=28 width=403) (actual time=29.767..29.942 rows=3 loops=1)
Merge Join  (cost=5534.53..5539.57 rows=27 width=21) (actual time=29.913..29.961 rows=26 loops=1)
Merge Join  (cost=5543.87..5544.41 rows=28 width=136) (actual time=29.850..29.866 rows=23 loops=1)
Merge Join  (cost=5534.07..5539.08 rows=27 width=21) (actual time=29.529..29.715 rows=21 loops=1)
Merge Join  (cost=5546.07..5547.06 rows=54 width=127) (actual time=33.342..33.361 rows=27 loops=1)
Merge Join  (cost=5534.92..5540.01 rows=28 width=21) (actual time=29.756..29.919 rows=34 loops=1)
Merge Join  (cost=5545.77..5546.76 rows=54 width=127) (actual time=32.926..32.939 rows=17 loops=1)
Merge Join  (cost=5535.26..5540.38 rows=28 width=21) (actual time=29.441..29.559 rows=20 loops=1)
Merge Join  (cost=5535.54..5540.69 rows=28 width=21) (actual time=29.733..29.881 rows=16 loops=1)
Merge Join  (cost=5536.00..5541.18 rows=28 width=21) (actual time=29.915..30.015 rows=1 loops=1)
Merge Join  (cost=5543.87..5544.41 rows=28 width=136) (actual time=29.898..29.913 rows=21 loops=1)
Merge Join  (cost=5535.60..5540.75 rows=28 width=21) (actual time=29.521..29.677 rows=20 loops=1)
Merge Join  (cost=5543.21..5543.73 rows=27 width=136) (actual time=30.108..30.126 rows=25 loops=1)
Merge Join  (cost=5544.92..5545.45 rows=28 width=136) (actual time=30.126..30.139 rows=17 loops=1)
Merge Join  (cost=5536.17..5541.37 rows=28 width=403) (actual time=29.621..29.744 rows=17 loops=1)
Merge Join  (cost=5546.61..5547.62 rows=55 width=127) (actual time=33.062..33.094 rows=57 loops=1)
Merge Join  (cost=5534.92..5540.01 rows=28 width=21) (actual time=29.808..29.932 rows=19 loops=1)
Merge Join  (cost=5535.26..5540.38 rows=28 width=21) (actual time=29.661..29.858 rows=1 loops=1)
Merge Join  (cost=5534.07..5539.08 rows=27 width=21) (actual time=29.714..29.876 rows=30 loops=1)
Merge Join  (cost=5545.58..5546.57 rows=54 width=127) (actual time=32.945..32.972 rows=47 loops=1)
Merge Join  (cost=5535.54..5540.69 rows=28 width=21) (actual time=29.584..29.770 rows=7 loops=1)
Merge Join  (cost=5544.24..5544.78 rows=28 width=136) (actual time=30.001..30.012 rows=11 loops=1)
Merge Join  (cost=5535.54..5540.69 rows=28 width=403) (actual time=29.469..29.626 rows=11 loops=1)
Merge Join  (cost=5543.87..5544.41 rows=28 width=136) (actual time=29.718..29.739 rows=35 loops=1)
Merge Join  (cost=5535.20..5540.32 rows=28 width=21) (actual time=30.152..30.319 rows=25 loops=1)
Merge Join  (cost=5534.53..5539.57 rows=27 width=21) (actual time=29.814..29.925 rows=27 loops=1)
Merge Join  (cost=5543.87..5544.41 rows=28 width=136) (actual time=29.896..29.911 rows=19 loops=1)
Merge Join  (cost=5544.92..5545.45 rows=28 width=136) (actual time=29.698..29.706 rows=5 loops=1)
Merge Join  (cost=5537.02..5542.31 rows=29 width=21) (actual time=29.582..29.731 rows=32 loops=1)
Merge Join  (cost=5545.04..5546.02 rows=53 width=127) (actual time=32.990..32.998 rows=5 loops=1)
Merge Join  (cost=5547.05..5548.05 rows=55 width=127) (actual time=33.200..33.244 rows=84 loops=1)
Merge Join  (cost=5543.87..5544.41 rows=28 width=136) (actual time=29.785..29.802 rows=27 loops=1)
Merge Join  (cost=5535.20..5540.32 rows=28 width=403) (actual time=29.737..29.952 rows=27 loops=1)
Merge Join  (cost=5545.89..5546.44 rows=29 width=136) (actual time=29.901..29.918 rows=25 loops=1)
Merge Join  (cost=5543.56..5544.10 rows=28 width=136) (actual time=30.038..30.049 rows=9 loops=1)
Merge Join  (cost=5534.64..5539.69 rows=27 width=21) (actual time=29.583..29.741 rows=28 loops=1)
Merge Join  (cost=5546.80..5547.81 rows=55 width=127) (actual time=32.827..32.845 rows=23 loops=1)
Merge Join  (cost=5536.17..5541.37 rows=28 width=21) (actual time=29.888..30.095 rows=7 loops=1)
Merge Join  (cost=5545.95..5546.94 rows=54 width=127) (actual time=32.666..32.675 rows=7 loops=1)
Merge Join  (cost=5534.07..5539.08 rows=27 width=21) (actual time=29.592..29.752 rows=17 loops=1)
Merge Join  (cost=5534.07..5539.08 rows=27 width=21) (actual time=29.600..29.678 rows=5 loops=1)
Merge Join  (cost=5535.43..5540.57 rows=28 width=21) (actual time=29.681..29.784 rows=26 loops=1)
Merge Join  (cost=5536.17..5541.37 rows=28 width=21) (actual time=29.641..29.784 rows=18 loops=1)
Merge Join  (cost=5545.40..5546.39 rows=54 width=127) (actual time=32.881..32.921 rows=71 loops=1)
Merge Join  (cost=5544.12..5544.65 rows=28 width=136) (actual time=30.109..30.132 rows=36 loops=1)
Merge Join  (cost=5534.64..5539.69 rows=27 width=21) (actual time=29.955..30.111 rows=20 loops=1)
Merge Join  (cost=5547.77..5548.80 rows=56 width=127) (actual time=32.752..32.771 rows=29 loops=1)
Merge Join  (cost=5545.04..5546.02 rows=53 width=127) (actual time=33.019..33.092 rows=150 loops=1)
Merge Join  (cost=5543.21..5543.73 rows=27 width=136) (actual time=30.034..30.053 rows=29 loops=1)
Merge Join  (cost=5534.64..5539.69 rows=27 width=403) (actual time=29.865..30.018 rows=29 loops=1)
Merge Join  (cost=5560.45..5564.47 rows=227 width=127) (actual time=33.071..33.187 rows=232 loops=1)
Merge Join  (cost=5534.07..5539.08 rows=27 width=21) (actual time=29.656..29.808 rows=10 loops=1)
Merge Join  (cost=5543.21..5543.73 rows=27 width=136) (actual time=29.992..30.000 rows=5 loops=1)
Merge Join  (cost=5534.64..5539.69 rows=27 width=21) (actual time=29.757..29.879 rows=3 loops=1)
Merge Join  (cost=5544.24..5544.78 rows=28 width=136) (actual time=29.933..29.944 rows=13 loops=1)
Merge Join  (cost=5546.80..5547.81 rows=55 width=127) (actual time=32.605..32.645 rows=77 loops=1)
Merge Join  (cost=5543.09..5543.61 rows=27 width=136) (actual time=30.287..30.306 rows=29 loops=1)
Merge Join  (cost=5545.58..5546.57 rows=54 width=127) (actual time=33.172..33.203 rows=54 loops=1)
Merge Join  (cost=5546.80..5547.81 rows=55 width=127) (actual time=33.087..33.111 rows=43 loops=1)
Merge Join  (cost=5535.43..5540.57 rows=28 width=21) (actual time=29.731..29.879 rows=28 loops=1)
Merge Join  (cost=5536.17..5541.37 rows=28 width=21) (actual time=29.868..29.931 rows=36 loops=1)
Merge Join  (cost=5545.89..5546.44 rows=29 width=136) (actual time=30.193..30.201 rows=5 loops=1)
Merge Join  (cost=5543.56..5544.10 rows=28 width=136) (actual time=29.852..29.854 rows=1 loops=1)
Merge Join  (cost=5545.17..5545.70 rows=28 width=136) (actual time=29.886..29.904 rows=27 loops=1)
Merge Join  (cost=5544.92..5545.45 rows=28 width=136) (actual time=29.973..29.988 rows=19 loops=1)
Merge Join  (cost=5546.61..5547.62 rows=55 width=127) (actual time=33.147..33.160 rows=17 loops=1)
Merge Join  (cost=5535.60..5540.75 rows=28 width=21) (actual time=29.761..29.763 rows=1 loops=1)
Merge Join  (cost=5544.24..5544.78 rows=28 width=136) (actual time=29.791..29.799 rows=5 loops=1)
Merge Join  (cost=5544.12..5544.65 rows=28 width=136) (actual time=30.145..30.163 rows=27 loops=1)
Merge Join  (cost=5535.43..5540.57 rows=28 width=403) (actual time=29.636..29.746 rows=27 loops=1)
Merge Join  (cost=5536.17..5541.37 rows=28 width=21) (actual time=29.791..29.938 rows=30 loops=1)
Merge Join  (cost=5546.61..5547.62 rows=55 width=127) (actual time=32.890..32.914 rows=41 loops=1)
Merge Join  (cost=5544.92..5545.45 rows=28 width=136) (actual time=30.074..30.094 rows=33 loops=1)
Merge Join  (cost=5546.80..5547.81 rows=55 width=127) (actual time=32.991..33.016 rows=43 loops=1)
Merge Join  (cost=5535.54..5540.69 rows=28 width=21) (actual time=29.694..29.783 rows=30 loops=1)
Merge Join  (cost=5546.80..5547.81 rows=55 width=127) (actual time=32.842..32.892 rows=97 loops=1)
Merge Join  (cost=5534.64..5539.69 rows=27 width=21) (actual time=29.932..30.047 rows=6 loops=1)
Merge Join  (cost=5535.54..5540.69 rows=28 width=21) (actual time=29.960..30.111 rows=32 loops=1)
Merge Join  (cost=5537.02..5542.31 rows=29 width=21) (actual time=29.664..29.797 rows=21 loops=1)
Merge Join  (cost=5546.07..5547.06 rows=54 width=127) (actual time=33.088..33.140 rows=104 loops=1)
Merge Join  (cost=5534.64..5539.69 rows=27 width=21) (actual time=29.878..29.955 rows=14 loops=1)
Merge Join  (cost=5544.92..5545.45 rows=28 width=136) (actual time=30.160..30.179 rows=29 loops=1)
Merge Join  (cost=5536.17..5541.37 rows=28 width=21) (actual time=29.664..29.841 rows=15 loops=1)
Merge Join  (cost=5546.07..5547.06 rows=54 width=127) (actual time=32.900..32.913 rows=17 loops=1)
Merge Join  (cost=5543.21..5543.73 rows=27 width=136) (actual time=30.130..30.141 rows=12 loops=1)
Merge Join  (cost=5559.13..5562.84 rows=209 width=127) (actual time=33.582..33.685 rows=214 loops=1)
Merge Join  (cost=5546.80..5547.81 rows=55 width=127) (actual time=33.077..33.087 rows=7 loops=1)
Merge Join  (cost=5534.64..5539.69 rows=27 width=21) (actual time=30.309..30.456 rows=7 loops=1)
Merge Join  (cost=5534.53..5539.57 rows=27 width=21) (actual time=32.806..32.946 rows=12 loops=1)
Merge Join  (cost=5536.40..5541.62 rows=28 width=21) (actual time=29.942..30.085 rows=13 loops=1)
Merge Join  (cost=5534.64..5539.69 rows=27 width=21) (actual time=29.468..29.675 rows=3 loops=1)
Merge Join  (cost=5546.14..5547.13 rows=54 width=127) (actual time=32.910..32.927 rows=27 loops=1)
Merge Join  (cost=5546.80..5547.81 rows=55 width=127) (actual time=33.285..33.306 rows=35 loops=1)
Merge Join  (cost=5544.24..5544.78 rows=28 width=136) (actual time=29.989..30.005 rows=23 loops=1)
Merge Join  (cost=5537.02..5542.31 rows=29 width=21) (actual time=29.762..29.855 rows=29 loops=1)
Merge Join  (cost=5543.21..5543.73 rows=27 width=136) (actual time=29.857..29.863 rows=3 loops=1)
Merge Join  (cost=5545.17..5545.70 rows=28 width=136) (actual time=30.208..30.228 rows=31 loops=1)
Merge Join  (cost=5535.43..5540.57 rows=28 width=21) (actual time=30.059..30.202 rows=28 loops=1)
Merge Join  (cost=5536.00..5541.18 rows=28 width=21) (actual time=29.762..29.870 rows=32 loops=1)
Merge Join  (cost=5546.07..5547.06 rows=54 width=127) (actual time=33.256..33.337 rows=159 loops=1)
Merge Join  (cost=5535.54..5540.69 rows=28 width=403) (actual time=29.676..29.915 rows=17 loops=1)
Merge Join  (cost=5535.54..5540.69 rows=28 width=21) (actual time=29.870..29.931 rows=32 loops=1)
Merge Join  (cost=5536.17..5541.37 rows=28 width=21) (actual time=29.666..29.768 rows=30 loops=1)
Merge Join  (cost=5534.53..5539.57 rows=27 width=21) (actual time=29.670..29.744 rows=30 loops=1)
Merge Join  (cost=5544.12..5544.65 rows=28 width=136) (actual time=30.102..30.116 rows=19 loops=1)
Merge Join  (cost=5544.24..5544.78 rows=28 width=136) (actual time=30.230..30.233 rows=1 loops=1)
Merge Join  (cost=5535.43..5540.57 rows=28 width=21) (actual time=29.648..29.854 rows=7 loops=1)
Merge Join  (cost=5536.17..5541.37 rows=28 width=21) (actual time=29.670..29.771 rows=7 loops=1)
Merge Join  (cost=5535.54..5540.69 rows=28 width=21) (actual time=30.189..30.323 rows=24 loops=1)
Merge Join  (cost=5535.09..5540.20 rows=28 width=21) (actual time=29.783..29.941 rows=18 loops=1)
Merge Join  (cost=5534.53..5539.57 rows=27 width=21) (actual time=29.816..30.010 rows=31 loops=1)
Merge Join  (cost=5545.04..5546.02 rows=53 width=127) (actual time=32.995..33.014 rows=25 loops=1)
Merge Join  (cost=5534.64..5539.69 rows=27 width=403) (actual time=30.446..30.652 rows=13 loops=1)
Merge Join  (cost=5544.43..5545.40 rows=53 width=127) (actual time=33.115..33.153 rows=69 loops=1)
Merge Join  (cost=5535.43..5540.57 rows=28 width=21) (actual time=29.532..29.682 rows=24 loops=1)
Merge Join  (cost=5535.54..5540.69 rows=28 width=21) (actual time=29.623..29.778 rows=25 loops=1)
Merge Join  (cost=5535.83..5541.00 rows=28 width=21) (actual time=29.920..30.068 rows=28 loops=1)
Merge Join  (cost=5545.95..5546.94 rows=54 width=127) (actual time=33.333..33.378 rows=85 loops=1)
Merge Join  (cost=5535.43..5540.57 rows=28 width=403) (actual time=29.703..29.867 rows=23 loops=1)
Merge Join  (cost=5544.24..5544.78 rows=28 width=136) (actual time=29.913..29.927 rows=21 loops=1)
Merge Join  (cost=5543.21..5543.73 rows=27 width=136) (actual time=30.249..30.265 rows=21 loops=1)
Merge Join  (cost=5534.53..5539.57 rows=27 width=21) (actual time=29.936..30.093 rows=26 loops=1)
Merge Join  (cost=5537.02..5542.31 rows=29 width=21) (actual time=29.752..29.892 rows=17 loops=1)
Merge Join  (cost=5534.07..5539.08 rows=27 width=21) (actual time=29.875..30.007 rows=30 loops=1)
Merge Join  (cost=5545.04..5546.02 rows=53 width=127) (actual time=33.032..33.040 rows=5 loops=1)
Merge Join  (cost=5534.64..5539.69 rows=27 width=403) (actual time=29.594..29.777 rows=5 loops=1)
Merge Join  (cost=5535.26..5540.38 rows=28 width=21) (actual time=29.763..29.906 rows=21 loops=1)
Merge Join  (cost=5534.07..5539.08 rows=27 width=21) (actual time=29.375..29.532 rows=26 loops=1)
Merge Join  (cost=5546.80..5547.81 rows=55 width=127) (actual time=32.942..32.986 rows=79 loops=1)
Merge Join  (cost=5535.83..5541.00 rows=28 width=21) (actual time=29.696..29.815 rows=24 loops=1)
Merge Join  (cost=5545.17..5545.70 rows=28 width=136) (actual time=29.925..29.943 rows=29 loops=1)
Merge Join  (cost=5536.40..5541.62 rows=28 width=403) (actual time=29.644..29.864 rows=29 loops=1)
Merge Join  (cost=5534.64..5539.69 rows=27 width=21) (actual time=30.062..30.200 rows=30 loops=1)
Merge Join  (cost=5537.02..5542.31 rows=29 width=21) (actual time=29.743..29.956 rows=7 loops=1)
Merge Join  (cost=5546.07..5547.06 rows=54 width=127) (actual time=32.805..32.814 rows=7 loops=1)
Merge Join  (cost=5535.54..5540.69 rows=28 width=403) (actual time=29.489..29.582 rows=5 loops=1)
Merge Join  (cost=5543.21..5543.73 rows=27 width=136) (actual time=30.081..30.088 rows=3 loops=1)
Merge Join  (cost=5544.92..5545.45 rows=28 width=136) (actual time=30.097..30.118 rows=33 loops=1)
Merge Join  (cost=5535.83..5541.00 rows=28 width=21) (actual time=29.849..29.977 rows=18 loops=1)
Merge Join  (cost=5543.09..5543.61 rows=27 width=136) (actual time=29.806..29.822 rows=23 loops=1)
Merge Join  (cost=5535.20..5540.32 rows=28 width=21) (actual time=29.718..29.935 rows=27 loops=1)
Merge Join  (cost=5535.26..5540.38 rows=28 width=21) (actual time=29.859..29.981 rows=2 loops=1)
Merge Join  (cost=5535.43..5540.57 rows=28 width=21) (actual time=29.717..29.859 rows=26 loops=1)
Merge Join  (cost=5536.17..5541.37 rows=28 width=21) (actual time=29.444..29.540 rows=1 loops=1)
Merge Join  (cost=5535.20..5540.32 rows=28 width=21) (actual time=29.782..29.974 rows=31 loops=1)
Merge Join  (cost=5536.00..5541.18 rows=28 width=21) (actual time=29.831..30.052 rows=1 loops=1)
Merge Join  (cost=5545.40..5546.39 rows=54 width=127) (actual time=32.769..32.812 rows=83 loops=1)
Merge Join  (cost=5544.12..5544.65 rows=28 width=136) (actual time=29.846..29.860 rows=19 loops=1)
Merge Join  (cost=5544.30..5544.84 rows=28 width=136) (actual time=30.149..30.169 rows=33 loops=1)
Merge Join  (cost=5546.80..5547.81 rows=55 width=127) (actual time=32.793..32.796 rows=1 loops=1)
Merge Join  (cost=5536.17..5541.37 rows=28 width=403) (actual time=29.524..29.693 rows=1 loops=1)
Merge Join  (cost=5545.77..5546.76 rows=54 width=127) (actual time=32.826..32.844 rows=28 loops=1)
Merge Join  (cost=5545.77..5546.76 rows=54 width=127) (actual time=32.767..32.790 rows=39 loops=1)
Merge Join  (cost=5544.92..5545.45 rows=28 width=136) (actual time=29.928..29.948 rows=33 loops=1)
Merge Join  (cost=5535.09..5540.20 rows=28 width=21) (actual time=29.502..29.597 rows=7 loops=1)
Merge Join  (cost=5535.09..5540.20 rows=28 width=21) (actual time=29.662..29.738 rows=18 loops=1)
Merge Join  (cost=5535.43..5540.57 rows=28 width=21) (actual time=29.814..29.944 rows=24 loops=1)
Merge Join  (cost=5537.02..5542.31 rows=29 width=21) (actual time=29.750..29.895 rows=9 loops=1)
Merge Join  (cost=5545.70..5546.69 rows=54 width=127) (actual time=32.916..32.930 rows=17 loops=1)
Merge Join  (cost=5534.92..5540.01 rows=28 width=21) (actual time=29.525..29.667 rows=14 loops=1)
Merge Join  (cost=5546.61..5547.62 rows=55 width=127) (actual time=33.093..33.111 rows=27 loops=1)
Merge Join  (cost=5535.09..5540.20 rows=28 width=21) (actual time=29.810..30.009 rows=9 loops=1)
Merge Join  (cost=5544.30..5544.84 rows=28 width=136) (actual time=29.813..29.827 rows=17 loops=1)
Merge Join  (cost=5534.92..5540.01 rows=28 width=21) (actual time=29.581..29.733 rows=20 loops=1)
Merge Join  (cost=5543.93..5544.47 rows=28 width=136) (actual time=30.009..30.029 rows=31 loops=1)
Merge Join  (cost=5593.23..5603.00 rows=556 width=127) (actual time=34.457..34.717 rows=552 loops=1)
Merge Join  (cost=5543.09..5543.61 rows=27 width=136) (actual time=30.735..30.742 rows=3 loops=1)
Merge Join  (cost=5534.53..5539.57 rows=27 width=403) (actual time=29.453..29.619 rows=3 loops=1)
Merge Join  (cost=5544.92..5545.45 rows=28 width=136) (actual time=30.051..30.070 rows=27 loops=1)
Merge Join  (cost=5652.21..5678.19 rows=1417 width=127) (actual time=34.745..35.791 rows=1470 loops=1)
Merge Join  (cost=5544.12..5544.65 rows=28 width=136) (actual time=29.729..29.739 rows=11 loops=1)
Merge Join  (cost=5535.20..5540.32 rows=28 width=21) (actual time=29.541..29.653 rows=28 loops=1)
Merge Join  (cost=5546.80..5547.81 rows=55 width=127) (actual time=32.882..32.924 rows=80 loops=1)
Merge Join  (cost=5536.17..5541.37 rows=28 width=21) (actual time=29.532..29.672 rows=3 loops=1)
Merge Join  (cost=5534.07..5539.08 rows=27 width=21) (actual time=29.583..29.728 rows=20 loops=1)
Merge Join  (cost=5536.17..5541.37 rows=28 width=21) (actual time=29.643..29.848 rows=1 loops=1)
Merge Join  (cost=5536.40..5541.62 rows=28 width=21) (actual time=29.887..29.919 rows=1 loops=1)
Merge Join  (cost=5543.21..5543.73 rows=27 width=136) (actual time=30.217..30.228 rows=13 loops=1)
Merge Join  (cost=5546.80..5547.81 rows=55 width=127) (actual time=33.129..33.132 rows=1 loops=1)
Merge Join  (cost=5536.17..5541.37 rows=28 width=403) (actual time=29.609..29.771 rows=1 loops=1)
Merge Join  (cost=5535.09..5540.20 rows=28 width=21) (actual time=30.349..30.477 rows=9 loops=1)
Merge Join  (cost=5534.53..5539.57 rows=27 width=21) (actual time=29.813..29.947 rows=19 loops=1)
Merge Join  (cost=5535.83..5541.00 rows=28 width=21) (actual time=29.819..29.945 rows=31 loops=1)
Merge Join  (cost=5535.09..5540.20 rows=28 width=21) (actual time=29.938..29.960 rows=40 loops=1)
Merge Join  (cost=5545.04..5546.02 rows=53 width=127) (actual time=32.766..32.793 rows=42 loops=1)
Merge Join  (cost=5534.07..5539.08 rows=27 width=21) (actual time=29.755..29.953 rows=1 loops=1)
Merge Join  (cost=5558.14..5561.54 rows=192 width=127) (actual time=33.364..33.451 rows=179 loops=1)
Merge Join  (cost=5535.54..5540.69 rows=28 width=21) (actual time=29.527..29.693 rows=16 loops=1)
Merge Join  (cost=5535.54..5540.69 rows=28 width=21) (actual time=29.781..29.986 rows=15 loops=1)
Merge Join  (cost=5543.87..5544.41 rows=28 width=136) (actual time=30.208..30.228 rows=29 loops=1)
Merge Join  (cost=5535.20..5540.32 rows=28 width=403) (actual time=29.578..29.816 rows=29 loops=1)
Merge Join  (cost=5534.64..5539.69 rows=27 width=21) (actual time=29.717..29.873 rows=16 loops=1)
Merge Join  (cost=5536.17..5541.37 rows=28 width=21) (actual time=29.832..29.958 rows=9 loops=1)
Merge Join  (cost=5534.07..5539.08 rows=27 width=21) (actual time=29.795..29.939 rows=27 loops=1)
Merge Join  (cost=5545.04..5546.02 rows=53 width=127) (actual time=32.882..32.886 rows=2 loops=1)
Merge Join  (cost=5545.04..5546.02 rows=53 width=127) (actual time=33.107..33.139 rows=61 loops=1)
Merge Join  (cost=5546.07..5547.06 rows=54 width=127) (actual time=33.039..33.061 rows=35 loops=1)
Merge Join  (cost=5547.77..5548.80 rows=56 width=127) (actual time=33.068..33.077 rows=7 loops=1)
Merge Join  (cost=5546.43..5547.44 rows=55 width=127) (actual time=32.559..32.561 rows=1 loops=1)
Merge Join  (cost=5545.40..5546.39 rows=54 width=127) (actual time=32.709..32.719 rows=11 loops=1)
Merge Join  (cost=5534.92..5540.01 rows=28 width=403) (actual time=29.567..29.661 rows=1 loops=1)
Merge Join  (cost=5535.54..5540.69 rows=28 width=21) (actual time=29.715..29.839 rows=22 loops=1)
Merge Join  (cost=5535.60..5540.75 rows=28 width=21) (actual time=29.781..30.014 rows=19 loops=1)
Merge Join  (cost=5536.00..5541.18 rows=28 width=21) (actual time=29.550..29.690 rows=28 loops=1)
Merge Join  (cost=5535.83..5541.00 rows=28 width=21) (actual time=29.986..30.164 rows=31 loops=1)
Merge Join  (cost=5545.70..5546.69 rows=54 width=127) (actual time=32.465..32.490 rows=41 loops=1)
Merge Join  (cost=5535.54..5540.69 rows=28 width=21) (actual time=29.728..29.881 rows=24 loops=1)
Merge Join  (cost=5543.93..5544.47 rows=28 width=136) (actual time=29.719..29.721 rows=1 loops=1)
Merge Join  (cost=5544.73..5545.27 rows=28 width=136) (actual time=30.270..30.284 rows=19 loops=1)
Merge Join  (cost=5545.04..5546.02 rows=53 width=127) (actual time=32.837..32.840 rows=1 loops=1)
Merge Join  (cost=5543.09..5543.61 rows=27 width=136) (actual time=29.716..29.730 rows=19 loops=1)
Merge Join  (cost=5534.53..5539.57 rows=27 width=21) (actual time=29.506..29.544 rows=6 loops=1)
Merge Join  (cost=5536.40..5541.62 rows=28 width=21) (actual time=29.976..30.120 rows=3 loops=1)
Merge Join  (cost=5582.86..5590.90 rows=457 width=127) (actual time=34.839..35.090 rows=530 loops=1)
Merge Join  (cost=5536.00..5541.18 rows=28 width=21) (actual time=29.915..30.078 rows=26 loops=1)
Merge Join  (cost=5543.93..5544.47 rows=28 width=136) (actual time=29.862..29.876 rows=21 loops=1)
Merge Join  (cost=5546.14..5547.13 rows=54 width=127) (actual time=33.255..33.275 rows=29 loops=1)
Merge Join  (cost=5546.80..5547.81 rows=55 width=127) (actual time=33.141..33.151 rows=9 loops=1)
Merge Join  (cost=5534.64..5539.69 rows=27 width=21) (actual time=29.608..29.811 rows=5 loops=1)
Merge Join  (cost=5536.17..5541.37 rows=28 width=21) (actual time=29.622..29.746 rows=9 loops=1)
Merge Join  (cost=5547.77..5548.80 rows=56 width=127) (actual time=32.878..32.918 rows=74 loops=1)
Merge Join  (cost=5544.30..5544.84 rows=28 width=136) (actual time=30.187..30.197 rows=9 loops=1)
Merge Join  (cost=5544.24..5544.78 rows=28 width=136) (actual time=29.849..29.864 rows=19 loops=1)
Merge Join  (cost=5535.09..5540.20 rows=28 width=21) (actual time=29.519..29.653 rows=23 loops=1)
Merge Join  (cost=5546.14..5547.13 rows=54 width=127) (actual time=33.251..33.286 rows=60 loops=1)
Merge Join  (cost=5544.30..5544.84 rows=28 width=136) (actual time=29.935..29.951 rows=23 loops=1)
Merge Join  (cost=5535.54..5540.69 rows=28 width=21) (actual time=29.718..29.854 rows=24 loops=1)
Merge Join  (cost=5544.24..5544.78 rows=28 width=136) (actual time=29.618..29.621 rows=1 loops=1)
Merge Join  (cost=5535.54..5540.69 rows=28 width=403) (actual time=29.905..30.095 rows=1 loops=1)
Merge Join  (cost=5535.20..5540.32 rows=28 width=21) (actual time=29.856..30.014 rows=22 loops=1)
Merge Join  (cost=5546.07..5547.06 rows=54 width=127) (actual time=33.080..33.102 rows=37 loops=1)
Merge Join  (cost=5545.58..5546.57 rows=54 width=127) (actual time=32.217..32.224 rows=3 loops=1)
Merge Join  (cost=5536.17..5541.37 rows=28 width=21) (actual time=29.658..29.804 rows=24 loops=1)
Merge Join  (cost=5544.43..5545.40 rows=53 width=127) (actual time=32.429..32.440 rows=9 loops=1)
Merge Join  (cost=5544.24..5544.78 rows=28 width=136) (actual time=29.883..29.898 rows=21 loops=1)
Merge Join  (cost=5534.07..5539.08 rows=27 width=21) (actual time=29.477..29.619 rows=14 loops=1)
Merge Join  (cost=5544.92..5545.45 rows=28 width=136) (actual time=29.796..29.798 rows=1 loops=1)
Merge Join  (cost=5546.43..5547.44 rows=55 width=127) (actual time=33.024..33.044 rows=31 loops=1)
Merge Join  (cost=5545.77..5546.76 rows=54 width=127) (actual time=32.749..32.764 rows=20 loops=1)
Merge Join  (cost=5536.17..5541.37 rows=28 width=21) (actual time=29.643..29.793 rows=12 loops=1)
Merge Join  (cost=5546.07..5547.06 rows=54 width=127) (actual time=33.120..33.129 rows=7 loops=1)
Merge Join  (cost=5534.07..5539.08 rows=27 width=21) (actual time=29.873..30.088 rows=5 loops=1)
Merge Join  (cost=5545.58..5546.57 rows=54 width=127) (actual time=33.026..33.042 rows=24 loops=1)
Merge Join  (cost=5545.89..5546.44 rows=29 width=136) (actual time=29.816..29.819 rows=1 loops=1)
Merge Join  (cost=5536.17..5541.37 rows=28 width=21) (actual time=29.783..29.901 rows=20 loops=1)
Merge Join  (cost=5544.55..5545.08 rows=28 width=136) (actual time=29.803..29.813 rows=11 loops=1)
Merge Join  (cost=5543.87..5544.41 rows=28 width=136) (actual time=29.655..29.676 rows=32 loops=1)
Merge Join  (cost=5545.04..5546.02 rows=53 width=127) (actual time=32.985..32.997 rows=13 loops=1)
Merge Join  (cost=5534.64..5539.69 rows=27 width=21) (actual time=29.834..29.931 rows=19 loops=1)
Merge Join  (cost=5546.80..5547.81 rows=55 width=127) (actual time=33.661..33.681 rows=32 loops=1)
Merge Join  (cost=5545.04..5546.02 rows=53 width=127) (actual time=32.895..32.904 rows=7 loops=1)
Merge Join  (cost=5546.07..5547.06 rows=54 width=127) (actual time=32.845..32.862 rows=25 loops=1)
Merge Join  (cost=5535.09..5540.20 rows=28 width=21) (actual time=29.806..29.904 rows=6 loops=1)
Merge Join  (cost=5535.54..5540.69 rows=28 width=21) (actual time=29.727..29.822 rows=7 loops=1)
Merge Join  (cost=5534.64..5539.69 rows=27 width=21) (actual time=29.515..29.723 rows=29 loops=1)
Merge Join  (cost=5546.07..5547.06 rows=54 width=127) (actual time=32.964..32.971 rows=3 loops=1)
Merge Join  (cost=5536.00..5541.18 rows=28 width=21) (actual time=29.819..29.979 rows=11 loops=1)
Merge Join  (cost=5534.53..5539.57 rows=27 width=21) (actual time=29.971..30.112 rows=22 loops=1)
Merge Join  (cost=5544.92..5545.45 rows=28 width=136) (actual time=30.041..30.058 rows=25 loops=1)
Merge Join  (cost=5536.17..5541.37 rows=28 width=403) (actual time=29.462..29.652 rows=25 loops=1)
Merge Join  (cost=5544.92..5545.45 rows=28 width=136) (actual time=30.306..30.321 rows=21 loops=1)
Merge Join  (cost=5545.95..5546.94 rows=54 width=127) (actual time=33.124..33.135 rows=13 loops=1)
Merge Join  (cost=5544.55..5545.08 rows=28 width=136) (actual time=29.951..29.970 rows=29 loops=1)
Merge Join  (cost=5536.17..5541.37 rows=28 width=21) (actual time=29.559..29.712 rows=28 loops=1)
Merge Join  (cost=5534.92..5540.01 rows=28 width=21) (actual time=29.855..29.994 rows=9 loops=1)
Merge Join  (cost=5543.75..5544.28 rows=28 width=136) (actual time=30.178..30.194 rows=21 loops=1)
Merge Join  (cost=5535.83..5541.00 rows=28 width=21) (actual time=29.743..29.872 rows=26 loops=1)
Merge Join  (cost=5535.54..5540.69 rows=28 width=21) (actual time=31.854..31.952 rows=4 loops=1)
Merge Join  (cost=5544.92..5545.45 rows=28 width=136) (actual time=30.362..30.372 rows=11 loops=1)
Merge Join  (cost=5536.17..5541.37 rows=28 width=21) (actual time=29.745..29.845 rows=15 loops=1)
Merge Join  (cost=5535.60..5540.75 rows=28 width=21) (actual time=29.455..29.523 rows=22 loops=1)
Merge Join  (cost=5535.09..5540.20 rows=28 width=21) (actual time=29.528..29.693 rows=27 loops=1)
Merge Join  (cost=5546.07..5547.06 rows=54 width=127) (actual time=33.163..33.177 rows=17 loops=1)
Merge Join  (cost=5535.20..5540.32 rows=28 width=21) (actual time=29.753..29.878 rows=7 loops=1)
Merge Join  (cost=5534.64..5539.69 rows=27 width=21) (actual time=29.721..29.862 rows=24 loops=1)
Merge Join  (cost=5536.17..5541.37 rows=28 width=21) (actual time=29.504..29.663 rows=7 loops=1)
Merge Join  (cost=5543.21..5543.73 rows=27 width=136) (actual time=29.894..29.911 rows=25 loops=1)
Merge Join  (cost=5545.89..5546.44 rows=29 width=136) (actual time=30.050..30.064 rows=17 loops=1)
Merge Join  (cost=5545.58..5546.57 rows=54 width=127) (actual time=33.115..33.164 rows=91 loops=1)
Merge Join  (cost=5534.53..5539.57 rows=27 width=21) (actual time=29.520..29.651 rows=24 loops=1)
Merge Join  (cost=5546.61..5547.62 rows=55 width=127) (actual time=32.864..32.877 rows=11 loops=1)
Merge Join  (cost=5536.40..5541.62 rows=28 width=21) (actual time=29.877..30.038 rows=26 loops=1)
Merge Join  (cost=5544.24..5544.78 rows=28 width=136) (actual time=30.074..30.084 rows=9 loops=1)
Merge Join  (cost=5536.17..5541.37 rows=28 width=21) (actual time=29.691..29.834 rows=3 loops=1)
Merge Join  (cost=5536.40..5541.62 rows=28 width=21) (actual time=29.601..29.739 rows=22 loops=1)
Merge Join  (cost=5545.04..5546.02 rows=53 width=127) (actual time=33.558..33.579 rows=31 loops=1)
Merge Join  (cost=5544.30..5544.84 rows=28 width=136) (actual time=29.977..29.980 rows=1 loops=1)
Merge Join  (cost=5535.26..5540.38 rows=28 width=21) (actual time=29.604..29.778 rows=23 loops=1)
Merge Join  (cost=5535.54..5540.69 rows=28 width=21) (actual time=29.533..29.648 rows=5 loops=1)
Merge Join  (cost=5546.80..5547.81 rows=55 width=127) (actual time=33.357..33.430 rows=149 loops=1)
Merge Join  (cost=5536.17..5541.37 rows=28 width=403) (actual time=29.641..29.850 rows=29 loops=1)
Merge Join  (cost=5535.83..5541.00 rows=28 width=21) (actual time=29.993..30.117 rows=26 loops=1)
Merge Join  (cost=5535.60..5540.75 rows=28 width=21) (actual time=29.733..29.843 rows=14 loops=1)
Merge Join  (cost=5545.77..5546.76 rows=54 width=127) (actual time=33.423..33.454 rows=53 loops=1)
Merge Join  (cost=5543.21..5543.73 rows=27 width=136) (actual time=30.068..30.086 rows=25 loops=1)
Merge Join  (cost=5536.17..5541.37 rows=28 width=21) (actual time=29.435..29.643 rows=15 loops=1)
Merge Join  (cost=5535.54..5540.69 rows=28 width=21) (actual time=30.600..30.780 rows=13 loops=1)
Merge Join  (cost=5534.92..5540.01 rows=28 width=21) (actual time=29.723..29.873 rows=32 loops=1)
Merge Join  (cost=5546.43..5547.44 rows=55 width=127) (actual time=33.537..33.575 rows=69 loops=1)
Merge Join  (cost=5546.80..5547.81 rows=55 width=127) (actual time=32.806..32.844 rows=72 loops=1)
Merge Join  (cost=5534.92..5540.01 rows=28 width=21) (actual time=29.669..29.791 rows=24 loops=1)
Merge Join  (cost=5536.17..5541.37 rows=28 width=21) (actual time=29.841..29.955 rows=26 loops=1)
Merge Join  (cost=5534.07..5539.08 rows=27 width=21) (actual time=29.658..29.777 rows=23 loops=1)
Merge Join  (cost=5535.43..5540.57 rows=28 width=21) (actual time=29.610..29.734 rows=3 loops=1)
Merge Join  (cost=5544.12..5544.65 rows=28 width=136) (actual time=29.891..29.909 rows=27 loops=1)
Merge Join  (cost=5535.54..5540.69 rows=28 width=21) (actual time=29.951..30.106 rows=12 loops=1)
Merge Join  (cost=5559.94..5563.73 rows=214 width=127) (actual time=33.623..33.715 rows=187 loops=1)
Merge Join  (cost=5545.04..5546.02 rows=53 width=127) (actual time=32.916..32.939 rows=37 loops=1)
Merge Join  (cost=5535.26..5540.38 rows=28 width=21) (actual time=29.578..29.744 rows=32 loops=1)
Merge Join  (cost=5544.12..5544.65 rows=28 width=136) (actual time=29.934..29.946 rows=13 loops=1)
Merge Join  (cost=5547.05..5548.05 rows=55 width=127) (actual time=33.459..33.478 rows=32 loops=1)
Merge Join  (cost=5534.64..5539.69 rows=27 width=21) (actual time=29.666..29.800 rows=30 loops=1)
Merge Join  (cost=5544.24..5544.78 rows=28 width=136) (actual time=29.858..29.876 rows=27 loops=1)
Merge Join  (cost=5547.77..5548.80 rows=56 width=127) (actual time=32.902..32.924 rows=37 loops=1)
Merge Join  (cost=5545.04..5546.02 rows=53 width=127) (actual time=33.364..33.370 rows=3 loops=1)
Merge Join  (cost=5534.64..5539.69 rows=27 width=403) (actual time=30.028..30.204 rows=3 loops=1)
Merge Join  (cost=5535.20..5540.32 rows=28 width=21) (actual time=29.679..29.841 rows=23 loops=1)
Merge Join  (cost=5543.21..5543.73 rows=27 width=136) (actual time=29.797..29.811 rows=17 loops=1)
Merge Join  (cost=5543.75..5544.28 rows=28 width=136) (actual time=29.890..29.909 rows=29 loops=1)
Merge Join  (cost=5534.64..5539.69 rows=27 width=21) (actual time=29.894..30.010 rows=27 loops=1)
Merge Join  (cost=5535.43..5540.57 rows=28 width=21) (actual time=29.644..29.823 rows=17 loops=1)
Merge Join  (cost=5536.17..5541.37 rows=28 width=21) (actual time=29.941..30.086 rows=12 loops=1)
Merge Join  (cost=5544.92..5545.89 rows=53 width=127) (actual time=32.803..32.806 rows=1 loops=1)
Merge Join  (cost=5534.53..5539.57 rows=27 width=403) (actual time=29.724..29.725 rows=1 loops=1)
Merge Join  (cost=5534.07..5539.08 rows=27 width=21) (actual time=29.763..29.857 rows=23 loops=1)
Merge Join  (cost=5535.54..5540.69 rows=28 width=21) (actual time=29.436..29.567 rows=30 loops=1)
Merge Join  (cost=5535.54..5540.69 rows=28 width=21) (actual time=30.161..30.320 rows=22 loops=1)
Merge Join  (cost=5544.92..5545.45 rows=28 width=136) (actual time=30.233..30.241 rows=7 loops=1)
Merge Join  (cost=5536.17..5541.37 rows=28 width=403) (actual time=29.680..29.857 rows=7 loops=1)
Merge Join  (cost=5534.64..5539.69 rows=27 width=21) (actual time=29.682..29.803 rows=23 loops=1)
Merge Join  (cost=5544.43..5545.40 rows=53 width=127) (actual time=32.885..32.888 rows=1 loops=1)
Merge Join  (cost=5535.54..5540.69 rows=28 width=21) (actual time=29.953..30.048 rows=3 loops=1)
Merge Join  (cost=5543.21..5543.73 rows=27 width=136) (actual time=30.058..30.075 rows=21 loops=1)
Merge Join  (cost=5534.07..5539.08 rows=27 width=21) (actual time=29.533..29.628 rows=3 loops=1)
Merge Join  (cost=5535.26..5540.38 rows=28 width=21) (actual time=29.930..30.094 rows=30 loops=1)
Merge Join  (cost=5535.54..5540.69 rows=28 width=21) (actual time=29.997..30.159 rows=25 loops=1)
Merge Join  (cost=5545.89..5546.44 rows=29 width=136) (actual time=30.035..30.052 rows=25 loops=1)
Merge Join  (cost=5537.02..5542.31 rows=29 width=21) (actual time=29.564..29.718 rows=32 loops=1)
Merge Join  (cost=5547.05..5548.05 rows=55 width=127) (actual time=33.154..33.164 rows=9 loops=1)
Merge Join  (cost=5545.95..5546.94 rows=54 width=127) (actual time=33.696..33.737 rows=78 loops=1)
Merge Join  (cost=5535.43..5540.57 rows=28 width=403) (actual time=29.536..29.733 rows=21 loops=1)
Merge Join  (cost=5543.75..5544.28 rows=28 width=136) (actual time=29.766..29.784 rows=29 loops=1)
Merge Join  (cost=5537.02..5542.31 rows=29 width=21) (actual time=30.313..30.508 rows=19 loops=1)
Merge Join  (cost=5544.30..5544.84 rows=28 width=136) (actual time=30.197..30.211 rows=17 loops=1)
Merge Join  (cost=5545.70..5546.69 rows=54 width=127) (actual time=32.915..32.921 rows=3 loops=1)
Merge Join  (cost=5535.54..5540.69 rows=28 width=21) (actual time=29.626..29.832 rows=1 loops=1)
Merge Join  (cost=5545.89..5546.44 rows=29 width=136) (actual time=30.346..30.361 rows=22 loops=1)
Merge Join  (cost=5545.17..5545.70 rows=28 width=136) (actual time=30.111..30.121 rows=9 loops=1)
Merge Join  (cost=5544.24..5544.78 rows=28 width=136) (actual time=29.943..29.961 rows=27 loops=1)
Merge Join  (cost=5546.07..5547.06 rows=54 width=127) (actual time=32.808..32.828 rows=33 loops=1)
Merge Join  (cost=5545.04..5546.02 rows=53 width=127) (actual time=33.210..33.246 rows=61 loops=1)
Merge Join  (cost=5545.70..5546.69 rows=54 width=127) (actual time=33.059..33.089 rows=53 loops=1)
Merge Join  (cost=5536.17..5541.37 rows=28 width=21) (actual time=29.588..29.815 rows=21 loops=1)
Merge Join  (cost=5544.12..5544.65 rows=28 width=136) (actual time=29.891..29.913 rows=37 loops=1)
Merge Join  (cost=5535.20..5540.32 rows=28 width=21) (actual time=29.797..30.029 rows=7 loops=1)
Merge Join  (cost=5546.80..5547.81 rows=55 width=127) (actual time=33.229..33.247 rows=25 loops=1)
Merge Join  (cost=5534.92..5540.01 rows=28 width=21) (actual time=29.680..29.842 rows=25 loops=1)
Merge Join  (cost=5544.30..5544.84 rows=28 width=136) (actual time=29.997..30.016 rows=29 loops=1)
Merge Join  (cost=5546.07..5547.06 rows=54 width=127) (actual time=32.769..32.772 rows=1 loops=1)
Merge Join  (cost=5534.64..5539.69 rows=27 width=21) (actual time=29.788..29.940 rows=26 loops=1)
Merge Join  (cost=5536.40..5541.62 rows=28 width=21) (actual time=29.609..29.714 rows=27 loops=1)
Merge Join  (cost=5535.54..5540.69 rows=28 width=21) (actual time=29.668..29.678 rows=16 loops=1)
Merge Join  (cost=5544.24..5544.78 rows=28 width=136) (actual time=30.181..30.184 rows=1 loops=1)
Merge Join  (cost=5543.75..5544.28 rows=28 width=136) (actual time=29.972..29.981 rows=7 loops=1)
Merge Join  (cost=5543.87..5544.41 rows=28 width=136) (actual time=30.152..30.162 rows=7 loops=1)
Merge Join  (cost=5543.21..5543.73 rows=27 width=136) (actual time=29.684..29.703 rows=30 loops=1)
Merge Join  (cost=5535.26..5540.38 rows=28 width=21) (actual time=29.876..29.929 rows=26 loops=1)
Merge Join  (cost=5545.17..5545.70 rows=28 width=136) (actual time=30.089..30.108 rows=27 loops=1)
Merge Join  (cost=5536.40..5541.62 rows=28 width=403) (actual time=29.651..29.808 rows=27 loops=1)
Merge Join  (cost=5546.07..5547.06 rows=54 width=127) (actual time=32.372..32.379 rows=5 loops=1)
Merge Join  (cost=5544.92..5545.45 rows=28 width=136) (actual time=30.023..30.043 rows=31 loops=1)
Merge Join  (cost=5536.17..5541.37 rows=28 width=403) (actual time=29.753..29.913 rows=31 loops=1)
Merge Join  (cost=5535.20..5540.32 rows=28 width=21) (actual time=29.611..29.750 rows=17 loops=1)
Merge Join  (cost=5535.54..5540.69 rows=28 width=21) (actual time=29.903..30.049 rows=16 loops=1)
Merge Join  (cost=5544.30..5544.84 rows=28 width=136) (actual time=30.018..30.039 rows=34 loops=1)
Merge Join  (cost=5544.24..5544.78 rows=28 width=136) (actual time=30.356..30.371 rows=21 loops=1)
Merge Join  (cost=5534.07..5539.08 rows=27 width=21) (actual time=29.701..29.847 rows=28 loops=1)
Merge Join  (cost=5536.17..5541.37 rows=28 width=21) (actual time=29.521..29.688 rows=29 loops=1)
Merge Join  (cost=5543.09..5543.61 rows=27 width=136) (actual time=30.045..30.063 rows=27 loops=1)
Merge Join  (cost=5534.53..5539.57 rows=27 width=403) (actual time=29.854..30.027 rows=27 loops=1)
Merge Join  (cost=5547.77..5548.80 rows=56 width=127) (actual time=33.102..33.115 rows=17 loops=1)
Merge Join  (cost=5545.77..5546.76 rows=54 width=127) (actual time=32.764..32.771 rows=3 loops=1)
Merge Join  (cost=5544.92..5545.89 rows=53 width=127) (actual time=32.783..32.791 rows=5 loops=1)
Merge Join  (cost=5534.64..5539.69 rows=27 width=21) (actual time=29.675..29.832 rows=21 loops=1)
Merge Join  (cost=5546.80..5547.81 rows=55 width=127) (actual time=33.208..33.219 rows=15 loops=1)
Merge Join  (cost=5536.17..5541.37 rows=28 width=403) (actual time=29.454..29.555 rows=9 loops=1)
Merge Join  (cost=5545.89..5546.44 rows=29 width=136) (actual time=30.047..30.050 rows=1 loops=1)
Merge Join  (cost=5535.83..5541.00 rows=28 width=21) (actual time=29.828..29.996 rows=22 loops=1)
Merge Join  (cost=5535.54..5540.69 rows=28 width=21) (actual time=29.637..29.793 rows=15 loops=1)
Merge Join  (cost=5544.92..5545.45 rows=28 width=136) (actual time=29.990..30.004 rows=19 loops=1)
Merge Join  (cost=5535.54..5540.69 rows=28 width=21) (actual time=29.920..30.084 rows=28 loops=1)
Merge Join  (cost=5534.92..5540.01 rows=28 width=21) (actual time=29.811..29.970 rows=20 loops=1)
Merge Join  (cost=5545.70..5546.69 rows=54 width=127) (actual time=32.897..32.904 rows=3 loops=1)
Merge Join  (cost=5544.92..5545.45 rows=28 width=136) (actual time=30.016..30.030 rows=15 loops=1)
Merge Join  (cost=5536.17..5541.37 rows=28 width=21) (actual time=29.984..30.114 rows=1 loops=1)
Merge Join  (cost=5546.14..5547.13 rows=54 width=127) (actual time=32.895..32.915 rows=31 loops=1)
Merge Join  (cost=5544.24..5544.78 rows=28 width=136) (actual time=29.947..29.956 rows=9 loops=1)
Merge Join  (cost=5534.64..5539.69 rows=27 width=21) (actual time=29.775..29.930 rows=26 loops=1)
Merge Join  (cost=5546.80..5547.81 rows=55 width=127) (actual time=32.967..32.986 rows=31 loops=1)
Merge Join  (cost=5535.26..5540.38 rows=28 width=21) (actual time=30.081..30.232 rows=15 loops=1)
Merge Join  (cost=5535.54..5540.69 rows=28 width=21) (actual time=29.685..29.843 rows=20 loops=1)
Merge Join  (cost=5535.83..5541.00 rows=28 width=21) (actual time=29.688..29.851 rows=34 loops=1)
Merge Join  (cost=5535.60..5540.75 rows=28 width=21) (actual time=29.679..29.891 rows=5 loops=1)
Merge Join  (cost=5545.70..5546.69 rows=54 width=127) (actual time=33.179..33.196 rows=23 loops=1)
Merge Join  (cost=5534.53..5539.57 rows=27 width=21) (actual time=29.661..29.811 rows=30 loops=1)
Merge Join  (cost=5544.43..5545.40 rows=53 width=127) (actual time=33.317..33.350 rows=61 loops=1)
Merge Join  (cost=5536.40..5541.62 rows=28 width=21) (actual time=29.799..30.022 rows=9 loops=1)
Merge Join  (cost=5543.93..5544.47 rows=28 width=136) (actual time=29.953..29.961 rows=3 loops=1)
Merge Join  (cost=5535.26..5540.38 rows=28 width=21) (actual time=29.611..29.767 rows=10 loops=1)
Merge Join  (cost=5543.09..5543.61 rows=27 width=136) (actual time=29.938..29.952 rows=21 loops=1)
Merge Join  (cost=5534.64..5539.69 rows=27 width=21) (actual time=30.051..30.184 rows=30 loops=1)
Merge Join  (cost=5544.30..5544.84 rows=28 width=136) (actual time=30.559..30.574 rows=21 loops=1)
Merge Join  (cost=5547.05..5548.05 rows=55 width=127) (actual time=32.409..32.416 rows=3 loops=1)
Merge Join  (cost=5545.04..5546.02 rows=53 width=127) (actual time=32.415..32.418 rows=1 loops=1)
Merge Join  (cost=5535.54..5540.69 rows=28 width=21) (actual time=29.711..29.785 rows=7 loops=1)
Merge Join  (cost=5534.64..5539.69 rows=27 width=21) (actual time=29.633..29.752 rows=27 loops=1)
Merge Join  (cost=5535.54..5540.69 rows=28 width=21) (actual time=29.666..29.779 rows=16 loops=1)
Merge Join  (cost=5536.17..5541.37 rows=28 width=21) (actual time=29.596..29.789 rows=23 loops=1)
Merge Join  (cost=5577.71..5584.76 rows=400 width=127) (actual time=33.441..33.634 rows=409 loops=1)
Merge Join  (cost=5545.04..5546.02 rows=53 width=127) (actual time=33.197..33.235 rows=72 loops=1)
Merge Join  (cost=5534.92..5540.01 rows=28 width=21) (actual time=29.731..29.875 rows=20 loops=1)
Merge Join  (cost=5544.92..5545.45 rows=28 width=136) (actual time=29.986..29.999 rows=17 loops=1)
Merge Join  (cost=5535.54..5540.69 rows=28 width=21) (actual time=29.596..29.823 rows=1 loops=1)
Merge Join  (cost=5544.30..5544.84 rows=28 width=136) (actual time=29.997..30.007 rows=9 loops=1)
Merge Join  (cost=5544.24..5544.78 rows=28 width=136) (actual time=29.799..29.816 rows=25 loops=1)
Merge Join  (cost=5535.60..5540.75 rows=28 width=21) (actual time=29.577..29.681 rows=17 loops=1)
Merge Join  (cost=5546.80..5547.81 rows=55 width=127) (actual time=33.467..33.504 rows=64 loops=1)
Merge Join  (cost=5535.26..5540.38 rows=28 width=21) (actual time=29.738..29.880 rows=23 loops=1)
Merge Join  (cost=5543.21..5543.73 rows=27 width=136) (actual time=29.999..30.012 rows=15 loops=1)
Merge Join  (cost=5534.64..5539.69 rows=27 width=403) (actual time=29.663..29.785 rows=15 loops=1)
Merge Join  (cost=5535.20..5540.32 rows=28 width=21) (actual time=29.709..29.863 rows=24 loops=1)
Merge Join  (cost=5535.43..5540.57 rows=28 width=21) (actual time=29.753..29.859 rows=23 loops=1)
Merge Join  (cost=5558.89..5562.47 rows=202 width=127) (actual time=33.489..33.581 rows=188 loops=1)
Merge Join  (cost=5536.00..5541.18 rows=28 width=403) (actual time=29.561..29.758 rows=25 loops=1)
Merge Join  (cost=5545.77..5546.76 rows=54 width=127) (actual time=32.838..32.888 rows=94 loops=1)
Merge Join  (cost=5543.09..5543.61 rows=27 width=136) (actual time=29.914..29.930 rows=23 loops=1)
Merge Join  (cost=5535.54..5540.69 rows=28 width=21) (actual time=29.710..29.869 rows=20 loops=1)
Merge Join  (cost=5536.40..5541.62 rows=28 width=21) (actual time=29.890..30.040 rows=28 loops=1)
Merge Join  (cost=5546.07..5547.06 rows=54 width=127) (actual time=33.095..33.115 rows=33 loops=1)
Merge Join  (cost=5545.40..5546.39 rows=54 width=127) (actual time=33.564..33.635 rows=142 loops=1)
Merge Join  (cost=5544.92..5545.89 rows=53 width=127) (actual time=32.641..32.652 rows=11 loops=1)
Merge Join  (cost=5536.17..5541.37 rows=28 width=21) (actual time=29.715..29.845 rows=6 loops=1)
Merge Join  (cost=5536.40..5541.62 rows=28 width=21) (actual time=29.517..29.687 rows=7 loops=1)
Merge Join  (cost=5546.07..5547.06 rows=54 width=127) (actual time=33.094..33.160 rows=129 loops=1)
Merge Join  (cost=5536.00..5541.18 rows=28 width=21) (actual time=29.906..30.049 rows=21 loops=1)
Merge Join  (cost=5534.53..5539.57 rows=27 width=21) (actual time=29.599..29.695 rows=20 loops=1)
Merge Join  (cost=5545.77..5546.76 rows=54 width=127) (actual time=32.565..32.567 rows=1 loops=1)
Merge Join  (cost=5544.55..5545.08 rows=28 width=136) (actual time=30.172..30.180 rows=5 loops=1)
Merge Join  (cost=5535.83..5541.00 rows=28 width=21) (actual time=29.900..30.081 rows=1 loops=1)
Merge Join  (cost=5546.07..5547.06 rows=54 width=127) (actual time=33.096..33.116 rows=31 loops=1)
Merge Join  (cost=5535.54..5540.69 rows=28 width=403) (actual time=29.622..29.855 rows=27 loops=1)
Merge Join  (cost=5544.24..5544.78 rows=28 width=136) (actual time=29.945..29.961 rows=25 loops=1)
Merge Join  (cost=5535.20..5540.32 rows=28 width=21) (actual time=29.919..30.040 rows=30 loops=1)
Merge Join  (cost=5536.17..5541.37 rows=28 width=21) (actual time=29.701..29.847 rows=14 loops=1)
Merge Join  (cost=5547.05..5548.05 rows=55 width=127) (actual time=34.408..34.421 rows=17 loops=1)
Merge Join  (cost=5544.12..5544.65 rows=28 width=136) (actual time=30.022..30.029 rows=3 loops=1)
Merge Join  (cost=5535.54..5540.69 rows=28 width=21) (actual time=29.851..30.008 rows=22 loops=1)
Merge Join  (cost=5536.17..5541.37 rows=28 width=21) (actual time=29.540..29.672 rows=28 loops=1)
Merge Join  (cost=5545.40..5546.39 rows=54 width=127) (actual time=32.622..32.648 rows=47 loops=1)
Merge Join  (cost=5534.92..5540.01 rows=28 width=403) (actual time=29.680..29.908 rows=27 loops=1)
Merge Join  (cost=5537.02..5542.31 rows=29 width=21) (actual time=29.664..29.803 rows=27 loops=1)
Merge Join  (cost=5535.20..5540.32 rows=28 width=21) (actual time=29.507..29.656 rows=28 loops=1)
Merge Join  (cost=5546.43..5547.44 rows=55 width=127) (actual time=33.000..33.038 rows=70 loops=1)
Merge Join  (cost=5545.04..5546.02 rows=53 width=127) (actual time=33.027..33.046 rows=29 loops=1)
Merge Join  (cost=5544.73..5545.27 rows=28 width=136) (actual time=30.135..30.152 rows=27 loops=1)
Merge Join  (cost=5534.92..5540.01 rows=28 width=21) (actual time=29.553..29.697 rows=33 loops=1)
Merge Join  (cost=5534.64..5539.69 rows=27 width=21) (actual time=29.484..29.645 rows=28 loops=1)
Merge Join  (cost=5536.17..5541.37 rows=28 width=21) (actual time=29.543..29.673 rows=3 loops=1)
Merge Join  (cost=5543.09..5543.61 rows=27 width=136) (actual time=29.835..29.850 rows=19 loops=1)
Merge Join  (cost=5535.43..5540.57 rows=28 width=21) (actual time=29.614..29.726 rows=3 loops=1)
Merge Join  (cost=5546.80..5547.81 rows=55 width=127) (actual time=33.038..33.056 rows=27 loops=1)
Merge Join  (cost=5536.17..5541.37 rows=28 width=21) (actual time=29.972..30.049 rows=19 loops=1)
Merge Join  (cost=5536.17..5541.37 rows=28 width=21) (actual time=30.180..30.308 rows=32 loops=1)
Merge Join  (cost=5537.02..5542.31 rows=29 width=21) (actual time=29.727..29.880 rows=31 loops=1)
Merge Join  (cost=5543.21..5543.73 rows=27 width=136) (actual time=29.727..29.729 rows=1 loops=1)
Merge Join  (cost=5535.54..5540.69 rows=28 width=21) (actual time=29.860..29.961 rows=4 loops=1)
Merge Join  (cost=5535.83..5541.00 rows=28 width=21) (actual time=30.188..30.271 rows=30 loops=1)
Merge Join  (cost=5546.14..5547.13 rows=54 width=127) (actual time=32.815..32.818 rows=1 loops=1)
Merge Join  (cost=5544.30..5544.84 rows=28 width=136) (actual time=29.961..29.977 rows=23 loops=1)
Merge Join  (cost=5544.24..5544.78 rows=28 width=136) (actual time=29.838..29.853 rows=19 loops=1)
Merge Join  (cost=5535.54..5540.69 rows=28 width=403) (actual time=29.879..30.021 rows=19 loops=1)
Merge Join  (cost=5546.43..5547.44 rows=55 width=127) (actual time=32.807..32.819 rows=12 loops=1)
Merge Join  (cost=5536.00..5541.18 rows=28 width=21) (actual time=29.631..29.818 rows=7 loops=1)
Merge Join  (cost=5536.40..5541.62 rows=28 width=21) (actual time=29.813..29.968 rows=20 loops=1)
Merge Join  (cost=5535.60..5540.75 rows=28 width=21) (actual time=29.848..29.954 rows=26 loops=1)
Merge Join  (cost=5535.26..5540.38 rows=28 width=21) (actual time=29.963..30.107 rows=24 loops=1)
Merge Join  (cost=5546.80..5547.81 rows=55 width=127) (actual time=32.890..32.898 rows=7 loops=1)
Merge Join  (cost=5535.09..5540.20 rows=28 width=21) (actual time=29.434..29.635 rows=15 loops=1)
Merge Join  (cost=5547.05..5548.05 rows=55 width=127) (actual time=32.883..32.901 rows=27 loops=1)
Merge Join  (cost=5545.70..5546.69 rows=54 width=127) (actual time=33.142..33.184 rows=75 loops=1)
Merge Join  (cost=5535.43..5540.57 rows=28 width=21) (actual time=29.587..29.659 rows=22 loops=1)
Merge Join  (cost=5545.40..5546.39 rows=54 width=127) (actual time=32.713..32.727 rows=19 loops=1)
Merge Join  (cost=5535.09..5540.20 rows=28 width=21) (actual time=29.673..29.876 rows=15 loops=1)
Merge Join  (cost=5545.95..5546.94 rows=54 width=127) (actual time=33.005..33.019 rows=18 loops=1)
Merge Join  (cost=5536.17..5541.37 rows=28 width=21) (actual time=29.488..29.625 rows=26 loops=1)
Merge Join  (cost=5546.14..5547.13 rows=54 width=127) (actual time=33.218..33.240 rows=35 loops=1)
Merge Join  (cost=5535.60..5540.75 rows=28 width=21) (actual time=30.249..30.388 rows=29 loops=1)
Merge Join  (cost=5535.09..5540.20 rows=28 width=21) (actual time=29.824..30.021 rows=9 loops=1)
Merge Join  (cost=5543.21..5543.73 rows=27 width=136) (actual time=29.797..29.817 rows=31 loops=1)
Merge Join  (cost=5535.20..5540.32 rows=28 width=21) (actual time=29.449..29.648 rows=27 loops=1)
Merge Join  (cost=5535.09..5540.20 rows=28 width=21) (actual time=29.799..29.971 rows=25 loops=1)
Merge Join  (cost=5537.02..5542.31 rows=29 width=21) (actual time=29.881..30.041 rows=17 loops=1)
Merge Join  (cost=5544.30..5544.84 rows=28 width=136) (actual time=29.993..30.012 rows=29 loops=1)
Merge Join  (cost=5535.54..5540.69 rows=28 width=21) (actual time=29.567..29.723 rows=15 loops=1)
Merge Join  (cost=5534.92..5540.01 rows=28 width=21) (actual time=29.748..29.926 rows=25 loops=1)
Merge Join  (cost=5545.77..5546.76 rows=54 width=127) (actual time=33.217..33.228 rows=11 loops=1)
Merge Join  (cost=5535.26..5540.38 rows=28 width=403) (actual time=29.297..29.379 rows=1 loops=1)
Merge Join  (cost=5536.17..5541.37 rows=28 width=21) (actual time=29.889..30.000 rows=30 loops=1)
Merge Join  (cost=5535.20..5540.32 rows=28 width=21) (actual time=29.563..29.753 rows=1 loops=1)
Merge Join  (cost=5537.02..5542.31 rows=29 width=21) (actual time=30.087..30.187 rows=1 loops=1)
Merge Join  (cost=5545.04..5546.02 rows=53 width=127) (actual time=32.193..32.200 rows=5 loops=1)
Merge Join  (cost=5535.43..5540.57 rows=28 width=21) (actual time=29.581..29.722 rows=13 loops=1)
Merge Join  (cost=5545.95..5546.94 rows=54 width=127) (actual time=32.895..32.940 rows=87 loops=1)
Merge Join  (cost=5545.70..5546.69 rows=54 width=127) (actual time=33.072..33.090 rows=27 loops=1)
Merge Join  (cost=5535.20..5540.32 rows=28 width=21) (actual time=29.569..29.719 rows=13 loops=1)
Merge Join  (cost=5545.77..5546.76 rows=54 width=127) (actual time=32.886..32.916 rows=53 loops=1)
Merge Join  (cost=5535.83..5541.00 rows=28 width=21) (actual time=29.815..29.926 rows=1 loops=1)
Merge Join  (cost=5534.64..5539.69 rows=27 width=21) (actual time=29.847..30.010 rows=26 loops=1)
Merge Join  (cost=5535.54..5540.69 rows=28 width=21) (actual time=29.557..29.704 rows=18 loops=1)
Merge Join  (cost=5544.30..5544.84 rows=28 width=136) (actual time=29.926..29.947 rows=31 loops=1)
Merge Join  (cost=5542.60..5543.12 rows=27 width=136) (actual time=30.304..30.316 rows=15 loops=1)
Merge Join  (cost=5544.55..5545.08 rows=28 width=136) (actual time=30.139..30.159 rows=31 loops=1)
Merge Join  (cost=5545.70..5546.69 rows=54 width=127) (actual time=32.902..32.905 rows=1 loops=1)
Merge Join  (cost=5546.80..5547.81 rows=55 width=127) (actual time=33.035..33.068 rows=59 loops=1)
Merge Join  (cost=5535.43..5540.57 rows=28 width=21) (actual time=29.857..30.010 rows=20 loops=1)
Merge Join  (cost=5543.75..5544.28 rows=28 width=136) (actual time=30.648..30.662 rows=17 loops=1)
Merge Join  (cost=5536.00..5541.18 rows=28 width=21) (actual time=29.686..29.813 rows=5 loops=1)
Merge Join  (cost=5535.54..5540.69 rows=28 width=21) (actual time=29.502..29.654 rows=22 loops=1)
Merge Join  (cost=5535.54..5540.69 rows=28 width=21) (actual time=29.847..30.052 rows=3 loops=1)
Merge Join  (cost=5537.02..5542.31 rows=29 width=21) (actual time=29.883..30.068 rows=13 loops=1)
Merge Join  (cost=5545.40..5546.39 rows=54 width=127) (actual time=32.747..32.756 rows=7 loops=1)
Merge Join  (cost=5534.07..5539.08 rows=27 width=21) (actual time=29.588..29.721 rows=5 loops=1)
Merge Join  (cost=5581.35..5589.04 rows=437 width=127) (actual time=34.538..34.780 rows=499 loops=1)
Merge Join  (cost=5536.17..5541.37 rows=28 width=21) (actual time=29.741..29.941 rows=21 loops=1)
Merge Join  (cost=5537.02..5542.31 rows=29 width=21) (actual time=29.673..29.799 rows=2 loops=1)
Merge Join  (cost=5535.20..5540.32 rows=28 width=21) (actual time=29.619..29.715 rows=22 loops=1)
Merge Join  (cost=5546.43..5547.44 rows=55 width=127) (actual time=33.097..33.105 rows=3 loops=1)
Merge Join  (cost=5546.80..5547.81 rows=55 width=127) (actual time=32.983..32.998 rows=19 loops=1)
Merge Join  (cost=5536.17..5541.37 rows=28 width=21) (actual time=29.738..29.846 rows=28 loops=1)
Merge Join  (cost=5536.40..5541.62 rows=28 width=21) (actual time=29.571..29.718 rows=31 loops=1)
Merge Join  (cost=5546.80..5547.81 rows=55 width=127) (actual time=33.202..33.212 rows=9 loops=1)
Merge Join  (cost=5544.24..5544.78 rows=28 width=136) (actual time=30.239..30.255 rows=21 loops=1)
Merge Join  (cost=5546.80..5547.81 rows=55 width=127) (actual time=32.487..32.495 rows=3 loops=1)
Merge Join  (cost=5535.54..5540.69 rows=28 width=403) (actual time=29.435..29.637 rows=21 loops=1)
Merge Join  (cost=5534.64..5539.69 rows=27 width=21) (actual time=29.686..29.826 rows=14 loops=1)
Merge Join  (cost=5543.21..5543.73 rows=27 width=136) (actual time=30.129..30.131 rows=1 loops=1)
Merge Join  (cost=5546.43..5547.44 rows=55 width=127) (actual time=32.964..32.978 rows=18 loops=1)
Merge Join  (cost=5535.54..5540.69 rows=28 width=21) (actual time=29.513..29.754 rows=5 loops=1)
Merge Join  (cost=5535.09..5540.20 rows=28 width=21) (actual time=29.994..30.159 rows=13 loops=1)
Merge Join  (cost=5535.20..5540.32 rows=28 width=21) (actual time=29.788..29.936 rows=19 loops=1)
Merge Join  (cost=5543.75..5544.28 rows=28 width=136) (actual time=29.929..29.947 rows=26 loops=1)
Merge Join  (cost=5546.80..5547.81 rows=55 width=127) (actual time=32.730..32.747 rows=25 loops=1)
Merge Join  (cost=5534.53..5539.57 rows=27 width=21) (actual time=30.084..30.205 rows=30 loops=1)
Merge Join  (cost=5546.80..5547.81 rows=55 width=127) (actual time=33.079..33.100 rows=33 loops=1)
Merge Join  (cost=5545.89..5546.44 rows=29 width=136) (actual time=29.981..29.984 rows=1 loops=1)
Merge Join  (cost=5534.64..5539.69 rows=27 width=21) (actual time=29.559..29.705 rows=24 loops=1)
Merge Join  (cost=5542.60..5543.12 rows=27 width=136) (actual time=29.930..29.945 rows=19 loops=1)
Merge Join  (cost=5534.07..5539.08 rows=27 width=403) (actual time=29.906..30.020 rows=19 loops=1)
Merge Join  (cost=5534.64..5539.69 rows=27 width=21) (actual time=29.529..29.657 rows=11 loops=1)
Merge Join  (cost=5543.21..5543.73 rows=27 width=136) (actual time=30.569..30.572 rows=1 loops=1)
Merge Join  (cost=5543.21..5543.73 rows=27 width=136) (actual time=30.284..30.294 rows=9 loops=1)
Merge Join  (cost=5545.04..5546.02 rows=53 width=127) (actual time=32.708..32.711 rows=1 loops=1)
Merge Join  (cost=5535.60..5540.75 rows=28 width=21) (actual time=29.727..29.828 rows=26 loops=1)
Merge Join  (cost=5546.14..5547.13 rows=54 width=127) (actual time=32.912..32.944 rows=55 loops=1)
Merge Join  (cost=5558.13..5561.81 rows=208 width=127) (actual time=33.311..33.409 rows=206 loops=1)
Merge Join  (cost=5534.92..5540.01 rows=28 width=21) (actual time=29.783..29.874 rows=14 loops=1)
Merge Join  (cost=5535.54..5540.69 rows=28 width=21) (actual time=29.717..29.864 rows=8 loops=1)
Merge Join  (cost=5546.80..5547.81 rows=55 width=127) (actual time=32.830..32.842 rows=15 loops=1)
Merge Join  (cost=5546.07..5547.06 rows=54 width=127) (actual time=33.117..33.130 rows=14 loops=1)
Merge Join  (cost=5543.56..5544.10 rows=28 width=136) (actual time=30.162..30.173 rows=11 loops=1)
Merge Join  (cost=5662.08..5691.02 rows=1603 width=127) (actual time=34.700..35.863 rows=1607 loops=1)
Merge Join  (cost=5535.09..5540.20 rows=28 width=21) (actual time=29.893..30.052 rows=15 loops=1)
Merge Join  (cost=5534.92..5540.01 rows=28 width=21) (actual time=30.134..30.296 rows=21 loops=1)
Merge Join  (cost=5535.54..5540.69 rows=28 width=21) (actual time=29.904..30.123 rows=25 loops=1)
Merge Join  (cost=5534.07..5539.08 rows=27 width=21) (actual time=29.463..29.668 rows=23 loops=1)
Merge Join  (cost=5543.75..5544.28 rows=28 width=136) (actual time=29.691..29.704 rows=15 loops=1)
Merge Join  (cost=5536.17..5541.37 rows=28 width=21) (actual time=29.817..29.958 rows=1 loops=1)
Merge Join  (cost=5535.26..5540.38 rows=28 width=21) (actual time=30.013..30.077 rows=18 loops=1)
Merge Join  (cost=5534.64..5539.69 rows=27 width=21) (actual time=29.841..29.957 rows=28 loops=1)
Merge Join  (cost=5544.92..5545.89 rows=53 width=127) (actual time=32.980..33.016 rows=67 loops=1)
Merge Join  (cost=5534.53..5539.57 rows=27 width=403) (actual time=29.601..29.790 rows=31 loops=1)
Merge Join  (cost=5545.70..5546.69 rows=54 width=127) (actual time=33.465..33.510 rows=85 loops=1)
Merge Join  (cost=5535.54..5540.69 rows=28 width=21) (actual time=29.941..30.010 rows=21 loops=1)
Merge Join  (cost=5543.93..5544.47 rows=28 width=136) (actual time=29.955..29.967 rows=13 loops=1)
Merge Join  (cost=5557.19..5560.47 rows=185 width=127) (actual time=33.371..33.460 rows=181 loops=1)
Merge Join  (cost=5545.04..5546.02 rows=53 width=127) (actual time=33.111..33.121 rows=11 loops=1)
Merge Join  (cost=5543.75..5544.28 rows=28 width=136) (actual time=30.121..30.135 rows=19 loops=1)
Merge Join  (cost=5543.75..5544.28 rows=28 width=136) (actual time=29.991..29.998 rows=5 loops=1)
Merge Join  (cost=5534.64..5539.69 rows=27 width=21) (actual time=29.972..30.136 rows=22 loops=1)
Merge Join  (cost=5545.04..5546.02 rows=53 width=127) (actual time=32.951..32.959 rows=3 loops=1)
Merge Join  (cost=5536.17..5541.37 rows=28 width=21) (actual time=29.907..30.065 rows=30 loops=1)
Merge Join  (cost=5542.60..5543.12 rows=27 width=136) (actual time=29.793..29.795 rows=1 loops=1)
Merge Join  (cost=5535.43..5540.57 rows=28 width=21) (actual time=29.632..29.648 rows=11 loops=1)
Merge Join  (cost=5536.17..5541.37 rows=28 width=21) (actual time=29.721..29.880 rows=28 loops=1)
Merge Join  (cost=5537.02..5542.31 rows=29 width=21) (actual time=29.900..30.155 rows=17 loops=1)
Merge Join  (cost=5543.56..5544.10 rows=28 width=136) (actual time=29.846..29.857 rows=11 loops=1)
Merge Join  (cost=5543.87..5544.41 rows=28 width=136) (actual time=29.788..29.801 rows=13 loops=1)
Merge Join  (cost=5534.92..5540.01 rows=28 width=21) (actual time=29.858..29.950 rows=29 loops=1)
Merge Join  (cost=5536.17..5541.37 rows=28 width=21) (actual time=30.126..30.285 rows=36 loops=1)
Merge Join  (cost=5535.09..5540.20 rows=28 width=21) (actual time=30.495..30.654 rows=7 loops=1)
Merge Join  (cost=5543.21..5543.73 rows=27 width=136) (actual time=29.823..29.838 rows=21 loops=1)
Merge Join  (cost=5542.60..5543.12 rows=27 width=136) (actual time=29.879..29.881 rows=1 loops=1)
Merge Join  (cost=5576.79..5583.77 rows=396 width=127) (actual time=33.757..33.950 rows=406 loops=1)
Merge Join  (cost=5546.07..5547.06 rows=54 width=127) (actual time=32.939..32.946 rows=3 loops=1)
Merge Join  (cost=5545.70..5546.69 rows=54 width=127) (actual time=32.870..32.881 rows=11 loops=1)
Merge Join  (cost=5534.07..5539.08 rows=27 width=21) (actual time=29.560..29.678 rows=25 loops=1)
Merge Join  (cost=5545.77..5546.76 rows=54 width=127) (actual time=32.650..32.653 rows=1 loops=1)
Merge Join  (cost=5545.89..5546.44 rows=29 width=136) (actual time=30.117..30.135 rows=25 loops=1)
Merge Join  (cost=5543.21..5543.73 rows=27 width=136) (actual time=30.194..30.203 rows=7 loops=1)
Merge Join  (cost=5534.53..5539.57 rows=27 width=21) (actual time=29.491..29.595 rows=28 loops=1)
Merge Join  (cost=5535.83..5541.00 rows=28 width=21) (actual time=30.042..30.131 rows=18 loops=1)
Merge Join  (cost=5542.60..5543.12 rows=27 width=136) (actual time=30.179..30.200 rows=35 loops=1)
Merge Join  (cost=5589.63..5598.84 rows=524 width=127) (actual time=34.395..34.678 rows=596 loops=1)
Merge Join  (cost=5543.09..5543.61 rows=27 width=136) (actual time=29.927..29.929 rows=1 loops=1)
Merge Join  (cost=5542.60..5543.12 rows=27 width=136) (actual time=30.013..30.027 rows=19 loops=1)
Merge Join  (cost=5534.64..5539.69 rows=27 width=21) (actual time=29.796..29.961 rows=16 loops=1)
Merge Join  (cost=5545.95..5546.94 rows=54 width=127) (actual time=32.925..32.937 rows=17 loops=1)
Merge Join  (cost=5535.43..5540.57 rows=28 width=403) (actual time=29.349..29.558 rows=17 loops=1)
Merge Join  (cost=5544.43..5545.40 rows=53 width=127) (actual time=32.991..33.030 rows=68 loops=1)
Merge Join  (cost=5544.24..5544.78 rows=28 width=136) (actual time=29.859..29.867 rows=5 loops=1)
Merge Join  (cost=5535.20..5540.32 rows=28 width=21) (actual time=29.588..29.620 rows=34 loops=1)
Merge Join  (cost=5536.17..5541.37 rows=28 width=21) (actual time=29.481..29.642 rows=3 loops=1)
Merge Join  (cost=5544.30..5544.84 rows=28 width=136) (actual time=30.134..30.149 rows=21 loops=1)
Merge Join  (cost=5536.40..5541.62 rows=28 width=21) (actual time=29.725..29.962 rows=27 loops=1)
Merge Join  (cost=5547.77..5548.80 rows=56 width=127) (actual time=32.961..32.974 rows=19 loops=1)
Merge Join  (cost=5543.87..5544.41 rows=28 width=136) (actual time=30.015..30.027 rows=13 loops=1)
Merge Join  (cost=5543.21..5543.73 rows=27 width=136) (actual time=30.288..30.296 rows=5 loops=1)
Merge Join  (cost=5544.92..5545.45 rows=28 width=136) (actual time=30.025..30.044 rows=29 loops=1)
Merge Join  (cost=5535.20..5540.32 rows=28 width=21) (actual time=29.654..29.806 rows=11 loops=1)
Merge Join  (cost=5535.54..5540.69 rows=28 width=21) (actual time=29.577..29.731 rows=23 loops=1)
Merge Join  (cost=5545.17..5545.70 rows=28 width=136) (actual time=30.113..30.131 rows=29 loops=1)
Merge Join  (cost=5581.20..5589.09 rows=448 width=127) (actual time=34.480..34.739 rows=536 loops=1)
Merge Join  (cost=5543.75..5544.28 rows=28 width=136) (actual time=29.869..29.889 rows=33 loops=1)
Merge Join  (cost=5544.92..5545.89 rows=53 width=127) (actual time=32.689..32.711 rows=35 loops=1)
Merge Join  (cost=5544.55..5545.08 rows=28 width=136) (actual time=29.922..29.930 rows=5 loops=1)
Merge Join  (cost=5534.53..5539.57 rows=27 width=21) (actual time=29.666..29.818 rows=32 loops=1)
Merge Join  (cost=5536.17..5541.37 rows=28 width=21) (actual time=29.595..29.726 rows=22 loops=1)
Merge Join  (cost=5544.92..5545.45 rows=28 width=136) (actual time=29.788..29.807 rows=31 loops=1)
Merge Join  (cost=5536.00..5541.18 rows=28 width=21) (actual time=29.797..29.928 rows=6 loops=1)
Merge Join  (cost=5546.07..5547.06 rows=54 width=127) (actual time=32.940..32.950 rows=11 loops=1)
Merge Join  (cost=5542.60..5543.12 rows=27 width=136) (actual time=29.796..29.811 rows=19 loops=1)
Merge Join  (cost=5544.12..5544.65 rows=28 width=136) (actual time=29.773..29.791 rows=31 loops=1)
Merge Join  (cost=5535.20..5540.32 rows=28 width=21) (actual time=29.881..29.960 rows=8 loops=1)
Merge Join  (cost=5536.17..5541.37 rows=28 width=21) (actual time=29.834..30.059 rows=7 loops=1)
Merge Join  (cost=5535.20..5540.32 rows=28 width=21) (actual time=29.952..30.055 rows=1 loops=1)
Merge Join  (cost=5544.30..5544.84 rows=28 width=136) (actual time=29.675..29.685 rows=9 loops=1)
Merge Join  (cost=5534.64..5539.69 rows=27 width=21) (actual time=29.961..30.113 rows=18 loops=1)
Merge Join  (cost=5545.58..5546.57 rows=54 width=127) (actual time=33.084..33.105 rows=33 loops=1)
Merge Join  (cost=5535.83..5541.00 rows=28 width=21) (actual time=29.706..29.818 rows=30 loops=1)
Merge Join  (cost=5535.54..5540.69 rows=28 width=21) (actual time=29.519..29.701 rows=1 loops=1)
Merge Join  (cost=5536.17..5541.37 rows=28 width=21) (actual time=29.786..29.951 rows=27 loops=1)
Merge Join  (cost=5545.40..5546.39 rows=54 width=127) (actual time=32.978..32.985 rows=3 loops=1)
Merge Join  (cost=5535.43..5540.57 rows=28 width=21) (actual time=29.669..29.815 rows=25 loops=1)
Merge Join  (cost=5543.21..5543.73 rows=27 width=136) (actual time=29.775..29.789 rows=19 loops=1)
Merge Join  (cost=5534.64..5539.69 rows=27 width=21) (actual time=29.717..29.811 rows=18 loops=1)
Merge Join  (cost=5534.92..5540.01 rows=28 width=21) (actual time=29.844..29.985 rows=20 loops=1)
Merge Join  (cost=5544.92..5545.45 rows=28 width=136) (actual time=29.881..29.892 rows=15 loops=1)
Merge Join  (cost=5534.64..5539.69 rows=27 width=21) (actual time=29.708..29.844 rows=7 loops=1)
Merge Join  (cost=5535.60..5540.75 rows=28 width=21) (actual time=30.079..30.228 rows=24 loops=1)
Merge Join  (cost=5536.40..5541.62 rows=28 width=21) (actual time=29.844..30.050 rows=1 loops=1)
Merge Join  (cost=5545.17..5545.70 rows=28 width=136) (actual time=30.164..30.181 rows=27 loops=1)
Merge Join  (cost=5547.77..5548.80 rows=56 width=127) (actual time=32.506..32.513 rows=3 loops=1)
Merge Join  (cost=5535.54..5540.69 rows=28 width=21) (actual time=29.922..30.148 rows=23 loops=1)
Merge Join  (cost=5535.20..5540.32 rows=28 width=21) (actual time=29.968..30.081 rows=3 loops=1)
Merge Join  (cost=5534.64..5539.69 rows=27 width=21) (actual time=29.852..29.979 rows=8 loops=1)
Merge Join  (cost=5535.43..5540.57 rows=28 width=21) (actual time=29.571..29.686 rows=1 loops=1)
Merge Join  (cost=5534.07..5539.08 rows=27 width=21) (actual time=29.947..30.021 rows=34 loops=1)
Merge Join  (cost=5535.26..5540.38 rows=28 width=21) (actual time=30.004..30.123 rows=18 loops=1)
Merge Join  (cost=5534.92..5540.01 rows=28 width=21) (actual time=30.024..30.168 rows=19 loops=1)
Merge Join  (cost=5536.17..5541.37 rows=28 width=21) (actual time=29.501..29.718 rows=1 loops=1)
Merge Join  (cost=5544.24..5544.78 rows=28 width=136) (actual time=29.805..29.811 rows=3 loops=1)
Merge Join  (cost=5545.77..5546.76 rows=54 width=127) (actual time=33.446..33.462 rows=23 loops=1)
Merge Join  (cost=5547.77..5548.80 rows=56 width=127) (actual time=33.290..33.299 rows=5 loops=1)
Merge Join  (cost=5534.07..5539.08 rows=27 width=21) (actual time=29.822..29.967 rows=14 loops=1)
Merge Join  (cost=5546.61..5547.62 rows=55 width=127) (actual time=32.936..32.957 rows=35 loops=1)
Merge Join  (cost=5546.80..5547.81 rows=55 width=127) (actual time=33.034..33.045 rows=11 loops=1)
Merge Join  (cost=5545.40..5546.39 rows=54 width=127) (actual time=32.865..32.868 rows=1 loops=1)
Merge Join  (cost=5544.24..5544.78 rows=28 width=136) (actual time=29.871..29.881 rows=7 loops=1)
Merge Join  (cost=5535.60..5540.75 rows=28 width=21) (actual time=29.599..29.601 rows=1 loops=1)
Merge Join  (cost=5546.07..5547.06 rows=54 width=127) (actual time=33.481..33.552 rows=145 loops=1)
Merge Join  (cost=5545.40..5546.39 rows=54 width=127) (actual time=33.044..33.047 rows=1 loops=1)
Merge Join  (cost=5545.70..5546.69 rows=54 width=127) (actual time=33.087..33.100 rows=17 loops=1)
Merge Join  (cost=5545.70..5546.69 rows=54 width=127) (actual time=33.081..33.113 rows=57 loops=1)
Merge Join  (cost=5543.87..5544.41 rows=28 width=136) (actual time=29.769..29.780 rows=15 loops=1)
Merge Join  (cost=5535.26..5540.38 rows=28 width=21) (actual time=29.685..29.878 rows=1 loops=1)
Merge Join  (cost=5546.43..5547.44 rows=55 width=127) (actual time=33.223..33.238 rows=19 loops=1)
Merge Join  (cost=5543.93..5544.47 rows=28 width=136) (actual time=29.698..29.716 rows=28 loops=1)
Merge Join  (cost=5546.07..5547.06 rows=54 width=127) (actual time=33.170..33.192 rows=35 loops=1)
Merge Join  (cost=5546.43..5547.44 rows=55 width=127) (actual time=32.954..32.960 rows=3 loops=1)
Merge Join  (cost=5545.17..5545.70 rows=28 width=136) (actual time=29.801..29.816 rows=21 loops=1)
Merge Join  (cost=5543.93..5544.47 rows=28 width=136) (actual time=29.720..29.729 rows=9 loops=1)
Merge Join  (cost=5536.40..5541.62 rows=28 width=21) (actual time=29.746..29.960 rows=7 loops=1)
Merge Join  (cost=5535.54..5540.69 rows=28 width=21) (actual time=29.687..29.782 rows=20 loops=1)
Merge Join  (cost=5535.09..5540.20 rows=28 width=21) (actual time=29.461..29.656 rows=3 loops=1)
Merge Join  (cost=5545.04..5546.02 rows=53 width=127) (actual time=33.103..33.142 rows=73 loops=1)
Merge Join  (cost=5534.92..5540.01 rows=28 width=21) (actual time=29.958..30.071 rows=3 loops=1)
Merge Join  (cost=5536.17..5541.37 rows=28 width=21) (actual time=29.856..29.991 rows=34 loops=1)
Merge Join  (cost=5545.95..5546.94 rows=54 width=127) (actual time=33.013..33.042 rows=53 loops=1)
Merge Join  (cost=5591.58..5601.25 rows=550 width=127) (actual time=34.322..34.593 rows=562 loops=1)
Merge Join  (cost=5536.40..5541.62 rows=28 width=21) (actual time=29.732..29.814 rows=30 loops=1)
Merge Join  (cost=5545.04..5546.02 rows=53 width=127) (actual time=33.510..33.554 rows=84 loops=1)
Merge Join  (cost=5534.64..5539.69 rows=27 width=403) (actual time=29.589..29.683 rows=33 loops=1)
Merge Join  (cost=5537.02..5542.31 rows=29 width=21) (actual time=29.621..29.766 rows=23 loops=1)
Merge Join  (cost=5543.87..5544.41 rows=28 width=136) (actual time=29.983..29.999 rows=23 loops=1)
Merge Join  (cost=5534.64..5539.69 rows=27 width=21) (actual time=29.755..29.942 rows=35 loops=1)
Merge Join  (cost=5546.43..5547.44 rows=55 width=127) (actual time=32.577..32.604 rows=43 loops=1)
Merge Join  (cost=5535.83..5541.00 rows=28 width=21) (actual time=29.588..29.746 rows=28 loops=1)
Merge Join  (cost=5534.07..5539.08 rows=27 width=21) (actual time=29.881..30.023 rows=12 loops=1)
Merge Join  (cost=5543.75..5544.28 rows=28 width=136) (actual time=29.835..29.846 rows=9 loops=1)
Merge Join  (cost=5534.64..5539.69 rows=27 width=21) (actual time=29.730..29.866 rows=28 loops=1)
Merge Join  (cost=5535.20..5540.32 rows=28 width=21) (actual time=30.007..30.058 rows=1 loops=1)
Merge Join  (cost=5535.54..5540.69 rows=28 width=21) (actual time=30.110..30.305 rows=7 loops=1)
Merge Join  (cost=5546.07..5547.06 rows=54 width=127) (actual time=32.880..32.900 rows=31 loops=1)
Merge Join  (cost=5543.21..5543.73 rows=27 width=136) (actual time=30.051..30.066 rows=21 loops=1)
Merge Join  (cost=5535.54..5540.69 rows=28 width=21) (actual time=30.078..30.167 rows=20 loops=1)
Merge Join  (cost=5651.98..5677.89 rows=1412 width=127) (actual time=35.282..36.754 rows=1538 loops=1)
Merge Join  (cost=5544.55..5545.08 rows=28 width=136) (actual time=30.071..30.074 rows=1 loops=1)
Merge Join  (cost=5536.17..5541.37 rows=28 width=21) (actual time=30.283..30.312 rows=34 loops=1)
Merge Join  (cost=5546.07..5547.06 rows=54 width=127) (actual time=32.766..32.768 rows=1 loops=1)
Merge Join  (cost=5535.43..5540.57 rows=28 width=21) (actual time=29.843..29.993 rows=5 loops=1)
Merge Join  (cost=5535.09..5540.20 rows=28 width=21) (actual time=29.671..29.741 rows=16 loops=1)
Merge Join  (cost=5545.77..5546.76 rows=54 width=127) (actual time=32.571..32.596 rows=40 loops=1)
Merge Join  (cost=5535.26..5540.38 rows=28 width=21) (actual time=29.650..29.878 rows=15 loops=1)
Merge Join  (cost=5545.40..5546.39 rows=54 width=127) (actual time=33.241..33.272 rows=53 loops=1)
Merge Join  (cost=5534.07..5539.08 rows=27 width=21) (actual time=29.951..30.060 rows=9 loops=1)
Merge Join  (cost=5546.43..5547.44 rows=55 width=127) (actual time=33.019..33.039 rows=31 loops=1)
Merge Join  (cost=5546.43..5547.44 rows=55 width=127) (actual time=32.868..32.871 rows=1 loops=1)
Merge Join  (cost=5536.00..5541.18 rows=28 width=21) (actual time=29.682..29.801 rows=7 loops=1)
Merge Join  (cost=5535.43..5540.57 rows=28 width=21) (actual time=29.849..30.018 rows=1 loops=1)
Merge Join  (cost=5536.00..5541.18 rows=28 width=21) (actual time=29.816..29.956 rows=21 loops=1)
Merge Join  (cost=5534.07..5539.08 rows=27 width=21) (actual time=29.456..29.631 rows=9 loops=1)
Merge Join  (cost=5535.60..5540.75 rows=28 width=21) (actual time=29.969..30.111 rows=25 loops=1)
Merge Join  (cost=5536.17..5541.37 rows=28 width=21) (actual time=29.886..29.949 rows=28 loops=1)
Merge Join  (cost=5546.43..5547.44 rows=55 width=127) (actual time=33.321..33.323 rows=1 loops=1)
Merge Join  (cost=5535.54..5540.69 rows=28 width=21) (actual time=29.717..29.861 rows=32 loops=1)
Merge Join  (cost=5544.30..5544.84 rows=28 width=136) (actual time=30.191..30.202 rows=13 loops=1)
Merge Join  (cost=5545.70..5546.69 rows=54 width=127) (actual time=33.117..33.120 rows=1 loops=1)
Merge Join  (cost=5545.70..5546.69 rows=54 width=127) (actual time=32.769..32.773 rows=1 loops=1)
Merge Join  (cost=5534.92..5540.01 rows=28 width=21) (actual time=29.717..29.832 rows=22 loops=1)
Merge Join  (cost=5545.40..5546.39 rows=54 width=127) (actual time=33.307..33.337 rows=51 loops=1)
Merge Join  (cost=5534.92..5540.01 rows=28 width=403) (actual time=29.475..29.676 rows=29 loops=1)
Merge Join  (cost=5546.80..5547.81 rows=55 width=127) (actual time=32.869..32.892 rows=36 loops=1)
Merge Join  (cost=5537.02..5542.31 rows=29 width=21) (actual time=29.542..29.689 rows=9 loops=1)
Merge Join  (cost=5543.21..5543.73 rows=27 width=136) (actual time=30.103..30.117 rows=19 loops=1)
Merge Join  (cost=5535.54..5540.69 rows=28 width=21) (actual time=29.789..29.858 rows=32 loops=1)
Merge Join  (cost=5536.17..5541.37 rows=28 width=21) (actual time=29.646..29.843 rows=9 loops=1)
Merge Join  (cost=5545.04..5546.02 rows=53 width=127) (actual time=32.738..32.787 rows=94 loops=1)
Merge Join  (cost=5534.64..5539.69 rows=27 width=21) (actual time=29.459..29.691 rows=7 loops=1)
Merge Join  (cost=5546.80..5547.81 rows=55 width=127) (actual time=33.278..33.358 rows=158 loops=1)
Merge Join  (cost=5536.17..5541.37 rows=28 width=403) (actual time=29.562..29.695 rows=37 loops=1)
Merge Join  (cost=5536.17..5541.37 rows=28 width=21) (actual time=29.671..29.821 rows=3 loops=1)
Merge Join  (cost=5535.43..5540.57 rows=28 width=21) (actual time=30.199..30.436 rows=7 loops=1)
Merge Join  (cost=5547.05..5548.05 rows=55 width=127) (actual time=32.993..33.018 rows=42 loops=1)
Merge Join  (cost=5544.24..5544.78 rows=28 width=136) (actual time=29.892..29.910 rows=27 loops=1)
Merge Join  (cost=5543.93..5544.47 rows=28 width=136) (actual time=29.765..29.785 rows=29 loops=1)
Merge Join  (cost=5535.26..5540.38 rows=28 width=21) (actual time=30.104..30.234 rows=12 loops=1)
Merge Join  (cost=5534.64..5539.69 rows=27 width=21) (actual time=29.838..30.054 rows=21 loops=1)
Merge Join  (cost=5534.53..5539.57 rows=27 width=21) (actual time=29.718..29.855 rows=27 loops=1)
Merge Join  (cost=5535.54..5540.69 rows=28 width=21) (actual time=29.510..29.668 rows=18 loops=1)
Merge Join  (cost=5542.60..5543.12 rows=27 width=136) (actual time=30.018..30.034 rows=23 loops=1)
Merge Join  (cost=5535.54..5540.69 rows=28 width=21) (actual time=29.870..30.021 rows=27 loops=1)
Merge Join  (cost=5537.02..5542.31 rows=29 width=21) (actual time=29.992..30.145 rows=20 loops=1)
Merge Join  (cost=5535.54..5540.69 rows=28 width=21) (actual time=29.606..29.748 rows=27 loops=1)
Merge Join  (cost=5653.26..5679.46 rows=1429 width=127) (actual time=35.165..36.298 rows=1481 loops=1)
Merge Join  (cost=5536.17..5541.37 rows=28 width=21) (actual time=29.937..30.178 rows=5 loops=1)
Merge Join  (cost=5535.54..5540.69 rows=28 width=21) (actual time=29.878..30.013 rows=16 loops=1)
Merge Join  (cost=5543.21..5543.73 rows=27 width=136) (actual time=29.854..29.869 rows=23 loops=1)
Merge Join  (cost=5535.26..5540.38 rows=28 width=21) (actual time=29.889..30.081 rows=5 loops=1)
Merge Join  (cost=5546.07..5547.06 rows=54 width=127) (actual time=33.349..33.358 rows=5 loops=1)
Merge Join  (cost=5534.92..5540.01 rows=28 width=21) (actual time=29.637..29.651 rows=24 loops=1)
Merge Join  (cost=5546.61..5547.62 rows=55 width=127) (actual time=32.786..32.798 rows=13 loops=1)
Merge Join  (cost=5535.09..5540.20 rows=28 width=21) (actual time=29.646..29.789 rows=23 loops=1)
Merge Join  (cost=5559.34..5563.09 rows=212 width=127) (actual time=33.342..33.434 rows=190 loops=1)
Merge Join  (cost=5534.53..5539.57 rows=27 width=21) (actual time=30.393..30.495 rows=5 loops=1)
Merge Join  (cost=5535.26..5540.38 rows=28 width=21) (actual time=29.404..29.627 rows=1 loops=1)
Merge Join  (cost=5545.04..5546.02 rows=53 width=127) (actual time=33.080..33.087 rows=3 loops=1)
Merge Join  (cost=5544.92..5545.45 rows=28 width=136) (actual time=30.161..30.180 rows=31 loops=1)
Merge Join  (cost=5534.07..5539.08 rows=27 width=21) (actual time=29.646..29.792 rows=21 loops=1)
Merge Join  (cost=5545.77..5546.76 rows=54 width=127) (actual time=32.665..32.684 rows=31 loops=1)
Merge Join  (cost=5535.54..5540.69 rows=28 width=21) (actual time=29.750..29.895 rows=34 loops=1)
Merge Join  (cost=5536.17..5541.37 rows=28 width=21) (actual time=29.853..29.998 rows=9 loops=1)
Merge Join  (cost=5651.16..5676.92 rows=1405 width=127) (actual time=34.693..35.761 rows=1472 loops=1)
Merge Join  (cost=5545.95..5546.94 rows=54 width=127) (actual time=32.817..32.830 rows=13 loops=1)
Merge Join  (cost=5535.09..5540.20 rows=28 width=21) (actual time=29.630..29.754 rows=23 loops=1)
Merge Join  (cost=5536.40..5541.62 rows=28 width=21) (actual time=29.669..29.825 rows=23 loops=1)
Merge Join  (cost=5543.21..5543.73 rows=27 width=136) (actual time=29.927..29.937 rows=9 loops=1)
Merge Join  (cost=5537.02..5542.31 rows=29 width=21) (actual time=29.456..29.659 rows=3 loops=1)
Merge Join  (cost=5544.43..5545.40 rows=53 width=127) (actual time=33.017..33.039 rows=35 loops=1)
Merge Join  (cost=5545.95..5546.94 rows=54 width=127) (actual time=33.077..33.090 rows=15 loops=1)
Merge Join  (cost=5535.43..5540.57 rows=28 width=403) (actual time=29.236..29.481 rows=7 loops=1)
Merge Join  (cost=5545.04..5546.02 rows=53 width=127) (actual time=32.735..32.755 rows=34 loops=1)
Merge Join  (cost=5545.04..5546.02 rows=53 width=127) (actual time=33.109..33.128 rows=31 loops=1)
Merge Join  (cost=5535.54..5540.69 rows=28 width=21) (actual time=29.686..29.852 rows=30 loops=1)
Merge Join  (cost=5536.83..5542.32 rows=48 width=21) (actual time=29.627..29.720 rows=28 loops=1)
Merge Join  (cost=5546.80..5547.81 rows=55 width=127) (actual time=32.547..32.560 rows=17 loops=1)
Merge Join  (cost=5546.07..5547.06 rows=54 width=127) (actual time=33.326..33.411 rows=177 loops=1)
Merge Join  (cost=5534.64..5539.69 rows=27 width=21) (actual time=29.831..29.895 rows=16 loops=1)
Merge Join  (cost=5545.04..5546.02 rows=53 width=127) (actual time=33.213..33.221 rows=7 loops=1)
Merge Join  (cost=5534.92..5540.01 rows=28 width=21) (actual time=29.483..29.691 rows=1 loops=1)
Merge Join  (cost=5535.60..5540.75 rows=28 width=21) (actual time=29.750..29.846 rows=28 loops=1)
Merge Join  (cost=5536.17..5541.37 rows=28 width=21) (actual time=29.908..30.129 rows=31 loops=1)
Merge Join  (cost=5535.54..5540.69 rows=28 width=21) (actual time=29.745..29.890 rows=18 loops=1)
Merge Join  (cost=5536.17..5541.37 rows=28 width=21) (actual time=29.712..29.849 rows=7 loops=1)
Merge Join  (cost=5535.54..5540.69 rows=28 width=21) (actual time=29.968..30.124 rows=28 loops=1)
Merge Join  (cost=5544.55..5545.08 rows=28 width=136) (actual time=30.094..30.105 rows=9 loops=1)
Merge Join  (cost=5536.00..5541.18 rows=28 width=21) (actual time=29.897..30.030 rows=28 loops=1)
Merge Join  (cost=5546.80..5547.81 rows=55 width=127) (actual time=33.569..33.662 rows=190 loops=1)
Merge Join  (cost=5545.70..5546.69 rows=54 width=127) (actual time=32.835..32.838 rows=1 loops=1)
Merge Join  (cost=5546.43..5547.44 rows=55 width=127) (actual time=33.699..33.786 rows=171 loops=1)
Merge Join  (cost=5544.24..5544.78 rows=28 width=136) (actual time=30.037..30.053 rows=23 loops=1)
Merge Join  (cost=5535.54..5540.69 rows=28 width=21) (actual time=29.446..29.604 rows=30 loops=1)
Merge Join  (cost=5535.54..5540.69 rows=28 width=403) (actual time=29.419..29.587 rows=23 loops=1)
Merge Join  (cost=5534.64..5539.69 rows=27 width=21) (actual time=29.907..30.039 rows=1 loops=1)
Merge Join  (cost=5536.00..5541.18 rows=28 width=21) (actual time=29.555..29.702 rows=21 loops=1)
Merge Join  (cost=5534.07..5539.08 rows=27 width=21) (actual time=29.686..29.799 rows=34 loops=1)
Merge Join  (cost=5544.12..5544.65 rows=28 width=136) (actual time=30.125..30.141 rows=21 loops=1)
Merge Join  (cost=5546.07..5547.06 rows=54 width=127) (actual time=33.196..33.214 rows=28 loops=1)
Merge Join  (cost=5546.14..5547.13 rows=54 width=127) (actual time=32.937..32.943 rows=3 loops=1)
Merge Join  (cost=5546.07..5547.06 rows=54 width=127) (actual time=32.950..32.982 rows=56 loops=1)
Merge Join  (cost=5535.83..5541.00 rows=28 width=21) (actual time=29.663..29.819 rows=29 loops=1)
Merge Join  (cost=5536.40..5541.62 rows=28 width=21) (actual time=29.609..29.756 rows=13 loops=1)
Merge Join  (cost=5546.80..5547.81 rows=55 width=127) (actual time=33.035..33.068 rows=62 loops=1)
Merge Join  (cost=5534.64..5539.69 rows=27 width=21) (actual time=29.643..29.801 rows=7 loops=1)
Merge Join  (cost=5536.17..5541.37 rows=28 width=21) (actual time=30.153..30.372 rows=33 loops=1)
Merge Join  (cost=5535.54..5540.69 rows=28 width=21) (actual time=29.812..29.984 rows=9 loops=1)
Merge Join  (cost=5535.26..5540.38 rows=28 width=21) (actual time=29.570..29.804 rows=15 loops=1)
Merge Join  (cost=5544.92..5545.45 rows=28 width=136) (actual time=29.612..29.626 rows=19 loops=1)
Merge Join  (cost=5547.05..5548.05 rows=55 width=127) (actual time=33.439..33.475 rows=67 loops=1)
Merge Join  (cost=5545.40..5546.39 rows=54 width=127) (actual time=33.009..33.017 rows=3 loops=1)
Merge Join  (cost=5536.17..5541.37 rows=28 width=21) (actual time=29.643..29.743 rows=5 loops=1)
Merge Join  (cost=5545.17..5545.70 rows=28 width=136) (actual time=29.805..29.816 rows=13 loops=1)
Merge Join  (cost=5545.04..5546.02 rows=53 width=127) (actual time=32.935..32.956 rows=31 loops=1)
Merge Join  (cost=5546.80..5547.81 rows=55 width=127) (actual time=33.089..33.107 rows=29 loops=1)
Merge Join  (cost=5543.75..5544.28 rows=28 width=136) (actual time=30.221..30.235 rows=17 loops=1)
Merge Join  (cost=5545.04..5546.02 rows=53 width=127) (actual time=32.421..32.423 rows=1 loops=1)
Merge Join  (cost=5544.73..5545.27 rows=28 width=136) (actual time=29.950..29.968 rows=28 loops=1)
Merge Join  (cost=5583.45..5591.59 rows=463 width=127) (actual time=34.431..34.670 rows=505 loops=1)
Merge Join  (cost=5544.92..5545.45 rows=28 width=136) (actual time=29.994..30.011 rows=25 loops=1)
Merge Join  (cost=5546.80..5547.81 rows=55 width=127) (actual time=32.847..32.858 rows=13 loops=1)
Merge Join  (cost=5536.40..5541.62 rows=28 width=21) (actual time=29.781..29.833 rows=20 loops=1)
Merge Join  (cost=5543.56..5544.10 rows=28 width=136) (actual time=29.984..30.001 rows=25 loops=1)
Merge Join  (cost=5544.24..5544.78 rows=28 width=136) (actual time=30.034..30.046 rows=17 loops=1)
Merge Join  (cost=5544.73..5545.27 rows=28 width=136) (actual time=29.802..29.816 rows=19 loops=1)
Merge Join  (cost=5544.55..5545.08 rows=28 width=136) (actual time=30.150..30.166 rows=25 loops=1)
Merge Join  (cost=5534.07..5539.08 rows=27 width=21) (actual time=29.610..29.827 rows=5 loops=1)
Merge Join  (cost=5535.83..5541.00 rows=28 width=21) (actual time=29.596..29.656 rows=7 loops=1)
Merge Join  (cost=5544.24..5544.78 rows=28 width=136) (actual time=29.877..29.892 rows=23 loops=1)
Merge Join  (cost=5537.02..5542.31 rows=29 width=21) (actual time=29.826..29.957 rows=14 loops=1)
Merge Join  (cost=5589.92..5599.19 rows=527 width=127) (actual time=34.261..34.512 rows=526 loops=1)
Merge Join  (cost=5535.54..5540.69 rows=28 width=403) (actual time=29.485..29.696 rows=29 loops=1)
Merge Join  (cost=5535.43..5540.57 rows=28 width=21) (actual time=29.528..29.663 rows=27 loops=1)
Merge Join  (cost=5536.40..5541.62 rows=28 width=21) (actual time=29.778..29.900 rows=7 loops=1)
Merge Join  (cost=5543.56..5544.10 rows=28 width=136) (actual time=29.971..29.979 rows=7 loops=1)
Merge Join  (cost=5546.07..5547.06 rows=54 width=127) (actual time=33.048..33.057 rows=10 loops=1)
Merge Join  (cost=5534.07..5539.08 rows=27 width=21) (actual time=29.614..29.775 rows=32 loops=1)
Merge Join  (cost=5545.77..5546.76 rows=54 width=127) (actual time=32.769..32.777 rows=3 loops=1)
Merge Join  (cost=5536.17..5541.37 rows=28 width=21) (actual time=29.849..29.990 rows=18 loops=1)
Merge Join  (cost=5534.64..5539.69 rows=27 width=21) (actual time=29.818..29.954 rows=26 loops=1)
Merge Join  (cost=5535.83..5541.00 rows=28 width=21) (actual time=29.571..29.709 rows=14 loops=1)
Merge Join  (cost=5534.64..5539.69 rows=27 width=21) (actual time=29.826..30.019 rows=9 loops=1)
Merge Join  (cost=5535.54..5540.69 rows=28 width=21) (actual time=30.043..30.158 rows=23 loops=1)
Merge Join  (cost=5543.21..5543.73 rows=27 width=136) (actual time=30.100..30.116 rows=21 loops=1)
Merge Join  (cost=5544.30..5544.84 rows=28 width=136) (actual time=30.516..30.526 rows=9 loops=1)
Merge Join  (cost=5534.07..5539.08 rows=27 width=21) (actual time=29.853..30.051 rows=23 loops=1)
Merge Join  (cost=5535.54..5540.69 rows=28 width=21) (actual time=29.909..30.046 rows=9 loops=1)
Merge Join  (cost=5534.07..5539.08 rows=27 width=21) (actual time=29.544..29.723 rows=25 loops=1)
Merge Join  (cost=5534.07..5539.08 rows=27 width=21) (actual time=29.511..29.709 rows=7 loops=1)
Merge Join  (cost=5546.14..5547.13 rows=54 width=127) (actual time=33.081..33.084 rows=1 loops=1)
Merge Join  (cost=5535.83..5541.00 rows=28 width=21) (actual time=29.796..29.956 rows=21 loops=1)
Merge Join  (cost=5544.92..5545.89 rows=53 width=127) (actual time=33.008..33.019 rows=13 loops=1)
Merge Join  (cost=5544.24..5544.78 rows=28 width=136) (actual time=29.810..29.826 rows=21 loops=1)
Merge Join  (cost=5543.21..5543.73 rows=27 width=136) (actual time=29.807..29.818 rows=13 loops=1)
Merge Join  (cost=5534.64..5539.69 rows=27 width=403) (actual time=29.684..29.914 rows=13 loops=1)
Merge Join  (cost=5535.26..5540.38 rows=28 width=21) (actual time=29.921..30.052 rows=7 loops=1)
Merge Join  (cost=5534.92..5540.01 rows=28 width=21) (actual time=29.622..29.654 rows=14 loops=1)
Merge Join  (cost=5545.89..5546.44 rows=29 width=136) (actual time=29.909..29.927 rows=29 loops=1)
Merge Join  (cost=5535.20..5540.32 rows=28 width=21) (actual time=30.045..30.162 rows=29 loops=1)
Merge Join  (cost=5558.60..5562.10 rows=197 width=127) (actual time=34.015..34.121 rows=215 loops=1)
Merge Join  (cost=5544.55..5545.08 rows=28 width=136) (actual time=29.948..29.951 rows=1 loops=1)
Merge Join  (cost=5535.83..5541.00 rows=28 width=403) (actual time=29.328..29.438 rows=1 loops=1)
Merge Join  (cost=5546.80..5547.81 rows=55 width=127) (actual time=33.052..33.065 rows=15 loops=1)
Merge Join  (cost=5544.73..5545.27 rows=28 width=136) (actual time=30.096..30.112 rows=21 loops=1)
Merge Join  (cost=5536.40..5541.62 rows=28 width=21) (actual time=29.718..29.870 rows=28 loops=1)
Merge Join  (cost=5534.53..5539.57 rows=27 width=21) (actual time=29.621..29.717 rows=29 loops=1)
Merge Join  (cost=5543.21..5543.73 rows=27 width=136) (actual time=30.180..30.193 rows=17 loops=1)
Merge Join  (cost=5543.21..5543.73 rows=27 width=136) (actual time=30.069..30.071 rows=1 loops=1)
Merge Join  (cost=5534.92..5540.01 rows=28 width=21) (actual time=29.728..29.934 rows=5 loops=1)
Merge Join  (cost=5536.00..5541.18 rows=28 width=21) (actual time=29.498..29.638 rows=29 loops=1)
Merge Join  (cost=5546.80..5547.81 rows=55 width=127) (actual time=32.983..32.986 rows=1 loops=1)
Merge Join  (cost=5543.93..5544.47 rows=28 width=136) (actual time=30.122..30.136 rows=15 loops=1)
Merge Join  (cost=5544.73..5545.27 rows=28 width=136) (actual time=29.981..29.989 rows=5 loops=1)
Merge Join  (cost=5659.71..5688.13 rows=1574 width=127) (actual time=34.441..35.603 rows=1611 loops=1)
Merge Join  (cost=5547.77..5548.80 rows=56 width=127) (actual time=33.201..33.223 rows=35 loops=1)
Merge Join  (cost=5544.55..5545.08 rows=28 width=136) (actual time=29.908..29.916 rows=5 loops=1)
Merge Join  (cost=5535.54..5540.69 rows=28 width=21) (actual time=29.898..30.092 rows=10 loops=1)
Merge Join  (cost=5543.75..5544.28 rows=28 width=136) (actual time=30.353..30.373 rows=29 loops=1)
Merge Join  (cost=5534.64..5539.69 rows=27 width=21) (actual time=30.030..30.124 rows=11 loops=1)
Merge Join  (cost=5543.21..5543.73 rows=27 width=136) (actual time=30.314..30.322 rows=5 loops=1)
Merge Join  (cost=5546.14..5547.13 rows=54 width=127) (actual time=33.299..33.322 rows=37 loops=1)
Merge Join  (cost=5546.14..5547.13 rows=54 width=127) (actual time=33.038..33.042 rows=1 loops=1)
Merge Join  (cost=5535.60..5540.75 rows=28 width=21) (actual time=30.783..30.929 rows=3 loops=1)
Merge Join  (cost=5546.80..5547.81 rows=55 width=127) (actual time=33.936..33.966 rows=53 loops=1)
Merge Join  (cost=5544.24..5544.78 rows=28 width=136) (actual time=30.213..30.234 rows=31 loops=1)
Merge Join  (cost=5543.75..5544.28 rows=28 width=136) (actual time=30.186..30.189 rows=1 loops=1)
Merge Join  (cost=5535.20..5540.32 rows=28 width=21) (actual time=29.978..30.074 rows=34 loops=1)
Merge Join  (cost=5543.93..5544.47 rows=28 width=136) (actual time=30.058..30.078 rows=27 loops=1)
Merge Join  (cost=5547.77..5548.80 rows=56 width=127) (actual time=33.552..33.566 rows=17 loops=1)
Merge Join  (cost=5536.17..5541.37 rows=28 width=21) (actual time=30.008..30.208 rows=6 loops=1)
Merge Join  (cost=5545.04..5546.02 rows=53 width=127) (actual time=33.758..33.766 rows=3 loops=1)
Merge Join  (cost=5545.17..5545.70 rows=28 width=136) (actual time=30.454..30.464 rows=9 loops=1)
Merge Join  (cost=5535.20..5540.32 rows=28 width=21) (actual time=29.860..30.096 rows=7 loops=1)
Merge Join  (cost=5545.04..5546.02 rows=53 width=127) (actual time=33.560..33.571 rows=8 loops=1)
Merge Join  (cost=5536.17..5541.37 rows=28 width=21) (actual time=30.281..30.450 rows=16 loops=1)
Merge Join  (cost=5547.05..5548.05 rows=55 width=127) (actual time=33.235..33.246 rows=11 loops=1)
Merge Join  (cost=5534.64..5539.69 rows=27 width=21) (actual time=29.866..29.876 rows=16 loops=1)
Merge Join  (cost=5535.83..5541.00 rows=28 width=21) (actual time=30.001..30.128 rows=22 loops=1)
Merge Join  (cost=5546.80..5547.81 rows=55 width=127) (actual time=33.267..33.270 rows=1 loops=1)
Merge Join  (cost=5587.98..5597.09 rows=518 width=127) (actual time=34.467..34.730 rows=534 loops=1)
Merge Join  (cost=5534.07..5539.08 rows=27 width=403) (actual time=30.383..30.494 rows=33 loops=1)
Merge Join  (cost=5534.64..5539.69 rows=27 width=21) (actual time=29.871..29.951 rows=28 loops=1)
Merge Join  (cost=5546.80..5547.81 rows=55 width=127) (actual time=33.665..33.672 rows=3 loops=1)
Merge Join  (cost=5536.17..5541.37 rows=28 width=403) (actual time=29.944..30.088 rows=1 loops=1)
Merge Join  (cost=5543.56..5544.10 rows=28 width=136) (actual time=30.111..30.133 rows=33 loops=1)
Merge Join  (cost=5535.60..5540.75 rows=28 width=21) (actual time=29.839..29.968 rows=32 loops=1)
Merge Join  (cost=5544.92..5545.45 rows=28 width=136) (actual time=30.407..30.425 rows=25 loops=1)
Merge Join  (cost=5544.24..5544.78 rows=28 width=136) (actual time=30.424..30.444 rows=29 loops=1)
Merge Join  (cost=5544.12..5544.65 rows=28 width=136) (actual time=29.960..29.979 rows=29 loops=1)
Merge Join  (cost=5545.17..5545.70 rows=28 width=136) (actual time=29.816..29.833 rows=25 loops=1)
Merge Join  (cost=5543.87..5544.41 rows=28 width=136) (actual time=30.108..30.128 rows=27 loops=1)
Merge Join  (cost=5545.95..5546.94 rows=54 width=127) (actual time=33.349..33.363 rows=17 loops=1)
Merge Join  (cost=5535.54..5540.69 rows=28 width=21) (actual time=29.927..30.112 rows=7 loops=1)
Merge Join  (cost=5544.92..5545.45 rows=28 width=136) (actual time=29.710..29.728 rows=29 loops=1)
Merge Join  (cost=5544.43..5545.40 rows=53 width=127) (actual time=32.913..32.928 rows=23 loops=1)
Merge Join  (cost=5534.53..5539.57 rows=27 width=21) (actual time=29.872..30.049 rows=19 loops=1)
Merge Join  (cost=5543.93..5544.47 rows=28 width=136) (actual time=29.949..29.951 rows=1 loops=1)
Merge Join  (cost=5546.80..5547.81 rows=55 width=127) (actual time=32.587..32.629 rows=76 loops=1)
Merge Join  (cost=5545.04..5546.02 rows=53 width=127) (actual time=32.850..32.870 rows=33 loops=1)
Merge Join  (cost=5536.00..5541.18 rows=28 width=21) (actual time=29.640..29.796 rows=28 loops=1)
Merge Join  (cost=5547.05..5548.05 rows=55 width=127) (actual time=33.414..33.504 rows=181 loops=1)
Merge Join  (cost=5542.60..5543.12 rows=27 width=136) (actual time=29.667..29.675 rows=5 loops=1)
Merge Join  (cost=5558.00..5561.69 rows=208 width=127) (actual time=33.423..33.516 rows=192 loops=1)
Merge Join  (cost=5535.54..5540.69 rows=28 width=21) (actual time=29.769..29.897 rows=21 loops=1)
Merge Join  (cost=5546.14..5547.13 rows=54 width=127) (actual time=33.238..33.248 rows=9 loops=1)
Merge Join  (cost=5544.92..5545.45 rows=28 width=136) (actual time=29.841..29.852 rows=13 loops=1)
Merge Join  (cost=5652.77..5678.84 rows=1421 width=127) (actual time=34.545..35.609 rows=1546 loops=1)
Merge Join  (cost=5545.70..5546.69 rows=54 width=127) (actual time=32.809..32.832 rows=37 loops=1)
Merge Join  (cost=5534.07..5539.08 rows=27 width=21) (actual time=29.971..30.115 rows=23 loops=1)
Merge Join  (cost=5544.92..5545.45 rows=28 width=136) (actual time=29.764..29.785 rows=33 loops=1)
Merge Join  (cost=5535.54..5540.69 rows=28 width=21) (actual time=29.744..29.925 rows=7 loops=1)
Merge Join  (cost=5544.24..5544.78 rows=28 width=136) (actual time=29.942..29.959 rows=23 loops=1)
Merge Join  (cost=5535.54..5540.69 rows=28 width=403) (actual time=29.871..30.048 rows=23 loops=1)
Merge Join  (cost=5535.43..5540.57 rows=28 width=21) (actual time=29.562..29.706 rows=3 loops=1)
Merge Join  (cost=5544.30..5544.84 rows=28 width=136) (actual time=29.694..29.717 rows=39 loops=1)
Merge Join  (cost=5534.07..5539.08 rows=27 width=21) (actual time=29.660..29.786 rows=22 loops=1)
Merge Join  (cost=5546.07..5547.06 rows=54 width=127) (actual time=33.213..33.225 rows=13 loops=1)
Merge Join  (cost=5544.24..5544.78 rows=28 width=136) (actual time=29.819..29.838 rows=29 loops=1)
Merge Join  (cost=5544.30..5544.84 rows=28 width=136) (actual time=29.832..29.838 rows=3 loops=1)
Merge Join  (cost=5543.87..5544.41 rows=28 width=136) (actual time=29.831..29.849 rows=25 loops=1)
Merge Join  (cost=5534.64..5539.69 rows=27 width=21) (actual time=29.634..29.818 rows=9 loops=1)
Merge Join  (cost=5546.14..5547.13 rows=54 width=127) (actual time=33.479..33.516 rows=70 loops=1)
Merge Join  (cost=5535.60..5540.75 rows=28 width=21) (actual time=29.679..29.869 rows=5 loops=1)
Merge Join  (cost=5546.61..5547.62 rows=55 width=127) (actual time=33.001..33.065 rows=130 loops=1)
Merge Join  (cost=5543.09..5543.61 rows=27 width=136) (actual time=29.900..29.913 rows=17 loops=1)
Merge Join  (cost=5534.07..5539.08 rows=27 width=21) (actual time=29.573..29.589 rows=28 loops=1)
Merge Join  (cost=5546.80..5547.81 rows=55 width=127) (actual time=33.172..33.188 rows=19 loops=1)
Merge Join  (cost=5546.61..5547.62 rows=55 width=127) (actual time=33.221..33.242 rows=35 loops=1)
Merge Join  (cost=5535.54..5540.69 rows=28 width=21) (actual time=29.831..29.967 rows=15 loops=1)
Merge Join  (cost=5535.54..5540.69 rows=28 width=21) (actual time=29.495..29.645 rows=29 loops=1)
Merge Join  (cost=5546.43..5547.44 rows=55 width=127) (actual time=33.247..33.250 rows=1 loops=1)
Merge Join  (cost=5535.83..5541.00 rows=28 width=21) (actual time=29.913..30.064 rows=18 loops=1)
Merge Join  (cost=5535.43..5540.57 rows=28 width=21) (actual time=29.882..30.023 rows=28 loops=1)
Merge Join  (cost=5537.02..5542.31 rows=29 width=21) (actual time=29.624..29.786 rows=33 loops=1)
Merge Join  (cost=5535.43..5540.57 rows=28 width=21) (actual time=29.450..29.637 rows=11 loops=1)
Merge Join  (cost=5545.70..5546.69 rows=54 width=127) (actual time=32.953..32.961 rows=3 loops=1)
Merge Join  (cost=5536.17..5541.37 rows=28 width=21) (actual time=29.765..29.979 rows=9 loops=1)
Merge Join  (cost=5546.14..5547.13 rows=54 width=127) (actual time=33.149..33.229 rows=163 loops=1)
Merge Join  (cost=5543.93..5544.47 rows=28 width=136) (actual time=29.751..29.766 rows=21 loops=1)
Merge Join  (cost=5544.92..5545.89 rows=53 width=127) (actual time=33.183..33.229 rows=89 loops=1)
Merge Join  (cost=5544.12..5544.65 rows=28 width=136) (actual time=30.317..30.337 rows=29 loops=1)
Merge Join  (cost=5559.07..5562.77 rows=209 width=127) (actual time=33.380..33.482 rows=207 loops=1)
Merge Join  (cost=5536.00..5541.18 rows=28 width=21) (actual time=30.317..30.491 rows=5 loops=1)
Merge Join  (cost=5536.40..5541.62 rows=28 width=21) (actual time=29.740..29.831 rows=18 loops=1)
Merge Join  (cost=5535.54..5540.69 rows=28 width=21) (actual time=29.776..29.932 rows=19 loops=1)
Merge Join  (cost=5536.17..5541.37 rows=28 width=21) (actual time=29.512..29.663 rows=28 loops=1)
Merge Join  (cost=5535.43..5540.57 rows=28 width=21) (actual time=29.980..30.103 rows=12 loops=1)
Merge Join  (cost=5534.64..5539.69 rows=27 width=21) (actual time=29.784..29.916 rows=18 loops=1)
Merge Join  (cost=5543.09..5543.61 rows=27 width=136) (actual time=30.272..30.282 rows=7 loops=1)
Merge Join  (cost=5535.83..5541.00 rows=28 width=21) (actual time=29.689..29.829 rows=30 loops=1)
Merge Join  (cost=5534.53..5539.57 rows=27 width=21) (actual time=29.664..29.767 rows=9 loops=1)
Merge Join  (cost=5543.09..5543.61 rows=27 width=136) (actual time=30.031..30.053 rows=35 loops=1)
Merge Join  (cost=5535.54..5540.69 rows=28 width=21) (actual time=29.865..30.040 rows=15 loops=1)
Merge Join  (cost=5535.26..5540.38 rows=28 width=21) (actual time=29.448..29.678 rows=19 loops=1)
Merge Join  (cost=5535.20..5540.32 rows=28 width=21) (actual time=29.593..29.756 rows=26 loops=1)
Merge Join  (cost=5543.87..5544.41 rows=28 width=136) (actual time=30.095..30.109 rows=17 loops=1)
Merge Join  (cost=5543.93..5544.47 rows=28 width=136) (actual time=30.091..30.100 rows=7 loops=1)
Merge Join  (cost=5545.17..5545.70 rows=28 width=136) (actual time=29.958..29.974 rows=25 loops=1)
Merge Join  (cost=5546.14..5547.13 rows=54 width=127) (actual time=32.951..32.978 rows=37 loops=1)
Merge Join  (cost=5534.07..5539.08 rows=27 width=21) (actual time=29.827..29.952 rows=7 loops=1)
Merge Join  (cost=5535.20..5540.32 rows=28 width=21) (actual time=29.791..29.958 rows=31 loops=1)
Merge Join  (cost=5545.77..5546.76 rows=54 width=127) (actual time=33.166..33.253 rows=178 loops=1)
Merge Join  (cost=5534.07..5539.08 rows=27 width=21) (actual time=29.531..29.576 rows=32 loops=1)
Merge Join  (cost=5546.80..5547.81 rows=55 width=127) (actual time=33.068..33.075 rows=3 loops=1)
Merge Join  (cost=5536.17..5541.37 rows=28 width=21) (actual time=29.822..29.982 rows=19 loops=1)
Merge Join  (cost=5535.20..5540.32 rows=28 width=21) (actual time=29.464..29.647 rows=33 loops=1)
Merge Join  (cost=5534.64..5539.69 rows=27 width=21) (actual time=29.739..29.755 rows=28 loops=1)
Merge Join  (cost=5544.12..5544.65 rows=28 width=136) (actual time=30.021..30.030 rows=7 loops=1)
Merge Join  (cost=5534.64..5539.69 rows=27 width=21) (actual time=29.894..30.059 rows=29 loops=1)
Merge Join  (cost=5546.07..5547.06 rows=54 width=127) (actual time=32.667..32.679 rows=14 loops=1)
Merge Join  (cost=5536.00..5541.18 rows=28 width=21) (actual time=29.607..29.686 rows=22 loops=1)
Merge Join  (cost=5544.43..5545.40 rows=53 width=127) (actual time=32.449..32.463 rows=19 loops=1)
Merge Join  (cost=5545.17..5545.70 rows=28 width=136) (actual time=30.035..30.050 rows=19 loops=1)
Merge Join  (cost=5534.64..5539.69 rows=27 width=21) (actual time=29.434..29.576 rows=15 loops=1)
Merge Join  (cost=5535.54..5540.69 rows=28 width=21) (actual time=29.621..29.790 rows=5 loops=1)
Merge Join  (cost=5537.02..5542.31 rows=29 width=21) (actual time=29.656..29.817 rows=30 loops=1)
Merge Join  (cost=5536.00..5541.18 rows=28 width=21) (actual time=30.003..30.131 rows=18 loops=1)
Merge Join  (cost=5534.53..5539.57 rows=27 width=21) (actual time=29.448..29.646 rows=1 loops=1)
Merge Join  (cost=5545.70..5546.69 rows=54 width=127) (actual time=32.886..32.905 rows=29 loops=1)
Merge Join  (cost=5535.60..5540.75 rows=28 width=21) (actual time=29.784..29.920 rows=24 loops=1)
Merge Join  (cost=5536.17..5541.37 rows=28 width=21) (actual time=29.822..29.968 rows=21 loops=1)
Merge Join  (cost=5545.04..5546.02 rows=53 width=127) (actual time=32.572..32.594 rows=35 loops=1)
Merge Join  (cost=5535.43..5540.57 rows=28 width=21) (actual time=29.734..29.905 rows=1 loops=1)
Merge Join  (cost=5544.92..5545.45 rows=28 width=136) (actual time=29.912..29.925 rows=17 loops=1)
Merge Join  (cost=5585.02..5593.36 rows=474 width=127) (actual time=34.587..34.824 rows=506 loops=1)
Merge Join  (cost=5536.00..5541.18 rows=28 width=21) (actual time=29.422..29.554 rows=7 loops=1)
Merge Join  (cost=5535.60..5540.75 rows=28 width=21) (actual time=29.784..29.895 rows=34 loops=1)
Merge Join  (cost=5535.09..5540.20 rows=28 width=21) (actual time=29.618..29.822 rows=31 loops=1)
Merge Join  (cost=5535.54..5540.69 rows=28 width=21) (actual time=29.958..30.102 rows=20 loops=1)
Merge Join  (cost=5546.61..5547.62 rows=55 width=127) (actual time=32.224..32.234 rows=9 loops=1)
Merge Join  (cost=5535.20..5540.32 rows=28 width=21) (actual time=29.588..29.744 rows=26 loops=1)
Merge Join  (cost=5546.61..5547.62 rows=55 width=127) (actual time=33.107..33.124 rows=23 loops=1)
Merge Join  (cost=5544.24..5544.78 rows=28 width=136) (actual time=30.392..30.406 rows=19 loops=1)
Merge Join  (cost=5544.43..5545.40 rows=53 width=127) (actual time=32.827..32.842 rows=19 loops=1)
Merge Join  (cost=5536.17..5541.37 rows=28 width=21) (actual time=29.574..29.738 rows=28 loops=1)
Merge Join  (cost=5545.95..5546.94 rows=54 width=127) (actual time=33.309..33.316 rows=3 loops=1)
Merge Join  (cost=5535.43..5540.57 rows=28 width=403) (actual time=29.883..30.003 rows=3 loops=1)
Merge Join  (cost=5535.20..5540.32 rows=28 width=21) (actual time=29.660..29.817 rows=22 loops=1)
Merge Join  (cost=5535.09..5540.20 rows=28 width=21) (actual time=29.566..29.702 rows=14 loops=1)
Merge Join  (cost=5547.77..5548.80 rows=56 width=127) (actual time=33.249..33.264 rows=15 loops=1)
Merge Join  (cost=5534.07..5539.08 rows=27 width=21) (actual time=29.948..30.110 rows=20 loops=1)
Merge Join  (cost=5535.54..5540.69 rows=28 width=21) (actual time=29.736..29.903 rows=24 loops=1)
Merge Join  (cost=5535.54..5540.69 rows=28 width=21) (actual time=29.744..29.877 rows=34 loops=1)
Merge Join  (cost=5536.40..5541.62 rows=28 width=21) (actual time=29.814..29.997 rows=1 loops=1)
Merge Join  (cost=5535.20..5540.32 rows=28 width=21) (actual time=29.937..30.079 rows=23 loops=1)
Merge Join  (cost=5545.77..5546.76 rows=54 width=127) (actual time=32.964..32.977 rows=15 loops=1)
Merge Join  (cost=5545.04..5546.02 rows=53 width=127) (actual time=32.734..32.763 rows=49 loops=1)
Merge Join  (cost=5536.17..5541.37 rows=28 width=21) (actual time=29.707..29.888 rows=9 loops=1)
Merge Join  (cost=5534.92..5540.01 rows=28 width=21) (actual time=29.792..29.948 rows=29 loops=1)
Merge Join  (cost=5543.21..5543.73 rows=27 width=136) (actual time=29.926..29.944 rows=28 loops=1)
Merge Join  (cost=5534.53..5539.57 rows=27 width=21) (actual time=29.655..29.765 rows=19 loops=1)
Merge Join  (cost=5546.80..5547.81 rows=55 width=127) (actual time=33.309..33.320 rows=9 loops=1)
Merge Join  (cost=5544.24..5544.78 rows=28 width=136) (actual time=30.044..30.058 rows=19 loops=1)
Merge Join  (cost=5545.89..5546.44 rows=29 width=136) (actual time=29.883..29.898 rows=21 loops=1)
Merge Join  (cost=5544.55..5545.08 rows=28 width=136) (actual time=30.034..30.052 rows=27 loops=1)
Merge Join  (cost=5536.17..5541.37 rows=28 width=21) (actual time=29.905..30.037 rows=24 loops=1)
Merge Join  (cost=5535.54..5540.69 rows=28 width=21) (actual time=29.831..29.991 rows=24 loops=1)
Merge Join  (cost=5545.95..5546.94 rows=54 width=127) (actual time=32.845..32.878 rows=60 loops=1)
Merge Join  (cost=5536.40..5541.62 rows=28 width=21) (actual time=29.564..29.761 rows=13 loops=1)
Merge Join  (cost=5535.54..5540.69 rows=28 width=21) (actual time=29.932..30.073 rows=32 loops=1)
Merge Join  (cost=5544.43..5545.40 rows=53 width=127) (actual time=33.278..33.312 rows=63 loops=1)
Merge Join  (cost=5544.92..5545.45 rows=28 width=136) (actual time=30.019..30.034 rows=19 loops=1)
Merge Join  (cost=5536.40..5541.62 rows=28 width=21) (actual time=29.758..29.895 rows=18 loops=1)
Merge Join  (cost=5546.43..5547.44 rows=55 width=127) (actual time=32.792..32.794 rows=1 loops=1)
Merge Join  (cost=5535.83..5541.00 rows=28 width=21) (actual time=29.780..29.894 rows=32 loops=1)
Merge Join  (cost=5543.21..5543.73 rows=27 width=136) (actual time=29.963..29.978 rows=23 loops=1)
Merge Join  (cost=5535.09..5540.20 rows=28 width=21) (actual time=29.518..29.652 rows=7 loops=1)
Merge Join  (cost=5544.12..5544.65 rows=28 width=136) (actual time=29.913..29.922 rows=7 loops=1)
Merge Join  (cost=5542.60..5543.12 rows=27 width=136) (actual time=30.265..30.283 rows=26 loops=1)
Merge Join  (cost=5542.60..5543.12 rows=27 width=136) (actual time=29.825..29.831 rows=3 loops=1)
Merge Join  (cost=5546.80..5547.81 rows=55 width=127) (actual time=32.933..32.940 rows=3 loops=1)
Merge Join  (cost=5545.95..5546.94 rows=54 width=127) (actual time=33.290..33.304 rows=17 loops=1)
Merge Join  (cost=5545.77..5546.76 rows=54 width=127) (actual time=33.055..33.074 rows=29 loops=1)
Merge Join  (cost=5534.64..5539.69 rows=27 width=21) (actual time=29.626..29.691 rows=24 loops=1)
Merge Join  (cost=5534.53..5539.57 rows=27 width=21) (actual time=29.510..29.656 rows=26 loops=1)
Merge Join  (cost=5535.60..5540.75 rows=28 width=21) (actual time=29.730..29.951 rows=5 loops=1)
Merge Join  (cost=5535.20..5540.32 rows=28 width=21) (actual time=29.784..29.885 rows=30 loops=1)
Merge Join  (cost=5535.54..5540.69 rows=28 width=21) (actual time=29.487..29.612 rows=21 loops=1)
Merge Join  (cost=5544.43..5545.40 rows=53 width=127) (actual time=33.006..33.045 rows=73 loops=1)
Merge Join  (cost=5534.64..5539.69 rows=27 width=21) (actual time=29.838..29.920 rows=21 loops=1)
Merge Join  (cost=5535.26..5540.38 rows=28 width=21) (actual time=29.514..29.677 rows=20 loops=1)
Merge Join  (cost=5544.92..5545.89 rows=53 width=127) (actual time=32.620..32.630 rows=11 loops=1)
Merge Join  (cost=5535.43..5540.57 rows=28 width=21) (actual time=29.766..29.915 rows=20 loops=1)
Merge Join  (cost=5534.64..5539.69 rows=27 width=21) (actual time=29.974..30.116 rows=7 loops=1)
Merge Join  (cost=5536.17..5541.37 rows=28 width=21) (actual time=29.758..29.897 rows=26 loops=1)
Merge Join  (cost=5544.43..5545.40 rows=53 width=127) (actual time=32.908..32.929 rows=29 loops=1)
Merge Join  (cost=5535.20..5540.32 rows=28 width=21) (actual time=29.638..29.781 rows=22 loops=1)
Merge Join  (cost=5546.43..5547.44 rows=55 width=127) (actual time=33.120..33.123 rows=1 loops=1)
Merge Join  (cost=5536.17..5541.37 rows=28 width=21) (actual time=29.672..29.691 rows=32 loops=1)
Merge Join  (cost=5535.60..5540.75 rows=28 width=21) (actual time=29.781..29.782 rows=1 loops=1)
Merge Join  (cost=5536.00..5541.18 rows=28 width=21) (actual time=29.545..29.699 rows=16 loops=1)
Merge Join  (cost=5557.90..5561.39 rows=197 width=127) (actual time=33.758..33.843 rows=176 loops=1)
Merge Join  (cost=5545.70..5546.69 rows=54 width=127) (actual time=33.147..33.158 rows=11 loops=1)
Merge Join  (cost=5545.70..5546.69 rows=54 width=127) (actual time=33.112..33.141 rows=53 loops=1)
Merge Join  (cost=5546.61..5547.62 rows=55 width=127) (actual time=33.214..33.299 rows=174 loops=1)
Merge Join  (cost=5544.24..5544.78 rows=28 width=136) (actual time=30.158..30.171 rows=15 loops=1)
Merge Join  (cost=5544.55..5545.08 rows=28 width=136) (actual time=29.843..29.862 rows=30 loops=1)
Merge Join  (cost=5536.40..5541.62 rows=28 width=21) (actual time=29.720..29.862 rows=10 loops=1)
Merge Join  (cost=5535.09..5540.20 rows=28 width=21) (actual time=29.323..29.470 rows=22 loops=1)
Merge Join  (cost=5590.68..5600.19 rows=541 width=127) (actual time=34.525..34.785 rows=553 loops=1)
Merge Join  (cost=5535.54..5540.69 rows=28 width=21) (actual time=31.703..31.855 rows=31 loops=1)
Merge Join  (cost=5536.00..5541.18 rows=28 width=21) (actual time=29.714..29.877 rows=28 loops=1)
Merge Join  (cost=5535.54..5540.69 rows=28 width=21) (actual time=29.560..29.716 rows=19 loops=1)
Merge Join  (cost=5543.75..5544.28 rows=28 width=136) (actual time=29.975..29.988 rows=15 loops=1)
Merge Join  (cost=5535.09..5540.20 rows=28 width=21) (actual time=29.683..29.816 rows=9 loops=1)
Merge Join  (cost=5546.07..5547.06 rows=54 width=127) (actual time=33.125..33.159 rows=62 loops=1)
Merge Join  (cost=5535.54..5540.69 rows=28 width=21) (actual time=29.656..29.797 rows=13 loops=1)
Merge Join  (cost=5535.54..5540.69 rows=28 width=21) (actual time=29.776..29.925 rows=23 loops=1)
Merge Join  (cost=5535.20..5540.32 rows=28 width=21) (actual time=29.774..29.920 rows=27 loops=1)
Merge Join  (cost=5536.17..5541.37 rows=28 width=21) (actual time=29.721..29.875 rows=27 loops=1)
Merge Join  (cost=5547.77..5548.80 rows=56 width=127) (actual time=33.062..33.081 rows=29 loops=1)
Merge Join  (cost=5537.02..5542.31 rows=29 width=403) (actual time=29.607..29.765 rows=29 loops=1)
Merge Join  (cost=5543.93..5544.47 rows=28 width=136) (actual time=30.035..30.049 rows=19 loops=1)
Merge Join  (cost=5535.26..5540.38 rows=28 width=21) (actual time=29.606..29.745 rows=26 loops=1)
Merge Join  (cost=5535.54..5540.69 rows=28 width=21) (actual time=29.500..29.640 rows=18 loops=1)
Merge Join  (cost=5547.77..5548.80 rows=56 width=127) (actual time=33.363..33.382 rows=27 loops=1)
Merge Join  (cost=5591.81..5601.32 rows=541 width=127) (actual time=34.325..34.577 rows=516 loops=1)
Merge Join  (cost=5536.17..5541.37 rows=28 width=403) (actual time=29.736..29.877 rows=31 loops=1)
Merge Join  (cost=5543.75..5544.28 rows=28 width=136) (actual time=29.903..29.921 rows=29 loops=1)
Merge Join  (cost=5588.21..5597.36 rows=520 width=127) (actual time=33.974..34.224 rows=516 loops=1)
Merge Join  (cost=5556.66..5560.07 rows=192 width=127) (actual time=33.507..33.611 rows=215 loops=1)
Merge Join  (cost=5544.43..5545.40 rows=53 width=127) (actual time=32.983..33.004 rows=33 loops=1)
Merge Join  (cost=5534.07..5539.08 rows=27 width=403) (actual time=29.458..29.683 rows=19 loops=1)
Merge Join  (cost=5535.20..5540.32 rows=28 width=21) (actual time=29.582..29.722 rows=26 loops=1)
Merge Join  (cost=5544.92..5545.45 rows=28 width=136) (actual time=29.970..29.990 rows=33 loops=1)
Merge Join  (cost=5543.75..5544.28 rows=28 width=136) (actual time=30.049..30.064 rows=22 loops=1)
Merge Join  (cost=5535.54..5540.69 rows=28 width=21) (actual time=29.543..29.580 rows=6 loops=1)
Merge Join  (cost=5543.09..5543.61 rows=27 width=136) (actual time=29.820..29.830 rows=11 loops=1)
Merge Join  (cost=5535.43..5540.57 rows=28 width=21) (actual time=29.992..30.112 rows=3 loops=1)
Merge Join  (cost=5546.80..5547.81 rows=55 width=127) (actual time=33.233..33.260 rows=45 loops=1)
Merge Join  (cost=5546.80..5547.81 rows=55 width=127) (actual time=33.085..33.114 rows=53 loops=1)
Merge Join  (cost=5536.17..5541.37 rows=28 width=21) (actual time=29.550..29.714 rows=31 loops=1)
Merge Join  (cost=5536.17..5541.37 rows=28 width=21) (actual time=29.849..30.091 rows=29 loops=1)
Merge Join  (cost=5545.04..5546.02 rows=53 width=127) (actual time=32.943..32.950 rows=3 loops=1)
Merge Join  (cost=5545.04..5546.02 rows=53 width=127) (actual time=32.718..32.739 rows=35 loops=1)
Merge Join  (cost=5545.70..5546.69 rows=54 width=127) (actual time=32.475..32.483 rows=3 loops=1)
Merge Join  (cost=5544.55..5545.08 rows=28 width=136) (actual time=29.855..29.871 rows=23 loops=1)
Merge Join  (cost=5535.60..5540.75 rows=28 width=21) (actual time=29.777..29.937 rows=24 loops=1)
Merge Join  (cost=5535.54..5540.69 rows=28 width=21) (actual time=29.512..29.644 rows=15 loops=1)
Merge Join  (cost=5535.54..5540.69 rows=28 width=21) (actual time=29.776..29.930 rows=23 loops=1)
Merge Join  (cost=5545.04..5546.02 rows=53 width=127) (actual time=33.136..33.160 rows=37 loops=1)
Merge Join  (cost=5534.64..5539.69 rows=27 width=21) (actual time=29.485..29.679 rows=1 loops=1)
Merge Join  (cost=5534.53..5539.57 rows=27 width=21) (actual time=29.537..29.708 rows=23 loops=1)
Merge Join  (cost=5535.54..5540.69 rows=28 width=21) (actual time=29.795..29.943 rows=24 loops=1)
Merge Join  (cost=5534.92..5540.01 rows=28 width=21) (actual time=29.844..30.051 rows=15 loops=1)
Merge Join  (cost=5544.92..5545.89 rows=53 width=127) (actual time=33.399..33.439 rows=76 loops=1)
Merge Join  (cost=5535.54..5540.69 rows=28 width=21) (actual time=29.778..29.815 rows=6 loops=1)
Merge Join  (cost=5535.83..5541.00 rows=28 width=21) (actual time=29.556..29.706 rows=3 loops=1)
Merge Join  (cost=5543.21..5543.73 rows=27 width=136) (actual time=30.042..30.057 rows=19 loops=1)
Merge Join  (cost=5534.92..5540.01 rows=28 width=21) (actual time=29.858..30.050 rows=1 loops=1)
Merge Join  (cost=5560.07..5563.97 rows=220 width=127) (actual time=33.472..33.580 rows=223 loops=1)
Merge Join  (cost=5546.43..5547.44 rows=55 width=127) (actual time=32.876..32.901 rows=40 loops=1)
Merge Join  (cost=5536.17..5541.37 rows=28 width=21) (actual time=29.703..29.869 rows=3 loops=1)
Merge Join  (cost=5544.12..5544.65 rows=28 width=136) (actual time=30.206..30.214 rows=3 loops=1)
Merge Join  (cost=5535.43..5540.57 rows=28 width=403) (actual time=29.496..29.604 rows=3 loops=1)
Merge Join  (cost=5535.20..5540.32 rows=28 width=21) (actual time=29.551..29.692 rows=30 loops=1)
Merge Join  (cost=5536.17..5541.37 rows=28 width=21) (actual time=29.759..29.918 rows=23 loops=1)
Merge Join  (cost=5543.87..5544.41 rows=28 width=136) (actual time=30.133..30.158 rows=35 loops=1)
Merge Join  (cost=5546.14..5547.13 rows=54 width=127) (actual time=32.608..32.615 rows=3 loops=1)
Merge Join  (cost=5535.20..5540.32 rows=28 width=21) (actual time=29.758..29.790 rows=34 loops=1)
Merge Join  (cost=5536.17..5541.37 rows=28 width=21) (actual time=31.306..31.505 rows=23 loops=1)
Merge Join  (cost=5535.60..5540.75 rows=28 width=21) (actual time=30.064..30.197 rows=16 loops=1)
Merge Join  (cost=5536.17..5541.37 rows=28 width=21) (actual time=29.539..29.646 rows=19 loops=1)
Merge Join  (cost=5537.02..5542.31 rows=29 width=21) (actual time=29.578..29.703 rows=11 loops=1)
Merge Join  (cost=5545.04..5546.02 rows=53 width=127) (actual time=33.035..33.075 rows=77 loops=1)
Merge Join  (cost=5534.64..5539.69 rows=27 width=21) (actual time=29.732..29.887 rows=3 loops=1)
Merge Join  (cost=5536.17..5541.37 rows=28 width=21) (actual time=29.962..30.107 rows=24 loops=1)
Merge Join  (cost=5545.95..5546.94 rows=54 width=127) (actual time=33.111..33.188 rows=151 loops=1)
Merge Join  (cost=5545.04..5546.02 rows=53 width=127) (actual time=32.697..32.716 rows=31 loops=1)
Merge Join  (cost=5544.24..5544.78 rows=28 width=136) (actual time=29.841..29.852 rows=15 loops=1)
Merge Join  (cost=5544.12..5544.65 rows=28 width=136) (actual time=29.729..29.741 rows=17 loops=1)
Merge Join  (cost=5535.43..5540.57 rows=28 width=21) (actual time=29.629..29.657 rows=25 loops=1)
Merge Join  (cost=5653.68..5679.94 rows=1431 width=127) (actual time=34.770..35.903 rows=1540 loops=1)
Merge Join  (cost=5536.00..5541.18 rows=28 width=21) (actual time=29.683..29.851 rows=5 loops=1)
Merge Join  (cost=5535.43..5540.57 rows=28 width=21) (actual time=29.486..29.696 rows=7 loops=1)
Merge Join  (cost=5535.26..5540.38 rows=28 width=21) (actual time=29.599..29.822 rows=5 loops=1)
Merge Join  (cost=5544.24..5544.78 rows=28 width=136) (actual time=30.057..30.076 rows=31 loops=1)
Merge Join  (cost=5545.04..5546.02 rows=53 width=127) (actual time=33.170..33.183 rows=17 loops=1)
Merge Join  (cost=5546.07..5547.06 rows=54 width=127) (actual time=32.429..32.435 rows=3 loops=1)
Merge Join  (cost=5535.54..5540.69 rows=28 width=21) (actual time=29.626..29.726 rows=24 loops=1)
Merge Join  (cost=5535.60..5540.75 rows=28 width=21) (actual time=29.978..30.117 rows=9 loops=1)
Merge Join  (cost=5535.09..5540.20 rows=28 width=21) (actual time=29.851..29.990 rows=26 loops=1)
Merge Join  (cost=5544.92..5545.45 rows=28 width=136) (actual time=29.757..29.768 rows=11 loops=1)
Merge Join  (cost=5534.64..5539.69 rows=27 width=21) (actual time=29.768..29.858 rows=27 loops=1)
Merge Join  (cost=5534.07..5539.08 rows=27 width=21) (actual time=29.912..30.144 rows=19 loops=1)
Merge Join  (cost=5544.92..5545.89 rows=53 width=127) (actual time=33.248..33.266 rows=23 loops=1)
Merge Join  (cost=5535.83..5541.00 rows=28 width=21) (actual time=29.543..29.692 rows=28 loops=1)
Merge Join  (cost=5546.14..5547.13 rows=54 width=127) (actual time=32.560..32.562 rows=1 loops=1)
Merge Join  (cost=5536.40..5541.62 rows=28 width=21) (actual time=29.889..29.995 rows=26 loops=1)
Merge Join  (cost=5535.60..5540.75 rows=28 width=21) (actual time=29.846..30.005 rows=21 loops=1)
Merge Join  (cost=5535.26..5540.38 rows=28 width=21) (actual time=29.664..29.714 rows=1 loops=1)
Merge Join  (cost=5576.86..5583.83 rows=396 width=127) (actual time=33.457..33.647 rows=406 loops=1)
Merge Join  (cost=5546.07..5547.06 rows=54 width=127) (actual time=33.109..33.123 rows=19 loops=1)
Merge Join  (cost=5544.30..5544.84 rows=28 width=136) (actual time=30.039..30.051 rows=13 loops=1)
Merge Join  (cost=5536.00..5541.18 rows=28 width=21) (actual time=29.656..29.724 rows=7 loops=1)
Merge Join  (cost=5547.05..5548.05 rows=55 width=127) (actual time=32.924..32.938 rows=17 loops=1)
Merge Join  (cost=5546.80..5547.81 rows=55 width=127) (actual time=32.966..32.981 rows=19 loops=1)
Merge Join  (cost=5543.09..5543.61 rows=27 width=136) (actual time=30.078..30.086 rows=9 loops=1)
Merge Join  (cost=5546.43..5547.44 rows=55 width=127) (actual time=32.470..32.473 rows=1 loops=1)
Merge Join  (cost=5535.83..5541.00 rows=28 width=21) (actual time=29.762..29.893 rows=24 loops=1)
Merge Join  (cost=5534.64..5539.69 rows=27 width=21) (actual time=29.550..29.689 rows=34 loops=1)
Merge Join  (cost=5557.09..5560.40 rows=187 width=127) (actual time=33.942..34.023 rows=164 loops=1)
Merge Join  (cost=5535.54..5540.69 rows=28 width=403) (actual time=30.135..30.370 rows=33 loops=1)
Merge Join  (cost=5545.04..5546.02 rows=53 width=127) (actual time=32.925..32.956 rows=59 loops=1)
Merge Join  (cost=5535.09..5540.20 rows=28 width=21) (actual time=29.790..29.932 rows=31 loops=1)
Merge Join  (cost=5546.07..5547.06 rows=54 width=127) (actual time=33.753..33.856 rows=204 loops=1)
Merge Join  (cost=5543.87..5544.41 rows=28 width=136) (actual time=29.821..29.840 rows=29 loops=1)
Merge Join  (cost=5534.92..5540.01 rows=28 width=21) (actual time=29.539..29.668 rows=33 loops=1)
Merge Join  (cost=5535.26..5540.38 rows=28 width=21) (actual time=29.502..29.657 rows=21 loops=1)
Merge Join  (cost=5546.61..5547.62 rows=55 width=127) (actual time=32.643..32.646 rows=1 loops=1)
Merge Join  (cost=5535.54..5540.69 rows=28 width=21) (actual time=29.562..29.692 rows=17 loops=1)
Merge Join  (cost=5546.07..5547.06 rows=54 width=127) (actual time=32.825..32.828 rows=1 loops=1)
Merge Join  (cost=5535.54..5540.69 rows=28 width=21) (actual time=29.762..29.894 rows=20 loops=1)
Merge Join  (cost=5545.95..5546.94 rows=54 width=127) (actual time=33.115..33.141 rows=45 loops=1)
Merge Join  (cost=5534.53..5539.57 rows=27 width=21) (actual time=29.625..29.783 rows=29 loops=1)
Merge Join  (cost=5544.92..5545.45 rows=28 width=136) (actual time=29.738..29.757 rows=29 loops=1)
Merge Join  (cost=5537.02..5542.31 rows=29 width=21) (actual time=30.165..30.280 rows=6 loops=1)
Merge Join  (cost=5535.20..5540.32 rows=28 width=21) (actual time=29.768..29.933 rows=21 loops=1)
Merge Join  (cost=5535.43..5540.57 rows=28 width=21) (actual time=29.656..29.781 rows=8 loops=1)
Merge Join  (cost=5545.95..5546.94 rows=54 width=127) (actual time=32.886..32.901 rows=18 loops=1)
Merge Join  (cost=5547.77..5548.80 rows=56 width=127) (actual time=33.050..33.065 rows=18 loops=1)
Merge Join  (cost=5546.80..5547.81 rows=55 width=127) (actual time=32.973..32.991 rows=27 loops=1)
Merge Join  (cost=5534.07..5539.08 rows=27 width=21) (actual time=29.798..29.958 rows=33 loops=1)
Merge Join  (cost=5545.04..5546.02 rows=53 width=127) (actual time=32.643..32.646 rows=1 loops=1)
Merge Join  (cost=5545.77..5546.76 rows=54 width=127) (actual time=33.147..33.194 rows=91 loops=1)
Merge Join  (cost=5557.62..5560.92 rows=186 width=127) (actual time=33.569..33.677 rows=216 loops=1)
Merge Join  (cost=5536.17..5541.37 rows=28 width=21) (actual time=29.615..29.707 rows=20 loops=1)
Merge Join  (cost=5543.87..5544.41 rows=28 width=136) (actual time=29.797..29.818 rows=32 loops=1)
Merge Join  (cost=5546.07..5547.06 rows=54 width=127) (actual time=32.967..32.986 rows=29 loops=1)
Merge Join  (cost=5535.54..5540.69 rows=28 width=403) (actual time=29.636..29.801 rows=19 loops=1)
Merge Join  (cost=5545.40..5546.39 rows=54 width=127) (actual time=32.633..32.655 rows=35 loops=1)
Merge Join  (cost=5547.05..5548.05 rows=55 width=127) (actual time=32.792..32.813 rows=35 loops=1)
Merge Join  (cost=5535.54..5540.69 rows=28 width=21) (actual time=30.062..30.218 rows=26 loops=1)
Merge Join  (cost=5534.92..5540.01 rows=28 width=21) (actual time=29.737..29.845 rows=30 loops=1)
Merge Join  (cost=5534.64..5539.69 rows=27 width=21) (actual time=29.610..29.733 rows=14 loops=1)
Merge Join  (cost=5534.92..5540.01 rows=28 width=21) (actual time=29.634..29.755 rows=16 loops=1)
Merge Join  (cost=5545.77..5546.76 rows=54 width=127) (actual time=33.175..33.204 rows=53 loops=1)
Merge Join  (cost=5546.80..5547.81 rows=55 width=127) (actual time=33.264..33.288 rows=37 loops=1)
Merge Join  (cost=5537.02..5542.31 rows=29 width=21) (actual time=29.484..29.630 rows=6 loops=1)
Merge Join  (cost=5545.17..5545.70 rows=28 width=136) (actual time=30.340..30.352 rows=13 loops=1)
Merge Join  (cost=5535.54..5540.69 rows=28 width=21) (actual time=29.455..29.543 rows=1 loops=1)
Merge Join  (cost=5546.07..5547.06 rows=54 width=127) (actual time=32.957..32.974 rows=27 loops=1)
Merge Join  (cost=5546.07..5547.06 rows=54 width=127) (actual time=33.179..33.260 rows=163 loops=1)
Merge Join  (cost=5546.61..5547.62 rows=55 width=127) (actual time=32.742..32.783 rows=76 loops=1)
Merge Join  (cost=5534.07..5539.08 rows=27 width=21) (actual time=29.724..29.926 rows=1 loops=1)
Merge Join  (cost=5536.00..5541.18 rows=28 width=21) (actual time=29.813..29.940 rows=5 loops=1)
Merge Join  (cost=5535.20..5540.32 rows=28 width=21) (actual time=29.621..29.777 rows=22 loops=1)
Merge Join  (cost=5546.07..5547.06 rows=54 width=127) (actual time=33.052..33.065 rows=17 loops=1)
Merge Join  (cost=5535.54..5540.69 rows=28 width=21) (actual time=29.647..29.776 rows=8 loops=1)
Merge Join  (cost=5537.02..5542.31 rows=29 width=21) (actual time=29.925..30.117 rows=19 loops=1)
Merge Join  (cost=5545.04..5546.02 rows=53 width=127) (actual time=32.814..32.857 rows=87 loops=1)
Merge Join  (cost=5581.20..5589.09 rows=448 width=127) (actual time=34.506..34.772 rows=536 loops=1)
Merge Join  (cost=5544.43..5545.40 rows=53 width=127) (actual time=32.864..32.871 rows=3 loops=1)
Merge Join  (cost=5543.56..5544.10 rows=28 width=136) (actual time=29.958..29.969 rows=15 loops=1)
Merge Join  (cost=5535.20..5540.32 rows=28 width=21) (actual time=29.870..30.017 rows=32 loops=1)
Merge Join  (cost=5534.64..5539.69 rows=27 width=21) (actual time=29.597..29.735 rows=28 loops=1)
Merge Join  (cost=5546.43..5547.44 rows=55 width=127) (actual time=33.020..33.028 rows=5 loops=1)
Merge Join  (cost=5545.40..5546.39 rows=54 width=127) (actual time=32.892..32.895 rows=1 loops=1)
Merge Join  (cost=5535.83..5541.00 rows=28 width=403) (actual time=29.380..29.533 rows=1 loops=1)
Merge Join  (cost=5535.09..5540.20 rows=28 width=21) (actual time=29.425..29.630 rows=11 loops=1)
Merge Join  (cost=5546.07..5547.06 rows=54 width=127) (actual time=32.696..32.706 rows=11 loops=1)
Merge Join  (cost=5535.54..5540.69 rows=28 width=403) (actual time=29.484..29.576 rows=1 loops=1)
Merge Join  (cost=5534.07..5539.08 rows=27 width=21) (actual time=29.470..29.561 rows=20 loops=1)
Merge Join  (cost=5536.17..5541.37 rows=28 width=21) (actual time=30.190..30.307 rows=27 loops=1)
Merge Join  (cost=5534.64..5539.69 rows=27 width=21) (actual time=29.953..30.053 rows=34 loops=1)
Merge Join  (cost=5535.83..5541.00 rows=28 width=21) (actual time=29.929..30.076 rows=5 loops=1)
Merge Join  (cost=5543.21..5543.73 rows=27 width=136) (actual time=30.231..30.247 rows=21 loops=1)
Merge Join  (cost=5543.87..5544.41 rows=28 width=136) (actual time=29.804..29.819 rows=23 loops=1)
Merge Join  (cost=5535.20..5540.32 rows=28 width=21) (actual time=30.102..30.254 rows=27 loops=1)
Merge Join  (cost=5545.89..5546.44 rows=29 width=136) (actual time=30.086..30.089 rows=1 loops=1)
Merge Join  (cost=5535.43..5540.57 rows=28 width=21) (actual time=29.706..29.818 rows=1 loops=1)
Merge Join  (cost=5656.67..5683.58 rows=1468 width=127) (actual time=34.618..35.727 rows=1473 loops=1)
Merge Join  (cost=5545.95..5546.94 rows=54 width=127) (actual time=33.220..33.223 rows=1 loops=1)
Merge Join  (cost=5534.07..5539.08 rows=27 width=21) (actual time=29.887..30.066 rows=21 loops=1)
Merge Join  (cost=5536.17..5541.37 rows=28 width=21) (actual time=29.800..29.936 rows=21 loops=1)
Merge Join  (cost=5543.21..5543.73 rows=27 width=136) (actual time=29.610..29.616 rows=3 loops=1)
Merge Join  (cost=5534.64..5539.69 rows=27 width=21) (actual time=29.986..30.119 rows=8 loops=1)
Merge Join  (cost=5536.00..5541.18 rows=28 width=21) (actual time=29.796..29.923 rows=5 loops=1)
Merge Join  (cost=5536.17..5541.37 rows=28 width=21) (actual time=29.753..29.833 rows=14 loops=1)
Merge Join  (cost=5543.93..5544.47 rows=28 width=136) (actual time=29.781..29.796 rows=21 loops=1)
Merge Join  (cost=5535.09..5540.20 rows=28 width=21) (actual time=30.060..30.190 rows=32 loops=1)
Merge Join  (cost=5535.54..5540.69 rows=28 width=21) (actual time=29.895..29.977 rows=28 loops=1)
Merge Join  (cost=5537.02..5542.31 rows=29 width=21) (actual time=29.780..29.936 rows=30 loops=1)
Merge Join  (cost=5544.12..5544.65 rows=28 width=136) (actual time=29.900..29.915 rows=21 loops=1)
Merge Join  (cost=5536.00..5541.18 rows=28 width=21) (actual time=30.051..30.243 rows=3 loops=1)
Merge Join  (cost=5535.54..5540.69 rows=28 width=21) (actual time=29.972..30.041 rows=28 loops=1)
Merge Join  (cost=5534.92..5540.01 rows=28 width=21) (actual time=29.704..29.858 rows=32 loops=1)
Merge Join  (cost=5545.77..5546.76 rows=54 width=127) (actual time=32.248..32.257 rows=5 loops=1)
Merge Join  (cost=5543.87..5544.41 rows=28 width=136) (actual time=30.328..30.346 rows=27 loops=1)
Merge Join  (cost=5534.64..5539.69 rows=27 width=21) (actual time=29.915..30.026 rows=34 loops=1)
Merge Join  (cost=5545.17..5545.70 rows=28 width=136) (actual time=30.163..30.181 rows=27 loops=1)
Merge Join  (cost=5535.54..5540.69 rows=28 width=21) (actual time=29.715..29.870 rows=19 loops=1)
Merge Join  (cost=5546.07..5547.06 rows=54 width=127) (actual time=33.275..33.311 rows=67 loops=1)
Merge Join  (cost=5534.92..5540.01 rows=28 width=21) (actual time=29.865..29.889 rows=34 loops=1)
Merge Join  (cost=5535.54..5540.69 rows=28 width=21) (actual time=29.699..29.861 rows=20 loops=1)
Merge Join  (cost=5535.54..5540.69 rows=28 width=21) (actual time=29.529..29.701 rows=17 loops=1)
Merge Join  (cost=5534.64..5539.69 rows=27 width=21) (actual time=29.849..29.977 rows=11 loops=1)
Merge Join  (cost=5536.17..5541.37 rows=28 width=21) (actual time=30.207..30.367 rows=3 loops=1)
Merge Join  (cost=5535.20..5540.32 rows=28 width=21) (actual time=29.652..29.812 rows=18 loops=1)
Merge Join  (cost=5542.60..5543.12 rows=27 width=136) (actual time=29.963..29.969 rows=3 loops=1)
Merge Join  (cost=5535.54..5540.69 rows=28 width=21) (actual time=29.730..29.907 rows=3 loops=1)
Merge Join  (cost=5546.07..5547.06 rows=54 width=127) (actual time=32.840..32.873 rows=53 loops=1)
Merge Join  (cost=5544.55..5545.08 rows=28 width=136) (actual time=30.039..30.051 rows=15 loops=1)
Merge Join  (cost=5536.17..5541.37 rows=28 width=21) (actual time=29.551..29.709 rows=19 loops=1)
Merge Join  (cost=5535.43..5540.57 rows=28 width=21) (actual time=30.005..30.159 rows=17 loops=1)
Merge Join  (cost=5544.92..5545.45 rows=28 width=136) (actual time=30.148..30.161 rows=15 loops=1)
Merge Join  (cost=5536.17..5541.37 rows=28 width=403) (actual time=29.568..29.777 rows=15 loops=1)
Merge Join  (cost=5534.53..5539.57 rows=27 width=21) (actual time=29.572..29.768 rows=1 loops=1)
Merge Join  (cost=5536.17..5541.37 rows=28 width=21) (actual time=29.968..30.151 rows=19 loops=1)
Merge Join  (cost=5534.64..5539.69 rows=27 width=21) (actual time=30.281..30.403 rows=26 loops=1)
Merge Join  (cost=5534.92..5540.01 rows=28 width=21) (actual time=29.611..29.852 rows=15 loops=1)
Merge Join  (cost=5545.58..5546.57 rows=54 width=127) (actual time=32.756..32.780 rows=40 loops=1)
Merge Join  (cost=5534.07..5539.08 rows=27 width=21) (actual time=30.016..30.157 rows=20 loops=1)
Merge Join  (cost=5534.64..5539.69 rows=27 width=21) (actual time=29.821..29.926 rows=26 loops=1)
Merge Join  (cost=5546.07..5547.06 rows=54 width=127) (actual time=33.032..33.041 rows=8 loops=1)
Merge Join  (cost=5535.54..5540.69 rows=28 width=21) (actual time=29.530..29.590 rows=34 loops=1)
Merge Join  (cost=5544.24..5544.78 rows=28 width=136) (actual time=30.013..30.033 rows=31 loops=1)
Merge Join  (cost=5543.75..5544.28 rows=28 width=136) (actual time=29.993..30.002 rows=7 loops=1)
Merge Join  (cost=5545.95..5546.94 rows=54 width=127) (actual time=32.996..33.004 rows=7 loops=1)
Merge Join  (cost=5535.20..5540.32 rows=28 width=21) (actual time=29.549..29.670 rows=25 loops=1)
Merge Join  (cost=5547.05..5548.05 rows=55 width=127) (actual time=33.199..33.217 rows=27 loops=1)
Merge Join  (cost=5534.07..5539.08 rows=27 width=21) (actual time=29.702..29.860 rows=18 loops=1)
Merge Join  (cost=5535.43..5540.57 rows=28 width=21) (actual time=29.640..29.706 rows=32 loops=1)
Merge Join  (cost=5545.04..5546.02 rows=53 width=127) (actual time=32.886..32.908 rows=35 loops=1)
Merge Join  (cost=5536.17..5541.37 rows=28 width=21) (actual time=29.978..30.135 rows=26 loops=1)
Merge Join  (cost=5650.67..5676.30 rows=1397 width=127) (actual time=34.925..36.076 rows=1543 loops=1)
Merge Join  (cost=5543.09..5543.61 rows=27 width=136) (actual time=30.166..30.185 rows=19 loops=1)
Merge Join  (cost=5534.64..5539.69 rows=27 width=21) (actual time=29.563..29.656 rows=33 loops=1)
Merge Join  (cost=5544.92..5545.45 rows=28 width=136) (actual time=30.045..30.056 rows=11 loops=1)
Merge Join  (cost=5546.61..5547.62 rows=55 width=127) (actual time=32.853..32.865 rows=13 loops=1)
Merge Join  (cost=5544.24..5544.78 rows=28 width=136) (actual time=29.860..29.877 rows=27 loops=1)
Merge Join  (cost=5536.17..5541.37 rows=28 width=21) (actual time=29.464..29.625 rows=30 loops=1)
Merge Join  (cost=5535.60..5540.75 rows=28 width=21) (actual time=30.020..30.129 rows=9 loops=1)
Merge Join  (cost=5546.80..5547.81 rows=55 width=127) (actual time=33.226..33.256 rows=53 loops=1)
Merge Join  (cost=5536.17..5541.37 rows=28 width=403) (actual time=29.518..29.736 rows=7 loops=1)
Merge Join  (cost=5535.43..5540.57 rows=28 width=21) (actual time=29.502..29.631 rows=27 loops=1)
Merge Join  (cost=5545.77..5546.76 rows=54 width=127) (actual time=32.776..32.784 rows=3 loops=1)
Merge Join  (cost=5534.64..5539.69 rows=27 width=21) (actual time=29.709..29.730 rows=31 loops=1)
Merge Join  (cost=5545.77..5546.76 rows=54 width=127) (actual time=33.074..33.087 rows=9 loops=1)
Merge Join  (cost=5536.17..5541.37 rows=28 width=21) (actual time=29.548..29.651 rows=30 loops=1)
Merge Join  (cost=5543.87..5544.41 rows=28 width=136) (actual time=29.940..29.955 rows=21 loops=1)
Merge Join  (cost=5544.24..5544.78 rows=28 width=136) (actual time=30.079..30.093 rows=18 loops=1)
Merge Join  (cost=5535.54..5540.69 rows=28 width=21) (actual time=29.634..29.706 rows=34 loops=1)
Merge Join  (cost=5535.83..5541.00 rows=28 width=21) (actual time=29.493..29.673 rows=17 loops=1)
Merge Join  (cost=5543.09..5543.61 rows=27 width=136) (actual time=30.588..30.599 rows=7 loops=1)
Merge Join  (cost=5534.53..5539.57 rows=27 width=403) (actual time=29.927..30.047 rows=7 loops=1)
Merge Join  (cost=5536.40..5541.62 rows=28 width=21) (actual time=29.579..29.679 rows=25 loops=1)
Merge Join  (cost=5535.26..5540.38 rows=28 width=21) (actual time=29.662..29.765 rows=25 loops=1)
Merge Join  (cost=5536.40..5541.62 rows=28 width=21) (actual time=30.111..30.248 rows=15 loops=1)
Merge Join  (cost=5545.77..5546.76 rows=54 width=127) (actual time=32.812..32.835 rows=37 loops=1)
Merge Join  (cost=5545.40..5546.39 rows=54 width=127) (actual time=33.007..33.024 rows=25 loops=1)
Merge Join  (cost=5534.92..5540.01 rows=28 width=21) (actual time=29.869..30.026 rows=33 loops=1)
Merge Join  (cost=5546.43..5547.44 rows=55 width=127) (actual time=32.885..32.896 rows=13 loops=1)
Merge Join  (cost=5544.73..5545.27 rows=28 width=136) (actual time=29.918..29.924 rows=3 loops=1)
Merge Join  (cost=5537.02..5542.31 rows=29 width=21) (actual time=29.887..30.048 rows=9 loops=1)
Merge Join  (cost=5558.07..5561.58 rows=198 width=127) (actual time=33.420..33.524 rows=210 loops=1)
Merge Join  (cost=5543.87..5544.41 rows=28 width=136) (actual time=29.790..29.806 rows=25 loops=1)
Merge Join  (cost=5535.26..5540.38 rows=28 width=21) (actual time=29.733..29.894 rows=22 loops=1)
Merge Join  (cost=5544.30..5544.84 rows=28 width=136) (actual time=30.124..30.138 rows=19 loops=1)
Merge Join  (cost=5534.07..5539.08 rows=27 width=21) (actual time=29.682..29.812 rows=30 loops=1)
Merge Join  (cost=5543.93..5544.47 rows=28 width=136) (actual time=29.793..29.804 rows=13 loops=1)
Merge Join  (cost=5546.80..5547.81 rows=55 width=127) (actual time=33.679..33.768 rows=175 loops=1)
Merge Join  (cost=5544.55..5545.08 rows=28 width=136) (actual time=30.504..30.521 rows=23 loops=1)
Merge Join  (cost=5535.54..5540.69 rows=28 width=21) (actual time=29.998..30.126 rows=24 loops=1)
Merge Join  (cost=5546.80..5547.81 rows=55 width=127) (actual time=32.839..32.847 rows=7 loops=1)
Merge Join  (cost=5544.92..5545.45 rows=28 width=136) (actual time=29.674..29.687 rows=17 loops=1)
Merge Join  (cost=5545.89..5546.44 rows=29 width=136) (actual time=30.002..30.022 rows=31 loops=1)
Merge Join  (cost=5543.93..5544.47 rows=28 width=136) (actual time=29.922..29.933 rows=11 loops=1)
Merge Join  (cost=5535.54..5540.69 rows=28 width=21) (actual time=29.479..29.676 rows=1 loops=1)
Merge Join  (cost=5535.60..5540.75 rows=28 width=21) (actual time=29.546..29.712 rows=28 loops=1)
Merge Join  (cost=5536.40..5541.62 rows=28 width=21) (actual time=29.849..30.009 rows=27 loops=1)
Merge Join  (cost=5545.58..5546.57 rows=54 width=127) (actual time=32.832..32.836 rows=1 loops=1)
Merge Join  (cost=5535.09..5540.20 rows=28 width=403) (actual time=29.521..29.667 rows=1 loops=1)
Merge Join  (cost=5545.89..5546.44 rows=29 width=136) (actual time=29.774..29.780 rows=3 loops=1)
Merge Join  (cost=5537.02..5542.31 rows=29 width=21) (actual time=29.913..30.074 rows=28 loops=1)
Merge Join  (cost=5544.92..5545.89 rows=53 width=127) (actual time=33.056..33.089 rows=59 loops=1)
Merge Join  (cost=5638.74..5657.93 rows=1036 width=127) (actual time=34.351..35.375 rows=1138 loops=1)
Merge Join  (cost=5545.04..5546.02 rows=53 width=127) (actual time=32.976..32.988 rows=13 loops=1)
Merge Join  (cost=5545.58..5546.57 rows=54 width=127) (actual time=32.743..32.746 rows=1 loops=1)
Merge Join  (cost=5545.70..5546.69 rows=54 width=127) (actual time=33.067..33.081 rows=19 loops=1)
Merge Join  (cost=5544.92..5545.45 rows=28 width=136) (actual time=29.986..30.002 rows=21 loops=1)
Merge Join  (cost=5547.05..5548.05 rows=55 width=127) (actual time=32.757..32.764 rows=3 loops=1)
Merge Join  (cost=5545.17..5545.70 rows=28 width=136) (actual time=30.096..30.113 rows=25 loops=1)
Merge Join  (cost=5534.07..5539.08 rows=27 width=21) (actual time=29.672..29.830 rows=31 loops=1)
Merge Join  (cost=5546.07..5547.06 rows=54 width=127) (actual time=32.800..32.812 rows=17 loops=1)
Merge Join  (cost=5534.07..5539.08 rows=27 width=21) (actual time=29.758..29.975 rows=3 loops=1)
Merge Join  (cost=5545.77..5546.76 rows=54 width=127) (actual time=32.668..32.671 rows=1 loops=1)
Merge Join  (cost=5535.20..5540.32 rows=28 width=21) (actual time=29.795..29.942 rows=13 loops=1)
Merge Join  (cost=5536.17..5541.37 rows=28 width=21) (actual time=29.651..29.740 rows=29 loops=1)
Merge Join  (cost=5546.07..5547.06 rows=54 width=127) (actual time=32.624..32.627 rows=1 loops=1)
Merge Join  (cost=5535.54..5540.69 rows=28 width=21) (actual time=29.775..29.870 rows=19 loops=1)
Merge Join  (cost=5546.80..5547.81 rows=55 width=127) (actual time=33.247..33.284 rows=69 loops=1)
Merge Join  (cost=5536.17..5541.37 rows=28 width=21) (actual time=29.848..29.921 rows=32 loops=1)
Merge Join  (cost=5535.54..5540.69 rows=28 width=21) (actual time=29.511..29.664 rows=28 loops=1)
Merge Join  (cost=5536.17..5541.37 rows=28 width=21) (actual time=30.006..30.115 rows=29 loops=1)
Merge Join  (cost=5534.92..5540.01 rows=28 width=21) (actual time=29.948..30.037 rows=13 loops=1)
Merge Join  (cost=5534.64..5539.69 rows=27 width=21) (actual time=29.727..29.884 rows=25 loops=1)
Merge Join  (cost=5534.64..5539.69 rows=27 width=21) (actual time=29.444..29.577 rows=25 loops=1)
Merge Join  (cost=5547.05..5548.05 rows=55 width=127) (actual time=32.956..32.965 rows=3 loops=1)
Merge Join  (cost=5582.31..5590.30 rows=454 width=127) (actual time=34.455..34.718 rows=533 loops=1)
Merge Join  (cost=5546.43..5547.44 rows=55 width=127) (actual time=32.888..32.901 rows=18 loops=1)
Merge Join  (cost=5535.54..5540.69 rows=28 width=21) (actual time=29.456..29.612 rows=11 loops=1)
Merge Join  (cost=5545.40..5546.39 rows=54 width=127) (actual time=32.980..33.009 rows=51 loops=1)
Merge Join  (cost=5544.43..5545.40 rows=53 width=127) (actual time=33.102..33.132 rows=51 loops=1)
Merge Join  (cost=5534.64..5539.69 rows=27 width=21) (actual time=29.526..29.731 rows=3 loops=1)
Merge Join  (cost=5536.17..5541.37 rows=28 width=21) (actual time=29.379..29.575 rows=11 loops=1)
Merge Join  (cost=5534.64..5539.69 rows=27 width=21) (actual time=29.750..29.868 rows=7 loops=1)
Merge Join  (cost=5546.43..5547.44 rows=55 width=127) (actual time=32.817..32.839 rows=33 loops=1)
Merge Join  (cost=5534.64..5539.69 rows=27 width=21) (actual time=29.666..29.791 rows=20 loops=1)
Merge Join  (cost=5536.40..5541.62 rows=28 width=21) (actual time=29.462..29.706 rows=19 loops=1)
Merge Join  (cost=5543.75..5544.28 rows=28 width=136) (actual time=30.013..30.030 rows=25 loops=1)
Merge Join  (cost=5535.09..5540.20 rows=28 width=403) (actual time=29.708..29.930 rows=25 loops=1)
Merge Join  (cost=5534.64..5539.69 rows=27 width=21) (actual time=29.733..29.845 rows=15 loops=1)
Merge Join  (cost=5535.54..5540.69 rows=28 width=21) (actual time=29.676..29.834 rows=28 loops=1)
Merge Join  (cost=5534.64..5539.69 rows=27 width=21) (actual time=29.843..29.947 rows=21 loops=1)
Merge Join  (cost=5535.54..5540.69 rows=28 width=21) (actual time=29.915..30.051 rows=17 loops=1)
Merge Join  (cost=5535.83..5541.00 rows=28 width=21) (actual time=29.804..29.893 rows=26 loops=1)
Merge Join  (cost=5544.43..5545.40 rows=53 width=127) (actual time=32.821..32.828 rows=5 loops=1)
Merge Join  (cost=5534.07..5539.08 rows=27 width=403) (actual time=29.496..29.650 rows=1 loops=1)
Merge Join  (cost=5534.53..5539.57 rows=27 width=21) (actual time=29.944..30.033 rows=28 loops=1)
Merge Join  (cost=5545.04..5546.02 rows=53 width=127) (actual time=33.139..33.153 rows=17 loops=1)
Merge Join  (cost=5544.43..5545.40 rows=53 width=127) (actual time=32.331..32.337 rows=3 loops=1)
Merge Join  (cost=5534.07..5539.08 rows=27 width=21) (actual time=29.746..29.772 rows=35 loops=1)
Merge Join  (cost=5544.92..5545.45 rows=28 width=136) (actual time=30.023..30.034 rows=11 loops=1)
Merge Join  (cost=5535.09..5540.20 rows=28 width=21) (actual time=29.579..29.735 rows=30 loops=1)
Merge Join  (cost=5543.21..5543.73 rows=27 width=136) (actual time=31.081..31.097 rows=23 loops=1)
Merge Join  (cost=5535.60..5540.75 rows=28 width=21) (actual time=30.035..30.124 rows=21 loops=1)
Merge Join  (cost=5545.58..5546.57 rows=54 width=127) (actual time=33.608..33.652 rows=79 loops=1)
Merge Join  (cost=5544.55..5545.08 rows=28 width=136) (actual time=30.001..30.013 rows=13 loops=1)
Merge Join  (cost=5536.00..5541.18 rows=28 width=21) (actual time=29.570..29.744 rows=18 loops=1)
Merge Join  (cost=5535.43..5540.57 rows=28 width=21) (actual time=30.030..30.083 rows=32 loops=1)
Merge Join  (cost=5537.02..5542.31 rows=29 width=21) (actual time=29.938..30.007 rows=6 loops=1)
Merge Join  (cost=5544.30..5544.84 rows=28 width=136) (actual time=29.826..29.841 rows=17 loops=1)
Merge Join  (cost=5546.43..5547.44 rows=55 width=127) (actual time=33.428..33.449 rows=31 loops=1)
Merge Join  (cost=5536.00..5541.18 rows=28 width=21) (actual time=29.817..29.897 rows=6 loops=1)
Merge Join  (cost=5544.92..5545.89 rows=53 width=127) (actual time=33.157..33.169 rows=13 loops=1)
Merge Join  (cost=5536.40..5541.62 rows=28 width=21) (actual time=29.801..29.954 rows=30 loops=1)
Merge Join  (cost=5536.00..5541.18 rows=28 width=21) (actual time=29.566..29.758 rows=11 loops=1)
Merge Join  (cost=5534.92..5540.01 rows=28 width=21) (actual time=29.809..29.952 rows=24 loops=1)
Merge Join  (cost=5537.02..5542.31 rows=29 width=21) (actual time=30.030..30.150 rows=3 loops=1)
Merge Join  (cost=5546.07..5547.06 rows=54 width=127) (actual time=33.328..33.403 rows=151 loops=1)
Merge Join  (cost=5546.14..5547.13 rows=54 width=127) (actual time=32.960..32.982 rows=37 loops=1)
Merge Join  (cost=5546.80..5547.81 rows=55 width=127) (actual time=32.932..32.936 rows=1 loops=1)
Merge Join  (cost=5534.07..5539.08 rows=27 width=21) (actual time=29.726..29.803 rows=22 loops=1)
Merge Join  (cost=5536.17..5541.37 rows=28 width=403) (actual time=29.804..29.975 rows=1 loops=1)
Merge Join  (cost=5534.64..5539.69 rows=27 width=21) (actual time=29.653..29.714 rows=28 loops=1)
Merge Join  (cost=5536.00..5541.18 rows=28 width=21) (actual time=30.031..30.153 rows=25 loops=1)
Merge Join  (cost=5536.17..5541.37 rows=28 width=21) (actual time=30.108..30.125 rows=1 loops=1)
Merge Join  (cost=5534.07..5539.08 rows=27 width=21) (actual time=29.624..29.841 rows=3 loops=1)
Merge Join  (cost=5546.07..5547.06 rows=54 width=127) (actual time=32.812..32.828 rows=23 loops=1)
Merge Join  (cost=5544.43..5545.40 rows=53 width=127) (actual time=32.591..32.598 rows=3 loops=1)
Merge Join  (cost=5545.89..5546.44 rows=29 width=136) (actual time=30.668..30.686 rows=27 loops=1)
Merge Join  (cost=5543.56..5544.10 rows=28 width=136) (actual time=29.858..29.861 rows=1 loops=1)
Merge Join  (cost=5544.73..5545.27 rows=28 width=136) (actual time=29.805..29.823 rows=29 loops=1)
Merge Join  (cost=5543.21..5543.73 rows=27 width=136) (actual time=30.066..30.069 rows=1 loops=1)
Merge Join  (cost=5535.43..5540.57 rows=28 width=21) (actual time=29.949..30.077 rows=17 loops=1)
Merge Join  (cost=5546.80..5547.81 rows=55 width=127) (actual time=32.757..32.783 rows=47 loops=1)
Merge Join  (cost=5535.09..5540.20 rows=28 width=21) (actual time=29.564..29.694 rows=22 loops=1)
Merge Join  (cost=5535.83..5541.00 rows=28 width=21) (actual time=29.809..29.921 rows=1 loops=1)
Merge Join  (cost=5543.56..5544.10 rows=28 width=136) (actual time=29.990..30.005 rows=17 loops=1)
Merge Join  (cost=5544.24..5544.78 rows=28 width=136) (actual time=29.857..29.867 rows=5 loops=1)
Merge Join  (cost=5534.92..5540.01 rows=28 width=21) (actual time=29.549..29.692 rows=25 loops=1)
Merge Join  (cost=5535.26..5540.38 rows=28 width=21) (actual time=29.521..29.706 rows=3 loops=1)
Merge Join  (cost=5575.81..5582.54 rows=382 width=127) (actual time=34.088..34.294 rows=432 loops=1)
Merge Join  (cost=5535.20..5540.32 rows=28 width=21) (actual time=29.379..29.617 rows=9 loops=1)
Merge Join  (cost=5546.80..5547.81 rows=55 width=127) (actual time=32.869..32.880 rows=11 loops=1)
Merge Join  (cost=5546.07..5547.06 rows=54 width=127) (actual time=33.258..33.346 rows=177 loops=1)
Merge Join  (cost=5535.83..5541.00 rows=28 width=21) (actual time=29.823..29.965 rows=34 loops=1)
Merge Join  (cost=5546.14..5547.13 rows=54 width=127) (actual time=32.597..32.614 rows=27 loops=1)
Merge Join  (cost=5534.07..5539.08 rows=27 width=21) (actual time=29.964..30.075 rows=18 loops=1)
Merge Join  (cost=5536.00..5541.18 rows=28 width=21) (actual time=29.910..30.061 rows=1 loops=1)
Merge Join  (cost=5545.70..5546.69 rows=54 width=127) (actual time=33.142..33.155 rows=17 loops=1)
Merge Join  (cost=5535.54..5540.69 rows=28 width=21) (actual time=29.707..29.835 rows=27 loops=1)
Merge Join  (cost=5547.77..5548.80 rows=56 width=127) (actual time=32.204..32.212 rows=5 loops=1)
Merge Join  (cost=5544.92..5545.45 rows=28 width=136) (actual time=30.043..30.050 rows=5 loops=1)
Merge Join  (cost=5545.95..5546.94 rows=54 width=127) (actual time=33.535..33.619 rows=171 loops=1)
Merge Join  (cost=5535.83..5541.00 rows=28 width=21) (actual time=29.544..29.701 rows=22 loops=1)
Merge Join  (cost=5535.54..5540.69 rows=28 width=21) (actual time=29.490..29.691 rows=25 loops=1)
Merge Join  (cost=5544.24..5544.78 rows=28 width=136) (actual time=29.607..29.626 rows=21 loops=1)
Merge Join  (cost=5545.58..5546.57 rows=54 width=127) (actual time=32.340..32.350 rows=9 loops=1)
Merge Join  (cost=5536.17..5541.37 rows=28 width=21) (actual time=29.524..29.644 rows=26 loops=1)
Merge Join  (cost=5534.64..5539.69 rows=27 width=21) (actual time=29.847..29.992 rows=26 loops=1)
Merge Join  (cost=5536.17..5541.37 rows=28 width=21) (actual time=29.829..29.989 rows=30 loops=1)
Merge Join  (cost=5535.54..5540.69 rows=28 width=21) (actual time=29.829..29.946 rows=26 loops=1)
Merge Join  (cost=5536.17..5541.37 rows=28 width=21) (actual time=29.685..29.792 rows=34 loops=1)
Merge Join  (cost=5545.89..5546.44 rows=29 width=136) (actual time=29.918..29.935 rows=27 loops=1)
Merge Join  (cost=5536.17..5541.37 rows=28 width=21) (actual time=30.020..30.123 rows=26 loops=1)
Merge Join  (cost=5536.17..5541.37 rows=28 width=21) (actual time=30.236..30.315 rows=1 loops=1)
Merge Join  (cost=5581.30..5589.06 rows=441 width=127) (actual time=34.223..34.464 rows=507 loops=1)
Merge Join  (cost=5544.43..5545.40 rows=53 width=127) (actual time=32.620..32.658 rows=70 loops=1)
Merge Join  (cost=5546.07..5547.06 rows=54 width=127) (actual time=32.989..33.002 rows=17 loops=1)
Merge Join  (cost=5535.54..5540.69 rows=28 width=21) (actual time=29.706..29.758 rows=26 loops=1)
Merge Join  (cost=5535.83..5541.00 rows=28 width=21) (actual time=29.636..29.801 rows=28 loops=1)
Merge Join  (cost=5534.53..5539.57 rows=27 width=21) (actual time=29.646..29.857 rows=1 loops=1)
Merge Join  (cost=5535.26..5540.38 rows=28 width=21) (actual time=29.671..29.857 rows=25 loops=1)
Merge Join  (cost=5536.17..5541.37 rows=28 width=21) (actual time=29.758..29.985 rows=21 loops=1)
Merge Join  (cost=5545.04..5546.02 rows=53 width=127) (actual time=32.306..32.313 rows=5 loops=1)
Merge Join  (cost=5536.40..5541.62 rows=28 width=21) (actual time=29.599..29.759 rows=27 loops=1)
Merge Join  (cost=5536.00..5541.18 rows=28 width=21) (actual time=29.901..30.012 rows=23 loops=1)
Merge Join  (cost=5536.00..5541.18 rows=28 width=21) (actual time=29.865..30.030 rows=17 loops=1)
Merge Join  (cost=5536.17..5541.37 rows=28 width=21) (actual time=29.649..29.814 rows=27 loops=1)
Merge Join  (cost=5545.95..5546.94 rows=54 width=127) (actual time=32.979..33.012 rows=57 loops=1)
Merge Join  (cost=5535.54..5540.69 rows=28 width=21) (actual time=30.134..30.303 rows=9 loops=1)
Merge Join  (cost=5545.04..5546.02 rows=53 width=127) (actual time=33.075..33.084 rows=7 loops=1)
Merge Join  (cost=5535.20..5540.32 rows=28 width=21) (actual time=29.755..29.911 rows=16 loops=1)
Merge Join  (cost=5546.80..5547.81 rows=55 width=127) (actual time=33.187..33.194 rows=3 loops=1)
Merge Join  (cost=5545.04..5546.02 rows=53 width=127) (actual time=33.441..33.448 rows=3 loops=1)
Merge Join  (cost=5534.64..5539.69 rows=27 width=403) (actual time=29.738..29.950 rows=1 loops=1)
Merge Join  (cost=5536.00..5541.18 rows=28 width=21) (actual time=29.789..29.914 rows=1 loops=1)
Merge Join  (cost=5544.43..5545.40 rows=53 width=127) (actual time=32.236..32.250 rows=19 loops=1)
Merge Join  (cost=5534.07..5539.08 rows=27 width=21) (actual time=29.864..30.062 rows=3 loops=1)
Merge Join  (cost=5535.54..5540.69 rows=28 width=21) (actual time=29.754..29.887 rows=24 loops=1)
Merge Join  (cost=5545.95..5546.94 rows=54 width=127) (actual time=32.415..32.418 rows=1 loops=1)
Merge Join  (cost=5546.80..5547.81 rows=55 width=127) (actual time=32.877..32.911 rows=63 loops=1)
Merge Join  (cost=5536.40..5541.62 rows=28 width=21) (actual time=29.918..29.981 rows=34 loops=1)
Merge Join  (cost=5546.80..5547.81 rows=55 width=127) (actual time=33.220..33.234 rows=18 loops=1)
Merge Join  (cost=5543.21..5543.73 rows=27 width=136) (actual time=30.122..30.140 rows=23 loops=1)
Merge Join  (cost=5546.80..5547.81 rows=55 width=127) (actual time=33.165..33.177 rows=17 loops=1)
Merge Join  (cost=5546.07..5547.06 rows=54 width=127) (actual time=33.307..33.309 rows=1 loops=1)
Merge Join  (cost=5547.77..5548.80 rows=56 width=127) (actual time=33.329..33.367 rows=70 loops=1)
Merge Join  (cost=5536.17..5541.37 rows=28 width=21) (actual time=29.633..29.767 rows=7 loops=1)
Merge Join  (cost=5534.53..5539.57 rows=27 width=21) (actual time=29.609..29.615 rows=1 loops=1)
Merge Join  (cost=5535.43..5540.57 rows=28 width=21) (actual time=29.689..29.808 rows=3 loops=1)
Merge Join  (cost=5543.21..5543.73 rows=27 width=136) (actual time=30.260..30.277 rows=25 loops=1)
Merge Join  (cost=5545.58..5546.57 rows=54 width=127) (actual time=32.586..32.588 rows=1 loops=1)
Merge Join  (cost=5537.02..5542.31 rows=29 width=21) (actual time=29.753..29.876 rows=11 loops=1)
Merge Join  (cost=5544.92..5545.89 rows=53 width=127) (actual time=32.994..33.000 rows=3 loops=1)
Merge Join  (cost=5544.92..5545.89 rows=53 width=127) (actual time=32.848..32.859 rows=9 loops=1)
Merge Join  (cost=5543.09..5543.61 rows=27 width=136) (actual time=29.726..29.733 rows=3 loops=1)
Merge Join  (cost=5547.05..5548.05 rows=55 width=127) (actual time=32.898..32.917 rows=31 loops=1)
Merge Join  (cost=5535.54..5540.69 rows=28 width=21) (actual time=29.887..30.055 rows=7 loops=1)
Merge Join  (cost=5544.12..5544.65 rows=28 width=136) (actual time=29.992..30.005 rows=15 loops=1)
Merge Join  (cost=5545.77..5546.76 rows=54 width=127) (actual time=32.922..32.957 rows=60 loops=1)
Merge Join  (cost=5546.07..5547.06 rows=54 width=127) (actual time=32.673..32.676 rows=1 loops=1)
Merge Join  (cost=5535.43..5540.57 rows=28 width=21) (actual time=29.712..29.786 rows=28 loops=1)
Merge Join  (cost=5536.17..5541.37 rows=28 width=21) (actual time=29.736..29.864 rows=25 loops=1)
Merge Join  (cost=5544.43..5545.40 rows=53 width=127) (actual time=32.386..32.394 rows=5 loops=1)
Merge Join  (cost=5545.70..5546.69 rows=54 width=127) (actual time=33.327..33.424 rows=194 loops=1)
Merge Join  (cost=5543.09..5543.61 rows=27 width=136) (actual time=30.062..30.081 rows=27 loops=1)
Merge Join  (cost=5546.14..5547.13 rows=54 width=127) (actual time=32.880..32.910 rows=53 loops=1)
Merge Join  (cost=5535.54..5540.69 rows=28 width=21) (actual time=29.801..29.950 rows=15 loops=1)
Merge Join  (cost=5535.83..5541.00 rows=28 width=21) (actual time=29.950..30.062 rows=1 loops=1)
Merge Join  (cost=5545.70..5546.69 rows=54 width=127) (actual time=32.846..32.859 rows=17 loops=1)
Merge Join  (cost=5545.04..5546.02 rows=53 width=127) (actual time=32.824..32.831 rows=3 loops=1)
Merge Join  (cost=5534.64..5539.69 rows=27 width=403) (actual time=29.631..29.740 rows=3 loops=1)
Merge Join  (cost=5534.64..5539.69 rows=27 width=21) (actual time=29.489..29.652 rows=24 loops=1)
Merge Join  (cost=5536.40..5541.62 rows=28 width=21) (actual time=29.846..29.982 rows=32 loops=1)
Merge Join  (cost=5544.92..5545.89 rows=53 width=127) (actual time=33.180..33.196 rows=21 loops=1)
Merge Join  (cost=5534.64..5539.69 rows=27 width=21) (actual time=29.649..29.711 rows=18 loops=1)
Merge Join  (cost=5535.26..5540.38 rows=28 width=21) (actual time=29.473..29.618 rows=30 loops=1)
Merge Join  (cost=5546.80..5547.81 rows=55 width=127) (actual time=33.357..33.367 rows=9 loops=1)
Merge Join  (cost=5546.07..5547.06 rows=54 width=127) (actual time=32.727..32.749 rows=34 loops=1)
Merge Join  (cost=5535.43..5540.57 rows=28 width=21) (actual time=29.743..29.896 rows=30 loops=1)
Merge Join  (cost=5547.77..5548.80 rows=56 width=127) (actual time=33.164..33.209 rows=91 loops=1)
Merge Join  (cost=5537.02..5542.31 rows=29 width=21) (actual time=29.959..30.059 rows=1 loops=1)
Merge Join  (cost=5546.14..5547.13 rows=54 width=127) (actual time=33.400..33.434 rows=58 loops=1)
Merge Join  (cost=5545.95..5546.94 rows=54 width=127) (actual time=32.933..32.949 rows=25 loops=1)
Merge Join  (cost=5535.43..5540.57 rows=28 width=403) (actual time=29.437..29.563 rows=13 loops=1)
Merge Join  (cost=5544.92..5545.89 rows=53 width=127) (actual time=33.168..33.176 rows=3 loops=1)
Merge Join  (cost=5545.70..5546.69 rows=54 width=127) (actual time=33.154..33.164 rows=9 loops=1)
Merge Join  (cost=5535.54..5540.69 rows=28 width=21) (actual time=29.543..29.652 rows=7 loops=1)
Merge Join  (cost=5535.54..5540.69 rows=28 width=21) (actual time=29.576..29.737 rows=18 loops=1)
Merge Join  (cost=5545.95..5546.94 rows=54 width=127) (actual time=33.129..33.167 rows=68 loops=1)
Merge Join  (cost=5535.54..5540.69 rows=28 width=21) (actual time=30.109..30.329 rows=5 loops=1)
Merge Join  (cost=5535.83..5541.00 rows=28 width=21) (actual time=29.567..29.818 rows=27 loops=1)
Merge Join  (cost=5536.40..5541.62 rows=28 width=21) (actual time=29.765..29.927 rows=24 loops=1)
Merge Join  (cost=5633.37..5651.91 rows=992 width=127) (actual time=34.686..35.639 rows=1134 loops=1)
Merge Join  (cost=5535.83..5541.00 rows=28 width=21) (actual time=30.126..30.285 rows=9 loops=1)
Merge Join  (cost=5543.75..5544.28 rows=28 width=136) (actual time=30.023..30.032 rows=9 loops=1)
Merge Join  (cost=5535.83..5541.00 rows=28 width=21) (actual time=29.520..29.625 rows=15 loops=1)
Merge Join  (cost=5534.07..5539.08 rows=27 width=21) (actual time=29.767..29.943 rows=13 loops=1)
Merge Join  (cost=5536.00..5541.18 rows=28 width=21) (actual time=29.755..29.916 rows=26 loops=1)
Merge Join  (cost=5543.09..5543.61 rows=27 width=136) (actual time=29.952..29.963 rows=13 loops=1)
Merge Join  (cost=5534.92..5540.01 rows=28 width=21) (actual time=29.571..29.696 rows=1 loops=1)
Merge Join  (cost=5544.92..5545.45 rows=28 width=136) (actual time=30.190..30.206 rows=23 loops=1)
Merge Join  (cost=5546.61..5547.62 rows=55 width=127) (actual time=33.282..33.372 rows=176 loops=1)
Merge Join  (cost=5543.56..5544.10 rows=28 width=136) (actual time=30.194..30.204 rows=9 loops=1)
Merge Join  (cost=5545.89..5546.44 rows=29 width=136) (actual time=29.864..29.870 rows=3 loops=1)
Merge Join  (cost=5537.02..5542.31 rows=29 width=403) (actual time=29.935..30.114 rows=3 loops=1)
Merge Join  (cost=5535.20..5540.32 rows=28 width=21) (actual time=29.720..29.882 rows=22 loops=1)
Merge Join  (cost=5536.17..5541.37 rows=28 width=21) (actual time=29.640..29.729 rows=3 loops=1)
Merge Join  (cost=5535.54..5540.69 rows=28 width=21) (actual time=29.520..29.639 rows=27 loops=1)
Merge Join  (cost=5536.17..5541.37 rows=28 width=21) (actual time=29.929..30.111 rows=9 loops=1)
Merge Join  (cost=5546.80..5547.81 rows=55 width=127) (actual time=32.990..33.005 rows=23 loops=1)
Merge Join  (cost=5535.60..5540.75 rows=28 width=21) (actual time=29.603..29.771 rows=7 loops=1)
Merge Join  (cost=5546.07..5547.06 rows=54 width=127) (actual time=32.743..32.782 rows=73 loops=1)
Merge Join  (cost=5535.26..5540.38 rows=28 width=21) (actual time=29.790..29.926 rows=29 loops=1)
Merge Join  (cost=5535.60..5540.75 rows=28 width=21) (actual time=29.731..29.914 rows=29 loops=1)
Merge Join  (cost=5546.14..5547.13 rows=54 width=127) (actual time=32.988..33.007 rows=31 loops=1)
Merge Join  (cost=5535.54..5540.69 rows=28 width=21) (actual time=29.677..29.840 rows=24 loops=1)
Merge Join  (cost=5534.92..5540.01 rows=28 width=21) (actual time=29.752..29.948 rows=15 loops=1)
Merge Join  (cost=5536.17..5541.37 rows=28 width=21) (actual time=29.761..29.965 rows=1 loops=1)
Merge Join  (cost=5544.24..5544.78 rows=28 width=136) (actual time=29.935..29.952 rows=25 loops=1)
Merge Join  (cost=5536.40..5541.62 rows=28 width=21) (actual time=29.614..29.749 rows=24 loops=1)
Merge Join  (cost=5545.70..5546.69 rows=54 width=127) (actual time=33.282..33.284 rows=1 loops=1)
Merge Join  (cost=5537.02..5542.31 rows=29 width=21) (actual time=29.762..29.952 rows=1 loops=1)
Merge Join  (cost=5546.07..5547.06 rows=54 width=127) (actual time=33.191..33.207 rows=25 loops=1)
Merge Join  (cost=5545.17..5545.70 rows=28 width=136) (actual time=29.851..29.867 rows=22 loops=1)
Merge Join  (cost=5534.53..5539.57 rows=27 width=21) (actual time=29.506..29.645 rows=26 loops=1)
Merge Join  (cost=5545.77..5546.76 rows=54 width=127) (actual time=32.930..32.932 rows=1 loops=1)
Merge Join  (cost=5535.26..5540.38 rows=28 width=403) (actual time=29.544..29.630 rows=1 loops=1)
Merge Join  (cost=5544.92..5545.45 rows=28 width=136) (actual time=29.680..29.687 rows=5 loops=1)
Merge Join  (cost=5535.26..5540.38 rows=28 width=21) (actual time=29.485..29.667 rows=23 loops=1)
Merge Join  (cost=5546.80..5547.81 rows=55 width=127) (actual time=33.096..33.129 rows=60 loops=1)
Merge Join  (cost=5544.24..5544.78 rows=28 width=136) (actual time=29.942..29.948 rows=3 loops=1)
Merge Join  (cost=5535.54..5540.69 rows=28 width=403) (actual time=29.709..29.888 rows=3 loops=1)
Merge Join  (cost=5542.60..5543.12 rows=27 width=136) (actual time=29.828..29.847 rows=31 loops=1)
Merge Join  (cost=5543.75..5544.28 rows=28 width=136) (actual time=29.729..29.746 rows=27 loops=1)
Merge Join  (cost=5535.43..5540.57 rows=28 width=21) (actual time=29.853..30.006 rows=20 loops=1)
Merge Join  (cost=5535.54..5540.69 rows=28 width=21) (actual time=29.884..30.031 rows=23 loops=1)
Merge Join  (cost=5534.07..5539.08 rows=27 width=21) (actual time=29.721..29.782 rows=20 loops=1)
Merge Join  (cost=5537.02..5542.31 rows=29 width=21) (actual time=29.724..29.913 rows=19 loops=1)
Merge Join  (cost=5535.43..5540.57 rows=28 width=21) (actual time=30.039..30.183 rows=3 loops=1)
Merge Join  (cost=5535.20..5540.32 rows=28 width=21) (actual time=30.009..30.023 rows=24 loops=1)
Merge Join  (cost=5543.87..5544.41 rows=28 width=136) (actual time=30.004..30.022 rows=25 loops=1)
Merge Join  (cost=5546.14..5547.13 rows=54 width=127) (actual time=32.972..33.013 rows=74 loops=1)
Merge Join  (cost=5536.00..5541.18 rows=28 width=21) (actual time=29.745..29.931 rows=35 loops=1)
Merge Join  (cost=5543.09..5543.61 rows=27 width=136) (actual time=30.262..30.279 rows=23 loops=1)
Merge Join  (cost=5535.60..5540.75 rows=28 width=21) (actual time=29.528..29.648 rows=15 loops=1)
Merge Join  (cost=5535.09..5540.20 rows=28 width=21) (actual time=30.179..30.299 rows=29 loops=1)
Merge Join  (cost=5547.05..5548.05 rows=55 width=127) (actual time=33.287..33.300 rows=17 loops=1)
Merge Join  (cost=5544.92..5545.45 rows=28 width=136) (actual time=29.999..30.014 rows=21 loops=1)
Merge Join  (cost=5535.83..5541.00 rows=28 width=21) (actual time=29.562..29.787 rows=3 loops=1)
Merge Join  (cost=5547.05..5548.05 rows=55 width=127) (actual time=32.825..32.846 rows=33 loops=1)
Merge Join  (cost=5535.43..5540.57 rows=28 width=21) (actual time=29.717..29.812 rows=36 loops=1)
Merge Join  (cost=5536.17..5541.37 rows=28 width=21) (actual time=30.106..30.257 rows=28 loops=1)
Merge Join  (cost=5536.40..5541.62 rows=28 width=21) (actual time=29.610..29.746 rows=22 loops=1)
Merge Join  (cost=5546.61..5547.62 rows=55 width=127) (actual time=33.001..33.030 rows=53 loops=1)
Merge Join  (cost=5546.07..5547.06 rows=54 width=127) (actual time=32.786..32.795 rows=9 loops=1)
Merge Join  (cost=5546.43..5547.44 rows=55 width=127) (actual time=33.502..33.545 rows=80 loops=1)
Merge Join  (cost=5546.80..5547.81 rows=55 width=127) (actual time=33.318..33.334 rows=23 loops=1)
Merge Join  (cost=5546.07..5547.06 rows=54 width=127) (actual time=32.846..32.853 rows=3 loops=1)
Merge Join  (cost=5547.05..5548.05 rows=55 width=127) (actual time=32.320..32.330 rows=9 loops=1)
Merge Join  (cost=5547.77..5548.80 rows=56 width=127) (actual time=32.998..33.009 rows=15 loops=1)
Merge Join  (cost=5543.56..5544.10 rows=28 width=136) (actual time=29.886..29.902 rows=23 loops=1)
Merge Join  (cost=5536.17..5541.37 rows=28 width=21) (actual time=29.567..29.718 rows=14 loops=1)
Merge Join  (cost=5535.43..5540.57 rows=28 width=21) (actual time=29.996..30.104 rows=3 loops=1)
Merge Join  (cost=5535.54..5540.69 rows=28 width=21) (actual time=29.764..29.955 rows=1 loops=1)
Merge Join  (cost=5544.24..5544.78 rows=28 width=136) (actual time=29.908..29.928 rows=31 loops=1)
Merge Join  (cost=5535.54..5540.69 rows=28 width=21) (actual time=29.669..29.795 rows=30 loops=1)
Merge Join  (cost=5544.92..5545.45 rows=28 width=136) (actual time=30.219..30.237 rows=25 loops=1)
Merge Join  (cost=5536.17..5541.37 rows=28 width=403) (actual time=29.854..29.990 rows=25 loops=1)
Merge Join  (cost=5536.17..5541.37 rows=28 width=21) (actual time=29.684..29.890 rows=27 loops=1)
Merge Join  (cost=5543.21..5543.73 rows=27 width=136) (actual time=29.747..29.754 rows=3 loops=1)
Merge Join  (cost=5543.56..5544.10 rows=28 width=136) (actual time=30.015..30.025 rows=7 loops=1)
Merge Join  (cost=5535.54..5540.69 rows=28 width=21) (actual time=29.930..30.082 rows=26 loops=1)
Merge Join  (cost=5546.80..5547.81 rows=55 width=127) (actual time=32.990..33.029 rows=66 loops=1)
Merge Join  (cost=5545.77..5546.76 rows=54 width=127) (actual time=33.011..33.032 rows=33 loops=1)
Merge Join  (cost=5545.77..5546.76 rows=54 width=127) (actual time=32.936..32.957 rows=32 loops=1)
Merge Join  (cost=5535.54..5540.69 rows=28 width=21) (actual time=29.733..29.898 rows=24 loops=1)
Merge Join  (cost=5544.92..5545.89 rows=53 width=127) (actual time=32.337..32.343 rows=3 loops=1)
Merge Join  (cost=5546.80..5547.81 rows=55 width=127) (actual time=32.820..32.833 rows=15 loops=1)
Merge Join  (cost=5544.92..5545.89 rows=53 width=127) (actual time=32.690..32.702 rows=11 loops=1)
Merge Join  (cost=5536.17..5541.37 rows=28 width=403) (actual time=29.544..29.646 rows=9 loops=1)
Merge Join  (cost=5547.05..5548.05 rows=55 width=127) (actual time=32.641..32.659 rows=27 loops=1)
Merge Join  (cost=5544.92..5545.45 rows=28 width=136) (actual time=29.986..29.989 rows=1 loops=1)
Merge Join  (cost=5544.12..5544.65 rows=28 width=136) (actual time=30.135..30.146 rows=11 loops=1)
Merge Join  (cost=5546.80..5547.81 rows=55 width=127) (actual time=33.243..33.270 rows=47 loops=1)
Merge Join  (cost=5544.12..5544.65 rows=28 width=136) (actual time=29.824..29.826 rows=1 loops=1)
Merge Join  (cost=5543.75..5544.28 rows=28 width=136) (actual time=29.647..29.649 rows=1 loops=1)
Merge Join  (cost=5545.95..5546.94 rows=54 width=127) (actual time=32.888..32.896 rows=3 loops=1)
Merge Join  (cost=5545.58..5546.57 rows=54 width=127) (actual time=33.118..33.141 rows=37 loops=1)
Merge Join  (cost=5535.54..5540.69 rows=28 width=21) (actual time=29.775..29.909 rows=17 loops=1)
Merge Join  (cost=5546.80..5547.81 rows=55 width=127) (actual time=33.080..33.117 rows=68 loops=1)
Merge Join  (cost=5546.43..5547.44 rows=55 width=127) (actual time=33.167..33.179 rows=13 loops=1)
Merge Join  (cost=5534.64..5539.69 rows=27 width=21) (actual time=29.860..29.992 rows=11 loops=1)
Merge Join  (cost=5534.64..5539.69 rows=27 width=21) (actual time=29.943..30.052 rows=30 loops=1)
Merge Join  (cost=5536.40..5541.62 rows=28 width=21) (actual time=29.650..29.742 rows=3 loops=1)
Merge Join  (cost=5543.21..5543.73 rows=27 width=136) (actual time=30.268..30.281 rows=13 loops=1)
Merge Join  (cost=5535.83..5541.00 rows=28 width=21) (actual time=29.693..29.846 rows=24 loops=1)
Merge Join  (cost=5542.60..5543.12 rows=27 width=136) (actual time=29.836..29.850 rows=21 loops=1)
Merge Join  (cost=5535.54..5540.69 rows=28 width=21) (actual time=29.517..29.733 rows=7 loops=1)
Merge Join  (cost=5634.68..5653.38 rows=1003 width=127) (actual time=34.596..35.611 rows=1136 loops=1)
Merge Join  (cost=5544.73..5545.27 rows=28 width=136) (actual time=29.943..29.954 rows=13 loops=1)
Merge Join  (cost=5536.00..5541.18 rows=28 width=403) (actual time=29.325..29.559 rows=13 loops=1)
Merge Join  (cost=5536.17..5541.37 rows=28 width=21) (actual time=29.565..29.701 rows=19 loops=1)
Merge Join  (cost=5543.75..5544.28 rows=28 width=136) (actual time=29.900..29.913 rows=15 loops=1)
Merge Join  (cost=5546.07..5547.06 rows=54 width=127) (actual time=33.162..33.184 rows=35 loops=1)
Merge Join  (cost=5534.07..5539.08 rows=27 width=21) (actual time=29.519..29.723 rows=17 loops=1)
Merge Join  (cost=5546.80..5547.81 rows=55 width=127) (actual time=32.859..32.894 rows=64 loops=1)
Merge Join  (cost=5544.24..5544.78 rows=28 width=136) (actual time=29.959..29.965 rows=3 loops=1)
Merge Join  (cost=5535.54..5540.69 rows=28 width=21) (actual time=29.795..29.885 rows=16 loops=1)
Merge Join  (cost=5545.40..5546.39 rows=54 width=127) (actual time=32.842..32.860 rows=27 loops=1)
Merge Join  (cost=5534.92..5540.01 rows=28 width=21) (actual time=29.543..29.679 rows=34 loops=1)
Merge Join  (cost=5535.43..5540.57 rows=28 width=21) (actual time=29.950..30.007 rows=20 loops=1)
Merge Join  (cost=5535.09..5540.20 rows=28 width=21) (actual time=29.947..30.046 rows=6 loops=1)
Merge Join  (cost=5535.54..5540.69 rows=28 width=21) (actual time=29.655..29.774 rows=13 loops=1)
Merge Join  (cost=5535.20..5540.32 rows=28 width=21) (actual time=29.523..29.708 rows=13 loops=1)
Merge Join  (cost=5544.12..5544.65 rows=28 width=136) (actual time=30.294..30.305 rows=14 loops=1)
Merge Join  (cost=5534.07..5539.08 rows=27 width=21) (actual time=29.858..29.969 rows=22 loops=1)
Merge Join  (cost=5536.17..5541.37 rows=28 width=21) (actual time=29.719..29.830 rows=27 loops=1)
Merge Join  (cost=5536.00..5541.18 rows=28 width=21) (actual time=29.486..29.608 rows=19 loops=1)
Merge Join  (cost=5543.87..5544.41 rows=28 width=136) (actual time=30.039..30.048 rows=7 loops=1)
Merge Join  (cost=5535.43..5540.57 rows=28 width=21) (actual time=29.912..30.034 rows=24 loops=1)
Merge Join  (cost=5545.77..5546.76 rows=54 width=127) (actual time=33.334..33.347 rows=17 loops=1)
Merge Join  (cost=5545.58..5546.57 rows=54 width=127) (actual time=32.507..32.529 rows=39 loops=1)
Merge Join  (cost=5544.24..5544.78 rows=28 width=136) (actual time=29.808..29.816 rows=5 loops=1)
Merge Join  (cost=5535.60..5540.75 rows=28 width=21) (actual time=29.938..30.052 rows=24 loops=1)
Merge Join  (cost=5546.80..5547.81 rows=55 width=127) (actual time=32.981..32.995 rows=19 loops=1)
Merge Join  (cost=5544.24..5544.78 rows=28 width=136) (actual time=29.700..29.714 rows=17 loops=1)
Merge Join  (cost=5536.17..5541.37 rows=28 width=21) (actual time=29.965..30.166 rows=7 loops=1)
Merge Join  (cost=5535.54..5540.69 rows=28 width=21) (actual time=29.955..30.072 rows=30 loops=1)
Merge Join  (cost=5546.07..5547.06 rows=54 width=127) (actual time=33.305..33.312 rows=3 loops=1)
Merge Join  (cost=5547.77..5548.80 rows=56 width=127) (actual time=32.838..32.861 rows=33 loops=1)
Merge Join  (cost=5544.43..5545.40 rows=53 width=127) (actual time=32.714..32.722 rows=5 loops=1)
Merge Join  (cost=5546.80..5547.81 rows=55 width=127) (actual time=33.526..33.598 rows=141 loops=1)
Merge Join  (cost=5535.26..5540.38 rows=28 width=21) (actual time=29.736..29.869 rows=7 loops=1)
Merge Join  (cost=5546.07..5547.06 rows=54 width=127) (actual time=32.621..32.624 rows=1 loops=1)
Merge Join  (cost=5535.54..5540.69 rows=28 width=403) (actual time=29.644..29.745 rows=1 loops=1)
Merge Join  (cost=5545.95..5546.94 rows=54 width=127) (actual time=32.582..32.585 rows=1 loops=1)
Merge Join  (cost=5544.43..5545.40 rows=53 width=127) (actual time=32.590..32.616 rows=41 loops=1)
Merge Join  (cost=5534.53..5539.57 rows=27 width=21) (actual time=29.817..29.967 rows=21 loops=1)
Merge Join  (cost=5543.21..5543.73 rows=27 width=136) (actual time=30.060..30.067 rows=3 loops=1)
Merge Join  (cost=5545.58..5546.57 rows=54 width=127) (actual time=32.950..32.962 rows=13 loops=1)
Merge Join  (cost=5535.98..5541.38 rows=47 width=21) (actual time=29.760..29.886 rows=29 loops=1)
Merge Join  (cost=5535.09..5540.20 rows=28 width=21) (actual time=29.493..29.681 rows=11 loops=1)
Merge Join  (cost=5558.66..5562.28 rows=204 width=127) (actual time=33.502..33.598 rows=202 loops=1)
Merge Join  (cost=5535.20..5540.32 rows=28 width=21) (actual time=29.738..29.851 rows=18 loops=1)
Merge Join  (cost=5543.87..5544.41 rows=28 width=136) (actual time=29.966..29.969 rows=1 loops=1)
Merge Join  (cost=5545.70..5546.69 rows=54 width=127) (actual time=33.129..33.142 rows=17 loops=1)
Merge Join  (cost=5534.64..5539.69 rows=27 width=21) (actual time=29.773..29.791 rows=30 loops=1)
Merge Join  (cost=5544.24..5544.78 rows=28 width=136) (actual time=29.885..29.904 rows=29 loops=1)
Merge Join  (cost=5545.04..5546.02 rows=53 width=127) (actual time=32.775..32.790 rows=21 loops=1)
Merge Join  (cost=5535.83..5541.00 rows=28 width=21) (actual time=29.620..29.672 rows=34 loops=1)
Merge Join  (cost=5535.54..5540.69 rows=28 width=21) (actual time=29.767..29.866 rows=23 loops=1)
Merge Join  (cost=5535.60..5540.75 rows=28 width=21) (actual time=29.866..30.019 rows=3 loops=1)
Merge Join  (cost=5536.00..5541.18 rows=28 width=21) (actual time=29.669..29.818 rows=8 loops=1)
Merge Join  (cost=5535.54..5540.69 rows=28 width=21) (actual time=29.475..29.584 rows=7 loops=1)
Merge Join  (cost=5542.60..5543.12 rows=27 width=136) (actual time=30.226..30.241 rows=19 loops=1)
Merge Join  (cost=5543.21..5543.73 rows=27 width=136) (actual time=30.074..30.096 rows=36 loops=1)
Merge Join  (cost=5535.43..5540.57 rows=28 width=21) (actual time=29.792..29.934 rows=26 loops=1)
Merge Join  (cost=5535.83..5541.00 rows=28 width=21) (actual time=29.707..29.850 rows=30 loops=1)
Merge Join  (cost=5542.60..5543.12 rows=27 width=136) (actual time=30.185..30.203 rows=25 loops=1)
Merge Join  (cost=5534.64..5539.69 rows=27 width=21) (actual time=29.907..30.070 rows=7 loops=1)
Merge Join  (cost=5535.09..5540.20 rows=28 width=21) (actual time=29.679..29.836 rows=18 loops=1)
Merge Join  (cost=5535.60..5540.75 rows=28 width=21) (actual time=29.662..29.753 rows=28 loops=1)
Merge Join  (cost=5544.92..5545.45 rows=28 width=136) (actual time=29.869..29.884 rows=21 loops=1)
Merge Join  (cost=5543.21..5543.73 rows=27 width=136) (actual time=30.130..30.146 rows=19 loops=1)
Merge Join  (cost=5544.24..5544.78 rows=28 width=136) (actual time=30.122..30.137 rows=21 loops=1)
Merge Join  (cost=5536.00..5541.18 rows=28 width=21) (actual time=29.829..29.977 rows=18 loops=1)
Merge Join  (cost=5545.40..5546.39 rows=54 width=127) (actual time=32.766..32.793 rows=45 loops=1)
Merge Join  (cost=5534.92..5540.01 rows=28 width=21) (actual time=29.601..29.816 rows=25 loops=1)
Merge Join  (cost=5545.04..5546.02 rows=53 width=127) (actual time=32.858..32.861 rows=1 loops=1)
Merge Join  (cost=5535.54..5540.69 rows=28 width=21) (actual time=29.770..29.846 rows=17 loops=1)
Merge Join  (cost=5544.24..5544.78 rows=28 width=136) (actual time=29.911..29.922 rows=11 loops=1)
Merge Join  (cost=5535.54..5540.69 rows=28 width=21) (actual time=29.648..29.805 rows=32 loops=1)
Merge Join  (cost=5535.54..5540.69 rows=28 width=21) (actual time=29.865..30.044 rows=9 loops=1)
Merge Join  (cost=5544.24..5544.78 rows=28 width=136) (actual time=30.017..30.039 rows=33 loops=1)
Merge Join  (cost=5535.83..5541.00 rows=28 width=21) (actual time=29.620..29.786 rows=24 loops=1)
Merge Join  (cost=5544.92..5545.89 rows=53 width=127) (actual time=32.893..32.915 rows=37 loops=1)
Merge Join  (cost=5535.54..5540.69 rows=28 width=21) (actual time=29.931..30.001 rows=29 loops=1)
Merge Join  (cost=5535.26..5540.38 rows=28 width=21) (actual time=29.915..30.078 rows=24 loops=1)
Merge Join  (cost=5535.54..5540.69 rows=28 width=21) (actual time=29.668..29.778 rows=15 loops=1)
Merge Join  (cost=5543.93..5544.47 rows=28 width=136) (actual time=29.895..29.913 rows=25 loops=1)
Merge Join  (cost=5546.07..5547.06 rows=54 width=127) (actual time=33.393..33.419 rows=47 loops=1)
Merge Join  (cost=5535.54..5540.69 rows=28 width=21) (actual time=29.890..30.055 rows=24 loops=1)
Merge Join  (cost=5544.92..5545.89 rows=53 width=127) (actual time=32.537..32.545 rows=5 loops=1)
Merge Join  (cost=5542.60..5543.12 rows=27 width=136) (actual time=29.747..29.764 rows=29 loops=1)
Merge Join  (cost=5534.07..5539.08 rows=27 width=403) (actual time=29.486..29.641 rows=29 loops=1)
Merge Join  (cost=5536.40..5541.62 rows=28 width=21) (actual time=29.820..29.962 rows=31 loops=1)
Merge Join  (cost=5534.64..5539.69 rows=27 width=21) (actual time=29.576..29.681 rows=8 loops=1)
Merge Join  (cost=5544.24..5544.78 rows=28 width=136) (actual time=29.720..29.727 rows=3 loops=1)
Merge Join  (cost=5535.54..5540.69 rows=28 width=21) (actual time=29.877..30.026 rows=28 loops=1)
Merge Join  (cost=5536.00..5541.18 rows=28 width=21) (actual time=29.790..29.921 rows=1 loops=1)
Merge Join  (cost=5545.04..5546.02 rows=53 width=127) (actual time=32.983..33.004 rows=34 loops=1)
Merge Join  (cost=5545.17..5545.70 rows=28 width=136) (actual time=29.826..29.829 rows=1 loops=1)
Merge Join  (cost=5536.40..5541.62 rows=28 width=403) (actual time=29.525..29.708 rows=1 loops=1)
Merge Join  (cost=5536.17..5541.37 rows=28 width=21) (actual time=29.806..29.925 rows=6 loops=1)
Merge Join  (cost=5545.58..5546.57 rows=54 width=127) (actual time=32.848..32.855 rows=3 loops=1)
Merge Join  (cost=5544.92..5545.45 rows=28 width=136) (actual time=29.773..29.781 rows=5 loops=1)
Merge Join  (cost=5537.02..5542.31 rows=29 width=21) (actual time=29.882..30.046 rows=24 loops=1)
Merge Join  (cost=5544.30..5544.84 rows=28 width=136) (actual time=30.138..30.153 rows=21 loops=1)
Merge Join  (cost=5544.92..5545.89 rows=53 width=127) (actual time=32.836..32.843 rows=3 loops=1)
Merge Join  (cost=5535.54..5540.69 rows=28 width=21) (actual time=29.654..29.735 rows=10 loops=1)
Merge Join  (cost=5545.17..5545.70 rows=28 width=136) (actual time=30.173..30.183 rows=9 loops=1)
Merge Join  (cost=5546.80..5547.81 rows=55 width=127) (actual time=33.343..33.377 rows=61 loops=1)
Merge Join  (cost=5536.00..5541.18 rows=28 width=21) (actual time=29.631..29.780 rows=20 loops=1)
Merge Join  (cost=5544.92..5545.89 rows=53 width=127) (actual time=32.600..32.603 rows=1 loops=1)
Merge Join  (cost=5546.07..5547.06 rows=54 width=127) (actual time=33.283..33.318 rows=67 loops=1)
Merge Join  (cost=5535.43..5540.57 rows=28 width=21) (actual time=29.849..29.895 rows=26 loops=1)
Merge Join  (cost=5543.93..5544.47 rows=28 width=136) (actual time=29.861..29.879 rows=28 loops=1)
Merge Join  (cost=5536.00..5541.18 rows=28 width=21) (actual time=29.493..29.643 rows=26 loops=1)
Merge Join  (cost=5545.40..5546.39 rows=54 width=127) (actual time=32.884..32.886 rows=1 loops=1)
Merge Join  (cost=5544.73..5545.27 rows=28 width=136) (actual time=31.601..31.609 rows=3 loops=1)
Merge Join  (cost=5534.92..5540.01 rows=28 width=21) (actual time=29.882..30.028 rows=30 loops=1)
Merge Join  (cost=5536.17..5541.37 rows=28 width=21) (actual time=29.579..29.775 rows=21 loops=1)
Merge Join  (cost=5545.17..5545.70 rows=28 width=136) (actual time=29.841..29.857 rows=23 loops=1)
Merge Join  (cost=5559.49..5563.39 rows=220 width=127) (actual time=33.921..34.022 rows=212 loops=1)
Merge Join  (cost=5534.64..5539.69 rows=27 width=21) (actual time=29.599..29.747 rows=27 loops=1)
Merge Join  (cost=5535.60..5540.75 rows=28 width=21) (actual time=29.447..29.625 rows=7 loops=1)
Merge Join  (cost=5545.40..5546.39 rows=54 width=127) (actual time=33.189..33.196 rows=3 loops=1)
Merge Join  (cost=5534.92..5540.01 rows=28 width=403) (actual time=29.811..30.008 rows=3 loops=1)
Merge Join  (cost=5546.07..5547.06 rows=54 width=127) (actual time=33.259..33.271 rows=13 loops=1)
Merge Join  (cost=5544.43..5545.40 rows=53 width=127) (actual time=32.647..32.655 rows=5 loops=1)
Merge Join  (cost=5544.92..5545.89 rows=53 width=127) (actual time=32.907..32.920 rows=17 loops=1)
Merge Join  (cost=5545.95..5546.94 rows=54 width=127) (actual time=32.584..32.594 rows=11 loops=1)
Merge Join  (cost=5546.07..5547.06 rows=54 width=127) (actual time=32.800..32.811 rows=12 loops=1)
Merge Join  (cost=5546.07..5547.06 rows=54 width=127) (actual time=32.981..32.993 rows=17 loops=1)
Merge Join  (cost=5535.60..5540.75 rows=28 width=21) (actual time=29.775..29.941 rows=7 loops=1)
Merge Join  (cost=5534.92..5540.01 rows=28 width=21) (actual time=29.686..29.898 rows=7 loops=1)
Merge Join  (cost=5536.17..5541.37 rows=28 width=21) (actual time=29.729..29.863 rows=28 loops=1)
Merge Join  (cost=5535.60..5540.75 rows=28 width=21) (actual time=29.561..29.666 rows=22 loops=1)
Merge Join  (cost=5534.92..5540.01 rows=28 width=21) (actual time=29.964..30.102 rows=20 loops=1)
Merge Join  (cost=5536.17..5541.37 rows=28 width=21) (actual time=30.001..30.188 rows=17 loops=1)
Merge Join  (cost=5535.54..5540.69 rows=28 width=21) (actual time=29.746..29.906 rows=28 loops=1)
Merge Join  (cost=5547.77..5548.80 rows=56 width=127) (actual time=32.744..32.751 rows=3 loops=1)
Merge Join  (cost=5535.09..5540.20 rows=28 width=21) (actual time=29.910..30.043 rows=27 loops=1)
Merge Join  (cost=5545.70..5546.69 rows=54 width=127) (actual time=32.794..32.805 rows=11 loops=1)
Merge Join  (cost=5534.53..5539.57 rows=27 width=21) (actual time=29.732..29.833 rows=5 loops=1)
Merge Join  (cost=5544.55..5545.08 rows=28 width=136) (actual time=29.902..29.921 rows=31 loops=1)
Merge Join  (cost=5536.00..5541.18 rows=28 width=21) (actual time=29.845..29.965 rows=10 loops=1)
Merge Join  (cost=5534.07..5539.08 rows=27 width=21) (actual time=30.098..30.246 rows=30 loops=1)
Merge Join  (cost=5535.83..5541.00 rows=28 width=21) (actual time=29.848..29.992 rows=25 loops=1)
Merge Join  (cost=5544.43..5545.40 rows=53 width=127) (actual time=32.796..32.813 rows=25 loops=1)
Merge Join  (cost=5534.92..5540.01 rows=28 width=21) (actual time=29.411..29.432 rows=38 loops=1)
Merge Join  (cost=5535.54..5540.69 rows=28 width=21) (actual time=30.006..30.164 rows=27 loops=1)
Merge Join  (cost=5542.60..5543.12 rows=27 width=136) (actual time=30.068..30.089 rows=31 loops=1)
Merge Join  (cost=5545.17..5545.70 rows=28 width=136) (actual time=29.957..29.966 rows=7 loops=1)
Merge Join  (cost=5544.92..5545.45 rows=28 width=136) (actual time=29.875..29.884 rows=7 loops=1)
Merge Join  (cost=5543.21..5543.73 rows=27 width=136) (actual time=30.046..30.062 rows=21 loops=1)
Merge Join  (cost=5544.24..5544.78 rows=28 width=136) (actual time=29.901..29.916 rows=19 loops=1)
Merge Join  (cost=5544.24..5544.78 rows=28 width=136) (actual time=29.999..30.016 rows=26 loops=1)
Merge Join  (cost=5546.80..5547.81 rows=55 width=127) (actual time=33.018..33.050 rows=60 loops=1)
Merge Join  (cost=5546.61..5547.62 rows=55 width=127) (actual time=33.014..33.016 rows=1 loops=1)
Merge Join  (cost=5535.54..5540.69 rows=28 width=21) (actual time=29.686..29.893 rows=23 loops=1)
Merge Join  (cost=5536.17..5541.37 rows=28 width=21) (actual time=29.667..29.833 rows=25 loops=1)
Merge Join  (cost=5534.64..5539.69 rows=27 width=21) (actual time=29.695..29.854 rows=3 loops=1)
Merge Join  (cost=5545.77..5546.76 rows=54 width=127) (actual time=33.120..33.162 rows=83 loops=1)
Merge Join  (cost=5535.09..5540.20 rows=28 width=21) (actual time=29.921..30.016 rows=7 loops=1)
Merge Join  (cost=5544.12..5544.65 rows=28 width=136) (actual time=29.873..29.888 rows=21 loops=1)
Merge Join  (cost=5534.07..5539.08 rows=27 width=21) (actual time=29.481..29.607 rows=10 loops=1)
Merge Join  (cost=5534.53..5539.57 rows=27 width=21) (actual time=29.912..30.049 rows=7 loops=1)
Merge Join  (cost=5544.73..5545.27 rows=28 width=136) (actual time=30.240..30.260 rows=31 loops=1)
Merge Join  (cost=5544.55..5545.08 rows=28 width=136) (actual time=30.083..30.091 rows=7 loops=1)
Merge Join  (cost=5535.26..5540.38 rows=28 width=21) (actual time=29.389..29.440 rows=29 loops=1)
Merge Join  (cost=5535.20..5540.32 rows=28 width=21) (actual time=29.440..29.601 rows=31 loops=1)
Merge Join  (cost=5537.02..5542.31 rows=29 width=21) (actual time=29.872..30.006 rows=17 loops=1)
Merge Join  (cost=5544.43..5545.40 rows=53 width=127) (actual time=32.937..32.945 rows=5 loops=1)
Merge Join  (cost=5535.09..5540.20 rows=28 width=21) (actual time=29.628..29.735 rows=15 loops=1)
Merge Join  (cost=5535.54..5540.69 rows=28 width=21) (actual time=29.543..29.699 rows=26 loops=1)
Merge Join  (cost=5537.02..5542.31 rows=29 width=21) (actual time=29.905..30.114 rows=23 loops=1)
Merge Join  (cost=5535.43..5540.57 rows=28 width=21) (actual time=29.927..30.120 rows=7 loops=1)
Merge Join  (cost=5546.07..5547.06 rows=54 width=127) (actual time=32.963..33.015 rows=99 loops=1)
Merge Join  (cost=5544.92..5545.89 rows=53 width=127) (actual time=33.076..33.114 rows=75 loops=1)
Merge Join  (cost=5543.75..5544.28 rows=28 width=136) (actual time=30.339..30.353 rows=17 loops=1)
Merge Join  (cost=5544.92..5545.45 rows=28 width=136) (actual time=29.785..29.793 rows=5 loops=1)
Merge Join  (cost=5544.12..5544.65 rows=28 width=136) (actual time=29.933..29.941 rows=3 loops=1)
Merge Join  (cost=5546.80..5547.81 rows=55 width=127) (actual time=33.073..33.151 rows=158 loops=1)
Merge Join  (cost=5543.21..5543.73 rows=27 width=136) (actual time=30.001..30.008 rows=3 loops=1)
Merge Join  (cost=5543.93..5544.47 rows=28 width=136) (actual time=30.416..30.428 rows=13 loops=1)
Merge Join  (cost=5546.07..5547.06 rows=54 width=127) (actual time=32.623..32.629 rows=3 loops=1)
Merge Join  (cost=5535.60..5540.75 rows=28 width=21) (actual time=29.448..29.587 rows=23 loops=1)
Merge Join  (cost=5545.04..5546.02 rows=53 width=127) (actual time=33.058..33.065 rows=3 loops=1)
Merge Join  (cost=5535.09..5540.20 rows=28 width=21) (actual time=29.682..29.823 rows=1 loops=1)
Merge Join  (cost=5545.77..5546.76 rows=54 width=127) (actual time=32.792..32.802 rows=8 loops=1)
Merge Join  (cost=5546.07..5547.06 rows=54 width=127) (actual time=32.785..32.805 rows=29 loops=1)
Merge Join  (cost=5535.54..5540.69 rows=28 width=21) (actual time=29.637..29.796 rows=22 loops=1)
Merge Join  (cost=5546.43..5547.44 rows=55 width=127) (actual time=32.871..32.874 rows=1 loops=1)
Merge Join  (cost=5543.93..5544.47 rows=28 width=136) (actual time=29.857..29.873 rows=23 loops=1)
Merge Join  (cost=5536.00..5541.18 rows=28 width=21) (actual time=29.478..29.637 rows=23 loops=1)
Merge Join  (cost=5544.92..5545.89 rows=53 width=127) (actual time=33.117..33.138 rows=31 loops=1)
Merge Join  (cost=5536.00..5541.18 rows=28 width=21) (actual time=29.938..30.029 rows=28 loops=1)
Merge Join  (cost=5536.00..5541.18 rows=28 width=21) (actual time=29.537..29.755 rows=21 loops=1)
Merge Join  (cost=5546.07..5547.06 rows=54 width=127) (actual time=32.238..32.245 rows=3 loops=1)
Merge Join  (cost=5545.58..5546.57 rows=54 width=127) (actual time=33.081..33.107 rows=42 loops=1)
Merge Join  (cost=5535.43..5540.57 rows=28 width=21) (actual time=29.716..29.843 rows=11 loops=1)
Merge Join  (cost=5536.00..5541.18 rows=28 width=21) (actual time=29.504..29.661 rows=27 loops=1)
Merge Join  (cost=5535.54..5540.69 rows=28 width=21) (actual time=29.594..29.722 rows=19 loops=1)
Merge Join  (cost=5543.21..5543.73 rows=27 width=136) (actual time=30.174..30.193 rows=29 loops=1)
Merge Join  (cost=5547.77..5548.80 rows=56 width=127) (actual time=33.037..33.040 rows=1 loops=1)
Merge Join  (cost=5537.02..5542.31 rows=29 width=403) (actual time=29.636..29.685 rows=1 loops=1)
Merge Join  (cost=5537.02..5542.31 rows=29 width=21) (actual time=29.626..29.769 rows=24 loops=1)
Merge Join  (cost=5542.60..5543.12 rows=27 width=136) (actual time=31.868..31.879 rows=11 loops=1)
Merge Join  (cost=5535.43..5540.57 rows=28 width=21) (actual time=29.846..30.019 rows=28 loops=1)
Merge Join  (cost=5535.54..5540.69 rows=28 width=21) (actual time=29.869..30.010 rows=7 loops=1)
Merge Join  (cost=5545.58..5546.57 rows=54 width=127) (actual time=32.620..32.640 rows=31 loops=1)
Merge Join  (cost=5534.53..5539.57 rows=27 width=21) (actual time=29.602..29.726 rows=13 loops=1)
Merge Join  (cost=5543.93..5544.47 rows=28 width=136) (actual time=30.194..30.213 rows=31 loops=1)
Merge Join  (cost=5534.64..5539.69 rows=27 width=21) (actual time=29.962..30.080 rows=34 loops=1)
Merge Join  (cost=5544.92..5545.45 rows=28 width=136) (actual time=29.983..29.986 rows=1 loops=1)
Merge Join  (cost=5536.00..5541.18 rows=28 width=21) (actual time=29.625..29.799 rows=15 loops=1)
Merge Join  (cost=5546.07..5547.06 rows=54 width=127) (actual time=33.113..33.129 rows=23 loops=1)
Merge Join  (cost=5535.54..5540.69 rows=28 width=403) (actual time=29.689..29.889 rows=9 loops=1)
Merge Join  (cost=5544.12..5544.65 rows=28 width=136) (actual time=30.013..30.022 rows=7 loops=1)
Merge Join  (cost=5535.54..5540.69 rows=28 width=21) (actual time=29.626..29.695 rows=21 loops=1)
Merge Join  (cost=5536.00..5541.18 rows=28 width=21) (actual time=30.076..30.246 rows=35 loops=1)
Merge Join  (cost=5546.43..5547.44 rows=55 width=127) (actual time=33.208..33.236 rows=45 loops=1)
Merge Join  (cost=5535.60..5540.75 rows=28 width=21) (actual time=29.800..29.895 rows=28 loops=1)
Merge Join  (cost=5536.17..5541.37 rows=28 width=21) (actual time=29.555..29.732 rows=13 loops=1)
Merge Join  (cost=5534.64..5539.69 rows=27 width=21) (actual time=29.781..29.968 rows=3 loops=1)
Merge Join  (cost=5535.26..5540.38 rows=28 width=21) (actual time=29.655..29.792 rows=15 loops=1)
Merge Join  (cost=5545.04..5546.02 rows=53 width=127) (actual time=33.057..33.094 rows=67 loops=1)
Merge Join  (cost=5543.21..5543.73 rows=27 width=136) (actual time=29.674..29.684 rows=9 loops=1)
Merge Join  (cost=5535.20..5540.32 rows=28 width=21) (actual time=29.847..29.895 rows=19 loops=1)
Merge Join  (cost=5546.61..5547.62 rows=55 width=127) (actual time=33.042..33.057 rows=19 loops=1)
Merge Join  (cost=5546.80..5547.81 rows=55 width=127) (actual time=32.365..32.387 rows=37 loops=1)
Merge Join  (cost=5536.40..5541.62 rows=28 width=21) (actual time=29.549..29.705 rows=20 loops=1)
Merge Join  (cost=5544.73..5545.27 rows=28 width=136) (actual time=30.037..30.049 rows=13 loops=1)
Merge Join  (cost=5535.60..5540.75 rows=28 width=21) (actual time=29.982..30.104 rows=18 loops=1)
Merge Join  (cost=5545.17..5545.70 rows=28 width=136) (actual time=30.112..30.128 rows=23 loops=1)
Merge Join  (cost=5545.04..5546.02 rows=53 width=127) (actual time=32.955..32.976 rows=33 loops=1)
Merge Join  (cost=5545.40..5546.39 rows=54 width=127) (actual time=32.976..32.984 rows=3 loops=1)
Merge Join  (cost=5547.77..5548.80 rows=56 width=127) (actual time=33.474..33.485 rows=11 loops=1)
Merge Join  (cost=5534.07..5539.08 rows=27 width=21) (actual time=29.871..29.954 rows=35 loops=1)
Merge Join  (cost=5537.02..5542.31 rows=29 width=403) (actual time=29.837..30.089 rows=11 loops=1)
Merge Join  (cost=5536.17..5541.37 rows=28 width=21) (actual time=30.298..30.429 rows=32 loops=1)
Merge Join  (cost=5535.54..5540.69 rows=28 width=21) (actual time=30.293..30.456 rows=26 loops=1)
Merge Join  (cost=5535.83..5541.00 rows=28 width=21) (actual time=33.169..33.389 rows=12 loops=1)
Merge Join  (cost=5535.43..5540.57 rows=28 width=21) (actual time=30.271..30.346 rows=20 loops=1)
Merge Join  (cost=5535.26..5540.38 rows=28 width=21) (actual time=30.156..30.314 rows=7 loops=1)
Merge Join  (cost=5545.95..5546.94 rows=54 width=127) (actual time=32.901..32.927 rows=45 loops=1)
Merge Join  (cost=5536.40..5541.62 rows=28 width=21) (actual time=30.188..30.317 rows=15 loops=1)
Merge Join  (cost=5537.02..5542.31 rows=29 width=21) (actual time=30.059..30.207 rows=6 loops=1)
Merge Join  (cost=5546.07..5547.06 rows=54 width=127) (actual time=33.430..33.451 rows=33 loops=1)
Merge Join  (cost=5537.02..5542.31 rows=29 width=21) (actual time=33.564..33.787 rows=29 loops=1)
Merge Join  (cost=5544.30..5544.84 rows=28 width=136) (actual time=30.201..30.209 rows=3 loops=1)
Merge Join  (cost=5535.54..5540.69 rows=28 width=21) (actual time=29.911..30.121 rows=3 loops=1)
Merge Join  (cost=5535.26..5540.38 rows=28 width=21) (actual time=29.863..29.990 rows=9 loops=1)
Merge Join  (cost=5545.77..5546.76 rows=54 width=127) (actual time=33.003..33.011 rows=5 loops=1)
Merge Join  (cost=5543.09..5543.61 rows=27 width=136) (actual time=29.760..29.770 rows=9 loops=1)
Merge Join  (cost=5546.14..5547.13 rows=54 width=127) (actual time=32.786..32.811 rows=45 loops=1)
Merge Join  (cost=5535.60..5540.75 rows=28 width=21) (actual time=31.570..31.657 rows=24 loops=1)
Merge Join  (cost=5536.17..5541.37 rows=28 width=21) (actual time=29.772..29.924 rows=26 loops=1)
Merge Join  (cost=5536.00..5541.18 rows=28 width=21) (actual time=29.729..29.889 rows=26 loops=1)
Merge Join  (cost=5535.43..5540.57 rows=28 width=21) (actual time=29.535..29.659 rows=33 loops=1)
Merge Join  (cost=5535.60..5540.75 rows=28 width=21) (actual time=29.928..30.070 rows=26 loops=1)
Merge Join  (cost=5535.26..5540.38 rows=28 width=21) (actual time=29.873..29.945 rows=24 loops=1)
Merge Join  (cost=5546.80..5547.81 rows=55 width=127) (actual time=32.613..32.616 rows=1 loops=1)
Merge Join  (cost=5535.26..5540.38 rows=28 width=21) (actual time=29.495..29.608 rows=8 loops=1)
Merge Join  (cost=5534.07..5539.08 rows=27 width=21) (actual time=29.929..30.051 rows=7 loops=1)
Merge Join  (cost=5534.64..5539.69 rows=27 width=21) (actual time=30.004..30.138 rows=27 loops=1)
Merge Join  (cost=5534.53..5539.57 rows=27 width=21) (actual time=29.657..29.801 rows=15 loops=1)
Merge Join  (cost=5546.43..5547.44 rows=55 width=127) (actual time=33.134..33.171 rows=70 loops=1)
Merge Join  (cost=5535.09..5540.20 rows=28 width=21) (actual time=30.708..30.872 rows=24 loops=1)
Merge Join  (cost=5536.40..5541.62 rows=28 width=21) (actual time=30.672..30.859 rows=27 loops=1)
Merge Join  (cost=5544.92..5545.45 rows=28 width=136) (actual time=29.949..29.966 rows=25 loops=1)
Merge Join  (cost=5536.40..5541.62 rows=28 width=21) (actual time=29.649..29.807 rows=29 loops=1)
Merge Join  (cost=5536.17..5541.37 rows=28 width=21) (actual time=29.864..30.005 rows=28 loops=1)
Merge Join  (cost=5544.24..5544.78 rows=28 width=136) (actual time=30.108..30.123 rows=19 loops=1)
Merge Join  (cost=5534.64..5539.69 rows=27 width=21) (actual time=29.565..29.696 rows=9 loops=1)
Merge Join  (cost=5535.26..5540.38 rows=28 width=21) (actual time=29.455..29.607 rows=23 loops=1)
Merge Join  (cost=5535.20..5540.32 rows=28 width=21) (actual time=29.777..29.850 rows=26 loops=1)
Merge Join  (cost=5545.17..5545.70 rows=28 width=136) (actual time=29.961..29.970 rows=7 loops=1)
Merge Join  (cost=5536.40..5541.62 rows=28 width=403) (actual time=29.630..29.745 rows=7 loops=1)
Merge Join  (cost=5546.07..5547.06 rows=54 width=127) (actual time=32.808..32.823 rows=21 loops=1)
Merge Join  (cost=5544.92..5545.45 rows=28 width=136) (actual time=29.970..30.004 rows=17 loops=1)
Merge Join  (cost=5544.92..5545.45 rows=28 width=136) (actual time=29.999..30.018 rows=29 loops=1)
Merge Join  (cost=5535.43..5540.57 rows=28 width=21) (actual time=29.688..29.817 rows=22 loops=1)
Merge Join  (cost=5546.61..5547.62 rows=55 width=127) (actual time=32.790..32.800 rows=10 loops=1)
Merge Join  (cost=5545.04..5546.02 rows=53 width=127) (actual time=33.013..33.031 rows=27 loops=1)
Merge Join  (cost=5537.02..5542.31 rows=29 width=21) (actual time=29.820..29.935 rows=33 loops=1)
Merge Join  (cost=5543.56..5544.10 rows=28 width=136) (actual time=30.645..30.660 rows=19 loops=1)
Merge Join  (cost=5543.21..5543.73 rows=27 width=136) (actual time=29.777..29.793 rows=25 loops=1)
Merge Join  (cost=5543.87..5544.41 rows=28 width=136) (actual time=30.056..30.071 rows=21 loops=1)
Merge Join  (cost=5534.64..5539.69 rows=27 width=21) (actual time=29.970..29.985 rows=26 loops=1)
Merge Join  (cost=5545.95..5546.94 rows=54 width=127) (actual time=33.055..33.074 rows=29 loops=1)
Merge Join  (cost=5545.58..5546.57 rows=54 width=127) (actual time=32.774..32.793 rows=29 loops=1)
Merge Join  (cost=5537.02..5542.31 rows=29 width=21) (actual time=29.741..29.881 rows=28 loops=1)
Merge Join  (cost=5543.56..5544.10 rows=28 width=136) (actual time=30.144..30.161 rows=25 loops=1)
Merge Join  (cost=5547.05..5548.05 rows=55 width=127) (actual time=32.800..32.807 rows=3 loops=1)
Merge Join  (cost=5534.53..5539.57 rows=27 width=21) (actual time=29.533..29.681 rows=27 loops=1)
Merge Join  (cost=5544.43..5545.40 rows=53 width=127) (actual time=33.035..33.057 rows=36 loops=1)
Merge Join  (cost=5544.92..5545.89 rows=53 width=127) (actual time=33.440..33.477 rows=69 loops=1)
Merge Join  (cost=5535.83..5541.00 rows=28 width=21) (actual time=29.542..29.724 rows=1 loops=1)
Merge Join  (cost=5546.07..5547.06 rows=54 width=127) (actual time=32.469..32.481 rows=13 loops=1)
Merge Join  (cost=5544.12..5544.65 rows=28 width=136) (actual time=30.113..30.131 rows=25 loops=1)
Merge Join  (cost=5535.43..5540.57 rows=28 width=21) (actual time=29.895..30.085 rows=7 loops=1)
Merge Join  (cost=5534.64..5539.69 rows=27 width=21) (actual time=29.618..29.779 rows=28 loops=1)
Merge Join  (cost=5535.43..5540.57 rows=28 width=21) (actual time=29.729..29.878 rows=22 loops=1)
Merge Join  (cost=5535.54..5540.69 rows=28 width=21) (actual time=30.537..30.702 rows=30 loops=1)
Merge Join  (cost=5534.64..5539.69 rows=27 width=21) (actual time=29.933..30.088 rows=30 loops=1)
Merge Join  (cost=5536.17..5541.37 rows=28 width=21) (actual time=29.775..29.824 rows=7 loops=1)
Merge Join  (cost=5558.74..5562.57 rows=216 width=127) (actual time=33.381..33.483 rows=209 loops=1)
Merge Join  (cost=5536.40..5541.62 rows=28 width=21) (actual time=29.761..29.925 rows=19 loops=1)
Merge Join  (cost=5535.83..5541.00 rows=28 width=21) (actual time=29.729..29.818 rows=26 loops=1)
Merge Join  (cost=5535.43..5540.57 rows=28 width=21) (actual time=29.813..29.953 rows=27 loops=1)
Merge Join  (cost=5545.77..5546.76 rows=54 width=127) (actual time=32.913..32.950 rows=67 loops=1)
Merge Join  (cost=5535.54..5540.69 rows=28 width=21) (actual time=29.852..29.867 rows=26 loops=1)
Merge Join  (cost=5534.64..5539.69 rows=27 width=21) (actual time=29.762..29.943 rows=7 loops=1)
Merge Join  (cost=5536.40..5541.62 rows=28 width=21) (actual time=29.916..30.052 rows=30 loops=1)
Merge Join  (cost=5536.17..5541.37 rows=28 width=21) (actual time=29.491..29.697 rows=7 loops=1)
Merge Join  (cost=5545.40..5546.39 rows=54 width=127) (actual time=32.803..32.813 rows=11 loops=1)
Merge Join  (cost=5544.92..5545.89 rows=53 width=127) (actual time=33.437..33.478 rows=78 loops=1)
Merge Join  (cost=5534.53..5539.57 rows=27 width=403) (actual time=29.680..29.877 rows=21 loops=1)
Merge Join  (cost=5547.05..5548.05 rows=55 width=127) (actual time=34.731..34.744 rows=17 loops=1)
Merge Join  (cost=5556.92..5560.38 rows=195 width=127) (actual time=33.560..33.666 rows=214 loops=1)
Merge Join  (cost=5544.43..5545.40 rows=53 width=127) (actual time=33.189..33.241 rows=100 loops=1)
Merge Join  (cost=5547.77..5548.80 rows=56 width=127) (actual time=33.058..33.075 rows=26 loops=1)
Merge Join  (cost=5546.80..5547.81 rows=55 width=127) (actual time=33.478..33.481 rows=1 loops=1)
Merge Join  (cost=5536.17..5541.37 rows=28 width=21) (actual time=30.110..30.216 rows=18 loops=1)
Merge Join  (cost=5544.12..5544.65 rows=28 width=136) (actual time=29.880..29.897 rows=25 loops=1)
Merge Join  (cost=5544.92..5545.45 rows=28 width=136) (actual time=29.845..29.867 rows=33 loops=1)
Merge Join  (cost=5546.07..5547.06 rows=54 width=127) (actual time=32.950..32.980 rows=54 loops=1)
Merge Join  (cost=5546.07..5547.06 rows=54 width=127) (actual time=32.980..32.987 rows=4 loops=1)
Merge Join  (cost=5535.54..5540.69 rows=28 width=403) (actual time=29.653..29.825 rows=29 loops=1)
Merge Join  (cost=5546.14..5547.13 rows=54 width=127) (actual time=32.795..32.802 rows=3 loops=1)
Merge Join  (cost=5535.20..5540.32 rows=28 width=21) (actual time=29.558..29.670 rows=24 loops=1)
Merge Join  (cost=5544.24..5544.78 rows=28 width=136) (actual time=29.956..29.972 rows=25 loops=1)
Merge Join  (cost=5543.09..5543.61 rows=27 width=136) (actual time=29.982..29.991 rows=7 loops=1)
Merge Join  (cost=5535.54..5540.69 rows=28 width=21) (actual time=29.608..29.727 rows=24 loops=1)
Merge Join  (cost=5536.17..5541.37 rows=28 width=21) (actual time=29.498..29.657 rows=28 loops=1)
Merge Join  (cost=5535.43..5540.57 rows=28 width=21) (actual time=29.864..29.978 rows=32 loops=1)
Merge Join  (cost=5535.54..5540.69 rows=28 width=21) (actual time=29.836..29.981 rows=30 loops=1)
Merge Join  (cost=5545.17..5545.70 rows=28 width=136) (actual time=29.826..29.833 rows=5 loops=1)
Merge Join  (cost=5534.92..5540.01 rows=28 width=21) (actual time=29.678..29.823 rows=25 loops=1)
Merge Join  (cost=5537.02..5542.31 rows=29 width=21) (actual time=30.149..30.303 rows=22 loops=1)
Merge Join  (cost=5544.43..5545.40 rows=53 width=127) (actual time=33.357..33.374 rows=18 loops=1)
Merge Join  (cost=5534.64..5539.69 rows=27 width=21) (actual time=29.849..30.006 rows=3 loops=1)
Merge Join  (cost=5535.09..5540.20 rows=28 width=21) (actual time=29.570..29.727 rows=7 loops=1)
Merge Join  (cost=5561.01..5565.17 rows=235 width=127) (actual time=33.181..33.279 rows=205 loops=1)
Merge Join  (cost=5534.07..5539.08 rows=27 width=21) (actual time=29.866..29.991 rows=26 loops=1)
Merge Join  (cost=5535.83..5541.00 rows=28 width=21) (actual time=29.817..29.974 rows=11 loops=1)
Merge Join  (cost=5546.07..5547.06 rows=54 width=127) (actual time=32.875..32.887 rows=15 loops=1)
Merge Join  (cost=5535.54..5540.69 rows=28 width=21) (actual time=29.655..29.831 rows=9 loops=1)
Merge Join  (cost=5536.17..5541.37 rows=28 width=21) (actual time=29.814..29.936 rows=17 loops=1)
Merge Join  (cost=5535.54..5540.69 rows=28 width=21) (actual time=29.639..29.758 rows=35 loops=1)
Merge Join  (cost=5545.77..5546.76 rows=54 width=127) (actual time=32.445..32.448 rows=1 loops=1)
Merge Join  (cost=5534.53..5539.57 rows=27 width=21) (actual time=29.947..30.048 rows=16 loops=1)
Merge Join  (cost=5546.43..5547.44 rows=55 width=127) (actual time=33.189..33.208 rows=27 loops=1)
Merge Join  (cost=5535.43..5540.57 rows=28 width=21) (actual time=29.553..29.771 rows=5 loops=1)
Merge Join  (cost=5545.89..5546.44 rows=29 width=136) (actual time=29.760..29.774 rows=19 loops=1)
Merge Join  (cost=5537.02..5542.31 rows=29 width=403) (actual time=29.900..30.083 rows=19 loops=1)
Merge Join  (cost=5535.09..5540.20 rows=28 width=21) (actual time=29.700..29.891 rows=25 loops=1)
Merge Join  (cost=5542.60..5543.12 rows=27 width=136) (actual time=29.744..29.761 rows=23 loops=1)
Merge Join  (cost=5534.07..5539.08 rows=27 width=403) (actual time=29.346..29.422 rows=23 loops=1)
Merge Join  (cost=5535.54..5540.69 rows=28 width=21) (actual time=29.910..30.007 rows=7 loops=1)
Merge Join  (cost=5535.26..5540.38 rows=28 width=21) (actual time=29.738..29.981 rows=13 loops=1)
Merge Join  (cost=5534.92..5540.01 rows=28 width=21) (actual time=29.870..30.017 rows=21 loops=1)
Merge Join  (cost=5535.09..5540.20 rows=28 width=21) (actual time=29.625..29.761 rows=18 loops=1)
Merge Join  (cost=5536.00..5541.18 rows=28 width=21) (actual time=29.869..30.028 rows=24 loops=1)
Merge Join  (cost=5544.92..5545.45 rows=28 width=136) (actual time=30.216..30.227 rows=13 loops=1)
Merge Join  (cost=5544.30..5544.84 rows=28 width=136) (actual time=29.915..29.918 rows=1 loops=1)
Merge Join  (cost=5544.24..5544.78 rows=28 width=136) (actual time=29.845..29.858 rows=15 loops=1)
Merge Join  (cost=5536.40..5541.62 rows=28 width=21) (actual time=29.905..30.075 rows=19 loops=1)
Merge Join  (cost=5535.83..5541.00 rows=28 width=21) (actual time=29.977..30.141 rows=25 loops=1)
Merge Join  (cost=5546.14..5547.13 rows=54 width=127) (actual time=32.605..32.608 rows=1 loops=1)
Merge Join  (cost=5545.95..5546.94 rows=54 width=127) (actual time=32.773..32.808 rows=67 loops=1)
Merge Join  (cost=5544.92..5545.89 rows=53 width=127) (actual time=33.370..33.462 rows=184 loops=1)
Merge Join  (cost=5537.02..5542.31 rows=29 width=21) (actual time=29.836..29.991 rows=28 loops=1)
Merge Join  (cost=5547.05..5548.05 rows=55 width=127) (actual time=32.471..32.473 rows=1 loops=1)
Merge Join  (cost=5534.53..5539.57 rows=27 width=21) (actual time=30.259..30.403 rows=20 loops=1)
Merge Join  (cost=5544.92..5545.45 rows=28 width=136) (actual time=29.925..29.941 rows=23 loops=1)
Merge Join  (cost=5535.83..5541.00 rows=28 width=21) (actual time=29.854..29.919 rows=24 loops=1)
Merge Join  (cost=5535.09..5540.20 rows=28 width=21) (actual time=30.138..30.270 rows=9 loops=1)
Merge Join  (cost=5536.17..5541.37 rows=28 width=21) (actual time=29.631..29.780 rows=26 loops=1)
Merge Join  (cost=5536.00..5541.18 rows=28 width=21) (actual time=29.936..30.162 rows=23 loops=1)
Merge Join  (cost=5536.40..5541.62 rows=28 width=21) (actual time=30.042..30.197 rows=7 loops=1)
Merge Join  (cost=5536.17..5541.37 rows=28 width=21) (actual time=29.612..29.768 rows=30 loops=1)
Merge Join  (cost=5546.07..5547.06 rows=54 width=127) (actual time=32.537..32.565 rows=51 loops=1)
Merge Join  (cost=5536.00..5541.18 rows=28 width=21) (actual time=30.066..30.228 rows=24 loops=1)
Merge Join  (cost=5535.54..5540.69 rows=28 width=21) (actual time=30.035..30.111 rows=30 loops=1)
Merge Join  (cost=5535.83..5541.00 rows=28 width=21) (actual time=29.967..30.085 rows=18 loops=1)
Merge Join  (cost=5536.40..5541.62 rows=28 width=21) (actual time=29.671..29.914 rows=7 loops=1)
Merge Join  (cost=5547.77..5548.80 rows=56 width=127) (actual time=33.287..33.308 rows=35 loops=1)
Merge Join  (cost=5545.40..5546.39 rows=54 width=127) (actual time=32.667..32.678 rows=11 loops=1)
Merge Join  (cost=5544.24..5544.78 rows=28 width=136) (actual time=29.992..29.998 rows=3 loops=1)
Merge Join  (cost=5535.54..5540.69 rows=28 width=403) (actual time=29.248..29.419 rows=3 loops=1)
Merge Join  (cost=5534.07..5539.08 rows=27 width=21) (actual time=29.581..29.800 rows=1 loops=1)
Merge Join  (cost=5535.26..5540.38 rows=28 width=21) (actual time=29.727..29.866 rows=24 loops=1)
Merge Join  (cost=5534.92..5540.01 rows=28 width=21) (actual time=29.819..29.968 rows=14 loops=1)
Merge Join  (cost=5536.00..5541.18 rows=28 width=21) (actual time=29.682..29.748 rows=25 loops=1)
Merge Join  (cost=5547.05..5548.05 rows=55 width=127) (actual time=33.129..33.148 rows=29 loops=1)
Merge Join  (cost=5546.14..5547.13 rows=54 width=127) (actual time=32.919..32.927 rows=5 loops=1)
Merge Join  (cost=5546.14..5547.13 rows=54 width=127) (actual time=33.029..33.043 rows=18 loops=1)
Merge Join  (cost=5547.77..5548.80 rows=56 width=127) (actual time=32.863..32.897 rows=63 loops=1)
Merge Join  (cost=5534.64..5539.69 rows=27 width=21) (actual time=29.477..29.662 rows=1 loops=1)
Merge Join  (cost=5547.77..5548.80 rows=56 width=127) (actual time=32.681..32.683 rows=1 loops=1)
Merge Join  (cost=5535.20..5540.32 rows=28 width=21) (actual time=29.840..29.957 rows=19 loops=1)
Merge Join  (cost=5535.09..5540.20 rows=28 width=21) (actual time=29.593..29.729 rows=28 loops=1)
Merge Join  (cost=5534.53..5539.57 rows=27 width=21) (actual time=29.822..29.921 rows=5 loops=1)
Merge Join  (cost=5535.26..5540.38 rows=28 width=21) (actual time=29.811..29.968 rows=20 loops=1)
Merge Join  (cost=5546.14..5547.13 rows=54 width=127) (actual time=33.147..33.155 rows=4 loops=1)
Merge Join  (cost=5537.02..5542.31 rows=29 width=21) (actual time=29.667..29.831 rows=18 loops=1)
Merge Join  (cost=5534.53..5539.57 rows=27 width=21) (actual time=29.464..29.603 rows=24 loops=1)
Merge Join  (cost=5544.24..5544.78 rows=28 width=136) (actual time=30.024..30.044 rows=31 loops=1)
Merge Join  (cost=5534.64..5539.69 rows=27 width=21) (actual time=29.765..29.833 rows=16 loops=1)
Merge Join  (cost=5544.92..5545.89 rows=53 width=127) (actual time=33.733..33.759 rows=37 loops=1)
Merge Join  (cost=5535.54..5540.69 rows=28 width=21) (actual time=29.532..29.653 rows=3 loops=1)
Merge Join  (cost=5534.64..5539.69 rows=27 width=21) (actual time=29.716..29.868 rows=29 loops=1)
Merge Join  (cost=5535.83..5541.00 rows=28 width=21) (actual time=29.806..29.947 rows=30 loops=1)
Merge Join  (cost=5545.95..5546.94 rows=54 width=127) (actual time=33.005..33.032 rows=41 loops=1)
Merge Join  (cost=5535.43..5540.57 rows=28 width=21) (actual time=29.611..29.783 rows=9 loops=1)
Merge Join  (cost=5535.09..5540.20 rows=28 width=21) (actual time=30.014..30.155 rows=1 loops=1)
Merge Join  (cost=5534.53..5539.57 rows=27 width=21) (actual time=29.969..30.106 rows=26 loops=1)
Merge Join  (cost=5544.73..5545.27 rows=28 width=136) (actual time=29.829..29.844 rows=23 loops=1)
Merge Join  (cost=5545.95..5546.94 rows=54 width=127) (actual time=32.549..32.551 rows=1 loops=1)
Merge Join  (cost=5536.00..5541.18 rows=28 width=403) (actual time=29.892..30.041 rows=23 loops=1)
Merge Join  (cost=5535.43..5540.57 rows=28 width=403) (actual time=29.652..29.755 rows=1 loops=1)
Merge Join  (cost=5534.07..5539.08 rows=27 width=21) (actual time=29.734..29.889 rows=28 loops=1)
Merge Join  (cost=5546.80..5547.81 rows=55 width=127) (actual time=32.718..32.722 rows=1 loops=1)
Merge Join  (cost=5536.17..5541.37 rows=28 width=403) (actual time=29.513..29.681 rows=1 loops=1)
Merge Join  (cost=5536.17..5541.37 rows=28 width=21) (actual time=29.573..29.784 rows=5 loops=1)
Merge Join  (cost=5535.60..5540.75 rows=28 width=21) (actual time=29.723..29.724 rows=1 loops=1)
Merge Join  (cost=5535.26..5540.38 rows=28 width=21) (actual time=29.387..29.541 rows=11 loops=1)
Merge Join  (cost=5545.04..5546.02 rows=53 width=127) (actual time=33.522..33.612 rows=183 loops=1)
Merge Join  (cost=5544.92..5545.45 rows=28 width=136) (actual time=30.219..30.236 rows=27 loops=1)
Merge Join  (cost=5535.83..5541.00 rows=28 width=21) (actual time=29.539..29.589 rows=34 loops=1)
Merge Join  (cost=5544.24..5544.78 rows=28 width=136) (actual time=29.924..29.941 rows=23 loops=1)
Merge Join  (cost=5536.40..5541.62 rows=28 width=21) (actual time=29.643..29.846 rows=1 loops=1)
Merge Join  (cost=5546.80..5547.81 rows=55 width=127) (actual time=33.642..33.723 rows=164 loops=1)
Merge Join  (cost=5536.17..5541.37 rows=28 width=21) (actual time=29.816..29.958 rows=13 loops=1)
Merge Join  (cost=5545.04..5546.02 rows=53 width=127) (actual time=33.147..33.160 rows=17 loops=1)
Merge Join  (cost=5545.70..5546.69 rows=54 width=127) (actual time=33.168..33.191 rows=37 loops=1)
Merge Join  (cost=5542.60..5543.12 rows=27 width=136) (actual time=30.105..30.120 rows=19 loops=1)
Merge Join  (cost=5544.43..5545.40 rows=53 width=127) (actual time=33.109..33.147 rows=68 loops=1)
Merge Join  (cost=5534.53..5539.57 rows=27 width=21) (actual time=29.768..29.891 rows=14 loops=1)
Merge Join  (cost=5535.54..5540.69 rows=28 width=21) (actual time=29.772..29.974 rows=5 loops=1)
Merge Join  (cost=5534.64..5539.69 rows=27 width=21) (actual time=29.878..30.011 rows=32 loops=1)
Merge Join  (cost=5537.02..5542.31 rows=29 width=21) (actual time=29.689..29.806 rows=26 loops=1)
Merge Join  (cost=5542.60..5543.12 rows=27 width=136) (actual time=29.761..29.777 rows=23 loops=1)
Merge Join  (cost=5535.60..5540.75 rows=28 width=21) (actual time=29.798..29.864 rows=24 loops=1)
Merge Join  (cost=5536.00..5541.18 rows=28 width=21) (actual time=29.807..30.043 rows=19 loops=1)
Merge Join  (cost=5542.60..5543.12 rows=27 width=136) (actual time=29.881..29.896 rows=21 loops=1)
Merge Join  (cost=5534.07..5539.08 rows=27 width=403) (actual time=29.436..29.648 rows=21 loops=1)
Merge Join  (cost=5544.73..5545.27 rows=28 width=136) (actual time=30.061..30.067 rows=3 loops=1)
Merge Join  (cost=5535.83..5541.00 rows=28 width=21) (actual time=30.082..30.230 rows=21 loops=1)
Merge Join  (cost=5545.70..5546.69 rows=54 width=127) (actual time=33.039..33.064 rows=43 loops=1)
Merge Join  (cost=5535.54..5540.69 rows=28 width=21) (actual time=29.576..29.734 rows=22 loops=1)
Merge Join  (cost=5536.17..5541.37 rows=28 width=21) (actual time=29.666..29.803 rows=14 loops=1)
Merge Join  (cost=5535.54..5540.69 rows=28 width=21) (actual time=29.829..29.902 rows=34 loops=1)
Merge Join  (cost=5536.00..5541.18 rows=28 width=21) (actual time=29.507..29.738 rows=1 loops=1)
Merge Join  (cost=5556.93..5560.49 rows=201 width=127) (actual time=33.410..33.510 rows=204 loops=1)
Merge Join  (cost=5547.05..5548.05 rows=55 width=127) (actual time=33.284..33.291 rows=4 loops=1)
Merge Join  (cost=5545.17..5545.70 rows=28 width=136) (actual time=30.209..30.228 rows=30 loops=1)
Merge Join  (cost=5535.43..5540.57 rows=28 width=21) (actual time=29.845..29.927 rows=28 loops=1)
Merge Join  (cost=5544.73..5545.27 rows=28 width=136) (actual time=29.883..29.896 rows=17 loops=1)
Merge Join  (cost=5535.54..5540.69 rows=28 width=21) (actual time=30.052..30.270 rows=25 loops=1)
Merge Join  (cost=5650.94..5676.62 rows=1400 width=127) (actual time=34.975..36.110 rows=1544 loops=1)
Merge Join  (cost=5546.14..5547.13 rows=54 width=127) (actual time=32.823..32.839 rows=23 loops=1)
Merge Join  (cost=5545.04..5546.02 rows=53 width=127) (actual time=32.646..32.656 rows=11 loops=1)
Merge Join  (cost=5534.53..5539.57 rows=27 width=21) (actual time=29.768..29.857 rows=16 loops=1)
Merge Join  (cost=5534.64..5539.69 rows=27 width=21) (actual time=29.717..29.735 rows=32 loops=1)
Merge Join  (cost=5535.43..5540.57 rows=28 width=21) (actual time=29.680..29.874 rows=7 loops=1)
Merge Join  (cost=5535.26..5540.38 rows=28 width=21) (actual time=30.477..30.621 rows=18 loops=1)
Merge Join  (cost=5535.54..5540.69 rows=28 width=21) (actual time=29.944..30.168 rows=21 loops=1)
Merge Join  (cost=5536.17..5541.37 rows=28 width=21) (actual time=29.776..29.910 rows=15 loops=1)
Merge Join  (cost=5545.04..5546.02 rows=53 width=127) (actual time=33.186..33.204 rows=27 loops=1)
Merge Join  (cost=5546.80..5547.81 rows=55 width=127) (actual time=32.869..32.871 rows=1 loops=1)
Merge Join  (cost=5536.17..5541.37 rows=28 width=21) (actual time=29.560..29.689 rows=31 loops=1)
Merge Join  (cost=5546.80..5547.81 rows=55 width=127) (actual time=32.870..32.873 rows=1 loops=1)
Merge Join  (cost=5545.04..5546.02 rows=53 width=127) (actual time=33.101..33.109 rows=3 loops=1)
Merge Join  (cost=5536.40..5541.62 rows=28 width=21) (actual time=29.778..29.873 rows=30 loops=1)
Merge Join  (cost=5545.95..5546.94 rows=54 width=127) (actual time=32.940..32.960 rows=31 loops=1)
Merge Join  (cost=5535.43..5540.57 rows=28 width=403) (actual time=29.654..29.782 rows=23 loops=1)
Merge Join  (cost=5546.80..5547.81 rows=55 width=127) (actual time=34.798..34.835 rows=69 loops=1)
Merge Join  (cost=5546.80..5547.81 rows=55 width=127) (actual time=32.934..32.959 rows=43 loops=1)
Merge Join  (cost=5535.26..5540.38 rows=28 width=21) (actual time=29.745..29.968 rows=1 loops=1)
Merge Join  (cost=5545.70..5546.69 rows=54 width=127) (actual time=33.174..33.204 rows=53 loops=1)
Merge Join  (cost=5545.89..5546.44 rows=29 width=136) (actual time=29.938..29.951 rows=15 loops=1)
Merge Join  (cost=5536.40..5541.62 rows=28 width=21) (actual time=29.572..29.788 rows=9 loops=1)
Merge Join  (cost=5544.73..5545.27 rows=28 width=136) (actual time=29.778..29.797 rows=29 loops=1)
Merge Join  (cost=5537.02..5542.31 rows=29 width=21) (actual time=30.038..30.185 rows=15 loops=1)
Merge Join  (cost=5544.92..5545.45 rows=28 width=136) (actual time=30.174..30.182 rows=3 loops=1)
Merge Join  (cost=5535.54..5540.69 rows=28 width=21) (actual time=29.730..29.862 rows=30 loops=1)
Merge Join  (cost=5535.60..5540.75 rows=28 width=21) (actual time=29.229..29.434 rows=11 loops=1)
Merge Join  (cost=5545.70..5546.69 rows=54 width=127) (actual time=33.091..33.106 rows=17 loops=1)
Merge Join  (cost=5544.30..5544.84 rows=28 width=136) (actual time=29.933..29.937 rows=1 loops=1)
Merge Join  (cost=5544.43..5545.40 rows=53 width=127) (actual time=32.873..32.892 rows=27 loops=1)
Merge Join  (cost=5544.24..5544.78 rows=28 width=136) (actual time=29.816..29.827 rows=13 loops=1)
Merge Join  (cost=5536.17..5541.37 rows=28 width=21) (actual time=29.716..29.857 rows=27 loops=1)
Merge Join  (cost=5543.09..5543.61 rows=27 width=136) (actual time=30.094..30.107 rows=17 loops=1)
Merge Join  (cost=5534.07..5539.08 rows=27 width=21) (actual time=29.613..29.766 rows=30 loops=1)
Merge Join  (cost=5534.07..5539.08 rows=27 width=21) (actual time=29.583..29.720 rows=24 loops=1)
Merge Join  (cost=5544.30..5544.84 rows=28 width=136) (actual time=29.994..30.001 rows=3 loops=1)
Merge Join  (cost=5535.43..5540.57 rows=28 width=21) (actual time=29.936..30.112 rows=7 loops=1)
Merge Join  (cost=5546.07..5547.06 rows=54 width=127) (actual time=33.156..33.165 rows=8 loops=1)
Merge Join  (cost=5535.09..5540.20 rows=28 width=21) (actual time=29.588..29.691 rows=12 loops=1)
Merge Join  (cost=5547.05..5548.05 rows=55 width=127) (actual time=32.786..32.829 rows=85 loops=1)
Merge Join  (cost=5547.05..5548.05 rows=55 width=127) (actual time=33.396..33.425 rows=50 loops=1)
Merge Join  (cost=5534.53..5539.57 rows=27 width=21) (actual time=29.813..29.945 rows=10 loops=1)
Merge Join  (cost=5543.56..5544.10 rows=28 width=136) (actual time=29.885..29.902 rows=25 loops=1)
Merge Join  (cost=5544.73..5545.27 rows=28 width=136) (actual time=29.861..29.878 rows=25 loops=1)
Merge Join  (cost=5544.55..5545.08 rows=28 width=136) (actual time=30.228..30.248 rows=27 loops=1)
Merge Join  (cost=5535.60..5540.75 rows=28 width=21) (actual time=29.988..30.144 rows=19 loops=1)
Merge Join  (cost=5536.00..5541.18 rows=28 width=21) (actual time=29.623..29.638 rows=24 loops=1)
Merge Join  (cost=5535.83..5541.00 rows=28 width=21) (actual time=29.588..29.638 rows=26 loops=1)
Merge Join  (cost=5543.93..5544.47 rows=28 width=136) (actual time=30.066..30.085 rows=29 loops=1)
Merge Join  (cost=5543.75..5544.28 rows=28 width=136) (actual time=30.100..30.118 rows=27 loops=1)
Merge Join  (cost=5534.64..5539.69 rows=27 width=21) (actual time=29.807..29.920 rows=31 loops=1)
Merge Join  (cost=5544.73..5545.27 rows=28 width=136) (actual time=29.847..29.861 rows=19 loops=1)
Merge Join  (cost=5535.26..5540.38 rows=28 width=21) (actual time=29.889..30.081 rows=1 loops=1)
Merge Join  (cost=5543.21..5543.73 rows=27 width=136) (actual time=30.056..30.064 rows=3 loops=1)
Merge Join  (cost=5534.64..5539.69 rows=27 width=403) (actual time=29.540..29.735 rows=3 loops=1)
Merge Join  (cost=5544.24..5544.78 rows=28 width=136) (actual time=29.713..29.727 rows=19 loops=1)
Merge Join  (cost=5536.00..5541.18 rows=28 width=21) (actual time=29.997..30.216 rows=17 loops=1)
Merge Join  (cost=5536.17..5541.37 rows=28 width=21) (actual time=29.948..29.988 rows=34 loops=1)
Merge Join  (cost=5536.00..5541.18 rows=28 width=21) (actual time=29.629..29.706 rows=14 loops=1)
Merge Join  (cost=5544.12..5544.65 rows=28 width=136) (actual time=29.934..29.951 rows=25 loops=1)
Merge Join  (cost=5535.54..5540.69 rows=28 width=21) (actual time=29.940..30.106 rows=29 loops=1)
Merge Join  (cost=5546.14..5547.13 rows=54 width=127) (actual time=33.267..33.316 rows=91 loops=1)
Merge Join  (cost=5545.77..5546.76 rows=54 width=127) (actual time=32.571..32.585 rows=17 loops=1)
Merge Join  (cost=5543.56..5544.10 rows=28 width=136) (actual time=29.700..29.713 rows=17 loops=1)
Merge Join  (cost=5543.93..5544.47 rows=28 width=136) (actual time=29.981..30.004 rows=35 loops=1)
Merge Join  (cost=5543.21..5543.73 rows=27 width=136) (actual time=30.064..30.073 rows=5 loops=1)
Merge Join  (cost=5536.17..5541.37 rows=28 width=21) (actual time=29.457..29.596 rows=30 loops=1)
Merge Join  (cost=5534.07..5539.08 rows=27 width=21) (actual time=29.422..29.499 rows=5 loops=1)
Merge Join  (cost=5547.05..5548.05 rows=55 width=127) (actual time=32.822..32.830 rows=7 loops=1)
Merge Join  (cost=5535.54..5540.69 rows=28 width=21) (actual time=29.747..29.899 rows=25 loops=1)
Merge Join  (cost=5535.83..5541.00 rows=28 width=21) (actual time=29.615..29.795 rows=1 loops=1)
Merge Join  (cost=5534.92..5540.01 rows=28 width=21) (actual time=29.500..29.660 rows=11 loops=1)
Merge Join  (cost=5543.21..5543.73 rows=27 width=136) (actual time=30.060..30.077 rows=23 loops=1)
Merge Join  (cost=5546.80..5547.81 rows=55 width=127) (actual time=33.281..33.314 rows=57 loops=1)
Merge Join  (cost=5536.00..5541.18 rows=28 width=21) (actual time=29.593..29.782 rows=17 loops=1)
Merge Join  (cost=5545.04..5546.02 rows=53 width=127) (actual time=32.393..32.413 rows=31 loops=1)
Merge Join  (cost=5546.80..5547.81 rows=55 width=127) (actual time=33.143..33.154 rows=13 loops=1)
Merge Join  (cost=5535.54..5540.69 rows=28 width=21) (actual time=30.214..30.374 rows=22 loops=1)
Merge Join  (cost=5535.26..5540.38 rows=28 width=21) (actual time=29.577..29.746 rows=19 loops=1)
Merge Join  (cost=5547.77..5548.80 rows=56 width=127) (actual time=32.809..32.843 rows=65 loops=1)
Merge Join  (cost=5534.64..5539.69 rows=27 width=21) (actual time=29.791..29.917 rows=13 loops=1)
Merge Join  (cost=5559.34..5563.09 rows=212 width=127) (actual time=33.518..33.613 rows=191 loops=1)
Merge Join  (cost=5545.58..5546.57 rows=54 width=127) (actual time=32.638..32.641 rows=1 loops=1)
Merge Join  (cost=5535.09..5540.20 rows=28 width=403) (actual time=29.313..29.457 rows=1 loops=1)
Merge Join  (cost=5544.92..5545.45 rows=28 width=136) (actual time=30.172..30.186 rows=19 loops=1)
Merge Join  (cost=5544.92..5545.45 rows=28 width=136) (actual time=29.909..29.923 rows=17 loops=1)
Merge Join  (cost=5545.58..5546.57 rows=54 width=127) (actual time=32.557..32.568 rows=11 loops=1)
Merge Join  (cost=5534.53..5539.57 rows=27 width=21) (actual time=29.594..29.755 rows=32 loops=1)
Merge Join  (cost=5535.83..5541.00 rows=28 width=21) (actual time=29.755..29.926 rows=34 loops=1)
Merge Join  (cost=5544.73..5545.27 rows=28 width=136) (actual time=30.124..30.138 rows=19 loops=1)
Merge Join  (cost=5545.89..5546.44 rows=29 width=136) (actual time=29.917..29.932 rows=23 loops=1)
Merge Join  (cost=5536.40..5541.62 rows=28 width=21) (actual time=29.620..29.700 rows=28 loops=1)
Merge Join  (cost=5546.07..5547.06 rows=54 width=127) (actual time=32.808..32.811 rows=1 loops=1)
Merge Join  (cost=5535.26..5540.38 rows=28 width=21) (actual time=29.621..29.837 rows=1 loops=1)
Merge Join  (cost=5543.09..5543.61 rows=27 width=136) (actual time=30.002..30.011 rows=9 loops=1)
Merge Join  (cost=5546.07..5547.06 rows=54 width=127) (actual time=33.065..33.077 rows=11 loops=1)
Merge Join  (cost=5535.54..5540.69 rows=28 width=403) (actual time=29.562..29.657 rows=1 loops=1)
Merge Join  (cost=5546.07..5547.06 rows=54 width=127) (actual time=33.010..33.013 rows=1 loops=1)
Merge Join  (cost=5535.20..5540.32 rows=28 width=21) (actual time=29.749..29.885 rows=20 loops=1)
Merge Join  (cost=5546.80..5547.81 rows=55 width=127) (actual time=32.755..32.791 rows=67 loops=1)
Merge Join  (cost=5536.00..5541.18 rows=28 width=21) (actual time=30.052..30.180 rows=12 loops=1)
Merge Join  (cost=5545.70..5546.69 rows=54 width=127) (actual time=33.478..33.493 rows=19 loops=1)
Merge Join  (cost=5543.56..5544.10 rows=28 width=136) (actual time=29.958..29.972 rows=19 loops=1)
Merge Join  (cost=5544.73..5545.27 rows=28 width=136) (actual time=30.341..30.356 rows=21 loops=1)
Merge Join  (cost=5536.00..5541.18 rows=28 width=403) (actual time=29.632..29.848 rows=21 loops=1)
Merge Join  (cost=5543.09..5543.61 rows=27 width=136) (actual time=29.936..29.955 rows=29 loops=1)
Merge Join  (cost=5546.07..5547.06 rows=54 width=127) (actual time=32.700..32.703 rows=1 loops=1)
Merge Join  (cost=5536.40..5541.62 rows=28 width=21) (actual time=29.355..29.505 rows=21 loops=1)
Merge Join  (cost=5543.75..5544.28 rows=28 width=136) (actual time=29.963..29.979 rows=26 loops=1)
Merge Join  (cost=5544.55..5545.08 rows=28 width=136) (actual time=30.167..30.175 rows=5 loops=1)
Merge Join  (cost=5535.26..5540.38 rows=28 width=21) (actual time=29.801..29.896 rows=19 loops=1)
Merge Join  (cost=5590.36..5599.66 rows=529 width=127) (actual time=34.347..34.591 rows=526 loops=1)
Merge Join  (cost=5534.64..5539.69 rows=27 width=21) (actual time=29.707..29.868 rows=9 loops=1)
Merge Join  (cost=5543.21..5543.73 rows=27 width=136) (actual time=30.053..30.068 rows=19 loops=1)
Merge Join  (cost=5547.05..5548.05 rows=55 width=127) (actual time=32.769..32.777 rows=3 loops=1)
Merge Join  (cost=5534.64..5539.69 rows=27 width=21) (actual time=29.411..29.551 rows=22 loops=1)
Merge Join  (cost=5536.17..5541.37 rows=28 width=21) (actual time=29.637..29.797 rows=1 loops=1)
Merge Join  (cost=5534.53..5539.57 rows=27 width=21) (actual time=29.810..29.954 rows=26 loops=1)
Merge Join  (cost=5535.54..5540.69 rows=28 width=21) (actual time=29.820..29.972 rows=18 loops=1)
Merge Join  (cost=5543.93..5544.47 rows=28 width=136) (actual time=29.862..29.880 rows=29 loops=1)
Merge Join  (cost=5657.88..5685.88 rows=1551 width=127) (actual time=34.555..35.742 rows=1606 loops=1)
Merge Join  (cost=5546.43..5547.44 rows=55 width=127) (actual time=32.397..32.405 rows=5 loops=1)
Merge Join  (cost=5535.83..5541.00 rows=28 width=403) (actual time=29.516..29.669 rows=1 loops=1)
Merge Join  (cost=5546.07..5547.06 rows=54 width=127) (actual time=32.763..32.773 rows=11 loops=1)
Merge Join  (cost=5535.54..5540.69 rows=28 width=403) (actual time=29.735..29.852 rows=1 loops=1)
Merge Join  (cost=5535.83..5541.00 rows=28 width=21) (actual time=29.728..29.788 rows=7 loops=1)
Merge Join  (cost=5546.14..5547.13 rows=54 width=127) (actual time=32.748..32.761 rows=15 loops=1)
Merge Join  (cost=5544.24..5544.78 rows=28 width=136) (actual time=29.723..29.740 rows=25 loops=1)
Merge Join  (cost=5535.54..5540.69 rows=28 width=403) (actual time=29.959..30.053 rows=25 loops=1)
Merge Join  (cost=5535.54..5540.69 rows=28 width=21) (actual time=30.005..30.176 rows=36 loops=1)
Merge Join  (cost=5536.17..5541.37 rows=28 width=21) (actual time=29.789..29.876 rows=26 loops=1)
Merge Join  (cost=5535.54..5540.69 rows=28 width=21) (actual time=29.985..30.125 rows=28 loops=1)
Merge Join  (cost=5537.02..5542.31 rows=29 width=21) (actual time=29.823..30.063 rows=1 loops=1)
Merge Join  (cost=5543.56..5544.10 rows=28 width=136) (actual time=29.931..29.940 rows=7 loops=1)
Merge Join  (cost=5534.92..5540.01 rows=28 width=21) (actual time=29.705..29.860 rows=23 loops=1)
Merge Join  (cost=5535.60..5540.75 rows=28 width=21) (actual time=29.450..29.602 rows=14 loops=1)
Merge Join  (cost=5543.75..5544.28 rows=28 width=136) (actual time=30.110..30.113 rows=1 loops=1)
Merge Join  (cost=5543.21..5543.73 rows=27 width=136) (actual time=29.926..29.936 rows=9 loops=1)
Merge Join  (cost=5535.83..5541.00 rows=28 width=21) (actual time=29.925..30.087 rows=18 loops=1)
Merge Join  (cost=5544.92..5545.45 rows=28 width=136) (actual time=29.812..29.828 rows=23 loops=1)
Merge Join  (cost=5545.04..5546.02 rows=53 width=127) (actual time=33.132..33.174 rows=80 loops=1)
Merge Join  (cost=5536.17..5541.37 rows=28 width=21) (actual time=29.606..29.812 rows=9 loops=1)
Merge Join  (cost=5536.00..5541.18 rows=28 width=21) (actual time=29.640..29.793 rows=23 loops=1)
Merge Join  (cost=5535.54..5540.69 rows=28 width=21) (actual time=29.566..29.665 rows=31 loops=1)
Merge Join  (cost=5534.64..5539.69 rows=27 width=21) (actual time=29.846..30.038 rows=1 loops=1)
Merge Join  (cost=5544.43..5545.40 rows=53 width=127) (actual time=33.014..33.017 rows=1 loops=1)
Merge Join  (cost=5545.04..5546.02 rows=53 width=127) (actual time=33.545..33.646 rows=198 loops=1)
Merge Join  (cost=5545.04..5546.02 rows=53 width=127) (actual time=33.388..33.481 rows=183 loops=1)
Merge Join  (cost=5537.02..5542.31 rows=29 width=21) (actual time=29.474..29.713 rows=1 loops=1)
Merge Join  (cost=5546.61..5547.62 rows=55 width=127) (actual time=33.001..33.013 rows=13 loops=1)
Merge Join  (cost=5545.40..5546.39 rows=54 width=127) (actual time=32.880..32.910 rows=53 loops=1)
Merge Join  (cost=5544.43..5545.40 rows=53 width=127) (actual time=32.467..32.469 rows=1 loops=1)
Merge Join  (cost=5535.20..5540.32 rows=28 width=21) (actual time=29.563..29.690 rows=15 loops=1)
Merge Join  (cost=5536.17..5541.37 rows=28 width=21) (actual time=29.595..29.803 rows=1 loops=1)
Merge Join  (cost=5535.43..5540.57 rows=28 width=21) (actual time=29.782..29.942 rows=7 loops=1)
Merge Join  (cost=5544.92..5545.45 rows=28 width=136) (actual time=29.758..29.760 rows=1 loops=1)
Merge Join  (cost=5543.93..5544.47 rows=28 width=136) (actual time=29.724..29.743 rows=29 loops=1)
Merge Join  (cost=5546.14..5547.13 rows=54 width=127) (actual time=33.114..33.166 rows=98 loops=1)
Merge Join  (cost=5544.73..5545.27 rows=28 width=136) (actual time=29.866..29.886 rows=31 loops=1)
Merge Join  (cost=5535.43..5540.57 rows=28 width=21) (actual time=29.414..29.647 rows=31 loops=1)
Merge Join  (cost=5545.89..5546.44 rows=29 width=136) (actual time=29.804..29.818 rows=17 loops=1)
Merge Join  (cost=5535.26..5540.38 rows=28 width=21) (actual time=29.737..29.859 rows=30 loops=1)
Merge Join  (cost=5536.00..5541.18 rows=28 width=21) (actual time=29.835..29.988 rows=15 loops=1)
Merge Join  (cost=5535.43..5540.57 rows=28 width=21) (actual time=29.664..29.748 rows=28 loops=1)
Merge Join  (cost=5547.77..5548.80 rows=56 width=127) (actual time=32.781..32.791 rows=9 loops=1)
Merge Join  (cost=5545.40..5546.39 rows=54 width=127) (actual time=32.994..32.996 rows=1 loops=1)
Merge Join  (cost=5543.09..5543.61 rows=27 width=136) (actual time=30.255..30.273 rows=25 loops=1)
Merge Join  (cost=5534.64..5539.69 rows=27 width=21) (actual time=29.923..30.046 rows=7 loops=1)
Merge Join  (cost=5535.83..5541.00 rows=28 width=21) (actual time=29.628..29.773 rows=15 loops=1)
Merge Join  (cost=5543.56..5544.10 rows=28 width=136) (actual time=30.326..30.340 rows=19 loops=1)
Merge Join  (cost=5535.54..5540.69 rows=28 width=21) (actual time=29.674..29.917 rows=7 loops=1)
Merge Join  (cost=5537.02..5542.31 rows=29 width=21) (actual time=29.856..29.959 rows=6 loops=1)
Merge Join  (cost=5535.20..5540.32 rows=28 width=21) (actual time=29.511..29.666 rows=28 loops=1)
Merge Join  (cost=5546.43..5547.44 rows=55 width=127) (actual time=32.605..32.629 rows=39 loops=1)
Merge Join  (cost=5535.54..5540.69 rows=28 width=21) (actual time=29.900..30.056 rows=23 loops=1)
Merge Join  (cost=5543.09..5543.61 rows=27 width=136) (actual time=30.202..30.221 rows=29 loops=1)
Merge Join  (cost=5543.87..5544.41 rows=28 width=136) (actual time=29.759..29.761 rows=1 loops=1)
Merge Join  (cost=5544.12..5544.65 rows=28 width=136) (actual time=29.792..29.799 rows=5 loops=1)
Merge Join  (cost=5534.07..5539.08 rows=27 width=21) (actual time=30.195..30.274 rows=7 loops=1)
Merge Join  (cost=5534.64..5539.69 rows=27 width=21) (actual time=29.782..29.968 rows=1 loops=1)
Merge Join  (cost=5546.61..5547.62 rows=55 width=127) (actual time=32.914..32.937 rows=41 loops=1)
Merge Join  (cost=5535.54..5540.69 rows=28 width=21) (actual time=29.484..29.655 rows=34 loops=1)
Merge Join  (cost=5534.53..5539.57 rows=27 width=21) (actual time=29.827..29.975 rows=18 loops=1)
Merge Join  (cost=5535.60..5540.75 rows=28 width=21) (actual time=29.801..29.987 rows=21 loops=1)
Merge Join  (cost=5545.77..5546.76 rows=54 width=127) (actual time=32.685..32.725 rows=75 loops=1)
Merge Join  (cost=5535.26..5540.38 rows=28 width=403) (actual time=29.421..29.614 rows=15 loops=1)
Merge Join  (cost=5536.17..5541.37 rows=28 width=21) (actual time=29.895..30.108 rows=1 loops=1)
Merge Join  (cost=5534.64..5539.69 rows=27 width=21) (actual time=29.530..29.726 rows=1 loops=1)
Merge Join  (cost=5544.24..5544.78 rows=28 width=136) (actual time=29.730..29.733 rows=1 loops=1)
Merge Join  (cost=5535.54..5540.69 rows=28 width=403) (actual time=29.367..29.563 rows=1 loops=1)
Merge Join  (cost=5534.64..5539.69 rows=27 width=21) (actual time=29.850..30.012 rows=25 loops=1)
Merge Join  (cost=5535.43..5540.57 rows=28 width=21) (actual time=30.093..30.218 rows=36 loops=1)
Merge Join  (cost=5535.54..5540.69 rows=28 width=21) (actual time=29.497..29.742 rows=15 loops=1)
Merge Join  (cost=5537.02..5542.31 rows=29 width=21) (actual time=29.570..29.737 rows=15 loops=1)
Merge Join  (cost=5535.60..5540.75 rows=28 width=21) (actual time=29.742..29.876 rows=23 loops=1)
Merge Join  (cost=5545.89..5546.44 rows=29 width=136) (actual time=30.356..30.367 rows=13 loops=1)
Merge Join  (cost=5536.17..5541.37 rows=28 width=21) (actual time=29.555..29.684 rows=38 loops=1)
Merge Join  (cost=5535.43..5540.57 rows=28 width=21) (actual time=29.539..29.717 rows=15 loops=1)
Merge Join  (cost=5535.83..5541.00 rows=28 width=21) (actual time=29.975..30.047 rows=24 loops=1)
Merge Join  (cost=5545.40..5546.39 rows=54 width=127) (actual time=33.180..33.196 rows=21 loops=1)
Merge Join  (cost=5535.54..5540.69 rows=28 width=21) (actual time=29.689..29.851 rows=7 loops=1)
Merge Join  (cost=5536.00..5541.18 rows=28 width=21) (actual time=29.589..29.703 rows=26 loops=1)
Merge Join  (cost=5546.07..5547.06 rows=54 width=127) (actual time=32.839..32.859 rows=31 loops=1)
Merge Join  (cost=5545.95..5546.94 rows=54 width=127) (actual time=32.934..32.937 rows=1 loops=1)
Merge Join  (cost=5534.53..5539.57 rows=27 width=21) (actual time=29.725..29.857 rows=14 loops=1)
Merge Join  (cost=5545.58..5546.57 rows=54 width=127) (actual time=32.818..32.886 rows=143 loops=1)
Merge Join  (cost=5534.53..5539.57 rows=27 width=21) (actual time=29.828..29.987 rows=18 loops=1)
Merge Join  (cost=5535.54..5540.69 rows=28 width=21) (actual time=29.901..30.025 rows=30 loops=1)
Merge Join  (cost=5560.22..5563.87 rows=206 width=127) (actual time=33.398..33.488 rows=187 loops=1)
Merge Join  (cost=5536.17..5541.37 rows=28 width=21) (actual time=29.567..29.714 rows=27 loops=1)
Merge Join  (cost=5534.07..5539.08 rows=27 width=21) (actual time=29.851..29.967 rows=32 loops=1)
Merge Join  (cost=5543.93..5544.47 rows=28 width=136) (actual time=30.143..30.157 rows=19 loops=1)
Merge Join  (cost=5544.92..5545.45 rows=28 width=136) (actual time=30.139..30.159 rows=31 loops=1)
Merge Join  (cost=5536.17..5541.37 rows=28 width=403) (actual time=29.373..29.581 rows=31 loops=1)
Merge Join  (cost=5537.02..5542.31 rows=29 width=21) (actual time=30.032..30.116 rows=32 loops=1)
Merge Join  (cost=5534.07..5539.08 rows=27 width=21) (actual time=29.844..29.941 rows=23 loops=1)
Merge Join  (cost=5544.55..5545.08 rows=28 width=136) (actual time=29.973..29.981 rows=5 loops=1)
Merge Join  (cost=5544.24..5544.78 rows=28 width=136) (actual time=29.745..29.763 rows=27 loops=1)
Merge Join  (cost=5545.89..5546.44 rows=29 width=136) (actual time=30.291..30.312 rows=33 loops=1)
Merge Join  (cost=5534.92..5540.01 rows=28 width=21) (actual time=29.767..29.954 rows=7 loops=1)
Merge Join  (cost=5545.89..5546.44 rows=29 width=136) (actual time=29.622..29.630 rows=5 loops=1)
Merge Join  (cost=5544.73..5545.27 rows=28 width=136) (actual time=30.147..30.165 rows=27 loops=1)
Merge Join  (cost=5536.17..5541.37 rows=28 width=21) (actual time=29.976..30.045 rows=22 loops=1)
Merge Join  (cost=5535.54..5540.69 rows=28 width=21) (actual time=29.919..30.068 rows=7 loops=1)
Merge Join  (cost=5546.80..5547.81 rows=55 width=127) (actual time=32.634..32.641 rows=5 loops=1)
Merge Join  (cost=5536.17..5541.37 rows=28 width=403) (actual time=29.359..29.572 rows=1 loops=1)
Merge Join  (cost=5535.54..5540.69 rows=28 width=21) (actual time=30.147..30.351 rows=5 loops=1)
Merge Join  (cost=5535.83..5541.00 rows=28 width=21) (actual time=29.836..29.904 rows=34 loops=1)
Merge Join  (cost=5544.43..5545.40 rows=53 width=127) (actual time=32.578..32.581 rows=1 loops=1)
Merge Join  (cost=5545.40..5546.39 rows=54 width=127) (actual time=32.866..32.888 rows=35 loops=1)
Merge Join  (cost=5592.94..5602.64 rows=552 width=127) (actual time=34.233..34.475 rows=514 loops=1)
Merge Join  (cost=5534.64..5539.69 rows=27 width=21) (actual time=29.938..30.055 rows=18 loops=1)
Merge Join  (cost=5546.07..5547.06 rows=54 width=127) (actual time=32.991..33.000 rows=5 loops=1)
Merge Join  (cost=5535.83..5541.00 rows=28 width=21) (actual time=29.582..29.716 rows=20 loops=1)
Merge Join  (cost=5546.14..5547.13 rows=54 width=127) (actual time=33.077..33.093 rows=24 loops=1)
Merge Join  (cost=5535.54..5540.69 rows=28 width=21) (actual time=29.909..30.051 rows=7 loops=1)
Merge Join  (cost=5546.80..5547.81 rows=55 width=127) (actual time=33.184..33.219 rows=61 loops=1)
Merge Join  (cost=5536.17..5541.37 rows=28 width=403) (actual time=29.392..29.560 rows=15 loops=1)
Merge Join  (cost=5536.17..5541.37 rows=28 width=21) (actual time=29.604..29.750 rows=15 loops=1)
Merge Join  (cost=5534.53..5539.57 rows=27 width=21) (actual time=29.919..30.081 rows=36 loops=1)
Merge Join  (cost=5535.54..5540.69 rows=28 width=21) (actual time=29.807..29.948 rows=18 loops=1)
Merge Join  (cost=5547.77..5548.80 rows=56 width=127) (actual time=32.416..32.418 rows=1 loops=1)
Merge Join  (cost=5534.64..5539.69 rows=27 width=21) (actual time=29.842..29.980 rows=24 loops=1)
Merge Join  (cost=5546.07..5547.06 rows=54 width=127) (actual time=33.245..33.262 rows=23 loops=1)
Merge Join  (cost=5536.40..5541.62 rows=28 width=21) (actual time=29.759..29.885 rows=15 loops=1)
Merge Join  (cost=5535.83..5541.00 rows=28 width=21) (actual time=29.602..29.764 rows=26 loops=1)
Merge Join  (cost=5534.64..5539.69 rows=27 width=21) (actual time=29.586..29.741 rows=18 loops=1)
Merge Join  (cost=5535.83..5541.00 rows=28 width=21) (actual time=29.762..29.850 rows=18 loops=1)
Merge Join  (cost=5545.17..5545.70 rows=28 width=136) (actual time=30.162..30.177 rows=19 loops=1)
Merge Join  (cost=5536.40..5541.62 rows=28 width=21) (actual time=29.665..29.796 rows=20 loops=1)
Merge Join  (cost=5537.02..5542.31 rows=29 width=21) (actual time=29.638..29.799 rows=21 loops=1)
Merge Join  (cost=5535.43..5540.57 rows=28 width=21) (actual time=29.795..29.905 rows=15 loops=1)
Merge Join  (cost=5536.17..5541.37 rows=28 width=21) (actual time=29.983..30.189 rows=1 loops=1)
Merge Join  (cost=5546.07..5547.06 rows=54 width=127) (actual time=32.667..32.675 rows=5 loops=1)
Merge Join  (cost=5543.21..5543.73 rows=27 width=136) (actual time=30.183..30.206 rows=37 loops=1)
Merge Join  (cost=5544.92..5545.45 rows=28 width=136) (actual time=29.937..29.949 rows=13 loops=1)
Merge Join  (cost=5535.60..5540.75 rows=28 width=21) (actual time=29.846..29.993 rows=24 loops=1)
Merge Join  (cost=5534.92..5540.01 rows=28 width=21) (actual time=30.035..30.180 rows=26 loops=1)
Merge Join  (cost=5535.20..5540.32 rows=28 width=21) (actual time=29.735..29.831 rows=28 loops=1)
Merge Join  (cost=5556.70..5559.97 rows=184 width=127) (actual time=33.583..33.691 rows=212 loops=1)
Merge Join  (cost=5546.07..5547.06 rows=54 width=127) (actual time=33.037..33.040 rows=1 loops=1)
Merge Join  (cost=5535.54..5540.69 rows=28 width=403) (actual time=29.606..29.776 rows=1 loops=1)
Merge Join  (cost=5534.92..5540.01 rows=28 width=21) (actual time=29.642..29.677 rows=1 loops=1)
Merge Join  (cost=5545.77..5546.76 rows=54 width=127) (actual time=32.803..32.808 rows=3 loops=1)
Merge Join  (cost=5536.17..5541.37 rows=28 width=21) (actual time=29.720..29.862 rows=23 loops=1)
Merge Join  (cost=5535.20..5540.32 rows=28 width=21) (actual time=29.523..29.704 rows=1 loops=1)
Merge Join  (cost=5536.17..5541.37 rows=28 width=21) (actual time=29.768..29.927 rows=28 loops=1)
Merge Join  (cost=5544.92..5545.89 rows=53 width=127) (actual time=33.062..33.077 rows=21 loops=1)
Merge Join  (cost=5546.80..5547.81 rows=55 width=127) (actual time=33.139..33.166 rows=45 loops=1)
Merge Join  (cost=5536.17..5541.37 rows=28 width=403) (actual time=29.607..29.668 rows=33 loops=1)
Merge Join  (cost=5544.24..5544.78 rows=28 width=136) (actual time=29.853..29.867 rows=19 loops=1)
Merge Join  (cost=5544.43..5545.40 rows=53 width=127) (actual time=33.027..33.043 rows=22 loops=1)
Merge Join  (cost=5546.80..5547.81 rows=55 width=127) (actual time=33.175..33.190 rows=18 loops=1)
Merge Join  (cost=5547.77..5548.80 rows=56 width=127) (actual time=32.697..32.700 rows=1 loops=1)
Merge Join  (cost=5537.02..5542.31 rows=29 width=403) (actual time=29.500..29.548 rows=1 loops=1)
Merge Join  (cost=5546.07..5547.06 rows=54 width=127) (actual time=33.353..33.368 rows=19 loops=1)
Merge Join  (cost=5545.95..5546.94 rows=54 width=127) (actual time=32.937..32.947 rows=7 loops=1)
Merge Join  (cost=5536.17..5541.37 rows=28 width=21) (actual time=29.621..29.784 rows=29 loops=1)
Merge Join  (cost=5546.07..5547.06 rows=54 width=127) (actual time=32.917..32.929 rows=17 loops=1)
Merge Join  (cost=5542.60..5543.12 rows=27 width=136) (actual time=30.153..30.172 rows=29 loops=1)
Merge Join  (cost=5535.54..5540.69 rows=28 width=21) (actual time=29.971..30.017 rows=1 loops=1)
Merge Join  (cost=5544.92..5545.45 rows=28 width=136) (actual time=29.785..29.800 rows=21 loops=1)
Merge Join  (cost=5544.55..5545.08 rows=28 width=136) (actual time=29.881..29.899 rows=27 loops=1)
Merge Join  (cost=5536.00..5541.18 rows=28 width=21) (actual time=29.816..30.003 rows=27 loops=1)
Merge Join  (cost=5535.43..5540.57 rows=28 width=21) (actual time=29.907..29.981 rows=7 loops=1)
Merge Join  (cost=5534.64..5539.69 rows=27 width=21) (actual time=29.874..29.984 rows=20 loops=1)
Merge Join  (cost=5534.92..5540.01 rows=28 width=21) (actual time=29.694..29.813 rows=3 loops=1)
Merge Join  (cost=5546.80..5547.81 rows=55 width=127) (actual time=33.447..33.531 rows=177 loops=1)
Merge Join  (cost=5546.07..5547.06 rows=54 width=127) (actual time=33.296..33.330 rows=58 loops=1)
Merge Join  (cost=5535.54..5540.69 rows=28 width=21) (actual time=29.653..29.799 rows=3 loops=1)
Merge Join  (cost=5546.80..5547.81 rows=55 width=127) (actual time=32.932..32.940 rows=5 loops=1)
Merge Join  (cost=5535.83..5541.00 rows=28 width=21) (actual time=29.805..29.962 rows=30 loops=1)
Merge Join  (cost=5588.19..5597.28 rows=517 width=127) (actual time=34.226..34.472 rows=523 loops=1)
Merge Join  (cost=5545.58..5546.57 rows=54 width=127) (actual time=32.990..33.010 rows=31 loops=1)
Merge Join  (cost=5544.30..5544.84 rows=28 width=136) (actual time=29.709..29.721 rows=16 loops=1)
Merge Join  (cost=5535.26..5540.38 rows=28 width=21) (actual time=29.787..29.930 rows=24 loops=1)
Merge Join  (cost=5544.43..5545.40 rows=53 width=127) (actual time=33.265..33.279 rows=18 loops=1)
Merge Join  (cost=5535.54..5540.69 rows=28 width=21) (actual time=29.580..29.807 rows=9 loops=1)
Merge Join  (cost=5547.77..5548.80 rows=56 width=127) (actual time=32.824..32.845 rows=35 loops=1)
Merge Join  (cost=5544.73..5545.27 rows=28 width=136) (actual time=30.007..30.026 rows=31 loops=1)
Merge Join  (cost=5543.21..5543.73 rows=27 width=136) (actual time=29.960..29.969 rows=7 loops=1)
Merge Join  (cost=5534.53..5539.57 rows=27 width=21) (actual time=29.437..29.628 rows=3 loops=1)
Merge Join  (cost=5535.54..5540.69 rows=28 width=21) (actual time=29.625..29.783 rows=18 loops=1)
Merge Join  (cost=5547.77..5548.80 rows=56 width=127) (actual time=32.982..33.014 rows=54 loops=1)
Merge Join  (cost=5535.54..5540.69 rows=28 width=21) (actual time=29.949..30.075 rows=17 loops=1)
Merge Join  (cost=5544.92..5545.45 rows=28 width=136) (actual time=29.916..29.932 rows=25 loops=1)
Merge Join  (cost=5546.80..5547.81 rows=55 width=127) (actual time=33.178..33.217 rows=70 loops=1)
Merge Join  (cost=5546.80..5547.81 rows=55 width=127) (actual time=33.119..33.148 rows=53 loops=1)
Merge Join  (cost=5536.17..5541.37 rows=28 width=403) (actual time=29.698..29.835 rows=25 loops=1)
Merge Join  (cost=5536.17..5541.37 rows=28 width=21) (actual time=29.625..29.841 rows=9 loops=1)
Merge Join  (cost=5535.60..5540.75 rows=28 width=21) (actual time=29.466..29.568 rows=17 loops=1)
Merge Join  (cost=5535.83..5541.00 rows=28 width=21) (actual time=29.756..29.912 rows=26 loops=1)
Merge Join  (cost=5535.54..5540.69 rows=28 width=21) (actual time=29.935..30.142 rows=3 loops=1)
Merge Join  (cost=5536.17..5541.37 rows=28 width=21) (actual time=29.707..29.873 rows=32 loops=1)
Merge Join  (cost=5559.65..5563.36 rows=209 width=127) (actual time=33.302..33.393 rows=190 loops=1)
Merge Join  (cost=5545.58..5546.57 rows=54 width=127) (actual time=32.746..32.749 rows=1 loops=1)
Merge Join  (cost=5536.17..5541.37 rows=28 width=21) (actual time=29.907..30.081 rows=21 loops=1)
Merge Join  (cost=5546.80..5547.81 rows=55 width=127) (actual time=32.655..32.658 rows=1 loops=1)
Merge Join  (cost=5534.64..5539.69 rows=27 width=21) (actual time=29.611..29.712 rows=8 loops=1)
Merge Join  (cost=5536.00..5541.18 rows=28 width=21) (actual time=29.969..30.083 rows=7 loops=1)
Merge Join  (cost=5594.44..5604.40 rows=567 width=127) (actual time=34.508..34.772 rows=555 loops=1)
Merge Join  (cost=5536.17..5541.37 rows=28 width=21) (actual time=29.737..29.842 rows=4 loops=1)
Merge Join  (cost=5544.30..5544.84 rows=28 width=136) (actual time=29.725..29.734 rows=7 loops=1)
Merge Join  (cost=5534.07..5539.08 rows=27 width=21) (actual time=29.632..29.837 rows=17 loops=1)
Merge Join  (cost=5535.54..5540.69 rows=28 width=21) (actual time=29.889..30.047 rows=24 loops=1)
Merge Join  (cost=5536.17..5541.37 rows=28 width=21) (actual time=29.846..29.966 rows=6 loops=1)
Merge Join  (cost=5543.75..5544.28 rows=28 width=136) (actual time=29.822..29.829 rows=5 loops=1)
Merge Join  (cost=5535.09..5540.20 rows=28 width=403) (actual time=29.877..30.025 rows=5 loops=1)
Merge Join  (cost=5536.17..5541.37 rows=28 width=21) (actual time=29.825..29.929 rows=7 loops=1)
Merge Join  (cost=5542.60..5543.12 rows=27 width=136) (actual time=29.884..29.886 rows=1 loops=1)
Merge Join  (cost=5536.00..5541.18 rows=28 width=21) (actual time=29.602..29.715 rows=3 loops=1)
Merge Join  (cost=5535.54..5540.69 rows=28 width=21) (actual time=30.009..30.229 rows=5 loops=1)
Merge Join  (cost=5547.77..5548.80 rows=56 width=127) (actual time=32.572..32.581 rows=5 loops=1)
Merge Join  (cost=5535.09..5540.20 rows=28 width=21) (actual time=29.683..29.739 rows=32 loops=1)
Merge Join  (cost=5545.77..5546.76 rows=54 width=127) (actual time=32.806..32.835 rows=51 loops=1)
Merge Join  (cost=5546.61..5547.62 rows=55 width=127) (actual time=32.799..32.802 rows=1 loops=1)
Merge Join  (cost=5536.17..5541.37 rows=28 width=21) (actual time=29.861..30.005 rows=30 loops=1)
Merge Join  (cost=5545.70..5546.69 rows=54 width=127) (actual time=33.436..33.474 rows=71 loops=1)
Merge Join  (cost=5534.64..5539.69 rows=27 width=21) (actual time=29.733..29.865 rows=18 loops=1)
Merge Join  (cost=5544.92..5545.45 rows=28 width=136) (actual time=30.023..30.034 rows=13 loops=1)
Merge Join  (cost=5546.07..5547.06 rows=54 width=127) (actual time=33.810..33.817 rows=3 loops=1)
Merge Join  (cost=5534.64..5539.69 rows=27 width=21) (actual time=29.625..29.777 rows=28 loops=1)
Merge Join  (cost=5535.43..5540.57 rows=28 width=21) (actual time=29.718..29.863 rows=22 loops=1)
Merge Join  (cost=5536.17..5541.37 rows=28 width=21) (actual time=29.896..30.016 rows=30 loops=1)
Merge Join  (cost=5535.60..5540.75 rows=28 width=21) (actual time=29.701..29.811 rows=30 loops=1)
Merge Join  (cost=5535.83..5541.00 rows=28 width=21) (actual time=29.659..29.830 rows=31 loops=1)
Merge Join  (cost=5543.87..5544.41 rows=28 width=136) (actual time=29.726..29.736 rows=13 loops=1)
Merge Join  (cost=5535.43..5540.57 rows=28 width=21) (actual time=29.903..30.053 rows=13 loops=1)
Merge Join  (cost=5544.55..5545.08 rows=28 width=136) (actual time=30.112..30.133 rows=29 loops=1)
Merge Join  (cost=5537.02..5542.31 rows=29 width=21) (actual time=29.617..29.747 rows=36 loops=1)
Merge Join  (cost=5534.53..5539.57 rows=27 width=21) (actual time=31.638..31.857 rows=13 loops=1)
Merge Join  (cost=5545.58..5546.57 rows=54 width=127) (actual time=33.216..33.247 rows=52 loops=1)
Merge Join  (cost=5536.40..5541.62 rows=28 width=21) (actual time=29.884..29.976 rows=27 loops=1)
Merge Join  (cost=5535.09..5540.20 rows=28 width=21) (actual time=29.704..29.742 rows=25 loops=1)
Merge Join  (cost=5535.54..5540.69 rows=28 width=21) (actual time=29.478..29.680 rows=17 loops=1)
Merge Join  (cost=5545.04..5546.02 rows=53 width=127) (actual time=33.128..33.134 rows=3 loops=1)
Merge Join  (cost=5545.77..5546.76 rows=54 width=127) (actual time=33.586..33.673 rows=180 loops=1)
Merge Join  (cost=5536.17..5541.37 rows=28 width=21) (actual time=29.489..29.652 rows=24 loops=1)
Merge Join  (cost=5547.77..5548.80 rows=56 width=127) (actual time=33.087..33.131 rows=85 loops=1)
Merge Join  (cost=5537.02..5542.31 rows=29 width=403) (actual time=29.677..29.901 rows=17 loops=1)
Merge Join  (cost=5546.80..5547.81 rows=55 width=127) (actual time=32.317..32.325 rows=3 loops=1)
Merge Join  (cost=5546.80..5547.81 rows=55 width=127) (actual time=33.047..33.066 rows=29 loops=1)
Merge Join  (cost=5544.92..5545.45 rows=28 width=136) (actual time=29.795..29.809 rows=17 loops=1)
Merge Join  (cost=5537.02..5542.31 rows=29 width=21) (actual time=29.870..29.974 rows=9 loops=1)
Merge Join  (cost=5534.07..5539.08 rows=27 width=21) (actual time=29.856..30.086 rows=5 loops=1)
Merge Join  (cost=5544.43..5545.40 rows=53 width=127) (actual time=33.305..33.346 rows=78 loops=1)
Merge Join  (cost=5535.83..5541.00 rows=28 width=21) (actual time=29.682..29.822 rows=28 loops=1)
Merge Join  (cost=5534.92..5540.01 rows=28 width=21) (actual time=29.909..30.120 rows=3 loops=1)
Merge Join  (cost=5547.77..5548.80 rows=56 width=127) (actual time=33.076..33.099 rows=37 loops=1)
Merge Join  (cost=5547.77..5548.80 rows=56 width=127) (actual time=33.416..33.448 rows=58 loops=1)
Merge Join  (cost=5546.07..5547.06 rows=54 width=127) (actual time=32.895..32.916 rows=34 loops=1)
Merge Join  (cost=5543.93..5544.47 rows=28 width=136) (actual time=29.824..29.842 rows=28 loops=1)
Merge Join  (cost=5546.14..5547.13 rows=54 width=127) (actual time=32.655..32.665 rows=11 loops=1)
Merge Join  (cost=5534.64..5539.69 rows=27 width=21) (actual time=29.508..29.750 rows=13 loops=1)
Merge Join  (cost=5547.77..5548.80 rows=56 width=127) (actual time=33.176..33.192 rows=23 loops=1)
Merge Join  (cost=5536.17..5541.37 rows=28 width=21) (actual time=29.765..29.933 rows=13 loops=1)
Merge Join  (cost=5534.07..5539.08 rows=27 width=21) (actual time=29.716..29.892 rows=19 loops=1)
Merge Join  (cost=5535.26..5540.38 rows=28 width=21) (actual time=29.608..29.814 rows=15 loops=1)
Merge Join  (cost=5547.77..5548.80 rows=56 width=127) (actual time=32.847..32.861 rows=19 loops=1)
Merge Join  (cost=5536.17..5541.37 rows=28 width=21) (actual time=29.901..30.024 rows=24 loops=1)
Merge Join  (cost=5535.43..5540.57 rows=28 width=21) (actual time=29.936..30.048 rows=1 loops=1)
Merge Join  (cost=5537.02..5542.31 rows=29 width=21) (actual time=29.651..29.841 rows=7 loops=1)
Merge Join  (cost=5535.54..5540.69 rows=28 width=21) (actual time=29.994..30.139 rows=13 loops=1)
Merge Join  (cost=5534.92..5540.01 rows=28 width=21) (actual time=30.014..30.166 rows=20 loops=1)
Merge Join  (cost=5545.40..5546.39 rows=54 width=127) (actual time=33.102..33.115 rows=17 loops=1)
Merge Join  (cost=5542.60..5543.12 rows=27 width=136) (actual time=29.990..30.003 rows=17 loops=1)
Merge Join  (cost=5536.17..5541.37 rows=28 width=21) (actual time=29.551..29.632 rows=26 loops=1)
Merge Join  (cost=5545.70..5546.69 rows=54 width=127) (actual time=32.529..32.537 rows=5 loops=1)
Merge Join  (cost=5545.40..5546.39 rows=54 width=127) (actual time=33.072..33.092 rows=31 loops=1)
Merge Join  (cost=5534.92..5540.01 rows=28 width=403) (actual time=29.431..29.546 rows=11 loops=1)
Merge Join  (cost=5546.80..5547.81 rows=55 width=127) (actual time=32.861..32.945 rows=150 loops=1)
Merge Join  (cost=5544.92..5545.45 rows=28 width=136) (actual time=30.053..30.068 rows=21 loops=1)
Merge Join  (cost=5546.61..5547.62 rows=55 width=127) (actual time=33.025..33.041 rows=21 loops=1)
Merge Join  (cost=5543.75..5544.28 rows=28 width=136) (actual time=29.724..29.738 rows=19 loops=1)
Merge Join  (cost=5546.14..5547.13 rows=54 width=127) (actual time=32.695..32.707 rows=13 loops=1)
Merge Join  (cost=5536.17..5541.37 rows=28 width=21) (actual time=29.700..29.803 rows=9 loops=1)
Merge Join  (cost=5546.14..5547.13 rows=54 width=127) (actual time=33.415..33.438 rows=37 loops=1)
Merge Join  (cost=5534.07..5539.08 rows=27 width=21) (actual time=29.556..29.714 rows=26 loops=1)
Merge Join  (cost=5546.07..5547.06 rows=54 width=127) (actual time=32.593..32.596 rows=1 loops=1)
Merge Join  (cost=5534.92..5540.01 rows=28 width=21) (actual time=29.828..29.888 rows=20 loops=1)
Merge Join  (cost=5544.92..5545.45 rows=28 width=136) (actual time=29.942..29.949 rows=3 loops=1)
Merge Join  (cost=5544.92..5545.89 rows=53 width=127) (actual time=32.566..32.601 rows=61 loops=1)
Merge Join  (cost=5546.80..5547.81 rows=55 width=127) (actual time=32.871..32.878 rows=3 loops=1)
Merge Join  (cost=5535.54..5540.69 rows=28 width=21) (actual time=29.822..29.939 rows=6 loops=1)
Merge Join  (cost=5534.07..5539.08 rows=27 width=21) (actual time=29.639..29.841 rows=3 loops=1)
Merge Join  (cost=5535.83..5541.00 rows=28 width=21) (actual time=29.610..29.747 rows=14 loops=1)
Merge Join  (cost=5534.53..5539.57 rows=27 width=21) (actual time=29.522..29.667 rows=19 loops=1)
Merge Join  (cost=5535.20..5540.32 rows=28 width=21) (actual time=30.005..30.122 rows=29 loops=1)
Merge Join  (cost=5536.17..5541.37 rows=28 width=21) (actual time=29.940..30.077 rows=32 loops=1)
Merge Join  (cost=5545.70..5546.69 rows=54 width=127) (actual time=32.674..32.697 rows=36 loops=1)
Merge Join  (cost=5534.07..5539.08 rows=27 width=21) (actual time=29.596..29.748 rows=3 loops=1)
Merge Join  (cost=5546.07..5547.06 rows=54 width=127) (actual time=33.367..33.384 rows=23 loops=1)
Merge Join  (cost=5544.24..5544.78 rows=28 width=136) (actual time=30.078..30.087 rows=7 loops=1)
Merge Join  (cost=5546.80..5547.81 rows=55 width=127) (actual time=32.875..32.877 rows=1 loops=1)
Merge Join  (cost=5543.21..5543.73 rows=27 width=136) (actual time=30.594..30.597 rows=1 loops=1)
Merge Join  (cost=5546.80..5547.81 rows=55 width=127) (actual time=33.302..33.340 rows=69 loops=1)
Merge Join  (cost=5534.92..5540.01 rows=28 width=21) (actual time=29.478..29.659 rows=3 loops=1)
Merge Join  (cost=5585.38..5593.86 rows=482 width=127) (actual time=33.983..34.223 rows=508 loops=1)
Merge Join  (cost=5534.64..5539.69 rows=27 width=21) (actual time=29.697..29.836 rows=11 loops=1)
Merge Join  (cost=5535.60..5540.75 rows=28 width=21) (actual time=29.719..29.909 rows=17 loops=1)
Merge Join  (cost=5536.00..5541.18 rows=28 width=21) (actual time=29.608..29.730 rows=23 loops=1)
Merge Join  (cost=5535.20..5540.32 rows=28 width=21) (actual time=29.614..29.776 rows=21 loops=1)
Merge Join  (cost=5535.83..5541.00 rows=28 width=21) (actual time=29.472..29.694 rows=5 loops=1)
Merge Join  (cost=5545.04..5546.02 rows=53 width=127) (actual time=33.151..33.172 rows=33 loops=1)
Merge Join  (cost=5546.07..5547.06 rows=54 width=127) (actual time=33.242..33.245 rows=1 loops=1)
Merge Join  (cost=5544.43..5545.40 rows=53 width=127) (actual time=32.950..32.975 rows=42 loops=1)
Merge Join  (cost=5535.20..5540.32 rows=28 width=21) (actual time=29.558..29.719 rows=28 loops=1)
Merge Join  (cost=5546.14..5547.13 rows=54 width=127) (actual time=33.137..33.166 rows=51 loops=1)
Merge Join  (cost=5544.92..5545.89 rows=53 width=127) (actual time=32.889..32.905 rows=23 loops=1)
Merge Join  (cost=5536.17..5541.37 rows=28 width=21) (actual time=29.572..29.750 rows=29 loops=1)
Merge Join  (cost=5534.07..5539.08 rows=27 width=21) (actual time=29.545..29.669 rows=14 loops=1)
Merge Join  (cost=5534.64..5539.69 rows=27 width=21) (actual time=29.884..30.030 rows=28 loops=1)
Merge Join  (cost=5545.40..5546.39 rows=54 width=127) (actual time=33.150..33.170 rows=29 loops=1)
Merge Join  (cost=5536.17..5541.37 rows=28 width=21) (actual time=29.553..29.712 rows=11 loops=1)
Merge Join  (cost=5534.07..5539.08 rows=27 width=21) (actual time=29.705..29.841 rows=9 loops=1)
Merge Join  (cost=5545.04..5546.02 rows=53 width=127) (actual time=33.202..33.232 rows=53 loops=1)
Merge Join  (cost=5547.77..5548.80 rows=56 width=127) (actual time=33.318..33.337 rows=29 loops=1)
Merge Join  (cost=5535.54..5540.69 rows=28 width=21) (actual time=29.747..29.858 rows=22 loops=1)
Merge Join  (cost=5546.07..5547.06 rows=54 width=127) (actual time=32.890..32.903 rows=17 loops=1)
Merge Join  (cost=5534.64..5539.69 rows=27 width=21) (actual time=29.732..29.811 rows=30 loops=1)
Merge Join  (cost=5535.09..5540.20 rows=28 width=21) (actual time=29.609..29.841 rows=7 loops=1)
Merge Join  (cost=5535.09..5540.20 rows=28 width=21) (actual time=29.627..29.746 rows=26 loops=1)
Merge Join  (cost=5544.30..5544.84 rows=28 width=136) (actual time=29.680..29.683 rows=1 loops=1)
Merge Join  (cost=5535.20..5540.32 rows=28 width=21) (actual time=29.888..30.026 rows=24 loops=1)
Merge Join  (cost=5545.58..5546.57 rows=54 width=127) (actual time=33.238..33.256 rows=27 loops=1)
Merge Join  (cost=5585.31..5593.89 rows=488 width=127) (actual time=34.069..34.333 rows=571 loops=1)
Merge Join  (cost=5535.54..5540.69 rows=28 width=21) (actual time=29.625..29.721 rows=28 loops=1)
Merge Join  (cost=5546.61..5547.62 rows=55 width=127) (actual time=32.955..32.965 rows=11 loops=1)
Merge Join  (cost=5536.00..5541.18 rows=28 width=21) (actual time=29.706..29.846 rows=30 loops=1)
Merge Join  (cost=5545.17..5545.70 rows=28 width=136) (actual time=30.121..30.135 rows=19 loops=1)
Merge Join  (cost=5534.07..5539.08 rows=27 width=21) (actual time=29.587..29.720 rows=32 loops=1)
Merge Join  (cost=5558.86..5562.41 rows=200 width=127) (actual time=33.974..34.066 rows=194 loops=1)
Merge Join  (cost=5544.92..5545.45 rows=28 width=136) (actual time=30.037..30.050 rows=15 loops=1)
Merge Join  (cost=5547.77..5548.80 rows=56 width=127) (actual time=32.917..32.933 rows=23 loops=1)
Merge Join  (cost=5544.92..5545.89 rows=53 width=127) (actual time=32.941..32.974 rows=57 loops=1)
Merge Join  (cost=5535.43..5540.57 rows=28 width=21) (actual time=29.800..29.907 rows=13 loops=1)
Merge Join  (cost=5546.43..5547.44 rows=55 width=127) (actual time=32.713..32.724 rows=11 loops=1)
Merge Join  (cost=5536.17..5541.37 rows=28 width=21) (actual time=29.866..29.933 rows=32 loops=1)
Merge Join  (cost=5535.26..5540.38 rows=28 width=21) (actual time=29.550..29.694 rows=3 loops=1)
Merge Join  (cost=5536.17..5541.37 rows=28 width=21) (actual time=29.818..29.988 rows=13 loops=1)
Merge Join  (cost=5534.64..5539.69 rows=27 width=21) (actual time=29.913..29.998 rows=33 loops=1)
Merge Join  (cost=5536.00..5541.18 rows=28 width=21) (actual time=29.736..29.878 rows=18 loops=1)
Merge Join  (cost=5544.12..5544.65 rows=28 width=136) (actual time=29.714..29.729 rows=21 loops=1)
Merge Join  (cost=5546.07..5547.06 rows=54 width=127) (actual time=33.511..33.526 rows=19 loops=1)
Merge Join  (cost=5535.20..5540.32 rows=28 width=21) (actual time=29.933..30.026 rows=26 loops=1)
Merge Join  (cost=5559.40..5563.15 rows=212 width=127) (actual time=33.686..33.776 rows=185 loops=1)
Merge Join  (cost=5535.60..5540.75 rows=28 width=403) (actual time=29.869..30.012 rows=31 loops=1)
Merge Join  (cost=5535.83..5541.00 rows=28 width=21) (actual time=29.736..29.917 rows=1 loops=1)
Merge Join  (cost=5545.17..5545.70 rows=28 width=136) (actual time=30.083..30.104 rows=31 loops=1)
Merge Join  (cost=5534.07..5539.08 rows=27 width=21) (actual time=29.893..30.008 rows=28 loops=1)
Merge Join  (cost=5544.92..5545.89 rows=53 width=127) (actual time=33.304..33.349 rows=87 loops=1)
Merge Join  (cost=5543.56..5544.10 rows=28 width=136) (actual time=30.153..30.163 rows=7 loops=1)
Merge Join  (cost=5536.17..5541.37 rows=28 width=21) (actual time=29.868..29.884 rows=28 loops=1)
Merge Join  (cost=5535.43..5540.57 rows=28 width=21) (actual time=29.444..29.570 rows=17 loops=1)
Merge Join  (cost=5543.21..5543.73 rows=27 width=136) (actual time=29.985..30.002 rows=25 loops=1)
Merge Join  (cost=5535.54..5540.69 rows=28 width=21) (actual time=29.584..29.791 rows=3 loops=1)
Merge Join  (cost=5546.07..5547.06 rows=54 width=127) (actual time=33.001..33.014 rows=15 loops=1)
Merge Join  (cost=5534.92..5540.01 rows=28 width=21) (actual time=29.831..29.910 rows=23 loops=1)
Merge Join  (cost=5592.51..5602.27 rows=555 width=127) (actual time=34.308..34.572 rows=552 loops=1)
Merge Join  (cost=5545.70..5546.69 rows=54 width=127) (actual time=32.655..32.665 rows=9 loops=1)
Merge Join  (cost=5535.60..5540.75 rows=28 width=21) (actual time=30.169..30.230 rows=32 loops=1)
Merge Join  (cost=5545.58..5546.57 rows=54 width=127) (actual time=32.752..32.767 rows=19 loops=1)
Merge Join  (cost=5547.77..5548.80 rows=56 width=127) (actual time=32.837..32.851 rows=18 loops=1)
Merge Join  (cost=5536.17..5541.37 rows=28 width=21) (actual time=29.673..29.899 rows=15 loops=1)
Merge Join  (cost=5535.54..5540.69 rows=28 width=21) (actual time=29.820..29.985 rows=22 loops=1)
Merge Join  (cost=5536.17..5541.37 rows=28 width=21) (actual time=29.654..29.779 rows=3 loops=1)
Merge Join  (cost=5537.02..5542.31 rows=29 width=21) (actual time=29.569..29.711 rows=22 loops=1)
Merge Join  (cost=5534.53..5539.57 rows=27 width=21) (actual time=29.791..29.933 rows=28 loops=1)
Merge Join  (cost=5544.43..5545.40 rows=53 width=127) (actual time=33.573..33.599 rows=45 loops=1)
Merge Join  (cost=5534.07..5539.08 rows=27 width=403) (actual time=32.851..33.025 rows=29 loops=1)
Merge Join  (cost=5535.09..5540.20 rows=28 width=21) (actual time=29.681..29.851 rows=17 loops=1)
Merge Join  (cost=5535.83..5541.00 rows=28 width=21) (actual time=29.896..30.020 rows=24 loops=1)
Merge Join  (cost=5546.80..5547.81 rows=55 width=127) (actual time=33.143..33.155 rows=15 loops=1)
Merge Join  (cost=5545.95..5546.94 rows=54 width=127) (actual time=32.719..32.741 rows=35 loops=1)
Merge Join  (cost=5547.77..5548.80 rows=56 width=127) (actual time=32.342..32.348 rows=3 loops=1)
Merge Join  (cost=5546.07..5547.06 rows=54 width=127) (actual time=33.066..33.078 rows=13 loops=1)
Merge Join  (cost=5535.26..5540.38 rows=28 width=21) (actual time=29.945..30.046 rows=5 loops=1)
Merge Join  (cost=5535.20..5540.32 rows=28 width=21) (actual time=29.550..29.701 rows=16 loops=1)
Merge Join  (cost=5535.43..5540.57 rows=28 width=21) (actual time=29.616..29.726 rows=1 loops=1)
Merge Join  (cost=5535.54..5540.69 rows=28 width=21) (actual time=29.579..29.667 rows=26 loops=1)
Merge Join  (cost=5544.12..5544.65 rows=28 width=136) (actual time=30.075..30.083 rows=7 loops=1)
Merge Join  (cost=5546.80..5547.81 rows=55 width=127) (actual time=33.494..33.569 rows=155 loops=1)
Merge Join  (cost=5534.53..5539.57 rows=27 width=21) (actual time=29.656..29.811 rows=18 loops=1)
Merge Join  (cost=5546.61..5547.62 rows=55 width=127) (actual time=33.279..33.292 rows=17 loops=1)
Merge Join  (cost=5535.54..5540.69 rows=28 width=21) (actual time=30.127..30.266 rows=7 loops=1)
Merge Join  (cost=5543.75..5544.28 rows=28 width=136) (actual time=29.864..29.867 rows=1 loops=1)
Merge Join  (cost=5591.70..5601.28 rows=545 width=127) (actual time=34.452..34.696 rows=518 loops=1)
Merge Join  (cost=5544.92..5545.45 rows=28 width=136) (actual time=30.200..30.207 rows=3 loops=1)
Merge Join  (cost=5544.92..5545.45 rows=28 width=136) (actual time=30.154..30.169 rows=21 loops=1)
Merge Join  (cost=5536.17..5541.37 rows=28 width=21) (actual time=29.814..29.952 rows=19 loops=1)
Merge Join  (cost=5545.95..5546.94 rows=54 width=127) (actual time=32.817..32.824 rows=5 loops=1)
Merge Join  (cost=5535.20..5540.32 rows=28 width=21) (actual time=29.806..29.949 rows=19 loops=1)
Merge Join  (cost=5534.64..5539.69 rows=27 width=21) (actual time=29.744..29.871 rows=19 loops=1)
Merge Join  (cost=5534.64..5539.69 rows=27 width=21) (actual time=29.734..29.878 rows=19 loops=1)
Merge Join  (cost=5535.54..5540.69 rows=28 width=21) (actual time=29.574..29.739 rows=28 loops=1)
Merge Join  (cost=5547.05..5548.05 rows=55 width=127) (actual time=33.455..33.498 rows=81 loops=1)
Merge Join  (cost=5589.04..5598.04 rows=512 width=127) (actual time=34.410..34.656 rows=517 loops=1)
Merge Join  (cost=5545.70..5546.69 rows=54 width=127) (actual time=33.193..33.225 rows=62 loops=1)
Merge Join  (cost=5535.60..5540.75 rows=28 width=21) (actual time=29.643..29.755 rows=20 loops=1)
Merge Join  (cost=5546.07..5547.06 rows=54 width=127) (actual time=32.992..32.999 rows=3 loops=1)
Merge Join  (cost=5536.17..5541.37 rows=28 width=21) (actual time=29.834..30.002 rows=28 loops=1)
Merge Join  (cost=5557.00..5560.39 rows=191 width=127) (actual time=33.124..33.227 rows=211 loops=1)
Merge Join  (cost=5547.77..5548.80 rows=56 width=127) (actual time=33.711..33.719 rows=7 loops=1)
Merge Join  (cost=5545.58..5546.57 rows=54 width=127) (actual time=33.212..33.257 rows=87 loops=1)
Merge Join  (cost=5546.14..5547.13 rows=54 width=127) (actual time=32.336..32.346 rows=9 loops=1)
Merge Join  (cost=5544.92..5545.45 rows=28 width=136) (actual time=29.985..29.998 rows=17 loops=1)
Merge Join  (cost=5544.92..5545.89 rows=53 width=127) (actual time=33.105..33.127 rows=35 loops=1)
Merge Join  (cost=5543.75..5544.28 rows=28 width=136) (actual time=29.865..29.868 rows=1 loops=1)
Merge Join  (cost=5535.54..5540.69 rows=28 width=21) (actual time=30.123..30.281 rows=26 loops=1)
Merge Join  (cost=5536.17..5541.37 rows=28 width=21) (actual time=29.591..29.728 rows=24 loops=1)
Merge Join  (cost=5535.54..5540.69 rows=28 width=21) (actual time=29.676..29.801 rows=4 loops=1)
Merge Join  (cost=5535.54..5540.69 rows=28 width=21) (actual time=29.707..29.838 rows=14 loops=1)
Merge Join  (cost=5537.02..5542.31 rows=29 width=21) (actual time=29.530..29.574 rows=36 loops=1)
Merge Join  (cost=5544.92..5545.89 rows=53 width=127) (actual time=32.795..32.811 rows=23 loops=1)
Merge Join  (cost=5536.17..5541.37 rows=28 width=21) (actual time=29.698..29.882 rows=7 loops=1)
Merge Join  (cost=5535.54..5540.69 rows=28 width=21) (actual time=29.934..30.052 rows=27 loops=1)
Merge Join  (cost=5547.77..5548.80 rows=56 width=127) (actual time=33.182..33.221 rows=71 loops=1)
Merge Join  (cost=5536.40..5541.62 rows=28 width=21) (actual time=29.413..29.567 rows=33 loops=1)
Merge Join  (cost=5546.80..5547.81 rows=55 width=127) (actual time=32.509..32.549 rows=77 loops=1)
Merge Join  (cost=5535.83..5541.00 rows=28 width=21) (actual time=29.767..29.867 rows=3 loops=1)
Merge Join  (cost=5534.07..5539.08 rows=27 width=21) (actual time=29.810..29.982 rows=19 loops=1)
Merge Join  (cost=5535.83..5541.00 rows=28 width=21) (actual time=29.637..29.802 rows=25 loops=1)
Merge Join  (cost=5535.60..5540.75 rows=28 width=21) (actual time=29.942..30.089 rows=31 loops=1)
Merge Join  (cost=5544.92..5545.45 rows=28 width=136) (actual time=30.089..30.098 rows=7 loops=1)
Merge Join  (cost=5544.24..5544.78 rows=28 width=136) (actual time=30.214..30.231 rows=23 loops=1)
Merge Join  (cost=5535.83..5541.00 rows=28 width=21) (actual time=29.632..29.776 rows=19 loops=1)
Merge Join  (cost=5535.43..5540.57 rows=28 width=21) (actual time=29.755..29.905 rows=21 loops=1)
Merge Join  (cost=5535.83..5541.00 rows=28 width=21) (actual time=29.789..30.011 rows=3 loops=1)
Merge Join  (cost=5535.54..5540.69 rows=28 width=21) (actual time=29.946..30.034 rows=26 loops=1)
Merge Join  (cost=5534.92..5540.01 rows=28 width=21) (actual time=29.687..29.836 rows=22 loops=1)
Merge Join  (cost=5546.61..5547.62 rows=55 width=127) (actual time=32.619..32.630 rows=13 loops=1)
Merge Join  (cost=5546.80..5547.81 rows=55 width=127) (actual time=33.428..33.460 rows=57 loops=1)
Merge Join  (cost=5536.17..5541.37 rows=28 width=21) (actual time=29.886..30.129 rows=19 loops=1)
Merge Join  (cost=5545.04..5546.02 rows=53 width=127) (actual time=32.787..32.799 rows=15 loops=1)
Merge Join  (cost=5542.60..5543.12 rows=27 width=136) (actual time=29.801..29.821 rows=31 loops=1)
Merge Join  (cost=5544.12..5544.65 rows=28 width=136) (actual time=30.058..30.061 rows=1 loops=1)
Merge Join  (cost=5546.80..5547.81 rows=55 width=127) (actual time=32.926..32.928 rows=1 loops=1)
Merge Join  (cost=5546.07..5547.06 rows=54 width=127) (actual time=33.230..33.245 rows=21 loops=1)
Merge Join  (cost=5535.54..5540.69 rows=28 width=403) (actual time=29.435..29.570 rows=19 loops=1)
Merge Join  (cost=5543.21..5543.73 rows=27 width=136) (actual time=29.901..29.911 rows=8 loops=1)
Merge Join  (cost=5534.53..5539.57 rows=27 width=21) (actual time=29.899..30.038 rows=5 loops=1)
Merge Join  (cost=5546.07..5547.06 rows=54 width=127) (actual time=33.457..33.474 rows=25 loops=1)
Merge Join  (cost=5544.24..5544.78 rows=28 width=136) (actual time=29.824..29.842 rows=25 loops=1)
Merge Join  (cost=5534.92..5540.01 rows=28 width=21) (actual time=29.797..30.003 rows=17 loops=1)
Merge Join  (cost=5535.60..5540.75 rows=28 width=21) (actual time=29.927..30.044 rows=3 loops=1)
Merge Join  (cost=5534.64..5539.69 rows=27 width=21) (actual time=29.740..29.917 rows=13 loops=1)
Merge Join  (cost=5547.05..5548.05 rows=55 width=127) (actual time=32.966..32.996 rows=54 loops=1)
Merge Join  (cost=5535.54..5540.69 rows=28 width=21) (actual time=29.825..29.870 rows=1 loops=1)
Merge Join  (cost=5545.17..5545.70 rows=28 width=136) (actual time=29.990..30.000 rows=9 loops=1)
Merge Join  (cost=5542.60..5543.12 rows=27 width=136) (actual time=30.072..30.091 rows=29 loops=1)
Merge Join  (cost=5544.24..5544.78 rows=28 width=136) (actual time=29.927..29.942 rows=21 loops=1)
Merge Join  (cost=5547.05..5548.05 rows=55 width=127) (actual time=32.941..32.963 rows=35 loops=1)
Merge Join  (cost=5544.92..5545.89 rows=53 width=127) (actual time=33.189..33.230 rows=77 loops=1)
Merge Join  (cost=5546.07..5547.06 rows=54 width=127) (actual time=32.791..32.802 rows=15 loops=1)
Merge Join  (cost=5559.69..5563.53 rows=217 width=127) (actual time=32.992..33.089 rows=199 loops=1)
Merge Join  (cost=5546.14..5547.13 rows=54 width=127) (actual time=33.095..33.119 rows=37 loops=1)
Merge Join  (cost=5546.07..5547.06 rows=54 width=127) (actual time=32.530..32.544 rows=17 loops=1)
Merge Join  (cost=5535.26..5540.38 rows=28 width=21) (actual time=29.605..29.678 rows=20 loops=1)
Merge Join  (cost=5536.40..5541.62 rows=28 width=21) (actual time=29.706..29.826 rows=25 loops=1)
Merge Join  (cost=5546.80..5547.81 rows=55 width=127) (actual time=32.786..32.789 rows=1 loops=1)
Merge Join  (cost=5545.77..5546.76 rows=54 width=127) (actual time=32.786..32.789 rows=1 loops=1)
Merge Join  (cost=5545.89..5546.44 rows=29 width=136) (actual time=29.839..29.851 rows=17 loops=1)
Merge Join  (cost=5537.02..5542.31 rows=29 width=403) (actual time=29.530..29.650 rows=17 loops=1)
Merge Join  (cost=5536.40..5541.62 rows=28 width=21) (actual time=29.896..29.971 rows=33 loops=1)
Merge Join  (cost=5544.92..5545.45 rows=28 width=136) (actual time=29.944..29.947 rows=1 loops=1)
Merge Join  (cost=5583.51..5591.66 rows=463 width=127) (actual time=34.134..34.370 rows=505 loops=1)
Merge Join  (cost=5535.20..5540.32 rows=28 width=21) (actual time=29.531..29.726 rows=3 loops=1)
Merge Join  (cost=5544.24..5544.78 rows=28 width=136) (actual time=29.979..29.987 rows=5 loops=1)
Merge Join  (cost=5535.54..5540.69 rows=28 width=403) (actual time=29.721..29.924 rows=5 loops=1)
Merge Join  (cost=5534.64..5539.69 rows=27 width=21) (actual time=29.656..29.868 rows=9 loops=1)
Merge Join  (cost=5535.20..5540.32 rows=28 width=21) (actual time=29.575..29.659 rows=22 loops=1)
Merge Join  (cost=5534.07..5539.08 rows=27 width=21) (actual time=29.738..29.864 rows=15 loops=1)
Merge Join  (cost=5544.92..5545.45 rows=28 width=136) (actual time=30.219..30.231 rows=13 loops=1)
Merge Join  (cost=5535.26..5540.38 rows=28 width=21) (actual time=29.716..29.854 rows=14 loops=1)
Merge Join  (cost=5544.92..5545.89 rows=53 width=127) (actual time=32.754..32.760 rows=3 loops=1)
Merge Join  (cost=5534.07..5539.08 rows=27 width=21) (actual time=29.605..29.749 rows=35 loops=1)
Merge Join  (cost=5543.75..5544.28 rows=28 width=136) (actual time=30.201..30.204 rows=1 loops=1)
Merge Join  (cost=5537.02..5542.31 rows=29 width=21) (actual time=29.654..29.800 rows=30 loops=1)
Merge Join  (cost=5544.30..5544.84 rows=28 width=136) (actual time=30.033..30.051 rows=29 loops=1)
Merge Join  (cost=5536.40..5541.62 rows=28 width=21) (actual time=30.164..30.321 rows=30 loops=1)
Merge Join  (cost=5546.07..5547.06 rows=54 width=127) (actual time=32.887..32.903 rows=23 loops=1)
Merge Join  (cost=5544.24..5544.78 rows=28 width=136) (actual time=29.890..29.909 rows=29 loops=1)
Merge Join  (cost=5535.54..5540.69 rows=28 width=403) (actual time=30.274..30.354 rows=29 loops=1)
Merge Join  (cost=5543.75..5544.28 rows=28 width=136) (actual time=30.194..30.210 rows=23 loops=1)
Merge Join  (cost=5536.40..5541.62 rows=28 width=21) (actual time=29.716..29.867 rows=25 loops=1)
Merge Join  (cost=5535.54..5540.69 rows=28 width=21) (actual time=29.656..29.783 rows=18 loops=1)
Merge Join  (cost=5535.20..5540.32 rows=28 width=21) (actual time=29.548..29.728 rows=7 loops=1)
Merge Join  (cost=5535.26..5540.38 rows=28 width=21) (actual time=29.895..30.029 rows=28 loops=1)
Merge Join  (cost=5543.75..5544.28 rows=28 width=136) (actual time=30.158..30.166 rows=3 loops=1)
Merge Join  (cost=5535.54..5540.69 rows=28 width=21) (actual time=29.822..29.992 rows=27 loops=1)
Merge Join  (cost=5536.17..5541.37 rows=28 width=21) (actual time=29.594..29.626 rows=18 loops=1)
Merge Join  (cost=5535.20..5540.32 rows=28 width=21) (actual time=30.059..30.188 rows=24 loops=1)
Merge Join  (cost=5546.80..5547.81 rows=55 width=127) (actual time=33.198..33.211 rows=17 loops=1)
Merge Join  (cost=5535.26..5540.38 rows=28 width=21) (actual time=29.451..29.585 rows=20 loops=1)
Merge Join  (cost=5546.80..5547.81 rows=55 width=127) (actual time=33.265..33.308 rows=78 loops=1)
Merge Join  (cost=5534.53..5539.57 rows=27 width=21) (actual time=29.639..29.783 rows=9 loops=1)
Merge Join  (cost=5536.00..5541.18 rows=28 width=21) (actual time=29.922..30.084 rows=27 loops=1)
Merge Join  (cost=5544.12..5544.65 rows=28 width=136) (actual time=30.136..30.153 rows=25 loops=1)
Merge Join  (cost=5543.56..5544.10 rows=28 width=136) (actual time=29.867..29.870 rows=1 loops=1)
Merge Join  (cost=5534.64..5539.69 rows=27 width=21) (actual time=29.682..29.824 rows=21 loops=1)
Merge Join  (cost=5536.17..5541.37 rows=28 width=21) (actual time=29.814..29.940 rows=32 loops=1)
Merge Join  (cost=5546.07..5547.06 rows=54 width=127) (actual time=33.325..33.345 rows=33 loops=1)
Merge Join  (cost=5534.64..5539.69 rows=27 width=21) (actual time=29.540..29.686 rows=34 loops=1)
Merge Join  (cost=5535.43..5540.57 rows=28 width=21) (actual time=29.459..29.656 rows=15 loops=1)
Merge Join  (cost=5545.95..5546.94 rows=54 width=127) (actual time=32.995..33.018 rows=38 loops=1)
Merge Join  (cost=5546.07..5547.06 rows=54 width=127) (actual time=33.206..33.214 rows=5 loops=1)
Merge Join  (cost=5535.60..5540.75 rows=28 width=21) (actual time=29.815..29.947 rows=28 loops=1)
Merge Join  (cost=5546.43..5547.44 rows=55 width=127) (actual time=33.297..33.344 rows=85 loops=1)
Merge Join  (cost=5535.83..5541.00 rows=28 width=21) (actual time=29.885..30.015 rows=7 loops=1)
Merge Join  (cost=5544.92..5545.89 rows=53 width=127) (actual time=33.248..33.261 rows=13 loops=1)
Merge Join  (cost=5535.54..5540.69 rows=28 width=21) (actual time=29.622..29.780 rows=24 loops=1)
Merge Join  (cost=5546.07..5547.06 rows=54 width=127) (actual time=32.884..32.907 rows=40 loops=1)
Merge Join  (cost=5543.87..5544.41 rows=28 width=136) (actual time=30.223..30.235 rows=13 loops=1)
Merge Join  (cost=5536.00..5541.18 rows=28 width=21) (actual time=30.062..30.175 rows=3 loops=1)
Merge Join  (cost=5544.73..5545.27 rows=28 width=136) (actual time=29.864..29.877 rows=19 loops=1)
Merge Join  (cost=5536.00..5541.18 rows=28 width=21) (actual time=29.815..29.974 rows=28 loops=1)
Merge Join  (cost=5544.24..5544.78 rows=28 width=136) (actual time=30.311..30.330 rows=31 loops=1)
Merge Join  (cost=5546.14..5547.13 rows=54 width=127) (actual time=32.735..32.738 rows=1 loops=1)
Merge Join  (cost=5544.43..5545.40 rows=53 width=127) (actual time=32.928..32.938 rows=9 loops=1)
Merge Join  (cost=5546.07..5547.06 rows=54 width=127) (actual time=32.798..32.805 rows=3 loops=1)
Merge Join  (cost=5534.07..5539.08 rows=27 width=21) (actual time=29.696..29.809 rows=17 loops=1)
Merge Join  (cost=5536.17..5541.37 rows=28 width=21) (actual time=29.811..29.965 rows=34 loops=1)
Merge Join  (cost=5534.92..5540.01 rows=28 width=21) (actual time=29.678..29.892 rows=7 loops=1)
Merge Join  (cost=5536.17..5541.37 rows=28 width=21) (actual time=29.892..30.047 rows=26 loops=1)
Merge Join  (cost=5536.17..5541.37 rows=28 width=21) (actual time=30.019..30.171 rows=10 loops=1)
Merge Join  (cost=5544.24..5544.78 rows=28 width=136) (actual time=30.081..30.101 rows=31 loops=1)
Merge Join  (cost=5535.54..5540.69 rows=28 width=403) (actual time=29.754..29.901 rows=31 loops=1)
Merge Join  (cost=5545.89..5546.44 rows=29 width=136) (actual time=30.593..30.611 rows=27 loops=1)
Merge Join  (cost=5535.54..5540.69 rows=28 width=21) (actual time=29.636..29.803 rows=20 loops=1)
Merge Join  (cost=5537.02..5542.31 rows=29 width=21) (actual time=29.913..30.034 rows=30 loops=1)
Merge Join  (cost=5536.17..5541.37 rows=28 width=21) (actual time=29.869..30.067 rows=11 loops=1)
Merge Join  (cost=5534.92..5540.01 rows=28 width=21) (actual time=29.576..29.766 rows=3 loops=1)
Merge Join  (cost=5536.17..5541.37 rows=28 width=21) (actual time=29.655..29.760 rows=12 loops=1)
Merge Join  (cost=5534.92..5540.01 rows=28 width=21) (actual time=30.008..30.095 rows=26 loops=1)
Merge Join  (cost=5544.92..5545.89 rows=53 width=127) (actual time=33.331..33.418 rows=177 loops=1)
Merge Join  (cost=5536.40..5541.62 rows=28 width=21) (actual time=29.918..30.051 rows=24 loops=1)
Merge Join  (cost=5536.00..5541.18 rows=28 width=21) (actual time=29.627..29.724 rows=22 loops=1)
Merge Join  (cost=5542.60..5543.12 rows=27 width=136) (actual time=29.864..29.880 rows=25 loops=1)
Merge Join  (cost=5534.92..5540.01 rows=28 width=21) (actual time=29.963..30.083 rows=3 loops=1)
Merge Join  (cost=5536.17..5541.37 rows=28 width=21) (actual time=29.827..30.048 rows=5 loops=1)
Merge Join  (cost=5545.95..5546.94 rows=54 width=127) (actual time=32.434..32.437 rows=1 loops=1)
Merge Join  (cost=5544.24..5544.78 rows=28 width=136) (actual time=29.753..29.755 rows=1 loops=1)
Merge Join  (cost=5535.54..5540.69 rows=28 width=21) (actual time=29.891..29.966 rows=15 loops=1)
Merge Join  (cost=5545.77..5546.76 rows=54 width=127) (actual time=33.037..33.059 rows=37 loops=1)
Merge Join  (cost=5536.17..5541.37 rows=28 width=21) (actual time=29.488..29.624 rows=1 loops=1)
Merge Join  (cost=5535.43..5540.57 rows=28 width=21) (actual time=30.252..30.393 rows=26 loops=1)
Merge Join  (cost=5543.21..5543.73 rows=27 width=136) (actual time=29.958..29.976 rows=27 loops=1)
Merge Join  (cost=5537.02..5542.31 rows=29 width=21) (actual time=29.837..29.999 rows=25 loops=1)
Merge Join  (cost=5544.24..5544.78 rows=28 width=136) (actual time=29.841..29.860 rows=27 loops=1)
Merge Join  (cost=5544.12..5544.65 rows=28 width=136) (actual time=29.737..29.750 rows=17 loops=1)
Merge Join  (cost=5546.07..5547.06 rows=54 width=127) (actual time=33.043..33.057 rows=17 loops=1)
Merge Join  (cost=5545.40..5546.39 rows=54 width=127) (actual time=32.881..32.890 rows=7 loops=1)
Merge Join  (cost=5535.20..5540.32 rows=28 width=21) (actual time=29.635..29.780 rows=20 loops=1)
Merge Join  (cost=5544.24..5544.78 rows=28 width=136) (actual time=29.711..29.728 rows=23 loops=1)
Merge Join  (cost=5545.17..5545.70 rows=28 width=136) (actual time=30.006..30.025 rows=29 loops=1)
Merge Join  (cost=5544.24..5544.78 rows=28 width=136) (actual time=29.958..29.977 rows=31 loops=1)
Merge Join  (cost=5536.17..5541.37 rows=28 width=21) (actual time=29.946..30.024 rows=26 loops=1)
Merge Join  (cost=5543.21..5543.73 rows=27 width=136) (actual time=29.750..29.768 rows=27 loops=1)
Merge Join  (cost=5536.40..5541.62 rows=28 width=21) (actual time=29.649..29.796 rows=32 loops=1)
Merge Join  (cost=5545.40..5546.39 rows=54 width=127) (actual time=33.028..33.047 rows=27 loops=1)
Merge Join  (cost=5535.09..5540.20 rows=28 width=21) (actual time=29.677..29.799 rows=24 loops=1)
Merge Join  (cost=5535.60..5540.75 rows=28 width=21) (actual time=29.564..29.666 rows=7 loops=1)
Merge Join  (cost=5546.80..5547.81 rows=55 width=127) (actual time=33.355..33.468 rows=217 loops=1)
Merge Join  (cost=5535.26..5540.38 rows=28 width=21) (actual time=30.498..30.663 rows=23 loops=1)
Merge Join  (cost=5544.30..5544.84 rows=28 width=136) (actual time=29.802..29.817 rows=19 loops=1)
Merge Join  (cost=5535.43..5540.57 rows=28 width=21) (actual time=29.590..29.680 rows=23 loops=1)
Merge Join  (cost=5535.83..5541.00 rows=28 width=21) (actual time=30.138..30.304 rows=21 loops=1)
Merge Join  (cost=5547.05..5548.05 rows=55 width=127) (actual time=33.047..33.069 rows=36 loops=1)
Merge Join  (cost=5535.54..5540.69 rows=28 width=21) (actual time=29.623..29.750 rows=4 loops=1)
Merge Join  (cost=5536.17..5541.37 rows=28 width=21) (actual time=29.507..29.645 rows=24 loops=1)
Merge Join  (cost=5536.40..5541.62 rows=28 width=21) (actual time=29.868..29.986 rows=7 loops=1)
Merge Join  (cost=5536.00..5541.18 rows=28 width=21) (actual time=29.841..30.061 rows=1 loops=1)
Merge Join  (cost=5542.60..5543.12 rows=27 width=136) (actual time=29.874..29.889 rows=21 loops=1)
Merge Join  (cost=5558.86..5562.41 rows=200 width=127) (actual time=33.270..33.358 rows=177 loops=1)
Merge Join  (cost=5544.55..5545.08 rows=28 width=136) (actual time=30.294..30.312 rows=25 loops=1)
Merge Join  (cost=5535.83..5541.00 rows=28 width=403) (actual time=29.794..29.938 rows=25 loops=1)
Merge Join  (cost=5535.54..5540.69 rows=28 width=21) (actual time=29.689..29.845 rows=26 loops=1)
Merge Join  (cost=5537.02..5542.31 rows=29 width=21) (actual time=29.589..29.735 rows=28 loops=1)
Merge Join  (cost=5547.77..5548.80 rows=56 width=127) (actual time=33.215..33.255 rows=76 loops=1)
Merge Join  (cost=5545.77..5546.76 rows=54 width=127) (actual time=33.118..33.148 rows=53 loops=1)
Merge Join  (cost=5534.64..5539.69 rows=27 width=21) (actual time=29.640..29.775 rows=3 loops=1)
Merge Join  (cost=5547.05..5548.05 rows=55 width=127) (actual time=33.575..33.586 rows=11 loops=1)
Merge Join  (cost=5535.20..5540.32 rows=28 width=21) (actual time=29.686..29.784 rows=3 loops=1)
Merge Join  (cost=5545.17..5545.70 rows=28 width=136) (actual time=29.964..29.980 rows=23 loops=1)
Merge Join  (cost=5543.87..5544.41 rows=28 width=136) (actual time=30.073..30.090 rows=24 loops=1)
Merge Join  (cost=5534.64..5539.69 rows=27 width=21) (actual time=29.598..29.762 rows=26 loops=1)
Merge Join  (cost=5544.30..5544.84 rows=28 width=136) (actual time=30.327..30.345 rows=25 loops=1)
Merge Join  (cost=5543.87..5544.41 rows=28 width=136) (actual time=30.027..30.036 rows=9 loops=1)
Merge Join  (cost=5536.17..5541.37 rows=28 width=21) (actual time=29.602..29.732 rows=3 loops=1)
Merge Join  (cost=5537.02..5542.31 rows=29 width=21) (actual time=29.432..29.613 rows=3 loops=1)
Merge Join  (cost=5534.07..5539.08 rows=27 width=21) (actual time=29.868..30.000 rows=20 loops=1)
Merge Join  (cost=5537.02..5542.31 rows=29 width=21) (actual time=29.827..29.959 rows=8 loops=1)
Merge Join  (cost=5546.07..5547.06 rows=54 width=127) (actual time=33.295..33.324 rows=53 loops=1)
Merge Join  (cost=5545.04..5546.02 rows=53 width=127) (actual time=32.829..32.841 rows=17 loops=1)
Merge Join  (cost=5535.60..5540.75 rows=28 width=21) (actual time=29.542..29.698 rows=28 loops=1)
Merge Join  (cost=5546.80..5547.81 rows=55 width=127) (actual time=32.735..32.743 rows=5 loops=1)
Merge Join  (cost=5535.54..5540.69 rows=28 width=21) (actual time=29.700..29.807 rows=36 loops=1)
Merge Join  (cost=5534.64..5539.69 rows=27 width=21) (actual time=29.492..29.642 rows=16 loops=1)
Merge Join  (cost=5543.93..5544.47 rows=28 width=136) (actual time=30.059..30.071 rows=15 loops=1)
Merge Join  (cost=5544.55..5545.08 rows=28 width=136) (actual time=30.344..30.363 rows=29 loops=1)
Merge Join  (cost=5536.17..5541.37 rows=28 width=21) (actual time=29.568..29.722 rows=19 loops=1)
Merge Join  (cost=5534.64..5539.69 rows=27 width=21) (actual time=29.707..29.728 rows=36 loops=1)
Merge Join  (cost=5536.17..5541.37 rows=28 width=21) (actual time=29.938..30.194 rows=23 loops=1)
Merge Join  (cost=5535.26..5540.38 rows=28 width=21) (actual time=29.919..30.044 rows=30 loops=1)
Merge Join  (cost=5536.00..5541.18 rows=28 width=21) (actual time=29.706..29.859 rows=26 loops=1)
Merge Join  (cost=5544.12..5544.65 rows=28 width=136) (actual time=30.151..30.167 rows=23 loops=1)
Merge Join  (cost=5543.56..5544.10 rows=28 width=136) (actual time=30.274..30.282 rows=3 loops=1)
Merge Join  (cost=5545.04..5546.02 rows=53 width=127) (actual time=33.202..33.216 rows=19 loops=1)
Merge Join  (cost=5535.20..5540.32 rows=28 width=21) (actual time=29.700..29.860 rows=23 loops=1)
Merge Join  (cost=5544.92..5545.45 rows=28 width=136) (actual time=29.897..29.900 rows=1 loops=1)
Merge Join  (cost=5536.17..5541.37 rows=28 width=21) (actual time=29.738..29.862 rows=1 loops=1)
Merge Join  (cost=5545.40..5546.39 rows=54 width=127) (actual time=33.273..33.295 rows=33 loops=1)
Merge Join  (cost=5545.40..5546.39 rows=54 width=127) (actual time=33.349..33.376 rows=49 loops=1)
Merge Join  (cost=5535.54..5540.69 rows=28 width=21) (actual time=29.463..29.704 rows=5 loops=1)
Merge Join  (cost=5536.00..5541.18 rows=28 width=21) (actual time=29.704..29.846 rows=25 loops=1)
Merge Join  (cost=5535.20..5540.32 rows=28 width=21) (actual time=29.497..29.550 rows=20 loops=1)
Merge Join  (cost=5534.07..5539.08 rows=27 width=21) (actual time=29.741..29.860 rows=30 loops=1)
Merge Join  (cost=5534.53..5539.57 rows=27 width=21) (actual time=29.540..29.673 rows=21 loops=1)
Merge Join  (cost=5534.64..5539.69 rows=27 width=21) (actual time=29.650..29.722 rows=15 loops=1)
Merge Join  (cost=5543.56..5544.10 rows=28 width=136) (actual time=30.171..30.184 rows=17 loops=1)
Merge Join  (cost=5543.21..5543.73 rows=27 width=136) (actual time=30.366..30.377 rows=12 loops=1)
Merge Join  (cost=5535.20..5540.32 rows=28 width=21) (actual time=29.763..29.926 rows=29 loops=1)
Merge Join  (cost=5536.17..5541.37 rows=28 width=21) (actual time=29.685..29.779 rows=31 loops=1)
Merge Join  (cost=5545.70..5546.69 rows=54 width=127) (actual time=32.966..33.000 rows=62 loops=1)
Merge Join  (cost=5534.07..5539.08 rows=27 width=21) (actual time=29.587..29.713 rows=13 loops=1)
Merge Join  (cost=5543.93..5544.47 rows=28 width=136) (actual time=29.938..29.956 rows=29 loops=1)
Merge Join  (cost=5544.92..5545.45 rows=28 width=136) (actual time=29.972..29.993 rows=33 loops=1)
Merge Join  (cost=5535.26..5540.38 rows=28 width=21) (actual time=29.417..29.561 rows=25 loops=1)
Merge Join  (cost=5534.07..5539.08 rows=27 width=21) (actual time=29.625..29.753 rows=5 loops=1)
Merge Join  (cost=5546.80..5547.81 rows=55 width=127) (actual time=33.343..33.358 rows=19 loops=1)
Merge Join  (cost=5535.60..5540.75 rows=28 width=21) (actual time=29.705..29.868 rows=26 loops=1)
Merge Join  (cost=5536.00..5541.18 rows=28 width=21) (actual time=29.541..29.664 rows=26 loops=1)
Merge Join  (cost=5536.17..5541.37 rows=28 width=21) (actual time=29.787..29.829 rows=25 loops=1)
Merge Join  (cost=5535.43..5540.57 rows=28 width=21) (actual time=29.836..29.942 rows=3 loops=1)
Merge Join  (cost=5536.17..5541.37 rows=28 width=21) (actual time=29.613..29.757 rows=28 loops=1)
Merge Join  (cost=5543.56..5544.10 rows=28 width=136) (actual time=30.539..30.553 rows=21 loops=1)
Merge Join  (cost=5544.24..5544.78 rows=28 width=136) (actual time=30.148..30.159 rows=11 loops=1)
Merge Join  (cost=5557.90..5561.39 rows=197 width=127) (actual time=33.180..33.277 rows=194 loops=1)
Merge Join  (cost=5546.07..5547.06 rows=54 width=127) (actual time=32.870..32.891 rows=35 loops=1)
Merge Join  (cost=5544.55..5545.08 rows=28 width=136) (actual time=29.884..29.901 rows=25 loops=1)
Merge Join  (cost=5546.80..5547.81 rows=55 width=127) (actual time=32.811..32.814 rows=1 loops=1)
Merge Join  (cost=5545.04..5546.02 rows=53 width=127) (actual time=33.065..33.085 rows=31 loops=1)
Merge Join  (cost=5547.77..5548.80 rows=56 width=127) (actual time=32.579..32.590 rows=13 loops=1)
Merge Join  (cost=5543.75..5544.28 rows=28 width=136) (actual time=29.847..29.855 rows=7 loops=1)
Merge Join  (cost=5535.83..5541.00 rows=28 width=21) (actual time=29.612..29.856 rows=1 loops=1)
Merge Join  (cost=5544.30..5544.84 rows=28 width=136) (actual time=29.987..30.006 rows=27 loops=1)
Merge Join  (cost=5544.12..5544.65 rows=28 width=136) (actual time=29.912..29.925 rows=15 loops=1)
Merge Join  (cost=5542.60..5543.12 rows=27 width=136) (actual time=29.895..29.913 rows=27 loops=1)
Merge Join  (cost=5534.07..5539.08 rows=27 width=403) (actual time=30.166..30.378 rows=27 loops=1)
Merge Join  (cost=5545.17..5545.70 rows=28 width=136) (actual time=30.238..30.259 rows=31 loops=1)
Merge Join  (cost=5558.86..5562.69 rows=216 width=127) (actual time=33.257..33.345 rows=178 loops=1)
Merge Join  (cost=5545.04..5546.02 rows=53 width=127) (actual time=32.190..32.197 rows=5 loops=1)
Merge Join  (cost=5534.92..5540.01 rows=28 width=21) (actual time=29.788..29.868 rows=26 loops=1)
Merge Join  (cost=5536.17..5541.37 rows=28 width=21) (actual time=30.300..30.429 rows=21 loops=1)
Merge Join  (cost=5545.40..5546.39 rows=54 width=127) (actual time=33.105..33.118 rows=17 loops=1)
Merge Join  (cost=5534.92..5540.01 rows=28 width=403) (actual time=29.441..29.608 rows=3 loops=1)
Merge Join  (cost=5535.54..5540.69 rows=28 width=21) (actual time=29.738..29.940 rows=13 loops=1)
Merge Join  (cost=5534.07..5539.08 rows=27 width=21) (actual time=29.774..29.971 rows=1 loops=1)
Merge Join  (cost=5535.43..5540.57 rows=28 width=21) (actual time=29.851..29.961 rows=1 loops=1)
Merge Join  (cost=5535.54..5540.69 rows=28 width=21) (actual time=29.530..29.732 rows=1 loops=1)
Merge Join  (cost=5544.55..5545.08 rows=28 width=136) (actual time=29.995..30.005 rows=9 loops=1)
