Seq Scan on customer  (cost=0.00..7066.00 rows=1 width=21) (actual time=3.454..28.689 rows=1 loops=1)
Seq Scan on customer  (cost=0.00..7066.00 rows=1 width=21) (actual time=14.804..20.431 rows=1 loops=1)
Sort  (cost=7066.01..7066.02 rows=2 width=130) (actual time=22.012..22.013 rows=2 loops=1)
Sort  (cost=7066.01..7066.02 rows=2 width=130) (actual time=21.875..21.876 rows=2 loops=1)
Sort  (cost=7066.01..7066.02 rows=2 width=130) (actual time=21.707..21.708 rows=4 loops=1)
Seq Scan on customer  (cost=0.00..7066.00 rows=1 width=21) (actual time=16.923..20.278 rows=1 loops=1)
Sort  (cost=7066.01..7066.02 rows=2 width=130) (actual time=21.889..21.891 rows=1 loops=1)
Seq Scan on customer  (cost=0.00..7066.00 rows=1 width=21) (actual time=0.011..20.603 rows=1 loops=1)
Sort  (cost=7066.01..7066.02 rows=2 width=130) (actual time=21.473..21.474 rows=1 loops=1)
Seq Scan on customer  (cost=0.00..7066.00 rows=1 width=139) (actual time=16.522..19.730 rows=1 loops=1)
Seq Scan on customer  (cost=0.00..7066.00 rows=1 width=21) (actual time=11.307..19.517 rows=1 loops=1)
Sort  (cost=7066.01..7066.02 rows=2 width=130) (actual time=21.397..21.398 rows=1 loops=1)
Seq Scan on customer  (cost=0.00..7066.00 rows=1 width=403) (actual time=17.806..19.905 rows=1 loops=1)
Seq Scan on customer  (cost=0.00..7066.00 rows=1 width=21) (actual time=5.194..19.672 rows=1 loops=1)
Seq Scan on customer  (cost=0.00..7066.00 rows=1 width=21) (actual time=0.162..19.651 rows=1 loops=1)
Sort  (cost=7066.01..7066.02 rows=2 width=130) (actual time=20.747..20.748 rows=1 loops=1)
Seq Scan on customer  (cost=0.00..7066.00 rows=1 width=403) (actual time=16.760..19.349 rows=1 loops=1)
Seq Scan on customer  (cost=0.00..7066.00 rows=1 width=139) (actual time=16.788..19.259 rows=1 loops=1)
Sort  (cost=7066.01..7066.02 rows=2 width=130) (actual time=20.768..20.770 rows=4 loops=1)
Sort  (cost=7066.01..7066.02 rows=2 width=130) (actual time=20.343..20.344 rows=2 loops=1)
Seq Scan on customer  (cost=0.00..7066.00 rows=1 width=21) (actual time=17.322..18.669 rows=1 loops=1)
Sort  (cost=7066.01..7066.02 rows=2 width=130) (actual time=19.748..19.748 rows=1 loops=1)
Sort  (cost=7066.01..7066.02 rows=2 width=130) (actual time=19.672..19.674 rows=2 loops=1)
Sort  (cost=7066.01..7066.02 rows=2 width=130) (actual time=22.384..22.386 rows=5 loops=1)
Seq Scan on customer  (cost=0.00..7066.00 rows=1 width=21) (actual time=11.837..18.620 rows=1 loops=1)
Sort  (cost=7066.01..7066.02 rows=2 width=130) (actual time=19.611..19.612 rows=2 loops=1)
Sort  (cost=7066.10..7066.12 rows=7 width=130) (actual time=19.998..20.000 rows=9 loops=1)
Seq Scan on customer  (cost=0.00..7066.00 rows=1 width=21) (actual time=3.812..17.895 rows=1 loops=1)
Seq Scan on customer  (cost=0.00..7066.00 rows=1 width=21) (actual time=13.828..17.537 rows=1 loops=1)
Seq Scan on customer  (cost=0.00..7066.00 rows=1 width=21) (actual time=7.197..17.296 rows=1 loops=1)
Seq Scan on customer  (cost=0.00..7066.00 rows=1 width=139) (actual time=15.195..17.031 rows=1 loops=1)
Seq Scan on customer  (cost=0.00..7066.00 rows=1 width=403) (actual time=15.598..17.386 rows=1 loops=1)
Seq Scan on customer  (cost=0.00..7066.00 rows=1 width=21) (actual time=15.873..17.029 rows=1 loops=1)
Seq Scan on customer  (cost=0.00..7066.00 rows=1 width=21) (actual time=15.137..16.752 rows=1 loops=1)
Seq Scan on customer  (cost=0.00..7066.00 rows=1 width=21) (actual time=14.940..16.237 rows=1 loops=1)
Seq Scan on customer  (cost=0.00..7066.00 rows=1 width=21) (actual time=13.756..15.784 rows=1 loops=1)
Seq Scan on customer  (cost=0.00..7066.00 rows=1 width=139) (actual time=8.509..15.374 rows=1 loops=1)
Seq Scan on customer  (cost=0.00..7066.00 rows=1 width=139) (actual time=13.390..14.982 rows=1 loops=1)
Seq Scan on customer  (cost=0.00..7066.00 rows=1 width=21) (actual time=16.026..16.699 rows=1 loops=1)
Seq Scan on customer  (cost=0.00..7066.00 rows=1 width=139) (actual time=15.137..17.058 rows=1 loops=1)
Seq Scan on customer  (cost=0.00..7066.00 rows=1 width=139) (actual time=14.219..16.008 rows=1 loops=1)
Seq Scan on customer  (cost=0.00..7066.00 rows=1 width=21) (actual time=5.873..15.340 rows=1 loops=1)
Seq Scan on customer  (cost=0.00..7066.00 rows=1 width=21) (actual time=8.448..15.692 rows=1 loops=1)
Seq Scan on customer  (cost=0.00..7066.00 rows=1 width=139) (actual time=14.396..15.722 rows=1 loops=1)
Seq Scan on customer  (cost=0.00..7066.00 rows=1 width=21) (actual time=11.987..15.374 rows=1 loops=1)
Seq Scan on customer  (cost=0.00..7066.00 rows=1 width=139) (actual time=13.571..15.353 rows=1 loops=1)
Seq Scan on customer  (cost=0.00..7066.00 rows=1 width=21) (actual time=13.228..15.653 rows=1 loops=1)
Seq Scan on customer  (cost=0.00..7066.00 rows=1 width=21) (actual time=14.633..16.113 rows=1 loops=1)
Seq Scan on customer  (cost=0.00..7066.00 rows=1 width=21) (actual time=9.175..15.668 rows=1 loops=1)
Sort  (cost=7066.01..7066.02 rows=2 width=130) (actual time=17.259..17.260 rows=2 loops=1)
Seq Scan on customer  (cost=0.00..7066.00 rows=1 width=21) (actual time=14.824..15.536 rows=1 loops=1)
Seq Scan on customer  (cost=0.00..7066.00 rows=1 width=21) (actual time=4.234..15.024 rows=1 loops=1)
Seq Scan on customer  (cost=0.00..7066.00 rows=1 width=21) (actual time=9.943..16.692 rows=1 loops=1)
Seq Scan on customer  (cost=0.00..7066.00 rows=1 width=21) (actual time=15.605..16.522 rows=1 loops=1)
Seq Scan on customer  (cost=0.00..7066.00 rows=1 width=21) (actual time=9.685..15.567 rows=1 loops=1)
Sort  (cost=7066.01..7066.02 rows=2 width=130) (actual time=18.302..18.303 rows=3 loops=1)
Seq Scan on customer  (cost=0.00..7066.00 rows=1 width=21) (actual time=13.667..16.669 rows=1 loops=1)
Seq Scan on customer  (cost=0.00..7066.00 rows=1 width=21) (actual time=0.207..15.435 rows=1 loops=1)
Seq Scan on customer  (cost=0.00..7066.00 rows=2 width=21) (actual time=12.730..14.837 rows=1 loops=1)
Seq Scan on customer  (cost=0.00..7066.00 rows=1 width=139) (actual time=2.696..14.479 rows=1 loops=1)
Seq Scan on customer  (cost=0.00..7066.00 rows=1 width=21) (actual time=13.907..15.017 rows=1 loops=1)
Seq Scan on customer  (cost=0.00..7066.00 rows=1 width=21) (actual time=12.486..14.470 rows=1 loops=1)
Seq Scan on customer  (cost=0.00..7066.00 rows=1 width=21) (actual time=0.055..13.975 rows=1 loops=1)
Seq Scan on customer  (cost=0.00..7066.00 rows=1 width=139) (actual time=12.107..13.721 rows=1 loops=1)
Seq Scan on customer  (cost=0.00..7066.00 rows=1 width=139) (actual time=12.755..14.363 rows=1 loops=1)
Seq Scan on customer  (cost=0.00..7066.00 rows=1 width=21) (actual time=9.106..13.972 rows=1 loops=1)
Seq Scan on customer  (cost=0.00..7066.00 rows=1 width=21) (actual time=13.218..13.802 rows=1 loops=1)
Sort  (cost=7066.35..7066.39 rows=17 width=130) (actual time=15.327..15.328 rows=13 loops=1)
Seq Scan on customer  (cost=0.00..7066.00 rows=1 width=139) (actual time=12.009..13.667 rows=1 loops=1)
Seq Scan on customer  (cost=0.00..7066.00 rows=1 width=21) (actual time=15.036..16.787 rows=1 loops=1)
Seq Scan on customer  (cost=0.00..7066.00 rows=1 width=139) (actual time=15.231..17.118 rows=1 loops=1)
Sort  (cost=7066.01..7066.02 rows=2 width=130) (actual time=18.713..18.715 rows=10 loops=1)
Sort  (cost=7066.01..7066.02 rows=2 width=130) (actual time=18.470..18.470 rows=1 loops=1)
Seq Scan on customer  (cost=0.00..7066.00 rows=1 width=139) (actual time=14.761..16.708 rows=1 loops=1)
Seq Scan on customer  (cost=0.00..7066.00 rows=1 width=403) (actual time=14.214..15.988 rows=1 loops=1)
Sort  (cost=7066.01..7066.02 rows=2 width=130) (actual time=16.891..16.892 rows=1 loops=1)
Seq Scan on customer  (cost=0.00..7066.00 rows=1 width=21) (actual time=6.213..14.888 rows=1 loops=1)
Sort  (cost=7066.01..7066.02 rows=2 width=130) (actual time=15.852..15.852 rows=1 loops=1)
Seq Scan on customer  (cost=0.00..7066.00 rows=1 width=21) (actual time=3.393..14.369 rows=1 loops=1)
Sort  (cost=7066.01..7066.02 rows=2 width=130) (actual time=15.567..15.568 rows=1 loops=1)
Seq Scan on customer  (cost=0.00..7066.00 rows=1 width=21) (actual time=13.021..14.222 rows=1 loops=1)
Seq Scan on customer  (cost=0.00..7066.00 rows=1 width=21) (actual time=12.806..13.964 rows=1 loops=1)
Seq Scan on customer  (cost=0.00..7066.00 rows=1 width=21) (actual time=4.392..13.767 rows=1 loops=1)
Seq Scan on customer  (cost=0.00..7066.00 rows=1 width=21) (actual time=13.322..14.824 rows=1 loops=1)
Sort  (cost=7066.01..7066.02 rows=2 width=130) (actual time=18.408..18.409 rows=3 loops=1)
Seq Scan on customer  (cost=0.00..7066.00 rows=1 width=403) (actual time=15.156..17.032 rows=1 loops=1)
Sort  (cost=7066.01..7066.02 rows=2 width=130) (actual time=18.076..18.076 rows=1 loops=1)
Seq Scan on customer  (cost=0.00..7066.00 rows=1 width=21) (actual time=0.798..16.859 rows=1 loops=1)
Seq Scan on customer  (cost=0.00..7066.00 rows=1 width=139) (actual time=14.939..16.934 rows=1 loops=1)
Seq Scan on customer  (cost=0.00..7066.00 rows=1 width=139) (actual time=13.899..15.560 rows=1 loops=1)
Sort  (cost=7066.01..7066.02 rows=2 width=130) (actual time=16.378..16.379 rows=1 loops=1)
Seq Scan on customer  (cost=0.00..7066.00 rows=1 width=21) (actual time=10.933..15.124 rows=1 loops=1)
Seq Scan on customer  (cost=0.00..7066.00 rows=1 width=21) (actual time=5.831..14.669 rows=1 loops=1)
Sort  (cost=7066.01..7066.02 rows=2 width=130) (actual time=16.103..16.103 rows=1 loops=1)
Seq Scan on customer  (cost=0.00..7066.00 rows=1 width=139) (actual time=12.919..14.563 rows=1 loops=1)
Sort  (cost=7066.01..7066.02 rows=2 width=130) (actual time=15.751..15.752 rows=1 loops=1)
Seq Scan on customer  (cost=0.00..7066.00 rows=1 width=21) (actual time=10.062..15.416 rows=1 loops=1)
Seq Scan on customer  (cost=0.00..7066.00 rows=1 width=139) (actual time=15.291..17.183 rows=1 loops=1)
Seq Scan on customer  (cost=0.00..7066.00 rows=1 width=403) (actual time=15.266..17.244 rows=1 loops=1)
Seq Scan on customer  (cost=0.00..7066.00 rows=1 width=21) (actual time=15.319..16.803 rows=1 loops=1)
Seq Scan on customer  (cost=0.00..7066.00 rows=1 width=21) (actual time=8.903..15.480 rows=1 loops=1)
Seq Scan on customer  (cost=0.00..7066.00 rows=1 width=21) (actual time=13.038..14.659 rows=1 loops=1)
Sort  (cost=7066.01..7066.02 rows=2 width=130) (actual time=17.353..17.354 rows=1 loops=1)
Seq Scan on customer  (cost=0.00..7066.00 rows=1 width=21) (actual time=2.186..15.604 rows=1 loops=1)
Sort  (cost=7066.01..7066.02 rows=2 width=130) (actual time=16.589..16.589 rows=1 loops=1)
Sort  (cost=7066.01..7066.02 rows=2 width=130) (actual time=17.178..17.179 rows=1 loops=1)
Seq Scan on customer  (cost=0.00..7066.00 rows=1 width=21) (actual time=14.130..15.748 rows=1 loops=1)
Seq Scan on customer  (cost=0.00..7066.00 rows=1 width=21) (actual time=2.054..15.652 rows=1 loops=1)
Seq Scan on customer  (cost=0.00..7066.00 rows=1 width=21) (actual time=14.808..15.506 rows=1 loops=1)
Seq Scan on customer  (cost=0.00..7066.00 rows=1 width=139) (actual time=14.655..16.499 rows=1 loops=1)
Seq Scan on customer  (cost=0.00..7066.00 rows=1 width=21) (actual time=5.750..16.209 rows=1 loops=1)
Seq Scan on customer  (cost=0.00..7066.00 rows=1 width=21) (actual time=6.432..15.952 rows=1 loops=1)
Seq Scan on customer  (cost=0.00..7066.00 rows=1 width=21) (actual time=11.359..15.614 rows=1 loops=1)
Seq Scan on customer  (cost=0.00..7066.00 rows=1 width=139) (actual time=8.909..15.110 rows=1 loops=1)
Seq Scan on customer  (cost=0.00..7066.00 rows=1 width=139) (actual time=13.129..14.765 rows=1 loops=1)
Sort  (cost=7066.01..7066.02 rows=2 width=130) (actual time=16.112..16.113 rows=3 loops=1)
Seq Scan on customer  (cost=0.00..7066.00 rows=1 width=21) (actual time=7.859..14.718 rows=1 loops=1)
Seq Scan on customer  (cost=0.00..7066.00 rows=1 width=139) (actual time=13.540..14.799 rows=1 loops=1)
Seq Scan on customer  (cost=0.00..7066.00 rows=1 width=139) (actual time=12.985..14.620 rows=1 loops=1)
Seq Scan on customer  (cost=0.00..7066.00 rows=1 width=139) (actual time=0.330..14.139 rows=1 loops=1)
Sort  (cost=7066.01..7066.02 rows=2 width=130) (actual time=15.166..15.166 rows=1 loops=1)
Seq Scan on customer  (cost=0.00..7066.00 rows=1 width=139) (actual time=12.531..14.102 rows=1 loops=1)
Sort  (cost=7066.01..7066.02 rows=2 width=130) (actual time=15.414..15.415 rows=1 loops=1)
Seq Scan on customer  (cost=0.00..7066.00 rows=1 width=21) (actual time=5.681..16.211 rows=1 loops=1)
Seq Scan on customer  (cost=0.00..7066.00 rows=1 width=139) (actual time=14.682..16.590 rows=1 loops=1)
Seq Scan on customer  (cost=0.00..7066.00 rows=1 width=21) (actual time=2.924..15.722 rows=1 loops=1)
Sort  (cost=7066.01..7066.02 rows=2 width=130) (actual time=16.629..16.629 rows=1 loops=1)
Seq Scan on customer  (cost=0.00..7066.00 rows=1 width=21) (actual time=13.921..14.951 rows=1 loops=1)
Sort  (cost=7066.01..7066.02 rows=2 width=130) (actual time=16.091..16.092 rows=2 loops=1)
Seq Scan on customer  (cost=0.00..7066.00 rows=1 width=21) (actual time=6.336..14.479 rows=1 loops=1)
Seq Scan on customer  (cost=0.00..7066.00 rows=1 width=139) (actual time=14.157..14.816 rows=1 loops=1)
Seq Scan on customer  (cost=0.00..7066.00 rows=2 width=139) (actual time=15.717..17.110 rows=1 loops=1)
Seq Scan on customer  (cost=0.00..7066.00 rows=1 width=139) (actual time=9.918..16.953 rows=1 loops=1)
Sort  (cost=7066.01..7066.02 rows=2 width=130) (actual time=18.759..18.760 rows=1 loops=1)
Sort  (cost=7066.01..7066.02 rows=2 width=130) (actual time=18.137..18.137 rows=2 loops=1)
Seq Scan on customer  (cost=0.00..7066.00 rows=1 width=403) (actual time=13.919..15.598 rows=1 loops=1)
Seq Scan on customer  (cost=0.00..7066.00 rows=1 width=21) (actual time=3.982..14.801 rows=1 loops=1)
Seq Scan on customer  (cost=0.00..7066.00 rows=1 width=139) (actual time=12.893..14.498 rows=1 loops=1)
Seq Scan on customer  (cost=0.00..7066.00 rows=1 width=21) (actual time=8.087..14.048 rows=1 loops=1)
Sort  (cost=7066.01..7066.02 rows=2 width=130) (actual time=15.359..15.360 rows=3 loops=1)
Sort  (cost=7066.01..7066.02 rows=2 width=130) (actual time=15.325..15.326 rows=1 loops=1)
Seq Scan on customer  (cost=0.00..7066.00 rows=1 width=139) (actual time=12.443..13.985 rows=1 loops=1)
Seq Scan on customer  (cost=0.00..7066.00 rows=1 width=21) (actual time=7.628..14.495 rows=1 loops=1)
Seq Scan on customer  (cost=0.00..7066.00 rows=1 width=139) (actual time=14.696..16.426 rows=1 loops=1)
Seq Scan on customer  (cost=0.00..7066.00 rows=1 width=403) (actual time=14.112..15.816 rows=1 loops=1)
Sort  (cost=7066.01..7066.02 rows=2 width=130) (actual time=17.299..17.300 rows=1 loops=1)
Seq Scan on customer  (cost=0.00..7066.00 rows=1 width=21) (actual time=2.466..17.232 rows=1 loops=1)
Seq Scan on customer  (cost=0.00..7066.00 rows=1 width=21) (actual time=15.207..16.484 rows=1 loops=1)
Seq Scan on customer  (cost=0.00..7066.00 rows=1 width=21) (actual time=5.563..15.338 rows=1 loops=1)
Seq Scan on customer  (cost=0.00..7066.00 rows=1 width=21) (actual time=6.481..14.662 rows=1 loops=1)
Seq Scan on customer  (cost=0.00..7066.00 rows=1 width=21) (actual time=8.254..14.085 rows=1 loops=1)
Seq Scan on customer  (cost=0.00..7066.00 rows=1 width=139) (actual time=12.632..15.173 rows=1 loops=1)
Seq Scan on customer  (cost=0.00..7066.00 rows=1 width=403) (actual time=16.061..17.941 rows=1 loops=1)
Seq Scan on customer  (cost=0.00..7066.00 rows=1 width=21) (actual time=10.555..16.353 rows=1 loops=1)
Sort  (cost=7066.01..7066.02 rows=2 width=130) (actual time=17.088..17.089 rows=1 loops=1)
Sort  (cost=7066.01..7066.02 rows=2 width=130) (actual time=18.085..18.087 rows=1 loops=1)
Seq Scan on customer  (cost=0.00..7066.00 rows=1 width=403) (actual time=14.775..16.628 rows=1 loops=1)
Sort  (cost=7066.01..7066.02 rows=2 width=130) (actual time=17.328..17.329 rows=2 loops=1)
Seq Scan on customer  (cost=0.00..7066.00 rows=1 width=139) (actual time=13.406..15.076 rows=1 loops=1)
Seq Scan on customer  (cost=0.00..7066.00 rows=1 width=403) (actual time=13.165..14.824 rows=1 loops=1)
Sort  (cost=7066.24..7066.27 rows=13 width=130) (actual time=16.094..16.095 rows=11 loops=1)
Seq Scan on customer  (cost=0.00..7066.00 rows=1 width=21) (actual time=0.529..14.764 rows=1 loops=1)
Seq Scan on customer  (cost=0.00..7066.00 rows=1 width=21) (actual time=5.945..15.736 rows=1 loops=1)
Seq Scan on customer  (cost=0.00..7066.00 rows=1 width=21) (actual time=14.469..15.377 rows=1 loops=1)
Seq Scan on customer  (cost=0.00..7066.00 rows=1 width=21) (actual time=12.432..16.214 rows=1 loops=1)
Seq Scan on customer  (cost=0.00..7066.00 rows=1 width=21) (actual time=3.267..16.642 rows=1 loops=1)
Seq Scan on customer  (cost=0.00..7066.00 rows=1 width=21) (actual time=14.528..16.356 rows=1 loops=1)
Seq Scan on customer  (cost=0.00..7066.00 rows=1 width=21) (actual time=1.406..15.342 rows=1 loops=1)
Seq Scan on customer  (cost=0.00..7066.00 rows=1 width=21) (actual time=10.089..14.329 rows=1 loops=1)
Sort  (cost=7066.01..7066.02 rows=2 width=130) (actual time=16.595..16.596 rows=1 loops=1)
Sort  (cost=7066.01..7066.02 rows=2 width=130) (actual time=17.874..17.874 rows=1 loops=1)
Seq Scan on customer  (cost=0.00..7066.00 rows=1 width=139) (actual time=14.122..15.846 rows=1 loops=1)
Seq Scan on customer  (cost=0.00..7066.00 rows=1 width=21) (actual time=9.232..14.924 rows=1 loops=1)
Seq Scan on customer  (cost=0.00..7066.00 rows=1 width=21) (actual time=6.596..14.890 rows=1 loops=1)
Sort  (cost=7066.01..7066.02 rows=2 width=130) (actual time=16.280..16.280 rows=4 loops=1)
Sort  (cost=7066.01..7066.02 rows=2 width=130) (actual time=15.756..15.756 rows=1 loops=1)
Seq Scan on customer  (cost=0.00..7066.00 rows=1 width=21) (actual time=7.856..14.331 rows=1 loops=1)
Seq Scan on customer  (cost=0.00..7066.00 rows=1 width=21) (actual time=1.828..14.081 rows=1 loops=1)
Seq Scan on customer  (cost=0.00..7066.00 rows=1 width=21) (actual time=7.375..13.961 rows=1 loops=1)
Seq Scan on customer  (cost=0.00..7066.00 rows=1 width=139) (actual time=12.021..13.602 rows=1 loops=1)
Seq Scan on customer  (cost=0.00..7066.00 rows=1 width=139) (actual time=11.814..13.476 rows=1 loops=1)
Seq Scan on customer  (cost=0.00..7066.00 rows=1 width=139) (actual time=3.975..14.232 rows=1 loops=1)
Seq Scan on customer  (cost=0.00..7066.00 rows=1 width=21) (actual time=9.614..13.747 rows=1 loops=1)
Seq Scan on customer  (cost=0.00..7066.00 rows=1 width=21) (actual time=6.694..13.762 rows=1 loops=1)
Seq Scan on customer  (cost=0.00..7066.00 rows=1 width=21) (actual time=2.245..14.109 rows=1 loops=1)
Seq Scan on customer  (cost=0.00..7066.00 rows=1 width=21) (actual time=1.693..14.048 rows=1 loops=1)
Seq Scan on customer  (cost=0.00..7066.00 rows=1 width=21) (actual time=0.027..13.859 rows=1 loops=1)
Sort  (cost=7066.01..7066.02 rows=2 width=130) (actual time=15.167..15.168 rows=1 loops=1)
Seq Scan on customer  (cost=0.00..7066.00 rows=1 width=403) (actual time=12.631..14.158 rows=1 loops=1)
Sort  (cost=7066.01..7066.02 rows=2 width=130) (actual time=16.744..16.745 rows=4 loops=1)
Seq Scan on customer  (cost=0.00..7066.00 rows=1 width=21) (actual time=14.859..16.637 rows=1 loops=1)
Seq Scan on customer  (cost=0.00..7066.00 rows=1 width=21) (actual time=4.644..15.931 rows=1 loops=1)
Seq Scan on customer  (cost=0.00..7066.00 rows=1 width=139) (actual time=14.394..15.138 rows=1 loops=1)
Sort  (cost=7066.01..7066.02 rows=2 width=130) (actual time=17.600..17.601 rows=1 loops=1)
Sort  (cost=7066.01..7066.02 rows=2 width=130) (actual time=18.720..18.721 rows=1 loops=1)
Seq Scan on customer  (cost=0.00..7066.00 rows=1 width=21) (actual time=16.244..16.929 rows=1 loops=1)
Seq Scan on customer  (cost=0.00..7066.00 rows=1 width=21) (actual time=13.293..16.509 rows=1 loops=1)
Seq Scan on customer  (cost=0.00..7066.00 rows=1 width=139) (actual time=14.903..16.693 rows=1 loops=1)
Seq Scan on customer  (cost=0.00..7066.00 rows=1 width=21) (actual time=13.173..15.611 rows=1 loops=1)
Sort  (cost=7066.10..7066.12 rows=7 width=130) (actual time=16.584..16.585 rows=9 loops=1)
Seq Scan on customer  (cost=0.00..7066.00 rows=1 width=139) (actual time=12.762..14.480 rows=1 loops=1)
Seq Scan on customer  (cost=0.00..7066.00 rows=1 width=139) (actual time=12.211..13.749 rows=1 loops=1)
Sort  (cost=7066.01..7066.02 rows=2 width=130) (actual time=18.193..18.194 rows=1 loops=1)
Seq Scan on customer  (cost=0.00..7066.00 rows=1 width=21) (actual time=14.696..16.459 rows=1 loops=1)
Sort  (cost=7066.35..7066.39 rows=17 width=130) (actual time=17.472..17.474 rows=16 loops=1)
Seq Scan on customer  (cost=0.00..7066.00 rows=1 width=21) (actual time=5.460..15.418 rows=1 loops=1)
Sort  (cost=7066.10..7066.12 rows=7 width=130) (actual time=16.683..16.684 rows=11 loops=1)
Seq Scan on customer  (cost=0.00..7066.00 rows=1 width=21) (actual time=3.784..14.976 rows=1 loops=1)
Sort  (cost=7066.40..7066.45 rows=19 width=130) (actual time=18.092..18.094 rows=13 loops=1)
Seq Scan on customer  (cost=0.00..7066.00 rows=1 width=21) (actual time=2.182..17.016 rows=1 loops=1)
Seq Scan on customer  (cost=0.00..7066.00 rows=1 width=21) (actual time=2.569..16.017 rows=1 loops=1)
Seq Scan on customer  (cost=0.00..7066.00 rows=1 width=21) (actual time=4.430..15.575 rows=1 loops=1)
Seq Scan on customer  (cost=0.00..7066.00 rows=1 width=139) (actual time=0.266..14.666 rows=1 loops=1)
Seq Scan on customer  (cost=0.00..7066.00 rows=1 width=403) (actual time=0.231..14.154 rows=1 loops=1)
Seq Scan on customer  (cost=0.00..7066.00 rows=1 width=21) (actual time=6.879..14.260 rows=1 loops=1)
Sort  (cost=7066.01..7066.02 rows=2 width=130) (actual time=15.741..15.741 rows=1 loops=1)
Seq Scan on customer  (cost=0.00..7066.00 rows=1 width=139) (actual time=14.014..15.794 rows=1 loops=1)
Seq Scan on customer  (cost=0.00..7066.00 rows=1 width=21) (actual time=10.230..16.358 rows=1 loops=1)
Seq Scan on customer  (cost=0.00..7066.00 rows=1 width=139) (actual time=13.739..15.633 rows=1 loops=1)
Seq Scan on customer  (cost=0.00..7066.00 rows=1 width=139) (actual time=13.152..14.885 rows=1 loops=1)
Seq Scan on customer  (cost=0.00..7066.00 rows=1 width=139) (actual time=12.873..14.548 rows=1 loops=1)
Seq Scan on customer  (cost=0.00..7066.00 rows=1 width=21) (actual time=13.344..14.158 rows=1 loops=1)
Seq Scan on customer  (cost=0.00..7066.00 rows=1 width=21) (actual time=14.045..16.895 rows=1 loops=1)
Sort  (cost=7066.01..7066.02 rows=2 width=130) (actual time=18.242..18.244 rows=5 loops=1)
Seq Scan on customer  (cost=0.00..7066.00 rows=1 width=139) (actual time=14.784..16.664 rows=1 loops=1)
Seq Scan on customer  (cost=0.00..7066.00 rows=1 width=403) (actual time=15.065..16.904 rows=1 loops=1)
Seq Scan on customer  (cost=0.00..7066.00 rows=1 width=21) (actual time=2.029..16.985 rows=1 loops=1)
Seq Scan on customer  (cost=0.00..7066.00 rows=1 width=21) (actual time=6.019..15.932 rows=1 loops=1)
Seq Scan on customer  (cost=0.00..7066.00 rows=1 width=21) (actual time=8.556..15.521 rows=1 loops=1)
Seq Scan on customer  (cost=0.00..7066.00 rows=1 width=21) (actual time=9.991..16.924 rows=1 loops=1)
Seq Scan on customer  (cost=0.00..7066.00 rows=1 width=139) (actual time=14.449..16.172 rows=1 loops=1)
Seq Scan on customer  (cost=0.00..7066.00 rows=1 width=139) (actual time=13.693..15.321 rows=1 loops=1)
Seq Scan on customer  (cost=0.00..7066.00 rows=1 width=139) (actual time=10.061..14.907 rows=1 loops=1)
Seq Scan on customer  (cost=0.00..7066.00 rows=1 width=21) (actual time=4.763..14.768 rows=1 loops=1)
Seq Scan on customer  (cost=0.00..7066.00 rows=1 width=21) (actual time=10.422..14.635 rows=1 loops=1)
Seq Scan on customer  (cost=0.00..7066.00 rows=1 width=21) (actual time=0.322..14.321 rows=1 loops=1)
Sort  (cost=7066.01..7066.02 rows=2 width=130) (actual time=15.754..15.755 rows=2 loops=1)
Sort  (cost=7066.01..7066.02 rows=2 width=130) (actual time=15.740..15.741 rows=1 loops=1)
Seq Scan on customer  (cost=0.00..7066.00 rows=1 width=21) (actual time=0.822..14.143 rows=1 loops=1)
Seq Scan on customer  (cost=0.00..7066.00 rows=1 width=21) (actual time=2.525..13.978 rows=1 loops=1)
Sort  (cost=7066.01..7066.02 rows=2 width=130) (actual time=15.456..15.457 rows=3 loops=1)
Seq Scan on customer  (cost=0.00..7066.00 rows=1 width=139) (actual time=12.707..14.244 rows=1 loops=1)
Seq Scan on customer  (cost=0.00..7066.00 rows=1 width=139) (actual time=12.575..14.120 rows=1 loops=1)
Seq Scan on customer  (cost=0.00..7066.00 rows=1 width=21) (actual time=12.431..14.940 rows=1 loops=1)
Seq Scan on customer  (cost=0.00..7066.00 rows=1 width=139) (actual time=14.317..16.064 rows=1 loops=1)
Seq Scan on customer  (cost=0.00..7066.00 rows=1 width=21) (actual time=8.477..15.563 rows=1 loops=1)
Seq Scan on customer  (cost=0.00..7066.00 rows=1 width=21) (actual time=4.679..14.661 rows=1 loops=1)
Seq Scan on customer  (cost=0.00..7066.00 rows=1 width=21) (actual time=11.229..14.553 rows=1 loops=1)
Sort  (cost=7066.01..7066.02 rows=2 width=130) (actual time=15.827..15.828 rows=3 loops=1)
Sort  (cost=7066.01..7066.02 rows=2 width=130) (actual time=16.174..16.175 rows=1 loops=1)
Seq Scan on customer  (cost=0.00..7066.00 rows=1 width=21) (actual time=13.458..14.379 rows=1 loops=1)
Sort  (cost=7066.01..7066.02 rows=2 width=130) (actual time=16.306..16.306 rows=1 loops=1)
Sort  (cost=7066.01..7066.02 rows=2 width=130) (actual time=16.174..16.175 rows=4 loops=1)
Seq Scan on customer  (cost=0.00..7066.00 rows=1 width=21) (actual time=13.556..14.667 rows=1 loops=1)
Seq Scan on customer  (cost=0.00..7066.00 rows=1 width=139) (actual time=13.820..15.483 rows=1 loops=1)
Sort  (cost=7066.10..7066.12 rows=7 width=130) (actual time=16.620..16.621 rows=8 loops=1)
Sort  (cost=7066.01..7066.02 rows=2 width=130) (actual time=17.708..17.710 rows=2 loops=1)
Sort  (cost=7066.01..7066.02 rows=2 width=130) (actual time=18.766..18.767 rows=1 loops=1)
Seq Scan on customer  (cost=0.00..7066.00 rows=1 width=139) (actual time=14.828..16.672 rows=1 loops=1)
Seq Scan on customer  (cost=0.00..7066.00 rows=1 width=139) (actual time=15.148..16.663 rows=1 loops=1)
Seq Scan on customer  (cost=0.00..7066.00 rows=1 width=21) (actual time=15.547..16.114 rows=1 loops=1)
Seq Scan on customer  (cost=0.00..7066.00 rows=1 width=21) (actual time=6.511..15.010 rows=1 loops=1)
Seq Scan on customer  (cost=0.00..7066.00 rows=1 width=139) (actual time=12.737..14.274 rows=1 loops=1)
Sort  (cost=7066.01..7066.02 rows=2 width=130) (actual time=15.494..15.495 rows=1 loops=1)
Seq Scan on customer  (cost=0.00..7066.00 rows=1 width=21) (actual time=0.322..13.881 rows=1 loops=1)
Seq Scan on customer  (cost=0.00..7066.00 rows=1 width=139) (actual time=5.632..13.757 rows=1 loops=1)
Seq Scan on customer  (cost=0.00..7066.00 rows=1 width=139) (actual time=7.336..17.506 rows=1 loops=1)
Seq Scan on customer  (cost=0.00..7066.00 rows=1 width=403) (actual time=6.680..15.692 rows=1 loops=1)
Seq Scan on customer  (cost=0.00..7066.00 rows=1 width=21) (actual time=5.751..14.669 rows=1 loops=1)
Seq Scan on customer  (cost=0.00..7066.00 rows=1 width=139) (actual time=13.082..14.742 rows=1 loops=1)
Seq Scan on customer  (cost=0.00..7066.00 rows=1 width=21) (actual time=1.736..18.087 rows=1 loops=1)
Sort  (cost=7066.01..7066.02 rows=2 width=130) (actual time=18.715..18.716 rows=1 loops=1)
Seq Scan on customer  (cost=0.00..7066.00 rows=1 width=139) (actual time=14.745..16.622 rows=1 loops=1)
Seq Scan on customer  (cost=0.00..7066.00 rows=1 width=21) (actual time=4.459..15.845 rows=1 loops=1)
Seq Scan on customer  (cost=0.00..7066.00 rows=1 width=21) (actual time=6.075..15.086 rows=1 loops=1)
Seq Scan on customer  (cost=0.00..7066.00 rows=1 width=21) (actual time=12.626..14.690 rows=1 loops=1)
Sort  (cost=7066.01..7066.02 rows=2 width=130) (actual time=16.159..16.159 rows=1 loops=1)
Seq Scan on customer  (cost=0.00..7066.00 rows=1 width=21) (actual time=13.526..14.219 rows=1 loops=1)
Sort  (cost=7066.01..7066.02 rows=2 width=130) (actual time=15.387..15.387 rows=1 loops=1)
Sort  (cost=7066.29..7066.33 rows=15 width=130) (actual time=15.240..15.241 rows=11 loops=1)
Seq Scan on customer  (cost=0.00..7066.00 rows=1 width=21) (actual time=3.819..13.769 rows=1 loops=1)
Seq Scan on customer  (cost=0.00..7066.00 rows=1 width=21) (actual time=7.637..13.914 rows=1 loops=1)
Sort  (cost=7066.01..7066.02 rows=2 width=130) (actual time=16.579..16.581 rows=3 loops=1)
Sort  (cost=7066.01..7066.02 rows=2 width=130) (actual time=18.507..18.507 rows=2 loops=1)
Sort  (cost=7066.01..7066.02 rows=2 width=130) (actual time=18.623..18.624 rows=4 loops=1)
Seq Scan on customer  (cost=0.00..7066.00 rows=1 width=21) (actual time=0.416..16.792 rows=1 loops=1)
Seq Scan on customer  (cost=0.00..7066.00 rows=1 width=21) (actual time=11.942..15.693 rows=1 loops=1)
Seq Scan on customer  (cost=0.00..7066.00 rows=1 width=21) (actual time=6.702..14.761 rows=1 loops=1)
Seq Scan on customer  (cost=0.00..7066.00 rows=1 width=21) (actual time=4.705..14.452 rows=1 loops=1)
Seq Scan on customer  (cost=0.00..7066.00 rows=1 width=21) (actual time=6.041..14.050 rows=1 loops=1)
Sort  (cost=7066.01..7066.02 rows=2 width=130) (actual time=15.269..15.270 rows=4 loops=1)
Seq Scan on customer  (cost=0.00..7066.00 rows=1 width=139) (actual time=12.155..13.666 rows=1 loops=1)
Seq Scan on customer  (cost=0.00..7066.00 rows=1 width=21) (actual time=13.121..13.609 rows=1 loops=1)
Seq Scan on customer  (cost=0.00..7066.00 rows=1 width=21) (actual time=10.876..13.680 rows=1 loops=1)
Seq Scan on customer  (cost=0.00..7066.00 rows=1 width=21) (actual time=12.686..13.715 rows=1 loops=1)
Seq Scan on customer  (cost=0.00..7066.00 rows=1 width=21) (actual time=12.652..13.772 rows=1 loops=1)
Seq Scan on customer  (cost=0.00..7066.00 rows=1 width=21) (actual time=13.482..14.061 rows=1 loops=1)
Seq Scan on customer  (cost=0.00..7066.00 rows=1 width=21) (actual time=11.277..13.727 rows=1 loops=1)
Seq Scan on customer  (cost=0.00..7066.00 rows=1 width=21) (actual time=0.997..13.532 rows=1 loops=1)
Sort  (cost=7066.01..7066.02 rows=2 width=130) (actual time=15.709..15.710 rows=2 loops=1)
Seq Scan on customer  (cost=0.00..7066.00 rows=1 width=21) (actual time=9.683..16.744 rows=1 loops=1)
Seq Scan on customer  (cost=0.00..7066.00 rows=1 width=139) (actual time=14.324..16.015 rows=1 loops=1)
Seq Scan on customer  (cost=0.00..7066.00 rows=1 width=139) (actual time=13.627..15.251 rows=1 loops=1)
Seq Scan on customer  (cost=0.00..7066.00 rows=1 width=21) (actual time=6.673..14.471 rows=1 loops=1)
Seq Scan on customer  (cost=0.00..7066.00 rows=1 width=21) (actual time=6.048..14.201 rows=1 loops=1)
Sort  (cost=7066.01..7066.02 rows=2 width=130) (actual time=15.505..15.506 rows=2 loops=1)
Seq Scan on customer  (cost=0.00..7066.00 rows=1 width=21) (actual time=8.770..13.869 rows=1 loops=1)
Sort  (cost=7066.01..7066.02 rows=2 width=130) (actual time=15.406..15.407 rows=1 loops=1)
Sort  (cost=7066.01..7066.02 rows=2 width=130) (actual time=15.320..15.320 rows=1 loops=1)
Seq Scan on customer  (cost=0.00..7066.00 rows=1 width=21) (actual time=11.404..13.753 rows=1 loops=1)
Seq Scan on customer  (cost=0.00..7066.00 rows=1 width=21) (actual time=11.947..13.608 rows=1 loops=1)
Seq Scan on customer  (cost=0.00..7066.00 rows=1 width=139) (actual time=1.711..13.535 rows=1 loops=1)
Seq Scan on customer  (cost=0.00..7066.00 rows=1 width=21) (actual time=9.635..13.664 rows=1 loops=1)
Sort  (cost=7066.40..7066.45 rows=19 width=130) (actual time=16.338..16.340 rows=20 loops=1)
Sort  (cost=7066.01..7066.02 rows=2 width=130) (actual time=16.418..16.419 rows=2 loops=1)
Seq Scan on customer  (cost=0.00..7066.00 rows=1 width=139) (actual time=13.926..15.551 rows=1 loops=1)
Seq Scan on customer  (cost=0.00..7066.00 rows=1 width=403) (actual time=13.840..15.470 rows=1 loops=1)
Seq Scan on customer  (cost=0.00..7066.00 rows=1 width=139) (actual time=13.243..14.828 rows=1 loops=1)
Seq Scan on customer  (cost=0.00..7066.00 rows=1 width=21) (actual time=3.162..14.269 rows=1 loops=1)
Seq Scan on customer  (cost=0.00..7066.00 rows=1 width=21) (actual time=1.654..15.651 rows=1 loops=1)
Seq Scan on customer  (cost=0.00..7066.00 rows=1 width=21) (actual time=8.870..17.153 rows=1 loops=1)
Sort  (cost=7066.01..7066.02 rows=2 width=130) (actual time=18.371..18.372 rows=1 loops=1)
Seq Scan on customer  (cost=0.00..7066.00 rows=1 width=21) (actual time=15.836..17.044 rows=1 loops=1)
Seq Scan on customer  (cost=0.00..7066.00 rows=1 width=21) (actual time=7.743..16.384 rows=1 loops=1)
Seq Scan on customer  (cost=0.00..7066.00 rows=1 width=21) (actual time=11.634..15.583 rows=1 loops=1)
Seq Scan on customer  (cost=0.00..7066.00 rows=1 width=21) (actual time=2.607..14.800 rows=1 loops=1)
Seq Scan on customer  (cost=0.00..7066.00 rows=1 width=21) (actual time=2.522..14.236 rows=1 loops=1)
Seq Scan on customer  (cost=0.00..7066.00 rows=1 width=139) (actual time=12.434..13.968 rows=1 loops=1)
Seq Scan on customer  (cost=0.00..7066.00 rows=1 width=21) (actual time=8.696..13.865 rows=1 loops=1)
Sort  (cost=7066.38..7066.42 rows=18 width=130) (actual time=15.565..15.567 rows=16 loops=1)
Seq Scan on customer  (cost=0.00..7066.00 rows=1 width=21) (actual time=10.618..13.854 rows=1 loops=1)
Seq Scan on customer  (cost=0.00..7066.00 rows=1 width=21) (actual time=10.508..13.553 rows=1 loops=1)
Sort  (cost=7066.01..7066.02 rows=2 width=130) (actual time=15.207..15.208 rows=1 loops=1)
Seq Scan on customer  (cost=0.00..7066.00 rows=1 width=403) (actual time=15.069..16.837 rows=1 loops=1)
Seq Scan on customer  (cost=0.00..7066.00 rows=1 width=21) (actual time=9.240..16.641 rows=1 loops=1)
Sort  (cost=7066.01..7066.02 rows=2 width=130) (actual time=18.501..18.502 rows=4 loops=1)
Seq Scan on customer  (cost=0.00..7066.00 rows=1 width=139) (actual time=15.430..17.031 rows=1 loops=1)
Sort  (cost=7066.01..7066.02 rows=2 width=130) (actual time=17.627..17.628 rows=3 loops=1)
Seq Scan on customer  (cost=0.00..7066.00 rows=1 width=21) (actual time=14.481..15.720 rows=1 loops=1)
Sort  (cost=7066.01..7066.02 rows=2 width=130) (actual time=16.498..16.498 rows=2 loops=1)
Seq Scan on customer  (cost=0.00..7066.00 rows=1 width=139) (actual time=12.924..14.480 rows=1 loops=1)
Seq Scan on customer  (cost=0.00..7066.00 rows=1 width=139) (actual time=12.550..14.094 rows=1 loops=1)
Seq Scan on customer  (cost=0.00..7066.00 rows=1 width=139) (actual time=12.184..13.848 rows=1 loops=1)
Seq Scan on customer  (cost=0.00..7066.00 rows=1 width=21) (actual time=4.905..13.618 rows=1 loops=1)
Seq Scan on customer  (cost=0.00..7066.00 rows=1 width=21) (actual time=3.515..13.980 rows=1 loops=1)
Seq Scan on customer  (cost=0.00..7066.00 rows=1 width=21) (actual time=8.142..16.986 rows=1 loops=1)
Sort  (cost=7066.01..7066.02 rows=2 width=130) (actual time=18.414..18.415 rows=1 loops=1)
Seq Scan on customer  (cost=0.00..7066.00 rows=1 width=139) (actual time=15.132..16.937 rows=1 loops=1)
Seq Scan on customer  (cost=0.00..7066.00 rows=1 width=403) (actual time=14.493..16.169 rows=1 loops=1)
Sort  (cost=7066.01..7066.02 rows=2 width=130) (actual time=16.607..16.608 rows=1 loops=1)
Sort  (cost=7066.01..7066.02 rows=2 width=130) (actual time=16.215..16.216 rows=4 loops=1)
Seq Scan on customer  (cost=0.00..7066.00 rows=1 width=139) (actual time=12.682..14.247 rows=1 loops=1)
Seq Scan on customer  (cost=0.00..7066.00 rows=1 width=21) (actual time=2.986..13.854 rows=1 loops=1)
Sort  (cost=7066.01..7066.02 rows=2 width=130) (actual time=15.434..15.435 rows=3 loops=1)
Seq Scan on customer  (cost=0.00..7066.00 rows=1 width=139) (actual time=12.603..14.170 rows=1 loops=1)
Sort  (cost=7066.10..7066.12 rows=7 width=130) (actual time=15.423..15.424 rows=4 loops=1)
Seq Scan on customer  (cost=0.00..7066.00 rows=1 width=21) (actual time=10.485..13.974 rows=1 loops=1)
Seq Scan on customer  (cost=0.00..7066.00 rows=1 width=21) (actual time=2.744..13.865 rows=1 loops=1)
Seq Scan on customer  (cost=0.00..7066.00 rows=1 width=139) (actual time=12.009..13.495 rows=1 loops=1)
Seq Scan on customer  (cost=0.00..7066.00 rows=1 width=21) (actual time=12.438..13.308 rows=1 loops=1)
Sort  (cost=7066.01..7066.02 rows=2 width=130) (actual time=17.689..17.690 rows=1 loops=1)
Sort  (cost=7066.01..7066.02 rows=2 width=130) (actual time=17.612..17.613 rows=1 loops=1)
Seq Scan on customer  (cost=0.00..7066.00 rows=1 width=139) (actual time=13.614..15.287 rows=1 loops=1)
Seq Scan on customer  (cost=0.00..7066.00 rows=1 width=21) (actual time=11.458..14.853 rows=1 loops=1)
Sort  (cost=7066.01..7066.02 rows=2 width=130) (actual time=16.380..16.380 rows=1 loops=1)
Sort  (cost=7066.10..7066.12 rows=7 width=130) (actual time=15.917..15.918 rows=4 loops=1)
Seq Scan on customer  (cost=0.00..7066.00 rows=1 width=21) (actual time=2.280..14.338 rows=1 loops=1)
Seq Scan on customer  (cost=0.00..7066.00 rows=1 width=21) (actual time=2.149..14.715 rows=1 loops=1)
Sort  (cost=7066.01..7066.02 rows=2 width=130) (actual time=15.675..15.676 rows=1 loops=1)
Seq Scan on customer  (cost=0.00..7066.00 rows=1 width=139) (actual time=12.492..14.030 rows=1 loops=1)
Sort  (cost=7066.01..7066.02 rows=2 width=130) (actual time=15.750..15.751 rows=1 loops=1)
Seq Scan on customer  (cost=0.00..7066.00 rows=1 width=21) (actual time=0.244..14.037 rows=1 loops=1)
Seq Scan on customer  (cost=0.00..7066.00 rows=1 width=139) (actual time=12.215..13.750 rows=1 loops=1)
Seq Scan on customer  (cost=0.00..7066.00 rows=1 width=21) (actual time=7.274..13.935 rows=1 loops=1)
Seq Scan on customer  (cost=0.00..7066.00 rows=1 width=21) (actual time=4.188..13.617 rows=1 loops=1)
Sort  (cost=7066.01..7066.02 rows=2 width=130) (actual time=18.229..18.230 rows=1 loops=1)
Seq Scan on customer  (cost=0.00..7066.00 rows=1 width=139) (actual time=15.086..16.818 rows=1 loops=1)
Seq Scan on customer  (cost=0.00..7066.00 rows=1 width=21) (actual time=6.426..15.824 rows=1 loops=1)
Seq Scan on customer  (cost=0.00..7066.00 rows=1 width=21) (actual time=7.861..17.511 rows=1 loops=1)
Sort  (cost=7066.01..7066.02 rows=2 width=130) (actual time=18.708..18.709 rows=1 loops=1)
Seq Scan on customer  (cost=0.00..7066.00 rows=1 width=21) (actual time=14.911..16.016 rows=1 loops=1)
Sort  (cost=7066.01..7066.02 rows=2 width=130) (actual time=16.669..16.669 rows=1 loops=1)
Seq Scan on customer  (cost=0.00..7066.00 rows=1 width=21) (actual time=5.436..15.329 rows=1 loops=1)
Seq Scan on customer  (cost=0.00..7066.00 rows=1 width=21) (actual time=14.762..17.270 rows=1 loops=1)
Sort  (cost=7066.01..7066.02 rows=2 width=130) (actual time=18.244..18.245 rows=1 loops=1)
Seq Scan on customer  (cost=0.00..7066.00 rows=1 width=139) (actual time=14.687..16.416 rows=1 loops=1)
Seq Scan on customer  (cost=0.00..7066.00 rows=1 width=403) (actual time=14.329..16.151 rows=1 loops=1)
Sort  (cost=7066.10..7066.12 rows=7 width=130) (actual time=18.142..18.143 rows=9 loops=1)
Seq Scan on customer  (cost=0.00..7066.00 rows=1 width=21) (actual time=0.258..16.215 rows=1 loops=1)
Seq Scan on customer  (cost=0.00..7066.00 rows=1 width=21) (actual time=2.653..15.597 rows=1 loops=1)
Seq Scan on customer  (cost=0.00..7066.00 rows=1 width=21) (actual time=10.881..15.071 rows=1 loops=1)
Seq Scan on customer  (cost=0.00..7066.00 rows=1 width=139) (actual time=13.131..14.722 rows=1 loops=1)
Seq Scan on customer  (cost=0.00..7066.00 rows=1 width=139) (actual time=12.792..14.325 rows=1 loops=1)
Seq Scan on customer  (cost=0.00..7066.00 rows=1 width=139) (actual time=14.655..15.876 rows=1 loops=1)
Sort  (cost=7066.01..7066.02 rows=2 width=130) (actual time=17.979..17.979 rows=1 loops=1)
Seq Scan on customer  (cost=0.00..7066.00 rows=1 width=403) (actual time=14.931..16.810 rows=1 loops=1)
Sort  (cost=7066.01..7066.02 rows=2 width=130) (actual time=18.434..18.434 rows=1 loops=1)
Seq Scan on customer  (cost=0.00..7066.00 rows=1 width=139) (actual time=14.746..16.625 rows=1 loops=1)
Sort  (cost=7066.01..7066.02 rows=2 width=130) (actual time=18.362..18.363 rows=2 loops=1)
Sort  (cost=7066.01..7066.02 rows=2 width=130) (actual time=17.733..17.734 rows=7 loops=1)
Seq Scan on customer  (cost=0.00..7066.00 rows=1 width=21) (actual time=6.145..15.469 rows=1 loops=1)
Sort  (cost=7066.01..7066.02 rows=2 width=130) (actual time=18.020..18.020 rows=1 loops=1)
Seq Scan on customer  (cost=0.00..7066.00 rows=1 width=139) (actual time=14.353..16.107 rows=1 loops=1)
Seq Scan on customer  (cost=0.00..7066.00 rows=2 width=21) (actual time=3.656..15.659 rows=1 loops=1)
Seq Scan on customer  (cost=0.00..7066.00 rows=1 width=139) (actual time=5.874..17.054 rows=1 loops=1)
Seq Scan on customer  (cost=0.00..7066.00 rows=1 width=21) (actual time=15.689..17.558 rows=1 loops=1)
Seq Scan on customer  (cost=0.00..7066.00 rows=1 width=21) (actual time=2.112..16.287 rows=1 loops=1)
Seq Scan on customer  (cost=0.00..7066.00 rows=1 width=139) (actual time=14.613..16.285 rows=1 loops=1)
Seq Scan on customer  (cost=0.00..7066.00 rows=1 width=21) (actual time=9.707..15.784 rows=1 loops=1)
Seq Scan on customer  (cost=0.00..7066.00 rows=1 width=21) (actual time=4.712..15.447 rows=1 loops=1)
Sort  (cost=7066.01..7066.02 rows=2 width=130) (actual time=16.875..16.875 rows=2 loops=1)
Sort  (cost=7066.01..7066.02 rows=2 width=130) (actual time=16.819..16.820 rows=1 loops=1)
Seq Scan on customer  (cost=0.00..7066.00 rows=1 width=139) (actual time=13.466..14.635 rows=1 loops=1)
Sort  (cost=7066.01..7066.02 rows=2 width=130) (actual time=15.956..15.957 rows=1 loops=1)
Seq Scan on customer  (cost=0.00..7066.00 rows=1 width=21) (actual time=1.709..14.667 rows=1 loops=1)
Seq Scan on customer  (cost=0.00..7066.00 rows=1 width=139) (actual time=2.865..16.432 rows=1 loops=1)
Sort  (cost=7066.01..7066.02 rows=2 width=130) (actual time=17.572..17.573 rows=1 loops=1)
Sort  (cost=7066.01..7066.02 rows=2 width=130) (actual time=16.687..16.688 rows=1 loops=1)
Sort  (cost=7066.01..7066.02 rows=2 width=130) (actual time=16.447..16.447 rows=1 loops=1)
Seq Scan on customer  (cost=0.00..7066.00 rows=1 width=139) (actual time=2.532..15.039 rows=1 loops=1)
Seq Scan on customer  (cost=0.00..7066.00 rows=1 width=21) (actual time=8.861..14.890 rows=1 loops=1)
Sort  (cost=7066.01..7066.02 rows=2 width=130) (actual time=16.601..16.602 rows=1 loops=1)
Sort  (cost=7066.01..7066.02 rows=2 width=130) (actual time=16.198..16.198 rows=1 loops=1)
Seq Scan on customer  (cost=0.00..7066.00 rows=1 width=139) (actual time=12.822..14.362 rows=1 loops=1)
Sort  (cost=7066.43..7066.48 rows=20 width=130) (actual time=15.803..15.805 rows=17 loops=1)
Seq Scan on customer  (cost=0.00..7066.00 rows=1 width=21) (actual time=1.829..14.191 rows=1 loops=1)
Sort  (cost=7066.01..7066.02 rows=2 width=130) (actual time=15.395..15.396 rows=1 loops=1)
Seq Scan on customer  (cost=0.00..7066.00 rows=1 width=139) (actual time=12.770..14.485 rows=1 loops=1)
Seq Scan on customer  (cost=0.00..7066.00 rows=1 width=139) (actual time=14.582..16.291 rows=1 loops=1)
Seq Scan on customer  (cost=0.00..7066.00 rows=1 width=139) (actual time=14.189..15.815 rows=1 loops=1)
Seq Scan on customer  (cost=0.00..7066.00 rows=1 width=21) (actual time=2.895..16.180 rows=1 loops=1)
Seq Scan on customer  (cost=0.00..7066.00 rows=1 width=139) (actual time=14.362..16.057 rows=1 loops=1)
Sort  (cost=7066.01..7066.02 rows=2 width=130) (actual time=16.827..16.827 rows=2 loops=1)
Seq Scan on customer  (cost=0.00..7066.00 rows=1 width=403) (actual time=13.188..14.750 rows=1 loops=1)
Seq Scan on customer  (cost=0.00..7066.00 rows=1 width=139) (actual time=13.831..15.544 rows=1 loops=1)
Seq Scan on customer  (cost=0.00..7066.00 rows=1 width=21) (actual time=3.439..15.682 rows=1 loops=1)
Seq Scan on customer  (cost=0.00..7066.00 rows=1 width=21) (actual time=4.268..15.058 rows=1 loops=1)
Seq Scan on customer  (cost=0.00..7066.00 rows=1 width=139) (actual time=13.619..14.811 rows=1 loops=1)
Seq Scan on customer  (cost=0.00..7066.00 rows=1 width=21) (actual time=6.066..14.403 rows=1 loops=1)
Seq Scan on customer  (cost=0.00..7066.00 rows=1 width=21) (actual time=2.773..14.166 rows=1 loops=1)
Sort  (cost=7066.01..7066.02 rows=2 width=130) (actual time=15.626..15.627 rows=1 loops=1)
Seq Scan on customer  (cost=0.00..7066.00 rows=1 width=21) (actual time=9.676..16.038 rows=1 loops=1)
Seq Scan on customer  (cost=0.00..7066.00 rows=1 width=21) (actual time=9.121..16.298 rows=1 loops=1)
Sort  (cost=7066.01..7066.02 rows=2 width=130) (actual time=17.011..17.012 rows=1 loops=1)
Seq Scan on customer  (cost=0.00..7066.00 rows=1 width=21) (actual time=11.578..16.955 rows=1 loops=1)
Sort  (cost=7066.01..7066.02 rows=2 width=130) (actual time=18.398..18.399 rows=2 loops=1)
Seq Scan on customer  (cost=0.00..7066.00 rows=1 width=139) (actual time=3.014..16.673 rows=1 loops=1)
Sort  (cost=7066.01..7066.02 rows=2 width=130) (actual time=17.716..17.716 rows=1 loops=1)
Seq Scan on customer  (cost=0.00..7066.00 rows=1 width=21) (actual time=13.228..15.213 rows=1 loops=1)
Seq Scan on customer  (cost=0.00..7066.00 rows=1 width=139) (actual time=12.958..14.495 rows=1 loops=1)
Seq Scan on customer  (cost=0.00..7066.00 rows=1 width=139) (actual time=12.738..14.248 rows=1 loops=1)
Sort  (cost=7066.40..7066.45 rows=19 width=130) (actual time=15.590..15.592 rows=19 loops=1)
Seq Scan on customer  (cost=0.00..7066.00 rows=1 width=21) (actual time=3.381..13.988 rows=1 loops=1)
Sort  (cost=7066.01..7066.02 rows=2 width=130) (actual time=15.583..15.584 rows=1 loops=1)
Seq Scan on customer  (cost=0.00..7066.00 rows=1 width=21) (actual time=3.688..16.717 rows=1 loops=1)
Sort  (cost=7066.10..7066.12 rows=7 width=130) (actual time=17.640..17.641 rows=5 loops=1)
Seq Scan on customer  (cost=0.00..7066.00 rows=1 width=21) (actual time=13.016..15.471 rows=1 loops=1)
Seq Scan on customer  (cost=0.00..7066.00 rows=1 width=21) (actual time=8.373..15.255 rows=1 loops=1)
Seq Scan on customer  (cost=0.00..7066.00 rows=1 width=139) (actual time=13.608..16.103 rows=1 loops=1)
Seq Scan on customer  (cost=0.00..7066.00 rows=1 width=139) (actual time=16.547..18.358 rows=1 loops=1)
Sort  (cost=7066.01..7066.02 rows=2 width=130) (actual time=18.504..18.505 rows=1 loops=1)
Seq Scan on customer  (cost=0.00..7066.00 rows=1 width=21) (actual time=10.793..17.147 rows=1 loops=1)
Seq Scan on customer  (cost=0.00..7066.00 rows=1 width=21) (actual time=11.636..16.819 rows=1 loops=1)
Seq Scan on customer  (cost=0.00..7066.00 rows=1 width=21) (actual time=3.521..16.133 rows=1 loops=1)
Seq Scan on customer  (cost=0.00..7066.00 rows=1 width=21) (actual time=11.763..16.100 rows=1 loops=1)
Sort  (cost=7066.01..7066.02 rows=2 width=130) (actual time=16.914..16.915 rows=2 loops=1)
Seq Scan on customer  (cost=0.00..7066.00 rows=1 width=21) (actual time=13.818..15.022 rows=1 loops=1)
Seq Scan on customer  (cost=0.00..7066.00 rows=1 width=21) (actual time=12.078..14.390 rows=1 loops=1)
Seq Scan on customer  (cost=0.00..7066.00 rows=1 width=139) (actual time=13.209..14.949 rows=1 loops=1)
Seq Scan on customer  (cost=0.00..7066.00 rows=1 width=139) (actual time=14.624..16.309 rows=1 loops=1)
Seq Scan on customer  (cost=0.00..7066.00 rows=2 width=21) (actual time=1.140..15.751 rows=1 loops=1)
Seq Scan on customer  (cost=0.00..7066.00 rows=1 width=21) (actual time=8.590..15.053 rows=1 loops=1)
Seq Scan on customer  (cost=0.00..7066.00 rows=1 width=21) (actual time=7.280..14.544 rows=1 loops=1)
Seq Scan on customer  (cost=0.00..7066.00 rows=1 width=21) (actual time=5.043..14.258 rows=1 loops=1)
Seq Scan on customer  (cost=0.00..7066.00 rows=1 width=21) (actual time=7.835..14.226 rows=1 loops=1)
Sort  (cost=7066.01..7066.02 rows=2 width=130) (actual time=15.844..15.844 rows=1 loops=1)
Seq Scan on customer  (cost=0.00..7066.00 rows=1 width=21) (actual time=13.037..14.018 rows=1 loops=1)
Sort  (cost=7066.29..7066.33 rows=15 width=130) (actual time=15.683..15.683 rows=11 loops=1)
Seq Scan on customer  (cost=0.00..7066.00 rows=1 width=21) (actual time=4.635..13.894 rows=1 loops=1)
Seq Scan on customer  (cost=0.00..7066.00 rows=1 width=21) (actual time=8.936..13.594 rows=1 loops=1)
Sort  (cost=7066.01..7066.02 rows=2 width=130) (actual time=15.121..15.122 rows=1 loops=1)
Sort  (cost=7066.01..7066.02 rows=2 width=130) (actual time=15.511..15.511 rows=1 loops=1)
Seq Scan on customer  (cost=0.00..7066.00 rows=1 width=139) (actual time=12.706..14.263 rows=1 loops=1)
Seq Scan on customer  (cost=0.00..7066.00 rows=1 width=21) (actual time=6.102..14.166 rows=1 loops=1)
Seq Scan on customer  (cost=0.00..7066.00 rows=1 width=139) (actual time=12.460..13.950 rows=1 loops=1)
Seq Scan on customer  (cost=0.00..7066.00 rows=1 width=21) (actual time=3.538..13.796 rows=1 loops=1)
Sort  (cost=7066.01..7066.02 rows=2 width=130) (actual time=15.486..15.487 rows=2 loops=1)
Sort  (cost=7066.38..7066.42 rows=18 width=130) (actual time=15.444..15.444 rows=8 loops=1)
Sort  (cost=7066.01..7066.02 rows=2 width=130) (actual time=16.335..16.336 rows=2 loops=1)
Sort  (cost=7066.01..7066.02 rows=2 width=130) (actual time=18.479..18.479 rows=1 loops=1)
Seq Scan on customer  (cost=0.00..7066.00 rows=1 width=21) (actual time=9.142..16.182 rows=1 loops=1)
Seq Scan on customer  (cost=0.00..7066.00 rows=1 width=21) (actual time=3.131..15.621 rows=1 loops=1)
Seq Scan on customer  (cost=0.00..7066.00 rows=1 width=21) (actual time=9.966..15.155 rows=1 loops=1)
Seq Scan on customer  (cost=0.00..7066.00 rows=1 width=139) (actual time=13.302..14.496 rows=1 loops=1)
Seq Scan on customer  (cost=0.00..7066.00 rows=1 width=403) (actual time=13.028..14.205 rows=1 loops=1)
Seq Scan on customer  (cost=0.00..7066.00 rows=1 width=21) (actual time=13.699..14.875 rows=1 loops=1)
Seq Scan on customer  (cost=0.00..7066.00 rows=1 width=139) (actual time=13.961..15.658 rows=1 loops=1)
Sort  (cost=7066.40..7066.45 rows=19 width=130) (actual time=16.835..16.837 rows=16 loops=1)
Seq Scan on customer  (cost=0.00..7066.00 rows=1 width=403) (actual time=13.646..14.903 rows=1 loops=1)
Seq Scan on customer  (cost=0.00..7066.00 rows=1 width=21) (actual time=12.479..14.721 rows=1 loops=1)
