Nested Loop  (cost=0.00..6351.15 rows=1 width=21) (actual time=4.464..25.002 rows=2 loops=1)
Nested Loop  (cost=0.00..6351.15 rows=1 width=21) (actual time=19.524..24.240 rows=2 loops=1)
Sort  (cost=6351.45..6351.46 rows=1 width=149) (actual time=29.456..29.458 rows=2 loops=1)
Sort  (cost=6351.45..6351.46 rows=1 width=149) (actual time=29.034..29.035 rows=3 loops=1)
Sort  (cost=6351.45..6351.46 rows=1 width=149) (actual time=29.041..29.043 rows=6 loops=1)
Nested Loop  (cost=0.00..6351.15 rows=1 width=21) (actual time=12.704..24.870 rows=2 loops=1)
Sort  (cost=6351.45..6351.46 rows=1 width=149) (actual time=28.639..28.641 rows=1 loops=1)
Nested Loop  (cost=0.00..6351.38 rows=1 width=21) (actual time=2.513..25.637 rows=2 loops=1)
Sort  (cost=6351.45..6351.46 rows=1 width=149) (actual time=29.094..29.096 rows=1 loops=1)
Nested Loop  (cost=0.00..6351.73 rows=1 width=158) (actual time=24.537..25.369 rows=1 loops=1)
Nested Loop  (cost=0.00..6351.84 rows=1 width=21) (actual time=4.014..25.180 rows=3 loops=1)
Sort  (cost=6351.45..6351.46 rows=1 width=149) (actual time=29.107..29.110 rows=1 loops=1)
Nested Loop  (cost=0.00..6351.15 rows=1 width=403) (actual time=9.248..24.432 rows=1 loops=1)
Nested Loop  (cost=0.00..6351.15 rows=1 width=21) (actual time=7.176..24.500 rows=2 loops=1)
Nested Loop  (cost=0.00..6351.82 rows=1 width=21) (actual time=3.056..25.368 rows=5 loops=1)
Sort  (cost=6351.45..6351.46 rows=1 width=149) (actual time=29.128..29.130 rows=1 loops=1)
Nested Loop  (cost=0.00..6351.15 rows=1 width=403) (actual time=22.292..24.415 rows=1 loops=1)
Nested Loop  (cost=0.00..6351.15 rows=1 width=158) (actual time=12.530..24.428 rows=1 loops=1)
Sort  (cost=6351.45..6351.46 rows=1 width=149) (actual time=31.181..31.183 rows=5 loops=1)
Sort  (cost=6351.45..6351.46 rows=1 width=149) (actual time=29.923..29.926 rows=2 loops=1)
Nested Loop  (cost=0.00..6351.15 rows=1 width=21) (actual time=9.518..28.237 rows=2 loops=1)
Sort  (cost=6351.45..6351.46 rows=1 width=149) (actual time=35.666..35.668 rows=1 loops=1)
Sort  (cost=6351.45..6351.46 rows=1 width=149) (actual time=30.683..30.686 rows=4 loops=1)
Sort  (cost=6351.45..6351.46 rows=1 width=149) (actual time=30.412..30.415 rows=5 loops=1)
Nested Loop  (cost=0.00..6351.15 rows=1 width=21) (actual time=1.920..25.184 rows=3 loops=1)
Sort  (cost=6351.45..6351.46 rows=1 width=149) (actual time=28.377..28.378 rows=2 loops=1)
Sort  (cost=6351.45..6351.46 rows=1 width=149) (actual time=29.742..29.744 rows=10 loops=1)
Nested Loop  (cost=0.00..6351.64 rows=1 width=21) (actual time=1.892..25.456 rows=7 loops=1)
Nested Loop  (cost=0.00..6351.15 rows=1 width=21) (actual time=17.797..24.947 rows=2 loops=1)
Nested Loop  (cost=0.00..6351.44 rows=1 width=21) (actual time=17.226..25.039 rows=4 loops=1)
Nested Loop  (cost=0.00..6351.15 rows=1 width=158) (actual time=4.396..24.058 rows=1 loops=1)
Nested Loop  (cost=0.00..6351.15 rows=1 width=403) (actual time=4.828..24.951 rows=1 loops=1)
Nested Loop  (cost=0.00..6352.64 rows=1 width=21) (actual time=1.733..25.708 rows=13 loops=1)
Nested Loop  (cost=0.00..6351.69 rows=1 width=21) (actual time=3.972..26.989 rows=6 loops=1)
Nested Loop  (cost=0.00..6351.15 rows=1 width=21) (actual time=1.804..25.147 rows=3 loops=1)
Nested Loop  (cost=0.00..6351.15 rows=1 width=21) (actual time=16.503..24.681 rows=2 loops=1)
Nested Loop  (cost=0.00..6351.84 rows=1 width=158) (actual time=8.757..25.420 rows=3 loops=1)
Nested Loop  (cost=0.00..6351.15 rows=1 width=158) (actual time=4.783..24.966 rows=1 loops=1)
Nested Loop  (cost=0.00..6351.58 rows=1 width=21) (actual time=4.577..25.479 rows=5 loops=1)
Nested Loop  (cost=0.00..6351.15 rows=1 width=158) (actual time=16.120..24.781 rows=1 loops=1)
Nested Loop  (cost=0.00..6352.84 rows=1 width=158) (actual time=1.780..25.674 rows=9 loops=1)
Nested Loop  (cost=0.00..6351.15 rows=1 width=21) (actual time=6.767..24.478 rows=2 loops=1)
Nested Loop  (cost=0.00..6351.67 rows=1 width=21) (actual time=6.674..25.087 rows=4 loops=1)
Nested Loop  (cost=0.00..6351.44 rows=1 width=158) (actual time=0.277..24.649 rows=2 loops=1)
Nested Loop  (cost=0.00..6351.15 rows=1 width=21) (actual time=7.856..24.565 rows=3 loops=1)
Nested Loop  (cost=0.00..6351.15 rows=1 width=158) (actual time=13.267..25.053 rows=3 loops=1)
Nested Loop  (cost=0.00..6351.15 rows=1 width=21) (actual time=22.087..25.534 rows=2 loops=1)
Nested Loop  (cost=0.00..6352.64 rows=1 width=21) (actual time=4.256..25.866 rows=11 loops=1)
Nested Loop  (cost=0.00..6351.15 rows=1 width=21) (actual time=1.952..24.997 rows=2 loops=1)
Sort  (cost=6351.45..6351.46 rows=1 width=149) (actual time=29.011..29.012 rows=3 loops=1)
Nested Loop  (cost=0.00..6351.15 rows=1 width=21) (actual time=9.673..25.191 rows=4 loops=1)
Nested Loop  (cost=0.00..6351.40 rows=1 width=21) (actual time=20.169..25.316 rows=2 loops=1)
Nested Loop  (cost=0.00..6351.15 rows=1 width=21) (actual time=8.673..25.026 rows=3 loops=1)
Nested Loop  (cost=0.00..6351.15 rows=1 width=21) (actual time=13.084..24.521 rows=2 loops=1)
Nested Loop  (cost=0.00..6352.84 rows=1 width=21) (actual time=7.276..25.685 rows=4 loops=1)
Sort  (cost=6351.45..6351.46 rows=1 width=149) (actual time=29.401..29.403 rows=3 loops=1)
Nested Loop  (cost=0.00..6351.15 rows=1 width=21) (actual time=13.567..25.135 rows=3 loops=1)
Nested Loop  (cost=0.00..6351.64 rows=1 width=21) (actual time=2.882..25.221 rows=4 loops=1)
Nested Loop  (cost=0.00..6351.78 rows=1 width=21) (actual time=3.052..25.536 rows=7 loops=1)
Nested Loop  (cost=0.00..6351.35 rows=1 width=158) (actual time=20.922..24.965 rows=2 loops=1)
Nested Loop  (cost=0.00..6351.47 rows=1 width=21) (actual time=4.172..25.300 rows=5 loops=1)
Nested Loop  (cost=0.00..6351.15 rows=1 width=21) (actual time=6.617..24.957 rows=2 loops=1)
Nested Loop  (cost=0.00..6351.69 rows=1 width=21) (actual time=6.075..26.081 rows=6 loops=1)
Nested Loop  (cost=0.00..6351.76 rows=1 width=158) (actual time=3.119..28.216 rows=5 loops=1)
Nested Loop  (cost=0.00..6351.15 rows=1 width=158) (actual time=9.155..26.159 rows=1 loops=1)
Nested Loop  (cost=0.00..6351.15 rows=1 width=21) (actual time=8.113..25.363 rows=2 loops=1)
Nested Loop  (cost=0.00..6351.15 rows=1 width=21) (actual time=4.421..26.242 rows=2 loops=1)
Sort  (cost=6355.75..6355.75 rows=1 width=149) (actual time=35.414..35.416 rows=15 loops=1)
Nested Loop  (cost=0.00..6351.53 rows=1 width=158) (actual time=12.211..24.997 rows=3 loops=1)
Nested Loop  (cost=0.00..6351.15 rows=1 width=21) (actual time=12.693..25.091 rows=2 loops=1)
Nested Loop  (cost=0.00..6351.15 rows=1 width=158) (actual time=5.049..25.133 rows=1 loops=1)
Sort  (cost=6351.45..6351.46 rows=1 width=149) (actual time=29.822..29.824 rows=10 loops=1)
Sort  (cost=6351.45..6351.46 rows=1 width=149) (actual time=28.511..28.513 rows=1 loops=1)
Nested Loop  (cost=0.00..6351.58 rows=1 width=158) (actual time=10.886..28.422 rows=4 loops=1)
Nested Loop  (cost=0.00..6351.58 rows=1 width=403) (actual time=10.544..25.470 rows=4 loops=1)
Sort  (cost=6351.45..6351.46 rows=1 width=149) (actual time=29.214..29.215 rows=1 loops=1)
Nested Loop  (cost=0.00..6351.15 rows=1 width=21) (actual time=6.410..26.236 rows=2 loops=1)
Sort  (cost=6351.45..6351.46 rows=1 width=149) (actual time=29.000..29.002 rows=1 loops=1)
Nested Loop  (cost=0.00..6351.15 rows=1 width=21) (actual time=10.626..24.976 rows=2 loops=1)
Sort  (cost=6351.45..6351.46 rows=1 width=149) (actual time=36.642..36.644 rows=1 loops=1)
Nested Loop  (cost=0.00..6351.56 rows=1 width=21) (actual time=12.525..25.612 rows=3 loops=1)
Nested Loop  (cost=0.00..6351.69 rows=1 width=21) (actual time=7.679..25.314 rows=3 loops=1)
Nested Loop  (cost=0.00..6351.15 rows=1 width=21) (actual time=8.460..24.853 rows=2 loops=1)
Nested Loop  (cost=0.00..6353.26 rows=1 width=21) (actual time=2.072..26.397 rows=10 loops=1)
Sort  (cost=6351.45..6351.46 rows=1 width=149) (actual time=28.348..28.350 rows=3 loops=1)
Nested Loop  (cost=0.00..6351.15 rows=1 width=403) (actual time=16.799..24.477 rows=1 loops=1)
Sort  (cost=6351.45..6351.46 rows=1 width=149) (actual time=28.944..28.946 rows=1 loops=1)
Nested Loop  (cost=0.00..6351.15 rows=1 width=21) (actual time=0.098..24.551 rows=2 loops=1)
Nested Loop  (cost=0.00..6351.15 rows=1 width=158) (actual time=8.548..24.729 rows=2 loops=1)
Nested Loop  (cost=0.00..6351.15 rows=1 width=158) (actual time=19.183..25.266 rows=1 loops=1)
Sort  (cost=6351.45..6351.46 rows=1 width=149) (actual time=29.165..29.167 rows=2 loops=1)
Nested Loop  (cost=0.00..6351.15 rows=1 width=21) (actual time=12.765..25.986 rows=2 loops=1)
Nested Loop  (cost=0.00..6351.15 rows=1 width=21) (actual time=8.108..24.880 rows=2 loops=1)
Sort  (cost=6351.45..6351.46 rows=1 width=149) (actual time=29.235..29.237 rows=1 loops=1)
Nested Loop  (cost=0.00..6351.15 rows=1 width=158) (actual time=22.111..25.078 rows=1 loops=1)
Sort  (cost=6351.45..6351.46 rows=1 width=149) (actual time=28.440..28.442 rows=1 loops=1)
Nested Loop  (cost=0.00..6352.84 rows=1 width=21) (actual time=7.585..26.233 rows=12 loops=1)
Nested Loop  (cost=0.00..6351.64 rows=1 width=158) (actual time=1.935..24.781 rows=4 loops=1)
Nested Loop  (cost=0.00..6351.64 rows=1 width=403) (actual time=1.948..25.558 rows=4 loops=1)
Nested Loop  (cost=0.00..6351.15 rows=1 width=21) (actual time=3.356..25.101 rows=2 loops=1)
Nested Loop  (cost=0.00..6351.15 rows=1 width=21) (actual time=2.526..25.258 rows=2 loops=1)
Nested Loop  (cost=0.00..6353.26 rows=1 width=21) (actual time=2.398..26.434 rows=10 loops=1)
Sort  (cost=6351.45..6351.46 rows=1 width=149) (actual time=27.877..27.878 rows=1 loops=1)
Nested Loop  (cost=0.00..6351.82 rows=1 width=21) (actual time=6.843..26.017 rows=4 loops=1)
Sort  (cost=6351.45..6351.46 rows=1 width=149) (actual time=29.656..29.658 rows=1 loops=1)
Sort  (cost=6351.45..6351.46 rows=1 width=149) (actual time=28.913..28.915 rows=1 loops=1)
Nested Loop  (cost=0.00..6351.56 rows=1 width=21) (actual time=5.712..24.790 rows=5 loops=1)
Nested Loop  (cost=0.00..6351.64 rows=1 width=21) (actual time=0.612..24.947 rows=3 loops=1)
Nested Loop  (cost=0.00..6351.84 rows=1 width=21) (actual time=10.161..25.013 rows=4 loops=1)
Nested Loop  (cost=0.00..6351.67 rows=1 width=158) (actual time=0.065..24.498 rows=3 loops=1)
Nested Loop  (cost=0.00..6351.15 rows=1 width=21) (actual time=3.134..41.149 rows=3 loops=1)
Nested Loop  (cost=0.00..6351.15 rows=1 width=21) (actual time=2.504..25.054 rows=2 loops=1)
Nested Loop  (cost=0.00..6351.15 rows=1 width=21) (actual time=7.405..25.532 rows=2 loops=1)
Nested Loop  (cost=0.00..6351.15 rows=1 width=158) (actual time=14.361..25.436 rows=2 loops=1)
Nested Loop  (cost=0.00..6351.64 rows=1 width=158) (actual time=1.603..25.216 rows=4 loops=1)
Sort  (cost=6352.80..6352.81 rows=1 width=149) (actual time=30.219..30.221 rows=3 loops=1)
Nested Loop  (cost=0.00..6351.15 rows=1 width=21) (actual time=6.703..26.695 rows=2 loops=1)
Nested Loop  (cost=0.00..6351.82 rows=1 width=158) (actual time=9.960..25.916 rows=4 loops=1)
Nested Loop  (cost=0.00..6351.15 rows=1 width=158) (actual time=10.802..24.769 rows=1 loops=1)
Nested Loop  (cost=0.00..6351.15 rows=1 width=158) (actual time=20.388..25.261 rows=1 loops=1)
Sort  (cost=6351.45..6351.46 rows=1 width=149) (actual time=28.968..28.970 rows=1 loops=1)
Nested Loop  (cost=0.00..6351.82 rows=1 width=158) (actual time=2.100..25.383 rows=4 loops=1)
Sort  (cost=6351.45..6351.46 rows=1 width=149) (actual time=29.367..29.368 rows=1 loops=1)
Nested Loop  (cost=0.00..6351.49 rows=1 width=21) (actual time=2.480..25.018 rows=5 loops=1)
Nested Loop  (cost=0.00..6351.40 rows=1 width=158) (actual time=23.653..25.047 rows=1 loops=1)
Nested Loop  (cost=0.00..6351.15 rows=1 width=21) (actual time=7.971..24.628 rows=2 loops=1)
Sort  (cost=6351.45..6351.46 rows=1 width=149) (actual time=31.667..31.669 rows=1 loops=1)
Nested Loop  (cost=0.00..6351.69 rows=1 width=21) (actual time=1.386..25.514 rows=7 loops=1)
Sort  (cost=6351.45..6351.46 rows=1 width=149) (actual time=30.079..30.082 rows=2 loops=1)
Nested Loop  (cost=0.00..6351.15 rows=1 width=21) (actual time=4.262..24.724 rows=3 loops=1)
Nested Loop  (cost=0.00..6351.76 rows=1 width=158) (actual time=0.522..26.047 rows=3 loops=1)
Nested Loop  (cost=0.00..6351.78 rows=1 width=158) (actual time=5.027..25.875 rows=2 loops=1)
Nested Loop  (cost=0.00..6351.15 rows=1 width=158) (actual time=2.588..26.321 rows=1 loops=1)
Sort  (cost=6351.45..6351.46 rows=1 width=149) (actual time=29.756..29.758 rows=1 loops=1)
Sort  (cost=6351.45..6351.46 rows=1 width=149) (actual time=29.233..29.235 rows=2 loops=1)
Nested Loop  (cost=0.00..6351.15 rows=1 width=403) (actual time=1.743..24.975 rows=1 loops=1)
Nested Loop  (cost=0.00..6351.15 rows=1 width=21) (actual time=19.553..25.462 rows=2 loops=1)
Nested Loop  (cost=0.00..6351.40 rows=1 width=158) (actual time=12.943..25.104 rows=1 loops=1)
Nested Loop  (cost=0.00..6353.26 rows=1 width=21) (actual time=4.919..26.079 rows=8 loops=1)
Sort  (cost=6351.45..6351.46 rows=1 width=149) (actual time=28.475..28.477 rows=3 loops=1)
Sort  (cost=6351.45..6351.46 rows=1 width=149) (actual time=28.393..28.395 rows=1 loops=1)
Nested Loop  (cost=0.00..6351.76 rows=1 width=158) (actual time=5.258..24.805 rows=3 loops=1)
Nested Loop  (cost=0.00..6351.76 rows=1 width=21) (actual time=3.006..25.348 rows=4 loops=1)
Nested Loop  (cost=0.00..6351.47 rows=1 width=158) (actual time=18.869..25.058 rows=2 loops=1)
Nested Loop  (cost=0.00..6351.47 rows=1 width=403) (actual time=18.917..24.891 rows=2 loops=1)
Sort  (cost=6351.45..6351.46 rows=1 width=149) (actual time=41.373..41.374 rows=1 loops=1)
Nested Loop  (cost=0.00..6351.15 rows=1 width=21) (actual time=19.016..24.971 rows=2 loops=1)
Nested Loop  (cost=0.00..6351.15 rows=1 width=21) (actual time=13.880..25.331 rows=2 loops=1)
Nested Loop  (cost=0.00..6351.15 rows=1 width=21) (actual time=2.284..25.030 rows=2 loops=1)
Nested Loop  (cost=0.00..6351.15 rows=1 width=21) (actual time=16.142..24.046 rows=2 loops=1)
Nested Loop  (cost=0.00..6351.15 rows=1 width=21) (actual time=8.242..24.953 rows=2 loops=1)
Nested Loop  (cost=0.00..6351.15 rows=1 width=158) (actual time=0.900..25.022 rows=1 loops=1)
Nested Loop  (cost=0.00..6351.15 rows=1 width=403) (actual time=0.847..25.239 rows=1 loops=1)
Nested Loop  (cost=0.00..6351.15 rows=1 width=21) (actual time=7.153..24.354 rows=2 loops=1)
Sort  (cost=6351.45..6351.46 rows=1 width=149) (actual time=32.770..32.771 rows=1 loops=1)
Sort  (cost=6351.45..6351.46 rows=1 width=149) (actual time=30.509..30.511 rows=1 loops=1)
Nested Loop  (cost=0.00..6351.15 rows=1 width=403) (actual time=14.505..25.577 rows=1 loops=1)
Sort  (cost=6351.45..6351.46 rows=1 width=149) (actual time=29.450..29.452 rows=2 loops=1)
Nested Loop  (cost=0.00..6352.84 rows=1 width=158) (actual time=1.768..25.987 rows=10 loops=1)
Nested Loop  (cost=0.00..6352.84 rows=1 width=403) (actual time=1.805..26.102 rows=10 loops=1)
Sort  (cost=6354.80..6354.80 rows=1 width=149) (actual time=28.939..28.941 rows=11 loops=1)
Nested Loop  (cost=0.00..6351.15 rows=1 width=21) (actual time=1.045..24.290 rows=2 loops=1)
Nested Loop  (cost=0.00..6351.15 rows=1 width=21) (actual time=9.162..24.409 rows=4 loops=1)
Nested Loop  (cost=0.00..6351.15 rows=1 width=21) (actual time=12.375..24.544 rows=3 loops=1)
Nested Loop  (cost=0.00..6351.69 rows=1 width=21) (actual time=4.265..25.421 rows=6 loops=1)
Nested Loop  (cost=0.00..6351.35 rows=1 width=21) (actual time=9.668..25.420 rows=3 loops=1)
Nested Loop  (cost=0.00..6351.84 rows=1 width=21) (actual time=3.815..25.691 rows=6 loops=1)
Nested Loop  (cost=0.00..6351.15 rows=1 width=21) (actual time=11.767..25.151 rows=2 loops=1)
Nested Loop  (cost=0.00..6351.38 rows=1 width=21) (actual time=2.344..25.233 rows=3 loops=1)
Sort  (cost=6351.45..6351.46 rows=1 width=149) (actual time=29.138..29.139 rows=1 loops=1)
Sort  (cost=6351.45..6351.46 rows=1 width=149) (actual time=33.409..33.412 rows=1 loops=1)
Nested Loop  (cost=0.00..6351.73 rows=1 width=158) (actual time=1.897..24.810 rows=2 loops=1)
Nested Loop  (cost=0.00..6351.58 rows=1 width=21) (actual time=2.826..24.957 rows=2 loops=1)
Nested Loop  (cost=0.00..6351.15 rows=1 width=21) (actual time=21.965..24.944 rows=2 loops=1)
Sort  (cost=6351.45..6351.46 rows=1 width=149) (actual time=35.523..35.525 rows=4 loops=1)
Sort  (cost=6351.45..6351.46 rows=1 width=149) (actual time=29.243..29.245 rows=1 loops=1)
Nested Loop  (cost=0.00..6351.35 rows=1 width=21) (actual time=15.704..24.578 rows=2 loops=1)
Nested Loop  (cost=0.00..6351.15 rows=1 width=21) (actual time=1.422..24.925 rows=2 loops=1)
Nested Loop  (cost=0.00..6351.47 rows=1 width=21) (actual time=1.704..24.662 rows=2 loops=1)
Nested Loop  (cost=0.00..6351.15 rows=1 width=158) (actual time=15.301..25.105 rows=1 loops=1)
Nested Loop  (cost=0.00..6351.38 rows=1 width=158) (actual time=16.434..24.674 rows=1 loops=1)
Nested Loop  (cost=0.00..6351.15 rows=1 width=158) (actual time=20.259..24.648 rows=1 loops=1)
Nested Loop  (cost=0.00..6351.40 rows=1 width=21) (actual time=7.862..24.940 rows=4 loops=1)
Nested Loop  (cost=0.00..6351.15 rows=1 width=21) (actual time=19.994..25.046 rows=2 loops=1)
Nested Loop  (cost=0.00..6351.53 rows=1 width=21) (actual time=4.900..25.162 rows=2 loops=1)
Nested Loop  (cost=0.00..6353.26 rows=1 width=21) (actual time=2.035..26.517 rows=8 loops=1)
Nested Loop  (cost=0.00..6351.47 rows=1 width=21) (actual time=11.310..25.076 rows=5 loops=1)
Sort  (cost=6351.45..6351.46 rows=1 width=149) (actual time=30.948..30.950 rows=1 loops=1)
Nested Loop  (cost=0.00..6351.15 rows=1 width=403) (actual time=4.095..24.744 rows=1 loops=1)
Sort  (cost=6351.45..6351.46 rows=1 width=149) (actual time=29.679..29.681 rows=4 loops=1)
Nested Loop  (cost=0.00..6351.15 rows=1 width=21) (actual time=7.841..25.114 rows=2 loops=1)
Nested Loop  (cost=0.00..6351.15 rows=1 width=21) (actual time=2.484..24.712 rows=2 loops=1)
Nested Loop  (cost=0.00..6353.26 rows=1 width=158) (actual time=6.281..27.651 rows=12 loops=1)
Sort  (cost=6351.45..6351.46 rows=1 width=149) (actual time=30.194..30.195 rows=1 loops=1)
Sort  (cost=6351.45..6351.46 rows=1 width=149) (actual time=28.989..28.990 rows=1 loops=1)
Nested Loop  (cost=0.00..6351.84 rows=1 width=21) (actual time=4.463..25.437 rows=4 loops=1)
Nested Loop  (cost=0.00..6352.64 rows=1 width=21) (actual time=2.528..26.063 rows=8 loops=1)
Nested Loop  (cost=0.00..6351.15 rows=1 width=158) (actual time=4.940..23.984 rows=1 loops=1)
Nested Loop  (cost=0.00..6351.47 rows=1 width=21) (actual time=4.274..24.365 rows=4 loops=1)
Sort  (cost=6353.18..6353.18 rows=1 width=149) (actual time=45.770..45.773 rows=11 loops=1)
Nested Loop  (cost=0.00..6351.53 rows=1 width=158) (actual time=5.388..25.016 rows=1 loops=1)
Nested Loop  (cost=0.00..6351.15 rows=1 width=158) (actual time=14.019..24.907 rows=2 loops=1)
Sort  (cost=6351.45..6351.46 rows=1 width=149) (actual time=29.330..29.332 rows=1 loops=1)
Nested Loop  (cost=0.00..6351.73 rows=1 width=21) (actual time=0.573..25.159 rows=3 loops=1)
Sort  (cost=6355.75..6355.75 rows=1 width=149) (actual time=28.950..28.953 rows=19 loops=1)
Nested Loop  (cost=0.00..6351.38 rows=1 width=21) (actual time=3.539..24.529 rows=2 loops=1)
Sort  (cost=6352.80..6352.81 rows=1 width=149) (actual time=30.237..30.239 rows=11 loops=1)
Nested Loop  (cost=0.00..6351.84 rows=1 width=21) (actual time=20.391..25.300 rows=2 loops=1)
Sort  (cost=6355.72..6355.73 rows=1 width=149) (actual time=28.935..28.938 rows=16 loops=1)
Nested Loop  (cost=0.00..6351.15 rows=1 width=21) (actual time=11.492..25.295 rows=3 loops=1)
Nested Loop  (cost=0.00..6351.15 rows=1 width=21) (actual time=11.398..24.827 rows=2 loops=1)
Nested Loop  (cost=0.00..6351.15 rows=1 width=21) (actual time=10.716..25.931 rows=2 loops=1)
Nested Loop  (cost=0.00..6351.58 rows=1 width=158) (actual time=4.316..25.103 rows=5 loops=1)
Nested Loop  (cost=0.00..6351.58 rows=1 width=403) (actual time=4.165..24.764 rows=5 loops=1)
Nested Loop  (cost=0.00..6351.15 rows=1 width=21) (actual time=13.467..27.701 rows=2 loops=1)
Sort  (cost=6351.45..6351.46 rows=1 width=149) (actual time=27.941..27.944 rows=1 loops=1)
Nested Loop  (cost=0.00..6351.53 rows=1 width=158) (actual time=10.412..25.557 rows=2 loops=1)
Nested Loop  (cost=0.00..6351.15 rows=1 width=21) (actual time=3.315..24.979 rows=2 loops=1)
Nested Loop  (cost=0.00..6351.15 rows=1 width=158) (actual time=7.358..24.916 rows=2 loops=1)
Nested Loop  (cost=0.00..6351.15 rows=1 width=158) (actual time=6.846..24.926 rows=2 loops=1)
Nested Loop  (cost=0.00..6351.56 rows=1 width=158) (actual time=5.688..25.676 rows=5 loops=1)
Nested Loop  (cost=0.00..6351.53 rows=1 width=21) (actual time=3.762..24.704 rows=3 loops=1)
Nested Loop  (cost=0.00..6351.84 rows=1 width=21) (actual time=6.695..24.747 rows=4 loops=1)
Sort  (cost=6351.45..6351.46 rows=1 width=149) (actual time=30.357..30.359 rows=5 loops=1)
Nested Loop  (cost=0.00..6351.15 rows=1 width=158) (actual time=14.483..24.971 rows=1 loops=1)
Nested Loop  (cost=0.00..6351.15 rows=1 width=403) (actual time=14.207..24.820 rows=1 loops=1)
Nested Loop  (cost=0.00..6351.76 rows=1 width=21) (actual time=20.889..25.812 rows=2 loops=1)
Nested Loop  (cost=0.00..6351.15 rows=1 width=21) (actual time=17.195..24.259 rows=2 loops=1)
Nested Loop  (cost=0.00..6351.44 rows=1 width=21) (actual time=1.587..24.635 rows=3 loops=1)
Nested Loop  (cost=0.00..6351.15 rows=1 width=21) (actual time=5.599..24.599 rows=3 loops=1)
Nested Loop  (cost=0.00..6351.15 rows=1 width=158) (actual time=22.899..25.864 rows=1 loops=1)
Nested Loop  (cost=0.00..6351.15 rows=1 width=158) (actual time=7.552..25.092 rows=2 loops=1)
Nested Loop  (cost=0.00..6353.26 rows=1 width=158) (actual time=2.230..26.437 rows=15 loops=1)
Nested Loop  (cost=0.00..6351.15 rows=1 width=21) (actual time=9.308..24.931 rows=2 loops=1)
Nested Loop  (cost=0.00..6351.15 rows=1 width=21) (actual time=14.719..24.944 rows=2 loops=1)
Nested Loop  (cost=0.00..6351.15 rows=1 width=21) (actual time=0.290..24.792 rows=4 loops=1)
Sort  (cost=6351.45..6351.46 rows=1 width=149) (actual time=31.689..31.691 rows=2 loops=1)
Sort  (cost=6351.45..6351.46 rows=1 width=149) (actual time=29.930..29.932 rows=1 loops=1)
Nested Loop  (cost=0.00..6351.15 rows=1 width=21) (actual time=0.311..24.833 rows=2 loops=1)
Nested Loop  (cost=0.00..6351.69 rows=1 width=21) (actual time=1.778..25.050 rows=5 loops=1)
Sort  (cost=6351.45..6351.46 rows=1 width=149) (actual time=29.482..29.483 rows=4 loops=1)
Nested Loop  (cost=0.00..6351.15 rows=1 width=158) (actual time=5.157..29.329 rows=1 loops=1)
Nested Loop  (cost=0.00..6351.15 rows=1 width=158) (actual time=2.247..27.982 rows=1 loops=1)
Nested Loop  (cost=0.00..6351.15 rows=1 width=21) (actual time=3.071..25.119 rows=3 loops=1)
Nested Loop  (cost=0.00..6351.15 rows=1 width=158) (actual time=6.553..24.745 rows=1 loops=1)
Nested Loop  (cost=0.00..6351.40 rows=1 width=21) (actual time=17.005..25.106 rows=2 loops=1)
Nested Loop  (cost=0.00..6351.15 rows=1 width=21) (actual time=6.732..30.578 rows=2 loops=1)
Nested Loop  (cost=0.00..6351.15 rows=1 width=21) (actual time=19.627..26.249 rows=2 loops=1)
Sort  (cost=6351.45..6351.46 rows=1 width=149) (actual time=30.470..30.472 rows=4 loops=1)
Sort  (cost=6351.45..6351.46 rows=1 width=149) (actual time=29.555..29.557 rows=1 loops=1)
Nested Loop  (cost=0.00..6351.15 rows=1 width=21) (actual time=18.271..34.164 rows=3 loops=1)
Sort  (cost=6351.45..6351.46 rows=1 width=149) (actual time=28.629..28.630 rows=1 loops=1)
Sort  (cost=6351.45..6351.46 rows=1 width=149) (actual time=29.518..29.520 rows=4 loops=1)
Nested Loop  (cost=0.00..6353.26 rows=1 width=21) (actual time=0.100..28.571 rows=6 loops=1)
Nested Loop  (cost=0.00..6351.15 rows=1 width=158) (actual time=7.187..24.933 rows=1 loops=1)
Sort  (cost=6352.85..6352.86 rows=1 width=149) (actual time=30.543..30.545 rows=9 loops=1)
Sort  (cost=6351.45..6351.46 rows=1 width=149) (actual time=28.680..28.682 rows=2 loops=1)
Sort  (cost=6351.45..6351.46 rows=1 width=149) (actual time=28.834..28.835 rows=1 loops=1)
Nested Loop  (cost=0.00..6351.15 rows=1 width=158) (actual time=2.705..24.397 rows=2 loops=1)
Nested Loop  (cost=0.00..6351.84 rows=1 width=158) (actual time=2.441..25.142 rows=2 loops=1)
Nested Loop  (cost=0.00..6351.82 rows=1 width=21) (actual time=5.131..25.463 rows=5 loops=1)
Nested Loop  (cost=0.00..6351.73 rows=1 width=21) (actual time=7.538..37.476 rows=6 loops=1)
Nested Loop  (cost=0.00..6351.15 rows=1 width=158) (actual time=5.839..24.629 rows=2 loops=1)
Sort  (cost=6351.45..6351.46 rows=1 width=149) (actual time=28.705..28.707 rows=1 loops=1)
Nested Loop  (cost=0.00..6351.58 rows=1 width=21) (actual time=0.167..24.718 rows=6 loops=1)
Nested Loop  (cost=0.00..6351.53 rows=1 width=158) (actual time=11.118..24.989 rows=3 loops=1)
Nested Loop  (cost=0.00..6351.15 rows=1 width=158) (actual time=19.136..25.136 rows=2 loops=1)
Nested Loop  (cost=0.00..6351.15 rows=1 width=403) (actual time=19.430..25.326 rows=2 loops=1)
Nested Loop  (cost=0.00..6351.15 rows=1 width=21) (actual time=1.508..24.942 rows=2 loops=1)
Nested Loop  (cost=0.00..6351.15 rows=1 width=158) (actual time=1.774..25.094 rows=2 loops=1)
Nested Loop  (cost=0.00..6351.15 rows=1 width=21) (actual time=6.474..25.001 rows=5 loops=1)
Sort  (cost=6351.45..6351.46 rows=1 width=149) (actual time=29.049..29.051 rows=1 loops=1)
Nested Loop  (cost=0.00..6351.15 rows=1 width=158) (actual time=3.755..24.444 rows=1 loops=1)
Nested Loop  (cost=0.00..6351.15 rows=1 width=21) (actual time=1.642..25.062 rows=2 loops=1)
Nested Loop  (cost=0.00..6351.15 rows=1 width=21) (actual time=4.874..24.905 rows=4 loops=1)
Nested Loop  (cost=0.00..6351.15 rows=1 width=21) (actual time=5.733..26.038 rows=2 loops=1)
Sort  (cost=6351.45..6351.46 rows=1 width=149) (actual time=29.503..29.505 rows=1 loops=1)
Nested Loop  (cost=0.00..6352.64 rows=1 width=21) (actual time=3.018..26.045 rows=8 loops=1)
Sort  (cost=6351.45..6351.46 rows=1 width=149) (actual time=28.687..28.690 rows=2 loops=1)
Sort  (cost=6354.57..6354.58 rows=1 width=149) (actual time=27.786..27.788 rows=11 loops=1)
Nested Loop  (cost=0.00..6351.15 rows=1 width=21) (actual time=1.573..24.483 rows=2 loops=1)
Nested Loop  (cost=0.00..6351.53 rows=1 width=21) (actual time=7.596..25.049 rows=3 loops=1)
Sort  (cost=6351.45..6351.46 rows=1 width=149) (actual time=29.327..29.328 rows=3 loops=1)
Sort  (cost=6351.45..6351.46 rows=1 width=149) (actual time=29.173..29.174 rows=3 loops=1)
Sort  (cost=6351.45..6351.46 rows=1 width=149) (actual time=29.480..29.482 rows=4 loops=1)
Nested Loop  (cost=0.00..6352.64 rows=1 width=21) (actual time=0.174..25.604 rows=4 loops=1)
Nested Loop  (cost=0.00..6351.15 rows=1 width=21) (actual time=17.547..25.253 rows=2 loops=1)
Nested Loop  (cost=0.00..6353.26 rows=1 width=21) (actual time=1.367..25.978 rows=6 loops=1)
Nested Loop  (cost=0.00..6351.38 rows=1 width=21) (actual time=4.388..25.042 rows=2 loops=1)
Nested Loop  (cost=0.00..6351.69 rows=1 width=21) (actual time=1.928..25.332 rows=8 loops=1)
Sort  (cost=6351.45..6351.46 rows=1 width=149) (actual time=29.502..29.504 rows=4 loops=1)
Nested Loop  (cost=0.00..6353.26 rows=1 width=158) (actual time=3.090..31.130 rows=10 loops=1)
Nested Loop  (cost=0.00..6351.82 rows=1 width=21) (actual time=5.168..25.360 rows=5 loops=1)
Nested Loop  (cost=0.00..6351.15 rows=1 width=21) (actual time=14.480..24.923 rows=2 loops=1)
Nested Loop  (cost=0.00..6352.64 rows=1 width=21) (actual time=1.757..26.423 rows=13 loops=1)
Nested Loop  (cost=0.00..6351.40 rows=1 width=21) (actual time=1.797..24.759 rows=2 loops=1)
Nested Loop  (cost=0.00..6351.38 rows=1 width=21) (actual time=5.829..24.741 rows=2 loops=1)
Nested Loop  (cost=0.00..6351.15 rows=1 width=21) (actual time=12.720..24.948 rows=2 loops=1)
Nested Loop  (cost=0.00..6351.40 rows=1 width=21) (actual time=0.832..25.054 rows=3 loops=1)
Sort  (cost=6351.45..6351.46 rows=1 width=149) (actual time=33.093..33.095 rows=8 loops=1)
Nested Loop  (cost=0.00..6351.15 rows=1 width=21) (actual time=5.755..25.171 rows=3 loops=1)
Nested Loop  (cost=0.00..6351.15 rows=1 width=158) (actual time=1.528..25.128 rows=1 loops=1)
Nested Loop  (cost=0.00..6351.76 rows=1 width=158) (actual time=1.971..25.071 rows=4 loops=1)
Nested Loop  (cost=0.00..6352.64 rows=1 width=21) (actual time=10.508..26.154 rows=7 loops=1)
Nested Loop  (cost=0.00..6351.15 rows=1 width=21) (actual time=3.473..26.659 rows=3 loops=1)
Sort  (cost=6351.45..6351.46 rows=1 width=149) (actual time=28.777..28.779 rows=2 loops=1)
Nested Loop  (cost=0.00..6351.15 rows=1 width=21) (actual time=3.746..25.498 rows=2 loops=1)
Sort  (cost=6351.45..6351.46 rows=1 width=149) (actual time=37.078..37.080 rows=1 loops=1)
Sort  (cost=6351.45..6351.46 rows=1 width=149) (actual time=28.858..28.861 rows=1 loops=1)
Nested Loop  (cost=0.00..6351.15 rows=1 width=21) (actual time=3.771..24.381 rows=2 loops=1)
Nested Loop  (cost=0.00..6351.15 rows=1 width=21) (actual time=16.680..25.062 rows=2 loops=1)
Nested Loop  (cost=0.00..6351.15 rows=1 width=158) (actual time=3.364..25.166 rows=2 loops=1)
Nested Loop  (cost=0.00..6351.15 rows=1 width=21) (actual time=17.885..24.901 rows=2 loops=1)
Sort  (cost=6355.92..6355.93 rows=1 width=149) (actual time=30.120..30.122 rows=20 loops=1)
Sort  (cost=6351.45..6351.46 rows=1 width=149) (actual time=28.944..28.946 rows=2 loops=1)
Nested Loop  (cost=0.00..6351.15 rows=1 width=158) (actual time=14.083..24.438 rows=1 loops=1)
Nested Loop  (cost=0.00..6351.15 rows=1 width=403) (actual time=13.974..24.196 rows=1 loops=1)
Nested Loop  (cost=0.00..6351.38 rows=1 width=158) (actual time=0.732..24.950 rows=1 loops=1)
Nested Loop  (cost=0.00..6351.15 rows=1 width=21) (actual time=12.779..25.953 rows=2 loops=1)
Nested Loop  (cost=0.00..6351.15 rows=1 width=21) (actual time=9.357..24.894 rows=2 loops=1)
Nested Loop  (cost=0.00..6351.15 rows=1 width=21) (actual time=11.243..25.758 rows=4 loops=1)
Sort  (cost=6351.45..6351.46 rows=1 width=149) (actual time=27.748..27.750 rows=1 loops=1)
Nested Loop  (cost=0.00..6351.47 rows=1 width=21) (actual time=8.805..24.656 rows=3 loops=1)
Nested Loop  (cost=0.00..6351.15 rows=1 width=21) (actual time=10.929..25.473 rows=3 loops=1)
Nested Loop  (cost=0.00..6351.15 rows=1 width=21) (actual time=5.266..25.041 rows=2 loops=1)
Nested Loop  (cost=0.00..6351.38 rows=1 width=21) (actual time=20.951..24.925 rows=2 loops=1)
Nested Loop  (cost=0.00..6351.15 rows=1 width=21) (actual time=3.999..25.030 rows=2 loops=1)
Nested Loop  (cost=0.00..6351.15 rows=1 width=158) (actual time=5.995..25.917 rows=1 loops=1)
Nested Loop  (cost=0.00..6351.15 rows=1 width=21) (actual time=13.889..25.039 rows=2 loops=1)
Sort  (cost=6355.84..6355.84 rows=1 width=149) (actual time=28.748..28.751 rows=16 loops=1)
Nested Loop  (cost=0.00..6351.15 rows=1 width=21) (actual time=6.756..24.295 rows=2 loops=1)
Nested Loop  (cost=0.00..6351.82 rows=1 width=21) (actual time=9.614..25.566 rows=2 loops=1)
Sort  (cost=6351.45..6351.46 rows=1 width=149) (actual time=28.608..28.610 rows=1 loops=1)
Nested Loop  (cost=0.00..6351.15 rows=1 width=403) (actual time=7.988..25.234 rows=1 loops=1)
Nested Loop  (cost=0.00..6351.49 rows=1 width=21) (actual time=13.959..25.703 rows=2 loops=1)
Sort  (cost=6351.45..6351.46 rows=1 width=149) (actual time=29.558..29.559 rows=4 loops=1)
Nested Loop  (cost=0.00..6351.15 rows=1 width=158) (actual time=17.250..26.419 rows=2 loops=1)
Sort  (cost=6351.45..6351.46 rows=1 width=149) (actual time=28.827..28.829 rows=3 loops=1)
Nested Loop  (cost=0.00..6351.56 rows=1 width=21) (actual time=21.380..24.881 rows=2 loops=1)
Sort  (cost=6351.45..6351.46 rows=1 width=149) (actual time=29.334..29.336 rows=3 loops=1)
Nested Loop  (cost=0.00..6351.15 rows=1 width=158) (actual time=23.167..24.947 rows=1 loops=1)
Nested Loop  (cost=0.00..6351.15 rows=1 width=158) (actual time=6.186..25.093 rows=4 loops=1)
Nested Loop  (cost=0.00..6351.40 rows=1 width=158) (actual time=24.944..25.287 rows=1 loops=1)
Nested Loop  (cost=0.00..6351.15 rows=1 width=21) (actual time=4.551..36.367 rows=2 loops=1)
Nested Loop  (cost=0.00..6351.15 rows=1 width=21) (actual time=13.762..24.422 rows=2 loops=1)
Nested Loop  (cost=0.00..6351.15 rows=1 width=21) (actual time=2.466..25.193 rows=2 loops=1)
Sort  (cost=6351.45..6351.46 rows=1 width=149) (actual time=28.877..28.879 rows=1 loops=1)
Nested Loop  (cost=0.00..6351.15 rows=1 width=158) (actual time=14.523..24.873 rows=1 loops=1)
Nested Loop  (cost=0.00..6351.15 rows=1 width=403) (actual time=14.903..25.183 rows=1 loops=1)
Sort  (cost=6351.45..6351.46 rows=1 width=149) (actual time=29.058..29.060 rows=1 loops=1)
Sort  (cost=6351.45..6351.46 rows=1 width=149) (actual time=31.872..31.874 rows=4 loops=1)
Nested Loop  (cost=0.00..6351.44 rows=1 width=158) (actual time=0.222..24.922 rows=1 loops=1)
Nested Loop  (cost=0.00..6351.15 rows=1 width=21) (actual time=19.026..25.129 rows=2 loops=1)
Sort  (cost=6351.45..6351.46 rows=1 width=149) (actual time=32.870..32.872 rows=4 loops=1)
Nested Loop  (cost=0.00..6351.47 rows=1 width=158) (actual time=12.027..24.890 rows=1 loops=1)
Sort  (cost=6351.45..6351.46 rows=1 width=149) (actual time=30.650..30.651 rows=4 loops=1)
Nested Loop  (cost=0.00..6351.67 rows=1 width=21) (actual time=14.494..24.833 rows=4 loops=1)
Nested Loop  (cost=0.00..6351.15 rows=1 width=21) (actual time=3.907..24.918 rows=2 loops=1)
Nested Loop  (cost=0.00..6351.15 rows=1 width=158) (actual time=4.578..26.631 rows=2 loops=1)
Nested Loop  (cost=0.00..6351.58 rows=1 width=21) (actual time=8.625..26.327 rows=4 loops=1)
Sort  (cost=6351.45..6351.46 rows=1 width=149) (actual time=33.265..33.267 rows=1 loops=1)
Sort  (cost=6351.45..6351.46 rows=1 width=149) (actual time=29.208..29.210 rows=1 loops=1)
Nested Loop  (cost=0.00..6351.15 rows=1 width=158) (actual time=4.495..24.680 rows=2 loops=1)
Nested Loop  (cost=0.00..6352.07 rows=1 width=21) (actual time=11.216..26.368 rows=6 loops=1)
Sort  (cost=6351.45..6351.46 rows=1 width=149) (actual time=29.726..29.728 rows=1 loops=1)
Sort  (cost=6351.45..6351.46 rows=1 width=149) (actual time=30.929..30.931 rows=4 loops=1)
Nested Loop  (cost=0.00..6351.84 rows=1 width=21) (actual time=5.346..33.601 rows=5 loops=1)
Nested Loop  (cost=0.00..6351.15 rows=1 width=21) (actual time=2.927..25.288 rows=2 loops=1)
Sort  (cost=6351.45..6351.46 rows=1 width=149) (actual time=29.327..29.329 rows=1 loops=1)
Nested Loop  (cost=0.00..6351.56 rows=1 width=158) (actual time=5.979..25.642 rows=5 loops=1)
Sort  (cost=6351.45..6351.46 rows=1 width=149) (actual time=29.568..29.570 rows=1 loops=1)
Nested Loop  (cost=0.00..6351.15 rows=1 width=21) (actual time=6.773..24.854 rows=2 loops=1)
Nested Loop  (cost=0.00..6351.15 rows=1 width=158) (actual time=7.839..24.810 rows=2 loops=1)
Nested Loop  (cost=0.00..6351.15 rows=1 width=21) (actual time=13.864..24.404 rows=2 loops=1)
Nested Loop  (cost=0.00..6351.15 rows=1 width=21) (actual time=8.322..24.772 rows=2 loops=1)
Sort  (cost=6351.45..6351.46 rows=1 width=149) (actual time=43.681..43.683 rows=1 loops=1)
Nested Loop  (cost=0.00..6351.44 rows=1 width=158) (actual time=13.964..24.971 rows=2 loops=1)
Nested Loop  (cost=0.00..6351.15 rows=1 width=21) (actual time=13.049..25.125 rows=2 loops=1)
Nested Loop  (cost=0.00..6351.15 rows=1 width=21) (actual time=10.796..25.449 rows=2 loops=1)
Sort  (cost=6351.45..6351.46 rows=1 width=149) (actual time=28.592..28.594 rows=1 loops=1)
Nested Loop  (cost=0.00..6351.82 rows=1 width=21) (actual time=1.917..24.923 rows=7 loops=1)
Sort  (cost=6351.45..6351.46 rows=1 width=149) (actual time=29.008..29.010 rows=1 loops=1)
Nested Loop  (cost=0.00..6351.15 rows=1 width=21) (actual time=1.550..24.955 rows=2 loops=1)
Nested Loop  (cost=0.00..6351.15 rows=1 width=21) (actual time=5.885..24.958 rows=2 loops=1)
Sort  (cost=6351.45..6351.46 rows=1 width=149) (actual time=28.887..28.889 rows=1 loops=1)
Nested Loop  (cost=0.00..6351.15 rows=1 width=158) (actual time=1.588..24.251 rows=2 loops=1)
Nested Loop  (cost=0.00..6351.15 rows=1 width=403) (actual time=1.573..24.434 rows=2 loops=1)
Sort  (cost=6352.83..6352.83 rows=1 width=149) (actual time=30.210..30.212 rows=9 loops=1)
Nested Loop  (cost=0.00..6351.15 rows=1 width=21) (actual time=0.105..24.863 rows=2 loops=1)
Nested Loop  (cost=0.00..6351.15 rows=1 width=21) (actual time=9.894..25.092 rows=2 loops=1)
Nested Loop  (cost=0.00..6351.44 rows=1 width=21) (actual time=5.793..24.908 rows=2 loops=1)
Nested Loop  (cost=0.00..6351.15 rows=1 width=158) (actual time=6.676..24.870 rows=1 loops=1)
Nested Loop  (cost=0.00..6351.15 rows=1 width=158) (actual time=13.351..25.121 rows=1 loops=1)
Nested Loop  (cost=0.00..6352.84 rows=1 width=158) (actual time=4.692..26.403 rows=6 loops=1)
Sort  (cost=6351.45..6351.46 rows=1 width=149) (actual time=29.292..29.293 rows=1 loops=1)
Nested Loop  (cost=0.00..6351.15 rows=1 width=403) (actual time=16.504..24.547 rows=1 loops=1)
Sort  (cost=6351.45..6351.46 rows=1 width=149) (actual time=29.331..29.333 rows=1 loops=1)
Nested Loop  (cost=0.00..6351.15 rows=1 width=158) (actual time=6.895..30.139 rows=1 loops=1)
Sort  (cost=6351.45..6351.46 rows=1 width=149) (actual time=28.946..28.947 rows=2 loops=1)
Sort  (cost=6351.45..6351.46 rows=1 width=149) (actual time=29.951..29.953 rows=11 loops=1)
Nested Loop  (cost=0.00..6351.15 rows=1 width=21) (actual time=2.753..25.743 rows=3 loops=1)
Sort  (cost=6351.45..6351.46 rows=1 width=149) (actual time=32.326..32.328 rows=1 loops=1)
Nested Loop  (cost=0.00..6351.15 rows=1 width=158) (actual time=23.576..24.317 rows=1 loops=1)
Nested Loop  (cost=0.00..6351.78 rows=1 width=21) (actual time=1.664..25.212 rows=3 loops=1)
Nested Loop  (cost=0.00..6352.07 rows=1 width=158) (actual time=6.628..25.516 rows=2 loops=1)
Nested Loop  (cost=0.00..6352.84 rows=1 width=21) (actual time=1.827..26.261 rows=9 loops=1)
Nested Loop  (cost=0.00..6351.90 rows=1 width=21) (actual time=1.561..35.071 rows=6 loops=1)
Nested Loop  (cost=0.00..6351.15 rows=1 width=158) (actual time=14.594..24.569 rows=1 loops=1)
Nested Loop  (cost=0.00..6351.15 rows=1 width=21) (actual time=1.642..24.929 rows=2 loops=1)
Nested Loop  (cost=0.00..6351.15 rows=1 width=21) (actual time=17.173..24.825 rows=2 loops=1)
Sort  (cost=6351.45..6351.46 rows=1 width=149) (actual time=28.590..28.592 rows=2 loops=1)
Sort  (cost=6351.45..6351.46 rows=1 width=149) (actual time=29.203..29.205 rows=1 loops=1)
Nested Loop  (cost=0.00..6351.69 rows=1 width=158) (actual time=13.439..24.949 rows=2 loops=1)
Sort  (cost=6351.45..6351.46 rows=1 width=149) (actual time=29.288..29.289 rows=1 loops=1)
Nested Loop  (cost=0.00..6351.76 rows=1 width=21) (actual time=4.917..25.201 rows=3 loops=1)
Nested Loop  (cost=0.00..6351.69 rows=1 width=158) (actual time=1.161..24.912 rows=3 loops=1)
Sort  (cost=6351.45..6351.46 rows=1 width=149) (actual time=29.542..29.544 rows=1 loops=1)
Sort  (cost=6351.45..6351.46 rows=1 width=149) (actual time=28.919..28.922 rows=1 loops=1)
Sort  (cost=6351.45..6351.46 rows=1 width=149) (actual time=29.519..29.521 rows=1 loops=1)
Nested Loop  (cost=0.00..6352.84 rows=1 width=158) (actual time=1.438..26.770 rows=6 loops=1)
Nested Loop  (cost=0.00..6351.69 rows=1 width=21) (actual time=10.591..25.445 rows=4 loops=1)
Sort  (cost=6351.45..6351.46 rows=1 width=149) (actual time=29.299..29.300 rows=1 loops=1)
Sort  (cost=6351.45..6351.46 rows=1 width=149) (actual time=28.904..28.905 rows=1 loops=1)
Nested Loop  (cost=0.00..6351.15 rows=1 width=158) (actual time=19.535..24.346 rows=1 loops=1)
Sort  (cost=6356.44..6356.44 rows=1 width=149) (actual time=29.753..29.757 rows=20 loops=1)
Nested Loop  (cost=0.00..6351.15 rows=1 width=21) (actual time=16.472..25.069 rows=3 loops=1)
Sort  (cost=6351.45..6351.46 rows=1 width=149) (actual time=29.448..29.450 rows=2 loops=1)
Nested Loop  (cost=0.00..6351.35 rows=1 width=158) (actual time=13.489..25.135 rows=2 loops=1)
Nested Loop  (cost=0.00..6351.15 rows=1 width=158) (actual time=7.522..23.988 rows=1 loops=1)
Nested Loop  (cost=0.00..6351.40 rows=1 width=158) (actual time=23.586..24.930 rows=1 loops=1)
Nested Loop  (cost=0.00..6351.53 rows=1 width=21) (actual time=15.756..39.557 rows=4 loops=1)
Nested Loop  (cost=0.00..6351.15 rows=1 width=158) (actual time=11.002..24.975 rows=1 loops=1)
Sort  (cost=6351.45..6351.46 rows=1 width=149) (actual time=29.233..29.235 rows=2 loops=1)
Nested Loop  (cost=0.00..6351.15 rows=1 width=403) (actual time=5.183..24.866 rows=1 loops=1)
Nested Loop  (cost=0.00..6351.15 rows=1 width=158) (actual time=20.721..26.090 rows=1 loops=1)
Nested Loop  (cost=0.00..6351.90 rows=1 width=21) (actual time=4.564..25.631 rows=3 loops=1)
Nested Loop  (cost=0.00..6351.15 rows=1 width=21) (actual time=4.467..24.962 rows=2 loops=1)
Nested Loop  (cost=0.00..6351.15 rows=1 width=158) (actual time=10.194..25.057 rows=1 loops=1)
Nested Loop  (cost=0.00..6351.15 rows=1 width=21) (actual time=1.756..25.065 rows=4 loops=1)
Nested Loop  (cost=0.00..6351.15 rows=1 width=21) (actual time=16.988..24.434 rows=2 loops=1)
Sort  (cost=6351.45..6351.46 rows=1 width=149) (actual time=28.626..28.627 rows=1 loops=1)
Nested Loop  (cost=0.00..6351.15 rows=1 width=21) (actual time=3.788..24.695 rows=2 loops=1)
Nested Loop  (cost=0.00..6351.76 rows=1 width=21) (actual time=3.305..25.091 rows=3 loops=1)
Sort  (cost=6351.45..6351.46 rows=1 width=149) (actual time=29.585..29.586 rows=1 loops=1)
Nested Loop  (cost=0.00..6351.15 rows=1 width=21) (actual time=13.867..24.244 rows=2 loops=1)
Sort  (cost=6351.45..6351.46 rows=1 width=149) (actual time=29.028..29.031 rows=2 loops=1)
Nested Loop  (cost=0.00..6351.15 rows=1 width=158) (actual time=15.140..24.376 rows=1 loops=1)
Sort  (cost=6351.45..6351.46 rows=1 width=149) (actual time=29.363..29.365 rows=1 loops=1)
Nested Loop  (cost=0.00..6351.15 rows=1 width=21) (actual time=1.640..24.998 rows=2 loops=1)
Nested Loop  (cost=0.00..6351.15 rows=1 width=158) (actual time=21.912..23.993 rows=1 loops=1)
Nested Loop  (cost=0.00..6351.15 rows=1 width=158) (actual time=2.914..24.509 rows=2 loops=1)
Sort  (cost=6355.84..6355.84 rows=1 width=149) (actual time=28.832..28.836 rows=26 loops=1)
Nested Loop  (cost=0.00..6351.15 rows=1 width=21) (actual time=8.273..24.928 rows=2 loops=1)
Sort  (cost=6351.45..6351.46 rows=1 width=149) (actual time=29.584..29.586 rows=1 loops=1)
Nested Loop  (cost=0.00..6351.58 rows=1 width=21) (actual time=12.535..25.573 rows=4 loops=1)
Sort  (cost=6353.09..6353.10 rows=1 width=149) (actual time=30.562..30.564 rows=5 loops=1)
Nested Loop  (cost=0.00..6351.15 rows=1 width=21) (actual time=15.464..24.840 rows=3 loops=1)
Nested Loop  (cost=0.00..6351.76 rows=1 width=21) (actual time=2.899..25.383 rows=5 loops=1)
Nested Loop  (cost=0.00..6351.15 rows=1 width=158) (actual time=20.271..24.966 rows=1 loops=1)
Nested Loop  (cost=0.00..6351.15 rows=1 width=158) (actual time=15.184..24.775 rows=1 loops=1)
Sort  (cost=6351.45..6351.46 rows=1 width=149) (actual time=29.112..29.114 rows=1 loops=1)
Nested Loop  (cost=0.00..6351.76 rows=1 width=21) (actual time=6.429..25.066 rows=5 loops=1)
Nested Loop  (cost=0.00..6352.07 rows=1 width=21) (actual time=9.679..38.536 rows=5 loops=1)
Nested Loop  (cost=0.00..6351.15 rows=1 width=21) (actual time=8.680..24.454 rows=3 loops=1)
Nested Loop  (cost=0.00..6351.15 rows=1 width=21) (actual time=15.018..24.957 rows=2 loops=1)
Sort  (cost=6351.45..6351.46 rows=1 width=149) (actual time=31.334..31.336 rows=2 loops=1)
Nested Loop  (cost=0.00..6351.15 rows=1 width=21) (actual time=4.466..24.486 rows=2 loops=1)
Nested Loop  (cost=0.00..6351.40 rows=1 width=21) (actual time=4.863..24.692 rows=2 loops=1)
Nested Loop  (cost=0.00..6351.15 rows=1 width=158) (actual time=11.582..24.709 rows=1 loops=1)
Nested Loop  (cost=0.00..6351.15 rows=1 width=158) (actual time=10.622..24.683 rows=3 loops=1)
Nested Loop  (cost=0.00..6351.78 rows=1 width=21) (actual time=0.562..25.479 rows=2 loops=1)
Nested Loop  (cost=0.00..6351.15 rows=1 width=21) (actual time=10.657..25.131 rows=2 loops=1)
Nested Loop  (cost=0.00..6351.15 rows=1 width=21) (actual time=21.519..27.787 rows=2 loops=1)
Nested Loop  (cost=0.00..6351.15 rows=1 width=21) (actual time=7.170..25.586 rows=2 loops=1)
Nested Loop  (cost=0.00..6351.15 rows=1 width=21) (actual time=18.976..24.824 rows=2 loops=1)
Sort  (cost=6351.45..6351.46 rows=1 width=149) (actual time=29.062..29.064 rows=1 loops=1)
Nested Loop  (cost=0.00..6351.15 rows=1 width=21) (actual time=8.562..25.195 rows=2 loops=1)
Sort  (cost=6354.57..6354.58 rows=1 width=149) (actual time=28.075..28.078 rows=11 loops=1)
Nested Loop  (cost=0.00..6351.15 rows=1 width=21) (actual time=1.960..25.236 rows=3 loops=1)
Nested Loop  (cost=0.00..6351.15 rows=1 width=21) (actual time=5.544..25.062 rows=2 loops=1)
Sort  (cost=6351.45..6351.46 rows=1 width=149) (actual time=30.242..30.244 rows=1 loops=1)
Sort  (cost=6351.45..6351.46 rows=1 width=149) (actual time=29.494..29.496 rows=1 loops=1)
Nested Loop  (cost=0.00..6351.15 rows=1 width=158) (actual time=22.369..25.323 rows=1 loops=1)
Nested Loop  (cost=0.00..6351.15 rows=1 width=21) (actual time=3.359..24.317 rows=4 loops=1)
Nested Loop  (cost=0.00..6351.15 rows=1 width=158) (actual time=2.736..24.158 rows=2 loops=1)
Nested Loop  (cost=0.00..6352.07 rows=1 width=21) (actual time=3.537..24.789 rows=5 loops=1)
Sort  (cost=6351.45..6351.46 rows=1 width=149) (actual time=29.049..29.051 rows=2 loops=1)
Sort  (cost=6355.81..6355.82 rows=1 width=149) (actual time=29.677..29.679 rows=9 loops=1)
Sort  (cost=6351.45..6351.46 rows=1 width=149) (actual time=28.865..28.867 rows=2 loops=1)
Sort  (cost=6351.45..6351.46 rows=1 width=149) (actual time=31.790..31.792 rows=1 loops=1)
Nested Loop  (cost=0.00..6351.15 rows=1 width=21) (actual time=15.937..24.356 rows=2 loops=1)
Nested Loop  (cost=0.00..6351.15 rows=1 width=21) (actual time=10.478..24.873 rows=2 loops=1)
Nested Loop  (cost=0.00..6351.64 rows=1 width=21) (actual time=9.205..28.025 rows=4 loops=1)
Nested Loop  (cost=0.00..6352.84 rows=1 width=158) (actual time=2.693..25.502 rows=7 loops=1)
Nested Loop  (cost=0.00..6352.84 rows=1 width=403) (actual time=2.612..25.361 rows=7 loops=1)
Nested Loop  (cost=0.00..6351.15 rows=1 width=21) (actual time=3.833..24.963 rows=2 loops=1)
Nested Loop  (cost=0.00..6351.15 rows=1 width=158) (actual time=2.087..25.654 rows=1 loops=1)
Sort  (cost=6356.36..6356.37 rows=1 width=149) (actual time=28.961..28.964 rows=16 loops=1)
Nested Loop  (cost=0.00..6351.15 rows=1 width=403) (actual time=17.401..24.911 rows=1 loops=1)
Nested Loop  (cost=0.00..6351.40 rows=1 width=21) (actual time=18.811..25.309 rows=2 loops=1)
Sort  (cost=6351.45..6351.46 rows=1 width=149) (actual time=29.128..29.130 rows=3 loops=1)
Nested Loop  (cost=0.00..6351.73 rows=1 width=158) (actual time=0.582..25.324 rows=3 loops=1)
Nested Loop  (cost=0.00..6351.15 rows=1 width=21) (actual time=13.054..25.013 rows=2 loops=1)
Sort  (cost=6351.45..6351.46 rows=1 width=149) (actual time=29.268..29.269 rows=1 loops=1)
Nested Loop  (cost=0.00..6351.15 rows=1 width=21) (actual time=1.700..24.820 rows=2 loops=1)
Sort  (cost=6351.45..6351.46 rows=1 width=149) (actual time=28.581..28.583 rows=1 loops=1)
Nested Loop  (cost=0.00..6351.15 rows=1 width=403) (actual time=19.256..24.166 rows=1 loops=1)
Nested Loop  (cost=0.00..6351.15 rows=1 width=21) (actual time=8.868..24.280 rows=3 loops=1)
Sort  (cost=6351.45..6351.46 rows=1 width=149) (actual time=29.460..29.462 rows=1 loops=1)
Sort  (cost=6352.85..6352.86 rows=1 width=149) (actual time=29.320..29.322 rows=4 loops=1)
Nested Loop  (cost=0.00..6351.38 rows=1 width=21) (actual time=3.019..24.187 rows=4 loops=1)
Nested Loop  (cost=0.00..6351.40 rows=1 width=21) (actual time=9.524..24.197 rows=3 loops=1)
Nested Loop  (cost=0.00..6351.15 rows=1 width=158) (actual time=3.609..24.358 rows=1 loops=1)
Nested Loop  (cost=0.00..6351.56 rows=1 width=21) (actual time=5.276..25.480 rows=5 loops=1)
Nested Loop  (cost=0.00..6351.15 rows=1 width=21) (actual time=17.436..24.724 rows=2 loops=1)
Nested Loop  (cost=0.00..6351.49 rows=1 width=158) (actual time=16.502..24.314 rows=1 loops=1)
Nested Loop  (cost=0.00..6351.15 rows=1 width=21) (actual time=9.974..28.386 rows=2 loops=1)
Nested Loop  (cost=0.00..6351.15 rows=1 width=158) (actual time=10.551..24.769 rows=1 loops=1)
Nested Loop  (cost=0.00..6351.15 rows=1 width=403) (actual time=10.576..24.751 rows=1 loops=1)
Nested Loop  (cost=0.00..6351.15 rows=1 width=21) (actual time=9.070..24.778 rows=2 loops=1)
Nested Loop  (cost=0.00..6351.15 rows=1 width=158) (actual time=21.519..25.112 rows=1 loops=1)
Sort  (cost=6351.45..6351.46 rows=1 width=149) (actual time=31.378..31.380 rows=8 loops=1)
Nested Loop  (cost=0.00..6351.15 rows=1 width=21) (actual time=5.298..24.803 rows=2 loops=1)
Sort  (cost=6351.45..6351.46 rows=1 width=149) (actual time=29.284..29.286 rows=1 loops=1)
Nested Loop  (cost=0.00..6351.15 rows=1 width=158) (actual time=7.655..26.057 rows=1 loops=1)
Sort  (cost=6351.45..6351.46 rows=1 width=149) (actual time=28.995..28.997 rows=2 loops=1)
Nested Loop  (cost=0.00..6351.15 rows=1 width=403) (actual time=3.653..25.070 rows=2 loops=1)
Sort  (cost=6352.94..6352.95 rows=1 width=149) (actual time=36.174..36.177 rows=12 loops=1)
Nested Loop  (cost=0.00..6351.15 rows=1 width=403) (actual time=25.189..25.659 rows=1 loops=1)
Nested Loop  (cost=0.00..6351.15 rows=1 width=21) (actual time=16.455..27.088 rows=2 loops=1)
Nested Loop  (cost=0.00..6351.15 rows=1 width=158) (actual time=0.608..25.069 rows=1 loops=1)
Sort  (cost=6351.45..6351.46 rows=1 width=149) (actual time=34.522..34.525 rows=3 loops=1)
Nested Loop  (cost=0.00..6351.38 rows=1 width=21) (actual time=3.810..25.140 rows=2 loops=1)
Nested Loop  (cost=0.00..6351.40 rows=1 width=21) (actual time=6.678..25.033 rows=2 loops=1)
Sort  (cost=6351.45..6351.46 rows=1 width=149) (actual time=32.730..32.731 rows=4 loops=1)
Nested Loop  (cost=0.00..6351.15 rows=1 width=21) (actual time=17.932..24.577 rows=2 loops=1)
Nested Loop  (cost=0.00..6351.15 rows=1 width=21) (actual time=12.343..25.492 rows=2 loops=1)
Nested Loop  (cost=0.00..6351.15 rows=1 width=21) (actual time=9.361..24.775 rows=2 loops=1)
Nested Loop  (cost=0.00..6351.64 rows=1 width=21) (actual time=4.888..25.004 rows=4 loops=1)
Nested Loop  (cost=0.00..6351.15 rows=1 width=158) (actual time=10.861..24.489 rows=1 loops=1)
Nested Loop  (cost=0.00..6351.15 rows=1 width=403) (actual time=10.927..25.788 rows=1 loops=1)
Nested Loop  (cost=0.00..6351.15 rows=1 width=158) (actual time=24.530..24.912 rows=1 loops=1)
Nested Loop  (cost=0.00..6351.15 rows=1 width=158) (actual time=6.168..24.872 rows=1 loops=1)
Nested Loop  (cost=0.00..6351.15 rows=1 width=21) (actual time=16.941..25.107 rows=2 loops=1)
Nested Loop  (cost=0.00..6351.15 rows=1 width=21) (actual time=9.607..25.180 rows=2 loops=1)
Sort  (cost=6351.45..6351.46 rows=1 width=149) (actual time=29.436..29.438 rows=2 loops=1)
Nested Loop  (cost=0.00..6351.53 rows=1 width=158) (actual time=5.458..25.446 rows=2 loops=1)
Nested Loop  (cost=0.00..6351.15 rows=1 width=21) (actual time=12.434..25.971 rows=2 loops=1)
Nested Loop  (cost=0.00..6351.35 rows=1 width=21) (actual time=8.767..26.336 rows=2 loops=1)
Sort  (cost=6351.45..6351.46 rows=1 width=149) (actual time=28.802..28.803 rows=1 loops=1)
Nested Loop  (cost=0.00..6351.15 rows=1 width=21) (actual time=9.841..25.221 rows=2 loops=1)
Sort  (cost=6351.45..6351.46 rows=1 width=149) (actual time=28.682..28.684 rows=2 loops=1)
Nested Loop  (cost=0.00..6351.44 rows=1 width=403) (actual time=13.319..37.519 rows=1 loops=1)
Nested Loop  (cost=0.00..6351.64 rows=1 width=158) (actual time=10.669..25.270 rows=2 loops=1)
Sort  (cost=6351.45..6351.46 rows=1 width=149) (actual time=28.361..28.363 rows=2 loops=1)
Nested Loop  (cost=0.00..6351.64 rows=1 width=403) (actual time=10.233..24.638 rows=2 loops=1)
Sort  (cost=6351.45..6351.46 rows=1 width=149) (actual time=29.028..29.030 rows=1 loops=1)
Nested Loop  (cost=0.00..6351.15 rows=1 width=403) (actual time=4.708..24.797 rows=1 loops=1)
Nested Loop  (cost=0.00..6352.07 rows=1 width=21) (actual time=3.735..24.941 rows=5 loops=1)
Sort  (cost=6351.45..6351.46 rows=1 width=149) (actual time=31.589..31.591 rows=1 loops=1)
Nested Loop  (cost=0.00..6351.15 rows=1 width=403) (actual time=6.511..24.296 rows=1 loops=1)
Sort  (cost=6351.45..6351.46 rows=1 width=149) (actual time=28.889..28.890 rows=1 loops=1)
Nested Loop  (cost=0.00..6351.15 rows=1 width=21) (actual time=17.324..25.078 rows=2 loops=1)
Nested Loop  (cost=0.00..6351.15 rows=1 width=21) (actual time=6.007..25.047 rows=2 loops=1)
Sort  (cost=6351.45..6351.46 rows=1 width=149) (actual time=30.220..30.221 rows=2 loops=1)
Sort  (cost=6351.45..6351.46 rows=1 width=149) (actual time=29.423..29.425 rows=2 loops=1)
Sort  (cost=6351.45..6351.46 rows=1 width=149) (actual time=28.608..28.609 rows=1 loops=1)
Nested Loop  (cost=0.00..6351.15 rows=1 width=403) (actual time=6.724..24.871 rows=1 loops=1)
Nested Loop  (cost=0.00..6351.69 rows=1 width=21) (actual time=11.594..25.079 rows=3 loops=1)
Sort  (cost=6351.45..6351.46 rows=1 width=149) (actual time=30.256..30.258 rows=3 loops=1)
Nested Loop  (cost=0.00..6351.82 rows=1 width=21) (actual time=9.602..25.373 rows=3 loops=1)
Nested Loop  (cost=0.00..6351.15 rows=1 width=21) (actual time=4.559..24.933 rows=2 loops=1)
Nested Loop  (cost=0.00..6353.26 rows=1 width=21) (actual time=2.642..25.972 rows=7 loops=1)
Nested Loop  (cost=0.00..6351.15 rows=1 width=21) (actual time=0.345..24.471 rows=2 loops=1)
Nested Loop  (cost=0.00..6351.67 rows=1 width=158) (actual time=5.057..24.569 rows=4 loops=1)
Nested Loop  (cost=0.00..6351.15 rows=1 width=158) (actual time=7.605..24.220 rows=1 loops=1)
Nested Loop  (cost=0.00..6351.15 rows=1 width=21) (actual time=2.296..43.599 rows=2 loops=1)
Sort  (cost=6351.45..6351.46 rows=1 width=149) (actual time=31.295..31.296 rows=1 loops=1)
Nested Loop  (cost=0.00..6351.15 rows=1 width=158) (actual time=18.942..24.806 rows=1 loops=1)
Nested Loop  (cost=0.00..6351.15 rows=1 width=158) (actual time=15.274..26.884 rows=1 loops=1)
Nested Loop  (cost=0.00..6351.49 rows=1 width=21) (actual time=5.805..26.713 rows=2 loops=1)
Sort  (cost=6351.45..6351.46 rows=1 width=149) (actual time=29.701..29.703 rows=1 loops=1)
Nested Loop  (cost=0.00..6351.15 rows=1 width=21) (actual time=3.679..24.963 rows=3 loops=1)
Nested Loop  (cost=0.00..6351.15 rows=1 width=21) (actual time=5.377..25.287 rows=2 loops=1)
Sort  (cost=6351.45..6351.46 rows=1 width=149) (actual time=30.591..30.593 rows=1 loops=1)
Nested Loop  (cost=0.00..6351.15 rows=1 width=158) (actual time=1.214..25.068 rows=1 loops=1)
Nested Loop  (cost=0.00..6351.15 rows=1 width=21) (actual time=10.736..24.892 rows=2 loops=1)
Nested Loop  (cost=0.00..6351.15 rows=1 width=21) (actual time=6.050..25.056 rows=4 loops=1)
Nested Loop  (cost=0.00..6351.15 rows=1 width=21) (actual time=0.118..28.487 rows=3 loops=1)
Sort  (cost=6351.45..6351.46 rows=1 width=149) (actual time=29.690..29.692 rows=2 loops=1)
Nested Loop  (cost=0.00..6351.15 rows=1 width=21) (actual time=20.928..24.706 rows=1 loops=1)
Nested Loop  (cost=0.00..6351.15 rows=1 width=21) (actual time=5.003..24.788 rows=2 loops=1)
Nested Loop  (cost=0.00..6352.64 rows=1 width=21) (actual time=0.163..27.207 rows=4 loops=1)
Nested Loop  (cost=0.00..6351.15 rows=1 width=21) (actual time=22.066..25.267 rows=3 loops=1)
Nested Loop  (cost=0.00..6351.15 rows=1 width=21) (actual time=3.476..25.118 rows=4 loops=1)
Nested Loop  (cost=0.00..6351.44 rows=1 width=158) (actual time=4.501..29.412 rows=3 loops=1)
Nested Loop  (cost=0.00..6351.15 rows=1 width=21) (actual time=7.662..25.189 rows=2 loops=1)
Sort  (cost=6351.45..6351.46 rows=1 width=149) (actual time=28.954..28.956 rows=1 loops=1)
Nested Loop  (cost=0.00..6351.15 rows=1 width=21) (actual time=9.754..24.258 rows=2 loops=1)
Nested Loop  (cost=0.00..6351.53 rows=1 width=21) (actual time=12.561..24.599 rows=2 loops=1)
Nested Loop  (cost=0.00..6351.53 rows=1 width=21) (actual time=3.829..25.243 rows=2 loops=1)
Nested Loop  (cost=0.00..6351.15 rows=1 width=158) (actual time=9.024..26.107 rows=1 loops=1)
Sort  (cost=6351.45..6351.46 rows=1 width=149) (actual time=29.827..29.829 rows=1 loops=1)
Sort  (cost=6352.94..6352.95 rows=1 width=149) (actual time=30.544..30.546 rows=6 loops=1)
Nested Loop  (cost=0.00..6352.64 rows=1 width=21) (actual time=3.968..25.583 rows=9 loops=1)
Nested Loop  (cost=0.00..6351.76 rows=1 width=158) (actual time=20.587..25.419 rows=2 loops=1)
Nested Loop  (cost=0.00..6351.44 rows=1 width=21) (actual time=1.751..25.173 rows=3 loops=1)
Nested Loop  (cost=0.00..6351.15 rows=1 width=158) (actual time=0.159..24.534 rows=1 loops=1)
Nested Loop  (cost=0.00..6351.15 rows=1 width=403) (actual time=0.153..24.807 rows=1 loops=1)
Sort  (cost=6351.45..6351.46 rows=1 width=149) (actual time=29.394..29.396 rows=1 loops=1)
Nested Loop  (cost=0.00..6351.15 rows=1 width=158) (actual time=8.112..25.114 rows=1 loops=1)
Nested Loop  (cost=0.00..6351.15 rows=1 width=403) (actual time=8.336..34.245 rows=1 loops=1)
Nested Loop  (cost=0.00..6351.15 rows=1 width=21) (actual time=6.683..24.953 rows=2 loops=1)
Nested Loop  (cost=0.00..6351.15 rows=1 width=21) (actual time=5.862..25.732 rows=3 loops=1)
Nested Loop  (cost=0.00..6351.44 rows=1 width=21) (actual time=6.686..25.043 rows=4 loops=1)
Nested Loop  (cost=0.00..6351.15 rows=1 width=21) (actual time=16.055..24.814 rows=2 loops=1)
Nested Loop  (cost=0.00..6351.15 rows=1 width=21) (actual time=18.186..24.199 rows=2 loops=1)
Nested Loop  (cost=0.00..6351.15 rows=1 width=158) (actual time=1.995..24.372 rows=1 loops=1)
Nested Loop  (cost=0.00..6351.15 rows=1 width=403) (actual time=2.004..24.445 rows=1 loops=1)
Sort  (cost=6351.45..6351.46 rows=1 width=149) (actual time=29.290..29.292 rows=6 loops=1)
Nested Loop  (cost=0.00..6351.15 rows=1 width=403) (actual time=13.616..27.451 rows=2 loops=1)
Nested Loop  (cost=0.00..6351.15 rows=1 width=158) (actual time=15.271..24.791 rows=2 loops=1)
Nested Loop  (cost=0.00..6351.15 rows=1 width=403) (actual time=15.271..24.917 rows=2 loops=1)
Nested Loop  (cost=0.00..6351.53 rows=1 width=21) (actual time=17.281..24.919 rows=2 loops=1)
Nested Loop  (cost=0.00..6351.40 rows=1 width=21) (actual time=15.025..24.801 rows=3 loops=1)
Nested Loop  (cost=0.00..6351.15 rows=1 width=21) (actual time=7.619..24.432 rows=2 loops=1)
Sort  (cost=6351.45..6351.46 rows=1 width=149) (actual time=29.257..29.258 rows=1 loops=1)
Sort  (cost=6352.83..6352.83 rows=1 width=149) (actual time=30.442..30.444 rows=4 loops=1)
Sort  (cost=6351.45..6351.46 rows=1 width=149) (actual time=29.133..29.135 rows=1 loops=1)
Nested Loop  (cost=0.00..6351.15 rows=1 width=21) (actual time=3.232..25.101 rows=2 loops=1)
Sort  (cost=6351.45..6351.46 rows=1 width=149) (actual time=28.882..28.884 rows=1 loops=1)
Nested Loop  (cost=0.00..6351.15 rows=1 width=158) (actual time=25.406..25.619 rows=1 loops=1)
Nested Loop  (cost=0.00..6351.15 rows=1 width=158) (actual time=2.401..24.852 rows=1 loops=1)
Nested Loop  (cost=0.00..6351.15 rows=1 width=21) (actual time=5.914..25.143 rows=2 loops=1)
Sort  (cost=6351.45..6351.46 rows=1 width=149) (actual time=29.960..29.962 rows=1 loops=1)
Nested Loop  (cost=0.00..6351.15 rows=1 width=158) (actual time=24.464..24.931 rows=1 loops=1)
Nested Loop  (cost=0.00..6351.73 rows=1 width=21) (actual time=6.773..25.292 rows=4 loops=1)
Nested Loop  (cost=0.00..6351.15 rows=1 width=21) (actual time=3.451..25.315 rows=2 loops=1)
Nested Loop  (cost=0.00..6353.26 rows=1 width=21) (actual time=2.040..26.161 rows=8 loops=1)
Nested Loop  (cost=0.00..6351.82 rows=1 width=21) (actual time=1.966..38.321 rows=4 loops=1)
Nested Loop  (cost=0.00..6351.90 rows=1 width=21) (actual time=8.918..29.961 rows=6 loops=1)
Nested Loop  (cost=0.00..6351.15 rows=1 width=21) (actual time=1.665..30.490 rows=2 loops=1)
Nested Loop  (cost=0.00..6351.38 rows=1 width=158) (actual time=7.276..25.544 rows=2 loops=1)
Nested Loop  (cost=0.00..6351.15 rows=1 width=158) (actual time=0.173..25.032 rows=1 loops=1)
Sort  (cost=6351.45..6351.46 rows=1 width=149) (actual time=30.267..30.269 rows=2 loops=1)
Nested Loop  (cost=0.00..6351.15 rows=1 width=21) (actual time=1.603..25.090 rows=2 loops=1)
Nested Loop  (cost=0.00..6351.15 rows=1 width=21) (actual time=6.549..26.106 rows=2 loops=1)
Nested Loop  (cost=0.00..6351.35 rows=1 width=158) (actual time=21.300..25.506 rows=1 loops=1)
Sort  (cost=6351.45..6351.46 rows=1 width=149) (actual time=29.700..29.702 rows=1 loops=1)
Nested Loop  (cost=0.00..6351.15 rows=1 width=21) (actual time=20.658..24.758 rows=3 loops=1)
Nested Loop  (cost=0.00..6351.15 rows=1 width=21) (actual time=5.675..24.991 rows=2 loops=1)
Sort  (cost=6352.80..6352.81 rows=1 width=149) (actual time=30.672..30.674 rows=11 loops=1)
Nested Loop  (cost=0.00..6351.44 rows=1 width=21) (actual time=4.116..24.792 rows=3 loops=1)
Sort  (cost=6351.45..6351.46 rows=1 width=149) (actual time=29.231..29.233 rows=2 loops=1)
Nested Loop  (cost=0.00..6351.15 rows=1 width=21) (actual time=8.728..25.255 rows=2 loops=1)
Nested Loop  (cost=0.00..6351.15 rows=1 width=21) (actual time=4.358..25.014 rows=2 loops=1)
Sort  (cost=6351.45..6351.46 rows=1 width=149) (actual time=29.606..29.608 rows=2 loops=1)
Nested Loop  (cost=0.00..6351.15 rows=1 width=158) (actual time=1.204..25.017 rows=1 loops=1)
Sort  (cost=6351.45..6351.46 rows=1 width=149) (actual time=28.519..28.521 rows=1 loops=1)
Nested Loop  (cost=0.00..6351.15 rows=1 width=403) (actual time=6.931..25.939 rows=1 loops=1)
Nested Loop  (cost=0.00..6351.67 rows=1 width=158) (actual time=11.531..25.274 rows=1 loops=1)
Nested Loop  (cost=0.00..6353.26 rows=1 width=158) (actual time=2.343..25.439 rows=10 loops=1)
Nested Loop  (cost=0.00..6352.84 rows=1 width=21) (actual time=5.921..25.645 rows=7 loops=1)
Sort  (cost=6351.45..6351.46 rows=1 width=149) (actual time=29.117..29.118 rows=2 loops=1)
Nested Loop  (cost=0.00..6351.15 rows=1 width=403) (actual time=33.766..37.777 rows=1 loops=1)
Nested Loop  (cost=0.00..6351.15 rows=1 width=21) (actual time=2.679..24.166 rows=3 loops=1)
Sort  (cost=6351.45..6351.46 rows=1 width=149) (actual time=29.303..29.305 rows=1 loops=1)
Nested Loop  (cost=0.00..6351.15 rows=1 width=21) (actual time=0.898..24.412 rows=2 loops=1)
Sort  (cost=6351.45..6351.46 rows=1 width=149) (actual time=28.815..28.816 rows=1 loops=1)
Sort  (cost=6351.45..6351.46 rows=1 width=149) (actual time=28.796..28.797 rows=1 loops=1)
Nested Loop  (cost=0.00..6351.82 rows=1 width=21) (actual time=5.752..25.324 rows=7 loops=1)
Sort  (cost=6351.45..6351.46 rows=1 width=149) (actual time=29.438..29.439 rows=2 loops=1)
Sort  (cost=6351.45..6351.46 rows=1 width=149) (actual time=28.380..28.381 rows=2 loops=1)
Nested Loop  (cost=0.00..6351.15 rows=1 width=21) (actual time=0.464..24.947 rows=2 loops=1)
Nested Loop  (cost=0.00..6351.15 rows=1 width=21) (actual time=5.660..24.611 rows=2 loops=1)
Nested Loop  (cost=0.00..6351.15 rows=1 width=158) (actual time=17.397..24.893 rows=2 loops=1)
Nested Loop  (cost=0.00..6351.15 rows=1 width=21) (actual time=4.326..24.869 rows=2 loops=1)
Nested Loop  (cost=0.00..6352.07 rows=1 width=21) (actual time=5.721..25.595 rows=5 loops=1)
Sort  (cost=6351.45..6351.46 rows=1 width=149) (actual time=30.100..30.102 rows=1 loops=1)
Nested Loop  (cost=0.00..6351.15 rows=1 width=21) (actual time=7.535..24.768 rows=3 loops=1)
Nested Loop  (cost=0.00..6351.15 rows=1 width=158) (actual time=5.816..25.245 rows=2 loops=1)
Nested Loop  (cost=0.00..6351.69 rows=1 width=21) (actual time=8.205..25.373 rows=3 loops=1)
Nested Loop  (cost=0.00..6351.56 rows=1 width=21) (actual time=2.756..25.470 rows=3 loops=1)
Nested Loop  (cost=0.00..6351.53 rows=1 width=21) (actual time=1.327..24.080 rows=3 loops=1)
Nested Loop  (cost=0.00..6351.44 rows=1 width=21) (actual time=7.950..24.442 rows=3 loops=1)
Nested Loop  (cost=0.00..6351.15 rows=1 width=21) (actual time=13.512..24.638 rows=2 loops=1)
Nested Loop  (cost=0.00..6351.15 rows=1 width=21) (actual time=14.462..24.662 rows=2 loops=1)
Sort  (cost=6351.45..6351.46 rows=1 width=149) (actual time=29.848..29.850 rows=7 loops=1)
Nested Loop  (cost=0.00..6351.15 rows=1 width=21) (actual time=0.627..37.608 rows=2 loops=1)
Nested Loop  (cost=0.00..6351.84 rows=1 width=21) (actual time=9.571..26.895 rows=3 loops=1)
Nested Loop  (cost=0.00..6351.15 rows=1 width=21) (actual time=8.870..24.721 rows=2 loops=1)
Nested Loop  (cost=0.00..6352.07 rows=1 width=158) (actual time=4.082..25.453 rows=4 loops=1)
Nested Loop  (cost=0.00..6351.35 rows=1 width=158) (actual time=19.245..24.926 rows=1 loops=1)
Nested Loop  (cost=0.00..6351.67 rows=1 width=158) (actual time=5.141..25.233 rows=4 loops=1)
Sort  (cost=6351.45..6351.46 rows=1 width=149) (actual time=29.611..29.613 rows=1 loops=1)
Sort  (cost=6351.45..6351.46 rows=1 width=149) (actual time=28.974..28.976 rows=1 loops=1)
Nested Loop  (cost=0.00..6351.15 rows=1 width=158) (actual time=12.762..24.910 rows=1 loops=1)
Sort  (cost=6351.45..6351.46 rows=1 width=149) (actual time=29.449..29.451 rows=1 loops=1)
Sort  (cost=6362.35..6362.36 rows=1 width=149) (actual time=30.454..30.458 rows=48 loops=1)
Sort  (cost=6351.45..6351.46 rows=1 width=149) (actual time=29.104..29.106 rows=1 loops=1)
Nested Loop  (cost=0.00..6351.15 rows=1 width=403) (actual time=23.129..25.476 rows=1 loops=1)
Sort  (cost=6351.45..6351.46 rows=1 width=149) (actual time=29.553..29.554 rows=5 loops=1)
Sort  (cost=6351.45..6351.46 rows=1 width=149) (actual time=29.140..29.142 rows=2 loops=1)
Nested Loop  (cost=0.00..6353.26 rows=1 width=21) (actual time=2.637..26.358 rows=14 loops=1)
Sort  (cost=6351.45..6351.46 rows=1 width=149) (actual time=33.112..33.114 rows=1 loops=1)
Sort  (cost=6351.45..6351.46 rows=1 width=149) (actual time=29.343..29.344 rows=1 loops=1)
Nested Loop  (cost=0.00..6351.76 rows=1 width=21) (actual time=1.484..26.027 rows=5 loops=1)
Nested Loop  (cost=0.00..6351.76 rows=1 width=21) (actual time=0.356..25.807 rows=3 loops=1)
Sort  (cost=6353.18..6353.18 rows=1 width=149) (actual time=31.095..31.097 rows=7 loops=1)
Sort  (cost=6351.45..6351.46 rows=1 width=149) (actual time=29.466..29.468 rows=1 loops=1)
Nested Loop  (cost=0.00..6351.15 rows=1 width=21) (actual time=13.559..25.457 rows=3 loops=1)
Nested Loop  (cost=0.00..6351.44 rows=1 width=21) (actual time=19.037..25.687 rows=3 loops=1)
Nested Loop  (cost=0.00..6351.44 rows=1 width=21) (actual time=2.262..25.059 rows=2 loops=1)
Nested Loop  (cost=0.00..6351.15 rows=1 width=158) (actual time=12.863..24.848 rows=1 loops=1)
Nested Loop  (cost=0.00..6351.15 rows=1 width=158) (actual time=21.502..25.266 rows=1 loops=1)
Nested Loop  (cost=0.00..6351.15 rows=1 width=403) (actual time=27.718..32.268 rows=1 loops=1)
Nested Loop  (cost=0.00..6351.15 rows=1 width=158) (actual time=0.106..26.084 rows=1 loops=1)
Nested Loop  (cost=0.00..6351.15 rows=1 width=403) (actual time=0.097..25.720 rows=1 loops=1)
Nested Loop  (cost=0.00..6351.15 rows=1 width=158) (actual time=16.865..24.648 rows=1 loops=1)
Nested Loop  (cost=0.00..6351.84 rows=1 width=21) (actual time=2.822..26.826 rows=5 loops=1)
Nested Loop  (cost=0.00..6351.15 rows=1 width=21) (actual time=20.135..33.741 rows=2 loops=1)
Nested Loop  (cost=0.00..6351.84 rows=1 width=158) (actual time=9.910..25.399 rows=3 loops=1)
Nested Loop  (cost=0.00..6351.15 rows=1 width=21) (actual time=1.988..24.602 rows=3 loops=1)
Nested Loop  (cost=0.00..6351.15 rows=1 width=158) (actual time=16.601..25.070 rows=1 loops=1)
Sort  (cost=6351.45..6351.46 rows=1 width=149) (actual time=29.357..29.359 rows=3 loops=1)
Nested Loop  (cost=0.00..6351.15 rows=1 width=158) (actual time=12.327..24.684 rows=2 loops=1)
Nested Loop  (cost=0.00..6351.15 rows=1 width=158) (actual time=4.199..24.911 rows=1 loops=1)
Nested Loop  (cost=0.00..6351.15 rows=1 width=21) (actual time=16.557..24.239 rows=3 loops=1)
Nested Loop  (cost=0.00..6351.84 rows=1 width=158) (actual time=5.953..25.006 rows=3 loops=1)
Nested Loop  (cost=0.00..6351.38 rows=1 width=21) (actual time=8.062..28.301 rows=2 loops=1)
Nested Loop  (cost=0.00..6351.15 rows=1 width=158) (actual time=14.654..25.277 rows=1 loops=1)
Nested Loop  (cost=0.00..6351.15 rows=1 width=21) (actual time=7.335..24.773 rows=3 loops=1)
Nested Loop  (cost=0.00..6351.15 rows=1 width=158) (actual time=6.070..24.704 rows=1 loops=1)
Nested Loop  (cost=0.00..6351.38 rows=1 width=158) (actual time=12.546..24.575 rows=2 loops=1)
Nested Loop  (cost=0.00..6351.15 rows=1 width=21) (actual time=6.032..25.550 rows=2 loops=1)
Nested Loop  (cost=0.00..6351.15 rows=1 width=158) (actual time=14.087..25.007 rows=1 loops=1)
Nested Loop  (cost=0.00..6351.84 rows=1 width=21) (actual time=6.711..25.911 rows=5 loops=1)
Nested Loop  (cost=0.00..6351.76 rows=1 width=158) (actual time=4.299..25.398 rows=4 loops=1)
Nested Loop  (cost=0.00..6351.15 rows=1 width=21) (actual time=3.097..24.920 rows=2 loops=1)
Sort  (cost=6351.45..6351.46 rows=1 width=149) (actual time=28.457..28.458 rows=1 loops=1)
Nested Loop  (cost=0.00..6352.64 rows=1 width=21) (actual time=2.925..25.796 rows=7 loops=1)
Nested Loop  (cost=0.00..6351.44 rows=1 width=21) (actual time=2.864..25.071 rows=3 loops=1)
Nested Loop  (cost=0.00..6351.15 rows=1 width=21) (actual time=3.243..25.733 rows=3 loops=1)
Nested Loop  (cost=0.00..6351.56 rows=1 width=21) (actual time=12.864..25.260 rows=2 loops=1)
Nested Loop  (cost=0.00..6351.15 rows=1 width=21) (actual time=6.603..24.894 rows=2 loops=1)
Nested Loop  (cost=0.00..6351.15 rows=1 width=158) (actual time=3.338..24.417 rows=1 loops=1)
Nested Loop  (cost=0.00..6351.15 rows=1 width=158) (actual time=23.782..24.942 rows=1 loops=1)
Sort  (cost=6351.45..6351.46 rows=1 width=149) (actual time=29.176..29.178 rows=1 loops=1)
Nested Loop  (cost=0.00..6351.15 rows=1 width=158) (actual time=13.279..25.418 rows=3 loops=1)
Sort  (cost=6351.45..6351.46 rows=1 width=149) (actual time=29.217..29.219 rows=1 loops=1)
Nested Loop  (cost=0.00..6351.15 rows=1 width=21) (actual time=8.832..24.286 rows=2 loops=1)
Sort  (cost=6351.45..6351.46 rows=1 width=149) (actual time=29.034..29.035 rows=1 loops=1)
Sort  (cost=6351.45..6351.46 rows=1 width=149) (actual time=33.278..33.281 rows=4 loops=1)
Nested Loop  (cost=0.00..6351.15 rows=1 width=158) (actual time=21.860..26.535 rows=1 loops=1)
Nested Loop  (cost=0.00..6351.44 rows=1 width=158) (actual time=18.243..25.983 rows=3 loops=1)
Nested Loop  (cost=0.00..6351.44 rows=1 width=158) (actual time=14.394..27.885 rows=2 loops=1)
Sort  (cost=6351.45..6351.46 rows=1 width=149) (actual time=28.636..28.638 rows=1 loops=1)
Nested Loop  (cost=0.00..6351.15 rows=1 width=21) (actual time=5.814..24.931 rows=3 loops=1)
Sort  (cost=6351.45..6351.46 rows=1 width=149) (actual time=28.903..28.905 rows=1 loops=1)
Nested Loop  (cost=0.00..6351.67 rows=1 width=21) (actual time=5.818..25.008 rows=5 loops=1)
Nested Loop  (cost=0.00..6351.15 rows=1 width=21) (actual time=12.479..24.736 rows=2 loops=1)
Sort  (cost=6351.45..6351.46 rows=1 width=149) (actual time=29.276..29.278 rows=2 loops=1)
Sort  (cost=6351.45..6351.46 rows=1 width=149) (actual time=29.618..29.620 rows=9 loops=1)
Nested Loop  (cost=0.00..6351.15 rows=1 width=158) (actual time=9.654..24.624 rows=1 loops=1)
Nested Loop  (cost=0.00..6351.15 rows=1 width=403) (actual time=9.724..24.976 rows=1 loops=1)
Nested Loop  (cost=0.00..6351.15 rows=1 width=21) (actual time=9.394..25.503 rows=2 loops=1)
Sort  (cost=6351.45..6351.46 rows=1 width=149) (actual time=30.559..30.561 rows=11 loops=1)
Sort  (cost=6351.45..6351.46 rows=1 width=149) (actual time=29.111..29.112 rows=3 loops=1)
Sort  (cost=6351.45..6351.46 rows=1 width=149) (actual time=28.984..28.986 rows=2 loops=1)
Nested Loop  (cost=0.00..6351.15 rows=1 width=403) (actual time=14.513..28.890 rows=1 loops=1)
Nested Loop  (cost=0.00..6351.15 rows=1 width=21) (actual time=6.122..24.781 rows=2 loops=1)
Nested Loop  (cost=0.00..6351.76 rows=1 width=158) (actual time=1.512..25.499 rows=3 loops=1)
Nested Loop  (cost=0.00..6351.15 rows=1 width=21) (actual time=9.961..24.777 rows=2 loops=1)
Nested Loop  (cost=0.00..6351.15 rows=1 width=158) (actual time=4.618..24.267 rows=1 loops=1)
Nested Loop  (cost=0.00..6351.15 rows=1 width=21) (actual time=0.740..24.419 rows=2 loops=1)
Nested Loop  (cost=0.00..6351.15 rows=1 width=158) (actual time=13.558..25.666 rows=1 loops=1)
Nested Loop  (cost=0.00..6351.15 rows=1 width=403) (actual time=15.869..27.342 rows=1 loops=1)
Sort  (cost=6351.45..6351.46 rows=1 width=149) (actual time=28.933..28.935 rows=1 loops=1)
Nested Loop  (cost=0.00..6351.76 rows=1 width=158) (actual time=19.749..25.296 rows=2 loops=1)
Sort  (cost=6351.45..6351.46 rows=1 width=149) (actual time=29.619..29.621 rows=5 loops=1)
Sort  (cost=6351.45..6351.46 rows=1 width=149) (actual time=30.412..30.414 rows=6 loops=1)
Nested Loop  (cost=0.00..6351.15 rows=1 width=158) (actual time=6.454..24.933 rows=1 loops=1)
Sort  (cost=6351.45..6351.46 rows=1 width=149) (actual time=28.410..28.412 rows=1 loops=1)
Nested Loop  (cost=0.00..6351.44 rows=1 width=21) (actual time=2.721..24.906 rows=2 loops=1)
Nested Loop  (cost=0.00..6351.15 rows=1 width=158) (actual time=20.797..24.969 rows=1 loops=1)
Sort  (cost=6351.45..6351.46 rows=1 width=149) (actual time=29.321..29.322 rows=1 loops=1)
Nested Loop  (cost=0.00..6351.15 rows=1 width=158) (actual time=13.252..24.798 rows=1 loops=1)
Sort  (cost=6351.45..6351.46 rows=1 width=149) (actual time=29.685..29.687 rows=5 loops=1)
Nested Loop  (cost=0.00..6351.15 rows=1 width=21) (actual time=6.510..25.135 rows=3 loops=1)
Nested Loop  (cost=0.00..6351.15 rows=1 width=158) (actual time=15.813..25.146 rows=1 loops=1)
Sort  (cost=6351.45..6351.46 rows=1 width=149) (actual time=28.390..28.392 rows=1 loops=1)
Sort  (cost=6351.45..6351.46 rows=1 width=149) (actual time=28.952..28.954 rows=3 loops=1)
Nested Loop  (cost=0.00..6351.15 rows=1 width=158) (actual time=16.647..24.990 rows=1 loops=1)
Nested Loop  (cost=0.00..6351.15 rows=1 width=158) (actual time=0.310..24.839 rows=1 loops=1)
Nested Loop  (cost=0.00..6351.15 rows=1 width=21) (actual time=0.240..24.486 rows=2 loops=1)
Sort  (cost=6351.45..6351.46 rows=1 width=149) (actual time=29.380..29.382 rows=1 loops=1)
Nested Loop  (cost=0.00..6351.53 rows=1 width=21) (actual time=7.690..26.532 rows=4 loops=1)
Nested Loop  (cost=0.00..6351.15 rows=1 width=21) (actual time=3.547..24.408 rows=3 loops=1)
Nested Loop  (cost=0.00..6351.15 rows=1 width=21) (actual time=9.348..24.933 rows=2 loops=1)
Sort  (cost=6351.45..6351.46 rows=1 width=149) (actual time=35.622..35.624 rows=1 loops=1)
Nested Loop  (cost=0.00..6351.15 rows=1 width=403) (actual time=10.535..24.746 rows=1 loops=1)
Nested Loop  (cost=0.00..6351.15 rows=1 width=21) (actual time=1.718..24.865 rows=2 loops=1)
Sort  (cost=6351.45..6351.46 rows=1 width=149) (actual time=28.413..28.414 rows=1 loops=1)
Nested Loop  (cost=0.00..6351.15 rows=1 width=403) (actual time=15.956..24.848 rows=1 loops=1)
Nested Loop  (cost=0.00..6351.15 rows=1 width=158) (actual time=21.943..24.940 rows=1 loops=1)
Nested Loop  (cost=0.00..6351.15 rows=1 width=21) (actual time=9.607..24.954 rows=2 loops=1)
Sort  (cost=6352.85..6352.86 rows=1 width=149) (actual time=29.831..29.833 rows=8 loops=1)
Nested Loop  (cost=0.00..6351.15 rows=1 width=403) (actual time=14.490..24.778 rows=2 loops=1)
Nested Loop  (cost=0.00..6351.15 rows=1 width=21) (actual time=7.841..25.083 rows=3 loops=1)
Nested Loop  (cost=0.00..6351.15 rows=1 width=21) (actual time=2.602..24.897 rows=2 loops=1)
Nested Loop  (cost=0.00..6351.15 rows=1 width=158) (actual time=9.669..24.855 rows=1 loops=1)
Sort  (cost=6351.45..6351.46 rows=1 width=149) (actual time=29.056..29.057 rows=1 loops=1)
Nested Loop  (cost=0.00..6351.40 rows=1 width=21) (actual time=4.445..25.074 rows=2 loops=1)
Sort  (cost=6351.45..6351.46 rows=1 width=149) (actual time=30.479..30.481 rows=2 loops=1)
Nested Loop  (cost=0.00..6351.15 rows=1 width=21) (actual time=4.286..24.733 rows=2 loops=1)
Sort  (cost=6351.45..6351.46 rows=1 width=149) (actual time=30.331..30.333 rows=6 loops=1)
Nested Loop  (cost=0.00..6351.15 rows=1 width=21) (actual time=26.295..31.607 rows=3 loops=1)
Sort  (cost=6351.45..6351.46 rows=1 width=149) (actual time=28.786..28.788 rows=1 loops=1)
Nested Loop  (cost=0.00..6351.15 rows=1 width=21) (actual time=12.736..24.962 rows=2 loops=1)
Nested Loop  (cost=0.00..6351.15 rows=1 width=21) (actual time=1.734..26.595 rows=3 loops=1)
Nested Loop  (cost=0.00..6351.15 rows=1 width=158) (actual time=15.828..25.072 rows=1 loops=1)
Sort  (cost=6351.45..6351.46 rows=1 width=149) (actual time=30.410..30.412 rows=2 loops=1)
Nested Loop  (cost=0.00..6351.15 rows=1 width=403) (actual time=3.277..24.977 rows=1 loops=1)
Nested Loop  (cost=0.00..6351.15 rows=1 width=21) (actual time=9.666..28.678 rows=2 loops=1)
Nested Loop  (cost=0.00..6351.69 rows=1 width=21) (actual time=2.797..25.695 rows=3 loops=1)
Nested Loop  (cost=0.00..6351.15 rows=1 width=21) (actual time=1.504..26.826 rows=2 loops=1)
Nested Loop  (cost=0.00..6351.15 rows=1 width=21) (actual time=6.049..28.723 rows=3 loops=1)
Sort  (cost=6351.45..6351.46 rows=1 width=149) (actual time=31.608..31.610 rows=1 loops=1)
Sort  (cost=6351.45..6351.46 rows=1 width=149) (actual time=29.462..29.463 rows=2 loops=1)
Nested Loop  (cost=0.00..6351.49 rows=1 width=158) (actual time=5.795..25.875 rows=2 loops=1)
Nested Loop  (cost=0.00..6351.47 rows=1 width=21) (actual time=9.328..24.961 rows=2 loops=1)
Nested Loop  (cost=0.00..6351.15 rows=1 width=21) (actual time=0.356..24.796 rows=3 loops=1)
Nested Loop  (cost=0.00..6351.15 rows=1 width=158) (actual time=5.711..29.252 rows=2 loops=1)
Sort  (cost=6351.45..6351.46 rows=1 width=149) (actual time=29.187..29.188 rows=2 loops=1)
Nested Loop  (cost=0.00..6351.56 rows=1 width=21) (actual time=14.067..25.303 rows=3 loops=1)
Nested Loop  (cost=0.00..6351.15 rows=1 width=21) (actual time=6.170..24.898 rows=3 loops=1)
Nested Loop  (cost=0.00..6351.82 rows=1 width=21) (actual time=12.157..25.336 rows=4 loops=1)
Nested Loop  (cost=0.00..6351.15 rows=1 width=158) (actual time=15.614..25.022 rows=2 loops=1)
Nested Loop  (cost=0.00..6351.15 rows=1 width=21) (actual time=9.234..25.020 rows=2 loops=1)
Nested Loop  (cost=0.00..6351.15 rows=1 width=158) (actual time=0.329..24.174 rows=2 loops=1)
Nested Loop  (cost=0.00..6351.84 rows=1 width=158) (actual time=8.313..32.987 rows=3 loops=1)
Nested Loop  (cost=0.00..6351.49 rows=1 width=21) (actual time=8.169..24.659 rows=3 loops=1)
Nested Loop  (cost=0.00..6351.15 rows=1 width=158) (actual time=1.741..24.888 rows=1 loops=1)
Nested Loop  (cost=0.00..6351.53 rows=1 width=158) (actual time=3.576..24.616 rows=3 loops=1)
Nested Loop  (cost=0.00..6353.26 rows=1 width=21) (actual time=5.220..26.301 rows=9 loops=1)
Nested Loop  (cost=0.00..6351.53 rows=1 width=21) (actual time=7.673..25.162 rows=4 loops=1)
Nested Loop  (cost=0.00..6351.15 rows=1 width=21) (actual time=11.301..24.839 rows=3 loops=1)
Nested Loop  (cost=0.00..6351.40 rows=1 width=158) (actual time=0.129..24.570 rows=3 loops=1)
Sort  (cost=6351.45..6351.46 rows=1 width=149) (actual time=28.149..28.151 rows=1 loops=1)
Nested Loop  (cost=0.00..6351.15 rows=1 width=158) (actual time=7.124..24.816 rows=1 loops=1)
Nested Loop  (cost=0.00..6351.82 rows=1 width=158) (actual time=2.443..25.447 rows=4 loops=1)
Nested Loop  (cost=0.00..6351.56 rows=1 width=21) (actual time=3.340..25.033 rows=3 loops=1)
Nested Loop  (cost=0.00..6351.15 rows=1 width=21) (actual time=4.379..24.737 rows=2 loops=1)
Sort  (cost=6351.45..6351.46 rows=1 width=149) (actual time=28.818..28.819 rows=3 loops=1)
Nested Loop  (cost=0.00..6351.15 rows=1 width=21) (actual time=1.331..24.875 rows=3 loops=1)
Sort  (cost=6351.45..6351.46 rows=1 width=149) (actual time=30.151..30.152 rows=1 loops=1)
Sort  (cost=6351.45..6351.46 rows=1 width=149) (actual time=29.282..29.284 rows=1 loops=1)
Nested Loop  (cost=0.00..6351.15 rows=1 width=403) (actual time=3.495..24.670 rows=1 loops=1)
Nested Loop  (cost=0.00..6351.15 rows=1 width=21) (actual time=13.897..25.013 rows=2 loops=1)
Nested Loop  (cost=0.00..6351.15 rows=1 width=158) (actual time=15.990..24.988 rows=1 loops=1)
Nested Loop  (cost=0.00..6351.67 rows=1 width=21) (actual time=12.936..25.270 rows=3 loops=1)
Sort  (cost=6351.45..6351.46 rows=1 width=149) (actual time=29.618..29.620 rows=2 loops=1)
Nested Loop  (cost=0.00..6351.15 rows=1 width=403) (actual time=16.858..24.246 rows=1 loops=1)
Sort  (cost=6351.45..6351.46 rows=1 width=149) (actual time=29.882..29.884 rows=4 loops=1)
Nested Loop  (cost=0.00..6351.44 rows=1 width=21) (actual time=18.007..25.269 rows=3 loops=1)
Nested Loop  (cost=0.00..6351.15 rows=1 width=21) (actual time=10.050..26.163 rows=2 loops=1)
Nested Loop  (cost=0.00..6351.38 rows=1 width=21) (actual time=3.124..24.802 rows=4 loops=1)
Sort  (cost=6351.45..6351.46 rows=1 width=149) (actual time=29.699..29.702 rows=6 loops=1)
Sort  (cost=6351.45..6351.46 rows=1 width=149) (actual time=31.968..31.969 rows=1 loops=1)
Nested Loop  (cost=0.00..6351.15 rows=1 width=158) (actual time=14.777..24.575 rows=1 loops=1)
Sort  (cost=6351.45..6351.46 rows=1 width=149) (actual time=33.014..33.015 rows=1 loops=1)
Sort  (cost=6351.45..6351.46 rows=1 width=149) (actual time=29.252..29.254 rows=1 loops=1)
Nested Loop  (cost=0.00..6351.15 rows=1 width=158) (actual time=6.595..24.708 rows=2 loops=1)
Nested Loop  (cost=0.00..6351.15 rows=1 width=21) (actual time=4.130..25.988 rows=3 loops=1)
Sort  (cost=6351.45..6351.46 rows=1 width=149) (actual time=29.084..29.085 rows=1 loops=1)
Sort  (cost=6351.45..6351.46 rows=1 width=149) (actual time=28.959..28.961 rows=1 loops=1)
Nested Loop  (cost=0.00..6351.40 rows=1 width=158) (actual time=8.249..24.967 rows=2 loops=1)
Sort  (cost=6351.45..6351.46 rows=1 width=149) (actual time=28.994..28.995 rows=1 loops=1)
Nested Loop  (cost=0.00..6351.40 rows=1 width=21) (actual time=20.480..24.630 rows=2 loops=1)
Sort  (cost=6351.45..6351.46 rows=1 width=149) (actual time=29.178..29.180 rows=2 loops=1)
Nested Loop  (cost=0.00..6351.15 rows=1 width=21) (actual time=2.609..24.955 rows=2 loops=1)
Sort  (cost=6351.45..6351.46 rows=1 width=149) (actual time=29.708..29.710 rows=1 loops=1)
Nested Loop  (cost=0.00..6351.15 rows=1 width=21) (actual time=6.006..25.299 rows=2 loops=1)
Sort  (cost=6351.45..6351.46 rows=1 width=149) (actual time=29.477..29.479 rows=3 loops=1)
Nested Loop  (cost=0.00..6351.15 rows=1 width=21) (actual time=12.260..25.039 rows=2 loops=1)
Sort  (cost=6351.45..6351.46 rows=1 width=149) (actual time=30.417..30.419 rows=5 loops=1)
Sort  (cost=6355.84..6355.84 rows=1 width=149) (actual time=29.351..29.354 rows=22 loops=1)
Nested Loop  (cost=0.00..6351.15 rows=1 width=21) (actual time=4.048..24.790 rows=2 loops=1)
Sort  (cost=6351.45..6351.46 rows=1 width=149) (actual time=29.218..29.220 rows=1 loops=1)
Nested Loop  (cost=0.00..6351.15 rows=1 width=403) (actual time=2.247..24.078 rows=1 loops=1)
Sort  (cost=6351.45..6351.46 rows=1 width=149) (actual time=28.781..28.783 rows=1 loops=1)
Nested Loop  (cost=0.00..6351.15 rows=1 width=21) (actual time=9.890..38.375 rows=2 loops=1)
Nested Loop  (cost=0.00..6351.15 rows=1 width=21) (actual time=5.988..24.911 rows=2 loops=1)
Nested Loop  (cost=0.00..6351.15 rows=1 width=21) (actual time=11.114..24.636 rows=2 loops=1)
Sort  (cost=6351.45..6351.46 rows=1 width=149) (actual time=29.147..29.148 rows=2 loops=1)
Sort  (cost=6351.45..6351.46 rows=1 width=149) (actual time=29.183..29.185 rows=3 loops=1)
Nested Loop  (cost=0.00..6351.15 rows=1 width=21) (actual time=11.779..25.101 rows=2 loops=1)
Sort  (cost=6351.45..6351.46 rows=1 width=149) (actual time=29.342..29.344 rows=2 loops=1)
Nested Loop  (cost=0.00..6351.15 rows=1 width=403) (actual time=11.483..24.996 rows=2 loops=1)
Sort  (cost=6351.45..6351.46 rows=1 width=149) (actual time=28.968..28.969 rows=1 loops=1)
Nested Loop  (cost=0.00..6351.15 rows=1 width=158) (actual time=2.151..24.636 rows=1 loops=1)
Nested Loop  (cost=0.00..6351.69 rows=1 width=21) (actual time=14.470..25.368 rows=4 loops=1)
Sort  (cost=6351.45..6351.46 rows=1 width=149) (actual time=29.628..29.629 rows=3 loops=1)
Nested Loop  (cost=0.00..6351.15 rows=1 width=21) (actual time=6.110..24.837 rows=2 loops=1)
Nested Loop  (cost=0.00..6352.84 rows=1 width=158) (actual time=2.109..26.155 rows=7 loops=1)
Nested Loop  (cost=0.00..6351.15 rows=1 width=21) (actual time=11.364..24.648 rows=2 loops=1)
Sort  (cost=6352.80..6352.81 rows=1 width=149) (actual time=31.336..31.339 rows=7 loops=1)
Nested Loop  (cost=0.00..6351.15 rows=1 width=158) (actual time=12.383..24.563 rows=1 loops=1)
Sort  (cost=6351.45..6351.46 rows=1 width=149) (actual time=29.603..29.605 rows=4 loops=1)
Nested Loop  (cost=0.00..6351.40 rows=1 width=158) (actual time=2.804..24.981 rows=1 loops=1)
Sort  (cost=6351.45..6351.46 rows=1 width=149) (actual time=29.535..29.537 rows=3 loops=1)
Nested Loop  (cost=0.00..6351.38 rows=1 width=158) (actual time=13.259..24.260 rows=1 loops=1)
Nested Loop  (cost=0.00..6351.15 rows=1 width=21) (actual time=11.681..24.932 rows=3 loops=1)
Nested Loop  (cost=0.00..6351.15 rows=1 width=21) (actual time=8.276..24.687 rows=2 loops=1)
Nested Loop  (cost=0.00..6351.15 rows=1 width=158) (actual time=9.513..25.036 rows=1 loops=1)
Nested Loop  (cost=0.00..6351.67 rows=1 width=21) (actual time=9.001..24.962 rows=4 loops=1)
Sort  (cost=6351.45..6351.46 rows=1 width=149) (actual time=29.021..29.023 rows=2 loops=1)
Nested Loop  (cost=0.00..6351.15 rows=1 width=158) (actual time=20.497..25.584 rows=1 loops=1)
Nested Loop  (cost=0.00..6353.26 rows=1 width=21) (actual time=2.029..26.480 rows=8 loops=1)
Nested Loop  (cost=0.00..6351.15 rows=1 width=21) (actual time=3.970..24.724 rows=2 loops=1)
Nested Loop  (cost=0.00..6351.82 rows=1 width=158) (actual time=11.372..26.296 rows=4 loops=1)
Nested Loop  (cost=0.00..6351.15 rows=1 width=21) (actual time=2.687..24.727 rows=2 loops=1)
Sort  (cost=6351.45..6351.46 rows=1 width=149) (actual time=29.315..29.317 rows=1 loops=1)
Nested Loop  (cost=0.00..6351.15 rows=1 width=21) (actual time=13.735..24.955 rows=2 loops=1)
Nested Loop  (cost=0.00..6351.35 rows=1 width=21) (actual time=3.295..24.978 rows=2 loops=1)
Sort  (cost=6351.45..6351.46 rows=1 width=149) (actual time=28.525..28.527 rows=1 loops=1)
Nested Loop  (cost=0.00..6351.15 rows=1 width=403) (actual time=11.928..24.832 rows=1 loops=1)
Nested Loop  (cost=0.00..6351.82 rows=1 width=21) (actual time=21.923..42.324 rows=3 loops=1)
Sort  (cost=6355.72..6355.73 rows=1 width=149) (actual time=29.632..29.636 rows=21 loops=1)
Nested Loop  (cost=0.00..6351.15 rows=1 width=21) (actual time=17.203..25.164 rows=3 loops=1)
Sort  (cost=6351.45..6351.46 rows=1 width=149) (actual time=28.990..28.992 rows=4 loops=1)
Nested Loop  (cost=0.00..6351.84 rows=1 width=21) (actual time=3.027..25.275 rows=5 loops=1)
Nested Loop  (cost=0.00..6351.15 rows=1 width=158) (actual time=3.287..24.923 rows=3 loops=1)
Nested Loop  (cost=0.00..6351.82 rows=1 width=158) (actual time=7.303..36.007 rows=8 loops=1)
Sort  (cost=6351.45..6351.46 rows=1 width=149) (actual time=29.214..29.216 rows=3 loops=1)
Sort  (cost=6351.45..6351.46 rows=1 width=149) (actual time=28.819..28.821 rows=1 loops=1)
Nested Loop  (cost=0.00..6352.07 rows=1 width=21) (actual time=5.623..25.684 rows=5 loops=1)
Sort  (cost=6351.45..6351.46 rows=1 width=149) (actual time=28.075..28.077 rows=1 loops=1)
Sort  (cost=6351.45..6351.46 rows=1 width=149) (actual time=28.818..28.821 rows=2 loops=1)
Nested Loop  (cost=0.00..6351.15 rows=1 width=403) (actual time=10.426..24.610 rows=1 loops=1)
Nested Loop  (cost=0.00..6351.15 rows=1 width=21) (actual time=17.880..25.072 rows=2 loops=1)
Sort  (cost=6353.14..6353.15 rows=1 width=149) (actual time=30.499..30.501 rows=1 loops=1)
Nested Loop  (cost=0.00..6351.15 rows=1 width=21) (actual time=1.671..24.442 rows=3 loops=1)
Nested Loop  (cost=0.00..6351.15 rows=1 width=21) (actual time=5.650..24.607 rows=2 loops=1)
Nested Loop  (cost=0.00..6351.15 rows=1 width=21) (actual time=9.358..25.307 rows=2 loops=1)
Nested Loop  (cost=0.00..6351.15 rows=1 width=21) (actual time=8.408..25.019 rows=2 loops=1)
Sort  (cost=6351.45..6351.46 rows=1 width=149) (actual time=28.937..28.939 rows=1 loops=1)
Nested Loop  (cost=0.00..6351.15 rows=1 width=158) (actual time=24.689..24.931 rows=1 loops=1)
Nested Loop  (cost=0.00..6351.15 rows=1 width=21) (actual time=11.315..25.290 rows=2 loops=1)
Sort  (cost=6351.45..6351.46 rows=1 width=149) (actual time=28.913..28.915 rows=1 loops=1)
Sort  (cost=6351.45..6351.46 rows=1 width=149) (actual time=29.316..29.318 rows=3 loops=1)
Sort  (cost=6351.45..6351.46 rows=1 width=149) (actual time=29.249..29.251 rows=3 loops=1)
Sort  (cost=6351.45..6351.46 rows=1 width=149) (actual time=28.965..28.966 rows=1 loops=1)
Nested Loop  (cost=0.00..6351.15 rows=1 width=21) (actual time=17.604..25.159 rows=2 loops=1)
Nested Loop  (cost=0.00..6351.15 rows=1 width=21) (actual time=0.257..24.838 rows=2 loops=1)
Sort  (cost=6351.45..6351.46 rows=1 width=149) (actual time=29.451..29.453 rows=5 loops=1)
Nested Loop  (cost=0.00..6351.15 rows=1 width=403) (actual time=1.323..24.571 rows=2 loops=1)
Nested Loop  (cost=0.00..6351.82 rows=1 width=21) (actual time=5.486..27.054 rows=5 loops=1)
Sort  (cost=6351.45..6351.46 rows=1 width=149) (actual time=28.813..28.815 rows=1 loops=1)
Nested Loop  (cost=0.00..6351.69 rows=1 width=21) (actual time=2.368..25.303 rows=4 loops=1)
Nested Loop  (cost=0.00..6351.15 rows=1 width=158) (actual time=18.247..24.615 rows=1 loops=1)
Nested Loop  (cost=0.00..6352.64 rows=1 width=21) (actual time=2.875..25.911 rows=7 loops=1)
Sort  (cost=6351.45..6351.46 rows=1 width=149) (actual time=29.550..29.551 rows=1 loops=1)
Nested Loop  (cost=0.00..6351.15 rows=1 width=403) (actual time=20.168..24.775 rows=1 loops=1)
Nested Loop  (cost=0.00..6351.15 rows=1 width=21) (actual time=12.515..24.814 rows=2 loops=1)
Nested Loop  (cost=0.00..6351.69 rows=1 width=21) (actual time=3.088..25.354 rows=4 loops=1)
Sort  (cost=6351.45..6351.46 rows=1 width=149) (actual time=28.970..28.971 rows=1 loops=1)
Sort  (cost=6351.45..6351.46 rows=1 width=149) (actual time=29.010..29.012 rows=2 loops=1)
Sort  (cost=6351.45..6351.46 rows=1 width=149) (actual time=28.351..28.353 rows=1 loops=1)
Sort  (cost=6351.45..6351.46 rows=1 width=149) (actual time=29.292..29.294 rows=1 loops=1)
Nested Loop  (cost=0.00..6351.15 rows=1 width=158) (actual time=1.651..24.291 rows=1 loops=1)
Nested Loop  (cost=0.00..6351.15 rows=1 width=158) (actual time=10.660..24.560 rows=2 loops=1)
Sort  (cost=6351.45..6351.46 rows=1 width=149) (actual time=27.938..27.939 rows=1 loops=1)
Nested Loop  (cost=0.00..6351.15 rows=1 width=21) (actual time=8.104..24.540 rows=2 loops=1)
Sort  (cost=6351.45..6351.46 rows=1 width=149) (actual time=28.630..28.632 rows=2 loops=1)
Nested Loop  (cost=0.00..6351.38 rows=1 width=158) (actual time=20.811..24.803 rows=1 loops=1)
Sort  (cost=6351.45..6351.46 rows=1 width=149) (actual time=29.016..29.018 rows=1 loops=1)
Nested Loop  (cost=0.00..6351.15 rows=1 width=21) (actual time=1.696..24.358 rows=2 loops=1)
Sort  (cost=6351.45..6351.46 rows=1 width=149) (actual time=29.290..29.291 rows=4 loops=1)
Nested Loop  (cost=0.00..6351.15 rows=1 width=403) (actual time=24.043..25.157 rows=1 loops=1)
Nested Loop  (cost=0.00..6351.38 rows=1 width=21) (actual time=2.166..25.196 rows=2 loops=1)
Sort  (cost=6351.45..6351.46 rows=1 width=149) (actual time=29.352..29.353 rows=2 loops=1)
Nested Loop  (cost=0.00..6351.15 rows=1 width=158) (actual time=5.941..24.938 rows=1 loops=1)
Nested Loop  (cost=0.00..6351.15 rows=1 width=21) (actual time=7.391..24.733 rows=2 loops=1)
Sort  (cost=6351.45..6351.46 rows=1 width=149) (actual time=29.364..29.366 rows=2 loops=1)
Nested Loop  (cost=0.00..6351.15 rows=1 width=158) (actual time=6.256..25.366 rows=1 loops=1)
Sort  (cost=6355.55..6355.55 rows=1 width=149) (actual time=29.430..29.433 rows=25 loops=1)
Nested Loop  (cost=0.00..6351.15 rows=1 width=403) (actual time=12.769..24.659 rows=1 loops=1)
Sort  (cost=6351.45..6351.46 rows=1 width=149) (actual time=30.108..30.110 rows=2 loops=1)
Sort  (cost=6351.45..6351.46 rows=1 width=149) (actual time=29.186..29.188 rows=1 loops=1)
Sort  (cost=6351.45..6351.46 rows=1 width=149) (actual time=29.650..29.652 rows=2 loops=1)
Nested Loop  (cost=0.00..6353.26 rows=1 width=21) (actual time=2.394..25.511 rows=10 loops=1)
Nested Loop  (cost=0.00..6353.26 rows=1 width=158) (actual time=2.531..44.989 rows=6 loops=1)
Sort  (cost=6351.45..6351.46 rows=1 width=149) (actual time=29.698..29.700 rows=1 loops=1)
Nested Loop  (cost=0.00..6351.15 rows=1 width=21) (actual time=23.430..28.428 rows=2 loops=1)
Nested Loop  (cost=0.00..6351.15 rows=1 width=21) (actual time=4.857..27.173 rows=2 loops=1)
Nested Loop  (cost=0.00..6353.26 rows=1 width=21) (actual time=2.256..29.016 rows=15 loops=1)
Sort  (cost=6351.45..6351.46 rows=1 width=149) (actual time=29.328..29.331 rows=1 loops=1)
Nested Loop  (cost=0.00..6351.15 rows=1 width=21) (actual time=7.524..24.738 rows=2 loops=1)
Nested Loop  (cost=0.00..6351.44 rows=1 width=21) (actual time=4.183..25.342 rows=2 loops=1)
Sort  (cost=6351.45..6351.46 rows=1 width=149) (actual time=29.477..29.479 rows=2 loops=1)
Sort  (cost=6351.45..6351.46 rows=1 width=149) (actual time=29.143..29.145 rows=1 loops=1)
Nested Loop  (cost=0.00..6351.15 rows=1 width=21) (actual time=4.144..24.220 rows=2 loops=1)
Nested Loop  (cost=0.00..6351.35 rows=1 width=21) (actual time=2.869..24.470 rows=5 loops=1)
Nested Loop  (cost=0.00..6351.15 rows=1 width=158) (actual time=0.058..24.780 rows=1 loops=1)
Nested Loop  (cost=0.00..6351.44 rows=1 width=21) (actual time=14.155..24.863 rows=3 loops=1)
Nested Loop  (cost=0.00..6351.15 rows=1 width=21) (actual time=6.235..24.543 rows=2 loops=1)
Nested Loop  (cost=0.00..6351.15 rows=1 width=21) (actual time=2.182..25.049 rows=4 loops=1)
Nested Loop  (cost=0.00..6353.26 rows=1 width=21) (actual time=2.874..26.418 rows=10 loops=1)
Nested Loop  (cost=0.00..6351.15 rows=1 width=158) (actual time=3.722..24.973 rows=1 loops=1)
Nested Loop  (cost=0.00..6351.15 rows=1 width=158) (actual time=7.088..24.495 rows=1 loops=1)
Nested Loop  (cost=0.00..6351.38 rows=1 width=21) (actual time=4.569..24.998 rows=2 loops=1)
Nested Loop  (cost=0.00..6351.15 rows=1 width=21) (actual time=9.294..24.856 rows=2 loops=1)
Nested Loop  (cost=0.00..6351.15 rows=1 width=158) (actual time=13.771..25.038 rows=1 loops=1)
Nested Loop  (cost=0.00..6351.15 rows=1 width=158) (actual time=9.123..25.743 rows=1 loops=1)
Nested Loop  (cost=0.00..6351.15 rows=1 width=403) (actual time=9.103..24.550 rows=1 loops=1)
Nested Loop  (cost=0.00..6351.47 rows=1 width=21) (actual time=7.532..35.336 rows=5 loops=1)
Nested Loop  (cost=0.00..6351.15 rows=1 width=21) (actual time=1.296..24.240 rows=2 loops=1)
Nested Loop  (cost=0.00..6351.38 rows=1 width=158) (actual time=3.197..24.837 rows=2 loops=1)
Nested Loop  (cost=0.00..6351.15 rows=1 width=21) (actual time=4.704..24.787 rows=2 loops=1)
Nested Loop  (cost=0.00..6351.15 rows=1 width=158) (actual time=0.589..24.481 rows=1 loops=1)
Nested Loop  (cost=0.00..6351.15 rows=1 width=21) (actual time=7.018..24.362 rows=2 loops=1)
Nested Loop  (cost=0.00..6351.84 rows=1 width=21) (actual time=2.926..25.823 rows=5 loops=1)
Nested Loop  (cost=0.00..6351.15 rows=1 width=158) (actual time=6.325..24.721 rows=1 loops=1)
Nested Loop  (cost=0.00..6351.15 rows=1 width=158) (actual time=20.188..24.827 rows=1 loops=1)
Sort  (cost=6351.45..6351.46 rows=1 width=149) (actual time=30.405..30.406 rows=10 loops=1)
Sort  (cost=6351.45..6351.46 rows=1 width=149) (actual time=29.378..29.380 rows=1 loops=1)
Nested Loop  (cost=0.00..6351.35 rows=1 width=158) (actual time=19.265..25.089 rows=1 loops=1)
Nested Loop  (cost=0.00..6351.67 rows=1 width=21) (actual time=14.686..25.438 rows=4 loops=1)
Nested Loop  (cost=0.00..6351.15 rows=1 width=21) (actual time=4.548..25.588 rows=3 loops=1)
Sort  (cost=6351.45..6351.46 rows=1 width=149) (actual time=29.663..29.665 rows=1 loops=1)
Nested Loop  (cost=0.00..6351.15 rows=1 width=403) (actual time=10.531..25.024 rows=1 loops=1)
Nested Loop  (cost=0.00..6352.64 rows=1 width=21) (actual time=12.634..28.162 rows=5 loops=1)
Nested Loop  (cost=0.00..6351.64 rows=1 width=21) (actual time=1.351..25.531 rows=4 loops=1)
Nested Loop  (cost=0.00..6351.15 rows=1 width=21) (actual time=4.199..24.721 rows=2 loops=1)
Nested Loop  (cost=0.00..6351.38 rows=1 width=21) (actual time=15.997..24.520 rows=2 loops=1)
Nested Loop  (cost=0.00..6351.15 rows=1 width=21) (actual time=11.178..24.393 rows=3 loops=1)
Nested Loop  (cost=0.00..6351.15 rows=1 width=158) (actual time=7.777..24.275 rows=1 loops=1)
Sort  (cost=6351.45..6351.46 rows=1 width=149) (actual time=28.684..28.686 rows=1 loops=1)
Nested Loop  (cost=0.00..6351.15 rows=1 width=158) (actual time=11.581..24.261 rows=1 loops=1)
Sort  (cost=6351.45..6351.46 rows=1 width=149) (actual time=46.113..46.115 rows=3 loops=1)
Nested Loop  (cost=0.00..6351.15 rows=1 width=21) (actual time=7.817..24.812 rows=2 loops=1)
Nested Loop  (cost=0.00..6351.15 rows=1 width=21) (actual time=0.084..33.529 rows=2 loops=1)
Nested Loop  (cost=0.00..6353.26 rows=1 width=21) (actual time=6.344..26.245 rows=8 loops=1)
Nested Loop  (cost=0.00..6351.15 rows=1 width=21) (actual time=2.730..25.216 rows=3 loops=1)
Nested Loop  (cost=0.00..6351.15 rows=1 width=158) (actual time=6.992..25.360 rows=1 loops=1)
Sort  (cost=6351.45..6351.46 rows=1 width=149) (actual time=29.434..29.436 rows=2 loops=1)
Nested Loop  (cost=0.00..6351.82 rows=1 width=21) (actual time=5.611..25.336 rows=8 loops=1)
Nested Loop  (cost=0.00..6351.15 rows=1 width=158) (actual time=24.084..25.124 rows=1 loops=1)
Nested Loop  (cost=0.00..6351.15 rows=1 width=158) (actual time=13.772..24.711 rows=1 loops=1)
Nested Loop  (cost=0.00..6351.15 rows=1 width=21) (actual time=5.333..24.793 rows=4 loops=1)
Nested Loop  (cost=0.00..6351.15 rows=1 width=21) (actual time=0.345..24.466 rows=2 loops=1)
Nested Loop  (cost=0.00..6352.84 rows=1 width=158) (actual time=2.672..25.718 rows=7 loops=1)
Nested Loop  (cost=0.00..6352.84 rows=1 width=403) (actual time=2.676..25.987 rows=7 loops=1)
Sort  (cost=6351.45..6351.46 rows=1 width=149) (actual time=29.715..29.717 rows=2 loops=1)
Nested Loop  (cost=0.00..6351.40 rows=1 width=21) (actual time=8.966..26.073 rows=3 loops=1)
Nested Loop  (cost=0.00..6351.15 rows=1 width=158) (actual time=5.079..24.709 rows=1 loops=1)
Sort  (cost=6351.45..6351.46 rows=1 width=149) (actual time=31.070..31.072 rows=1 loops=1)
Sort  (cost=6351.45..6351.46 rows=1 width=149) (actual time=40.546..40.548 rows=1 loops=1)
Sort  (cost=6362.35..6362.36 rows=1 width=149) (actual time=29.835..29.839 rows=52 loops=1)
Nested Loop  (cost=0.00..6351.38 rows=1 width=21) (actual time=12.677..24.409 rows=3 loops=1)
Nested Loop  (cost=0.00..6351.15 rows=1 width=21) (actual time=1.320..24.356 rows=3 loops=1)
Sort  (cost=6355.55..6355.55 rows=1 width=149) (actual time=29.186..29.190 rows=23 loops=1)
Sort  (cost=6351.45..6351.46 rows=1 width=149) (actual time=29.365..29.367 rows=1 loops=1)
Sort  (cost=6351.45..6351.46 rows=1 width=149) (actual time=28.681..28.683 rows=1 loops=1)
Sort  (cost=6351.45..6351.46 rows=1 width=149) (actual time=29.066..29.068 rows=4 loops=1)
Nested Loop  (cost=0.00..6351.15 rows=1 width=403) (actual time=9.119..24.765 rows=1 loops=1)
Sort  (cost=6351.45..6351.46 rows=1 width=149) (actual time=28.961..28.962 rows=2 loops=1)
Nested Loop  (cost=0.00..6351.44 rows=1 width=21) (actual time=0.284..25.001 rows=2 loops=1)
Sort  (cost=6351.45..6351.46 rows=1 width=149) (actual time=29.253..29.255 rows=1 loops=1)
Sort  (cost=6351.45..6351.46 rows=1 width=149) (actual time=28.628..28.630 rows=1 loops=1)
Sort  (cost=6351.45..6351.46 rows=1 width=149) (actual time=28.752..28.753 rows=1 loops=1)
Nested Loop  (cost=0.00..6351.15 rows=1 width=21) (actual time=7.587..25.004 rows=2 loops=1)
Sort  (cost=6352.91..6352.92 rows=1 width=149) (actual time=30.101..30.102 rows=2 loops=1)
Nested Loop  (cost=0.00..6351.15 rows=1 width=21) (actual time=5.514..24.990 rows=2 loops=1)
Nested Loop  (cost=0.00..6351.40 rows=1 width=21) (actual time=15.526..24.939 rows=2 loops=1)
Nested Loop  (cost=0.00..6351.15 rows=1 width=21) (actual time=9.066..24.676 rows=2 loops=1)
Nested Loop  (cost=0.00..6351.82 rows=1 width=158) (actual time=10.064..25.486 rows=4 loops=1)
Nested Loop  (cost=0.00..6351.35 rows=1 width=21) (actual time=5.763..24.218 rows=2 loops=1)
Sort  (cost=6351.45..6351.46 rows=1 width=149) (actual time=29.440..29.442 rows=3 loops=1)
Nested Loop  (cost=0.00..6351.15 rows=1 width=21) (actual time=5.224..24.604 rows=3 loops=1)
Nested Loop  (cost=0.00..6351.15 rows=1 width=21) (actual time=6.367..24.935 rows=2 loops=1)
Sort  (cost=6351.45..6351.46 rows=1 width=149) (actual time=27.904..27.906 rows=1 loops=1)
Nested Loop  (cost=0.00..6351.15 rows=1 width=158) (actual time=1.076..24.493 rows=1 loops=1)
Sort  (cost=6351.45..6351.46 rows=1 width=149) (actual time=29.087..29.089 rows=2 loops=1)
Nested Loop  (cost=0.00..6351.15 rows=1 width=21) (actual time=17.436..25.008 rows=2 loops=1)
Nested Loop  (cost=0.00..6351.15 rows=1 width=158) (actual time=4.095..24.643 rows=1 loops=1)
Nested Loop  (cost=0.00..6351.15 rows=1 width=21) (actual time=1.642..24.248 rows=3 loops=1)
Nested Loop  (cost=0.00..6351.67 rows=1 width=21) (actual time=3.695..26.535 rows=2 loops=1)
Nested Loop  (cost=0.00..6351.15 rows=1 width=21) (actual time=5.765..24.542 rows=2 loops=1)
Nested Loop  (cost=0.00..6351.15 rows=1 width=158) (actual time=19.330..24.846 rows=1 loops=1)
Sort  (cost=6351.45..6351.46 rows=1 width=149) (actual time=28.403..28.404 rows=1 loops=1)
Sort  (cost=6355.95..6355.95 rows=1 width=149) (actual time=29.138..29.141 rows=26 loops=1)
Nested Loop  (cost=0.00..6351.15 rows=1 width=158) (actual time=10.932..24.905 rows=1 loops=1)
Nested Loop  (cost=0.00..6351.82 rows=1 width=158) (actual time=1.958..25.717 rows=4 loops=1)
Sort  (cost=6353.40..6353.41 rows=1 width=149) (actual time=30.570..30.572 rows=9 loops=1)
Nested Loop  (cost=0.00..6352.07 rows=1 width=21) (actual time=11.436..25.529 rows=6 loops=1)
Sort  (cost=6351.45..6351.46 rows=1 width=149) (actual time=28.618..28.619 rows=1 loops=1)
Nested Loop  (cost=0.00..6351.15 rows=1 width=403) (actual time=6.616..24.604 rows=1 loops=1)
Nested Loop  (cost=0.00..6351.84 rows=1 width=21) (actual time=2.788..27.747 rows=4 loops=1)
Nested Loop  (cost=0.00..6351.69 rows=1 width=21) (actual time=10.433..27.254 rows=3 loops=1)
Nested Loop  (cost=0.00..6351.67 rows=1 width=21) (actual time=6.027..25.416 rows=2 loops=1)
Sort  (cost=6351.45..6351.46 rows=1 width=149) (actual time=29.973..29.976 rows=2 loops=1)
Nested Loop  (cost=0.00..6351.73 rows=1 width=158) (actual time=2.665..30.194 rows=4 loops=1)
Sort  (cost=6351.45..6351.46 rows=1 width=149) (actual time=32.140..32.142 rows=1 loops=1)
Nested Loop  (cost=0.00..6351.38 rows=1 width=21) (actual time=1.349..24.706 rows=3 loops=1)
Nested Loop  (cost=0.00..6351.15 rows=1 width=21) (actual time=3.313..31.790 rows=2 loops=1)
Sort  (cost=6351.45..6351.46 rows=1 width=149) (actual time=31.161..31.163 rows=2 loops=1)
Sort  (cost=6351.45..6351.46 rows=1 width=149) (actual time=29.634..29.636 rows=1 loops=1)
Nested Loop  (cost=0.00..6351.15 rows=1 width=21) (actual time=9.046..26.604 rows=2 loops=1)
Nested Loop  (cost=0.00..6351.15 rows=1 width=21) (actual time=14.950..24.904 rows=2 loops=1)
Nested Loop  (cost=0.00..6351.15 rows=1 width=21) (actual time=2.037..24.820 rows=2 loops=1)
Nested Loop  (cost=0.00..6351.15 rows=1 width=21) (actual time=2.590..24.654 rows=2 loops=1)
Nested Loop  (cost=0.00..6351.15 rows=1 width=21) (actual time=14.488..24.872 rows=2 loops=1)
Nested Loop  (cost=0.00..6351.15 rows=1 width=158) (actual time=16.038..24.981 rows=1 loops=1)
Nested Loop  (cost=0.00..6351.15 rows=1 width=21) (actual time=8.369..25.222 rows=3 loops=1)
Sort  (cost=6351.45..6351.46 rows=1 width=149) (actual time=29.301..29.303 rows=1 loops=1)
Nested Loop  (cost=0.00..6351.15 rows=1 width=403) (actual time=19.149..24.640 rows=1 loops=1)
Nested Loop  (cost=0.00..6351.82 rows=1 width=21) (actual time=10.075..25.450 rows=4 loops=1)
Sort  (cost=6352.94..6352.95 rows=1 width=149) (actual time=31.081..31.082 rows=10 loops=1)
Nested Loop  (cost=0.00..6351.15 rows=1 width=21) (actual time=6.712..25.204 rows=2 loops=1)
Nested Loop  (cost=0.00..6351.49 rows=1 width=158) (actual time=9.558..25.675 rows=1 loops=1)
Nested Loop  (cost=0.00..6351.15 rows=1 width=21) (actual time=10.060..24.872 rows=2 loops=1)
Nested Loop  (cost=0.00..6351.15 rows=1 width=158) (actual time=8.783..24.424 rows=3 loops=1)
Nested Loop  (cost=0.00..6351.15 rows=1 width=403) (actual time=8.811..24.576 rows=3 loops=1)
Nested Loop  (cost=0.00..6351.15 rows=1 width=158) (actual time=11.790..25.550 rows=1 loops=1)
Nested Loop  (cost=0.00..6351.82 rows=1 width=158) (actual time=3.760..25.466 rows=4 loops=1)
Nested Loop  (cost=0.00..6351.64 rows=1 width=21) (actual time=1.339..24.289 rows=5 loops=1)
Sort  (cost=6351.45..6351.46 rows=1 width=149) (actual time=30.236..30.238 rows=2 loops=1)
Nested Loop  (cost=0.00..6351.15 rows=1 width=158) (actual time=19.879..24.762 rows=1 loops=1)
Nested Loop  (cost=0.00..6351.15 rows=1 width=403) (actual time=19.284..24.209 rows=1 loops=1)
Nested Loop  (cost=0.00..6351.15 rows=1 width=21) (actual time=2.945..24.143 rows=2 loops=1)
Nested Loop  (cost=0.00..6351.15 rows=1 width=158) (actual time=9.023..25.040 rows=1 loops=1)
Nested Loop  (cost=0.00..6351.15 rows=1 width=403) (actual time=9.278..24.825 rows=1 loops=1)
Sort  (cost=6351.45..6351.46 rows=1 width=149) (actual time=30.375..30.377 rows=6 loops=1)
Sort  (cost=6351.45..6351.46 rows=1 width=149) (actual time=29.261..29.263 rows=3 loops=1)
Nested Loop  (cost=0.00..6351.15 rows=1 width=21) (actual time=11.082..24.760 rows=2 loops=1)
Nested Loop  (cost=0.00..6351.15 rows=1 width=21) (actual time=6.431..24.839 rows=3 loops=1)
Nested Loop  (cost=0.00..6351.15 rows=1 width=158) (actual time=10.644..24.990 rows=1 loops=1)
Sort  (cost=6351.45..6351.46 rows=1 width=149) (actual time=29.437..29.439 rows=1 loops=1)
Nested Loop  (cost=0.00..6351.15 rows=1 width=158) (actual time=10.967..24.663 rows=1 loops=1)
Nested Loop  (cost=0.00..6351.15 rows=1 width=403) (actual time=10.990..24.955 rows=1 loops=1)
Nested Loop  (cost=0.00..6351.38 rows=1 width=21) (actual time=12.062..25.031 rows=2 loops=1)
Nested Loop  (cost=0.00..6351.15 rows=1 width=21) (actual time=18.042..24.652 rows=2 loops=1)
Sort  (cost=6351.45..6351.46 rows=1 width=149) (actual time=29.738..29.740 rows=1 loops=1)
Nested Loop  (cost=0.00..6351.15 rows=1 width=158) (actual time=22.306..24.712 rows=1 loops=1)
Nested Loop  (cost=0.00..6351.78 rows=1 width=21) (actual time=6.841..25.054 rows=4 loops=1)
Sort  (cost=6351.45..6351.46 rows=1 width=149) (actual time=30.103..30.104 rows=2 loops=1)
Sort  (cost=6351.45..6351.46 rows=1 width=149) (actual time=28.579..28.580 rows=1 loops=1)
Nested Loop  (cost=0.00..6351.15 rows=1 width=403) (actual time=13.102..25.356 rows=1 loops=1)
Nested Loop  (cost=0.00..6351.15 rows=1 width=21) (actual time=3.816..24.395 rows=2 loops=1)
Nested Loop  (cost=0.00..6351.15 rows=1 width=21) (actual time=15.607..26.771 rows=3 loops=1)
Sort  (cost=6351.45..6351.46 rows=1 width=149) (actual time=29.277..29.279 rows=1 loops=1)
Nested Loop  (cost=0.00..6351.82 rows=1 width=21) (actual time=1.496..28.843 rows=2 loops=1)
Nested Loop  (cost=0.00..6351.35 rows=1 width=21) (actual time=5.491..24.966 rows=2 loops=1)
Sort  (cost=6351.45..6351.46 rows=1 width=149) (actual time=30.001..30.003 rows=4 loops=1)
Nested Loop  (cost=0.00..6351.15 rows=1 width=21) (actual time=6.147..24.759 rows=2 loops=1)
Nested Loop  (cost=0.00..6351.15 rows=1 width=21) (actual time=2.747..24.785 rows=3 loops=1)
Sort  (cost=6353.09..6353.10 rows=1 width=149) (actual time=30.389..30.391 rows=12 loops=1)
Sort  (cost=6351.45..6351.46 rows=1 width=149) (actual time=29.071..29.073 rows=1 loops=1)
Sort  (cost=6351.45..6351.46 rows=1 width=149) (actual time=30.442..30.444 rows=6 loops=1)
Nested Loop  (cost=0.00..6351.15 rows=1 width=21) (actual time=10.505..24.515 rows=2 loops=1)
Nested Loop  (cost=0.00..6351.76 rows=1 width=21) (actual time=2.207..24.663 rows=2 loops=1)
Nested Loop  (cost=0.00..6351.15 rows=1 width=21) (actual time=18.473..24.622 rows=2 loops=1)
Nested Loop  (cost=0.00..6351.40 rows=1 width=21) (actual time=5.505..26.117 rows=4 loops=1)
Sort  (cost=6351.45..6351.46 rows=1 width=149) (actual time=31.068..31.071 rows=2 loops=1)
Sort  (cost=6351.45..6351.46 rows=1 width=149) (actual time=30.403..30.405 rows=2 loops=1)
Sort  (cost=6351.45..6351.46 rows=1 width=149) (actual time=36.765..36.766 rows=1 loops=1)
Sort  (cost=6351.45..6351.46 rows=1 width=149) (actual time=30.835..30.837 rows=6 loops=1)
Nested Loop  (cost=0.00..6351.15 rows=1 width=21) (actual time=4.408..25.024 rows=3 loops=1)
Nested Loop  (cost=0.00..6351.15 rows=1 width=21) (actual time=2.720..24.188 rows=2 loops=1)
Sort  (cost=6351.45..6351.46 rows=1 width=149) (actual time=28.403..28.404 rows=2 loops=1)
Sort  (cost=6351.45..6351.46 rows=1 width=149) (actual time=27.751..27.753 rows=1 loops=1)
Nested Loop  (cost=0.00..6351.15 rows=1 width=158) (actual time=12.630..24.694 rows=1 loops=1)
Sort  (cost=6351.45..6351.46 rows=1 width=149) (actual time=28.849..28.851 rows=1 loops=1)
Nested Loop  (cost=0.00..6351.15 rows=1 width=158) (actual time=12.895..35.312 rows=1 loops=1)
Nested Loop  (cost=0.00..6351.64 rows=1 width=21) (actual time=2.177..25.145 rows=4 loops=1)
Nested Loop  (cost=0.00..6353.26 rows=1 width=158) (actual time=2.115..26.506 rows=10 loops=1)
Nested Loop  (cost=0.00..6351.40 rows=1 width=21) (actual time=6.428..24.969 rows=3 loops=1)
Sort  (cost=6351.45..6351.46 rows=1 width=149) (actual time=28.290..28.292 rows=1 loops=1)
Nested Loop  (cost=0.00..6351.35 rows=1 width=158) (actual time=15.242..24.723 rows=1 loops=1)
Nested Loop  (cost=0.00..6351.47 rows=1 width=158) (actual time=25.017..25.329 rows=1 loops=1)
Nested Loop  (cost=0.00..6351.15 rows=1 width=21) (actual time=12.322..25.278 rows=3 loops=1)
Nested Loop  (cost=0.00..6351.47 rows=1 width=403) (actual time=25.622..25.936 rows=1 loops=1)
Sort  (cost=6351.45..6351.46 rows=1 width=149) (actual time=29.343..29.345 rows=4 loops=1)
Nested Loop  (cost=0.00..6351.69 rows=1 width=21) (actual time=6.485..26.349 rows=3 loops=1)
Sort  (cost=6351.45..6351.46 rows=1 width=149) (actual time=29.070..29.071 rows=3 loops=1)
Sort  (cost=6351.45..6351.46 rows=1 width=149) (actual time=28.419..28.421 rows=4 loops=1)
Nested Loop  (cost=0.00..6351.15 rows=1 width=21) (actual time=19.344..24.557 rows=2 loops=1)
Nested Loop  (cost=0.00..6353.26 rows=1 width=21) (actual time=2.612..26.260 rows=14 loops=1)
Nested Loop  (cost=0.00..6351.15 rows=1 width=21) (actual time=14.501..24.834 rows=3 loops=1)
Sort  (cost=6351.45..6351.46 rows=1 width=149) (actual time=28.366..28.367 rows=1 loops=1)
Nested Loop  (cost=0.00..6351.15 rows=1 width=403) (actual time=22.967..24.046 rows=1 loops=1)
Nested Loop  (cost=0.00..6351.15 rows=1 width=21) (actual time=6.759..24.401 rows=2 loops=1)
Sort  (cost=6351.45..6351.46 rows=1 width=149) (actual time=29.454..29.456 rows=4 loops=1)
Sort  (cost=6351.45..6351.46 rows=1 width=149) (actual time=29.469..29.471 rows=1 loops=1)
Sort  (cost=6351.45..6351.46 rows=1 width=149) (actual time=28.829..28.830 rows=4 loops=1)
Nested Loop  (cost=0.00..6351.15 rows=1 width=21) (actual time=9.133..24.216 rows=2 loops=1)
Nested Loop  (cost=0.00..6351.15 rows=1 width=21) (actual time=3.670..24.202 rows=2 loops=1)
Sort  (cost=6351.45..6351.46 rows=1 width=149) (actual time=29.371..29.373 rows=1 loops=1)
Nested Loop  (cost=0.00..6351.15 rows=1 width=21) (actual time=5.830..24.971 rows=3 loops=1)
Nested Loop  (cost=0.00..6351.15 rows=1 width=21) (actual time=12.562..25.309 rows=3 loops=1)
Nested Loop  (cost=0.00..6351.15 rows=1 width=21) (actual time=11.379..24.851 rows=2 loops=1)
Nested Loop  (cost=0.00..6351.15 rows=1 width=21) (actual time=5.050..24.886 rows=2 loops=1)
Sort  (cost=6351.45..6351.46 rows=1 width=149) (actual time=29.777..29.778 rows=1 loops=1)
Nested Loop  (cost=0.00..6351.15 rows=1 width=21) (actual time=14.277..25.076 rows=2 loops=1)
Nested Loop  (cost=0.00..6351.82 rows=1 width=158) (actual time=7.134..25.363 rows=5 loops=1)
Nested Loop  (cost=0.00..6351.15 rows=1 width=21) (actual time=4.400..24.504 rows=2 loops=1)
Nested Loop  (cost=0.00..6351.15 rows=1 width=21) (actual time=2.252..24.620 rows=2 loops=1)
Sort  (cost=6356.10..6356.10 rows=1 width=149) (actual time=29.808..29.810 rows=16 loops=1)
Nested Loop  (cost=0.00..6351.15 rows=1 width=21) (actual time=10.882..24.676 rows=2 loops=1)
Sort  (cost=6351.45..6351.46 rows=1 width=149) (actual time=29.203..29.205 rows=2 loops=1)
Nested Loop  (cost=0.00..6351.49 rows=1 width=21) (actual time=7.691..25.412 rows=2 loops=1)
Sort  (cost=6351.45..6351.46 rows=1 width=149) (actual time=34.755..34.756 rows=1 loops=1)
Sort  (cost=6351.45..6351.46 rows=1 width=149) (actual time=29.088..29.090 rows=1 loops=1)
Nested Loop  (cost=0.00..6351.15 rows=1 width=21) (actual time=20.660..25.934 rows=2 loops=1)
Sort  (cost=6351.45..6351.46 rows=1 width=149) (actual time=31.353..31.355 rows=2 loops=1)
Nested Loop  (cost=0.00..6351.15 rows=1 width=21) (actual time=5.580..24.787 rows=3 loops=1)
Nested Loop  (cost=0.00..6351.15 rows=1 width=21) (actual time=13.912..26.518 rows=2 loops=1)
Nested Loop  (cost=0.00..6351.15 rows=1 width=21) (actual time=4.916..25.310 rows=3 loops=1)
Nested Loop  (cost=0.00..6351.15 rows=1 width=158) (actual time=10.039..24.669 rows=1 loops=1)
Nested Loop  (cost=0.00..6351.15 rows=1 width=21) (actual time=5.568..24.732 rows=2 loops=1)
Nested Loop  (cost=0.00..6351.15 rows=1 width=21) (actual time=1.786..25.259 rows=2 loops=1)
Nested Loop  (cost=0.00..6351.53 rows=1 width=21) (actual time=4.528..25.993 rows=5 loops=1)
Sort  (cost=6351.45..6351.46 rows=1 width=149) (actual time=29.571..29.573 rows=2 loops=1)
Nested Loop  (cost=0.00..6351.90 rows=1 width=21) (actual time=0.121..25.159 rows=6 loops=1)
Nested Loop  (cost=0.00..6351.15 rows=1 width=158) (actual time=18.950..25.121 rows=1 loops=1)
Nested Loop  (cost=0.00..6351.15 rows=1 width=403) (actual time=19.208..25.105 rows=1 loops=1)
Nested Loop  (cost=0.00..6351.15 rows=1 width=21) (actual time=9.579..24.804 rows=2 loops=1)
Nested Loop  (cost=0.00..6351.15 rows=1 width=21) (actual time=13.869..25.133 rows=2 loops=1)
Nested Loop  (cost=0.00..6352.64 rows=1 width=158) (actual time=18.446..26.195 rows=3 loops=1)
Nested Loop  (cost=0.00..6351.15 rows=1 width=21) (actual time=4.916..24.478 rows=2 loops=1)
Sort  (cost=6351.45..6351.46 rows=1 width=149) (actual time=29.296..29.298 rows=1 loops=1)
Nested Loop  (cost=0.00..6351.15 rows=1 width=403) (actual time=4.746..24.679 rows=1 loops=1)
Nested Loop  (cost=0.00..6351.56 rows=1 width=21) (actual time=3.382..25.085 rows=3 loops=1)
Nested Loop  (cost=0.00..6351.15 rows=1 width=21) (actual time=2.201..25.007 rows=2 loops=1)
Nested Loop  (cost=0.00..6351.44 rows=1 width=21) (actual time=5.298..24.770 rows=3 loops=1)
Nested Loop  (cost=0.00..6351.56 rows=1 width=21) (actual time=0.405..26.265 rows=3 loops=1)
Sort  (cost=6351.45..6351.46 rows=1 width=149) (actual time=30.477..30.479 rows=6 loops=1)
Nested Loop  (cost=0.00..6351.15 rows=1 width=21) (actual time=9.171..24.486 rows=2 loops=1)
Sort  (cost=6351.45..6351.46 rows=1 width=149) (actual time=29.623..29.627 rows=2 loops=1)
Nested Loop  (cost=0.00..6351.15 rows=1 width=21) (actual time=4.995..24.197 rows=2 loops=1)
Nested Loop  (cost=0.00..6351.15 rows=1 width=21) (actual time=1.675..25.399 rows=3 loops=1)
Nested Loop  (cost=0.00..6351.15 rows=1 width=21) (actual time=19.716..24.817 rows=2 loops=1)
Nested Loop  (cost=0.00..6351.58 rows=1 width=21) (actual time=2.717..25.145 rows=3 loops=1)
Sort  (cost=6351.45..6351.46 rows=1 width=149) (actual time=29.273..29.275 rows=2 loops=1)
Sort  (cost=6356.52..6356.53 rows=1 width=149) (actual time=29.181..29.184 rows=11 loops=1)
Sort  (cost=6351.45..6351.46 rows=1 width=149) (actual time=29.325..29.326 rows=1 loops=1)
Nested Loop  (cost=0.00..6351.69 rows=1 width=21) (actual time=1.884..25.345 rows=8 loops=1)
Sort  (cost=6351.45..6351.46 rows=1 width=149) (actual time=30.206..30.208 rows=1 loops=1)
Nested Loop  (cost=0.00..6351.44 rows=1 width=21) (actual time=9.865..24.981 rows=4 loops=1)
Nested Loop  (cost=0.00..6351.15 rows=1 width=21) (actual time=0.317..24.344 rows=2 loops=1)
Sort  (cost=6351.45..6351.46 rows=1 width=149) (actual time=29.949..29.951 rows=2 loops=1)
Nested Loop  (cost=0.00..6351.56 rows=1 width=158) (actual time=1.631..25.331 rows=2 loops=1)
Nested Loop  (cost=0.00..6351.56 rows=1 width=403) (actual time=1.606..25.193 rows=2 loops=1)
Sort  (cost=6351.45..6351.46 rows=1 width=149) (actual time=28.857..28.859 rows=1 loops=1)
Nested Loop  (cost=0.00..6351.84 rows=1 width=21) (actual time=1.852..26.633 rows=4 loops=1)
Sort  (cost=6351.45..6351.46 rows=1 width=149) (actual time=29.445..29.447 rows=1 loops=1)
Nested Loop  (cost=0.00..6351.15 rows=1 width=21) (actual time=1.915..24.428 rows=2 loops=1)
Sort  (cost=6351.45..6351.46 rows=1 width=149) (actual time=28.519..28.520 rows=1 loops=1)
Nested Loop  (cost=0.00..6351.15 rows=1 width=21) (actual time=8.050..24.250 rows=2 loops=1)
Sort  (cost=6351.45..6351.46 rows=1 width=149) (actual time=28.949..28.951 rows=3 loops=1)
Nested Loop  (cost=0.00..6351.47 rows=1 width=158) (actual time=9.328..25.140 rows=2 loops=1)
Nested Loop  (cost=0.00..6351.15 rows=1 width=21) (actual time=8.294..37.802 rows=2 loops=1)
Sort  (cost=6351.45..6351.46 rows=1 width=149) (actual time=32.599..32.601 rows=4 loops=1)
Nested Loop  (cost=0.00..6351.15 rows=1 width=158) (actual time=8.114..24.958 rows=2 loops=1)
Nested Loop  (cost=0.00..6351.38 rows=1 width=21) (actual time=12.478..25.005 rows=2 loops=1)
Nested Loop  (cost=0.00..6351.15 rows=1 width=158) (actual time=7.627..24.929 rows=1 loops=1)
Nested Loop  (cost=0.00..6351.15 rows=1 width=158) (actual time=12.577..24.788 rows=1 loops=1)
Nested Loop  (cost=0.00..6351.15 rows=1 width=21) (actual time=10.596..25.325 rows=3 loops=1)
Nested Loop  (cost=0.00..6351.15 rows=1 width=21) (actual time=5.023..24.901 rows=2 loops=1)
Nested Loop  (cost=0.00..6351.15 rows=1 width=21) (actual time=13.341..25.087 rows=2 loops=1)
Nested Loop  (cost=0.00..6351.15 rows=1 width=21) (actual time=9.732..34.622 rows=3 loops=1)
Nested Loop  (cost=0.00..6351.15 rows=1 width=21) (actual time=4.330..24.256 rows=2 loops=1)
Nested Loop  (cost=0.00..6351.73 rows=1 width=158) (actual time=25.600..26.400 rows=1 loops=1)
Nested Loop  (cost=0.00..6351.15 rows=1 width=21) (actual time=4.298..25.105 rows=2 loops=1)
Nested Loop  (cost=0.00..6351.15 rows=1 width=21) (actual time=9.266..24.674 rows=2 loops=1)
Sort  (cost=6351.45..6351.46 rows=1 width=149) (actual time=28.853..28.854 rows=1 loops=1)
Nested Loop  (cost=0.00..6351.38 rows=1 width=21) (actual time=14.030..24.433 rows=2 loops=1)
Sort  (cost=6351.45..6351.46 rows=1 width=149) (actual time=31.009..31.011 rows=2 loops=1)
Nested Loop  (cost=0.00..6351.40 rows=1 width=21) (actual time=10.845..24.919 rows=3 loops=1)
Nested Loop  (cost=0.00..6351.15 rows=1 width=21) (actual time=6.099..25.389 rows=2 loops=1)
Nested Loop  (cost=0.00..6351.15 rows=1 width=21) (actual time=4.052..25.004 rows=2 loops=1)
Sort  (cost=6352.80..6352.81 rows=1 width=149) (actual time=30.407..30.409 rows=8 loops=1)
Nested Loop  (cost=0.00..6351.15 rows=1 width=158) (actual time=11.077..25.656 rows=1 loops=1)
Nested Loop  (cost=0.00..6351.15 rows=1 width=403) (actual time=11.134..27.034 rows=1 loops=1)
Nested Loop  (cost=0.00..6351.56 rows=1 width=158) (actual time=12.873..25.343 rows=1 loops=1)
Nested Loop  (cost=0.00..6351.56 rows=1 width=403) (actual time=12.760..25.056 rows=1 loops=1)
Sort  (cost=6351.45..6351.46 rows=1 width=149) (actual time=35.312..35.318 rows=1 loops=1)
Nested Loop  (cost=0.00..6351.15 rows=1 width=158) (actual time=16.041..24.846 rows=1 loops=1)
Sort  (cost=6351.45..6351.46 rows=1 width=149) (actual time=29.020..29.021 rows=2 loops=1)
Nested Loop  (cost=0.00..6351.15 rows=1 width=158) (actual time=5.383..25.590 rows=1 loops=1)
Sort  (cost=6351.45..6351.46 rows=1 width=149) (actual time=28.813..28.815 rows=1 loops=1)
Sort  (cost=6351.45..6351.46 rows=1 width=149) (actual time=32.252..32.256 rows=1 loops=1)
Sort  (cost=6351.45..6351.46 rows=1 width=149) (actual time=28.673..28.674 rows=2 loops=1)
Nested Loop  (cost=0.00..6351.15 rows=1 width=21) (actual time=9.747..24.319 rows=3 loops=1)
Nested Loop  (cost=0.00..6351.15 rows=1 width=158) (actual time=0.190..24.437 rows=2 loops=1)
Nested Loop  (cost=0.00..6351.15 rows=1 width=403) (actual time=0.180..25.129 rows=2 loops=1)
Nested Loop  (cost=0.00..6351.15 rows=1 width=21) (actual time=2.213..25.191 rows=2 loops=1)
Sort  (cost=6351.45..6351.46 rows=1 width=149) (actual time=29.293..29.295 rows=3 loops=1)
Nested Loop  (cost=0.00..6351.15 rows=1 width=403) (actual time=15.840..25.114 rows=1 loops=1)
Nested Loop  (cost=0.00..6351.15 rows=1 width=158) (actual time=24.041..25.195 rows=1 loops=1)
Nested Loop  (cost=0.00..6351.15 rows=1 width=403) (actual time=31.826..32.933 rows=1 loops=1)
Nested Loop  (cost=0.00..6351.15 rows=1 width=21) (actual time=10.985..24.295 rows=2 loops=1)
Sort  (cost=6351.45..6351.46 rows=1 width=149) (actual time=28.877..28.879 rows=2 loops=1)
Nested Loop  (cost=0.00..6351.47 rows=1 width=21) (actual time=1.530..25.139 rows=2 loops=1)
Nested Loop  (cost=0.00..6351.15 rows=1 width=158) (actual time=8.627..24.405 rows=1 loops=1)
Sort  (cost=6351.45..6351.46 rows=1 width=149) (actual time=29.804..29.806 rows=1 loops=1)
Nested Loop  (cost=0.00..6351.15 rows=1 width=21) (actual time=3.621..24.408 rows=3 loops=1)
Nested Loop  (cost=0.00..6351.82 rows=1 width=21) (actual time=5.601..25.175 rows=7 loops=1)
Nested Loop  (cost=0.00..6351.76 rows=1 width=158) (actual time=1.430..25.803 rows=6 loops=1)
Nested Loop  (cost=0.00..6351.15 rows=1 width=21) (actual time=2.292..25.462 rows=2 loops=1)
Sort  (cost=6351.45..6351.46 rows=1 width=149) (actual time=28.671..28.672 rows=1 loops=1)
Nested Loop  (cost=0.00..6351.15 rows=1 width=21) (actual time=5.819..25.361 rows=3 loops=1)
Nested Loop  (cost=0.00..6351.15 rows=1 width=21) (actual time=9.709..24.735 rows=2 loops=1)
Sort  (cost=6351.45..6351.46 rows=1 width=149) (actual time=29.140..29.141 rows=1 loops=1)
Sort  (cost=6351.45..6351.46 rows=1 width=149) (actual time=28.837..28.839 rows=1 loops=1)
Sort  (cost=6351.45..6351.46 rows=1 width=149) (actual time=29.094..29.096 rows=4 loops=1)
Sort  (cost=6351.45..6351.46 rows=1 width=149) (actual time=28.709..28.711 rows=2 loops=1)
Nested Loop  (cost=0.00..6351.90 rows=1 width=21) (actual time=2.740..26.015 rows=5 loops=1)
Nested Loop  (cost=0.00..6351.15 rows=1 width=158) (actual time=22.040..25.134 rows=1 loops=1)
Nested Loop  (cost=0.00..6351.15 rows=1 width=21) (actual time=5.086..24.957 rows=2 loops=1)
Nested Loop  (cost=0.00..6351.53 rows=1 width=21) (actual time=16.498..25.131 rows=2 loops=1)
Nested Loop  (cost=0.00..6351.35 rows=1 width=21) (actual time=5.596..25.261 rows=4 loops=1)
Nested Loop  (cost=0.00..6351.84 rows=1 width=21) (actual time=5.938..25.870 rows=7 loops=1)
Nested Loop  (cost=0.00..6351.38 rows=1 width=21) (actual time=14.521..26.172 rows=2 loops=1)
Sort  (cost=6351.45..6351.46 rows=1 width=149) (actual time=28.893..28.896 rows=1 loops=1)
Sort  (cost=6351.45..6351.46 rows=1 width=149) (actual time=28.883..28.885 rows=3 loops=1)
Sort  (cost=6351.45..6351.46 rows=1 width=149) (actual time=30.348..30.350 rows=1 loops=1)
Nested Loop  (cost=0.00..6351.15 rows=1 width=21) (actual time=6.521..28.299 rows=2 loops=1)
Nested Loop  (cost=0.00..6351.56 rows=1 width=21) (actual time=12.409..26.005 rows=3 loops=1)
Nested Loop  (cost=0.00..6351.44 rows=1 width=21) (actual time=9.736..25.024 rows=4 loops=1)
Nested Loop  (cost=0.00..6351.56 rows=1 width=21) (actual time=13.833..24.979 rows=3 loops=1)
Sort  (cost=6351.45..6351.46 rows=1 width=149) (actual time=29.360..29.362 rows=1 loops=1)
Nested Loop  (cost=0.00..6351.15 rows=1 width=403) (actual time=13.469..25.550 rows=1 loops=1)
Nested Loop  (cost=0.00..6351.44 rows=1 width=21) (actual time=16.941..25.035 rows=2 loops=1)
Sort  (cost=6351.45..6351.46 rows=1 width=149) (actual time=29.384..29.386 rows=1 loops=1)
Nested Loop  (cost=0.00..6351.15 rows=1 width=403) (actual time=19.696..24.906 rows=1 loops=1)
Nested Loop  (cost=0.00..6351.15 rows=1 width=21) (actual time=2.810..25.394 rows=2 loops=1)
Nested Loop  (cost=0.00..6351.15 rows=1 width=21) (actual time=12.197..27.402 rows=3 loops=1)
Sort  (cost=6351.45..6351.46 rows=1 width=149) (actual time=30.485..30.487 rows=4 loops=1)
Nested Loop  (cost=0.00..6351.15 rows=1 width=158) (actual time=16.376..24.690 rows=1 loops=1)
Nested Loop  (cost=0.00..6351.15 rows=1 width=403) (actual time=16.496..24.849 rows=1 loops=1)
Nested Loop  (cost=0.00..6351.15 rows=1 width=21) (actual time=4.459..24.649 rows=2 loops=1)
Sort  (cost=6351.45..6351.46 rows=1 width=149) (actual time=29.389..29.391 rows=1 loops=1)
Nested Loop  (cost=0.00..6351.15 rows=1 width=158) (actual time=2.881..24.618 rows=1 loops=1)
Nested Loop  (cost=0.00..6351.15 rows=1 width=21) (actual time=7.740..24.340 rows=2 loops=1)
Nested Loop  (cost=0.00..6351.15 rows=1 width=21) (actual time=4.702..24.442 rows=2 loops=1)
Sort  (cost=6351.45..6351.46 rows=1 width=149) (actual time=28.535..28.537 rows=1 loops=1)
Nested Loop  (cost=0.00..6351.15 rows=1 width=21) (actual time=9.639..25.847 rows=2 loops=1)
Nested Loop  (cost=0.00..6351.15 rows=1 width=21) (actual time=0.417..24.441 rows=2 loops=1)
Nested Loop  (cost=0.00..6351.69 rows=1 width=21) (actual time=3.684..24.533 rows=3 loops=1)
Sort  (cost=6351.45..6351.46 rows=1 width=149) (actual time=28.605..28.607 rows=1 loops=1)
Nested Loop  (cost=0.00..6351.15 rows=1 width=21) (actual time=21.125..24.913 rows=2 loops=1)
Nested Loop  (cost=0.00..6351.15 rows=1 width=21) (actual time=8.116..25.264 rows=2 loops=1)
Sort  (cost=6351.45..6351.46 rows=1 width=149) (actual time=30.605..30.608 rows=2 loops=1)
Sort  (cost=6351.45..6351.46 rows=1 width=149) (actual time=29.244..29.245 rows=1 loops=1)
Nested Loop  (cost=0.00..6351.15 rows=1 width=403) (actual time=16.617..24.808 rows=1 loops=1)
Nested Loop  (cost=0.00..6351.47 rows=1 width=158) (actual time=9.983..24.283 rows=1 loops=1)
Sort  (cost=6351.45..6351.46 rows=1 width=149) (actual time=28.732..28.734 rows=2 loops=1)
Nested Loop  (cost=0.00..6351.15 rows=1 width=21) (actual time=3.471..25.056 rows=2 loops=1)
Sort  (cost=6353.18..6353.18 rows=1 width=149) (actual time=30.402..30.404 rows=5 loops=1)
Nested Loop  (cost=0.00..6351.15 rows=1 width=403) (actual time=24.766..24.922 rows=1 loops=1)
Nested Loop  (cost=0.00..6351.15 rows=1 width=21) (actual time=8.348..25.211 rows=2 loops=1)
Sort  (cost=6351.45..6351.46 rows=1 width=149) (actual time=30.221..30.223 rows=1 loops=1)
Nested Loop  (cost=0.00..6351.15 rows=1 width=21) (actual time=0.622..24.990 rows=3 loops=1)
Nested Loop  (cost=0.00..6351.15 rows=1 width=21) (actual time=0.781..24.828 rows=2 loops=1)
Nested Loop  (cost=0.00..6351.15 rows=1 width=158) (actual time=12.817..24.798 rows=2 loops=1)
Nested Loop  (cost=0.00..6351.15 rows=1 width=21) (actual time=7.948..27.049 rows=2 loops=1)
Sort  (cost=6351.45..6351.46 rows=1 width=149) (actual time=28.276..28.278 rows=1 loops=1)
Nested Loop  (cost=0.00..6351.15 rows=1 width=21) (actual time=13.202..25.003 rows=3 loops=1)
Sort  (cost=6353.40..6353.41 rows=1 width=149) (actual time=30.531..30.533 rows=3 loops=1)
Nested Loop  (cost=0.00..6351.15 rows=1 width=21) (actual time=3.740..24.613 rows=2 loops=1)
Nested Loop  (cost=0.00..6351.15 rows=1 width=21) (actual time=8.846..24.730 rows=2 loops=1)
Sort  (cost=6351.45..6351.46 rows=1 width=149) (actual time=28.827..28.829 rows=2 loops=1)
Nested Loop  (cost=0.00..6351.35 rows=1 width=21) (actual time=5.348..25.331 rows=3 loops=1)
Sort  (cost=6351.45..6351.46 rows=1 width=149) (actual time=29.340..29.341 rows=2 loops=1)
Nested Loop  (cost=0.00..6351.82 rows=1 width=21) (actual time=5.167..25.384 rows=3 loops=1)
Sort  (cost=6351.45..6351.46 rows=1 width=149) (actual time=28.707..28.708 rows=1 loops=1)
Sort  (cost=6351.45..6351.46 rows=1 width=149) (actual time=28.999..29.001 rows=1 loops=1)
Nested Loop  (cost=0.00..6351.15 rows=1 width=21) (actual time=7.438..23.958 rows=2 loops=1)
Nested Loop  (cost=0.00..6353.26 rows=1 width=21) (actual time=4.112..40.955 rows=10 loops=1)
Nested Loop  (cost=0.00..6351.15 rows=1 width=21) (actual time=11.355..24.536 rows=2 loops=1)
Sort  (cost=6362.35..6362.36 rows=1 width=149) (actual time=33.086..33.090 rows=52 loops=1)
Nested Loop  (cost=0.00..6351.82 rows=1 width=21) (actual time=3.330..25.152 rows=4 loops=1)
Nested Loop  (cost=0.00..6351.15 rows=1 width=21) (actual time=8.964..25.334 rows=2 loops=1)
Nested Loop  (cost=0.00..6351.15 rows=1 width=158) (actual time=5.655..24.983 rows=1 loops=1)
Nested Loop  (cost=0.00..6351.15 rows=1 width=21) (actual time=12.102..25.075 rows=2 loops=1)
Nested Loop  (cost=0.00..6351.15 rows=1 width=21) (actual time=19.309..24.702 rows=2 loops=1)
Nested Loop  (cost=0.00..6351.35 rows=1 width=158) (actual time=10.154..32.331 rows=1 loops=1)
Nested Loop  (cost=0.00..6351.15 rows=1 width=158) (actual time=10.755..24.976 rows=1 loops=1)
Nested Loop  (cost=0.00..6351.38 rows=1 width=21) (actual time=1.595..30.692 rows=4 loops=1)
Nested Loop  (cost=0.00..6351.15 rows=1 width=21) (actual time=2.958..28.644 rows=3 loops=1)
Sort  (cost=6351.45..6351.46 rows=1 width=149) (actual time=29.536..29.537 rows=1 loops=1)
Nested Loop  (cost=0.00..6351.15 rows=1 width=403) (actual time=10.004..25.569 rows=1 loops=1)
Nested Loop  (cost=0.00..6351.15 rows=1 width=21) (actual time=11.729..25.223 rows=2 loops=1)
Sort  (cost=6351.45..6351.46 rows=1 width=149) (actual time=32.215..32.217 rows=4 loops=1)
Nested Loop  (cost=0.00..6351.47 rows=1 width=158) (actual time=21.164..28.433 rows=3 loops=1)
Sort  (cost=6351.45..6351.46 rows=1 width=149) (actual time=28.161..28.163 rows=1 loops=1)
Sort  (cost=6351.45..6351.46 rows=1 width=149) (actual time=28.806..28.808 rows=2 loops=1)
Sort  (cost=6351.45..6351.46 rows=1 width=149) (actual time=28.776..28.778 rows=1 loops=1)
Nested Loop  (cost=0.00..6351.15 rows=1 width=21) (actual time=7.304..24.757 rows=2 loops=1)
Nested Loop  (cost=0.00..6352.84 rows=1 width=158) (actual time=5.959..26.187 rows=7 loops=1)
Nested Loop  (cost=0.00..6351.15 rows=1 width=21) (actual time=3.819..27.014 rows=2 loops=1)
Nested Loop  (cost=0.00..6351.15 rows=1 width=21) (actual time=13.432..24.792 rows=2 loops=1)
Nested Loop  (cost=0.00..6351.69 rows=1 width=21) (actual time=27.185..31.915 rows=2 loops=1)
Nested Loop  (cost=0.00..6351.15 rows=1 width=21) (actual time=3.669..25.277 rows=3 loops=1)
Nested Loop  (cost=0.00..6351.15 rows=1 width=21) (actual time=7.265..25.127 rows=3 loops=1)
Sort  (cost=6362.35..6362.36 rows=1 width=149) (actual time=29.952..29.956 rows=50 loops=1)
Sort  (cost=6351.45..6351.46 rows=1 width=149) (actual time=29.276..29.278 rows=2 loops=1)
Nested Loop  (cost=0.00..6351.38 rows=1 width=21) (actual time=13.273..25.135 rows=2 loops=1)
Sort  (cost=6351.45..6351.46 rows=1 width=149) (actual time=29.338..29.340 rows=2 loops=1)
Nested Loop  (cost=0.00..6351.15 rows=1 width=21) (actual time=14.697..24.377 rows=2 loops=1)
Nested Loop  (cost=0.00..6351.15 rows=1 width=21) (actual time=12.151..24.215 rows=2 loops=1)
Nested Loop  (cost=0.00..6351.15 rows=1 width=21) (actual time=5.707..26.485 rows=3 loops=1)
Nested Loop  (cost=0.00..6351.15 rows=1 width=21) (actual time=15.152..24.623 rows=2 loops=1)
Nested Loop  (cost=0.00..6352.64 rows=1 width=21) (actual time=1.479..25.460 rows=8 loops=1)
Nested Loop  (cost=0.00..6351.15 rows=1 width=158) (actual time=21.246..24.275 rows=1 loops=1)
Nested Loop  (cost=0.00..6351.15 rows=1 width=158) (actual time=9.555..25.179 rows=1 loops=1)
Nested Loop  (cost=0.00..6351.73 rows=1 width=158) (actual time=2.487..25.466 rows=4 loops=1)
Sort  (cost=6353.18..6353.18 rows=1 width=149) (actual time=30.249..30.251 rows=7 loops=1)
Sort  (cost=6351.45..6351.46 rows=1 width=149) (actual time=29.438..29.440 rows=3 loops=1)
Sort  (cost=6351.45..6351.46 rows=1 width=149) (actual time=29.109..29.111 rows=1 loops=1)
Nested Loop  (cost=0.00..6351.15 rows=1 width=21) (actual time=4.133..24.923 rows=3 loops=1)
Sort  (cost=6351.45..6351.46 rows=1 width=149) (actual time=34.603..34.605 rows=1 loops=1)
Sort  (cost=6351.45..6351.46 rows=1 width=149) (actual time=29.008..29.010 rows=1 loops=1)
Nested Loop  (cost=0.00..6351.15 rows=1 width=158) (actual time=17.179..24.836 rows=2 loops=1)
Nested Loop  (cost=0.00..6351.15 rows=1 width=21) (actual time=1.663..25.618 rows=3 loops=1)
Nested Loop  (cost=0.00..6351.15 rows=1 width=158) (actual time=16.737..25.719 rows=1 loops=1)
Nested Loop  (cost=0.00..6351.15 rows=1 width=21) (actual time=2.001..24.808 rows=2 loops=1)
Nested Loop  (cost=0.00..6351.73 rows=1 width=21) (actual time=2.498..25.296 rows=4 loops=1)
Nested Loop  (cost=0.00..6351.69 rows=1 width=158) (actual time=3.418..25.451 rows=7 loops=1)
Nested Loop  (cost=0.00..6351.15 rows=1 width=158) (actual time=19.192..25.018 rows=1 loops=1)
Nested Loop  (cost=0.00..6351.82 rows=1 width=21) (actual time=0.129..25.479 rows=3 loops=1)
Nested Loop  (cost=0.00..6351.15 rows=1 width=21) (actual time=1.883..24.118 rows=2 loops=1)
Sort  (cost=6351.45..6351.46 rows=1 width=149) (actual time=28.699..28.701 rows=3 loops=1)
Sort  (cost=6351.45..6351.46 rows=1 width=149) (actual time=28.847..28.848 rows=1 loops=1)
Sort  (cost=6352.85..6352.86 rows=1 width=149) (actual time=48.244..48.246 rows=11 loops=1)
Nested Loop  (cost=0.00..6353.26 rows=1 width=21) (actual time=1.937..25.992 rows=7 loops=1)
Nested Loop  (cost=0.00..6351.15 rows=1 width=21) (actual time=9.849..24.974 rows=2 loops=1)
Nested Loop  (cost=0.00..6351.15 rows=1 width=158) (actual time=1.612..24.800 rows=1 loops=1)
Nested Loop  (cost=0.00..6351.15 rows=1 width=21) (actual time=4.418..25.513 rows=2 loops=1)
Nested Loop  (cost=0.00..6352.84 rows=1 width=21) (actual time=10.481..27.150 rows=5 loops=1)
Nested Loop  (cost=0.00..6351.53 rows=1 width=21) (actual time=7.395..25.597 rows=5 loops=1)
Sort  (cost=6351.45..6351.46 rows=1 width=149) (actual time=30.732..30.733 rows=2 loops=1)
Nested Loop  (cost=0.00..6352.64 rows=1 width=158) (actual time=4.288..25.872 rows=11 loops=1)
Nested Loop  (cost=0.00..6351.15 rows=1 width=21) (actual time=7.193..24.851 rows=2 loops=1)
Nested Loop  (cost=0.00..6351.15 rows=1 width=158) (actual time=4.421..24.417 rows=1 loops=1)
Nested Loop  (cost=0.00..6351.15 rows=1 width=21) (actual time=12.826..25.286 rows=2 loops=1)
Sort  (cost=6351.45..6351.46 rows=1 width=149) (actual time=29.420..29.422 rows=2 loops=1)
Sort  (cost=6351.45..6351.46 rows=1 width=149) (actual time=28.988..28.990 rows=2 loops=1)
Nested Loop  (cost=0.00..6351.15 rows=1 width=21) (actual time=8.449..24.635 rows=2 loops=1)
Nested Loop  (cost=0.00..6351.15 rows=1 width=21) (actual time=1.386..24.436 rows=2 loops=1)
Nested Loop  (cost=0.00..6351.15 rows=1 width=21) (actual time=13.353..24.423 rows=2 loops=1)
Nested Loop  (cost=0.00..6351.73 rows=1 width=21) (actual time=5.442..24.912 rows=6 loops=1)
Nested Loop  (cost=0.00..6351.76 rows=1 width=21) (actual time=8.604..25.226 rows=6 loops=1)
Nested Loop  (cost=0.00..6351.15 rows=1 width=21) (actual time=12.165..24.738 rows=2 loops=1)
Sort  (cost=6353.18..6353.18 rows=1 width=149) (actual time=32.945..32.947 rows=7 loops=1)
Nested Loop  (cost=0.00..6351.15 rows=1 width=158) (actual time=12.030..26.228 rows=3 loops=1)
Nested Loop  (cost=0.00..6351.15 rows=1 width=158) (actual time=8.766..25.551 rows=1 loops=1)
Nested Loop  (cost=0.00..6351.47 rows=1 width=21) (actual time=10.710..31.574 rows=3 loops=1)
Sort  (cost=6351.45..6351.46 rows=1 width=149) (actual time=30.458..30.460 rows=4 loops=1)
Nested Loop  (cost=0.00..6351.47 rows=1 width=158) (actual time=4.876..24.985 rows=2 loops=1)
Sort  (cost=6356.01..6356.02 rows=1 width=149) (actual time=28.811..28.815 rows=19 loops=1)
Nested Loop  (cost=0.00..6351.15 rows=1 width=21) (actual time=2.130..25.059 rows=2 loops=1)
Nested Loop  (cost=0.00..6351.15 rows=1 width=21) (actual time=1.407..25.005 rows=2 loops=1)
Nested Loop  (cost=0.00..6351.15 rows=1 width=21) (actual time=6.117..24.144 rows=2 loops=1)
Sort  (cost=6352.89..6352.90 rows=1 width=149) (actual time=29.686..29.689 rows=12 loops=1)
Nested Loop  (cost=0.00..6351.15 rows=1 width=21) (actual time=16.663..24.245 rows=2 loops=1)
Nested Loop  (cost=0.00..6352.64 rows=1 width=158) (actual time=0.168..26.029 rows=4 loops=1)
Nested Loop  (cost=0.00..6352.64 rows=1 width=403) (actual time=0.160..26.021 rows=4 loops=1)
Nested Loop  (cost=0.00..6351.69 rows=1 width=21) (actual time=7.503..25.131 rows=10 loops=1)
Nested Loop  (cost=0.00..6351.82 rows=1 width=21) (actual time=10.799..25.128 rows=4 loops=1)
Nested Loop  (cost=0.00..6351.38 rows=1 width=21) (actual time=9.270..34.423 rows=2 loops=1)
Nested Loop  (cost=0.00..6351.58 rows=1 width=21) (actual time=5.054..25.104 rows=4 loops=1)
Sort  (cost=6351.45..6351.46 rows=1 width=149) (actual time=29.372..29.373 rows=1 loops=1)
Sort  (cost=6351.45..6351.46 rows=1 width=149) (actual time=30.601..30.602 rows=2 loops=1)
Sort  (cost=6351.45..6351.46 rows=1 width=149) (actual time=28.695..28.697 rows=2 loops=1)
Nested Loop  (cost=0.00..6351.15 rows=1 width=158) (actual time=4.422..24.607 rows=1 loops=1)
Nested Loop  (cost=0.00..6351.82 rows=1 width=21) (actual time=5.504..24.784 rows=8 loops=1)
Sort  (cost=6351.45..6351.46 rows=1 width=149) (actual time=29.556..29.557 rows=1 loops=1)
Nested Loop  (cost=0.00..6351.15 rows=1 width=158) (actual time=18.888..24.702 rows=1 loops=1)
Nested Loop  (cost=0.00..6351.15 rows=1 width=158) (actual time=22.006..24.559 rows=1 loops=1)
Nested Loop  (cost=0.00..6351.15 rows=1 width=21) (actual time=15.613..24.675 rows=2 loops=1)
Sort  (cost=6351.45..6351.46 rows=1 width=149) (actual time=29.475..29.477 rows=1 loops=1)
Sort  (cost=6351.45..6351.46 rows=1 width=149) (actual time=28.602..28.603 rows=1 loops=1)
Nested Loop  (cost=0.00..6351.40 rows=1 width=21) (actual time=4.290..25.035 rows=3 loops=1)
Sort  (cost=6351.45..6351.46 rows=1 width=149) (actual time=28.435..28.436 rows=1 loops=1)
Nested Loop  (cost=0.00..6351.15 rows=1 width=21) (actual time=1.874..24.504 rows=3 loops=1)
Nested Loop  (cost=0.00..6351.15 rows=1 width=21) (actual time=1.606..24.241 rows=2 loops=1)
Sort  (cost=6351.45..6351.46 rows=1 width=149) (actual time=30.750..30.752 rows=3 loops=1)
Nested Loop  (cost=0.00..6351.82 rows=1 width=403) (actual time=3.009..25.411 rows=2 loops=1)
Nested Loop  (cost=0.00..6351.15 rows=1 width=21) (actual time=5.112..24.979 rows=2 loops=1)
Nested Loop  (cost=0.00..6351.69 rows=1 width=21) (actual time=11.668..25.928 rows=2 loops=1)
Nested Loop  (cost=0.00..6351.15 rows=1 width=21) (actual time=9.999..24.866 rows=3 loops=1)
Nested Loop  (cost=0.00..6351.15 rows=1 width=21) (actual time=0.704..25.220 rows=2 loops=1)
Nested Loop  (cost=0.00..6351.38 rows=1 width=21) (actual time=8.788..25.622 rows=2 loops=1)
Sort  (cost=6351.45..6351.46 rows=1 width=149) (actual time=29.523..29.525 rows=1 loops=1)
Nested Loop  (cost=0.00..6351.47 rows=1 width=21) (actual time=3.323..24.843 rows=3 loops=1)
Sort  (cost=6351.45..6351.46 rows=1 width=149) (actual time=31.868..31.870 rows=1 loops=1)
Nested Loop  (cost=0.00..6351.15 rows=1 width=21) (actual time=16.944..43.855 rows=2 loops=1)
Nested Loop  (cost=0.00..6351.15 rows=1 width=21) (actual time=1.769..24.494 rows=2 loops=1)
Nested Loop  (cost=0.00..6351.15 rows=1 width=158) (actual time=5.904..33.429 rows=1 loops=1)
Nested Loop  (cost=0.00..6351.40 rows=1 width=21) (actual time=8.539..24.957 rows=5 loops=1)
Sort  (cost=6351.45..6351.46 rows=1 width=149) (actual time=29.688..29.690 rows=3 loops=1)
Nested Loop  (cost=0.00..6351.38 rows=1 width=158) (actual time=2.231..25.021 rows=2 loops=1)
Nested Loop  (cost=0.00..6351.15 rows=1 width=21) (actual time=1.073..24.856 rows=2 loops=1)
Sort  (cost=6351.45..6351.46 rows=1 width=149) (actual time=30.678..30.680 rows=14 loops=1)
Sort  (cost=6351.45..6351.46 rows=1 width=149) (actual time=35.171..35.173 rows=1 loops=1)
Nested Loop  (cost=0.00..6352.84 rows=1 width=21) (actual time=6.054..26.214 rows=7 loops=1)
Nested Loop  (cost=0.00..6351.58 rows=1 width=21) (actual time=3.645..25.223 rows=3 loops=1)
Nested Loop  (cost=0.00..6351.90 rows=1 width=21) (actual time=11.605..26.217 rows=3 loops=1)
Nested Loop  (cost=0.00..6351.15 rows=1 width=158) (actual time=7.231..24.747 rows=2 loops=1)
Nested Loop  (cost=0.00..6351.56 rows=1 width=158) (actual time=12.327..31.144 rows=1 loops=1)
Sort  (cost=6351.45..6351.46 rows=1 width=149) (actual time=28.966..28.967 rows=1 loops=1)
Nested Loop  (cost=0.00..6351.15 rows=1 width=21) (actual time=9.151..25.936 rows=1 loops=1)
Nested Loop  (cost=0.00..6351.15 rows=1 width=21) (actual time=3.020..24.878 rows=5 loops=1)
Nested Loop  (cost=0.00..6351.76 rows=1 width=21) (actual time=6.652..26.798 rows=2 loops=1)
Sort  (cost=6351.45..6351.46 rows=1 width=149) (actual time=35.012..35.017 rows=2 loops=1)
Nested Loop  (cost=0.00..6351.44 rows=1 width=21) (actual time=4.559..25.372 rows=3 loops=1)
Sort  (cost=6351.45..6351.46 rows=1 width=149) (actual time=30.488..30.490 rows=7 loops=1)
Nested Loop  (cost=0.00..6351.15 rows=1 width=21) (actual time=22.760..24.908 rows=2 loops=1)
Nested Loop  (cost=0.00..6351.44 rows=1 width=158) (actual time=12.434..28.023 rows=2 loops=1)
Nested Loop  (cost=0.00..6351.49 rows=1 width=21) (actual time=11.935..24.327 rows=3 loops=1)
Sort  (cost=6351.45..6351.46 rows=1 width=149) (actual time=29.056..29.058 rows=1 loops=1)
Nested Loop  (cost=0.00..6351.15 rows=1 width=158) (actual time=18.657..24.496 rows=1 loops=1)
Nested Loop  (cost=0.00..6351.15 rows=1 width=158) (actual time=5.653..27.771 rows=1 loops=1)
Nested Loop  (cost=0.00..6351.15 rows=1 width=158) (actual time=1.670..24.924 rows=1 loops=1)
Nested Loop  (cost=0.00..6351.15 rows=1 width=158) (actual time=9.043..24.766 rows=1 loops=1)
Nested Loop  (cost=0.00..6351.44 rows=1 width=21) (actual time=6.668..25.093 rows=4 loops=1)
Sort  (cost=6351.45..6351.46 rows=1 width=149) (actual time=28.293..28.295 rows=1 loops=1)
Nested Loop  (cost=0.00..6351.53 rows=1 width=21) (actual time=8.962..24.428 rows=4 loops=1)
Nested Loop  (cost=0.00..6352.84 rows=1 width=21) (actual time=5.839..25.742 rows=11 loops=1)
Nested Loop  (cost=0.00..6351.82 rows=1 width=21) (actual time=1.561..26.153 rows=4 loops=1)
Nested Loop  (cost=0.00..6351.15 rows=1 width=21) (actual time=9.661..25.027 rows=2 loops=1)
Nested Loop  (cost=0.00..6351.69 rows=1 width=158) (actual time=16.579..25.317 rows=1 loops=1)
Sort  (cost=6351.45..6351.46 rows=1 width=149) (actual time=29.644..29.645 rows=1 loops=1)
Sort  (cost=6351.45..6351.46 rows=1 width=149) (actual time=28.809..28.811 rows=1 loops=1)
Nested Loop  (cost=0.00..6351.15 rows=1 width=21) (actual time=2.031..24.996 rows=2 loops=1)
Sort  (cost=6352.85..6352.86 rows=1 width=149) (actual time=30.653..30.655 rows=5 loops=1)
Nested Loop  (cost=0.00..6351.56 rows=1 width=21) (actual time=3.525..25.202 rows=4 loops=1)
Nested Loop  (cost=0.00..6351.15 rows=1 width=158) (actual time=15.481..24.934 rows=1 loops=1)
Nested Loop  (cost=0.00..6351.15 rows=1 width=158) (actual time=22.290..24.945 rows=1 loops=1)
Nested Loop  (cost=0.00..6351.15 rows=1 width=21) (actual time=0.165..24.968 rows=2 loops=1)
Nested Loop  (cost=0.00..6351.15 rows=1 width=21) (actual time=9.621..24.180 rows=2 loops=1)
Nested Loop  (cost=0.00..6352.84 rows=1 width=21) (actual time=5.699..26.137 rows=11 loops=1)
Sort  (cost=6351.45..6351.46 rows=1 width=149) (actual time=28.528..28.530 rows=1 loops=1)
Nested Loop  (cost=0.00..6351.15 rows=1 width=21) (actual time=5.509..24.599 rows=3 loops=1)
Sort  (cost=6351.45..6351.46 rows=1 width=149) (actual time=28.773..28.774 rows=1 loops=1)
Sort  (cost=6351.45..6351.46 rows=1 width=149) (actual time=29.064..29.065 rows=2 loops=1)
Nested Loop  (cost=0.00..6351.15 rows=1 width=158) (actual time=18.861..24.953 rows=2 loops=1)
Nested Loop  (cost=0.00..6351.15 rows=1 width=158) (actual time=16.269..24.883 rows=1 loops=1)
Nested Loop  (cost=0.00..6351.15 rows=1 width=158) (actual time=10.895..24.451 rows=2 loops=1)
Nested Loop  (cost=0.00..6352.84 rows=1 width=21) (actual time=2.772..33.891 rows=7 loops=1)
Nested Loop  (cost=0.00..6351.15 rows=1 width=21) (actual time=2.306..27.682 rows=3 loops=1)
Nested Loop  (cost=0.00..6351.44 rows=1 width=158) (actual time=2.773..24.802 rows=1 loops=1)
Sort  (cost=6351.45..6351.46 rows=1 width=149) (actual time=30.265..30.267 rows=9 loops=1)
Sort  (cost=6352.89..6352.90 rows=1 width=149) (actual time=30.110..30.112 rows=7 loops=1)
Nested Loop  (cost=0.00..6351.15 rows=1 width=158) (actual time=4.198..24.938 rows=1 loops=1)
Nested Loop  (cost=0.00..6351.15 rows=1 width=21) (actual time=11.740..24.917 rows=2 loops=1)
Sort  (cost=6351.45..6351.46 rows=1 width=149) (actual time=29.161..29.163 rows=1 loops=1)
Nested Loop  (cost=0.00..6351.15 rows=1 width=158) (actual time=10.222..25.068 rows=1 loops=1)
Nested Loop  (cost=0.00..6351.56 rows=1 width=21) (actual time=4.856..25.554 rows=4 loops=1)
Sort  (cost=6351.45..6351.46 rows=1 width=149) (actual time=29.049..29.050 rows=4 loops=1)
Nested Loop  (cost=0.00..6351.15 rows=1 width=21) (actual time=3.427..24.810 rows=2 loops=1)
Sort  (cost=6351.45..6351.46 rows=1 width=149) (actual time=37.615..37.617 rows=1 loops=1)
Nested Loop  (cost=0.00..6351.84 rows=1 width=21) (actual time=6.874..25.331 rows=4 loops=1)
Sort  (cost=6351.45..6351.46 rows=1 width=149) (actual time=31.739..31.742 rows=1 loops=1)
Nested Loop  (cost=0.00..6352.07 rows=1 width=158) (actual time=7.265..29.466 rows=3 loops=1)
Nested Loop  (cost=0.00..6352.07 rows=1 width=403) (actual time=7.030..25.174 rows=3 loops=1)
Nested Loop  (cost=0.00..6351.15 rows=1 width=158) (actual time=20.365..25.329 rows=1 loops=1)
Nested Loop  (cost=0.00..6351.15 rows=1 width=158) (actual time=0.651..24.557 rows=1 loops=1)
Nested Loop  (cost=0.00..6351.15 rows=1 width=21) (actual time=1.849..24.408 rows=2 loops=1)
Sort  (cost=6351.45..6351.46 rows=1 width=149) (actual time=28.921..28.923 rows=1 loops=1)
Nested Loop  (cost=0.00..6351.15 rows=1 width=158) (actual time=8.333..25.003 rows=2 loops=1)
Nested Loop  (cost=0.00..6351.53 rows=1 width=21) (actual time=2.295..25.577 rows=2 loops=1)
Nested Loop  (cost=0.00..6352.84 rows=1 width=158) (actual time=1.427..27.687 rows=6 loops=1)
Nested Loop  (cost=0.00..6353.26 rows=1 width=158) (actual time=6.369..26.364 rows=12 loops=1)
Nested Loop  (cost=0.00..6351.69 rows=1 width=21) (actual time=2.603..25.773 rows=6 loops=1)
Nested Loop  (cost=0.00..6351.15 rows=1 width=21) (actual time=3.589..26.339 rows=3 loops=1)
Nested Loop  (cost=0.00..6351.15 rows=1 width=21) (actual time=2.775..24.906 rows=2 loops=1)
Sort  (cost=6351.45..6351.46 rows=1 width=149) (actual time=32.421..32.425 rows=6 loops=1)
Sort  (cost=6351.45..6351.46 rows=1 width=149) (actual time=29.398..29.399 rows=1 loops=1)
Nested Loop  (cost=0.00..6351.15 rows=1 width=21) (actual time=3.571..25.148 rows=2 loops=1)
Sort  (cost=6351.45..6351.46 rows=1 width=149) (actual time=28.358..28.360 rows=1 loops=1)
Nested Loop  (cost=0.00..6351.44 rows=1 width=21) (actual time=1.964..25.542 rows=3 loops=1)
Nested Loop  (cost=0.00..6351.15 rows=1 width=21) (actual time=8.137..24.952 rows=2 loops=1)
Nested Loop  (cost=0.00..6351.15 rows=1 width=21) (actual time=8.121..24.924 rows=2 loops=1)
Sort  (cost=6351.45..6351.46 rows=1 width=149) (actual time=29.449..29.451 rows=3 loops=1)
Nested Loop  (cost=0.00..6351.15 rows=1 width=21) (actual time=17.316..24.773 rows=2 loops=1)
Sort  (cost=6351.45..6351.46 rows=1 width=149) (actual time=29.771..29.773 rows=6 loops=1)
Nested Loop  (cost=0.00..6351.15 rows=1 width=21) (actual time=6.286..25.240 rows=3 loops=1)
Sort  (cost=6351.45..6351.46 rows=1 width=149) (actual time=29.012..29.016 rows=1 loops=1)
Nested Loop  (cost=0.00..6351.15 rows=1 width=403) (actual time=7.440..24.938 rows=1 loops=1)
Sort  (cost=6351.45..6351.46 rows=1 width=149) (actual time=29.095..29.097 rows=3 loops=1)
Nested Loop  (cost=0.00..6351.15 rows=1 width=21) (actual time=11.172..24.290 rows=2 loops=1)
Sort  (cost=6355.84..6355.84 rows=1 width=149) (actual time=28.903..28.906 rows=17 loops=1)
Nested Loop  (cost=0.00..6351.15 rows=1 width=21) (actual time=2.295..24.772 rows=3 loops=1)
Nested Loop  (cost=0.00..6351.15 rows=1 width=158) (actual time=7.005..24.703 rows=1 loops=1)
Nested Loop  (cost=0.00..6351.15 rows=1 width=21) (actual time=8.011..24.021 rows=2 loops=1)
Nested Loop  (cost=0.00..6351.47 rows=1 width=21) (actual time=7.280..24.466 rows=6 loops=1)
Nested Loop  (cost=0.00..6351.67 rows=1 width=158) (actual time=5.072..24.632 rows=1 loops=1)
Nested Loop  (cost=0.00..6351.47 rows=1 width=158) (actual time=5.957..25.120 rows=3 loops=1)
Sort  (cost=6351.45..6351.46 rows=1 width=149) (actual time=29.511..29.513 rows=1 loops=1)
Nested Loop  (cost=0.00..6351.47 rows=1 width=21) (actual time=18.916..24.761 rows=2 loops=1)
Nested Loop  (cost=0.00..6351.69 rows=1 width=21) (actual time=16.216..25.010 rows=3 loops=1)
Sort  (cost=6351.45..6351.46 rows=1 width=149) (actual time=29.250..29.252 rows=1 loops=1)
Nested Loop  (cost=0.00..6351.15 rows=1 width=403) (actual time=7.417..25.058 rows=1 loops=1)
Nested Loop  (cost=0.00..6351.58 rows=1 width=21) (actual time=7.628..25.032 rows=3 loops=1)
Nested Loop  (cost=0.00..6352.64 rows=1 width=158) (actual time=7.780..25.781 rows=4 loops=1)
Nested Loop  (cost=0.00..6351.15 rows=1 width=158) (actual time=16.618..25.878 rows=2 loops=1)
Sort  (cost=6351.45..6351.46 rows=1 width=149) (actual time=28.760..28.762 rows=1 loops=1)
Sort  (cost=6351.45..6351.46 rows=1 width=149) (actual time=27.834..27.835 rows=1 loops=1)
Nested Loop  (cost=0.00..6351.15 rows=1 width=21) (actual time=6.007..24.890 rows=2 loops=1)
Sort  (cost=6351.45..6351.46 rows=1 width=149) (actual time=29.429..29.431 rows=5 loops=1)
Nested Loop  (cost=0.00..6352.84 rows=1 width=21) (actual time=2.776..26.036 rows=7 loops=1)
Sort  (cost=6351.45..6351.46 rows=1 width=149) (actual time=29.367..29.369 rows=2 loops=1)
Nested Loop  (cost=0.00..6351.15 rows=1 width=21) (actual time=12.075..24.110 rows=2 loops=1)
Nested Loop  (cost=0.00..6351.15 rows=1 width=158) (actual time=17.100..37.343 rows=1 loops=1)
Sort  (cost=6351.45..6351.46 rows=1 width=149) (actual time=29.911..29.913 rows=2 loops=1)
Sort  (cost=6351.45..6351.46 rows=1 width=149) (actual time=33.268..33.271 rows=1 loops=1)
Sort  (cost=6351.45..6351.46 rows=1 width=149) (actual time=29.151..29.152 rows=1 loops=1)
Sort  (cost=6351.45..6351.46 rows=1 width=149) (actual time=32.521..32.523 rows=1 loops=1)
Nested Loop  (cost=0.00..6351.44 rows=1 width=158) (actual time=11.608..25.101 rows=2 loops=1)
Nested Loop  (cost=0.00..6351.15 rows=1 width=21) (actual time=1.710..24.826 rows=2 loops=1)
Sort  (cost=6351.45..6351.46 rows=1 width=149) (actual time=29.540..29.542 rows=5 loops=1)
Nested Loop  (cost=0.00..6351.15 rows=1 width=21) (actual time=12.836..24.475 rows=2 loops=1)
Nested Loop  (cost=0.00..6351.15 rows=1 width=158) (actual time=8.010..24.560 rows=1 loops=1)
Nested Loop  (cost=0.00..6351.90 rows=1 width=21) (actual time=1.349..28.401 rows=3 loops=1)
Nested Loop  (cost=0.00..6351.15 rows=1 width=158) (actual time=16.585..24.497 rows=1 loops=1)
Sort  (cost=6351.45..6351.46 rows=1 width=149) (actual time=28.529..28.531 rows=1 loops=1)
Sort  (cost=6351.45..6351.46 rows=1 width=149) (actual time=29.553..29.555 rows=3 loops=1)
Nested Loop  (cost=0.00..6351.15 rows=1 width=21) (actual time=1.745..25.427 rows=3 loops=1)
Nested Loop  (cost=0.00..6351.15 rows=1 width=403) (actual time=2.199..26.417 rows=1 loops=1)
Nested Loop  (cost=0.00..6351.15 rows=1 width=158) (actual time=19.673..24.814 rows=1 loops=1)
Sort  (cost=6351.45..6351.46 rows=1 width=149) (actual time=30.315..30.317 rows=8 loops=1)
Nested Loop  (cost=0.00..6351.15 rows=1 width=158) (actual time=24.414..25.378 rows=1 loops=1)
Sort  (cost=6351.45..6351.46 rows=1 width=149) (actual time=30.387..30.389 rows=1 loops=1)
Nested Loop  (cost=0.00..6351.69 rows=1 width=21) (actual time=11.570..24.763 rows=3 loops=1)
Sort  (cost=6351.45..6351.46 rows=1 width=149) (actual time=28.808..28.809 rows=1 loops=1)
Nested Loop  (cost=0.00..6351.15 rows=1 width=21) (actual time=4.750..24.364 rows=2 loops=1)
Nested Loop  (cost=0.00..6351.15 rows=1 width=21) (actual time=8.194..25.009 rows=2 loops=1)
Nested Loop  (cost=0.00..6351.15 rows=1 width=21) (actual time=2.349..25.415 rows=2 loops=1)
Nested Loop  (cost=0.00..6351.15 rows=1 width=21) (actual time=2.516..24.614 rows=2 loops=1)
Sort  (cost=6351.45..6351.46 rows=1 width=149) (actual time=28.424..28.426 rows=1 loops=1)
Nested Loop  (cost=0.00..6351.15 rows=1 width=158) (actual time=10.708..24.894 rows=2 loops=1)
Nested Loop  (cost=0.00..6351.40 rows=1 width=21) (actual time=22.066..24.894 rows=2 loops=1)
Sort  (cost=6351.45..6351.46 rows=1 width=149) (actual time=30.454..30.456 rows=2 loops=1)
Nested Loop  (cost=0.00..6351.38 rows=1 width=21) (actual time=9.758..25.112 rows=2 loops=1)
Nested Loop  (cost=0.00..6351.15 rows=1 width=158) (actual time=15.642..25.016 rows=1 loops=1)
Sort  (cost=6351.45..6351.46 rows=1 width=149) (actual time=30.056..30.058 rows=8 loops=1)
Nested Loop  (cost=0.00..6351.58 rows=1 width=158) (actual time=2.273..25.337 rows=1 loops=1)
Sort  (cost=6351.45..6351.46 rows=1 width=149) (actual time=28.682..28.684 rows=1 loops=1)
Sort  (cost=6351.45..6351.46 rows=1 width=149) (actual time=29.470..29.472 rows=1 loops=1)
Nested Loop  (cost=0.00..6351.15 rows=1 width=21) (actual time=0.308..24.254 rows=2 loops=1)
Nested Loop  (cost=0.00..6351.76 rows=1 width=21) (actual time=9.425..24.858 rows=5 loops=1)
Nested Loop  (cost=0.00..6351.47 rows=1 width=21) (actual time=9.374..25.143 rows=5 loops=1)
Nested Loop  (cost=0.00..6351.15 rows=1 width=158) (actual time=2.665..25.134 rows=1 loops=1)
Nested Loop  (cost=0.00..6351.15 rows=1 width=158) (actual time=20.788..25.077 rows=1 loops=1)
Nested Loop  (cost=0.00..6351.15 rows=1 width=21) (actual time=7.409..24.936 rows=2 loops=1)
Nested Loop  (cost=0.00..6351.15 rows=1 width=158) (actual time=0.665..24.517 rows=2 loops=1)
Nested Loop  (cost=0.00..6351.15 rows=1 width=21) (actual time=1.370..24.438 rows=2 loops=1)
Sort  (cost=6351.45..6351.46 rows=1 width=149) (actual time=29.296..29.298 rows=3 loops=1)
Nested Loop  (cost=0.00..6351.82 rows=1 width=21) (actual time=6.006..25.609 rows=6 loops=1)
Nested Loop  (cost=0.00..6351.35 rows=1 width=21) (actual time=5.364..24.887 rows=3 loops=1)
Nested Loop  (cost=0.00..6351.15 rows=1 width=158) (actual time=8.104..24.430 rows=1 loops=1)
Nested Loop  (cost=0.00..6351.56 rows=1 width=21) (actual time=4.289..29.446 rows=5 loops=1)
Nested Loop  (cost=0.00..6351.49 rows=1 width=21) (actual time=11.974..24.715 rows=3 loops=1)
Nested Loop  (cost=0.00..6351.15 rows=1 width=158) (actual time=10.270..25.630 rows=1 loops=1)
Sort  (cost=6351.45..6351.46 rows=1 width=149) (actual time=29.772..29.774 rows=8 loops=1)
Nested Loop  (cost=0.00..6351.15 rows=1 width=21) (actual time=6.022..24.763 rows=2 loops=1)
Nested Loop  (cost=0.00..6351.82 rows=1 width=21) (actual time=10.832..25.375 rows=4 loops=1)
Sort  (cost=6351.45..6351.46 rows=1 width=149) (actual time=29.332..29.333 rows=2 loops=1)
Nested Loop  (cost=0.00..6351.35 rows=1 width=158) (actual time=5.559..25.123 rows=2 loops=1)
Nested Loop  (cost=0.00..6351.15 rows=1 width=21) (actual time=11.031..24.877 rows=2 loops=1)
Nested Loop  (cost=0.00..6351.84 rows=1 width=158) (actual time=0.271..25.100 rows=3 loops=1)
Nested Loop  (cost=0.00..6351.15 rows=1 width=158) (actual time=18.039..24.584 rows=1 loops=1)
Nested Loop  (cost=0.00..6351.15 rows=1 width=158) (actual time=5.244..39.029 rows=1 loops=1)
Nested Loop  (cost=0.00..6351.15 rows=1 width=158) (actual time=23.996..24.141 rows=1 loops=1)
Nested Loop  (cost=0.00..6351.15 rows=1 width=21) (actual time=1.173..24.586 rows=2 loops=1)
Nested Loop  (cost=0.00..6351.15 rows=1 width=21) (actual time=10.207..24.925 rows=2 loops=1)
Nested Loop  (cost=0.00..6351.58 rows=1 width=21) (actual time=25.340..28.762 rows=2 loops=1)
Sort  (cost=6351.45..6351.46 rows=1 width=149) (actual time=30.816..30.818 rows=2 loops=1)
Nested Loop  (cost=0.00..6351.47 rows=1 width=21) (actual time=5.214..24.675 rows=2 loops=1)
Nested Loop  (cost=0.00..6351.15 rows=1 width=21) (actual time=5.413..25.086 rows=4 loops=1)
Nested Loop  (cost=0.00..6351.15 rows=1 width=21) (actual time=1.927..24.939 rows=4 loops=1)
Nested Loop  (cost=0.00..6351.15 rows=1 width=21) (actual time=7.245..25.241 rows=2 loops=1)
Nested Loop  (cost=0.00..6351.15 rows=1 width=21) (actual time=23.228..28.302 rows=2 loops=1)
Nested Loop  (cost=0.00..6351.15 rows=1 width=21) (actual time=13.753..30.824 rows=3 loops=1)
Nested Loop  (cost=0.00..6351.15 rows=1 width=21) (actual time=10.597..24.628 rows=2 loops=1)
Sort  (cost=6351.45..6351.46 rows=1 width=149) (actual time=28.829..28.831 rows=1 loops=1)
Nested Loop  (cost=0.00..6351.53 rows=1 width=21) (actual time=2.223..24.682 rows=3 loops=1)
Nested Loop  (cost=0.00..6351.15 rows=1 width=158) (actual time=12.685..24.254 rows=1 loops=1)
Sort  (cost=6351.45..6351.46 rows=1 width=149) (actual time=28.829..28.830 rows=1 loops=1)
Sort  (cost=6351.45..6351.46 rows=1 width=149) (actual time=29.089..29.090 rows=2 loops=1)
Nested Loop  (cost=0.00..6351.15 rows=1 width=21) (actual time=4.240..24.769 rows=2 loops=1)
Nested Loop  (cost=0.00..6351.15 rows=1 width=21) (actual time=3.449..24.547 rows=2 loops=1)
Sort  (cost=6365.09..6365.09 rows=1 width=149) (actual time=30.262..30.267 rows=54 loops=1)
Nested Loop  (cost=0.00..6351.90 rows=1 width=158) (actual time=2.785..25.292 rows=5 loops=1)
Nested Loop  (cost=0.00..6351.15 rows=1 width=21) (actual time=18.443..24.872 rows=2 loops=1)
Sort  (cost=6352.94..6352.95 rows=1 width=149) (actual time=30.198..30.201 rows=7 loops=1)
Nested Loop  (cost=0.00..6351.15 rows=1 width=21) (actual time=13.382..24.776 rows=3 loops=1)
Nested Loop  (cost=0.00..6351.15 rows=1 width=21) (actual time=11.719..25.067 rows=4 loops=1)
Nested Loop  (cost=0.00..6351.15 rows=1 width=21) (actual time=5.774..24.489 rows=2 loops=1)
Nested Loop  (cost=0.00..6351.15 rows=1 width=158) (actual time=6.238..24.266 rows=1 loops=1)
Sort  (cost=6351.45..6351.46 rows=1 width=149) (actual time=29.229..29.231 rows=2 loops=1)
Nested Loop  (cost=0.00..6351.15 rows=1 width=403) (actual time=4.759..24.529 rows=1 loops=1)
Nested Loop  (cost=0.00..6351.15 rows=1 width=21) (actual time=1.711..25.180 rows=2 loops=1)
Nested Loop  (cost=0.00..6351.40 rows=1 width=21) (actual time=7.838..24.769 rows=4 loops=1)
Sort  (cost=6351.45..6351.46 rows=1 width=149) (actual time=31.193..31.195 rows=1 loops=1)
Nested Loop  (cost=0.00..6351.15 rows=1 width=21) (actual time=4.026..24.096 rows=2 loops=1)
Sort  (cost=6351.45..6351.46 rows=1 width=149) (actual time=30.189..30.192 rows=9 loops=1)
Nested Loop  (cost=0.00..6351.15 rows=1 width=158) (actual time=20.823..24.949 rows=1 loops=1)
Nested Loop  (cost=0.00..6351.15 rows=1 width=403) (actual time=20.984..25.061 rows=1 loops=1)
Sort  (cost=6351.45..6351.46 rows=1 width=149) (actual time=28.220..28.221 rows=1 loops=1)
Nested Loop  (cost=0.00..6351.15 rows=1 width=21) (actual time=11.990..24.960 rows=3 loops=1)
Nested Loop  (cost=0.00..6351.15 rows=1 width=21) (actual time=12.741..25.179 rows=3 loops=1)
Nested Loop  (cost=0.00..6351.15 rows=1 width=21) (actual time=2.155..24.892 rows=2 loops=1)
Nested Loop  (cost=0.00..6351.69 rows=1 width=158) (actual time=2.291..25.234 rows=4 loops=1)
Nested Loop  (cost=0.00..6351.15 rows=1 width=21) (actual time=11.815..24.807 rows=2 loops=1)
Nested Loop  (cost=0.00..6351.58 rows=1 width=158) (actual time=22.608..25.213 rows=2 loops=1)
Sort  (cost=6355.75..6355.75 rows=1 width=149) (actual time=30.396..30.400 rows=29 loops=1)
Nested Loop  (cost=0.00..6351.15 rows=1 width=403) (actual time=23.470..24.470 rows=1 loops=1)
Nested Loop  (cost=0.00..6351.15 rows=1 width=21) (actual time=3.385..24.693 rows=2 loops=1)
Nested Loop  (cost=0.00..6351.69 rows=1 width=21) (actual time=1.184..25.593 rows=3 loops=1)
Nested Loop  (cost=0.00..6351.15 rows=1 width=21) (actual time=0.503..24.230 rows=2 loops=1)
Nested Loop  (cost=0.00..6351.15 rows=1 width=21) (actual time=10.569..24.920 rows=2 loops=1)
Nested Loop  (cost=0.00..6351.15 rows=1 width=21) (actual time=0.706..24.424 rows=2 loops=1)
Nested Loop  (cost=0.00..6351.15 rows=1 width=21) (actual time=1.581..25.299 rows=2 loops=1)
Nested Loop  (cost=0.00..6351.76 rows=1 width=158) (actual time=16.306..25.330 rows=4 loops=1)
Sort  (cost=6351.45..6351.46 rows=1 width=149) (actual time=29.442..29.443 rows=2 loops=1)
Nested Loop  (cost=0.00..6352.64 rows=1 width=21) (actual time=4.261..25.088 rows=9 loops=1)
Nested Loop  (cost=0.00..6351.69 rows=1 width=21) (actual time=11.810..40.822 rows=4 loops=1)
Nested Loop  (cost=0.00..6351.67 rows=1 width=21) (actual time=0.225..24.847 rows=5 loops=1)
Nested Loop  (cost=0.00..6351.15 rows=1 width=158) (actual time=8.569..24.841 rows=1 loops=1)
Sort  (cost=6351.45..6351.46 rows=1 width=149) (actual time=29.291..29.292 rows=2 loops=1)
Nested Loop  (cost=0.00..6351.73 rows=1 width=21) (actual time=4.838..25.361 rows=3 loops=1)
Sort  (cost=6351.45..6351.46 rows=1 width=149) (actual time=29.261..29.262 rows=1 loops=1)
Nested Loop  (cost=0.00..6351.90 rows=1 width=21) (actual time=10.412..25.383 rows=3 loops=1)
Nested Loop  (cost=0.00..6351.15 rows=1 width=21) (actual time=9.581..24.939 rows=2 loops=1)
Nested Loop  (cost=0.00..6352.84 rows=1 width=21) (actual time=2.532..26.241 rows=9 loops=1)
Nested Loop  (cost=0.00..6351.15 rows=1 width=158) (actual time=23.072..24.724 rows=1 loops=1)
Nested Loop  (cost=0.00..6351.44 rows=1 width=21) (actual time=6.177..25.509 rows=4 loops=1)
Sort  (cost=6351.45..6351.46 rows=1 width=149) (actual time=32.692..32.694 rows=1 loops=1)
Sort  (cost=6353.23..6353.23 rows=1 width=149) (actual time=29.995..29.997 rows=9 loops=1)
Sort  (cost=6351.45..6351.46 rows=1 width=149) (actual time=29.795..29.797 rows=2 loops=1)
Sort  (cost=6351.45..6351.46 rows=1 width=149) (actual time=30.658..30.660 rows=6 loops=1)
Nested Loop  (cost=0.00..6351.82 rows=1 width=21) (actual time=5.120..25.303 rows=3 loops=1)
Nested Loop  (cost=0.00..6351.84 rows=1 width=158) (actual time=2.487..25.634 rows=2 loops=1)
Sort  (cost=6351.45..6351.46 rows=1 width=149) (actual time=29.167..29.168 rows=1 loops=1)
Nested Loop  (cost=0.00..6351.15 rows=1 width=403) (actual time=23.039..24.611 rows=1 loops=1)
Nested Loop  (cost=0.00..6351.15 rows=1 width=158) (actual time=21.775..24.677 rows=1 loops=1)
Sort  (cost=6351.45..6351.46 rows=1 width=149) (actual time=29.981..29.983 rows=2 loops=1)
Sort  (cost=6351.45..6351.46 rows=1 width=149) (actual time=29.249..29.251 rows=1 loops=1)
Sort  (cost=6351.45..6351.46 rows=1 width=149) (actual time=29.337..29.339 rows=2 loops=1)
Nested Loop  (cost=0.00..6351.15 rows=1 width=21) (actual time=4.442..25.086 rows=2 loops=1)
Sort  (cost=6351.45..6351.46 rows=1 width=149) (actual time=29.499..29.501 rows=1 loops=1)
Nested Loop  (cost=0.00..6351.15 rows=1 width=21) (actual time=3.120..24.984 rows=2 loops=1)
Nested Loop  (cost=0.00..6351.15 rows=1 width=21) (actual time=10.056..25.556 rows=2 loops=1)
Sort  (cost=6351.45..6351.46 rows=1 width=149) (actual time=35.755..35.757 rows=1 loops=1)
Nested Loop  (cost=0.00..6351.15 rows=1 width=158) (actual time=5.895..25.137 rows=2 loops=1)
Nested Loop  (cost=0.00..6351.15 rows=1 width=21) (actual time=12.497..24.938 rows=2 loops=1)
Nested Loop  (cost=0.00..6351.47 rows=1 width=158) (actual time=15.396..25.032 rows=1 loops=1)
Sort  (cost=6351.45..6351.46 rows=1 width=149) (actual time=29.443..29.444 rows=1 loops=1)
Nested Loop  (cost=0.00..6351.82 rows=1 width=21) (actual time=2.153..25.573 rows=4 loops=1)
Nested Loop  (cost=0.00..6351.15 rows=1 width=158) (actual time=11.326..24.448 rows=2 loops=1)
Nested Loop  (cost=0.00..6351.15 rows=1 width=21) (actual time=7.742..24.541 rows=2 loops=1)
Nested Loop  (cost=0.00..6351.15 rows=1 width=158) (actual time=15.273..24.321 rows=2 loops=1)
Nested Loop  (cost=0.00..6351.15 rows=1 width=21) (actual time=2.447..25.714 rows=2 loops=1)
Sort  (cost=6351.45..6351.46 rows=1 width=149) (actual time=27.983..27.985 rows=1 loops=1)
Nested Loop  (cost=0.00..6351.15 rows=1 width=21) (actual time=12.686..24.584 rows=2 loops=1)
Sort  (cost=6351.45..6351.46 rows=1 width=149) (actual time=29.076..29.077 rows=1 loops=1)
Nested Loop  (cost=0.00..6351.15 rows=1 width=403) (actual time=14.223..24.701 rows=1 loops=1)
Sort  (cost=6351.45..6351.46 rows=1 width=149) (actual time=30.109..30.110 rows=2 loops=1)
Nested Loop  (cost=0.00..6351.15 rows=1 width=21) (actual time=5.706..24.976 rows=2 loops=1)
Sort  (cost=6351.45..6351.46 rows=1 width=149) (actual time=31.728..31.730 rows=2 loops=1)
Nested Loop  (cost=0.00..6351.15 rows=1 width=21) (actual time=3.899..24.358 rows=3 loops=1)
Nested Loop  (cost=0.00..6351.15 rows=1 width=158) (actual time=1.746..24.375 rows=1 loops=1)
Nested Loop  (cost=0.00..6351.15 rows=1 width=21) (actual time=16.072..25.260 rows=2 loops=1)
Nested Loop  (cost=0.00..6351.67 rows=1 width=158) (actual time=5.141..25.325 rows=1 loops=1)
Sort  (cost=6351.45..6351.46 rows=1 width=149) (actual time=28.550..28.552 rows=1 loops=1)
Nested Loop  (cost=0.00..6351.15 rows=1 width=21) (actual time=9.623..24.982 rows=3 loops=1)
Sort  (cost=6351.45..6351.46 rows=1 width=149) (actual time=29.015..29.017 rows=1 loops=1)
Nested Loop  (cost=0.00..6351.15 rows=1 width=403) (actual time=2.346..24.868 rows=1 loops=1)
Sort  (cost=6351.45..6351.46 rows=1 width=149) (actual time=30.060..30.062 rows=4 loops=1)
Sort  (cost=6351.45..6351.46 rows=1 width=149) (actual time=29.836..29.838 rows=3 loops=1)
Nested Loop  (cost=0.00..6351.53 rows=1 width=158) (actual time=10.001..24.887 rows=5 loops=1)
Nested Loop  (cost=0.00..6351.69 rows=1 width=21) (actual time=12.093..25.572 rows=4 loops=1)
Nested Loop  (cost=0.00..6352.84 rows=1 width=21) (actual time=2.391..25.849 rows=6 loops=1)
Sort  (cost=6351.45..6351.46 rows=1 width=149) (actual time=28.938..28.940 rows=1 loops=1)
Sort  (cost=6351.45..6351.46 rows=1 width=149) (actual time=29.981..29.983 rows=6 loops=1)
Sort  (cost=6351.45..6351.46 rows=1 width=149) (actual time=40.588..40.590 rows=1 loops=1)
Nested Loop  (cost=0.00..6351.15 rows=1 width=21) (actual time=6.353..24.514 rows=2 loops=1)
Nested Loop  (cost=0.00..6351.15 rows=1 width=158) (actual time=21.856..24.473 rows=1 loops=1)
Sort  (cost=6351.45..6351.46 rows=1 width=149) (actual time=28.603..28.605 rows=2 loops=1)
Nested Loop  (cost=0.00..6351.15 rows=1 width=21) (actual time=18.142..24.828 rows=2 loops=1)
Nested Loop  (cost=0.00..6351.84 rows=1 width=21) (actual time=0.516..33.820 rows=3 loops=1)
Nested Loop  (cost=0.00..6351.15 rows=1 width=21) (actual time=3.636..27.393 rows=2 loops=1)
Nested Loop  (cost=0.00..6351.15 rows=1 width=21) (actual time=1.575..25.170 rows=2 loops=1)
Sort  (cost=6351.45..6351.46 rows=1 width=149) (actual time=29.156..29.158 rows=6 loops=1)
Nested Loop  (cost=0.00..6351.15 rows=1 width=403) (actual time=10.865..24.479 rows=1 loops=1)
Sort  (cost=6351.45..6351.46 rows=1 width=149) (actual time=29.914..29.916 rows=1 loops=1)
Nested Loop  (cost=0.00..6351.35 rows=1 width=21) (actual time=9.381..24.894 rows=3 loops=1)
Nested Loop  (cost=0.00..6351.40 rows=1 width=21) (actual time=1.339..25.523 rows=2 loops=1)
Nested Loop  (cost=0.00..6351.15 rows=1 width=21) (actual time=5.205..24.963 rows=2 loops=1)
Nested Loop  (cost=0.00..6351.47 rows=1 width=158) (actual time=23.617..24.842 rows=1 loops=1)
Nested Loop  (cost=0.00..6351.47 rows=1 width=403) (actual time=23.569..24.795 rows=1 loops=1)
Nested Loop  (cost=0.00..6351.15 rows=1 width=158) (actual time=2.353..24.787 rows=3 loops=1)
Nested Loop  (cost=0.00..6351.15 rows=1 width=403) (actual time=2.310..27.808 rows=3 loops=1)
Nested Loop  (cost=0.00..6351.15 rows=1 width=158) (actual time=4.557..26.022 rows=2 loops=1)
Nested Loop  (cost=0.00..6351.40 rows=1 width=21) (actual time=14.499..25.922 rows=3 loops=1)
Nested Loop  (cost=0.00..6351.15 rows=1 width=158) (actual time=4.146..29.060 rows=1 loops=1)
Sort  (cost=6351.45..6351.46 rows=1 width=149) (actual time=32.511..32.513 rows=3 loops=1)
Nested Loop  (cost=0.00..6351.58 rows=1 width=21) (actual time=10.118..27.295 rows=4 loops=1)
Sort  (cost=6351.45..6351.46 rows=1 width=149) (actual time=29.354..29.356 rows=3 loops=1)
Nested Loop  (cost=0.00..6351.15 rows=1 width=21) (actual time=2.098..24.853 rows=2 loops=1)
Nested Loop  (cost=0.00..6351.15 rows=1 width=21) (actual time=5.363..25.075 rows=2 loops=1)
Nested Loop  (cost=0.00..6351.76 rows=1 width=158) (actual time=16.346..25.205 rows=4 loops=1)
Sort  (cost=6351.45..6351.46 rows=1 width=149) (actual time=29.319..29.320 rows=1 loops=1)
Nested Loop  (cost=0.00..6351.40 rows=1 width=21) (actual time=2.440..24.421 rows=2 loops=1)
Nested Loop  (cost=0.00..6351.38 rows=1 width=21) (actual time=2.185..25.848 rows=3 loops=1)
Nested Loop  (cost=0.00..6351.15 rows=1 width=21) (actual time=9.076..24.434 rows=2 loops=1)
Sort  (cost=6352.94..6352.95 rows=1 width=149) (actual time=30.407..30.409 rows=5 loops=1)
Nested Loop  (cost=0.00..6351.15 rows=1 width=403) (actual time=8.733..24.960 rows=2 loops=1)
Nested Loop  (cost=0.00..6351.15 rows=1 width=21) (actual time=8.094..24.746 rows=2 loops=1)
Nested Loop  (cost=0.00..6351.15 rows=1 width=158) (actual time=1.587..24.752 rows=1 loops=1)
Nested Loop  (cost=0.00..6351.53 rows=1 width=21) (actual time=13.061..25.140 rows=4 loops=1)
Nested Loop  (cost=0.00..6351.76 rows=1 width=21) (actual time=9.096..25.337 rows=5 loops=1)
Nested Loop  (cost=0.00..6351.73 rows=1 width=21) (actual time=8.725..25.128 rows=4 loops=1)
Nested Loop  (cost=0.00..6351.64 rows=1 width=21) (actual time=4.113..25.105 rows=6 loops=1)
Nested Loop  (cost=0.00..6351.76 rows=1 width=158) (actual time=8.002..27.318 rows=2 loops=1)
Nested Loop  (cost=0.00..6351.56 rows=1 width=21) (actual time=9.196..24.960 rows=5 loops=1)
Nested Loop  (cost=0.00..6351.15 rows=1 width=158) (actual time=5.191..24.343 rows=1 loops=1)
Nested Loop  (cost=0.00..6352.84 rows=1 width=21) (actual time=2.335..25.763 rows=7 loops=1)
Nested Loop  (cost=0.00..6351.82 rows=1 width=21) (actual time=5.973..24.986 rows=4 loops=1)
Sort  (cost=6351.45..6351.46 rows=1 width=149) (actual time=28.953..28.954 rows=1 loops=1)
Sort  (cost=6351.45..6351.46 rows=1 width=149) (actual time=29.127..29.129 rows=2 loops=1)
Nested Loop  (cost=0.00..6352.84 rows=1 width=21) (actual time=3.588..26.396 rows=10 loops=1)
Sort  (cost=6351.45..6351.46 rows=1 width=149) (actual time=33.908..33.910 rows=4 loops=1)
Nested Loop  (cost=0.00..6351.15 rows=1 width=21) (actual time=12.063..24.929 rows=3 loops=1)
Nested Loop  (cost=0.00..6352.64 rows=1 width=21) (actual time=1.729..25.806 rows=13 loops=1)
Sort  (cost=6351.45..6351.46 rows=1 width=149) (actual time=29.591..29.593 rows=2 loops=1)
Nested Loop  (cost=0.00..6351.15 rows=1 width=158) (actual time=24.437..24.573 rows=1 loops=1)
Sort  (cost=6351.45..6351.46 rows=1 width=149) (actual time=29.455..29.457 rows=5 loops=1)
Nested Loop  (cost=0.00..6351.15 rows=1 width=403) (actual time=11.739..24.824 rows=1 loops=1)
Nested Loop  (cost=0.00..6351.15 rows=1 width=21) (actual time=14.171..24.938 rows=2 loops=1)
Sort  (cost=6351.45..6351.46 rows=1 width=149) (actual time=29.175..29.176 rows=1 loops=1)
Nested Loop  (cost=0.00..6351.15 rows=1 width=21) (actual time=13.950..25.102 rows=2 loops=1)
Sort  (cost=6351.45..6351.46 rows=1 width=149) (actual time=29.426..29.427 rows=4 loops=1)
Nested Loop  (cost=0.00..6351.15 rows=1 width=21) (actual time=7.187..25.150 rows=2 loops=1)
Nested Loop  (cost=0.00..6351.15 rows=1 width=21) (actual time=7.053..24.719 rows=2 loops=1)
Nested Loop  (cost=0.00..6351.15 rows=1 width=21) (actual time=11.556..25.135 rows=3 loops=1)
Nested Loop  (cost=0.00..6351.47 rows=1 width=21) (actual time=3.733..25.194 rows=5 loops=1)
Nested Loop  (cost=0.00..6351.15 rows=1 width=21) (actual time=15.148..26.629 rows=2 loops=1)
Sort  (cost=6351.45..6351.46 rows=1 width=149) (actual time=29.930..29.932 rows=1 loops=1)
Nested Loop  (cost=0.00..6352.84 rows=1 width=21) (actual time=2.368..26.396 rows=6 loops=1)
Sort  (cost=6351.45..6351.46 rows=1 width=149) (actual time=33.471..33.473 rows=1 loops=1)
Sort  (cost=6351.45..6351.46 rows=1 width=149) (actual time=34.594..34.596 rows=1 loops=1)
Sort  (cost=6351.45..6351.46 rows=1 width=149) (actual time=32.970..32.972 rows=5 loops=1)
Nested Loop  (cost=0.00..6351.15 rows=1 width=158) (actual time=3.679..24.618 rows=1 loops=1)
Nested Loop  (cost=0.00..6351.15 rows=1 width=403) (actual time=3.585..24.539 rows=1 loops=1)
Nested Loop  (cost=0.00..6351.15 rows=1 width=21) (actual time=9.302..24.721 rows=2 loops=1)
Nested Loop  (cost=0.00..6351.73 rows=1 width=158) (actual time=24.821..25.444 rows=1 loops=1)
Nested Loop  (cost=0.00..6351.73 rows=1 width=403) (actual time=25.615..26.236 rows=1 loops=1)
Sort  (cost=6351.45..6351.46 rows=1 width=149) (actual time=31.722..31.723 rows=2 loops=1)
Nested Loop  (cost=0.00..6351.35 rows=1 width=21) (actual time=0.174..24.551 rows=2 loops=1)
Sort  (cost=6351.45..6351.46 rows=1 width=149) (actual time=28.831..28.833 rows=1 loops=1)
Nested Loop  (cost=0.00..6351.15 rows=1 width=158) (actual time=1.303..25.081 rows=1 loops=1)
Sort  (cost=6351.45..6351.46 rows=1 width=149) (actual time=29.125..29.126 rows=1 loops=1)
Nested Loop  (cost=0.00..6351.15 rows=1 width=21) (actual time=6.227..24.613 rows=2 loops=1)
Nested Loop  (cost=0.00..6351.15 rows=1 width=21) (actual time=13.251..24.741 rows=3 loops=1)
Nested Loop  (cost=0.00..6351.38 rows=1 width=21) (actual time=1.562..26.497 rows=4 loops=1)
Sort  (cost=6351.45..6351.46 rows=1 width=149) (actual time=29.506..29.508 rows=2 loops=1)
Nested Loop  (cost=0.00..6351.15 rows=1 width=21) (actual time=4.590..25.632 rows=2 loops=1)
Nested Loop  (cost=0.00..6351.15 rows=1 width=158) (actual time=6.289..25.114 rows=1 loops=1)
Nested Loop  (cost=0.00..6351.15 rows=1 width=21) (actual time=4.841..24.318 rows=3 loops=1)
Nested Loop  (cost=0.00..6351.15 rows=1 width=21) (actual time=6.838..24.597 rows=2 loops=1)
Nested Loop  (cost=0.00..6351.47 rows=1 width=21) (actual time=4.421..27.465 rows=5 loops=1)
Sort  (cost=6351.45..6351.46 rows=1 width=149) (actual time=40.139..40.141 rows=1 loops=1)
Nested Loop  (cost=0.00..6351.15 rows=1 width=403) (actual time=19.961..24.787 rows=1 loops=1)
Nested Loop  (cost=0.00..6351.15 rows=1 width=158) (actual time=12.913..25.015 rows=2 loops=1)
Nested Loop  (cost=0.00..6351.49 rows=1 width=21) (actual time=7.853..25.259 rows=3 loops=1)
Sort  (cost=6351.45..6351.46 rows=1 width=149) (actual time=28.900..28.903 rows=6 loops=1)
Nested Loop  (cost=0.00..6351.15 rows=1 width=21) (actual time=5.197..24.679 rows=2 loops=1)
Nested Loop  (cost=0.00..6351.15 rows=1 width=21) (actual time=13.172..24.335 rows=2 loops=1)
Nested Loop  (cost=0.00..6351.15 rows=1 width=21) (actual time=11.701..24.647 rows=2 loops=1)
Nested Loop  (cost=0.00..6351.69 rows=1 width=158) (actual time=10.043..24.997 rows=3 loops=1)
Nested Loop  (cost=0.00..6351.15 rows=1 width=21) (actual time=24.715..24.993 rows=2 loops=1)
Nested Loop  (cost=0.00..6351.15 rows=1 width=158) (actual time=24.225..24.630 rows=1 loops=1)
Nested Loop  (cost=0.00..6351.15 rows=1 width=21) (actual time=9.000..25.119 rows=2 loops=1)
Nested Loop  (cost=0.00..6351.15 rows=1 width=21) (actual time=1.394..25.456 rows=2 loops=1)
Nested Loop  (cost=0.00..6351.58 rows=1 width=21) (actual time=6.472..25.283 rows=2 loops=1)
Nested Loop  (cost=0.00..6351.15 rows=1 width=21) (actual time=6.055..24.774 rows=2 loops=1)
Nested Loop  (cost=0.00..6351.15 rows=1 width=158) (actual time=3.976..24.784 rows=1 loops=1)
Nested Loop  (cost=0.00..6351.84 rows=1 width=21) (actual time=4.429..25.306 rows=4 loops=1)
Nested Loop  (cost=0.00..6351.84 rows=1 width=21) (actual time=4.589..25.538 rows=7 loops=1)
Sort  (cost=6351.45..6351.46 rows=1 width=149) (actual time=29.741..29.744 rows=6 loops=1)
Nested Loop  (cost=0.00..6351.76 rows=1 width=21) (actual time=13.271..24.730 rows=4 loops=1)
Nested Loop  (cost=0.00..6351.15 rows=1 width=158) (actual time=19.110..24.124 rows=1 loops=1)
Nested Loop  (cost=0.00..6351.15 rows=1 width=21) (actual time=8.529..24.678 rows=2 loops=1)
Nested Loop  (cost=0.00..6351.15 rows=1 width=21) (actual time=1.749..24.162 rows=2 loops=1)
Nested Loop  (cost=0.00..6351.15 rows=1 width=158) (actual time=8.900..24.526 rows=1 loops=1)
Nested Loop  (cost=0.00..6351.15 rows=1 width=21) (actual time=6.074..24.471 rows=2 loops=1)
Nested Loop  (cost=0.00..6351.90 rows=1 width=21) (actual time=6.142..25.285 rows=5 loops=1)
Nested Loop  (cost=0.00..6351.15 rows=1 width=21) (actual time=10.103..25.017 rows=3 loops=1)
Sort  (cost=6351.45..6351.46 rows=1 width=149) (actual time=29.300..29.302 rows=1 loops=1)
Sort  (cost=6351.45..6351.46 rows=1 width=149) (actual time=41.669..41.674 rows=1 loops=1)
Nested Loop  (cost=0.00..6351.15 rows=1 width=21) (actual time=6.234..24.108 rows=2 loops=1)
Nested Loop  (cost=0.00..6351.15 rows=1 width=158) (actual time=6.205..24.391 rows=1 loops=1)
Sort  (cost=6351.45..6351.46 rows=1 width=149) (actual time=29.280..29.282 rows=2 loops=1)
Sort  (cost=6351.45..6351.46 rows=1 width=149) (actual time=29.984..29.986 rows=1 loops=1)
Nested Loop  (cost=0.00..6351.15 rows=1 width=403) (actual time=16.754..24.870 rows=1 loops=1)
Sort  (cost=6351.45..6351.46 rows=1 width=149) (actual time=29.170..29.172 rows=2 loops=1)
Nested Loop  (cost=0.00..6351.40 rows=1 width=21) (actual time=2.503..25.027 rows=2 loops=1)
Sort  (cost=6351.45..6351.46 rows=1 width=149) (actual time=29.062..29.064 rows=1 loops=1)
Nested Loop  (cost=0.00..6351.15 rows=1 width=158) (actual time=14.548..24.895 rows=2 loops=1)
Sort  (cost=6351.45..6351.46 rows=1 width=149) (actual time=29.491..29.493 rows=3 loops=1)
Nested Loop  (cost=0.00..6351.15 rows=1 width=21) (actual time=5.280..24.854 rows=3 loops=1)
Nested Loop  (cost=0.00..6351.15 rows=1 width=158) (actual time=4.411..25.257 rows=1 loops=1)
Nested Loop  (cost=0.00..6351.15 rows=1 width=21) (actual time=8.018..36.153 rows=2 loops=1)
Nested Loop  (cost=0.00..6351.15 rows=1 width=21) (actual time=7.530..24.523 rows=2 loops=1)
Nested Loop  (cost=0.00..6351.84 rows=1 width=21) (actual time=4.419..25.513 rows=4 loops=1)
Nested Loop  (cost=0.00..6351.15 rows=1 width=21) (actual time=2.993..26.092 rows=2 loops=1)
Nested Loop  (cost=0.00..6351.15 rows=1 width=158) (actual time=11.042..25.317 rows=1 loops=1)
Nested Loop  (cost=0.00..6351.15 rows=1 width=21) (actual time=11.721..25.441 rows=2 loops=1)
Sort  (cost=6351.45..6351.46 rows=1 width=149) (actual time=29.390..29.392 rows=1 loops=1)
Nested Loop  (cost=0.00..6351.15 rows=1 width=21) (actual time=9.592..24.855 rows=2 loops=1)
Sort  (cost=6351.45..6351.46 rows=1 width=149) (actual time=29.364..29.366 rows=1 loops=1)
Nested Loop  (cost=0.00..6351.44 rows=1 width=158) (actual time=5.224..27.943 rows=3 loops=1)
Nested Loop  (cost=0.00..6351.47 rows=1 width=21) (actual time=3.823..29.686 rows=3 loops=1)
Nested Loop  (cost=0.00..6351.15 rows=1 width=21) (actual time=22.341..28.720 rows=2 loops=1)
Sort  (cost=6351.45..6351.46 rows=1 width=149) (actual time=29.334..29.336 rows=1 loops=1)
Sort  (cost=6351.45..6351.46 rows=1 width=149) (actual time=29.562..29.564 rows=2 loops=1)
Sort  (cost=6351.45..6351.46 rows=1 width=149) (actual time=28.836..28.838 rows=1 loops=1)
Nested Loop  (cost=0.00..6351.40 rows=1 width=21) (actual time=3.233..25.524 rows=2 loops=1)
Nested Loop  (cost=0.00..6351.15 rows=1 width=21) (actual time=19.402..33.035 rows=2 loops=1)
Sort  (cost=6351.45..6351.46 rows=1 width=149) (actual time=28.905..28.906 rows=1 loops=1)
Sort  (cost=6351.45..6351.46 rows=1 width=149) (actual time=29.179..29.180 rows=1 loops=1)
Nested Loop  (cost=0.00..6351.58 rows=1 width=21) (actual time=14.433..25.201 rows=2 loops=1)
Nested Loop  (cost=0.00..6351.15 rows=1 width=21) (actual time=4.098..24.913 rows=3 loops=1)
Nested Loop  (cost=0.00..6351.69 rows=1 width=158) (actual time=12.431..25.212 rows=4 loops=1)
Nested Loop  (cost=0.00..6351.15 rows=1 width=21) (actual time=8.850..24.885 rows=2 loops=1)
Sort  (cost=6351.45..6351.46 rows=1 width=149) (actual time=30.072..30.074 rows=5 loops=1)
Nested Loop  (cost=0.00..6351.15 rows=1 width=158) (actual time=17.180..24.813 rows=1 loops=1)
Nested Loop  (cost=0.00..6351.47 rows=1 width=21) (actual time=12.561..25.531 rows=3 loops=1)
Nested Loop  (cost=0.00..6351.15 rows=1 width=21) (actual time=12.522..24.625 rows=2 loops=1)
Sort  (cost=6362.35..6362.36 rows=1 width=149) (actual time=30.968..30.974 rows=47 loops=1)
Nested Loop  (cost=0.00..6351.15 rows=1 width=403) (actual time=14.437..24.937 rows=1 loops=1)
Nested Loop  (cost=0.00..6351.15 rows=1 width=21) (actual time=13.639..24.888 rows=2 loops=1)
Sort  (cost=6351.45..6351.46 rows=1 width=149) (actual time=30.535..30.537 rows=10 loops=1)
Nested Loop  (cost=0.00..6351.15 rows=1 width=21) (actual time=1.435..23.921 rows=2 loops=1)
Sort  (cost=6351.45..6351.46 rows=1 width=149) (actual time=31.848..31.850 rows=1 loops=1)
Nested Loop  (cost=0.00..6351.78 rows=1 width=21) (actual time=2.976..24.978 rows=7 loops=1)
Nested Loop  (cost=0.00..6351.15 rows=1 width=21) (actual time=3.201..25.097 rows=5 loops=1)
Nested Loop  (cost=0.00..6351.15 rows=1 width=21) (actual time=10.660..24.765 rows=2 loops=1)
Nested Loop  (cost=0.00..6351.15 rows=1 width=21) (actual time=21.040..25.115 rows=2 loops=1)
Nested Loop  (cost=0.00..6351.40 rows=1 width=158) (actual time=0.418..25.337 rows=3 loops=1)
Nested Loop  (cost=0.00..6351.15 rows=1 width=158) (actual time=17.616..25.065 rows=2 loops=1)
Sort  (cost=6351.45..6351.46 rows=1 width=149) (actual time=29.021..29.023 rows=2 loops=1)
Nested Loop  (cost=0.00..6351.15 rows=1 width=21) (actual time=12.574..24.991 rows=2 loops=1)
Nested Loop  (cost=0.00..6351.53 rows=1 width=21) (actual time=2.529..25.732 rows=2 loops=1)
Nested Loop  (cost=0.00..6351.84 rows=1 width=158) (actual time=12.969..25.318 rows=4 loops=1)
Sort  (cost=6351.45..6351.46 rows=1 width=149) (actual time=28.468..28.470 rows=1 loops=1)
Sort  (cost=6351.45..6351.46 rows=1 width=149) (actual time=30.287..30.289 rows=6 loops=1)
Nested Loop  (cost=0.00..6351.15 rows=1 width=21) (actual time=11.478..24.990 rows=2 loops=1)
Nested Loop  (cost=0.00..6351.53 rows=1 width=21) (actual time=3.397..25.527 rows=6 loops=1)
Nested Loop  (cost=0.00..6351.35 rows=1 width=21) (actual time=6.811..26.201 rows=3 loops=1)
Nested Loop  (cost=0.00..6351.15 rows=1 width=158) (actual time=20.601..25.095 rows=1 loops=1)
Sort  (cost=6351.45..6351.46 rows=1 width=149) (actual time=28.774..28.776 rows=2 loops=1)
Nested Loop  (cost=0.00..6351.15 rows=1 width=21) (actual time=0.355..24.713 rows=2 loops=1)
Sort  (cost=6352.89..6352.90 rows=1 width=149) (actual time=30.109..30.111 rows=6 loops=1)
Nested Loop  (cost=0.00..6351.15 rows=1 width=21) (actual time=3.532..27.405 rows=2 loops=1)
Sort  (cost=6351.45..6351.46 rows=1 width=149) (actual time=28.674..28.677 rows=5 loops=1)
Nested Loop  (cost=0.00..6351.58 rows=1 width=21) (actual time=17.584..24.842 rows=2 loops=1)
Nested Loop  (cost=0.00..6351.15 rows=1 width=21) (actual time=9.723..25.038 rows=2 loops=1)
Nested Loop  (cost=0.00..6351.15 rows=1 width=21) (actual time=12.907..24.984 rows=2 loops=1)
Sort  (cost=6351.45..6351.46 rows=1 width=149) (actual time=28.420..28.422 rows=1 loops=1)
Nested Loop  (cost=0.00..6351.15 rows=1 width=21) (actual time=4.331..24.725 rows=2 loops=1)
Nested Loop  (cost=0.00..6351.15 rows=1 width=21) (actual time=15.184..24.896 rows=2 loops=1)
Nested Loop  (cost=0.00..6351.15 rows=1 width=158) (actual time=11.166..24.807 rows=1 loops=1)
Nested Loop  (cost=0.00..6351.69 rows=1 width=158) (actual time=2.828..30.833 rows=3 loops=1)
Nested Loop  (cost=0.00..6351.76 rows=1 width=158) (actual time=8.150..25.068 rows=3 loops=1)
Nested Loop  (cost=0.00..6351.64 rows=1 width=158) (actual time=0.244..25.546 rows=2 loops=1)
Nested Loop  (cost=0.00..6351.15 rows=1 width=21) (actual time=5.970..25.146 rows=3 loops=1)
Sort  (cost=6351.45..6351.46 rows=1 width=149) (actual time=32.522..32.524 rows=1 loops=1)
Nested Loop  (cost=0.00..6351.15 rows=1 width=403) (actual time=0.493..24.729 rows=1 loops=1)
Sort  (cost=6351.45..6351.46 rows=1 width=149) (actual time=29.307..29.309 rows=1 loops=1)
Nested Loop  (cost=0.00..6351.90 rows=1 width=21) (actual time=6.421..33.512 rows=5 loops=1)
Nested Loop  (cost=0.00..6351.15 rows=1 width=21) (actual time=16.558..25.344 rows=2 loops=1)
Nested Loop  (cost=0.00..6351.15 rows=1 width=21) (actual time=14.051..25.167 rows=2 loops=1)
Nested Loop  (cost=0.00..6351.15 rows=1 width=21) (actual time=6.277..24.818 rows=2 loops=1)
Nested Loop  (cost=0.00..6352.84 rows=1 width=21) (actual time=1.782..26.305 rows=9 loops=1)
Nested Loop  (cost=0.00..6351.15 rows=1 width=21) (actual time=11.708..25.358 rows=2 loops=1)
Nested Loop  (cost=0.00..6351.38 rows=1 width=21) (actual time=2.330..25.161 rows=3 loops=1)
Nested Loop  (cost=0.00..6351.38 rows=1 width=21) (actual time=4.451..24.284 rows=4 loops=1)
Nested Loop  (cost=0.00..6351.56 rows=1 width=158) (actual time=1.602..24.555 rows=2 loops=1)
Nested Loop  (cost=0.00..6351.56 rows=1 width=403) (actual time=1.556..25.115 rows=2 loops=1)
Nested Loop  (cost=0.00..6351.15 rows=1 width=21) (actual time=18.955..24.983 rows=2 loops=1)
Nested Loop  (cost=0.00..6351.49 rows=1 width=21) (actual time=6.718..25.423 rows=3 loops=1)
Sort  (cost=6351.45..6351.46 rows=1 width=149) (actual time=28.313..28.315 rows=1 loops=1)
Nested Loop  (cost=0.00..6351.15 rows=1 width=21) (actual time=13.351..25.235 rows=2 loops=1)
Nested Loop  (cost=0.00..6351.15 rows=1 width=21) (actual time=13.724..25.043 rows=2 loops=1)
Nested Loop  (cost=0.00..6353.26 rows=1 width=21) (actual time=4.933..26.469 rows=8 loops=1)
Nested Loop  (cost=0.00..6352.84 rows=1 width=158) (actual time=2.354..27.526 rows=7 loops=1)
Sort  (cost=6351.45..6351.46 rows=1 width=149) (actual time=29.101..29.102 rows=1 loops=1)
Nested Loop  (cost=0.00..6351.15 rows=1 width=21) (actual time=2.638..25.093 rows=2 loops=1)
Nested Loop  (cost=0.00..6351.15 rows=1 width=21) (actual time=8.620..25.020 rows=2 loops=1)
Nested Loop  (cost=0.00..6351.15 rows=1 width=158) (actual time=15.676..24.858 rows=1 loops=1)
Nested Loop  (cost=0.00..6351.15 rows=1 width=403) (actual time=15.604..24.815 rows=1 loops=1)
Nested Loop  (cost=0.00..6351.15 rows=1 width=21) (actual time=15.861..24.234 rows=2 loops=1)
Sort  (cost=6351.45..6351.46 rows=1 width=149) (actual time=31.921..31.923 rows=1 loops=1)
Nested Loop  (cost=0.00..6351.47 rows=1 width=21) (actual time=18.831..24.735 rows=2 loops=1)
Sort  (cost=6351.45..6351.46 rows=1 width=149) (actual time=29.616..29.618 rows=3 loops=1)
Nested Loop  (cost=0.00..6351.15 rows=1 width=21) (actual time=4.541..25.013 rows=3 loops=1)
Sort  (cost=6351.45..6351.46 rows=1 width=149) (actual time=29.290..29.291 rows=1 loops=1)
Nested Loop  (cost=0.00..6351.15 rows=1 width=158) (actual time=3.452..25.169 rows=1 loops=1)
Nested Loop  (cost=0.00..6351.15 rows=1 width=21) (actual time=3.303..24.219 rows=2 loops=1)
Nested Loop  (cost=0.00..6351.15 rows=1 width=21) (actual time=13.711..24.414 rows=2 loops=1)
Nested Loop  (cost=0.00..6351.15 rows=1 width=158) (actual time=14.756..24.388 rows=1 loops=1)
Sort  (cost=6351.45..6351.46 rows=1 width=149) (actual time=29.312..29.313 rows=1 loops=1)
Nested Loop  (cost=0.00..6351.69 rows=1 width=21) (actual time=4.269..25.593 rows=6 loops=1)
Nested Loop  (cost=0.00..6351.15 rows=1 width=21) (actual time=11.433..24.837 rows=2 loops=1)
Nested Loop  (cost=0.00..6351.69 rows=1 width=21) (actual time=6.287..26.145 rows=3 loops=1)
Nested Loop  (cost=0.00..6351.56 rows=1 width=21) (actual time=3.668..25.608 rows=4 loops=1)
Nested Loop  (cost=0.00..6351.15 rows=1 width=158) (actual time=7.416..25.197 rows=1 loops=1)
Nested Loop  (cost=0.00..6351.15 rows=1 width=21) (actual time=5.701..24.986 rows=4 loops=1)
Nested Loop  (cost=0.00..6351.64 rows=1 width=21) (actual time=1.825..25.148 rows=7 loops=1)
Sort  (cost=6351.45..6351.46 rows=1 width=149) (actual time=29.490..29.492 rows=2 loops=1)
Nested Loop  (cost=0.00..6351.15 rows=1 width=158) (actual time=13.099..25.070 rows=3 loops=1)
Sort  (cost=6351.45..6351.46 rows=1 width=149) (actual time=29.244..29.246 rows=1 loops=1)
Sort  (cost=6351.45..6351.46 rows=1 width=149) (actual time=29.075..29.077 rows=1 loops=1)
Nested Loop  (cost=0.00..6351.15 rows=1 width=21) (actual time=7.551..32.526 rows=2 loops=1)
Sort  (cost=6351.45..6351.46 rows=1 width=149) (actual time=31.018..31.020 rows=10 loops=1)
Nested Loop  (cost=0.00..6352.64 rows=1 width=21) (actual time=9.325..26.911 rows=7 loops=1)
Nested Loop  (cost=0.00..6351.82 rows=1 width=21) (actual time=3.112..26.189 rows=5 loops=1)
Nested Loop  (cost=0.00..6351.44 rows=1 width=21) (actual time=4.500..24.888 rows=3 loops=1)
Nested Loop  (cost=0.00..6351.15 rows=1 width=21) (actual time=6.438..24.956 rows=3 loops=1)
Nested Loop  (cost=0.00..6351.15 rows=1 width=158) (actual time=22.671..25.459 rows=1 loops=1)
Nested Loop  (cost=0.00..6351.15 rows=1 width=158) (actual time=3.964..25.225 rows=2 loops=1)
Nested Loop  (cost=0.00..6351.44 rows=1 width=21) (actual time=5.958..24.841 rows=4 loops=1)
Nested Loop  (cost=0.00..6351.40 rows=1 width=21) (actual time=1.664..25.030 rows=3 loops=1)
Nested Loop  (cost=0.00..6351.73 rows=1 width=21) (actual time=2.843..29.087 rows=3 loops=1)
Sort  (cost=6355.72..6355.73 rows=1 width=149) (actual time=30.441..30.444 rows=24 loops=1)
Nested Loop  (cost=0.00..6351.15 rows=1 width=21) (actual time=5.213..24.734 rows=2 loops=1)
Sort  (cost=6351.45..6351.46 rows=1 width=149) (actual time=30.867..30.869 rows=1 loops=1)
Nested Loop  (cost=0.00..6351.15 rows=1 width=21) (actual time=2.054..24.891 rows=2 loops=1)
Nested Loop  (cost=0.00..6351.15 rows=1 width=158) (actual time=21.383..24.931 rows=1 loops=1)
Nested Loop  (cost=0.00..6351.15 rows=1 width=158) (actual time=9.521..28.097 rows=1 loops=1)
Nested Loop  (cost=0.00..6351.15 rows=1 width=158) (actual time=7.729..25.301 rows=1 loops=1)
Nested Loop  (cost=0.00..6351.15 rows=1 width=21) (actual time=2.401..24.883 rows=2 loops=1)
Nested Loop  (cost=0.00..6351.15 rows=1 width=158) (actual time=3.941..25.639 rows=1 loops=1)
Sort  (cost=6351.45..6351.46 rows=1 width=149) (actual time=29.341..29.342 rows=1 loops=1)
Sort  (cost=6351.45..6351.46 rows=1 width=149) (actual time=28.589..28.591 rows=4 loops=1)
Nested Loop  (cost=0.00..6351.15 rows=1 width=21) (actual time=0.269..24.109 rows=3 loops=1)
Nested Loop  (cost=0.00..6351.15 rows=1 width=21) (actual time=13.185..24.317 rows=2 loops=1)
Nested Loop  (cost=0.00..6351.49 rows=1 width=158) (actual time=30.561..36.950 rows=2 loops=1)
Sort  (cost=6351.45..6351.46 rows=1 width=149) (actual time=29.194..29.196 rows=4 loops=1)
Sort  (cost=6351.45..6351.46 rows=1 width=149) (actual time=29.210..29.212 rows=1 loops=1)
Nested Loop  (cost=0.00..6351.15 rows=1 width=403) (actual time=19.882..24.686 rows=1 loops=1)
Sort  (cost=6351.45..6351.46 rows=1 width=149) (actual time=30.340..30.342 rows=1 loops=1)
Sort  (cost=6351.45..6351.46 rows=1 width=149) (actual time=29.158..29.160 rows=1 loops=1)
Nested Loop  (cost=0.00..6351.15 rows=1 width=21) (actual time=17.903..24.581 rows=2 loops=1)
Sort  (cost=6365.33..6365.33 rows=1 width=149) (actual time=30.286..30.291 rows=62 loops=1)
Nested Loop  (cost=0.00..6351.15 rows=1 width=21) (actual time=23.250..24.879 rows=2 loops=1)
Sort  (cost=6351.45..6351.46 rows=1 width=149) (actual time=29.564..29.565 rows=8 loops=1)
Nested Loop  (cost=0.00..6351.47 rows=1 width=21) (actual time=4.774..25.117 rows=2 loops=1)
Sort  (cost=6356.36..6356.37 rows=1 width=149) (actual time=28.613..28.615 rows=22 loops=1)
Sort  (cost=6351.45..6351.46 rows=1 width=149) (actual time=29.352..29.354 rows=1 loops=1)
Sort  (cost=6351.45..6351.46 rows=1 width=149) (actual time=29.518..29.520 rows=1 loops=1)
Nested Loop  (cost=0.00..6351.78 rows=1 width=21) (actual time=1.527..25.540 rows=4 loops=1)
Sort  (cost=6351.45..6351.46 rows=1 width=149) (actual time=28.816..28.818 rows=1 loops=1)
Nested Loop  (cost=0.00..6351.40 rows=1 width=21) (actual time=7.728..25.273 rows=3 loops=1)
Nested Loop  (cost=0.00..6351.15 rows=1 width=21) (actual time=0.493..25.120 rows=2 loops=1)
Sort  (cost=6351.45..6351.46 rows=1 width=149) (actual time=29.981..29.983 rows=3 loops=1)
Nested Loop  (cost=0.00..6352.84 rows=1 width=158) (actual time=5.883..26.028 rows=11 loops=1)
Nested Loop  (cost=0.00..6352.84 rows=1 width=21) (actual time=4.532..25.638 rows=6 loops=1)
Sort  (cost=6351.45..6351.46 rows=1 width=149) (actual time=30.166..30.169 rows=11 loops=1)
Nested Loop  (cost=0.00..6351.82 rows=1 width=21) (actual time=0.178..26.855 rows=4 loops=1)
Nested Loop  (cost=0.00..6351.47 rows=1 width=21) (actual time=9.260..24.698 rows=2 loops=1)
Nested Loop  (cost=0.00..6351.56 rows=1 width=21) (actual time=3.418..25.127 rows=4 loops=1)
Sort  (cost=6351.45..6351.46 rows=1 width=149) (actual time=33.108..33.110 rows=1 loops=1)
Sort  (cost=6351.45..6351.46 rows=1 width=149) (actual time=32.362..32.364 rows=2 loops=1)
Nested Loop  (cost=0.00..6351.47 rows=1 width=21) (actual time=7.699..24.703 rows=2 loops=1)
Sort  (cost=6351.45..6351.46 rows=1 width=149) (actual time=30.690..30.692 rows=9 loops=1)
Sort  (cost=6353.00..6353.01 rows=1 width=149) (actual time=30.114..30.116 rows=8 loops=1)
Sort  (cost=6351.45..6351.46 rows=1 width=149) (actual time=30.678..30.681 rows=8 loops=1)
Nested Loop  (cost=0.00..6351.58 rows=1 width=158) (actual time=4.624..24.702 rows=3 loops=1)
Nested Loop  (cost=0.00..6351.15 rows=1 width=158) (actual time=6.923..24.437 rows=1 loops=1)
Nested Loop  (cost=0.00..6351.15 rows=1 width=21) (actual time=16.585..24.669 rows=2 loops=1)
Nested Loop  (cost=0.00..6351.15 rows=1 width=158) (actual time=8.545..24.303 rows=2 loops=1)
Nested Loop  (cost=0.00..6351.84 rows=1 width=158) (actual time=7.308..24.859 rows=3 loops=1)
Nested Loop  (cost=0.00..6351.84 rows=1 width=158) (actual time=7.725..26.176 rows=3 loops=1)
Nested Loop  (cost=0.00..6351.15 rows=1 width=158) (actual time=12.145..24.395 rows=1 loops=1)
Sort  (cost=6351.45..6351.46 rows=1 width=149) (actual time=30.788..30.790 rows=1 loops=1)
Nested Loop  (cost=0.00..6351.38 rows=1 width=21) (actual time=12.512..24.927 rows=2 loops=1)
Nested Loop  (cost=0.00..6351.40 rows=1 width=21) (actual time=3.418..24.833 rows=2 loops=1)
Nested Loop  (cost=0.00..6351.35 rows=1 width=21) (actual time=22.575..35.853 rows=5 loops=1)
Nested Loop  (cost=0.00..6351.15 rows=1 width=21) (actual time=2.909..24.559 rows=2 loops=1)
Sort  (cost=6351.45..6351.46 rows=1 width=149) (actual time=29.059..29.061 rows=2 loops=1)
Nested Loop  (cost=0.00..6351.15 rows=1 width=403) (actual time=21.856..25.188 rows=1 loops=1)
Nested Loop  (cost=0.00..6351.15 rows=1 width=21) (actual time=4.219..24.428 rows=2 loops=1)
Sort  (cost=6351.45..6351.46 rows=1 width=149) (actual time=28.838..28.839 rows=1 loops=1)
Nested Loop  (cost=0.00..6351.15 rows=1 width=21) (actual time=5.332..25.141 rows=3 loops=1)
Nested Loop  (cost=0.00..6351.15 rows=1 width=158) (actual time=13.947..24.134 rows=1 loops=1)
Sort  (cost=6355.75..6355.75 rows=1 width=149) (actual time=28.820..28.823 rows=17 loops=1)
Nested Loop  (cost=0.00..6353.26 rows=1 width=21) (actual time=2.544..25.842 rows=14 loops=1)
Sort  (cost=6351.45..6351.46 rows=1 width=149) (actual time=28.351..28.353 rows=2 loops=1)
Nested Loop  (cost=0.00..6351.76 rows=1 width=158) (actual time=3.260..25.737 rows=5 loops=1)
Sort  (cost=6351.45..6351.46 rows=1 width=149) (actual time=29.442..29.444 rows=1 loops=1)
Nested Loop  (cost=0.00..6351.40 rows=1 width=21) (actual time=2.833..36.351 rows=3 loops=1)
Sort  (cost=6351.45..6351.46 rows=1 width=149) (actual time=29.524..29.526 rows=2 loops=1)
Nested Loop  (cost=0.00..6351.69 rows=1 width=158) (actual time=16.215..25.313 rows=3 loops=1)
Nested Loop  (cost=0.00..6351.15 rows=1 width=21) (actual time=3.461..24.929 rows=2 loops=1)
Nested Loop  (cost=0.00..6351.15 rows=1 width=21) (actual time=9.484..24.901 rows=3 loops=1)
Nested Loop  (cost=0.00..6351.38 rows=1 width=158) (actual time=2.590..25.277 rows=1 loops=1)
Nested Loop  (cost=0.00..6353.26 rows=1 width=21) (actual time=1.607..26.291 rows=9 loops=1)
Sort  (cost=6351.45..6351.46 rows=1 width=149) (actual time=28.979..28.980 rows=1 loops=1)
Nested Loop  (cost=0.00..6351.47 rows=1 width=21) (actual time=17.491..24.580 rows=2 loops=1)
Nested Loop  (cost=0.00..6351.40 rows=1 width=21) (actual time=2.059..25.071 rows=2 loops=1)
Sort  (cost=6351.45..6351.46 rows=1 width=149) (actual time=30.701..30.703 rows=1 loops=1)
Nested Loop  (cost=0.00..6351.15 rows=1 width=21) (actual time=2.151..24.408 rows=2 loops=1)
Nested Loop  (cost=0.00..6351.82 rows=1 width=21) (actual time=3.249..24.925 rows=4 loops=1)
Nested Loop  (cost=0.00..6351.84 rows=1 width=21) (actual time=2.001..24.727 rows=3 loops=1)
Sort  (cost=6351.45..6351.46 rows=1 width=149) (actual time=28.231..28.233 rows=1 loops=1)
Nested Loop  (cost=0.00..6351.69 rows=1 width=21) (actual time=9.977..25.156 rows=3 loops=1)
Nested Loop  (cost=0.00..6351.64 rows=1 width=21) (actual time=11.019..24.894 rows=3 loops=1)
Nested Loop  (cost=0.00..6353.26 rows=1 width=21) (actual time=2.212..25.696 rows=15 loops=1)
Nested Loop  (cost=0.00..6351.15 rows=1 width=158) (actual time=2.314..24.404 rows=1 loops=1)
Nested Loop  (cost=0.00..6351.49 rows=1 width=21) (actual time=1.676..25.971 rows=2 loops=1)
Sort  (cost=6351.45..6351.46 rows=1 width=149) (actual time=28.636..28.638 rows=1 loops=1)
Nested Loop  (cost=0.00..6351.15 rows=1 width=403) (actual time=26.191..28.739 rows=1 loops=1)
Nested Loop  (cost=0.00..6351.15 rows=1 width=21) (actual time=4.478..25.050 rows=2 loops=1)
Nested Loop  (cost=0.00..6351.82 rows=1 width=21) (actual time=18.079..25.703 rows=3 loops=1)
Nested Loop  (cost=0.00..6351.56 rows=1 width=21) (actual time=10.747..25.410 rows=3 loops=1)
Sort  (cost=6351.45..6351.46 rows=1 width=149) (actual time=30.954..30.955 rows=2 loops=1)
Nested Loop  (cost=0.00..6351.47 rows=1 width=21) (actual time=2.761..26.285 rows=2 loops=1)
Nested Loop  (cost=0.00..6351.15 rows=1 width=158) (actual time=10.608..24.808 rows=1 loops=1)
Nested Loop  (cost=0.00..6351.15 rows=1 width=158) (actual time=4.718..24.695 rows=2 loops=1)
Sort  (cost=6351.45..6351.46 rows=1 width=149) (actual time=28.834..28.836 rows=1 loops=1)
Nested Loop  (cost=0.00..6351.40 rows=1 width=21) (actual time=6.136..26.940 rows=4 loops=1)
Nested Loop  (cost=0.00..6351.15 rows=1 width=21) (actual time=8.106..24.560 rows=3 loops=1)
Nested Loop  (cost=0.00..6351.15 rows=1 width=158) (actual time=3.143..24.238 rows=1 loops=1)
Nested Loop  (cost=0.00..6351.15 rows=1 width=158) (actual time=14.763..33.580 rows=2 loops=1)
Sort  (cost=6365.33..6365.33 rows=1 width=149) (actual time=30.228..30.234 rows=68 loops=1)
Nested Loop  (cost=0.00..6351.15 rows=1 width=21) (actual time=2.868..25.155 rows=2 loops=1)
Nested Loop  (cost=0.00..6351.15 rows=1 width=21) (actual time=5.883..25.276 rows=2 loops=1)
Nested Loop  (cost=0.00..6352.84 rows=1 width=21) (actual time=1.410..27.569 rows=6 loops=1)
Nested Loop  (cost=0.00..6351.15 rows=1 width=158) (actual time=22.344..25.204 rows=1 loops=1)
Nested Loop  (cost=0.00..6351.15 rows=1 width=21) (actual time=3.782..25.958 rows=2 loops=1)
Nested Loop  (cost=0.00..6351.69 rows=1 width=21) (actual time=10.551..25.134 rows=4 loops=1)
Nested Loop  (cost=0.00..6351.53 rows=1 width=158) (actual time=4.859..28.425 rows=3 loops=1)
Nested Loop  (cost=0.00..6351.78 rows=1 width=21) (actual time=4.907..25.195 rows=2 loops=1)
Nested Loop  (cost=0.00..6351.78 rows=1 width=21) (actual time=4.208..27.485 rows=7 loops=1)
Nested Loop  (cost=0.00..6353.26 rows=1 width=21) (actual time=3.905..26.811 rows=7 loops=1)
Sort  (cost=6355.84..6355.84 rows=1 width=149) (actual time=29.568..29.571 rows=17 loops=1)
Nested Loop  (cost=0.00..6351.76 rows=1 width=21) (actual time=9.824..27.180 rows=3 loops=1)
Nested Loop  (cost=0.00..6351.15 rows=1 width=158) (actual time=22.369..25.063 rows=1 loops=1)
Nested Loop  (cost=0.00..6351.69 rows=1 width=21) (actual time=0.310..25.907 rows=2 loops=1)
Nested Loop  (cost=0.00..6351.15 rows=1 width=158) (actual time=14.642..33.773 rows=1 loops=1)
Sort  (cost=6351.45..6351.46 rows=1 width=149) (actual time=29.341..29.343 rows=1 loops=1)
Nested Loop  (cost=0.00..6351.15 rows=1 width=21) (actual time=18.220..24.763 rows=2 loops=1)
Nested Loop  (cost=0.00..6351.15 rows=1 width=21) (actual time=14.670..24.353 rows=2 loops=1)
Nested Loop  (cost=0.00..6351.15 rows=1 width=158) (actual time=21.569..24.622 rows=1 loops=1)
Nested Loop  (cost=0.00..6351.49 rows=1 width=158) (actual time=19.206..24.959 rows=2 loops=1)
Nested Loop  (cost=0.00..6351.15 rows=1 width=21) (actual time=5.090..25.078 rows=2 loops=1)
Nested Loop  (cost=0.00..6351.15 rows=1 width=21) (actual time=18.585..24.451 rows=2 loops=1)
Sort  (cost=6351.45..6351.46 rows=1 width=149) (actual time=30.058..30.060 rows=1 loops=1)
Nested Loop  (cost=0.00..6351.15 rows=1 width=403) (actual time=5.251..24.367 rows=1 loops=1)
Nested Loop  (cost=0.00..6351.15 rows=1 width=158) (actual time=21.626..24.320 rows=1 loops=1)
Sort  (cost=6351.45..6351.46 rows=1 width=149) (actual time=28.420..28.422 rows=1 loops=1)
Nested Loop  (cost=0.00..6351.15 rows=1 width=21) (actual time=8.747..25.159 rows=2 loops=1)
Nested Loop  (cost=0.00..6351.47 rows=1 width=21) (actual time=9.319..25.159 rows=5 loops=1)
Nested Loop  (cost=0.00..6351.58 rows=1 width=21) (actual time=10.355..25.033 rows=4 loops=1)
Sort  (cost=6351.45..6351.46 rows=1 width=149) (actual time=28.799..28.801 rows=1 loops=1)
Sort  (cost=6351.45..6351.46 rows=1 width=149) (actual time=28.908..28.910 rows=1 loops=1)
Nested Loop  (cost=0.00..6353.26 rows=1 width=158) (actual time=6.487..26.512 rows=12 loops=1)
Sort  (cost=6351.45..6351.46 rows=1 width=149) (actual time=28.946..28.948 rows=2 loops=1)
Nested Loop  (cost=0.00..6351.49 rows=1 width=21) (actual time=6.032..25.080 rows=2 loops=1)
Nested Loop  (cost=0.00..6351.53 rows=1 width=158) (actual time=2.548..24.780 rows=3 loops=1)
Nested Loop  (cost=0.00..6351.53 rows=1 width=403) (actual time=2.568..25.788 rows=3 loops=1)
Nested Loop  (cost=0.00..6351.15 rows=1 width=158) (actual time=10.784..25.049 rows=1 loops=1)
Nested Loop  (cost=0.00..6351.15 rows=1 width=21) (actual time=2.135..24.976 rows=3 loops=1)
Sort  (cost=6351.45..6351.46 rows=1 width=149) (actual time=28.376..28.378 rows=2 loops=1)
Nested Loop  (cost=0.00..6351.67 rows=1 width=21) (actual time=13.381..24.349 rows=4 loops=1)
Sort  (cost=6351.45..6351.46 rows=1 width=149) (actual time=29.383..29.385 rows=3 loops=1)
Nested Loop  (cost=0.00..6351.15 rows=1 width=158) (actual time=18.206..24.854 rows=1 loops=1)
Nested Loop  (cost=0.00..6351.76 rows=1 width=21) (actual time=9.749..26.295 rows=5 loops=1)
Sort  (cost=6351.45..6351.46 rows=1 width=149) (actual time=28.144..28.146 rows=2 loops=1)
Sort  (cost=6351.45..6351.46 rows=1 width=149) (actual time=28.940..28.942 rows=1 loops=1)
Nested Loop  (cost=0.00..6351.76 rows=1 width=21) (actual time=3.287..24.765 rows=3 loops=1)
Nested Loop  (cost=0.00..6351.15 rows=1 width=158) (actual time=18.669..26.986 rows=1 loops=1)
Nested Loop  (cost=0.00..6351.84 rows=1 width=21) (actual time=3.281..27.710 rows=4 loops=1)
Nested Loop  (cost=0.00..6351.35 rows=1 width=158) (actual time=9.727..24.701 rows=1 loops=1)
Nested Loop  (cost=0.00..6351.15 rows=1 width=21) (actual time=7.051..24.753 rows=2 loops=1)
Nested Loop  (cost=0.00..6351.15 rows=1 width=21) (actual time=17.539..25.006 rows=2 loops=1)
Nested Loop  (cost=0.00..6351.15 rows=1 width=21) (actual time=1.882..24.952 rows=3 loops=1)
Sort  (cost=6351.45..6351.46 rows=1 width=149) (actual time=29.022..29.024 rows=2 loops=1)
Sort  (cost=6351.45..6351.46 rows=1 width=149) (actual time=29.195..29.197 rows=1 loops=1)
Nested Loop  (cost=0.00..6351.44 rows=1 width=21) (actual time=7.532..25.095 rows=4 loops=1)
Nested Loop  (cost=0.00..6351.15 rows=1 width=158) (actual time=11.191..24.851 rows=1 loops=1)
Sort  (cost=6351.45..6351.46 rows=1 width=149) (actual time=28.985..28.987 rows=4 loops=1)
Nested Loop  (cost=0.00..6351.82 rows=1 width=158) (actual time=10.736..25.552 rows=4 loops=1)
Nested Loop  (cost=0.00..6351.15 rows=1 width=21) (actual time=7.658..24.948 rows=2 loops=1)
Nested Loop  (cost=0.00..6351.15 rows=1 width=21) (actual time=0.126..32.771 rows=2 loops=1)
Nested Loop  (cost=0.00..6351.69 rows=1 width=158) (actual time=16.317..24.724 rows=1 loops=1)
Nested Loop  (cost=0.00..6351.58 rows=1 width=21) (actual time=0.200..24.919 rows=4 loops=1)
Sort  (cost=6351.45..6351.46 rows=1 width=149) (actual time=28.797..28.799 rows=1 loops=1)
Nested Loop  (cost=0.00..6351.82 rows=1 width=21) (actual time=5.001..26.036 rows=3 loops=1)
Nested Loop  (cost=0.00..6351.15 rows=1 width=21) (actual time=2.686..25.816 rows=3 loops=1)
Nested Loop  (cost=0.00..6351.38 rows=1 width=21) (actual time=17.596..24.779 rows=2 loops=1)
Nested Loop  (cost=0.00..6351.15 rows=1 width=21) (actual time=8.251..25.054 rows=2 loops=1)
Nested Loop  (cost=0.00..6352.64 rows=1 width=21) (actual time=9.341..28.640 rows=7 loops=1)
Nested Loop  (cost=0.00..6351.40 rows=1 width=21) (actual time=13.659..25.653 rows=2 loops=1)
Sort  (cost=6351.45..6351.46 rows=1 width=149) (actual time=29.593..29.595 rows=2 loops=1)
Nested Loop  (cost=0.00..6351.15 rows=1 width=158) (actual time=22.567..26.034 rows=1 loops=1)
Nested Loop  (cost=0.00..6351.15 rows=1 width=403) (actual time=22.025..24.749 rows=1 loops=1)
Nested Loop  (cost=0.00..6351.15 rows=1 width=21) (actual time=13.671..24.405 rows=2 loops=1)
Nested Loop  (cost=0.00..6351.15 rows=1 width=21) (actual time=6.399..25.601 rows=2 loops=1)
Sort  (cost=6351.45..6351.46 rows=1 width=149) (actual time=30.021..30.023 rows=4 loops=1)
Nested Loop  (cost=0.00..6351.53 rows=1 width=158) (actual time=1.701..25.246 rows=5 loops=1)
Nested Loop  (cost=0.00..6351.49 rows=1 width=21) (actual time=7.486..32.997 rows=3 loops=1)
Nested Loop  (cost=0.00..6351.69 rows=1 width=21) (actual time=5.535..25.339 rows=5 loops=1)
Sort  (cost=6351.45..6351.46 rows=1 width=149) (actual time=28.795..28.796 rows=1 loops=1)
Sort  (cost=6351.45..6351.46 rows=1 width=149) (actual time=30.044..30.046 rows=2 loops=1)
Sort  (cost=6351.45..6351.46 rows=1 width=149) (actual time=28.603..28.604 rows=1 loops=1)
Sort  (cost=6356.36..6356.37 rows=1 width=149) (actual time=28.307..28.310 rows=31 loops=1)
Sort  (cost=6351.45..6351.46 rows=1 width=149) (actual time=28.610..28.611 rows=1 loops=1)
Nested Loop  (cost=0.00..6351.76 rows=1 width=21) (actual time=9.884..25.377 rows=5 loops=1)
Sort  (cost=6351.45..6351.46 rows=1 width=149) (actual time=29.774..29.776 rows=4 loops=1)
Nested Loop  (cost=0.00..6351.84 rows=1 width=158) (actual time=3.644..25.487 rows=3 loops=1)
Nested Loop  (cost=0.00..6351.15 rows=1 width=158) (actual time=16.801..24.742 rows=1 loops=1)
Nested Loop  (cost=0.00..6351.76 rows=1 width=21) (actual time=16.065..27.110 rows=4 loops=1)
Nested Loop  (cost=0.00..6351.15 rows=1 width=158) (actual time=6.724..24.811 rows=2 loops=1)
Nested Loop  (cost=0.00..6351.15 rows=1 width=21) (actual time=12.091..24.324 rows=2 loops=1)
Nested Loop  (cost=0.00..6351.15 rows=1 width=158) (actual time=19.044..24.282 rows=1 loops=1)
Nested Loop  (cost=0.00..6351.15 rows=1 width=21) (actual time=5.929..24.473 rows=2 loops=1)
Nested Loop  (cost=0.00..6351.15 rows=1 width=158) (actual time=9.766..24.381 rows=1 loops=1)
Nested Loop  (cost=0.00..6351.15 rows=1 width=21) (actual time=9.737..25.110 rows=2 loops=1)
Nested Loop  (cost=0.00..6351.15 rows=1 width=21) (actual time=10.270..24.958 rows=2 loops=1)
Nested Loop  (cost=0.00..6351.15 rows=1 width=21) (actual time=8.024..24.905 rows=2 loops=1)
Nested Loop  (cost=0.00..6351.15 rows=1 width=21) (actual time=0.118..25.075 rows=3 loops=1)
Nested Loop  (cost=0.00..6351.35 rows=1 width=21) (actual time=5.334..24.675 rows=2 loops=1)
Nested Loop  (cost=0.00..6351.15 rows=1 width=158) (actual time=9.028..25.598 rows=1 loops=1)
Nested Loop  (cost=0.00..6351.15 rows=1 width=403) (actual time=8.970..24.779 rows=1 loops=1)
Nested Loop  (cost=0.00..6351.15 rows=1 width=21) (actual time=2.088..25.046 rows=3 loops=1)
Sort  (cost=6351.45..6351.46 rows=1 width=149) (actual time=29.489..29.490 rows=1 loops=1)
Nested Loop  (cost=0.00..6351.15 rows=1 width=403) (actual time=4.911..28.110 rows=1 loops=1)
Sort  (cost=6351.45..6351.46 rows=1 width=149) (actual time=28.742..28.744 rows=1 loops=1)
Nested Loop  (cost=0.00..6351.76 rows=1 width=21) (actual time=0.482..24.567 rows=3 loops=1)
Nested Loop  (cost=0.00..6351.90 rows=1 width=158) (actual time=10.248..24.768 rows=4 loops=1)
Nested Loop  (cost=0.00..6351.15 rows=1 width=158) (actual time=23.864..24.808 rows=1 loops=1)
Nested Loop  (cost=0.00..6351.15 rows=1 width=403) (actual time=23.857..24.807 rows=1 loops=1)
Sort  (cost=6351.45..6351.46 rows=1 width=149) (actual time=29.268..29.269 rows=2 loops=1)
Nested Loop  (cost=0.00..6351.15 rows=1 width=21) (actual time=16.005..24.370 rows=2 loops=1)
Nested Loop  (cost=0.00..6351.40 rows=1 width=158) (actual time=13.094..24.331 rows=2 loops=1)
Nested Loop  (cost=0.00..6351.15 rows=1 width=158) (actual time=20.738..31.277 rows=1 loops=1)
Sort  (cost=6351.45..6351.46 rows=1 width=149) (actual time=35.856..35.859 rows=3 loops=1)
Nested Loop  (cost=0.00..6351.49 rows=1 width=21) (actual time=5.721..26.992 rows=2 loops=1)
Sort  (cost=6351.45..6351.46 rows=1 width=149) (actual time=31.449..31.451 rows=5 loops=1)
Nested Loop  (cost=0.00..6351.15 rows=1 width=21) (actual time=6.658..24.905 rows=2 loops=1)
Nested Loop  (cost=0.00..6351.15 rows=1 width=158) (actual time=8.600..24.374 rows=1 loops=1)
Nested Loop  (cost=0.00..6351.15 rows=1 width=158) (actual time=9.783..25.014 rows=1 loops=1)
Nested Loop  (cost=0.00..6351.15 rows=1 width=158) (actual time=6.571..24.648 rows=1 loops=1)
Nested Loop  (cost=0.00..6351.35 rows=1 width=21) (actual time=0.080..24.617 rows=4 loops=1)
Nested Loop  (cost=0.00..6351.69 rows=1 width=158) (actual time=5.230..26.357 rows=2 loops=1)
Sort  (cost=6351.45..6351.46 rows=1 width=149) (actual time=29.041..29.043 rows=3 loops=1)
Sort  (cost=6353.09..6353.10 rows=1 width=149) (actual time=29.780..29.782 rows=5 loops=1)
Nested Loop  (cost=0.00..6351.15 rows=1 width=21) (actual time=1.707..24.520 rows=2 loops=1)
Sort  (cost=6351.45..6351.46 rows=1 width=149) (actual time=29.483..29.484 rows=1 loops=1)
Nested Loop  (cost=0.00..6351.15 rows=1 width=158) (actual time=1.748..25.838 rows=2 loops=1)
Nested Loop  (cost=0.00..6351.15 rows=1 width=21) (actual time=10.400..25.329 rows=2 loops=1)
Nested Loop  (cost=0.00..6351.76 rows=1 width=21) (actual time=1.857..25.693 rows=5 loops=1)
Nested Loop  (cost=0.00..6351.15 rows=1 width=158) (actual time=12.395..29.849 rows=1 loops=1)
Sort  (cost=6351.45..6351.46 rows=1 width=149) (actual time=29.186..29.187 rows=1 loops=1)
Nested Loop  (cost=0.00..6351.15 rows=1 width=158) (actual time=20.100..25.004 rows=1 loops=1)
Nested Loop  (cost=0.00..6351.15 rows=1 width=21) (actual time=14.281..24.905 rows=2 loops=1)
Nested Loop  (cost=0.00..6351.15 rows=1 width=21) (actual time=6.267..24.352 rows=2 loops=1)
Nested Loop  (cost=0.00..6351.15 rows=1 width=158) (actual time=19.016..24.305 rows=2 loops=1)
Nested Loop  (cost=0.00..6351.15 rows=1 width=403) (actual time=19.183..24.547 rows=2 loops=1)
Sort  (cost=6353.20..6353.21 rows=1 width=149) (actual time=30.937..30.938 rows=3 loops=1)
Nested Loop  (cost=0.00..6351.53 rows=1 width=21) (actual time=13.657..35.337 rows=4 loops=1)
Nested Loop  (cost=0.00..6351.15 rows=1 width=403) (actual time=1.208..24.744 rows=1 loops=1)
Sort  (cost=6351.45..6351.46 rows=1 width=149) (actual time=29.497..29.499 rows=1 loops=1)
Sort  (cost=6351.45..6351.46 rows=1 width=149) (actual time=29.686..29.687 rows=5 loops=1)
Nested Loop  (cost=0.00..6351.90 rows=1 width=21) (actual time=1.948..25.256 rows=4 loops=1)
Nested Loop  (cost=0.00..6351.38 rows=1 width=21) (actual time=15.316..24.849 rows=2 loops=1)
Nested Loop  (cost=0.00..6351.15 rows=1 width=158) (actual time=5.325..24.806 rows=1 loops=1)
Nested Loop  (cost=0.00..6351.15 rows=1 width=403) (actual time=5.336..25.418 rows=1 loops=1)
Nested Loop  (cost=0.00..6353.26 rows=1 width=21) (actual time=1.649..27.261 rows=9 loops=1)
Sort  (cost=6355.20..6355.20 rows=1 width=149) (actual time=28.483..28.485 rows=21 loops=1)
Nested Loop  (cost=0.00..6351.15 rows=1 width=403) (actual time=0.500..24.279 rows=1 loops=1)
Sort  (cost=6365.09..6365.09 rows=1 width=149) (actual time=30.586..30.590 rows=53 loops=1)
Nested Loop  (cost=0.00..6351.15 rows=1 width=21) (actual time=21.411..24.976 rows=3 loops=1)
Nested Loop  (cost=0.00..6351.15 rows=1 width=21) (actual time=4.297..25.030 rows=2 loops=1)
Nested Loop  (cost=0.00..6351.15 rows=1 width=158) (actual time=20.068..25.504 rows=1 loops=1)
Nested Loop  (cost=0.00..6351.47 rows=1 width=21) (actual time=8.996..24.706 rows=2 loops=1)
Nested Loop  (cost=0.00..6351.82 rows=1 width=21) (actual time=3.073..25.181 rows=5 loops=1)
Nested Loop  (cost=0.00..6351.15 rows=1 width=21) (actual time=12.004..25.140 rows=3 loops=1)
Sort  (cost=6351.45..6351.46 rows=1 width=149) (actual time=29.592..29.593 rows=1 loops=1)
Sort  (cost=6351.45..6351.46 rows=1 width=149) (actual time=28.508..28.509 rows=1 loops=1)
Nested Loop  (cost=0.00..6351.84 rows=1 width=21) (actual time=4.222..24.745 rows=3 loops=1)
Nested Loop  (cost=0.00..6351.82 rows=1 width=21) (actual time=6.975..24.970 rows=5 loops=1)
Nested Loop  (cost=0.00..6351.40 rows=1 width=21) (actual time=2.511..25.130 rows=3 loops=1)
Sort  (cost=6351.45..6351.46 rows=1 width=149) (actual time=28.663..28.664 rows=1 loops=1)
Sort  (cost=6351.45..6351.46 rows=1 width=149) (actual time=29.072..29.074 rows=2 loops=1)
Sort  (cost=6356.85..6356.85 rows=1 width=149) (actual time=30.063..30.066 rows=29 loops=1)
Nested Loop  (cost=0.00..6351.56 rows=1 width=21) (actual time=5.196..25.553 rows=5 loops=1)
Nested Loop  (cost=0.00..6351.15 rows=1 width=21) (actual time=2.428..25.755 rows=2 loops=1)
Nested Loop  (cost=0.00..6352.64 rows=1 width=158) (actual time=4.369..25.763 rows=9 loops=1)
Nested Loop  (cost=0.00..6351.56 rows=1 width=21) (actual time=2.978..25.356 rows=5 loops=1)
Sort  (cost=6352.85..6352.86 rows=1 width=149) (actual time=31.211..31.214 rows=8 loops=1)
Nested Loop  (cost=0.00..6351.15 rows=1 width=21) (actual time=11.367..24.467 rows=2 loops=1)
Sort  (cost=6362.35..6362.36 rows=1 width=149) (actual time=29.782..29.787 rows=47 loops=1)
Nested Loop  (cost=0.00..6351.15 rows=1 width=403) (actual time=14.352..25.015 rows=1 loops=1)
Sort  (cost=6351.45..6351.46 rows=1 width=149) (actual time=31.837..31.839 rows=2 loops=1)
Nested Loop  (cost=0.00..6351.15 rows=1 width=158) (actual time=9.136..25.080 rows=2 loops=1)
Nested Loop  (cost=0.00..6351.90 rows=1 width=21) (actual time=8.275..25.128 rows=6 loops=1)
Nested Loop  (cost=0.00..6351.15 rows=1 width=21) (actual time=13.655..25.007 rows=2 loops=1)
Sort  (cost=6351.45..6351.46 rows=1 width=149) (actual time=28.472..28.473 rows=1 loops=1)
Nested Loop  (cost=0.00..6351.15 rows=1 width=21) (actual time=4.423..24.858 rows=3 loops=1)
Sort  (cost=6353.23..6353.23 rows=1 width=149) (actual time=32.314..32.316 rows=10 loops=1)
Nested Loop  (cost=0.00..6351.38 rows=1 width=21) (actual time=6.524..28.686 rows=3 loops=1)
Sort  (cost=6351.45..6351.46 rows=1 width=149) (actual time=29.238..29.240 rows=1 loops=1)
Sort  (cost=6351.45..6351.46 rows=1 width=149) (actual time=31.631..31.634 rows=5 loops=1)
Nested Loop  (cost=0.00..6351.15 rows=1 width=158) (actual time=16.213..25.389 rows=2 loops=1)
Nested Loop  (cost=0.00..6351.40 rows=1 width=21) (actual time=6.371..26.236 rows=2 loops=1)
Sort  (cost=6351.45..6351.46 rows=1 width=149) (actual time=37.477..37.478 rows=1 loops=1)
Nested Loop  (cost=0.00..6351.84 rows=1 width=21) (actual time=13.947..25.298 rows=2 loops=1)
Nested Loop  (cost=0.00..6351.15 rows=1 width=158) (actual time=9.898..24.756 rows=2 loops=1)
Nested Loop  (cost=0.00..6353.26 rows=1 width=21) (actual time=2.233..26.480 rows=15 loops=1)
Sort  (cost=6353.00..6353.01 rows=1 width=149) (actual time=30.238..30.240 rows=6 loops=1)
Nested Loop  (cost=0.00..6351.47 rows=1 width=21) (actual time=10.232..25.117 rows=2 loops=1)
Nested Loop  (cost=0.00..6351.15 rows=1 width=21) (actual time=4.962..24.717 rows=2 loops=1)
Nested Loop  (cost=0.00..6351.15 rows=1 width=21) (actual time=5.334..25.037 rows=2 loops=1)
Sort  (cost=6351.45..6351.46 rows=1 width=149) (actual time=29.843..29.845 rows=4 loops=1)
Nested Loop  (cost=0.00..6351.15 rows=1 width=21) (actual time=8.503..25.432 rows=2 loops=1)
Nested Loop  (cost=0.00..6351.76 rows=1 width=21) (actual time=9.121..38.233 rows=6 loops=1)
Nested Loop  (cost=0.00..6351.67 rows=1 width=158) (actual time=5.816..25.069 rows=5 loops=1)
Sort  (cost=6351.45..6351.46 rows=1 width=149) (actual time=31.769..31.771 rows=8 loops=1)
Sort  (cost=6351.45..6351.46 rows=1 width=149) (actual time=28.249..28.251 rows=2 loops=1)
Nested Loop  (cost=0.00..6351.58 rows=1 width=21) (actual time=1.802..25.144 rows=2 loops=1)
Nested Loop  (cost=0.00..6351.15 rows=1 width=158) (actual time=10.333..24.272 rows=1 loops=1)
Sort  (cost=6351.45..6351.46 rows=1 width=149) (actual time=27.915..27.917 rows=1 loops=1)
Nested Loop  (cost=0.00..6351.15 rows=1 width=158) (actual time=5.942..24.496 rows=1 loops=1)
Nested Loop  (cost=0.00..6352.84 rows=1 width=21) (actual time=1.733..25.509 rows=10 loops=1)
Nested Loop  (cost=0.00..6352.84 rows=1 width=158) (actual time=2.278..25.610 rows=7 loops=1)
Nested Loop  (cost=0.00..6352.07 rows=1 width=21) (actual time=2.255..25.140 rows=5 loops=1)
Nested Loop  (cost=0.00..6351.15 rows=1 width=21) (actual time=16.182..25.036 rows=2 loops=1)
Nested Loop  (cost=0.00..6351.15 rows=1 width=158) (actual time=14.142..24.824 rows=1 loops=1)
Nested Loop  (cost=0.00..6351.58 rows=1 width=158) (actual time=5.795..25.133 rows=4 loops=1)
Nested Loop  (cost=0.00..6351.47 rows=1 width=21) (actual time=5.203..24.913 rows=4 loops=1)
Nested Loop  (cost=0.00..6351.15 rows=1 width=21) (actual time=0.840..25.880 rows=2 loops=1)
Nested Loop  (cost=0.00..6351.38 rows=1 width=158) (actual time=11.084..25.382 rows=1 loops=1)
Sort  (cost=6351.45..6351.46 rows=1 width=149) (actual time=29.438..29.441 rows=3 loops=1)
Nested Loop  (cost=0.00..6351.69 rows=1 width=158) (actual time=12.090..24.630 rows=4 loops=1)
Nested Loop  (cost=0.00..6353.26 rows=1 width=158) (actual time=0.104..25.788 rows=6 loops=1)
Sort  (cost=6351.45..6351.46 rows=1 width=149) (actual time=28.946..28.948 rows=2 loops=1)
Nested Loop  (cost=0.00..6351.15 rows=1 width=21) (actual time=3.018..25.759 rows=2 loops=1)
Sort  (cost=6351.45..6351.46 rows=1 width=149) (actual time=28.198..28.199 rows=1 loops=1)
Nested Loop  (cost=0.00..6351.15 rows=1 width=403) (actual time=9.633..25.366 rows=1 loops=1)
Nested Loop  (cost=0.00..6352.64 rows=1 width=21) (actual time=2.482..26.019 rows=8 loops=1)
Nested Loop  (cost=0.00..6351.15 rows=1 width=21) (actual time=8.698..25.117 rows=2 loops=1)
Nested Loop  (cost=0.00..6351.69 rows=1 width=21) (actual time=5.744..25.234 rows=7 loops=1)
Sort  (cost=6352.85..6352.86 rows=1 width=149) (actual time=30.521..30.523 rows=10 loops=1)
Sort  (cost=6351.45..6351.46 rows=1 width=149) (actual time=41.633..41.635 rows=1 loops=1)
Nested Loop  (cost=0.00..6352.84 rows=1 width=21) (actual time=2.260..30.698 rows=6 loops=1)
Sort  (cost=6351.45..6351.46 rows=1 width=149) (actual time=32.944..32.946 rows=4 loops=1)
Nested Loop  (cost=0.00..6351.15 rows=1 width=21) (actual time=10.756..25.437 rows=2 loops=1)
Nested Loop  (cost=0.00..6351.82 rows=1 width=158) (actual time=0.714..25.455 rows=2 loops=1)
Nested Loop  (cost=0.00..6351.38 rows=1 width=21) (actual time=3.201..25.939 rows=3 loops=1)
Sort  (cost=6351.45..6351.46 rows=1 width=149) (actual time=29.354..29.356 rows=1 loops=1)
Sort  (cost=6351.45..6351.46 rows=1 width=149) (actual time=29.530..29.532 rows=2 loops=1)
Nested Loop  (cost=0.00..6351.15 rows=1 width=403) (actual time=23.863..24.431 rows=1 loops=1)
Sort  (cost=6351.45..6351.46 rows=1 width=149) (actual time=29.125..29.127 rows=1 loops=1)
Nested Loop  (cost=0.00..6351.15 rows=1 width=21) (actual time=5.615..24.667 rows=2 loops=1)
Sort  (cost=6351.45..6351.46 rows=1 width=149) (actual time=29.288..29.290 rows=1 loops=1)
Nested Loop  (cost=0.00..6351.47 rows=1 width=21) (actual time=14.967..26.098 rows=2 loops=1)
Nested Loop  (cost=0.00..6351.15 rows=1 width=158) (actual time=17.334..25.701 rows=1 loops=1)
Nested Loop  (cost=0.00..6351.38 rows=1 width=21) (actual time=6.775..26.140 rows=2 loops=1)
Nested Loop  (cost=0.00..6351.15 rows=1 width=21) (actual time=20.325..24.966 rows=2 loops=1)
Sort  (cost=6351.45..6351.46 rows=1 width=149) (actual time=29.092..29.094 rows=1 loops=1)
Nested Loop  (cost=0.00..6351.15 rows=1 width=21) (actual time=10.766..26.619 rows=2 loops=1)
Nested Loop  (cost=0.00..6351.53 rows=1 width=21) (actual time=14.943..25.187 rows=2 loops=1)
Sort  (cost=6351.45..6351.46 rows=1 width=149) (actual time=29.449..29.451 rows=2 loops=1)
Sort  (cost=6351.45..6351.46 rows=1 width=149) (actual time=29.630..29.631 rows=5 loops=1)
Nested Loop  (cost=0.00..6351.15 rows=1 width=21) (actual time=20.383..24.896 rows=2 loops=1)
Nested Loop  (cost=0.00..6351.15 rows=1 width=158) (actual time=0.416..24.185 rows=2 loops=1)
Nested Loop  (cost=0.00..6351.15 rows=1 width=21) (actual time=7.681..24.421 rows=3 loops=1)
Sort  (cost=6351.45..6351.46 rows=1 width=149) (actual time=28.740..28.742 rows=1 loops=1)
Nested Loop  (cost=0.00..6351.15 rows=1 width=403) (actual time=3.513..36.132 rows=1 loops=1)
Nested Loop  (cost=0.00..6351.76 rows=1 width=158) (actual time=2.740..24.924 rows=3 loops=1)
Sort  (cost=6351.45..6351.46 rows=1 width=149) (actual time=28.369..28.371 rows=1 loops=1)
Nested Loop  (cost=0.00..6351.15 rows=1 width=21) (actual time=5.264..24.841 rows=2 loops=1)
Nested Loop  (cost=0.00..6351.56 rows=1 width=21) (actual time=5.897..25.359 rows=5 loops=1)
Nested Loop  (cost=0.00..6351.73 rows=1 width=158) (actual time=11.075..26.932 rows=3 loops=1)
Sort  (cost=6351.45..6351.46 rows=1 width=149) (actual time=29.853..29.854 rows=3 loops=1)
Nested Loop  (cost=0.00..6351.44 rows=1 width=21) (actual time=8.870..24.335 rows=2 loops=1)
Nested Loop  (cost=0.00..6351.15 rows=1 width=158) (actual time=15.086..24.246 rows=1 loops=1)
Nested Loop  (cost=0.00..6351.76 rows=1 width=21) (actual time=2.681..25.238 rows=3 loops=1)
Sort  (cost=6351.45..6351.46 rows=1 width=149) (actual time=28.700..28.702 rows=1 loops=1)
Nested Loop  (cost=0.00..6351.15 rows=1 width=21) (actual time=3.781..24.942 rows=2 loops=1)
Nested Loop  (cost=0.00..6351.82 rows=1 width=21) (actual time=5.652..25.505 rows=8 loops=1)
Nested Loop  (cost=0.00..6351.15 rows=1 width=21) (actual time=7.422..25.299 rows=2 loops=1)
Sort  (cost=6351.45..6351.46 rows=1 width=149) (actual time=28.957..28.959 rows=3 loops=1)
Nested Loop  (cost=0.00..6352.64 rows=1 width=158) (actual time=9.082..26.156 rows=7 loops=1)
Nested Loop  (cost=0.00..6351.82 rows=1 width=21) (actual time=8.803..25.748 rows=3 loops=1)
Sort  (cost=6351.45..6351.46 rows=1 width=149) (actual time=28.740..28.742 rows=1 loops=1)
Nested Loop  (cost=0.00..6351.15 rows=1 width=21) (actual time=10.502..25.344 rows=2 loops=1)
Sort  (cost=6351.45..6351.46 rows=1 width=149) (actual time=28.637..28.639 rows=2 loops=1)
Nested Loop  (cost=0.00..6351.40 rows=1 width=21) (actual time=7.577..24.393 rows=3 loops=1)
Sort  (cost=6351.45..6351.46 rows=1 width=149) (actual time=28.205..28.207 rows=1 loops=1)
Nested Loop  (cost=0.00..6351.15 rows=1 width=403) (actual time=16.778..24.188 rows=1 loops=1)
Nested Loop  (cost=0.00..6351.15 rows=1 width=158) (actual time=23.578..40.769 rows=1 loops=1)
Nested Loop  (cost=0.00..6351.15 rows=1 width=21) (actual time=20.874..24.894 rows=2 loops=1)
Sort  (cost=6351.45..6351.46 rows=1 width=149) (actual time=28.762..28.763 rows=1 loops=1)
Nested Loop  (cost=0.00..6351.15 rows=1 width=21) (actual time=9.165..25.110 rows=2 loops=1)
Sort  (cost=6351.45..6351.46 rows=1 width=149) (actual time=29.369..29.371 rows=1 loops=1)
Nested Loop  (cost=0.00..6351.15 rows=1 width=21) (actual time=4.233..25.366 rows=2 loops=1)
Nested Loop  (cost=0.00..6351.73 rows=1 width=21) (actual time=2.432..25.064 rows=4 loops=1)
Nested Loop  (cost=0.00..6351.15 rows=1 width=158) (actual time=16.513..29.515 rows=2 loops=1)
Nested Loop  (cost=0.00..6351.73 rows=1 width=158) (actual time=6.533..25.379 rows=4 loops=1)
Sort  (cost=6351.45..6351.46 rows=1 width=149) (actual time=28.874..28.875 rows=1 loops=1)
Sort  (cost=6351.45..6351.46 rows=1 width=149) (actual time=29.535..29.537 rows=2 loops=1)
Nested Loop  (cost=0.00..6351.82 rows=1 width=158) (actual time=9.918..25.079 rows=4 loops=1)
Nested Loop  (cost=0.00..6351.38 rows=1 width=21) (actual time=10.418..24.320 rows=2 loops=1)
Sort  (cost=6351.45..6351.46 rows=1 width=149) (actual time=29.453..29.454 rows=3 loops=1)
Sort  (cost=6351.45..6351.46 rows=1 width=149) (actual time=30.117..30.119 rows=4 loops=1)
Nested Loop  (cost=0.00..6351.15 rows=1 width=403) (actual time=6.874..24.434 rows=1 loops=1)
Sort  (cost=6351.45..6351.46 rows=1 width=149) (actual time=28.951..28.953 rows=1 loops=1)
Nested Loop  (cost=0.00..6351.15 rows=1 width=21) (actual time=10.859..24.500 rows=3 loops=1)
Sort  (cost=6351.45..6351.46 rows=1 width=149) (actual time=28.863..28.865 rows=1 loops=1)
Nested Loop  (cost=0.00..6351.15 rows=1 width=21) (actual time=3.002..26.505 rows=3 loops=1)
Nested Loop  (cost=0.00..6352.84 rows=1 width=21) (actual time=5.675..32.470 rows=6 loops=1)
Sort  (cost=6351.45..6351.46 rows=1 width=149) (actual time=31.358..31.361 rows=1 loops=1)
Nested Loop  (cost=0.00..6351.15 rows=1 width=21) (actual time=1.867..24.655 rows=3 loops=1)
Nested Loop  (cost=0.00..6353.26 rows=1 width=21) (actual time=4.938..26.443 rows=8 loops=1)
Nested Loop  (cost=0.00..6351.15 rows=1 width=158) (actual time=15.669..24.932 rows=1 loops=1)
Sort  (cost=6351.45..6351.46 rows=1 width=149) (actual time=28.557..28.558 rows=1 loops=1)
Nested Loop  (cost=0.00..6352.84 rows=1 width=158) (actual time=3.663..26.062 rows=7 loops=1)
Sort  (cost=6351.45..6351.46 rows=1 width=149) (actual time=28.935..28.936 rows=1 loops=1)
Nested Loop  (cost=0.00..6351.40 rows=1 width=158) (actual time=15.800..24.504 rows=2 loops=1)
Sort  (cost=6351.45..6351.46 rows=1 width=149) (actual time=28.950..28.952 rows=3 loops=1)
Nested Loop  (cost=0.00..6351.15 rows=1 width=158) (actual time=17.245..24.701 rows=1 loops=1)
Nested Loop  (cost=0.00..6351.15 rows=1 width=158) (actual time=18.965..24.803 rows=1 loops=1)
Nested Loop  (cost=0.00..6351.15 rows=1 width=403) (actual time=18.976..25.004 rows=1 loops=1)
Nested Loop  (cost=0.00..6351.15 rows=1 width=158) (actual time=25.084..25.107 rows=1 loops=1)
Nested Loop  (cost=0.00..6351.15 rows=1 width=158) (actual time=2.953..24.871 rows=2 loops=1)
Nested Loop  (cost=0.00..6351.15 rows=1 width=21) (actual time=9.398..24.901 rows=3 loops=1)
Nested Loop  (cost=0.00..6351.15 rows=1 width=158) (actual time=1.821..24.758 rows=2 loops=1)
Nested Loop  (cost=0.00..6351.15 rows=1 width=403) (actual time=1.835..25.144 rows=2 loops=1)
Sort  (cost=6351.45..6351.46 rows=1 width=149) (actual time=30.084..30.086 rows=1 loops=1)
Nested Loop  (cost=0.00..6351.40 rows=1 width=21) (actual time=8.540..25.264 rows=4 loops=1)
Sort  (cost=6351.45..6351.46 rows=1 width=149) (actual time=29.172..29.174 rows=4 loops=1)
Nested Loop  (cost=0.00..6351.15 rows=1 width=21) (actual time=9.531..24.329 rows=2 loops=1)
Nested Loop  (cost=0.00..6353.26 rows=1 width=21) (actual time=2.204..26.773 rows=15 loops=1)
Nested Loop  (cost=0.00..6353.26 rows=1 width=158) (actual time=5.153..26.740 rows=9 loops=1)
Nested Loop  (cost=0.00..6351.15 rows=1 width=21) (actual time=14.521..24.260 rows=2 loops=1)
Nested Loop  (cost=0.00..6352.64 rows=1 width=158) (actual time=4.241..25.736 rows=11 loops=1)
Nested Loop  (cost=0.00..6351.15 rows=1 width=21) (actual time=13.965..25.012 rows=2 loops=1)
Sort  (cost=6351.45..6351.46 rows=1 width=149) (actual time=28.789..28.791 rows=1 loops=1)
Nested Loop  (cost=0.00..6351.15 rows=1 width=21) (actual time=0.630..25.111 rows=3 loops=1)
Nested Loop  (cost=0.00..6353.26 rows=1 width=21) (actual time=4.205..25.523 rows=8 loops=1)
Nested Loop  (cost=0.00..6351.38 rows=1 width=21) (actual time=2.893..24.498 rows=3 loops=1)
Nested Loop  (cost=0.00..6351.49 rows=1 width=21) (actual time=3.567..24.584 rows=2 loops=1)
Nested Loop  (cost=0.00..6351.15 rows=1 width=158) (actual time=3.148..25.140 rows=3 loops=1)
Nested Loop  (cost=0.00..6351.15 rows=1 width=158) (actual time=13.829..24.823 rows=1 loops=1)
Nested Loop  (cost=0.00..6351.15 rows=1 width=158) (actual time=11.761..25.101 rows=3 loops=1)
Nested Loop  (cost=0.00..6351.40 rows=1 width=21) (actual time=11.918..25.014 rows=3 loops=1)
Nested Loop  (cost=0.00..6351.15 rows=1 width=158) (actual time=9.588..25.052 rows=1 loops=1)
Nested Loop  (cost=0.00..6351.15 rows=1 width=403) (actual time=9.739..25.207 rows=1 loops=1)
Nested Loop  (cost=0.00..6351.40 rows=1 width=158) (actual time=7.837..25.791 rows=2 loops=1)
Nested Loop  (cost=0.00..6351.76 rows=1 width=21) (actual time=3.301..25.173 rows=3 loops=1)
Nested Loop  (cost=0.00..6351.15 rows=1 width=21) (actual time=7.627..25.341 rows=2 loops=1)
Nested Loop  (cost=0.00..6351.40 rows=1 width=158) (actual time=10.339..25.274 rows=2 loops=1)
Nested Loop  (cost=0.00..6351.15 rows=1 width=21) (actual time=14.800..25.114 rows=2 loops=1)
Sort  (cost=6351.45..6351.46 rows=1 width=149) (actual time=39.208..39.219 rows=2 loops=1)
Nested Loop  (cost=0.00..6351.40 rows=1 width=21) (actual time=22.052..31.709 rows=3 loops=1)
Nested Loop  (cost=0.00..6351.67 rows=1 width=21) (actual time=9.591..27.296 rows=2 loops=1)
Sort  (cost=6351.45..6351.46 rows=1 width=149) (actual time=30.306..30.308 rows=1 loops=1)
Nested Loop  (cost=0.00..6351.15 rows=1 width=21) (actual time=11.558..24.787 rows=2 loops=1)
Nested Loop  (cost=0.00..6352.07 rows=1 width=21) (actual time=5.330..26.258 rows=4 loops=1)
Nested Loop  (cost=0.00..6351.15 rows=1 width=158) (actual time=17.905..24.494 rows=1 loops=1)
Nested Loop  (cost=0.00..6351.76 rows=1 width=21) (actual time=5.870..25.541 rows=4 loops=1)
Nested Loop  (cost=0.00..6351.15 rows=1 width=158) (actual time=19.529..24.985 rows=1 loops=1)
Nested Loop  (cost=0.00..6351.15 rows=1 width=21) (actual time=8.299..24.790 rows=1 loops=1)
Nested Loop  (cost=0.00..6351.15 rows=1 width=21) (actual time=1.694..24.840 rows=2 loops=1)
Nested Loop  (cost=0.00..6351.15 rows=1 width=21) (actual time=19.829..24.963 rows=2 loops=1)
Sort  (cost=6351.45..6351.46 rows=1 width=149) (actual time=28.868..28.870 rows=1 loops=1)
Nested Loop  (cost=0.00..6351.15 rows=1 width=21) (actual time=4.986..24.917 rows=2 loops=1)
Nested Loop  (cost=0.00..6351.15 rows=1 width=158) (actual time=7.525..24.828 rows=1 loops=1)
Sort  (cost=6351.45..6351.46 rows=1 width=149) (actual time=29.354..29.356 rows=1 loops=1)
Sort  (cost=6351.45..6351.46 rows=1 width=149) (actual time=28.833..28.835 rows=2 loops=1)
Nested Loop  (cost=0.00..6351.15 rows=1 width=21) (actual time=9.442..24.963 rows=2 loops=1)
Sort  (cost=6351.45..6351.46 rows=1 width=149) (actual time=30.616..30.618 rows=1 loops=1)
Nested Loop  (cost=0.00..6351.40 rows=1 width=21) (actual time=3.696..25.273 rows=3 loops=1)
Nested Loop  (cost=0.00..6351.15 rows=1 width=21) (actual time=13.438..24.933 rows=4 loops=1)
Nested Loop  (cost=0.00..6351.15 rows=1 width=21) (actual time=3.430..24.947 rows=2 loops=1)
Sort  (cost=6351.45..6351.46 rows=1 width=149) (actual time=28.868..28.870 rows=1 loops=1)
Nested Loop  (cost=0.00..6351.15 rows=1 width=158) (actual time=9.229..24.527 rows=2 loops=1)
Nested Loop  (cost=0.00..6351.15 rows=1 width=158) (actual time=17.569..26.619 rows=1 loops=1)
Nested Loop  (cost=0.00..6351.35 rows=1 width=21) (actual time=2.762..24.638 rows=3 loops=1)
Nested Loop  (cost=0.00..6351.67 rows=1 width=21) (actual time=9.175..26.244 rows=2 loops=1)
Nested Loop  (cost=0.00..6351.15 rows=1 width=158) (actual time=10.623..25.736 rows=1 loops=1)
Sort  (cost=6351.45..6351.46 rows=1 width=149) (actual time=30.324..30.326 rows=2 loops=1)
Nested Loop  (cost=0.00..6351.15 rows=1 width=21) (actual time=18.473..24.906 rows=2 loops=1)
Sort  (cost=6351.45..6351.46 rows=1 width=149) (actual time=29.323..29.324 rows=1 loops=1)
Nested Loop  (cost=0.00..6351.15 rows=1 width=21) (actual time=3.789..26.978 rows=2 loops=1)
Nested Loop  (cost=0.00..6351.53 rows=1 width=21) (actual time=13.014..25.161 rows=3 loops=1)
Sort  (cost=6351.45..6351.46 rows=1 width=149) (actual time=28.713..28.714 rows=1 loops=1)
Nested Loop  (cost=0.00..6351.15 rows=1 width=158) (actual time=10.234..24.976 rows=1 loops=1)
Nested Loop  (cost=0.00..6351.15 rows=1 width=158) (actual time=17.510..24.832 rows=1 loops=1)
Sort  (cost=6351.45..6351.46 rows=1 width=149) (actual time=29.203..29.205 rows=2 loops=1)
Sort  (cost=6351.45..6351.46 rows=1 width=149) (actual time=29.657..29.659 rows=5 loops=1)
Sort  (cost=6355.55..6355.55 rows=1 width=149) (actual time=29.291..29.293 rows=20 loops=1)
Nested Loop  (cost=0.00..6351.15 rows=1 width=158) (actual time=13.091..24.764 rows=1 loops=1)
Nested Loop  (cost=0.00..6351.15 rows=1 width=21) (actual time=12.024..24.957 rows=2 loops=1)
Nested Loop  (cost=0.00..6351.15 rows=1 width=21) (actual time=8.656..25.014 rows=3 loops=1)
Sort  (cost=6351.45..6351.46 rows=1 width=149) (actual time=31.261..31.262 rows=6 loops=1)
Sort  (cost=6351.45..6351.46 rows=1 width=149) (actual time=29.809..29.812 rows=8 loops=1)
Nested Loop  (cost=0.00..6351.15 rows=1 width=21) (actual time=5.946..25.340 rows=3 loops=1)
Nested Loop  (cost=0.00..6351.15 rows=1 width=158) (actual time=20.502..24.292 rows=1 loops=1)
Sort  (cost=6351.45..6351.46 rows=1 width=149) (actual time=28.835..28.837 rows=1 loops=1)
Sort  (cost=6351.45..6351.46 rows=1 width=149) (actual time=44.128..44.132 rows=2 loops=1)
Nested Loop  (cost=0.00..6351.56 rows=1 width=21) (actual time=4.873..24.697 rows=6 loops=1)
Nested Loop  (cost=0.00..6351.15 rows=1 width=158) (actual time=8.657..24.932 rows=2 loops=1)
Nested Loop  (cost=0.00..6351.15 rows=1 width=21) (actual time=11.637..28.319 rows=2 loops=1)
Sort  (cost=6351.45..6351.46 rows=1 width=149) (actual time=28.998..29.000 rows=1 loops=1)
Nested Loop  (cost=0.00..6351.56 rows=1 width=158) (actual time=12.116..25.648 rows=3 loops=1)
Nested Loop  (cost=0.00..6351.15 rows=1 width=21) (actual time=18.095..24.609 rows=2 loops=1)
Nested Loop  (cost=0.00..6351.56 rows=1 width=403) (actual time=12.254..25.003 rows=3 loops=1)
Nested Loop  (cost=0.00..6351.82 rows=1 width=158) (actual time=17.708..25.281 rows=3 loops=1)
Nested Loop  (cost=0.00..6351.15 rows=1 width=21) (actual time=6.954..25.299 rows=2 loops=1)
Nested Loop  (cost=0.00..6352.64 rows=1 width=21) (actual time=9.145..26.290 rows=7 loops=1)
Nested Loop  (cost=0.00..6351.15 rows=1 width=21) (actual time=11.363..25.381 rows=2 loops=1)
Nested Loop  (cost=0.00..6351.76 rows=1 width=21) (actual time=1.746..27.574 rows=4 loops=1)
Nested Loop  (cost=0.00..6351.15 rows=1 width=21) (actual time=7.152..24.590 rows=2 loops=1)
Nested Loop  (cost=0.00..6351.53 rows=1 width=21) (actual time=8.389..24.865 rows=2 loops=1)
Nested Loop  (cost=0.00..6351.15 rows=1 width=21) (actual time=1.449..28.764 rows=2 loops=1)
Nested Loop  (cost=0.00..6351.15 rows=1 width=158) (actual time=5.824..28.478 rows=2 loops=1)
Nested Loop  (cost=0.00..6351.40 rows=1 width=21) (actual time=6.460..25.138 rows=3 loops=1)
Sort  (cost=6351.45..6351.46 rows=1 width=149) (actual time=30.545..30.549 rows=1 loops=1)
Nested Loop  (cost=0.00..6351.15 rows=1 width=21) (actual time=0.913..24.218 rows=2 loops=1)
Sort  (cost=6351.45..6351.46 rows=1 width=149) (actual time=29.288..29.290 rows=2 loops=1)
Nested Loop  (cost=0.00..6351.49 rows=1 width=21) (actual time=2.470..26.112 rows=3 loops=1)
Nested Loop  (cost=0.00..6351.15 rows=1 width=158) (actual time=3.526..24.334 rows=1 loops=1)
Nested Loop  (cost=0.00..6351.15 rows=1 width=21) (actual time=16.332..24.720 rows=3 loops=1)
Sort  (cost=6351.45..6351.46 rows=1 width=149) (actual time=29.443..29.444 rows=4 loops=1)
Nested Loop  (cost=0.00..6351.15 rows=1 width=21) (actual time=0.275..24.227 rows=2 loops=1)
Nested Loop  (cost=0.00..6353.26 rows=1 width=21) (actual time=1.590..25.700 rows=9 loops=1)
Nested Loop  (cost=0.00..6351.73 rows=1 width=21) (actual time=0.582..24.750 rows=3 loops=1)
Nested Loop  (cost=0.00..6351.15 rows=1 width=158) (actual time=16.152..25.134 rows=1 loops=1)
Nested Loop  (cost=0.00..6351.15 rows=1 width=158) (actual time=1.791..24.742 rows=1 loops=1)
Nested Loop  (cost=0.00..6351.15 rows=1 width=158) (actual time=16.759..24.980 rows=1 loops=1)
Nested Loop  (cost=0.00..6351.15 rows=1 width=21) (actual time=0.860..24.971 rows=2 loops=1)
Nested Loop  (cost=0.00..6351.15 rows=1 width=21) (actual time=9.530..24.836 rows=2 loops=1)
Nested Loop  (cost=0.00..6351.38 rows=1 width=21) (actual time=1.995..24.921 rows=4 loops=1)
Nested Loop  (cost=0.00..6351.15 rows=1 width=21) (actual time=18.240..24.986 rows=2 loops=1)
Nested Loop  (cost=0.00..6351.69 rows=1 width=158) (actual time=6.303..25.256 rows=3 loops=1)
Nested Loop  (cost=0.00..6351.15 rows=1 width=21) (actual time=8.614..24.908 rows=2 loops=1)
Nested Loop  (cost=0.00..6351.15 rows=1 width=21) (actual time=3.447..24.936 rows=2 loops=1)
Sort  (cost=6351.45..6351.46 rows=1 width=149) (actual time=29.134..29.136 rows=4 loops=1)
Sort  (cost=6351.45..6351.46 rows=1 width=149) (actual time=29.251..29.253 rows=2 loops=1)
Sort  (cost=6356.36..6356.37 rows=1 width=149) (actual time=30.058..30.061 rows=16 loops=1)
Nested Loop  (cost=0.00..6351.15 rows=1 width=403) (actual time=17.090..24.687 rows=1 loops=1)
Nested Loop  (cost=0.00..6351.15 rows=1 width=21) (actual time=0.348..24.616 rows=4 loops=1)
Nested Loop  (cost=0.00..6351.69 rows=1 width=21) (actual time=7.519..24.917 rows=10 loops=1)
Nested Loop  (cost=0.00..6351.15 rows=1 width=21) (actual time=5.665..24.425 rows=2 loops=1)
Nested Loop  (cost=0.00..6351.15 rows=1 width=21) (actual time=3.186..24.244 rows=2 loops=1)
Nested Loop  (cost=0.00..6351.38 rows=1 width=158) (actual time=4.422..25.031 rows=1 loops=1)
Nested Loop  (cost=0.00..6351.38 rows=1 width=403) (actual time=4.240..24.134 rows=1 loops=1)
Nested Loop  (cost=0.00..6353.26 rows=1 width=21) (actual time=2.163..26.004 rows=15 loops=1)
Sort  (cost=6351.45..6351.46 rows=1 width=149) (actual time=32.253..32.255 rows=4 loops=1)
Sort  (cost=6351.45..6351.46 rows=1 width=149) (actual time=29.633..29.635 rows=2 loops=1)
Nested Loop  (cost=0.00..6351.15 rows=1 width=403) (actual time=8.688..24.758 rows=1 loops=1)
Sort  (cost=6351.45..6351.46 rows=1 width=149) (actual time=29.849..29.850 rows=1 loops=1)
Nested Loop  (cost=0.00..6352.84 rows=1 width=158) (actual time=4.887..26.435 rows=6 loops=1)
Sort  (cost=6351.45..6351.46 rows=1 width=149) (actual time=29.894..29.896 rows=8 loops=1)
Sort  (cost=6351.45..6351.46 rows=1 width=149) (actual time=29.159..29.160 rows=1 loops=1)
Nested Loop  (cost=0.00..6351.76 rows=1 width=21) (actual time=15.737..25.206 rows=1 loops=1)
Sort  (cost=6351.45..6351.46 rows=1 width=149) (actual time=44.703..44.706 rows=1 loops=1)
Sort  (cost=6351.45..6351.46 rows=1 width=149) (actual time=28.646..28.648 rows=3 loops=1)
Nested Loop  (cost=0.00..6351.15 rows=1 width=21) (actual time=6.513..25.227 rows=2 loops=1)
Nested Loop  (cost=0.00..6351.40 rows=1 width=21) (actual time=0.411..25.007 rows=3 loops=1)
Sort  (cost=6351.45..6351.46 rows=1 width=149) (actual time=29.317..29.319 rows=1 loops=1)
Nested Loop  (cost=0.00..6351.15 rows=1 width=21) (actual time=9.061..26.610 rows=2 loops=1)
Nested Loop  (cost=0.00..6351.15 rows=1 width=158) (actual time=4.506..25.125 rows=3 loops=1)
Nested Loop  (cost=0.00..6351.69 rows=1 width=21) (actual time=3.582..25.649 rows=7 loops=1)
Nested Loop  (cost=0.00..6351.47 rows=1 width=21) (actual time=16.508..25.883 rows=3 loops=1)
Nested Loop  (cost=0.00..6351.15 rows=1 width=158) (actual time=18.596..26.813 rows=1 loops=1)
Sort  (cost=6351.45..6351.46 rows=1 width=149) (actual time=29.581..29.583 rows=3 loops=1)
Nested Loop  (cost=0.00..6351.15 rows=1 width=21) (actual time=6.510..28.181 rows=3 loops=1)
Nested Loop  (cost=0.00..6351.15 rows=1 width=21) (actual time=1.868..25.343 rows=2 loops=1)
Nested Loop  (cost=0.00..6351.53 rows=1 width=158) (actual time=7.717..28.190 rows=3 loops=1)
Nested Loop  (cost=0.00..6352.84 rows=1 width=21) (actual time=1.775..28.315 rows=10 loops=1)
Sort  (cost=6351.45..6351.46 rows=1 width=149) (actual time=29.495..29.497 rows=2 loops=1)
Sort  (cost=6351.45..6351.46 rows=1 width=149) (actual time=34.152..34.154 rows=8 loops=1)
Nested Loop  (cost=0.00..6351.15 rows=1 width=21) (actual time=4.879..25.234 rows=2 loops=1)
Nested Loop  (cost=0.00..6351.69 rows=1 width=21) (actual time=14.483..25.265 rows=2 loops=1)
Nested Loop  (cost=0.00..6351.15 rows=1 width=21) (actual time=2.662..25.144 rows=2 loops=1)
Sort  (cost=6351.45..6351.46 rows=1 width=149) (actual time=33.592..33.595 rows=11 loops=1)
Nested Loop  (cost=0.00..6351.15 rows=1 width=21) (actual time=24.458..28.408 rows=2 loops=1)
Sort  (cost=6351.45..6351.46 rows=1 width=149) (actual time=29.804..29.806 rows=5 loops=1)
Nested Loop  (cost=0.00..6353.26 rows=1 width=21) (actual time=7.684..26.209 rows=6 loops=1)
Nested Loop  (cost=0.00..6351.15 rows=1 width=21) (actual time=11.873..24.975 rows=2 loops=1)
Nested Loop  (cost=0.00..6351.56 rows=1 width=21) (actual time=10.716..25.044 rows=2 loops=1)
Sort  (cost=6351.45..6351.46 rows=1 width=149) (actual time=28.898..28.900 rows=1 loops=1)
Sort  (cost=6351.45..6351.46 rows=1 width=149) (actual time=29.946..29.948 rows=1 loops=1)
Nested Loop  (cost=0.00..6351.15 rows=1 width=21) (actual time=0.982..24.570 rows=2 loops=1)
Sort  (cost=6351.45..6351.46 rows=1 width=149) (actual time=41.524..41.531 rows=4 loops=1)
Nested Loop  (cost=0.00..6353.26 rows=1 width=158) (actual time=2.055..29.613 rows=8 loops=1)
Nested Loop  (cost=0.00..6351.40 rows=1 width=21) (actual time=6.586..24.795 rows=2 loops=1)
Nested Loop  (cost=0.00..6351.15 rows=1 width=21) (actual time=0.478..24.669 rows=2 loops=1)
Sort  (cost=6351.45..6351.46 rows=1 width=149) (actual time=29.258..29.259 rows=1 loops=1)
Nested Loop  (cost=0.00..6351.15 rows=1 width=21) (actual time=9.787..24.610 rows=2 loops=1)
Nested Loop  (cost=0.00..6351.15 rows=1 width=21) (actual time=3.468..25.538 rows=2 loops=1)
Nested Loop  (cost=0.00..6351.15 rows=1 width=21) (actual time=13.620..24.951 rows=3 loops=1)
Sort  (cost=6351.45..6351.46 rows=1 width=149) (actual time=29.666..29.667 rows=2 loops=1)
Nested Loop  (cost=0.00..6351.15 rows=1 width=158) (actual time=11.749..25.821 rows=3 loops=1)
Nested Loop  (cost=0.00..6353.26 rows=1 width=21) (actual time=3.867..26.347 rows=7 loops=1)
Sort  (cost=6351.45..6351.46 rows=1 width=149) (actual time=29.530..29.532 rows=4 loops=1)
Nested Loop  (cost=0.00..6351.56 rows=1 width=21) (actual time=2.879..25.129 rows=3 loops=1)
Nested Loop  (cost=0.00..6351.44 rows=1 width=21) (actual time=3.135..25.049 rows=2 loops=1)
Sort  (cost=6352.91..6352.92 rows=1 width=149) (actual time=30.332..30.333 rows=4 loops=1)
Nested Loop  (cost=0.00..6351.15 rows=1 width=158) (actual time=1.582..24.437 rows=1 loops=1)
Nested Loop  (cost=0.00..6351.15 rows=1 width=158) (actual time=17.909..25.267 rows=3 loops=1)
Nested Loop  (cost=0.00..6351.15 rows=1 width=21) (actual time=10.023..24.845 rows=3 loops=1)
Nested Loop  (cost=0.00..6351.15 rows=1 width=158) (actual time=13.796..24.688 rows=1 loops=1)
Nested Loop  (cost=0.00..6351.47 rows=1 width=21) (actual time=3.130..24.795 rows=2 loops=1)
Sort  (cost=6351.45..6351.46 rows=1 width=149) (actual time=29.749..29.751 rows=1 loops=1)
Nested Loop  (cost=0.00..6351.58 rows=1 width=158) (actual time=9.425..25.390 rows=5 loops=1)
Nested Loop  (cost=0.00..6351.15 rows=1 width=21) (actual time=3.239..24.962 rows=2 loops=1)
Sort  (cost=6351.45..6351.46 rows=1 width=149) (actual time=43.445..43.448 rows=1 loops=1)
Nested Loop  (cost=0.00..6351.15 rows=1 width=158) (actual time=1.601..30.559 rows=1 loops=1)
Sort  (cost=6351.45..6351.46 rows=1 width=149) (actual time=30.026..30.028 rows=1 loops=1)
Nested Loop  (cost=0.00..6351.56 rows=1 width=158) (actual time=0.700..25.478 rows=1 loops=1)
Nested Loop  (cost=0.00..6351.56 rows=1 width=403) (actual time=0.684..24.799 rows=1 loops=1)
Nested Loop  (cost=0.00..6351.73 rows=1 width=21) (actual time=14.265..25.406 rows=2 loops=1)
Nested Loop  (cost=0.00..6351.15 rows=1 width=21) (actual time=0.718..25.725 rows=2 loops=1)
Sort  (cost=6351.45..6351.46 rows=1 width=149) (actual time=28.386..28.388 rows=1 loops=1)
Sort  (cost=6351.45..6351.46 rows=1 width=149) (actual time=29.058..29.059 rows=1 loops=1)
Sort  (cost=6351.45..6351.46 rows=1 width=149) (actual time=29.359..29.361 rows=1 loops=1)
Sort  (cost=6351.45..6351.46 rows=1 width=149) (actual time=29.545..29.547 rows=6 loops=1)
Nested Loop  (cost=0.00..6351.44 rows=1 width=21) (actual time=17.298..25.542 rows=2 loops=1)
Nested Loop  (cost=0.00..6351.15 rows=1 width=158) (actual time=8.004..24.353 rows=1 loops=1)
Nested Loop  (cost=0.00..6351.15 rows=1 width=21) (actual time=6.578..24.574 rows=2 loops=1)
Nested Loop  (cost=0.00..6351.58 rows=1 width=158) (actual time=7.491..26.388 rows=1 loops=1)
Nested Loop  (cost=0.00..6351.15 rows=1 width=158) (actual time=20.300..24.643 rows=1 loops=1)
Nested Loop  (cost=0.00..6351.15 rows=1 width=21) (actual time=0.072..24.796 rows=2 loops=1)
Nested Loop  (cost=0.00..6351.15 rows=1 width=21) (actual time=19.682..27.182 rows=2 loops=1)
Sort  (cost=6351.45..6351.46 rows=1 width=149) (actual time=29.021..29.023 rows=2 loops=1)
Nested Loop  (cost=0.00..6351.64 rows=1 width=21) (actual time=5.041..25.364 rows=5 loops=1)
Nested Loop  (cost=0.00..6351.15 rows=1 width=21) (actual time=6.440..24.892 rows=3 loops=1)
Nested Loop  (cost=0.00..6351.15 rows=1 width=158) (actual time=3.514..24.431 rows=2 loops=1)
Nested Loop  (cost=0.00..6351.15 rows=1 width=158) (actual time=3.793..24.845 rows=1 loops=1)
Nested Loop  (cost=0.00..6351.15 rows=1 width=21) (actual time=8.312..26.543 rows=2 loops=1)
Nested Loop  (cost=0.00..6351.15 rows=1 width=21) (actual time=1.594..37.246 rows=2 loops=1)
Nested Loop  (cost=0.00..6351.15 rows=1 width=21) (actual time=9.337..25.064 rows=2 loops=1)
Sort  (cost=6356.10..6356.10 rows=1 width=149) (actual time=29.210..29.213 rows=21 loops=1)
Nested Loop  (cost=0.00..6351.15 rows=1 width=158) (actual time=14.651..25.023 rows=1 loops=1)
Nested Loop  (cost=0.00..6351.15 rows=1 width=21) (actual time=0.739..24.803 rows=2 loops=1)
Sort  (cost=6351.45..6351.46 rows=1 width=149) (actual time=28.847..28.849 rows=1 loops=1)
Nested Loop  (cost=0.00..6351.69 rows=1 width=158) (actual time=7.561..25.004 rows=3 loops=1)
Nested Loop  (cost=0.00..6351.15 rows=1 width=21) (actual time=10.561..25.026 rows=2 loops=1)
Sort  (cost=6351.45..6351.46 rows=1 width=149) (actual time=29.326..29.328 rows=1 loops=1)
Nested Loop  (cost=0.00..6351.15 rows=1 width=21) (actual time=7.236..24.880 rows=2 loops=1)
Sort  (cost=6351.45..6351.46 rows=1 width=149) (actual time=29.134..29.136 rows=1 loops=1)
Sort  (cost=6351.45..6351.46 rows=1 width=149) (actual time=29.024..29.025 rows=1 loops=1)
Nested Loop  (cost=0.00..6351.15 rows=1 width=403) (actual time=4.389..24.848 rows=1 loops=1)
Sort  (cost=6351.45..6351.46 rows=1 width=149) (actual time=28.248..28.250 rows=1 loops=1)
Nested Loop  (cost=0.00..6351.15 rows=1 width=21) (actual time=3.062..24.925 rows=2 loops=1)
Sort  (cost=6355.84..6355.84 rows=1 width=149) (actual time=29.954..29.957 rows=30 loops=1)
Nested Loop  (cost=0.00..6351.15 rows=1 width=21) (actual time=1.590..24.805 rows=2 loops=1)
Nested Loop  (cost=0.00..6351.76 rows=1 width=21) (actual time=3.177..25.464 rows=5 loops=1)
Nested Loop  (cost=0.00..6351.58 rows=1 width=21) (actual time=10.296..26.331 rows=2 loops=1)
Nested Loop  (cost=0.00..6351.82 rows=1 width=21) (actual time=3.297..24.671 rows=4 loops=1)
Sort  (cost=6351.45..6351.46 rows=1 width=149) (actual time=29.880..29.882 rows=3 loops=1)
Sort  (cost=6366.89..6366.89 rows=1 width=149) (actual time=36.426..36.431 rows=64 loops=1)
Nested Loop  (cost=0.00..6351.15 rows=1 width=21) (actual time=14.480..24.456 rows=2 loops=1)
Sort  (cost=6351.45..6351.46 rows=1 width=149) (actual time=29.894..29.896 rows=6 loops=1)
Nested Loop  (cost=0.00..6351.38 rows=1 width=21) (actual time=17.797..24.930 rows=2 loops=1)
Nested Loop  (cost=0.00..6351.15 rows=1 width=21) (actual time=9.692..24.893 rows=2 loops=1)
Nested Loop  (cost=0.00..6351.15 rows=1 width=21) (actual time=0.292..24.811 rows=2 loops=1)
Nested Loop  (cost=0.00..6351.15 rows=1 width=21) (actual time=13.396..24.881 rows=2 loops=1)
Nested Loop  (cost=0.00..6351.47 rows=1 width=158) (actual time=15.868..24.933 rows=1 loops=1)
Nested Loop  (cost=0.00..6353.26 rows=1 width=21) (actual time=2.036..26.613 rows=8 loops=1)
Sort  (cost=6351.45..6351.46 rows=1 width=149) (actual time=45.189..45.191 rows=1 loops=1)
Sort  (cost=6351.45..6351.46 rows=1 width=149) (actual time=28.986..28.987 rows=1 loops=1)
Nested Loop  (cost=0.00..6351.69 rows=1 width=21) (actual time=16.598..25.349 rows=2 loops=1)
Nested Loop  (cost=0.00..6351.76 rows=1 width=21) (actual time=1.518..24.953 rows=5 loops=1)
Sort  (cost=6351.45..6351.46 rows=1 width=149) (actual time=29.403..29.405 rows=1 loops=1)
Nested Loop  (cost=0.00..6351.15 rows=1 width=158) (actual time=17.717..24.985 rows=1 loops=1)
Sort  (cost=6354.57..6354.58 rows=1 width=149) (actual time=28.531..28.533 rows=20 loops=1)
Nested Loop  (cost=0.00..6351.15 rows=1 width=158) (actual time=0.672..25.916 rows=1 loops=1)
Nested Loop  (cost=0.00..6351.15 rows=1 width=158) (actual time=2.680..25.540 rows=1 loops=1)
Sort  (cost=6351.45..6351.46 rows=1 width=149) (actual time=28.987..28.989 rows=1 loops=1)
Nested Loop  (cost=0.00..6351.40 rows=1 width=158) (actual time=7.630..28.317 rows=2 loops=1)
Nested Loop  (cost=0.00..6351.15 rows=1 width=158) (actual time=21.067..25.337 rows=1 loops=1)
Nested Loop  (cost=0.00..6351.15 rows=1 width=403) (actual time=24.563..28.702 rows=1 loops=1)
Nested Loop  (cost=0.00..6351.15 rows=1 width=21) (actual time=18.603..29.976 rows=2 loops=1)
Nested Loop  (cost=0.00..6351.15 rows=1 width=21) (actual time=7.205..29.495 rows=1 loops=1)
Nested Loop  (cost=0.00..6351.15 rows=1 width=21) (actual time=6.517..25.026 rows=2 loops=1)
Nested Loop  (cost=0.00..6351.15 rows=1 width=158) (actual time=0.219..24.742 rows=2 loops=1)
Nested Loop  (cost=0.00..6351.47 rows=1 width=21) (actual time=9.224..24.994 rows=2 loops=1)
Nested Loop  (cost=0.00..6351.15 rows=1 width=158) (actual time=11.553..26.759 rows=2 loops=1)
Sort  (cost=6351.45..6351.46 rows=1 width=149) (actual time=30.075..30.077 rows=1 loops=1)
Nested Loop  (cost=0.00..6351.15 rows=1 width=403) (actual time=14.963..25.159 rows=1 loops=1)
Nested Loop  (cost=0.00..6351.69 rows=1 width=158) (actual time=1.393..25.701 rows=4 loops=1)
Sort  (cost=6351.45..6351.46 rows=1 width=149) (actual time=29.185..29.187 rows=1 loops=1)
Nested Loop  (cost=0.00..6351.15 rows=1 width=21) (actual time=1.849..25.421 rows=2 loops=1)
Nested Loop  (cost=0.00..6351.15 rows=1 width=21) (actual time=8.482..25.141 rows=2 loops=1)
Nested Loop  (cost=0.00..6353.26 rows=1 width=21) (actual time=6.489..29.184 rows=12 loops=1)
Nested Loop  (cost=0.00..6351.15 rows=1 width=21) (actual time=4.747..25.448 rows=2 loops=1)
Nested Loop  (cost=0.00..6351.44 rows=1 width=21) (actual time=2.863..25.477 rows=4 loops=1)
Nested Loop  (cost=0.00..6351.15 rows=1 width=21) (actual time=16.151..25.012 rows=3 loops=1)
Nested Loop  (cost=0.00..6351.15 rows=1 width=21) (actual time=3.309..25.126 rows=2 loops=1)
Nested Loop  (cost=0.00..6351.15 rows=1 width=21) (actual time=9.380..25.245 rows=3 loops=1)
Nested Loop  (cost=0.00..6351.53 rows=1 width=158) (actual time=14.576..25.187 rows=1 loops=1)
Sort  (cost=6351.45..6351.46 rows=1 width=149) (actual time=28.861..28.862 rows=1 loops=1)
Nested Loop  (cost=0.00..6351.15 rows=1 width=158) (actual time=18.830..24.625 rows=1 loops=1)
Nested Loop  (cost=0.00..6351.15 rows=1 width=21) (actual time=5.209..29.775 rows=2 loops=1)
Sort  (cost=6351.45..6351.46 rows=1 width=149) (actual time=30.482..30.484 rows=1 loops=1)
Sort  (cost=6351.45..6351.46 rows=1 width=149) (actual time=30.147..30.149 rows=1 loops=1)
Nested Loop  (cost=0.00..6351.38 rows=1 width=158) (actual time=1.091..24.540 rows=1 loops=1)
Nested Loop  (cost=0.00..6351.38 rows=1 width=21) (actual time=2.638..25.078 rows=4 loops=1)
Nested Loop  (cost=0.00..6351.40 rows=1 width=21) (actual time=6.761..25.116 rows=5 loops=1)
Nested Loop  (cost=0.00..6351.78 rows=1 width=21) (actual time=6.989..25.845 rows=3 loops=1)
Nested Loop  (cost=0.00..6351.15 rows=1 width=21) (actual time=16.424..25.039 rows=2 loops=1)
Nested Loop  (cost=0.00..6351.73 rows=1 width=21) (actual time=1.503..25.015 rows=4 loops=1)
Sort  (cost=6351.45..6351.46 rows=1 width=149) (actual time=29.745..29.747 rows=4 loops=1)
Nested Loop  (cost=0.00..6351.78 rows=1 width=21) (actual time=2.913..25.311 rows=4 loops=1)
Nested Loop  (cost=0.00..6353.26 rows=1 width=21) (actual time=5.269..26.339 rows=9 loops=1)
Nested Loop  (cost=0.00..6351.15 rows=1 width=158) (actual time=5.429..25.402 rows=4 loops=1)
Nested Loop  (cost=0.00..6351.67 rows=1 width=158) (actual time=1.545..25.203 rows=4 loops=1)
Nested Loop  (cost=0.00..6351.15 rows=1 width=158) (actual time=22.529..24.881 rows=1 loops=1)
Nested Loop  (cost=0.00..6351.40 rows=1 width=158) (actual time=3.210..24.966 rows=1 loops=1)
Nested Loop  (cost=0.00..6351.15 rows=1 width=21) (actual time=3.236..24.803 rows=2 loops=1)
Nested Loop  (cost=0.00..6351.15 rows=1 width=21) (actual time=19.547..24.839 rows=2 loops=1)
Nested Loop  (cost=0.00..6351.44 rows=1 width=21) (actual time=2.864..25.273 rows=3 loops=1)
Nested Loop  (cost=0.00..6351.15 rows=1 width=21) (actual time=10.948..24.940 rows=2 loops=1)
Nested Loop  (cost=0.00..6351.49 rows=1 width=21) (actual time=7.304..24.962 rows=4 loops=1)
Nested Loop  (cost=0.00..6351.76 rows=1 width=21) (actual time=7.483..25.111 rows=4 loops=1)
Nested Loop  (cost=0.00..6351.15 rows=1 width=158) (actual time=24.518..25.594 rows=1 loops=1)
Nested Loop  (cost=0.00..6351.15 rows=1 width=158) (actual time=23.087..25.926 rows=1 loops=1)
Nested Loop  (cost=0.00..6351.35 rows=1 width=21) (actual time=16.722..26.783 rows=3 loops=1)
Nested Loop  (cost=0.00..6351.15 rows=1 width=158) (actual time=10.790..26.002 rows=1 loops=1)
Sort  (cost=6351.45..6351.46 rows=1 width=149) (actual time=28.741..28.743 rows=1 loops=1)
Nested Loop  (cost=0.00..6351.15 rows=1 width=21) (actual time=1.914..25.123 rows=3 loops=1)
Sort  (cost=6351.45..6351.46 rows=1 width=149) (actual time=29.323..29.325 rows=2 loops=1)
Sort  (cost=6351.45..6351.46 rows=1 width=149) (actual time=30.372..30.374 rows=1 loops=1)
Nested Loop  (cost=0.00..6351.15 rows=1 width=21) (actual time=1.901..24.884 rows=3 loops=1)
Sort  (cost=6351.45..6351.46 rows=1 width=149) (actual time=29.577..29.579 rows=2 loops=1)
Nested Loop  (cost=0.00..6351.15 rows=1 width=21) (actual time=18.311..25.035 rows=2 loops=1)
Nested Loop  (cost=0.00..6351.15 rows=1 width=21) (actual time=7.496..25.455 rows=2 loops=1)
Nested Loop  (cost=0.00..6351.15 rows=1 width=21) (actual time=10.022..24.840 rows=2 loops=1)
Nested Loop  (cost=0.00..6351.15 rows=1 width=21) (actual time=5.574..24.915 rows=2 loops=1)
Nested Loop  (cost=0.00..6352.07 rows=1 width=21) (actual time=11.414..25.616 rows=5 loops=1)
Nested Loop  (cost=0.00..6351.73 rows=1 width=158) (actual time=6.834..25.610 rows=4 loops=1)
Nested Loop  (cost=0.00..6351.73 rows=1 width=21) (actual time=8.898..25.461 rows=3 loops=1)
Nested Loop  (cost=0.00..6351.82 rows=1 width=21) (actual time=2.248..25.383 rows=2 loops=1)
Nested Loop  (cost=0.00..6351.15 rows=1 width=21) (actual time=17.914..25.142 rows=2 loops=1)
Nested Loop  (cost=0.00..6351.15 rows=1 width=158) (actual time=21.759..25.098 rows=1 loops=1)
Nested Loop  (cost=0.00..6351.35 rows=1 width=21) (actual time=9.785..24.986 rows=2 loops=1)
Nested Loop  (cost=0.00..6351.15 rows=1 width=158) (actual time=16.890..25.642 rows=1 loops=1)
Nested Loop  (cost=0.00..6351.15 rows=1 width=21) (actual time=13.415..25.735 rows=2 loops=1)
Nested Loop  (cost=0.00..6351.15 rows=1 width=21) (actual time=14.475..33.912 rows=2 loops=1)
Nested Loop  (cost=0.00..6351.69 rows=1 width=21) (actual time=6.503..25.451 rows=2 loops=1)
Nested Loop  (cost=0.00..6351.15 rows=1 width=158) (actual time=11.342..26.701 rows=1 loops=1)
Nested Loop  (cost=0.00..6351.15 rows=1 width=21) (actual time=21.127..35.594 rows=3 loops=1)
Sort  (cost=6352.78..6352.78 rows=1 width=149) (actual time=29.985..29.988 rows=6 loops=1)
Nested Loop  (cost=0.00..6351.15 rows=1 width=158) (actual time=23.771..24.528 rows=1 loops=1)
Nested Loop  (cost=0.00..6351.15 rows=1 width=21) (actual time=9.170..24.715 rows=2 loops=1)
Nested Loop  (cost=0.00..6351.15 rows=1 width=158) (actual time=2.841..24.601 rows=1 loops=1)
Nested Loop  (cost=0.00..6351.15 rows=1 width=21) (actual time=7.155..24.840 rows=2 loops=1)
Sort  (cost=6351.45..6351.46 rows=1 width=149) (actual time=29.039..29.041 rows=1 loops=1)
Nested Loop  (cost=0.00..6351.76 rows=1 width=21) (actual time=2.038..25.160 rows=8 loops=1)
Nested Loop  (cost=0.00..6351.35 rows=1 width=21) (actual time=6.133..24.964 rows=2 loops=1)
Sort  (cost=6351.45..6351.46 rows=1 width=149) (actual time=28.505..28.506 rows=2 loops=1)
Nested Loop  (cost=0.00..6351.40 rows=1 width=21) (actual time=15.178..24.696 rows=2 loops=1)
Sort  (cost=6351.45..6351.46 rows=1 width=149) (actual time=29.416..29.418 rows=1 loops=1)
Nested Loop  (cost=0.00..6351.15 rows=1 width=21) (actual time=0.484..26.062 rows=3 loops=1)
Sort  (cost=6351.45..6351.46 rows=1 width=149) (actual time=29.015..29.017 rows=2 loops=1)
Nested Loop  (cost=0.00..6351.15 rows=1 width=403) (actual time=1.919..25.264 rows=1 loops=1)
Nested Loop  (cost=0.00..6352.84 rows=1 width=158) (actual time=10.448..26.086 rows=5 loops=1)
Nested Loop  (cost=0.00..6351.15 rows=1 width=21) (actual time=7.600..25.386 rows=5 loops=1)
Nested Loop  (cost=0.00..6351.53 rows=1 width=158) (actual time=9.350..25.446 rows=4 loops=1)
Sort  (cost=6351.45..6351.46 rows=1 width=149) (actual time=29.265..29.266 rows=1 loops=1)
Nested Loop  (cost=0.00..6351.15 rows=1 width=21) (actual time=4.819..24.996 rows=2 loops=1)
Sort  (cost=6351.45..6351.46 rows=1 width=149) (actual time=35.223..35.225 rows=1 loops=1)
Sort  (cost=6351.45..6351.46 rows=1 width=149) (actual time=30.774..30.776 rows=1 loops=1)
Nested Loop  (cost=0.00..6351.15 rows=1 width=403) (actual time=16.390..27.018 rows=1 loops=1)
Nested Loop  (cost=0.00..6351.15 rows=1 width=158) (actual time=0.352..24.560 rows=1 loops=1)
Nested Loop  (cost=0.00..6351.15 rows=1 width=21) (actual time=3.392..25.011 rows=2 loops=1)
Nested Loop  (cost=0.00..6351.82 rows=1 width=21) (actual time=10.981..25.371 rows=2 loops=1)
Nested Loop  (cost=0.00..6351.15 rows=1 width=21) (actual time=8.502..24.657 rows=2 loops=1)
Sort  (cost=6352.85..6352.86 rows=1 width=149) (actual time=30.731..30.732 rows=6 loops=1)
Nested Loop  (cost=0.00..6351.38 rows=1 width=158) (actual time=0.730..24.837 rows=1 loops=1)
Nested Loop  (cost=0.00..6351.15 rows=1 width=403) (actual time=5.147..24.966 rows=1 loops=1)
Nested Loop  (cost=0.00..6351.15 rows=1 width=21) (actual time=10.356..25.189 rows=2 loops=1)
Nested Loop  (cost=0.00..6351.69 rows=1 width=21) (actual time=13.322..25.497 rows=2 loops=1)
Sort  (cost=6351.45..6351.46 rows=1 width=149) (actual time=28.986..28.988 rows=1 loops=1)
Nested Loop  (cost=0.00..6351.15 rows=1 width=21) (actual time=20.833..25.215 rows=2 loops=1)
Nested Loop  (cost=0.00..6351.64 rows=1 width=21) (actual time=2.897..25.664 rows=4 loops=1)
Sort  (cost=6352.94..6352.95 rows=1 width=149) (actual time=30.586..30.588 rows=3 loops=1)
Nested Loop  (cost=0.00..6351.76 rows=1 width=21) (actual time=2.056..25.493 rows=8 loops=1)
Nested Loop  (cost=0.00..6351.15 rows=1 width=21) (actual time=1.925..26.699 rows=2 loops=1)
Nested Loop  (cost=0.00..6351.15 rows=1 width=21) (actual time=5.888..25.080 rows=2 loops=1)
Sort  (cost=6365.33..6365.33 rows=1 width=149) (actual time=30.326..30.331 rows=62 loops=1)
Nested Loop  (cost=0.00..6351.15 rows=1 width=21) (actual time=6.418..25.296 rows=2 loops=1)
Sort  (cost=6351.45..6351.46 rows=1 width=149) (actual time=29.486..29.487 rows=1 loops=1)
Nested Loop  (cost=0.00..6351.44 rows=1 width=21) (actual time=19.710..24.393 rows=1 loops=1)
Nested Loop  (cost=0.00..6351.15 rows=1 width=158) (actual time=16.429..25.807 rows=1 loops=1)
Nested Loop  (cost=0.00..6351.44 rows=1 width=21) (actual time=0.112..28.756 rows=5 loops=1)
Sort  (cost=6352.85..6352.86 rows=1 width=149) (actual time=30.137..30.139 rows=7 loops=1)
Nested Loop  (cost=0.00..6351.15 rows=1 width=21) (actual time=7.925..24.767 rows=3 loops=1)
Sort  (cost=6351.45..6351.46 rows=1 width=149) (actual time=29.288..29.290 rows=4 loops=1)
Nested Loop  (cost=0.00..6351.15 rows=1 width=403) (actual time=11.917..25.934 rows=1 loops=1)
Nested Loop  (cost=0.00..6351.58 rows=1 width=21) (actual time=7.310..25.388 rows=4 loops=1)
Sort  (cost=6351.45..6351.46 rows=1 width=149) (actual time=28.684..28.685 rows=2 loops=1)
Nested Loop  (cost=0.00..6351.15 rows=1 width=403) (actual time=10.656..24.951 rows=1 loops=1)
Nested Loop  (cost=0.00..6351.15 rows=1 width=158) (actual time=15.116..24.966 rows=1 loops=1)
Nested Loop  (cost=0.00..6351.15 rows=1 width=403) (actual time=15.288..25.034 rows=1 loops=1)
Nested Loop  (cost=0.00..6351.47 rows=1 width=21) (actual time=11.624..25.147 rows=3 loops=1)
Nested Loop  (cost=0.00..6351.15 rows=1 width=21) (actual time=2.425..25.283 rows=2 loops=1)
Nested Loop  (cost=0.00..6351.73 rows=1 width=21) (actual time=8.396..25.349 rows=4 loops=1)
Nested Loop  (cost=0.00..6351.44 rows=1 width=158) (actual time=0.282..25.366 rows=2 loops=1)
Nested Loop  (cost=0.00..6351.15 rows=1 width=158) (actual time=18.613..25.256 rows=1 loops=1)
Nested Loop  (cost=0.00..6351.15 rows=1 width=21) (actual time=8.642..24.777 rows=2 loops=1)
Nested Loop  (cost=0.00..6351.15 rows=1 width=21) (actual time=14.196..25.025 rows=3 loops=1)
Nested Loop  (cost=0.00..6351.78 rows=1 width=158) (actual time=4.984..25.459 rows=2 loops=1)
Nested Loop  (cost=0.00..6351.15 rows=1 width=21) (actual time=3.624..25.232 rows=2 loops=1)
Sort  (cost=6351.45..6351.46 rows=1 width=149) (actual time=29.056..29.058 rows=7 loops=1)
Sort  (cost=6353.18..6353.18 rows=1 width=149) (actual time=34.237..34.240 rows=7 loops=1)
Nested Loop  (cost=0.00..6351.47 rows=1 width=21) (actual time=7.741..25.414 rows=5 loops=1)
Nested Loop  (cost=0.00..6351.15 rows=1 width=158) (actual time=9.277..25.713 rows=1 loops=1)
Nested Loop  (cost=0.00..6351.53 rows=1 width=21) (actual time=11.321..30.139 rows=5 loops=1)
Nested Loop  (cost=0.00..6351.40 rows=1 width=158) (actual time=4.299..25.481 rows=3 loops=1)
Nested Loop  (cost=0.00..6351.64 rows=1 width=21) (actual time=1.881..25.087 rows=7 loops=1)
Nested Loop  (cost=0.00..6351.15 rows=1 width=158) (actual time=15.890..24.569 rows=1 loops=1)
Sort  (cost=6351.45..6351.46 rows=1 width=149) (actual time=29.311..29.313 rows=1 loops=1)
Nested Loop  (cost=0.00..6351.15 rows=1 width=21) (actual time=1.589..24.627 rows=2 loops=1)
Nested Loop  (cost=0.00..6352.64 rows=1 width=21) (actual time=3.983..25.807 rows=9 loops=1)
Nested Loop  (cost=0.00..6351.49 rows=1 width=21) (actual time=5.017..25.964 rows=2 loops=1)
Nested Loop  (cost=0.00..6351.15 rows=1 width=21) (actual time=1.631..25.452 rows=2 loops=1)
Nested Loop  (cost=0.00..6351.15 rows=1 width=21) (actual time=11.177..24.730 rows=2 loops=1)
Sort  (cost=6351.45..6351.46 rows=1 width=149) (actual time=31.702..31.704 rows=1 loops=1)
Nested Loop  (cost=0.00..6351.15 rows=1 width=158) (actual time=10.117..25.009 rows=2 loops=1)
Sort  (cost=6351.45..6351.46 rows=1 width=149) (actual time=29.761..29.763 rows=4 loops=1)
Sort  (cost=6351.45..6351.46 rows=1 width=149) (actual time=37.297..37.299 rows=2 loops=1)
Nested Loop  (cost=0.00..6351.76 rows=1 width=21) (actual time=8.741..25.161 rows=6 loops=1)
Nested Loop  (cost=0.00..6351.64 rows=1 width=21) (actual time=11.294..25.128 rows=3 loops=1)
Sort  (cost=6351.45..6351.46 rows=1 width=149) (actual time=29.158..29.159 rows=1 loops=1)
Nested Loop  (cost=0.00..6351.67 rows=1 width=158) (actual time=3.530..25.297 rows=2 loops=1)
Sort  (cost=6351.45..6351.46 rows=1 width=149) (actual time=29.314..29.315 rows=1 loops=1)
Nested Loop  (cost=0.00..6351.15 rows=1 width=21) (actual time=9.526..25.150 rows=2 loops=1)
Nested Loop  (cost=0.00..6351.15 rows=1 width=158) (actual time=17.195..24.564 rows=1 loops=1)
Nested Loop  (cost=0.00..6351.15 rows=1 width=21) (actual time=3.619..29.651 rows=2 loops=1)
Nested Loop  (cost=0.00..6351.15 rows=1 width=158) (actual time=7.225..25.364 rows=2 loops=1)
Sort  (cost=6351.45..6351.46 rows=1 width=149) (actual time=29.125..29.127 rows=1 loops=1)
Nested Loop  (cost=0.00..6351.15 rows=1 width=403) (actual time=18.974..24.466 rows=1 loops=1)
Nested Loop  (cost=0.00..6351.56 rows=1 width=21) (actual time=3.567..25.297 rows=3 loops=1)
Sort  (cost=6351.45..6351.46 rows=1 width=149) (actual time=30.165..30.166 rows=1 loops=1)
Nested Loop  (cost=0.00..6351.44 rows=1 width=21) (actual time=6.898..25.201 rows=4 loops=1)
Nested Loop  (cost=0.00..6351.15 rows=1 width=21) (actual time=2.413..24.832 rows=3 loops=1)
Nested Loop  (cost=0.00..6351.15 rows=1 width=21) (actual time=8.839..24.793 rows=2 loops=1)
Nested Loop  (cost=0.00..6351.15 rows=1 width=21) (actual time=22.382..24.930 rows=2 loops=1)
Nested Loop  (cost=0.00..6351.47 rows=1 width=21) (actual time=18.335..25.038 rows=2 loops=1)
Nested Loop  (cost=0.00..6351.15 rows=1 width=21) (actual time=3.067..24.914 rows=2 loops=1)
Sort  (cost=6351.45..6351.46 rows=1 width=149) (actual time=29.178..29.180 rows=1 loops=1)
Nested Loop  (cost=0.00..6351.15 rows=1 width=21) (actual time=10.351..25.127 rows=2 loops=1)
Sort  (cost=6351.45..6351.46 rows=1 width=149) (actual time=28.884..28.886 rows=2 loops=1)
Sort  (cost=6351.45..6351.46 rows=1 width=149) (actual time=29.841..29.843 rows=1 loops=1)
Sort  (cost=6351.45..6351.46 rows=1 width=149) (actual time=28.449..28.451 rows=1 loops=1)
Nested Loop  (cost=0.00..6351.69 rows=1 width=158) (actual time=5.453..25.454 rows=2 loops=1)
Nested Loop  (cost=0.00..6351.40 rows=1 width=21) (actual time=4.990..25.407 rows=2 loops=1)
Nested Loop  (cost=0.00..6351.15 rows=1 width=158) (actual time=21.320..24.960 rows=1 loops=1)
Nested Loop  (cost=0.00..6351.15 rows=1 width=158) (actual time=1.196..25.795 rows=1 loops=1)
Sort  (cost=6351.45..6351.46 rows=1 width=149) (actual time=28.880..28.882 rows=1 loops=1)
Sort  (cost=6351.45..6351.46 rows=1 width=149) (actual time=29.427..29.428 rows=3 loops=1)
Nested Loop  (cost=0.00..6351.15 rows=1 width=158) (actual time=2.922..37.570 rows=3 loops=1)
Sort  (cost=6351.45..6351.46 rows=1 width=149) (actual time=29.350..29.352 rows=2 loops=1)
Nested Loop  (cost=0.00..6351.15 rows=1 width=21) (actual time=19.557..24.647 rows=2 loops=1)
Sort  (cost=6352.80..6352.81 rows=1 width=149) (actual time=30.225..30.227 rows=4 loops=1)
Nested Loop  (cost=0.00..6351.82 rows=1 width=21) (actual time=12.277..25.779 rows=4 loops=1)
Nested Loop  (cost=0.00..6351.15 rows=1 width=21) (actual time=5.584..25.026 rows=4 loops=1)
Sort  (cost=6351.45..6351.46 rows=1 width=149) (actual time=28.752..28.754 rows=2 loops=1)
Nested Loop  (cost=0.00..6351.53 rows=1 width=21) (actual time=1.673..25.272 rows=5 loops=1)
Nested Loop  (cost=0.00..6351.15 rows=1 width=21) (actual time=7.514..25.253 rows=2 loops=1)
Nested Loop  (cost=0.00..6351.15 rows=1 width=158) (actual time=17.042..25.026 rows=2 loops=1)
Sort  (cost=6351.45..6351.46 rows=1 width=149) (actual time=28.958..28.961 rows=2 loops=1)
Nested Loop  (cost=0.00..6351.15 rows=1 width=158) (actual time=23.812..24.918 rows=1 loops=1)
Nested Loop  (cost=0.00..6351.35 rows=1 width=158) (actual time=23.458..25.181 rows=1 loops=1)
Sort  (cost=6351.45..6351.46 rows=1 width=149) (actual time=29.280..29.281 rows=1 loops=1)
Nested Loop  (cost=0.00..6351.15 rows=1 width=21) (actual time=0.676..24.892 rows=2 loops=1)
Nested Loop  (cost=0.00..6351.15 rows=1 width=21) (actual time=8.936..24.888 rows=2 loops=1)
Nested Loop  (cost=0.00..6351.15 rows=1 width=21) (actual time=17.365..25.213 rows=2 loops=1)
Nested Loop  (cost=0.00..6351.35 rows=1 width=158) (actual time=7.499..25.215 rows=2 loops=1)
Sort  (cost=6351.45..6351.46 rows=1 width=149) (actual time=29.157..29.159 rows=1 loops=1)
Nested Loop  (cost=0.00..6351.15 rows=1 width=21) (actual time=0.669..24.894 rows=3 loops=1)
Nested Loop  (cost=0.00..6351.15 rows=1 width=21) (actual time=2.072..28.098 rows=2 loops=1)
Nested Loop  (cost=0.00..6351.15 rows=1 width=158) (actual time=3.561..25.221 rows=2 loops=1)
Sort  (cost=6351.45..6351.46 rows=1 width=149) (actual time=29.936..29.939 rows=1 loops=1)
Nested Loop  (cost=0.00..6351.15 rows=1 width=21) (actual time=8.624..29.841 rows=3 loops=1)
Nested Loop  (cost=0.00..6351.15 rows=1 width=158) (actual time=9.887..25.901 rows=1 loops=1)
Nested Loop  (cost=0.00..6351.15 rows=1 width=158) (actual time=22.624..29.169 rows=1 loops=1)
Nested Loop  (cost=0.00..6351.40 rows=1 width=21) (actual time=10.220..25.077 rows=2 loops=1)
Nested Loop  (cost=0.00..6351.15 rows=1 width=21) (actual time=5.412..25.014 rows=2 loops=1)
Nested Loop  (cost=0.00..6351.15 rows=1 width=21) (actual time=9.113..24.777 rows=2 loops=1)
Sort  (cost=6351.45..6351.46 rows=1 width=149) (actual time=29.354..29.356 rows=2 loops=1)
Nested Loop  (cost=0.00..6351.15 rows=1 width=403) (actual time=20.798..24.837 rows=2 loops=1)
Sort  (cost=6351.45..6351.46 rows=1 width=149) (actual time=30.092..30.095 rows=5 loops=1)
Sort  (cost=6351.45..6351.46 rows=1 width=149) (actual time=29.139..29.141 rows=1 loops=1)
Nested Loop  (cost=0.00..6351.15 rows=1 width=21) (actual time=5.013..28.707 rows=3 loops=1)
Nested Loop  (cost=0.00..6351.15 rows=1 width=21) (actual time=8.485..24.996 rows=2 loops=1)
Nested Loop  (cost=0.00..6351.15 rows=1 width=21) (actual time=5.491..25.403 rows=2 loops=1)
Nested Loop  (cost=0.00..6351.15 rows=1 width=158) (actual time=32.755..33.165 rows=1 loops=1)
Nested Loop  (cost=0.00..6351.84 rows=1 width=21) (actual time=3.954..25.675 rows=6 loops=1)
Sort  (cost=6351.45..6351.46 rows=1 width=149) (actual time=29.852..29.854 rows=2 loops=1)
Sort  (cost=6351.45..6351.46 rows=1 width=149) (actual time=29.412..29.414 rows=1 loops=1)
Nested Loop  (cost=0.00..6351.15 rows=1 width=158) (actual time=5.737..25.011 rows=1 loops=1)
Nested Loop  (cost=0.00..6351.15 rows=1 width=403) (actual time=5.667..25.074 rows=1 loops=1)
Nested Loop  (cost=0.00..6351.15 rows=1 width=158) (actual time=0.632..25.145 rows=1 loops=1)
Nested Loop  (cost=0.00..6351.82 rows=1 width=21) (actual time=2.402..24.966 rows=4 loops=1)
Nested Loop  (cost=0.00..6351.53 rows=1 width=158) (actual time=4.238..37.555 rows=3 loops=1)
Nested Loop  (cost=0.00..6351.15 rows=1 width=21) (actual time=15.108..25.095 rows=2 loops=1)
Nested Loop  (cost=0.00..6351.76 rows=1 width=158) (actual time=1.785..27.242 rows=4 loops=1)
Nested Loop  (cost=0.00..6351.76 rows=1 width=403) (actual time=1.733..24.844 rows=4 loops=1)
Sort  (cost=6351.45..6351.46 rows=1 width=149) (actual time=29.229..29.231 rows=1 loops=1)
Nested Loop  (cost=0.00..6351.15 rows=1 width=158) (actual time=6.548..24.955 rows=2 loops=1)
Nested Loop  (cost=0.00..6351.15 rows=1 width=21) (actual time=5.272..24.691 rows=2 loops=1)
Sort  (cost=6351.45..6351.46 rows=1 width=149) (actual time=29.632..29.634 rows=3 loops=1)
Nested Loop  (cost=0.00..6351.15 rows=1 width=21) (actual time=5.953..25.182 rows=4 loops=1)
Nested Loop  (cost=0.00..6351.15 rows=1 width=21) (actual time=5.811..25.106 rows=3 loops=1)
Nested Loop  (cost=0.00..6351.38 rows=1 width=21) (actual time=4.099..25.045 rows=2 loops=1)
Nested Loop  (cost=0.00..6351.15 rows=1 width=21) (actual time=1.710..24.965 rows=2 loops=1)
Sort  (cost=6351.45..6351.46 rows=1 width=149) (actual time=28.835..28.837 rows=1 loops=1)
Nested Loop  (cost=0.00..6351.15 rows=1 width=21) (actual time=8.866..25.742 rows=2 loops=1)
Nested Loop  (cost=0.00..6351.73 rows=1 width=21) (actual time=4.415..25.396 rows=3 loops=1)
Nested Loop  (cost=0.00..6351.15 rows=1 width=21) (actual time=8.304..24.990 rows=2 loops=1)
Nested Loop  (cost=0.00..6351.15 rows=1 width=158) (actual time=20.692..24.956 rows=1 loops=1)
Nested Loop  (cost=0.00..6353.26 rows=1 width=21) (actual time=2.059..26.919 rows=8 loops=1)
Nested Loop  (cost=0.00..6351.15 rows=1 width=21) (actual time=12.279..25.769 rows=2 loops=1)
Sort  (cost=6351.45..6351.46 rows=1 width=149) (actual time=29.384..29.386 rows=1 loops=1)
Nested Loop  (cost=0.00..6351.15 rows=1 width=21) (actual time=5.666..25.961 rows=2 loops=1)
Sort  (cost=6351.45..6351.46 rows=1 width=149) (actual time=28.254..28.256 rows=4 loops=1)
Sort  (cost=6351.45..6351.46 rows=1 width=149) (actual time=30.513..30.515 rows=5 loops=1)
Sort  (cost=6351.45..6351.46 rows=1 width=149) (actual time=44.852..44.855 rows=2 loops=1)
Nested Loop  (cost=0.00..6351.15 rows=1 width=403) (actual time=8.511..25.331 rows=1 loops=1)
Nested Loop  (cost=0.00..6353.26 rows=1 width=21) (actual time=2.652..27.854 rows=7 loops=1)
Nested Loop  (cost=0.00..6351.73 rows=1 width=158) (actual time=2.043..25.928 rows=2 loops=1)
Nested Loop  (cost=0.00..6351.15 rows=1 width=21) (actual time=2.701..24.607 rows=3 loops=1)
Nested Loop  (cost=0.00..6351.15 rows=1 width=21) (actual time=3.321..24.752 rows=3 loops=1)
Sort  (cost=6351.45..6351.46 rows=1 width=149) (actual time=29.691..29.692 rows=3 loops=1)
Nested Loop  (cost=0.00..6351.15 rows=1 width=21) (actual time=14.671..24.714 rows=2 loops=1)
Nested Loop  (cost=0.00..6351.15 rows=1 width=21) (actual time=9.428..27.376 rows=2 loops=1)
Sort  (cost=6351.45..6351.46 rows=1 width=149) (actual time=29.141..29.142 rows=1 loops=1)
Nested Loop  (cost=0.00..6351.15 rows=1 width=158) (actual time=20.086..24.727 rows=2 loops=1)
Nested Loop  (cost=0.00..6351.15 rows=1 width=21) (actual time=1.922..24.930 rows=2 loops=1)
Nested Loop  (cost=0.00..6351.58 rows=1 width=21) (actual time=4.253..25.285 rows=5 loops=1)
Nested Loop  (cost=0.00..6351.15 rows=1 width=21) (actual time=10.490..25.081 rows=2 loops=1)
Nested Loop  (cost=0.00..6351.15 rows=1 width=21) (actual time=8.995..25.559 rows=2 loops=1)
Nested Loop  (cost=0.00..6351.15 rows=1 width=21) (actual time=4.880..24.947 rows=2 loops=1)
Nested Loop  (cost=0.00..6351.15 rows=1 width=21) (actual time=3.723..25.155 rows=3 loops=1)
Nested Loop  (cost=0.00..6351.15 rows=1 width=21) (actual time=3.505..25.274 rows=3 loops=1)
Nested Loop  (cost=0.00..6351.15 rows=1 width=21) (actual time=9.222..25.146 rows=2 loops=1)
Nested Loop  (cost=0.00..6352.07 rows=1 width=21) (actual time=11.214..25.403 rows=6 loops=1)
Nested Loop  (cost=0.00..6351.53 rows=1 width=158) (actual time=9.612..24.695 rows=3 loops=1)
Sort  (cost=6351.45..6351.46 rows=1 width=149) (actual time=29.110..29.111 rows=2 loops=1)
Nested Loop  (cost=0.00..6351.38 rows=1 width=158) (actual time=12.351..24.612 rows=2 loops=1)
Nested Loop  (cost=0.00..6351.58 rows=1 width=21) (actual time=0.138..25.108 rows=6 loops=1)
Nested Loop  (cost=0.00..6351.15 rows=1 width=158) (actual time=9.960..36.946 rows=1 loops=1)
Nested Loop  (cost=0.00..6351.53 rows=1 width=21) (actual time=10.050..24.973 rows=2 loops=1)
Nested Loop  (cost=0.00..6351.15 rows=1 width=158) (actual time=10.414..24.755 rows=1 loops=1)
Sort  (cost=6351.45..6351.46 rows=1 width=149) (actual time=29.739..29.740 rows=5 loops=1)
Sort  (cost=6351.45..6351.46 rows=1 width=149) (actual time=29.518..29.520 rows=1 loops=1)
Nested Loop  (cost=0.00..6351.15 rows=1 width=21) (actual time=8.299..24.953 rows=2 loops=1)
Nested Loop  (cost=0.00..6351.69 rows=1 width=21) (actual time=7.998..25.702 rows=4 loops=1)
Sort  (cost=6351.45..6351.46 rows=1 width=149) (actual time=30.150..30.152 rows=4 loops=1)
Nested Loop  (cost=0.00..6351.15 rows=1 width=21) (actual time=0.274..25.248 rows=3 loops=1)
Nested Loop  (cost=0.00..6351.73 rows=1 width=158) (actual time=8.778..25.438 rows=4 loops=1)
Nested Loop  (cost=0.00..6351.53 rows=1 width=158) (actual time=5.999..25.281 rows=5 loops=1)
Sort  (cost=6351.45..6351.46 rows=1 width=149) (actual time=28.836..28.838 rows=2 loops=1)
Sort  (cost=6351.45..6351.46 rows=1 width=149) (actual time=29.829..29.831 rows=2 loops=1)
Nested Loop  (cost=0.00..6351.58 rows=1 width=21) (actual time=2.110..25.305 rows=3 loops=1)
Nested Loop  (cost=0.00..6351.35 rows=1 width=21) (actual time=8.934..25.241 rows=3 loops=1)
Nested Loop  (cost=0.00..6351.15 rows=1 width=158) (actual time=6.451..24.819 rows=1 loops=1)
Sort  (cost=6351.45..6351.46 rows=1 width=149) (actual time=29.072..29.074 rows=8 loops=1)
Nested Loop  (cost=0.00..6351.15 rows=1 width=21) (actual time=14.980..24.721 rows=3 loops=1)
Sort  (cost=6351.45..6351.46 rows=1 width=149) (actual time=28.812..28.813 rows=1 loops=1)
Sort  (cost=6351.45..6351.46 rows=1 width=149) (actual time=29.681..29.683 rows=1 loops=1)
Nested Loop  (cost=0.00..6352.84 rows=1 width=158) (actual time=2.687..25.535 rows=7 loops=1)
Nested Loop  (cost=0.00..6352.84 rows=1 width=403) (actual time=2.636..25.572 rows=7 loops=1)
Nested Loop  (cost=0.00..6351.15 rows=1 width=21) (actual time=14.409..27.299 rows=2 loops=1)
Nested Loop  (cost=0.00..6351.15 rows=1 width=21) (actual time=0.444..27.607 rows=2 loops=1)
Sort  (cost=6351.45..6351.46 rows=1 width=149) (actual time=29.104..29.105 rows=1 loops=1)
Nested Loop  (cost=0.00..6351.84 rows=1 width=21) (actual time=3.791..26.255 rows=2 loops=1)
Nested Loop  (cost=0.00..6351.47 rows=1 width=21) (actual time=4.430..25.053 rows=4 loops=1)
Nested Loop  (cost=0.00..6351.15 rows=1 width=21) (actual time=3.426..25.136 rows=3 loops=1)
Sort  (cost=6351.45..6351.46 rows=1 width=149) (actual time=29.140..29.141 rows=1 loops=1)
Nested Loop  (cost=0.00..6351.15 rows=1 width=21) (actual time=2.094..24.896 rows=3 loops=1)
Nested Loop  (cost=0.00..6351.15 rows=1 width=158) (actual time=7.469..25.345 rows=1 loops=1)
Nested Loop  (cost=0.00..6351.53 rows=1 width=158) (actual time=20.356..25.267 rows=2 loops=1)
Sort  (cost=6351.45..6351.46 rows=1 width=149) (actual time=28.677..28.680 rows=1 loops=1)
Nested Loop  (cost=0.00..6351.15 rows=1 width=21) (actual time=9.979..24.957 rows=2 loops=1)
Nested Loop  (cost=0.00..6351.15 rows=1 width=21) (actual time=0.778..25.269 rows=2 loops=1)
Sort  (cost=6351.45..6351.46 rows=1 width=149) (actual time=29.652..29.654 rows=2 loops=1)
Nested Loop  (cost=0.00..6351.15 rows=1 width=158) (actual time=17.869..25.042 rows=1 loops=1)
Nested Loop  (cost=0.00..6351.58 rows=1 width=158) (actual time=4.310..25.317 rows=5 loops=1)
Nested Loop  (cost=0.00..6351.58 rows=1 width=403) (actual time=4.303..25.487 rows=5 loops=1)
Nested Loop  (cost=0.00..6351.15 rows=1 width=158) (actual time=7.973..24.803 rows=1 loops=1)
Nested Loop  (cost=0.00..6351.15 rows=1 width=21) (actual time=3.760..27.574 rows=2 loops=1)
Sort  (cost=6351.45..6351.46 rows=1 width=149) (actual time=37.096..37.098 rows=6 loops=1)
Nested Loop  (cost=0.00..6351.76 rows=1 width=21) (actual time=1.446..25.873 rows=6 loops=1)
Nested Loop  (cost=0.00..6351.82 rows=1 width=21) (actual time=1.994..25.829 rows=7 loops=1)
Nested Loop  (cost=0.00..6351.15 rows=1 width=21) (actual time=2.407..24.713 rows=2 loops=1)
Sort  (cost=6351.45..6351.46 rows=1 width=149) (actual time=29.573..29.576 rows=1 loops=1)
Nested Loop  (cost=0.00..6351.15 rows=1 width=158) (actual time=11.348..27.953 rows=1 loops=1)
Nested Loop  (cost=0.00..6351.15 rows=1 width=21) (actual time=0.073..24.990 rows=2 loops=1)
Nested Loop  (cost=0.00..6351.69 rows=1 width=158) (actual time=2.841..25.169 rows=1 loops=1)
Sort  (cost=6351.45..6351.46 rows=1 width=149) (actual time=28.725..28.727 rows=1 loops=1)
Nested Loop  (cost=0.00..6351.15 rows=1 width=21) (actual time=8.126..24.667 rows=3 loops=1)
Nested Loop  (cost=0.00..6351.15 rows=1 width=21) (actual time=9.190..24.917 rows=2 loops=1)
Nested Loop  (cost=0.00..6351.15 rows=1 width=21) (actual time=1.783..24.767 rows=3 loops=1)
Sort  (cost=6351.45..6351.46 rows=1 width=149) (actual time=29.517..29.519 rows=2 loops=1)
Nested Loop  (cost=0.00..6351.15 rows=1 width=403) (actual time=4.894..25.588 rows=1 loops=1)
Sort  (cost=6351.45..6351.46 rows=1 width=149) (actual time=29.310..29.311 rows=1 loops=1)
Nested Loop  (cost=0.00..6351.15 rows=1 width=21) (actual time=0.226..25.312 rows=2 loops=1)
Nested Loop  (cost=0.00..6351.15 rows=1 width=21) (actual time=19.049..25.148 rows=2 loops=1)
Sort  (cost=6351.45..6351.46 rows=1 width=149) (actual time=30.951..30.953 rows=1 loops=1)
Sort  (cost=6355.41..6355.42 rows=1 width=149) (actual time=29.313..29.316 rows=17 loops=1)
Nested Loop  (cost=0.00..6351.15 rows=1 width=21) (actual time=1.396..25.295 rows=2 loops=1)
Nested Loop  (cost=0.00..6351.38 rows=1 width=158) (actual time=2.722..24.629 rows=1 loops=1)
Nested Loop  (cost=0.00..6351.15 rows=1 width=21) (actual time=5.629..26.215 rows=2 loops=1)
Nested Loop  (cost=0.00..6351.38 rows=1 width=158) (actual time=5.363..24.554 rows=2 loops=1)
Sort  (cost=6351.45..6351.46 rows=1 width=149) (actual time=30.106..30.108 rows=4 loops=1)
Nested Loop  (cost=0.00..6351.15 rows=1 width=158) (actual time=7.767..24.297 rows=1 loops=1)
Nested Loop  (cost=0.00..6351.58 rows=1 width=21) (actual time=2.042..24.664 rows=3 loops=1)
Nested Loop  (cost=0.00..6351.15 rows=1 width=158) (actual time=2.499..24.370 rows=2 loops=1)
Nested Loop  (cost=0.00..6351.15 rows=1 width=403) (actual time=2.505..24.514 rows=2 loops=1)
Nested Loop  (cost=0.00..6351.15 rows=1 width=158) (actual time=17.712..25.145 rows=1 loops=1)
Nested Loop  (cost=0.00..6351.15 rows=1 width=403) (actual time=17.636..25.000 rows=1 loops=1)
Nested Loop  (cost=0.00..6351.38 rows=1 width=21) (actual time=1.877..25.467 rows=3 loops=1)
Nested Loop  (cost=0.00..6351.15 rows=1 width=158) (actual time=5.448..25.138 rows=3 loops=1)
Nested Loop  (cost=0.00..6351.84 rows=1 width=21) (actual time=6.941..25.266 rows=4 loops=1)
Nested Loop  (cost=0.00..6353.26 rows=1 width=21) (actual time=0.099..26.076 rows=6 loops=1)
Nested Loop  (cost=0.00..6351.15 rows=1 width=21) (actual time=21.288..25.013 rows=2 loops=1)
Sort  (cost=6351.45..6351.46 rows=1 width=149) (actual time=29.570..29.572 rows=5 loops=1)
Sort  (cost=6356.44..6356.44 rows=1 width=149) (actual time=29.420..29.423 rows=19 loops=1)
Sort  (cost=6351.45..6351.46 rows=1 width=149) (actual time=29.700..29.701 rows=1 loops=1)
Sort  (cost=6351.45..6351.46 rows=1 width=149) (actual time=29.847..29.849 rows=1 loops=1)
Nested Loop  (cost=0.00..6351.15 rows=1 width=21) (actual time=4.383..25.015 rows=2 loops=1)
Sort  (cost=6351.45..6351.46 rows=1 width=149) (actual time=29.011..29.013 rows=1 loops=1)
Nested Loop  (cost=0.00..6351.15 rows=1 width=21) (actual time=17.844..24.944 rows=2 loops=1)
Nested Loop  (cost=0.00..6351.15 rows=1 width=21) (actual time=1.682..24.589 rows=3 loops=1)
Sort  (cost=6352.94..6352.95 rows=1 width=149) (actual time=30.232..30.234 rows=2 loops=1)
Nested Loop  (cost=0.00..6351.15 rows=1 width=21) (actual time=8.634..25.080 rows=2 loops=1)
Sort  (cost=6351.45..6351.46 rows=1 width=149) (actual time=28.727..28.729 rows=3 loops=1)
Nested Loop  (cost=0.00..6351.44 rows=1 width=21) (actual time=17.312..26.915 rows=2 loops=1)
Nested Loop  (cost=0.00..6351.15 rows=1 width=158) (actual time=1.613..24.411 rows=1 loops=1)
Nested Loop  (cost=0.00..6351.44 rows=1 width=21) (actual time=8.171..24.755 rows=3 loops=1)
Nested Loop  (cost=0.00..6351.15 rows=1 width=21) (actual time=21.037..26.087 rows=2 loops=1)
Sort  (cost=6351.45..6351.46 rows=1 width=149) (actual time=29.337..29.339 rows=1 loops=1)
Nested Loop  (cost=0.00..6351.69 rows=1 width=21) (actual time=3.882..25.195 rows=6 loops=1)
Nested Loop  (cost=0.00..6351.15 rows=1 width=21) (actual time=4.015..24.909 rows=2 loops=1)
Nested Loop  (cost=0.00..6351.76 rows=1 width=21) (actual time=0.497..25.041 rows=3 loops=1)
Sort  (cost=6351.45..6351.46 rows=1 width=149) (actual time=30.416..30.419 rows=10 loops=1)
Nested Loop  (cost=0.00..6351.15 rows=1 width=21) (actual time=22.482..24.666 rows=2 loops=1)
Sort  (cost=6351.45..6351.46 rows=1 width=149) (actual time=29.196..29.198 rows=1 loops=1)
Sort  (cost=6351.45..6351.46 rows=1 width=149) (actual time=29.160..29.161 rows=2 loops=1)
Sort  (cost=6351.45..6351.46 rows=1 width=149) (actual time=29.076..29.078 rows=1 loops=1)
Nested Loop  (cost=0.00..6351.69 rows=1 width=21) (actual time=2.268..26.370 rows=4 loops=1)
Nested Loop  (cost=0.00..6351.15 rows=1 width=158) (actual time=13.963..25.052 rows=2 loops=1)
Nested Loop  (cost=0.00..6351.15 rows=1 width=21) (actual time=19.053..24.672 rows=2 loops=1)
Nested Loop  (cost=0.00..6353.26 rows=1 width=21) (actual time=2.014..33.884 rows=8 loops=1)
Nested Loop  (cost=0.00..6351.49 rows=1 width=21) (actual time=12.050..24.696 rows=3 loops=1)
Nested Loop  (cost=0.00..6351.44 rows=1 width=158) (actual time=0.611..24.867 rows=1 loops=1)
Sort  (cost=6356.12..6356.13 rows=1 width=149) (actual time=29.484..29.487 rows=22 loops=1)
Sort  (cost=6354.57..6354.58 rows=1 width=149) (actual time=27.905..27.907 rows=13 loops=1)
Sort  (cost=6351.45..6351.46 rows=1 width=149) (actual time=29.234..29.236 rows=1 loops=1)
Nested Loop  (cost=0.00..6351.15 rows=1 width=158) (actual time=19.379..24.327 rows=1 loops=1)
Sort  (cost=6351.45..6351.46 rows=1 width=149) (actual time=27.676..27.677 rows=1 loops=1)
Nested Loop  (cost=0.00..6351.15 rows=1 width=158) (actual time=11.427..24.199 rows=1 loops=1)
Sort  (cost=6351.45..6351.46 rows=1 width=149) (actual time=29.433..29.435 rows=3 loops=1)
Sort  (cost=6351.45..6351.46 rows=1 width=149) (actual time=29.424..29.426 rows=1 loops=1)
Nested Loop  (cost=0.00..6351.15 rows=1 width=21) (actual time=13.377..24.946 rows=2 loops=1)
Nested Loop  (cost=0.00..6351.15 rows=1 width=21) (actual time=0.511..25.804 rows=2 loops=1)
Nested Loop  (cost=0.00..6351.15 rows=1 width=21) (actual time=23.186..24.943 rows=2 loops=1)
Nested Loop  (cost=0.00..6351.15 rows=1 width=21) (actual time=14.805..25.301 rows=2 loops=1)
Nested Loop  (cost=0.00..6351.15 rows=1 width=21) (actual time=8.293..25.257 rows=2 loops=1)
Nested Loop  (cost=0.00..6351.15 rows=1 width=21) (actual time=11.840..24.768 rows=3 loops=1)
Sort  (cost=6351.45..6351.46 rows=1 width=149) (actual time=29.461..29.463 rows=4 loops=1)
Nested Loop  (cost=0.00..6351.15 rows=1 width=158) (actual time=14.262..25.604 rows=2 loops=1)
Nested Loop  (cost=0.00..6351.15 rows=1 width=21) (actual time=2.280..24.803 rows=2 loops=1)
Nested Loop  (cost=0.00..6351.35 rows=1 width=21) (actual time=8.388..25.174 rows=2 loops=1)
Nested Loop  (cost=0.00..6351.15 rows=1 width=21) (actual time=7.432..24.889 rows=2 loops=1)
Nested Loop  (cost=0.00..6351.58 rows=1 width=21) (actual time=7.015..24.627 rows=4 loops=1)
Sort  (cost=6351.45..6351.46 rows=1 width=149) (actual time=29.009..29.011 rows=1 loops=1)
Sort  (cost=6351.45..6351.46 rows=1 width=149) (actual time=28.860..28.862 rows=2 loops=1)
Nested Loop  (cost=0.00..6351.15 rows=1 width=21) (actual time=11.527..24.687 rows=2 loops=1)
Nested Loop  (cost=0.00..6351.15 rows=1 width=21) (actual time=2.973..24.323 rows=2 loops=1)
Sort  (cost=6351.45..6351.46 rows=1 width=149) (actual time=28.731..28.733 rows=1 loops=1)
Nested Loop  (cost=0.00..6351.15 rows=1 width=21) (actual time=4.101..24.531 rows=2 loops=1)
Nested Loop  (cost=0.00..6351.58 rows=1 width=21) (actual time=4.073..25.454 rows=4 loops=1)
Sort  (cost=6351.45..6351.46 rows=1 width=149) (actual time=31.511..31.513 rows=6 loops=1)
Sort  (cost=6351.45..6351.46 rows=1 width=149) (actual time=29.233..29.235 rows=2 loops=1)
Nested Loop  (cost=0.00..6351.35 rows=1 width=403) (actual time=8.066..24.481 rows=1 loops=1)
Nested Loop  (cost=0.00..6351.15 rows=1 width=21) (actual time=14.895..25.215 rows=1 loops=1)
Sort  (cost=6351.45..6351.46 rows=1 width=149) (actual time=29.046..29.047 rows=1 loops=1)
Sort  (cost=6351.45..6351.46 rows=1 width=149) (actual time=29.510..29.511 rows=1 loops=1)
Nested Loop  (cost=0.00..6351.15 rows=1 width=21) (actual time=21.778..25.060 rows=2 loops=1)
Sort  (cost=6351.45..6351.46 rows=1 width=149) (actual time=29.487..29.489 rows=1 loops=1)
Nested Loop  (cost=0.00..6351.15 rows=1 width=21) (actual time=8.957..25.012 rows=2 loops=1)
Nested Loop  (cost=0.00..6351.15 rows=1 width=158) (actual time=10.176..24.963 rows=1 loops=1)
Sort  (cost=6351.45..6351.46 rows=1 width=149) (actual time=27.895..27.897 rows=2 loops=1)
Nested Loop  (cost=0.00..6351.15 rows=1 width=403) (actual time=3.013..24.770 rows=2 loops=1)
Sort  (cost=6351.45..6351.46 rows=1 width=149) (actual time=29.621..29.623 rows=4 loops=1)
Nested Loop  (cost=0.00..6351.15 rows=1 width=403) (actual time=11.828..24.595 rows=1 loops=1)
Nested Loop  (cost=0.00..6351.15 rows=1 width=158) (actual time=21.986..26.125 rows=1 loops=1)
Nested Loop  (cost=0.00..6351.38 rows=1 width=21) (actual time=6.321..24.438 rows=2 loops=1)
Nested Loop  (cost=0.00..6351.15 rows=1 width=158) (actual time=17.730..24.733 rows=2 loops=1)
Nested Loop  (cost=0.00..6351.15 rows=1 width=21) (actual time=6.397..31.056 rows=3 loops=1)
Nested Loop  (cost=0.00..6351.15 rows=1 width=21) (actual time=3.658..24.445 rows=2 loops=1)
Nested Loop  (cost=0.00..6351.40 rows=1 width=21) (actual time=7.041..24.964 rows=3 loops=1)
Nested Loop  (cost=0.00..6351.56 rows=1 width=21) (actual time=0.416..25.260 rows=3 loops=1)
Nested Loop  (cost=0.00..6351.15 rows=1 width=158) (actual time=5.267..24.759 rows=2 loops=1)
Nested Loop  (cost=0.00..6351.67 rows=1 width=21) (actual time=7.360..24.839 rows=3 loops=1)
Sort  (cost=6351.45..6351.46 rows=1 width=149) (actual time=29.725..29.727 rows=1 loops=1)
Sort  (cost=6351.45..6351.46 rows=1 width=149) (actual time=30.060..30.062 rows=1 loops=1)
Sort  (cost=6351.45..6351.46 rows=1 width=149) (actual time=28.549..28.551 rows=1 loops=1)
Sort  (cost=6351.45..6351.46 rows=1 width=149) (actual time=28.607..28.608 rows=1 loops=1)
Nested Loop  (cost=0.00..6351.15 rows=1 width=403) (actual time=13.133..24.282 rows=1 loops=1)
Sort  (cost=6351.45..6351.46 rows=1 width=149) (actual time=29.138..29.139 rows=2 loops=1)
Nested Loop  (cost=0.00..6351.15 rows=1 width=158) (actual time=18.031..24.731 rows=1 loops=1)
Nested Loop  (cost=0.00..6351.56 rows=1 width=158) (actual time=17.385..26.052 rows=1 loops=1)
Nested Loop  (cost=0.00..6351.56 rows=1 width=403) (actual time=16.777..25.514 rows=1 loops=1)
Nested Loop  (cost=0.00..6351.53 rows=1 width=21) (actual time=6.465..25.095 rows=3 loops=1)
Nested Loop  (cost=0.00..6351.15 rows=1 width=158) (actual time=28.874..32.545 rows=1 loops=1)
Nested Loop  (cost=0.00..6353.26 rows=1 width=21) (actual time=2.659..26.686 rows=14 loops=1)
Nested Loop  (cost=0.00..6351.15 rows=1 width=158) (actual time=1.557..24.225 rows=1 loops=1)
Sort  (cost=6351.45..6351.46 rows=1 width=149) (actual time=28.744..28.746 rows=1 loops=1)
Nested Loop  (cost=0.00..6351.15 rows=1 width=21) (actual time=0.326..26.755 rows=3 loops=1)
Sort  (cost=6351.45..6351.46 rows=1 width=149) (actual time=29.411..29.413 rows=1 loops=1)
Nested Loop  (cost=0.00..6351.15 rows=1 width=21) (actual time=16.200..24.974 rows=2 loops=1)
Nested Loop  (cost=0.00..6351.15 rows=1 width=21) (actual time=8.595..24.272 rows=2 loops=1)
Nested Loop  (cost=0.00..6351.15 rows=1 width=21) (actual time=3.952..24.519 rows=3 loops=1)
Nested Loop  (cost=0.00..6351.15 rows=1 width=21) (actual time=3.539..25.243 rows=2 loops=1)
Sort  (cost=6366.89..6366.89 rows=1 width=149) (actual time=30.492..30.497 rows=47 loops=1)
Nested Loop  (cost=0.00..6351.40 rows=1 width=21) (actual time=14.761..24.365 rows=2 loops=1)
Sort  (cost=6351.45..6351.46 rows=1 width=149) (actual time=29.488..29.490 rows=1 loops=1)
Nested Loop  (cost=0.00..6351.15 rows=1 width=21) (actual time=3.695..24.670 rows=2 loops=1)
Sort  (cost=6351.45..6351.46 rows=1 width=149) (actual time=28.925..28.927 rows=2 loops=1)
Sort  (cost=6351.45..6351.46 rows=1 width=149) (actual time=28.887..28.888 rows=1 loops=1)
Sort  (cost=6351.45..6351.46 rows=1 width=149) (actual time=28.658..28.660 rows=1 loops=1)
Nested Loop  (cost=0.00..6351.15 rows=1 width=158) (actual time=12.570..25.107 rows=1 loops=1)
Sort  (cost=6351.45..6351.46 rows=1 width=149) (actual time=29.511..29.513 rows=3 loops=1)
Sort  (cost=6351.45..6351.46 rows=1 width=149) (actual time=30.319..30.321 rows=4 loops=1)
Nested Loop  (cost=0.00..6351.40 rows=1 width=158) (actual time=8.043..24.875 rows=1 loops=1)
Nested Loop  (cost=0.00..6351.40 rows=1 width=403) (actual time=8.033..24.987 rows=1 loops=1)
Nested Loop  (cost=0.00..6351.15 rows=1 width=21) (actual time=10.877..24.916 rows=2 loops=1)
Nested Loop  (cost=0.00..6351.76 rows=1 width=21) (actual time=15.969..24.944 rows=4 loops=1)
Nested Loop  (cost=0.00..6351.15 rows=1 width=158) (actual time=8.090..24.334 rows=1 loops=1)
Nested Loop  (cost=0.00..6351.84 rows=1 width=21) (actual time=6.100..25.016 rows=4 loops=1)
Nested Loop  (cost=0.00..6353.26 rows=1 width=158) (actual time=1.605..26.667 rows=4 loops=1)
Sort  (cost=6351.45..6351.46 rows=1 width=149) (actual time=29.803..29.805 rows=1 loops=1)
Nested Loop  (cost=0.00..6351.76 rows=1 width=21) (actual time=5.556..25.080 rows=2 loops=1)
Nested Loop  (cost=0.00..6351.38 rows=1 width=21) (actual time=5.354..24.368 rows=2 loops=1)
Nested Loop  (cost=0.00..6351.15 rows=1 width=21) (actual time=7.101..25.348 rows=3 loops=1)
Nested Loop  (cost=0.00..6351.15 rows=1 width=21) (actual time=5.537..24.514 rows=2 loops=1)
Nested Loop  (cost=0.00..6351.15 rows=1 width=158) (actual time=1.124..25.047 rows=1 loops=1)
Nested Loop  (cost=0.00..6351.15 rows=1 width=21) (actual time=20.761..25.788 rows=3 loops=1)
Nested Loop  (cost=0.00..6351.76 rows=1 width=21) (actual time=2.887..24.883 rows=4 loops=1)
Sort  (cost=6351.45..6351.46 rows=1 width=149) (actual time=31.502..31.504 rows=1 loops=1)
Nested Loop  (cost=0.00..6351.15 rows=1 width=158) (actual time=10.160..24.776 rows=2 loops=1)
Sort  (cost=6351.45..6351.46 rows=1 width=149) (actual time=29.244..29.245 rows=2 loops=1)
Sort  (cost=6351.45..6351.46 rows=1 width=149) (actual time=29.922..29.923 rows=3 loops=1)
Nested Loop  (cost=0.00..6351.15 rows=1 width=21) (actual time=15.091..24.948 rows=2 loops=1)
Nested Loop  (cost=0.00..6351.15 rows=1 width=158) (actual time=8.311..25.073 rows=1 loops=1)
Sort  (cost=6351.45..6351.46 rows=1 width=149) (actual time=28.686..28.687 rows=4 loops=1)
Nested Loop  (cost=0.00..6351.78 rows=1 width=21) (actual time=1.739..25.062 rows=3 loops=1)
Sort  (cost=6351.45..6351.46 rows=1 width=149) (actual time=29.647..29.649 rows=1 loops=1)
Nested Loop  (cost=0.00..6351.15 rows=1 width=403) (actual time=15.765..26.808 rows=1 loops=1)
Nested Loop  (cost=0.00..6351.84 rows=1 width=21) (actual time=12.405..31.650 rows=3 loops=1)
Nested Loop  (cost=0.00..6351.47 rows=1 width=158) (actual time=5.339..24.956 rows=2 loops=1)
Nested Loop  (cost=0.00..6351.73 rows=1 width=158) (actual time=2.476..25.428 rows=4 loops=1)
Nested Loop  (cost=0.00..6351.15 rows=1 width=158) (actual time=5.018..24.719 rows=1 loops=1)
Sort  (cost=6351.45..6351.46 rows=1 width=149) (actual time=29.110..29.112 rows=3 loops=1)
Sort  (cost=6351.45..6351.46 rows=1 width=149) (actual time=29.302..29.304 rows=2 loops=1)
Sort  (cost=6351.45..6351.46 rows=1 width=149) (actual time=34.153..34.155 rows=6 loops=1)
Nested Loop  (cost=0.00..6351.15 rows=1 width=21) (actual time=3.191..25.093 rows=2 loops=1)
Sort  (cost=6351.45..6351.46 rows=1 width=149) (actual time=29.753..29.754 rows=2 loops=1)
Sort  (cost=6351.45..6351.46 rows=1 width=149) (actual time=30.201..30.203 rows=1 loops=1)
Nested Loop  (cost=0.00..6351.15 rows=1 width=158) (actual time=17.672..25.219 rows=1 loops=1)
Nested Loop  (cost=0.00..6352.64 rows=1 width=21) (actual time=2.918..26.083 rows=7 loops=1)
Nested Loop  (cost=0.00..6353.26 rows=1 width=21) (actual time=2.235..29.246 rows=15 loops=1)
Nested Loop  (cost=0.00..6351.76 rows=1 width=21) (actual time=1.745..24.954 rows=4 loops=1)
Nested Loop  (cost=0.00..6352.07 rows=1 width=21) (actual time=4.500..25.402 rows=4 loops=1)
Nested Loop  (cost=0.00..6351.15 rows=1 width=158) (actual time=14.140..24.726 rows=1 loops=1)
Nested Loop  (cost=0.00..6351.15 rows=1 width=21) (actual time=10.532..24.869 rows=3 loops=1)
Sort  (cost=6351.45..6351.46 rows=1 width=149) (actual time=29.582..29.584 rows=7 loops=1)
Sort  (cost=6351.45..6351.46 rows=1 width=149) (actual time=29.297..29.299 rows=2 loops=1)
Nested Loop  (cost=0.00..6351.15 rows=1 width=21) (actual time=2.299..24.882 rows=3 loops=1)
Nested Loop  (cost=0.00..6351.15 rows=1 width=21) (actual time=3.761..25.139 rows=2 loops=1)
Nested Loop  (cost=0.00..6351.35 rows=1 width=21) (actual time=14.949..24.575 rows=2 loops=1)
Nested Loop  (cost=0.00..6351.15 rows=1 width=158) (actual time=0.203..24.309 rows=2 loops=1)
Nested Loop  (cost=0.00..6351.15 rows=1 width=21) (actual time=13.256..24.824 rows=2 loops=1)
Sort  (cost=6351.45..6351.46 rows=1 width=149) (actual time=29.285..29.286 rows=2 loops=1)
Nested Loop  (cost=0.00..6351.47 rows=1 width=21) (actual time=15.992..24.941 rows=3 loops=1)
Nested Loop  (cost=0.00..6351.15 rows=1 width=158) (actual time=14.057..25.109 rows=1 loops=1)
Nested Loop  (cost=0.00..6351.15 rows=1 width=158) (actual time=28.588..33.019 rows=1 loops=1)
Nested Loop  (cost=0.00..6351.15 rows=1 width=21) (actual time=8.611..24.180 rows=3 loops=1)
Sort  (cost=6351.45..6351.46 rows=1 width=149) (actual time=28.526..28.528 rows=1 loops=1)
Nested Loop  (cost=0.00..6351.15 rows=1 width=21) (actual time=2.985..25.221 rows=2 loops=1)
Nested Loop  (cost=0.00..6351.15 rows=1 width=158) (actual time=0.989..24.955 rows=1 loops=1)
Nested Loop  (cost=0.00..6351.15 rows=1 width=158) (actual time=8.992..24.239 rows=2 loops=1)
Sort  (cost=6351.45..6351.46 rows=1 width=149) (actual time=28.838..28.841 rows=1 loops=1)
Nested Loop  (cost=0.00..6351.15 rows=1 width=21) (actual time=8.787..25.072 rows=2 loops=1)
Sort  (cost=6351.45..6351.46 rows=1 width=149) (actual time=29.261..29.263 rows=3 loops=1)
Sort  (cost=6351.45..6351.46 rows=1 width=149) (actual time=29.443..29.444 rows=4 loops=1)
Nested Loop  (cost=0.00..6351.40 rows=1 width=21) (actual time=13.601..24.907 rows=3 loops=1)
Nested Loop  (cost=0.00..6351.82 rows=1 width=21) (actual time=1.949..25.496 rows=7 loops=1)
Sort  (cost=6351.45..6351.46 rows=1 width=149) (actual time=29.560..29.562 rows=6 loops=1)
Nested Loop  (cost=0.00..6351.67 rows=1 width=158) (actual time=2.271..25.206 rows=3 loops=1)
Sort  (cost=6351.45..6351.46 rows=1 width=149) (actual time=29.544..29.545 rows=3 loops=1)
Nested Loop  (cost=0.00..6351.67 rows=1 width=158) (actual time=7.302..25.339 rows=2 loops=1)
Nested Loop  (cost=0.00..6351.15 rows=1 width=21) (actual time=5.554..25.189 rows=3 loops=1)
Sort  (cost=6352.72..6352.72 rows=1 width=149) (actual time=29.935..29.937 rows=4 loops=1)
Sort  (cost=6351.45..6351.46 rows=1 width=149) (actual time=28.865..28.867 rows=2 loops=1)
Nested Loop  (cost=0.00..6351.15 rows=1 width=158) (actual time=16.571..25.066 rows=2 loops=1)
Nested Loop  (cost=0.00..6351.15 rows=1 width=21) (actual time=11.014..25.188 rows=2 loops=1)
Nested Loop  (cost=0.00..6351.15 rows=1 width=158) (actual time=10.392..24.948 rows=1 loops=1)
Nested Loop  (cost=0.00..6351.15 rows=1 width=21) (actual time=5.161..24.711 rows=2 loops=1)
Nested Loop  (cost=0.00..6351.15 rows=1 width=158) (actual time=19.285..25.449 rows=1 loops=1)
Nested Loop  (cost=0.00..6351.15 rows=1 width=158) (actual time=16.258..25.477 rows=1 loops=1)
Sort  (cost=6351.45..6351.46 rows=1 width=149) (actual time=31.039..31.041 rows=1 loops=1)
Nested Loop  (cost=0.00..6351.15 rows=1 width=21) (actual time=1.030..34.957 rows=2 loops=1)
Sort  (cost=6351.45..6351.46 rows=1 width=149) (actual time=28.886..28.887 rows=1 loops=1)
Sort  (cost=6351.45..6351.46 rows=1 width=149) (actual time=29.512..29.514 rows=3 loops=1)
Nested Loop  (cost=0.00..6351.15 rows=1 width=21) (actual time=19.314..24.784 rows=1 loops=1)
Nested Loop  (cost=0.00..6351.15 rows=1 width=158) (actual time=23.674..24.568 rows=1 loops=1)
Nested Loop  (cost=0.00..6351.15 rows=1 width=403) (actual time=23.629..24.535 rows=1 loops=1)
Nested Loop  (cost=0.00..6351.15 rows=1 width=21) (actual time=3.416..24.540 rows=2 loops=1)
Nested Loop  (cost=0.00..6351.15 rows=1 width=158) (actual time=22.692..24.699 rows=1 loops=1)
Nested Loop  (cost=0.00..6351.15 rows=1 width=403) (actual time=23.107..25.046 rows=1 loops=1)
Sort  (cost=6351.45..6351.46 rows=1 width=149) (actual time=28.872..28.874 rows=1 loops=1)
Nested Loop  (cost=0.00..6351.69 rows=1 width=158) (actual time=4.494..24.915 rows=4 loops=1)
Nested Loop  (cost=0.00..6351.15 rows=1 width=21) (actual time=2.028..24.513 rows=2 loops=1)
Nested Loop  (cost=0.00..6351.15 rows=1 width=21) (actual time=4.058..24.998 rows=2 loops=1)
Nested Loop  (cost=0.00..6351.76 rows=1 width=21) (actual time=2.502..25.272 rows=3 loops=1)
Sort  (cost=6352.94..6352.95 rows=1 width=149) (actual time=31.434..31.436 rows=11 loops=1)
Nested Loop  (cost=0.00..6351.15 rows=1 width=21) (actual time=24.386..25.077 rows=2 loops=1)
Sort  (cost=6351.45..6351.46 rows=1 width=149) (actual time=30.347..30.349 rows=8 loops=1)
Nested Loop  (cost=0.00..6351.15 rows=1 width=21) (actual time=13.370..24.971 rows=2 loops=1)
Nested Loop  (cost=0.00..6351.15 rows=1 width=158) (actual time=13.635..24.514 rows=2 loops=1)
Nested Loop  (cost=0.00..6351.15 rows=1 width=403) (actual time=13.547..24.527 rows=2 loops=1)
Sort  (cost=6351.45..6351.46 rows=1 width=149) (actual time=29.629..29.631 rows=1 loops=1)
Sort  (cost=6351.45..6351.46 rows=1 width=149) (actual time=28.451..28.452 rows=1 loops=1)
Nested Loop  (cost=0.00..6351.15 rows=1 width=21) (actual time=2.818..24.953 rows=2 loops=1)
Nested Loop  (cost=0.00..6351.35 rows=1 width=21) (actual time=6.055..24.357 rows=2 loops=1)
Sort  (cost=6351.45..6351.46 rows=1 width=149) (actual time=28.903..28.905 rows=2 loops=1)
Nested Loop  (cost=0.00..6351.40 rows=1 width=158) (actual time=14.936..25.239 rows=2 loops=1)
Nested Loop  (cost=0.00..6351.82 rows=1 width=21) (actual time=2.471..25.489 rows=4 loops=1)
Sort  (cost=6351.45..6351.46 rows=1 width=149) (actual time=29.494..29.496 rows=2 loops=1)
Nested Loop  (cost=0.00..6351.40 rows=1 width=158) (actual time=4.314..25.063 rows=1 loops=1)
Sort  (cost=6351.45..6351.46 rows=1 width=149) (actual time=29.235..29.237 rows=3 loops=1)
Nested Loop  (cost=0.00..6351.15 rows=1 width=403) (actual time=6.164..24.775 rows=1 loops=1)
Nested Loop  (cost=0.00..6351.15 rows=1 width=21) (actual time=0.985..24.891 rows=2 loops=1)
Nested Loop  (cost=0.00..6351.69 rows=1 width=21) (actual time=9.876..24.410 rows=3 loops=1)
Nested Loop  (cost=0.00..6351.15 rows=1 width=21) (actual time=13.648..24.133 rows=2 loops=1)
Nested Loop  (cost=0.00..6351.15 rows=1 width=21) (actual time=0.911..24.767 rows=2 loops=1)
Nested Loop  (cost=0.00..6351.15 rows=1 width=21) (actual time=2.211..24.919 rows=2 loops=1)
Sort  (cost=6351.45..6351.46 rows=1 width=149) (actual time=29.471..29.472 rows=2 loops=1)
Nested Loop  (cost=0.00..6352.84 rows=1 width=21) (actual time=1.797..26.047 rows=10 loops=1)
Nested Loop  (cost=0.00..6351.15 rows=1 width=158) (actual time=11.818..25.534 rows=1 loops=1)
Nested Loop  (cost=0.00..6351.69 rows=1 width=21) (actual time=9.735..25.382 rows=4 loops=1)
Nested Loop  (cost=0.00..6351.15 rows=1 width=21) (actual time=7.123..24.593 rows=4 loops=1)
Nested Loop  (cost=0.00..6351.15 rows=1 width=158) (actual time=6.863..24.233 rows=3 loops=1)
Nested Loop  (cost=0.00..6351.47 rows=1 width=21) (actual time=7.525..24.594 rows=5 loops=1)
Sort  (cost=6352.80..6352.81 rows=1 width=149) (actual time=30.480..30.483 rows=9 loops=1)
Nested Loop  (cost=0.00..6351.15 rows=1 width=158) (actual time=20.026..24.962 rows=1 loops=1)
Nested Loop  (cost=0.00..6352.64 rows=1 width=21) (actual time=5.194..26.038 rows=4 loops=1)
Sort  (cost=6351.45..6351.46 rows=1 width=149) (actual time=28.249..28.251 rows=3 loops=1)
Sort  (cost=6351.45..6351.46 rows=1 width=149) (actual time=27.930..27.932 rows=2 loops=1)
Nested Loop  (cost=0.00..6351.76 rows=1 width=158) (actual time=15.512..24.761 rows=1 loops=1)
Nested Loop  (cost=0.00..6351.76 rows=1 width=403) (actual time=16.509..26.103 rows=1 loops=1)
Nested Loop  (cost=0.00..6351.15 rows=1 width=21) (actual time=5.831..24.923 rows=2 loops=1)
Sort  (cost=6351.45..6351.46 rows=1 width=149) (actual time=29.253..29.254 rows=1 loops=1)
Nested Loop  (cost=0.00..6351.69 rows=1 width=21) (actual time=3.907..25.526 rows=6 loops=1)
Sort  (cost=6351.45..6351.46 rows=1 width=149) (actual time=29.284..29.286 rows=1 loops=1)
Nested Loop  (cost=0.00..6351.15 rows=1 width=21) (actual time=0.462..24.056 rows=3 loops=1)
Nested Loop  (cost=0.00..6351.47 rows=1 width=158) (actual time=10.105..27.165 rows=1 loops=1)
Sort  (cost=6351.45..6351.46 rows=1 width=149) (actual time=29.252..29.255 rows=4 loops=1)
Sort  (cost=6351.45..6351.46 rows=1 width=149) (actual time=29.302..29.303 rows=1 loops=1)
Nested Loop  (cost=0.00..6351.15 rows=1 width=403) (actual time=21.338..24.769 rows=1 loops=1)
Nested Loop  (cost=0.00..6351.15 rows=1 width=21) (actual time=16.180..24.884 rows=2 loops=1)
Nested Loop  (cost=0.00..6351.15 rows=1 width=158) (actual time=7.103..24.963 rows=1 loops=1)
Nested Loop  (cost=0.00..6351.56 rows=1 width=21) (actual time=3.885..25.546 rows=5 loops=1)
Nested Loop  (cost=0.00..6351.15 rows=1 width=21) (actual time=12.288..32.243 rows=2 loops=1)
Nested Loop  (cost=0.00..6351.64 rows=1 width=21) (actual time=4.003..27.090 rows=6 loops=1)
Nested Loop  (cost=0.00..6351.15 rows=1 width=21) (actual time=5.306..24.589 rows=2 loops=1)
Sort  (cost=6351.45..6351.46 rows=1 width=149) (actual time=29.735..29.736 rows=1 loops=1)
Nested Loop  (cost=0.00..6353.26 rows=1 width=21) (actual time=2.377..25.874 rows=10 loops=1)
Nested Loop  (cost=0.00..6351.53 rows=1 width=21) (actual time=0.971..25.140 rows=6 loops=1)
Nested Loop  (cost=0.00..6351.15 rows=1 width=21) (actual time=27.046..28.366 rows=2 loops=1)
Nested Loop  (cost=0.00..6351.82 rows=1 width=21) (actual time=4.667..25.658 rows=6 loops=1)
Nested Loop  (cost=0.00..6351.40 rows=1 width=21) (actual time=6.225..24.872 rows=2 loops=1)
Sort  (cost=6351.45..6351.46 rows=1 width=149) (actual time=30.678..30.680 rows=2 loops=1)
Nested Loop  (cost=0.00..6351.15 rows=1 width=21) (actual time=2.985..24.573 rows=3 loops=1)
Sort  (cost=6351.45..6351.46 rows=1 width=149) (actual time=29.296..29.298 rows=3 loops=1)
Sort  (cost=6356.36..6356.37 rows=1 width=149) (actual time=30.404..30.407 rows=19 loops=1)
Nested Loop  (cost=0.00..6351.15 rows=1 width=21) (actual time=18.997..25.997 rows=2 loops=1)
Nested Loop  (cost=0.00..6351.15 rows=1 width=21) (actual time=8.115..24.861 rows=2 loops=1)
Sort  (cost=6351.45..6351.46 rows=1 width=149) (actual time=32.241..32.242 rows=1 loops=1)
Nested Loop  (cost=0.00..6351.15 rows=1 width=21) (actual time=14.047..33.087 rows=3 loops=1)
Nested Loop  (cost=0.00..6351.15 rows=1 width=21) (actual time=1.977..24.915 rows=2 loops=1)
Nested Loop  (cost=0.00..6351.67 rows=1 width=158) (actual time=7.561..25.169 rows=2 loops=1)
Nested Loop  (cost=0.00..6351.15 rows=1 width=21) (actual time=6.692..25.154 rows=2 loops=1)
Nested Loop  (cost=0.00..6351.15 rows=1 width=21) (actual time=11.347..24.906 rows=2 loops=1)
Nested Loop  (cost=0.00..6351.15 rows=1 width=21) (actual time=5.290..25.004 rows=3 loops=1)
Sort  (cost=6351.45..6351.46 rows=1 width=149) (actual time=29.255..29.257 rows=1 loops=1)
Nested Loop  (cost=0.00..6351.53 rows=1 width=21) (actual time=7.717..24.924 rows=4 loops=1)
Nested Loop  (cost=0.00..6351.15 rows=1 width=158) (actual time=20.740..24.438 rows=1 loops=1)
Nested Loop  (cost=0.00..6351.15 rows=1 width=158) (actual time=28.200..37.188 rows=1 loops=1)
Nested Loop  (cost=0.00..6351.69 rows=1 width=158) (actual time=5.779..25.219 rows=7 loops=1)
Nested Loop  (cost=0.00..6351.38 rows=1 width=158) (actual time=18.029..24.747 rows=1 loops=1)
Nested Loop  (cost=0.00..6351.58 rows=1 width=21) (actual time=2.315..24.736 rows=3 loops=1)
Nested Loop  (cost=0.00..6351.15 rows=1 width=158) (actual time=3.020..24.505 rows=1 loops=1)
Nested Loop  (cost=0.00..6351.15 rows=1 width=21) (actual time=11.901..24.437 rows=2 loops=1)
Nested Loop  (cost=0.00..6351.15 rows=1 width=21) (actual time=10.706..24.933 rows=2 loops=1)
Nested Loop  (cost=0.00..6351.15 rows=1 width=158) (actual time=15.938..24.933 rows=1 loops=1)
Nested Loop  (cost=0.00..6351.84 rows=1 width=21) (actual time=3.658..25.707 rows=3 loops=1)
Nested Loop  (cost=0.00..6351.15 rows=1 width=158) (actual time=16.575..24.959 rows=1 loops=1)
Sort  (cost=6351.45..6351.46 rows=1 width=149) (actual time=28.873..28.875 rows=1 loops=1)
Nested Loop  (cost=0.00..6351.15 rows=1 width=21) (actual time=12.894..24.823 rows=2 loops=1)
Sort  (cost=6353.18..6353.18 rows=1 width=149) (actual time=29.998..30.000 rows=8 loops=1)
Sort  (cost=6351.45..6351.46 rows=1 width=149) (actual time=29.136..29.138 rows=2 loops=1)
Sort  (cost=6351.45..6351.46 rows=1 width=149) (actual time=29.707..29.709 rows=7 loops=1)
Nested Loop  (cost=0.00..6351.15 rows=1 width=158) (actual time=22.576..25.085 rows=1 loops=1)
Nested Loop  (cost=0.00..6351.15 rows=1 width=21) (actual time=4.089..24.748 rows=2 loops=1)
Nested Loop  (cost=0.00..6352.64 rows=1 width=21) (actual time=2.901..25.818 rows=7 loops=1)
Nested Loop  (cost=0.00..6351.15 rows=1 width=21) (actual time=15.270..24.771 rows=2 loops=1)
Sort  (cost=6351.45..6351.46 rows=1 width=149) (actual time=29.120..29.122 rows=2 loops=1)
Nested Loop  (cost=0.00..6351.15 rows=1 width=21) (actual time=4.137..24.512 rows=3 loops=1)
Sort  (cost=6351.45..6351.46 rows=1 width=149) (actual time=28.925..28.927 rows=1 loops=1)
Nested Loop  (cost=0.00..6351.15 rows=1 width=21) (actual time=3.067..24.296 rows=2 loops=1)
Sort  (cost=6351.45..6351.46 rows=1 width=149) (actual time=28.863..28.864 rows=1 loops=1)
Sort  (cost=6351.45..6351.46 rows=1 width=149) (actual time=29.002..29.003 rows=1 loops=1)
Nested Loop  (cost=0.00..6351.64 rows=1 width=21) (actual time=3.817..42.877 rows=5 loops=1)
Sort  (cost=6351.45..6351.46 rows=1 width=149) (actual time=29.386..29.389 rows=3 loops=1)
Nested Loop  (cost=0.00..6351.67 rows=1 width=158) (actual time=4.799..25.010 rows=3 loops=1)
Nested Loop  (cost=0.00..6351.15 rows=1 width=21) (actual time=2.512..25.783 rows=2 loops=1)
Nested Loop  (cost=0.00..6351.64 rows=1 width=158) (actual time=2.960..26.179 rows=4 loops=1)
Nested Loop  (cost=0.00..6351.15 rows=1 width=21) (actual time=3.641..25.079 rows=2 loops=1)
Nested Loop  (cost=0.00..6351.15 rows=1 width=21) (actual time=3.665..24.926 rows=2 loops=1)
Nested Loop  (cost=0.00..6351.15 rows=1 width=158) (actual time=20.844..24.479 rows=1 loops=1)
Nested Loop  (cost=0.00..6351.15 rows=1 width=21) (actual time=8.787..29.618 rows=2 loops=1)
Nested Loop  (cost=0.00..6351.84 rows=1 width=21) (actual time=0.242..26.344 rows=3 loops=1)
Nested Loop  (cost=0.00..6351.15 rows=1 width=21) (actual time=21.956..25.097 rows=2 loops=1)
Sort  (cost=6351.45..6351.46 rows=1 width=149) (actual time=29.135..29.137 rows=3 loops=1)
Sort  (cost=6351.45..6351.46 rows=1 width=149) (actual time=32.299..32.301 rows=2 loops=1)
Sort  (cost=6351.45..6351.46 rows=1 width=149) (actual time=30.041..30.044 rows=7 loops=1)
Nested Loop  (cost=0.00..6351.15 rows=1 width=21) (actual time=0.790..24.788 rows=2 loops=1)
Nested Loop  (cost=0.00..6351.15 rows=1 width=21) (actual time=2.978..24.366 rows=2 loops=1)
Nested Loop  (cost=0.00..6351.47 rows=1 width=21) (actual time=11.390..25.303 rows=5 loops=1)
Nested Loop  (cost=0.00..6351.15 rows=1 width=21) (actual time=12.559..27.673 rows=2 loops=1)
Nested Loop  (cost=0.00..6352.84 rows=1 width=21) (actual time=12.214..30.845 rows=5 loops=1)
Nested Loop  (cost=0.00..6352.07 rows=1 width=21) (actual time=0.522..26.529 rows=4 loops=1)
Sort  (cost=6351.45..6351.46 rows=1 width=149) (actual time=29.885..29.887 rows=3 loops=1)
Sort  (cost=6351.45..6351.46 rows=1 width=149) (actual time=29.943..29.945 rows=1 loops=1)
Nested Loop  (cost=0.00..6351.58 rows=1 width=21) (actual time=4.828..31.578 rows=4 loops=1)
Nested Loop  (cost=0.00..6351.15 rows=1 width=21) (actual time=9.134..24.328 rows=2 loops=1)
Nested Loop  (cost=0.00..6352.84 rows=1 width=21) (actual time=7.549..25.689 rows=12 loops=1)
Nested Loop  (cost=0.00..6351.15 rows=1 width=21) (actual time=4.385..25.169 rows=2 loops=1)
Nested Loop  (cost=0.00..6351.15 rows=1 width=21) (actual time=2.738..24.922 rows=2 loops=1)
Sort  (cost=6351.45..6351.46 rows=1 width=149) (actual time=28.090..28.091 rows=1 loops=1)
Nested Loop  (cost=0.00..6351.90 rows=1 width=21) (actual time=4.643..25.586 rows=5 loops=1)
Nested Loop  (cost=0.00..6351.40 rows=1 width=21) (actual time=0.118..27.342 rows=3 loops=1)
Sort  (cost=6351.45..6351.46 rows=1 width=149) (actual time=29.180..29.182 rows=1 loops=1)
Nested Loop  (cost=0.00..6351.38 rows=1 width=158) (actual time=14.513..24.297 rows=1 loops=1)
Nested Loop  (cost=0.00..6351.15 rows=1 width=21) (actual time=9.056..24.892 rows=2 loops=1)
Nested Loop  (cost=0.00..6351.40 rows=1 width=21) (actual time=11.754..25.958 rows=2 loops=1)
Sort  (cost=6351.45..6351.46 rows=1 width=149) (actual time=29.357..29.359 rows=1 loops=1)
Sort  (cost=6351.45..6351.46 rows=1 width=149) (actual time=29.173..29.175 rows=1 loops=1)
Nested Loop  (cost=0.00..6351.15 rows=1 width=21) (actual time=1.822..26.211 rows=2 loops=1)
Nested Loop  (cost=0.00..6351.15 rows=1 width=158) (actual time=22.769..25.145 rows=1 loops=1)
Nested Loop  (cost=0.00..6351.15 rows=1 width=158) (actual time=11.774..24.126 rows=1 loops=1)
Nested Loop  (cost=0.00..6353.26 rows=1 width=21) (actual time=1.949..25.551 rows=7 loops=1)
Nested Loop  (cost=0.00..6351.35 rows=1 width=158) (actual time=14.047..24.352 rows=1 loops=1)
Nested Loop  (cost=0.00..6351.40 rows=1 width=158) (actual time=1.828..24.916 rows=2 loops=1)
Sort  (cost=6351.45..6351.46 rows=1 width=149) (actual time=29.086..29.088 rows=1 loops=1)
Sort  (cost=6351.45..6351.46 rows=1 width=149) (actual time=28.239..28.241 rows=2 loops=1)
Nested Loop  (cost=0.00..6351.15 rows=1 width=21) (actual time=4.127..24.297 rows=2 loops=1)
Sort  (cost=6362.35..6362.36 rows=1 width=149) (actual time=29.506..29.510 rows=39 loops=1)
Nested Loop  (cost=0.00..6351.15 rows=1 width=403) (actual time=6.199..24.679 rows=1 loops=1)
Nested Loop  (cost=0.00..6351.15 rows=1 width=21) (actual time=7.925..25.004 rows=2 loops=1)
Nested Loop  (cost=0.00..6351.15 rows=1 width=21) (actual time=3.080..25.030 rows=3 loops=1)
Sort  (cost=6351.45..6351.46 rows=1 width=149) (actual time=30.191..30.194 rows=13 loops=1)
Nested Loop  (cost=0.00..6351.15 rows=1 width=403) (actual time=13.542..24.727 rows=1 loops=1)
Nested Loop  (cost=0.00..6351.15 rows=1 width=21) (actual time=6.880..24.715 rows=2 loops=1)
Nested Loop  (cost=0.00..6353.26 rows=1 width=21) (actual time=1.353..25.994 rows=6 loops=1)
Nested Loop  (cost=0.00..6351.15 rows=1 width=21) (actual time=8.943..25.374 rows=2 loops=1)
Nested Loop  (cost=0.00..6351.15 rows=1 width=21) (actual time=9.277..24.633 rows=2 loops=1)
Sort  (cost=6351.45..6351.46 rows=1 width=149) (actual time=30.534..30.536 rows=8 loops=1)
Sort  (cost=6351.45..6351.46 rows=1 width=149) (actual time=29.828..29.830 rows=2 loops=1)
Sort  (cost=6351.45..6351.46 rows=1 width=149) (actual time=28.727..28.729 rows=1 loops=1)
Nested Loop  (cost=0.00..6353.26 rows=1 width=21) (actual time=1.636..26.450 rows=4 loops=1)
Sort  (cost=6351.45..6351.46 rows=1 width=149) (actual time=28.887..28.888 rows=2 loops=1)
Nested Loop  (cost=0.00..6351.15 rows=1 width=21) (actual time=4.597..24.738 rows=2 loops=1)
Nested Loop  (cost=0.00..6351.56 rows=1 width=158) (actual time=21.191..24.630 rows=2 loops=1)
Nested Loop  (cost=0.00..6351.15 rows=1 width=21) (actual time=8.038..24.140 rows=3 loops=1)
Sort  (cost=6351.45..6351.46 rows=1 width=149) (actual time=29.099..29.101 rows=1 loops=1)
Nested Loop  (cost=0.00..6351.76 rows=1 width=21) (actual time=9.116..25.223 rows=5 loops=1)
Nested Loop  (cost=0.00..6351.15 rows=1 width=21) (actual time=23.377..32.902 rows=2 loops=1)
Sort  (cost=6351.45..6351.46 rows=1 width=149) (actual time=30.232..30.233 rows=5 loops=1)
Nested Loop  (cost=0.00..6351.15 rows=1 width=158) (actual time=11.071..27.066 rows=1 loops=1)
Nested Loop  (cost=0.00..6351.15 rows=1 width=158) (actual time=15.616..24.790 rows=1 loops=1)
Nested Loop  (cost=0.00..6351.15 rows=1 width=21) (actual time=17.001..24.871 rows=2 loops=1)
Nested Loop  (cost=0.00..6351.15 rows=1 width=21) (actual time=11.197..24.559 rows=2 loops=1)
Sort  (cost=6351.45..6351.46 rows=1 width=149) (actual time=29.936..29.938 rows=3 loops=1)
Nested Loop  (cost=0.00..6351.58 rows=1 width=21) (actual time=18.093..28.910 rows=3 loops=1)
Nested Loop  (cost=0.00..6351.15 rows=1 width=21) (actual time=3.706..25.220 rows=3 loops=1)
Nested Loop  (cost=0.00..6351.82 rows=1 width=21) (actual time=13.404..26.898 rows=2 loops=1)
Nested Loop  (cost=0.00..6351.15 rows=1 width=158) (actual time=4.410..24.621 rows=2 loops=1)
Nested Loop  (cost=0.00..6351.15 rows=1 width=158) (actual time=23.496..24.683 rows=1 loops=1)
Nested Loop  (cost=0.00..6351.15 rows=1 width=21) (actual time=6.086..24.711 rows=2 loops=1)
Sort  (cost=6351.45..6351.46 rows=1 width=149) (actual time=29.367..29.369 rows=1 loops=1)
Nested Loop  (cost=0.00..6351.35 rows=1 width=21) (actual time=9.442..24.883 rows=3 loops=1)
Nested Loop  (cost=0.00..6351.40 rows=1 width=21) (actual time=10.106..25.174 rows=3 loops=1)
Nested Loop  (cost=0.00..6351.15 rows=1 width=21) (actual time=4.711..25.310 rows=1 loops=1)
Sort  (cost=6351.45..6351.46 rows=1 width=149) (actual time=29.160..29.163 rows=2 loops=1)
Nested Loop  (cost=0.00..6351.15 rows=1 width=21) (actual time=5.360..24.335 rows=4 loops=1)
Nested Loop  (cost=0.00..6351.15 rows=1 width=158) (actual time=13.491..24.359 rows=1 loops=1)
Nested Loop  (cost=0.00..6351.15 rows=1 width=403) (actual time=14.619..25.819 rows=1 loops=1)
Sort  (cost=6351.45..6351.46 rows=1 width=149) (actual time=29.165..29.166 rows=3 loops=1)
Nested Loop  (cost=0.00..6351.15 rows=1 width=21) (actual time=9.475..24.031 rows=2 loops=1)
Nested Loop  (cost=0.00..6351.15 rows=1 width=21) (actual time=14.454..24.175 rows=3 loops=1)
Nested Loop  (cost=0.00..6352.07 rows=1 width=21) (actual time=9.675..25.529 rows=4 loops=1)
Nested Loop  (cost=0.00..6351.15 rows=1 width=158) (actual time=10.476..24.817 rows=1 loops=1)
Nested Loop  (cost=0.00..6351.15 rows=1 width=21) (actual time=10.449..25.159 rows=3 loops=1)
Nested Loop  (cost=0.00..6351.69 rows=1 width=158) (actual time=11.889..25.092 rows=2 loops=1)
Nested Loop  (cost=0.00..6351.15 rows=1 width=21) (actual time=2.179..24.167 rows=2 loops=1)
Nested Loop  (cost=0.00..6351.15 rows=1 width=21) (actual time=1.672..24.411 rows=3 loops=1)
Nested Loop  (cost=0.00..6351.15 rows=1 width=158) (actual time=18.308..24.684 rows=1 loops=1)
Nested Loop  (cost=0.00..6351.15 rows=1 width=21) (actual time=3.802..24.851 rows=3 loops=1)
Sort  (cost=6355.75..6355.75 rows=1 width=149) (actual time=29.622..29.624 rows=17 loops=1)
Nested Loop  (cost=0.00..6351.15 rows=1 width=21) (actual time=10.058..24.888 rows=3 loops=1)
Nested Loop  (cost=0.00..6351.15 rows=1 width=21) (actual time=14.639..24.872 rows=4 loops=1)
Sort  (cost=6351.45..6351.46 rows=1 width=149) (actual time=29.102..29.104 rows=1 loops=1)
Nested Loop  (cost=0.00..6351.35 rows=1 width=21) (actual time=21.083..25.164 rows=2 loops=1)
Nested Loop  (cost=0.00..6351.15 rows=1 width=158) (actual time=8.161..24.885 rows=1 loops=1)
Sort  (cost=6351.45..6351.46 rows=1 width=149) (actual time=29.270..29.272 rows=1 loops=1)
Nested Loop  (cost=0.00..6351.53 rows=1 width=158) (actual time=2.231..25.264 rows=2 loops=1)
Nested Loop  (cost=0.00..6351.15 rows=1 width=21) (actual time=1.696..24.304 rows=2 loops=1)
Nested Loop  (cost=0.00..6351.15 rows=1 width=158) (actual time=21.534..24.447 rows=1 loops=1)
Sort  (cost=6351.45..6351.46 rows=1 width=149) (actual time=29.511..29.513 rows=1 loops=1)
Nested Loop  (cost=0.00..6351.40 rows=1 width=21) (actual time=11.368..25.028 rows=2 loops=1)
Nested Loop  (cost=0.00..6351.15 rows=1 width=158) (actual time=23.026..24.751 rows=1 loops=1)
Nested Loop  (cost=0.00..6351.69 rows=1 width=21) (actual time=0.470..25.337 rows=4 loops=1)
Nested Loop  (cost=0.00..6351.15 rows=1 width=158) (actual time=9.995..24.516 rows=1 loops=1)
Nested Loop  (cost=0.00..6351.38 rows=1 width=21) (actual time=4.192..27.394 rows=2 loops=1)
Sort  (cost=6351.45..6351.46 rows=1 width=149) (actual time=28.398..28.400 rows=1 loops=1)
Nested Loop  (cost=0.00..6351.15 rows=1 width=158) (actual time=7.511..25.088 rows=2 loops=1)
Sort  (cost=6351.45..6351.46 rows=1 width=149) (actual time=33.133..33.136 rows=3 loops=1)
Sort  (cost=6351.45..6351.46 rows=1 width=149) (actual time=28.892..28.894 rows=2 loops=1)
Nested Loop  (cost=0.00..6351.40 rows=1 width=21) (actual time=12.016..24.822 rows=2 loops=1)
Nested Loop  (cost=0.00..6351.15 rows=1 width=158) (actual time=14.493..24.846 rows=1 loops=1)
Nested Loop  (cost=0.00..6351.15 rows=1 width=403) (actual time=14.637..24.726 rows=1 loops=1)
Sort  (cost=6351.45..6351.46 rows=1 width=149) (actual time=29.778..29.780 rows=1 loops=1)
Sort  (cost=6351.45..6351.46 rows=1 width=149) (actual time=28.669..28.670 rows=1 loops=1)
Nested Loop  (cost=0.00..6351.15 rows=1 width=21) (actual time=13.834..25.119 rows=2 loops=1)
Sort  (cost=6351.45..6351.46 rows=1 width=149) (actual time=29.686..29.688 rows=3 loops=1)
Nested Loop  (cost=0.00..6351.49 rows=1 width=21) (actual time=1.509..24.944 rows=5 loops=1)
Sort  (cost=6351.45..6351.46 rows=1 width=149) (actual time=35.614..35.616 rows=3 loops=1)
Sort  (cost=6351.45..6351.46 rows=1 width=149) (actual time=28.722..28.724 rows=1 loops=1)
Nested Loop  (cost=0.00..6351.15 rows=1 width=21) (actual time=2.819..24.564 rows=2 loops=1)
Sort  (cost=6351.45..6351.46 rows=1 width=149) (actual time=32.202..32.204 rows=2 loops=1)
Sort  (cost=6351.45..6351.46 rows=1 width=149) (actual time=30.540..30.543 rows=1 loops=1)
Nested Loop  (cost=0.00..6351.76 rows=1 width=21) (actual time=2.042..26.142 rows=3 loops=1)
Sort  (cost=6351.45..6351.46 rows=1 width=149) (actual time=28.599..28.601 rows=2 loops=1)
Sort  (cost=6351.45..6351.46 rows=1 width=149) (actual time=29.412..29.414 rows=1 loops=1)
Nested Loop  (cost=0.00..6351.15 rows=1 width=403) (actual time=2.704..25.019 rows=1 loops=1)
Nested Loop  (cost=0.00..6351.15 rows=1 width=21) (actual time=5.792..25.674 rows=2 loops=1)
Nested Loop  (cost=0.00..6351.15 rows=1 width=21) (actual time=17.326..25.696 rows=2 loops=1)
Nested Loop  (cost=0.00..6351.15 rows=1 width=158) (actual time=22.944..24.600 rows=1 loops=1)
Sort  (cost=6351.45..6351.46 rows=1 width=149) (actual time=29.799..29.802 rows=2 loops=1)
Sort  (cost=6351.45..6351.46 rows=1 width=149) (actual time=30.671..30.673 rows=2 loops=1)
Sort  (cost=6351.45..6351.46 rows=1 width=149) (actual time=28.955..28.957 rows=1 loops=1)
Nested Loop  (cost=0.00..6351.15 rows=1 width=158) (actual time=2.860..24.863 rows=1 loops=1)
Nested Loop  (cost=0.00..6351.15 rows=1 width=403) (actual time=2.976..33.076 rows=1 loops=1)
Nested Loop  (cost=0.00..6351.15 rows=1 width=21) (actual time=1.481..25.203 rows=1 loops=1)
Nested Loop  (cost=0.00..6351.15 rows=1 width=21) (actual time=2.309..25.830 rows=2 loops=1)
Nested Loop  (cost=0.00..6351.15 rows=1 width=21) (actual time=20.879..24.919 rows=2 loops=1)
Sort  (cost=6351.45..6351.46 rows=1 width=149) (actual time=29.521..29.523 rows=4 loops=1)
Nested Loop  (cost=0.00..6351.15 rows=1 width=21) (actual time=11.257..25.181 rows=2 loops=1)
Nested Loop  (cost=0.00..6351.15 rows=1 width=21) (actual time=8.794..24.797 rows=3 loops=1)
Nested Loop  (cost=0.00..6351.15 rows=1 width=21) (actual time=6.252..24.227 rows=2 loops=1)
Sort  (cost=6351.45..6351.46 rows=1 width=149) (actual time=28.929..28.931 rows=3 loops=1)
Nested Loop  (cost=0.00..6351.15 rows=1 width=21) (actual time=2.581..25.993 rows=5 loops=1)
Nested Loop  (cost=0.00..6351.38 rows=1 width=158) (actual time=8.307..25.104 rows=1 loops=1)
Nested Loop  (cost=0.00..6351.15 rows=1 width=21) (actual time=7.204..25.015 rows=2 loops=1)
Sort  (cost=6351.45..6351.46 rows=1 width=149) (actual time=29.704..29.707 rows=2 loops=1)
Nested Loop  (cost=0.00..6351.15 rows=1 width=21) (actual time=8.321..24.538 rows=3 loops=1)
Nested Loop  (cost=0.00..6351.40 rows=1 width=21) (actual time=3.343..24.923 rows=3 loops=1)
Sort  (cost=6351.45..6351.46 rows=1 width=149) (actual time=30.357..30.359 rows=4 loops=1)
Nested Loop  (cost=0.00..6351.15 rows=1 width=21) (actual time=13.760..25.743 rows=2 loops=1)
Sort  (cost=6351.45..6351.46 rows=1 width=149) (actual time=28.908..28.910 rows=3 loops=1)
Nested Loop  (cost=0.00..6351.15 rows=1 width=21) (actual time=7.824..25.595 rows=3 loops=1)
Nested Loop  (cost=0.00..6351.38 rows=1 width=158) (actual time=9.147..24.622 rows=1 loops=1)
Nested Loop  (cost=0.00..6351.15 rows=1 width=21) (actual time=3.272..24.864 rows=3 loops=1)
Nested Loop  (cost=0.00..6351.49 rows=1 width=21) (actual time=5.633..25.278 rows=5 loops=1)
Nested Loop  (cost=0.00..6351.15 rows=1 width=158) (actual time=1.774..25.035 rows=1 loops=1)
Sort  (cost=6351.45..6351.46 rows=1 width=149) (actual time=29.582..29.583 rows=1 loops=1)
Sort  (cost=6351.45..6351.46 rows=1 width=149) (actual time=29.166..29.168 rows=4 loops=1)
Sort  (cost=6353.18..6353.18 rows=1 width=149) (actual time=30.640..30.643 rows=8 loops=1)
Sort  (cost=6351.45..6351.46 rows=1 width=149) (actual time=30.498..30.500 rows=1 loops=1)
Sort  (cost=6351.45..6351.46 rows=1 width=149) (actual time=29.415..29.417 rows=4 loops=1)
Nested Loop  (cost=0.00..6351.82 rows=1 width=158) (actual time=2.470..25.261 rows=4 loops=1)
Nested Loop  (cost=0.00..6351.44 rows=1 width=21) (actual time=18.114..24.368 rows=3 loops=1)
Nested Loop  (cost=0.00..6351.82 rows=1 width=21) (actual time=3.436..24.762 rows=4 loops=1)
Sort  (cost=6351.45..6351.46 rows=1 width=149) (actual time=28.681..28.683 rows=1 loops=1)
Nested Loop  (cost=0.00..6351.15 rows=1 width=21) (actual time=11.145..24.829 rows=2 loops=1)
Sort  (cost=6351.45..6351.46 rows=1 width=149) (actual time=28.881..28.882 rows=1 loops=1)
Nested Loop  (cost=0.00..6351.15 rows=1 width=403) (actual time=16.356..24.052 rows=1 loops=1)
Nested Loop  (cost=0.00..6351.40 rows=1 width=21) (actual time=10.983..31.846 rows=3 loops=1)
Nested Loop  (cost=0.00..6351.15 rows=1 width=21) (actual time=13.121..24.405 rows=2 loops=1)
Nested Loop  (cost=0.00..6351.15 rows=1 width=158) (actual time=9.066..24.603 rows=1 loops=1)
Nested Loop  (cost=0.00..6351.15 rows=1 width=158) (actual time=2.301..30.393 rows=1 loops=1)
Nested Loop  (cost=0.00..6351.15 rows=1 width=158) (actual time=16.740..24.634 rows=2 loops=1)
Sort  (cost=6351.45..6351.46 rows=1 width=149) (actual time=37.157..37.159 rows=1 loops=1)
Nested Loop  (cost=0.00..6351.15 rows=1 width=21) (actual time=3.754..24.685 rows=2 loops=1)
Nested Loop  (cost=0.00..6351.15 rows=1 width=21) (actual time=5.086..30.882 rows=2 loops=1)
Nested Loop  (cost=0.00..6351.90 rows=1 width=21) (actual time=3.420..25.025 rows=3 loops=1)
Sort  (cost=6351.45..6351.46 rows=1 width=149) (actual time=29.263..29.265 rows=1 loops=1)
Nested Loop  (cost=0.00..6351.84 rows=1 width=158) (actual time=2.621..25.046 rows=3 loops=1)
Sort  (cost=6352.91..6352.92 rows=1 width=149) (actual time=30.722..30.724 rows=7 loops=1)
Nested Loop  (cost=0.00..6351.15 rows=1 width=21) (actual time=3.769..25.025 rows=2 loops=1)
Sort  (cost=6351.45..6351.46 rows=1 width=149) (actual time=29.371..29.373 rows=2 loops=1)
Sort  (cost=6351.45..6351.46 rows=1 width=149) (actual time=29.098..29.099 rows=1 loops=1)
Sort  (cost=6351.45..6351.46 rows=1 width=149) (actual time=33.776..33.778 rows=1 loops=1)
Nested Loop  (cost=0.00..6351.15 rows=1 width=21) (actual time=2.472..25.652 rows=3 loops=1)
Nested Loop  (cost=0.00..6351.44 rows=1 width=21) (actual time=8.031..28.422 rows=4 loops=1)
Nested Loop  (cost=0.00..6351.15 rows=1 width=21) (actual time=8.930..25.145 rows=2 loops=1)
Nested Loop  (cost=0.00..6351.15 rows=1 width=21) (actual time=0.831..25.101 rows=2 loops=1)
Nested Loop  (cost=0.00..6351.15 rows=1 width=21) (actual time=3.210..25.041 rows=3 loops=1)
Sort  (cost=6351.45..6351.46 rows=1 width=149) (actual time=27.971..27.972 rows=2 loops=1)
Nested Loop  (cost=0.00..6351.15 rows=1 width=403) (actual time=14.103..24.094 rows=1 loops=1)
Nested Loop  (cost=0.00..6351.15 rows=1 width=158) (actual time=2.979..24.160 rows=1 loops=1)
Nested Loop  (cost=0.00..6351.15 rows=1 width=403) (actual time=2.985..24.595 rows=1 loops=1)
Nested Loop  (cost=0.00..6351.15 rows=1 width=158) (actual time=14.488..24.339 rows=1 loops=1)
Nested Loop  (cost=0.00..6351.58 rows=1 width=21) (actual time=2.510..24.893 rows=3 loops=1)
Sort  (cost=6351.45..6351.46 rows=1 width=149) (actual time=43.645..43.648 rows=5 loops=1)
Nested Loop  (cost=0.00..6351.73 rows=1 width=21) (actual time=1.951..26.119 rows=2 loops=1)
Sort  (cost=6351.45..6351.46 rows=1 width=149) (actual time=29.491..29.493 rows=4 loops=1)
Sort  (cost=6351.45..6351.46 rows=1 width=149) (actual time=29.318..29.319 rows=3 loops=1)
Sort  (cost=6351.45..6351.46 rows=1 width=149) (actual time=30.187..30.188 rows=6 loops=1)
Nested Loop  (cost=0.00..6351.67 rows=1 width=21) (actual time=3.595..25.183 rows=6 loops=1)
Nested Loop  (cost=0.00..6351.82 rows=1 width=158) (actual time=10.455..25.362 rows=3 loops=1)
Nested Loop  (cost=0.00..6351.15 rows=1 width=21) (actual time=7.688..25.850 rows=2 loops=1)
Nested Loop  (cost=0.00..6351.15 rows=1 width=21) (actual time=3.167..25.864 rows=3 loops=1)
Nested Loop  (cost=0.00..6351.15 rows=1 width=158) (actual time=17.503..24.954 rows=2 loops=1)
Nested Loop  (cost=0.00..6351.15 rows=1 width=158) (actual time=22.981..25.276 rows=1 loops=1)
Nested Loop  (cost=0.00..6351.15 rows=1 width=21) (actual time=8.130..24.240 rows=2 loops=1)
Nested Loop  (cost=0.00..6351.15 rows=1 width=21) (actual time=10.024..24.889 rows=2 loops=1)
Nested Loop  (cost=0.00..6351.84 rows=1 width=21) (actual time=4.554..25.504 rows=7 loops=1)
Nested Loop  (cost=0.00..6351.49 rows=1 width=21) (actual time=1.523..25.155 rows=5 loops=1)
Nested Loop  (cost=0.00..6351.15 rows=1 width=21) (actual time=8.871..24.760 rows=2 loops=1)
Nested Loop  (cost=0.00..6351.64 rows=1 width=21) (actual time=3.974..24.575 rows=4 loops=1)
Nested Loop  (cost=0.00..6351.15 rows=1 width=158) (actual time=9.458..24.405 rows=2 loops=1)
Sort  (cost=6351.45..6351.46 rows=1 width=149) (actual time=29.454..29.456 rows=3 loops=1)
Nested Loop  (cost=0.00..6351.15 rows=1 width=21) (actual time=2.622..24.937 rows=2 loops=1)
Nested Loop  (cost=0.00..6351.15 rows=1 width=21) (actual time=3.974..24.771 rows=2 loops=1)
Nested Loop  (cost=0.00..6351.15 rows=1 width=21) (actual time=2.280..24.599 rows=3 loops=1)
Nested Loop  (cost=0.00..6351.15 rows=1 width=21) (actual time=6.555..24.682 rows=3 loops=1)
Sort  (cost=6351.45..6351.46 rows=1 width=149) (actual time=28.974..28.976 rows=1 loops=1)
Nested Loop  (cost=0.00..6351.15 rows=1 width=158) (actual time=1.745..25.032 rows=4 loops=1)
Sort  (cost=6351.45..6351.46 rows=1 width=149) (actual time=29.034..29.036 rows=1 loops=1)
Sort  (cost=6355.81..6355.82 rows=1 width=149) (actual time=29.558..29.561 rows=21 loops=1)
Nested Loop  (cost=0.00..6351.15 rows=1 width=158) (actual time=22.308..25.207 rows=1 loops=1)
Sort  (cost=6351.45..6351.46 rows=1 width=149) (actual time=29.814..29.816 rows=8 loops=1)
Nested Loop  (cost=0.00..6351.15 rows=1 width=158) (actual time=20.099..24.810 rows=1 loops=1)
Nested Loop  (cost=0.00..6351.15 rows=1 width=21) (actual time=23.104..25.858 rows=2 loops=1)
Sort  (cost=6351.45..6351.46 rows=1 width=149) (actual time=29.215..29.217 rows=1 loops=1)
Sort  (cost=6351.45..6351.46 rows=1 width=149) (actual time=43.944..43.951 rows=2 loops=1)
Sort  (cost=6355.41..6355.42 rows=1 width=149) (actual time=28.947..28.950 rows=23 loops=1)
Sort  (cost=6351.45..6351.46 rows=1 width=149) (actual time=29.226..29.228 rows=1 loops=1)
Nested Loop  (cost=0.00..6351.15 rows=1 width=21) (actual time=9.183..24.984 rows=3 loops=1)
Nested Loop  (cost=0.00..6351.15 rows=1 width=21) (actual time=3.708..24.848 rows=2 loops=1)
Nested Loop  (cost=0.00..6351.15 rows=1 width=158) (actual time=12.130..30.993 rows=1 loops=1)
Sort  (cost=6351.45..6351.46 rows=1 width=149) (actual time=31.055..31.057 rows=3 loops=1)
Nested Loop  (cost=0.00..6351.15 rows=1 width=158) (actual time=22.335..27.762 rows=1 loops=1)
Nested Loop  (cost=0.00..6351.64 rows=1 width=21) (actual time=4.876..25.721 rows=5 loops=1)
Nested Loop  (cost=0.00..6351.15 rows=1 width=21) (actual time=20.447..24.793 rows=2 loops=1)
Nested Loop  (cost=0.00..6351.15 rows=1 width=21) (actual time=8.869..24.800 rows=2 loops=1)
Sort  (cost=6351.45..6351.46 rows=1 width=149) (actual time=31.568..31.570 rows=1 loops=1)
Nested Loop  (cost=0.00..6351.35 rows=1 width=21) (actual time=5.697..25.315 rows=4 loops=1)
Sort  (cost=6355.84..6355.84 rows=1 width=149) (actual time=29.589..29.592 rows=23 loops=1)
Sort  (cost=6351.45..6351.46 rows=1 width=149) (actual time=28.838..28.840 rows=6 loops=1)
Nested Loop  (cost=0.00..6351.44 rows=1 width=21) (actual time=3.480..24.901 rows=2 loops=1)
Nested Loop  (cost=0.00..6351.67 rows=1 width=21) (actual time=0.228..24.972 rows=5 loops=1)
Sort  (cost=6351.45..6351.46 rows=1 width=149) (actual time=29.486..29.488 rows=5 loops=1)
Nested Loop  (cost=0.00..6351.67 rows=1 width=21) (actual time=1.563..26.175 rows=4 loops=1)
Nested Loop  (cost=0.00..6351.15 rows=1 width=158) (actual time=21.830..25.482 rows=1 loops=1)
Nested Loop  (cost=0.00..6351.15 rows=1 width=158) (actual time=11.226..25.249 rows=2 loops=1)
Nested Loop  (cost=0.00..6351.15 rows=1 width=158) (actual time=1.794..33.065 rows=2 loops=1)
Nested Loop  (cost=0.00..6351.76 rows=1 width=21) (actual time=7.407..24.848 rows=3 loops=1)
Nested Loop  (cost=0.00..6351.44 rows=1 width=158) (actual time=14.712..24.738 rows=2 loops=1)
Nested Loop  (cost=0.00..6351.15 rows=1 width=158) (actual time=24.127..24.819 rows=1 loops=1)
Sort  (cost=6351.45..6351.46 rows=1 width=149) (actual time=29.310..29.311 rows=4 loops=1)
Nested Loop  (cost=0.00..6351.15 rows=1 width=21) (actual time=2.237..25.928 rows=2 loops=1)
Sort  (cost=6351.45..6351.46 rows=1 width=149) (actual time=28.470..28.471 rows=1 loops=1)
Nested Loop  (cost=0.00..6351.15 rows=1 width=21) (actual time=0.088..24.252 rows=2 loops=1)
Nested Loop  (cost=0.00..6351.15 rows=1 width=158) (actual time=15.932..24.175 rows=1 loops=1)
Nested Loop  (cost=0.00..6351.15 rows=1 width=21) (actual time=15.251..24.469 rows=2 loops=1)
Nested Loop  (cost=0.00..6351.69 rows=1 width=21) (actual time=5.042..25.709 rows=3 loops=1)
Nested Loop  (cost=0.00..6351.76 rows=1 width=21) (actual time=3.855..25.324 rows=4 loops=1)
Nested Loop  (cost=0.00..6351.82 rows=1 width=158) (actual time=9.406..25.139 rows=3 loops=1)
Nested Loop  (cost=0.00..6351.15 rows=1 width=21) (actual time=21.344..25.137 rows=2 loops=1)
Sort  (cost=6351.45..6351.46 rows=1 width=149) (actual time=28.698..28.700 rows=2 loops=1)
Nested Loop  (cost=0.00..6351.15 rows=1 width=21) (actual time=6.335..25.284 rows=2 loops=1)
Sort  (cost=6351.45..6351.46 rows=1 width=149) (actual time=29.325..29.327 rows=1 loops=1)
Nested Loop  (cost=0.00..6351.15 rows=1 width=21) (actual time=2.258..25.409 rows=4 loops=1)
Sort  (cost=6351.45..6351.46 rows=1 width=149) (actual time=29.615..29.617 rows=3 loops=1)
Sort  (cost=6351.45..6351.46 rows=1 width=149) (actual time=29.488..29.490 rows=3 loops=1)
Sort  (cost=6351.45..6351.46 rows=1 width=149) (actual time=29.152..29.154 rows=1 loops=1)
Nested Loop  (cost=0.00..6351.15 rows=1 width=21) (actual time=5.462..25.174 rows=2 loops=1)
Nested Loop  (cost=0.00..6351.64 rows=1 width=21) (actual time=9.431..25.177 rows=3 loops=1)
Sort  (cost=6354.57..6354.58 rows=1 width=149) (actual time=28.124..28.127 rows=13 loops=1)
Nested Loop  (cost=0.00..6351.64 rows=1 width=21) (actual time=4.940..24.810 rows=5 loops=1)
Sort  (cost=6355.46..6355.47 rows=1 width=149) (actual time=29.442..29.444 rows=19 loops=1)
Sort  (cost=6351.45..6351.46 rows=1 width=149) (actual time=31.368..31.370 rows=4 loops=1)
Sort  (cost=6351.45..6351.46 rows=1 width=149) (actual time=29.178..29.179 rows=1 loops=1)
Nested Loop  (cost=0.00..6351.15 rows=1 width=158) (actual time=13.334..24.380 rows=1 loops=1)
Sort  (cost=6351.45..6351.46 rows=1 width=149) (actual time=28.215..28.216 rows=1 loops=1)
Nested Loop  (cost=0.00..6351.15 rows=1 width=403) (actual time=22.177..24.154 rows=1 loops=1)
Nested Loop  (cost=0.00..6353.26 rows=1 width=21) (actual time=6.091..26.065 rows=8 loops=1)
Sort  (cost=6351.45..6351.46 rows=1 width=149) (actual time=29.054..29.056 rows=1 loops=1)
Nested Loop  (cost=0.00..6351.15 rows=1 width=21) (actual time=3.339..26.464 rows=2 loops=1)
Sort  (cost=6351.45..6351.46 rows=1 width=149) (actual time=29.092..29.094 rows=2 loops=1)
Sort  (cost=6351.45..6351.46 rows=1 width=149) (actual time=29.510..29.512 rows=3 loops=1)
Nested Loop  (cost=0.00..6351.15 rows=1 width=21) (actual time=22.161..24.977 rows=2 loops=1)
Nested Loop  (cost=0.00..6351.53 rows=1 width=158) (actual time=3.062..25.262 rows=2 loops=1)
Nested Loop  (cost=0.00..6351.38 rows=1 width=21) (actual time=13.510..25.180 rows=3 loops=1)
Sort  (cost=6351.45..6351.46 rows=1 width=149) (actual time=30.037..30.039 rows=1 loops=1)
Nested Loop  (cost=0.00..6351.44 rows=1 width=21) (actual time=2.769..24.937 rows=2 loops=1)
Nested Loop  (cost=0.00..6351.15 rows=1 width=21) (actual time=2.800..26.014 rows=2 loops=1)
Sort  (cost=6351.45..6351.46 rows=1 width=149) (actual time=30.261..30.264 rows=6 loops=1)
Nested Loop  (cost=0.00..6351.15 rows=1 width=158) (actual time=27.865..32.264 rows=1 loops=1)
Nested Loop  (cost=0.00..6351.15 rows=1 width=21) (actual time=11.805..26.813 rows=2 loops=1)
Sort  (cost=6351.45..6351.46 rows=1 width=149) (actual time=32.889..32.891 rows=2 loops=1)
Nested Loop  (cost=0.00..6351.15 rows=1 width=21) (actual time=5.297..24.786 rows=2 loops=1)
Sort  (cost=6365.09..6365.09 rows=1 width=149) (actual time=29.913..29.918 rows=53 loops=1)
Sort  (cost=6351.45..6351.46 rows=1 width=149) (actual time=29.815..29.817 rows=1 loops=1)
Sort  (cost=6351.45..6351.46 rows=1 width=149) (actual time=32.672..32.674 rows=1 loops=1)
Sort  (cost=6351.45..6351.46 rows=1 width=149) (actual time=36.591..36.593 rows=1 loops=1)
Nested Loop  (cost=0.00..6351.15 rows=1 width=21) (actual time=11.411..24.573 rows=2 loops=1)
Sort  (cost=6351.45..6351.46 rows=1 width=149) (actual time=30.722..30.725 rows=9 loops=1)
Nested Loop  (cost=0.00..6351.38 rows=1 width=21) (actual time=15.223..24.619 rows=2 loops=1)
Nested Loop  (cost=0.00..6351.15 rows=1 width=21) (actual time=22.953..24.835 rows=1 loops=1)
Sort  (cost=6351.45..6351.46 rows=1 width=149) (actual time=29.061..29.062 rows=3 loops=1)
Nested Loop  (cost=0.00..6353.26 rows=1 width=21) (actual time=6.218..27.314 rows=8 loops=1)
Sort  (cost=6351.45..6351.46 rows=1 width=149) (actual time=28.868..28.871 rows=2 loops=1)
Nested Loop  (cost=0.00..6351.15 rows=1 width=21) (actual time=7.876..24.995 rows=2 loops=1)
Nested Loop  (cost=0.00..6351.69 rows=1 width=21) (actual time=3.484..25.751 rows=7 loops=1)
Sort  (cost=6351.45..6351.46 rows=1 width=149) (actual time=29.053..29.055 rows=4 loops=1)
Nested Loop  (cost=0.00..6351.47 rows=1 width=158) (actual time=1.547..25.060 rows=2 loops=1)
Nested Loop  (cost=0.00..6351.15 rows=1 width=21) (actual time=3.980..24.985 rows=2 loops=1)
Nested Loop  (cost=0.00..6351.49 rows=1 width=158) (actual time=1.558..25.158 rows=5 loops=1)
Nested Loop  (cost=0.00..6351.53 rows=1 width=21) (actual time=3.553..25.194 rows=6 loops=1)
Sort  (cost=6351.45..6351.46 rows=1 width=149) (actual time=28.662..28.664 rows=3 loops=1)
Sort  (cost=6355.57..6355.58 rows=1 width=149) (actual time=29.628..29.631 rows=24 loops=1)
Sort  (cost=6351.45..6351.46 rows=1 width=149) (actual time=29.932..29.933 rows=1 loops=1)
Nested Loop  (cost=0.00..6351.15 rows=1 width=158) (actual time=10.058..24.795 rows=1 loops=1)
Nested Loop  (cost=0.00..6351.35 rows=1 width=158) (actual time=19.903..24.865 rows=1 loops=1)
Sort  (cost=6351.45..6351.46 rows=1 width=149) (actual time=29.669..29.671 rows=2 loops=1)
Sort  (cost=6351.45..6351.46 rows=1 width=149) (actual time=41.363..41.365 rows=1 loops=1)
Sort  (cost=6351.45..6351.46 rows=1 width=149) (actual time=28.490..28.492 rows=1 loops=1)
Sort  (cost=6351.45..6351.46 rows=1 width=149) (actual time=28.274..28.276 rows=1 loops=1)
Sort  (cost=6351.45..6351.46 rows=1 width=149) (actual time=29.227..29.229 rows=2 loops=1)
Nested Loop  (cost=0.00..6351.82 rows=1 width=21) (actual time=0.190..24.535 rows=4 loops=1)
Sort  (cost=6355.57..6355.58 rows=1 width=149) (actual time=29.333..29.338 rows=34 loops=1)
Nested Loop  (cost=0.00..6351.64 rows=1 width=21) (actual time=2.779..26.731 rows=4 loops=1)
Nested Loop  (cost=0.00..6351.15 rows=1 width=21) (actual time=6.064..24.828 rows=2 loops=1)
Nested Loop  (cost=0.00..6351.15 rows=1 width=21) (actual time=8.280..24.726 rows=3 loops=1)
Nested Loop  (cost=0.00..6351.73 rows=1 width=21) (actual time=5.509..25.441 rows=6 loops=1)
Sort  (cost=6351.45..6351.46 rows=1 width=149) (actual time=30.114..30.116 rows=3 loops=1)
Nested Loop  (cost=0.00..6351.15 rows=1 width=158) (actual time=20.527..24.787 rows=1 loops=1)
Nested Loop  (cost=0.00..6351.15 rows=1 width=21) (actual time=14.444..24.640 rows=2 loops=1)
Nested Loop  (cost=0.00..6351.38 rows=1 width=158) (actual time=3.805..25.104 rows=2 loops=1)
Nested Loop  (cost=0.00..6351.15 rows=1 width=21) (actual time=3.410..24.923 rows=2 loops=1)
Sort  (cost=6351.45..6351.46 rows=1 width=149) (actual time=28.969..28.971 rows=4 loops=1)
Nested Loop  (cost=0.00..6351.15 rows=1 width=158) (actual time=4.195..24.556 rows=1 loops=1)
Sort  (cost=6351.45..6351.46 rows=1 width=149) (actual time=28.789..28.791 rows=4 loops=1)
Sort  (cost=6353.18..6353.18 rows=1 width=149) (actual time=30.783..30.785 rows=10 loops=1)
Sort  (cost=6351.45..6351.46 rows=1 width=149) (actual time=29.727..29.729 rows=5 loops=1)
Nested Loop  (cost=0.00..6351.15 rows=1 width=21) (actual time=11.014..25.668 rows=2 loops=1)
Nested Loop  (cost=0.00..6351.64 rows=1 width=21) (actual time=5.038..25.202 rows=4 loops=1)
Sort  (cost=6351.45..6351.46 rows=1 width=149) (actual time=28.959..28.960 rows=3 loops=1)
Nested Loop  (cost=0.00..6351.84 rows=1 width=21) (actual time=2.907..26.155 rows=5 loops=1)
Nested Loop  (cost=0.00..6351.15 rows=1 width=158) (actual time=24.012..24.200 rows=1 loops=1)
Nested Loop  (cost=0.00..6351.56 rows=1 width=21) (actual time=3.629..34.446 rows=2 loops=1)
Nested Loop  (cost=0.00..6351.15 rows=1 width=21) (actual time=15.425..24.948 rows=2 loops=1)
Nested Loop  (cost=0.00..6351.15 rows=1 width=21) (actual time=11.075..25.041 rows=2 loops=1)
Nested Loop  (cost=0.00..6351.47 rows=1 width=21) (actual time=14.219..25.129 rows=3 loops=1)
Sort  (cost=6351.45..6351.46 rows=1 width=149) (actual time=29.488..29.490 rows=1 loops=1)
Sort  (cost=6351.45..6351.46 rows=1 width=149) (actual time=29.824..29.826 rows=6 loops=1)
Sort  (cost=6351.45..6351.46 rows=1 width=149) (actual time=29.135..29.137 rows=1 loops=1)
Nested Loop  (cost=0.00..6351.15 rows=1 width=21) (actual time=17.172..25.152 rows=2 loops=1)
Sort  (cost=6351.45..6351.46 rows=1 width=149) (actual time=29.327..29.329 rows=1 loops=1)
Nested Loop  (cost=0.00..6351.15 rows=1 width=21) (actual time=13.006..24.873 rows=3 loops=1)
Nested Loop  (cost=0.00..6352.84 rows=1 width=21) (actual time=3.695..26.264 rows=10 loops=1)
Sort  (cost=6351.45..6351.46 rows=1 width=149) (actual time=30.047..30.049 rows=2 loops=1)
Sort  (cost=6351.45..6351.46 rows=1 width=149) (actual time=29.360..29.362 rows=1 loops=1)
Nested Loop  (cost=0.00..6351.15 rows=1 width=158) (actual time=18.108..26.445 rows=1 loops=1)
Sort  (cost=6351.45..6351.46 rows=1 width=149) (actual time=30.963..30.964 rows=1 loops=1)
Nested Loop  (cost=0.00..6351.15 rows=1 width=21) (actual time=4.980..24.945 rows=2 loops=1)
Nested Loop  (cost=0.00..6351.15 rows=1 width=21) (actual time=13.894..33.349 rows=3 loops=1)
Nested Loop  (cost=0.00..6351.15 rows=1 width=21) (actual time=10.811..24.874 rows=2 loops=1)
Sort  (cost=6351.45..6351.46 rows=1 width=149) (actual time=29.340..29.342 rows=3 loops=1)
Nested Loop  (cost=0.00..6351.15 rows=1 width=21) (actual time=14.701..25.595 rows=4 loops=1)
Sort  (cost=6351.45..6351.46 rows=1 width=149) (actual time=29.285..29.287 rows=5 loops=1)
Nested Loop  (cost=0.00..6351.15 rows=1 width=158) (actual time=5.212..24.863 rows=2 loops=1)
Nested Loop  (cost=0.00..6351.15 rows=1 width=21) (actual time=5.157..24.533 rows=2 loops=1)
Sort  (cost=6355.95..6355.95 rows=1 width=149) (actual time=33.182..33.186 rows=18 loops=1)
Nested Loop  (cost=0.00..6351.15 rows=1 width=403) (actual time=11.170..24.858 rows=1 loops=1)
Nested Loop  (cost=0.00..6351.15 rows=1 width=158) (actual time=4.730..24.945 rows=4 loops=1)
Nested Loop  (cost=0.00..6351.15 rows=1 width=21) (actual time=0.450..24.902 rows=2 loops=1)
Sort  (cost=6352.78..6352.78 rows=1 width=149) (actual time=30.577..30.579 rows=7 loops=1)
Sort  (cost=6351.45..6351.46 rows=1 width=149) (actual time=29.158..29.160 rows=2 loops=1)
Nested Loop  (cost=0.00..6351.15 rows=1 width=158) (actual time=16.896..24.806 rows=1 loops=1)
Sort  (cost=6351.45..6351.46 rows=1 width=149) (actual time=29.074..29.076 rows=2 loops=1)
Sort  (cost=6351.45..6351.46 rows=1 width=149) (actual time=30.409..30.411 rows=5 loops=1)
Nested Loop  (cost=0.00..6353.26 rows=1 width=21) (actual time=2.935..26.338 rows=10 loops=1)
Nested Loop  (cost=0.00..6351.15 rows=1 width=21) (actual time=3.228..23.946 rows=2 loops=1)
Sort  (cost=6351.45..6351.46 rows=1 width=149) (actual time=29.059..29.061 rows=3 loops=1)
Sort  (cost=6351.45..6351.46 rows=1 width=149) (actual time=28.378..28.380 rows=1 loops=1)
Sort  (cost=6351.45..6351.46 rows=1 width=149) (actual time=29.656..29.659 rows=2 loops=1)
Nested Loop  (cost=0.00..6351.15 rows=1 width=158) (actual time=2.099..24.833 rows=2 loops=1)
Nested Loop  (cost=0.00..6351.69 rows=1 width=21) (actual time=3.029..24.953 rows=4 loops=1)
Sort  (cost=6351.45..6351.46 rows=1 width=149) (actual time=30.126..30.128 rows=1 loops=1)
Nested Loop  (cost=0.00..6351.15 rows=1 width=21) (actual time=4.867..25.867 rows=2 loops=1)
Nested Loop  (cost=0.00..6351.15 rows=1 width=158) (actual time=5.572..24.137 rows=1 loops=1)
Nested Loop  (cost=0.00..6351.15 rows=1 width=21) (actual time=3.884..24.114 rows=2 loops=1)
Nested Loop  (cost=0.00..6351.15 rows=1 width=21) (actual time=3.285..24.850 rows=3 loops=1)
Nested Loop  (cost=0.00..6351.76 rows=1 width=158) (actual time=0.107..24.972 rows=3 loops=1)
Nested Loop  (cost=0.00..6351.69 rows=1 width=21) (actual time=13.425..24.868 rows=2 loops=1)
Nested Loop  (cost=0.00..6351.38 rows=1 width=21) (actual time=2.860..24.713 rows=2 loops=1)
Nested Loop  (cost=0.00..6351.15 rows=1 width=21) (actual time=0.357..24.997 rows=3 loops=1)
Nested Loop  (cost=0.00..6351.15 rows=1 width=158) (actual time=3.957..24.807 rows=2 loops=1)
Sort  (cost=6352.83..6352.83 rows=1 width=149) (actual time=30.861..30.863 rows=8 loops=1)
Sort  (cost=6351.45..6351.46 rows=1 width=149) (actual time=29.013..29.015 rows=1 loops=1)
Sort  (cost=6355.41..6355.42 rows=1 width=149) (actual time=29.288..29.291 rows=23 loops=1)
Sort  (cost=6352.98..6352.98 rows=1 width=149) (actual time=30.372..30.374 rows=5 loops=1)
Nested Loop  (cost=0.00..6351.44 rows=1 width=21) (actual time=0.088..25.015 rows=5 loops=1)
Nested Loop  (cost=0.00..6351.49 rows=1 width=21) (actual time=12.492..24.980 rows=3 loops=1)
Nested Loop  (cost=0.00..6351.56 rows=1 width=21) (actual time=3.153..45.897 rows=6 loops=1)
Nested Loop  (cost=0.00..6351.76 rows=1 width=21) (actual time=2.829..24.902 rows=5 loops=1)
Nested Loop  (cost=0.00..6351.15 rows=1 width=158) (actual time=5.375..24.713 rows=1 loops=1)
Nested Loop  (cost=0.00..6351.56 rows=1 width=21) (actual time=4.920..25.155 rows=6 loops=1)
Nested Loop  (cost=0.00..6351.49 rows=1 width=158) (actual time=5.610..25.782 rows=2 loops=1)
Nested Loop  (cost=0.00..6351.49 rows=1 width=403) (actual time=5.523..25.758 rows=2 loops=1)
Nested Loop  (cost=0.00..6351.15 rows=1 width=21) (actual time=12.941..24.946 rows=2 loops=1)
Nested Loop  (cost=0.00..6351.15 rows=1 width=158) (actual time=22.545..25.000 rows=1 loops=1)
Sort  (cost=6351.45..6351.46 rows=1 width=149) (actual time=28.838..28.840 rows=2 loops=1)
Nested Loop  (cost=0.00..6351.15 rows=1 width=21) (actual time=4.267..25.003 rows=2 loops=1)
Nested Loop  (cost=0.00..6351.15 rows=1 width=21) (actual time=11.039..25.012 rows=2 loops=1)
Nested Loop  (cost=0.00..6351.15 rows=1 width=21) (actual time=3.197..25.876 rows=3 loops=1)
Nested Loop  (cost=0.00..6352.64 rows=1 width=21) (actual time=3.031..26.511 rows=8 loops=1)
Sort  (cost=6351.45..6351.46 rows=1 width=149) (actual time=29.354..29.356 rows=7 loops=1)
Sort  (cost=6351.45..6351.46 rows=1 width=149) (actual time=29.343..29.345 rows=1 loops=1)
Nested Loop  (cost=0.00..6352.84 rows=1 width=158) (actual time=4.626..26.440 rows=6 loops=1)
Nested Loop  (cost=0.00..6351.15 rows=1 width=21) (actual time=8.055..24.963 rows=2 loops=1)
Sort  (cost=6351.45..6351.46 rows=1 width=149) (actual time=30.753..30.756 rows=2 loops=1)
Nested Loop  (cost=0.00..6351.15 rows=1 width=403) (actual time=2.182..24.762 rows=2 loops=1)
Sort  (cost=6351.45..6351.46 rows=1 width=149) (actual time=29.706..29.707 rows=1 loops=1)
Nested Loop  (cost=0.00..6351.15 rows=1 width=21) (actual time=15.055..26.279 rows=2 loops=1)
Sort  (cost=6351.45..6351.46 rows=1 width=149) (actual time=30.127..30.128 rows=1 loops=1)
Nested Loop  (cost=0.00..6351.47 rows=1 width=158) (actual time=4.790..26.093 rows=3 loops=1)
Sort  (cost=6351.45..6351.46 rows=1 width=149) (actual time=38.409..38.411 rows=1 loops=1)
Nested Loop  (cost=0.00..6351.15 rows=1 width=21) (actual time=4.850..24.280 rows=2 loops=1)
Nested Loop  (cost=0.00..6351.15 rows=1 width=21) (actual time=1.119..24.366 rows=2 loops=1)
Nested Loop  (cost=0.00..6352.84 rows=1 width=21) (actual time=2.360..26.094 rows=7 loops=1)
Nested Loop  (cost=0.00..6351.44 rows=1 width=158) (actual time=7.446..24.912 rows=1 loops=1)
Nested Loop  (cost=0.00..6351.15 rows=1 width=21) (actual time=14.415..24.934 rows=2 loops=1)
Nested Loop  (cost=0.00..6351.15 rows=1 width=21) (actual time=11.021..24.868 rows=2 loops=1)
Nested Loop  (cost=0.00..6351.15 rows=1 width=21) (actual time=17.325..23.928 rows=2 loops=1)
Nested Loop  (cost=0.00..6351.35 rows=1 width=21) (actual time=5.523..24.496 rows=4 loops=1)
Nested Loop  (cost=0.00..6351.15 rows=1 width=21) (actual time=23.659..35.707 rows=2 loops=1)
Sort  (cost=6351.45..6351.46 rows=1 width=149) (actual time=28.866..28.868 rows=2 loops=1)
Sort  (cost=6352.78..6352.78 rows=1 width=149) (actual time=30.045..30.047 rows=8 loops=1)
Nested Loop  (cost=0.00..6351.15 rows=1 width=21) (actual time=7.594..25.442 rows=2 loops=1)
Sort  (cost=6351.45..6351.46 rows=1 width=149) (actual time=29.320..29.322 rows=1 loops=1)
Sort  (cost=6351.45..6351.46 rows=1 width=149) (actual time=30.345..30.347 rows=1 loops=1)
Sort  (cost=6365.09..6365.09 rows=1 width=149) (actual time=30.877..30.884 rows=57 loops=1)
Nested Loop  (cost=0.00..6351.15 rows=1 width=21) (actual time=5.623..25.090 rows=2 loops=1)
Nested Loop  (cost=0.00..6351.15 rows=1 width=158) (actual time=2.748..25.055 rows=3 loops=1)
Nested Loop  (cost=0.00..6351.15 rows=1 width=21) (actual time=5.224..24.923 rows=4 loops=1)
Sort  (cost=6351.45..6351.46 rows=1 width=149) (actual time=29.057..29.058 rows=5 loops=1)
Nested Loop  (cost=0.00..6351.84 rows=1 width=158) (actual time=7.282..25.085 rows=3 loops=1)
Nested Loop  (cost=0.00..6351.40 rows=1 width=21) (actual time=15.318..25.151 rows=3 loops=1)
Nested Loop  (cost=0.00..6351.15 rows=1 width=21) (actual time=5.263..24.424 rows=2 loops=1)
Nested Loop  (cost=0.00..6351.15 rows=1 width=158) (actual time=19.475..24.034 rows=1 loops=1)
Nested Loop  (cost=0.00..6351.73 rows=1 width=21) (actual time=8.693..24.727 rows=3 loops=1)
Nested Loop  (cost=0.00..6351.15 rows=1 width=21) (actual time=9.399..24.712 rows=2 loops=1)
Nested Loop  (cost=0.00..6351.15 rows=1 width=21) (actual time=1.696..24.955 rows=3 loops=1)
Sort  (cost=6351.45..6351.46 rows=1 width=149) (actual time=29.228..29.230 rows=1 loops=1)
Sort  (cost=6351.45..6351.46 rows=1 width=149) (actual time=29.172..29.174 rows=2 loops=1)
Nested Loop  (cost=0.00..6351.73 rows=1 width=21) (actual time=2.380..25.456 rows=2 loops=1)
Sort  (cost=6351.45..6351.46 rows=1 width=149) (actual time=28.983..28.985 rows=2 loops=1)
Sort  (cost=6351.45..6351.46 rows=1 width=149) (actual time=32.740..32.742 rows=5 loops=1)
Nested Loop  (cost=0.00..6351.44 rows=1 width=21) (actual time=6.080..40.291 rows=3 loops=1)
Sort  (cost=6351.45..6351.46 rows=1 width=149) (actual time=30.577..30.579 rows=1 loops=1)
Nested Loop  (cost=0.00..6351.15 rows=1 width=21) (actual time=20.613..25.377 rows=2 loops=1)
Nested Loop  (cost=0.00..6351.15 rows=1 width=21) (actual time=16.911..24.637 rows=2 loops=1)
Sort  (cost=6351.45..6351.46 rows=1 width=149) (actual time=29.819..29.821 rows=5 loops=1)
Nested Loop  (cost=0.00..6351.15 rows=1 width=21) (actual time=7.263..25.068 rows=3 loops=1)
Nested Loop  (cost=0.00..6351.15 rows=1 width=158) (actual time=2.364..24.670 rows=1 loops=1)
Nested Loop  (cost=0.00..6351.15 rows=1 width=21) (actual time=22.882..25.032 rows=1 loops=1)
Nested Loop  (cost=0.00..6353.26 rows=1 width=21) (actual time=2.247..26.950 rows=15 loops=1)
Sort  (cost=6351.45..6351.46 rows=1 width=149) (actual time=29.604..29.606 rows=1 loops=1)
Nested Loop  (cost=0.00..6351.15 rows=1 width=403) (actual time=22.831..25.495 rows=1 loops=1)
Nested Loop  (cost=0.00..6351.15 rows=1 width=21) (actual time=26.033..29.472 rows=2 loops=1)
Nested Loop  (cost=0.00..6351.15 rows=1 width=21) (actual time=4.806..25.106 rows=3 loops=1)
Nested Loop  (cost=0.00..6351.15 rows=1 width=158) (actual time=2.611..25.937 rows=1 loops=1)
Nested Loop  (cost=0.00..6351.90 rows=1 width=21) (actual time=2.754..28.558 rows=5 loops=1)
Sort  (cost=6351.45..6351.46 rows=1 width=149) (actual time=29.901..29.904 rows=5 loops=1)
Sort  (cost=6351.45..6351.46 rows=1 width=149) (actual time=29.572..29.574 rows=1 loops=1)
Nested Loop  (cost=0.00..6351.15 rows=1 width=403) (actual time=10.737..24.734 rows=1 loops=1)
Nested Loop  (cost=0.00..6351.15 rows=1 width=21) (actual time=16.762..24.535 rows=3 loops=1)
Sort  (cost=6351.45..6351.46 rows=1 width=149) (actual time=29.229..29.230 rows=1 loops=1)
Nested Loop  (cost=0.00..6351.69 rows=1 width=21) (actual time=3.432..25.320 rows=4 loops=1)
Nested Loop  (cost=0.00..6351.15 rows=1 width=21) (actual time=17.915..25.596 rows=2 loops=1)
Nested Loop  (cost=0.00..6351.15 rows=1 width=21) (actual time=14.675..28.935 rows=2 loops=1)
Nested Loop  (cost=0.00..6351.58 rows=1 width=21) (actual time=9.195..28.833 rows=6 loops=1)
Nested Loop  (cost=0.00..6352.64 rows=1 width=158) (actual time=10.548..26.553 rows=7 loops=1)
Nested Loop  (cost=0.00..6352.64 rows=1 width=403) (actual time=10.698..26.091 rows=7 loops=1)
Nested Loop  (cost=0.00..6351.15 rows=1 width=21) (actual time=1.569..24.783 rows=2 loops=1)
Sort  (cost=6351.45..6351.46 rows=1 width=149) (actual time=31.874..31.877 rows=1 loops=1)
Nested Loop  (cost=0.00..6351.15 rows=1 width=21) (actual time=2.698..25.372 rows=3 loops=1)
Nested Loop  (cost=0.00..6351.15 rows=1 width=21) (actual time=0.249..24.924 rows=2 loops=1)
Sort  (cost=6351.45..6351.46 rows=1 width=149) (actual time=29.666..29.668 rows=3 loops=1)
Sort  (cost=6351.45..6351.46 rows=1 width=149) (actual time=28.798..28.799 rows=1 loops=1)
Nested Loop  (cost=0.00..6351.15 rows=1 width=403) (actual time=9.154..26.000 rows=1 loops=1)
Sort  (cost=6351.45..6351.46 rows=1 width=149) (actual time=28.449..28.451 rows=1 loops=1)
Nested Loop  (cost=0.00..6351.69 rows=1 width=21) (actual time=5.047..27.647 rows=3 loops=1)
Sort  (cost=6351.45..6351.46 rows=1 width=149) (actual time=28.017..28.019 rows=1 loops=1)
Nested Loop  (cost=0.00..6351.15 rows=1 width=158) (actual time=17.535..24.539 rows=1 loops=1)
Nested Loop  (cost=0.00..6351.84 rows=1 width=21) (actual time=12.980..25.306 rows=4 loops=1)
Nested Loop  (cost=0.00..6351.47 rows=1 width=21) (actual time=11.134..26.276 rows=2 loops=1)
Nested Loop  (cost=0.00..6351.35 rows=1 width=21) (actual time=16.312..25.622 rows=2 loops=1)
Sort  (cost=6351.45..6351.46 rows=1 width=149) (actual time=29.571..29.573 rows=1 loops=1)
Nested Loop  (cost=0.00..6351.53 rows=1 width=158) (actual time=1.080..25.287 rows=1 loops=1)
Nested Loop  (cost=0.00..6351.84 rows=1 width=21) (actual time=6.687..24.975 rows=5 loops=1)
Nested Loop  (cost=0.00..6351.15 rows=1 width=21) (actual time=11.343..29.209 rows=2 loops=1)
Nested Loop  (cost=0.00..6351.44 rows=1 width=158) (actual time=17.742..25.506 rows=2 loops=1)
Nested Loop  (cost=0.00..6351.15 rows=1 width=158) (actual time=16.471..25.141 rows=1 loops=1)
Nested Loop  (cost=0.00..6351.15 rows=1 width=158) (actual time=6.175..25.438 rows=2 loops=1)
Nested Loop  (cost=0.00..6351.73 rows=1 width=21) (actual time=2.180..25.233 rows=5 loops=1)
Sort  (cost=6351.45..6351.46 rows=1 width=149) (actual time=29.482..29.484 rows=2 loops=1)
Nested Loop  (cost=0.00..6351.15 rows=1 width=21) (actual time=12.480..25.173 rows=3 loops=1)
Sort  (cost=6352.91..6352.92 rows=1 width=149) (actual time=30.506..30.508 rows=6 loops=1)
Sort  (cost=6351.45..6351.46 rows=1 width=149) (actual time=28.736..28.737 rows=7 loops=1)
Nested Loop  (cost=0.00..6351.40 rows=1 width=21) (actual time=15.252..24.853 rows=3 loops=1)
Nested Loop  (cost=0.00..6351.15 rows=1 width=21) (actual time=13.146..25.265 rows=3 loops=1)
Sort  (cost=6351.45..6351.46 rows=1 width=149) (actual time=29.165..29.167 rows=2 loops=1)
Nested Loop  (cost=0.00..6351.15 rows=1 width=21) (actual time=10.701..24.526 rows=3 loops=1)
Sort  (cost=6351.45..6351.46 rows=1 width=149) (actual time=28.026..28.028 rows=1 loops=1)
Nested Loop  (cost=0.00..6351.15 rows=1 width=158) (actual time=1.884..26.210 rows=1 loops=1)
Nested Loop  (cost=0.00..6352.84 rows=1 width=21) (actual time=1.742..26.594 rows=6 loops=1)
Nested Loop  (cost=0.00..6351.15 rows=1 width=158) (actual time=0.854..24.719 rows=1 loops=1)
Sort  (cost=6351.45..6351.46 rows=1 width=149) (actual time=29.362..29.364 rows=1 loops=1)
Nested Loop  (cost=0.00..6351.15 rows=1 width=403) (actual time=11.334..24.703 rows=1 loops=1)
Nested Loop  (cost=0.00..6351.69 rows=1 width=158) (actual time=5.533..25.031 rows=2 loops=1)
Nested Loop  (cost=0.00..6351.69 rows=1 width=403) (actual time=5.604..25.492 rows=2 loops=1)
Nested Loop  (cost=0.00..6351.15 rows=1 width=21) (actual time=8.322..25.194 rows=3 loops=1)
Sort  (cost=6351.45..6351.46 rows=1 width=149) (actual time=31.710..31.713 rows=3 loops=1)
Nested Loop  (cost=0.00..6351.15 rows=1 width=21) (actual time=4.917..24.959 rows=2 loops=1)
Nested Loop  (cost=0.00..6351.15 rows=1 width=21) (actual time=10.306..25.987 rows=2 loops=1)
Nested Loop  (cost=0.00..6351.58 rows=1 width=21) (actual time=0.135..24.851 rows=6 loops=1)
Nested Loop  (cost=0.00..6351.15 rows=1 width=21) (actual time=7.582..24.989 rows=2 loops=1)
Nested Loop  (cost=0.00..6353.26 rows=1 width=21) (actual time=2.234..26.190 rows=15 loops=1)
Sort  (cost=6351.45..6351.46 rows=1 width=149) (actual time=28.667..28.668 rows=1 loops=1)
Sort  (cost=6353.09..6353.10 rows=1 width=149) (actual time=30.645..30.647 rows=11 loops=1)
Nested Loop  (cost=0.00..6351.15 rows=1 width=403) (actual time=2.040..24.747 rows=1 loops=1)
Nested Loop  (cost=0.00..6351.15 rows=1 width=158) (actual time=1.524..25.537 rows=1 loops=1)
Nested Loop  (cost=0.00..6351.84 rows=1 width=21) (actual time=7.210..25.213 rows=3 loops=1)
Nested Loop  (cost=0.00..6351.15 rows=1 width=158) (actual time=10.106..24.973 rows=1 loops=1)
Nested Loop  (cost=0.00..6352.64 rows=1 width=158) (actual time=7.833..30.425 rows=9 loops=1)
Sort  (cost=6351.45..6351.46 rows=1 width=149) (actual time=29.660..29.663 rows=2 loops=1)
Sort  (cost=6352.91..6352.92 rows=1 width=149) (actual time=33.391..33.393 rows=7 loops=1)
Nested Loop  (cost=0.00..6351.15 rows=1 width=21) (actual time=8.275..24.989 rows=2 loops=1)
Nested Loop  (cost=0.00..6351.15 rows=1 width=21) (actual time=6.275..24.696 rows=2 loops=1)
Nested Loop  (cost=0.00..6351.69 rows=1 width=21) (actual time=8.217..25.167 rows=3 loops=1)
Nested Loop  (cost=0.00..6351.15 rows=1 width=21) (actual time=0.811..24.838 rows=2 loops=1)
Nested Loop  (cost=0.00..6351.15 rows=1 width=158) (actual time=12.218..24.867 rows=1 loops=1)
Nested Loop  (cost=0.00..6351.15 rows=1 width=158) (actual time=16.230..24.817 rows=2 loops=1)
Nested Loop  (cost=0.00..6351.15 rows=1 width=21) (actual time=10.725..29.383 rows=2 loops=1)
Nested Loop  (cost=0.00..6351.15 rows=1 width=21) (actual time=2.003..25.328 rows=2 loops=1)
Nested Loop  (cost=0.00..6351.38 rows=1 width=21) (actual time=21.208..25.719 rows=2 loops=1)
Sort  (cost=6351.45..6351.46 rows=1 width=149) (actual time=30.072..30.074 rows=2 loops=1)
Nested Loop  (cost=0.00..6351.15 rows=1 width=158) (actual time=17.189..33.442 rows=1 loops=1)
Nested Loop  (cost=0.00..6351.15 rows=1 width=21) (actual time=9.825..25.101 rows=2 loops=1)
Nested Loop  (cost=0.00..6351.78 rows=1 width=21) (actual time=1.683..25.349 rows=3 loops=1)
Nested Loop  (cost=0.00..6351.15 rows=1 width=21) (actual time=6.865..29.228 rows=4 loops=1)
Sort  (cost=6351.45..6351.46 rows=1 width=149) (actual time=30.915..30.918 rows=13 loops=1)
Nested Loop  (cost=0.00..6351.15 rows=1 width=403) (actual time=13.573..24.843 rows=1 loops=1)
Nested Loop  (cost=0.00..6351.15 rows=1 width=21) (actual time=10.065..24.595 rows=2 loops=1)
Nested Loop  (cost=0.00..6351.15 rows=1 width=21) (actual time=17.285..24.942 rows=2 loops=1)
Nested Loop  (cost=0.00..6352.84 rows=1 width=21) (actual time=2.658..25.890 rows=7 loops=1)
Sort  (cost=6351.45..6351.46 rows=1 width=149) (actual time=28.549..28.550 rows=2 loops=1)
Nested Loop  (cost=0.00..6351.15 rows=1 width=21) (actual time=3.832..24.284 rows=2 loops=1)
Nested Loop  (cost=0.00..6351.15 rows=1 width=21) (actual time=10.083..29.097 rows=2 loops=1)
Sort  (cost=6352.91..6352.92 rows=1 width=149) (actual time=30.538..30.540 rows=12 loops=1)
Sort  (cost=6352.94..6352.95 rows=1 width=149) (actual time=30.895..30.897 rows=12 loops=1)
Nested Loop  (cost=0.00..6352.84 rows=1 width=21) (actual time=7.756..26.180 rows=12 loops=1)
Nested Loop  (cost=0.00..6351.15 rows=1 width=21) (actual time=5.311..24.798 rows=2 loops=1)
Nested Loop  (cost=0.00..6351.15 rows=1 width=21) (actual time=11.883..24.985 rows=2 loops=1)
Nested Loop  (cost=0.00..6351.15 rows=1 width=21) (actual time=16.342..24.925 rows=2 loops=1)
Nested Loop  (cost=0.00..6351.38 rows=1 width=158) (actual time=11.553..24.013 rows=1 loops=1)
Sort  (cost=6351.45..6351.46 rows=1 width=149) (actual time=28.954..28.956 rows=2 loops=1)
Nested Loop  (cost=0.00..6351.15 rows=1 width=403) (actual time=12.264..24.543 rows=1 loops=1)
Sort  (cost=6351.45..6351.46 rows=1 width=149) (actual time=29.776..29.778 rows=1 loops=1)
Sort  (cost=6352.89..6352.90 rows=1 width=149) (actual time=30.200..30.202 rows=10 loops=1)
Sort  (cost=6351.45..6351.46 rows=1 width=149) (actual time=28.750..28.752 rows=1 loops=1)
Nested Loop  (cost=0.00..6351.69 rows=1 width=21) (actual time=7.781..25.384 rows=10 loops=1)
Nested Loop  (cost=0.00..6351.15 rows=1 width=21) (actual time=4.356..24.946 rows=3 loops=1)
Nested Loop  (cost=0.00..6351.40 rows=1 width=21) (actual time=6.221..24.855 rows=3 loops=1)
Nested Loop  (cost=0.00..6351.84 rows=1 width=21) (actual time=2.048..25.759 rows=4 loops=1)
Nested Loop  (cost=0.00..6351.15 rows=1 width=21) (actual time=4.811..25.046 rows=2 loops=1)
Nested Loop  (cost=0.00..6351.15 rows=1 width=158) (actual time=9.462..24.887 rows=2 loops=1)
Nested Loop  (cost=0.00..6352.64 rows=1 width=158) (actual time=1.523..25.944 rows=8 loops=1)
Nested Loop  (cost=0.00..6351.15 rows=1 width=21) (actual time=8.873..24.535 rows=2 loops=1)
Nested Loop  (cost=0.00..6351.15 rows=1 width=158) (actual time=17.031..24.297 rows=1 loops=1)
Nested Loop  (cost=0.00..6351.35 rows=1 width=21) (actual time=3.766..24.506 rows=2 loops=1)
Nested Loop  (cost=0.00..6351.15 rows=1 width=21) (actual time=0.443..24.658 rows=2 loops=1)
Nested Loop  (cost=0.00..6351.38 rows=1 width=21) (actual time=1.343..25.075 rows=3 loops=1)
Sort  (cost=6351.45..6351.46 rows=1 width=149) (actual time=29.231..29.233 rows=1 loops=1)
Sort  (cost=6351.45..6351.46 rows=1 width=149) (actual time=28.781..28.782 rows=1 loops=1)
Nested Loop  (cost=0.00..6351.15 rows=1 width=403) (actual time=17.066..25.108 rows=1 loops=1)
Sort  (cost=6351.45..6351.46 rows=1 width=149) (actual time=28.648..28.650 rows=1 loops=1)
Sort  (cost=6351.45..6351.46 rows=1 width=149) (actual time=35.292..35.301 rows=1 loops=1)
Sort  (cost=6351.45..6351.46 rows=1 width=149) (actual time=29.750..29.752 rows=2 loops=1)
Nested Loop  (cost=0.00..6351.58 rows=1 width=21) (actual time=16.796..25.273 rows=3 loops=1)
Sort  (cost=6351.45..6351.46 rows=1 width=149) (actual time=30.062..30.064 rows=1 loops=1)
Nested Loop  (cost=0.00..6351.15 rows=1 width=21) (actual time=22.585..24.974 rows=2 loops=1)
Sort  (cost=6351.45..6351.46 rows=1 width=149) (actual time=31.436..31.438 rows=5 loops=1)
Nested Loop  (cost=0.00..6351.67 rows=1 width=403) (actual time=9.463..24.755 rows=3 loops=1)
Nested Loop  (cost=0.00..6351.73 rows=1 width=158) (actual time=11.081..25.361 rows=6 loops=1)
Nested Loop  (cost=0.00..6351.15 rows=1 width=21) (actual time=0.220..24.674 rows=2 loops=1)
Sort  (cost=6351.45..6351.46 rows=1 width=149) (actual time=28.924..28.926 rows=1 loops=1)
Sort  (cost=6351.45..6351.46 rows=1 width=149) (actual time=29.244..29.246 rows=1 loops=1)
Sort  (cost=6351.45..6351.46 rows=1 width=149) (actual time=29.492..29.493 rows=1 loops=1)
Nested Loop  (cost=0.00..6353.26 rows=1 width=21) (actual time=2.686..26.439 rows=14 loops=1)
Nested Loop  (cost=0.00..6351.15 rows=1 width=158) (actual time=5.204..24.707 rows=1 loops=1)
Sort  (cost=6365.33..6365.33 rows=1 width=149) (actual time=30.469..30.474 rows=69 loops=1)
Sort  (cost=6351.45..6351.46 rows=1 width=149) (actual time=29.630..29.632 rows=1 loops=1)
Sort  (cost=6351.45..6351.46 rows=1 width=149) (actual time=30.121..30.123 rows=8 loops=1)
Sort  (cost=6351.45..6351.46 rows=1 width=149) (actual time=29.984..29.986 rows=4 loops=1)
Nested Loop  (cost=0.00..6351.15 rows=1 width=21) (actual time=6.283..25.152 rows=2 loops=1)
Nested Loop  (cost=0.00..6351.15 rows=1 width=21) (actual time=12.467..26.245 rows=2 loops=1)
Nested Loop  (cost=0.00..6351.15 rows=1 width=158) (actual time=2.456..25.736 rows=1 loops=1)
Nested Loop  (cost=0.00..6351.15 rows=1 width=403) (actual time=2.408..24.103 rows=1 loops=1)
Sort  (cost=6351.45..6351.46 rows=1 width=149) (actual time=31.962..31.964 rows=1 loops=1)
Nested Loop  (cost=0.00..6351.15 rows=1 width=21) (actual time=19.257..24.832 rows=2 loops=1)
Sort  (cost=6351.45..6351.46 rows=1 width=149) (actual time=28.729..28.730 rows=1 loops=1)
Nested Loop  (cost=0.00..6353.26 rows=1 width=21) (actual time=2.207..27.523 rows=15 loops=1)
Nested Loop  (cost=0.00..6351.15 rows=1 width=21) (actual time=12.971..24.713 rows=2 loops=1)
Nested Loop  (cost=0.00..6351.15 rows=1 width=21) (actual time=6.941..24.767 rows=2 loops=1)
Sort  (cost=6351.45..6351.46 rows=1 width=149) (actual time=28.760..28.762 rows=2 loops=1)
Nested Loop  (cost=0.00..6352.64 rows=1 width=21) (actual time=1.809..26.130 rows=13 loops=1)
Sort  (cost=6353.07..6353.07 rows=1 width=149) (actual time=30.246..30.248 rows=8 loops=1)
Nested Loop  (cost=0.00..6351.53 rows=1 width=21) (actual time=3.604..25.146 rows=6 loops=1)
Nested Loop  (cost=0.00..6351.67 rows=1 width=21) (actual time=4.886..25.379 rows=3 loops=1)
Nested Loop  (cost=0.00..6351.15 rows=1 width=21) (actual time=0.320..24.899 rows=2 loops=1)
Sort  (cost=6351.45..6351.46 rows=1 width=149) (actual time=28.498..28.499 rows=1 loops=1)
Nested Loop  (cost=0.00..6351.47 rows=1 width=21) (actual time=4.888..24.464 rows=2 loops=1)
Nested Loop  (cost=0.00..6351.15 rows=1 width=158) (actual time=0.394..24.509 rows=1 loops=1)
Nested Loop  (cost=0.00..6351.15 rows=1 width=21) (actual time=16.526..24.932 rows=2 loops=1)
Nested Loop  (cost=0.00..6351.15 rows=1 width=21) (actual time=18.076..25.881 rows=2 loops=1)
Nested Loop  (cost=0.00..6351.73 rows=1 width=21) (actual time=6.369..26.373 rows=5 loops=1)
Sort  (cost=6351.45..6351.46 rows=1 width=149) (actual time=29.261..29.263 rows=3 loops=1)
Nested Loop  (cost=0.00..6351.40 rows=1 width=158) (actual time=6.658..24.807 rows=1 loops=1)
Nested Loop  (cost=0.00..6351.35 rows=1 width=21) (actual time=9.454..25.116 rows=3 loops=1)
Nested Loop  (cost=0.00..6351.15 rows=1 width=21) (actual time=19.583..24.237 rows=2 loops=1)
Nested Loop  (cost=0.00..6351.15 rows=1 width=158) (actual time=23.912..24.230 rows=1 loops=1)
Sort  (cost=6351.45..6351.46 rows=1 width=149) (actual time=28.522..28.524 rows=1 loops=1)
Sort  (cost=6351.45..6351.46 rows=1 width=149) (actual time=28.842..28.844 rows=2 loops=1)
Nested Loop  (cost=0.00..6351.15 rows=1 width=158) (actual time=14.648..24.646 rows=2 loops=1)
Nested Loop  (cost=0.00..6351.15 rows=1 width=158) (actual time=10.262..24.482 rows=2 loops=1)
Nested Loop  (cost=0.00..6351.15 rows=1 width=403) (actual time=14.603..24.509 rows=2 loops=1)
Nested Loop  (cost=0.00..6351.47 rows=1 width=21) (actual time=15.980..27.026 rows=2 loops=1)
Nested Loop  (cost=0.00..6351.38 rows=1 width=21) (actual time=12.942..25.021 rows=2 loops=1)
Nested Loop  (cost=0.00..6351.84 rows=1 width=21) (actual time=2.801..25.399 rows=4 loops=1)
Nested Loop  (cost=0.00..6351.15 rows=1 width=158) (actual time=11.115..25.031 rows=2 loops=1)
Sort  (cost=6351.45..6351.46 rows=1 width=149) (actual time=29.311..29.313 rows=4 loops=1)
Nested Loop  (cost=0.00..6351.15 rows=1 width=21) (actual time=5.186..24.654 rows=2 loops=1)
Sort  (cost=6351.45..6351.46 rows=1 width=149) (actual time=33.495..33.498 rows=1 loops=1)
Nested Loop  (cost=0.00..6351.15 rows=1 width=158) (actual time=0.611..28.133 rows=1 loops=1)
Nested Loop  (cost=0.00..6351.15 rows=1 width=21) (actual time=6.483..25.352 rows=4 loops=1)
Sort  (cost=6351.45..6351.46 rows=1 width=149) (actual time=29.485..29.487 rows=1 loops=1)
Sort  (cost=6351.45..6351.46 rows=1 width=149) (actual time=29.265..29.267 rows=1 loops=1)
Nested Loop  (cost=0.00..6351.15 rows=1 width=403) (actual time=23.822..24.664 rows=1 loops=1)
Nested Loop  (cost=0.00..6351.15 rows=1 width=21) (actual time=3.632..24.804 rows=2 loops=1)
Nested Loop  (cost=0.00..6351.73 rows=1 width=21) (actual time=8.343..25.148 rows=4 loops=1)
Nested Loop  (cost=0.00..6351.15 rows=1 width=21) (actual time=20.433..25.431 rows=2 loops=1)
Nested Loop  (cost=0.00..6351.15 rows=1 width=21) (actual time=9.352..25.894 rows=2 loops=1)
Sort  (cost=6351.45..6351.46 rows=1 width=149) (actual time=30.292..30.294 rows=1 loops=1)
Nested Loop  (cost=0.00..6351.15 rows=1 width=21) (actual time=1.565..26.361 rows=2 loops=1)
Sort  (cost=6351.45..6351.46 rows=1 width=149) (actual time=36.255..36.257 rows=4 loops=1)
Sort  (cost=6351.45..6351.46 rows=1 width=149) (actual time=30.332..30.334 rows=2 loops=1)
Nested Loop  (cost=0.00..6351.44 rows=1 width=21) (actual time=3.914..25.563 rows=2 loops=1)
Nested Loop  (cost=0.00..6351.15 rows=1 width=158) (actual time=5.561..28.196 rows=1 loops=1)
Nested Loop  (cost=0.00..6353.26 rows=1 width=21) (actual time=6.453..26.518 rows=12 loops=1)
Sort  (cost=6351.45..6351.46 rows=1 width=149) (actual time=29.608..29.610 rows=4 loops=1)
Nested Loop  (cost=0.00..6351.78 rows=1 width=21) (actual time=3.951..25.284 rows=4 loops=1)
Sort  (cost=6351.45..6351.46 rows=1 width=149) (actual time=29.498..29.500 rows=4 loops=1)
Nested Loop  (cost=0.00..6351.15 rows=1 width=21) (actual time=5.756..24.614 rows=2 loops=1)
Nested Loop  (cost=0.00..6351.15 rows=1 width=21) (actual time=12.723..25.014 rows=2 loops=1)
Nested Loop  (cost=0.00..6351.38 rows=1 width=158) (actual time=3.705..24.445 rows=2 loops=1)
Nested Loop  (cost=0.00..6351.82 rows=1 width=21) (actual time=6.964..24.660 rows=5 loops=1)
Nested Loop  (cost=0.00..6351.15 rows=1 width=21) (actual time=4.985..24.325 rows=3 loops=1)
Sort  (cost=6354.57..6354.58 rows=1 width=149) (actual time=28.160..28.165 rows=20 loops=1)
Nested Loop  (cost=0.00..6351.15 rows=1 width=158) (actual time=19.707..25.151 rows=3 loops=1)
Nested Loop  (cost=0.00..6351.15 rows=1 width=21) (actual time=5.128..28.217 rows=2 loops=1)
Sort  (cost=6355.81..6355.82 rows=1 width=149) (actual time=29.266..29.269 rows=21 loops=1)
Sort  (cost=6351.45..6351.46 rows=1 width=149) (actual time=28.926..28.928 rows=3 loops=1)
Nested Loop  (cost=0.00..6351.15 rows=1 width=158) (actual time=7.588..24.179 rows=1 loops=1)
Nested Loop  (cost=0.00..6351.15 rows=1 width=21) (actual time=11.689..24.654 rows=4 loops=1)
Sort  (cost=6351.45..6351.46 rows=1 width=149) (actual time=29.114..29.115 rows=1 loops=1)
Nested Loop  (cost=0.00..6353.26 rows=1 width=21) (actual time=4.342..26.152 rows=8 loops=1)
Nested Loop  (cost=0.00..6351.15 rows=1 width=21) (actual time=3.460..24.330 rows=2 loops=1)
Sort  (cost=6352.78..6352.78 rows=1 width=149) (actual time=29.418..29.420 rows=5 loops=1)
Nested Loop  (cost=0.00..6351.15 rows=1 width=21) (actual time=21.580..24.713 rows=3 loops=1)
Nested Loop  (cost=0.00..6351.56 rows=1 width=21) (actual time=2.892..25.569 rows=5 loops=1)
Nested Loop  (cost=0.00..6351.47 rows=1 width=158) (actual time=3.120..26.790 rows=2 loops=1)
Sort  (cost=6351.45..6351.46 rows=1 width=149) (actual time=29.050..29.052 rows=1 loops=1)
Nested Loop  (cost=0.00..6351.15 rows=1 width=21) (actual time=6.512..25.025 rows=2 loops=1)
Nested Loop  (cost=0.00..6351.15 rows=1 width=21) (actual time=7.737..24.923 rows=2 loops=1)
Nested Loop  (cost=0.00..6351.90 rows=1 width=21) (actual time=8.847..25.407 rows=6 loops=1)
Sort  (cost=6351.45..6351.46 rows=1 width=149) (actual time=28.878..28.879 rows=1 loops=1)
Nested Loop  (cost=0.00..6351.15 rows=1 width=21) (actual time=3.990..24.699 rows=2 loops=1)
Sort  (cost=6355.17..6355.18 rows=1 width=149) (actual time=28.583..28.585 rows=9 loops=1)
Sort  (cost=6365.09..6365.09 rows=1 width=149) (actual time=29.952..29.957 rows=54 loops=1)
Nested Loop  (cost=0.00..6351.15 rows=1 width=21) (actual time=8.702..24.540 rows=2 loops=1)
Sort  (cost=6351.45..6351.46 rows=1 width=149) (actual time=29.011..29.013 rows=1 loops=1)
Sort  (cost=6351.45..6351.46 rows=1 width=149) (actual time=28.394..28.396 rows=1 loops=1)
Nested Loop  (cost=0.00..6353.26 rows=1 width=21) (actual time=2.620..26.216 rows=14 loops=1)
Sort  (cost=6351.45..6351.46 rows=1 width=149) (actual time=33.194..33.197 rows=2 loops=1)
Nested Loop  (cost=0.00..6351.15 rows=1 width=403) (actual time=13.052..24.230 rows=1 loops=1)
Nested Loop  (cost=0.00..6351.35 rows=1 width=21) (actual time=0.079..24.608 rows=4 loops=1)
Nested Loop  (cost=0.00..6351.15 rows=1 width=21) (actual time=10.145..25.238 rows=2 loops=1)
Nested Loop  (cost=0.00..6351.47 rows=1 width=158) (actual time=5.923..25.280 rows=1 loops=1)
Sort  (cost=6351.45..6351.46 rows=1 width=149) (actual time=38.395..38.397 rows=1 loops=1)
Nested Loop  (cost=0.00..6351.15 rows=1 width=158) (actual time=15.797..25.306 rows=1 loops=1)
Sort  (cost=6351.45..6351.46 rows=1 width=149) (actual time=29.685..29.686 rows=2 loops=1)
Nested Loop  (cost=0.00..6351.44 rows=1 width=21) (actual time=10.036..25.316 rows=3 loops=1)
Nested Loop  (cost=0.00..6351.15 rows=1 width=21) (actual time=5.032..24.767 rows=3 loops=1)
Nested Loop  (cost=0.00..6351.15 rows=1 width=21) (actual time=3.505..24.960 rows=2 loops=1)
Sort  (cost=6351.45..6351.46 rows=1 width=149) (actual time=29.579..29.581 rows=4 loops=1)
Sort  (cost=6351.45..6351.46 rows=1 width=149) (actual time=29.315..29.317 rows=1 loops=1)
Nested Loop  (cost=0.00..6351.15 rows=1 width=158) (actual time=4.756..24.490 rows=1 loops=1)
Nested Loop  (cost=0.00..6351.82 rows=1 width=158) (actual time=16.133..25.644 rows=4 loops=1)
Sort  (cost=6351.45..6351.46 rows=1 width=149) (actual time=28.984..28.986 rows=1 loops=1)
Nested Loop  (cost=0.00..6351.15 rows=1 width=158) (actual time=9.412..28.594 rows=1 loops=1)
Nested Loop  (cost=0.00..6351.69 rows=1 width=158) (actual time=11.414..25.234 rows=2 loops=1)
Sort  (cost=6351.45..6351.46 rows=1 width=149) (actual time=29.664..29.666 rows=2 loops=1)
Nested Loop  (cost=0.00..6351.15 rows=1 width=21) (actual time=17.992..24.701 rows=2 loops=1)
Nested Loop  (cost=0.00..6351.15 rows=1 width=158) (actual time=3.064..24.948 rows=1 loops=1)
Nested Loop  (cost=0.00..6351.15 rows=1 width=21) (actual time=3.339..33.520 rows=3 loops=1)
Sort  (cost=6351.45..6351.46 rows=1 width=149) (actual time=28.883..28.885 rows=2 loops=1)
Sort  (cost=6351.45..6351.46 rows=1 width=149) (actual time=29.079..29.081 rows=3 loops=1)
Nested Loop  (cost=0.00..6351.15 rows=1 width=21) (actual time=18.922..25.823 rows=2 loops=1)
Nested Loop  (cost=0.00..6351.73 rows=1 width=158) (actual time=7.352..25.516 rows=3 loops=1)
Nested Loop  (cost=0.00..6351.73 rows=1 width=403) (actual time=7.205..25.177 rows=3 loops=1)
Nested Loop  (cost=0.00..6351.58 rows=1 width=21) (actual time=4.047..25.267 rows=4 loops=1)
Nested Loop  (cost=0.00..6351.15 rows=1 width=21) (actual time=3.465..24.527 rows=2 loops=1)
Sort  (cost=6351.45..6351.46 rows=1 width=149) (actual time=28.206..28.208 rows=1 loops=1)
Sort  (cost=6351.45..6351.46 rows=1 width=149) (actual time=28.771..28.773 rows=7 loops=1)
Sort  (cost=6351.45..6351.46 rows=1 width=149) (actual time=30.381..30.383 rows=7 loops=1)
Sort  (cost=6351.45..6351.46 rows=1 width=149) (actual time=37.710..37.723 rows=5 loops=1)
Sort  (cost=6351.45..6351.46 rows=1 width=149) (actual time=29.793..29.795 rows=2 loops=1)
Nested Loop  (cost=0.00..6351.15 rows=1 width=403) (actual time=11.414..24.997 rows=2 loops=1)
Nested Loop  (cost=0.00..6351.38 rows=1 width=21) (actual time=2.020..24.891 rows=4 loops=1)
Nested Loop  (cost=0.00..6351.15 rows=1 width=21) (actual time=2.357..24.186 rows=2 loops=1)
Nested Loop  (cost=0.00..6351.15 rows=1 width=158) (actual time=13.978..24.334 rows=1 loops=1)
Sort  (cost=6351.45..6351.46 rows=1 width=149) (actual time=28.900..28.902 rows=1 loops=1)
Nested Loop  (cost=0.00..6351.15 rows=1 width=21) (actual time=10.032..24.936 rows=2 loops=1)
Sort  (cost=6351.45..6351.46 rows=1 width=149) (actual time=29.592..29.594 rows=3 loops=1)
Nested Loop  (cost=0.00..6351.15 rows=1 width=21) (actual time=5.635..24.960 rows=2 loops=1)
Nested Loop  (cost=0.00..6351.76 rows=1 width=158) (actual time=1.489..25.278 rows=5 loops=1)
Sort  (cost=6351.45..6351.46 rows=1 width=149) (actual time=27.743..27.745 rows=1 loops=1)
Nested Loop  (cost=0.00..6351.40 rows=1 width=21) (actual time=9.222..24.517 rows=2 loops=1)
Nested Loop  (cost=0.00..6351.15 rows=1 width=21) (actual time=2.558..24.375 rows=2 loops=1)
Sort  (cost=6351.45..6351.46 rows=1 width=149) (actual time=29.198..29.199 rows=1 loops=1)
Nested Loop  (cost=0.00..6351.15 rows=1 width=403) (actual time=4.250..24.944 rows=1 loops=1)
Sort  (cost=6351.45..6351.46 rows=1 width=149) (actual time=28.010..28.012 rows=1 loops=1)
Sort  (cost=6351.45..6351.46 rows=1 width=149) (actual time=28.865..28.867 rows=2 loops=1)
Nested Loop  (cost=0.00..6351.15 rows=1 width=21) (actual time=6.105..24.322 rows=2 loops=1)
Nested Loop  (cost=0.00..6351.15 rows=1 width=21) (actual time=10.484..24.525 rows=3 loops=1)
Nested Loop  (cost=0.00..6351.15 rows=1 width=21) (actual time=1.796..24.351 rows=4 loops=1)
Nested Loop  (cost=0.00..6351.15 rows=1 width=21) (actual time=6.279..24.778 rows=2 loops=1)
Nested Loop  (cost=0.00..6351.64 rows=1 width=21) (actual time=13.156..25.173 rows=3 loops=1)
Nested Loop  (cost=0.00..6351.35 rows=1 width=21) (actual time=1.375..24.899 rows=3 loops=1)
Nested Loop  (cost=0.00..6351.15 rows=1 width=21) (actual time=17.009..25.019 rows=3 loops=1)
Nested Loop  (cost=0.00..6351.15 rows=1 width=21) (actual time=9.242..24.817 rows=2 loops=1)
Nested Loop  (cost=0.00..6351.15 rows=1 width=21) (actual time=18.212..24.349 rows=2 loops=1)
Sort  (cost=6351.45..6351.46 rows=1 width=149) (actual time=40.414..40.416 rows=1 loops=1)
Nested Loop  (cost=0.00..6351.76 rows=1 width=21) (actual time=3.094..24.928 rows=2 loops=1)
Nested Loop  (cost=0.00..6351.69 rows=1 width=21) (actual time=8.614..25.095 rows=4 loops=1)
Nested Loop  (cost=0.00..6351.15 rows=1 width=158) (actual time=14.165..24.987 rows=1 loops=1)
Nested Loop  (cost=0.00..6351.15 rows=1 width=21) (actual time=6.453..24.984 rows=2 loops=1)
Nested Loop  (cost=0.00..6351.15 rows=1 width=21) (actual time=12.853..26.562 rows=2 loops=1)
Nested Loop  (cost=0.00..6351.56 rows=1 width=21) (actual time=5.019..25.282 rows=6 loops=1)
Nested Loop  (cost=0.00..6351.84 rows=1 width=21) (actual time=2.440..25.557 rows=4 loops=1)
Nested Loop  (cost=0.00..6351.15 rows=1 width=21) (actual time=2.941..25.136 rows=3 loops=1)
Nested Loop  (cost=0.00..6351.15 rows=1 width=21) (actual time=11.269..24.501 rows=2 loops=1)
Nested Loop  (cost=0.00..6351.15 rows=1 width=21) (actual time=10.285..24.823 rows=2 loops=1)
Sort  (cost=6351.45..6351.46 rows=1 width=149) (actual time=29.610..29.612 rows=1 loops=1)
Nested Loop  (cost=0.00..6351.15 rows=1 width=21) (actual time=1.698..25.120 rows=2 loops=1)
Sort  (cost=6351.45..6351.46 rows=1 width=149) (actual time=32.816..32.818 rows=1 loops=1)
Nested Loop  (cost=0.00..6351.40 rows=1 width=21) (actual time=0.345..25.138 rows=2 loops=1)
Nested Loop  (cost=0.00..6351.15 rows=1 width=21) (actual time=4.788..24.851 rows=2 loops=1)
Nested Loop  (cost=0.00..6351.15 rows=1 width=21) (actual time=7.214..24.844 rows=2 loops=1)
Nested Loop  (cost=0.00..6353.26 rows=1 width=21) (actual time=2.882..26.276 rows=10 loops=1)
Sort  (cost=6351.45..6351.46 rows=1 width=149) (actual time=32.239..32.241 rows=1 loops=1)
Sort  (cost=6351.45..6351.46 rows=1 width=149) (actual time=35.246..35.249 rows=4 loops=1)
Nested Loop  (cost=0.00..6351.15 rows=1 width=21) (actual time=10.586..24.840 rows=2 loops=1)
Nested Loop  (cost=0.00..6351.15 rows=1 width=21) (actual time=10.987..28.630 rows=2 loops=1)
Sort  (cost=6351.45..6351.46 rows=1 width=149) (actual time=29.239..29.241 rows=2 loops=1)
Sort  (cost=6351.45..6351.46 rows=1 width=149) (actual time=29.071..29.073 rows=1 loops=1)
Nested Loop  (cost=0.00..6351.56 rows=1 width=21) (actual time=2.544..26.067 rows=6 loops=1)
Nested Loop  (cost=0.00..6351.15 rows=1 width=21) (actual time=18.913..24.915 rows=2 loops=1)
Nested Loop  (cost=0.00..6351.82 rows=1 width=21) (actual time=3.730..25.203 rows=4 loops=1)
Nested Loop  (cost=0.00..6351.69 rows=1 width=158) (actual time=14.175..24.600 rows=4 loops=1)
Sort  (cost=6351.45..6351.46 rows=1 width=149) (actual time=31.781..31.783 rows=1 loops=1)
Nested Loop  (cost=0.00..6351.15 rows=1 width=158) (actual time=4.640..24.693 rows=1 loops=1)
Nested Loop  (cost=0.00..6351.15 rows=1 width=158) (actual time=14.838..24.907 rows=1 loops=1)
Nested Loop  (cost=0.00..6351.67 rows=1 width=21) (actual time=2.284..30.621 rows=3 loops=1)
Sort  (cost=6351.45..6351.46 rows=1 width=149) (actual time=29.270..29.271 rows=2 loops=1)
Sort  (cost=6351.45..6351.46 rows=1 width=149) (actual time=29.684..29.686 rows=4 loops=1)
Sort  (cost=6351.45..6351.46 rows=1 width=149) (actual time=28.082..28.084 rows=1 loops=1)
Nested Loop  (cost=0.00..6351.15 rows=1 width=21) (actual time=6.100..24.076 rows=2 loops=1)
Nested Loop  (cost=0.00..6351.15 rows=1 width=21) (actual time=0.633..25.408 rows=2 loops=1)
Nested Loop  (cost=0.00..6351.40 rows=1 width=21) (actual time=8.944..25.562 rows=5 loops=1)
Sort  (cost=6351.45..6351.46 rows=1 width=149) (actual time=29.211..29.212 rows=1 loops=1)
Nested Loop  (cost=0.00..6351.15 rows=1 width=403) (actual time=3.652..24.933 rows=1 loops=1)
Nested Loop  (cost=0.00..6351.35 rows=1 width=21) (actual time=0.576..25.090 rows=2 loops=1)
Nested Loop  (cost=0.00..6351.15 rows=1 width=21) (actual time=12.936..25.002 rows=2 loops=1)
Nested Loop  (cost=0.00..6351.15 rows=1 width=21) (actual time=9.158..25.017 rows=3 loops=1)
Nested Loop  (cost=0.00..6351.15 rows=1 width=21) (actual time=4.361..25.009 rows=2 loops=1)
Nested Loop  (cost=0.00..6351.38 rows=1 width=21) (actual time=7.707..24.355 rows=2 loops=1)
Nested Loop  (cost=0.00..6351.84 rows=1 width=21) (actual time=5.246..24.966 rows=5 loops=1)
Sort  (cost=6362.35..6362.36 rows=1 width=149) (actual time=29.924..29.928 rows=41 loops=1)
Nested Loop  (cost=0.00..6352.07 rows=1 width=21) (actual time=3.740..25.515 rows=3 loops=1)
Sort  (cost=6351.45..6351.46 rows=1 width=149) (actual time=29.081..29.083 rows=1 loops=1)
Nested Loop  (cost=0.00..6351.15 rows=1 width=403) (actual time=14.027..23.969 rows=1 loops=1)
Nested Loop  (cost=0.00..6351.15 rows=1 width=158) (actual time=19.624..24.651 rows=1 loops=1)
Sort  (cost=6351.45..6351.46 rows=1 width=149) (actual time=28.886..28.887 rows=1 loops=1)
Sort  (cost=6351.45..6351.46 rows=1 width=149) (actual time=28.969..28.971 rows=1 loops=1)
Nested Loop  (cost=0.00..6351.82 rows=1 width=21) (actual time=7.141..25.303 rows=5 loops=1)
Nested Loop  (cost=0.00..6351.15 rows=1 width=21) (actual time=15.730..25.030 rows=2 loops=1)
Nested Loop  (cost=0.00..6351.15 rows=1 width=21) (actual time=11.435..25.007 rows=2 loops=1)
Nested Loop  (cost=0.00..6351.15 rows=1 width=21) (actual time=21.024..24.797 rows=2 loops=1)
Nested Loop  (cost=0.00..6351.15 rows=1 width=21) (actual time=33.390..37.488 rows=2 loops=1)
Nested Loop  (cost=0.00..6351.15 rows=1 width=158) (actual time=22.011..24.227 rows=1 loops=1)
Nested Loop  (cost=0.00..6351.40 rows=1 width=21) (actual time=15.096..25.079 rows=3 loops=1)
Sort  (cost=6351.45..6351.46 rows=1 width=149) (actual time=29.364..29.366 rows=1 loops=1)
Nested Loop  (cost=0.00..6351.15 rows=1 width=21) (actual time=8.223..25.153 rows=2 loops=1)
Nested Loop  (cost=0.00..6351.15 rows=1 width=21) (actual time=10.221..26.002 rows=4 loops=1)
Nested Loop  (cost=0.00..6351.44 rows=1 width=21) (actual time=10.499..25.153 rows=3 loops=1)
Nested Loop  (cost=0.00..6352.64 rows=1 width=21) (actual time=2.923..25.881 rows=8 loops=1)
Nested Loop  (cost=0.00..6351.15 rows=1 width=21) (actual time=2.784..24.778 rows=2 loops=1)
Nested Loop  (cost=0.00..6351.15 rows=1 width=21) (actual time=3.221..28.156 rows=3 loops=1)
Sort  (cost=6351.45..6351.46 rows=1 width=149) (actual time=29.738..29.740 rows=3 loops=1)
Sort  (cost=6351.45..6351.46 rows=1 width=149) (actual time=30.478..30.480 rows=14 loops=1)
Nested Loop  (cost=0.00..6351.15 rows=1 width=158) (actual time=7.025..24.706 rows=1 loops=1)
Nested Loop  (cost=0.00..6351.15 rows=1 width=158) (actual time=0.181..25.104 rows=1 loops=1)
Sort  (cost=6351.45..6351.46 rows=1 width=149) (actual time=29.610..29.612 rows=1 loops=1)
Nested Loop  (cost=0.00..6351.15 rows=1 width=403) (actual time=4.409..25.103 rows=1 loops=1)
Sort  (cost=6351.45..6351.46 rows=1 width=149) (actual time=28.959..28.961 rows=1 loops=1)
Sort  (cost=6351.45..6351.46 rows=1 width=149) (actual time=29.625..29.627 rows=1 loops=1)
Nested Loop  (cost=0.00..6351.53 rows=1 width=21) (actual time=2.385..24.914 rows=4 loops=1)
Sort  (cost=6351.45..6351.46 rows=1 width=149) (actual time=30.812..30.814 rows=8 loops=1)
Nested Loop  (cost=0.00..6351.15 rows=1 width=21) (actual time=9.018..29.170 rows=2 loops=1)
Sort  (cost=6351.45..6351.46 rows=1 width=149) (actual time=37.966..37.968 rows=2 loops=1)
Nested Loop  (cost=0.00..6352.64 rows=1 width=158) (actual time=0.177..28.064 rows=4 loops=1)
Nested Loop  (cost=0.00..6352.64 rows=1 width=403) (actual time=0.266..32.083 rows=4 loops=1)
Nested Loop  (cost=0.00..6351.15 rows=1 width=21) (actual time=8.863..24.532 rows=2 loops=1)
Sort  (cost=6351.45..6351.46 rows=1 width=149) (actual time=29.330..29.331 rows=1 loops=1)
Nested Loop  (cost=0.00..6351.44 rows=1 width=21) (actual time=7.196..25.212 rows=2 loops=1)
Nested Loop  (cost=0.00..6352.64 rows=1 width=158) (actual time=7.825..25.779 rows=4 loops=1)
Nested Loop  (cost=0.00..6351.15 rows=1 width=21) (actual time=8.062..25.063 rows=2 loops=1)
Sort  (cost=6351.45..6351.46 rows=1 width=149) (actual time=29.259..29.261 rows=1 loops=1)
Sort  (cost=6351.45..6351.46 rows=1 width=149) (actual time=28.810..28.811 rows=1 loops=1)
Sort  (cost=6351.45..6351.46 rows=1 width=149) (actual time=28.394..28.395 rows=4 loops=1)
Sort  (cost=6351.45..6351.46 rows=1 width=149) (actual time=33.742..33.744 rows=2 loops=1)
Sort  (cost=6351.45..6351.46 rows=1 width=149) (actual time=29.634..29.635 rows=2 loops=1)
Nested Loop  (cost=0.00..6351.15 rows=1 width=403) (actual time=15.802..24.871 rows=1 loops=1)
Sort  (cost=6351.45..6351.46 rows=1 width=149) (actual time=28.411..28.413 rows=1 loops=1)
Sort  (cost=6351.45..6351.46 rows=1 width=149) (actual time=29.055..29.057 rows=1 loops=1)
Nested Loop  (cost=0.00..6351.15 rows=1 width=21) (actual time=2.718..25.391 rows=3 loops=1)
Sort  (cost=6351.45..6351.46 rows=1 width=149) (actual time=30.699..30.701 rows=5 loops=1)
Nested Loop  (cost=0.00..6351.15 rows=1 width=158) (actual time=13.401..25.160 rows=1 loops=1)
Nested Loop  (cost=0.00..6351.15 rows=1 width=403) (actual time=13.329..25.015 rows=1 loops=1)
Nested Loop  (cost=0.00..6351.69 rows=1 width=21) (actual time=3.026..25.516 rows=7 loops=1)
Sort  (cost=6351.45..6351.46 rows=1 width=149) (actual time=30.043..30.045 rows=1 loops=1)
Nested Loop  (cost=0.00..6351.15 rows=1 width=158) (actual time=0.439..24.245 rows=1 loops=1)
Sort  (cost=6351.45..6351.46 rows=1 width=149) (actual time=33.079..33.081 rows=3 loops=1)
Nested Loop  (cost=0.00..6351.15 rows=1 width=403) (actual time=10.283..24.192 rows=1 loops=1)
Sort  (cost=6351.45..6351.46 rows=1 width=149) (actual time=29.751..29.753 rows=1 loops=1)
Nested Loop  (cost=0.00..6353.26 rows=1 width=158) (actual time=0.107..26.586 rows=6 loops=1)
Nested Loop  (cost=0.00..6351.40 rows=1 width=21) (actual time=3.518..25.031 rows=2 loops=1)
Nested Loop  (cost=0.00..6351.44 rows=1 width=158) (actual time=12.160..24.924 rows=1 loops=1)
Nested Loop  (cost=0.00..6351.44 rows=1 width=403) (actual time=12.166..25.222 rows=1 loops=1)
Nested Loop  (cost=0.00..6351.15 rows=1 width=21) (actual time=2.101..24.484 rows=2 loops=1)
Sort  (cost=6351.45..6351.46 rows=1 width=149) (actual time=28.285..28.287 rows=1 loops=1)
Nested Loop  (cost=0.00..6351.15 rows=1 width=403) (actual time=6.552..25.204 rows=1 loops=1)
Nested Loop  (cost=0.00..6351.38 rows=1 width=21) (actual time=0.559..25.346 rows=3 loops=1)
Nested Loop  (cost=0.00..6351.40 rows=1 width=21) (actual time=0.123..25.124 rows=3 loops=1)
Nested Loop  (cost=0.00..6351.38 rows=1 width=21) (actual time=0.738..24.411 rows=2 loops=1)
Nested Loop  (cost=0.00..6351.15 rows=1 width=21) (actual time=7.358..24.819 rows=3 loops=1)
Nested Loop  (cost=0.00..6351.15 rows=1 width=158) (actual time=3.369..24.864 rows=1 loops=1)
Nested Loop  (cost=0.00..6352.07 rows=1 width=21) (actual time=7.178..25.738 rows=3 loops=1)
Nested Loop  (cost=0.00..6351.15 rows=1 width=21) (actual time=6.740..25.029 rows=2 loops=1)
Nested Loop  (cost=0.00..6351.15 rows=1 width=21) (actual time=7.532..25.162 rows=2 loops=1)
Nested Loop  (cost=0.00..6351.15 rows=1 width=158) (actual time=22.458..24.984 rows=1 loops=1)
Sort  (cost=6351.45..6351.46 rows=1 width=149) (actual time=29.431..29.433 rows=1 loops=1)
Sort  (cost=6351.45..6351.46 rows=1 width=149) (actual time=28.832..28.833 rows=1 loops=1)
Sort  (cost=6351.45..6351.46 rows=1 width=149) (actual time=31.952..31.954 rows=1 loops=1)
Nested Loop  (cost=0.00..6351.15 rows=1 width=21) (actual time=14.536..29.568 rows=2 loops=1)
Nested Loop  (cost=0.00..6351.15 rows=1 width=21) (actual time=15.551..24.747 rows=2 loops=1)
Nested Loop  (cost=0.00..6351.15 rows=1 width=21) (actual time=1.440..25.172 rows=3 loops=1)
Sort  (cost=6352.80..6352.81 rows=1 width=149) (actual time=30.505..30.507 rows=9 loops=1)
Sort  (cost=6351.45..6351.46 rows=1 width=149) (actual time=32.629..32.631 rows=5 loops=1)
Sort  (cost=6355.72..6355.73 rows=1 width=149) (actual time=29.244..29.247 rows=24 loops=1)
Sort  (cost=6351.45..6351.46 rows=1 width=149) (actual time=28.827..28.829 rows=1 loops=1)
Nested Loop  (cost=0.00..6351.58 rows=1 width=21) (actual time=3.270..25.944 rows=4 loops=1)
Nested Loop  (cost=0.00..6351.15 rows=1 width=158) (actual time=4.416..25.037 rows=2 loops=1)
Nested Loop  (cost=0.00..6351.82 rows=1 width=158) (actual time=6.039..28.557 rows=4 loops=1)
Nested Loop  (cost=0.00..6351.15 rows=1 width=21) (actual time=11.759..24.438 rows=3 loops=1)
Nested Loop  (cost=0.00..6351.15 rows=1 width=21) (actual time=2.878..25.366 rows=2 loops=1)
Nested Loop  (cost=0.00..6351.15 rows=1 width=21) (actual time=1.617..26.575 rows=2 loops=1)
Nested Loop  (cost=0.00..6351.69 rows=1 width=158) (actual time=20.626..26.291 rows=2 loops=1)
Nested Loop  (cost=0.00..6351.69 rows=1 width=21) (actual time=2.492..25.374 rows=4 loops=1)
Sort  (cost=6351.45..6351.46 rows=1 width=149) (actual time=29.545..29.546 rows=1 loops=1)
Sort  (cost=6351.45..6351.46 rows=1 width=149) (actual time=28.966..28.968 rows=1 loops=1)
Sort  (cost=6351.45..6351.46 rows=1 width=149) (actual time=28.972..28.973 rows=1 loops=1)
Nested Loop  (cost=0.00..6351.15 rows=1 width=21) (actual time=2.365..25.214 rows=2 loops=1)
Nested Loop  (cost=0.00..6351.15 rows=1 width=21) (actual time=1.427..24.736 rows=2 loops=1)
Nested Loop  (cost=0.00..6351.15 rows=1 width=21) (actual time=8.021..24.999 rows=3 loops=1)
Nested Loop  (cost=0.00..6351.58 rows=1 width=158) (actual time=9.859..24.537 rows=2 loops=1)
Nested Loop  (cost=0.00..6351.15 rows=1 width=158) (actual time=16.596..24.415 rows=1 loops=1)
Nested Loop  (cost=0.00..6351.15 rows=1 width=21) (actual time=7.152..25.028 rows=2 loops=1)
Sort  (cost=6351.45..6351.46 rows=1 width=149) (actual time=29.319..29.320 rows=2 loops=1)
Sort  (cost=6351.45..6351.46 rows=1 width=149) (actual time=29.077..29.078 rows=1 loops=1)
Sort  (cost=6351.45..6351.46 rows=1 width=149) (actual time=28.915..28.917 rows=1 loops=1)
Sort  (cost=6352.78..6352.78 rows=1 width=149) (actual time=30.556..30.558 rows=9 loops=1)
Sort  (cost=6351.45..6351.46 rows=1 width=149) (actual time=28.443..28.445 rows=1 loops=1)
Nested Loop  (cost=0.00..6351.73 rows=1 width=158) (actual time=7.058..24.776 rows=3 loops=1)
Nested Loop  (cost=0.00..6351.73 rows=1 width=403) (actual time=7.094..25.035 rows=3 loops=1)
Sort  (cost=6351.45..6351.46 rows=1 width=149) (actual time=29.567..29.569 rows=2 loops=1)
Nested Loop  (cost=0.00..6351.15 rows=1 width=21) (actual time=7.452..24.621 rows=2 loops=1)
Nested Loop  (cost=0.00..6351.15 rows=1 width=158) (actual time=10.413..24.535 rows=1 loops=1)
Nested Loop  (cost=0.00..6351.15 rows=1 width=21) (actual time=7.736..24.317 rows=2 loops=1)
Sort  (cost=6366.89..6366.89 rows=1 width=149) (actual time=30.140..30.145 rows=51 loops=1)
Nested Loop  (cost=0.00..6351.15 rows=1 width=21) (actual time=4.941..24.746 rows=2 loops=1)
Nested Loop  (cost=0.00..6351.15 rows=1 width=158) (actual time=1.289..25.001 rows=1 loops=1)
Nested Loop  (cost=0.00..6351.15 rows=1 width=21) (actual time=2.819..25.080 rows=3 loops=1)
Nested Loop  (cost=0.00..6351.69 rows=1 width=21) (actual time=1.897..25.167 rows=8 loops=1)
Sort  (cost=6351.45..6351.46 rows=1 width=149) (actual time=28.967..28.969 rows=1 loops=1)
Nested Loop  (cost=0.00..6351.15 rows=1 width=158) (actual time=12.342..25.042 rows=1 loops=1)
Nested Loop  (cost=0.00..6351.64 rows=1 width=21) (actual time=1.338..25.359 rows=4 loops=1)
Nested Loop  (cost=0.00..6351.15 rows=1 width=158) (actual time=1.925..24.945 rows=1 loops=1)
Nested Loop  (cost=0.00..6351.73 rows=1 width=21) (actual time=7.047..24.944 rows=3 loops=1)
Nested Loop  (cost=0.00..6351.15 rows=1 width=158) (actual time=24.160..24.234 rows=1 loops=1)
Nested Loop  (cost=0.00..6351.38 rows=1 width=21) (actual time=20.562..24.485 rows=2 loops=1)
Nested Loop  (cost=0.00..6351.15 rows=1 width=21) (actual time=13.168..25.219 rows=2 loops=1)
Sort  (cost=6355.75..6355.75 rows=1 width=149) (actual time=29.464..29.467 rows=23 loops=1)
Nested Loop  (cost=0.00..6351.47 rows=1 width=21) (actual time=7.500..24.952 rows=3 loops=1)
Nested Loop  (cost=0.00..6351.15 rows=1 width=21) (actual time=21.334..26.949 rows=4 loops=1)
Nested Loop  (cost=0.00..6351.69 rows=1 width=21) (actual time=1.380..24.846 rows=7 loops=1)
Nested Loop  (cost=0.00..6351.15 rows=1 width=21) (actual time=17.097..24.604 rows=2 loops=1)
Nested Loop  (cost=0.00..6351.15 rows=1 width=158) (actual time=8.384..24.712 rows=1 loops=1)
Sort  (cost=6353.18..6353.18 rows=1 width=149) (actual time=39.353..39.355 rows=6 loops=1)
Nested Loop  (cost=0.00..6351.15 rows=1 width=158) (actual time=24.977..26.778 rows=1 loops=1)
Sort  (cost=6352.91..6352.92 rows=1 width=149) (actual time=31.469..31.471 rows=8 loops=1)
Nested Loop  (cost=0.00..6351.15 rows=1 width=21) (actual time=9.109..24.636 rows=3 loops=1)
Sort  (cost=6351.45..6351.46 rows=1 width=149) (actual time=29.075..29.076 rows=2 loops=1)
Nested Loop  (cost=0.00..6351.15 rows=1 width=21) (actual time=4.307..24.585 rows=2 loops=1)
Sort  (cost=6351.45..6351.46 rows=1 width=149) (actual time=30.616..30.618 rows=4 loops=1)
Nested Loop  (cost=0.00..6351.15 rows=1 width=21) (actual time=16.723..24.577 rows=2 loops=1)
Nested Loop  (cost=0.00..6351.76 rows=1 width=158) (actual time=2.684..25.126 rows=3 loops=1)
Nested Loop  (cost=0.00..6351.58 rows=1 width=158) (actual time=9.635..25.271 rows=3 loops=1)
Nested Loop  (cost=0.00..6351.58 rows=1 width=403) (actual time=9.591..25.136 rows=3 loops=1)
Sort  (cost=6351.45..6351.46 rows=1 width=149) (actual time=31.335..31.337 rows=2 loops=1)
Nested Loop  (cost=0.00..6351.35 rows=1 width=158) (actual time=18.925..25.279 rows=4 loops=1)
Nested Loop  (cost=0.00..6351.47 rows=1 width=21) (actual time=0.540..25.931 rows=2 loops=1)
Nested Loop  (cost=0.00..6351.15 rows=1 width=21) (actual time=5.848..25.840 rows=4 loops=1)
Sort  (cost=6351.45..6351.46 rows=1 width=149) (actual time=29.487..29.489 rows=2 loops=1)
Sort  (cost=6351.45..6351.46 rows=1 width=149) (actual time=29.683..29.685 rows=1 loops=1)
Sort  (cost=6351.45..6351.46 rows=1 width=149) (actual time=29.277..29.278 rows=1 loops=1)
Nested Loop  (cost=0.00..6351.56 rows=1 width=21) (actual time=0.349..25.499 rows=4 loops=1)
Nested Loop  (cost=0.00..6351.69 rows=1 width=158) (actual time=0.474..24.768 rows=4 loops=1)
Nested Loop  (cost=0.00..6351.82 rows=1 width=158) (actual time=15.577..25.065 rows=4 loops=1)
Sort  (cost=6365.09..6365.09 rows=1 width=149) (actual time=30.429..30.433 rows=62 loops=1)
Nested Loop  (cost=0.00..6351.15 rows=1 width=21) (actual time=1.836..24.445 rows=3 loops=1)
Nested Loop  (cost=0.00..6351.15 rows=1 width=21) (actual time=3.960..25.019 rows=2 loops=1)
Nested Loop  (cost=0.00..6351.15 rows=1 width=21) (actual time=3.422..24.324 rows=2 loops=1)
Sort  (cost=6352.89..6352.90 rows=1 width=149) (actual time=43.790..43.792 rows=10 loops=1)
Sort  (cost=6353.18..6353.18 rows=1 width=149) (actual time=30.603..30.605 rows=11 loops=1)
Nested Loop  (cost=0.00..6351.15 rows=1 width=21) (actual time=6.141..24.719 rows=2 loops=1)
Nested Loop  (cost=0.00..6351.15 rows=1 width=21) (actual time=1.303..24.748 rows=2 loops=1)
Nested Loop  (cost=0.00..6351.15 rows=1 width=21) (actual time=3.336..24.878 rows=3 loops=1)
Nested Loop  (cost=0.00..6351.53 rows=1 width=21) (actual time=11.825..25.295 rows=6 loops=1)
Nested Loop  (cost=0.00..6351.15 rows=1 width=158) (actual time=17.448..24.752 rows=1 loops=1)
Nested Loop  (cost=0.00..6351.53 rows=1 width=21) (actual time=11.934..25.419 rows=6 loops=1)
Nested Loop  (cost=0.00..6351.15 rows=1 width=21) (actual time=3.157..24.308 rows=1 loops=1)
Nested Loop  (cost=0.00..6351.40 rows=1 width=21) (actual time=4.909..24.415 rows=4 loops=1)
Nested Loop  (cost=0.00..6351.90 rows=1 width=21) (actual time=8.177..25.187 rows=6 loops=1)
Sort  (cost=6351.45..6351.46 rows=1 width=149) (actual time=30.118..30.120 rows=1 loops=1)
Nested Loop  (cost=0.00..6351.40 rows=1 width=158) (actual time=7.030..25.090 rows=2 loops=1)
Nested Loop  (cost=0.00..6351.15 rows=1 width=21) (actual time=2.614..24.956 rows=2 loops=1)
Nested Loop  (cost=0.00..6351.15 rows=1 width=158) (actual time=7.227..24.106 rows=1 loops=1)
Sort  (cost=6351.45..6351.46 rows=1 width=149) (actual time=28.933..28.935 rows=4 loops=1)
Nested Loop  (cost=0.00..6351.15 rows=1 width=21) (actual time=17.902..24.453 rows=2 loops=1)
Nested Loop  (cost=0.00..6351.15 rows=1 width=21) (actual time=23.171..24.744 rows=2 loops=1)
Sort  (cost=6351.45..6351.46 rows=1 width=149) (actual time=29.219..29.220 rows=1 loops=1)
Nested Loop  (cost=0.00..6351.15 rows=1 width=21) (actual time=4.623..24.432 rows=2 loops=1)
Nested Loop  (cost=0.00..6351.15 rows=1 width=21) (actual time=14.662..24.560 rows=2 loops=1)
Nested Loop  (cost=0.00..6351.53 rows=1 width=21) (actual time=12.914..25.142 rows=4 loops=1)
Nested Loop  (cost=0.00..6351.15 rows=1 width=21) (actual time=16.340..25.091 rows=2 loops=1)
Nested Loop  (cost=0.00..6352.07 rows=1 width=158) (actual time=6.590..25.493 rows=2 loops=1)
Nested Loop  (cost=0.00..6351.15 rows=1 width=21) (actual time=1.818..25.528 rows=3 loops=1)
Sort  (cost=6351.45..6351.46 rows=1 width=149) (actual time=29.424..29.426 rows=2 loops=1)
Sort  (cost=6351.45..6351.46 rows=1 width=149) (actual time=28.901..28.903 rows=1 loops=1)
Sort  (cost=6351.45..6351.46 rows=1 width=149) (actual time=28.779..28.781 rows=1 loops=1)
Nested Loop  (cost=0.00..6351.15 rows=1 width=158) (actual time=23.272..25.031 rows=1 loops=1)
Sort  (cost=6351.45..6351.46 rows=1 width=149) (actual time=29.334..29.336 rows=1 loops=1)
Nested Loop  (cost=0.00..6351.15 rows=1 width=158) (actual time=11.912..24.510 rows=1 loops=1)
Nested Loop  (cost=0.00..6351.73 rows=1 width=21) (actual time=12.251..35.388 rows=4 loops=1)
Sort  (cost=6351.45..6351.46 rows=1 width=149) (actual time=28.814..28.816 rows=1 loops=1)
Sort  (cost=6351.45..6351.46 rows=1 width=149) (actual time=32.498..32.499 rows=3 loops=1)
Nested Loop  (cost=0.00..6351.15 rows=1 width=21) (actual time=9.600..25.156 rows=3 loops=1)
Nested Loop  (cost=0.00..6351.15 rows=1 width=158) (actual time=9.106..24.887 rows=2 loops=1)
Nested Loop  (cost=0.00..6351.76 rows=1 width=21) (actual time=1.991..29.022 rows=3 loops=1)
Nested Loop  (cost=0.00..6351.15 rows=1 width=21) (actual time=9.535..24.541 rows=2 loops=1)
Nested Loop  (cost=0.00..6351.38 rows=1 width=21) (actual time=13.335..24.809 rows=2 loops=1)
Nested Loop  (cost=0.00..6351.15 rows=1 width=21) (actual time=7.096..24.687 rows=2 loops=1)
Nested Loop  (cost=0.00..6351.47 rows=1 width=158) (actual time=4.089..28.073 rows=5 loops=1)
Nested Loop  (cost=0.00..6351.47 rows=1 width=403) (actual time=4.376..25.493 rows=5 loops=1)
Nested Loop  (cost=0.00..6351.40 rows=1 width=21) (actual time=3.468..27.329 rows=3 loops=1)
Sort  (cost=6351.45..6351.46 rows=1 width=149) (actual time=29.750..29.752 rows=1 loops=1)
Nested Loop  (cost=0.00..6352.84 rows=1 width=21) (actual time=1.784..26.002 rows=9 loops=1)
Nested Loop  (cost=0.00..6351.15 rows=1 width=21) (actual time=5.026..24.791 rows=2 loops=1)
Nested Loop  (cost=0.00..6351.15 rows=1 width=21) (actual time=22.479..24.432 rows=2 loops=1)
Nested Loop  (cost=0.00..6351.76 rows=1 width=158) (actual time=15.307..24.631 rows=1 loops=1)
Nested Loop  (cost=0.00..6351.76 rows=1 width=403) (actual time=15.426..24.878 rows=1 loops=1)
Sort  (cost=6351.45..6351.46 rows=1 width=149) (actual time=30.578..30.580 rows=4 loops=1)
Nested Loop  (cost=0.00..6351.84 rows=1 width=21) (actual time=1.867..25.118 rows=3 loops=1)
Nested Loop  (cost=0.00..6351.47 rows=1 width=21) (actual time=3.157..25.413 rows=3 loops=1)
Nested Loop  (cost=0.00..6351.15 rows=1 width=21) (actual time=5.263..32.848 rows=4 loops=1)
Sort  (cost=6351.45..6351.46 rows=1 width=149) (actual time=29.099..29.100 rows=1 loops=1)
Sort  (cost=6351.45..6351.46 rows=1 width=149) (actual time=29.136..29.138 rows=4 loops=1)
Nested Loop  (cost=0.00..6351.82 rows=1 width=21) (actual time=6.655..25.029 rows=6 loops=1)
Nested Loop  (cost=0.00..6351.15 rows=1 width=158) (actual time=1.031..25.191 rows=1 loops=1)
Nested Loop  (cost=0.00..6351.15 rows=1 width=158) (actual time=17.028..25.002 rows=1 loops=1)
Nested Loop  (cost=0.00..6351.15 rows=1 width=403) (actual time=16.843..24.319 rows=1 loops=1)
Nested Loop  (cost=0.00..6351.15 rows=1 width=21) (actual time=4.107..24.235 rows=2 loops=1)
Nested Loop  (cost=0.00..6351.15 rows=1 width=21) (actual time=11.128..24.396 rows=2 loops=1)
Nested Loop  (cost=0.00..6351.53 rows=1 width=21) (actual time=9.282..26.619 rows=3 loops=1)
Sort  (cost=6351.45..6351.46 rows=1 width=149) (actual time=39.112..39.114 rows=1 loops=1)
Nested Loop  (cost=0.00..6351.15 rows=1 width=21) (actual time=8.083..24.464 rows=2 loops=1)
Nested Loop  (cost=0.00..6351.78 rows=1 width=21) (actual time=6.749..25.471 rows=4 loops=1)
Nested Loop  (cost=0.00..6351.15 rows=1 width=158) (actual time=12.187..24.988 rows=1 loops=1)
Nested Loop  (cost=0.00..6351.15 rows=1 width=158) (actual time=12.123..25.101 rows=2 loops=1)
Sort  (cost=6351.45..6351.46 rows=1 width=149) (actual time=28.700..28.702 rows=1 loops=1)
Sort  (cost=6351.45..6351.46 rows=1 width=149) (actual time=29.414..29.415 rows=1 loops=1)
Sort  (cost=6351.45..6351.46 rows=1 width=149) (actual time=29.669..29.671 rows=1 loops=1)
Nested Loop  (cost=0.00..6351.15 rows=1 width=158) (actual time=24.353..25.081 rows=1 loops=1)
Nested Loop  (cost=0.00..6351.40 rows=1 width=158) (actual time=9.857..25.465 rows=2 loops=1)
Nested Loop  (cost=0.00..6351.40 rows=1 width=403) (actual time=9.902..25.164 rows=2 loops=1)
Nested Loop  (cost=0.00..6351.15 rows=1 width=21) (actual time=14.134..24.860 rows=2 loops=1)
Nested Loop  (cost=0.00..6351.15 rows=1 width=21) (actual time=0.070..24.938 rows=2 loops=1)
Sort  (cost=6351.45..6351.46 rows=1 width=149) (actual time=28.940..28.942 rows=1 loops=1)
Nested Loop  (cost=0.00..6351.15 rows=1 width=21) (actual time=9.100..24.594 rows=3 loops=1)
Nested Loop  (cost=0.00..6351.15 rows=1 width=21) (actual time=8.471..24.241 rows=2 loops=1)
Sort  (cost=6351.45..6351.46 rows=1 width=149) (actual time=29.524..29.526 rows=1 loops=1)
Nested Loop  (cost=0.00..6351.15 rows=1 width=21) (actual time=5.774..27.158 rows=2 loops=1)
Sort  (cost=6351.45..6351.46 rows=1 width=149) (actual time=28.515..28.517 rows=1 loops=1)
Nested Loop  (cost=0.00..6351.15 rows=1 width=21) (actual time=13.654..24.227 rows=2 loops=1)
Nested Loop  (cost=0.00..6351.15 rows=1 width=21) (actual time=17.950..26.052 rows=2 loops=1)
Sort  (cost=6351.45..6351.46 rows=1 width=149) (actual time=29.340..29.343 rows=10 loops=1)
Nested Loop  (cost=0.00..6351.69 rows=1 width=158) (actual time=2.054..25.271 rows=3 loops=1)
Sort  (cost=6351.45..6351.46 rows=1 width=149) (actual time=28.623..28.625 rows=3 loops=1)
Nested Loop  (cost=0.00..6351.15 rows=1 width=21) (actual time=14.308..24.769 rows=2 loops=1)
Sort  (cost=6355.57..6355.58 rows=1 width=149) (actual time=29.222..29.224 rows=20 loops=1)
Sort  (cost=6351.45..6351.46 rows=1 width=149) (actual time=29.116..29.117 rows=2 loops=1)
Nested Loop  (cost=0.00..6351.53 rows=1 width=158) (actual time=13.236..25.309 rows=3 loops=1)
Sort  (cost=6351.45..6351.46 rows=1 width=149) (actual time=29.223..29.225 rows=1 loops=1)
Sort  (cost=6351.45..6351.46 rows=1 width=149) (actual time=29.687..29.689 rows=1 loops=1)
Nested Loop  (cost=0.00..6351.15 rows=1 width=21) (actual time=15.019..24.971 rows=2 loops=1)
Nested Loop  (cost=0.00..6351.15 rows=1 width=21) (actual time=1.221..25.161 rows=2 loops=1)
Nested Loop  (cost=0.00..6351.15 rows=1 width=158) (actual time=10.450..25.072 rows=1 loops=1)
Nested Loop  (cost=0.00..6351.15 rows=1 width=21) (actual time=8.345..25.136 rows=2 loops=1)
Nested Loop  (cost=0.00..6351.15 rows=1 width=21) (actual time=13.732..32.877 rows=2 loops=1)
Nested Loop  (cost=0.00..6351.69 rows=1 width=21) (actual time=1.844..24.836 rows=8 loops=1)
Nested Loop  (cost=0.00..6351.15 rows=1 width=21) (actual time=19.779..24.966 rows=2 loops=1)
Nested Loop  (cost=0.00..6351.76 rows=1 width=21) (actual time=1.485..26.759 rows=3 loops=1)
Sort  (cost=6351.45..6351.46 rows=1 width=149) (actual time=29.005..29.006 rows=1 loops=1)
Sort  (cost=6351.45..6351.46 rows=1 width=149) (actual time=29.493..29.495 rows=1 loops=1)
Nested Loop  (cost=0.00..6351.15 rows=1 width=158) (actual time=20.565..24.646 rows=1 loops=1)
Sort  (cost=6351.45..6351.46 rows=1 width=149) (actual time=30.303..30.305 rows=2 loops=1)
Sort  (cost=6351.45..6351.46 rows=1 width=149) (actual time=29.278..29.280 rows=4 loops=1)
Nested Loop  (cost=0.00..6351.49 rows=1 width=21) (actual time=2.402..24.773 rows=2 loops=1)
Nested Loop  (cost=0.00..6351.15 rows=1 width=21) (actual time=10.849..24.953 rows=2 loops=1)
Sort  (cost=6351.45..6351.46 rows=1 width=149) (actual time=29.528..29.529 rows=3 loops=1)
Nested Loop  (cost=0.00..6351.15 rows=1 width=21) (actual time=6.194..24.721 rows=3 loops=1)
Nested Loop  (cost=0.00..6351.15 rows=1 width=21) (actual time=7.821..24.461 rows=2 loops=1)
Nested Loop  (cost=0.00..6351.15 rows=1 width=21) (actual time=15.073..25.519 rows=2 loops=1)
Nested Loop  (cost=0.00..6351.15 rows=1 width=21) (actual time=2.244..25.222 rows=2 loops=1)
Nested Loop  (cost=0.00..6351.15 rows=1 width=158) (actual time=17.511..25.195 rows=2 loops=1)
Nested Loop  (cost=0.00..6351.15 rows=1 width=21) (actual time=3.174..25.166 rows=3 loops=1)
Nested Loop  (cost=0.00..6351.82 rows=1 width=158) (actual time=10.633..25.593 rows=3 loops=1)
Sort  (cost=6351.45..6351.46 rows=1 width=149) (actual time=28.418..28.419 rows=1 loops=1)
Nested Loop  (cost=0.00..6351.15 rows=1 width=21) (actual time=6.637..24.981 rows=2 loops=1)
Sort  (cost=6355.20..6355.20 rows=1 width=149) (actual time=31.245..31.247 rows=11 loops=1)
Nested Loop  (cost=0.00..6351.53 rows=1 width=158) (actual time=18.867..25.294 rows=1 loops=1)
Nested Loop  (cost=0.00..6351.15 rows=1 width=21) (actual time=15.984..24.468 rows=2 loops=1)
Nested Loop  (cost=0.00..6351.15 rows=1 width=21) (actual time=0.827..24.563 rows=3 loops=1)
Sort  (cost=6351.45..6351.46 rows=1 width=149) (actual time=29.151..29.153 rows=2 loops=1)
Nested Loop  (cost=0.00..6351.15 rows=1 width=21) (actual time=9.406..25.214 rows=2 loops=1)
Nested Loop  (cost=0.00..6351.38 rows=1 width=21) (actual time=11.768..25.197 rows=3 loops=1)
Sort  (cost=6351.45..6351.46 rows=1 width=149) (actual time=37.723..37.725 rows=1 loops=1)
Nested Loop  (cost=0.00..6352.84 rows=1 width=21) (actual time=1.375..25.381 rows=6 loops=1)
Nested Loop  (cost=0.00..6351.82 rows=1 width=21) (actual time=5.568..25.192 rows=7 loops=1)
Nested Loop  (cost=0.00..6351.15 rows=1 width=21) (actual time=3.123..25.698 rows=5 loops=1)
Sort  (cost=6351.45..6351.46 rows=1 width=149) (actual time=29.369..29.371 rows=1 loops=1)
Sort  (cost=6351.45..6351.46 rows=1 width=149) (actual time=29.323..29.326 rows=8 loops=1)
Sort  (cost=6351.45..6351.46 rows=1 width=149) (actual time=29.442..29.444 rows=1 loops=1)
Sort  (cost=6351.45..6351.46 rows=1 width=149) (actual time=29.893..29.895 rows=1 loops=1)
Nested Loop  (cost=0.00..6351.15 rows=1 width=21) (actual time=2.105..25.053 rows=2 loops=1)
Nested Loop  (cost=0.00..6351.15 rows=1 width=21) (actual time=11.249..25.062 rows=2 loops=1)
Nested Loop  (cost=0.00..6351.15 rows=1 width=21) (actual time=8.843..25.066 rows=2 loops=1)
Nested Loop  (cost=0.00..6351.15 rows=1 width=21) (actual time=14.884..24.973 rows=2 loops=1)
Nested Loop  (cost=0.00..6351.15 rows=1 width=21) (actual time=8.621..25.533 rows=2 loops=1)
Nested Loop  (cost=0.00..6351.15 rows=1 width=158) (actual time=17.113..25.089 rows=1 loops=1)
Nested Loop  (cost=0.00..6351.15 rows=1 width=21) (actual time=12.809..25.056 rows=2 loops=1)
Nested Loop  (cost=0.00..6351.69 rows=1 width=158) (actual time=2.773..25.504 rows=3 loops=1)
Nested Loop  (cost=0.00..6351.69 rows=1 width=21) (actual time=2.145..25.713 rows=3 loops=1)
Sort  (cost=6351.45..6351.46 rows=1 width=149) (actual time=28.771..28.773 rows=1 loops=1)
Sort  (cost=6352.85..6352.86 rows=1 width=149) (actual time=29.945..29.947 rows=3 loops=1)
Nested Loop  (cost=0.00..6351.38 rows=1 width=158) (actual time=1.169..24.530 rows=2 loops=1)
Nested Loop  (cost=0.00..6351.58 rows=1 width=21) (actual time=3.246..25.504 rows=4 loops=1)
Nested Loop  (cost=0.00..6351.15 rows=1 width=21) (actual time=7.105..24.989 rows=2 loops=1)
Nested Loop  (cost=0.00..6351.15 rows=1 width=21) (actual time=11.349..24.292 rows=2 loops=1)
Nested Loop  (cost=0.00..6351.15 rows=1 width=158) (actual time=26.002..38.117 rows=1 loops=1)
Nested Loop  (cost=0.00..6351.15 rows=1 width=158) (actual time=11.162..31.388 rows=1 loops=1)
Nested Loop  (cost=0.00..6351.15 rows=1 width=21) (actual time=6.596..28.023 rows=2 loops=1)
Nested Loop  (cost=0.00..6352.84 rows=1 width=21) (actual time=4.744..30.397 rows=8 loops=1)
Sort  (cost=6351.45..6351.46 rows=1 width=149) (actual time=34.938..34.940 rows=1 loops=1)
Nested Loop  (cost=0.00..6352.84 rows=1 width=21) (actual time=2.528..25.952 rows=9 loops=1)
Sort  (cost=6356.12..6356.13 rows=1 width=149) (actual time=29.522..29.525 rows=22 loops=1)
Nested Loop  (cost=0.00..6351.15 rows=1 width=21) (actual time=10.643..27.511 rows=2 loops=1)
Sort  (cost=6351.45..6351.46 rows=1 width=149) (actual time=29.781..29.783 rows=2 loops=1)
Nested Loop  (cost=0.00..6352.07 rows=1 width=21) (actual time=7.641..26.637 rows=4 loops=1)
Nested Loop  (cost=0.00..6351.15 rows=1 width=21) (actual time=6.546..25.331 rows=2 loops=1)
Nested Loop  (cost=0.00..6351.69 rows=1 width=21) (actual time=4.106..28.596 rows=4 loops=1)
Nested Loop  (cost=0.00..6351.15 rows=1 width=158) (actual time=13.507..27.399 rows=1 loops=1)
Nested Loop  (cost=0.00..6351.58 rows=1 width=21) (actual time=6.562..24.819 rows=2 loops=1)
Nested Loop  (cost=0.00..6351.64 rows=1 width=21) (actual time=3.698..25.565 rows=5 loops=1)
Nested Loop  (cost=0.00..6351.15 rows=1 width=21) (actual time=7.985..25.644 rows=2 loops=1)
Nested Loop  (cost=0.00..6352.84 rows=1 width=21) (actual time=4.461..27.578 rows=6 loops=1)
Sort  (cost=6351.45..6351.46 rows=1 width=149) (actual time=32.577..32.579 rows=2 loops=1)
Nested Loop  (cost=0.00..6351.15 rows=1 width=158) (actual time=21.444..24.841 rows=1 loops=1)
Nested Loop  (cost=0.00..6351.15 rows=1 width=21) (actual time=15.465..25.242 rows=2 loops=1)
Nested Loop  (cost=0.00..6351.38 rows=1 width=21) (actual time=7.878..25.066 rows=2 loops=1)
Sort  (cost=6351.45..6351.46 rows=1 width=149) (actual time=29.429..29.431 rows=1 loops=1)
Sort  (cost=6351.45..6351.46 rows=1 width=149) (actual time=29.124..29.126 rows=2 loops=1)
Nested Loop  (cost=0.00..6351.15 rows=1 width=21) (actual time=6.378..24.747 rows=2 loops=1)
Nested Loop  (cost=0.00..6351.15 rows=1 width=158) (actual time=6.868..35.892 rows=1 loops=1)
Nested Loop  (cost=0.00..6351.15 rows=1 width=21) (actual time=0.084..24.719 rows=4 loops=1)
Sort  (cost=6353.18..6353.18 rows=1 width=149) (actual time=30.865..30.866 rows=7 loops=1)
Nested Loop  (cost=0.00..6351.15 rows=1 width=21) (actual time=1.472..25.132 rows=1 loops=1)
Nested Loop  (cost=0.00..6352.64 rows=1 width=158) (actual time=1.755..26.149 rows=13 loops=1)
Nested Loop  (cost=0.00..6351.84 rows=1 width=21) (actual time=6.898..25.083 rows=4 loops=1)
Nested Loop  (cost=0.00..6351.15 rows=1 width=21) (actual time=7.663..25.556 rows=2 loops=1)
Nested Loop  (cost=0.00..6351.15 rows=1 width=21) (actual time=17.652..25.003 rows=3 loops=1)
Nested Loop  (cost=0.00..6351.15 rows=1 width=158) (actual time=9.602..25.201 rows=2 loops=1)
Sort  (cost=6351.45..6351.46 rows=1 width=149) (actual time=29.248..29.250 rows=4 loops=1)
Sort  (cost=6351.45..6351.46 rows=1 width=149) (actual time=29.324..29.325 rows=2 loops=1)
Nested Loop  (cost=0.00..6351.15 rows=1 width=21) (actual time=10.169..25.521 rows=2 loops=1)
Nested Loop  (cost=0.00..6351.15 rows=1 width=21) (actual time=7.617..25.214 rows=2 loops=1)
Sort  (cost=6351.45..6351.46 rows=1 width=149) (actual time=28.630..28.632 rows=2 loops=1)
Nested Loop  (cost=0.00..6351.15 rows=1 width=158) (actual time=4.026..24.354 rows=1 loops=1)
Nested Loop  (cost=0.00..6351.15 rows=1 width=158) (actual time=13.877..24.295 rows=1 loops=1)
Sort  (cost=6351.45..6351.46 rows=1 width=149) (actual time=29.644..29.646 rows=2 loops=1)
Nested Loop  (cost=0.00..6351.15 rows=1 width=21) (actual time=17.115..24.929 rows=2 loops=1)
Nested Loop  (cost=0.00..6351.15 rows=1 width=158) (actual time=15.052..25.004 rows=2 loops=1)
Sort  (cost=6351.45..6351.46 rows=1 width=149) (actual time=29.411..29.413 rows=2 loops=1)
Nested Loop  (cost=0.00..6351.15 rows=1 width=21) (actual time=2.296..24.279 rows=2 loops=1)
Sort  (cost=6351.45..6351.46 rows=1 width=149) (actual time=29.514..29.515 rows=4 loops=1)
Nested Loop  (cost=0.00..6351.58 rows=1 width=158) (actual time=2.519..24.982 rows=2 loops=1)
Sort  (cost=6351.45..6351.46 rows=1 width=149) (actual time=44.248..44.250 rows=1 loops=1)
Nested Loop  (cost=0.00..6351.15 rows=1 width=21) (actual time=4.161..24.991 rows=2 loops=1)
Nested Loop  (cost=0.00..6351.38 rows=1 width=21) (actual time=1.361..25.026 rows=2 loops=1)
Sort  (cost=6351.45..6351.46 rows=1 width=149) (actual time=30.152..30.154 rows=3 loops=1)
Nested Loop  (cost=0.00..6351.15 rows=1 width=21) (actual time=1.881..25.830 rows=3 loops=1)
Nested Loop  (cost=0.00..6351.53 rows=1 width=158) (actual time=8.741..24.915 rows=1 loops=1)
Nested Loop  (cost=0.00..6351.15 rows=1 width=21) (actual time=19.405..25.056 rows=2 loops=1)
Sort  (cost=6351.45..6351.46 rows=1 width=149) (actual time=30.625..30.627 rows=3 loops=1)
Nested Loop  (cost=0.00..6351.15 rows=1 width=158) (actual time=2.598..24.776 rows=1 loops=1)
Nested Loop  (cost=0.00..6351.40 rows=1 width=21) (actual time=17.572..25.126 rows=2 loops=1)
Sort  (cost=6351.45..6351.46 rows=1 width=149) (actual time=29.534..29.535 rows=1 loops=1)
Sort  (cost=6351.45..6351.46 rows=1 width=149) (actual time=31.847..31.850 rows=1 loops=1)
Nested Loop  (cost=0.00..6351.53 rows=1 width=21) (actual time=4.396..24.728 rows=5 loops=1)
Nested Loop  (cost=0.00..6351.90 rows=1 width=21) (actual time=2.701..25.156 rows=5 loops=1)
Nested Loop  (cost=0.00..6351.15 rows=1 width=21) (actual time=12.296..25.201 rows=2 loops=1)
Nested Loop  (cost=0.00..6351.15 rows=1 width=158) (actual time=6.221..24.894 rows=3 loops=1)
Nested Loop  (cost=0.00..6351.15 rows=1 width=403) (actual time=7.189..26.534 rows=3 loops=1)
Nested Loop  (cost=0.00..6351.15 rows=1 width=21) (actual time=7.266..24.541 rows=2 loops=1)
Nested Loop  (cost=0.00..6351.15 rows=1 width=21) (actual time=17.371..24.566 rows=2 loops=1)
Nested Loop  (cost=0.00..6351.15 rows=1 width=21) (actual time=6.845..24.932 rows=1 loops=1)
Nested Loop  (cost=0.00..6351.15 rows=1 width=21) (actual time=12.114..25.402 rows=2 loops=1)
Nested Loop  (cost=0.00..6351.15 rows=1 width=21) (actual time=4.625..25.108 rows=2 loops=1)
Nested Loop  (cost=0.00..6351.15 rows=1 width=21) (actual time=13.875..26.254 rows=2 loops=1)
Nested Loop  (cost=0.00..6351.15 rows=1 width=21) (actual time=6.177..24.784 rows=2 loops=1)
Sort  (cost=6351.45..6351.46 rows=1 width=149) (actual time=30.981..30.983 rows=1 loops=1)
Nested Loop  (cost=0.00..6351.15 rows=1 width=21) (actual time=0.693..25.469 rows=2 loops=1)
Nested Loop  (cost=0.00..6351.15 rows=1 width=21) (actual time=23.920..31.091 rows=2 loops=1)
Nested Loop  (cost=0.00..6351.82 rows=1 width=158) (actual time=3.114..25.214 rows=2 loops=1)
Nested Loop  (cost=0.00..6351.15 rows=1 width=21) (actual time=7.620..25.369 rows=2 loops=1)
Nested Loop  (cost=0.00..6351.64 rows=1 width=158) (actual time=16.001..25.600 rows=2 loops=1)
Nested Loop  (cost=0.00..6351.15 rows=1 width=21) (actual time=10.195..25.288 rows=2 loops=1)
Nested Loop  (cost=0.00..6351.15 rows=1 width=21) (actual time=7.167..24.593 rows=2 loops=1)
Nested Loop  (cost=0.00..6351.73 rows=1 width=21) (actual time=2.894..25.471 rows=4 loops=1)
Sort  (cost=6351.45..6351.46 rows=1 width=149) (actual time=29.226..29.228 rows=1 loops=1)
Nested Loop  (cost=0.00..6351.40 rows=1 width=158) (actual time=15.586..24.527 rows=2 loops=1)
Nested Loop  (cost=0.00..6351.15 rows=1 width=158) (actual time=5.624..25.565 rows=1 loops=1)
Sort  (cost=6351.45..6351.46 rows=1 width=149) (actual time=28.689..28.691 rows=3 loops=1)
Nested Loop  (cost=0.00..6351.15 rows=1 width=158) (actual time=23.750..34.191 rows=1 loops=1)
Sort  (cost=6352.85..6352.86 rows=1 width=149) (actual time=29.480..29.482 rows=5 loops=1)
Sort  (cost=6351.45..6351.46 rows=1 width=149) (actual time=30.498..30.500 rows=2 loops=1)
Sort  (cost=6351.45..6351.46 rows=1 width=149) (actual time=28.568..28.570 rows=1 loops=1)
Nested Loop  (cost=0.00..6351.15 rows=1 width=21) (actual time=3.743..24.679 rows=3 loops=1)
Nested Loop  (cost=0.00..6351.40 rows=1 width=21) (actual time=2.939..24.835 rows=3 loops=1)
Nested Loop  (cost=0.00..6351.15 rows=1 width=158) (actual time=7.972..24.508 rows=2 loops=1)
Nested Loop  (cost=0.00..6351.15 rows=1 width=21) (actual time=5.992..24.614 rows=2 loops=1)
Nested Loop  (cost=0.00..6351.15 rows=1 width=21) (actual time=2.122..25.927 rows=3 loops=1)
Sort  (cost=6351.45..6351.46 rows=1 width=149) (actual time=29.250..29.252 rows=1 loops=1)
Sort  (cost=6351.45..6351.46 rows=1 width=149) (actual time=29.587..29.589 rows=1 loops=1)
Nested Loop  (cost=0.00..6351.56 rows=1 width=21) (actual time=2.645..25.409 rows=4 loops=1)
Nested Loop  (cost=0.00..6351.15 rows=1 width=21) (actual time=1.613..24.966 rows=2 loops=1)
Nested Loop  (cost=0.00..6351.84 rows=1 width=21) (actual time=1.620..25.476 rows=4 loops=1)
Sort  (cost=6351.45..6351.46 rows=1 width=149) (actual time=28.818..28.820 rows=1 loops=1)
Nested Loop  (cost=0.00..6352.64 rows=1 width=21) (actual time=4.089..26.540 rows=9 loops=1)
Nested Loop  (cost=0.00..6351.82 rows=1 width=21) (actual time=6.952..25.428 rows=6 loops=1)
Nested Loop  (cost=0.00..6351.15 rows=1 width=21) (actual time=0.678..25.524 rows=3 loops=1)
Sort  (cost=6351.45..6351.46 rows=1 width=149) (actual time=29.417..29.419 rows=2 loops=1)
Nested Loop  (cost=0.00..6351.15 rows=1 width=403) (actual time=22.921..25.043 rows=2 loops=1)
Nested Loop  (cost=0.00..6351.15 rows=1 width=21) (actual time=10.716..24.506 rows=2 loops=1)
Nested Loop  (cost=0.00..6351.53 rows=1 width=158) (actual time=0.585..24.459 rows=1 loops=1)
Sort  (cost=6351.45..6351.46 rows=1 width=149) (actual time=28.615..28.617 rows=1 loops=1)
Nested Loop  (cost=0.00..6351.56 rows=1 width=21) (actual time=3.666..25.933 rows=4 loops=1)
Nested Loop  (cost=0.00..6352.84 rows=1 width=21) (actual time=4.501..26.539 rows=6 loops=1)
Nested Loop  (cost=0.00..6351.15 rows=1 width=21) (actual time=15.603..23.978 rows=2 loops=1)
Nested Loop  (cost=0.00..6351.76 rows=1 width=158) (actual time=20.798..40.991 rows=1 loops=1)
Nested Loop  (cost=0.00..6351.84 rows=1 width=21) (actual time=7.303..28.941 rows=3 loops=1)
Nested Loop  (cost=0.00..6351.15 rows=1 width=158) (actual time=8.100..25.865 rows=1 loops=1)
Nested Loop  (cost=0.00..6351.49 rows=1 width=21) (actual time=8.422..25.607 rows=3 loops=1)
Sort  (cost=6351.45..6351.46 rows=1 width=149) (actual time=29.123..29.125 rows=1 loops=1)
Sort  (cost=6351.45..6351.46 rows=1 width=149) (actual time=28.466..28.468 rows=1 loops=1)
Sort  (cost=6351.45..6351.46 rows=1 width=149) (actual time=28.577..28.580 rows=1 loops=1)
Sort  (cost=6351.45..6351.46 rows=1 width=149) (actual time=29.264..29.265 rows=1 loops=1)
Nested Loop  (cost=0.00..6351.15 rows=1 width=21) (actual time=4.663..24.452 rows=4 loops=1)
Sort  (cost=6351.45..6351.46 rows=1 width=149) (actual time=30.967..30.970 rows=2 loops=1)
Sort  (cost=6351.45..6351.46 rows=1 width=149) (actual time=29.626..29.628 rows=1 loops=1)
Nested Loop  (cost=0.00..6351.15 rows=1 width=158) (actual time=15.230..24.500 rows=1 loops=1)
Nested Loop  (cost=0.00..6351.15 rows=1 width=21) (actual time=2.359..24.748 rows=2 loops=1)
Nested Loop  (cost=0.00..6351.15 rows=1 width=21) (actual time=11.642..24.345 rows=2 loops=1)
Sort  (cost=6351.45..6351.46 rows=1 width=149) (actual time=29.014..29.016 rows=1 loops=1)
Nested Loop  (cost=0.00..6351.15 rows=1 width=21) (actual time=12.155..25.560 rows=2 loops=1)
Nested Loop  (cost=0.00..6351.15 rows=1 width=158) (actual time=6.833..27.536 rows=1 loops=1)
Sort  (cost=6351.45..6351.46 rows=1 width=149) (actual time=28.900..28.902 rows=1 loops=1)
Sort  (cost=6351.45..6351.46 rows=1 width=149) (actual time=29.403..29.405 rows=2 loops=1)
Sort  (cost=6351.45..6351.46 rows=1 width=149) (actual time=29.614..29.615 rows=1 loops=1)
Nested Loop  (cost=0.00..6351.53 rows=1 width=21) (actual time=10.375..26.287 rows=2 loops=1)
Sort  (cost=6352.91..6352.92 rows=1 width=149) (actual time=30.155..30.157 rows=12 loops=1)
Nested Loop  (cost=0.00..6351.15 rows=1 width=21) (actual time=7.513..24.573 rows=2 loops=1)
Sort  (cost=6351.45..6351.46 rows=1 width=149) (actual time=29.439..29.442 rows=2 loops=1)
Nested Loop  (cost=0.00..6351.44 rows=1 width=21) (actual time=12.917..32.348 rows=2 loops=1)
Nested Loop  (cost=0.00..6351.15 rows=1 width=21) (actual time=11.281..24.696 rows=2 loops=1)
Nested Loop  (cost=0.00..6351.15 rows=1 width=21) (actual time=22.432..24.957 rows=2 loops=1)
Sort  (cost=6351.45..6351.46 rows=1 width=149) (actual time=30.462..30.464 rows=1 loops=1)
Sort  (cost=6351.45..6351.46 rows=1 width=149) (actual time=29.191..29.193 rows=1 loops=1)
Nested Loop  (cost=0.00..6351.15 rows=1 width=403) (actual time=19.446..24.873 rows=1 loops=1)
Sort  (cost=6351.45..6351.46 rows=1 width=149) (actual time=29.207..29.208 rows=1 loops=1)
Nested Loop  (cost=0.00..6351.15 rows=1 width=21) (actual time=5.151..24.980 rows=2 loops=1)
Nested Loop  (cost=0.00..6351.15 rows=1 width=21) (actual time=1.732..25.069 rows=2 loops=1)
Nested Loop  (cost=0.00..6351.15 rows=1 width=21) (actual time=13.356..24.917 rows=2 loops=1)
Sort  (cost=6351.45..6351.46 rows=1 width=149) (actual time=29.096..29.097 rows=1 loops=1)
Nested Loop  (cost=0.00..6351.15 rows=1 width=21) (actual time=3.194..25.049 rows=2 loops=1)
Nested Loop  (cost=0.00..6351.40 rows=1 width=158) (actual time=3.226..25.434 rows=2 loops=1)
Sort  (cost=6351.45..6351.46 rows=1 width=149) (actual time=32.237..32.239 rows=3 loops=1)
Nested Loop  (cost=0.00..6351.15 rows=1 width=21) (actual time=15.333..24.316 rows=2 loops=1)
Sort  (cost=6351.45..6351.46 rows=1 width=149) (actual time=28.578..28.580 rows=1 loops=1)
Nested Loop  (cost=0.00..6351.15 rows=1 width=21) (actual time=6.521..25.227 rows=2 loops=1)
Sort  (cost=6351.45..6351.46 rows=1 width=149) (actual time=29.988..29.989 rows=1 loops=1)
Nested Loop  (cost=0.00..6351.15 rows=1 width=403) (actual time=19.380..24.965 rows=1 loops=1)
Sort  (cost=6351.45..6351.46 rows=1 width=149) (actual time=28.492..28.494 rows=1 loops=1)
Nested Loop  (cost=0.00..6352.64 rows=1 width=21) (actual time=1.685..25.523 rows=13 loops=1)
Nested Loop  (cost=0.00..6351.40 rows=1 width=21) (actual time=6.851..25.159 rows=5 loops=1)
Nested Loop  (cost=0.00..6351.15 rows=1 width=21) (actual time=8.079..26.918 rows=3 loops=1)
Sort  (cost=6351.45..6351.46 rows=1 width=149) (actual time=30.486..30.487 rows=1 loops=1)
Sort  (cost=6351.45..6351.46 rows=1 width=149) (actual time=29.929..29.931 rows=8 loops=1)
Sort  (cost=6351.45..6351.46 rows=1 width=149) (actual time=28.700..28.702 rows=1 loops=1)
Nested Loop  (cost=0.00..6351.15 rows=1 width=158) (actual time=18.088..24.858 rows=1 loops=1)
Nested Loop  (cost=0.00..6351.15 rows=1 width=21) (actual time=9.584..25.165 rows=2 loops=1)
Nested Loop  (cost=0.00..6351.69 rows=1 width=158) (actual time=13.551..25.263 rows=2 loops=1)
Sort  (cost=6351.45..6351.46 rows=1 width=149) (actual time=29.493..29.495 rows=1 loops=1)
Nested Loop  (cost=0.00..6351.44 rows=1 width=21) (actual time=4.275..25.228 rows=2 loops=1)
Nested Loop  (cost=0.00..6352.84 rows=1 width=21) (actual time=10.539..26.435 rows=5 loops=1)
Nested Loop  (cost=0.00..6352.64 rows=1 width=21) (actual time=9.098..26.007 rows=7 loops=1)
Sort  (cost=6351.45..6351.46 rows=1 width=149) (actual time=29.685..29.687 rows=1 loops=1)
Sort  (cost=6351.45..6351.46 rows=1 width=149) (actual time=37.463..37.465 rows=3 loops=1)
Sort  (cost=6351.45..6351.46 rows=1 width=149) (actual time=29.198..29.200 rows=1 loops=1)
Sort  (cost=6351.45..6351.46 rows=1 width=149) (actual time=29.898..29.900 rows=2 loops=1)
Nested Loop  (cost=0.00..6351.15 rows=1 width=158) (actual time=12.753..25.153 rows=2 loops=1)
Nested Loop  (cost=0.00..6351.15 rows=1 width=158) (actual time=17.826..25.906 rows=2 loops=1)
Sort  (cost=6351.45..6351.46 rows=1 width=149) (actual time=28.681..28.683 rows=1 loops=1)
Nested Loop  (cost=0.00..6351.76 rows=1 width=21) (actual time=2.087..26.956 rows=5 loops=1)
Nested Loop  (cost=0.00..6351.15 rows=1 width=158) (actual time=5.701..29.151 rows=1 loops=1)
Nested Loop  (cost=0.00..6351.49 rows=1 width=21) (actual time=1.905..25.642 rows=3 loops=1)
Nested Loop  (cost=0.00..6351.84 rows=1 width=21) (actual time=6.074..25.766 rows=7 loops=1)
Sort  (cost=6351.45..6351.46 rows=1 width=149) (actual time=36.860..36.862 rows=2 loops=1)
Sort  (cost=6353.18..6353.18 rows=1 width=149) (actual time=30.250..30.252 rows=9 loops=1)
Nested Loop  (cost=0.00..6351.15 rows=1 width=158) (actual time=5.579..24.908 rows=2 loops=1)
Nested Loop  (cost=0.00..6351.15 rows=1 width=403) (actual time=5.678..25.762 rows=2 loops=1)
Nested Loop  (cost=0.00..6351.15 rows=1 width=21) (actual time=6.335..24.917 rows=2 loops=1)
Nested Loop  (cost=0.00..6351.15 rows=1 width=21) (actual time=7.462..25.036 rows=2 loops=1)
Nested Loop  (cost=0.00..6351.15 rows=1 width=158) (actual time=29.410..30.312 rows=1 loops=1)
Nested Loop  (cost=0.00..6351.78 rows=1 width=21) (actual time=8.314..26.474 rows=3 loops=1)
Nested Loop  (cost=0.00..6351.15 rows=1 width=21) (actual time=8.321..24.967 rows=2 loops=1)
Sort  (cost=6351.45..6351.46 rows=1 width=149) (actual time=30.791..30.793 rows=8 loops=1)
Sort  (cost=6351.45..6351.46 rows=1 width=149) (actual time=28.977..28.979 rows=1 loops=1)
Nested Loop  (cost=0.00..6351.90 rows=1 width=21) (actual time=1.566..25.712 rows=6 loops=1)
Nested Loop  (cost=0.00..6351.15 rows=1 width=158) (actual time=13.332..24.818 rows=1 loops=1)
Sort  (cost=6351.45..6351.46 rows=1 width=149) (actual time=28.997..28.999 rows=4 loops=1)
Sort  (cost=6351.45..6351.46 rows=1 width=149) (actual time=41.929..41.934 rows=1 loops=1)
Nested Loop  (cost=0.00..6351.73 rows=1 width=21) (actual time=11.203..25.548 rows=6 loops=1)
Sort  (cost=6351.45..6351.46 rows=1 width=149) (actual time=29.170..29.172 rows=1 loops=1)
Nested Loop  (cost=0.00..6351.15 rows=1 width=21) (actual time=16.020..25.038 rows=2 loops=1)
Nested Loop  (cost=0.00..6351.15 rows=1 width=158) (actual time=12.310..24.179 rows=2 loops=1)
Nested Loop  (cost=0.00..6351.15 rows=1 width=403) (actual time=12.863..24.990 rows=2 loops=1)
Sort  (cost=6351.45..6351.46 rows=1 width=149) (actual time=28.751..28.753 rows=2 loops=1)
Nested Loop  (cost=0.00..6351.15 rows=1 width=21) (actual time=16.415..24.476 rows=2 loops=1)
Nested Loop  (cost=0.00..6351.15 rows=1 width=158) (actual time=23.119..24.460 rows=1 loops=1)
Nested Loop  (cost=0.00..6351.53 rows=1 width=158) (actual time=13.232..25.422 rows=3 loops=1)
Nested Loop  (cost=0.00..6351.47 rows=1 width=158) (actual time=9.547..25.828 rows=2 loops=1)
Sort  (cost=6352.78..6352.78 rows=1 width=149) (actual time=30.182..30.184 rows=7 loops=1)
Sort  (cost=6351.45..6351.46 rows=1 width=149) (actual time=29.296..29.298 rows=3 loops=1)
Nested Loop  (cost=0.00..6351.15 rows=1 width=21) (actual time=13.287..24.529 rows=2 loops=1)
Sort  (cost=6351.45..6351.46 rows=1 width=149) (actual time=30.051..30.053 rows=1 loops=1)
Nested Loop  (cost=0.00..6351.15 rows=1 width=158) (actual time=14.555..25.582 rows=1 loops=1)
Nested Loop  (cost=0.00..6351.15 rows=1 width=21) (actual time=16.441..24.954 rows=2 loops=1)
Nested Loop  (cost=0.00..6351.15 rows=1 width=21) (actual time=4.478..24.999 rows=2 loops=1)
Sort  (cost=6351.45..6351.46 rows=1 width=149) (actual time=30.063..30.066 rows=8 loops=1)
Nested Loop  (cost=0.00..6351.47 rows=1 width=21) (actual time=8.005..25.235 rows=4 loops=1)
Sort  (cost=6351.45..6351.46 rows=1 width=149) (actual time=28.676..28.678 rows=1 loops=1)
Nested Loop  (cost=0.00..6351.38 rows=1 width=21) (actual time=2.451..24.332 rows=2 loops=1)
Sort  (cost=6351.45..6351.46 rows=1 width=149) (actual time=29.368..29.370 rows=3 loops=1)
Nested Loop  (cost=0.00..6351.15 rows=1 width=21) (actual time=6.385..24.494 rows=2 loops=1)
Nested Loop  (cost=0.00..6351.15 rows=1 width=21) (actual time=19.684..24.877 rows=2 loops=1)
Sort  (cost=6351.45..6351.46 rows=1 width=149) (actual time=30.215..30.218 rows=2 loops=1)
Sort  (cost=6351.45..6351.46 rows=1 width=149) (actual time=29.348..29.350 rows=3 loops=1)
Nested Loop  (cost=0.00..6351.15 rows=1 width=21) (actual time=4.559..31.286 rows=2 loops=1)
Nested Loop  (cost=0.00..6351.56 rows=1 width=21) (actual time=12.088..25.716 rows=5 loops=1)
Nested Loop  (cost=0.00..6351.15 rows=1 width=158) (actual time=23.742..25.814 rows=1 loops=1)
Nested Loop  (cost=0.00..6351.53 rows=1 width=21) (actual time=5.490..25.316 rows=4 loops=1)
Sort  (cost=6351.45..6351.46 rows=1 width=149) (actual time=28.918..28.920 rows=2 loops=1)
Nested Loop  (cost=0.00..6351.58 rows=1 width=21) (actual time=12.400..25.423 rows=2 loops=1)
Sort  (cost=6351.45..6351.46 rows=1 width=149) (actual time=29.245..29.247 rows=2 loops=1)
Sort  (cost=6351.45..6351.46 rows=1 width=149) (actual time=29.463..29.465 rows=2 loops=1)
Nested Loop  (cost=0.00..6351.56 rows=1 width=21) (actual time=10.322..24.689 rows=3 loops=1)
Nested Loop  (cost=0.00..6351.15 rows=1 width=21) (actual time=9.416..24.651 rows=2 loops=1)
Sort  (cost=6351.45..6351.46 rows=1 width=149) (actual time=29.089..29.091 rows=2 loops=1)
Nested Loop  (cost=0.00..6351.15 rows=1 width=158) (actual time=0.094..24.582 rows=1 loops=1)
Nested Loop  (cost=0.00..6351.56 rows=1 width=21) (actual time=8.784..24.693 rows=3 loops=1)
Sort  (cost=6351.45..6351.46 rows=1 width=149) (actual time=29.314..29.315 rows=1 loops=1)
Sort  (cost=6351.45..6351.46 rows=1 width=149) (actual time=30.403..30.406 rows=5 loops=1)
Nested Loop  (cost=0.00..6351.15 rows=1 width=403) (actual time=10.893..28.159 rows=1 loops=1)
Sort  (cost=6351.45..6351.46 rows=1 width=149) (actual time=30.344..30.346 rows=2 loops=1)
Nested Loop  (cost=0.00..6351.15 rows=1 width=403) (actual time=4.874..24.574 rows=1 loops=1)
Nested Loop  (cost=0.00..6351.15 rows=1 width=21) (actual time=7.756..25.462 rows=2 loops=1)
Sort  (cost=6351.45..6351.46 rows=1 width=149) (actual time=28.433..28.435 rows=1 loops=1)
Nested Loop  (cost=0.00..6351.15 rows=1 width=21) (actual time=21.684..24.881 rows=2 loops=1)
Sort  (cost=6351.45..6351.46 rows=1 width=149) (actual time=28.822..28.825 rows=4 loops=1)
Sort  (cost=6351.45..6351.46 rows=1 width=149) (actual time=29.956..29.958 rows=1 loops=1)
Nested Loop  (cost=0.00..6351.15 rows=1 width=403) (actual time=4.226..27.894 rows=1 loops=1)
Nested Loop  (cost=0.00..6351.15 rows=1 width=21) (actual time=2.149..24.247 rows=2 loops=1)
Sort  (cost=6351.45..6351.46 rows=1 width=149) (actual time=28.612..28.614 rows=1 loops=1)
Nested Loop  (cost=0.00..6351.15 rows=1 width=158) (actual time=4.034..24.852 rows=2 loops=1)
Nested Loop  (cost=0.00..6351.44 rows=1 width=158) (actual time=9.308..25.005 rows=1 loops=1)
Nested Loop  (cost=0.00..6351.84 rows=1 width=158) (actual time=1.778..25.382 rows=4 loops=1)
Sort  (cost=6356.01..6356.02 rows=1 width=149) (actual time=30.813..30.816 rows=20 loops=1)
Sort  (cost=6351.45..6351.46 rows=1 width=149) (actual time=29.412..29.413 rows=1 loops=1)
Nested Loop  (cost=0.00..6351.15 rows=1 width=21) (actual time=2.650..25.158 rows=2 loops=1)
Sort  (cost=6351.45..6351.46 rows=1 width=149) (actual time=28.523..28.525 rows=1 loops=1)
Nested Loop  (cost=0.00..6351.15 rows=1 width=21) (actual time=8.220..24.986 rows=2 loops=1)
Sort  (cost=6351.45..6351.46 rows=1 width=149) (actual time=29.131..29.133 rows=2 loops=1)
Nested Loop  (cost=0.00..6351.15 rows=1 width=21) (actual time=4.056..24.555 rows=2 loops=1)
Nested Loop  (cost=0.00..6351.15 rows=1 width=21) (actual time=3.589..24.873 rows=2 loops=1)
Nested Loop  (cost=0.00..6351.15 rows=1 width=158) (actual time=14.643..25.691 rows=1 loops=1)
Nested Loop  (cost=0.00..6351.15 rows=1 width=21) (actual time=9.170..25.506 rows=2 loops=1)
Sort  (cost=6351.45..6351.46 rows=1 width=149) (actual time=30.083..30.085 rows=2 loops=1)
Nested Loop  (cost=0.00..6351.15 rows=1 width=158) (actual time=21.613..24.902 rows=1 loops=1)
Nested Loop  (cost=0.00..6351.15 rows=1 width=403) (actual time=21.732..24.964 rows=1 loops=1)
Nested Loop  (cost=0.00..6351.15 rows=1 width=158) (actual time=10.325..25.003 rows=2 loops=1)
Nested Loop  (cost=0.00..6351.15 rows=1 width=158) (actual time=9.186..25.313 rows=2 loops=1)
Sort  (cost=6351.45..6351.46 rows=1 width=149) (actual time=28.679..28.681 rows=2 loops=1)
Nested Loop  (cost=0.00..6351.15 rows=1 width=21) (actual time=5.989..25.073 rows=4 loops=1)
Nested Loop  (cost=0.00..6351.56 rows=1 width=21) (actual time=4.739..41.532 rows=5 loops=1)
Nested Loop  (cost=0.00..6351.15 rows=1 width=21) (actual time=12.769..24.842 rows=2 loops=1)
Nested Loop  (cost=0.00..6351.15 rows=1 width=21) (actual time=10.104..25.249 rows=2 loops=1)
Nested Loop  (cost=0.00..6351.82 rows=1 width=158) (actual time=10.157..25.442 rows=4 loops=1)
Nested Loop  (cost=0.00..6351.82 rows=1 width=403) (actual time=10.010..25.189 rows=4 loops=1)
Nested Loop  (cost=0.00..6351.84 rows=1 width=21) (actual time=16.222..25.251 rows=2 loops=1)
Nested Loop  (cost=0.00..6351.15 rows=1 width=21) (actual time=6.077..24.992 rows=4 loops=1)
Nested Loop  (cost=0.00..6352.84 rows=1 width=21) (actual time=0.120..26.345 rows=4 loops=1)
Nested Loop  (cost=0.00..6351.15 rows=1 width=21) (actual time=8.021..25.092 rows=2 loops=1)
Nested Loop  (cost=0.00..6351.58 rows=1 width=21) (actual time=10.016..25.486 rows=3 loops=1)
Sort  (cost=6351.45..6351.46 rows=1 width=149) (actual time=29.859..29.861 rows=9 loops=1)
Nested Loop  (cost=0.00..6352.64 rows=1 width=21) (actual time=9.101..26.024 rows=7 loops=1)
Nested Loop  (cost=0.00..6351.38 rows=1 width=158) (actual time=15.457..25.193 rows=2 loops=1)
Sort  (cost=6351.45..6351.46 rows=1 width=149) (actual time=30.768..30.770 rows=3 loops=1)
Nested Loop  (cost=0.00..6351.15 rows=1 width=21) (actual time=18.541..24.690 rows=2 loops=1)
Nested Loop  (cost=0.00..6351.15 rows=1 width=158) (actual time=19.078..24.659 rows=2 loops=1)
Nested Loop  (cost=0.00..6351.73 rows=1 width=158) (actual time=2.321..25.742 rows=4 loops=1)
Nested Loop  (cost=0.00..6351.73 rows=1 width=403) (actual time=2.285..25.109 rows=4 loops=1)
Nested Loop  (cost=0.00..6351.15 rows=1 width=158) (actual time=11.417..25.558 rows=1 loops=1)
Sort  (cost=6351.45..6351.46 rows=1 width=149) (actual time=30.265..30.268 rows=8 loops=1)
Nested Loop  (cost=0.00..6351.15 rows=1 width=21) (actual time=7.733..24.918 rows=2 loops=1)
Sort  (cost=6352.72..6352.72 rows=1 width=149) (actual time=31.010..31.013 rows=9 loops=1)
Nested Loop  (cost=0.00..6351.15 rows=1 width=158) (actual time=9.270..25.445 rows=1 loops=1)
Sort  (cost=6351.45..6351.46 rows=1 width=149) (actual time=28.553..28.554 rows=1 loops=1)
Sort  (cost=6351.45..6351.46 rows=1 width=149) (actual time=28.946..28.948 rows=6 loops=1)
Nested Loop  (cost=0.00..6351.15 rows=1 width=21) (actual time=2.268..24.683 rows=3 loops=1)
Nested Loop  (cost=0.00..6351.15 rows=1 width=21) (actual time=6.250..25.954 rows=2 loops=1)
Sort  (cost=6351.45..6351.46 rows=1 width=149) (actual time=29.326..29.328 rows=2 loops=1)
Sort  (cost=6351.45..6351.46 rows=1 width=149) (actual time=29.692..29.694 rows=4 loops=1)
Nested Loop  (cost=0.00..6351.15 rows=1 width=158) (actual time=31.264..33.790 rows=1 loops=1)
Sort  (cost=6351.45..6351.46 rows=1 width=149) (actual time=29.356..29.358 rows=1 loops=1)
Nested Loop  (cost=0.00..6351.35 rows=1 width=21) (actual time=7.795..25.206 rows=3 loops=1)
Sort  (cost=6351.45..6351.46 rows=1 width=149) (actual time=29.057..29.059 rows=3 loops=1)
Nested Loop  (cost=0.00..6351.69 rows=1 width=158) (actual time=1.711..25.581 rows=1 loops=1)
Nested Loop  (cost=0.00..6351.15 rows=1 width=158) (actual time=8.749..24.948 rows=1 loops=1)
Nested Loop  (cost=0.00..6351.15 rows=1 width=403) (actual time=8.699..24.513 rows=1 loops=1)
Nested Loop  (cost=0.00..6351.15 rows=1 width=158) (actual time=14.062..24.432 rows=1 loops=1)
Nested Loop  (cost=0.00..6351.15 rows=1 width=21) (actual time=0.734..24.527 rows=2 loops=1)
Nested Loop  (cost=0.00..6351.15 rows=1 width=21) (actual time=5.975..24.489 rows=2 loops=1)
Nested Loop  (cost=0.00..6351.15 rows=1 width=21) (actual time=13.354..30.108 rows=2 loops=1)
Nested Loop  (cost=0.00..6351.44 rows=1 width=158) (actual time=17.241..25.470 rows=1 loops=1)
Nested Loop  (cost=0.00..6351.15 rows=1 width=21) (actual time=11.984..24.857 rows=2 loops=1)
Nested Loop  (cost=0.00..6351.15 rows=1 width=158) (actual time=1.159..24.611 rows=1 loops=1)
Nested Loop  (cost=0.00..6351.15 rows=1 width=403) (actual time=1.154..24.648 rows=1 loops=1)
Nested Loop  (cost=0.00..6351.15 rows=1 width=21) (actual time=17.481..26.569 rows=2 loops=1)
Nested Loop  (cost=0.00..6351.15 rows=1 width=158) (actual time=6.660..24.433 rows=1 loops=1)
Nested Loop  (cost=0.00..6351.15 rows=1 width=158) (actual time=2.390..25.235 rows=1 loops=1)
Sort  (cost=6351.45..6351.46 rows=1 width=149) (actual time=29.007..29.009 rows=1 loops=1)
Nested Loop  (cost=0.00..6351.15 rows=1 width=21) (actual time=20.690..24.969 rows=2 loops=1)
Nested Loop  (cost=0.00..6351.69 rows=1 width=21) (actual time=7.824..25.247 rows=4 loops=1)
Nested Loop  (cost=0.00..6351.15 rows=1 width=21) (actual time=5.301..24.965 rows=3 loops=1)
Nested Loop  (cost=0.00..6351.82 rows=1 width=158) (actual time=17.800..25.510 rows=3 loops=1)
Nested Loop  (cost=0.00..6351.15 rows=1 width=158) (actual time=16.728..25.046 rows=1 loops=1)
Nested Loop  (cost=0.00..6351.15 rows=1 width=158) (actual time=9.007..25.627 rows=2 loops=1)
Nested Loop  (cost=0.00..6351.15 rows=1 width=158) (actual time=2.821..25.047 rows=2 loops=1)
Nested Loop  (cost=0.00..6351.78 rows=1 width=21) (actual time=4.063..25.714 rows=7 loops=1)
Nested Loop  (cost=0.00..6351.38 rows=1 width=21) (actual time=1.605..25.272 rows=4 loops=1)
Nested Loop  (cost=0.00..6352.64 rows=1 width=21) (actual time=1.793..26.142 rows=13 loops=1)
Nested Loop  (cost=0.00..6351.84 rows=1 width=21) (actual time=1.690..24.438 rows=4 loops=1)
Nested Loop  (cost=0.00..6351.15 rows=1 width=21) (actual time=11.134..24.461 rows=2 loops=1)
Nested Loop  (cost=0.00..6351.15 rows=1 width=158) (actual time=17.081..24.506 rows=2 loops=1)
Nested Loop  (cost=0.00..6351.47 rows=1 width=21) (actual time=2.977..25.091 rows=3 loops=1)
Nested Loop  (cost=0.00..6351.35 rows=1 width=158) (actual time=24.345..25.236 rows=1 loops=1)
Nested Loop  (cost=0.00..6351.47 rows=1 width=21) (actual time=1.912..24.978 rows=2 loops=1)
Nested Loop  (cost=0.00..6353.26 rows=1 width=158) (actual time=1.834..26.874 rows=6 loops=1)
Sort  (cost=6351.45..6351.46 rows=1 width=149) (actual time=36.807..36.810 rows=1 loops=1)
Nested Loop  (cost=0.00..6351.15 rows=1 width=21) (actual time=8.308..25.385 rows=3 loops=1)
Sort  (cost=6351.45..6351.46 rows=1 width=149) (actual time=30.743..30.745 rows=1 loops=1)
Nested Loop  (cost=0.00..6352.07 rows=1 width=158) (actual time=1.880..25.131 rows=2 loops=1)
Nested Loop  (cost=0.00..6351.15 rows=1 width=21) (actual time=21.052..24.662 rows=2 loops=1)
Nested Loop  (cost=0.00..6351.15 rows=1 width=21) (actual time=2.361..24.895 rows=2 loops=1)
Sort  (cost=6351.45..6351.46 rows=1 width=149) (actual time=28.488..28.490 rows=1 loops=1)
Sort  (cost=6351.45..6351.46 rows=1 width=149) (actual time=30.322..30.324 rows=2 loops=1)
Nested Loop  (cost=0.00..6351.53 rows=1 width=21) (actual time=3.849..26.058 rows=2 loops=1)
Nested Loop  (cost=0.00..6351.40 rows=1 width=21) (actual time=7.789..25.671 rows=4 loops=1)
Sort  (cost=6351.45..6351.46 rows=1 width=149) (actual time=29.498..29.500 rows=8 loops=1)
Nested Loop  (cost=0.00..6352.84 rows=1 width=21) (actual time=2.283..25.803 rows=7 loops=1)
Sort  (cost=6351.45..6351.46 rows=1 width=149) (actual time=32.969..32.970 rows=2 loops=1)
Nested Loop  (cost=0.00..6351.15 rows=1 width=21) (actual time=4.071..25.831 rows=2 loops=1)
Sort  (cost=6351.45..6351.46 rows=1 width=149) (actual time=30.354..30.355 rows=1 loops=1)
Nested Loop  (cost=0.00..6351.15 rows=1 width=403) (actual time=19.737..25.495 rows=1 loops=1)
Nested Loop  (cost=0.00..6351.15 rows=1 width=21) (actual time=10.205..33.375 rows=2 loops=1)
Nested Loop  (cost=0.00..6351.82 rows=1 width=21) (actual time=4.321..24.895 rows=6 loops=1)
Sort  (cost=6355.41..6355.42 rows=1 width=149) (actual time=29.467..29.470 rows=23 loops=1)
Nested Loop  (cost=0.00..6351.15 rows=1 width=21) (actual time=3.468..25.134 rows=2 loops=1)
Sort  (cost=6351.45..6351.46 rows=1 width=149) (actual time=29.606..29.607 rows=5 loops=1)
Sort  (cost=6351.45..6351.46 rows=1 width=149) (actual time=28.102..28.103 rows=1 loops=1)
Nested Loop  (cost=0.00..6351.15 rows=1 width=21) (actual time=12.370..24.815 rows=2 loops=1)
Nested Loop  (cost=0.00..6351.15 rows=1 width=21) (actual time=7.074..36.509 rows=2 loops=1)
Nested Loop  (cost=0.00..6351.84 rows=1 width=158) (actual time=15.960..25.091 rows=2 loops=1)
Nested Loop  (cost=0.00..6351.15 rows=1 width=158) (actual time=22.645..24.995 rows=1 loops=1)
Nested Loop  (cost=0.00..6351.15 rows=1 width=21) (actual time=4.453..26.142 rows=2 loops=1)
Nested Loop  (cost=0.00..6351.15 rows=1 width=158) (actual time=8.566..25.099 rows=1 loops=1)
Nested Loop  (cost=0.00..6351.15 rows=1 width=403) (actual time=8.581..25.043 rows=1 loops=1)
Nested Loop  (cost=0.00..6351.53 rows=1 width=21) (actual time=13.205..25.159 rows=4 loops=1)
Nested Loop  (cost=0.00..6351.44 rows=1 width=21) (actual time=8.189..25.322 rows=3 loops=1)
Nested Loop  (cost=0.00..6351.82 rows=1 width=21) (actual time=2.512..25.824 rows=6 loops=1)
Nested Loop  (cost=0.00..6351.64 rows=1 width=158) (actual time=1.886..26.368 rows=7 loops=1)
Nested Loop  (cost=0.00..6351.15 rows=1 width=21) (actual time=6.566..25.067 rows=4 loops=1)
Nested Loop  (cost=0.00..6351.35 rows=1 width=21) (actual time=13.772..25.139 rows=2 loops=1)
Nested Loop  (cost=0.00..6351.15 rows=1 width=21) (actual time=22.130..24.956 rows=2 loops=1)
Nested Loop  (cost=0.00..6351.15 rows=1 width=158) (actual time=10.628..24.817 rows=1 loops=1)
Nested Loop  (cost=0.00..6351.15 rows=1 width=21) (actual time=1.390..24.280 rows=2 loops=1)
Nested Loop  (cost=0.00..6351.15 rows=1 width=21) (actual time=12.491..24.141 rows=2 loops=1)
Nested Loop  (cost=0.00..6351.15 rows=1 width=21) (actual time=2.785..24.767 rows=2 loops=1)
Sort  (cost=6351.45..6351.46 rows=1 width=149) (actual time=29.568..29.570 rows=5 loops=1)
Sort  (cost=6351.45..6351.46 rows=1 width=149) (actual time=29.045..29.047 rows=2 loops=1)
Nested Loop  (cost=0.00..6352.84 rows=1 width=21) (actual time=2.249..27.622 rows=9 loops=1)
Nested Loop  (cost=0.00..6351.15 rows=1 width=21) (actual time=12.140..25.048 rows=3 loops=1)
Sort  (cost=6351.45..6351.46 rows=1 width=149) (actual time=28.068..28.070 rows=1 loops=1)
Nested Loop  (cost=0.00..6351.15 rows=1 width=158) (actual time=14.708..25.058 rows=1 loops=1)
Nested Loop  (cost=0.00..6351.73 rows=1 width=21) (actual time=8.478..41.553 rows=4 loops=1)
Sort  (cost=6355.57..6355.58 rows=1 width=149) (actual time=29.184..29.188 rows=16 loops=1)
Nested Loop  (cost=0.00..6353.26 rows=1 width=158) (actual time=1.971..26.635 rows=6 loops=1)
Sort  (cost=6351.45..6351.46 rows=1 width=149) (actual time=29.021..29.023 rows=1 loops=1)
Nested Loop  (cost=0.00..6351.15 rows=1 width=158) (actual time=18.311..24.786 rows=1 loops=1)
Sort  (cost=6351.45..6351.46 rows=1 width=149) (actual time=29.409..29.411 rows=1 loops=1)
Nested Loop  (cost=0.00..6351.15 rows=1 width=403) (actual time=6.114..24.825 rows=1 loops=1)
Nested Loop  (cost=0.00..6351.15 rows=1 width=158) (actual time=7.646..25.051 rows=1 loops=1)
Nested Loop  (cost=0.00..6351.15 rows=1 width=403) (actual time=7.657..24.880 rows=1 loops=1)
Nested Loop  (cost=0.00..6351.56 rows=1 width=21) (actual time=3.651..25.417 rows=5 loops=1)
Nested Loop  (cost=0.00..6351.15 rows=1 width=21) (actual time=8.835..25.279 rows=3 loops=1)
Nested Loop  (cost=0.00..6352.84 rows=1 width=158) (actual time=3.846..27.191 rows=7 loops=1)
Nested Loop  (cost=0.00..6351.15 rows=1 width=21) (actual time=22.366..30.646 rows=2 loops=1)
Sort  (cost=6351.45..6351.46 rows=1 width=149) (actual time=29.301..29.303 rows=4 loops=1)
Nested Loop  (cost=0.00..6351.73 rows=1 width=21) (actual time=5.010..25.651 rows=4 loops=1)
Sort  (cost=6351.45..6351.46 rows=1 width=149) (actual time=28.992..28.994 rows=1 loops=1)
Sort  (cost=6352.94..6352.95 rows=1 width=149) (actual time=30.239..30.241 rows=7 loops=1)
Nested Loop  (cost=0.00..6351.15 rows=1 width=21) (actual time=4.490..25.112 rows=3 loops=1)
Sort  (cost=6351.45..6351.46 rows=1 width=149) (actual time=29.668..29.669 rows=1 loops=1)
Nested Loop  (cost=0.00..6351.15 rows=1 width=21) (actual time=4.627..24.669 rows=4 loops=1)
Nested Loop  (cost=0.00..6351.73 rows=1 width=21) (actual time=6.904..27.819 rows=4 loops=1)
Sort  (cost=6351.45..6351.46 rows=1 width=149) (actual time=30.024..30.025 rows=3 loops=1)
Nested Loop  (cost=0.00..6351.15 rows=1 width=158) (actual time=17.035..29.547 rows=1 loops=1)
Nested Loop  (cost=0.00..6351.40 rows=1 width=21) (actual time=3.388..25.177 rows=2 loops=1)
Nested Loop  (cost=0.00..6351.35 rows=1 width=158) (actual time=8.020..24.792 rows=1 loops=1)
Nested Loop  (cost=0.00..6351.78 rows=1 width=158) (actual time=2.309..26.317 rows=3 loops=1)
Sort  (cost=6351.45..6351.46 rows=1 width=149) (actual time=29.219..29.221 rows=1 loops=1)
Nested Loop  (cost=0.00..6351.15 rows=1 width=21) (actual time=1.740..24.927 rows=2 loops=1)
Sort  (cost=6351.45..6351.46 rows=1 width=149) (actual time=38.601..38.604 rows=7 loops=1)
Nested Loop  (cost=0.00..6351.15 rows=1 width=21) (actual time=19.039..24.999 rows=2 loops=1)
Sort  (cost=6351.45..6351.46 rows=1 width=149) (actual time=29.613..29.614 rows=1 loops=1)
Nested Loop  (cost=0.00..6352.64 rows=1 width=21) (actual time=1.724..26.019 rows=13 loops=1)
Nested Loop  (cost=0.00..6351.15 rows=1 width=21) (actual time=12.348..24.942 rows=2 loops=1)
Nested Loop  (cost=0.00..6351.15 rows=1 width=21) (actual time=15.671..25.295 rows=3 loops=1)
Nested Loop  (cost=0.00..6351.15 rows=1 width=21) (actual time=2.970..24.683 rows=3 loops=1)
Nested Loop  (cost=0.00..6351.15 rows=1 width=21) (actual time=19.288..25.247 rows=2 loops=1)
Sort  (cost=6351.45..6351.46 rows=1 width=149) (actual time=28.921..28.924 rows=2 loops=1)
Nested Loop  (cost=0.00..6351.15 rows=1 width=158) (actual time=21.302..24.277 rows=1 loops=1)
Nested Loop  (cost=0.00..6351.15 rows=1 width=403) (actual time=21.945..24.994 rows=1 loops=1)
Sort  (cost=6351.45..6351.46 rows=1 width=149) (actual time=28.940..28.944 rows=1 loops=1)
Nested Loop  (cost=0.00..6351.15 rows=1 width=403) (actual time=3.669..25.099 rows=1 loops=1)
Nested Loop  (cost=0.00..6351.15 rows=1 width=21) (actual time=12.313..27.542 rows=2 loops=1)
Nested Loop  (cost=0.00..6351.15 rows=1 width=21) (actual time=17.302..25.208 rows=1 loops=1)
Nested Loop  (cost=0.00..6352.84 rows=1 width=21) (actual time=2.280..25.765 rows=7 loops=1)
Sort  (cost=6351.45..6351.46 rows=1 width=149) (actual time=29.885..29.887 rows=4 loops=1)
Nested Loop  (cost=0.00..6351.15 rows=1 width=21) (actual time=3.319..24.463 rows=2 loops=1)
Sort  (cost=6351.45..6351.46 rows=1 width=149) (actual time=29.697..29.699 rows=1 loops=1)
Sort  (cost=6351.45..6351.46 rows=1 width=149) (actual time=29.579..29.580 rows=2 loops=1)
Nested Loop  (cost=0.00..6351.76 rows=1 width=21) (actual time=3.962..25.578 rows=4 loops=1)
Sort  (cost=6351.45..6351.46 rows=1 width=149) (actual time=29.543..29.544 rows=4 loops=1)
Nested Loop  (cost=0.00..6351.40 rows=1 width=21) (actual time=7.588..24.667 rows=2 loops=1)
Nested Loop  (cost=0.00..6351.15 rows=1 width=21) (actual time=4.494..24.769 rows=2 loops=1)
Sort  (cost=6351.45..6351.46 rows=1 width=149) (actual time=29.770..29.772 rows=2 loops=1)
Nested Loop  (cost=0.00..6351.15 rows=1 width=158) (actual time=13.352..24.751 rows=1 loops=1)
Nested Loop  (cost=0.00..6351.15 rows=1 width=403) (actual time=13.493..24.959 rows=1 loops=1)
Sort  (cost=6351.45..6351.46 rows=1 width=149) (actual time=29.308..29.309 rows=1 loops=1)
Nested Loop  (cost=0.00..6351.15 rows=1 width=403) (actual time=1.852..24.269 rows=1 loops=1)
Nested Loop  (cost=0.00..6351.38 rows=1 width=21) (actual time=2.203..24.633 rows=4 loops=1)
Sort  (cost=6351.45..6351.46 rows=1 width=149) (actual time=29.168..29.170 rows=1 loops=1)
Nested Loop  (cost=0.00..6351.15 rows=1 width=403) (actual time=5.338..24.667 rows=1 loops=1)
Sort  (cost=6351.45..6351.46 rows=1 width=149) (actual time=29.982..29.984 rows=1 loops=1)
Sort  (cost=6351.45..6351.46 rows=1 width=149) (actual time=29.287..29.288 rows=1 loops=1)
Nested Loop  (cost=0.00..6351.15 rows=1 width=21) (actual time=4.265..25.079 rows=2 loops=1)
Nested Loop  (cost=0.00..6351.47 rows=1 width=158) (actual time=14.899..26.102 rows=1 loops=1)
Nested Loop  (cost=0.00..6351.15 rows=1 width=21) (actual time=6.837..28.514 rows=2 loops=1)
Nested Loop  (cost=0.00..6351.56 rows=1 width=158) (actual time=3.547..24.911 rows=4 loops=1)
Nested Loop  (cost=0.00..6351.15 rows=1 width=21) (actual time=20.011..25.295 rows=2 loops=1)
Nested Loop  (cost=0.00..6351.15 rows=1 width=21) (actual time=4.185..24.651 rows=2 loops=1)
Nested Loop  (cost=0.00..6351.15 rows=1 width=21) (actual time=8.558..24.967 rows=2 loops=1)
Nested Loop  (cost=0.00..6351.56 rows=1 width=21) (actual time=5.223..25.712 rows=5 loops=1)
Nested Loop  (cost=0.00..6351.15 rows=1 width=158) (actual time=20.663..25.151 rows=1 loops=1)
Nested Loop  (cost=0.00..6351.15 rows=1 width=21) (actual time=16.458..25.152 rows=3 loops=1)
Nested Loop  (cost=0.00..6351.15 rows=1 width=158) (actual time=1.133..25.002 rows=1 loops=1)
Nested Loop  (cost=0.00..6351.15 rows=1 width=21) (actual time=14.696..25.153 rows=4 loops=1)
Sort  (cost=6365.09..6365.09 rows=1 width=149) (actual time=30.471..30.476 rows=53 loops=1)
Nested Loop  (cost=0.00..6351.56 rows=1 width=21) (actual time=16.995..25.290 rows=3 loops=1)
Nested Loop  (cost=0.00..6351.53 rows=1 width=21) (actual time=4.182..25.330 rows=2 loops=1)
Nested Loop  (cost=0.00..6351.15 rows=1 width=21) (actual time=7.064..24.804 rows=4 loops=1)
Sort  (cost=6351.45..6351.46 rows=1 width=149) (actual time=35.761..35.763 rows=1 loops=1)
Sort  (cost=6351.45..6351.46 rows=1 width=149) (actual time=31.831..31.833 rows=1 loops=1)
Nested Loop  (cost=0.00..6351.15 rows=1 width=403) (actual time=23.183..24.743 rows=1 loops=1)
Nested Loop  (cost=0.00..6351.15 rows=1 width=21) (actual time=14.191..24.942 rows=2 loops=1)
Nested Loop  (cost=0.00..6351.15 rows=1 width=21) (actual time=8.240..24.892 rows=2 loops=1)
Sort  (cost=6351.45..6351.46 rows=1 width=149) (actual time=28.323..28.325 rows=1 loops=1)
Nested Loop  (cost=0.00..6351.15 rows=1 width=158) (actual time=18.754..24.831 rows=2 loops=1)
Nested Loop  (cost=0.00..6351.15 rows=1 width=21) (actual time=7.332..24.813 rows=3 loops=1)
Nested Loop  (cost=0.00..6353.26 rows=1 width=21) (actual time=4.320..26.265 rows=8 loops=1)
Nested Loop  (cost=0.00..6351.15 rows=1 width=158) (actual time=20.181..25.205 rows=1 loops=1)
Nested Loop  (cost=0.00..6351.76 rows=1 width=21) (actual time=8.546..26.576 rows=2 loops=1)
Sort  (cost=6351.45..6351.46 rows=1 width=149) (actual time=30.683..30.686 rows=2 loops=1)
Nested Loop  (cost=0.00..6351.15 rows=1 width=21) (actual time=3.894..24.850 rows=3 loops=1)
Nested Loop  (cost=0.00..6351.15 rows=1 width=158) (actual time=1.008..25.855 rows=1 loops=1)
Nested Loop  (cost=0.00..6351.73 rows=1 width=21) (actual time=10.945..25.234 rows=6 loops=1)
Nested Loop  (cost=0.00..6351.76 rows=1 width=21) (actual time=2.911..25.330 rows=5 loops=1)
Nested Loop  (cost=0.00..6351.15 rows=1 width=21) (actual time=4.197..32.498 rows=2 loops=1)
Nested Loop  (cost=0.00..6351.15 rows=1 width=21) (actual time=17.930..25.418 rows=2 loops=1)
Nested Loop  (cost=0.00..6352.64 rows=1 width=21) (actual time=4.388..26.706 rows=9 loops=1)
Nested Loop  (cost=0.00..6351.82 rows=1 width=21) (actual time=8.008..25.951 rows=3 loops=1)
Nested Loop  (cost=0.00..6351.15 rows=1 width=158) (actual time=13.058..25.668 rows=2 loops=1)
Nested Loop  (cost=0.00..6351.15 rows=1 width=21) (actual time=0.626..25.074 rows=3 loops=1)
Nested Loop  (cost=0.00..6351.15 rows=1 width=158) (actual time=20.110..25.238 rows=1 loops=1)
Nested Loop  (cost=0.00..6351.78 rows=1 width=158) (actual time=12.280..24.872 rows=2 loops=1)
Nested Loop  (cost=0.00..6351.64 rows=1 width=21) (actual time=9.179..25.565 rows=3 loops=1)
Nested Loop  (cost=0.00..6351.53 rows=1 width=21) (actual time=9.906..24.763 rows=3 loops=1)
Nested Loop  (cost=0.00..6351.44 rows=1 width=21) (actual time=13.318..24.969 rows=2 loops=1)
Nested Loop  (cost=0.00..6352.84 rows=1 width=21) (actual time=2.747..26.385 rows=7 loops=1)
Nested Loop  (cost=0.00..6351.15 rows=1 width=21) (actual time=7.247..24.987 rows=2 loops=1)
Nested Loop  (cost=0.00..6351.15 rows=1 width=21) (actual time=20.017..24.881 rows=2 loops=1)
Nested Loop  (cost=0.00..6351.82 rows=1 width=21) (actual time=3.111..25.168 rows=5 loops=1)
Sort  (cost=6351.45..6351.46 rows=1 width=149) (actual time=28.256..28.258 rows=1 loops=1)
Sort  (cost=6351.45..6351.46 rows=1 width=149) (actual time=29.197..29.199 rows=2 loops=1)
Nested Loop  (cost=0.00..6351.15 rows=1 width=158) (actual time=11.073..24.526 rows=1 loops=1)
Nested Loop  (cost=0.00..6351.15 rows=1 width=158) (actual time=10.361..24.334 rows=1 loops=1)
Nested Loop  (cost=0.00..6351.15 rows=1 width=21) (actual time=3.587..25.043 rows=2 loops=1)
Nested Loop  (cost=0.00..6351.40 rows=1 width=21) (actual time=11.880..25.427 rows=3 loops=1)
Sort  (cost=6351.45..6351.46 rows=1 width=149) (actual time=30.306..30.307 rows=1 loops=1)
Nested Loop  (cost=0.00..6351.15 rows=1 width=403) (actual time=23.061..24.885 rows=1 loops=1)
Sort  (cost=6351.45..6351.46 rows=1 width=149) (actual time=29.719..29.720 rows=2 loops=1)
Nested Loop  (cost=0.00..6353.26 rows=1 width=21) (actual time=2.043..26.552 rows=7 loops=1)
Nested Loop  (cost=0.00..6351.38 rows=1 width=158) (actual time=5.626..25.177 rows=1 loops=1)
Nested Loop  (cost=0.00..6351.15 rows=1 width=21) (actual time=5.776..25.037 rows=2 loops=1)
Nested Loop  (cost=0.00..6351.15 rows=1 width=21) (actual time=13.341..25.528 rows=2 loops=1)
Nested Loop  (cost=0.00..6351.15 rows=1 width=158) (actual time=22.128..25.291 rows=1 loops=1)
Nested Loop  (cost=0.00..6351.76 rows=1 width=21) (actual time=8.962..25.041 rows=5 loops=1)
Nested Loop  (cost=0.00..6351.15 rows=1 width=158) (actual time=21.778..24.397 rows=1 loops=1)
Nested Loop  (cost=0.00..6351.56 rows=1 width=21) (actual time=2.433..24.834 rows=2 loops=1)
Nested Loop  (cost=0.00..6351.15 rows=1 width=21) (actual time=18.867..24.771 rows=1 loops=1)
Nested Loop  (cost=0.00..6351.40 rows=1 width=21) (actual time=4.879..25.405 rows=2 loops=1)
Sort  (cost=6351.45..6351.46 rows=1 width=149) (actual time=29.704..29.706 rows=2 loops=1)
Nested Loop  (cost=0.00..6351.69 rows=1 width=21) (actual time=1.418..25.543 rows=7 loops=1)
Sort  (cost=6351.45..6351.46 rows=1 width=149) (actual time=29.415..29.417 rows=1 loops=1)
Sort  (cost=6351.45..6351.46 rows=1 width=149) (actual time=30.293..30.296 rows=2 loops=1)
Nested Loop  (cost=0.00..6351.15 rows=1 width=403) (actual time=2.173..24.571 rows=2 loops=1)
Nested Loop  (cost=0.00..6351.15 rows=1 width=21) (actual time=2.846..25.252 rows=4 loops=1)
Nested Loop  (cost=0.00..6351.15 rows=1 width=21) (actual time=3.157..24.726 rows=2 loops=1)
Nested Loop  (cost=0.00..6351.58 rows=1 width=158) (actual time=3.969..25.220 rows=4 loops=1)
Nested Loop  (cost=0.00..6351.58 rows=1 width=403) (actual time=4.049..25.327 rows=4 loops=1)
Nested Loop  (cost=0.00..6351.44 rows=1 width=21) (actual time=13.317..25.884 rows=3 loops=1)
Sort  (cost=6351.45..6351.46 rows=1 width=149) (actual time=28.771..28.773 rows=1 loops=1)
Nested Loop  (cost=0.00..6351.15 rows=1 width=403) (actual time=7.878..24.762 rows=1 loops=1)
Nested Loop  (cost=0.00..6351.64 rows=1 width=21) (actual time=5.034..25.284 rows=4 loops=1)
Nested Loop  (cost=0.00..6351.15 rows=1 width=158) (actual time=9.932..25.663 rows=1 loops=1)
Nested Loop  (cost=0.00..6351.15 rows=1 width=158) (actual time=0.413..25.028 rows=1 loops=1)
Nested Loop  (cost=0.00..6351.15 rows=1 width=21) (actual time=3.984..24.940 rows=2 loops=1)
Nested Loop  (cost=0.00..6351.15 rows=1 width=21) (actual time=8.776..25.151 rows=2 loops=1)
Nested Loop  (cost=0.00..6351.15 rows=1 width=158) (actual time=22.361..30.241 rows=1 loops=1)
Nested Loop  (cost=0.00..6351.15 rows=1 width=21) (actual time=7.672..24.614 rows=2 loops=1)
Sort  (cost=6351.45..6351.46 rows=1 width=149) (actual time=29.129..29.131 rows=1 loops=1)
Sort  (cost=6351.45..6351.46 rows=1 width=149) (actual time=30.874..30.876 rows=4 loops=1)
Sort  (cost=6351.45..6351.46 rows=1 width=149) (actual time=29.453..29.455 rows=2 loops=1)
Sort  (cost=6351.45..6351.46 rows=1 width=149) (actual time=29.229..29.230 rows=2 loops=1)
Nested Loop  (cost=0.00..6351.47 rows=1 width=21) (actual time=15.381..24.666 rows=2 loops=1)
Nested Loop  (cost=0.00..6351.15 rows=1 width=21) (actual time=19.614..24.740 rows=1 loops=1)
Nested Loop  (cost=0.00..6351.82 rows=1 width=158) (actual time=17.525..25.125 rows=3 loops=1)
Nested Loop  (cost=0.00..6351.38 rows=1 width=21) (actual time=2.112..25.776 rows=4 loops=1)
Sort  (cost=6351.45..6351.46 rows=1 width=149) (actual time=31.454..31.456 rows=1 loops=1)
Nested Loop  (cost=0.00..6351.15 rows=1 width=21) (actual time=1.907..26.222 rows=4 loops=1)
Nested Loop  (cost=0.00..6351.15 rows=1 width=21) (actual time=2.986..25.980 rows=5 loops=1)
Nested Loop  (cost=0.00..6351.15 rows=1 width=158) (actual time=24.197..24.747 rows=1 loops=1)
Sort  (cost=6351.45..6351.46 rows=1 width=149) (actual time=28.735..28.737 rows=2 loops=1)
Nested Loop  (cost=0.00..6351.15 rows=1 width=21) (actual time=9.140..26.728 rows=2 loops=1)
Nested Loop  (cost=0.00..6351.69 rows=1 width=21) (actual time=7.801..26.185 rows=2 loops=1)
Nested Loop  (cost=0.00..6351.15 rows=1 width=158) (actual time=18.172..24.856 rows=1 loops=1)
Nested Loop  (cost=0.00..6351.15 rows=1 width=21) (actual time=0.501..25.955 rows=2 loops=1)
Sort  (cost=6351.45..6351.46 rows=1 width=149) (actual time=29.623..29.625 rows=3 loops=1)
Sort  (cost=6351.45..6351.46 rows=1 width=149) (actual time=28.641..28.643 rows=1 loops=1)
Sort  (cost=6351.45..6351.46 rows=1 width=149) (actual time=29.529..29.531 rows=3 loops=1)
Sort  (cost=6351.45..6351.46 rows=1 width=149) (actual time=28.691..28.693 rows=1 loops=1)
Nested Loop  (cost=0.00..6351.15 rows=1 width=403) (actual time=23.313..24.282 rows=1 loops=1)
Nested Loop  (cost=0.00..6351.15 rows=1 width=21) (actual time=22.566..26.240 rows=2 loops=1)
Nested Loop  (cost=0.00..6351.15 rows=1 width=21) (actual time=3.629..25.184 rows=2 loops=1)
Nested Loop  (cost=0.00..6351.82 rows=1 width=21) (actual time=10.141..25.613 rows=4 loops=1)
Nested Loop  (cost=0.00..6352.64 rows=1 width=158) (actual time=1.948..26.870 rows=8 loops=1)
Nested Loop  (cost=0.00..6351.15 rows=1 width=158) (actual time=23.153..25.199 rows=1 loops=1)
Nested Loop  (cost=0.00..6351.15 rows=1 width=21) (actual time=12.255..24.624 rows=3 loops=1)
Nested Loop  (cost=0.00..6351.82 rows=1 width=158) (actual time=1.921..29.870 rows=7 loops=1)
Nested Loop  (cost=0.00..6353.26 rows=1 width=21) (actual time=2.484..26.506 rows=10 loops=1)
Nested Loop  (cost=0.00..6351.15 rows=1 width=21) (actual time=6.173..24.567 rows=2 loops=1)
Sort  (cost=6351.45..6351.46 rows=1 width=149) (actual time=29.349..29.351 rows=2 loops=1)
Sort  (cost=6351.45..6351.46 rows=1 width=149) (actual time=29.426..29.427 rows=1 loops=1)
Nested Loop  (cost=0.00..6351.53 rows=1 width=21) (actual time=2.424..25.376 rows=4 loops=1)
Nested Loop  (cost=0.00..6351.15 rows=1 width=21) (actual time=2.881..25.162 rows=2 loops=1)
Nested Loop  (cost=0.00..6351.15 rows=1 width=158) (actual time=4.608..25.308 rows=3 loops=1)
Sort  (cost=6351.45..6351.46 rows=1 width=149) (actual time=29.008..29.009 rows=3 loops=1)
Nested Loop  (cost=0.00..6351.15 rows=1 width=21) (actual time=6.218..25.781 rows=2 loops=1)
Nested Loop  (cost=0.00..6351.15 rows=1 width=158) (actual time=2.816..25.220 rows=1 loops=1)
Nested Loop  (cost=0.00..6351.35 rows=1 width=158) (actual time=19.978..25.094 rows=1 loops=1)
Nested Loop  (cost=0.00..6351.15 rows=1 width=21) (actual time=8.373..24.842 rows=2 loops=1)
Nested Loop  (cost=0.00..6351.15 rows=1 width=158) (actual time=13.454..25.034 rows=1 loops=1)
Nested Loop  (cost=0.00..6351.15 rows=1 width=158) (actual time=5.503..25.163 rows=3 loops=1)
Sort  (cost=6351.45..6351.46 rows=1 width=149) (actual time=28.143..28.145 rows=1 loops=1)
Nested Loop  (cost=0.00..6351.15 rows=1 width=21) (actual time=4.771..24.582 rows=2 loops=1)
Nested Loop  (cost=0.00..6351.76 rows=1 width=158) (actual time=1.438..25.433 rows=5 loops=1)
Nested Loop  (cost=0.00..6351.15 rows=1 width=158) (actual time=4.234..24.983 rows=2 loops=1)
Nested Loop  (cost=0.00..6351.15 rows=1 width=158) (actual time=8.788..25.011 rows=1 loops=1)
Nested Loop  (cost=0.00..6352.07 rows=1 width=21) (actual time=11.548..25.884 rows=6 loops=1)
Nested Loop  (cost=0.00..6351.40 rows=1 width=21) (actual time=10.399..25.105 rows=2 loops=1)
Sort  (cost=6351.45..6351.46 rows=1 width=149) (actual time=41.324..41.332 rows=1 loops=1)
Nested Loop  (cost=0.00..6351.64 rows=1 width=158) (actual time=2.056..26.101 rows=2 loops=1)
Nested Loop  (cost=0.00..6351.15 rows=1 width=158) (actual time=2.319..29.508 rows=2 loops=1)
Sort  (cost=6351.45..6351.46 rows=1 width=149) (actual time=30.391..30.393 rows=1 loops=1)
Nested Loop  (cost=0.00..6351.15 rows=1 width=158) (actual time=24.454..26.723 rows=1 loops=1)
Sort  (cost=6351.45..6351.46 rows=1 width=149) (actual time=28.621..28.623 rows=1 loops=1)
Nested Loop  (cost=0.00..6351.15 rows=1 width=158) (actual time=4.403..24.919 rows=1 loops=1)
Nested Loop  (cost=0.00..6351.40 rows=1 width=158) (actual time=15.228..25.084 rows=3 loops=1)
Sort  (cost=6351.45..6351.46 rows=1 width=149) (actual time=29.188..29.190 rows=1 loops=1)
Sort  (cost=6351.45..6351.46 rows=1 width=149) (actual time=28.805..28.806 rows=1 loops=1)
Nested Loop  (cost=0.00..6351.56 rows=1 width=158) (actual time=2.597..25.301 rows=2 loops=1)
Nested Loop  (cost=0.00..6351.15 rows=1 width=158) (actual time=8.484..24.772 rows=2 loops=1)
Sort  (cost=6351.45..6351.46 rows=1 width=149) (actual time=29.049..29.051 rows=1 loops=1)
Nested Loop  (cost=0.00..6351.15 rows=1 width=158) (actual time=23.651..29.862 rows=1 loops=1)
Nested Loop  (cost=0.00..6351.15 rows=1 width=21) (actual time=2.301..27.819 rows=4 loops=1)
Sort  (cost=6351.45..6351.46 rows=1 width=149) (actual time=30.577..30.579 rows=1 loops=1)
Sort  (cost=6351.45..6351.46 rows=1 width=149) (actual time=30.392..30.394 rows=1 loops=1)
Nested Loop  (cost=0.00..6351.15 rows=1 width=21) (actual time=0.251..30.109 rows=2 loops=1)
Nested Loop  (cost=0.00..6352.84 rows=1 width=21) (actual time=2.683..27.589 rows=7 loops=1)
Sort  (cost=6351.45..6351.46 rows=1 width=149) (actual time=28.914..28.916 rows=1 loops=1)
Nested Loop  (cost=0.00..6351.15 rows=1 width=21) (actual time=6.107..24.468 rows=2 loops=1)
Nested Loop  (cost=0.00..6351.53 rows=1 width=21) (actual time=5.563..25.447 rows=4 loops=1)
Nested Loop  (cost=0.00..6351.15 rows=1 width=21) (actual time=5.306..24.594 rows=4 loops=1)
Nested Loop  (cost=0.00..6351.38 rows=1 width=158) (actual time=16.866..25.411 rows=1 loops=1)
Nested Loop  (cost=0.00..6351.15 rows=1 width=21) (actual time=14.526..39.171 rows=3 loops=1)
Nested Loop  (cost=0.00..6351.67 rows=1 width=158) (actual time=5.090..24.718 rows=4 loops=1)
Nested Loop  (cost=0.00..6351.15 rows=1 width=21) (actual time=15.581..24.808 rows=2 loops=1)
Sort  (cost=6351.45..6351.46 rows=1 width=149) (actual time=29.546..29.548 rows=1 loops=1)
Sort  (cost=6351.45..6351.46 rows=1 width=149) (actual time=30.133..30.135 rows=3 loops=1)
Nested Loop  (cost=0.00..6351.15 rows=1 width=158) (actual time=20.415..25.161 rows=1 loops=1)
Nested Loop  (cost=0.00..6351.15 rows=1 width=21) (actual time=0.832..25.045 rows=1 loops=1)
Sort  (cost=6351.45..6351.46 rows=1 width=149) (actual time=31.311..31.313 rows=1 loops=1)
Nested Loop  (cost=0.00..6351.15 rows=1 width=158) (actual time=0.334..24.757 rows=1 loops=1)
Nested Loop  (cost=0.00..6351.15 rows=1 width=21) (actual time=16.000..24.939 rows=2 loops=1)
Nested Loop  (cost=0.00..6351.69 rows=1 width=21) (actual time=1.425..26.474 rows=4 loops=1)
Nested Loop  (cost=0.00..6351.44 rows=1 width=21) (actual time=5.209..26.091 rows=2 loops=1)
Nested Loop  (cost=0.00..6351.82 rows=1 width=21) (actual time=5.026..25.065 rows=4 loops=1)
Nested Loop  (cost=0.00..6352.84 rows=1 width=21) (actual time=2.079..25.884 rows=7 loops=1)
Nested Loop  (cost=0.00..6351.15 rows=1 width=21) (actual time=10.241..24.676 rows=2 loops=1)
Nested Loop  (cost=0.00..6351.15 rows=1 width=21) (actual time=9.784..24.956 rows=2 loops=1)
Nested Loop  (cost=0.00..6351.15 rows=1 width=21) (actual time=14.542..25.122 rows=2 loops=1)
Nested Loop  (cost=0.00..6351.15 rows=1 width=21) (actual time=15.951..25.070 rows=2 loops=1)
Nested Loop  (cost=0.00..6351.84 rows=1 width=21) (actual time=7.893..25.420 rows=3 loops=1)
Sort  (cost=6354.80..6354.80 rows=1 width=149) (actual time=28.400..28.405 rows=11 loops=1)
Nested Loop  (cost=0.00..6351.76 rows=1 width=21) (actual time=7.414..25.095 rows=4 loops=1)
Nested Loop  (cost=0.00..6351.15 rows=1 width=158) (actual time=8.433..24.526 rows=1 loops=1)
Nested Loop  (cost=0.00..6353.26 rows=1 width=21) (actual time=5.049..25.698 rows=9 loops=1)
Sort  (cost=6351.45..6351.46 rows=1 width=149) (actual time=29.281..29.284 rows=1 loops=1)
Nested Loop  (cost=0.00..6351.15 rows=1 width=21) (actual time=12.466..24.504 rows=2 loops=1)
Nested Loop  (cost=0.00..6351.15 rows=1 width=21) (actual time=3.179..24.755 rows=5 loops=1)
Sort  (cost=6356.12..6356.13 rows=1 width=149) (actual time=34.280..34.284 rows=34 loops=1)
Nested Loop  (cost=0.00..6351.73 rows=1 width=158) (actual time=8.821..25.106 rows=3 loops=1)
Sort  (cost=6351.45..6351.46 rows=1 width=149) (actual time=36.532..36.533 rows=2 loops=1)
Sort  (cost=6351.45..6351.46 rows=1 width=149) (actual time=28.629..28.630 rows=4 loops=1)
Sort  (cost=6351.45..6351.46 rows=1 width=149) (actual time=28.517..28.518 rows=1 loops=1)
Nested Loop  (cost=0.00..6351.15 rows=1 width=21) (actual time=4.016..24.268 rows=3 loops=1)
Sort  (cost=6351.45..6351.46 rows=1 width=149) (actual time=30.785..30.787 rows=1 loops=1)
Sort  (cost=6351.45..6351.46 rows=1 width=149) (actual time=31.594..31.596 rows=2 loops=1)
Sort  (cost=6351.45..6351.46 rows=1 width=149) (actual time=29.781..29.783 rows=1 loops=1)
Nested Loop  (cost=0.00..6351.44 rows=1 width=21) (actual time=3.706..25.110 rows=3 loops=1)
Sort  (cost=6351.45..6351.46 rows=1 width=149) (actual time=29.409..29.410 rows=2 loops=1)
Nested Loop  (cost=0.00..6351.15 rows=1 width=158) (actual time=8.346..24.886 rows=1 loops=1)
Nested Loop  (cost=0.00..6351.15 rows=1 width=158) (actual time=11.930..24.814 rows=1 loops=1)
Nested Loop  (cost=0.00..6351.44 rows=1 width=21) (actual time=8.484..24.641 rows=2 loops=1)
Sort  (cost=6351.45..6351.46 rows=1 width=149) (actual time=30.279..30.281 rows=2 loops=1)
Nested Loop  (cost=0.00..6351.84 rows=1 width=21) (actual time=2.638..26.788 rows=3 loops=1)
Nested Loop  (cost=0.00..6351.35 rows=1 width=21) (actual time=10.274..25.195 rows=2 loops=1)
Sort  (cost=6351.45..6351.46 rows=1 width=149) (actual time=29.563..29.565 rows=1 loops=1)
Nested Loop  (cost=0.00..6351.15 rows=1 width=158) (actual time=21.349..26.152 rows=3 loops=1)
Nested Loop  (cost=0.00..6351.15 rows=1 width=403) (actual time=22.038..26.934 rows=3 loops=1)
Nested Loop  (cost=0.00..6351.15 rows=1 width=158) (actual time=21.015..25.557 rows=1 loops=1)
Nested Loop  (cost=0.00..6351.15 rows=1 width=21) (actual time=9.441..25.356 rows=2 loops=1)
Nested Loop  (cost=0.00..6351.47 rows=1 width=21) (actual time=9.080..27.501 rows=2 loops=1)
Sort  (cost=6352.85..6352.86 rows=1 width=149) (actual time=31.574..31.576 rows=11 loops=1)
Nested Loop  (cost=0.00..6351.15 rows=1 width=403) (actual time=17.065..24.940 rows=1 loops=1)
Nested Loop  (cost=0.00..6351.15 rows=1 width=158) (actual time=20.919..26.200 rows=1 loops=1)
Nested Loop  (cost=0.00..6351.15 rows=1 width=21) (actual time=2.878..24.864 rows=2 loops=1)
Sort  (cost=6351.45..6351.46 rows=1 width=149) (actual time=28.590..28.592 rows=1 loops=1)
Sort  (cost=6351.45..6351.46 rows=1 width=149) (actual time=29.505..29.507 rows=3 loops=1)
Nested Loop  (cost=0.00..6351.15 rows=1 width=21) (actual time=12.894..24.614 rows=3 loops=1)
Nested Loop  (cost=0.00..6351.15 rows=1 width=21) (actual time=1.460..25.284 rows=2 loops=1)
Sort  (cost=6351.45..6351.46 rows=1 width=149) (actual time=41.907..41.909 rows=1 loops=1)
Sort  (cost=6351.45..6351.46 rows=1 width=149) (actual time=29.261..29.262 rows=1 loops=1)
Sort  (cost=6351.45..6351.46 rows=1 width=149) (actual time=30.269..30.271 rows=1 loops=1)
Sort  (cost=6351.45..6351.46 rows=1 width=149) (actual time=31.229..31.231 rows=4 loops=1)
Nested Loop  (cost=0.00..6351.15 rows=1 width=158) (actual time=5.211..24.120 rows=1 loops=1)
Nested Loop  (cost=0.00..6351.35 rows=1 width=21) (actual time=6.710..25.975 rows=2 loops=1)
Sort  (cost=6351.45..6351.46 rows=1 width=149) (actual time=29.007..29.009 rows=1 loops=1)
Nested Loop  (cost=0.00..6351.15 rows=1 width=21) (actual time=1.878..25.033 rows=4 loops=1)
Nested Loop  (cost=0.00..6351.15 rows=1 width=21) (actual time=10.817..24.980 rows=2 loops=1)
Nested Loop  (cost=0.00..6351.15 rows=1 width=21) (actual time=5.674..24.943 rows=3 loops=1)
Sort  (cost=6351.45..6351.46 rows=1 width=149) (actual time=28.916..28.918 rows=1 loops=1)
Nested Loop  (cost=0.00..6351.76 rows=1 width=21) (actual time=11.844..25.227 rows=2 loops=1)
Nested Loop  (cost=0.00..6351.47 rows=1 width=158) (actual time=16.913..25.625 rows=2 loops=1)
Sort  (cost=6351.45..6351.46 rows=1 width=149) (actual time=29.539..29.541 rows=1 loops=1)
Sort  (cost=6352.85..6352.86 rows=1 width=149) (actual time=30.471..30.472 rows=3 loops=1)
Sort  (cost=6351.45..6351.46 rows=1 width=149) (actual time=30.258..30.260 rows=1 loops=1)
Sort  (cost=6351.45..6351.46 rows=1 width=149) (actual time=28.650..28.652 rows=1 loops=1)
Nested Loop  (cost=0.00..6351.15 rows=1 width=403) (actual time=16.077..24.963 rows=1 loops=1)
Nested Loop  (cost=0.00..6351.82 rows=1 width=158) (actual time=10.507..25.067 rows=1 loops=1)
Nested Loop  (cost=0.00..6351.15 rows=1 width=21) (actual time=9.621..25.326 rows=3 loops=1)
Nested Loop  (cost=0.00..6351.78 rows=1 width=21) (actual time=1.781..25.930 rows=3 loops=1)
Nested Loop  (cost=0.00..6351.15 rows=1 width=21) (actual time=12.861..24.412 rows=2 loops=1)
Nested Loop  (cost=0.00..6351.15 rows=1 width=21) (actual time=2.954..24.155 rows=2 loops=1)
Nested Loop  (cost=0.00..6351.15 rows=1 width=21) (actual time=11.595..24.509 rows=3 loops=1)
Sort  (cost=6351.45..6351.46 rows=1 width=149) (actual time=30.669..30.672 rows=1 loops=1)
Nested Loop  (cost=0.00..6351.15 rows=1 width=403) (actual time=2.936..25.032 rows=1 loops=1)
Sort  (cost=6351.45..6351.46 rows=1 width=149) (actual time=29.717..29.719 rows=2 loops=1)
Nested Loop  (cost=0.00..6351.15 rows=1 width=403) (actual time=4.715..24.159 rows=1 loops=1)
Nested Loop  (cost=0.00..6351.15 rows=1 width=21) (actual time=0.111..24.865 rows=2 loops=1)
Sort  (cost=6351.45..6351.46 rows=1 width=149) (actual time=29.142..29.144 rows=2 loops=1)
Nested Loop  (cost=0.00..6351.15 rows=1 width=21) (actual time=4.547..28.959 rows=4 loops=1)
Nested Loop  (cost=0.00..6351.76 rows=1 width=158) (actual time=11.810..26.107 rows=2 loops=1)
Nested Loop  (cost=0.00..6351.15 rows=1 width=158) (actual time=10.707..24.740 rows=1 loops=1)
Nested Loop  (cost=0.00..6351.15 rows=1 width=21) (actual time=11.943..26.080 rows=2 loops=1)
Nested Loop  (cost=0.00..6351.15 rows=1 width=158) (actual time=8.315..25.591 rows=1 loops=1)
Nested Loop  (cost=0.00..6351.82 rows=1 width=21) (actual time=1.984..25.253 rows=7 loops=1)
Sort  (cost=6351.45..6351.46 rows=1 width=149) (actual time=28.632..28.634 rows=1 loops=1)
Sort  (cost=6351.45..6351.46 rows=1 width=149) (actual time=29.777..29.780 rows=2 loops=1)
Nested Loop  (cost=0.00..6351.69 rows=1 width=158) (actual time=2.776..25.353 rows=3 loops=1)
Sort  (cost=6351.45..6351.46 rows=1 width=149) (actual time=29.715..29.717 rows=4 loops=1)
Nested Loop  (cost=0.00..6351.15 rows=1 width=158) (actual time=16.477..25.756 rows=1 loops=1)
Nested Loop  (cost=0.00..6351.15 rows=1 width=158) (actual time=4.585..24.787 rows=1 loops=1)
Nested Loop  (cost=0.00..6351.15 rows=1 width=21) (actual time=7.616..24.939 rows=3 loops=1)
Nested Loop  (cost=0.00..6351.67 rows=1 width=21) (actual time=13.216..25.739 rows=3 loops=1)
Sort  (cost=6355.92..6355.93 rows=1 width=149) (actual time=34.950..34.954 rows=17 loops=1)
Sort  (cost=6351.45..6351.46 rows=1 width=149) (actual time=29.804..29.806 rows=3 loops=1)
Nested Loop  (cost=0.00..6351.15 rows=1 width=21) (actual time=4.659..24.680 rows=2 loops=1)
Nested Loop  (cost=0.00..6351.15 rows=1 width=21) (actual time=17.742..24.339 rows=2 loops=1)
Sort  (cost=6351.45..6351.46 rows=1 width=149) (actual time=29.846..29.848 rows=7 loops=1)
Nested Loop  (cost=0.00..6351.15 rows=1 width=21) (actual time=2.395..24.744 rows=2 loops=1)
Nested Loop  (cost=0.00..6351.38 rows=1 width=158) (actual time=0.152..25.175 rows=2 loops=1)
Nested Loop  (cost=0.00..6351.15 rows=1 width=21) (actual time=13.345..25.209 rows=2 loops=1)
Nested Loop  (cost=0.00..6351.38 rows=1 width=403) (actual time=0.145..24.495 rows=2 loops=1)
Nested Loop  (cost=0.00..6351.15 rows=1 width=21) (actual time=1.362..25.747 rows=2 loops=1)
Nested Loop  (cost=0.00..6351.67 rows=1 width=21) (actual time=5.206..25.192 rows=4 loops=1)
Sort  (cost=6351.45..6351.46 rows=1 width=149) (actual time=29.009..29.011 rows=2 loops=1)
Sort  (cost=6351.45..6351.46 rows=1 width=149) (actual time=28.856..28.858 rows=1 loops=1)
Nested Loop  (cost=0.00..6351.73 rows=1 width=21) (actual time=3.707..25.488 rows=3 loops=1)
Sort  (cost=6351.45..6351.46 rows=1 width=149) (actual time=28.807..28.808 rows=1 loops=1)
Nested Loop  (cost=0.00..6351.15 rows=1 width=21) (actual time=10.091..25.165 rows=2 loops=1)
Nested Loop  (cost=0.00..6351.15 rows=1 width=21) (actual time=2.064..25.115 rows=3 loops=1)
Sort  (cost=6351.45..6351.46 rows=1 width=149) (actual time=31.144..31.145 rows=1 loops=1)
Nested Loop  (cost=0.00..6351.15 rows=1 width=158) (actual time=17.951..24.962 rows=2 loops=1)
Sort  (cost=6351.45..6351.46 rows=1 width=149) (actual time=29.247..29.249 rows=1 loops=1)
Nested Loop  (cost=0.00..6351.44 rows=1 width=21) (actual time=1.571..24.287 rows=3 loops=1)
Nested Loop  (cost=0.00..6351.15 rows=1 width=21) (actual time=0.291..24.557 rows=4 loops=1)
Nested Loop  (cost=0.00..6351.15 rows=1 width=158) (actual time=5.051..24.932 rows=2 loops=1)
Sort  (cost=6351.45..6351.46 rows=1 width=149) (actual time=30.557..30.559 rows=3 loops=1)
Nested Loop  (cost=0.00..6351.69 rows=1 width=158) (actual time=1.429..25.263 rows=7 loops=1)
Sort  (cost=6351.45..6351.46 rows=1 width=149) (actual time=28.813..28.814 rows=1 loops=1)
Nested Loop  (cost=0.00..6351.15 rows=1 width=158) (actual time=14.561..24.841 rows=3 loops=1)
Nested Loop  (cost=0.00..6351.15 rows=1 width=158) (actual time=8.662..25.285 rows=2 loops=1)
Nested Loop  (cost=0.00..6351.15 rows=1 width=403) (actual time=8.636..25.178 rows=2 loops=1)
Sort  (cost=6351.45..6351.46 rows=1 width=149) (actual time=29.874..29.876 rows=6 loops=1)
Nested Loop  (cost=0.00..6351.76 rows=1 width=21) (actual time=2.246..25.133 rows=2 loops=1)
Nested Loop  (cost=0.00..6351.15 rows=1 width=158) (actual time=5.971..24.551 rows=2 loops=1)
Nested Loop  (cost=0.00..6351.15 rows=1 width=403) (actual time=6.033..24.441 rows=2 loops=1)
Nested Loop  (cost=0.00..6352.64 rows=1 width=21) (actual time=8.859..25.479 rows=7 loops=1)
Nested Loop  (cost=0.00..6352.84 rows=1 width=158) (actual time=10.452..26.990 rows=5 loops=1)
Sort  (cost=6351.45..6351.46 rows=1 width=149) (actual time=29.743..29.745 rows=1 loops=1)
Nested Loop  (cost=0.00..6351.15 rows=1 width=21) (actual time=3.795..25.755 rows=3 loops=1)
Nested Loop  (cost=0.00..6351.15 rows=1 width=21) (actual time=14.257..24.984 rows=2 loops=1)
Sort  (cost=6351.45..6351.46 rows=1 width=149) (actual time=28.703..28.705 rows=2 loops=1)
Nested Loop  (cost=0.00..6351.15 rows=1 width=21) (actual time=11.585..25.118 rows=2 loops=1)
Sort  (cost=6351.45..6351.46 rows=1 width=149) (actual time=29.822..29.823 rows=4 loops=1)
Nested Loop  (cost=0.00..6351.15 rows=1 width=21) (actual time=16.065..25.023 rows=2 loops=1)
Sort  (cost=6351.45..6351.46 rows=1 width=149) (actual time=45.080..45.082 rows=2 loops=1)
Sort  (cost=6356.12..6356.13 rows=1 width=149) (actual time=28.917..28.921 rows=36 loops=1)
Nested Loop  (cost=0.00..6351.15 rows=1 width=21) (actual time=9.673..24.373 rows=2 loops=1)
Nested Loop  (cost=0.00..6351.15 rows=1 width=21) (actual time=12.365..34.014 rows=2 loops=1)
Sort  (cost=6351.45..6351.46 rows=1 width=149) (actual time=29.743..29.744 rows=2 loops=1)
Nested Loop  (cost=0.00..6353.26 rows=1 width=21) (actual time=5.235..26.451 rows=9 loops=1)
Nested Loop  (cost=0.00..6351.15 rows=1 width=21) (actual time=12.427..25.122 rows=2 loops=1)
Sort  (cost=6351.45..6351.46 rows=1 width=149) (actual time=30.749..30.753 rows=1 loops=1)
Nested Loop  (cost=0.00..6351.15 rows=1 width=21) (actual time=2.793..24.919 rows=3 loops=1)
Nested Loop  (cost=0.00..6351.47 rows=1 width=21) (actual time=1.435..25.148 rows=2 loops=1)
Nested Loop  (cost=0.00..6351.15 rows=1 width=158) (actual time=13.851..24.775 rows=1 loops=1)
Nested Loop  (cost=0.00..6351.15 rows=1 width=21) (actual time=8.601..29.331 rows=2 loops=1)
Nested Loop  (cost=0.00..6351.35 rows=1 width=21) (actual time=19.404..27.450 rows=3 loops=1)
Sort  (cost=6352.94..6352.95 rows=1 width=149) (actual time=31.387..31.390 rows=15 loops=1)
Nested Loop  (cost=0.00..6351.15 rows=1 width=21) (actual time=0.718..24.772 rows=2 loops=1)
Sort  (cost=6351.45..6351.46 rows=1 width=149) (actual time=29.284..29.286 rows=2 loops=1)
Sort  (cost=6351.45..6351.46 rows=1 width=149) (actual time=29.270..29.272 rows=2 loops=1)
Nested Loop  (cost=0.00..6351.38 rows=1 width=21) (actual time=3.410..24.907 rows=2 loops=1)
Nested Loop  (cost=0.00..6351.15 rows=1 width=21) (actual time=2.096..25.084 rows=4 loops=1)
Nested Loop  (cost=0.00..6351.15 rows=1 width=21) (actual time=11.428..25.336 rows=2 loops=1)
Nested Loop  (cost=0.00..6351.15 rows=1 width=158) (actual time=0.318..25.099 rows=1 loops=1)
Nested Loop  (cost=0.00..6351.15 rows=1 width=403) (actual time=0.295..24.311 rows=1 loops=1)
Sort  (cost=6351.45..6351.46 rows=1 width=149) (actual time=28.719..28.720 rows=2 loops=1)
Nested Loop  (cost=0.00..6351.40 rows=1 width=21) (actual time=2.376..24.605 rows=3 loops=1)
Sort  (cost=6351.45..6351.46 rows=1 width=149) (actual time=28.718..28.719 rows=1 loops=1)
Nested Loop  (cost=0.00..6351.49 rows=1 width=158) (actual time=13.733..24.525 rows=1 loops=1)
Nested Loop  (cost=0.00..6351.15 rows=1 width=158) (actual time=22.376..24.386 rows=1 loops=1)
Nested Loop  (cost=0.00..6351.15 rows=1 width=403) (actual time=22.764..24.666 rows=1 loops=1)
Nested Loop  (cost=0.00..6351.15 rows=1 width=21) (actual time=9.541..38.837 rows=2 loops=1)
Nested Loop  (cost=0.00..6351.15 rows=1 width=21) (actual time=13.274..25.125 rows=2 loops=1)
Nested Loop  (cost=0.00..6351.15 rows=1 width=21) (actual time=8.024..24.989 rows=2 loops=1)
Sort  (cost=6351.45..6351.46 rows=1 width=149) (actual time=29.408..29.410 rows=2 loops=1)
Nested Loop  (cost=0.00..6351.15 rows=1 width=158) (actual time=1.405..24.110 rows=1 loops=1)
Nested Loop  (cost=0.00..6351.15 rows=1 width=21) (actual time=11.635..24.428 rows=2 loops=1)
Nested Loop  (cost=0.00..6351.15 rows=1 width=21) (actual time=13.997..24.798 rows=3 loops=1)
Nested Loop  (cost=0.00..6351.56 rows=1 width=21) (actual time=3.859..26.348 rows=5 loops=1)
Nested Loop  (cost=0.00..6351.40 rows=1 width=21) (actual time=3.519..25.150 rows=2 loops=1)
Sort  (cost=6351.45..6351.46 rows=1 width=149) (actual time=28.691..28.692 rows=1 loops=1)
Nested Loop  (cost=0.00..6351.56 rows=1 width=21) (actual time=4.563..25.469 rows=2 loops=1)
Nested Loop  (cost=0.00..6351.15 rows=1 width=21) (actual time=4.555..25.077 rows=2 loops=1)
Nested Loop  (cost=0.00..6351.15 rows=1 width=21) (actual time=1.395..25.042 rows=3 loops=1)
Nested Loop  (cost=0.00..6351.15 rows=1 width=158) (actual time=6.103..24.756 rows=1 loops=1)
Nested Loop  (cost=0.00..6351.15 rows=1 width=21) (actual time=4.228..25.294 rows=3 loops=1)
Nested Loop  (cost=0.00..6351.69 rows=1 width=158) (actual time=2.808..25.470 rows=4 loops=1)
Nested Loop  (cost=0.00..6351.15 rows=1 width=158) (actual time=13.693..24.300 rows=1 loops=1)
Nested Loop  (cost=0.00..6351.15 rows=1 width=21) (actual time=8.860..24.235 rows=2 loops=1)
Sort  (cost=6351.45..6351.46 rows=1 width=149) (actual time=28.786..28.788 rows=2 loops=1)
Sort  (cost=6351.45..6351.46 rows=1 width=149) (actual time=28.553..28.555 rows=2 loops=1)
Nested Loop  (cost=0.00..6351.15 rows=1 width=21) (actual time=5.656..24.639 rows=2 loops=1)
Sort  (cost=6351.45..6351.46 rows=1 width=149) (actual time=27.772..27.773 rows=1 loops=1)
Nested Loop  (cost=0.00..6351.15 rows=1 width=21) (actual time=18.066..25.895 rows=2 loops=1)
Nested Loop  (cost=0.00..6351.15 rows=1 width=158) (actual time=17.321..26.389 rows=1 loops=1)
Nested Loop  (cost=0.00..6351.15 rows=1 width=21) (actual time=0.186..25.188 rows=2 loops=1)
Sort  (cost=6351.45..6351.46 rows=1 width=149) (actual time=28.834..28.835 rows=1 loops=1)
Nested Loop  (cost=0.00..6351.15 rows=1 width=21) (actual time=3.633..24.495 rows=2 loops=1)
Nested Loop  (cost=0.00..6351.44 rows=1 width=21) (actual time=11.929..33.667 rows=4 loops=1)
Nested Loop  (cost=0.00..6351.15 rows=1 width=21) (actual time=9.668..24.225 rows=2 loops=1)
Nested Loop  (cost=0.00..6351.15 rows=1 width=21) (actual time=11.078..24.967 rows=2 loops=1)
Sort  (cost=6351.45..6351.46 rows=1 width=149) (actual time=29.515..29.516 rows=1 loops=1)
Sort  (cost=6356.24..6356.24 rows=1 width=149) (actual time=30.011..30.013 rows=20 loops=1)
Nested Loop  (cost=0.00..6351.15 rows=1 width=21) (actual time=7.313..25.233 rows=2 loops=1)
Nested Loop  (cost=0.00..6351.15 rows=1 width=158) (actual time=1.257..25.126 rows=1 loops=1)
Sort  (cost=6351.45..6351.46 rows=1 width=149) (actual time=29.815..29.817 rows=2 loops=1)
Nested Loop  (cost=0.00..6351.15 rows=1 width=21) (actual time=1.528..25.016 rows=2 loops=1)
Nested Loop  (cost=0.00..6351.15 rows=1 width=21) (actual time=10.610..25.777 rows=2 loops=1)
Nested Loop  (cost=0.00..6351.15 rows=1 width=21) (actual time=10.573..24.916 rows=2 loops=1)
Nested Loop  (cost=0.00..6351.15 rows=1 width=21) (actual time=23.001..27.510 rows=2 loops=1)
Nested Loop  (cost=0.00..6351.15 rows=1 width=21) (actual time=4.235..26.162 rows=2 loops=1)
Sort  (cost=6351.45..6351.46 rows=1 width=149) (actual time=29.777..29.779 rows=1 loops=1)
Nested Loop  (cost=0.00..6351.15 rows=1 width=158) (actual time=23.590..24.858 rows=1 loops=1)
Nested Loop  (cost=0.00..6351.44 rows=1 width=21) (actual time=14.415..25.489 rows=3 loops=1)
Nested Loop  (cost=0.00..6351.73 rows=1 width=158) (actual time=11.255..25.283 rows=4 loops=1)
Sort  (cost=6351.45..6351.46 rows=1 width=149) (actual time=29.056..29.058 rows=1 loops=1)
Nested Loop  (cost=0.00..6351.15 rows=1 width=21) (actual time=6.136..24.470 rows=2 loops=1)
Sort  (cost=6351.45..6351.46 rows=1 width=149) (actual time=29.729..29.731 rows=1 loops=1)
Nested Loop  (cost=0.00..6351.15 rows=1 width=158) (actual time=6.211..24.711 rows=2 loops=1)
Nested Loop  (cost=0.00..6351.15 rows=1 width=21) (actual time=4.689..28.498 rows=2 loops=1)
Nested Loop  (cost=0.00..6351.15 rows=1 width=21) (actual time=7.032..24.944 rows=3 loops=1)
Nested Loop  (cost=0.00..6351.53 rows=1 width=21) (actual time=9.739..26.311 rows=3 loops=1)
Nested Loop  (cost=0.00..6351.40 rows=1 width=21) (actual time=4.011..25.279 rows=4 loops=1)
Sort  (cost=6351.45..6351.46 rows=1 width=149) (actual time=28.531..28.533 rows=2 loops=1)
Sort  (cost=6351.45..6351.46 rows=1 width=149) (actual time=34.138..34.144 rows=1 loops=1)
Sort  (cost=6351.45..6351.46 rows=1 width=149) (actual time=29.571..29.573 rows=4 loops=1)
Nested Loop  (cost=0.00..6351.82 rows=1 width=21) (actual time=0.129..25.632 rows=3 loops=1)
Sort  (cost=6351.45..6351.46 rows=1 width=149) (actual time=30.037..30.039 rows=1 loops=1)
Sort  (cost=6351.45..6351.46 rows=1 width=149) (actual time=29.788..29.790 rows=2 loops=1)
Nested Loop  (cost=0.00..6351.82 rows=1 width=21) (actual time=2.952..25.278 rows=2 loops=1)
Nested Loop  (cost=0.00..6351.15 rows=1 width=403) (actual time=9.093..25.853 rows=1 loops=1)
Nested Loop  (cost=0.00..6351.15 rows=1 width=158) (actual time=9.176..24.280 rows=1 loops=1)
Nested Loop  (cost=0.00..6351.15 rows=1 width=21) (actual time=16.020..24.352 rows=2 loops=1)
Nested Loop  (cost=0.00..6351.15 rows=1 width=21) (actual time=2.904..28.873 rows=2 loops=1)
Nested Loop  (cost=0.00..6351.15 rows=1 width=158) (actual time=12.864..24.345 rows=1 loops=1)
Sort  (cost=6351.45..6351.46 rows=1 width=149) (actual time=29.210..29.212 rows=1 loops=1)
Sort  (cost=6351.45..6351.46 rows=1 width=149) (actual time=30.064..30.066 rows=1 loops=1)
Nested Loop  (cost=0.00..6351.15 rows=1 width=21) (actual time=7.909..25.249 rows=2 loops=1)
Nested Loop  (cost=0.00..6351.15 rows=1 width=21) (actual time=6.648..25.151 rows=2 loops=1)
Nested Loop  (cost=0.00..6351.15 rows=1 width=21) (actual time=16.083..25.128 rows=2 loops=1)
Nested Loop  (cost=0.00..6351.15 rows=1 width=21) (actual time=10.607..25.137 rows=2 loops=1)
Nested Loop  (cost=0.00..6351.15 rows=1 width=21) (actual time=6.130..25.040 rows=2 loops=1)
Nested Loop  (cost=0.00..6351.15 rows=1 width=21) (actual time=1.720..24.511 rows=4 loops=1)
Nested Loop  (cost=0.00..6351.15 rows=1 width=21) (actual time=1.571..24.792 rows=3 loops=1)
Nested Loop  (cost=0.00..6353.26 rows=1 width=21) (actual time=2.911..26.453 rows=10 loops=1)
Nested Loop  (cost=0.00..6351.73 rows=1 width=158) (actual time=2.179..25.543 rows=5 loops=1)
Nested Loop  (cost=0.00..6351.15 rows=1 width=158) (actual time=13.573..25.041 rows=1 loops=1)
Sort  (cost=6351.45..6351.46 rows=1 width=149) (actual time=30.129..30.130 rows=2 loops=1)
Nested Loop  (cost=0.00..6351.15 rows=1 width=21) (actual time=2.760..24.985 rows=3 loops=1)
Sort  (cost=6351.45..6351.46 rows=1 width=149) (actual time=30.323..30.324 rows=2 loops=1)
Sort  (cost=6351.45..6351.46 rows=1 width=149) (actual time=30.325..30.327 rows=13 loops=1)
Nested Loop  (cost=0.00..6351.15 rows=1 width=158) (actual time=24.508..24.913 rows=1 loops=1)
Nested Loop  (cost=0.00..6351.15 rows=1 width=158) (actual time=9.359..25.851 rows=2 loops=1)
Nested Loop  (cost=0.00..6351.69 rows=1 width=21) (actual time=10.617..25.451 rows=5 loops=1)
Nested Loop  (cost=0.00..6351.53 rows=1 width=21) (actual time=7.261..24.531 rows=4 loops=1)
Sort  (cost=6351.45..6351.46 rows=1 width=149) (actual time=31.007..31.009 rows=1 loops=1)
Nested Loop  (cost=0.00..6351.82 rows=1 width=158) (actual time=2.468..29.117 rows=2 loops=1)
Nested Loop  (cost=0.00..6351.15 rows=1 width=158) (actual time=22.315..24.496 rows=1 loops=1)
Nested Loop  (cost=0.00..6351.15 rows=1 width=21) (actual time=4.166..25.005 rows=2 loops=1)
Sort  (cost=6351.45..6351.46 rows=1 width=149) (actual time=29.328..29.330 rows=1 loops=1)
Nested Loop  (cost=0.00..6351.15 rows=1 width=403) (actual time=1.522..24.791 rows=1 loops=1)
Nested Loop  (cost=0.00..6351.69 rows=1 width=21) (actual time=8.078..25.957 rows=3 loops=1)
Nested Loop  (cost=0.00..6351.15 rows=1 width=158) (actual time=14.168..25.307 rows=1 loops=1)
Sort  (cost=6351.45..6351.46 rows=1 width=149) (actual time=28.793..28.795 rows=2 loops=1)
Nested Loop  (cost=0.00..6351.15 rows=1 width=21) (actual time=14.297..24.647 rows=4 loops=1)
Nested Loop  (cost=0.00..6351.49 rows=1 width=21) (actual time=1.481..25.198 rows=5 loops=1)
Nested Loop  (cost=0.00..6351.40 rows=1 width=21) (actual time=3.326..25.122 rows=2 loops=1)
Nested Loop  (cost=0.00..6351.67 rows=1 width=21) (actual time=9.613..24.995 rows=3 loops=1)
Nested Loop  (cost=0.00..6351.15 rows=1 width=158) (actual time=12.045..24.896 rows=1 loops=1)
Nested Loop  (cost=0.00..6351.15 rows=1 width=158) (actual time=11.208..24.580 rows=1 loops=1)
Nested Loop  (cost=0.00..6351.15 rows=1 width=403) (actual time=11.349..24.741 rows=1 loops=1)
Nested Loop  (cost=0.00..6351.40 rows=1 width=21) (actual time=8.779..24.900 rows=3 loops=1)
Nested Loop  (cost=0.00..6351.15 rows=1 width=21) (actual time=8.056..24.526 rows=2 loops=1)
Sort  (cost=6351.45..6351.46 rows=1 width=149) (actual time=28.577..28.579 rows=2 loops=1)
Nested Loop  (cost=0.00..6351.44 rows=1 width=158) (actual time=12.572..25.077 rows=3 loops=1)
Nested Loop  (cost=0.00..6351.44 rows=1 width=403) (actual time=12.713..25.111 rows=3 loops=1)
Sort  (cost=6351.45..6351.46 rows=1 width=149) (actual time=28.776..28.778 rows=1 loops=1)
Nested Loop  (cost=0.00..6351.47 rows=1 width=21) (actual time=1.617..28.204 rows=4 loops=1)
Sort  (cost=6351.45..6351.46 rows=1 width=149) (actual time=33.160..33.162 rows=3 loops=1)
Nested Loop  (cost=0.00..6351.15 rows=1 width=21) (actual time=15.624..27.291 rows=3 loops=1)
Nested Loop  (cost=0.00..6351.15 rows=1 width=158) (actual time=11.805..24.548 rows=1 loops=1)
Nested Loop  (cost=0.00..6351.15 rows=1 width=158) (actual time=0.764..24.918 rows=1 loops=1)
Nested Loop  (cost=0.00..6351.82 rows=1 width=21) (actual time=10.073..25.352 rows=4 loops=1)
Sort  (cost=6355.84..6355.84 rows=1 width=149) (actual time=29.257..29.259 rows=9 loops=1)
Nested Loop  (cost=0.00..6351.15 rows=1 width=21) (actual time=0.220..26.028 rows=2 loops=1)
Nested Loop  (cost=0.00..6351.15 rows=1 width=21) (actual time=10.905..24.389 rows=2 loops=1)
Nested Loop  (cost=0.00..6351.15 rows=1 width=21) (actual time=8.249..26.053 rows=2 loops=1)
Sort  (cost=6351.45..6351.46 rows=1 width=149) (actual time=31.536..31.538 rows=1 loops=1)
Nested Loop  (cost=0.00..6351.35 rows=1 width=21) (actual time=2.936..24.992 rows=5 loops=1)
Nested Loop  (cost=0.00..6351.15 rows=1 width=158) (actual time=15.578..25.073 rows=1 loops=1)
Sort  (cost=6351.45..6351.46 rows=1 width=149) (actual time=29.544..29.546 rows=1 loops=1)
Sort  (cost=6351.45..6351.46 rows=1 width=149) (actual time=28.814..28.816 rows=2 loops=1)
Sort  (cost=6351.45..6351.46 rows=1 width=149) (actual time=29.246..29.248 rows=2 loops=1)
Nested Loop  (cost=0.00..6351.76 rows=1 width=21) (actual time=2.022..25.559 rows=4 loops=1)
Nested Loop  (cost=0.00..6353.26 rows=1 width=21) (actual time=1.905..26.249 rows=6 loops=1)
Sort  (cost=6351.45..6351.46 rows=1 width=149) (actual time=29.139..29.140 rows=1 loops=1)
Nested Loop  (cost=0.00..6351.15 rows=1 width=158) (actual time=7.565..25.859 rows=1 loops=1)
Nested Loop  (cost=0.00..6351.15 rows=1 width=21) (actual time=7.066..25.096 rows=3 loops=1)
Nested Loop  (cost=0.00..6351.47 rows=1 width=158) (actual time=8.743..24.982 rows=3 loops=1)
Nested Loop  (cost=0.00..6352.84 rows=1 width=21) (actual time=5.688..25.204 rows=11 loops=1)
Sort  (cost=6351.45..6351.46 rows=1 width=149) (actual time=29.323..29.325 rows=1 loops=1)
Sort  (cost=6351.45..6351.46 rows=1 width=149) (actual time=29.219..29.221 rows=1 loops=1)
Nested Loop  (cost=0.00..6351.15 rows=1 width=158) (actual time=23.021..24.896 rows=1 loops=1)
Nested Loop  (cost=0.00..6351.15 rows=1 width=21) (actual time=19.697..24.719 rows=2 loops=1)
Nested Loop  (cost=0.00..6351.15 rows=1 width=21) (actual time=1.177..24.724 rows=2 loops=1)
Nested Loop  (cost=0.00..6351.15 rows=1 width=158) (actual time=23.737..27.130 rows=1 loops=1)
Sort  (cost=6351.45..6351.46 rows=1 width=149) (actual time=29.648..29.649 rows=2 loops=1)
Nested Loop  (cost=0.00..6351.15 rows=1 width=21) (actual time=3.451..24.925 rows=2 loops=1)
Nested Loop  (cost=0.00..6351.15 rows=1 width=158) (actual time=4.967..24.310 rows=2 loops=1)
Nested Loop  (cost=0.00..6351.15 rows=1 width=21) (actual time=2.339..24.280 rows=2 loops=1)
Nested Loop  (cost=0.00..6351.84 rows=1 width=21) (actual time=2.004..24.931 rows=3 loops=1)
Nested Loop  (cost=0.00..6351.15 rows=1 width=158) (actual time=6.547..25.171 rows=3 loops=1)
Nested Loop  (cost=0.00..6352.64 rows=1 width=21) (actual time=1.747..26.380 rows=13 loops=1)
Nested Loop  (cost=0.00..6351.15 rows=1 width=158) (actual time=22.053..24.922 rows=1 loops=1)
Nested Loop  (cost=0.00..6351.15 rows=1 width=21) (actual time=13.554..24.935 rows=2 loops=1)
Sort  (cost=6351.45..6351.46 rows=1 width=149) (actual time=29.411..29.413 rows=2 loops=1)
Nested Loop  (cost=0.00..6351.15 rows=1 width=21) (actual time=4.828..25.293 rows=3 loops=1)
Nested Loop  (cost=0.00..6352.84 rows=1 width=158) (actual time=2.312..26.215 rows=6 loops=1)
Sort  (cost=6355.72..6355.73 rows=1 width=149) (actual time=29.398..29.400 rows=11 loops=1)
Nested Loop  (cost=0.00..6351.15 rows=1 width=21) (actual time=12.938..24.759 rows=2 loops=1)
Sort  (cost=6351.45..6351.46 rows=1 width=149) (actual time=29.618..29.620 rows=1 loops=1)
Sort  (cost=6351.45..6351.46 rows=1 width=149) (actual time=44.935..44.937 rows=2 loops=1)
Nested Loop  (cost=0.00..6351.15 rows=1 width=403) (actual time=20.955..24.620 rows=1 loops=1)
Sort  (cost=6351.45..6351.46 rows=1 width=149) (actual time=28.856..28.858 rows=1 loops=1)
Nested Loop  (cost=0.00..6351.15 rows=1 width=158) (actual time=8.945..25.257 rows=2 loops=1)
Nested Loop  (cost=0.00..6351.15 rows=1 width=21) (actual time=20.818..25.726 rows=2 loops=1)
Nested Loop  (cost=0.00..6351.15 rows=1 width=21) (actual time=2.109..24.790 rows=2 loops=1)
Nested Loop  (cost=0.00..6351.40 rows=1 width=21) (actual time=16.151..24.908 rows=2 loops=1)
Nested Loop  (cost=0.00..6351.15 rows=1 width=158) (actual time=15.284..24.724 rows=1 loops=1)
Nested Loop  (cost=0.00..6351.15 rows=1 width=21) (actual time=0.053..27.306 rows=2 loops=1)
Nested Loop  (cost=0.00..6351.40 rows=1 width=21) (actual time=10.108..26.338 rows=2 loops=1)
Nested Loop  (cost=0.00..6351.84 rows=1 width=21) (actual time=3.991..27.768 rows=4 loops=1)
Nested Loop  (cost=0.00..6351.15 rows=1 width=21) (actual time=11.083..24.962 rows=2 loops=1)
Nested Loop  (cost=0.00..6351.82 rows=1 width=158) (actual time=6.165..25.457 rows=4 loops=1)
Nested Loop  (cost=0.00..6351.15 rows=1 width=21) (actual time=9.253..25.114 rows=2 loops=1)
Sort  (cost=6353.40..6353.41 rows=1 width=149) (actual time=30.465..30.467 rows=9 loops=1)
Nested Loop  (cost=0.00..6353.26 rows=1 width=21) (actual time=2.025..26.082 rows=10 loops=1)
Sort  (cost=6351.45..6351.46 rows=1 width=149) (actual time=29.011..29.013 rows=1 loops=1)
Nested Loop  (cost=0.00..6351.40 rows=1 width=21) (actual time=8.415..25.085 rows=3 loops=1)
Nested Loop  (cost=0.00..6351.15 rows=1 width=21) (actual time=6.092..24.812 rows=2 loops=1)
Nested Loop  (cost=0.00..6351.67 rows=1 width=21) (actual time=1.553..24.957 rows=4 loops=1)
Nested Loop  (cost=0.00..6351.15 rows=1 width=21) (actual time=11.574..24.631 rows=2 loops=1)
Sort  (cost=6351.45..6351.46 rows=1 width=149) (actual time=30.783..30.785 rows=1 loops=1)
Sort  (cost=6351.45..6351.46 rows=1 width=149) (actual time=34.801..34.803 rows=1 loops=1)
Nested Loop  (cost=0.00..6352.64 rows=1 width=21) (actual time=1.582..27.558 rows=4 loops=1)
Nested Loop  (cost=0.00..6351.73 rows=1 width=21) (actual time=2.208..33.558 rows=5 loops=1)
Nested Loop  (cost=0.00..6351.15 rows=1 width=158) (actual time=3.632..24.498 rows=1 loops=1)
Nested Loop  (cost=0.00..6351.15 rows=1 width=21) (actual time=9.427..24.895 rows=3 loops=1)
Nested Loop  (cost=0.00..6351.15 rows=1 width=21) (actual time=1.439..24.881 rows=2 loops=1)
Nested Loop  (cost=0.00..6351.15 rows=1 width=21) (actual time=5.641..24.968 rows=2 loops=1)
Sort  (cost=6351.45..6351.46 rows=1 width=149) (actual time=29.731..29.732 rows=1 loops=1)
Nested Loop  (cost=0.00..6353.26 rows=1 width=158) (actual time=4.863..26.341 rows=8 loops=1)
Nested Loop  (cost=0.00..6351.15 rows=1 width=21) (actual time=18.277..24.164 rows=2 loops=1)
Nested Loop  (cost=0.00..6351.15 rows=1 width=158) (actual time=15.960..24.370 rows=1 loops=1)
Sort  (cost=6351.45..6351.46 rows=1 width=149) (actual time=29.419..29.421 rows=2 loops=1)
Nested Loop  (cost=0.00..6351.15 rows=1 width=21) (actual time=11.955..25.013 rows=2 loops=1)
Sort  (cost=6351.45..6351.46 rows=1 width=149) (actual time=28.985..28.986 rows=2 loops=1)
Nested Loop  (cost=0.00..6351.15 rows=1 width=21) (actual time=8.666..25.042 rows=2 loops=1)
Sort  (cost=6351.45..6351.46 rows=1 width=149) (actual time=29.659..29.660 rows=3 loops=1)
Sort  (cost=6351.45..6351.46 rows=1 width=149) (actual time=29.211..29.212 rows=2 loops=1)
Nested Loop  (cost=0.00..6351.15 rows=1 width=403) (actual time=22.279..25.187 rows=1 loops=1)
Nested Loop  (cost=0.00..6351.53 rows=1 width=21) (actual time=1.731..25.538 rows=5 loops=1)
Nested Loop  (cost=0.00..6351.15 rows=1 width=21) (actual time=2.876..25.257 rows=4 loops=1)
Nested Loop  (cost=0.00..6351.47 rows=1 width=21) (actual time=10.573..25.131 rows=2 loops=1)
Nested Loop  (cost=0.00..6351.15 rows=1 width=21) (actual time=12.495..24.199 rows=3 loops=1)
Nested Loop  (cost=0.00..6351.44 rows=1 width=21) (actual time=1.901..24.591 rows=4 loops=1)
Sort  (cost=6352.91..6352.92 rows=1 width=149) (actual time=29.772..29.774 rows=7 loops=1)
Sort  (cost=6351.45..6351.46 rows=1 width=149) (actual time=29.968..29.971 rows=4 loops=1)
Nested Loop  (cost=0.00..6351.15 rows=1 width=21) (actual time=15.553..24.595 rows=3 loops=1)
Nested Loop  (cost=0.00..6351.84 rows=1 width=21) (actual time=1.479..25.442 rows=5 loops=1)
Sort  (cost=6351.45..6351.46 rows=1 width=149) (actual time=29.095..29.097 rows=5 loops=1)
Nested Loop  (cost=0.00..6351.15 rows=1 width=21) (actual time=4.266..24.890 rows=2 loops=1)
Nested Loop  (cost=0.00..6351.44 rows=1 width=21) (actual time=2.362..24.785 rows=2 loops=1)
Nested Loop  (cost=0.00..6351.15 rows=1 width=21) (actual time=5.451..25.781 rows=2 loops=1)
Nested Loop  (cost=0.00..6351.15 rows=1 width=21) (actual time=6.641..24.350 rows=2 loops=1)
Nested Loop  (cost=0.00..6353.26 rows=1 width=21) (actual time=4.740..28.741 rows=8 loops=1)
Nested Loop  (cost=0.00..6351.15 rows=1 width=21) (actual time=11.027..24.445 rows=2 loops=1)
Nested Loop  (cost=0.00..6351.15 rows=1 width=158) (actual time=3.300..24.727 rows=1 loops=1)
Nested Loop  (cost=0.00..6351.73 rows=1 width=21) (actual time=2.160..25.590 rows=5 loops=1)
Sort  (cost=6351.45..6351.46 rows=1 width=149) (actual time=29.834..29.836 rows=4 loops=1)
Sort  (cost=6353.18..6353.18 rows=1 width=149) (actual time=32.184..32.186 rows=11 loops=1)
Sort  (cost=6351.45..6351.46 rows=1 width=149) (actual time=28.220..28.221 rows=1 loops=1)
Nested Loop  (cost=0.00..6351.15 rows=1 width=21) (actual time=10.623..25.004 rows=2 loops=1)
Sort  (cost=6351.45..6351.46 rows=1 width=149) (actual time=29.221..29.222 rows=1 loops=1)
Sort  (cost=6351.45..6351.46 rows=1 width=149) (actual time=29.386..29.387 rows=1 loops=1)
Nested Loop  (cost=0.00..6351.15 rows=1 width=403) (actual time=17.291..24.575 rows=1 loops=1)
Nested Loop  (cost=0.00..6351.15 rows=1 width=21) (actual time=30.617..37.620 rows=2 loops=1)
Sort  (cost=6351.45..6351.46 rows=1 width=149) (actual time=39.380..39.382 rows=1 loops=1)
Nested Loop  (cost=0.00..6351.15 rows=1 width=21) (actual time=12.393..25.153 rows=2 loops=1)
Nested Loop  (cost=0.00..6351.15 rows=1 width=21) (actual time=3.655..25.083 rows=2 loops=1)
Nested Loop  (cost=0.00..6352.64 rows=1 width=21) (actual time=2.512..26.558 rows=8 loops=1)
Sort  (cost=6351.45..6351.46 rows=1 width=149) (actual time=29.189..29.192 rows=2 loops=1)
Nested Loop  (cost=0.00..6351.44 rows=1 width=21) (actual time=11.188..24.893 rows=2 loops=1)
Nested Loop  (cost=0.00..6351.53 rows=1 width=158) (actual time=4.939..25.117 rows=3 loops=1)
Nested Loop  (cost=0.00..6351.15 rows=1 width=21) (actual time=15.803..24.721 rows=2 loops=1)
Nested Loop  (cost=0.00..6351.73 rows=1 width=21) (actual time=4.801..25.893 rows=9 loops=1)
Nested Loop  (cost=0.00..6351.67 rows=1 width=21) (actual time=3.726..25.562 rows=6 loops=1)
Sort  (cost=6351.45..6351.46 rows=1 width=149) (actual time=29.869..29.870 rows=1 loops=1)
Nested Loop  (cost=0.00..6353.26 rows=1 width=158) (actual time=2.650..26.350 rows=7 loops=1)
Nested Loop  (cost=0.00..6351.15 rows=1 width=158) (actual time=27.711..28.077 rows=1 loops=1)
Nested Loop  (cost=0.00..6351.53 rows=1 width=21) (actual time=9.878..25.570 rows=5 loops=1)
Sort  (cost=6351.45..6351.46 rows=1 width=149) (actual time=30.252..30.254 rows=10 loops=1)
Nested Loop  (cost=0.00..6351.15 rows=1 width=158) (actual time=15.869..24.572 rows=1 loops=1)
Nested Loop  (cost=0.00..6351.15 rows=1 width=158) (actual time=2.540..25.143 rows=1 loops=1)
Nested Loop  (cost=0.00..6351.84 rows=1 width=21) (actual time=6.351..25.544 rows=4 loops=1)
Nested Loop  (cost=0.00..6351.69 rows=1 width=158) (actual time=5.211..25.365 rows=3 loops=1)
Nested Loop  (cost=0.00..6351.69 rows=1 width=403) (actual time=5.251..25.148 rows=3 loops=1)
Sort  (cost=6351.45..6351.46 rows=1 width=149) (actual time=29.113..29.114 rows=1 loops=1)
Nested Loop  (cost=0.00..6351.15 rows=1 width=158) (actual time=4.319..24.613 rows=1 loops=1)
Nested Loop  (cost=0.00..6351.84 rows=1 width=158) (actual time=2.026..25.070 rows=3 loops=1)
Nested Loop  (cost=0.00..6351.35 rows=1 width=21) (actual time=14.333..24.409 rows=2 loops=1)
Sort  (cost=6351.45..6351.46 rows=1 width=149) (actual time=28.258..28.259 rows=1 loops=1)
Nested Loop  (cost=0.00..6351.67 rows=1 width=21) (actual time=0.223..24.525 rows=5 loops=1)
Nested Loop  (cost=0.00..6351.53 rows=1 width=21) (actual time=9.976..25.187 rows=4 loops=1)
Nested Loop  (cost=0.00..6351.15 rows=1 width=21) (actual time=10.037..25.216 rows=1 loops=1)
Nested Loop  (cost=0.00..6351.15 rows=1 width=21) (actual time=11.091..24.938 rows=2 loops=1)
Sort  (cost=6351.45..6351.46 rows=1 width=149) (actual time=28.650..28.651 rows=1 loops=1)
Sort  (cost=6351.45..6351.46 rows=1 width=149) (actual time=31.556..31.558 rows=4 loops=1)
Nested Loop  (cost=0.00..6351.15 rows=1 width=158) (actual time=17.498..24.768 rows=1 loops=1)
Sort  (cost=6351.45..6351.46 rows=1 width=149) (actual time=29.030..29.032 rows=3 loops=1)
Nested Loop  (cost=0.00..6351.15 rows=1 width=21) (actual time=8.113..24.861 rows=3 loops=1)
Nested Loop  (cost=0.00..6351.15 rows=1 width=21) (actual time=0.170..24.786 rows=2 loops=1)
Sort  (cost=6351.45..6351.46 rows=1 width=149) (actual time=29.861..29.863 rows=1 loops=1)
Nested Loop  (cost=0.00..6351.15 rows=1 width=21) (actual time=21.761..25.104 rows=2 loops=1)
Nested Loop  (cost=0.00..6351.15 rows=1 width=158) (actual time=8.384..25.011 rows=2 loops=1)
Nested Loop  (cost=0.00..6351.15 rows=1 width=21) (actual time=3.947..25.047 rows=2 loops=1)
Nested Loop  (cost=0.00..6351.15 rows=1 width=158) (actual time=2.785..24.712 rows=1 loops=1)
Sort  (cost=6351.45..6351.46 rows=1 width=149) (actual time=29.782..29.784 rows=3 loops=1)
Nested Loop  (cost=0.00..6351.76 rows=1 width=21) (actual time=8.374..25.591 rows=3 loops=1)
Nested Loop  (cost=0.00..6351.15 rows=1 width=21) (actual time=13.097..24.733 rows=2 loops=1)
Sort  (cost=6351.45..6351.46 rows=1 width=149) (actual time=29.619..29.620 rows=1 loops=1)
Nested Loop  (cost=0.00..6351.15 rows=1 width=403) (actual time=17.091..24.400 rows=1 loops=1)
Sort  (cost=6351.45..6351.46 rows=1 width=149) (actual time=29.344..29.346 rows=1 loops=1)
Nested Loop  (cost=0.00..6351.15 rows=1 width=21) (actual time=2.036..24.918 rows=2 loops=1)
Nested Loop  (cost=0.00..6351.15 rows=1 width=21) (actual time=2.021..39.635 rows=2 loops=1)
Nested Loop  (cost=0.00..6351.40 rows=1 width=21) (actual time=5.345..24.359 rows=4 loops=1)
Sort  (cost=6351.45..6351.46 rows=1 width=149) (actual time=30.937..30.939 rows=2 loops=1)
Nested Loop  (cost=0.00..6351.15 rows=1 width=403) (actual time=6.970..24.957 rows=1 loops=1)
Nested Loop  (cost=0.00..6351.58 rows=1 width=21) (actual time=0.399..25.050 rows=2 loops=1)
Nested Loop  (cost=0.00..6351.49 rows=1 width=21) (actual time=13.200..32.905 rows=2 loops=1)
Nested Loop  (cost=0.00..6351.15 rows=1 width=21) (actual time=5.330..25.547 rows=3 loops=1)
Sort  (cost=6351.45..6351.46 rows=1 width=149) (actual time=29.586..29.588 rows=2 loops=1)
Nested Loop  (cost=0.00..6351.15 rows=1 width=158) (actual time=21.132..26.884 rows=1 loops=1)
Nested Loop  (cost=0.00..6351.15 rows=1 width=158) (actual time=14.342..24.770 rows=1 loops=1)
Nested Loop  (cost=0.00..6351.15 rows=1 width=403) (actual time=14.658..25.139 rows=1 loops=1)
Sort  (cost=6351.45..6351.46 rows=1 width=149) (actual time=29.027..29.029 rows=2 loops=1)
Nested Loop  (cost=0.00..6351.15 rows=1 width=21) (actual time=5.868..25.150 rows=2 loops=1)
Sort  (cost=6351.45..6351.46 rows=1 width=149) (actual time=30.378..30.379 rows=4 loops=1)
Nested Loop  (cost=0.00..6351.82 rows=1 width=158) (actual time=0.138..25.298 rows=3 loops=1)
Nested Loop  (cost=0.00..6351.15 rows=1 width=158) (actual time=6.197..24.538 rows=1 loops=1)
Nested Loop  (cost=0.00..6351.15 rows=1 width=403) (actual time=6.433..26.030 rows=1 loops=1)
Nested Loop  (cost=0.00..6351.15 rows=1 width=21) (actual time=4.201..24.873 rows=2 loops=1)
Nested Loop  (cost=0.00..6352.07 rows=1 width=21) (actual time=8.549..25.744 rows=3 loops=1)
Nested Loop  (cost=0.00..6351.84 rows=1 width=21) (actual time=0.743..25.822 rows=4 loops=1)
Nested Loop  (cost=0.00..6351.15 rows=1 width=21) (actual time=11.917..24.981 rows=2 loops=1)
Nested Loop  (cost=0.00..6351.38 rows=1 width=21) (actual time=4.997..25.317 rows=2 loops=1)
Nested Loop  (cost=0.00..6351.15 rows=1 width=158) (actual time=0.923..29.588 rows=1 loops=1)
Nested Loop  (cost=0.00..6351.15 rows=1 width=158) (actual time=17.167..24.466 rows=1 loops=1)
Nested Loop  (cost=0.00..6351.15 rows=1 width=158) (actual time=18.396..25.002 rows=1 loops=1)
Sort  (cost=6351.45..6351.46 rows=1 width=149) (actual time=30.170..30.172 rows=1 loops=1)
Nested Loop  (cost=0.00..6351.38 rows=1 width=21) (actual time=11.640..24.920 rows=3 loops=1)
Nested Loop  (cost=0.00..6351.15 rows=1 width=21) (actual time=5.822..25.456 rows=2 loops=1)
Sort  (cost=6351.45..6351.46 rows=1 width=149) (actual time=28.603..28.605 rows=1 loops=1)
Nested Loop  (cost=0.00..6351.15 rows=1 width=403) (actual time=6.569..24.433 rows=1 loops=1)
Sort  (cost=6352.94..6352.95 rows=1 width=149) (actual time=43.402..43.404 rows=8 loops=1)
Nested Loop  (cost=0.00..6351.15 rows=1 width=403) (actual time=22.982..24.853 rows=1 loops=1)
Nested Loop  (cost=0.00..6351.15 rows=1 width=21) (actual time=6.434..24.930 rows=2 loops=1)
Nested Loop  (cost=0.00..6351.15 rows=1 width=158) (actual time=8.885..24.923 rows=1 loops=1)
Nested Loop  (cost=0.00..6351.15 rows=1 width=21) (actual time=14.110..25.158 rows=2 loops=1)
Sort  (cost=6351.45..6351.46 rows=1 width=149) (actual time=29.066..29.067 rows=1 loops=1)
Nested Loop  (cost=0.00..6351.44 rows=1 width=21) (actual time=4.842..25.071 rows=3 loops=1)
Sort  (cost=6351.45..6351.46 rows=1 width=149) (actual time=29.459..29.461 rows=1 loops=1)
Sort  (cost=6351.45..6351.46 rows=1 width=149) (actual time=28.186..28.188 rows=1 loops=1)
Nested Loop  (cost=0.00..6351.15 rows=1 width=21) (actual time=1.330..26.038 rows=3 loops=1)
Nested Loop  (cost=0.00..6351.69 rows=1 width=21) (actual time=6.842..25.771 rows=2 loops=1)
Nested Loop  (cost=0.00..6351.15 rows=1 width=158) (actual time=19.201..25.010 rows=1 loops=1)
Nested Loop  (cost=0.00..6351.15 rows=1 width=21) (actual time=2.903..25.199 rows=2 loops=1)
Nested Loop  (cost=0.00..6351.15 rows=1 width=21) (actual time=7.824..24.257 rows=3 loops=1)
Sort  (cost=6351.45..6351.46 rows=1 width=149) (actual time=28.278..28.280 rows=2 loops=1)
Nested Loop  (cost=0.00..6352.64 rows=1 width=158) (actual time=1.673..25.562 rows=13 loops=1)
Nested Loop  (cost=0.00..6351.56 rows=1 width=21) (actual time=3.623..25.430 rows=5 loops=1)
Nested Loop  (cost=0.00..6351.44 rows=1 width=21) (actual time=2.249..25.189 rows=4 loops=1)
Sort  (cost=6351.45..6351.46 rows=1 width=149) (actual time=29.157..29.159 rows=1 loops=1)
Nested Loop  (cost=0.00..6351.15 rows=1 width=158) (actual time=13.175..25.093 rows=2 loops=1)
Nested Loop  (cost=0.00..6351.84 rows=1 width=21) (actual time=7.336..24.924 rows=3 loops=1)
Nested Loop  (cost=0.00..6351.15 rows=1 width=21) (actual time=5.870..24.998 rows=2 loops=1)
Nested Loop  (cost=0.00..6351.15 rows=1 width=21) (actual time=0.958..24.563 rows=2 loops=1)
Nested Loop  (cost=0.00..6352.84 rows=1 width=21) (actual time=4.224..26.417 rows=8 loops=1)
Nested Loop  (cost=0.00..6351.15 rows=1 width=158) (actual time=16.522..25.028 rows=1 loops=1)
Sort  (cost=6351.45..6351.46 rows=1 width=149) (actual time=29.039..29.041 rows=1 loops=1)
Nested Loop  (cost=0.00..6351.15 rows=1 width=21) (actual time=3.086..25.037 rows=4 loops=1)
Nested Loop  (cost=0.00..6351.64 rows=1 width=21) (actual time=3.683..25.572 rows=5 loops=1)
Sort  (cost=6351.45..6351.46 rows=1 width=149) (actual time=28.562..28.563 rows=2 loops=1)
Nested Loop  (cost=0.00..6351.15 rows=1 width=21) (actual time=16.659..25.047 rows=2 loops=1)
Nested Loop  (cost=0.00..6351.84 rows=1 width=21) (actual time=2.870..28.264 rows=5 loops=1)
Nested Loop  (cost=0.00..6351.15 rows=1 width=21) (actual time=6.088..24.158 rows=2 loops=1)
Nested Loop  (cost=0.00..6351.15 rows=1 width=21) (actual time=17.290..24.555 rows=2 loops=1)
Nested Loop  (cost=0.00..6351.15 rows=1 width=21) (actual time=0.746..25.545 rows=2 loops=1)
Sort  (cost=6352.78..6352.78 rows=1 width=149) (actual time=30.149..30.151 rows=14 loops=1)
Nested Loop  (cost=0.00..6351.38 rows=1 width=158) (actual time=13.818..36.889 rows=2 loops=1)
Nested Loop  (cost=0.00..6351.15 rows=1 width=21) (actual time=2.560..27.894 rows=2 loops=1)
Nested Loop  (cost=0.00..6351.35 rows=1 width=21) (actual time=3.603..24.878 rows=3 loops=1)
Sort  (cost=6351.45..6351.46 rows=1 width=149) (actual time=29.323..29.326 rows=1 loops=1)
Nested Loop  (cost=0.00..6351.67 rows=1 width=21) (actual time=4.868..25.145 rows=3 loops=1)
Sort  (cost=6353.27..6353.27 rows=1 width=149) (actual time=30.885..30.887 rows=6 loops=1)
Sort  (cost=6351.45..6351.46 rows=1 width=149) (actual time=30.044..30.046 rows=1 loops=1)
Sort  (cost=6351.45..6351.46 rows=1 width=149) (actual time=33.135..33.137 rows=1 loops=1)
Nested Loop  (cost=0.00..6351.58 rows=1 width=21) (actual time=7.768..25.876 rows=6 loops=1)
Nested Loop  (cost=0.00..6351.15 rows=1 width=158) (actual time=13.848..25.065 rows=1 loops=1)
Nested Loop  (cost=0.00..6351.15 rows=1 width=158) (actual time=15.613..24.870 rows=1 loops=1)
Sort  (cost=6351.45..6351.46 rows=1 width=149) (actual time=29.063..29.065 rows=1 loops=1)
Sort  (cost=6351.45..6351.46 rows=1 width=149) (actual time=29.943..29.945 rows=3 loops=1)
Sort  (cost=6351.45..6351.46 rows=1 width=149) (actual time=29.442..29.444 rows=2 loops=1)
Nested Loop  (cost=0.00..6351.82 rows=1 width=158) (actual time=6.763..25.139 rows=6 loops=1)
Nested Loop  (cost=0.00..6351.82 rows=1 width=403) (actual time=6.760..25.333 rows=6 loops=1)
Nested Loop  (cost=0.00..6351.47 rows=1 width=158) (actual time=4.598..24.420 rows=2 loops=1)
Sort  (cost=6353.03..6353.03 rows=1 width=149) (actual time=31.447..31.449 rows=7 loops=1)
Nested Loop  (cost=0.00..6352.64 rows=1 width=21) (actual time=1.762..26.207 rows=13 loops=1)
Nested Loop  (cost=0.00..6351.84 rows=1 width=21) (actual time=1.746..25.487 rows=4 loops=1)
Nested Loop  (cost=0.00..6351.15 rows=1 width=21) (actual time=14.082..24.967 rows=2 loops=1)
Nested Loop  (cost=0.00..6351.35 rows=1 width=21) (actual time=4.667..24.983 rows=4 loops=1)
Nested Loop  (cost=0.00..6351.15 rows=1 width=21) (actual time=17.926..25.530 rows=2 loops=1)
Sort  (cost=6351.45..6351.46 rows=1 width=149) (actual time=29.272..29.275 rows=6 loops=1)
Nested Loop  (cost=0.00..6351.15 rows=1 width=158) (actual time=3.241..24.386 rows=1 loops=1)
Nested Loop  (cost=0.00..6351.15 rows=1 width=21) (actual time=7.560..37.868 rows=2 loops=1)
Sort  (cost=6351.45..6351.46 rows=1 width=149) (actual time=29.375..29.377 rows=1 loops=1)
Nested Loop  (cost=0.00..6351.15 rows=1 width=21) (actual time=14.962..24.685 rows=2 loops=1)
Nested Loop  (cost=0.00..6351.15 rows=1 width=21) (actual time=13.405..24.045 rows=2 loops=1)
Nested Loop  (cost=0.00..6351.15 rows=1 width=158) (actual time=5.501..24.527 rows=2 loops=1)
Nested Loop  (cost=0.00..6351.15 rows=1 width=21) (actual time=18.690..26.231 rows=2 loops=1)
Nested Loop  (cost=0.00..6351.90 rows=1 width=21) (actual time=1.522..25.541 rows=6 loops=1)
Nested Loop  (cost=0.00..6351.44 rows=1 width=21) (actual time=0.382..25.206 rows=3 loops=1)
Sort  (cost=6351.45..6351.46 rows=1 width=149) (actual time=28.222..28.224 rows=1 loops=1)
Nested Loop  (cost=0.00..6351.69 rows=1 width=21) (actual time=1.221..25.602 rows=3 loops=1)
Sort  (cost=6351.45..6351.46 rows=1 width=149) (actual time=30.044..30.046 rows=5 loops=1)
Sort  (cost=6351.45..6351.46 rows=1 width=149) (actual time=30.002..30.004 rows=1 loops=1)
Nested Loop  (cost=0.00..6351.82 rows=1 width=21) (actual time=2.553..25.432 rows=6 loops=1)
Nested Loop  (cost=0.00..6351.15 rows=1 width=21) (actual time=3.320..24.355 rows=2 loops=1)
Nested Loop  (cost=0.00..6351.76 rows=1 width=21) (actual time=1.981..25.021 rows=8 loops=1)
Nested Loop  (cost=0.00..6351.15 rows=1 width=21) (actual time=13.164..24.879 rows=3 loops=1)
Sort  (cost=6351.45..6351.46 rows=1 width=149) (actual time=29.171..29.173 rows=2 loops=1)
Nested Loop  (cost=0.00..6351.82 rows=1 width=21) (actual time=2.462..25.736 rows=4 loops=1)
Nested Loop  (cost=0.00..6351.15 rows=1 width=21) (actual time=14.755..24.924 rows=2 loops=1)
Nested Loop  (cost=0.00..6351.15 rows=1 width=21) (actual time=0.097..25.237 rows=4 loops=1)
Nested Loop  (cost=0.00..6351.15 rows=1 width=21) (actual time=1.723..24.655 rows=2 loops=1)
Nested Loop  (cost=0.00..6351.47 rows=1 width=21) (actual time=16.437..27.759 rows=2 loops=1)
Sort  (cost=6351.45..6351.46 rows=1 width=149) (actual time=28.915..28.917 rows=2 loops=1)
Nested Loop  (cost=0.00..6351.15 rows=1 width=158) (actual time=9.460..25.145 rows=2 loops=1)
Sort  (cost=6351.45..6351.46 rows=1 width=149) (actual time=29.864..29.865 rows=2 loops=1)
Nested Loop  (cost=0.00..6351.15 rows=1 width=21) (actual time=34.362..38.716 rows=2 loops=1)
Sort  (cost=6351.45..6351.46 rows=1 width=149) (actual time=28.612..28.614 rows=1 loops=1)
Nested Loop  (cost=0.00..6351.15 rows=1 width=403) (actual time=17.555..24.555 rows=1 loops=1)
Sort  (cost=6351.45..6351.46 rows=1 width=149) (actual time=29.213..29.215 rows=1 loops=1)
Nested Loop  (cost=0.00..6351.15 rows=1 width=158) (actual time=7.004..25.117 rows=2 loops=1)
Sort  (cost=6351.45..6351.46 rows=1 width=149) (actual time=29.105..29.107 rows=4 loops=1)
Nested Loop  (cost=0.00..6351.15 rows=1 width=21) (actual time=6.916..25.655 rows=2 loops=1)
Nested Loop  (cost=0.00..6351.44 rows=1 width=21) (actual time=6.354..25.132 rows=2 loops=1)
Sort  (cost=6351.45..6351.46 rows=1 width=149) (actual time=29.529..29.530 rows=3 loops=1)
Sort  (cost=6351.45..6351.46 rows=1 width=149) (actual time=30.451..30.453 rows=7 loops=1)
Nested Loop  (cost=0.00..6351.15 rows=1 width=403) (actual time=4.869..24.502 rows=1 loops=1)
Nested Loop  (cost=0.00..6351.15 rows=1 width=21) (actual time=5.224..25.131 rows=2 loops=1)
Nested Loop  (cost=0.00..6351.15 rows=1 width=21) (actual time=6.207..24.931 rows=2 loops=1)
Nested Loop  (cost=0.00..6351.15 rows=1 width=21) (actual time=12.091..24.811 rows=3 loops=1)
Sort  (cost=6351.45..6351.46 rows=1 width=149) (actual time=28.569..28.571 rows=2 loops=1)
Sort  (cost=6351.45..6351.46 rows=1 width=149) (actual time=29.380..29.382 rows=2 loops=1)
Nested Loop  (cost=0.00..6351.84 rows=1 width=21) (actual time=0.264..25.339 rows=3 loops=1)
Nested Loop  (cost=0.00..6351.15 rows=1 width=158) (actual time=20.487..24.887 rows=1 loops=1)
Nested Loop  (cost=0.00..6351.15 rows=1 width=21) (actual time=19.803..25.767 rows=2 loops=1)
Nested Loop  (cost=0.00..6351.15 rows=1 width=21) (actual time=2.993..24.926 rows=2 loops=1)
Nested Loop  (cost=0.00..6351.82 rows=1 width=158) (actual time=2.446..26.828 rows=6 loops=1)
Nested Loop  (cost=0.00..6351.82 rows=1 width=403) (actual time=2.450..25.402 rows=6 loops=1)
Nested Loop  (cost=0.00..6351.64 rows=1 width=21) (actual time=1.347..25.705 rows=4 loops=1)
Nested Loop  (cost=0.00..6351.15 rows=1 width=21) (actual time=4.356..25.992 rows=3 loops=1)
Sort  (cost=6351.45..6351.46 rows=1 width=149) (actual time=31.261..31.264 rows=1 loops=1)
Nested Loop  (cost=0.00..6351.15 rows=1 width=403) (actual time=8.570..25.143 rows=1 loops=1)
Sort  (cost=6351.45..6351.46 rows=1 width=149) (actual time=30.498..30.500 rows=3 loops=1)
Nested Loop  (cost=0.00..6351.15 rows=1 width=21) (actual time=3.738..24.994 rows=3 loops=1)
Sort  (cost=6351.45..6351.46 rows=1 width=149) (actual time=29.244..29.245 rows=1 loops=1)
Sort  (cost=6351.45..6351.46 rows=1 width=149) (actual time=29.507..29.509 rows=1 loops=1)
Sort  (cost=6351.45..6351.46 rows=1 width=149) (actual time=29.036..29.038 rows=1 loops=1)
Sort  (cost=6355.95..6355.95 rows=1 width=149) (actual time=28.693..28.695 rows=18 loops=1)
Nested Loop  (cost=0.00..6351.15 rows=1 width=158) (actual time=13.164..31.299 rows=1 loops=1)
Nested Loop  (cost=0.00..6351.15 rows=1 width=21) (actual time=1.947..25.766 rows=2 loops=1)
Nested Loop  (cost=0.00..6351.15 rows=1 width=21) (actual time=20.858..25.127 rows=2 loops=1)
Nested Loop  (cost=0.00..6351.15 rows=1 width=158) (actual time=5.901..25.070 rows=1 loops=1)
Sort  (cost=6351.45..6351.46 rows=1 width=149) (actual time=29.702..29.707 rows=1 loops=1)
Nested Loop  (cost=0.00..6351.15 rows=1 width=21) (actual time=4.432..24.920 rows=2 loops=1)
Nested Loop  (cost=0.00..6351.40 rows=1 width=21) (actual time=12.461..24.669 rows=5 loops=1)
Nested Loop  (cost=0.00..6351.73 rows=1 width=21) (actual time=10.918..24.881 rows=6 loops=1)
Nested Loop  (cost=0.00..6351.69 rows=1 width=21) (actual time=8.154..24.700 rows=3 loops=1)
Nested Loop  (cost=0.00..6351.76 rows=1 width=21) (actual time=2.082..25.301 rows=8 loops=1)
Sort  (cost=6351.45..6351.46 rows=1 width=149) (actual time=29.358..29.360 rows=1 loops=1)
Nested Loop  (cost=0.00..6351.15 rows=1 width=21) (actual time=0.333..24.202 rows=2 loops=1)
Nested Loop  (cost=0.00..6351.15 rows=1 width=21) (actual time=18.649..24.450 rows=2 loops=1)
Nested Loop  (cost=0.00..6351.15 rows=1 width=158) (actual time=21.474..24.714 rows=1 loops=1)
Nested Loop  (cost=0.00..6351.15 rows=1 width=158) (actual time=1.467..25.335 rows=2 loops=1)
Nested Loop  (cost=0.00..6351.38 rows=1 width=21) (actual time=4.578..25.411 rows=4 loops=1)
Sort  (cost=6351.45..6351.46 rows=1 width=149) (actual time=29.130..29.132 rows=1 loops=1)
Nested Loop  (cost=0.00..6351.15 rows=1 width=403) (actual time=2.857..24.601 rows=1 loops=1)
Nested Loop  (cost=0.00..6351.15 rows=1 width=21) (actual time=11.243..24.665 rows=2 loops=1)
Nested Loop  (cost=0.00..6351.15 rows=1 width=21) (actual time=12.006..25.085 rows=2 loops=1)
Nested Loop  (cost=0.00..6351.53 rows=1 width=21) (actual time=9.977..25.137 rows=4 loops=1)
Nested Loop  (cost=0.00..6351.53 rows=1 width=158) (actual time=17.360..24.571 rows=2 loops=1)
Nested Loop  (cost=0.00..6351.56 rows=1 width=158) (actual time=23.756..25.041 rows=1 loops=1)
Nested Loop  (cost=0.00..6351.15 rows=1 width=21) (actual time=14.563..24.660 rows=2 loops=1)
Nested Loop  (cost=0.00..6352.84 rows=1 width=158) (actual time=2.345..26.228 rows=6 loops=1)
Sort  (cost=6356.01..6356.02 rows=1 width=149) (actual time=29.206..29.209 rows=29 loops=1)
Nested Loop  (cost=0.00..6351.15 rows=1 width=21) (actual time=6.641..24.861 rows=2 loops=1)
Sort  (cost=6351.45..6351.46 rows=1 width=149) (actual time=29.271..29.272 rows=3 loops=1)
Nested Loop  (cost=0.00..6352.84 rows=1 width=21) (actual time=2.281..26.128 rows=7 loops=1)
Nested Loop  (cost=0.00..6351.15 rows=1 width=21) (actual time=5.005..28.187 rows=2 loops=1)
Nested Loop  (cost=0.00..6353.26 rows=1 width=158) (actual time=2.094..27.066 rows=8 loops=1)
Nested Loop  (cost=0.00..6351.15 rows=1 width=21) (actual time=11.755..24.777 rows=2 loops=1)
Nested Loop  (cost=0.00..6351.67 rows=1 width=21) (actual time=3.709..25.423 rows=6 loops=1)
Sort  (cost=6351.45..6351.46 rows=1 width=149) (actual time=28.437..28.439 rows=1 loops=1)
Nested Loop  (cost=0.00..6351.64 rows=1 width=158) (actual time=1.413..25.232 rows=5 loops=1)
Sort  (cost=6351.45..6351.46 rows=1 width=149) (actual time=29.391..29.393 rows=1 loops=1)
Nested Loop  (cost=0.00..6351.53 rows=1 width=21) (actual time=0.138..24.555 rows=2 loops=1)
Nested Loop  (cost=0.00..6351.15 rows=1 width=21) (actual time=3.887..24.809 rows=2 loops=1)
Nested Loop  (cost=0.00..6351.15 rows=1 width=158) (actual time=9.745..25.631 rows=2 loops=1)
Nested Loop  (cost=0.00..6351.15 rows=1 width=21) (actual time=11.921..25.493 rows=2 loops=1)
Nested Loop  (cost=0.00..6351.73 rows=1 width=21) (actual time=4.726..25.078 rows=9 loops=1)
Nested Loop  (cost=0.00..6351.15 rows=1 width=21) (actual time=3.537..24.652 rows=2 loops=1)
Nested Loop  (cost=0.00..6351.40 rows=1 width=21) (actual time=3.281..27.805 rows=2 loops=1)
Nested Loop  (cost=0.00..6351.53 rows=1 width=21) (actual time=2.695..25.670 rows=2 loops=1)
Nested Loop  (cost=0.00..6351.15 rows=1 width=158) (actual time=1.809..25.295 rows=4 loops=1)
Nested Loop  (cost=0.00..6351.15 rows=1 width=21) (actual time=10.367..25.340 rows=3 loops=1)
Nested Loop  (cost=0.00..6351.15 rows=1 width=21) (actual time=0.825..24.933 rows=2 loops=1)
Nested Loop  (cost=0.00..6351.47 rows=1 width=21) (actual time=4.814..25.421 rows=4 loops=1)
Nested Loop  (cost=0.00..6351.15 rows=1 width=158) (actual time=2.152..26.789 rows=1 loops=1)
Sort  (cost=6355.72..6355.73 rows=1 width=149) (actual time=29.979..29.982 rows=19 loops=1)
Nested Loop  (cost=0.00..6351.15 rows=1 width=21) (actual time=7.709..24.126 rows=2 loops=1)
Nested Loop  (cost=0.00..6351.15 rows=1 width=21) (actual time=9.291..24.521 rows=2 loops=1)
Nested Loop  (cost=0.00..6352.64 rows=1 width=158) (actual time=2.430..26.027 rows=8 loops=1)
Nested Loop  (cost=0.00..6351.15 rows=1 width=21) (actual time=17.099..24.494 rows=3 loops=1)
Nested Loop  (cost=0.00..6351.15 rows=1 width=21) (actual time=11.075..24.881 rows=2 loops=1)
Nested Loop  (cost=0.00..6351.47 rows=1 width=21) (actual time=22.005..24.951 rows=2 loops=1)
Nested Loop  (cost=0.00..6351.15 rows=1 width=21) (actual time=17.542..24.391 rows=2 loops=1)
Sort  (cost=6351.45..6351.46 rows=1 width=149) (actual time=32.861..32.863 rows=1 loops=1)
Nested Loop  (cost=0.00..6351.15 rows=1 width=21) (actual time=14.893..24.963 rows=2 loops=1)
Nested Loop  (cost=0.00..6351.69 rows=1 width=21) (actual time=3.131..25.358 rows=4 loops=1)
Nested Loop  (cost=0.00..6351.15 rows=1 width=158) (actual time=17.704..26.075 rows=2 loops=1)
Sort  (cost=6351.45..6351.46 rows=1 width=149) (actual time=30.189..30.191 rows=1 loops=1)
Nested Loop  (cost=0.00..6351.56 rows=1 width=21) (actual time=16.911..25.300 rows=3 loops=1)
Nested Loop  (cost=0.00..6351.15 rows=1 width=158) (actual time=4.221..25.225 rows=1 loops=1)
Sort  (cost=6351.45..6351.46 rows=1 width=149) (actual time=28.327..28.328 rows=2 loops=1)
Nested Loop  (cost=0.00..6351.15 rows=1 width=158) (actual time=5.511..24.589 rows=1 loops=1)
Sort  (cost=6355.17..6355.18 rows=1 width=149) (actual time=28.596..28.599 rows=19 loops=1)
Nested Loop  (cost=0.00..6351.58 rows=1 width=21) (actual time=7.686..25.371 rows=6 loops=1)
Nested Loop  (cost=0.00..6351.15 rows=1 width=21) (actual time=13.511..25.391 rows=3 loops=1)
Nested Loop  (cost=0.00..6351.15 rows=1 width=21) (actual time=12.921..25.239 rows=2 loops=1)
Nested Loop  (cost=0.00..6351.15 rows=1 width=21) (actual time=24.347..25.063 rows=2 loops=1)
Nested Loop  (cost=0.00..6351.15 rows=1 width=158) (actual time=1.421..25.018 rows=2 loops=1)
Nested Loop  (cost=0.00..6351.15 rows=1 width=21) (actual time=1.444..24.847 rows=2 loops=1)
Nested Loop  (cost=0.00..6351.15 rows=1 width=158) (actual time=10.578..24.371 rows=2 loops=1)
Nested Loop  (cost=0.00..6351.15 rows=1 width=21) (actual time=0.070..24.407 rows=3 loops=1)
Nested Loop  (cost=0.00..6351.15 rows=1 width=158) (actual time=6.862..24.477 rows=1 loops=1)
Nested Loop  (cost=0.00..6351.15 rows=1 width=403) (actual time=6.947..24.844 rows=1 loops=1)
Nested Loop  (cost=0.00..6351.15 rows=1 width=21) (actual time=4.820..25.165 rows=2 loops=1)
Nested Loop  (cost=0.00..6351.44 rows=1 width=21) (actual time=1.957..24.300 rows=4 loops=1)
Sort  (cost=6351.45..6351.46 rows=1 width=149) (actual time=28.868..28.871 rows=1 loops=1)
Sort  (cost=6351.45..6351.46 rows=1 width=149) (actual time=29.355..29.358 rows=2 loops=1)
Nested Loop  (cost=0.00..6351.15 rows=1 width=21) (actual time=1.899..25.293 rows=4 loops=1)
Nested Loop  (cost=0.00..6351.84 rows=1 width=21) (actual time=5.315..25.483 rows=5 loops=1)
Nested Loop  (cost=0.00..6351.40 rows=1 width=158) (actual time=9.057..25.323 rows=2 loops=1)
Nested Loop  (cost=0.00..6351.40 rows=1 width=21) (actual time=11.894..24.991 rows=2 loops=1)
Sort  (cost=6351.45..6351.46 rows=1 width=149) (actual time=29.077..29.079 rows=1 loops=1)
Nested Loop  (cost=0.00..6351.15 rows=1 width=21) (actual time=17.789..30.474 rows=2 loops=1)
Sort  (cost=6351.45..6351.46 rows=1 width=149) (actual time=29.150..29.151 rows=2 loops=1)
Nested Loop  (cost=0.00..6351.15 rows=1 width=21) (actual time=11.833..24.831 rows=2 loops=1)
Nested Loop  (cost=0.00..6351.15 rows=1 width=21) (actual time=8.033..25.030 rows=2 loops=1)
Sort  (cost=6351.45..6351.46 rows=1 width=149) (actual time=29.424..29.425 rows=1 loops=1)
Sort  (cost=6355.84..6355.84 rows=1 width=149) (actual time=29.845..29.848 rows=17 loops=1)
Nested Loop  (cost=0.00..6351.35 rows=1 width=21) (actual time=4.281..24.982 rows=2 loops=1)
Sort  (cost=6351.45..6351.46 rows=1 width=149) (actual time=29.193..29.194 rows=1 loops=1)
Nested Loop  (cost=0.00..6351.15 rows=1 width=21) (actual time=14.982..33.271 rows=2 loops=1)
Nested Loop  (cost=0.00..6351.15 rows=1 width=158) (actual time=19.792..25.042 rows=1 loops=1)
Nested Loop  (cost=0.00..6351.73 rows=1 width=21) (actual time=22.811..26.279 rows=3 loops=1)
Nested Loop  (cost=0.00..6351.15 rows=1 width=21) (actual time=8.537..25.274 rows=2 loops=1)
Sort  (cost=6351.45..6351.46 rows=1 width=149) (actual time=29.665..29.667 rows=1 loops=1)
Sort  (cost=6351.45..6351.46 rows=1 width=149) (actual time=34.333..34.335 rows=6 loops=1)
Sort  (cost=6351.45..6351.46 rows=1 width=149) (actual time=33.537..33.539 rows=2 loops=1)
Sort  (cost=6351.45..6351.46 rows=1 width=149) (actual time=30.557..30.559 rows=6 loops=1)
Nested Loop  (cost=0.00..6351.15 rows=1 width=21) (actual time=6.142..24.768 rows=2 loops=1)
Nested Loop  (cost=0.00..6351.15 rows=1 width=21) (actual time=1.929..25.502 rows=2 loops=1)
Sort  (cost=6351.45..6351.46 rows=1 width=149) (actual time=30.257..30.260 rows=2 loops=1)
Nested Loop  (cost=0.00..6351.15 rows=1 width=21) (actual time=3.704..25.061 rows=3 loops=1)
Nested Loop  (cost=0.00..6351.15 rows=1 width=158) (actual time=17.806..25.078 rows=2 loops=1)
Nested Loop  (cost=0.00..6351.15 rows=1 width=158) (actual time=5.934..27.017 rows=1 loops=1)
Sort  (cost=6351.45..6351.46 rows=1 width=149) (actual time=32.138..32.140 rows=1 loops=1)
Nested Loop  (cost=0.00..6351.15 rows=1 width=403) (actual time=2.804..35.380 rows=1 loops=1)
Nested Loop  (cost=0.00..6351.15 rows=1 width=21) (actual time=9.196..24.962 rows=2 loops=1)
Nested Loop  (cost=0.00..6351.15 rows=1 width=158) (actual time=18.576..25.043 rows=2 loops=1)
Sort  (cost=6351.45..6351.46 rows=1 width=149) (actual time=28.915..28.916 rows=2 loops=1)
Nested Loop  (cost=0.00..6351.40 rows=1 width=21) (actual time=12.261..25.320 rows=3 loops=1)
Nested Loop  (cost=0.00..6351.15 rows=1 width=158) (actual time=7.001..25.127 rows=1 loops=1)
Nested Loop  (cost=0.00..6351.56 rows=1 width=21) (actual time=4.426..24.962 rows=2 loops=1)
Nested Loop  (cost=0.00..6351.15 rows=1 width=21) (actual time=0.209..24.259 rows=2 loops=1)
Nested Loop  (cost=0.00..6351.15 rows=1 width=158) (actual time=1.464..25.238 rows=1 loops=1)
Sort  (cost=6351.45..6351.46 rows=1 width=149) (actual time=41.316..41.318 rows=2 loops=1)
Nested Loop  (cost=0.00..6351.40 rows=1 width=21) (actual time=4.781..25.333 rows=3 loops=1)
Sort  (cost=6351.45..6351.46 rows=1 width=149) (actual time=29.134..29.135 rows=1 loops=1)
Sort  (cost=6351.45..6351.46 rows=1 width=149) (actual time=28.572..28.574 rows=1 loops=1)
Nested Loop  (cost=0.00..6351.44 rows=1 width=158) (actual time=6.500..25.273 rows=2 loops=1)
Nested Loop  (cost=0.00..6351.15 rows=1 width=21) (actual time=4.812..25.094 rows=2 loops=1)
Nested Loop  (cost=0.00..6351.38 rows=1 width=158) (actual time=24.253..25.700 rows=1 loops=1)
Sort  (cost=6351.45..6351.46 rows=1 width=149) (actual time=28.843..28.844 rows=1 loops=1)
Nested Loop  (cost=0.00..6351.15 rows=1 width=21) (actual time=3.060..25.174 rows=4 loops=1)
Nested Loop  (cost=0.00..6351.15 rows=1 width=21) (actual time=17.452..25.060 rows=2 loops=1)
Sort  (cost=6351.45..6351.46 rows=1 width=149) (actual time=28.634..28.635 rows=2 loops=1)
Nested Loop  (cost=0.00..6351.15 rows=1 width=403) (actual time=22.575..24.106 rows=1 loops=1)
Nested Loop  (cost=0.00..6351.15 rows=1 width=158) (actual time=12.029..24.363 rows=1 loops=1)
Sort  (cost=6365.09..6365.09 rows=1 width=149) (actual time=30.669..30.674 rows=61 loops=1)
Nested Loop  (cost=0.00..6351.15 rows=1 width=158) (actual time=12.979..24.994 rows=1 loops=1)
Sort  (cost=6351.45..6351.46 rows=1 width=149) (actual time=29.799..29.800 rows=2 loops=1)
Nested Loop  (cost=0.00..6351.15 rows=1 width=21) (actual time=13.324..25.159 rows=2 loops=1)
Nested Loop  (cost=0.00..6351.53 rows=1 width=21) (actual time=16.195..25.696 rows=3 loops=1)
Nested Loop  (cost=0.00..6351.15 rows=1 width=21) (actual time=1.581..24.813 rows=2 loops=1)
Nested Loop  (cost=0.00..6351.15 rows=1 width=21) (actual time=11.338..25.234 rows=2 loops=1)
Sort  (cost=6352.98..6352.98 rows=1 width=149) (actual time=30.199..30.201 rows=8 loops=1)
Nested Loop  (cost=0.00..6351.53 rows=1 width=158) (actual time=5.150..24.746 rows=4 loops=1)
Nested Loop  (cost=0.00..6351.15 rows=1 width=21) (actual time=2.097..27.702 rows=2 loops=1)
Sort  (cost=6351.45..6351.46 rows=1 width=149) (actual time=29.443..29.444 rows=1 loops=1)
Nested Loop  (cost=0.00..6351.15 rows=1 width=158) (actual time=22.092..24.999 rows=1 loops=1)
Nested Loop  (cost=0.00..6351.58 rows=1 width=21) (actual time=0.198..24.436 rows=4 loops=1)
Nested Loop  (cost=0.00..6351.15 rows=1 width=21) (actual time=10.553..24.307 rows=2 loops=1)
Nested Loop  (cost=0.00..6351.15 rows=1 width=158) (actual time=14.197..24.306 rows=1 loops=1)
Sort  (cost=6351.45..6351.46 rows=1 width=149) (actual time=28.863..28.864 rows=1 loops=1)
Nested Loop  (cost=0.00..6351.15 rows=1 width=21) (actual time=6.735..24.846 rows=2 loops=1)
Nested Loop  (cost=0.00..6351.15 rows=1 width=158) (actual time=1.543..25.256 rows=1 loops=1)
Nested Loop  (cost=0.00..6351.15 rows=1 width=21) (actual time=9.791..25.113 rows=2 loops=1)
Nested Loop  (cost=0.00..6351.53 rows=1 width=158) (actual time=1.087..25.724 rows=1 loops=1)
Nested Loop  (cost=0.00..6351.64 rows=1 width=21) (actual time=9.616..25.494 rows=3 loops=1)
Sort  (cost=6351.45..6351.46 rows=1 width=149) (actual time=29.185..29.187 rows=2 loops=1)
Nested Loop  (cost=0.00..6351.15 rows=1 width=21) (actual time=2.650..24.585 rows=3 loops=1)
Nested Loop  (cost=0.00..6351.15 rows=1 width=21) (actual time=16.844..26.080 rows=2 loops=1)
Nested Loop  (cost=0.00..6351.82 rows=1 width=21) (actual time=5.032..25.295 rows=4 loops=1)
Nested Loop  (cost=0.00..6351.35 rows=1 width=21) (actual time=0.080..24.648 rows=4 loops=1)
Nested Loop  (cost=0.00..6351.15 rows=1 width=21) (actual time=6.015..24.681 rows=2 loops=1)
Nested Loop  (cost=0.00..6351.15 rows=1 width=21) (actual time=11.204..24.772 rows=2 loops=1)
Nested Loop  (cost=0.00..6351.15 rows=1 width=21) (actual time=8.300..24.685 rows=3 loops=1)
Sort  (cost=6351.45..6351.46 rows=1 width=149) (actual time=30.640..30.642 rows=2 loops=1)
Nested Loop  (cost=0.00..6351.15 rows=1 width=21) (actual time=3.761..25.812 rows=3 loops=1)
Nested Loop  (cost=0.00..6351.15 rows=1 width=21) (actual time=10.229..25.485 rows=2 loops=1)
Nested Loop  (cost=0.00..6351.15 rows=1 width=21) (actual time=11.166..25.918 rows=2 loops=1)
Nested Loop  (cost=0.00..6351.38 rows=1 width=21) (actual time=10.583..25.359 rows=2 loops=1)
Nested Loop  (cost=0.00..6351.15 rows=1 width=21) (actual time=15.025..25.318 rows=2 loops=1)
Sort  (cost=6351.45..6351.46 rows=1 width=149) (actual time=34.390..34.393 rows=13 loops=1)
Sort  (cost=6351.45..6351.46 rows=1 width=149) (actual time=30.807..30.809 rows=1 loops=1)
Nested Loop  (cost=0.00..6351.15 rows=1 width=403) (actual time=10.299..24.798 rows=1 loops=1)
Sort  (cost=6351.45..6351.46 rows=1 width=149) (actual time=29.354..29.355 rows=4 loops=1)
Nested Loop  (cost=0.00..6351.56 rows=1 width=158) (actual time=4.812..25.477 rows=4 loops=1)
Sort  (cost=6351.45..6351.46 rows=1 width=149) (actual time=30.267..30.268 rows=1 loops=1)
Nested Loop  (cost=0.00..6351.15 rows=1 width=21) (actual time=1.563..24.177 rows=2 loops=1)
Sort  (cost=6351.45..6351.46 rows=1 width=149) (actual time=29.247..29.250 rows=1 loops=1)
Nested Loop  (cost=0.00..6351.15 rows=1 width=21) (actual time=27.292..33.268 rows=2 loops=1)
Sort  (cost=6351.45..6351.46 rows=1 width=149) (actual time=29.466..29.468 rows=2 loops=1)
Sort  (cost=6353.18..6353.18 rows=1 width=149) (actual time=30.622..30.623 rows=7 loops=1)
Nested Loop  (cost=0.00..6351.15 rows=1 width=21) (actual time=0.290..25.049 rows=3 loops=1)
Nested Loop  (cost=0.00..6351.38 rows=1 width=158) (actual time=10.911..25.347 rows=1 loops=1)
Sort  (cost=6353.23..6353.23 rows=1 width=149) (actual time=29.752..29.754 rows=5 loops=1)
Sort  (cost=6351.45..6351.46 rows=1 width=149) (actual time=29.831..29.832 rows=1 loops=1)
Sort  (cost=6351.45..6351.46 rows=1 width=149) (actual time=29.194..29.196 rows=2 loops=1)
Nested Loop  (cost=0.00..6351.56 rows=1 width=158) (actual time=4.902..24.574 rows=6 loops=1)
Nested Loop  (cost=0.00..6351.15 rows=1 width=21) (actual time=7.181..24.335 rows=2 loops=1)
Nested Loop  (cost=0.00..6351.15 rows=1 width=21) (actual time=19.655..24.606 rows=2 loops=1)
Nested Loop  (cost=0.00..6351.15 rows=1 width=158) (actual time=3.425..24.326 rows=1 loops=1)
Nested Loop  (cost=0.00..6353.26 rows=1 width=158) (actual time=2.078..26.269 rows=10 loops=1)
Sort  (cost=6351.45..6351.46 rows=1 width=149) (actual time=28.274..28.276 rows=1 loops=1)
Sort  (cost=6351.45..6351.46 rows=1 width=149) (actual time=29.005..29.008 rows=1 loops=1)
Nested Loop  (cost=0.00..6351.15 rows=1 width=21) (actual time=3.360..24.752 rows=2 loops=1)
Sort  (cost=6351.45..6351.46 rows=1 width=149) (actual time=29.558..29.560 rows=4 loops=1)
Nested Loop  (cost=0.00..6351.15 rows=1 width=21) (actual time=22.015..25.918 rows=2 loops=1)
Sort  (cost=6351.45..6351.46 rows=1 width=149) (actual time=30.120..30.122 rows=3 loops=1)
Nested Loop  (cost=0.00..6351.15 rows=1 width=21) (actual time=20.807..24.806 rows=2 loops=1)
Nested Loop  (cost=0.00..6351.15 rows=1 width=21) (actual time=13.894..24.212 rows=2 loops=1)
Nested Loop  (cost=0.00..6351.15 rows=1 width=21) (actual time=3.003..24.314 rows=2 loops=1)
Nested Loop  (cost=0.00..6351.15 rows=1 width=21) (actual time=2.244..24.369 rows=3 loops=1)
Nested Loop  (cost=0.00..6351.84 rows=1 width=21) (actual time=5.966..25.505 rows=7 loops=1)
Sort  (cost=6351.45..6351.46 rows=1 width=149) (actual time=29.214..29.216 rows=1 loops=1)
Nested Loop  (cost=0.00..6351.82 rows=1 width=21) (actual time=8.656..25.520 rows=3 loops=1)
Nested Loop  (cost=0.00..6351.15 rows=1 width=158) (actual time=17.596..24.996 rows=1 loops=1)
Nested Loop  (cost=0.00..6351.15 rows=1 width=158) (actual time=13.468..24.979 rows=1 loops=1)
Nested Loop  (cost=0.00..6351.15 rows=1 width=403) (actual time=13.320..24.877 rows=1 loops=1)
Nested Loop  (cost=0.00..6351.15 rows=1 width=158) (actual time=24.432..25.536 rows=1 loops=1)
Nested Loop  (cost=0.00..6352.84 rows=1 width=21) (actual time=3.117..25.618 rows=8 loops=1)
Nested Loop  (cost=0.00..6351.64 rows=1 width=21) (actual time=1.527..25.906 rows=5 loops=1)
Nested Loop  (cost=0.00..6351.15 rows=1 width=21) (actual time=0.793..24.307 rows=3 loops=1)
Sort  (cost=6351.45..6351.46 rows=1 width=149) (actual time=28.804..28.806 rows=1 loops=1)
Sort  (cost=6351.45..6351.46 rows=1 width=149) (actual time=38.465..38.467 rows=1 loops=1)
Nested Loop  (cost=0.00..6351.49 rows=1 width=158) (actual time=2.990..27.964 rows=1 loops=1)
Nested Loop  (cost=0.00..6351.15 rows=1 width=21) (actual time=7.609..31.849 rows=4 loops=1)
Sort  (cost=6351.45..6351.46 rows=1 width=149) (actual time=29.234..29.236 rows=1 loops=1)
Nested Loop  (cost=0.00..6351.15 rows=1 width=21) (actual time=4.769..24.577 rows=2 loops=1)
Sort  (cost=6351.45..6351.46 rows=1 width=149) (actual time=28.808..28.810 rows=1 loops=1)
Nested Loop  (cost=0.00..6351.15 rows=1 width=21) (actual time=5.886..24.613 rows=2 loops=1)
Nested Loop  (cost=0.00..6351.15 rows=1 width=21) (actual time=22.710..24.581 rows=2 loops=1)
Nested Loop  (cost=0.00..6351.15 rows=1 width=158) (actual time=0.097..25.022 rows=4 loops=1)
Nested Loop  (cost=0.00..6351.15 rows=1 width=21) (actual time=13.214..24.976 rows=2 loops=1)
Nested Loop  (cost=0.00..6351.47 rows=1 width=21) (actual time=22.726..24.785 rows=2 loops=1)
Sort  (cost=6351.45..6351.46 rows=1 width=149) (actual time=32.022..32.023 rows=2 loops=1)
Nested Loop  (cost=0.00..6351.15 rows=1 width=158) (actual time=13.132..24.318 rows=1 loops=1)
Nested Loop  (cost=0.00..6351.58 rows=1 width=158) (actual time=4.772..25.757 rows=5 loops=1)
Nested Loop  (cost=0.00..6351.58 rows=1 width=403) (actual time=4.359..25.487 rows=5 loops=1)
Sort  (cost=6351.45..6351.46 rows=1 width=149) (actual time=29.559..29.561 rows=3 loops=1)
Sort  (cost=6351.45..6351.46 rows=1 width=149) (actual time=35.411..35.413 rows=1 loops=1)
Nested Loop  (cost=0.00..6351.38 rows=1 width=21) (actual time=10.840..24.635 rows=2 loops=1)
Nested Loop  (cost=0.00..6351.15 rows=1 width=158) (actual time=19.067..24.102 rows=1 loops=1)
Nested Loop  (cost=0.00..6351.44 rows=1 width=21) (actual time=6.001..24.564 rows=4 loops=1)
Sort  (cost=6351.45..6351.46 rows=1 width=149) (actual time=29.067..29.069 rows=1 loops=1)
Sort  (cost=6351.45..6351.46 rows=1 width=149) (actual time=29.760..29.762 rows=4 loops=1)
Nested Loop  (cost=0.00..6351.15 rows=1 width=21) (actual time=17.783..24.657 rows=2 loops=1)
Nested Loop  (cost=0.00..6351.64 rows=1 width=21) (actual time=5.123..24.730 rows=5 loops=1)
Nested Loop  (cost=0.00..6351.15 rows=1 width=21) (actual time=7.522..24.607 rows=2 loops=1)
Nested Loop  (cost=0.00..6351.64 rows=1 width=158) (actual time=24.000..24.789 rows=1 loops=1)
Sort  (cost=6352.78..6352.78 rows=1 width=149) (actual time=30.637..30.640 rows=12 loops=1)
Nested Loop  (cost=0.00..6351.84 rows=1 width=21) (actual time=5.290..25.436 rows=4 loops=1)
Nested Loop  (cost=0.00..6351.15 rows=1 width=21) (actual time=6.242..25.194 rows=2 loops=1)
Sort  (cost=6351.45..6351.46 rows=1 width=149) (actual time=40.246..40.248 rows=2 loops=1)
Nested Loop  (cost=0.00..6351.15 rows=1 width=21) (actual time=4.296..24.377 rows=2 loops=1)
Nested Loop  (cost=0.00..6351.44 rows=1 width=21) (actual time=6.649..25.140 rows=4 loops=1)
Nested Loop  (cost=0.00..6351.15 rows=1 width=21) (actual time=6.350..25.879 rows=2 loops=1)
Nested Loop  (cost=0.00..6351.76 rows=1 width=21) (actual time=13.686..26.088 rows=4 loops=1)
Nested Loop  (cost=0.00..6351.15 rows=1 width=21) (actual time=0.153..25.054 rows=2 loops=1)
Nested Loop  (cost=0.00..6351.15 rows=1 width=21) (actual time=4.708..25.186 rows=2 loops=1)
Nested Loop  (cost=0.00..6351.15 rows=1 width=158) (actual time=0.190..25.070 rows=1 loops=1)
Nested Loop  (cost=0.00..6352.84 rows=1 width=158) (actual time=2.561..26.177 rows=9 loops=1)
Nested Loop  (cost=0.00..6353.26 rows=1 width=21) (actual time=2.071..26.651 rows=8 loops=1)
Nested Loop  (cost=0.00..6351.15 rows=1 width=158) (actual time=6.420..24.738 rows=1 loops=1)
Nested Loop  (cost=0.00..6351.40 rows=1 width=21) (actual time=18.958..24.179 rows=2 loops=1)
Nested Loop  (cost=0.00..6351.15 rows=1 width=21) (actual time=18.755..24.431 rows=2 loops=1)
Nested Loop  (cost=0.00..6352.64 rows=1 width=21) (actual time=2.918..25.663 rows=8 loops=1)
Nested Loop  (cost=0.00..6351.90 rows=1 width=21) (actual time=1.338..25.635 rows=3 loops=1)
Sort  (cost=6351.45..6351.46 rows=1 width=149) (actual time=29.286..29.288 rows=3 loops=1)
Sort  (cost=6351.45..6351.46 rows=1 width=149) (actual time=29.434..29.437 rows=3 loops=1)
Nested Loop  (cost=0.00..6352.64 rows=1 width=21) (actual time=1.514..25.583 rows=8 loops=1)
Nested Loop  (cost=0.00..6351.15 rows=1 width=21) (actual time=20.355..24.568 rows=2 loops=1)
Sort  (cost=6351.45..6351.46 rows=1 width=149) (actual time=28.628..28.629 rows=1 loops=1)
Nested Loop  (cost=0.00..6351.76 rows=1 width=21) (actual time=13.584..25.191 rows=3 loops=1)
Sort  (cost=6351.45..6351.46 rows=1 width=149) (actual time=29.971..29.973 rows=8 loops=1)
Nested Loop  (cost=0.00..6351.15 rows=1 width=21) (actual time=12.838..24.550 rows=2 loops=1)
Nested Loop  (cost=0.00..6351.15 rows=1 width=21) (actual time=3.439..32.790 rows=2 loops=1)
Nested Loop  (cost=0.00..6351.15 rows=1 width=21) (actual time=3.921..26.180 rows=3 loops=1)
Sort  (cost=6351.45..6351.46 rows=1 width=149) (actual time=28.889..28.891 rows=1 loops=1)
Sort  (cost=6351.45..6351.46 rows=1 width=149) (actual time=29.450..29.451 rows=1 loops=1)
Nested Loop  (cost=0.00..6353.26 rows=1 width=21) (actual time=1.701..26.489 rows=9 loops=1)
Sort  (cost=6351.45..6351.46 rows=1 width=149) (actual time=29.704..29.705 rows=6 loops=1)
Sort  (cost=6351.45..6351.46 rows=1 width=149) (actual time=30.440..30.442 rows=1 loops=1)
Nested Loop  (cost=0.00..6351.15 rows=1 width=21) (actual time=2.599..25.338 rows=2 loops=1)
Nested Loop  (cost=0.00..6351.15 rows=1 width=21) (actual time=16.515..25.048 rows=2 loops=1)
Sort  (cost=6351.45..6351.46 rows=1 width=149) (actual time=37.008..37.010 rows=1 loops=1)
Sort  (cost=6352.85..6352.86 rows=1 width=149) (actual time=30.241..30.243 rows=8 loops=1)
Nested Loop  (cost=0.00..6351.15 rows=1 width=158) (actual time=10.886..24.824 rows=1 loops=1)
Nested Loop  (cost=0.00..6351.40 rows=1 width=158) (actual time=8.304..25.730 rows=1 loops=1)
Nested Loop  (cost=0.00..6351.15 rows=1 width=158) (actual time=8.138..24.869 rows=1 loops=1)
Nested Loop  (cost=0.00..6351.15 rows=1 width=403) (actual time=8.217..24.949 rows=1 loops=1)
Nested Loop  (cost=0.00..6352.84 rows=1 width=21) (actual time=8.156..26.788 rows=12 loops=1)
Nested Loop  (cost=0.00..6351.15 rows=1 width=21) (actual time=20.782..25.004 rows=3 loops=1)
Nested Loop  (cost=0.00..6351.69 rows=1 width=21) (actual time=11.720..25.225 rows=2 loops=1)
Nested Loop  (cost=0.00..6351.15 rows=1 width=21) (actual time=3.149..25.096 rows=3 loops=1)
Sort  (cost=6351.45..6351.46 rows=1 width=149) (actual time=28.757..28.759 rows=2 loops=1)
Nested Loop  (cost=0.00..6351.56 rows=1 width=21) (actual time=9.308..25.229 rows=5 loops=1)
Nested Loop  (cost=0.00..6351.15 rows=1 width=158) (actual time=7.683..24.908 rows=2 loops=1)
Sort  (cost=6351.45..6351.46 rows=1 width=149) (actual time=30.003..30.005 rows=1 loops=1)
Sort  (cost=6351.45..6351.46 rows=1 width=149) (actual time=31.580..31.583 rows=12 loops=1)
Nested Loop  (cost=0.00..6351.15 rows=1 width=403) (actual time=10.919..24.927 rows=1 loops=1)
Sort  (cost=6351.45..6351.46 rows=1 width=149) (actual time=37.665..37.666 rows=3 loops=1)
Nested Loop  (cost=0.00..6351.53 rows=1 width=21) (actual time=15.950..25.187 rows=3 loops=1)
Sort  (cost=6351.45..6351.46 rows=1 width=149) (actual time=29.183..29.184 rows=1 loops=1)
Nested Loop  (cost=0.00..6351.76 rows=1 width=21) (actual time=7.128..25.495 rows=6 loops=1)
Sort  (cost=6351.45..6351.46 rows=1 width=149) (actual time=29.178..29.179 rows=1 loops=1)
Nested Loop  (cost=0.00..6351.15 rows=1 width=403) (actual time=14.705..25.062 rows=1 loops=1)
Nested Loop  (cost=0.00..6351.15 rows=1 width=158) (actual time=8.096..25.152 rows=1 loops=1)
Nested Loop  (cost=0.00..6351.15 rows=1 width=158) (actual time=11.661..24.409 rows=1 loops=1)
Sort  (cost=6351.45..6351.46 rows=1 width=149) (actual time=28.305..28.306 rows=1 loops=1)
Sort  (cost=6351.45..6351.46 rows=1 width=149) (actual time=40.072..40.073 rows=2 loops=1)
Nested Loop  (cost=0.00..6351.15 rows=1 width=403) (actual time=5.762..24.231 rows=2 loops=1)
Sort  (cost=6355.72..6355.73 rows=1 width=149) (actual time=29.050..29.053 rows=24 loops=1)
Nested Loop  (cost=0.00..6351.15 rows=1 width=158) (actual time=15.062..24.827 rows=1 loops=1)
Sort  (cost=6351.45..6351.46 rows=1 width=149) (actual time=28.941..28.943 rows=2 loops=1)
Nested Loop  (cost=0.00..6351.15 rows=1 width=158) (actual time=23.499..24.840 rows=1 loops=1)
Nested Loop  (cost=0.00..6351.15 rows=1 width=21) (actual time=14.161..24.886 rows=2 loops=1)
Nested Loop  (cost=0.00..6351.69 rows=1 width=21) (actual time=8.785..25.467 rows=3 loops=1)
Sort  (cost=6351.45..6351.46 rows=1 width=149) (actual time=28.361..28.363 rows=1 loops=1)
Sort  (cost=6351.45..6351.46 rows=1 width=149) (actual time=31.423..31.424 rows=6 loops=1)
Nested Loop  (cost=0.00..6351.82 rows=1 width=158) (actual time=2.275..24.725 rows=4 loops=1)
Sort  (cost=6351.45..6351.46 rows=1 width=149) (actual time=29.123..29.125 rows=1 loops=1)
Sort  (cost=6351.45..6351.46 rows=1 width=149) (actual time=28.935..28.937 rows=2 loops=1)
Sort  (cost=6351.45..6351.46 rows=1 width=149) (actual time=29.600..29.601 rows=2 loops=1)
Nested Loop  (cost=0.00..6351.15 rows=1 width=21) (actual time=12.911..28.163 rows=2 loops=1)
Nested Loop  (cost=0.00..6351.15 rows=1 width=21) (actual time=22.578..25.044 rows=2 loops=1)
Nested Loop  (cost=0.00..6353.26 rows=1 width=158) (actual time=2.002..26.400 rows=7 loops=1)
Nested Loop  (cost=0.00..6351.15 rows=1 width=21) (actual time=12.128..24.927 rows=2 loops=1)
Nested Loop  (cost=0.00..6351.15 rows=1 width=21) (actual time=18.876..24.945 rows=2 loops=1)
Sort  (cost=6351.45..6351.46 rows=1 width=149) (actual time=28.612..28.614 rows=1 loops=1)
Sort  (cost=6351.45..6351.46 rows=1 width=149) (actual time=28.409..28.411 rows=1 loops=1)
Nested Loop  (cost=0.00..6352.64 rows=1 width=158) (actual time=1.820..25.346 rows=8 loops=1)
Nested Loop  (cost=0.00..6351.15 rows=1 width=21) (actual time=3.606..24.622 rows=2 loops=1)
Nested Loop  (cost=0.00..6351.15 rows=1 width=158) (actual time=2.126..24.298 rows=1 loops=1)
Sort  (cost=6351.45..6351.46 rows=1 width=149) (actual time=29.588..29.590 rows=3 loops=1)
Sort  (cost=6352.83..6352.83 rows=1 width=149) (actual time=30.684..30.686 rows=6 loops=1)
Nested Loop  (cost=0.00..6353.26 rows=1 width=21) (actual time=4.316..26.313 rows=8 loops=1)
Nested Loop  (cost=0.00..6351.15 rows=1 width=21) (actual time=5.196..24.916 rows=4 loops=1)
Nested Loop  (cost=0.00..6351.15 rows=1 width=21) (actual time=8.287..24.806 rows=3 loops=1)
Nested Loop  (cost=0.00..6351.67 rows=1 width=21) (actual time=7.578..29.363 rows=2 loops=1)
Nested Loop  (cost=0.00..6351.78 rows=1 width=21) (actual time=7.976..24.939 rows=3 loops=1)
Nested Loop  (cost=0.00..6351.15 rows=1 width=158) (actual time=3.523..24.759 rows=1 loops=1)
Nested Loop  (cost=0.00..6351.15 rows=1 width=21) (actual time=3.733..24.830 rows=2 loops=1)
Sort  (cost=6351.45..6351.46 rows=1 width=149) (actual time=30.026..30.028 rows=3 loops=1)
Nested Loop  (cost=0.00..6351.44 rows=1 width=21) (actual time=11.828..25.127 rows=3 loops=1)
Nested Loop  (cost=0.00..6351.76 rows=1 width=21) (actual time=8.445..26.753 rows=2 loops=1)
Nested Loop  (cost=0.00..6351.44 rows=1 width=21) (actual time=12.512..24.677 rows=3 loops=1)
Nested Loop  (cost=0.00..6351.15 rows=1 width=21) (actual time=12.296..27.328 rows=2 loops=1)
Nested Loop  (cost=0.00..6351.15 rows=1 width=158) (actual time=22.107..24.699 rows=1 loops=1)
Nested Loop  (cost=0.00..6351.15 rows=1 width=21) (actual time=5.068..24.881 rows=2 loops=1)
Nested Loop  (cost=0.00..6351.15 rows=1 width=21) (actual time=4.011..24.537 rows=2 loops=1)
Nested Loop  (cost=0.00..6351.15 rows=1 width=21) (actual time=0.518..24.559 rows=2 loops=1)
Nested Loop  (cost=0.00..6351.15 rows=1 width=21) (actual time=11.993..26.061 rows=2 loops=1)
Nested Loop  (cost=0.00..6351.15 rows=1 width=21) (actual time=0.600..31.977 rows=2 loops=1)
Nested Loop  (cost=0.00..6351.15 rows=1 width=158) (actual time=5.683..31.591 rows=2 loops=1)
Nested Loop  (cost=0.00..6353.26 rows=1 width=158) (actual time=2.086..33.693 rows=10 loops=1)
Sort  (cost=6351.45..6351.46 rows=1 width=149) (actual time=32.595..32.597 rows=1 loops=1)
Sort  (cost=6351.45..6351.46 rows=1 width=149) (actual time=28.456..28.458 rows=2 loops=1)
Nested Loop  (cost=0.00..6351.38 rows=1 width=21) (actual time=2.177..25.005 rows=2 loops=1)
Nested Loop  (cost=0.00..6351.15 rows=1 width=21) (actual time=4.946..24.738 rows=2 loops=1)
Nested Loop  (cost=0.00..6351.44 rows=1 width=158) (actual time=16.256..25.806 rows=1 loops=1)
Nested Loop  (cost=0.00..6351.67 rows=1 width=21) (actual time=2.495..24.925 rows=2 loops=1)
Nested Loop  (cost=0.00..6351.53 rows=1 width=21) (actual time=3.597..24.912 rows=3 loops=1)
Nested Loop  (cost=0.00..6351.15 rows=1 width=21) (actual time=3.127..24.434 rows=2 loops=1)
Nested Loop  (cost=0.00..6351.35 rows=1 width=158) (actual time=13.878..24.990 rows=2 loops=1)
Nested Loop  (cost=0.00..6351.15 rows=1 width=21) (actual time=10.194..25.613 rows=2 loops=1)
Sort  (cost=6355.92..6355.93 rows=1 width=149) (actual time=29.651..29.653 rows=19 loops=1)
Nested Loop  (cost=0.00..6351.76 rows=1 width=21) (actual time=4.423..25.792 rows=4 loops=1)
Nested Loop  (cost=0.00..6351.15 rows=1 width=158) (actual time=18.786..24.917 rows=1 loops=1)
Nested Loop  (cost=0.00..6351.15 rows=1 width=21) (actual time=9.095..25.058 rows=2 loops=1)
Sort  (cost=6351.45..6351.46 rows=1 width=149) (actual time=29.016..29.018 rows=1 loops=1)
Nested Loop  (cost=0.00..6351.15 rows=1 width=403) (actual time=9.388..24.924 rows=1 loops=1)
Nested Loop  (cost=0.00..6351.15 rows=1 width=21) (actual time=16.145..25.035 rows=2 loops=1)
Nested Loop  (cost=0.00..6351.15 rows=1 width=21) (actual time=8.731..24.738 rows=2 loops=1)
Nested Loop  (cost=0.00..6351.69 rows=1 width=21) (actual time=11.573..34.692 rows=2 loops=1)
Sort  (cost=6352.89..6352.90 rows=1 width=149) (actual time=30.671..30.673 rows=6 loops=1)
Nested Loop  (cost=0.00..6351.15 rows=1 width=21) (actual time=3.455..24.321 rows=3 loops=1)
Sort  (cost=6351.45..6351.46 rows=1 width=149) (actual time=28.821..28.823 rows=1 loops=1)
Nested Loop  (cost=0.00..6351.35 rows=1 width=21) (actual time=6.503..24.500 rows=3 loops=1)
Nested Loop  (cost=0.00..6351.47 rows=1 width=21) (actual time=6.561..24.429 rows=1 loops=1)
Nested Loop  (cost=0.00..6351.53 rows=1 width=158) (actual time=12.074..25.142 rows=3 loops=1)
Nested Loop  (cost=0.00..6351.15 rows=1 width=158) (actual time=24.510..25.020 rows=1 loops=1)
Nested Loop  (cost=0.00..6352.07 rows=1 width=158) (actual time=7.179..25.494 rows=3 loops=1)
Nested Loop  (cost=0.00..6352.07 rows=1 width=403) (actual time=6.945..24.718 rows=3 loops=1)
Nested Loop  (cost=0.00..6351.15 rows=1 width=21) (actual time=15.476..24.334 rows=2 loops=1)
Sort  (cost=6351.45..6351.46 rows=1 width=149) (actual time=28.002..28.004 rows=1 loops=1)
Nested Loop  (cost=0.00..6351.15 rows=1 width=21) (actual time=2.863..25.834 rows=4 loops=1)
Sort  (cost=6351.45..6351.46 rows=1 width=149) (actual time=29.312..29.313 rows=1 loops=1)
Nested Loop  (cost=0.00..6351.15 rows=1 width=21) (actual time=5.226..25.061 rows=2 loops=1)
Sort  (cost=6351.45..6351.46 rows=1 width=149) (actual time=29.005..29.007 rows=2 loops=1)
Nested Loop  (cost=0.00..6351.15 rows=1 width=21) (actual time=21.868..25.380 rows=2 loops=1)
Nested Loop  (cost=0.00..6351.40 rows=1 width=158) (actual time=6.502..25.214 rows=1 loops=1)
Nested Loop  (cost=0.00..6351.15 rows=1 width=158) (actual time=10.265..25.051 rows=1 loops=1)
Nested Loop  (cost=0.00..6351.15 rows=1 width=158) (actual time=1.466..24.717 rows=1 loops=1)
Nested Loop  (cost=0.00..6351.38 rows=1 width=21) (actual time=19.189..25.149 rows=2 loops=1)
Nested Loop  (cost=0.00..6351.47 rows=1 width=21) (actual time=4.840..25.820 rows=3 loops=1)
Nested Loop  (cost=0.00..6351.53 rows=1 width=21) (actual time=2.597..25.161 rows=3 loops=1)
Nested Loop  (cost=0.00..6351.15 rows=1 width=21) (actual time=10.843..24.152 rows=2 loops=1)
Nested Loop  (cost=0.00..6351.15 rows=1 width=21) (actual time=1.833..39.134 rows=2 loops=1)
Sort  (cost=6351.45..6351.46 rows=1 width=149) (actual time=39.169..39.170 rows=3 loops=1)
Nested Loop  (cost=0.00..6351.47 rows=1 width=21) (actual time=2.002..25.277 rows=4 loops=1)
Nested Loop  (cost=0.00..6351.15 rows=1 width=158) (actual time=0.104..26.776 rows=1 loops=1)
Sort  (cost=6356.01..6356.02 rows=1 width=149) (actual time=30.488..30.491 rows=12 loops=1)
Nested Loop  (cost=0.00..6351.47 rows=1 width=21) (actual time=2.363..24.631 rows=4 loops=1)
Sort  (cost=6351.45..6351.46 rows=1 width=149) (actual time=28.987..28.989 rows=1 loops=1)
Nested Loop  (cost=0.00..6351.84 rows=1 width=21) (actual time=1.409..25.186 rows=2 loops=1)
Sort  (cost=6351.45..6351.46 rows=1 width=149) (actual time=29.525..29.527 rows=1 loops=1)
Nested Loop  (cost=0.00..6351.15 rows=1 width=21) (actual time=0.087..25.593 rows=3 loops=1)
Nested Loop  (cost=0.00..6351.15 rows=1 width=158) (actual time=15.805..24.737 rows=1 loops=1)
Nested Loop  (cost=0.00..6351.15 rows=1 width=21) (actual time=10.370..25.424 rows=2 loops=1)
Nested Loop  (cost=0.00..6351.15 rows=1 width=21) (actual time=1.496..24.823 rows=2 loops=1)
Nested Loop  (cost=0.00..6351.15 rows=1 width=21) (actual time=13.713..24.715 rows=2 loops=1)
Sort  (cost=6351.45..6351.46 rows=1 width=149) (actual time=31.859..31.860 rows=1 loops=1)
Nested Loop  (cost=0.00..6351.15 rows=1 width=21) (actual time=22.148..25.031 rows=2 loops=1)
Sort  (cost=6351.45..6351.46 rows=1 width=149) (actual time=29.243..29.245 rows=1 loops=1)
Nested Loop  (cost=0.00..6351.15 rows=1 width=21) (actual time=5.284..33.552 rows=3 loops=1)
Nested Loop  (cost=0.00..6353.26 rows=1 width=158) (actual time=2.010..26.549 rows=7 loops=1)
Nested Loop  (cost=0.00..6352.07 rows=1 width=158) (actual time=5.502..25.884 rows=2 loops=1)
Nested Loop  (cost=0.00..6351.15 rows=1 width=21) (actual time=8.712..25.075 rows=2 loops=1)
Nested Loop  (cost=0.00..6351.15 rows=1 width=21) (actual time=21.913..24.737 rows=2 loops=1)
Nested Loop  (cost=0.00..6351.15 rows=1 width=21) (actual time=16.587..24.039 rows=2 loops=1)
Sort  (cost=6351.45..6351.46 rows=1 width=149) (actual time=29.602..29.604 rows=2 loops=1)
Sort  (cost=6351.45..6351.46 rows=1 width=149) (actual time=33.525..33.528 rows=6 loops=1)
Nested Loop  (cost=0.00..6351.76 rows=1 width=21) (actual time=5.163..24.793 rows=3 loops=1)
Nested Loop  (cost=0.00..6351.40 rows=1 width=158) (actual time=1.864..25.232 rows=2 loops=1)
Nested Loop  (cost=0.00..6351.84 rows=1 width=158) (actual time=3.034..25.128 rows=5 loops=1)
Sort  (cost=6351.45..6351.46 rows=1 width=149) (actual time=29.960..29.962 rows=5 loops=1)
Sort  (cost=6351.45..6351.46 rows=1 width=149) (actual time=28.950..28.952 rows=1 loops=1)
Sort  (cost=6351.45..6351.46 rows=1 width=149) (actual time=28.940..28.941 rows=1 loops=1)
Nested Loop  (cost=0.00..6351.44 rows=1 width=21) (actual time=2.989..24.989 rows=3 loops=1)
Sort  (cost=6355.75..6355.75 rows=1 width=149) (actual time=30.130..30.132 rows=16 loops=1)
Nested Loop  (cost=0.00..6352.84 rows=1 width=158) (actual time=5.295..27.952 rows=6 loops=1)
Sort  (cost=6351.45..6351.46 rows=1 width=149) (actual time=29.647..29.649 rows=2 loops=1)
Sort  (cost=6351.45..6351.46 rows=1 width=149) (actual time=29.400..29.402 rows=3 loops=1)
Sort  (cost=6351.45..6351.46 rows=1 width=149) (actual time=29.071..29.072 rows=1 loops=1)
Nested Loop  (cost=0.00..6352.84 rows=1 width=21) (actual time=7.726..26.098 rows=12 loops=1)
Nested Loop  (cost=0.00..6351.15 rows=1 width=21) (actual time=10.808..25.384 rows=2 loops=1)
Nested Loop  (cost=0.00..6352.07 rows=1 width=158) (actual time=14.831..25.706 rows=3 loops=1)
Nested Loop  (cost=0.00..6352.07 rows=1 width=158) (actual time=6.556..25.587 rows=2 loops=1)
Sort  (cost=6351.45..6351.46 rows=1 width=149) (actual time=30.153..30.155 rows=4 loops=1)
Nested Loop  (cost=0.00..6351.15 rows=1 width=21) (actual time=12.119..25.089 rows=2 loops=1)
Sort  (cost=6351.45..6351.46 rows=1 width=149) (actual time=28.746..28.748 rows=1 loops=1)
Nested Loop  (cost=0.00..6351.15 rows=1 width=21) (actual time=5.420..24.284 rows=3 loops=1)
Nested Loop  (cost=0.00..6351.49 rows=1 width=21) (actual time=20.476..24.826 rows=2 loops=1)
Nested Loop  (cost=0.00..6351.15 rows=1 width=158) (actual time=13.280..24.933 rows=1 loops=1)
Sort  (cost=6351.45..6351.46 rows=1 width=149) (actual time=34.025..34.027 rows=2 loops=1)
Nested Loop  (cost=0.00..6351.15 rows=1 width=158) (actual time=20.420..27.191 rows=2 loops=1)
Nested Loop  (cost=0.00..6351.15 rows=1 width=403) (actual time=19.201..24.549 rows=2 loops=1)
Nested Loop  (cost=0.00..6351.82 rows=1 width=21) (actual time=8.426..25.394 rows=3 loops=1)
Sort  (cost=6351.45..6351.46 rows=1 width=149) (actual time=33.377..33.379 rows=10 loops=1)
Nested Loop  (cost=0.00..6351.15 rows=1 width=21) (actual time=21.235..28.330 rows=2 loops=1)
Nested Loop  (cost=0.00..6351.15 rows=1 width=21) (actual time=10.851..24.759 rows=2 loops=1)
Sort  (cost=6351.45..6351.46 rows=1 width=149) (actual time=28.699..28.700 rows=1 loops=1)
Sort  (cost=6351.45..6351.46 rows=1 width=149) (actual time=29.063..29.065 rows=1 loops=1)
Nested Loop  (cost=0.00..6351.82 rows=1 width=21) (actual time=5.170..25.954 rows=5 loops=1)
Nested Loop  (cost=0.00..6351.58 rows=1 width=158) (actual time=12.360..26.083 rows=2 loops=1)
Sort  (cost=6351.45..6351.46 rows=1 width=149) (actual time=28.025..28.028 rows=2 loops=1)
Nested Loop  (cost=0.00..6351.15 rows=1 width=21) (actual time=4.695..24.472 rows=3 loops=1)
Nested Loop  (cost=0.00..6351.76 rows=1 width=21) (actual time=6.097..25.139 rows=4 loops=1)
Nested Loop  (cost=0.00..6351.15 rows=1 width=21) (actual time=15.288..25.061 rows=2 loops=1)
Sort  (cost=6351.45..6351.46 rows=1 width=149) (actual time=29.964..29.966 rows=4 loops=1)
Nested Loop  (cost=0.00..6351.15 rows=1 width=21) (actual time=16.206..24.811 rows=2 loops=1)
Nested Loop  (cost=0.00..6351.15 rows=1 width=21) (actual time=11.070..27.719 rows=3 loops=1)
Sort  (cost=6351.45..6351.46 rows=1 width=149) (actual time=29.011..29.013 rows=1 loops=1)
Nested Loop  (cost=0.00..6351.15 rows=1 width=21) (actual time=4.663..24.361 rows=2 loops=1)
Sort  (cost=6351.45..6351.46 rows=1 width=149) (actual time=28.510..28.511 rows=1 loops=1)
Nested Loop  (cost=0.00..6351.15 rows=1 width=403) (actual time=10.382..24.303 rows=1 loops=1)
Nested Loop  (cost=0.00..6351.15 rows=1 width=21) (actual time=12.425..24.639 rows=2 loops=1)
Nested Loop  (cost=0.00..6351.69 rows=1 width=21) (actual time=8.883..25.489 rows=3 loops=1)
Nested Loop  (cost=0.00..6351.15 rows=1 width=158) (actual time=18.695..24.223 rows=1 loops=1)
Nested Loop  (cost=0.00..6351.44 rows=1 width=158) (actual time=5.664..36.252 rows=2 loops=1)
Nested Loop  (cost=0.00..6351.58 rows=1 width=158) (actual time=7.442..25.370 rows=4 loops=1)
Sort  (cost=6351.45..6351.46 rows=1 width=149) (actual time=29.788..29.790 rows=3 loops=1)
Sort  (cost=6352.85..6352.86 rows=1 width=149) (actual time=29.787..29.789 rows=12 loops=1)
Nested Loop  (cost=0.00..6351.53 rows=1 width=403) (actual time=3.800..25.345 rows=3 loops=1)
Nested Loop  (cost=0.00..6351.15 rows=1 width=21) (actual time=17.700..25.175 rows=3 loops=1)
Nested Loop  (cost=0.00..6351.15 rows=1 width=21) (actual time=3.202..25.007 rows=3 loops=1)
Sort  (cost=6355.57..6355.58 rows=1 width=149) (actual time=29.388..29.390 rows=16 loops=1)
Nested Loop  (cost=0.00..6353.26 rows=1 width=21) (actual time=1.370..26.125 rows=6 loops=1)
Nested Loop  (cost=0.00..6351.15 rows=1 width=158) (actual time=11.347..25.193 rows=1 loops=1)
Nested Loop  (cost=0.00..6351.40 rows=1 width=21) (actual time=12.173..25.655 rows=3 loops=1)
Nested Loop  (cost=0.00..6351.15 rows=1 width=21) (actual time=3.416..25.087 rows=2 loops=1)
Sort  (cost=6351.45..6351.46 rows=1 width=149) (actual time=29.151..29.154 rows=1 loops=1)
Nested Loop  (cost=0.00..6351.84 rows=1 width=21) (actual time=8.741..25.303 rows=3 loops=1)
Nested Loop  (cost=0.00..6351.15 rows=1 width=158) (actual time=5.545..25.764 rows=1 loops=1)
Nested Loop  (cost=0.00..6351.15 rows=1 width=21) (actual time=8.487..24.522 rows=2 loops=1)
Sort  (cost=6351.45..6351.46 rows=1 width=149) (actual time=29.165..29.167 rows=2 loops=1)
Nested Loop  (cost=0.00..6351.15 rows=1 width=21) (actual time=3.888..24.374 rows=2 loops=1)
Nested Loop  (cost=0.00..6351.15 rows=1 width=21) (actual time=19.780..24.383 rows=2 loops=1)
Nested Loop  (cost=0.00..6351.78 rows=1 width=21) (actual time=3.824..25.025 rows=4 loops=1)
Sort  (cost=6351.45..6351.46 rows=1 width=149) (actual time=29.507..29.509 rows=2 loops=1)
Nested Loop  (cost=0.00..6351.15 rows=1 width=21) (actual time=1.554..24.606 rows=3 loops=1)
Sort  (cost=6351.45..6351.46 rows=1 width=149) (actual time=29.065..29.067 rows=2 loops=1)
Nested Loop  (cost=0.00..6351.35 rows=1 width=21) (actual time=2.847..24.434 rows=5 loops=1)
Nested Loop  (cost=0.00..6352.84 rows=1 width=21) (actual time=5.958..26.167 rows=11 loops=1)
Sort  (cost=6351.45..6351.46 rows=1 width=149) (actual time=30.330..30.332 rows=1 loops=1)
Nested Loop  (cost=0.00..6352.64 rows=1 width=21) (actual time=4.378..25.848 rows=9 loops=1)
Sort  (cost=6351.45..6351.46 rows=1 width=149) (actual time=29.634..29.636 rows=5 loops=1)
Nested Loop  (cost=0.00..6351.15 rows=1 width=158) (actual time=2.050..24.905 rows=1 loops=1)
Nested Loop  (cost=0.00..6351.15 rows=1 width=403) (actual time=2.004..24.901 rows=1 loops=1)
Sort  (cost=6351.45..6351.46 rows=1 width=149) (actual time=29.194..29.195 rows=1 loops=1)
Nested Loop  (cost=0.00..6351.15 rows=1 width=21) (actual time=15.025..24.928 rows=2 loops=1)
Nested Loop  (cost=0.00..6351.15 rows=1 width=21) (actual time=12.814..24.880 rows=2 loops=1)
Sort  (cost=6351.45..6351.46 rows=1 width=149) (actual time=29.146..29.148 rows=1 loops=1)
Sort  (cost=6351.45..6351.46 rows=1 width=149) (actual time=29.856..29.858 rows=1 loops=1)
Nested Loop  (cost=0.00..6351.73 rows=1 width=21) (actual time=2.282..25.359 rows=5 loops=1)
Sort  (cost=6351.45..6351.46 rows=1 width=149) (actual time=43.965..43.967 rows=2 loops=1)
Nested Loop  (cost=0.00..6351.15 rows=1 width=21) (actual time=5.235..24.175 rows=3 loops=1)
Nested Loop  (cost=0.00..6351.38 rows=1 width=21) (actual time=4.228..28.614 rows=2 loops=1)
Nested Loop  (cost=0.00..6351.15 rows=1 width=21) (actual time=9.985..25.930 rows=2 loops=1)
Nested Loop  (cost=0.00..6351.15 rows=1 width=21) (actual time=7.596..29.058 rows=3 loops=1)
Nested Loop  (cost=0.00..6351.15 rows=1 width=158) (actual time=19.532..25.484 rows=1 loops=1)
Nested Loop  (cost=0.00..6351.15 rows=1 width=21) (actual time=1.651..25.232 rows=3 loops=1)
Nested Loop  (cost=0.00..6351.35 rows=1 width=158) (actual time=12.395..26.250 rows=2 loops=1)
Sort  (cost=6351.45..6351.46 rows=1 width=149) (actual time=29.802..29.804 rows=1 loops=1)
Sort  (cost=6351.45..6351.46 rows=1 width=149) (actual time=29.128..29.130 rows=1 loops=1)
Nested Loop  (cost=0.00..6351.69 rows=1 width=21) (actual time=7.737..25.183 rows=4 loops=1)
Nested Loop  (cost=0.00..6351.15 rows=1 width=21) (actual time=2.638..24.537 rows=2 loops=1)
Nested Loop  (cost=0.00..6351.44 rows=1 width=21) (actual time=3.155..25.056 rows=3 loops=1)
Sort  (cost=6355.75..6355.75 rows=1 width=149) (actual time=29.289..29.292 rows=17 loops=1)
Nested Loop  (cost=0.00..6351.15 rows=1 width=21) (actual time=14.449..24.604 rows=3 loops=1)
Nested Loop  (cost=0.00..6351.15 rows=1 width=158) (actual time=13.315..25.810 rows=3 loops=1)
Nested Loop  (cost=0.00..6351.15 rows=1 width=21) (actual time=10.734..24.709 rows=2 loops=1)
Nested Loop  (cost=0.00..6351.15 rows=1 width=21) (actual time=10.661..24.809 rows=2 loops=1)
Nested Loop  (cost=0.00..6351.15 rows=1 width=21) (actual time=21.660..33.830 rows=2 loops=1)
Nested Loop  (cost=0.00..6351.15 rows=1 width=158) (actual time=1.884..25.090 rows=1 loops=1)
Nested Loop  (cost=0.00..6351.15 rows=1 width=158) (actual time=19.615..25.314 rows=1 loops=1)
Nested Loop  (cost=0.00..6351.69 rows=1 width=21) (actual time=16.331..25.376 rows=3 loops=1)
Sort  (cost=6351.45..6351.46 rows=1 width=149) (actual time=28.436..28.437 rows=2 loops=1)
Nested Loop  (cost=0.00..6351.15 rows=1 width=403) (actual time=0.172..24.623 rows=1 loops=1)
Sort  (cost=6351.45..6351.46 rows=1 width=149) (actual time=29.764..29.766 rows=2 loops=1)
Sort  (cost=6351.45..6351.46 rows=1 width=149) (actual time=29.114..29.116 rows=1 loops=1)
Nested Loop  (cost=0.00..6351.15 rows=1 width=21) (actual time=13.391..24.291 rows=2 loops=1)
Nested Loop  (cost=0.00..6352.07 rows=1 width=21) (actual time=6.811..40.405 rows=5 loops=1)
Nested Loop  (cost=0.00..6353.26 rows=1 width=21) (actual time=1.942..25.639 rows=7 loops=1)
Sort  (cost=6351.45..6351.46 rows=1 width=149) (actual time=29.561..29.562 rows=1 loops=1)
Sort  (cost=6366.89..6366.89 rows=1 width=149) (actual time=29.923..29.928 rows=64 loops=1)
Nested Loop  (cost=0.00..6351.47 rows=1 width=158) (actual time=2.918..25.055 rows=1 loops=1)
Nested Loop  (cost=0.00..6351.15 rows=1 width=158) (actual time=2.054..24.840 rows=2 loops=1)
Nested Loop  (cost=0.00..6351.15 rows=1 width=21) (actual time=5.528..25.979 rows=4 loops=1)
Nested Loop  (cost=0.00..6351.73 rows=1 width=21) (actual time=4.819..25.564 rows=9 loops=1)
Nested Loop  (cost=0.00..6351.76 rows=1 width=21) (actual time=0.099..25.378 rows=3 loops=1)
Sort  (cost=6351.45..6351.46 rows=1 width=149) (actual time=29.259..29.260 rows=2 loops=1)
Sort  (cost=6351.45..6351.46 rows=1 width=149) (actual time=28.802..28.804 rows=1 loops=1)
Nested Loop  (cost=0.00..6352.84 rows=1 width=21) (actual time=1.788..26.254 rows=9 loops=1)
Nested Loop  (cost=0.00..6351.15 rows=1 width=21) (actual time=15.540..24.891 rows=2 loops=1)
Sort  (cost=6352.89..6352.90 rows=1 width=149) (actual time=29.892..29.894 rows=9 loops=1)
Sort  (cost=6351.45..6351.46 rows=1 width=149) (actual time=29.416..29.418 rows=4 loops=1)
Nested Loop  (cost=0.00..6351.15 rows=1 width=21) (actual time=12.204..25.190 rows=2 loops=1)
Nested Loop  (cost=0.00..6351.44 rows=1 width=21) (actual time=7.711..25.198 rows=4 loops=1)
Nested Loop  (cost=0.00..6351.15 rows=1 width=21) (actual time=4.768..24.283 rows=2 loops=1)
Nested Loop  (cost=0.00..6351.15 rows=1 width=21) (actual time=16.184..24.360 rows=2 loops=1)
Nested Loop  (cost=0.00..6351.15 rows=1 width=158) (actual time=5.551..24.748 rows=1 loops=1)
Nested Loop  (cost=0.00..6351.15 rows=1 width=403) (actual time=5.659..25.037 rows=1 loops=1)
Nested Loop  (cost=0.00..6351.69 rows=1 width=21) (actual time=6.395..29.658 rows=5 loops=1)
Nested Loop  (cost=0.00..6351.69 rows=1 width=158) (actual time=1.418..24.945 rows=3 loops=1)
Nested Loop  (cost=0.00..6351.15 rows=1 width=21) (actual time=22.563..40.250 rows=2 loops=1)
Nested Loop  (cost=0.00..6351.56 rows=1 width=21) (actual time=3.572..25.088 rows=4 loops=1)
Sort  (cost=6351.45..6351.46 rows=1 width=149) (actual time=28.996..28.998 rows=1 loops=1)
Nested Loop  (cost=0.00..6351.15 rows=1 width=21) (actual time=3.198..24.957 rows=3 loops=1)
Nested Loop  (cost=0.00..6351.15 rows=1 width=21) (actual time=7.827..25.075 rows=2 loops=1)
Nested Loop  (cost=0.00..6351.15 rows=1 width=21) (actual time=11.665..26.099 rows=4 loops=1)
Nested Loop  (cost=0.00..6351.15 rows=1 width=158) (actual time=8.059..25.006 rows=1 loops=1)
Nested Loop  (cost=0.00..6351.49 rows=1 width=21) (actual time=15.852..25.110 rows=2 loops=1)
Sort  (cost=6351.45..6351.46 rows=1 width=149) (actual time=30.415..30.418 rows=10 loops=1)
Sort  (cost=6351.45..6351.46 rows=1 width=149) (actual time=29.744..29.746 rows=4 loops=1)
Nested Loop  (cost=0.00..6351.15 rows=1 width=158) (actual time=1.435..25.062 rows=1 loops=1)
Nested Loop  (cost=0.00..6351.15 rows=1 width=158) (actual time=0.138..25.097 rows=1 loops=1)
Nested Loop  (cost=0.00..6351.15 rows=1 width=403) (actual time=0.134..25.099 rows=1 loops=1)
Sort  (cost=6351.45..6351.46 rows=1 width=149) (actual time=29.496..29.498 rows=1 loops=1)
Nested Loop  (cost=0.00..6351.15 rows=1 width=21) (actual time=9.813..24.966 rows=2 loops=1)
Sort  (cost=6351.45..6351.46 rows=1 width=149) (actual time=29.789..29.791 rows=1 loops=1)
Nested Loop  (cost=0.00..6351.15 rows=1 width=158) (actual time=20.439..24.593 rows=1 loops=1)
Sort  (cost=6351.45..6351.46 rows=1 width=149) (actual time=32.310..32.312 rows=1 loops=1)
Nested Loop  (cost=0.00..6351.38 rows=1 width=21) (actual time=1.691..24.900 rows=3 loops=1)
Nested Loop  (cost=0.00..6351.15 rows=1 width=21) (actual time=9.919..25.146 rows=2 loops=1)
Nested Loop  (cost=0.00..6351.15 rows=1 width=158) (actual time=11.300..25.163 rows=2 loops=1)
Nested Loop  (cost=0.00..6351.15 rows=1 width=21) (actual time=2.163..26.516 rows=3 loops=1)
Nested Loop  (cost=0.00..6351.15 rows=1 width=158) (actual time=21.685..28.713 rows=1 loops=1)
Nested Loop  (cost=0.00..6351.73 rows=1 width=21) (actual time=1.743..28.033 rows=4 loops=1)
Nested Loop  (cost=0.00..6351.38 rows=1 width=21) (actual time=2.308..28.404 rows=3 loops=1)
Nested Loop  (cost=0.00..6351.38 rows=1 width=21) (actual time=8.998..24.473 rows=2 loops=1)
Nested Loop  (cost=0.00..6351.15 rows=1 width=21) (actual time=8.244..24.763 rows=3 loops=1)
Nested Loop  (cost=0.00..6351.47 rows=1 width=158) (actual time=11.560..24.879 rows=3 loops=1)
Nested Loop  (cost=0.00..6351.15 rows=1 width=158) (actual time=1.979..24.804 rows=3 loops=1)
Nested Loop  (cost=0.00..6351.15 rows=1 width=21) (actual time=5.100..26.697 rows=2 loops=1)
Sort  (cost=6351.45..6351.46 rows=1 width=149) (actual time=30.587..30.590 rows=10 loops=1)
Sort  (cost=6351.45..6351.46 rows=1 width=149) (actual time=29.414..29.416 rows=1 loops=1)
Nested Loop  (cost=0.00..6351.15 rows=1 width=21) (actual time=3.175..25.461 rows=2 loops=1)
Nested Loop  (cost=0.00..6351.58 rows=1 width=21) (actual time=3.595..25.249 rows=3 loops=1)
Nested Loop  (cost=0.00..6351.15 rows=1 width=21) (actual time=18.179..24.863 rows=2 loops=1)
Nested Loop  (cost=0.00..6351.15 rows=1 width=21) (actual time=3.436..25.050 rows=2 loops=1)
Nested Loop  (cost=0.00..6351.15 rows=1 width=21) (actual time=1.585..25.927 rows=2 loops=1)
Sort  (cost=6351.45..6351.46 rows=1 width=149) (actual time=29.075..29.076 rows=1 loops=1)
Nested Loop  (cost=0.00..6351.15 rows=1 width=403) (actual time=15.509..24.402 rows=1 loops=1)
Sort  (cost=6351.45..6351.46 rows=1 width=149) (actual time=28.697..28.698 rows=1 loops=1)
Nested Loop  (cost=0.00..6351.90 rows=1 width=21) (actual time=6.354..35.269 rows=5 loops=1)
Nested Loop  (cost=0.00..6351.15 rows=1 width=21) (actual time=4.335..24.975 rows=2 loops=1)
Nested Loop  (cost=0.00..6351.15 rows=1 width=21) (actual time=11.728..25.629 rows=2 loops=1)
Sort  (cost=6351.45..6351.46 rows=1 width=149) (actual time=30.333..30.335 rows=6 loops=1)
Nested Loop  (cost=0.00..6351.15 rows=1 width=21) (actual time=0.759..25.265 rows=2 loops=1)
Nested Loop  (cost=0.00..6351.44 rows=1 width=158) (actual time=8.870..24.705 rows=2 loops=1)
Nested Loop  (cost=0.00..6351.15 rows=1 width=21) (actual time=6.715..24.760 rows=2 loops=1)
Nested Loop  (cost=0.00..6352.64 rows=1 width=21) (actual time=1.520..25.960 rows=8 loops=1)
Nested Loop  (cost=0.00..6351.90 rows=1 width=21) (actual time=2.705..25.614 rows=4 loops=1)
Nested Loop  (cost=0.00..6351.15 rows=1 width=158) (actual time=4.706..24.844 rows=1 loops=1)
Sort  (cost=6351.45..6351.46 rows=1 width=149) (actual time=29.169..29.170 rows=1 loops=1)
Nested Loop  (cost=0.00..6351.15 rows=1 width=403) (actual time=13.627..24.789 rows=1 loops=1)
Sort  (cost=6351.45..6351.46 rows=1 width=149) (actual time=28.861..28.863 rows=1 loops=1)
Sort  (cost=6351.45..6351.46 rows=1 width=149) (actual time=29.841..29.843 rows=5 loops=1)
Nested Loop  (cost=0.00..6351.15 rows=1 width=21) (actual time=6.476..25.100 rows=3 loops=1)
Nested Loop  (cost=0.00..6351.15 rows=1 width=21) (actual time=20.938..25.060 rows=3 loops=1)
Sort  (cost=6351.45..6351.46 rows=1 width=149) (actual time=30.033..30.035 rows=2 loops=1)
Nested Loop  (cost=0.00..6351.15 rows=1 width=21) (actual time=10.097..25.130 rows=3 loops=1)
Sort  (cost=6352.78..6352.78 rows=1 width=149) (actual time=30.201..30.203 rows=8 loops=1)
Nested Loop  (cost=0.00..6351.15 rows=1 width=403) (actual time=8.998..24.895 rows=2 loops=1)
Nested Loop  (cost=0.00..6351.15 rows=1 width=21) (actual time=9.869..25.050 rows=2 loops=1)
Nested Loop  (cost=0.00..6351.64 rows=1 width=21) (actual time=10.288..25.082 rows=2 loops=1)
Nested Loop  (cost=0.00..6351.15 rows=1 width=21) (actual time=0.306..29.393 rows=2 loops=1)
Nested Loop  (cost=0.00..6351.53 rows=1 width=158) (actual time=27.213..40.198 rows=1 loops=1)
Nested Loop  (cost=0.00..6351.15 rows=1 width=158) (actual time=2.704..25.101 rows=1 loops=1)
Nested Loop  (cost=0.00..6351.15 rows=1 width=21) (actual time=12.519..25.298 rows=2 loops=1)
Nested Loop  (cost=0.00..6351.15 rows=1 width=21) (actual time=8.205..26.105 rows=2 loops=1)
Nested Loop  (cost=0.00..6351.40 rows=1 width=21) (actual time=9.726..26.436 rows=2 loops=1)
Nested Loop  (cost=0.00..6351.15 rows=1 width=21) (actual time=14.540..24.767 rows=2 loops=1)
Nested Loop  (cost=0.00..6351.82 rows=1 width=158) (actual time=2.529..25.360 rows=6 loops=1)
Nested Loop  (cost=0.00..6351.82 rows=1 width=403) (actual time=2.451..25.224 rows=6 loops=1)
Sort  (cost=6351.45..6351.46 rows=1 width=149) (actual time=29.506..29.508 rows=2 loops=1)
Nested Loop  (cost=0.00..6351.15 rows=1 width=21) (actual time=8.949..25.431 rows=2 loops=1)
Nested Loop  (cost=0.00..6351.15 rows=1 width=21) (actual time=3.218..27.578 rows=4 loops=1)
Sort  (cost=6351.45..6351.46 rows=1 width=149) (actual time=28.891..28.893 rows=1 loops=1)
Nested Loop  (cost=0.00..6351.44 rows=1 width=21) (actual time=0.088..25.014 rows=5 loops=1)
Sort  (cost=6351.45..6351.46 rows=1 width=149) (actual time=30.396..30.398 rows=1 loops=1)
Nested Loop  (cost=0.00..6351.15 rows=1 width=21) (actual time=10.986..24.993 rows=2 loops=1)
Nested Loop  (cost=0.00..6351.15 rows=1 width=21) (actual time=11.055..25.743 rows=3 loops=1)
Nested Loop  (cost=0.00..6351.15 rows=1 width=21) (actual time=2.578..24.923 rows=3 loops=1)
Nested Loop  (cost=0.00..6351.15 rows=1 width=158) (actual time=0.391..25.385 rows=1 loops=1)
Nested Loop  (cost=0.00..6353.26 rows=1 width=21) (actual time=7.805..27.300 rows=6 loops=1)
Nested Loop  (cost=0.00..6351.56 rows=1 width=158) (actual time=0.966..25.046 rows=2 loops=1)
Nested Loop  (cost=0.00..6351.84 rows=1 width=21) (actual time=2.377..24.655 rows=2 loops=1)
Sort  (cost=6351.45..6351.46 rows=1 width=149) (actual time=28.707..28.709 rows=1 loops=1)
Nested Loop  (cost=0.00..6352.64 rows=1 width=21) (actual time=1.825..25.612 rows=8 loops=1)
Nested Loop  (cost=0.00..6351.15 rows=1 width=21) (actual time=3.511..25.468 rows=2 loops=1)
Nested Loop  (cost=0.00..6351.15 rows=1 width=21) (actual time=18.197..26.096 rows=2 loops=1)
Nested Loop  (cost=0.00..6351.15 rows=1 width=21) (actual time=13.318..24.875 rows=2 loops=1)
Sort  (cost=6351.45..6351.46 rows=1 width=149) (actual time=29.446..29.448 rows=1 loops=1)
Sort  (cost=6351.45..6351.46 rows=1 width=149) (actual time=30.534..30.536 rows=7 loops=1)
Nested Loop  (cost=0.00..6353.26 rows=1 width=158) (actual time=0.108..26.441 rows=6 loops=1)
Nested Loop  (cost=0.00..6351.15 rows=1 width=21) (actual time=2.393..25.003 rows=2 loops=1)
Sort  (cost=6351.45..6351.46 rows=1 width=149) (actual time=29.293..29.294 rows=1 loops=1)
Nested Loop  (cost=0.00..6351.58 rows=1 width=21) (actual time=4.129..25.615 rows=4 loops=1)
Nested Loop  (cost=0.00..6351.38 rows=1 width=21) (actual time=4.380..25.935 rows=3 loops=1)
Sort  (cost=6351.45..6351.46 rows=1 width=149) (actual time=28.508..28.509 rows=2 loops=1)
Nested Loop  (cost=0.00..6351.35 rows=1 width=403) (actual time=8.220..24.942 rows=1 loops=1)
Sort  (cost=6351.45..6351.46 rows=1 width=149) (actual time=31.066..31.068 rows=4 loops=1)
Nested Loop  (cost=0.00..6351.15 rows=1 width=403) (actual time=11.849..25.334 rows=2 loops=1)
Sort  (cost=6351.45..6351.46 rows=1 width=149) (actual time=29.638..29.640 rows=2 loops=1)
Nested Loop  (cost=0.00..6351.58 rows=1 width=158) (actual time=8.626..25.232 rows=4 loops=1)
Nested Loop  (cost=0.00..6351.76 rows=1 width=21) (actual time=1.423..25.344 rows=6 loops=1)
Sort  (cost=6351.45..6351.46 rows=1 width=149) (actual time=28.640..28.642 rows=1 loops=1)
Nested Loop  (cost=0.00..6351.15 rows=1 width=21) (actual time=9.198..24.729 rows=2 loops=1)
Nested Loop  (cost=0.00..6351.15 rows=1 width=21) (actual time=3.855..26.820 rows=2 loops=1)
Nested Loop  (cost=0.00..6351.15 rows=1 width=158) (actual time=2.570..24.726 rows=1 loops=1)
Nested Loop  (cost=0.00..6351.84 rows=1 width=158) (actual time=8.433..26.030 rows=3 loops=1)
Nested Loop  (cost=0.00..6351.15 rows=1 width=158) (actual time=24.541..24.739 rows=1 loops=1)
Nested Loop  (cost=0.00..6351.15 rows=1 width=21) (actual time=4.585..24.970 rows=2 loops=1)
Sort  (cost=6351.45..6351.46 rows=1 width=149) (actual time=45.171..45.174 rows=1 loops=1)
Nested Loop  (cost=0.00..6351.15 rows=1 width=21) (actual time=3.790..25.999 rows=2 loops=1)
Sort  (cost=6351.45..6351.46 rows=1 width=149) (actual time=28.290..28.292 rows=1 loops=1)
Nested Loop  (cost=0.00..6351.73 rows=1 width=21) (actual time=8.091..25.350 rows=3 loops=1)
Nested Loop  (cost=0.00..6351.15 rows=1 width=21) (actual time=18.824..25.241 rows=2 loops=1)
Nested Loop  (cost=0.00..6351.38 rows=1 width=21) (actual time=13.472..24.934 rows=3 loops=1)
Nested Loop  (cost=0.00..6351.44 rows=1 width=21) (actual time=9.464..25.570 rows=2 loops=1)
Nested Loop  (cost=0.00..6351.15 rows=1 width=158) (actual time=0.272..26.338 rows=1 loops=1)
Sort  (cost=6351.45..6351.46 rows=1 width=149) (actual time=30.230..30.232 rows=5 loops=1)
Nested Loop  (cost=0.00..6351.15 rows=1 width=158) (actual time=3.701..24.949 rows=1 loops=1)
Nested Loop  (cost=0.00..6351.44 rows=1 width=158) (actual time=3.484..25.542 rows=1 loops=1)
Nested Loop  (cost=0.00..6351.15 rows=1 width=21) (actual time=11.742..25.804 rows=2 loops=1)
Nested Loop  (cost=0.00..6351.67 rows=1 width=158) (actual time=4.840..24.990 rows=3 loops=1)
Sort  (cost=6351.45..6351.46 rows=1 width=149) (actual time=30.096..30.098 rows=2 loops=1)
Sort  (cost=6356.12..6356.13 rows=1 width=149) (actual time=29.552..29.556 rows=34 loops=1)
Nested Loop  (cost=0.00..6351.15 rows=1 width=21) (actual time=10.283..25.019 rows=2 loops=1)
Sort  (cost=6351.45..6351.46 rows=1 width=149) (actual time=32.653..32.655 rows=2 loops=1)
Nested Loop  (cost=0.00..6351.15 rows=1 width=158) (actual time=12.697..24.720 rows=1 loops=1)
Nested Loop  (cost=0.00..6351.15 rows=1 width=21) (actual time=13.825..24.715 rows=2 loops=1)
Nested Loop  (cost=0.00..6351.15 rows=1 width=21) (actual time=1.239..24.840 rows=2 loops=1)
Sort  (cost=6354.80..6354.80 rows=1 width=149) (actual time=29.037..29.039 rows=9 loops=1)
Sort  (cost=6351.45..6351.46 rows=1 width=149) (actual time=34.144..34.146 rows=1 loops=1)
Nested Loop  (cost=0.00..6351.15 rows=1 width=158) (actual time=3.218..26.172 rows=1 loops=1)
Nested Loop  (cost=0.00..6351.15 rows=1 width=21) (actual time=2.225..25.230 rows=2 loops=1)
Nested Loop  (cost=0.00..6351.53 rows=1 width=21) (actual time=5.653..28.259 rows=4 loops=1)
Nested Loop  (cost=0.00..6351.15 rows=1 width=21) (actual time=10.955..24.629 rows=2 loops=1)
Nested Loop  (cost=0.00..6351.69 rows=1 width=21) (actual time=7.703..25.279 rows=10 loops=1)
Nested Loop  (cost=0.00..6351.15 rows=1 width=21) (actual time=2.161..24.667 rows=2 loops=1)
Nested Loop  (cost=0.00..6351.15 rows=1 width=21) (actual time=7.236..24.520 rows=2 loops=1)
Sort  (cost=6351.45..6351.46 rows=1 width=149) (actual time=29.288..29.290 rows=1 loops=1)
Nested Loop  (cost=0.00..6351.15 rows=1 width=158) (actual time=23.480..26.248 rows=1 loops=1)
Nested Loop  (cost=0.00..6351.15 rows=1 width=403) (actual time=22.879..25.115 rows=1 loops=1)
Sort  (cost=6352.80..6352.81 rows=1 width=149) (actual time=30.959..30.961 rows=9 loops=1)
Sort  (cost=6351.45..6351.46 rows=1 width=149) (actual time=30.502..30.503 rows=11 loops=1)
Nested Loop  (cost=0.00..6351.53 rows=1 width=21) (actual time=4.815..26.135 rows=3 loops=1)
Nested Loop  (cost=0.00..6351.82 rows=1 width=158) (actual time=5.114..25.696 rows=4 loops=1)
Sort  (cost=6351.45..6351.46 rows=1 width=149) (actual time=29.990..29.991 rows=1 loops=1)
Nested Loop  (cost=0.00..6351.15 rows=1 width=403) (actual time=17.575..25.382 rows=1 loops=1)
Sort  (cost=6351.45..6351.46 rows=1 width=149) (actual time=28.694..28.695 rows=3 loops=1)
Sort  (cost=6351.45..6351.46 rows=1 width=149) (actual time=28.261..28.262 rows=1 loops=1)
Sort  (cost=6352.94..6352.95 rows=1 width=149) (actual time=45.336..45.338 rows=12 loops=1)
Nested Loop  (cost=0.00..6352.07 rows=1 width=21) (actual time=10.024..25.534 rows=4 loops=1)
Nested Loop  (cost=0.00..6351.15 rows=1 width=21) (actual time=13.641..24.364 rows=2 loops=1)
Sort  (cost=6352.91..6352.92 rows=1 width=149) (actual time=30.347..30.349 rows=2 loops=1)
Nested Loop  (cost=0.00..6351.15 rows=1 width=158) (actual time=3.869..24.845 rows=1 loops=1)
Sort  (cost=6351.45..6351.46 rows=1 width=149) (actual time=28.987..28.989 rows=1 loops=1)
Nested Loop  (cost=0.00..6351.15 rows=1 width=403) (actual time=3.862..25.742 rows=1 loops=1)
Nested Loop  (cost=0.00..6351.15 rows=1 width=403) (actual time=8.188..25.113 rows=1 loops=1)
Sort  (cost=6351.45..6351.46 rows=1 width=149) (actual time=29.414..29.416 rows=2 loops=1)
Sort  (cost=6351.45..6351.46 rows=1 width=149) (actual time=29.818..29.819 rows=3 loops=1)
Nested Loop  (cost=0.00..6351.38 rows=1 width=21) (actual time=1.705..24.899 rows=3 loops=1)
Nested Loop  (cost=0.00..6351.15 rows=1 width=21) (actual time=6.794..25.256 rows=5 loops=1)
Nested Loop  (cost=0.00..6351.35 rows=1 width=21) (actual time=6.992..25.266 rows=3 loops=1)
Sort  (cost=6351.45..6351.46 rows=1 width=149) (actual time=28.779..28.780 rows=1 loops=1)
Nested Loop  (cost=0.00..6351.15 rows=1 width=158) (actual time=16.993..24.913 rows=1 loops=1)
Nested Loop  (cost=0.00..6351.15 rows=1 width=21) (actual time=12.456..25.069 rows=2 loops=1)
Nested Loop  (cost=0.00..6351.15 rows=1 width=21) (actual time=4.357..25.260 rows=3 loops=1)
Sort  (cost=6351.45..6351.46 rows=1 width=149) (actual time=29.184..29.186 rows=1 loops=1)
Sort  (cost=6351.45..6351.46 rows=1 width=149) (actual time=29.864..29.866 rows=1 loops=1)
Nested Loop  (cost=0.00..6351.49 rows=1 width=158) (actual time=9.598..25.805 rows=1 loops=1)
Nested Loop  (cost=0.00..6351.15 rows=1 width=21) (actual time=2.651..24.888 rows=2 loops=1)
Nested Loop  (cost=0.00..6351.15 rows=1 width=21) (actual time=3.203..24.346 rows=2 loops=1)
Nested Loop  (cost=0.00..6353.26 rows=1 width=21) (actual time=2.323..25.908 rows=10 loops=1)
Nested Loop  (cost=0.00..6351.15 rows=1 width=21) (actual time=8.590..24.331 rows=3 loops=1)
Sort  (cost=6351.45..6351.46 rows=1 width=149) (actual time=33.639..33.642 rows=1 loops=1)
Sort  (cost=6351.45..6351.46 rows=1 width=149) (actual time=29.273..29.275 rows=6 loops=1)
Sort  (cost=6351.45..6351.46 rows=1 width=149) (actual time=35.207..35.209 rows=1 loops=1)
Nested Loop  (cost=0.00..6351.15 rows=1 width=21) (actual time=6.995..25.296 rows=2 loops=1)
Sort  (cost=6351.45..6351.46 rows=1 width=149) (actual time=29.126..29.128 rows=1 loops=1)
Nested Loop  (cost=0.00..6351.15 rows=1 width=158) (actual time=23.909..24.697 rows=1 loops=1)
Nested Loop  (cost=0.00..6351.53 rows=1 width=21) (actual time=8.005..25.126 rows=2 loops=1)
Nested Loop  (cost=0.00..6351.82 rows=1 width=21) (actual time=12.024..25.122 rows=4 loops=1)
Sort  (cost=6351.45..6351.46 rows=1 width=149) (actual time=28.306..28.308 rows=1 loops=1)
Nested Loop  (cost=0.00..6351.15 rows=1 width=21) (actual time=4.045..25.041 rows=4 loops=1)
Nested Loop  (cost=0.00..6351.58 rows=1 width=21) (actual time=9.609..25.092 rows=3 loops=1)
Sort  (cost=6351.45..6351.46 rows=1 width=149) (actual time=28.866..28.868 rows=1 loops=1)
Nested Loop  (cost=0.00..6351.15 rows=1 width=21) (actual time=11.459..24.958 rows=4 loops=1)
Nested Loop  (cost=0.00..6351.69 rows=1 width=158) (actual time=8.742..25.951 rows=2 loops=1)
Sort  (cost=6351.45..6351.46 rows=1 width=149) (actual time=29.279..29.281 rows=1 loops=1)
Nested Loop  (cost=0.00..6351.15 rows=1 width=403) (actual time=9.490..25.129 rows=1 loops=1)
Sort  (cost=6351.45..6351.46 rows=1 width=149) (actual time=37.682..37.683 rows=1 loops=1)
Sort  (cost=6351.45..6351.46 rows=1 width=149) (actual time=28.573..28.574 rows=1 loops=1)
Nested Loop  (cost=0.00..6351.53 rows=1 width=21) (actual time=4.392..24.726 rows=5 loops=1)
Nested Loop  (cost=0.00..6351.38 rows=1 width=21) (actual time=2.748..25.897 rows=2 loops=1)
Nested Loop  (cost=0.00..6351.15 rows=1 width=21) (actual time=0.083..24.855 rows=3 loops=1)
Nested Loop  (cost=0.00..6351.15 rows=1 width=21) (actual time=11.291..24.191 rows=3 loops=1)
Sort  (cost=6351.45..6351.46 rows=1 width=149) (actual time=29.331..29.333 rows=1 loops=1)
Nested Loop  (cost=0.00..6351.15 rows=1 width=158) (actual time=14.806..37.410 rows=1 loops=1)
Nested Loop  (cost=0.00..6351.40 rows=1 width=21) (actual time=2.916..24.277 rows=3 loops=1)
Nested Loop  (cost=0.00..6351.15 rows=1 width=21) (actual time=0.712..27.410 rows=2 loops=1)
Nested Loop  (cost=0.00..6351.15 rows=1 width=21) (actual time=2.163..24.899 rows=2 loops=1)
Sort  (cost=6351.45..6351.46 rows=1 width=149) (actual time=29.265..29.267 rows=2 loops=1)
Sort  (cost=6351.45..6351.46 rows=1 width=149) (actual time=29.098..29.100 rows=5 loops=1)
Nested Loop  (cost=0.00..6351.78 rows=1 width=21) (actual time=4.086..25.584 rows=7 loops=1)
Nested Loop  (cost=0.00..6351.15 rows=1 width=21) (actual time=15.107..24.767 rows=2 loops=1)
Nested Loop  (cost=0.00..6351.15 rows=1 width=21) (actual time=10.358..25.192 rows=3 loops=1)
Sort  (cost=6355.99..6355.99 rows=1 width=149) (actual time=29.692..29.695 rows=28 loops=1)
Nested Loop  (cost=0.00..6351.15 rows=1 width=403) (actual time=6.431..25.509 rows=3 loops=1)
Nested Loop  (cost=0.00..6351.15 rows=1 width=21) (actual time=12.257..24.821 rows=2 loops=1)
Sort  (cost=6351.45..6351.46 rows=1 width=149) (actual time=29.814..29.816 rows=2 loops=1)
Nested Loop  (cost=0.00..6351.15 rows=1 width=158) (actual time=19.452..26.022 rows=1 loops=1)
Nested Loop  (cost=0.00..6351.15 rows=1 width=158) (actual time=9.125..25.856 rows=2 loops=1)
Sort  (cost=6351.45..6351.46 rows=1 width=149) (actual time=29.262..29.264 rows=1 loops=1)
Nested Loop  (cost=0.00..6351.15 rows=1 width=21) (actual time=4.684..24.162 rows=2 loops=1)
Sort  (cost=6351.45..6351.46 rows=1 width=149) (actual time=28.220..28.222 rows=1 loops=1)
Nested Loop  (cost=0.00..6351.15 rows=1 width=403) (actual time=23.116..24.730 rows=1 loops=1)
Nested Loop  (cost=0.00..6351.40 rows=1 width=21) (actual time=5.385..25.147 rows=3 loops=1)
Nested Loop  (cost=0.00..6351.73 rows=1 width=21) (actual time=3.632..24.910 rows=3 loops=1)
Nested Loop  (cost=0.00..6351.15 rows=1 width=21) (actual time=8.641..24.260 rows=2 loops=1)
Nested Loop  (cost=0.00..6351.78 rows=1 width=158) (actual time=1.760..26.277 rows=3 loops=1)
Nested Loop  (cost=0.00..6351.15 rows=1 width=21) (actual time=8.265..25.678 rows=3 loops=1)
Nested Loop  (cost=0.00..6351.15 rows=1 width=21) (actual time=11.562..24.484 rows=2 loops=1)
Nested Loop  (cost=0.00..6351.15 rows=1 width=158) (actual time=9.796..24.734 rows=1 loops=1)
Nested Loop  (cost=0.00..6351.15 rows=1 width=21) (actual time=13.347..24.942 rows=2 loops=1)
Sort  (cost=6351.45..6351.46 rows=1 width=149) (actual time=29.802..29.804 rows=3 loops=1)
Nested Loop  (cost=0.00..6351.58 rows=1 width=21) (actual time=19.471..25.159 rows=2 loops=1)
Nested Loop  (cost=0.00..6351.15 rows=1 width=21) (actual time=0.981..25.062 rows=2 loops=1)
Sort  (cost=6351.45..6351.46 rows=1 width=149) (actual time=28.774..28.776 rows=1 loops=1)
Nested Loop  (cost=0.00..6351.15 rows=1 width=21) (actual time=1.971..24.797 rows=2 loops=1)
Nested Loop  (cost=0.00..6351.15 rows=1 width=21) (actual time=21.825..25.090 rows=3 loops=1)
Nested Loop  (cost=0.00..6351.15 rows=1 width=21) (actual time=19.758..25.307 rows=2 loops=1)
Nested Loop  (cost=0.00..6351.69 rows=1 width=21) (actual time=5.339..25.184 rows=2 loops=1)
Nested Loop  (cost=0.00..6351.69 rows=1 width=21) (actual time=12.434..25.307 rows=4 loops=1)
Nested Loop  (cost=0.00..6351.15 rows=1 width=21) (actual time=4.554..25.034 rows=4 loops=1)
Sort  (cost=6351.45..6351.46 rows=1 width=149) (actual time=29.680..29.682 rows=1 loops=1)
Nested Loop  (cost=0.00..6351.15 rows=1 width=21) (actual time=1.805..32.319 rows=2 loops=1)
Nested Loop  (cost=0.00..6351.15 rows=1 width=21) (actual time=2.727..24.952 rows=3 loops=1)
Nested Loop  (cost=0.00..6351.15 rows=1 width=21) (actual time=4.123..24.672 rows=2 loops=1)
Nested Loop  (cost=0.00..6352.84 rows=1 width=21) (actual time=3.172..26.109 rows=8 loops=1)
Sort  (cost=6351.45..6351.46 rows=1 width=149) (actual time=32.081..32.083 rows=1 loops=1)
Nested Loop  (cost=0.00..6351.15 rows=1 width=403) (actual time=15.687..25.899 rows=1 loops=1)
Sort  (cost=6351.45..6351.46 rows=1 width=149) (actual time=29.984..29.986 rows=1 loops=1)
Sort  (cost=6351.45..6351.46 rows=1 width=149) (actual time=29.718..29.720 rows=1 loops=1)
Nested Loop  (cost=0.00..6351.15 rows=1 width=21) (actual time=4.197..25.273 rows=2 loops=1)
Sort  (cost=6351.45..6351.46 rows=1 width=149) (actual time=29.625..29.627 rows=1 loops=1)
Nested Loop  (cost=0.00..6351.15 rows=1 width=158) (actual time=9.274..25.854 rows=1 loops=1)
Nested Loop  (cost=0.00..6351.40 rows=1 width=21) (actual time=3.603..24.682 rows=3 loops=1)
Sort  (cost=6351.45..6351.46 rows=1 width=149) (actual time=31.027..31.029 rows=3 loops=1)
Nested Loop  (cost=0.00..6351.15 rows=1 width=403) (actual time=3.140..24.882 rows=1 loops=1)
Nested Loop  (cost=0.00..6351.15 rows=1 width=158) (actual time=8.602..24.834 rows=1 loops=1)
Nested Loop  (cost=0.00..6351.15 rows=1 width=21) (actual time=0.233..24.968 rows=2 loops=1)
Sort  (cost=6351.45..6351.46 rows=1 width=149) (actual time=33.889..33.891 rows=1 loops=1)
Nested Loop  (cost=0.00..6351.15 rows=1 width=21) (actual time=1.976..26.403 rows=2 loops=1)
Nested Loop  (cost=0.00..6351.15 rows=1 width=21) (actual time=0.253..25.181 rows=2 loops=1)
Nested Loop  (cost=0.00..6351.15 rows=1 width=21) (actual time=10.107..25.141 rows=2 loops=1)
Nested Loop  (cost=0.00..6351.15 rows=1 width=21) (actual time=7.683..24.822 rows=2 loops=1)
Sort  (cost=6351.45..6351.46 rows=1 width=149) (actual time=29.188..29.190 rows=2 loops=1)
Nested Loop  (cost=0.00..6351.82 rows=1 width=21) (actual time=6.999..25.259 rows=6 loops=1)
Sort  (cost=6351.45..6351.46 rows=1 width=149) (actual time=28.691..28.693 rows=2 loops=1)
Nested Loop  (cost=0.00..6351.15 rows=1 width=21) (actual time=0.572..24.746 rows=2 loops=1)
Nested Loop  (cost=0.00..6351.15 rows=1 width=21) (actual time=12.965..25.632 rows=2 loops=1)
Sort  (cost=6351.45..6351.46 rows=1 width=149) (actual time=28.905..28.907 rows=3 loops=1)
Nested Loop  (cost=0.00..6351.40 rows=1 width=21) (actual time=2.651..24.753 rows=3 loops=1)
Sort  (cost=6351.45..6351.46 rows=1 width=149) (actual time=28.884..28.886 rows=4 loops=1)
Nested Loop  (cost=0.00..6351.53 rows=1 width=21) (actual time=6.428..24.846 rows=2 loops=1)
Nested Loop  (cost=0.00..6351.15 rows=1 width=21) (actual time=2.448..25.292 rows=2 loops=1)
Nested Loop  (cost=0.00..6351.15 rows=1 width=158) (actual time=11.758..24.358 rows=1 loops=1)
Nested Loop  (cost=0.00..6351.15 rows=1 width=21) (actual time=12.466..24.815 rows=2 loops=1)
Nested Loop  (cost=0.00..6351.15 rows=1 width=21) (actual time=13.230..25.120 rows=2 loops=1)
Nested Loop  (cost=0.00..6351.82 rows=1 width=158) (actual time=13.557..25.720 rows=2 loops=1)
Nested Loop  (cost=0.00..6352.07 rows=1 width=21) (actual time=9.841..25.490 rows=4 loops=1)
Nested Loop  (cost=0.00..6351.15 rows=1 width=21) (actual time=14.212..24.760 rows=2 loops=1)
Nested Loop  (cost=0.00..6351.15 rows=1 width=21) (actual time=10.030..25.621 rows=2 loops=1)
Sort  (cost=6351.45..6351.46 rows=1 width=149) (actual time=29.269..29.271 rows=2 loops=1)
Nested Loop  (cost=0.00..6353.26 rows=1 width=158) (actual time=2.094..26.535 rows=8 loops=1)
Sort  (cost=6351.45..6351.46 rows=1 width=149) (actual time=29.881..29.883 rows=1 loops=1)
Nested Loop  (cost=0.00..6351.15 rows=1 width=21) (actual time=3.914..24.812 rows=2 loops=1)
Nested Loop  (cost=0.00..6351.15 rows=1 width=21) (actual time=11.434..26.009 rows=2 loops=1)
Nested Loop  (cost=0.00..6351.44 rows=1 width=21) (actual time=12.621..25.412 rows=3 loops=1)
Nested Loop  (cost=0.00..6351.82 rows=1 width=21) (actual time=2.401..25.571 rows=4 loops=1)
Sort  (cost=6351.45..6351.46 rows=1 width=149) (actual time=29.490..29.492 rows=7 loops=1)
Nested Loop  (cost=0.00..6351.15 rows=1 width=158) (actual time=21.277..24.240 rows=1 loops=1)
Nested Loop  (cost=0.00..6351.47 rows=1 width=158) (actual time=17.509..24.626 rows=2 loops=1)
Nested Loop  (cost=0.00..6351.15 rows=1 width=21) (actual time=4.693..25.500 rows=2 loops=1)
Nested Loop  (cost=0.00..6351.15 rows=1 width=21) (actual time=6.637..24.646 rows=2 loops=1)
Nested Loop  (cost=0.00..6351.15 rows=1 width=21) (actual time=2.547..31.160 rows=3 loops=1)
Sort  (cost=6355.81..6355.82 rows=1 width=149) (actual time=29.466..29.468 rows=13 loops=1)
Nested Loop  (cost=0.00..6351.82 rows=1 width=158) (actual time=9.049..26.100 rows=3 loops=1)
Nested Loop  (cost=0.00..6351.82 rows=1 width=403) (actual time=9.075..26.782 rows=3 loops=1)
Nested Loop  (cost=0.00..6351.15 rows=1 width=158) (actual time=9.969..25.019 rows=2 loops=1)
Sort  (cost=6355.41..6355.42 rows=1 width=149) (actual time=29.483..29.486 rows=10 loops=1)
Nested Loop  (cost=0.00..6352.84 rows=1 width=21) (actual time=3.587..26.447 rows=10 loops=1)
Sort  (cost=6351.45..6351.46 rows=1 width=149) (actual time=28.625..28.627 rows=3 loops=1)
Nested Loop  (cost=0.00..6351.35 rows=1 width=21) (actual time=12.443..24.780 rows=3 loops=1)
Sort  (cost=6351.45..6351.46 rows=1 width=149) (actual time=29.502..29.503 rows=3 loops=1)
Nested Loop  (cost=0.00..6351.15 rows=1 width=21) (actual time=10.387..24.643 rows=3 loops=1)
Sort  (cost=6351.45..6351.46 rows=1 width=149) (actual time=29.205..29.207 rows=1 loops=1)
Nested Loop  (cost=0.00..6351.15 rows=1 width=21) (actual time=4.208..24.752 rows=2 loops=1)
Sort  (cost=6351.45..6351.46 rows=1 width=149) (actual time=29.292..29.294 rows=1 loops=1)
Nested Loop  (cost=0.00..6351.15 rows=1 width=21) (actual time=5.925..24.982 rows=2 loops=1)
Nested Loop  (cost=0.00..6351.15 rows=1 width=21) (actual time=18.631..25.330 rows=3 loops=1)
Nested Loop  (cost=0.00..6351.15 rows=1 width=21) (actual time=10.341..32.254 rows=3 loops=1)
Nested Loop  (cost=0.00..6353.26 rows=1 width=21) (actual time=2.022..25.796 rows=10 loops=1)
Nested Loop  (cost=0.00..6351.40 rows=1 width=21) (actual time=20.237..26.599 rows=2 loops=1)
Nested Loop  (cost=0.00..6351.15 rows=1 width=158) (actual time=13.626..25.408 rows=1 loops=1)
Sort  (cost=6351.45..6351.46 rows=1 width=149) (actual time=28.799..28.800 rows=3 loops=1)
Nested Loop  (cost=0.00..6351.38 rows=1 width=21) (actual time=5.923..24.951 rows=2 loops=1)
Nested Loop  (cost=0.00..6351.82 rows=1 width=21) (actual time=8.630..24.796 rows=8 loops=1)
Nested Loop  (cost=0.00..6351.40 rows=1 width=158) (actual time=5.528..26.120 rows=1 loops=1)
Nested Loop  (cost=0.00..6351.15 rows=1 width=21) (actual time=12.701..28.239 rows=2 loops=1)
Sort  (cost=6352.78..6352.78 rows=1 width=149) (actual time=30.104..30.106 rows=4 loops=1)
Nested Loop  (cost=0.00..6351.69 rows=1 width=21) (actual time=4.356..25.319 rows=4 loops=1)
Sort  (cost=6351.45..6351.46 rows=1 width=149) (actual time=28.018..28.019 rows=1 loops=1)
Sort  (cost=6351.45..6351.46 rows=1 width=149) (actual time=29.522..29.524 rows=5 loops=1)
Nested Loop  (cost=0.00..6351.78 rows=1 width=158) (actual time=2.732..25.148 rows=3 loops=1)
Sort  (cost=6351.45..6351.46 rows=1 width=149) (actual time=31.368..31.370 rows=5 loops=1)
Sort  (cost=6351.45..6351.46 rows=1 width=149) (actual time=30.309..30.312 rows=6 loops=1)
Sort  (cost=6351.45..6351.46 rows=1 width=149) (actual time=29.639..29.642 rows=8 loops=1)
Nested Loop  (cost=0.00..6351.15 rows=1 width=403) (actual time=3.177..24.855 rows=1 loops=1)
Sort  (cost=6351.45..6351.46 rows=1 width=149) (actual time=30.472..30.474 rows=7 loops=1)
Nested Loop  (cost=0.00..6351.15 rows=1 width=158) (actual time=10.051..24.695 rows=1 loops=1)
Nested Loop  (cost=0.00..6351.44 rows=1 width=21) (actual time=17.951..24.963 rows=2 loops=1)
Nested Loop  (cost=0.00..6351.15 rows=1 width=21) (actual time=3.121..25.065 rows=2 loops=1)
Nested Loop  (cost=0.00..6351.15 rows=1 width=21) (actual time=9.456..25.054 rows=4 loops=1)
Nested Loop  (cost=0.00..6351.15 rows=1 width=21) (actual time=23.740..24.218 rows=2 loops=1)
Sort  (cost=6353.00..6353.01 rows=1 width=149) (actual time=30.640..30.642 rows=6 loops=1)
Nested Loop  (cost=0.00..6351.15 rows=1 width=21) (actual time=17.130..25.166 rows=2 loops=1)
Sort  (cost=6351.45..6351.46 rows=1 width=149) (actual time=30.553..30.556 rows=4 loops=1)
Sort  (cost=6351.45..6351.46 rows=1 width=149) (actual time=29.220..29.222 rows=1 loops=1)
Nested Loop  (cost=0.00..6351.38 rows=1 width=21) (actual time=14.800..25.780 rows=2 loops=1)
Nested Loop  (cost=0.00..6351.15 rows=1 width=21) (actual time=2.437..24.432 rows=2 loops=1)
Nested Loop  (cost=0.00..6351.15 rows=1 width=21) (actual time=19.928..24.447 rows=2 loops=1)
Sort  (cost=6351.45..6351.46 rows=1 width=149) (actual time=29.316..29.318 rows=1 loops=1)
Nested Loop  (cost=0.00..6351.15 rows=1 width=403) (actual time=13.819..24.842 rows=1 loops=1)
Nested Loop  (cost=0.00..6353.26 rows=1 width=21) (actual time=3.880..26.390 rows=7 loops=1)
Sort  (cost=6351.45..6351.46 rows=1 width=149) (actual time=28.870..28.871 rows=1 loops=1)
Nested Loop  (cost=0.00..6351.15 rows=1 width=21) (actual time=13.181..25.130 rows=2 loops=1)
Nested Loop  (cost=0.00..6351.15 rows=1 width=21) (actual time=4.790..24.841 rows=2 loops=1)
Nested Loop  (cost=0.00..6352.64 rows=1 width=158) (actual time=8.990..26.641 rows=7 loops=1)
Nested Loop  (cost=0.00..6351.64 rows=1 width=21) (actual time=9.855..25.498 rows=3 loops=1)
Nested Loop  (cost=0.00..6351.15 rows=1 width=158) (actual time=0.348..25.014 rows=1 loops=1)
Nested Loop  (cost=0.00..6351.15 rows=1 width=158) (actual time=6.319..24.906 rows=1 loops=1)
Nested Loop  (cost=0.00..6351.35 rows=1 width=158) (actual time=13.946..25.189 rows=2 loops=1)
Nested Loop  (cost=0.00..6351.15 rows=1 width=158) (actual time=11.799..28.638 rows=1 loops=1)
Nested Loop  (cost=0.00..6351.15 rows=1 width=21) (actual time=0.890..25.063 rows=2 loops=1)
Sort  (cost=6351.45..6351.46 rows=1 width=149) (actual time=29.748..29.750 rows=1 loops=1)
Nested Loop  (cost=0.00..6351.15 rows=1 width=21) (actual time=12.085..29.237 rows=4 loops=1)
Sort  (cost=6351.45..6351.46 rows=1 width=149) (actual time=31.332..31.335 rows=10 loops=1)
Sort  (cost=6351.45..6351.46 rows=1 width=149) (actual time=30.742..30.744 rows=1 loops=1)
Sort  (cost=6351.45..6351.46 rows=1 width=149) (actual time=30.282..30.284 rows=2 loops=1)
Sort  (cost=6351.45..6351.46 rows=1 width=149) (actual time=29.323..29.325 rows=1 loops=1)
Sort  (cost=6351.45..6351.46 rows=1 width=149) (actual time=29.332..29.334 rows=3 loops=1)
Nested Loop  (cost=0.00..6351.15 rows=1 width=21) (actual time=3.010..24.913 rows=2 loops=1)
Nested Loop  (cost=0.00..6351.47 rows=1 width=158) (actual time=22.946..25.138 rows=2 loops=1)
Sort  (cost=6352.72..6352.72 rows=1 width=149) (actual time=30.328..30.330 rows=10 loops=1)
Nested Loop  (cost=0.00..6351.15 rows=1 width=21) (actual time=13.589..24.628 rows=3 loops=1)
Nested Loop  (cost=0.00..6351.15 rows=1 width=21) (actual time=6.251..24.933 rows=2 loops=1)
Sort  (cost=6351.45..6351.46 rows=1 width=149) (actual time=29.422..29.424 rows=1 loops=1)
Nested Loop  (cost=0.00..6351.15 rows=1 width=403) (actual time=13.770..25.562 rows=1 loops=1)
Sort  (cost=6351.45..6351.46 rows=1 width=149) (actual time=30.416..30.418 rows=1 loops=1)
Nested Loop  (cost=0.00..6351.15 rows=1 width=158) (actual time=17.925..25.144 rows=1 loops=1)
Sort  (cost=6351.45..6351.46 rows=1 width=149) (actual time=35.907..35.909 rows=1 loops=1)
Nested Loop  (cost=0.00..6351.15 rows=1 width=158) (actual time=4.689..25.105 rows=1 loops=1)
Nested Loop  (cost=0.00..6351.15 rows=1 width=158) (actual time=21.063..24.981 rows=1 loops=1)
Sort  (cost=6351.45..6351.46 rows=1 width=149) (actual time=29.509..29.510 rows=1 loops=1)
Sort  (cost=6351.45..6351.46 rows=1 width=149) (actual time=29.992..29.993 rows=2 loops=1)
Nested Loop  (cost=0.00..6351.15 rows=1 width=21) (actual time=12.304..24.923 rows=2 loops=1)
Nested Loop  (cost=0.00..6351.15 rows=1 width=21) (actual time=5.257..24.769 rows=2 loops=1)
Nested Loop  (cost=0.00..6351.15 rows=1 width=21) (actual time=0.073..24.386 rows=2 loops=1)
Nested Loop  (cost=0.00..6351.15 rows=1 width=158) (actual time=8.030..36.889 rows=1 loops=1)
Nested Loop  (cost=0.00..6353.26 rows=1 width=21) (actual time=2.031..26.063 rows=10 loops=1)
Sort  (cost=6351.45..6351.46 rows=1 width=149) (actual time=29.546..29.548 rows=2 loops=1)
Sort  (cost=6351.45..6351.46 rows=1 width=149) (actual time=29.066..29.068 rows=1 loops=1)
Nested Loop  (cost=0.00..6351.15 rows=1 width=403) (actual time=17.163..24.485 rows=1 loops=1)
Sort  (cost=6351.45..6351.46 rows=1 width=149) (actual time=29.013..29.015 rows=1 loops=1)
Nested Loop  (cost=0.00..6351.15 rows=1 width=21) (actual time=15.597..24.542 rows=2 loops=1)
Sort  (cost=6351.45..6351.46 rows=1 width=149) (actual time=29.218..29.220 rows=1 loops=1)
Sort  (cost=6351.45..6351.46 rows=1 width=149) (actual time=29.832..29.834 rows=3 loops=1)
Nested Loop  (cost=0.00..6351.47 rows=1 width=21) (actual time=3.196..24.957 rows=5 loops=1)
Nested Loop  (cost=0.00..6351.76 rows=1 width=21) (actual time=2.071..25.095 rows=8 loops=1)
Nested Loop  (cost=0.00..6351.40 rows=1 width=21) (actual time=0.466..24.969 rows=4 loops=1)
Nested Loop  (cost=0.00..6351.69 rows=1 width=21) (actual time=5.413..25.510 rows=2 loops=1)
Nested Loop  (cost=0.00..6351.38 rows=1 width=21) (actual time=6.738..25.348 rows=2 loops=1)
Nested Loop  (cost=0.00..6351.47 rows=1 width=21) (actual time=4.215..25.174 rows=5 loops=1)
Nested Loop  (cost=0.00..6351.84 rows=1 width=158) (actual time=1.487..25.576 rows=5 loops=1)
Nested Loop  (cost=0.00..6351.82 rows=1 width=21) (actual time=12.588..25.543 rows=3 loops=1)
Nested Loop  (cost=0.00..6352.84 rows=1 width=21) (actual time=2.605..26.125 rows=9 loops=1)
Nested Loop  (cost=0.00..6351.38 rows=1 width=21) (actual time=1.517..24.952 rows=4 loops=1)
Nested Loop  (cost=0.00..6351.35 rows=1 width=158) (actual time=8.442..25.110 rows=2 loops=1)
Nested Loop  (cost=0.00..6351.44 rows=1 width=158) (actual time=9.328..25.933 rows=1 loops=1)
Sort  (cost=6351.45..6351.46 rows=1 width=149) (actual time=30.046..30.048 rows=1 loops=1)
Sort  (cost=6351.45..6351.46 rows=1 width=149) (actual time=29.499..29.501 rows=3 loops=1)
Nested Loop  (cost=0.00..6351.15 rows=1 width=21) (actual time=5.846..40.981 rows=4 loops=1)
Nested Loop  (cost=0.00..6351.15 rows=1 width=158) (actual time=13.202..24.321 rows=1 loops=1)
Nested Loop  (cost=0.00..6351.15 rows=1 width=21) (actual time=13.488..32.735 rows=3 loops=1)
Nested Loop  (cost=0.00..6351.69 rows=1 width=21) (actual time=8.538..24.940 rows=4 loops=1)
Nested Loop  (cost=0.00..6351.15 rows=1 width=158) (actual time=4.410..25.508 rows=2 loops=1)
Nested Loop  (cost=0.00..6351.84 rows=1 width=158) (actual time=1.386..25.347 rows=2 loops=1)
Sort  (cost=6351.45..6351.46 rows=1 width=149) (actual time=29.313..29.315 rows=2 loops=1)
Nested Loop  (cost=0.00..6351.15 rows=1 width=21) (actual time=10.568..24.850 rows=2 loops=1)
Sort  (cost=6351.45..6351.46 rows=1 width=149) (actual time=29.290..29.292 rows=1 loops=1)
Nested Loop  (cost=0.00..6351.15 rows=1 width=21) (actual time=8.302..25.023 rows=2 loops=1)
Nested Loop  (cost=0.00..6351.15 rows=1 width=21) (actual time=15.597..24.922 rows=2 loops=1)
Nested Loop  (cost=0.00..6351.84 rows=1 width=158) (actual time=2.398..24.854 rows=2 loops=1)
Nested Loop  (cost=0.00..6351.15 rows=1 width=21) (actual time=14.957..24.903 rows=3 loops=1)
Sort  (cost=6355.57..6355.58 rows=1 width=149) (actual time=29.531..29.534 rows=24 loops=1)
Nested Loop  (cost=0.00..6351.15 rows=1 width=21) (actual time=3.454..24.760 rows=2 loops=1)
Sort  (cost=6351.45..6351.46 rows=1 width=149) (actual time=30.473..30.475 rows=4 loops=1)
Sort  (cost=6351.45..6351.46 rows=1 width=149) (actual time=28.399..28.401 rows=2 loops=1)
Nested Loop  (cost=0.00..6351.15 rows=1 width=21) (actual time=5.342..25.010 rows=2 loops=1)
Nested Loop  (cost=0.00..6351.35 rows=1 width=21) (actual time=13.992..27.412 rows=5 loops=1)
Sort  (cost=6351.45..6351.46 rows=1 width=149) (actual time=28.315..28.317 rows=1 loops=1)
Nested Loop  (cost=0.00..6351.73 rows=1 width=21) (actual time=1.463..24.738 rows=4 loops=1)
Sort  (cost=6351.45..6351.46 rows=1 width=149) (actual time=30.377..30.379 rows=1 loops=1)
Nested Loop  (cost=0.00..6351.15 rows=1 width=21) (actual time=4.950..25.527 rows=3 loops=1)
Sort  (cost=6351.45..6351.46 rows=1 width=149) (actual time=28.383..28.384 rows=1 loops=1)
Nested Loop  (cost=0.00..6351.56 rows=1 width=21) (actual time=10.258..24.331 rows=3 loops=1)
Nested Loop  (cost=0.00..6351.53 rows=1 width=21) (actual time=7.230..24.907 rows=5 loops=1)
Nested Loop  (cost=0.00..6351.15 rows=1 width=21) (actual time=14.550..25.029 rows=3 loops=1)
Nested Loop  (cost=0.00..6351.15 rows=1 width=21) (actual time=3.304..25.406 rows=3 loops=1)
Sort  (cost=6351.45..6351.46 rows=1 width=149) (actual time=29.117..29.119 rows=1 loops=1)
Nested Loop  (cost=0.00..6351.15 rows=1 width=21) (actual time=5.984..25.152 rows=2 loops=1)
Nested Loop  (cost=0.00..6351.15 rows=1 width=158) (actual time=9.446..24.918 rows=2 loops=1)
Sort  (cost=6351.45..6351.46 rows=1 width=149) (actual time=29.189..29.190 rows=2 loops=1)
Sort  (cost=6351.45..6351.46 rows=1 width=149) (actual time=28.891..28.893 rows=1 loops=1)
Nested Loop  (cost=0.00..6351.15 rows=1 width=21) (actual time=21.074..24.895 rows=1 loops=1)
Nested Loop  (cost=0.00..6351.44 rows=1 width=21) (actual time=8.206..25.165 rows=2 loops=1)
Nested Loop  (cost=0.00..6351.44 rows=1 width=21) (actual time=5.882..25.031 rows=2 loops=1)
Nested Loop  (cost=0.00..6351.15 rows=1 width=21) (actual time=1.743..25.254 rows=3 loops=1)
Nested Loop  (cost=0.00..6351.15 rows=1 width=158) (actual time=24.624..25.038 rows=1 loops=1)
Nested Loop  (cost=0.00..6351.15 rows=1 width=158) (actual time=1.634..24.942 rows=1 loops=1)
Nested Loop  (cost=0.00..6351.15 rows=1 width=403) (actual time=1.650..24.926 rows=1 loops=1)
Nested Loop  (cost=0.00..6351.44 rows=1 width=158) (actual time=20.249..24.162 rows=1 loops=1)
Sort  (cost=6351.45..6351.46 rows=1 width=149) (actual time=29.781..29.783 rows=6 loops=1)
Nested Loop  (cost=0.00..6351.15 rows=1 width=21) (actual time=17.615..24.579 rows=2 loops=1)
Sort  (cost=6351.45..6351.46 rows=1 width=149) (actual time=29.345..29.347 rows=1 loops=1)
Nested Loop  (cost=0.00..6351.15 rows=1 width=158) (actual time=7.904..24.394 rows=2 loops=1)
Nested Loop  (cost=0.00..6351.69 rows=1 width=158) (actual time=5.260..24.660 rows=5 loops=1)
Nested Loop  (cost=0.00..6351.15 rows=1 width=21) (actual time=8.221..24.927 rows=3 loops=1)
Sort  (cost=6351.45..6351.46 rows=1 width=149) (actual time=29.178..29.180 rows=6 loops=1)
Nested Loop  (cost=0.00..6351.15 rows=1 width=158) (actual time=3.662..24.791 rows=2 loops=1)
Nested Loop  (cost=0.00..6353.26 rows=1 width=158) (actual time=2.594..25.815 rows=14 loops=1)
Nested Loop  (cost=0.00..6353.26 rows=1 width=403) (actual time=2.636..26.543 rows=14 loops=1)
Sort  (cost=6351.45..6351.46 rows=1 width=149) (actual time=29.037..29.039 rows=1 loops=1)
Nested Loop  (cost=0.00..6351.15 rows=1 width=158) (actual time=18.800..24.674 rows=1 loops=1)
Nested Loop  (cost=0.00..6351.15 rows=1 width=21) (actual time=1.958..24.643 rows=2 loops=1)
Sort  (cost=6351.45..6351.46 rows=1 width=149) (actual time=29.470..29.471 rows=3 loops=1)
Nested Loop  (cost=0.00..6351.15 rows=1 width=158) (actual time=7.999..25.710 rows=1 loops=1)
Nested Loop  (cost=0.00..6351.15 rows=1 width=403) (actual time=7.921..24.859 rows=1 loops=1)
Nested Loop  (cost=0.00..6351.73 rows=1 width=158) (actual time=6.708..25.488 rows=2 loops=1)
Nested Loop  (cost=0.00..6351.69 rows=1 width=21) (actual time=4.100..25.416 rows=4 loops=1)
Nested Loop  (cost=0.00..6351.53 rows=1 width=21) (actual time=7.651..25.266 rows=3 loops=1)
Sort  (cost=6351.45..6351.46 rows=1 width=149) (actual time=30.933..30.935 rows=1 loops=1)
Nested Loop  (cost=0.00..6351.15 rows=1 width=21) (actual time=4.670..25.833 rows=2 loops=1)
Nested Loop  (cost=0.00..6353.26 rows=1 width=21) (actual time=2.961..26.689 rows=7 loops=1)
Nested Loop  (cost=0.00..6351.64 rows=1 width=21) (actual time=1.776..24.823 rows=2 loops=1)
Sort  (cost=6351.45..6351.46 rows=1 width=149) (actual time=29.891..29.893 rows=6 loops=1)
Nested Loop  (cost=0.00..6351.53 rows=1 width=21) (actual time=16.189..34.378 rows=4 loops=1)
Nested Loop  (cost=0.00..6351.15 rows=1 width=21) (actual time=0.166..24.824 rows=2 loops=1)
Sort  (cost=6351.45..6351.46 rows=1 width=149) (actual time=29.564..29.566 rows=3 loops=1)
Nested Loop  (cost=0.00..6351.15 rows=1 width=21) (actual time=3.789..25.788 rows=2 loops=1)
Nested Loop  (cost=0.00..6351.56 rows=1 width=158) (actual time=5.273..25.645 rows=5 loops=1)
Sort  (cost=6351.45..6351.46 rows=1 width=149) (actual time=29.185..29.187 rows=2 loops=1)
Sort  (cost=6351.45..6351.46 rows=1 width=149) (actual time=30.236..30.238 rows=2 loops=1)
Nested Loop  (cost=0.00..6351.73 rows=1 width=21) (actual time=2.898..25.292 rows=4 loops=1)
Nested Loop  (cost=0.00..6351.15 rows=1 width=21) (actual time=8.873..24.930 rows=2 loops=1)
Nested Loop  (cost=0.00..6351.15 rows=1 width=21) (actual time=4.459..24.795 rows=2 loops=1)
Sort  (cost=6351.45..6351.46 rows=1 width=149) (actual time=29.755..29.758 rows=6 loops=1)
Nested Loop  (cost=0.00..6351.15 rows=1 width=21) (actual time=5.517..24.567 rows=2 loops=1)
Sort  (cost=6351.45..6351.46 rows=1 width=149) (actual time=30.336..30.338 rows=10 loops=1)
Nested Loop  (cost=0.00..6351.15 rows=1 width=21) (actual time=15.796..28.223 rows=2 loops=1)
Nested Loop  (cost=0.00..6351.15 rows=1 width=21) (actual time=11.900..25.421 rows=3 loops=1)
Sort  (cost=6351.45..6351.46 rows=1 width=149) (actual time=29.551..29.553 rows=1 loops=1)
Nested Loop  (cost=0.00..6351.47 rows=1 width=158) (actual time=0.741..25.108 rows=2 loops=1)
Nested Loop  (cost=0.00..6351.69 rows=1 width=21) (actual time=3.972..26.012 rows=6 loops=1)
Sort  (cost=6352.94..6352.95 rows=1 width=149) (actual time=30.714..30.716 rows=3 loops=1)
Nested Loop  (cost=0.00..6351.15 rows=1 width=21) (actual time=5.677..24.344 rows=2 loops=1)
Nested Loop  (cost=0.00..6351.15 rows=1 width=158) (actual time=5.077..25.217 rows=1 loops=1)
Nested Loop  (cost=0.00..6351.15 rows=1 width=21) (actual time=8.077..25.290 rows=2 loops=1)
Nested Loop  (cost=0.00..6351.15 rows=1 width=21) (actual time=2.924..25.186 rows=2 loops=1)
Nested Loop  (cost=0.00..6351.15 rows=1 width=21) (actual time=7.326..24.311 rows=2 loops=1)
Nested Loop  (cost=0.00..6351.15 rows=1 width=21) (actual time=9.102..24.168 rows=3 loops=1)
Nested Loop  (cost=0.00..6351.15 rows=1 width=158) (actual time=26.671..34.339 rows=2 loops=1)
Nested Loop  (cost=0.00..6351.69 rows=1 width=158) (actual time=10.259..25.232 rows=3 loops=1)
Sort  (cost=6351.45..6351.46 rows=1 width=149) (actual time=28.481..28.483 rows=1 loops=1)
Nested Loop  (cost=0.00..6351.15 rows=1 width=21) (actual time=9.079..25.105 rows=2 loops=1)
Nested Loop  (cost=0.00..6351.15 rows=1 width=21) (actual time=4.880..24.741 rows=3 loops=1)
Nested Loop  (cost=0.00..6351.90 rows=1 width=21) (actual time=10.607..25.563 rows=4 loops=1)
Nested Loop  (cost=0.00..6351.15 rows=1 width=21) (actual time=12.277..25.063 rows=2 loops=1)
Sort  (cost=6351.45..6351.46 rows=1 width=149) (actual time=30.472..30.474 rows=1 loops=1)
Nested Loop  (cost=0.00..6351.15 rows=1 width=403) (actual time=23.595..24.780 rows=1 loops=1)
Nested Loop  (cost=0.00..6351.53 rows=1 width=21) (actual time=7.785..25.078 rows=3 loops=1)
Nested Loop  (cost=0.00..6352.84 rows=1 width=21) (actual time=5.918..26.110 rows=11 loops=1)
Sort  (cost=6351.45..6351.46 rows=1 width=149) (actual time=29.431..29.432 rows=1 loops=1)
Nested Loop  (cost=0.00..6351.15 rows=1 width=21) (actual time=1.455..25.246 rows=2 loops=1)
Nested Loop  (cost=0.00..6351.15 rows=1 width=158) (actual time=17.640..24.933 rows=3 loops=1)
Nested Loop  (cost=0.00..6351.38 rows=1 width=21) (actual time=3.798..25.132 rows=2 loops=1)
Nested Loop  (cost=0.00..6351.15 rows=1 width=21) (actual time=18.954..24.544 rows=2 loops=1)
Nested Loop  (cost=0.00..6351.15 rows=1 width=21) (actual time=6.187..24.720 rows=3 loops=1)
Sort  (cost=6351.45..6351.46 rows=1 width=149) (actual time=29.264..29.266 rows=5 loops=1)
Nested Loop  (cost=0.00..6351.15 rows=1 width=21) (actual time=5.757..25.045 rows=2 loops=1)
Nested Loop  (cost=0.00..6351.49 rows=1 width=21) (actual time=1.497..25.170 rows=5 loops=1)
Sort  (cost=6351.45..6351.46 rows=1 width=149) (actual time=29.135..29.136 rows=2 loops=1)
Nested Loop  (cost=0.00..6351.82 rows=1 width=158) (actual time=10.674..25.043 rows=2 loops=1)
Nested Loop  (cost=0.00..6351.15 rows=1 width=21) (actual time=6.064..25.049 rows=3 loops=1)
Sort  (cost=6351.45..6351.46 rows=1 width=149) (actual time=42.970..42.971 rows=2 loops=1)
Sort  (cost=6351.45..6351.46 rows=1 width=149) (actual time=32.154..32.157 rows=6 loops=1)
Nested Loop  (cost=0.00..6351.15 rows=1 width=158) (actual time=1.706..25.012 rows=1 loops=1)
Nested Loop  (cost=0.00..6351.90 rows=1 width=158) (actual time=2.446..25.721 rows=3 loops=1)
Nested Loop  (cost=0.00..6351.15 rows=1 width=21) (actual time=5.718..24.897 rows=3 loops=1)
Sort  (cost=6351.45..6351.46 rows=1 width=149) (actual time=29.442..29.444 rows=1 loops=1)
Nested Loop  (cost=0.00..6351.15 rows=1 width=403) (actual time=6.663..25.012 rows=1 loops=1)
Nested Loop  (cost=0.00..6351.15 rows=1 width=21) (actual time=4.037..24.932 rows=2 loops=1)
Nested Loop  (cost=0.00..6351.15 rows=1 width=21) (actual time=7.113..24.997 rows=2 loops=1)
Nested Loop  (cost=0.00..6351.82 rows=1 width=21) (actual time=4.411..25.582 rows=6 loops=1)
Sort  (cost=6351.45..6351.46 rows=1 width=149) (actual time=29.457..29.459 rows=1 loops=1)
Sort  (cost=6351.45..6351.46 rows=1 width=149) (actual time=29.278..29.280 rows=2 loops=1)
Sort  (cost=6351.45..6351.46 rows=1 width=149) (actual time=28.778..28.780 rows=3 loops=1)
Nested Loop  (cost=0.00..6351.15 rows=1 width=158) (actual time=17.542..28.246 rows=1 loops=1)
Nested Loop  (cost=0.00..6351.35 rows=1 width=21) (actual time=15.869..24.554 rows=2 loops=1)
Nested Loop  (cost=0.00..6351.69 rows=1 width=21) (actual time=2.534..25.068 rows=4 loops=1)
Sort  (cost=6351.45..6351.46 rows=1 width=149) (actual time=28.591..28.592 rows=1 loops=1)
Nested Loop  (cost=0.00..6351.15 rows=1 width=21) (actual time=1.901..24.596 rows=2 loops=1)
Nested Loop  (cost=0.00..6351.15 rows=1 width=158) (actual time=13.885..24.747 rows=1 loops=1)
Sort  (cost=6351.45..6351.46 rows=1 width=149) (actual time=28.968..28.970 rows=2 loops=1)
Sort  (cost=6351.45..6351.46 rows=1 width=149) (actual time=32.024..32.026 rows=1 loops=1)
Nested Loop  (cost=0.00..6351.15 rows=1 width=403) (actual time=5.582..26.576 rows=1 loops=1)
Nested Loop  (cost=0.00..6351.82 rows=1 width=21) (actual time=16.597..26.282 rows=4 loops=1)
Nested Loop  (cost=0.00..6351.15 rows=1 width=21) (actual time=6.522..30.128 rows=2 loops=1)
Nested Loop  (cost=0.00..6351.56 rows=1 width=21) (actual time=3.131..24.792 rows=3 loops=1)
Sort  (cost=6351.45..6351.46 rows=1 width=149) (actual time=29.129..29.131 rows=1 loops=1)
Nested Loop  (cost=0.00..6351.58 rows=1 width=21) (actual time=3.042..29.887 rows=3 loops=1)
Nested Loop  (cost=0.00..6351.38 rows=1 width=21) (actual time=2.050..25.590 rows=4 loops=1)
Nested Loop  (cost=0.00..6351.15 rows=1 width=21) (actual time=9.251..25.066 rows=2 loops=1)
Nested Loop  (cost=0.00..6351.15 rows=1 width=158) (actual time=0.552..32.901 rows=1 loops=1)
Nested Loop  (cost=0.00..6351.15 rows=1 width=158) (actual time=21.642..24.939 rows=1 loops=1)
Nested Loop  (cost=0.00..6351.15 rows=1 width=21) (actual time=5.855..25.439 rows=3 loops=1)
Sort  (cost=6351.45..6351.46 rows=1 width=149) (actual time=29.577..29.579 rows=2 loops=1)
Sort  (cost=6351.45..6351.46 rows=1 width=149) (actual time=29.678..29.679 rows=2 loops=1)
Sort  (cost=6351.45..6351.46 rows=1 width=149) (actual time=29.195..29.196 rows=1 loops=1)
Nested Loop  (cost=0.00..6351.15 rows=1 width=158) (actual time=13.825..24.306 rows=1 loops=1)
Sort  (cost=6351.45..6351.46 rows=1 width=149) (actual time=29.368..29.370 rows=1 loops=1)
Sort  (cost=6351.45..6351.46 rows=1 width=149) (actual time=28.966..28.968 rows=1 loops=1)
Sort  (cost=6351.45..6351.46 rows=1 width=149) (actual time=29.048..29.049 rows=1 loops=1)
Sort  (cost=6351.45..6351.46 rows=1 width=149) (actual time=30.472..30.474 rows=2 loops=1)
Nested Loop  (cost=0.00..6351.84 rows=1 width=21) (actual time=16.293..25.187 rows=2 loops=1)
Nested Loop  (cost=0.00..6351.69 rows=1 width=21) (actual time=3.316..38.674 rows=4 loops=1)
Nested Loop  (cost=0.00..6351.38 rows=1 width=21) (actual time=16.764..24.264 rows=2 loops=1)
Sort  (cost=6351.45..6351.46 rows=1 width=149) (actual time=28.891..28.893 rows=2 loops=1)
Sort  (cost=6351.45..6351.46 rows=1 width=149) (actual time=30.800..30.802 rows=2 loops=1)
Nested Loop  (cost=0.00..6351.15 rows=1 width=403) (actual time=11.490..24.352 rows=1 loops=1)
Sort  (cost=6355.99..6355.99 rows=1 width=149) (actual time=29.366..29.368 rows=21 loops=1)
Nested Loop  (cost=0.00..6351.15 rows=1 width=21) (actual time=11.819..25.151 rows=2 loops=1)
Nested Loop  (cost=0.00..6352.07 rows=1 width=158) (actual time=5.463..25.661 rows=4 loops=1)
Nested Loop  (cost=0.00..6352.84 rows=1 width=21) (actual time=7.734..26.006 rows=12 loops=1)
Nested Loop  (cost=0.00..6351.35 rows=1 width=21) (actual time=17.332..25.017 rows=1 loops=1)
Nested Loop  (cost=0.00..6351.15 rows=1 width=21) (actual time=3.557..25.434 rows=4 loops=1)
Nested Loop  (cost=0.00..6353.26 rows=1 width=21) (actual time=2.748..27.321 rows=14 loops=1)
Nested Loop  (cost=0.00..6351.35 rows=1 width=21) (actual time=1.064..25.596 rows=2 loops=1)
Sort  (cost=6351.45..6351.46 rows=1 width=149) (actual time=29.368..29.369 rows=2 loops=1)
Nested Loop  (cost=0.00..6351.15 rows=1 width=403) (actual time=5.213..24.966 rows=2 loops=1)
Nested Loop  (cost=0.00..6351.15 rows=1 width=21) (actual time=7.342..24.535 rows=2 loops=1)
Nested Loop  (cost=0.00..6351.15 rows=1 width=21) (actual time=15.255..27.760 rows=4 loops=1)
Nested Loop  (cost=0.00..6351.15 rows=1 width=21) (actual time=1.966..24.389 rows=3 loops=1)
Nested Loop  (cost=0.00..6351.15 rows=1 width=158) (actual time=21.275..24.838 rows=1 loops=1)
Sort  (cost=6351.45..6351.46 rows=1 width=149) (actual time=28.900..28.902 rows=2 loops=1)
Sort  (cost=6351.45..6351.46 rows=1 width=149) (actual time=29.344..29.346 rows=2 loops=1)
Sort  (cost=6351.45..6351.46 rows=1 width=149) (actual time=28.269..28.271 rows=1 loops=1)
Nested Loop  (cost=0.00..6351.15 rows=1 width=21) (actual time=14.442..24.744 rows=2 loops=1)
Nested Loop  (cost=0.00..6351.53 rows=1 width=21) (actual time=4.416..27.050 rows=2 loops=1)
Nested Loop  (cost=0.00..6351.76 rows=1 width=21) (actual time=7.448..30.777 rows=3 loops=1)
Nested Loop  (cost=0.00..6351.82 rows=1 width=21) (actual time=3.736..28.332 rows=6 loops=1)
Sort  (cost=6356.44..6356.44 rows=1 width=149) (actual time=30.110..30.114 rows=24 loops=1)
Nested Loop  (cost=0.00..6351.15 rows=1 width=158) (actual time=8.421..24.697 rows=1 loops=1)
Nested Loop  (cost=0.00..6351.58 rows=1 width=21) (actual time=9.232..25.073 rows=5 loops=1)
Sort  (cost=6351.45..6351.46 rows=1 width=149) (actual time=28.957..28.959 rows=1 loops=1)
Nested Loop  (cost=0.00..6351.15 rows=1 width=158) (actual time=18.456..24.601 rows=1 loops=1)
Nested Loop  (cost=0.00..6351.15 rows=1 width=21) (actual time=3.538..27.986 rows=2 loops=1)
Sort  (cost=6351.45..6351.46 rows=1 width=149) (actual time=29.218..29.220 rows=1 loops=1)
Sort  (cost=6351.45..6351.46 rows=1 width=149) (actual time=32.925..32.926 rows=1 loops=1)
Nested Loop  (cost=0.00..6351.15 rows=1 width=21) (actual time=0.600..25.021 rows=2 loops=1)
Sort  (cost=6351.45..6351.46 rows=1 width=149) (actual time=29.053..29.055 rows=1 loops=1)
Sort  (cost=6351.45..6351.46 rows=1 width=149) (actual time=30.687..30.690 rows=6 loops=1)
Nested Loop  (cost=0.00..6351.47 rows=1 width=21) (actual time=8.389..25.799 rows=3 loops=1)
Sort  (cost=6351.45..6351.46 rows=1 width=149) (actual time=29.677..29.679 rows=1 loops=1)
Nested Loop  (cost=0.00..6351.69 rows=1 width=21) (actual time=14.287..25.101 rows=4 loops=1)
Sort  (cost=6351.45..6351.46 rows=1 width=149) (actual time=29.691..29.692 rows=1 loops=1)
Nested Loop  (cost=0.00..6351.15 rows=1 width=21) (actual time=13.398..25.008 rows=2 loops=1)
Sort  (cost=6351.45..6351.46 rows=1 width=149) (actual time=30.267..30.269 rows=2 loops=1)
Nested Loop  (cost=0.00..6351.15 rows=1 width=21) (actual time=3.203..24.763 rows=3 loops=1)
Nested Loop  (cost=0.00..6351.15 rows=1 width=21) (actual time=0.903..24.114 rows=2 loops=1)
Nested Loop  (cost=0.00..6351.15 rows=1 width=158) (actual time=8.911..24.523 rows=2 loops=1)
Nested Loop  (cost=0.00..6351.76 rows=1 width=158) (actual time=11.701..27.959 rows=5 loops=1)
Sort  (cost=6351.45..6351.46 rows=1 width=149) (actual time=38.933..38.935 rows=2 loops=1)
Nested Loop  (cost=0.00..6351.15 rows=1 width=21) (actual time=2.161..24.277 rows=2 loops=1)
Nested Loop  (cost=0.00..6351.56 rows=1 width=158) (actual time=5.028..25.241 rows=6 loops=1)
Sort  (cost=6351.45..6351.46 rows=1 width=149) (actual time=29.312..29.314 rows=2 loops=1)
Nested Loop  (cost=0.00..6351.15 rows=1 width=21) (actual time=5.272..24.956 rows=2 loops=1)
Nested Loop  (cost=0.00..6351.49 rows=1 width=21) (actual time=2.438..25.196 rows=5 loops=1)
Nested Loop  (cost=0.00..6351.15 rows=1 width=21) (actual time=6.019..25.289 rows=4 loops=1)
Nested Loop  (cost=0.00..6351.15 rows=1 width=158) (actual time=7.481..27.028 rows=1 loops=1)
Nested Loop  (cost=0.00..6351.15 rows=1 width=158) (actual time=10.075..25.240 rows=1 loops=1)
Sort  (cost=6351.45..6351.46 rows=1 width=149) (actual time=29.452..29.453 rows=1 loops=1)
Sort  (cost=6351.45..6351.46 rows=1 width=149) (actual time=28.603..28.605 rows=1 loops=1)
Nested Loop  (cost=0.00..6351.38 rows=1 width=21) (actual time=2.167..24.389 rows=4 loops=1)
Sort  (cost=6353.11..6353.12 rows=1 width=149) (actual time=30.757..30.760 rows=12 loops=1)
Nested Loop  (cost=0.00..6351.47 rows=1 width=21) (actual time=7.784..25.232 rows=5 loops=1)
Nested Loop  (cost=0.00..6351.58 rows=1 width=21) (actual time=7.655..26.329 rows=6 loops=1)
Nested Loop  (cost=0.00..6351.15 rows=1 width=21) (actual time=15.253..25.958 rows=3 loops=1)
Nested Loop  (cost=0.00..6351.69 rows=1 width=21) (actual time=10.447..26.015 rows=5 loops=1)
Sort  (cost=6351.45..6351.46 rows=1 width=149) (actual time=29.237..29.238 rows=1 loops=1)
Nested Loop  (cost=0.00..6351.15 rows=1 width=21) (actual time=12.597..25.104 rows=2 loops=1)
Nested Loop  (cost=0.00..6352.84 rows=1 width=21) (actual time=7.169..25.292 rows=4 loops=1)
Nested Loop  (cost=0.00..6351.38 rows=1 width=21) (actual time=7.127..24.161 rows=4 loops=1)
Nested Loop  (cost=0.00..6351.38 rows=1 width=158) (actual time=19.381..24.200 rows=1 loops=1)
Nested Loop  (cost=0.00..6351.38 rows=1 width=403) (actual time=20.276..26.249 rows=1 loops=1)
Sort  (cost=6351.45..6351.46 rows=1 width=149) (actual time=29.386..29.388 rows=5 loops=1)
Nested Loop  (cost=0.00..6351.15 rows=1 width=21) (actual time=25.910..33.077 rows=2 loops=1)
Nested Loop  (cost=0.00..6351.15 rows=1 width=158) (actual time=21.324..24.835 rows=1 loops=1)
Nested Loop  (cost=0.00..6351.64 rows=1 width=21) (actual time=2.276..26.323 rows=4 loops=1)
Sort  (cost=6351.45..6351.46 rows=1 width=149) (actual time=28.521..28.524 rows=1 loops=1)
Sort  (cost=6351.45..6351.46 rows=1 width=149) (actual time=29.460..29.462 rows=1 loops=1)
Sort  (cost=6351.45..6351.46 rows=1 width=149) (actual time=28.593..28.595 rows=1 loops=1)
Sort  (cost=6351.45..6351.46 rows=1 width=149) (actual time=29.111..29.112 rows=1 loops=1)
Sort  (cost=6351.45..6351.46 rows=1 width=149) (actual time=31.737..31.739 rows=1 loops=1)
Sort  (cost=6355.20..6355.20 rows=1 width=149) (actual time=28.565..28.567 rows=13 loops=1)
Sort  (cost=6362.35..6362.36 rows=1 width=149) (actual time=29.820..29.825 rows=43 loops=1)
Nested Loop  (cost=0.00..6351.15 rows=1 width=21) (actual time=4.563..24.595 rows=2 loops=1)
Sort  (cost=6351.45..6351.46 rows=1 width=149) (actual time=29.786..29.788 rows=4 loops=1)
Sort  (cost=6351.45..6351.46 rows=1 width=149) (actual time=32.620..32.621 rows=1 loops=1)
Sort  (cost=6351.45..6351.46 rows=1 width=149) (actual time=29.012..29.014 rows=5 loops=1)
Sort  (cost=6351.45..6351.46 rows=1 width=149) (actual time=28.782..28.784 rows=1 loops=1)
Nested Loop  (cost=0.00..6351.15 rows=1 width=21) (actual time=3.820..25.200 rows=2 loops=1)
Nested Loop  (cost=0.00..6351.15 rows=1 width=21) (actual time=6.567..24.653 rows=2 loops=1)
Sort  (cost=6351.45..6351.46 rows=1 width=149) (actual time=29.223..29.225 rows=1 loops=1)
Nested Loop  (cost=0.00..6351.15 rows=1 width=158) (actual time=22.529..26.029 rows=2 loops=1)
Nested Loop  (cost=0.00..6351.15 rows=1 width=21) (actual time=13.528..25.077 rows=3 loops=1)
Nested Loop  (cost=0.00..6351.15 rows=1 width=21) (actual time=6.241..29.531 rows=2 loops=1)
Nested Loop  (cost=0.00..6351.15 rows=1 width=21) (actual time=7.677..25.853 rows=2 loops=1)
Sort  (cost=6351.45..6351.46 rows=1 width=149) (actual time=29.847..29.849 rows=1 loops=1)
Sort  (cost=6353.09..6353.10 rows=1 width=149) (actual time=36.103..36.106 rows=18 loops=1)
Sort  (cost=6351.45..6351.46 rows=1 width=149) (actual time=30.701..30.702 rows=1 loops=1)
Nested Loop  (cost=0.00..6351.15 rows=1 width=21) (actual time=10.878..25.010 rows=2 loops=1)
Sort  (cost=6351.45..6351.46 rows=1 width=149) (actual time=29.762..29.764 rows=1 loops=1)
Nested Loop  (cost=0.00..6351.15 rows=1 width=21) (actual time=4.505..25.059 rows=2 loops=1)
Nested Loop  (cost=0.00..6351.15 rows=1 width=21) (actual time=2.518..25.018 rows=2 loops=1)
Sort  (cost=6351.45..6351.46 rows=1 width=149) (actual time=28.099..28.101 rows=1 loops=1)
Nested Loop  (cost=0.00..6351.15 rows=1 width=21) (actual time=2.827..24.167 rows=2 loops=1)
Nested Loop  (cost=0.00..6351.15 rows=1 width=21) (actual time=2.318..24.682 rows=2 loops=1)
Nested Loop  (cost=0.00..6351.53 rows=1 width=21) (actual time=12.867..25.143 rows=3 loops=1)
Sort  (cost=6351.45..6351.46 rows=1 width=149) (actual time=30.222..30.224 rows=4 loops=1)
Nested Loop  (cost=0.00..6351.40 rows=1 width=21) (actual time=2.463..24.965 rows=3 loops=1)
Nested Loop  (cost=0.00..6352.84 rows=1 width=21) (actual time=0.119..25.914 rows=4 loops=1)
Sort  (cost=6351.45..6351.46 rows=1 width=149) (actual time=29.180..29.181 rows=1 loops=1)
Nested Loop  (cost=0.00..6351.15 rows=1 width=21) (actual time=1.595..24.505 rows=2 loops=1)
Nested Loop  (cost=0.00..6353.26 rows=1 width=21) (actual time=1.881..26.051 rows=6 loops=1)
Sort  (cost=6351.45..6351.46 rows=1 width=149) (actual time=28.657..28.658 rows=1 loops=1)
Sort  (cost=6351.45..6351.46 rows=1 width=149) (actual time=29.105..29.108 rows=6 loops=1)
Nested Loop  (cost=0.00..6351.15 rows=1 width=21) (actual time=9.841..24.368 rows=4 loops=1)
Sort  (cost=6351.45..6351.46 rows=1 width=149) (actual time=32.515..32.516 rows=1 loops=1)
Sort  (cost=6351.45..6351.46 rows=1 width=149) (actual time=28.788..28.790 rows=1 loops=1)
Nested Loop  (cost=0.00..6351.15 rows=1 width=21) (actual time=5.449..24.822 rows=2 loops=1)
Sort  (cost=6351.45..6351.46 rows=1 width=149) (actual time=29.305..29.307 rows=2 loops=1)
Nested Loop  (cost=0.00..6351.15 rows=1 width=158) (actual time=11.098..24.864 rows=2 loops=1)
Nested Loop  (cost=0.00..6351.15 rows=1 width=158) (actual time=4.168..24.914 rows=1 loops=1)
Nested Loop  (cost=0.00..6351.15 rows=1 width=158) (actual time=11.207..24.992 rows=1 loops=1)
Nested Loop  (cost=0.00..6351.76 rows=1 width=21) (actual time=13.550..25.261 rows=4 loops=1)
Sort  (cost=6352.78..6352.78 rows=1 width=149) (actual time=30.315..30.318 rows=9 loops=1)
Nested Loop  (cost=0.00..6351.15 rows=1 width=21) (actual time=8.954..23.943 rows=2 loops=1)
Nested Loop  (cost=0.00..6351.15 rows=1 width=21) (actual time=6.287..24.748 rows=4 loops=1)
Sort  (cost=6351.45..6351.46 rows=1 width=149) (actual time=29.950..29.951 rows=2 loops=1)
Sort  (cost=6351.45..6351.46 rows=1 width=149) (actual time=28.551..28.553 rows=1 loops=1)
Nested Loop  (cost=0.00..6351.15 rows=1 width=21) (actual time=18.203..24.941 rows=2 loops=1)
Nested Loop  (cost=0.00..6351.15 rows=1 width=21) (actual time=4.755..24.830 rows=2 loops=1)
Nested Loop  (cost=0.00..6351.15 rows=1 width=21) (actual time=19.212..24.856 rows=2 loops=1)
Nested Loop  (cost=0.00..6351.15 rows=1 width=158) (actual time=16.058..25.075 rows=2 loops=1)
Nested Loop  (cost=0.00..6352.64 rows=1 width=21) (actual time=4.388..25.242 rows=9 loops=1)
Nested Loop  (cost=0.00..6351.49 rows=1 width=21) (actual time=15.897..37.940 rows=5 loops=1)
Nested Loop  (cost=0.00..6351.15 rows=1 width=21) (actual time=13.681..24.794 rows=2 loops=1)
Nested Loop  (cost=0.00..6351.15 rows=1 width=158) (actual time=15.450..25.072 rows=1 loops=1)
Sort  (cost=6362.35..6362.36 rows=1 width=149) (actual time=29.974..29.980 rows=50 loops=1)
Nested Loop  (cost=0.00..6351.15 rows=1 width=21) (actual time=0.574..24.686 rows=2 loops=1)
Sort  (cost=6351.45..6351.46 rows=1 width=149) (actual time=29.659..29.661 rows=1 loops=1)
Nested Loop  (cost=0.00..6351.15 rows=1 width=21) (actual time=10.695..24.818 rows=2 loops=1)
Nested Loop  (cost=0.00..6351.15 rows=1 width=158) (actual time=6.390..24.885 rows=2 loops=1)
Nested Loop  (cost=0.00..6351.15 rows=1 width=403) (actual time=6.285..25.566 rows=2 loops=1)
Nested Loop  (cost=0.00..6351.15 rows=1 width=21) (actual time=1.559..25.009 rows=2 loops=1)
Nested Loop  (cost=0.00..6351.82 rows=1 width=21) (actual time=2.460..25.363 rows=6 loops=1)
Nested Loop  (cost=0.00..6351.15 rows=1 width=21) (actual time=15.046..24.756 rows=2 loops=1)
Nested Loop  (cost=0.00..6351.69 rows=1 width=21) (actual time=0.728..24.952 rows=2 loops=1)
Nested Loop  (cost=0.00..6351.15 rows=1 width=158) (actual time=25.067..25.224 rows=1 loops=1)
Nested Loop  (cost=0.00..6351.15 rows=1 width=403) (actual time=25.331..25.494 rows=1 loops=1)
Sort  (cost=6351.45..6351.46 rows=1 width=149) (actual time=33.025..33.027 rows=1 loops=1)
Nested Loop  (cost=0.00..6351.44 rows=1 width=21) (actual time=5.220..29.430 rows=3 loops=1)
Nested Loop  (cost=0.00..6351.15 rows=1 width=158) (actual time=10.050..24.877 rows=1 loops=1)
Nested Loop  (cost=0.00..6351.15 rows=1 width=21) (actual time=2.812..24.758 rows=2 loops=1)
Sort  (cost=6351.45..6351.46 rows=1 width=149) (actual time=36.204..36.206 rows=1 loops=1)
Nested Loop  (cost=0.00..6351.15 rows=1 width=21) (actual time=20.577..25.323 rows=3 loops=1)
Nested Loop  (cost=0.00..6351.38 rows=1 width=158) (actual time=11.588..25.429 rows=2 loops=1)
Nested Loop  (cost=0.00..6351.40 rows=1 width=158) (actual time=4.191..24.389 rows=2 loops=1)
Nested Loop  (cost=0.00..6351.15 rows=1 width=21) (actual time=12.601..24.494 rows=2 loops=1)
Nested Loop  (cost=0.00..6351.53 rows=1 width=158) (actual time=15.750..24.862 rows=3 loops=1)
Nested Loop  (cost=0.00..6351.15 rows=1 width=21) (actual time=7.019..25.016 rows=3 loops=1)
Sort  (cost=6351.45..6351.46 rows=1 width=149) (actual time=29.069..29.071 rows=1 loops=1)
Nested Loop  (cost=0.00..6351.15 rows=1 width=158) (actual time=18.488..24.674 rows=2 loops=1)
Nested Loop  (cost=0.00..6351.15 rows=1 width=21) (actual time=9.609..25.074 rows=3 loops=1)
Nested Loop  (cost=0.00..6351.56 rows=1 width=158) (actual time=9.450..25.605 rows=5 loops=1)
Nested Loop  (cost=0.00..6351.53 rows=1 width=21) (actual time=1.742..25.301 rows=5 loops=1)
Sort  (cost=6355.57..6355.58 rows=1 width=149) (actual time=29.586..29.589 rows=16 loops=1)
Nested Loop  (cost=0.00..6351.15 rows=1 width=21) (actual time=1.372..25.144 rows=2 loops=1)
Sort  (cost=6351.45..6351.46 rows=1 width=149) (actual time=29.324..29.326 rows=1 loops=1)
Sort  (cost=6351.45..6351.46 rows=1 width=149) (actual time=29.228..29.230 rows=3 loops=1)
Nested Loop  (cost=0.00..6351.15 rows=1 width=21) (actual time=2.915..25.652 rows=2 loops=1)
Nested Loop  (cost=0.00..6351.40 rows=1 width=21) (actual time=3.897..24.992 rows=4 loops=1)
Nested Loop  (cost=0.00..6351.78 rows=1 width=21) (actual time=2.901..25.386 rows=4 loops=1)
Sort  (cost=6351.45..6351.46 rows=1 width=149) (actual time=28.914..28.915 rows=1 loops=1)
Nested Loop  (cost=0.00..6351.67 rows=1 width=21) (actual time=5.259..25.541 rows=4 loops=1)
Sort  (cost=6351.45..6351.46 rows=1 width=149) (actual time=29.163..29.164 rows=1 loops=1)
Nested Loop  (cost=0.00..6351.15 rows=1 width=158) (actual time=12.915..25.241 rows=3 loops=1)
Nested Loop  (cost=0.00..6351.15 rows=1 width=403) (actual time=12.827..25.070 rows=3 loops=1)
Nested Loop  (cost=0.00..6351.78 rows=1 width=158) (actual time=6.567..26.999 rows=3 loops=1)
Nested Loop  (cost=0.00..6351.15 rows=1 width=21) (actual time=7.334..24.587 rows=3 loops=1)
Nested Loop  (cost=0.00..6351.47 rows=1 width=21) (actual time=2.336..24.682 rows=4 loops=1)
Sort  (cost=6351.45..6351.46 rows=1 width=149) (actual time=29.137..29.139 rows=1 loops=1)
Nested Loop  (cost=0.00..6351.47 rows=1 width=21) (actual time=5.211..25.196 rows=4 loops=1)
Nested Loop  (cost=0.00..6351.90 rows=1 width=21) (actual time=4.294..25.028 rows=4 loops=1)
Nested Loop  (cost=0.00..6351.47 rows=1 width=21) (actual time=15.165..24.652 rows=2 loops=1)
Sort  (cost=6351.45..6351.46 rows=1 width=149) (actual time=31.906..31.908 rows=2 loops=1)
Nested Loop  (cost=0.00..6351.15 rows=1 width=403) (actual time=2.674..24.761 rows=2 loops=1)
Nested Loop  (cost=0.00..6351.69 rows=1 width=21) (actual time=5.777..25.095 rows=3 loops=1)
Nested Loop  (cost=0.00..6351.15 rows=1 width=158) (actual time=23.684..25.661 rows=1 loops=1)
Nested Loop  (cost=0.00..6351.90 rows=1 width=21) (actual time=1.936..25.644 rows=4 loops=1)
Nested Loop  (cost=0.00..6351.15 rows=1 width=158) (actual time=3.246..24.482 rows=2 loops=1)
Nested Loop  (cost=0.00..6351.15 rows=1 width=21) (actual time=9.369..37.398 rows=2 loops=1)
Nested Loop  (cost=0.00..6351.84 rows=1 width=21) (actual time=14.473..24.789 rows=3 loops=1)
Nested Loop  (cost=0.00..6351.15 rows=1 width=158) (actual time=4.048..25.237 rows=1 loops=1)
Sort  (cost=6351.45..6351.46 rows=1 width=149) (actual time=28.902..28.904 rows=1 loops=1)
Nested Loop  (cost=0.00..6351.15 rows=1 width=21) (actual time=11.256..24.524 rows=2 loops=1)
Nested Loop  (cost=0.00..6351.15 rows=1 width=21) (actual time=4.365..24.950 rows=3 loops=1)
Sort  (cost=6351.45..6351.46 rows=1 width=149) (actual time=29.413..29.415 rows=1 loops=1)
Nested Loop  (cost=0.00..6351.90 rows=1 width=158) (actual time=1.365..25.475 rows=3 loops=1)
Nested Loop  (cost=0.00..6351.78 rows=1 width=21) (actual time=6.903..25.585 rows=4 loops=1)
Sort  (cost=6351.45..6351.46 rows=1 width=149) (actual time=36.060..36.062 rows=2 loops=1)
Sort  (cost=6351.45..6351.46 rows=1 width=149) (actual time=28.177..28.179 rows=1 loops=1)
Nested Loop  (cost=0.00..6351.15 rows=1 width=21) (actual time=0.362..25.055 rows=2 loops=1)
Nested Loop  (cost=0.00..6352.64 rows=1 width=21) (actual time=4.323..29.562 rows=9 loops=1)
Nested Loop  (cost=0.00..6351.15 rows=1 width=21) (actual time=8.937..25.368 rows=2 loops=1)
Sort  (cost=6351.45..6351.46 rows=1 width=149) (actual time=29.659..29.660 rows=1 loops=1)
Nested Loop  (cost=0.00..6351.15 rows=1 width=21) (actual time=9.720..26.048 rows=3 loops=1)
Sort  (cost=6351.45..6351.46 rows=1 width=149) (actual time=33.941..33.943 rows=1 loops=1)
Nested Loop  (cost=0.00..6351.15 rows=1 width=158) (actual time=14.861..24.656 rows=1 loops=1)
Nested Loop  (cost=0.00..6351.15 rows=1 width=21) (actual time=6.732..24.614 rows=3 loops=1)
Sort  (cost=6356.81..6356.82 rows=1 width=149) (actual time=29.277..29.280 rows=14 loops=1)
Nested Loop  (cost=0.00..6351.15 rows=1 width=158) (actual time=3.318..25.108 rows=1 loops=1)
Sort  (cost=6351.45..6351.46 rows=1 width=149) (actual time=29.569..29.571 rows=4 loops=1)
Nested Loop  (cost=0.00..6351.15 rows=1 width=21) (actual time=11.760..25.268 rows=2 loops=1)
Nested Loop  (cost=0.00..6351.15 rows=1 width=21) (actual time=16.011..26.521 rows=3 loops=1)
Sort  (cost=6351.45..6351.46 rows=1 width=149) (actual time=29.883..29.885 rows=3 loops=1)
Sort  (cost=6351.45..6351.46 rows=1 width=149) (actual time=29.516..29.518 rows=1 loops=1)
Nested Loop  (cost=0.00..6351.15 rows=1 width=158) (actual time=17.414..24.970 rows=1 loops=1)
Sort  (cost=6351.45..6351.46 rows=1 width=149) (actual time=29.567..29.569 rows=4 loops=1)
Nested Loop  (cost=0.00..6351.15 rows=1 width=158) (actual time=4.165..25.237 rows=2 loops=1)
Nested Loop  (cost=0.00..6351.15 rows=1 width=21) (actual time=1.801..25.970 rows=4 loops=1)
Nested Loop  (cost=0.00..6353.26 rows=1 width=21) (actual time=6.373..26.035 rows=12 loops=1)
Sort  (cost=6351.45..6351.46 rows=1 width=149) (actual time=28.868..28.870 rows=4 loops=1)
Nested Loop  (cost=0.00..6351.15 rows=1 width=403) (actual time=3.934..24.371 rows=1 loops=1)
Nested Loop  (cost=0.00..6351.15 rows=1 width=21) (actual time=9.265..24.358 rows=3 loops=1)
Nested Loop  (cost=0.00..6351.15 rows=1 width=21) (actual time=16.734..24.851 rows=2 loops=1)
Nested Loop  (cost=0.00..6351.64 rows=1 width=21) (actual time=4.140..25.332 rows=4 loops=1)
Nested Loop  (cost=0.00..6351.15 rows=1 width=21) (actual time=16.844..24.359 rows=2 loops=1)
Nested Loop  (cost=0.00..6351.15 rows=1 width=21) (actual time=8.392..24.294 rows=2 loops=1)
Nested Loop  (cost=0.00..6351.40 rows=1 width=21) (actual time=8.615..24.933 rows=2 loops=1)
Nested Loop  (cost=0.00..6351.78 rows=1 width=158) (actual time=6.663..25.548 rows=4 loops=1)
Nested Loop  (cost=0.00..6351.78 rows=1 width=403) (actual time=6.580..26.164 rows=4 loops=1)
Sort  (cost=6351.45..6351.46 rows=1 width=149) (actual time=29.434..29.436 rows=2 loops=1)
Nested Loop  (cost=0.00..6351.67 rows=1 width=21) (actual time=2.303..25.083 rows=3 loops=1)
Nested Loop  (cost=0.00..6351.15 rows=1 width=21) (actual time=1.517..24.573 rows=2 loops=1)
Nested Loop  (cost=0.00..6351.15 rows=1 width=21) (actual time=7.027..24.457 rows=2 loops=1)
Nested Loop  (cost=0.00..6351.15 rows=1 width=158) (actual time=12.043..24.866 rows=1 loops=1)
Nested Loop  (cost=0.00..6351.69 rows=1 width=21) (actual time=3.470..25.895 rows=7 loops=1)
Nested Loop  (cost=0.00..6351.56 rows=1 width=158) (actual time=2.655..25.240 rows=2 loops=1)
Sort  (cost=6351.45..6351.46 rows=1 width=149) (actual time=29.412..29.413 rows=2 loops=1)
Sort  (cost=6351.45..6351.46 rows=1 width=149) (actual time=29.191..29.193 rows=1 loops=1)
Nested Loop  (cost=0.00..6351.76 rows=1 width=21) (actual time=1.462..25.634 rows=3 loops=1)
Nested Loop  (cost=0.00..6351.58 rows=1 width=158) (actual time=11.194..25.347 rows=2 loops=1)
Nested Loop  (cost=0.00..6351.44 rows=1 width=21) (actual time=6.815..25.134 rows=2 loops=1)
Nested Loop  (cost=0.00..6352.84 rows=1 width=21) (actual time=7.168..25.394 rows=4 loops=1)
Nested Loop  (cost=0.00..6351.15 rows=1 width=158) (actual time=22.373..24.462 rows=1 loops=1)
Nested Loop  (cost=0.00..6351.15 rows=1 width=403) (actual time=22.506..24.614 rows=1 loops=1)
Sort  (cost=6351.45..6351.46 rows=1 width=149) (actual time=29.008..29.010 rows=1 loops=1)
Nested Loop  (cost=0.00..6351.38 rows=1 width=21) (actual time=15.912..25.266 rows=2 loops=1)
Sort  (cost=6353.07..6353.07 rows=1 width=149) (actual time=29.513..29.516 rows=7 loops=1)
Sort  (cost=6351.45..6351.46 rows=1 width=149) (actual time=47.215..47.217 rows=2 loops=1)
Nested Loop  (cost=0.00..6351.15 rows=1 width=21) (actual time=7.414..26.515 rows=3 loops=1)
Nested Loop  (cost=0.00..6351.15 rows=1 width=21) (actual time=14.643..24.978 rows=2 loops=1)
Nested Loop  (cost=0.00..6351.15 rows=1 width=21) (actual time=0.500..25.446 rows=2 loops=1)
Sort  (cost=6351.45..6351.46 rows=1 width=149) (actual time=29.245..29.247 rows=1 loops=1)
Nested Loop  (cost=0.00..6351.15 rows=1 width=403) (actual time=21.078..30.287 rows=1 loops=1)
Sort  (cost=6351.45..6351.46 rows=1 width=149) (actual time=29.233..29.235 rows=1 loops=1)
Nested Loop  (cost=0.00..6351.15 rows=1 width=158) (actual time=17.867..25.287 rows=1 loops=1)
Nested Loop  (cost=0.00..6351.15 rows=1 width=21) (actual time=0.272..24.661 rows=3 loops=1)
Nested Loop  (cost=0.00..6351.15 rows=1 width=21) (actual time=10.118..24.708 rows=2 loops=1)
Sort  (cost=6351.45..6351.46 rows=1 width=149) (actual time=29.857..29.859 rows=1 loops=1)
Nested Loop  (cost=0.00..6351.73 rows=1 width=21) (actual time=11.113..24.957 rows=4 loops=1)
Sort  (cost=6351.45..6351.46 rows=1 width=149) (actual time=29.204..29.205 rows=1 loops=1)
Nested Loop  (cost=0.00..6351.15 rows=1 width=21) (actual time=24.998..26.304 rows=1 loops=1)
Nested Loop  (cost=0.00..6351.15 rows=1 width=21) (actual time=19.464..24.700 rows=2 loops=1)
Nested Loop  (cost=0.00..6352.84 rows=1 width=21) (actual time=4.178..26.728 rows=8 loops=1)
Nested Loop  (cost=0.00..6351.15 rows=1 width=21) (actual time=0.868..24.988 rows=3 loops=1)
Sort  (cost=6351.45..6351.46 rows=1 width=149) (actual time=29.934..29.936 rows=1 loops=1)
Nested Loop  (cost=0.00..6351.76 rows=1 width=158) (actual time=16.812..26.102 rows=4 loops=1)
Sort  (cost=6351.45..6351.46 rows=1 width=149) (actual time=29.322..29.324 rows=1 loops=1)
Nested Loop  (cost=0.00..6352.64 rows=1 width=21) (actual time=10.446..25.948 rows=7 loops=1)
Sort  (cost=6351.45..6351.46 rows=1 width=149) (actual time=31.508..31.510 rows=1 loops=1)
Nested Loop  (cost=0.00..6351.15 rows=1 width=158) (actual time=13.022..27.469 rows=1 loops=1)
Nested Loop  (cost=0.00..6351.40 rows=1 width=21) (actual time=3.406..24.537 rows=3 loops=1)
Nested Loop  (cost=0.00..6351.15 rows=1 width=21) (actual time=9.012..25.184 rows=3 loops=1)
Sort  (cost=6351.45..6351.46 rows=1 width=149) (actual time=29.821..29.824 rows=2 loops=1)
Nested Loop  (cost=0.00..6351.15 rows=1 width=21) (actual time=2.901..24.942 rows=3 loops=1)
Nested Loop  (cost=0.00..6351.15 rows=1 width=158) (actual time=19.199..23.904 rows=1 loops=1)
Sort  (cost=6351.45..6351.46 rows=1 width=149) (actual time=27.817..27.819 rows=2 loops=1)
Nested Loop  (cost=0.00..6351.15 rows=1 width=21) (actual time=5.701..25.358 rows=2 loops=1)
Sort  (cost=6351.45..6351.46 rows=1 width=149) (actual time=29.321..29.323 rows=1 loops=1)
Nested Loop  (cost=0.00..6351.15 rows=1 width=158) (actual time=5.949..25.070 rows=3 loops=1)
Nested Loop  (cost=0.00..6351.15 rows=1 width=21) (actual time=0.786..25.424 rows=2 loops=1)
Sort  (cost=6351.45..6351.46 rows=1 width=149) (actual time=29.783..29.785 rows=1 loops=1)
Nested Loop  (cost=0.00..6351.15 rows=1 width=158) (actual time=17.245..24.928 rows=2 loops=1)
Nested Loop  (cost=0.00..6351.15 rows=1 width=158) (actual time=7.089..24.814 rows=1 loops=1)
Sort  (cost=6351.45..6351.46 rows=1 width=149) (actual time=29.266..29.267 rows=1 loops=1)
Nested Loop  (cost=0.00..6351.15 rows=1 width=21) (actual time=3.100..25.066 rows=2 loops=1)
Sort  (cost=6351.45..6351.46 rows=1 width=149) (actual time=38.795..38.796 rows=1 loops=1)
Sort  (cost=6351.45..6351.46 rows=1 width=149) (actual time=29.091..29.094 rows=2 loops=1)
Nested Loop  (cost=0.00..6351.15 rows=1 width=21) (actual time=13.830..24.298 rows=2 loops=1)
Sort  (cost=6351.45..6351.46 rows=1 width=149) (actual time=29.879..29.881 rows=10 loops=1)
Nested Loop  (cost=0.00..6351.15 rows=1 width=21) (actual time=8.693..25.207 rows=2 loops=1)
Nested Loop  (cost=0.00..6351.15 rows=1 width=158) (actual time=23.924..24.608 rows=1 loops=1)
Nested Loop  (cost=0.00..6351.40 rows=1 width=21) (actual time=6.485..24.446 rows=2 loops=1)
Sort  (cost=6352.80..6352.81 rows=1 width=149) (actual time=29.888..29.891 rows=9 loops=1)
Nested Loop  (cost=0.00..6351.15 rows=1 width=21) (actual time=2.704..25.031 rows=2 loops=1)
Sort  (cost=6351.45..6351.46 rows=1 width=149) (actual time=30.152..30.154 rows=2 loops=1)
Nested Loop  (cost=0.00..6351.15 rows=1 width=21) (actual time=8.727..24.796 rows=2 loops=1)
Nested Loop  (cost=0.00..6351.73 rows=1 width=158) (actual time=8.535..24.557 rows=3 loops=1)
Nested Loop  (cost=0.00..6352.64 rows=1 width=21) (actual time=4.113..25.682 rows=11 loops=1)
Nested Loop  (cost=0.00..6351.53 rows=1 width=21) (actual time=5.395..25.495 rows=3 loops=1)
Nested Loop  (cost=0.00..6351.69 rows=1 width=21) (actual time=7.901..25.296 rows=4 loops=1)
Nested Loop  (cost=0.00..6351.15 rows=1 width=21) (actual time=3.609..24.753 rows=3 loops=1)
Nested Loop  (cost=0.00..6351.15 rows=1 width=21) (actual time=6.681..24.672 rows=1 loops=1)
Nested Loop  (cost=0.00..6351.58 rows=1 width=158) (actual time=4.375..25.517 rows=5 loops=1)
Nested Loop  (cost=0.00..6351.58 rows=1 width=403) (actual time=4.336..25.572 rows=5 loops=1)
Sort  (cost=6351.45..6351.46 rows=1 width=149) (actual time=29.329..29.331 rows=2 loops=1)
Nested Loop  (cost=0.00..6351.90 rows=1 width=21) (actual time=4.405..25.403 rows=4 loops=1)
Nested Loop  (cost=0.00..6351.15 rows=1 width=21) (actual time=10.454..24.773 rows=2 loops=1)
Nested Loop  (cost=0.00..6351.15 rows=1 width=21) (actual time=13.068..25.059 rows=3 loops=1)
Sort  (cost=6351.45..6351.46 rows=1 width=149) (actual time=28.889..28.893 rows=3 loops=1)
Nested Loop  (cost=0.00..6351.15 rows=1 width=403) (actual time=9.550..24.268 rows=2 loops=1)
Sort  (cost=6351.45..6351.46 rows=1 width=149) (actual time=29.268..29.270 rows=1 loops=1)
Nested Loop  (cost=0.00..6351.15 rows=1 width=21) (actual time=2.414..30.107 rows=2 loops=1)
Nested Loop  (cost=0.00..6351.82 rows=1 width=21) (actual time=6.873..25.030 rows=6 loops=1)
Sort  (cost=6351.45..6351.46 rows=1 width=149) (actual time=29.720..29.721 rows=1 loops=1)
Nested Loop  (cost=0.00..6351.40 rows=1 width=21) (actual time=0.300..25.059 rows=4 loops=1)
Nested Loop  (cost=0.00..6351.15 rows=1 width=21) (actual time=5.992..24.666 rows=2 loops=1)
Sort  (cost=6351.45..6351.46 rows=1 width=149) (actual time=29.489..29.491 rows=1 loops=1)
Nested Loop  (cost=0.00..6351.15 rows=1 width=21) (actual time=8.390..25.011 rows=2 loops=1)
Nested Loop  (cost=0.00..6351.15 rows=1 width=21) (actual time=8.179..24.993 rows=2 loops=1)
Nested Loop  (cost=0.00..6351.15 rows=1 width=21) (actual time=23.156..29.604 rows=2 loops=1)
Sort  (cost=6351.45..6351.46 rows=1 width=149) (actual time=31.812..31.813 rows=1 loops=1)
Nested Loop  (cost=0.00..6351.15 rows=1 width=403) (actual time=15.187..24.529 rows=1 loops=1)
Sort  (cost=6351.45..6351.46 rows=1 width=149) (actual time=29.424..29.426 rows=1 loops=1)
Nested Loop  (cost=0.00..6351.15 rows=1 width=158) (actual time=13.079..24.698 rows=1 loops=1)
Nested Loop  (cost=0.00..6351.69 rows=1 width=21) (actual time=2.927..26.777 rows=7 loops=1)
Nested Loop  (cost=0.00..6351.15 rows=1 width=158) (actual time=23.579..25.046 rows=1 loops=1)
Nested Loop  (cost=0.00..6351.15 rows=1 width=21) (actual time=3.924..24.987 rows=2 loops=1)
Sort  (cost=6351.45..6351.46 rows=1 width=149) (actual time=36.909..36.911 rows=1 loops=1)
Sort  (cost=6351.45..6351.46 rows=1 width=149) (actual time=30.272..30.274 rows=4 loops=1)
Sort  (cost=6351.45..6351.46 rows=1 width=149) (actual time=28.912..28.913 rows=1 loops=1)
Nested Loop  (cost=0.00..6351.15 rows=1 width=403) (actual time=0.678..24.233 rows=1 loops=1)
Nested Loop  (cost=0.00..6351.15 rows=1 width=21) (actual time=13.661..25.953 rows=2 loops=1)
Sort  (cost=6351.45..6351.46 rows=1 width=149) (actual time=28.553..28.555 rows=2 loops=1)
Nested Loop  (cost=0.00..6351.15 rows=1 width=403) (actual time=14.639..25.316 rows=1 loops=1)
Nested Loop  (cost=0.00..6351.15 rows=1 width=21) (actual time=0.662..24.124 rows=2 loops=1)
Nested Loop  (cost=0.00..6352.07 rows=1 width=21) (actual time=3.885..25.753 rows=6 loops=1)
Sort  (cost=6356.85..6356.85 rows=1 width=149) (actual time=29.180..29.184 rows=30 loops=1)
Sort  (cost=6351.45..6351.46 rows=1 width=149) (actual time=29.637..29.639 rows=2 loops=1)
Nested Loop  (cost=0.00..6351.53 rows=1 width=21) (actual time=2.058..26.755 rows=3 loops=1)
Nested Loop  (cost=0.00..6351.15 rows=1 width=158) (actual time=23.247..35.169 rows=1 loops=1)
Nested Loop  (cost=0.00..6351.15 rows=1 width=21) (actual time=6.409..24.213 rows=2 loops=1)
Sort  (cost=6351.45..6351.46 rows=1 width=149) (actual time=29.187..29.189 rows=1 loops=1)
Nested Loop  (cost=0.00..6353.26 rows=1 width=158) (actual time=0.106..26.759 rows=6 loops=1)
Nested Loop  (cost=0.00..6351.15 rows=1 width=158) (actual time=2.237..25.097 rows=2 loops=1)
Nested Loop  (cost=0.00..6351.40 rows=1 width=21) (actual time=0.080..25.043 rows=2 loops=1)
Nested Loop  (cost=0.00..6351.15 rows=1 width=158) (actual time=10.519..25.657 rows=1 loops=1)
Nested Loop  (cost=0.00..6351.15 rows=1 width=158) (actual time=15.752..24.974 rows=2 loops=1)
Nested Loop  (cost=0.00..6351.76 rows=1 width=21) (actual time=4.333..25.557 rows=4 loops=1)
Nested Loop  (cost=0.00..6351.15 rows=1 width=158) (actual time=11.327..24.989 rows=1 loops=1)
Nested Loop  (cost=0.00..6351.69 rows=1 width=158) (actual time=1.426..25.318 rows=4 loops=1)
Sort  (cost=6351.45..6351.46 rows=1 width=149) (actual time=29.167..29.170 rows=1 loops=1)
Nested Loop  (cost=0.00..6351.40 rows=1 width=21) (actual time=0.328..24.494 rows=4 loops=1)
Nested Loop  (cost=0.00..6351.15 rows=1 width=158) (actual time=6.183..24.341 rows=2 loops=1)
Sort  (cost=6351.45..6351.46 rows=1 width=149) (actual time=28.903..28.905 rows=1 loops=1)
Sort  (cost=6351.45..6351.46 rows=1 width=149) (actual time=31.385..31.387 rows=2 loops=1)
Nested Loop  (cost=0.00..6351.15 rows=1 width=21) (actual time=17.170..24.517 rows=2 loops=1)
Nested Loop  (cost=0.00..6352.64 rows=1 width=21) (actual time=2.435..26.480 rows=8 loops=1)
Nested Loop  (cost=0.00..6351.15 rows=1 width=21) (actual time=12.207..25.306 rows=2 loops=1)
Nested Loop  (cost=0.00..6351.35 rows=1 width=21) (actual time=3.542..24.501 rows=3 loops=1)
Nested Loop  (cost=0.00..6351.15 rows=1 width=21) (actual time=2.699..24.958 rows=2 loops=1)
Nested Loop  (cost=0.00..6351.15 rows=1 width=21) (actual time=9.171..25.142 rows=2 loops=1)
Sort  (cost=6351.45..6351.46 rows=1 width=149) (actual time=29.343..29.345 rows=7 loops=1)
Nested Loop  (cost=0.00..6351.15 rows=1 width=403) (actual time=30.398..37.995 rows=1 loops=1)
Nested Loop  (cost=0.00..6351.15 rows=1 width=158) (actual time=11.497..25.263 rows=1 loops=1)
Sort  (cost=6351.45..6351.46 rows=1 width=149) (actual time=29.412..29.413 rows=1 loops=1)
Nested Loop  (cost=0.00..6351.38 rows=1 width=21) (actual time=0.209..25.242 rows=3 loops=1)
Nested Loop  (cost=0.00..6351.15 rows=1 width=21) (actual time=0.132..24.870 rows=2 loops=1)
Nested Loop  (cost=0.00..6351.53 rows=1 width=21) (actual time=5.438..25.317 rows=4 loops=1)
Sort  (cost=6351.45..6351.46 rows=1 width=149) (actual time=29.053..29.055 rows=2 loops=1)
Nested Loop  (cost=0.00..6351.82 rows=1 width=21) (actual time=3.900..26.617 rows=3 loops=1)
Nested Loop  (cost=0.00..6351.15 rows=1 width=21) (actual time=17.529..25.730 rows=2 loops=1)
Nested Loop  (cost=0.00..6351.76 rows=1 width=21) (actual time=7.080..25.488 rows=6 loops=1)
Nested Loop  (cost=0.00..6351.15 rows=1 width=21) (actual time=6.762..24.900 rows=2 loops=1)
Nested Loop  (cost=0.00..6351.15 rows=1 width=21) (actual time=24.491..33.427 rows=2 loops=1)
Nested Loop  (cost=0.00..6351.15 rows=1 width=21) (actual time=6.127..24.495 rows=3 loops=1)
Nested Loop  (cost=0.00..6351.69 rows=1 width=158) (actual time=7.527..25.086 rows=3 loops=1)
Nested Loop  (cost=0.00..6351.15 rows=1 width=21) (actual time=13.437..28.360 rows=2 loops=1)
Sort  (cost=6351.45..6351.46 rows=1 width=149) (actual time=30.361..30.363 rows=1 loops=1)
Nested Loop  (cost=0.00..6351.15 rows=1 width=403) (actual time=10.956..25.854 rows=1 loops=1)
Nested Loop  (cost=0.00..6351.47 rows=1 width=21) (actual time=6.532..25.876 rows=2 loops=1)
Nested Loop  (cost=0.00..6351.15 rows=1 width=158) (actual time=10.829..24.547 rows=1 loops=1)
Nested Loop  (cost=0.00..6351.15 rows=1 width=21) (actual time=13.643..24.672 rows=2 loops=1)
Sort  (cost=6351.45..6351.46 rows=1 width=149) (actual time=29.336..29.337 rows=1 loops=1)
Nested Loop  (cost=0.00..6351.15 rows=1 width=21) (actual time=4.369..25.072 rows=2 loops=1)
Sort  (cost=6351.45..6351.46 rows=1 width=149) (actual time=29.793..29.795 rows=1 loops=1)
Nested Loop  (cost=0.00..6351.15 rows=1 width=21) (actual time=18.177..25.000 rows=2 loops=1)
Nested Loop  (cost=0.00..6351.15 rows=1 width=21) (actual time=8.371..24.486 rows=2 loops=1)
Nested Loop  (cost=0.00..6351.15 rows=1 width=21) (actual time=8.333..24.806 rows=2 loops=1)
Nested Loop  (cost=0.00..6351.15 rows=1 width=158) (actual time=10.813..25.165 rows=1 loops=1)
Nested Loop  (cost=0.00..6351.15 rows=1 width=21) (actual time=7.796..25.317 rows=2 loops=1)
Nested Loop  (cost=0.00..6351.15 rows=1 width=158) (actual time=6.370..27.607 rows=1 loops=1)
Nested Loop  (cost=0.00..6351.15 rows=1 width=158) (actual time=6.322..25.684 rows=1 loops=1)
Nested Loop  (cost=0.00..6351.15 rows=1 width=403) (actual time=6.380..24.955 rows=1 loops=1)
Sort  (cost=6351.45..6351.46 rows=1 width=149) (actual time=30.112..30.114 rows=2 loops=1)
Nested Loop  (cost=0.00..6351.15 rows=1 width=21) (actual time=4.343..25.050 rows=2 loops=1)
Nested Loop  (cost=0.00..6353.26 rows=1 width=21) (actual time=1.912..27.490 rows=6 loops=1)
Nested Loop  (cost=0.00..6351.15 rows=1 width=21) (actual time=9.058..24.358 rows=2 loops=1)
Sort  (cost=6351.45..6351.46 rows=1 width=149) (actual time=28.721..28.723 rows=2 loops=1)
Nested Loop  (cost=0.00..6351.90 rows=1 width=21) (actual time=8.310..25.189 rows=6 loops=1)
Nested Loop  (cost=0.00..6351.69 rows=1 width=158) (actual time=5.424..26.208 rows=2 loops=1)
Nested Loop  (cost=0.00..6351.69 rows=1 width=403) (actual time=5.592..24.917 rows=2 loops=1)
Nested Loop  (cost=0.00..6351.15 rows=1 width=158) (actual time=11.694..24.215 rows=1 loops=1)
Nested Loop  (cost=0.00..6351.15 rows=1 width=21) (actual time=4.625..25.466 rows=2 loops=1)
Nested Loop  (cost=0.00..6351.15 rows=1 width=21) (actual time=8.944..25.184 rows=2 loops=1)
Nested Loop  (cost=0.00..6351.40 rows=1 width=158) (actual time=9.392..24.905 rows=1 loops=1)
Nested Loop  (cost=0.00..6351.78 rows=1 width=158) (actual time=12.001..24.649 rows=2 loops=1)
Nested Loop  (cost=0.00..6351.15 rows=1 width=21) (actual time=9.141..24.571 rows=2 loops=1)
Sort  (cost=6351.45..6351.46 rows=1 width=149) (actual time=28.658..28.660 rows=1 loops=1)
Sort  (cost=6351.45..6351.46 rows=1 width=149) (actual time=29.384..29.385 rows=4 loops=1)
Nested Loop  (cost=0.00..6351.15 rows=1 width=158) (actual time=5.032..25.710 rows=1 loops=1)
Nested Loop  (cost=0.00..6351.15 rows=1 width=403) (actual time=4.385..25.010 rows=1 loops=1)
Nested Loop  (cost=0.00..6351.15 rows=1 width=158) (actual time=14.753..25.371 rows=1 loops=1)
Nested Loop  (cost=0.00..6351.64 rows=1 width=158) (actual time=2.116..25.191 rows=2 loops=1)
Nested Loop  (cost=0.00..6351.15 rows=1 width=21) (actual time=14.508..24.909 rows=3 loops=1)
Sort  (cost=6351.45..6351.46 rows=1 width=149) (actual time=29.105..29.107 rows=1 loops=1)
Nested Loop  (cost=0.00..6351.15 rows=1 width=21) (actual time=17.373..25.001 rows=2 loops=1)
Sort  (cost=6351.45..6351.46 rows=1 width=149) (actual time=29.803..29.805 rows=1 loops=1)
Nested Loop  (cost=0.00..6351.38 rows=1 width=21) (actual time=3.644..24.876 rows=4 loops=1)
Nested Loop  (cost=0.00..6351.78 rows=1 width=21) (actual time=2.647..24.551 rows=3 loops=1)
Nested Loop  (cost=0.00..6351.15 rows=1 width=21) (actual time=14.181..24.508 rows=2 loops=1)
Nested Loop  (cost=0.00..6351.15 rows=1 width=21) (actual time=21.746..27.440 rows=3 loops=1)
Sort  (cost=6351.45..6351.46 rows=1 width=149) (actual time=29.277..29.279 rows=5 loops=1)
Nested Loop  (cost=0.00..6351.15 rows=1 width=158) (actual time=18.785..24.139 rows=1 loops=1)
Nested Loop  (cost=0.00..6351.15 rows=1 width=21) (actual time=4.988..38.723 rows=2 loops=1)
Sort  (cost=6351.45..6351.46 rows=1 width=149) (actual time=28.252..28.253 rows=1 loops=1)
Sort  (cost=6351.45..6351.46 rows=1 width=149) (actual time=29.647..29.648 rows=6 loops=1)
Nested Loop  (cost=0.00..6351.15 rows=1 width=158) (actual time=10.460..29.489 rows=1 loops=1)
Nested Loop  (cost=0.00..6351.15 rows=1 width=403) (actual time=10.158..24.524 rows=1 loops=1)
Sort  (cost=6353.09..6353.10 rows=1 width=149) (actual time=30.297..30.299 rows=5 loops=1)
Nested Loop  (cost=0.00..6351.15 rows=1 width=21) (actual time=16.331..28.428 rows=3 loops=1)
Nested Loop  (cost=0.00..6351.53 rows=1 width=158) (actual time=12.835..24.636 rows=4 loops=1)
Nested Loop  (cost=0.00..6351.82 rows=1 width=21) (actual time=2.500..25.400 rows=6 loops=1)
Nested Loop  (cost=0.00..6351.15 rows=1 width=158) (actual time=20.521..24.974 rows=1 loops=1)
Sort  (cost=6351.45..6351.46 rows=1 width=149) (actual time=29.388..29.390 rows=2 loops=1)
Nested Loop  (cost=0.00..6351.15 rows=1 width=158) (actual time=10.480..25.904 rows=1 loops=1)
Sort  (cost=6351.45..6351.46 rows=1 width=149) (actual time=29.115..29.116 rows=4 loops=1)
Sort  (cost=6351.45..6351.46 rows=1 width=149) (actual time=29.325..29.327 rows=4 loops=1)
Nested Loop  (cost=0.00..6351.15 rows=1 width=21) (actual time=14.520..24.529 rows=3 loops=1)
Nested Loop  (cost=0.00..6351.15 rows=1 width=21) (actual time=8.490..24.516 rows=2 loops=1)
Nested Loop  (cost=0.00..6351.84 rows=1 width=158) (actual time=3.095..28.212 rows=3 loops=1)
Nested Loop  (cost=0.00..6353.26 rows=1 width=158) (actual time=2.477..27.463 rows=10 loops=1)
Nested Loop  (cost=0.00..6351.15 rows=1 width=158) (actual time=0.786..25.684 rows=1 loops=1)
Nested Loop  (cost=0.00..6351.15 rows=1 width=158) (actual time=29.830..31.155 rows=1 loops=1)
Sort  (cost=6351.45..6351.46 rows=1 width=149) (actual time=29.029..29.031 rows=1 loops=1)
Nested Loop  (cost=0.00..6353.26 rows=1 width=21) (actual time=2.184..26.598 rows=15 loops=1)
Nested Loop  (cost=0.00..6351.69 rows=1 width=158) (actual time=2.681..24.948 rows=3 loops=1)
Nested Loop  (cost=0.00..6351.15 rows=1 width=158) (actual time=13.330..24.338 rows=1 loops=1)
Nested Loop  (cost=0.00..6351.15 rows=1 width=403) (actual time=13.763..24.934 rows=1 loops=1)
Nested Loop  (cost=0.00..6351.15 rows=1 width=21) (actual time=5.426..24.910 rows=2 loops=1)
Sort  (cost=6351.45..6351.46 rows=1 width=149) (actual time=29.185..29.186 rows=1 loops=1)
Nested Loop  (cost=0.00..6351.15 rows=1 width=158) (actual time=12.841..24.290 rows=1 loops=1)
Sort  (cost=6351.45..6351.46 rows=1 width=149) (actual time=29.126..29.128 rows=1 loops=1)
Nested Loop  (cost=0.00..6351.15 rows=1 width=21) (actual time=3.813..25.035 rows=2 loops=1)
Sort  (cost=6351.45..6351.46 rows=1 width=149) (actual time=29.502..29.504 rows=4 loops=1)
Nested Loop  (cost=0.00..6352.07 rows=1 width=21) (actual time=7.681..25.632 rows=4 loops=1)
Nested Loop  (cost=0.00..6351.15 rows=1 width=21) (actual time=5.563..25.045 rows=2 loops=1)
Nested Loop  (cost=0.00..6351.40 rows=1 width=21) (actual time=5.565..25.050 rows=4 loops=1)
Sort  (cost=6351.45..6351.46 rows=1 width=149) (actual time=30.718..30.720 rows=4 loops=1)
Nested Loop  (cost=0.00..6351.15 rows=1 width=21) (actual time=7.593..25.199 rows=2 loops=1)
Nested Loop  (cost=0.00..6351.15 rows=1 width=158) (actual time=20.642..25.053 rows=1 loops=1)
Nested Loop  (cost=0.00..6351.15 rows=1 width=21) (actual time=21.077..25.655 rows=2 loops=1)
Sort  (cost=6351.45..6351.46 rows=1 width=149) (actual time=29.305..29.307 rows=1 loops=1)
Nested Loop  (cost=0.00..6351.15 rows=1 width=158) (actual time=12.993..24.360 rows=1 loops=1)
Sort  (cost=6353.09..6353.10 rows=1 width=149) (actual time=29.956..29.958 rows=10 loops=1)
Sort  (cost=6351.45..6351.46 rows=1 width=149) (actual time=29.098..29.100 rows=2 loops=1)
Nested Loop  (cost=0.00..6351.90 rows=1 width=21) (actual time=10.287..24.770 rows=4 loops=1)
Nested Loop  (cost=0.00..6351.15 rows=1 width=21) (actual time=11.953..25.053 rows=3 loops=1)
Nested Loop  (cost=0.00..6351.15 rows=1 width=21) (actual time=0.093..24.664 rows=4 loops=1)
Nested Loop  (cost=0.00..6351.67 rows=1 width=21) (actual time=5.068..25.095 rows=4 loops=1)
Sort  (cost=6351.45..6351.46 rows=1 width=149) (actual time=29.742..29.744 rows=1 loops=1)
Sort  (cost=6351.45..6351.46 rows=1 width=149) (actual time=28.983..28.985 rows=1 loops=1)
Nested Loop  (cost=0.00..6351.40 rows=1 width=158) (actual time=15.514..24.660 rows=2 loops=1)
Nested Loop  (cost=0.00..6351.15 rows=1 width=21) (actual time=4.483..24.433 rows=2 loops=1)
Nested Loop  (cost=0.00..6351.82 rows=1 width=158) (actual time=13.291..25.316 rows=2 loops=1)
Nested Loop  (cost=0.00..6351.15 rows=1 width=158) (actual time=0.929..24.969 rows=1 loops=1)
Nested Loop  (cost=0.00..6351.15 rows=1 width=21) (actual time=4.177..25.746 rows=2 loops=1)
Nested Loop  (cost=0.00..6351.15 rows=1 width=21) (actual time=14.922..24.953 rows=2 loops=1)
Sort  (cost=6351.45..6351.46 rows=1 width=149) (actual time=30.947..30.950 rows=13 loops=1)
Nested Loop  (cost=0.00..6351.15 rows=1 width=403) (actual time=13.777..25.366 rows=1 loops=1)
Nested Loop  (cost=0.00..6351.15 rows=1 width=21) (actual time=8.709..25.115 rows=2 loops=1)
Nested Loop  (cost=0.00..6351.15 rows=1 width=21) (actual time=16.780..24.917 rows=2 loops=1)
Nested Loop  (cost=0.00..6351.15 rows=1 width=21) (actual time=4.419..24.924 rows=2 loops=1)
Nested Loop  (cost=0.00..6351.15 rows=1 width=158) (actual time=12.993..24.997 rows=1 loops=1)
Nested Loop  (cost=0.00..6351.84 rows=1 width=158) (actual time=3.334..25.248 rows=4 loops=1)
Nested Loop  (cost=0.00..6351.76 rows=1 width=21) (actual time=4.686..26.226 rows=4 loops=1)
Nested Loop  (cost=0.00..6351.58 rows=1 width=21) (actual time=5.785..25.747 rows=4 loops=1)
Nested Loop  (cost=0.00..6351.15 rows=1 width=21) (actual time=3.735..26.190 rows=2 loops=1)
Nested Loop  (cost=0.00..6351.15 rows=1 width=21) (actual time=18.101..30.703 rows=2 loops=1)
Nested Loop  (cost=0.00..6351.15 rows=1 width=21) (actual time=7.124..26.119 rows=2 loops=1)
Sort  (cost=6351.45..6351.46 rows=1 width=149) (actual time=29.996..29.998 rows=1 loops=1)
Nested Loop  (cost=0.00..6351.15 rows=1 width=403) (actual time=14.469..24.767 rows=1 loops=1)
Sort  (cost=6351.45..6351.46 rows=1 width=149) (actual time=29.389..29.391 rows=1 loops=1)
Nested Loop  (cost=0.00..6351.15 rows=1 width=21) (actual time=6.828..27.138 rows=2 loops=1)
Nested Loop  (cost=0.00..6351.15 rows=1 width=21) (actual time=13.618..25.520 rows=2 loops=1)
Nested Loop  (cost=0.00..6351.15 rows=1 width=21) (actual time=1.566..25.033 rows=2 loops=1)
Sort  (cost=6351.45..6351.46 rows=1 width=149) (actual time=29.457..29.458 rows=3 loops=1)
Nested Loop  (cost=0.00..6351.15 rows=1 width=403) (actual time=10.380..24.737 rows=1 loops=1)
Nested Loop  (cost=0.00..6351.38 rows=1 width=158) (actual time=24.862..24.954 rows=1 loops=1)
Nested Loop  (cost=0.00..6351.15 rows=1 width=158) (actual time=1.350..24.934 rows=2 loops=1)
Nested Loop  (cost=0.00..6351.15 rows=1 width=21) (actual time=6.903..24.570 rows=2 loops=1)
Nested Loop  (cost=0.00..6351.15 rows=1 width=21) (actual time=13.974..26.650 rows=2 loops=1)
Nested Loop  (cost=0.00..6351.15 rows=1 width=21) (actual time=3.834..24.959 rows=2 loops=1)
Sort  (cost=6351.45..6351.46 rows=1 width=149) (actual time=30.251..30.253 rows=1 loops=1)
Nested Loop  (cost=0.00..6351.15 rows=1 width=403) (actual time=8.646..33.535 rows=1 loops=1)
Nested Loop  (cost=0.00..6351.38 rows=1 width=21) (actual time=4.132..25.282 rows=3 loops=1)
Nested Loop  (cost=0.00..6351.15 rows=1 width=21) (actual time=2.407..25.046 rows=2 loops=1)
Sort  (cost=6351.45..6351.46 rows=1 width=149) (actual time=30.032..30.034 rows=4 loops=1)
Nested Loop  (cost=0.00..6351.15 rows=1 width=21) (actual time=4.007..24.812 rows=2 loops=1)
Nested Loop  (cost=0.00..6351.15 rows=1 width=158) (actual time=0.816..25.761 rows=1 loops=1)
Nested Loop  (cost=0.00..6351.15 rows=1 width=403) (actual time=0.815..24.346 rows=1 loops=1)
Nested Loop  (cost=0.00..6351.15 rows=1 width=21) (actual time=12.595..24.230 rows=3 loops=1)
Nested Loop  (cost=0.00..6352.07 rows=1 width=21) (actual time=3.272..25.174 rows=6 loops=1)
Sort  (cost=6351.45..6351.46 rows=1 width=149) (actual time=28.639..28.641 rows=1 loops=1)
Nested Loop  (cost=0.00..6351.15 rows=1 width=403) (actual time=7.001..25.151 rows=1 loops=1)
Nested Loop  (cost=0.00..6351.82 rows=1 width=158) (actual time=13.127..24.868 rows=2 loops=1)
Nested Loop  (cost=0.00..6351.15 rows=1 width=158) (actual time=2.678..24.718 rows=1 loops=1)
Nested Loop  (cost=0.00..6351.15 rows=1 width=21) (actual time=8.297..24.943 rows=3 loops=1)
Nested Loop  (cost=0.00..6351.15 rows=1 width=158) (actual time=13.792..24.771 rows=1 loops=1)
Nested Loop  (cost=0.00..6351.15 rows=1 width=21) (actual time=15.679..24.966 rows=2 loops=1)
Nested Loop  (cost=0.00..6351.84 rows=1 width=21) (actual time=1.589..26.299 rows=4 loops=1)
Nested Loop  (cost=0.00..6351.15 rows=1 width=21) (actual time=3.246..24.976 rows=2 loops=1)
Nested Loop  (cost=0.00..6351.15 rows=1 width=21) (actual time=19.104..25.597 rows=2 loops=1)
Nested Loop  (cost=0.00..6351.15 rows=1 width=21) (actual time=12.329..24.721 rows=2 loops=1)
Nested Loop  (cost=0.00..6352.64 rows=1 width=21) (actual time=1.911..27.487 rows=8 loops=1)
Sort  (cost=6351.45..6351.46 rows=1 width=149) (actual time=29.223..29.224 rows=1 loops=1)
Nested Loop  (cost=0.00..6351.44 rows=1 width=158) (actual time=7.622..25.318 rows=4 loops=1)
Nested Loop  (cost=0.00..6351.15 rows=1 width=158) (actual time=2.285..25.528 rows=1 loops=1)
Sort  (cost=6351.45..6351.46 rows=1 width=149) (actual time=28.529..28.531 rows=1 loops=1)
Nested Loop  (cost=0.00..6351.15 rows=1 width=403) (actual time=24.608..24.919 rows=1 loops=1)
Sort  (cost=6351.45..6351.46 rows=1 width=149) (actual time=28.774..28.776 rows=1 loops=1)
Sort  (cost=6351.45..6351.46 rows=1 width=149) (actual time=31.403..31.405 rows=1 loops=1)
Nested Loop  (cost=0.00..6351.15 rows=1 width=158) (actual time=10.707..24.338 rows=2 loops=1)
Nested Loop  (cost=0.00..6351.15 rows=1 width=21) (actual time=19.067..24.640 rows=4 loops=1)
Nested Loop  (cost=0.00..6351.44 rows=1 width=21) (actual time=1.848..24.617 rows=2 loops=1)
Nested Loop  (cost=0.00..6351.40 rows=1 width=21) (actual time=5.514..24.607 rows=3 loops=1)
Nested Loop  (cost=0.00..6351.49 rows=1 width=21) (actual time=12.194..24.446 rows=3 loops=1)
Sort  (cost=6351.45..6351.46 rows=1 width=149) (actual time=45.453..45.456 rows=2 loops=1)
Nested Loop  (cost=0.00..6351.53 rows=1 width=21) (actual time=2.531..24.774 rows=3 loops=1)
Sort  (cost=6351.45..6351.46 rows=1 width=149) (actual time=29.518..29.519 rows=1 loops=1)
Nested Loop  (cost=0.00..6351.58 rows=1 width=21) (actual time=7.562..25.279 rows=6 loops=1)
Nested Loop  (cost=0.00..6351.15 rows=1 width=158) (actual time=5.613..25.055 rows=1 loops=1)
Nested Loop  (cost=0.00..6351.40 rows=1 width=21) (actual time=8.547..25.466 rows=3 loops=1)
Nested Loop  (cost=0.00..6351.15 rows=1 width=158) (actual time=7.950..26.844 rows=1 loops=1)
Sort  (cost=6356.44..6356.44 rows=1 width=149) (actual time=29.442..29.444 rows=15 loops=1)
Nested Loop  (cost=0.00..6351.64 rows=1 width=158) (actual time=10.621..25.504 rows=2 loops=1)
Nested Loop  (cost=0.00..6351.64 rows=1 width=403) (actual time=10.822..25.883 rows=2 loops=1)
Nested Loop  (cost=0.00..6351.15 rows=1 width=158) (actual time=10.018..25.884 rows=2 loops=1)
Sort  (cost=6365.33..6365.33 rows=1 width=149) (actual time=30.016..30.020 rows=48 loops=1)
Nested Loop  (cost=0.00..6351.15 rows=1 width=158) (actual time=15.299..24.805 rows=1 loops=1)
Nested Loop  (cost=0.00..6351.15 rows=1 width=21) (actual time=5.536..24.983 rows=2 loops=1)
Sort  (cost=6351.45..6351.46 rows=1 width=149) (actual time=29.271..29.273 rows=3 loops=1)
Nested Loop  (cost=0.00..6351.82 rows=1 width=21) (actual time=2.046..32.400 rows=4 loops=1)
Nested Loop  (cost=0.00..6351.47 rows=1 width=21) (actual time=11.871..24.689 rows=3 loops=1)
Nested Loop  (cost=0.00..6353.26 rows=1 width=21) (actual time=2.625..26.741 rows=14 loops=1)
Nested Loop  (cost=0.00..6351.84 rows=1 width=21) (actual time=0.273..26.190 rows=3 loops=1)
Nested Loop  (cost=0.00..6351.15 rows=1 width=158) (actual time=19.989..25.433 rows=1 loops=1)
Sort  (cost=6351.45..6351.46 rows=1 width=149) (actual time=30.192..30.193 rows=1 loops=1)
Nested Loop  (cost=0.00..6351.15 rows=1 width=403) (actual time=23.859..25.323 rows=1 loops=1)
Nested Loop  (cost=0.00..6351.47 rows=1 width=21) (actual time=4.672..27.439 rows=4 loops=1)
Nested Loop  (cost=0.00..6351.15 rows=1 width=21) (actual time=4.947..25.299 rows=3 loops=1)
Nested Loop  (cost=0.00..6351.15 rows=1 width=21) (actual time=13.125..25.220 rows=2 loops=1)
Nested Loop  (cost=0.00..6351.15 rows=1 width=21) (actual time=6.000..24.784 rows=2 loops=1)
Sort  (cost=6351.45..6351.46 rows=1 width=149) (actual time=28.465..28.467 rows=2 loops=1)
Nested Loop  (cost=0.00..6353.26 rows=1 width=21) (actual time=6.283..26.282 rows=8 loops=1)
Sort  (cost=6351.45..6351.46 rows=1 width=149) (actual time=30.802..30.804 rows=3 loops=1)
Nested Loop  (cost=0.00..6351.49 rows=1 width=21) (actual time=2.628..24.962 rows=2 loops=1)
Nested Loop  (cost=0.00..6351.15 rows=1 width=21) (actual time=9.510..25.181 rows=2 loops=1)
Nested Loop  (cost=0.00..6351.15 rows=1 width=158) (actual time=21.760..28.041 rows=1 loops=1)
Nested Loop  (cost=0.00..6351.15 rows=1 width=403) (actual time=18.841..25.178 rows=1 loops=1)
Nested Loop  (cost=0.00..6351.49 rows=1 width=21) (actual time=5.707..25.237 rows=5 loops=1)
Nested Loop  (cost=0.00..6351.53 rows=1 width=21) (actual time=5.906..25.364 rows=5 loops=1)
Nested Loop  (cost=0.00..6351.15 rows=1 width=21) (actual time=9.162..25.202 rows=2 loops=1)
Sort  (cost=6351.45..6351.46 rows=1 width=149) (actual time=29.212..29.214 rows=2 loops=1)
Sort  (cost=6351.45..6351.46 rows=1 width=149) (actual time=29.448..29.451 rows=6 loops=1)
Sort  (cost=6351.45..6351.46 rows=1 width=149) (actual time=29.116..29.118 rows=2 loops=1)
Sort  (cost=6351.45..6351.46 rows=1 width=149) (actual time=41.934..41.936 rows=1 loops=1)
Sort  (cost=6351.45..6351.46 rows=1 width=149) (actual time=28.869..28.871 rows=1 loops=1)
Sort  (cost=6351.45..6351.46 rows=1 width=149) (actual time=29.986..29.988 rows=1 loops=1)
Nested Loop  (cost=0.00..6351.15 rows=1 width=403) (actual time=21.116..24.260 rows=1 loops=1)
Nested Loop  (cost=0.00..6351.40 rows=1 width=21) (actual time=6.168..24.525 rows=4 loops=1)
Nested Loop  (cost=0.00..6351.15 rows=1 width=21) (actual time=4.343..24.573 rows=2 loops=1)
Nested Loop  (cost=0.00..6351.15 rows=1 width=21) (actual time=8.927..24.939 rows=2 loops=1)
Nested Loop  (cost=0.00..6351.15 rows=1 width=21) (actual time=10.206..25.194 rows=2 loops=1)
Sort  (cost=6351.45..6351.46 rows=1 width=149) (actual time=29.511..29.512 rows=1 loops=1)
Nested Loop  (cost=0.00..6351.35 rows=1 width=21) (actual time=2.748..24.862 rows=3 loops=1)
Nested Loop  (cost=0.00..6351.15 rows=1 width=158) (actual time=17.916..24.890 rows=1 loops=1)
Nested Loop  (cost=0.00..6351.15 rows=1 width=158) (actual time=14.389..24.659 rows=1 loops=1)
Sort  (cost=6351.45..6351.46 rows=1 width=149) (actual time=28.780..28.782 rows=1 loops=1)
Nested Loop  (cost=0.00..6351.44 rows=1 width=158) (actual time=17.381..24.665 rows=2 loops=1)
Nested Loop  (cost=0.00..6351.76 rows=1 width=21) (actual time=3.285..26.466 rows=3 loops=1)
Nested Loop  (cost=0.00..6351.82 rows=1 width=21) (actual time=0.190..26.189 rows=4 loops=1)
Sort  (cost=6355.84..6355.84 rows=1 width=149) (actual time=29.316..29.318 rows=9 loops=1)
Nested Loop  (cost=0.00..6351.15 rows=1 width=21) (actual time=12.910..24.998 rows=2 loops=1)
Nested Loop  (cost=0.00..6351.15 rows=1 width=158) (actual time=24.610..24.806 rows=1 loops=1)
Sort  (cost=6351.45..6351.46 rows=1 width=149) (actual time=29.343..29.344 rows=1 loops=1)
Sort  (cost=6351.45..6351.46 rows=1 width=149) (actual time=29.296..29.298 rows=1 loops=1)
Nested Loop  (cost=0.00..6351.53 rows=1 width=21) (actual time=11.108..24.436 rows=2 loops=1)
Nested Loop  (cost=0.00..6351.53 rows=1 width=21) (actual time=5.780..24.799 rows=5 loops=1)
Sort  (cost=6351.45..6351.46 rows=1 width=149) (actual time=49.490..49.493 rows=4 loops=1)
Nested Loop  (cost=0.00..6351.64 rows=1 width=158) (actual time=31.483..32.288 rows=1 loops=1)
Nested Loop  (cost=0.00..6351.15 rows=1 width=158) (actual time=10.554..25.420 rows=1 loops=1)
Nested Loop  (cost=0.00..6351.15 rows=1 width=21) (actual time=18.394..28.228 rows=2 loops=1)
Sort  (cost=6351.45..6351.46 rows=1 width=149) (actual time=29.692..29.694 rows=4 loops=1)
Nested Loop  (cost=0.00..6351.15 rows=1 width=158) (actual time=11.943..24.626 rows=2 loops=1)
Nested Loop  (cost=0.00..6351.15 rows=1 width=21) (actual time=14.524..26.337 rows=2 loops=1)
Nested Loop  (cost=0.00..6352.84 rows=1 width=158) (actual time=1.743..25.780 rows=10 loops=1)
Nested Loop  (cost=0.00..6352.84 rows=1 width=403) (actual time=1.728..25.982 rows=10 loops=1)
Nested Loop  (cost=0.00..6351.15 rows=1 width=21) (actual time=1.724..25.607 rows=5 loops=1)
Sort  (cost=6351.45..6351.46 rows=1 width=149) (actual time=32.938..32.940 rows=2 loops=1)
Sort  (cost=6351.45..6351.46 rows=1 width=149) (actual time=28.118..28.120 rows=1 loops=1)
Nested Loop  (cost=0.00..6351.15 rows=1 width=21) (actual time=10.184..24.832 rows=2 loops=1)
Sort  (cost=6351.45..6351.46 rows=1 width=149) (actual time=28.181..28.183 rows=1 loops=1)
Nested Loop  (cost=0.00..6351.38 rows=1 width=158) (actual time=23.017..26.130 rows=2 loops=1)
Nested Loop  (cost=0.00..6351.15 rows=1 width=21) (actual time=1.663..25.227 rows=2 loops=1)
Nested Loop  (cost=0.00..6353.26 rows=1 width=158) (actual time=2.060..26.954 rows=10 loops=1)
Sort  (cost=6351.45..6351.46 rows=1 width=149) (actual time=37.572..37.574 rows=2 loops=1)
Sort  (cost=6351.45..6351.46 rows=1 width=149) (actual time=29.258..29.260 rows=4 loops=1)
Nested Loop  (cost=0.00..6351.15 rows=1 width=21) (actual time=5.973..24.413 rows=4 loops=1)
Sort  (cost=6351.45..6351.46 rows=1 width=149) (actual time=28.776..28.777 rows=1 loops=1)
Nested Loop  (cost=0.00..6351.84 rows=1 width=21) (actual time=16.702..24.897 rows=6 loops=1)
Sort  (cost=6351.45..6351.46 rows=1 width=149) (actual time=28.589..28.591 rows=2 loops=1)
Nested Loop  (cost=0.00..6351.84 rows=1 width=158) (actual time=3.325..25.351 rows=4 loops=1)
Nested Loop  (cost=0.00..6351.15 rows=1 width=21) (actual time=5.788..25.598 rows=1 loops=1)
Nested Loop  (cost=0.00..6351.69 rows=1 width=158) (actual time=9.196..25.091 rows=1 loops=1)
Nested Loop  (cost=0.00..6351.15 rows=1 width=158) (actual time=15.257..24.933 rows=1 loops=1)
Sort  (cost=6351.45..6351.46 rows=1 width=149) (actual time=29.380..29.382 rows=1 loops=1)
Nested Loop  (cost=0.00..6351.15 rows=1 width=21) (actual time=11.853..25.181 rows=2 loops=1)
Sort  (cost=6351.45..6351.46 rows=1 width=149) (actual time=28.933..28.934 rows=2 loops=1)
Sort  (cost=6351.45..6351.46 rows=1 width=149) (actual time=29.294..29.296 rows=1 loops=1)
Sort  (cost=6351.45..6351.46 rows=1 width=149) (actual time=29.074..29.076 rows=1 loops=1)
Nested Loop  (cost=0.00..6351.58 rows=1 width=21) (actual time=5.079..26.217 rows=4 loops=1)
Nested Loop  (cost=0.00..6351.76 rows=1 width=21) (actual time=1.956..25.309 rows=4 loops=1)
Nested Loop  (cost=0.00..6351.15 rows=1 width=21) (actual time=12.303..25.184 rows=2 loops=1)
Sort  (cost=6351.45..6351.46 rows=1 width=149) (actual time=29.372..29.375 rows=1 loops=1)
Nested Loop  (cost=0.00..6351.38 rows=1 width=21) (actual time=17.398..27.004 rows=2 loops=1)
Nested Loop  (cost=0.00..6351.49 rows=1 width=21) (actual time=2.529..25.050 rows=2 loops=1)
Nested Loop  (cost=0.00..6351.15 rows=1 width=158) (actual time=6.397..24.803 rows=1 loops=1)
Nested Loop  (cost=0.00..6351.15 rows=1 width=403) (actual time=6.509..25.378 rows=1 loops=1)
Nested Loop  (cost=0.00..6351.38 rows=1 width=158) (actual time=19.166..25.256 rows=1 loops=1)
Sort  (cost=6351.45..6351.46 rows=1 width=149) (actual time=28.620..28.622 rows=1 loops=1)
Nested Loop  (cost=0.00..6351.15 rows=1 width=158) (actual time=1.661..24.370 rows=2 loops=1)
Nested Loop  (cost=0.00..6351.15 rows=1 width=21) (actual time=2.336..24.826 rows=2 loops=1)
Nested Loop  (cost=0.00..6351.15 rows=1 width=21) (actual time=11.954..24.474 rows=2 loops=1)
Nested Loop  (cost=0.00..6351.15 rows=1 width=158) (actual time=11.111..24.583 rows=1 loops=1)
Nested Loop  (cost=0.00..6351.15 rows=1 width=21) (actual time=15.370..24.511 rows=2 loops=1)
Nested Loop  (cost=0.00..6351.53 rows=1 width=21) (actual time=3.531..27.286 rows=6 loops=1)
Nested Loop  (cost=0.00..6351.15 rows=1 width=158) (actual time=13.864..25.204 rows=2 loops=1)
Nested Loop  (cost=0.00..6351.15 rows=1 width=21) (actual time=12.317..25.297 rows=2 loops=1)
Nested Loop  (cost=0.00..6351.15 rows=1 width=21) (actual time=5.766..25.436 rows=2 loops=1)
Nested Loop  (cost=0.00..6351.15 rows=1 width=21) (actual time=12.766..24.967 rows=2 loops=1)
Sort  (cost=6351.45..6351.46 rows=1 width=149) (actual time=29.405..29.406 rows=2 loops=1)
Nested Loop  (cost=0.00..6351.90 rows=1 width=21) (actual time=4.551..25.517 rows=3 loops=1)
Nested Loop  (cost=0.00..6351.56 rows=1 width=21) (actual time=17.444..25.166 rows=2 loops=1)
Nested Loop  (cost=0.00..6351.90 rows=1 width=21) (actual time=4.657..25.461 rows=5 loops=1)
Nested Loop  (cost=0.00..6351.15 rows=1 width=158) (actual time=18.003..24.957 rows=1 loops=1)
Nested Loop  (cost=0.00..6351.15 rows=1 width=158) (actual time=5.923..25.196 rows=1 loops=1)
Sort  (cost=6351.45..6351.46 rows=1 width=149) (actual time=30.019..30.021 rows=6 loops=1)
Nested Loop  (cost=0.00..6351.15 rows=1 width=21) (actual time=4.314..25.161 rows=2 loops=1)
Sort  (cost=6351.45..6351.46 rows=1 width=149) (actual time=29.651..29.653 rows=1 loops=1)
Nested Loop  (cost=0.00..6351.15 rows=1 width=21) (actual time=0.054..25.099 rows=2 loops=1)
Nested Loop  (cost=0.00..6351.15 rows=1 width=158) (actual time=13.504..25.172 rows=1 loops=1)
Nested Loop  (cost=0.00..6351.82 rows=1 width=21) (actual time=9.932..31.559 rows=5 loops=1)
Nested Loop  (cost=0.00..6351.15 rows=1 width=21) (actual time=0.311..24.802 rows=2 loops=1)
Sort  (cost=6351.45..6351.46 rows=1 width=149) (actual time=29.457..29.459 rows=4 loops=1)
Nested Loop  (cost=0.00..6352.64 rows=1 width=158) (actual time=4.566..29.473 rows=4 loops=1)
Nested Loop  (cost=0.00..6351.15 rows=1 width=21) (actual time=4.700..26.258 rows=2 loops=1)
Nested Loop  (cost=0.00..6351.15 rows=1 width=21) (actual time=2.805..30.436 rows=2 loops=1)
Sort  (cost=6351.45..6351.46 rows=1 width=149) (actual time=30.449..30.451 rows=5 loops=1)
Nested Loop  (cost=0.00..6351.15 rows=1 width=403) (actual time=1.516..25.196 rows=2 loops=1)
Nested Loop  (cost=0.00..6351.15 rows=1 width=21) (actual time=10.843..24.893 rows=2 loops=1)
Nested Loop  (cost=0.00..6351.15 rows=1 width=21) (actual time=4.814..26.014 rows=3 loops=1)
Sort  (cost=6351.45..6351.46 rows=1 width=149) (actual time=29.619..29.621 rows=1 loops=1)
Nested Loop  (cost=0.00..6351.15 rows=1 width=158) (actual time=27.512..28.040 rows=1 loops=1)
Nested Loop  (cost=0.00..6351.15 rows=1 width=21) (actual time=2.372..29.538 rows=2 loops=1)
Nested Loop  (cost=0.00..6351.15 rows=1 width=21) (actual time=12.310..28.702 rows=2 loops=1)
Nested Loop  (cost=0.00..6351.15 rows=1 width=21) (actual time=2.975..24.721 rows=2 loops=1)
Sort  (cost=6351.45..6351.46 rows=1 width=149) (actual time=29.626..29.628 rows=5 loops=1)
Sort  (cost=6351.45..6351.46 rows=1 width=149) (actual time=38.056..38.058 rows=2 loops=1)
Nested Loop  (cost=0.00..6351.47 rows=1 width=21) (actual time=1.635..25.195 rows=4 loops=1)
Nested Loop  (cost=0.00..6351.15 rows=1 width=21) (actual time=20.707..25.736 rows=2 loops=1)
Nested Loop  (cost=0.00..6351.40 rows=1 width=21) (actual time=7.887..25.136 rows=2 loops=1)
Nested Loop  (cost=0.00..6351.64 rows=1 width=21) (actual time=4.946..25.459 rows=5 loops=1)
Nested Loop  (cost=0.00..6351.15 rows=1 width=158) (actual time=2.876..24.864 rows=1 loops=1)
Nested Loop  (cost=0.00..6351.15 rows=1 width=21) (actual time=7.721..24.247 rows=2 loops=1)
Sort  (cost=6352.91..6352.92 rows=1 width=149) (actual time=30.025..30.028 rows=13 loops=1)
Sort  (cost=6351.45..6351.46 rows=1 width=149) (actual time=38.982..38.984 rows=1 loops=1)
Nested Loop  (cost=0.00..6351.15 rows=1 width=21) (actual time=5.203..24.443 rows=2 loops=1)
Nested Loop  (cost=0.00..6351.15 rows=1 width=158) (actual time=16.543..25.871 rows=2 loops=1)
Sort  (cost=6351.45..6351.46 rows=1 width=149) (actual time=29.499..29.501 rows=4 loops=1)
Nested Loop  (cost=0.00..6351.15 rows=1 width=21) (actual time=13.535..24.807 rows=3 loops=1)
Nested Loop  (cost=0.00..6351.15 rows=1 width=158) (actual time=5.247..25.235 rows=1 loops=1)
Sort  (cost=6351.45..6351.46 rows=1 width=149) (actual time=29.550..29.552 rows=2 loops=1)
Sort  (cost=6351.45..6351.46 rows=1 width=149) (actual time=29.889..29.891 rows=1 loops=1)
Nested Loop  (cost=0.00..6351.15 rows=1 width=403) (actual time=21.936..25.840 rows=1 loops=1)
Nested Loop  (cost=0.00..6351.15 rows=1 width=21) (actual time=15.231..24.992 rows=2 loops=1)
Nested Loop  (cost=0.00..6351.15 rows=1 width=158) (actual time=19.363..25.056 rows=2 loops=1)
Nested Loop  (cost=0.00..6351.15 rows=1 width=158) (actual time=18.129..25.118 rows=1 loops=1)
Nested Loop  (cost=0.00..6351.15 rows=1 width=21) (actual time=13.383..25.017 rows=2 loops=1)
Nested Loop  (cost=0.00..6351.15 rows=1 width=21) (actual time=3.063..25.055 rows=3 loops=1)
Nested Loop  (cost=0.00..6351.15 rows=1 width=21) (actual time=10.074..25.087 rows=3 loops=1)
Sort  (cost=6351.45..6351.46 rows=1 width=149) (actual time=28.779..28.781 rows=1 loops=1)
Nested Loop  (cost=0.00..6351.15 rows=1 width=403) (actual time=6.805..25.133 rows=1 loops=1)
Nested Loop  (cost=0.00..6351.15 rows=1 width=21) (actual time=3.882..25.012 rows=2 loops=1)
Nested Loop  (cost=0.00..6351.47 rows=1 width=21) (actual time=2.597..25.725 rows=2 loops=1)
Nested Loop  (cost=0.00..6351.15 rows=1 width=21) (actual time=5.122..25.323 rows=2 loops=1)
Nested Loop  (cost=0.00..6351.15 rows=1 width=158) (actual time=6.149..24.953 rows=2 loops=1)
Nested Loop  (cost=0.00..6351.15 rows=1 width=403) (actual time=6.002..24.300 rows=2 loops=1)
Nested Loop  (cost=0.00..6351.40 rows=1 width=21) (actual time=6.032..24.460 rows=3 loops=1)
Sort  (cost=6351.45..6351.46 rows=1 width=149) (actual time=47.447..47.450 rows=1 loops=1)
Nested Loop  (cost=0.00..6351.82 rows=1 width=21) (actual time=5.783..30.243 rows=7 loops=1)
Nested Loop  (cost=0.00..6351.44 rows=1 width=158) (actual time=17.759..25.707 rows=2 loops=1)
Nested Loop  (cost=0.00..6351.82 rows=1 width=21) (actual time=3.587..25.218 rows=6 loops=1)
Nested Loop  (cost=0.00..6351.15 rows=1 width=21) (actual time=3.313..25.841 rows=2 loops=1)
Nested Loop  (cost=0.00..6351.15 rows=1 width=21) (actual time=6.541..25.029 rows=2 loops=1)
Nested Loop  (cost=0.00..6351.15 rows=1 width=158) (actual time=18.728..25.015 rows=2 loops=1)
Nested Loop  (cost=0.00..6351.40 rows=1 width=21) (actual time=9.621..25.142 rows=3 loops=1)
Sort  (cost=6351.45..6351.46 rows=1 width=149) (actual time=29.190..29.191 rows=1 loops=1)
Sort  (cost=6351.45..6351.46 rows=1 width=149) (actual time=29.998..30.000 rows=5 loops=1)
Nested Loop  (cost=0.00..6351.15 rows=1 width=403) (actual time=8.129..24.930 rows=1 loops=1)
Nested Loop  (cost=0.00..6351.15 rows=1 width=158) (actual time=15.338..24.833 rows=1 loops=1)
Nested Loop  (cost=0.00..6351.40 rows=1 width=21) (actual time=15.396..25.381 rows=3 loops=1)
Nested Loop  (cost=0.00..6351.38 rows=1 width=158) (actual time=16.993..25.501 rows=4 loops=1)
Sort  (cost=6351.45..6351.46 rows=1 width=149) (actual time=29.483..29.484 rows=2 loops=1)
Nested Loop  (cost=0.00..6353.26 rows=1 width=21) (actual time=4.967..26.590 rows=8 loops=1)
Nested Loop  (cost=0.00..6351.44 rows=1 width=158) (actual time=9.396..24.877 rows=1 loops=1)
Nested Loop  (cost=0.00..6351.58 rows=1 width=158) (actual time=0.208..25.530 rows=4 loops=1)
Nested Loop  (cost=0.00..6351.15 rows=1 width=158) (actual time=14.976..25.066 rows=1 loops=1)
Sort  (cost=6351.45..6351.46 rows=1 width=149) (actual time=29.550..29.552 rows=1 loops=1)
Sort  (cost=6351.45..6351.46 rows=1 width=149) (actual time=33.969..33.971 rows=5 loops=1)
Sort  (cost=6351.45..6351.46 rows=1 width=149) (actual time=32.552..32.554 rows=4 loops=1)
Nested Loop  (cost=0.00..6351.15 rows=1 width=21) (actual time=13.999..26.845 rows=3 loops=1)
Nested Loop  (cost=0.00..6351.15 rows=1 width=158) (actual time=12.728..26.321 rows=1 loops=1)
Nested Loop  (cost=0.00..6351.73 rows=1 width=21) (actual time=5.870..26.622 rows=4 loops=1)
Sort  (cost=6351.45..6351.46 rows=1 width=149) (actual time=29.706..29.707 rows=1 loops=1)
Nested Loop  (cost=0.00..6351.40 rows=1 width=21) (actual time=4.233..25.749 rows=3 loops=1)
Nested Loop  (cost=0.00..6351.15 rows=1 width=158) (actual time=11.359..24.517 rows=1 loops=1)
Sort  (cost=6351.45..6351.46 rows=1 width=149) (actual time=28.899..28.901 rows=1 loops=1)
Nested Loop  (cost=0.00..6351.15 rows=1 width=21) (actual time=6.826..24.617 rows=2 loops=1)
Nested Loop  (cost=0.00..6351.15 rows=1 width=21) (actual time=0.747..24.854 rows=2 loops=1)
Nested Loop  (cost=0.00..6351.15 rows=1 width=21) (actual time=13.147..24.819 rows=2 loops=1)
Nested Loop  (cost=0.00..6352.84 rows=1 width=158) (actual time=7.352..25.914 rows=4 loops=1)
Nested Loop  (cost=0.00..6351.56 rows=1 width=158) (actual time=2.956..25.359 rows=5 loops=1)
Nested Loop  (cost=0.00..6351.76 rows=1 width=158) (actual time=16.173..25.131 rows=2 loops=1)
Nested Loop  (cost=0.00..6351.15 rows=1 width=158) (actual time=12.090..25.314 rows=2 loops=1)
Nested Loop  (cost=0.00..6351.47 rows=1 width=21) (actual time=8.646..29.640 rows=4 loops=1)
Nested Loop  (cost=0.00..6351.15 rows=1 width=158) (actual time=0.833..25.054 rows=2 loops=1)
Nested Loop  (cost=0.00..6351.15 rows=1 width=403) (actual time=0.791..26.104 rows=2 loops=1)
Sort  (cost=6351.45..6351.46 rows=1 width=149) (actual time=29.145..29.147 rows=1 loops=1)
Nested Loop  (cost=0.00..6351.15 rows=1 width=158) (actual time=13.382..25.529 rows=1 loops=1)
Nested Loop  (cost=0.00..6351.15 rows=1 width=403) (actual time=13.577..24.853 rows=1 loops=1)
Nested Loop  (cost=0.00..6351.15 rows=1 width=21) (actual time=12.887..25.088 rows=3 loops=1)
Nested Loop  (cost=0.00..6351.15 rows=1 width=21) (actual time=2.957..25.169 rows=2 loops=1)
Nested Loop  (cost=0.00..6351.15 rows=1 width=158) (actual time=18.337..24.616 rows=1 loops=1)
Nested Loop  (cost=0.00..6351.15 rows=1 width=158) (actual time=35.309..38.659 rows=2 loops=1)
Nested Loop  (cost=0.00..6351.15 rows=1 width=21) (actual time=8.008..25.463 rows=2 loops=1)
Nested Loop  (cost=0.00..6351.15 rows=1 width=21) (actual time=7.577..24.836 rows=2 loops=1)
Nested Loop  (cost=0.00..6351.15 rows=1 width=158) (actual time=10.030..24.673 rows=1 loops=1)
Nested Loop  (cost=0.00..6351.15 rows=1 width=403) (actual time=10.307..24.857 rows=1 loops=1)
Sort  (cost=6351.45..6351.46 rows=1 width=149) (actual time=29.126..29.127 rows=4 loops=1)
Sort  (cost=6351.45..6351.46 rows=1 width=149) (actual time=29.076..29.077 rows=1 loops=1)
Sort  (cost=6351.45..6351.46 rows=1 width=149) (actual time=28.936..28.938 rows=1 loops=1)
Nested Loop  (cost=0.00..6351.15 rows=1 width=21) (actual time=1.345..25.107 rows=2 loops=1)
Sort  (cost=6351.45..6351.46 rows=1 width=149) (actual time=29.788..29.790 rows=1 loops=1)
Nested Loop  (cost=0.00..6351.15 rows=1 width=403) (actual time=16.254..24.672 rows=1 loops=1)
Nested Loop  (cost=0.00..6353.26 rows=1 width=158) (actual time=3.923..26.452 rows=7 loops=1)
Nested Loop  (cost=0.00..6351.15 rows=1 width=21) (actual time=13.464..26.468 rows=2 loops=1)
Nested Loop  (cost=0.00..6351.53 rows=1 width=21) (actual time=12.180..25.056 rows=3 loops=1)
Nested Loop  (cost=0.00..6351.15 rows=1 width=158) (actual time=13.722..24.775 rows=1 loops=1)
Nested Loop  (cost=0.00..6351.15 rows=1 width=21) (actual time=4.042..25.726 rows=2 loops=1)
Nested Loop  (cost=0.00..6351.15 rows=1 width=21) (actual time=16.856..24.946 rows=3 loops=1)
Sort  (cost=6351.45..6351.46 rows=1 width=149) (actual time=29.252..29.254 rows=1 loops=1)
Nested Loop  (cost=0.00..6351.15 rows=1 width=158) (actual time=5.312..25.133 rows=1 loops=1)
Nested Loop  (cost=0.00..6353.26 rows=1 width=21) (actual time=3.010..26.510 rows=10 loops=1)
Sort  (cost=6351.45..6351.46 rows=1 width=149) (actual time=28.730..28.732 rows=1 loops=1)
Nested Loop  (cost=0.00..6351.64 rows=1 width=158) (actual time=1.812..25.026 rows=2 loops=1)
Nested Loop  (cost=0.00..6351.15 rows=1 width=21) (actual time=10.434..25.816 rows=2 loops=1)
Sort  (cost=6351.45..6351.46 rows=1 width=149) (actual time=34.492..34.494 rows=1 loops=1)
Nested Loop  (cost=0.00..6351.38 rows=1 width=21) (actual time=15.901..28.831 rows=2 loops=1)
Nested Loop  (cost=0.00..6351.15 rows=1 width=21) (actual time=4.759..24.713 rows=3 loops=1)
Nested Loop  (cost=0.00..6351.15 rows=1 width=21) (actual time=18.533..24.820 rows=2 loops=1)
Nested Loop  (cost=0.00..6351.84 rows=1 width=21) (actual time=3.853..25.422 rows=6 loops=1)
Sort  (cost=6351.45..6351.46 rows=1 width=149) (actual time=29.346..29.348 rows=1 loops=1)
Nested Loop  (cost=0.00..6351.15 rows=1 width=21) (actual time=1.425..24.674 rows=1 loops=1)
Sort  (cost=6351.45..6351.46 rows=1 width=149) (actual time=29.445..29.447 rows=2 loops=1)
Nested Loop  (cost=0.00..6351.64 rows=1 width=21) (actual time=0.743..26.012 rows=3 loops=1)
Nested Loop  (cost=0.00..6351.82 rows=1 width=158) (actual time=5.133..25.474 rows=5 loops=1)
Nested Loop  (cost=0.00..6351.15 rows=1 width=21) (actual time=18.907..25.399 rows=2 loops=1)
Nested Loop  (cost=0.00..6351.15 rows=1 width=158) (actual time=4.888..25.231 rows=1 loops=1)
Nested Loop  (cost=0.00..6351.15 rows=1 width=21) (actual time=3.085..25.116 rows=2 loops=1)
Nested Loop  (cost=0.00..6351.15 rows=1 width=158) (actual time=11.203..24.753 rows=1 loops=1)
Sort  (cost=6351.45..6351.46 rows=1 width=149) (actual time=28.446..28.448 rows=1 loops=1)
Sort  (cost=6351.45..6351.46 rows=1 width=149) (actual time=28.913..28.914 rows=1 loops=1)
Nested Loop  (cost=0.00..6351.15 rows=1 width=21) (actual time=13.530..25.233 rows=2 loops=1)
Nested Loop  (cost=0.00..6351.15 rows=1 width=21) (actual time=18.098..25.226 rows=2 loops=1)
Nested Loop  (cost=0.00..6351.15 rows=1 width=21) (actual time=8.349..25.053 rows=2 loops=1)
Nested Loop  (cost=0.00..6351.15 rows=1 width=21) (actual time=5.154..24.863 rows=2 loops=1)
Sort  (cost=6354.57..6354.58 rows=1 width=149) (actual time=37.007..37.010 rows=18 loops=1)
Sort  (cost=6351.45..6351.46 rows=1 width=149) (actual time=29.659..29.660 rows=3 loops=1)
Nested Loop  (cost=0.00..6351.15 rows=1 width=21) (actual time=7.675..25.794 rows=2 loops=1)
Nested Loop  (cost=0.00..6351.40 rows=1 width=158) (actual time=18.839..28.731 rows=2 loops=1)
Nested Loop  (cost=0.00..6352.64 rows=1 width=21) (actual time=5.394..30.318 rows=4 loops=1)
Nested Loop  (cost=0.00..6351.64 rows=1 width=158) (actual time=24.302..25.095 rows=1 loops=1)
Nested Loop  (cost=0.00..6351.15 rows=1 width=158) (actual time=18.141..24.901 rows=2 loops=1)
Nested Loop  (cost=0.00..6351.38 rows=1 width=21) (actual time=16.471..24.879 rows=4 loops=1)
Sort  (cost=6351.45..6351.46 rows=1 width=149) (actual time=30.597..30.599 rows=2 loops=1)
Nested Loop  (cost=0.00..6351.15 rows=1 width=21) (actual time=18.762..24.866 rows=2 loops=1)
Nested Loop  (cost=0.00..6351.47 rows=1 width=158) (actual time=24.850..25.169 rows=1 loops=1)
Nested Loop  (cost=0.00..6351.47 rows=1 width=403) (actual time=24.660..24.973 rows=1 loops=1)
Nested Loop  (cost=0.00..6351.15 rows=1 width=21) (actual time=17.134..24.848 rows=2 loops=1)
Nested Loop  (cost=0.00..6351.15 rows=1 width=21) (actual time=9.338..25.900 rows=2 loops=1)
Sort  (cost=6351.45..6351.46 rows=1 width=149) (actual time=31.576..31.578 rows=9 loops=1)
Nested Loop  (cost=0.00..6351.15 rows=1 width=403) (actual time=5.401..24.767 rows=1 loops=1)
Sort  (cost=6351.45..6351.46 rows=1 width=149) (actual time=36.149..36.151 rows=2 loops=1)
Nested Loop  (cost=0.00..6351.15 rows=1 width=158) (actual time=6.452..24.953 rows=1 loops=1)
Nested Loop  (cost=0.00..6351.15 rows=1 width=21) (actual time=1.821..25.161 rows=2 loops=1)
Nested Loop  (cost=0.00..6351.15 rows=1 width=21) (actual time=1.076..25.137 rows=2 loops=1)
Sort  (cost=6351.45..6351.46 rows=1 width=149) (actual time=29.342..29.343 rows=1 loops=1)
Sort  (cost=6352.89..6352.90 rows=1 width=149) (actual time=30.808..30.811 rows=13 loops=1)
Sort  (cost=6351.45..6351.46 rows=1 width=149) (actual time=29.669..29.671 rows=1 loops=1)
Nested Loop  (cost=0.00..6351.73 rows=1 width=21) (actual time=6.115..24.860 rows=5 loops=1)
Nested Loop  (cost=0.00..6351.73 rows=1 width=21) (actual time=0.603..31.212 rows=3 loops=1)
Sort  (cost=6351.45..6351.46 rows=1 width=149) (actual time=30.458..30.460 rows=5 loops=1)
Nested Loop  (cost=0.00..6351.15 rows=1 width=21) (actual time=2.637..28.945 rows=4 loops=1)
Nested Loop  (cost=0.00..6351.15 rows=1 width=21) (actual time=11.555..24.644 rows=2 loops=1)
Sort  (cost=6351.45..6351.46 rows=1 width=149) (actual time=28.887..28.889 rows=1 loops=1)
Nested Loop  (cost=0.00..6351.78 rows=1 width=158) (actual time=1.689..25.498 rows=3 loops=1)
Nested Loop  (cost=0.00..6352.84 rows=1 width=21) (actual time=3.272..26.366 rows=8 loops=1)
Sort  (cost=6351.45..6351.46 rows=1 width=149) (actual time=29.260..29.262 rows=1 loops=1)
Nested Loop  (cost=0.00..6351.15 rows=1 width=403) (actual time=8.393..25.012 rows=1 loops=1)
Nested Loop  (cost=0.00..6351.15 rows=1 width=158) (actual time=5.558..24.949 rows=1 loops=1)
Nested Loop  (cost=0.00..6351.15 rows=1 width=21) (actual time=6.577..25.026 rows=2 loops=1)
Nested Loop  (cost=0.00..6351.15 rows=1 width=21) (actual time=7.606..25.361 rows=5 loops=1)
Sort  (cost=6351.45..6351.46 rows=1 width=149) (actual time=30.231..30.232 rows=1 loops=1)
Nested Loop  (cost=0.00..6351.82 rows=1 width=158) (actual time=16.726..26.258 rows=4 loops=1)
Nested Loop  (cost=0.00..6351.15 rows=1 width=21) (actual time=10.996..24.778 rows=3 loops=1)
Nested Loop  (cost=0.00..6351.15 rows=1 width=21) (actual time=11.067..24.737 rows=2 loops=1)
Sort  (cost=6351.45..6351.46 rows=1 width=149) (actual time=28.624..28.626 rows=1 loops=1)
Nested Loop  (cost=0.00..6351.15 rows=1 width=403) (actual time=8.054..24.683 rows=1 loops=1)
Nested Loop  (cost=0.00..6351.15 rows=1 width=21) (actual time=12.657..25.716 rows=2 loops=1)
Nested Loop  (cost=0.00..6351.15 rows=1 width=21) (actual time=5.794..24.877 rows=2 loops=1)
Sort  (cost=6351.45..6351.46 rows=1 width=149) (actual time=29.087..29.089 rows=3 loops=1)
Sort  (cost=6351.45..6351.46 rows=1 width=149) (actual time=28.862..28.864 rows=2 loops=1)
Nested Loop  (cost=0.00..6351.15 rows=1 width=158) (actual time=9.294..25.599 rows=1 loops=1)
Nested Loop  (cost=0.00..6351.15 rows=1 width=21) (actual time=5.580..28.477 rows=3 loops=1)
Nested Loop  (cost=0.00..6351.15 rows=1 width=21) (actual time=14.504..24.957 rows=3 loops=1)
Nested Loop  (cost=0.00..6351.64 rows=1 width=21) (actual time=11.688..27.838 rows=4 loops=1)
Nested Loop  (cost=0.00..6351.15 rows=1 width=158) (actual time=12.589..24.858 rows=1 loops=1)
Nested Loop  (cost=0.00..6351.82 rows=1 width=21) (actual time=8.503..25.044 rows=8 loops=1)
Sort  (cost=6351.45..6351.46 rows=1 width=149) (actual time=29.380..29.382 rows=1 loops=1)
Nested Loop  (cost=0.00..6351.44 rows=1 width=21) (actual time=15.295..25.180 rows=3 loops=1)
Nested Loop  (cost=0.00..6351.15 rows=1 width=21) (actual time=3.852..24.940 rows=2 loops=1)
Nested Loop  (cost=0.00..6351.15 rows=1 width=21) (actual time=18.872..24.656 rows=2 loops=1)
Nested Loop  (cost=0.00..6353.26 rows=1 width=158) (actual time=2.560..26.698 rows=7 loops=1)
Nested Loop  (cost=0.00..6351.53 rows=1 width=21) (actual time=3.612..25.386 rows=6 loops=1)
Nested Loop  (cost=0.00..6351.15 rows=1 width=21) (actual time=22.022..24.998 rows=2 loops=1)
Sort  (cost=6351.45..6351.46 rows=1 width=149) (actual time=29.183..29.185 rows=1 loops=1)
Nested Loop  (cost=0.00..6351.15 rows=1 width=158) (actual time=9.880..24.699 rows=1 loops=1)
Nested Loop  (cost=0.00..6351.15 rows=1 width=158) (actual time=15.942..24.871 rows=1 loops=1)
Nested Loop  (cost=0.00..6351.15 rows=1 width=403) (actual time=16.095..25.085 rows=1 loops=1)
Sort  (cost=6351.45..6351.46 rows=1 width=149) (actual time=29.919..29.921 rows=4 loops=1)
Nested Loop  (cost=0.00..6351.90 rows=1 width=21) (actual time=10.426..25.415 rows=3 loops=1)
Nested Loop  (cost=0.00..6351.40 rows=1 width=21) (actual time=0.091..27.144 rows=3 loops=1)
Nested Loop  (cost=0.00..6351.15 rows=1 width=21) (actual time=5.342..24.693 rows=2 loops=1)
Nested Loop  (cost=0.00..6351.15 rows=1 width=21) (actual time=16.276..28.230 rows=3 loops=1)
Sort  (cost=6351.45..6351.46 rows=1 width=149) (actual time=29.519..29.521 rows=1 loops=1)
Nested Loop  (cost=0.00..6351.40 rows=1 width=21) (actual time=2.254..25.535 rows=4 loops=1)
Sort  (cost=6351.45..6351.46 rows=1 width=149) (actual time=30.030..30.032 rows=1 loops=1)
Sort  (cost=6351.45..6351.46 rows=1 width=149) (actual time=34.897..34.900 rows=5 loops=1)
Nested Loop  (cost=0.00..6351.15 rows=1 width=21) (actual time=19.043..25.082 rows=2 loops=1)
Sort  (cost=6351.45..6351.46 rows=1 width=149) (actual time=29.759..29.761 rows=1 loops=1)
Nested Loop  (cost=0.00..6351.40 rows=1 width=21) (actual time=2.229..24.851 rows=4 loops=1)
Sort  (cost=6351.45..6351.46 rows=1 width=149) (actual time=29.102..29.104 rows=3 loops=1)
Nested Loop  (cost=0.00..6351.15 rows=1 width=21) (actual time=14.216..24.681 rows=2 loops=1)
Sort  (cost=6351.45..6351.46 rows=1 width=149) (actual time=29.218..29.220 rows=1 loops=1)
Nested Loop  (cost=0.00..6351.15 rows=1 width=21) (actual time=11.441..25.713 rows=2 loops=1)
Nested Loop  (cost=0.00..6351.15 rows=1 width=21) (actual time=13.333..25.287 rows=2 loops=1)
Nested Loop  (cost=0.00..6351.15 rows=1 width=158) (actual time=12.290..24.787 rows=1 loops=1)
Nested Loop  (cost=0.00..6351.15 rows=1 width=21) (actual time=17.992..31.460 rows=2 loops=1)
Nested Loop  (cost=0.00..6351.15 rows=1 width=21) (actual time=20.079..25.114 rows=2 loops=1)
Nested Loop  (cost=0.00..6351.15 rows=1 width=21) (actual time=5.427..25.082 rows=3 loops=1)
Nested Loop  (cost=0.00..6351.15 rows=1 width=158) (actual time=8.907..25.215 rows=2 loops=1)
Nested Loop  (cost=0.00..6351.38 rows=1 width=21) (actual time=17.771..25.162 rows=2 loops=1)
Nested Loop  (cost=0.00..6351.15 rows=1 width=21) (actual time=15.098..24.765 rows=3 loops=1)
Sort  (cost=6351.45..6351.46 rows=1 width=149) (actual time=28.651..28.653 rows=1 loops=1)
Nested Loop  (cost=0.00..6351.15 rows=1 width=403) (actual time=21.417..24.578 rows=1 loops=1)
Nested Loop  (cost=0.00..6351.15 rows=1 width=21) (actual time=13.689..24.455 rows=2 loops=1)
Nested Loop  (cost=0.00..6352.84 rows=1 width=21) (actual time=6.052..26.127 rows=7 loops=1)
Nested Loop  (cost=0.00..6352.84 rows=1 width=21) (actual time=4.515..26.136 rows=6 loops=1)
Sort  (cost=6351.45..6351.46 rows=1 width=149) (actual time=28.137..28.139 rows=1 loops=1)
Nested Loop  (cost=0.00..6351.67 rows=1 width=21) (actual time=5.363..28.601 rows=4 loops=1)
Sort  (cost=6351.45..6351.46 rows=1 width=149) (actual time=28.636..28.638 rows=4 loops=1)
Sort  (cost=6351.45..6351.46 rows=1 width=149) (actual time=29.463..29.464 rows=1 loops=1)
Nested Loop  (cost=0.00..6351.15 rows=1 width=21) (actual time=2.244..25.075 rows=2 loops=1)
Sort  (cost=6351.45..6351.46 rows=1 width=149) (actual time=29.778..29.780 rows=1 loops=1)
Nested Loop  (cost=0.00..6353.26 rows=1 width=21) (actual time=1.647..26.325 rows=9 loops=1)
Nested Loop  (cost=0.00..6351.15 rows=1 width=21) (actual time=4.322..25.168 rows=2 loops=1)
Nested Loop  (cost=0.00..6351.15 rows=1 width=21) (actual time=10.716..25.316 rows=2 loops=1)
Nested Loop  (cost=0.00..6351.15 rows=1 width=158) (actual time=13.352..25.123 rows=1 loops=1)
Nested Loop  (cost=0.00..6351.58 rows=1 width=158) (actual time=7.613..24.994 rows=1 loops=1)
Nested Loop  (cost=0.00..6351.15 rows=1 width=158) (actual time=24.501..24.714 rows=1 loops=1)
Sort  (cost=6351.45..6351.46 rows=1 width=149) (actual time=29.334..29.335 rows=1 loops=1)
Sort  (cost=6351.45..6351.46 rows=1 width=149) (actual time=29.686..29.688 rows=4 loops=1)
Nested Loop  (cost=0.00..6351.15 rows=1 width=21) (actual time=7.238..25.073 rows=2 loops=1)
Nested Loop  (cost=0.00..6351.15 rows=1 width=158) (actual time=11.382..25.032 rows=3 loops=1)
Nested Loop  (cost=0.00..6351.78 rows=1 width=21) (actual time=3.002..24.709 rows=7 loops=1)
Nested Loop  (cost=0.00..6351.15 rows=1 width=21) (actual time=2.591..25.100 rows=3 loops=1)
Nested Loop  (cost=0.00..6351.82 rows=1 width=21) (actual time=5.532..25.400 rows=8 loops=1)
Nested Loop  (cost=0.00..6351.15 rows=1 width=21) (actual time=4.208..24.977 rows=2 loops=1)
Sort  (cost=6351.45..6351.46 rows=1 width=149) (actual time=28.963..28.965 rows=1 loops=1)
Nested Loop  (cost=0.00..6351.69 rows=1 width=21) (actual time=3.454..26.699 rows=7 loops=1)
Sort  (cost=6355.75..6355.75 rows=1 width=149) (actual time=36.090..36.094 rows=18 loops=1)
Nested Loop  (cost=0.00..6351.15 rows=1 width=21) (actual time=11.765..25.015 rows=3 loops=1)
Nested Loop  (cost=0.00..6351.64 rows=1 width=21) (actual time=2.939..25.242 rows=4 loops=1)
Nested Loop  (cost=0.00..6351.15 rows=1 width=21) (actual time=7.446..24.526 rows=2 loops=1)
Sort  (cost=6351.45..6351.46 rows=1 width=149) (actual time=30.766..30.768 rows=1 loops=1)
Sort  (cost=6351.45..6351.46 rows=1 width=149) (actual time=29.398..29.400 rows=1 loops=1)
Nested Loop  (cost=0.00..6351.15 rows=1 width=21) (actual time=9.438..25.179 rows=2 loops=1)
Nested Loop  (cost=0.00..6351.15 rows=1 width=21) (actual time=0.662..24.644 rows=2 loops=1)
Sort  (cost=6351.45..6351.46 rows=1 width=149) (actual time=29.575..29.577 rows=1 loops=1)
Nested Loop  (cost=0.00..6351.40 rows=1 width=158) (actual time=12.502..26.093 rows=1 loops=1)
Sort  (cost=6351.45..6351.46 rows=1 width=149) (actual time=28.327..28.328 rows=1 loops=1)
Nested Loop  (cost=0.00..6351.40 rows=1 width=403) (actual time=12.240..25.027 rows=1 loops=1)
Nested Loop  (cost=0.00..6351.47 rows=1 width=21) (actual time=12.831..25.148 rows=2 loops=1)
Nested Loop  (cost=0.00..6352.64 rows=1 width=158) (actual time=9.115..26.150 rows=7 loops=1)
Sort  (cost=6351.45..6351.46 rows=1 width=149) (actual time=30.220..30.221 rows=3 loops=1)
Nested Loop  (cost=0.00..6351.84 rows=1 width=21) (actual time=9.283..28.517 rows=4 loops=1)
Nested Loop  (cost=0.00..6351.15 rows=1 width=21) (actual time=12.777..25.293 rows=3 loops=1)
Nested Loop  (cost=0.00..6351.15 rows=1 width=21) (actual time=1.838..24.771 rows=2 loops=1)
Nested Loop  (cost=0.00..6351.15 rows=1 width=158) (actual time=23.252..25.414 rows=1 loops=1)
Sort  (cost=6351.45..6351.46 rows=1 width=149) (actual time=28.677..28.679 rows=2 loops=1)
Nested Loop  (cost=0.00..6351.15 rows=1 width=21) (actual time=4.226..24.884 rows=3 loops=1)
Sort  (cost=6351.45..6351.46 rows=1 width=149) (actual time=30.002..30.004 rows=1 loops=1)
Nested Loop  (cost=0.00..6353.26 rows=1 width=158) (actual time=3.865..29.970 rows=7 loops=1)
Nested Loop  (cost=0.00..6351.15 rows=1 width=21) (actual time=3.041..25.942 rows=4 loops=1)
Nested Loop  (cost=0.00..6351.15 rows=1 width=158) (actual time=16.603..25.385 rows=1 loops=1)
Nested Loop  (cost=0.00..6351.15 rows=1 width=403) (actual time=16.540..25.139 rows=1 loops=1)
Nested Loop  (cost=0.00..6351.69 rows=1 width=21) (actual time=4.223..25.278 rows=6 loops=1)
Nested Loop  (cost=0.00..6353.26 rows=1 width=158) (actual time=2.029..28.792 rows=7 loops=1)
Nested Loop  (cost=0.00..6351.58 rows=1 width=158) (actual time=18.316..28.668 rows=1 loops=1)
Sort  (cost=6351.45..6351.46 rows=1 width=149) (actual time=29.177..29.179 rows=1 loops=1)
Nested Loop  (cost=0.00..6351.15 rows=1 width=21) (actual time=20.283..26.788 rows=2 loops=1)
Sort  (cost=6351.45..6351.46 rows=1 width=149) (actual time=29.947..29.949 rows=4 loops=1)
Sort  (cost=6353.27..6353.27 rows=1 width=149) (actual time=30.198..30.200 rows=6 loops=1)
Nested Loop  (cost=0.00..6351.15 rows=1 width=21) (actual time=4.290..25.721 rows=2 loops=1)
Nested Loop  (cost=0.00..6351.15 rows=1 width=21) (actual time=16.131..25.233 rows=2 loops=1)
Sort  (cost=6351.45..6351.46 rows=1 width=149) (actual time=29.181..29.182 rows=1 loops=1)
Sort  (cost=6351.45..6351.46 rows=1 width=149) (actual time=29.296..29.298 rows=1 loops=1)
Nested Loop  (cost=0.00..6351.47 rows=1 width=158) (actual time=14.103..25.959 rows=1 loops=1)
Sort  (cost=6366.89..6366.89 rows=1 width=149) (actual time=29.862..29.867 rows=53 loops=1)
Nested Loop  (cost=0.00..6351.15 rows=1 width=21) (actual time=2.525..24.714 rows=3 loops=1)
Nested Loop  (cost=0.00..6351.15 rows=1 width=21) (actual time=16.873..24.901 rows=2 loops=1)
Nested Loop  (cost=0.00..6351.15 rows=1 width=21) (actual time=9.596..24.861 rows=2 loops=1)
Nested Loop  (cost=0.00..6351.15 rows=1 width=21) (actual time=6.720..25.340 rows=2 loops=1)
Nested Loop  (cost=0.00..6351.15 rows=1 width=158) (actual time=4.653..25.279 rows=2 loops=1)
Nested Loop  (cost=0.00..6352.84 rows=1 width=21) (actual time=7.578..35.945 rows=12 loops=1)
Nested Loop  (cost=0.00..6351.15 rows=1 width=21) (actual time=7.992..24.451 rows=2 loops=1)
Nested Loop  (cost=0.00..6351.15 rows=1 width=21) (actual time=16.022..24.616 rows=1 loops=1)
Sort  (cost=6351.45..6351.46 rows=1 width=149) (actual time=29.358..29.360 rows=4 loops=1)
Nested Loop  (cost=0.00..6351.15 rows=1 width=403) (actual time=7.151..24.836 rows=2 loops=1)
Sort  (cost=6351.45..6351.46 rows=1 width=149) (actual time=29.637..29.639 rows=2 loops=1)
Nested Loop  (cost=0.00..6351.15 rows=1 width=21) (actual time=1.803..27.292 rows=3 loops=1)
Nested Loop  (cost=0.00..6351.15 rows=1 width=158) (actual time=6.692..24.639 rows=2 loops=1)
Sort  (cost=6351.45..6351.46 rows=1 width=149) (actual time=30.209..30.211 rows=4 loops=1)
Sort  (cost=6351.45..6351.46 rows=1 width=149) (actual time=29.484..29.486 rows=1 loops=1)
Nested Loop  (cost=0.00..6351.15 rows=1 width=158) (actual time=12.495..24.906 rows=2 loops=1)
Nested Loop  (cost=0.00..6351.53 rows=1 width=158) (actual time=4.957..25.353 rows=3 loops=1)
Nested Loop  (cost=0.00..6351.15 rows=1 width=21) (actual time=16.009..25.064 rows=2 loops=1)
Sort  (cost=6351.45..6351.46 rows=1 width=149) (actual time=29.328..29.330 rows=4 loops=1)
Nested Loop  (cost=0.00..6351.15 rows=1 width=21) (actual time=11.213..24.724 rows=2 loops=1)
Nested Loop  (cost=0.00..6353.26 rows=1 width=158) (actual time=6.093..25.906 rows=8 loops=1)
Nested Loop  (cost=0.00..6351.15 rows=1 width=21) (actual time=9.593..24.633 rows=2 loops=1)
Nested Loop  (cost=0.00..6351.15 rows=1 width=21) (actual time=3.309..24.717 rows=2 loops=1)
Nested Loop  (cost=0.00..6351.15 rows=1 width=21) (actual time=2.664..25.062 rows=3 loops=1)
Nested Loop  (cost=0.00..6351.69 rows=1 width=158) (actual time=2.981..25.197 rows=7 loops=1)
Nested Loop  (cost=0.00..6351.15 rows=1 width=158) (actual time=5.322..25.242 rows=2 loops=1)
Nested Loop  (cost=0.00..6351.15 rows=1 width=21) (actual time=18.793..25.141 rows=2 loops=1)
Nested Loop  (cost=0.00..6351.15 rows=1 width=21) (actual time=11.425..24.496 rows=2 loops=1)
Nested Loop  (cost=0.00..6351.76 rows=1 width=21) (actual time=6.837..27.191 rows=6 loops=1)
Nested Loop  (cost=0.00..6351.15 rows=1 width=158) (actual time=19.598..37.408 rows=2 loops=1)
Nested Loop  (cost=0.00..6352.64 rows=1 width=158) (actual time=1.479..25.745 rows=8 loops=1)
Sort  (cost=6354.57..6354.58 rows=1 width=149) (actual time=28.422..28.425 rows=18 loops=1)
Sort  (cost=6351.45..6351.46 rows=1 width=149) (actual time=29.281..29.283 rows=1 loops=1)
Sort  (cost=6351.45..6351.46 rows=1 width=149) (actual time=28.831..28.833 rows=1 loops=1)
Nested Loop  (cost=0.00..6351.35 rows=1 width=21) (actual time=1.345..24.657 rows=3 loops=1)
Sort  (cost=6351.45..6351.46 rows=1 width=149) (actual time=29.611..29.614 rows=1 loops=1)
Nested Loop  (cost=0.00..6351.15 rows=1 width=158) (actual time=20.089..25.616 rows=1 loops=1)
Nested Loop  (cost=0.00..6351.76 rows=1 width=158) (actual time=4.240..25.228 rows=4 loops=1)
Nested Loop  (cost=0.00..6351.15 rows=1 width=21) (actual time=4.196..25.005 rows=2 loops=1)
Nested Loop  (cost=0.00..6351.15 rows=1 width=21) (actual time=2.731..27.610 rows=3 loops=1)
Nested Loop  (cost=0.00..6351.15 rows=1 width=158) (actual time=2.247..24.926 rows=1 loops=1)
Sort  (cost=6356.81..6356.82 rows=1 width=149) (actual time=29.950..29.953 rows=21 loops=1)
Nested Loop  (cost=0.00..6353.26 rows=1 width=158) (actual time=1.473..28.352 rows=6 loops=1)
Nested Loop  (cost=0.00..6351.15 rows=1 width=158) (actual time=14.685..29.114 rows=1 loops=1)
Nested Loop  (cost=0.00..6351.15 rows=1 width=21) (actual time=8.420..25.440 rows=2 loops=1)
Sort  (cost=6351.45..6351.46 rows=1 width=149) (actual time=32.943..32.945 rows=1 loops=1)
Nested Loop  (cost=0.00..6351.15 rows=1 width=403) (actual time=20.870..25.563 rows=1 loops=1)
Sort  (cost=6351.45..6351.46 rows=1 width=149) (actual time=29.755..29.757 rows=5 loops=1)
Nested Loop  (cost=0.00..6351.53 rows=1 width=158) (actual time=9.466..25.363 rows=2 loops=1)
Nested Loop  (cost=0.00..6351.15 rows=1 width=21) (actual time=2.732..24.595 rows=3 loops=1)
Nested Loop  (cost=0.00..6351.84 rows=1 width=21) (actual time=5.915..24.962 rows=7 loops=1)
Nested Loop  (cost=0.00..6351.15 rows=1 width=158) (actual time=16.415..24.726 rows=1 loops=1)
Nested Loop  (cost=0.00..6351.15 rows=1 width=21) (actual time=0.154..24.952 rows=2 loops=1)
Sort  (cost=6351.45..6351.46 rows=1 width=149) (actual time=29.782..29.784 rows=1 loops=1)
Nested Loop  (cost=0.00..6351.15 rows=1 width=158) (actual time=4.534..25.105 rows=3 loops=1)
Nested Loop  (cost=0.00..6351.84 rows=1 width=158) (actual time=7.159..24.638 rows=3 loops=1)
Nested Loop  (cost=0.00..6351.15 rows=1 width=158) (actual time=7.037..24.352 rows=1 loops=1)
Nested Loop  (cost=0.00..6351.69 rows=1 width=21) (actual time=6.873..39.133 rows=5 loops=1)
Nested Loop  (cost=0.00..6351.15 rows=1 width=21) (actual time=2.687..25.195 rows=3 loops=1)
Nested Loop  (cost=0.00..6351.15 rows=1 width=158) (actual time=0.881..25.267 rows=2 loops=1)
Sort  (cost=6355.84..6355.84 rows=1 width=149) (actual time=30.506..30.509 rows=27 loops=1)
Nested Loop  (cost=0.00..6351.15 rows=1 width=158) (actual time=15.933..25.099 rows=1 loops=1)
Sort  (cost=6351.45..6351.46 rows=1 width=149) (actual time=28.755..28.757 rows=1 loops=1)
Nested Loop  (cost=0.00..6351.78 rows=1 width=158) (actual time=1.662..29.137 rows=3 loops=1)
Nested Loop  (cost=0.00..6351.15 rows=1 width=21) (actual time=0.864..24.679 rows=2 loops=1)
Nested Loop  (cost=0.00..6351.15 rows=1 width=21) (actual time=9.593..24.814 rows=2 loops=1)
Nested Loop  (cost=0.00..6351.15 rows=1 width=158) (actual time=11.708..25.089 rows=1 loops=1)
Nested Loop  (cost=0.00..6351.73 rows=1 width=21) (actual time=2.117..25.531 rows=4 loops=1)
Sort  (cost=6351.45..6351.46 rows=1 width=149) (actual time=29.128..29.129 rows=1 loops=1)
Nested Loop  (cost=0.00..6351.15 rows=1 width=158) (actual time=4.446..25.180 rows=1 loops=1)
Nested Loop  (cost=0.00..6351.15 rows=1 width=158) (actual time=11.318..25.090 rows=1 loops=1)
Nested Loop  (cost=0.00..6351.53 rows=1 width=21) (actual time=11.701..25.198 rows=4 loops=1)
Nested Loop  (cost=0.00..6352.07 rows=1 width=21) (actual time=5.289..24.764 rows=2 loops=1)
Nested Loop  (cost=0.00..6351.84 rows=1 width=21) (actual time=8.531..25.081 rows=3 loops=1)
Nested Loop  (cost=0.00..6351.73 rows=1 width=158) (actual time=9.404..25.576 rows=1 loops=1)
Nested Loop  (cost=0.00..6351.15 rows=1 width=21) (actual time=13.795..24.743 rows=3 loops=1)
Sort  (cost=6351.45..6351.46 rows=1 width=149) (actual time=29.291..29.293 rows=2 loops=1)
Nested Loop  (cost=0.00..6351.15 rows=1 width=21) (actual time=8.560..25.136 rows=2 loops=1)
Nested Loop  (cost=0.00..6352.64 rows=1 width=21) (actual time=1.670..25.423 rows=13 loops=1)
Nested Loop  (cost=0.00..6351.15 rows=1 width=21) (actual time=4.264..24.460 rows=3 loops=1)
Sort  (cost=6351.45..6351.46 rows=1 width=149) (actual time=28.708..28.710 rows=1 loops=1)
Nested Loop  (cost=0.00..6351.56 rows=1 width=21) (actual time=21.536..25.015 rows=2 loops=1)
Nested Loop  (cost=0.00..6351.15 rows=1 width=158) (actual time=2.250..25.917 rows=1 loops=1)
Nested Loop  (cost=0.00..6351.15 rows=1 width=21) (actual time=8.713..25.376 rows=3 loops=1)
Nested Loop  (cost=0.00..6351.15 rows=1 width=21) (actual time=11.918..24.300 rows=2 loops=1)
Nested Loop  (cost=0.00..6351.15 rows=1 width=158) (actual time=6.482..40.143 rows=3 loops=1)
Nested Loop  (cost=0.00..6351.76 rows=1 width=21) (actual time=1.618..27.876 rows=3 loops=1)
Nested Loop  (cost=0.00..6351.15 rows=1 width=21) (actual time=2.024..24.932 rows=2 loops=1)
Nested Loop  (cost=0.00..6353.26 rows=1 width=21) (actual time=0.100..26.106 rows=6 loops=1)
Nested Loop  (cost=0.00..6351.15 rows=1 width=158) (actual time=0.218..24.812 rows=2 loops=1)
Sort  (cost=6351.45..6351.46 rows=1 width=149) (actual time=28.716..28.718 rows=2 loops=1)
Nested Loop  (cost=0.00..6351.38 rows=1 width=21) (actual time=1.598..25.344 rows=4 loops=1)
Nested Loop  (cost=0.00..6351.82 rows=1 width=21) (actual time=6.116..28.003 rows=4 loops=1)
Nested Loop  (cost=0.00..6351.47 rows=1 width=21) (actual time=7.332..24.597 rows=3 loops=1)
Nested Loop  (cost=0.00..6353.26 rows=1 width=21) (actual time=6.291..26.034 rows=12 loops=1)
Nested Loop  (cost=0.00..6351.15 rows=1 width=21) (actual time=15.188..25.225 rows=2 loops=1)
Nested Loop  (cost=0.00..6351.15 rows=1 width=21) (actual time=1.826..26.599 rows=3 loops=1)
Nested Loop  (cost=0.00..6351.44 rows=1 width=21) (actual time=11.540..25.031 rows=2 loops=1)
Nested Loop  (cost=0.00..6352.84 rows=1 width=21) (actual time=4.170..26.054 rows=8 loops=1)
Nested Loop  (cost=0.00..6351.82 rows=1 width=158) (actual time=5.651..25.246 rows=8 loops=1)
Sort  (cost=6351.45..6351.46 rows=1 width=149) (actual time=30.093..30.095 rows=1 loops=1)
Sort  (cost=6351.45..6351.46 rows=1 width=149) (actual time=29.632..29.634 rows=1 loops=1)
Nested Loop  (cost=0.00..6351.53 rows=1 width=21) (actual time=7.520..25.107 rows=2 loops=1)
Sort  (cost=6351.45..6351.46 rows=1 width=149) (actual time=29.935..29.936 rows=2 loops=1)
Sort  (cost=6351.45..6351.46 rows=1 width=149) (actual time=33.073..33.075 rows=1 loops=1)
Sort  (cost=6351.45..6351.46 rows=1 width=149) (actual time=29.642..29.644 rows=1 loops=1)
Nested Loop  (cost=0.00..6351.15 rows=1 width=158) (actual time=20.113..25.402 rows=1 loops=1)
Nested Loop  (cost=0.00..6352.84 rows=1 width=21) (actual time=1.444..26.768 rows=6 loops=1)
Sort  (cost=6351.45..6351.46 rows=1 width=149) (actual time=37.843..37.845 rows=8 loops=1)
Sort  (cost=6351.45..6351.46 rows=1 width=149) (actual time=28.939..28.941 rows=2 loops=1)
Sort  (cost=6351.45..6351.46 rows=1 width=149) (actual time=29.222..29.223 rows=1 loops=1)
Sort  (cost=6351.45..6351.46 rows=1 width=149) (actual time=29.794..29.795 rows=9 loops=1)
Nested Loop  (cost=0.00..6351.15 rows=1 width=158) (actual time=4.555..25.215 rows=2 loops=1)
Nested Loop  (cost=0.00..6353.26 rows=1 width=21) (actual time=1.896..26.710 rows=6 loops=1)
Sort  (cost=6351.45..6351.46 rows=1 width=149) (actual time=29.298..29.299 rows=1 loops=1)
Nested Loop  (cost=0.00..6351.15 rows=1 width=158) (actual time=10.034..24.186 rows=1 loops=1)
Sort  (cost=6351.45..6351.46 rows=1 width=149) (actual time=28.865..28.866 rows=1 loops=1)
Sort  (cost=6351.45..6351.46 rows=1 width=149) (actual time=39.816..39.818 rows=1 loops=1)
Nested Loop  (cost=0.00..6351.15 rows=1 width=158) (actual time=0.055..24.905 rows=1 loops=1)
Nested Loop  (cost=0.00..6351.38 rows=1 width=158) (actual time=3.123..25.139 rows=1 loops=1)
Nested Loop  (cost=0.00..6352.07 rows=1 width=21) (actual time=0.571..25.516 rows=4 loops=1)
Nested Loop  (cost=0.00..6351.15 rows=1 width=21) (actual time=7.895..24.409 rows=2 loops=1)
Nested Loop  (cost=0.00..6351.82 rows=1 width=21) (actual time=17.283..24.746 rows=3 loops=1)
Sort  (cost=6351.45..6351.46 rows=1 width=149) (actual time=29.819..29.820 rows=4 loops=1)
Nested Loop  (cost=0.00..6351.69 rows=1 width=21) (actual time=1.412..25.356 rows=4 loops=1)
Nested Loop  (cost=0.00..6351.15 rows=1 width=21) (actual time=20.297..25.127 rows=2 loops=1)
Sort  (cost=6351.45..6351.46 rows=1 width=149) (actual time=29.821..29.823 rows=5 loops=1)
Sort  (cost=6356.10..6356.10 rows=1 width=149) (actual time=28.688..28.691 rows=21 loops=1)
Nested Loop  (cost=0.00..6351.15 rows=1 width=21) (actual time=0.504..24.649 rows=2 loops=1)
Sort  (cost=6351.45..6351.46 rows=1 width=149) (actual time=29.562..29.564 rows=4 loops=1)
Nested Loop  (cost=0.00..6351.15 rows=1 width=403) (actual time=20.666..25.752 rows=1 loops=1)
Nested Loop  (cost=0.00..6351.15 rows=1 width=21) (actual time=11.088..25.083 rows=2 loops=1)
Nested Loop  (cost=0.00..6351.15 rows=1 width=158) (actual time=23.933..24.935 rows=1 loops=1)
Nested Loop  (cost=0.00..6351.15 rows=1 width=21) (actual time=9.574..25.101 rows=2 loops=1)
Sort  (cost=6351.45..6351.46 rows=1 width=149) (actual time=28.830..28.832 rows=2 loops=1)
Nested Loop  (cost=0.00..6351.15 rows=1 width=21) (actual time=4.729..25.294 rows=2 loops=1)
Nested Loop  (cost=0.00..6351.15 rows=1 width=21) (actual time=1.396..25.139 rows=2 loops=1)
Nested Loop  (cost=0.00..6351.38 rows=1 width=158) (actual time=4.789..24.506 rows=2 loops=1)
Nested Loop  (cost=0.00..6351.15 rows=1 width=21) (actual time=13.341..24.117 rows=2 loops=1)
Nested Loop  (cost=0.00..6353.26 rows=1 width=21) (actual time=1.554..25.877 rows=4 loops=1)
Nested Loop  (cost=0.00..6351.90 rows=1 width=21) (actual time=2.689..25.400 rows=5 loops=1)
Sort  (cost=6351.45..6351.46 rows=1 width=149) (actual time=29.734..29.735 rows=1 loops=1)
Nested Loop  (cost=0.00..6351.15 rows=1 width=158) (actual time=12.424..24.954 rows=1 loops=1)
Nested Loop  (cost=0.00..6351.35 rows=1 width=21) (actual time=6.794..24.727 rows=2 loops=1)
Sort  (cost=6365.09..6365.09 rows=1 width=149) (actual time=37.143..37.161 rows=61 loops=1)
Nested Loop  (cost=0.00..6351.84 rows=1 width=158) (actual time=13.563..25.032 rows=2 loops=1)
Nested Loop  (cost=0.00..6351.15 rows=1 width=21) (actual time=2.176..24.700 rows=2 loops=1)
Sort  (cost=6351.45..6351.46 rows=1 width=149) (actual time=29.324..29.326 rows=2 loops=1)
Nested Loop  (cost=0.00..6351.84 rows=1 width=21) (actual time=5.007..34.757 rows=4 loops=1)
Nested Loop  (cost=0.00..6351.15 rows=1 width=21) (actual time=3.794..25.158 rows=3 loops=1)
Sort  (cost=6351.45..6351.46 rows=1 width=149) (actual time=29.189..29.191 rows=1 loops=1)
Nested Loop  (cost=0.00..6351.15 rows=1 width=21) (actual time=2.317..27.523 rows=3 loops=1)
Sort  (cost=6351.45..6351.46 rows=1 width=149) (actual time=29.924..29.926 rows=2 loops=1)
Nested Loop  (cost=0.00..6351.15 rows=1 width=21) (actual time=10.700..25.108 rows=2 loops=1)
Sort  (cost=6351.45..6351.46 rows=1 width=149) (actual time=30.150..30.152 rows=2 loops=1)
Sort  (cost=6351.45..6351.46 rows=1 width=149) (actual time=28.832..28.834 rows=1 loops=1)
Nested Loop  (cost=0.00..6352.07 rows=1 width=21) (actual time=7.032..25.209 rows=3 loops=1)
Nested Loop  (cost=0.00..6352.84 rows=1 width=21) (actual time=2.097..26.049 rows=7 loops=1)
Nested Loop  (cost=0.00..6351.15 rows=1 width=21) (actual time=2.090..26.784 rows=4 loops=1)
Nested Loop  (cost=0.00..6351.73 rows=1 width=21) (actual time=5.501..25.502 rows=6 loops=1)
Nested Loop  (cost=0.00..6351.15 rows=1 width=21) (actual time=2.235..25.007 rows=2 loops=1)
Nested Loop  (cost=0.00..6351.15 rows=1 width=21) (actual time=13.682..25.926 rows=2 loops=1)
Sort  (cost=6351.45..6351.46 rows=1 width=149) (actual time=29.363..29.365 rows=1 loops=1)
Nested Loop  (cost=0.00..6351.15 rows=1 width=21) (actual time=14.323..24.846 rows=2 loops=1)
Nested Loop  (cost=0.00..6351.15 rows=1 width=158) (actual time=15.768..26.125 rows=2 loops=1)
Sort  (cost=6351.45..6351.46 rows=1 width=149) (actual time=28.437..28.439 rows=1 loops=1)
Sort  (cost=6351.45..6351.46 rows=1 width=149) (actual time=28.811..28.813 rows=1 loops=1)
Nested Loop  (cost=0.00..6351.44 rows=1 width=21) (actual time=6.159..24.767 rows=4 loops=1)
Sort  (cost=6351.45..6351.46 rows=1 width=149) (actual time=29.600..29.602 rows=6 loops=1)
Nested Loop  (cost=0.00..6351.15 rows=1 width=403) (actual time=10.013..24.708 rows=1 loops=1)
Sort  (cost=6351.45..6351.46 rows=1 width=149) (actual time=28.896..28.898 rows=2 loops=1)
Nested Loop  (cost=0.00..6351.15 rows=1 width=21) (actual time=22.149..25.254 rows=3 loops=1)
Nested Loop  (cost=0.00..6351.40 rows=1 width=158) (actual time=9.055..36.068 rows=2 loops=1)
Nested Loop  (cost=0.00..6351.15 rows=1 width=21) (actual time=2.323..24.923 rows=2 loops=1)
Nested Loop  (cost=0.00..6351.73 rows=1 width=21) (actual time=9.716..26.190 rows=3 loops=1)
Sort  (cost=6351.45..6351.46 rows=1 width=149) (actual time=29.233..29.235 rows=2 loops=1)
Nested Loop  (cost=0.00..6351.76 rows=1 width=21) (actual time=2.049..25.392 rows=5 loops=1)
Sort  (cost=6351.45..6351.46 rows=1 width=149) (actual time=30.386..30.388 rows=10 loops=1)
Nested Loop  (cost=0.00..6351.15 rows=1 width=403) (actual time=19.557..25.063 rows=1 loops=1)
Nested Loop  (cost=0.00..6351.82 rows=1 width=21) (actual time=2.121..26.017 rows=4 loops=1)
Nested Loop  (cost=0.00..6351.15 rows=1 width=21) (actual time=13.262..25.334 rows=3 loops=1)
Sort  (cost=6351.45..6351.46 rows=1 width=149) (actual time=28.546..28.547 rows=3 loops=1)
Nested Loop  (cost=0.00..6351.15 rows=1 width=158) (actual time=21.181..24.470 rows=1 loops=1)
Nested Loop  (cost=0.00..6351.15 rows=1 width=158) (actual time=8.380..24.919 rows=1 loops=1)
Nested Loop  (cost=0.00..6351.15 rows=1 width=21) (actual time=3.123..25.159 rows=3 loops=1)
Nested Loop  (cost=0.00..6351.15 rows=1 width=21) (actual time=2.841..25.847 rows=2 loops=1)
Nested Loop  (cost=0.00..6351.15 rows=1 width=21) (actual time=16.283..24.729 rows=2 loops=1)
Nested Loop  (cost=0.00..6351.15 rows=1 width=21) (actual time=8.068..24.566 rows=2 loops=1)
Nested Loop  (cost=0.00..6351.15 rows=1 width=158) (actual time=3.020..24.623 rows=2 loops=1)
Nested Loop  (cost=0.00..6351.15 rows=1 width=21) (actual time=4.331..24.625 rows=2 loops=1)
Nested Loop  (cost=0.00..6351.38 rows=1 width=21) (actual time=7.370..25.611 rows=4 loops=1)
Nested Loop  (cost=0.00..6351.15 rows=1 width=21) (actual time=19.621..25.071 rows=2 loops=1)
Sort  (cost=6365.33..6365.33 rows=1 width=149) (actual time=30.249..30.256 rows=68 loops=1)
Nested Loop  (cost=0.00..6351.84 rows=1 width=21) (actual time=4.362..24.873 rows=7 loops=1)
Nested Loop  (cost=0.00..6351.15 rows=1 width=21) (actual time=9.213..24.938 rows=2 loops=1)
Nested Loop  (cost=0.00..6351.15 rows=1 width=158) (actual time=10.505..24.839 rows=1 loops=1)
Nested Loop  (cost=0.00..6351.84 rows=1 width=21) (actual time=19.187..25.913 rows=2 loops=1)
Sort  (cost=6351.45..6351.46 rows=1 width=149) (actual time=29.325..29.327 rows=2 loops=1)
Nested Loop  (cost=0.00..6351.15 rows=1 width=21) (actual time=2.112..25.109 rows=2 loops=1)
Sort  (cost=6351.45..6351.46 rows=1 width=149) (actual time=29.404..29.405 rows=1 loops=1)
Nested Loop  (cost=0.00..6351.15 rows=1 width=21) (actual time=4.551..24.837 rows=2 loops=1)
Sort  (cost=6352.80..6352.81 rows=1 width=149) (actual time=31.045..31.047 rows=8 loops=1)
Nested Loop  (cost=0.00..6351.53 rows=1 width=21) (actual time=1.001..25.676 rows=6 loops=1)
Nested Loop  (cost=0.00..6352.64 rows=1 width=21) (actual time=4.171..41.786 rows=11 loops=1)
Sort  (cost=6351.45..6351.46 rows=1 width=149) (actual time=28.556..28.558 rows=1 loops=1)
Nested Loop  (cost=0.00..6351.15 rows=1 width=158) (actual time=11.367..24.558 rows=2 loops=1)
Nested Loop  (cost=0.00..6351.38 rows=1 width=21) (actual time=3.772..25.033 rows=2 loops=1)
Sort  (cost=6351.45..6351.46 rows=1 width=149) (actual time=28.615..28.617 rows=1 loops=1)
Nested Loop  (cost=0.00..6351.15 rows=1 width=21) (actual time=2.331..25.052 rows=2 loops=1)
Nested Loop  (cost=0.00..6351.15 rows=1 width=21) (actual time=3.825..30.730 rows=2 loops=1)
Sort  (cost=6365.33..6365.33 rows=1 width=149) (actual time=30.098..30.103 rows=65 loops=1)
Sort  (cost=6351.45..6351.46 rows=1 width=149) (actual time=28.963..28.965 rows=1 loops=1)
Nested Loop  (cost=0.00..6351.38 rows=1 width=21) (actual time=2.823..25.781 rows=3 loops=1)
Nested Loop  (cost=0.00..6351.15 rows=1 width=21) (actual time=0.135..24.902 rows=2 loops=1)
Nested Loop  (cost=0.00..6351.64 rows=1 width=158) (actual time=5.178..25.226 rows=2 loops=1)
Nested Loop  (cost=0.00..6351.82 rows=1 width=21) (actual time=1.954..25.688 rows=4 loops=1)
Sort  (cost=6351.45..6351.46 rows=1 width=149) (actual time=29.296..29.298 rows=1 loops=1)
Sort  (cost=6351.45..6351.46 rows=1 width=149) (actual time=28.973..28.974 rows=3 loops=1)
Nested Loop  (cost=0.00..6351.15 rows=1 width=403) (actual time=13.171..24.977 rows=3 loops=1)
Sort  (cost=6351.45..6351.46 rows=1 width=149) (actual time=29.170..29.172 rows=2 loops=1)
Sort  (cost=6351.45..6351.46 rows=1 width=149) (actual time=29.087..29.090 rows=3 loops=1)
Nested Loop  (cost=0.00..6351.15 rows=1 width=21) (actual time=5.603..25.212 rows=3 loops=1)
Nested Loop  (cost=0.00..6351.15 rows=1 width=21) (actual time=0.854..24.811 rows=2 loops=1)
Sort  (cost=6351.45..6351.46 rows=1 width=149) (actual time=28.831..28.833 rows=1 loops=1)
Sort  (cost=6351.45..6351.46 rows=1 width=149) (actual time=30.515..30.518 rows=5 loops=1)
Nested Loop  (cost=0.00..6351.15 rows=1 width=21) (actual time=1.491..24.309 rows=3 loops=1)
Sort  (cost=6351.45..6351.46 rows=1 width=149) (actual time=29.243..29.245 rows=1 loops=1)
Nested Loop  (cost=0.00..6351.15 rows=1 width=21) (actual time=10.660..24.648 rows=2 loops=1)
Nested Loop  (cost=0.00..6351.15 rows=1 width=21) (actual time=8.581..25.047 rows=2 loops=1)
Nested Loop  (cost=0.00..6351.15 rows=1 width=21) (actual time=9.955..25.038 rows=2 loops=1)
Nested Loop  (cost=0.00..6351.40 rows=1 width=21) (actual time=4.822..25.098 rows=2 loops=1)
Nested Loop  (cost=0.00..6351.15 rows=1 width=21) (actual time=3.283..25.093 rows=3 loops=1)
Nested Loop  (cost=0.00..6351.15 rows=1 width=21) (actual time=9.543..24.545 rows=2 loops=1)
Nested Loop  (cost=0.00..6351.64 rows=1 width=158) (actual time=4.853..24.958 rows=4 loops=1)
Nested Loop  (cost=0.00..6351.15 rows=1 width=21) (actual time=7.337..24.325 rows=2 loops=1)
Sort  (cost=6351.45..6351.46 rows=1 width=149) (actual time=30.443..30.445 rows=8 loops=1)
Sort  (cost=6351.45..6351.46 rows=1 width=149) (actual time=28.539..28.541 rows=1 loops=1)
Sort  (cost=6353.18..6353.18 rows=1 width=149) (actual time=30.735..30.737 rows=11 loops=1)
Nested Loop  (cost=0.00..6351.15 rows=1 width=158) (actual time=11.056..25.198 rows=2 loops=1)
Nested Loop  (cost=0.00..6351.15 rows=1 width=21) (actual time=12.210..24.864 rows=2 loops=1)
Nested Loop  (cost=0.00..6351.15 rows=1 width=403) (actual time=10.935..24.851 rows=2 loops=1)
Nested Loop  (cost=0.00..6353.26 rows=1 width=21) (actual time=1.995..26.385 rows=7 loops=1)
Nested Loop  (cost=0.00..6351.15 rows=1 width=21) (actual time=5.407..25.090 rows=2 loops=1)
Nested Loop  (cost=0.00..6351.15 rows=1 width=21) (actual time=1.401..24.875 rows=2 loops=1)
Nested Loop  (cost=0.00..6351.15 rows=1 width=158) (actual time=15.021..24.941 rows=1 loops=1)
Sort  (cost=6351.45..6351.46 rows=1 width=149) (actual time=30.139..30.141 rows=6 loops=1)
Sort  (cost=6351.45..6351.46 rows=1 width=149) (actual time=29.307..29.310 rows=2 loops=1)
Sort  (cost=6351.45..6351.46 rows=1 width=149) (actual time=31.484..31.487 rows=7 loops=1)
Nested Loop  (cost=0.00..6351.15 rows=1 width=21) (actual time=8.935..24.287 rows=2 loops=1)
Nested Loop  (cost=0.00..6351.15 rows=1 width=21) (actual time=0.296..24.482 rows=2 loops=1)
Sort  (cost=6351.45..6351.46 rows=1 width=149) (actual time=29.802..29.805 rows=2 loops=1)
Nested Loop  (cost=0.00..6351.69 rows=1 width=21) (actual time=10.137..25.184 rows=3 loops=1)
Nested Loop  (cost=0.00..6351.15 rows=1 width=21) (actual time=11.835..24.852 rows=2 loops=1)
Nested Loop  (cost=0.00..6351.64 rows=1 width=21) (actual time=4.967..27.551 rows=5 loops=1)
Nested Loop  (cost=0.00..6351.15 rows=1 width=21) (actual time=4.467..24.334 rows=2 loops=1)
Nested Loop  (cost=0.00..6351.44 rows=1 width=158) (actual time=6.353..24.407 rows=1 loops=1)
Sort  (cost=6351.45..6351.46 rows=1 width=149) (actual time=29.386..29.388 rows=3 loops=1)
Sort  (cost=6351.45..6351.46 rows=1 width=149) (actual time=29.154..29.156 rows=1 loops=1)
Nested Loop  (cost=0.00..6351.53 rows=1 width=21) (actual time=1.985..24.844 rows=3 loops=1)
Nested Loop  (cost=0.00..6351.67 rows=1 width=158) (actual time=0.065..24.684 rows=3 loops=1)
Sort  (cost=6351.45..6351.46 rows=1 width=149) (actual time=29.191..29.192 rows=1 loops=1)
Sort  (cost=6351.45..6351.46 rows=1 width=149) (actual time=29.361..29.362 rows=2 loops=1)
Nested Loop  (cost=0.00..6351.15 rows=1 width=158) (actual time=20.660..25.005 rows=1 loops=1)
Sort  (cost=6351.45..6351.46 rows=1 width=149) (actual time=30.449..30.451 rows=1 loops=1)
Nested Loop  (cost=0.00..6351.15 rows=1 width=158) (actual time=20.206..25.299 rows=1 loops=1)
Sort  (cost=6355.41..6355.42 rows=1 width=149) (actual time=29.776..29.780 rows=25 loops=1)
Nested Loop  (cost=0.00..6351.15 rows=1 width=158) (actual time=7.787..25.010 rows=1 loops=1)
Sort  (cost=6351.45..6351.46 rows=1 width=149) (actual time=29.090..29.092 rows=1 loops=1)
Nested Loop  (cost=0.00..6351.15 rows=1 width=21) (actual time=0.693..33.563 rows=2 loops=1)
Nested Loop  (cost=0.00..6351.35 rows=1 width=158) (actual time=19.554..24.618 rows=2 loops=1)
Nested Loop  (cost=0.00..6351.38 rows=1 width=158) (actual time=12.429..24.965 rows=2 loops=1)
Nested Loop  (cost=0.00..6351.15 rows=1 width=158) (actual time=5.889..25.120 rows=2 loops=1)
Nested Loop  (cost=0.00..6351.15 rows=1 width=158) (actual time=6.093..24.785 rows=2 loops=1)
Nested Loop  (cost=0.00..6351.84 rows=1 width=21) (actual time=17.126..25.380 rows=6 loops=1)
Nested Loop  (cost=0.00..6351.76 rows=1 width=21) (actual time=6.997..25.466 rows=6 loops=1)
Nested Loop  (cost=0.00..6351.15 rows=1 width=158) (actual time=16.992..25.666 rows=1 loops=1)
Nested Loop  (cost=0.00..6351.40 rows=1 width=21) (actual time=7.136..28.330 rows=3 loops=1)
Sort  (cost=6355.57..6355.58 rows=1 width=149) (actual time=29.858..29.861 rows=19 loops=1)
Nested Loop  (cost=0.00..6351.15 rows=1 width=403) (actual time=6.731..24.769 rows=1 loops=1)
Nested Loop  (cost=0.00..6351.15 rows=1 width=21) (actual time=14.150..24.854 rows=2 loops=1)
Nested Loop  (cost=0.00..6351.90 rows=1 width=21) (actual time=0.113..25.203 rows=6 loops=1)
Nested Loop  (cost=0.00..6352.07 rows=1 width=158) (actual time=6.464..25.530 rows=2 loops=1)
Sort  (cost=6351.45..6351.46 rows=1 width=149) (actual time=34.972..34.975 rows=2 loops=1)
Nested Loop  (cost=0.00..6351.15 rows=1 width=21) (actual time=10.743..26.529 rows=2 loops=1)
Sort  (cost=6351.45..6351.46 rows=1 width=149) (actual time=36.069..36.071 rows=1 loops=1)
Nested Loop  (cost=0.00..6351.40 rows=1 width=21) (actual time=12.453..25.026 rows=5 loops=1)
Nested Loop  (cost=0.00..6351.15 rows=1 width=21) (actual time=11.931..24.825 rows=2 loops=1)
Nested Loop  (cost=0.00..6351.40 rows=1 width=21) (actual time=7.234..25.457 rows=3 loops=1)
Nested Loop  (cost=0.00..6351.64 rows=1 width=21) (actual time=5.310..25.422 rows=2 loops=1)
Nested Loop  (cost=0.00..6351.15 rows=1 width=21) (actual time=17.318..24.710 rows=2 loops=1)
Nested Loop  (cost=0.00..6351.44 rows=1 width=158) (actual time=10.779..25.215 rows=3 loops=1)
Nested Loop  (cost=0.00..6351.64 rows=1 width=158) (actual time=24.025..24.797 rows=1 loops=1)
Nested Loop  (cost=0.00..6351.15 rows=1 width=21) (actual time=10.582..24.345 rows=2 loops=1)
Nested Loop  (cost=0.00..6351.73 rows=1 width=21) (actual time=8.471..24.712 rows=4 loops=1)
Nested Loop  (cost=0.00..6351.47 rows=1 width=21) (actual time=17.784..25.021 rows=2 loops=1)
Nested Loop  (cost=0.00..6351.76 rows=1 width=21) (actual time=10.762..27.227 rows=5 loops=1)
Sort  (cost=6351.45..6351.46 rows=1 width=149) (actual time=29.272..29.274 rows=1 loops=1)
Nested Loop  (cost=0.00..6351.15 rows=1 width=21) (actual time=5.684..24.017 rows=3 loops=1)
Sort  (cost=6351.45..6351.46 rows=1 width=149) (actual time=29.035..29.036 rows=1 loops=1)
Nested Loop  (cost=0.00..6351.15 rows=1 width=158) (actual time=4.035..24.925 rows=4 loops=1)
Nested Loop  (cost=0.00..6351.67 rows=1 width=158) (actual time=9.815..25.422 rows=3 loops=1)
Nested Loop  (cost=0.00..6351.67 rows=1 width=403) (actual time=9.900..25.414 rows=3 loops=1)
Nested Loop  (cost=0.00..6351.73 rows=1 width=21) (actual time=4.749..24.890 rows=9 loops=1)
Nested Loop  (cost=0.00..6351.15 rows=1 width=21) (actual time=6.347..25.155 rows=2 loops=1)
Nested Loop  (cost=0.00..6351.15 rows=1 width=158) (actual time=2.304..25.146 rows=2 loops=1)
Nested Loop  (cost=0.00..6351.15 rows=1 width=21) (actual time=13.395..24.946 rows=2 loops=1)
Sort  (cost=6351.45..6351.46 rows=1 width=149) (actual time=30.843..30.845 rows=10 loops=1)
Nested Loop  (cost=0.00..6353.26 rows=1 width=158) (actual time=1.655..26.601 rows=9 loops=1)
Nested Loop  (cost=0.00..6353.26 rows=1 width=403) (actual time=1.634..26.383 rows=9 loops=1)
Sort  (cost=6351.45..6351.46 rows=1 width=149) (actual time=29.338..29.340 rows=3 loops=1)
Nested Loop  (cost=0.00..6351.15 rows=1 width=158) (actual time=9.723..25.052 rows=1 loops=1)
Nested Loop  (cost=0.00..6351.15 rows=1 width=21) (actual time=0.502..24.968 rows=2 loops=1)
Nested Loop  (cost=0.00..6351.15 rows=1 width=21) (actual time=0.563..24.510 rows=2 loops=1)
Nested Loop  (cost=0.00..6351.38 rows=1 width=158) (actual time=11.883..24.666 rows=2 loops=1)
Nested Loop  (cost=0.00..6353.26 rows=1 width=158) (actual time=1.947..26.316 rows=7 loops=1)
Nested Loop  (cost=0.00..6351.84 rows=1 width=21) (actual time=8.184..25.988 rows=3 loops=1)
Nested Loop  (cost=0.00..6351.15 rows=1 width=21) (actual time=11.945..24.861 rows=2 loops=1)
Sort  (cost=6351.45..6351.46 rows=1 width=149) (actual time=29.760..29.762 rows=1 loops=1)
Nested Loop  (cost=0.00..6351.40 rows=1 width=158) (actual time=24.261..25.190 rows=1 loops=1)
Nested Loop  (cost=0.00..6351.78 rows=1 width=158) (actual time=3.048..24.773 rows=7 loops=1)
Sort  (cost=6366.89..6366.89 rows=1 width=149) (actual time=49.450..49.457 rows=64 loops=1)
Sort  (cost=6351.45..6351.46 rows=1 width=149) (actual time=28.803..28.805 rows=1 loops=1)
Nested Loop  (cost=0.00..6351.53 rows=1 width=158) (actual time=9.771..25.165 rows=5 loops=1)
Nested Loop  (cost=0.00..6351.15 rows=1 width=21) (actual time=4.574..25.602 rows=2 loops=1)
Nested Loop  (cost=0.00..6351.15 rows=1 width=158) (actual time=5.740..24.827 rows=1 loops=1)
Nested Loop  (cost=0.00..6351.38 rows=1 width=21) (actual time=1.437..25.118 rows=3 loops=1)
Nested Loop  (cost=0.00..6351.84 rows=1 width=158) (actual time=2.544..25.383 rows=2 loops=1)
Sort  (cost=6351.45..6351.46 rows=1 width=149) (actual time=29.287..29.289 rows=1 loops=1)
Sort  (cost=6351.45..6351.46 rows=1 width=149) (actual time=29.129..29.131 rows=1 loops=1)
Nested Loop  (cost=0.00..6351.15 rows=1 width=21) (actual time=11.668..24.598 rows=2 loops=1)
Sort  (cost=6351.45..6351.46 rows=1 width=149) (actual time=29.262..29.264 rows=3 loops=1)
Nested Loop  (cost=0.00..6351.15 rows=1 width=158) (actual time=3.583..24.801 rows=1 loops=1)
Nested Loop  (cost=0.00..6352.84 rows=1 width=158) (actual time=4.558..26.116 rows=6 loops=1)
Nested Loop  (cost=0.00..6351.15 rows=1 width=21) (actual time=7.803..24.691 rows=2 loops=1)
Nested Loop  (cost=0.00..6351.15 rows=1 width=158) (actual time=12.741..24.691 rows=1 loops=1)
Sort  (cost=6351.45..6351.46 rows=1 width=149) (actual time=29.911..29.913 rows=4 loops=1)
Nested Loop  (cost=0.00..6351.53 rows=1 width=21) (actual time=7.810..26.180 rows=4 loops=1)
Sort  (cost=6351.45..6351.46 rows=1 width=149) (actual time=36.817..36.820 rows=4 loops=1)
Nested Loop  (cost=0.00..6351.58 rows=1 width=158) (actual time=0.356..26.168 rows=4 loops=1)
Nested Loop  (cost=0.00..6351.73 rows=1 width=21) (actual time=5.547..25.822 rows=4 loops=1)
Sort  (cost=6351.45..6351.46 rows=1 width=149) (actual time=29.431..29.433 rows=2 loops=1)
Nested Loop  (cost=0.00..6351.49 rows=1 width=21) (actual time=3.435..24.751 rows=2 loops=1)
Sort  (cost=6351.45..6351.46 rows=1 width=149) (actual time=28.436..28.438 rows=1 loops=1)
Nested Loop  (cost=0.00..6351.15 rows=1 width=21) (actual time=2.421..24.605 rows=2 loops=1)
Nested Loop  (cost=0.00..6351.38 rows=1 width=21) (actual time=2.032..25.112 rows=4 loops=1)
Sort  (cost=6351.45..6351.46 rows=1 width=149) (actual time=29.055..29.057 rows=1 loops=1)
Sort  (cost=6356.52..6356.53 rows=1 width=149) (actual time=28.647..28.650 rows=21 loops=1)
Nested Loop  (cost=0.00..6351.15 rows=1 width=403) (actual time=1.420..24.132 rows=1 loops=1)
Nested Loop  (cost=0.00..6351.44 rows=1 width=21) (actual time=12.565..24.913 rows=3 loops=1)
Sort  (cost=6351.45..6351.46 rows=1 width=149) (actual time=29.052..29.054 rows=1 loops=1)
Nested Loop  (cost=0.00..6351.15 rows=1 width=403) (actual time=9.470..24.939 rows=1 loops=1)
Nested Loop  (cost=0.00..6351.15 rows=1 width=158) (actual time=33.580..34.345 rows=1 loops=1)
Nested Loop  (cost=0.00..6351.15 rows=1 width=21) (actual time=15.938..25.146 rows=2 loops=1)
Nested Loop  (cost=0.00..6351.15 rows=1 width=158) (actual time=19.694..24.855 rows=1 loops=1)
Nested Loop  (cost=0.00..6351.15 rows=1 width=158) (actual time=3.062..24.935 rows=1 loops=1)
Nested Loop  (cost=0.00..6351.15 rows=1 width=158) (actual time=9.936..24.324 rows=1 loops=1)
Nested Loop  (cost=0.00..6351.15 rows=1 width=158) (actual time=0.254..24.220 rows=1 loops=1)
Nested Loop  (cost=0.00..6351.15 rows=1 width=158) (actual time=16.980..24.323 rows=1 loops=1)
Sort  (cost=6351.45..6351.46 rows=1 width=149) (actual time=29.220..29.221 rows=1 loops=1)
Nested Loop  (cost=0.00..6351.58 rows=1 width=21) (actual time=4.032..25.599 rows=4 loops=1)
Nested Loop  (cost=0.00..6351.15 rows=1 width=158) (actual time=12.276..25.351 rows=1 loops=1)
Sort  (cost=6351.45..6351.46 rows=1 width=149) (actual time=29.456..29.457 rows=2 loops=1)
Nested Loop  (cost=0.00..6351.40 rows=1 width=21) (actual time=1.365..25.026 rows=2 loops=1)
Nested Loop  (cost=0.00..6352.84 rows=1 width=158) (actual time=3.580..25.337 rows=7 loops=1)
Sort  (cost=6351.45..6351.46 rows=1 width=149) (actual time=28.820..28.821 rows=2 loops=1)
Sort  (cost=6351.45..6351.46 rows=1 width=149) (actual time=28.944..28.945 rows=2 loops=1)
Nested Loop  (cost=0.00..6351.15 rows=1 width=21) (actual time=15.541..24.685 rows=2 loops=1)
Sort  (cost=6351.45..6351.46 rows=1 width=149) (actual time=30.157..30.159 rows=9 loops=1)
Nested Loop  (cost=0.00..6351.69 rows=1 width=158) (actual time=3.333..24.880 rows=7 loops=1)
Sort  (cost=6352.80..6352.81 rows=1 width=149) (actual time=30.724..30.725 rows=10 loops=1)
Nested Loop  (cost=0.00..6351.35 rows=1 width=21) (actual time=17.349..25.205 rows=3 loops=1)
Sort  (cost=6351.45..6351.46 rows=1 width=149) (actual time=29.444..29.445 rows=1 loops=1)
Nested Loop  (cost=0.00..6351.47 rows=1 width=158) (actual time=10.092..24.941 rows=2 loops=1)
Sort  (cost=6365.09..6365.09 rows=1 width=149) (actual time=30.310..30.315 rows=53 loops=1)
Sort  (cost=6351.45..6351.46 rows=1 width=149) (actual time=29.477..29.479 rows=1 loops=1)
Nested Loop  (cost=0.00..6351.15 rows=1 width=21) (actual time=3.095..24.969 rows=2 loops=1)
Nested Loop  (cost=0.00..6351.40 rows=1 width=158) (actual time=17.754..25.313 rows=1 loops=1)
Nested Loop  (cost=0.00..6351.90 rows=1 width=21) (actual time=8.292..24.805 rows=6 loops=1)
Nested Loop  (cost=0.00..6351.15 rows=1 width=158) (actual time=30.230..40.871 rows=1 loops=1)
Nested Loop  (cost=0.00..6351.15 rows=1 width=403) (actual time=13.996..24.424 rows=1 loops=1)
Nested Loop  (cost=0.00..6351.82 rows=1 width=21) (actual time=15.851..25.366 rows=4 loops=1)
Nested Loop  (cost=0.00..6351.15 rows=1 width=158) (actual time=2.407..24.837 rows=1 loops=1)
Nested Loop  (cost=0.00..6351.15 rows=1 width=21) (actual time=21.524..25.030 rows=3 loops=1)
Sort  (cost=6351.45..6351.46 rows=1 width=149) (actual time=29.168..29.170 rows=1 loops=1)
Nested Loop  (cost=0.00..6351.15 rows=1 width=158) (actual time=26.766..27.415 rows=1 loops=1)
Nested Loop  (cost=0.00..6351.64 rows=1 width=158) (actual time=7.797..24.888 rows=3 loops=1)
Nested Loop  (cost=0.00..6351.15 rows=1 width=158) (actual time=18.813..24.836 rows=1 loops=1)
Nested Loop  (cost=0.00..6351.49 rows=1 width=21) (actual time=8.095..30.481 rows=4 loops=1)
Sort  (cost=6351.45..6351.46 rows=1 width=149) (actual time=31.821..31.823 rows=4 loops=1)
Nested Loop  (cost=0.00..6351.69 rows=1 width=21) (actual time=1.403..25.679 rows=7 loops=1)
Sort  (cost=6351.45..6351.46 rows=1 width=149) (actual time=29.722..29.724 rows=3 loops=1)
Nested Loop  (cost=0.00..6351.49 rows=1 width=158) (actual time=13.835..25.167 rows=1 loops=1)
Nested Loop  (cost=0.00..6351.15 rows=1 width=21) (actual time=23.783..24.747 rows=2 loops=1)
Sort  (cost=6351.45..6351.46 rows=1 width=149) (actual time=29.523..29.524 rows=5 loops=1)
Sort  (cost=6351.45..6351.46 rows=1 width=149) (actual time=29.133..29.135 rows=2 loops=1)
Nested Loop  (cost=0.00..6351.15 rows=1 width=21) (actual time=1.857..24.570 rows=3 loops=1)
Nested Loop  (cost=0.00..6351.15 rows=1 width=21) (actual time=2.443..25.330 rows=2 loops=1)
Sort  (cost=6351.45..6351.46 rows=1 width=149) (actual time=29.403..29.405 rows=1 loops=1)
Nested Loop  (cost=0.00..6351.15 rows=1 width=21) (actual time=2.314..24.849 rows=2 loops=1)
Nested Loop  (cost=0.00..6351.15 rows=1 width=21) (actual time=17.469..26.154 rows=3 loops=1)
Nested Loop  (cost=0.00..6351.15 rows=1 width=21) (actual time=10.348..35.646 rows=2 loops=1)
Nested Loop  (cost=0.00..6351.15 rows=1 width=21) (actual time=1.764..24.493 rows=2 loops=1)
Sort  (cost=6351.45..6351.46 rows=1 width=149) (actual time=29.086..29.087 rows=2 loops=1)
Nested Loop  (cost=0.00..6351.64 rows=1 width=21) (actual time=1.715..25.550 rows=7 loops=1)
Sort  (cost=6351.45..6351.46 rows=1 width=149) (actual time=30.314..30.316 rows=5 loops=1)
Nested Loop  (cost=0.00..6351.40 rows=1 width=158) (actual time=24.593..24.948 rows=1 loops=1)
Sort  (cost=6351.45..6351.46 rows=1 width=149) (actual time=30.280..30.282 rows=4 loops=1)
Nested Loop  (cost=0.00..6351.15 rows=1 width=158) (actual time=21.665..24.197 rows=1 loops=1)
Sort  (cost=6353.14..6353.15 rows=1 width=149) (actual time=29.786..29.789 rows=7 loops=1)
Nested Loop  (cost=0.00..6351.69 rows=1 width=21) (actual time=4.099..34.758 rows=4 loops=1)
Nested Loop  (cost=0.00..6351.15 rows=1 width=21) (actual time=0.737..24.353 rows=2 loops=1)
Nested Loop  (cost=0.00..6351.15 rows=1 width=21) (actual time=2.613..27.189 rows=2 loops=1)
Nested Loop  (cost=0.00..6351.15 rows=1 width=21) (actual time=5.925..25.899 rows=2 loops=1)
Nested Loop  (cost=0.00..6351.47 rows=1 width=21) (actual time=4.649..25.647 rows=4 loops=1)
Nested Loop  (cost=0.00..6351.40 rows=1 width=21) (actual time=5.367..25.029 rows=3 loops=1)
Nested Loop  (cost=0.00..6351.15 rows=1 width=158) (actual time=20.612..25.113 rows=1 loops=1)
Nested Loop  (cost=0.00..6351.15 rows=1 width=21) (actual time=18.363..24.962 rows=2 loops=1)
Nested Loop  (cost=0.00..6351.38 rows=1 width=21) (actual time=8.886..25.057 rows=2 loops=1)
Nested Loop  (cost=0.00..6351.15 rows=1 width=158) (actual time=8.165..24.776 rows=1 loops=1)
Nested Loop  (cost=0.00..6351.40 rows=1 width=21) (actual time=7.025..25.069 rows=2 loops=1)
Nested Loop  (cost=0.00..6351.15 rows=1 width=21) (actual time=9.069..25.180 rows=2 loops=1)
Nested Loop  (cost=0.00..6351.15 rows=1 width=21) (actual time=16.009..24.250 rows=2 loops=1)
Nested Loop  (cost=0.00..6351.15 rows=1 width=158) (actual time=14.379..24.429 rows=1 loops=1)
Nested Loop  (cost=0.00..6351.15 rows=1 width=158) (actual time=7.933..24.890 rows=1 loops=1)
Nested Loop  (cost=0.00..6351.15 rows=1 width=158) (actual time=0.390..25.009 rows=3 loops=1)
Sort  (cost=6351.45..6351.46 rows=1 width=149) (actual time=29.678..29.680 rows=1 loops=1)
Nested Loop  (cost=0.00..6351.56 rows=1 width=21) (actual time=12.084..25.145 rows=2 loops=1)
Nested Loop  (cost=0.00..6351.15 rows=1 width=21) (actual time=10.777..24.906 rows=2 loops=1)
Sort  (cost=6351.45..6351.46 rows=1 width=149) (actual time=30.444..30.446 rows=6 loops=1)
Nested Loop  (cost=0.00..6351.15 rows=1 width=21) (actual time=10.028..25.110 rows=2 loops=1)
Sort  (cost=6351.45..6351.46 rows=1 width=149) (actual time=28.771..28.773 rows=2 loops=1)
Nested Loop  (cost=0.00..6351.56 rows=1 width=21) (actual time=2.460..25.650 rows=3 loops=1)
Nested Loop  (cost=0.00..6351.15 rows=1 width=21) (actual time=29.468..40.133 rows=2 loops=1)
Nested Loop  (cost=0.00..6351.15 rows=1 width=21) (actual time=17.216..25.412 rows=2 loops=1)
Nested Loop  (cost=0.00..6352.07 rows=1 width=158) (actual time=5.431..25.676 rows=5 loops=1)
Nested Loop  (cost=0.00..6351.15 rows=1 width=21) (actual time=18.296..25.092 rows=2 loops=1)
Sort  (cost=6351.45..6351.46 rows=1 width=149) (actual time=29.128..29.129 rows=1 loops=1)
Nested Loop  (cost=0.00..6351.15 rows=1 width=21) (actual time=7.032..25.319 rows=2 loops=1)
Sort  (cost=6351.45..6351.46 rows=1 width=149) (actual time=28.546..28.548 rows=1 loops=1)
Nested Loop  (cost=0.00..6351.15 rows=1 width=158) (actual time=0.375..25.034 rows=1 loops=1)
Nested Loop  (cost=0.00..6351.40 rows=1 width=21) (actual time=11.655..24.877 rows=3 loops=1)
Nested Loop  (cost=0.00..6351.69 rows=1 width=21) (actual time=10.508..25.490 rows=5 loops=1)
Nested Loop  (cost=0.00..6351.15 rows=1 width=21) (actual time=20.130..24.891 rows=2 loops=1)
Nested Loop  (cost=0.00..6351.15 rows=1 width=21) (actual time=12.793..29.909 rows=2 loops=1)
Nested Loop  (cost=0.00..6352.84 rows=1 width=21) (actual time=5.810..25.611 rows=11 loops=1)
Sort  (cost=6351.45..6351.46 rows=1 width=149) (actual time=32.854..32.856 rows=1 loops=1)
Nested Loop  (cost=0.00..6351.15 rows=1 width=21) (actual time=11.815..24.735 rows=2 loops=1)
Nested Loop  (cost=0.00..6351.15 rows=1 width=21) (actual time=13.745..24.451 rows=2 loops=1)
Sort  (cost=6351.45..6351.46 rows=1 width=149) (actual time=28.510..28.512 rows=1 loops=1)
Nested Loop  (cost=0.00..6352.84 rows=1 width=21) (actual time=2.086..25.916 rows=7 loops=1)
Nested Loop  (cost=0.00..6351.15 rows=1 width=158) (actual time=26.741..27.313 rows=1 loops=1)
Sort  (cost=6355.75..6355.75 rows=1 width=149) (actual time=29.458..29.460 rows=16 loops=1)
Nested Loop  (cost=0.00..6351.76 rows=1 width=21) (actual time=1.436..25.978 rows=6 loops=1)
Nested Loop  (cost=0.00..6351.15 rows=1 width=21) (actual time=23.847..24.952 rows=2 loops=1)
Nested Loop  (cost=0.00..6351.15 rows=1 width=21) (actual time=2.365..28.416 rows=2 loops=1)
Nested Loop  (cost=0.00..6351.44 rows=1 width=21) (actual time=7.463..26.141 rows=2 loops=1)
Sort  (cost=6351.45..6351.46 rows=1 width=149) (actual time=28.662..28.664 rows=1 loops=1)
Nested Loop  (cost=0.00..6351.15 rows=1 width=21) (actual time=9.668..24.781 rows=2 loops=1)
Sort  (cost=6351.45..6351.46 rows=1 width=149) (actual time=29.612..29.614 rows=1 loops=1)
Nested Loop  (cost=0.00..6351.15 rows=1 width=158) (actual time=3.824..31.578 rows=3 loops=1)
Sort  (cost=6351.45..6351.46 rows=1 width=149) (actual time=29.331..29.333 rows=1 loops=1)
Nested Loop  (cost=0.00..6351.15 rows=1 width=21) (actual time=3.033..24.702 rows=3 loops=1)
Sort  (cost=6351.45..6351.46 rows=1 width=149) (actual time=29.100..29.102 rows=1 loops=1)
Nested Loop  (cost=0.00..6351.15 rows=1 width=403) (actual time=3.602..24.843 rows=1 loops=1)
Nested Loop  (cost=0.00..6351.15 rows=1 width=21) (actual time=1.752..25.173 rows=5 loops=1)
Nested Loop  (cost=0.00..6351.47 rows=1 width=21) (actual time=7.833..24.208 rows=4 loops=1)
Sort  (cost=6351.45..6351.46 rows=1 width=149) (actual time=29.643..29.645 rows=1 loops=1)
Nested Loop  (cost=0.00..6351.44 rows=1 width=21) (actual time=10.656..25.080 rows=2 loops=1)
Nested Loop  (cost=0.00..6351.15 rows=1 width=21) (actual time=6.873..24.918 rows=2 loops=1)
Nested Loop  (cost=0.00..6351.15 rows=1 width=21) (actual time=4.181..24.990 rows=2 loops=1)
Nested Loop  (cost=0.00..6352.64 rows=1 width=21) (actual time=0.161..25.827 rows=4 loops=1)
Nested Loop  (cost=0.00..6351.15 rows=1 width=21) (actual time=8.691..24.839 rows=3 loops=1)
Sort  (cost=6351.45..6351.46 rows=1 width=149) (actual time=29.259..29.261 rows=1 loops=1)
Sort  (cost=6351.45..6351.46 rows=1 width=149) (actual time=29.102..29.104 rows=2 loops=1)
Nested Loop  (cost=0.00..6351.64 rows=1 width=21) (actual time=1.710..25.410 rows=7 loops=1)
Nested Loop  (cost=0.00..6351.15 rows=1 width=21) (actual time=4.066..37.855 rows=2 loops=1)
Nested Loop  (cost=0.00..6351.15 rows=1 width=158) (actual time=15.041..24.774 rows=1 loops=1)
Nested Loop  (cost=0.00..6351.15 rows=1 width=21) (actual time=21.471..26.054 rows=2 loops=1)
Sort  (cost=6351.45..6351.46 rows=1 width=149) (actual time=28.910..28.912 rows=3 loops=1)
Nested Loop  (cost=0.00..6351.15 rows=1 width=158) (actual time=24.038..24.851 rows=1 loops=1)
Nested Loop  (cost=0.00..6351.15 rows=1 width=158) (actual time=16.312..24.846 rows=1 loops=1)
Nested Loop  (cost=0.00..6351.15 rows=1 width=158) (actual time=8.268..24.713 rows=1 loops=1)
Nested Loop  (cost=0.00..6351.15 rows=1 width=21) (actual time=7.269..24.923 rows=2 loops=1)
Nested Loop  (cost=0.00..6351.15 rows=1 width=21) (actual time=14.011..24.833 rows=2 loops=1)
Sort  (cost=6351.45..6351.46 rows=1 width=149) (actual time=29.503..29.505 rows=4 loops=1)
Nested Loop  (cost=0.00..6351.47 rows=1 width=21) (actual time=0.112..25.311 rows=2 loops=1)
Nested Loop  (cost=0.00..6351.15 rows=1 width=21) (actual time=20.574..25.055 rows=2 loops=1)
Sort  (cost=6351.45..6351.46 rows=1 width=149) (actual time=29.165..29.167 rows=3 loops=1)
Nested Loop  (cost=0.00..6351.40 rows=1 width=158) (actual time=15.328..25.347 rows=3 loops=1)
Nested Loop  (cost=0.00..6351.15 rows=1 width=21) (actual time=0.484..24.578 rows=2 loops=1)
Sort  (cost=6351.45..6351.46 rows=1 width=149) (actual time=29.429..29.431 rows=1 loops=1)
Nested Loop  (cost=0.00..6351.15 rows=1 width=21) (actual time=11.853..25.777 rows=2 loops=1)
Nested Loop  (cost=0.00..6351.15 rows=1 width=158) (actual time=17.937..24.969 rows=1 loops=1)
Nested Loop  (cost=0.00..6351.15 rows=1 width=21) (actual time=11.829..25.135 rows=2 loops=1)
Nested Loop  (cost=0.00..6351.15 rows=1 width=158) (actual time=17.821..25.111 rows=1 loops=1)
Nested Loop  (cost=0.00..6351.15 rows=1 width=158) (actual time=23.807..24.994 rows=1 loops=1)
Nested Loop  (cost=0.00..6351.84 rows=1 width=158) (actual time=5.230..25.140 rows=4 loops=1)
Sort  (cost=6351.45..6351.46 rows=1 width=149) (actual time=28.715..28.717 rows=1 loops=1)
Sort  (cost=6351.45..6351.46 rows=1 width=149) (actual time=29.395..29.396 rows=1 loops=1)
Sort  (cost=6351.45..6351.46 rows=1 width=149) (actual time=29.598..29.600 rows=1 loops=1)
Nested Loop  (cost=0.00..6351.15 rows=1 width=21) (actual time=5.534..24.401 rows=3 loops=1)
Nested Loop  (cost=0.00..6351.15 rows=1 width=21) (actual time=7.865..25.218 rows=2 loops=1)
Nested Loop  (cost=0.00..6351.84 rows=1 width=21) (actual time=3.851..25.527 rows=6 loops=1)
Nested Loop  (cost=0.00..6351.15 rows=1 width=21) (actual time=6.341..25.160 rows=2 loops=1)
Nested Loop  (cost=0.00..6351.15 rows=1 width=21) (actual time=7.035..24.950 rows=3 loops=1)
Sort  (cost=6351.45..6351.46 rows=1 width=149) (actual time=29.635..29.637 rows=3 loops=1)
Nested Loop  (cost=0.00..6351.15 rows=1 width=21) (actual time=9.787..25.104 rows=2 loops=1)
Nested Loop  (cost=0.00..6351.44 rows=1 width=21) (actual time=5.849..25.291 rows=2 loops=1)
Sort  (cost=6351.45..6351.46 rows=1 width=149) (actual time=30.642..30.643 rows=1 loops=1)
Nested Loop  (cost=0.00..6351.15 rows=1 width=21) (actual time=6.023..31.797 rows=2 loops=1)
Nested Loop  (cost=0.00..6351.90 rows=1 width=21) (actual time=10.256..25.083 rows=4 loops=1)
Nested Loop  (cost=0.00..6351.15 rows=1 width=21) (actual time=9.702..24.879 rows=2 loops=1)
Sort  (cost=6351.45..6351.46 rows=1 width=149) (actual time=29.424..29.425 rows=1 loops=1)
Nested Loop  (cost=0.00..6351.15 rows=1 width=21) (actual time=16.278..25.507 rows=2 loops=1)
Sort  (cost=6351.45..6351.46 rows=1 width=149) (actual time=28.716..28.717 rows=1 loops=1)
Nested Loop  (cost=0.00..6351.15 rows=1 width=21) (actual time=13.741..24.487 rows=2 loops=1)
Nested Loop  (cost=0.00..6353.26 rows=1 width=21) (actual time=2.174..25.930 rows=15 loops=1)
Nested Loop  (cost=0.00..6351.15 rows=1 width=21) (actual time=15.101..24.468 rows=2 loops=1)
Sort  (cost=6353.07..6353.07 rows=1 width=149) (actual time=30.324..30.326 rows=5 loops=1)
Sort  (cost=6351.45..6351.46 rows=1 width=149) (actual time=29.553..29.555 rows=1 loops=1)
Sort  (cost=6351.45..6351.46 rows=1 width=149) (actual time=33.968..33.970 rows=1 loops=1)
Sort  (cost=6352.78..6352.78 rows=1 width=149) (actual time=33.787..33.790 rows=10 loops=1)
Nested Loop  (cost=0.00..6351.15 rows=1 width=158) (actual time=10.345..25.530 rows=1 loops=1)
Nested Loop  (cost=0.00..6351.15 rows=1 width=158) (actual time=16.271..25.042 rows=1 loops=1)
Nested Loop  (cost=0.00..6351.15 rows=1 width=21) (actual time=0.828..24.979 rows=3 loops=1)
Nested Loop  (cost=0.00..6351.15 rows=1 width=21) (actual time=1.696..26.659 rows=2 loops=1)
Sort  (cost=6356.44..6356.44 rows=1 width=149) (actual time=29.408..29.411 rows=18 loops=1)
Nested Loop  (cost=0.00..6351.15 rows=1 width=21) (actual time=12.168..24.922 rows=2 loops=1)
Nested Loop  (cost=0.00..6351.15 rows=1 width=21) (actual time=12.949..24.726 rows=3 loops=1)
Nested Loop  (cost=0.00..6351.15 rows=1 width=21) (actual time=2.084..25.275 rows=3 loops=1)
Nested Loop  (cost=0.00..6351.15 rows=1 width=158) (actual time=13.209..25.160 rows=1 loops=1)
Nested Loop  (cost=0.00..6351.73 rows=1 width=21) (actual time=2.197..24.462 rows=5 loops=1)
Sort  (cost=6351.45..6351.46 rows=1 width=149) (actual time=29.024..29.026 rows=4 loops=1)
Nested Loop  (cost=0.00..6351.15 rows=1 width=21) (actual time=12.851..24.746 rows=2 loops=1)
Nested Loop  (cost=0.00..6351.15 rows=1 width=21) (actual time=5.481..25.160 rows=3 loops=1)
Nested Loop  (cost=0.00..6351.15 rows=1 width=21) (actual time=5.890..24.994 rows=2 loops=1)
Nested Loop  (cost=0.00..6351.15 rows=1 width=21) (actual time=14.216..24.844 rows=2 loops=1)
Sort  (cost=6351.45..6351.46 rows=1 width=149) (actual time=29.379..29.381 rows=1 loops=1)
Nested Loop  (cost=0.00..6351.15 rows=1 width=403) (actual time=6.097..24.941 rows=1 loops=1)
Nested Loop  (cost=0.00..6351.15 rows=1 width=158) (actual time=5.131..25.231 rows=2 loops=1)
Nested Loop  (cost=0.00..6351.15 rows=1 width=21) (actual time=13.124..31.411 rows=2 loops=1)
Nested Loop  (cost=0.00..6351.15 rows=1 width=21) (actual time=9.548..24.288 rows=2 loops=1)
Sort  (cost=6351.45..6351.46 rows=1 width=149) (actual time=28.531..28.533 rows=1 loops=1)
Sort  (cost=6356.36..6356.37 rows=1 width=149) (actual time=30.008..30.011 rows=15 loops=1)
Nested Loop  (cost=0.00..6351.15 rows=1 width=403) (actual time=22.302..24.309 rows=1 loops=1)
Nested Loop  (cost=0.00..6351.15 rows=1 width=158) (actual time=15.973..24.758 rows=1 loops=1)
Sort  (cost=6356.36..6356.37 rows=1 width=149) (actual time=29.119..29.122 rows=21 loops=1)
Sort  (cost=6351.45..6351.46 rows=1 width=149) (actual time=30.681..30.683 rows=9 loops=1)
Sort  (cost=6351.45..6351.46 rows=1 width=149) (actual time=29.225..29.226 rows=1 loops=1)
Nested Loop  (cost=0.00..6351.15 rows=1 width=403) (actual time=8.896..24.864 rows=1 loops=1)
Nested Loop  (cost=0.00..6351.15 rows=1 width=21) (actual time=2.084..25.015 rows=2 loops=1)
Nested Loop  (cost=0.00..6351.15 rows=1 width=158) (actual time=22.107..24.980 rows=1 loops=1)
Nested Loop  (cost=0.00..6351.15 rows=1 width=158) (actual time=13.649..25.098 rows=1 loops=1)
Nested Loop  (cost=0.00..6351.76 rows=1 width=21) (actual time=5.778..24.873 rows=4 loops=1)
Nested Loop  (cost=0.00..6351.15 rows=1 width=158) (actual time=2.238..26.502 rows=1 loops=1)
Nested Loop  (cost=0.00..6351.64 rows=1 width=21) (actual time=4.709..24.964 rows=5 loops=1)
Sort  (cost=6351.45..6351.46 rows=1 width=149) (actual time=29.425..29.427 rows=1 loops=1)
Sort  (cost=6351.45..6351.46 rows=1 width=149) (actual time=30.162..30.163 rows=2 loops=1)
Nested Loop  (cost=0.00..6351.15 rows=1 width=21) (actual time=23.442..24.919 rows=2 loops=1)
Nested Loop  (cost=0.00..6351.15 rows=1 width=21) (actual time=10.735..24.942 rows=2 loops=1)
Sort  (cost=6351.45..6351.46 rows=1 width=149) (actual time=29.036..29.038 rows=1 loops=1)
Sort  (cost=6351.45..6351.46 rows=1 width=149) (actual time=28.961..28.963 rows=1 loops=1)
Sort  (cost=6351.45..6351.46 rows=1 width=149) (actual time=28.093..28.095 rows=1 loops=1)
Nested Loop  (cost=0.00..6351.15 rows=1 width=158) (actual time=34.169..41.505 rows=1 loops=1)
Nested Loop  (cost=0.00..6351.15 rows=1 width=21) (actual time=11.837..25.005 rows=2 loops=1)
Nested Loop  (cost=0.00..6351.15 rows=1 width=21) (actual time=5.912..25.847 rows=2 loops=1)
Nested Loop  (cost=0.00..6351.15 rows=1 width=21) (actual time=2.412..28.833 rows=3 loops=1)
Sort  (cost=6351.45..6351.46 rows=1 width=149) (actual time=29.738..29.740 rows=1 loops=1)
Nested Loop  (cost=0.00..6352.84 rows=1 width=21) (actual time=3.737..26.115 rows=10 loops=1)
Nested Loop  (cost=0.00..6351.15 rows=1 width=21) (actual time=18.735..24.798 rows=2 loops=1)
Nested Loop  (cost=0.00..6351.35 rows=1 width=21) (actual time=2.947..25.118 rows=5 loops=1)
Nested Loop  (cost=0.00..6351.15 rows=1 width=21) (actual time=13.320..27.804 rows=2 loops=1)
Sort  (cost=6351.45..6351.46 rows=1 width=149) (actual time=30.623..30.626 rows=4 loops=1)
Nested Loop  (cost=0.00..6351.76 rows=1 width=21) (actual time=5.832..25.371 rows=4 loops=1)
Nested Loop  (cost=0.00..6351.15 rows=1 width=21) (actual time=5.128..24.891 rows=2 loops=1)
Nested Loop  (cost=0.00..6351.15 rows=1 width=158) (actual time=4.848..28.141 rows=1 loops=1)
Nested Loop  (cost=0.00..6352.84 rows=1 width=21) (actual time=2.386..26.148 rows=6 loops=1)
Sort  (cost=6352.83..6352.83 rows=1 width=149) (actual time=31.038..31.040 rows=7 loops=1)
Sort  (cost=6351.45..6351.46 rows=1 width=149) (actual time=29.496..29.498 rows=2 loops=1)
Nested Loop  (cost=0.00..6351.82 rows=1 width=21) (actual time=13.087..25.524 rows=2 loops=1)
Nested Loop  (cost=0.00..6351.69 rows=1 width=158) (actual time=5.271..27.538 rows=3 loops=1)
Nested Loop  (cost=0.00..6351.69 rows=1 width=403) (actual time=5.335..25.789 rows=3 loops=1)
Nested Loop  (cost=0.00..6351.15 rows=1 width=21) (actual time=6.565..25.002 rows=2 loops=1)
Nested Loop  (cost=0.00..6351.15 rows=1 width=21) (actual time=3.737..24.939 rows=2 loops=1)
Nested Loop  (cost=0.00..6351.15 rows=1 width=158) (actual time=23.775..24.934 rows=1 loops=1)
Sort  (cost=6351.45..6351.46 rows=1 width=149) (actual time=28.454..28.457 rows=1 loops=1)
Nested Loop  (cost=0.00..6351.15 rows=1 width=21) (actual time=2.725..25.047 rows=3 loops=1)
Nested Loop  (cost=0.00..6351.44 rows=1 width=21) (actual time=12.612..34.667 rows=4 loops=1)
Nested Loop  (cost=0.00..6351.40 rows=1 width=21) (actual time=10.683..24.372 rows=3 loops=1)
Nested Loop  (cost=0.00..6351.15 rows=1 width=21) (actual time=13.474..24.732 rows=2 loops=1)
Nested Loop  (cost=0.00..6351.69 rows=1 width=21) (actual time=2.865..25.680 rows=6 loops=1)
Sort  (cost=6351.45..6351.46 rows=1 width=149) (actual time=29.535..29.536 rows=1 loops=1)
Nested Loop  (cost=0.00..6351.69 rows=1 width=21) (actual time=2.617..25.200 rows=6 loops=1)
Nested Loop  (cost=0.00..6351.15 rows=1 width=21) (actual time=5.404..25.122 rows=2 loops=1)
Sort  (cost=6351.45..6351.46 rows=1 width=149) (actual time=30.866..30.869 rows=6 loops=1)
Sort  (cost=6351.45..6351.46 rows=1 width=149) (actual time=28.270..28.271 rows=2 loops=1)
Nested Loop  (cost=0.00..6351.15 rows=1 width=158) (actual time=14.257..24.495 rows=1 loops=1)
Nested Loop  (cost=0.00..6351.15 rows=1 width=158) (actual time=3.031..24.758 rows=3 loops=1)
Nested Loop  (cost=0.00..6351.15 rows=1 width=21) (actual time=13.176..24.695 rows=3 loops=1)
Sort  (cost=6365.09..6365.09 rows=1 width=149) (actual time=32.685..32.690 rows=54 loops=1)
Nested Loop  (cost=0.00..6351.69 rows=1 width=21) (actual time=2.302..25.457 rows=4 loops=1)
Nested Loop  (cost=0.00..6351.76 rows=1 width=21) (actual time=4.869..25.489 rows=4 loops=1)
Nested Loop  (cost=0.00..6351.69 rows=1 width=21) (actual time=3.892..25.110 rows=6 loops=1)
Nested Loop  (cost=0.00..6351.15 rows=1 width=158) (actual time=12.224..25.053 rows=1 loops=1)
Sort  (cost=6351.45..6351.46 rows=1 width=149) (actual time=29.578..29.580 rows=3 loops=1)
Sort  (cost=6351.45..6351.46 rows=1 width=149) (actual time=28.876..28.878 rows=1 loops=1)
Nested Loop  (cost=0.00..6351.15 rows=1 width=21) (actual time=14.634..24.127 rows=2 loops=1)
Nested Loop  (cost=0.00..6351.47 rows=1 width=21) (actual time=17.727..24.210 rows=3 loops=1)
Nested Loop  (cost=0.00..6351.15 rows=1 width=21) (actual time=19.528..24.233 rows=2 loops=1)
Nested Loop  (cost=0.00..6351.38 rows=1 width=158) (actual time=23.414..24.528 rows=1 loops=1)
Nested Loop  (cost=0.00..6351.38 rows=1 width=21) (actual time=4.195..24.880 rows=3 loops=1)
Nested Loop  (cost=0.00..6351.56 rows=1 width=21) (actual time=2.846..25.067 rows=3 loops=1)
Sort  (cost=6351.45..6351.46 rows=1 width=149) (actual time=29.365..29.366 rows=2 loops=1)
Nested Loop  (cost=0.00..6351.15 rows=1 width=21) (actual time=21.853..24.847 rows=2 loops=1)
Sort  (cost=6351.45..6351.46 rows=1 width=149) (actual time=28.993..28.995 rows=1 loops=1)
Nested Loop  (cost=0.00..6351.15 rows=1 width=21) (actual time=0.710..24.881 rows=2 loops=1)
Nested Loop  (cost=0.00..6351.38 rows=1 width=21) (actual time=2.579..24.932 rows=4 loops=1)
Nested Loop  (cost=0.00..6352.84 rows=1 width=21) (actual time=4.658..31.797 rows=7 loops=1)
Sort  (cost=6354.57..6354.58 rows=1 width=149) (actual time=33.057..33.060 rows=13 loops=1)
Sort  (cost=6351.45..6351.46 rows=1 width=149) (actual time=33.189..33.192 rows=1 loops=1)
Nested Loop  (cost=0.00..6351.67 rows=1 width=158) (actual time=5.119..24.961 rows=1 loops=1)
Nested Loop  (cost=0.00..6351.15 rows=1 width=21) (actual time=16.301..24.534 rows=2 loops=1)
Sort  (cost=6351.45..6351.46 rows=1 width=149) (actual time=29.731..29.733 rows=1 loops=1)
Sort  (cost=6351.45..6351.46 rows=1 width=149) (actual time=30.190..30.192 rows=5 loops=1)
Nested Loop  (cost=0.00..6351.15 rows=1 width=158) (actual time=11.797..24.735 rows=4 loops=1)
Sort  (cost=6351.45..6351.46 rows=1 width=149) (actual time=28.555..28.556 rows=1 loops=1)
Nested Loop  (cost=0.00..6351.15 rows=1 width=21) (actual time=6.396..24.851 rows=2 loops=1)
Nested Loop  (cost=0.00..6351.15 rows=1 width=21) (actual time=10.077..24.673 rows=2 loops=1)
Sort  (cost=6351.45..6351.46 rows=1 width=149) (actual time=30.443..30.445 rows=11 loops=1)
Nested Loop  (cost=0.00..6351.15 rows=1 width=403) (actual time=11.324..24.795 rows=1 loops=1)
Sort  (cost=6351.45..6351.46 rows=1 width=149) (actual time=29.929..29.931 rows=1 loops=1)
Nested Loop  (cost=0.00..6351.15 rows=1 width=21) (actual time=14.942..25.257 rows=2 loops=1)
Sort  (cost=6352.89..6352.90 rows=1 width=149) (actual time=31.694..31.697 rows=9 loops=1)
Nested Loop  (cost=0.00..6351.15 rows=1 width=158) (actual time=19.792..24.585 rows=1 loops=1)
Nested Loop  (cost=0.00..6351.15 rows=1 width=21) (actual time=2.587..24.837 rows=2 loops=1)
Nested Loop  (cost=0.00..6351.44 rows=1 width=21) (actual time=6.859..25.216 rows=4 loops=1)
Sort  (cost=6351.45..6351.46 rows=1 width=149) (actual time=30.662..30.663 rows=1 loops=1)
Nested Loop  (cost=0.00..6351.38 rows=1 width=21) (actual time=11.455..24.878 rows=3 loops=1)
Sort  (cost=6351.45..6351.46 rows=1 width=149) (actual time=29.703..29.704 rows=2 loops=1)
Nested Loop  (cost=0.00..6351.15 rows=1 width=21) (actual time=12.987..24.533 rows=2 loops=1)
Sort  (cost=6351.45..6351.46 rows=1 width=149) (actual time=28.716..28.717 rows=3 loops=1)
Nested Loop  (cost=0.00..6351.15 rows=1 width=21) (actual time=10.729..24.472 rows=3 loops=1)
Nested Loop  (cost=0.00..6351.15 rows=1 width=158) (actual time=23.981..24.671 rows=1 loops=1)
Nested Loop  (cost=0.00..6351.76 rows=1 width=21) (actual time=7.967..25.306 rows=3 loops=1)
Nested Loop  (cost=0.00..6351.44 rows=1 width=21) (actual time=12.210..25.969 rows=3 loops=1)
Nested Loop  (cost=0.00..6351.64 rows=1 width=21) (actual time=11.039..33.130 rows=6 loops=1)
Sort  (cost=6351.45..6351.46 rows=1 width=149) (actual time=29.185..29.187 rows=3 loops=1)
Sort  (cost=6351.45..6351.46 rows=1 width=149) (actual time=29.879..29.881 rows=4 loops=1)
Sort  (cost=6351.45..6351.46 rows=1 width=149) (actual time=28.716..28.718 rows=1 loops=1)
Nested Loop  (cost=0.00..6351.15 rows=1 width=21) (actual time=12.517..24.122 rows=2 loops=1)
Sort  (cost=6351.45..6351.46 rows=1 width=149) (actual time=28.861..28.863 rows=2 loops=1)
Sort  (cost=6351.45..6351.46 rows=1 width=149) (actual time=29.489..29.491 rows=2 loops=1)
Sort  (cost=6352.85..6352.86 rows=1 width=149) (actual time=30.591..30.593 rows=10 loops=1)
Nested Loop  (cost=0.00..6351.15 rows=1 width=21) (actual time=3.077..24.311 rows=3 loops=1)
Nested Loop  (cost=0.00..6351.15 rows=1 width=158) (actual time=7.734..24.285 rows=1 loops=1)
Sort  (cost=6351.45..6351.46 rows=1 width=149) (actual time=28.788..28.790 rows=1 loops=1)
Nested Loop  (cost=0.00..6351.15 rows=1 width=403) (actual time=16.648..25.028 rows=1 loops=1)
Sort  (cost=6351.45..6351.46 rows=1 width=149) (actual time=28.754..28.755 rows=1 loops=1)
Sort  (cost=6351.45..6351.46 rows=1 width=149) (actual time=28.971..28.973 rows=1 loops=1)
Nested Loop  (cost=0.00..6351.15 rows=1 width=21) (actual time=14.129..24.920 rows=2 loops=1)
Nested Loop  (cost=0.00..6351.15 rows=1 width=21) (actual time=3.783..24.904 rows=2 loops=1)
Nested Loop  (cost=0.00..6351.47 rows=1 width=21) (actual time=7.139..27.108 rows=6 loops=1)
Nested Loop  (cost=0.00..6351.15 rows=1 width=21) (actual time=21.551..24.806 rows=2 loops=1)
Sort  (cost=6351.45..6351.46 rows=1 width=149) (actual time=28.945..28.947 rows=1 loops=1)
Sort  (cost=6351.45..6351.46 rows=1 width=149) (actual time=29.272..29.273 rows=1 loops=1)
Nested Loop  (cost=0.00..6351.69 rows=1 width=21) (actual time=6.167..25.157 rows=6 loops=1)
Nested Loop  (cost=0.00..6351.15 rows=1 width=158) (actual time=1.089..25.676 rows=1 loops=1)
Nested Loop  (cost=0.00..6351.15 rows=1 width=21) (actual time=10.670..25.009 rows=2 loops=1)
Sort  (cost=6351.45..6351.46 rows=1 width=149) (actual time=29.106..29.108 rows=2 loops=1)
Sort  (cost=6351.45..6351.46 rows=1 width=149) (actual time=30.288..30.290 rows=5 loops=1)
Sort  (cost=6351.45..6351.46 rows=1 width=149) (actual time=32.033..32.035 rows=2 loops=1)
Nested Loop  (cost=0.00..6352.64 rows=1 width=21) (actual time=1.474..25.441 rows=8 loops=1)
Nested Loop  (cost=0.00..6351.78 rows=1 width=21) (actual time=3.089..25.315 rows=7 loops=1)
Nested Loop  (cost=0.00..6351.15 rows=1 width=21) (actual time=1.762..26.434 rows=5 loops=1)
Sort  (cost=6351.45..6351.46 rows=1 width=149) (actual time=32.938..32.941 rows=1 loops=1)
Nested Loop  (cost=0.00..6351.15 rows=1 width=21) (actual time=3.937..24.843 rows=2 loops=1)
Nested Loop  (cost=0.00..6351.15 rows=1 width=21) (actual time=4.255..25.088 rows=3 loops=1)
Sort  (cost=6351.45..6351.46 rows=1 width=149) (actual time=35.482..35.484 rows=5 loops=1)
Sort  (cost=6355.84..6355.84 rows=1 width=149) (actual time=29.947..29.950 rows=27 loops=1)
Sort  (cost=6351.45..6351.46 rows=1 width=149) (actual time=29.247..29.249 rows=1 loops=1)
Nested Loop  (cost=0.00..6351.15 rows=1 width=158) (actual time=8.878..24.630 rows=2 loops=1)
Nested Loop  (cost=0.00..6351.15 rows=1 width=21) (actual time=3.607..24.588 rows=2 loops=1)
Nested Loop  (cost=0.00..6351.15 rows=1 width=21) (actual time=1.657..24.637 rows=3 loops=1)
Sort  (cost=6351.45..6351.46 rows=1 width=149) (actual time=28.598..28.600 rows=3 loops=1)
Sort  (cost=6351.45..6351.46 rows=1 width=149) (actual time=29.233..29.235 rows=1 loops=1)
Nested Loop  (cost=0.00..6351.15 rows=1 width=403) (actual time=9.891..24.788 rows=2 loops=1)
Nested Loop  (cost=0.00..6351.47 rows=1 width=21) (actual time=1.951..24.651 rows=4 loops=1)
Sort  (cost=6351.45..6351.46 rows=1 width=149) (actual time=30.207..30.209 rows=1 loops=1)
Nested Loop  (cost=0.00..6351.15 rows=1 width=403) (actual time=16.316..26.005 rows=1 loops=1)
Nested Loop  (cost=0.00..6351.15 rows=1 width=21) (actual time=3.432..25.289 rows=4 loops=1)
Nested Loop  (cost=0.00..6351.15 rows=1 width=21) (actual time=16.905..24.742 rows=2 loops=1)
Nested Loop  (cost=0.00..6351.15 rows=1 width=21) (actual time=4.774..24.647 rows=2 loops=1)
Nested Loop  (cost=0.00..6351.15 rows=1 width=21) (actual time=6.010..25.432 rows=2 loops=1)
Nested Loop  (cost=0.00..6351.15 rows=1 width=158) (actual time=20.129..24.618 rows=1 loops=1)
Nested Loop  (cost=0.00..6351.15 rows=1 width=158) (actual time=20.734..24.956 rows=1 loops=1)
Nested Loop  (cost=0.00..6351.15 rows=1 width=21) (actual time=21.091..24.846 rows=2 loops=1)
Nested Loop  (cost=0.00..6353.26 rows=1 width=158) (actual time=3.876..26.806 rows=7 loops=1)
Nested Loop  (cost=0.00..6353.26 rows=1 width=21) (actual time=6.421..26.251 rows=12 loops=1)
Sort  (cost=6365.33..6365.33 rows=1 width=149) (actual time=30.106..30.112 rows=62 loops=1)
Sort  (cost=6351.45..6351.46 rows=1 width=149) (actual time=28.521..28.522 rows=1 loops=1)
Nested Loop  (cost=0.00..6351.15 rows=1 width=21) (actual time=10.007..24.356 rows=2 loops=1)
Nested Loop  (cost=0.00..6351.15 rows=1 width=21) (actual time=5.307..25.256 rows=2 loops=1)
Nested Loop  (cost=0.00..6351.67 rows=1 width=158) (actual time=5.273..25.400 rows=4 loops=1)
Nested Loop  (cost=0.00..6351.64 rows=1 width=21) (actual time=9.015..25.426 rows=3 loops=1)
Nested Loop  (cost=0.00..6351.78 rows=1 width=21) (actual time=3.030..26.964 rows=7 loops=1)
Nested Loop  (cost=0.00..6351.15 rows=1 width=21) (actual time=15.857..24.612 rows=2 loops=1)
Nested Loop  (cost=0.00..6351.15 rows=1 width=158) (actual time=14.392..24.593 rows=1 loops=1)
Nested Loop  (cost=0.00..6351.15 rows=1 width=21) (actual time=5.309..24.849 rows=2 loops=1)
Nested Loop  (cost=0.00..6351.44 rows=1 width=21) (actual time=6.066..25.094 rows=4 loops=1)
Nested Loop  (cost=0.00..6351.15 rows=1 width=21) (actual time=4.091..25.235 rows=2 loops=1)
Nested Loop  (cost=0.00..6351.15 rows=1 width=158) (actual time=6.044..25.274 rows=2 loops=1)
Nested Loop  (cost=0.00..6351.82 rows=1 width=21) (actual time=5.234..26.457 rows=6 loops=1)
Nested Loop  (cost=0.00..6351.15 rows=1 width=21) (actual time=15.185..26.157 rows=2 loops=1)
Nested Loop  (cost=0.00..6351.15 rows=1 width=21) (actual time=10.277..24.140 rows=2 loops=1)
Sort  (cost=6351.45..6351.46 rows=1 width=149) (actual time=28.354..28.356 rows=1 loops=1)
Nested Loop  (cost=0.00..6351.15 rows=1 width=158) (actual time=14.969..24.713 rows=1 loops=1)
Nested Loop  (cost=0.00..6351.15 rows=1 width=21) (actual time=5.112..24.927 rows=2 loops=1)
Nested Loop  (cost=0.00..6351.15 rows=1 width=158) (actual time=0.759..24.900 rows=2 loops=1)
Nested Loop  (cost=0.00..6351.44 rows=1 width=21) (actual time=17.503..25.306 rows=2 loops=1)
Sort  (cost=6351.45..6351.46 rows=1 width=149) (actual time=29.394..29.396 rows=4 loops=1)
Nested Loop  (cost=0.00..6351.15 rows=1 width=21) (actual time=15.340..24.110 rows=2 loops=1)
Nested Loop  (cost=0.00..6351.15 rows=1 width=21) (actual time=10.723..24.343 rows=3 loops=1)
Nested Loop  (cost=0.00..6351.15 rows=1 width=21) (actual time=19.703..24.374 rows=3 loops=1)
Nested Loop  (cost=0.00..6351.69 rows=1 width=21) (actual time=4.259..25.417 rows=6 loops=1)
Nested Loop  (cost=0.00..6351.84 rows=1 width=21) (actual time=5.940..25.552 rows=7 loops=1)
Nested Loop  (cost=0.00..6351.15 rows=1 width=21) (actual time=11.706..24.971 rows=3 loops=1)
Nested Loop  (cost=0.00..6351.84 rows=1 width=158) (actual time=5.295..25.265 rows=4 loops=1)
Nested Loop  (cost=0.00..6351.64 rows=1 width=21) (actual time=22.810..24.746 rows=2 loops=1)
Sort  (cost=6351.45..6351.46 rows=1 width=149) (actual time=40.819..40.821 rows=2 loops=1)
Nested Loop  (cost=0.00..6351.47 rows=1 width=158) (actual time=20.206..24.759 rows=1 loops=1)
Nested Loop  (cost=0.00..6351.56 rows=1 width=21) (actual time=2.441..24.964 rows=3 loops=1)
Nested Loop  (cost=0.00..6351.15 rows=1 width=21) (actual time=5.192..25.040 rows=2 loops=1)
Nested Loop  (cost=0.00..6351.15 rows=1 width=158) (actual time=19.640..25.227 rows=2 loops=1)
Nested Loop  (cost=0.00..6351.15 rows=1 width=403) (actual time=19.680..25.218 rows=2 loops=1)
Nested Loop  (cost=0.00..6352.84 rows=1 width=21) (actual time=5.902..28.848 rows=11 loops=1)
Nested Loop  (cost=0.00..6351.15 rows=1 width=21) (actual time=14.160..24.389 rows=2 loops=1)
Nested Loop  (cost=0.00..6351.15 rows=1 width=21) (actual time=8.356..24.944 rows=2 loops=1)
Nested Loop  (cost=0.00..6351.15 rows=1 width=21) (actual time=9.315..25.695 rows=2 loops=1)
Sort  (cost=6351.45..6351.46 rows=1 width=149) (actual time=32.889..32.890 rows=2 loops=1)
Nested Loop  (cost=0.00..6351.44 rows=1 width=21) (actual time=17.277..25.136 rows=4 loops=1)
Nested Loop  (cost=0.00..6351.15 rows=1 width=21) (actual time=13.347..24.943 rows=2 loops=1)
Sort  (cost=6351.45..6351.46 rows=1 width=149) (actual time=32.078..32.080 rows=3 loops=1)
Nested Loop  (cost=0.00..6351.15 rows=1 width=21) (actual time=11.102..24.976 rows=2 loops=1)
Nested Loop  (cost=0.00..6351.15 rows=1 width=158) (actual time=24.996..25.011 rows=1 loops=1)
Nested Loop  (cost=0.00..6351.56 rows=1 width=158) (actual time=3.025..25.654 rows=5 loops=1)
Sort  (cost=6351.45..6351.46 rows=1 width=149) (actual time=33.687..33.689 rows=1 loops=1)
Nested Loop  (cost=0.00..6351.15 rows=1 width=21) (actual time=5.432..24.613 rows=2 loops=1)
Sort  (cost=6351.45..6351.46 rows=1 width=149) (actual time=30.549..30.550 rows=1 loops=1)
Nested Loop  (cost=0.00..6351.15 rows=1 width=21) (actual time=6.416..27.382 rows=3 loops=1)
Nested Loop  (cost=0.00..6351.15 rows=1 width=21) (actual time=3.699..26.163 rows=2 loops=1)
Sort  (cost=6351.45..6351.46 rows=1 width=149) (actual time=34.588..34.591 rows=1 loops=1)
Nested Loop  (cost=0.00..6351.15 rows=1 width=21) (actual time=3.775..24.632 rows=2 loops=1)
Sort  (cost=6365.09..6365.09 rows=1 width=149) (actual time=30.440..30.445 rows=62 loops=1)
Nested Loop  (cost=0.00..6351.44 rows=1 width=158) (actual time=0.218..25.327 rows=1 loops=1)
Nested Loop  (cost=0.00..6351.15 rows=1 width=21) (actual time=24.090..25.817 rows=2 loops=1)
Nested Loop  (cost=0.00..6351.15 rows=1 width=158) (actual time=13.714..24.988 rows=2 loops=1)
Sort  (cost=6351.45..6351.46 rows=1 width=149) (actual time=28.269..28.271 rows=1 loops=1)
Nested Loop  (cost=0.00..6351.15 rows=1 width=158) (actual time=7.143..24.806 rows=1 loops=1)
Nested Loop  (cost=0.00..6351.15 rows=1 width=21) (actual time=1.554..27.493 rows=2 loops=1)
Nested Loop  (cost=0.00..6351.53 rows=1 width=21) (actual time=4.678..24.929 rows=3 loops=1)
Sort  (cost=6351.45..6351.46 rows=1 width=149) (actual time=29.660..29.663 rows=2 loops=1)
Nested Loop  (cost=0.00..6351.15 rows=1 width=403) (actual time=11.862..24.979 rows=1 loops=1)
Nested Loop  (cost=0.00..6351.15 rows=1 width=21) (actual time=1.671..24.965 rows=2 loops=1)
Sort  (cost=6351.45..6351.46 rows=1 width=149) (actual time=28.748..28.750 rows=1 loops=1)
Nested Loop  (cost=0.00..6351.15 rows=1 width=21) (actual time=18.653..24.369 rows=2 loops=1)
Sort  (cost=6351.45..6351.46 rows=1 width=149) (actual time=28.600..28.602 rows=1 loops=1)
Nested Loop  (cost=0.00..6351.15 rows=1 width=21) (actual time=3.556..24.805 rows=3 loops=1)
Nested Loop  (cost=0.00..6351.40 rows=1 width=158) (actual time=16.886..25.166 rows=1 loops=1)
Nested Loop  (cost=0.00..6351.15 rows=1 width=158) (actual time=20.645..24.692 rows=1 loops=1)
Nested Loop  (cost=0.00..6351.15 rows=1 width=21) (actual time=10.235..25.614 rows=2 loops=1)
Nested Loop  (cost=0.00..6351.15 rows=1 width=21) (actual time=21.871..25.066 rows=2 loops=1)
Nested Loop  (cost=0.00..6351.56 rows=1 width=158) (actual time=18.713..24.302 rows=2 loops=1)
Nested Loop  (cost=0.00..6351.56 rows=1 width=403) (actual time=18.686..24.329 rows=2 loops=1)
Nested Loop  (cost=0.00..6351.15 rows=1 width=21) (actual time=0.383..24.293 rows=3 loops=1)
Nested Loop  (cost=0.00..6351.15 rows=1 width=21) (actual time=5.025..25.141 rows=2 loops=1)
Nested Loop  (cost=0.00..6351.47 rows=1 width=21) (actual time=0.253..25.187 rows=2 loops=1)
Sort  (cost=6351.45..6351.46 rows=1 width=149) (actual time=28.919..28.921 rows=1 loops=1)
Sort  (cost=6351.45..6351.46 rows=1 width=149) (actual time=29.346..29.348 rows=2 loops=1)
Nested Loop  (cost=0.00..6351.15 rows=1 width=21) (actual time=17.251..23.969 rows=2 loops=1)
Sort  (cost=6351.45..6351.46 rows=1 width=149) (actual time=28.793..28.795 rows=2 loops=1)
Nested Loop  (cost=0.00..6351.15 rows=1 width=158) (actual time=8.463..24.304 rows=2 loops=1)
Nested Loop  (cost=0.00..6351.15 rows=1 width=21) (actual time=5.739..24.947 rows=4 loops=1)
Sort  (cost=6351.45..6351.46 rows=1 width=149) (actual time=30.057..30.058 rows=5 loops=1)
Nested Loop  (cost=0.00..6351.15 rows=1 width=158) (actual time=7.780..25.084 rows=2 loops=1)
Nested Loop  (cost=0.00..6351.15 rows=1 width=21) (actual time=4.850..25.795 rows=3 loops=1)
Nested Loop  (cost=0.00..6351.15 rows=1 width=158) (actual time=4.353..25.103 rows=2 loops=1)
Nested Loop  (cost=0.00..6351.15 rows=1 width=21) (actual time=5.381..26.384 rows=2 loops=1)
Nested Loop  (cost=0.00..6351.47 rows=1 width=158) (actual time=2.688..42.102 rows=2 loops=1)
Sort  (cost=6353.18..6353.18 rows=1 width=149) (actual time=30.159..30.161 rows=10 loops=1)
Nested Loop  (cost=0.00..6351.15 rows=1 width=158) (actual time=15.481..24.742 rows=1 loops=1)
Nested Loop  (cost=0.00..6351.15 rows=1 width=21) (actual time=7.820..25.423 rows=3 loops=1)
Sort  (cost=6351.45..6351.46 rows=1 width=149) (actual time=29.940..29.941 rows=1 loops=1)
Nested Loop  (cost=0.00..6351.15 rows=1 width=158) (actual time=11.916..27.312 rows=2 loops=1)
Nested Loop  (cost=0.00..6351.15 rows=1 width=158) (actual time=13.901..24.896 rows=1 loops=1)
Nested Loop  (cost=0.00..6351.15 rows=1 width=158) (actual time=4.535..25.484 rows=2 loops=1)
Nested Loop  (cost=0.00..6353.26 rows=1 width=21) (actual time=4.445..26.683 rows=8 loops=1)
Nested Loop  (cost=0.00..6351.15 rows=1 width=21) (actual time=11.014..24.823 rows=2 loops=1)
Nested Loop  (cost=0.00..6351.15 rows=1 width=21) (actual time=0.751..25.329 rows=3 loops=1)
Sort  (cost=6351.45..6351.46 rows=1 width=149) (actual time=29.240..29.242 rows=2 loops=1)
Nested Loop  (cost=0.00..6351.15 rows=1 width=403) (actual time=21.934..25.927 rows=2 loops=1)
Nested Loop  (cost=0.00..6351.15 rows=1 width=158) (actual time=6.706..25.217 rows=1 loops=1)
Nested Loop  (cost=0.00..6351.15 rows=1 width=21) (actual time=8.251..28.100 rows=2 loops=1)
Sort  (cost=6351.45..6351.46 rows=1 width=149) (actual time=29.637..29.639 rows=3 loops=1)
Sort  (cost=6362.35..6362.36 rows=1 width=149) (actual time=29.741..29.746 rows=41 loops=1)
Sort  (cost=6351.45..6351.46 rows=1 width=149) (actual time=32.092..32.094 rows=2 loops=1)
Sort  (cost=6351.45..6351.46 rows=1 width=149) (actual time=30.292..30.294 rows=1 loops=1)
Sort  (cost=6351.45..6351.46 rows=1 width=149) (actual time=29.215..29.217 rows=1 loops=1)
Nested Loop  (cost=0.00..6351.15 rows=1 width=158) (actual time=18.973..24.688 rows=1 loops=1)
Sort  (cost=6351.45..6351.46 rows=1 width=149) (actual time=36.668..36.670 rows=2 loops=1)
Nested Loop  (cost=0.00..6351.35 rows=1 width=158) (actual time=1.022..24.357 rows=2 loops=1)
Nested Loop  (cost=0.00..6351.15 rows=1 width=21) (actual time=3.049..24.417 rows=2 loops=1)
Sort  (cost=6351.45..6351.46 rows=1 width=149) (actual time=29.217..29.218 rows=2 loops=1)
Nested Loop  (cost=0.00..6351.67 rows=1 width=21) (actual time=5.815..25.751 rows=5 loops=1)
Sort  (cost=6351.45..6351.46 rows=1 width=149) (actual time=28.654..28.656 rows=1 loops=1)
Nested Loop  (cost=0.00..6351.15 rows=1 width=21) (actual time=17.771..25.045 rows=3 loops=1)
Nested Loop  (cost=0.00..6351.15 rows=1 width=21) (actual time=10.504..24.344 rows=2 loops=1)
Sort  (cost=6351.45..6351.46 rows=1 width=149) (actual time=28.604..28.606 rows=1 loops=1)
Nested Loop  (cost=0.00..6351.15 rows=1 width=21) (actual time=16.031..37.882 rows=2 loops=1)
Sort  (cost=6351.45..6351.46 rows=1 width=149) (actual time=29.721..29.723 rows=3 loops=1)
Nested Loop  (cost=0.00..6351.15 rows=1 width=21) (actual time=7.357..25.088 rows=2 loops=1)
Nested Loop  (cost=0.00..6351.15 rows=1 width=21) (actual time=18.963..24.394 rows=2 loops=1)
Nested Loop  (cost=0.00..6351.15 rows=1 width=21) (actual time=9.177..24.069 rows=4 loops=1)
Nested Loop  (cost=0.00..6351.15 rows=1 width=21) (actual time=1.401..25.036 rows=2 loops=1)
Nested Loop  (cost=0.00..6351.15 rows=1 width=21) (actual time=6.467..25.071 rows=2 loops=1)
Nested Loop  (cost=0.00..6351.15 rows=1 width=21) (actual time=1.926..25.101 rows=2 loops=1)
Sort  (cost=6351.45..6351.46 rows=1 width=149) (actual time=29.119..29.121 rows=1 loops=1)
Sort  (cost=6355.84..6355.84 rows=1 width=149) (actual time=30.277..30.280 rows=16 loops=1)
Sort  (cost=6351.45..6351.46 rows=1 width=149) (actual time=29.436..29.438 rows=3 loops=1)
Nested Loop  (cost=0.00..6351.69 rows=1 width=21) (actual time=2.719..25.347 rows=4 loops=1)
Sort  (cost=6351.45..6351.46 rows=1 width=149) (actual time=29.294..29.296 rows=2 loops=1)
Sort  (cost=6351.45..6351.46 rows=1 width=149) (actual time=28.575..28.576 rows=1 loops=1)
Nested Loop  (cost=0.00..6351.64 rows=1 width=21) (actual time=7.752..24.877 rows=2 loops=1)
Nested Loop  (cost=0.00..6351.69 rows=1 width=21) (actual time=5.475..24.663 rows=4 loops=1)
Nested Loop  (cost=0.00..6351.90 rows=1 width=21) (actual time=8.972..25.947 rows=6 loops=1)
Sort  (cost=6351.45..6351.46 rows=1 width=149) (actual time=28.234..28.235 rows=1 loops=1)
Nested Loop  (cost=0.00..6351.40 rows=1 width=21) (actual time=3.828..24.873 rows=4 loops=1)
Nested Loop  (cost=0.00..6351.44 rows=1 width=21) (actual time=0.089..25.712 rows=5 loops=1)
Nested Loop  (cost=0.00..6351.40 rows=1 width=158) (actual time=21.392..24.707 rows=1 loops=1)
Nested Loop  (cost=0.00..6351.40 rows=1 width=403) (actual time=21.415..24.692 rows=1 loops=1)
Nested Loop  (cost=0.00..6351.15 rows=1 width=21) (actual time=14.268..24.496 rows=4 loops=1)
Nested Loop  (cost=0.00..6351.15 rows=1 width=21) (actual time=14.356..24.856 rows=2 loops=1)
Nested Loop  (cost=0.00..6351.15 rows=1 width=21) (actual time=8.341..24.908 rows=2 loops=1)
Nested Loop  (cost=0.00..6351.40 rows=1 width=21) (actual time=15.816..26.832 rows=3 loops=1)
Nested Loop  (cost=0.00..6351.15 rows=1 width=21) (actual time=4.978..24.452 rows=2 loops=1)
Sort  (cost=6351.45..6351.46 rows=1 width=149) (actual time=29.023..29.025 rows=1 loops=1)
Nested Loop  (cost=0.00..6351.15 rows=1 width=403) (actual time=8.045..24.899 rows=1 loops=1)
Nested Loop  (cost=0.00..6351.15 rows=1 width=21) (actual time=13.194..25.025 rows=2 loops=1)
Sort  (cost=6351.45..6351.46 rows=1 width=149) (actual time=30.340..30.342 rows=1 loops=1)
Sort  (cost=6351.45..6351.46 rows=1 width=149) (actual time=29.582..29.584 rows=1 loops=1)
Nested Loop  (cost=0.00..6351.15 rows=1 width=21) (actual time=12.273..25.360 rows=2 loops=1)
Nested Loop  (cost=0.00..6351.35 rows=1 width=158) (actual time=6.183..25.026 rows=1 loops=1)
Nested Loop  (cost=0.00..6351.15 rows=1 width=21) (actual time=5.862..25.097 rows=2 loops=1)
Nested Loop  (cost=0.00..6351.15 rows=1 width=158) (actual time=24.229..24.773 rows=1 loops=1)
Nested Loop  (cost=0.00..6351.15 rows=1 width=21) (actual time=6.196..24.581 rows=2 loops=1)
Sort  (cost=6351.45..6351.46 rows=1 width=149) (actual time=29.841..29.843 rows=2 loops=1)
Nested Loop  (cost=0.00..6351.15 rows=1 width=158) (actual time=1.554..25.646 rows=1 loops=1)
Nested Loop  (cost=0.00..6351.44 rows=1 width=21) (actual time=9.260..25.877 rows=4 loops=1)
Nested Loop  (cost=0.00..6351.15 rows=1 width=21) (actual time=11.939..24.893 rows=2 loops=1)
Nested Loop  (cost=0.00..6351.15 rows=1 width=21) (actual time=13.202..24.900 rows=2 loops=1)
Nested Loop  (cost=0.00..6351.49 rows=1 width=158) (actual time=21.066..25.328 rows=1 loops=1)
Sort  (cost=6351.45..6351.46 rows=1 width=149) (actual time=30.857..30.860 rows=1 loops=1)
Nested Loop  (cost=0.00..6351.56 rows=1 width=21) (actual time=2.650..25.140 rows=3 loops=1)
Sort  (cost=6351.45..6351.46 rows=1 width=149) (actual time=29.064..29.066 rows=1 loops=1)
Nested Loop  (cost=0.00..6351.15 rows=1 width=21) (actual time=0.429..24.387 rows=2 loops=1)
Nested Loop  (cost=0.00..6351.38 rows=1 width=21) (actual time=8.323..24.780 rows=3 loops=1)
Nested Loop  (cost=0.00..6351.15 rows=1 width=21) (actual time=17.241..26.051 rows=2 loops=1)
Nested Loop  (cost=0.00..6351.15 rows=1 width=21) (actual time=12.184..25.083 rows=2 loops=1)
Sort  (cost=6351.45..6351.46 rows=1 width=149) (actual time=29.794..29.796 rows=8 loops=1)
Sort  (cost=6351.45..6351.46 rows=1 width=149) (actual time=36.732..36.734 rows=1 loops=1)
Sort  (cost=6351.45..6351.46 rows=1 width=149) (actual time=28.859..28.861 rows=1 loops=1)
Nested Loop  (cost=0.00..6351.15 rows=1 width=21) (actual time=8.365..25.028 rows=2 loops=1)
Nested Loop  (cost=0.00..6351.15 rows=1 width=403) (actual time=24.267..24.573 rows=1 loops=1)
Nested Loop  (cost=0.00..6351.15 rows=1 width=21) (actual time=5.365..25.056 rows=2 loops=1)
Nested Loop  (cost=0.00..6351.15 rows=1 width=21) (actual time=11.374..24.952 rows=2 loops=1)
Nested Loop  (cost=0.00..6351.84 rows=1 width=21) (actual time=2.921..25.472 rows=5 loops=1)
Nested Loop  (cost=0.00..6351.84 rows=1 width=21) (actual time=5.111..24.660 rows=4 loops=1)
Sort  (cost=6351.45..6351.46 rows=1 width=149) (actual time=28.938..28.940 rows=1 loops=1)
Sort  (cost=6351.45..6351.46 rows=1 width=149) (actual time=29.931..29.934 rows=1 loops=1)
Nested Loop  (cost=0.00..6351.15 rows=1 width=158) (actual time=23.550..25.111 rows=1 loops=1)
Nested Loop  (cost=0.00..6352.84 rows=1 width=158) (actual time=2.362..26.278 rows=6 loops=1)
Nested Loop  (cost=0.00..6351.15 rows=1 width=158) (actual time=6.109..24.087 rows=1 loops=1)
Nested Loop  (cost=0.00..6352.64 rows=1 width=158) (actual time=8.841..25.262 rows=7 loops=1)
Nested Loop  (cost=0.00..6351.15 rows=1 width=21) (actual time=9.561..25.132 rows=2 loops=1)
Sort  (cost=6351.45..6351.46 rows=1 width=149) (actual time=28.860..28.862 rows=1 loops=1)
Nested Loop  (cost=0.00..6351.15 rows=1 width=21) (actual time=11.899..24.830 rows=2 loops=1)
Nested Loop  (cost=0.00..6353.26 rows=1 width=21) (actual time=1.632..26.238 rows=9 loops=1)
Nested Loop  (cost=0.00..6351.15 rows=1 width=158) (actual time=13.253..24.640 rows=1 loops=1)
Nested Loop  (cost=0.00..6351.69 rows=1 width=158) (actual time=10.348..25.041 rows=5 loops=1)
Nested Loop  (cost=0.00..6351.35 rows=1 width=21) (actual time=19.810..24.986 rows=2 loops=1)
Nested Loop  (cost=0.00..6351.82 rows=1 width=21) (actual time=4.681..25.408 rows=2 loops=1)
Sort  (cost=6355.17..6355.18 rows=1 width=149) (actual time=29.017..29.020 rows=18 loops=1)
Nested Loop  (cost=0.00..6351.58 rows=1 width=21) (actual time=4.807..25.501 rows=3 loops=1)
Sort  (cost=6351.45..6351.46 rows=1 width=149) (actual time=29.457..29.459 rows=1 loops=1)
Sort  (cost=6352.85..6352.86 rows=1 width=149) (actual time=29.578..29.580 rows=5 loops=1)
Nested Loop  (cost=0.00..6351.15 rows=1 width=21) (actual time=8.352..24.912 rows=2 loops=1)
Sort  (cost=6351.45..6351.46 rows=1 width=149) (actual time=28.963..28.965 rows=1 loops=1)
Nested Loop  (cost=0.00..6351.15 rows=1 width=21) (actual time=1.403..24.991 rows=2 loops=1)
Nested Loop  (cost=0.00..6352.84 rows=1 width=21) (actual time=10.255..25.680 rows=5 loops=1)
Sort  (cost=6351.45..6351.46 rows=1 width=149) (actual time=31.690..31.691 rows=1 loops=1)
Nested Loop  (cost=0.00..6351.15 rows=1 width=21) (actual time=10.648..24.784 rows=2 loops=1)
Sort  (cost=6351.45..6351.46 rows=1 width=149) (actual time=28.671..28.673 rows=1 loops=1)
Nested Loop  (cost=0.00..6351.84 rows=1 width=158) (actual time=4.587..25.519 rows=7 loops=1)
Sort  (cost=6353.18..6353.18 rows=1 width=149) (actual time=46.400..46.402 rows=7 loops=1)
Nested Loop  (cost=0.00..6351.15 rows=1 width=21) (actual time=18.002..24.223 rows=2 loops=1)
Nested Loop  (cost=0.00..6351.15 rows=1 width=21) (actual time=15.760..24.561 rows=2 loops=1)
Nested Loop  (cost=0.00..6351.15 rows=1 width=158) (actual time=23.953..25.200 rows=1 loops=1)
Sort  (cost=6351.45..6351.46 rows=1 width=149) (actual time=30.010..30.013 rows=1 loops=1)
Nested Loop  (cost=0.00..6351.15 rows=1 width=21) (actual time=9.946..27.011 rows=2 loops=1)
Nested Loop  (cost=0.00..6351.15 rows=1 width=21) (actual time=7.064..25.082 rows=2 loops=1)
Nested Loop  (cost=0.00..6351.15 rows=1 width=21) (actual time=8.500..24.807 rows=2 loops=1)
Nested Loop  (cost=0.00..6351.15 rows=1 width=21) (actual time=4.500..24.836 rows=2 loops=1)
Nested Loop  (cost=0.00..6351.38 rows=1 width=21) (actual time=1.337..24.849 rows=3 loops=1)
Nested Loop  (cost=0.00..6351.15 rows=1 width=158) (actual time=24.831..25.477 rows=1 loops=1)
Nested Loop  (cost=0.00..6351.15 rows=1 width=21) (actual time=13.373..24.645 rows=2 loops=1)
Nested Loop  (cost=0.00..6352.84 rows=1 width=21) (actual time=2.394..26.321 rows=7 loops=1)
Sort  (cost=6355.81..6355.82 rows=1 width=149) (actual time=29.278..29.281 rows=10 loops=1)
Sort  (cost=6351.45..6351.46 rows=1 width=149) (actual time=31.169..31.172 rows=2 loops=1)
Sort  (cost=6351.45..6351.46 rows=1 width=149) (actual time=29.676..29.678 rows=2 loops=1)
Nested Loop  (cost=0.00..6351.47 rows=1 width=21) (actual time=7.213..24.959 rows=3 loops=1)
Nested Loop  (cost=0.00..6351.15 rows=1 width=21) (actual time=12.565..25.277 rows=2 loops=1)
Nested Loop  (cost=0.00..6352.84 rows=1 width=21) (actual time=6.228..26.980 rows=11 loops=1)
Nested Loop  (cost=0.00..6351.35 rows=1 width=21) (actual time=13.526..25.073 rows=2 loops=1)
Nested Loop  (cost=0.00..6351.15 rows=1 width=21) (actual time=13.461..25.543 rows=3 loops=1)
Sort  (cost=6351.45..6351.46 rows=1 width=149) (actual time=28.302..28.303 rows=1 loops=1)
Nested Loop  (cost=0.00..6351.15 rows=1 width=21) (actual time=0.871..24.378 rows=2 loops=1)
Nested Loop  (cost=0.00..6351.38 rows=1 width=21) (actual time=11.480..24.323 rows=2 loops=1)
Nested Loop  (cost=0.00..6351.49 rows=1 width=21) (actual time=12.824..24.577 rows=2 loops=1)
Nested Loop  (cost=0.00..6351.15 rows=1 width=21) (actual time=4.421..25.063 rows=3 loops=1)
Sort  (cost=6351.45..6351.46 rows=1 width=149) (actual time=29.544..29.546 rows=3 loops=1)
Nested Loop  (cost=0.00..6351.64 rows=1 width=21) (actual time=9.479..24.459 rows=3 loops=1)
Sort  (cost=6351.45..6351.46 rows=1 width=149) (actual time=28.993..28.995 rows=1 loops=1)
Nested Loop  (cost=0.00..6351.15 rows=1 width=21) (actual time=5.494..24.648 rows=2 loops=1)
Sort  (cost=6351.45..6351.46 rows=1 width=149) (actual time=29.242..29.243 rows=1 loops=1)
Sort  (cost=6351.45..6351.46 rows=1 width=149) (actual time=29.257..29.259 rows=1 loops=1)
Nested Loop  (cost=0.00..6351.15 rows=1 width=403) (actual time=24.341..25.325 rows=1 loops=1)
Nested Loop  (cost=0.00..6353.26 rows=1 width=21) (actual time=5.698..28.446 rows=9 loops=1)
Sort  (cost=6351.45..6351.46 rows=1 width=149) (actual time=28.453..28.455 rows=1 loops=1)
Nested Loop  (cost=0.00..6351.82 rows=1 width=21) (actual time=7.953..25.484 rows=3 loops=1)
Nested Loop  (cost=0.00..6351.35 rows=1 width=21) (actual time=3.230..25.232 rows=3 loops=1)
Sort  (cost=6351.45..6351.46 rows=1 width=149) (actual time=28.789..28.791 rows=1 loops=1)
Sort  (cost=6351.45..6351.46 rows=1 width=149) (actual time=43.341..43.343 rows=3 loops=1)
Nested Loop  (cost=0.00..6351.15 rows=1 width=21) (actual time=0.074..24.407 rows=2 loops=1)
Sort  (cost=6351.45..6351.46 rows=1 width=149) (actual time=29.035..29.037 rows=2 loops=1)
Nested Loop  (cost=0.00..6351.15 rows=1 width=158) (actual time=4.345..25.903 rows=1 loops=1)
Sort  (cost=6351.45..6351.46 rows=1 width=149) (actual time=29.221..29.222 rows=1 loops=1)
Sort  (cost=6351.45..6351.46 rows=1 width=149) (actual time=28.483..28.485 rows=1 loops=1)
Sort  (cost=6351.45..6351.46 rows=1 width=149) (actual time=29.304..29.306 rows=6 loops=1)
Nested Loop  (cost=0.00..6351.73 rows=1 width=21) (actual time=6.562..25.090 rows=4 loops=1)
Nested Loop  (cost=0.00..6353.26 rows=1 width=21) (actual time=1.454..26.459 rows=6 loops=1)
Nested Loop  (cost=0.00..6351.64 rows=1 width=21) (actual time=4.905..25.472 rows=5 loops=1)
Nested Loop  (cost=0.00..6351.15 rows=1 width=158) (actual time=11.036..25.171 rows=1 loops=1)
Sort  (cost=6351.45..6351.46 rows=1 width=149) (actual time=28.707..28.710 rows=1 loops=1)
Nested Loop  (cost=0.00..6351.69 rows=1 width=21) (actual time=2.751..24.746 rows=6 loops=1)
Sort  (cost=6351.45..6351.46 rows=1 width=149) (actual time=29.769..29.771 rows=1 loops=1)
Sort  (cost=6351.45..6351.46 rows=1 width=149) (actual time=29.480..29.482 rows=1 loops=1)
Nested Loop  (cost=0.00..6351.67 rows=1 width=158) (actual time=9.194..25.310 rows=2 loops=1)
Sort  (cost=6351.45..6351.46 rows=1 width=149) (actual time=29.212..29.214 rows=2 loops=1)
Nested Loop  (cost=0.00..6351.15 rows=1 width=21) (actual time=23.751..25.139 rows=2 loops=1)
Nested Loop  (cost=0.00..6351.15 rows=1 width=158) (actual time=19.684..25.085 rows=2 loops=1)
Sort  (cost=6351.45..6351.46 rows=1 width=149) (actual time=28.905..28.907 rows=2 loops=1)
Sort  (cost=6351.45..6351.46 rows=1 width=149) (actual time=29.047..29.049 rows=1 loops=1)
Nested Loop  (cost=0.00..6351.44 rows=1 width=21) (actual time=12.111..25.143 rows=3 loops=1)
Nested Loop  (cost=0.00..6351.15 rows=1 width=21) (actual time=2.532..24.512 rows=2 loops=1)
Sort  (cost=6351.45..6351.46 rows=1 width=149) (actual time=41.284..41.286 rows=1 loops=1)
Sort  (cost=6353.09..6353.10 rows=1 width=149) (actual time=30.061..30.063 rows=9 loops=1)
Nested Loop  (cost=0.00..6351.15 rows=1 width=158) (actual time=7.981..24.811 rows=1 loops=1)
Sort  (cost=6351.45..6351.46 rows=1 width=149) (actual time=35.888..35.890 rows=2 loops=1)
Nested Loop  (cost=0.00..6351.15 rows=1 width=21) (actual time=14.072..24.761 rows=2 loops=1)
Nested Loop  (cost=0.00..6353.26 rows=1 width=21) (actual time=1.622..26.502 rows=9 loops=1)
Sort  (cost=6351.45..6351.46 rows=1 width=149) (actual time=28.855..28.857 rows=1 loops=1)
Sort  (cost=6351.45..6351.46 rows=1 width=149) (actual time=28.800..28.802 rows=2 loops=1)
Nested Loop  (cost=0.00..6351.15 rows=1 width=403) (actual time=2.345..25.094 rows=2 loops=1)
Nested Loop  (cost=0.00..6351.15 rows=1 width=21) (actual time=8.030..25.409 rows=2 loops=1)
Nested Loop  (cost=0.00..6351.15 rows=1 width=21) (actual time=0.646..24.851 rows=2 loops=1)
Sort  (cost=6351.45..6351.46 rows=1 width=149) (actual time=29.611..29.613 rows=1 loops=1)
Nested Loop  (cost=0.00..6351.15 rows=1 width=21) (actual time=3.502..24.858 rows=4 loops=1)
Nested Loop  (cost=0.00..6351.15 rows=1 width=21) (actual time=11.806..24.483 rows=2 loops=1)
Sort  (cost=6351.45..6351.46 rows=1 width=149) (actual time=29.097..29.098 rows=1 loops=1)
Sort  (cost=6351.45..6351.46 rows=1 width=149) (actual time=28.709..28.710 rows=2 loops=1)
Nested Loop  (cost=0.00..6351.15 rows=1 width=21) (actual time=10.937..24.622 rows=2 loops=1)
Sort  (cost=6351.45..6351.46 rows=1 width=149) (actual time=29.690..29.692 rows=6 loops=1)
Nested Loop  (cost=0.00..6352.84 rows=1 width=21) (actual time=4.409..26.165 rows=6 loops=1)
Sort  (cost=6351.45..6351.46 rows=1 width=149) (actual time=29.794..29.796 rows=6 loops=1)
Sort  (cost=6351.45..6351.46 rows=1 width=149) (actual time=29.040..29.042 rows=1 loops=1)
Nested Loop  (cost=0.00..6351.15 rows=1 width=403) (actual time=17.257..24.162 rows=1 loops=1)
Sort  (cost=6351.45..6351.46 rows=1 width=149) (actual time=28.889..28.891 rows=1 loops=1)
Sort  (cost=6351.45..6351.46 rows=1 width=149) (actual time=28.934..28.935 rows=1 loops=1)
Nested Loop  (cost=0.00..6351.56 rows=1 width=21) (actual time=4.835..25.503 rows=4 loops=1)
Nested Loop  (cost=0.00..6351.15 rows=1 width=21) (actual time=15.562..24.056 rows=2 loops=1)
Sort  (cost=6351.45..6351.46 rows=1 width=149) (actual time=29.742..29.744 rows=4 loops=1)
Nested Loop  (cost=0.00..6351.69 rows=1 width=21) (actual time=2.694..25.008 rows=3 loops=1)
Nested Loop  (cost=0.00..6351.15 rows=1 width=21) (actual time=20.894..24.903 rows=2 loops=1)
Nested Loop  (cost=0.00..6351.15 rows=1 width=21) (actual time=1.263..38.891 rows=2 loops=1)
Sort  (cost=6362.35..6362.36 rows=1 width=149) (actual time=29.349..29.352 rows=27 loops=1)
Nested Loop  (cost=0.00..6351.15 rows=1 width=21) (actual time=10.013..24.708 rows=2 loops=1)
Nested Loop  (cost=0.00..6351.58 rows=1 width=158) (actual time=7.645..25.520 rows=6 loops=1)
Nested Loop  (cost=0.00..6351.15 rows=1 width=21) (actual time=15.136..24.924 rows=2 loops=1)
Nested Loop  (cost=0.00..6351.67 rows=1 width=21) (actual time=2.195..25.109 rows=2 loops=1)
Nested Loop  (cost=0.00..6351.15 rows=1 width=21) (actual time=13.524..25.059 rows=2 loops=1)
Nested Loop  (cost=0.00..6351.15 rows=1 width=158) (actual time=2.601..24.944 rows=2 loops=1)
Nested Loop  (cost=0.00..6352.64 rows=1 width=21) (actual time=2.979..26.027 rows=8 loops=1)
Nested Loop  (cost=0.00..6351.38 rows=1 width=158) (actual time=14.288..24.971 rows=2 loops=1)
Sort  (cost=6352.85..6352.86 rows=1 width=149) (actual time=29.818..29.820 rows=9 loops=1)
Nested Loop  (cost=0.00..6351.15 rows=1 width=158) (actual time=12.141..24.577 rows=1 loops=1)
Nested Loop  (cost=0.00..6351.84 rows=1 width=158) (actual time=2.439..25.434 rows=4 loops=1)
Nested Loop  (cost=0.00..6351.84 rows=1 width=403) (actual time=2.440..25.111 rows=4 loops=1)
Nested Loop  (cost=0.00..6351.15 rows=1 width=21) (actual time=15.638..24.437 rows=2 loops=1)
Nested Loop  (cost=0.00..6351.15 rows=1 width=21) (actual time=17.644..24.261 rows=2 loops=1)
Nested Loop  (cost=0.00..6351.15 rows=1 width=21) (actual time=8.432..24.283 rows=2 loops=1)
Nested Loop  (cost=0.00..6351.64 rows=1 width=21) (actual time=1.703..26.653 rows=7 loops=1)
Sort  (cost=6351.45..6351.46 rows=1 width=149) (actual time=28.550..28.552 rows=2 loops=1)
Nested Loop  (cost=0.00..6351.56 rows=1 width=21) (actual time=5.685..24.804 rows=5 loops=1)
Sort  (cost=6351.45..6351.46 rows=1 width=149) (actual time=28.815..28.817 rows=3 loops=1)
Nested Loop  (cost=0.00..6351.38 rows=1 width=21) (actual time=5.201..24.910 rows=2 loops=1)
Nested Loop  (cost=0.00..6351.15 rows=1 width=21) (actual time=8.875..25.755 rows=2 loops=1)
Sort  (cost=6351.45..6351.46 rows=1 width=149) (actual time=31.367..31.370 rows=2 loops=1)
Nested Loop  (cost=0.00..6351.15 rows=1 width=21) (actual time=21.457..24.055 rows=2 loops=1)
Nested Loop  (cost=0.00..6351.15 rows=1 width=21) (actual time=2.710..24.691 rows=2 loops=1)
Nested Loop  (cost=0.00..6353.26 rows=1 width=21) (actual time=2.647..26.717 rows=14 loops=1)
Nested Loop  (cost=0.00..6351.15 rows=1 width=158) (actual time=18.764..25.000 rows=1 loops=1)
Nested Loop  (cost=0.00..6351.15 rows=1 width=21) (actual time=0.545..24.962 rows=2 loops=1)
Sort  (cost=6351.45..6351.46 rows=1 width=149) (actual time=30.250..30.251 rows=1 loops=1)
Nested Loop  (cost=0.00..6353.26 rows=1 width=21) (actual time=3.932..26.622 rows=7 loops=1)
Sort  (cost=6351.45..6351.46 rows=1 width=149) (actual time=29.542..29.544 rows=1 loops=1)
Nested Loop  (cost=0.00..6351.15 rows=1 width=158) (actual time=1.057..24.844 rows=1 loops=1)
Nested Loop  (cost=0.00..6351.15 rows=1 width=21) (actual time=14.798..24.841 rows=2 loops=1)
Sort  (cost=6351.45..6351.46 rows=1 width=149) (actual time=28.814..28.816 rows=1 loops=1)
Nested Loop  (cost=0.00..6351.15 rows=1 width=403) (actual time=16.397..29.628 rows=1 loops=1)
Nested Loop  (cost=0.00..6351.69 rows=1 width=158) (actual time=8.842..26.373 rows=3 loops=1)
Nested Loop  (cost=0.00..6351.15 rows=1 width=21) (actual time=20.813..25.221 rows=2 loops=1)
Sort  (cost=6351.45..6351.46 rows=1 width=149) (actual time=29.446..29.448 rows=5 loops=1)
Nested Loop  (cost=0.00..6351.82 rows=1 width=158) (actual time=10.167..25.634 rows=4 loops=1)
Nested Loop  (cost=0.00..6351.82 rows=1 width=403) (actual time=10.169..26.825 rows=4 loops=1)
Nested Loop  (cost=0.00..6351.15 rows=1 width=158) (actual time=3.359..24.910 rows=1 loops=1)
Nested Loop  (cost=0.00..6351.15 rows=1 width=158) (actual time=13.829..25.315 rows=1 loops=1)
Nested Loop  (cost=0.00..6351.44 rows=1 width=21) (actual time=4.905..24.948 rows=2 loops=1)
Nested Loop  (cost=0.00..6351.49 rows=1 width=21) (actual time=11.732..24.835 rows=2 loops=1)
Nested Loop  (cost=0.00..6351.15 rows=1 width=21) (actual time=3.120..24.951 rows=2 loops=1)
Nested Loop  (cost=0.00..6351.40 rows=1 width=21) (actual time=20.563..26.855 rows=2 loops=1)
Nested Loop  (cost=0.00..6351.82 rows=1 width=21) (actual time=15.752..25.192 rows=4 loops=1)
Nested Loop  (cost=0.00..6351.15 rows=1 width=21) (actual time=3.136..24.831 rows=2 loops=1)
Nested Loop  (cost=0.00..6351.15 rows=1 width=158) (actual time=23.636..25.987 rows=1 loops=1)
Sort  (cost=6351.45..6351.46 rows=1 width=149) (actual time=29.427..29.429 rows=2 loops=1)
Nested Loop  (cost=0.00..6351.15 rows=1 width=21) (actual time=5.896..24.773 rows=2 loops=1)
Nested Loop  (cost=0.00..6351.40 rows=1 width=158) (actual time=1.167..25.470 rows=2 loops=1)
Nested Loop  (cost=0.00..6351.15 rows=1 width=21) (actual time=15.588..24.759 rows=2 loops=1)
Nested Loop  (cost=0.00..6351.15 rows=1 width=21) (actual time=12.903..24.985 rows=2 loops=1)
Sort  (cost=6351.45..6351.46 rows=1 width=149) (actual time=29.464..29.466 rows=1 loops=1)
Nested Loop  (cost=0.00..6351.15 rows=1 width=158) (actual time=19.658..25.649 rows=2 loops=1)
Nested Loop  (cost=0.00..6351.67 rows=1 width=21) (actual time=7.024..25.754 rows=3 loops=1)
Sort  (cost=6351.45..6351.46 rows=1 width=149) (actual time=28.773..28.775 rows=1 loops=1)
Nested Loop  (cost=0.00..6351.15 rows=1 width=21) (actual time=18.549..25.409 rows=2 loops=1)
Nested Loop  (cost=0.00..6351.15 rows=1 width=21) (actual time=2.328..24.561 rows=2 loops=1)
Nested Loop  (cost=0.00..6351.15 rows=1 width=21) (actual time=0.520..24.474 rows=2 loops=1)
Sort  (cost=6351.45..6351.46 rows=1 width=149) (actual time=38.647..38.649 rows=1 loops=1)
Sort  (cost=6351.45..6351.46 rows=1 width=149) (actual time=28.795..28.797 rows=1 loops=1)
Sort  (cost=6351.45..6351.46 rows=1 width=149) (actual time=29.554..29.556 rows=3 loops=1)
Sort  (cost=6351.45..6351.46 rows=1 width=149) (actual time=29.863..29.864 rows=1 loops=1)
Sort  (cost=6351.45..6351.46 rows=1 width=149) (actual time=28.690..28.692 rows=1 loops=1)
Sort  (cost=6351.45..6351.46 rows=1 width=149) (actual time=28.130..28.132 rows=1 loops=1)
Sort  (cost=6351.45..6351.46 rows=1 width=149) (actual time=28.787..28.789 rows=1 loops=1)
Nested Loop  (cost=0.00..6351.15 rows=1 width=158) (actual time=3.156..24.800 rows=1 loops=1)
Nested Loop  (cost=0.00..6351.53 rows=1 width=21) (actual time=22.330..25.307 rows=2 loops=1)
Nested Loop  (cost=0.00..6351.69 rows=1 width=21) (actual time=5.239..26.398 rows=3 loops=1)
Nested Loop  (cost=0.00..6351.84 rows=1 width=21) (actual time=3.294..25.756 rows=4 loops=1)
Nested Loop  (cost=0.00..6351.15 rows=1 width=158) (actual time=11.885..25.059 rows=1 loops=1)
Nested Loop  (cost=0.00..6351.15 rows=1 width=21) (actual time=19.000..25.029 rows=2 loops=1)
Nested Loop  (cost=0.00..6351.15 rows=1 width=158) (actual time=14.020..24.947 rows=2 loops=1)
Nested Loop  (cost=0.00..6351.15 rows=1 width=403) (actual time=14.251..25.273 rows=2 loops=1)
Nested Loop  (cost=0.00..6351.15 rows=1 width=21) (actual time=11.771..24.995 rows=3 loops=1)
Nested Loop  (cost=0.00..6351.67 rows=1 width=158) (actual time=14.688..25.261 rows=4 loops=1)
Nested Loop  (cost=0.00..6352.07 rows=1 width=158) (actual time=6.503..25.372 rows=2 loops=1)
Nested Loop  (cost=0.00..6351.15 rows=1 width=21) (actual time=1.652..24.759 rows=2 loops=1)
Sort  (cost=6351.45..6351.46 rows=1 width=149) (actual time=29.221..29.223 rows=3 loops=1)
Sort  (cost=6351.45..6351.46 rows=1 width=149) (actual time=29.005..29.006 rows=2 loops=1)
Sort  (cost=6351.45..6351.46 rows=1 width=149) (actual time=28.555..28.556 rows=4 loops=1)
Nested Loop  (cost=0.00..6351.44 rows=1 width=21) (actual time=6.289..24.191 rows=4 loops=1)
Sort  (cost=6351.45..6351.46 rows=1 width=149) (actual time=33.414..33.416 rows=1 loops=1)
Sort  (cost=6351.45..6351.46 rows=1 width=149) (actual time=29.061..29.063 rows=1 loops=1)
Sort  (cost=6351.45..6351.46 rows=1 width=149) (actual time=37.880..37.882 rows=1 loops=1)
Nested Loop  (cost=0.00..6351.15 rows=1 width=403) (actual time=15.953..24.424 rows=1 loops=1)
Sort  (cost=6351.45..6351.46 rows=1 width=149) (actual time=28.606..28.608 rows=1 loops=1)
Nested Loop  (cost=0.00..6353.26 rows=1 width=158) (actual time=2.043..26.216 rows=10 loops=1)
Nested Loop  (cost=0.00..6351.69 rows=1 width=158) (actual time=4.517..25.003 rows=4 loops=1)
Sort  (cost=6351.45..6351.46 rows=1 width=149) (actual time=31.986..31.988 rows=1 loops=1)
Nested Loop  (cost=0.00..6353.26 rows=1 width=158) (actual time=6.343..26.900 rows=12 loops=1)
Nested Loop  (cost=0.00..6351.15 rows=1 width=158) (actual time=8.631..24.636 rows=1 loops=1)
Sort  (cost=6351.45..6351.46 rows=1 width=149) (actual time=28.847..28.849 rows=1 loops=1)
Sort  (cost=6351.45..6351.46 rows=1 width=149) (actual time=28.928..28.930 rows=1 loops=1)
Nested Loop  (cost=0.00..6351.40 rows=1 width=21) (actual time=15.042..24.647 rows=3 loops=1)
Sort  (cost=6351.45..6351.46 rows=1 width=149) (actual time=29.591..29.593 rows=4 loops=1)
Sort  (cost=6351.45..6351.46 rows=1 width=149) (actual time=28.956..28.958 rows=1 loops=1)
Nested Loop  (cost=0.00..6351.69 rows=1 width=21) (actual time=4.159..25.160 rows=6 loops=1)
Nested Loop  (cost=0.00..6351.15 rows=1 width=21) (actual time=16.018..25.411 rows=2 loops=1)
Nested Loop  (cost=0.00..6351.82 rows=1 width=21) (actual time=0.758..26.348 rows=2 loops=1)
Nested Loop  (cost=0.00..6351.15 rows=1 width=158) (actual time=15.312..24.559 rows=1 loops=1)
Nested Loop  (cost=0.00..6351.15 rows=1 width=21) (actual time=8.243..24.539 rows=2 loops=1)
Nested Loop  (cost=0.00..6351.15 rows=1 width=158) (actual time=20.638..24.770 rows=2 loops=1)
Nested Loop  (cost=0.00..6352.07 rows=1 width=21) (actual time=5.227..25.920 rows=4 loops=1)
Sort  (cost=6362.35..6362.36 rows=1 width=149) (actual time=29.668..29.672 rows=40 loops=1)
Nested Loop  (cost=0.00..6351.15 rows=1 width=158) (actual time=12.028..24.982 rows=2 loops=1)
Nested Loop  (cost=0.00..6351.15 rows=1 width=403) (actual time=11.828..24.700 rows=2 loops=1)
Nested Loop  (cost=0.00..6351.40 rows=1 width=21) (actual time=11.572..24.841 rows=4 loops=1)
Nested Loop  (cost=0.00..6351.40 rows=1 width=158) (actual time=17.814..37.237 rows=2 loops=1)
Sort  (cost=6351.45..6351.46 rows=1 width=149) (actual time=29.342..29.344 rows=3 loops=1)
Nested Loop  (cost=0.00..6351.49 rows=1 width=21) (actual time=2.448..25.258 rows=5 loops=1)
Sort  (cost=6351.45..6351.46 rows=1 width=149) (actual time=29.147..29.149 rows=5 loops=1)
Nested Loop  (cost=0.00..6351.82 rows=1 width=158) (actual time=12.908..25.206 rows=1 loops=1)
Nested Loop  (cost=0.00..6351.38 rows=1 width=21) (actual time=10.272..25.043 rows=4 loops=1)
Sort  (cost=6351.45..6351.46 rows=1 width=149) (actual time=28.616..28.618 rows=1 loops=1)
Nested Loop  (cost=0.00..6351.15 rows=1 width=21) (actual time=15.707..24.774 rows=2 loops=1)
Nested Loop  (cost=0.00..6351.15 rows=1 width=21) (actual time=6.807..25.097 rows=2 loops=1)
Nested Loop  (cost=0.00..6351.58 rows=1 width=21) (actual time=5.064..25.247 rows=4 loops=1)
Nested Loop  (cost=0.00..6351.15 rows=1 width=21) (actual time=20.123..24.946 rows=2 loops=1)
Nested Loop  (cost=0.00..6351.35 rows=1 width=21) (actual time=6.991..24.780 rows=2 loops=1)
Nested Loop  (cost=0.00..6351.15 rows=1 width=158) (actual time=4.356..24.819 rows=1 loops=1)
Nested Loop  (cost=0.00..6351.15 rows=1 width=21) (actual time=8.185..24.488 rows=2 loops=1)
Nested Loop  (cost=0.00..6351.15 rows=1 width=21) (actual time=1.459..24.428 rows=2 loops=1)
Nested Loop  (cost=0.00..6351.44 rows=1 width=21) (actual time=5.284..24.824 rows=3 loops=1)
Nested Loop  (cost=0.00..6351.15 rows=1 width=158) (actual time=17.133..24.656 rows=1 loops=1)
Nested Loop  (cost=0.00..6351.15 rows=1 width=21) (actual time=9.508..24.431 rows=2 loops=1)
Sort  (cost=6351.45..6351.46 rows=1 width=149) (actual time=29.309..29.311 rows=2 loops=1)
Sort  (cost=6351.45..6351.46 rows=1 width=149) (actual time=29.641..29.643 rows=2 loops=1)
Nested Loop  (cost=0.00..6351.78 rows=1 width=158) (actual time=1.768..25.736 rows=3 loops=1)
Nested Loop  (cost=0.00..6351.15 rows=1 width=21) (actual time=3.805..24.241 rows=2 loops=1)
Sort  (cost=6351.45..6351.46 rows=1 width=149) (actual time=29.021..29.022 rows=1 loops=1)
Nested Loop  (cost=0.00..6351.15 rows=1 width=158) (actual time=18.969..25.041 rows=1 loops=1)
Nested Loop  (cost=0.00..6352.07 rows=1 width=21) (actual time=4.101..25.335 rows=4 loops=1)
Nested Loop  (cost=0.00..6351.15 rows=1 width=21) (actual time=2.434..24.862 rows=2 loops=1)
Sort  (cost=6351.45..6351.46 rows=1 width=149) (actual time=29.391..29.392 rows=1 loops=1)
Sort  (cost=6351.45..6351.46 rows=1 width=149) (actual time=29.203..29.204 rows=1 loops=1)
Sort  (cost=6351.45..6351.46 rows=1 width=149) (actual time=28.979..28.981 rows=1 loops=1)
Sort  (cost=6352.89..6352.90 rows=1 width=149) (actual time=31.042..31.043 rows=6 loops=1)
Nested Loop  (cost=0.00..6351.73 rows=1 width=21) (actual time=4.957..25.492 rows=9 loops=1)
Sort  (cost=6351.45..6351.46 rows=1 width=149) (actual time=30.020..30.022 rows=1 loops=1)
Nested Loop  (cost=0.00..6351.15 rows=1 width=403) (actual time=7.442..24.955 rows=1 loops=1)
Sort  (cost=6351.45..6351.46 rows=1 width=149) (actual time=28.296..28.301 rows=1 loops=1)
Sort  (cost=6351.45..6351.46 rows=1 width=149) (actual time=28.303..28.304 rows=1 loops=1)
Nested Loop  (cost=0.00..6351.38 rows=1 width=21) (actual time=0.152..24.398 rows=2 loops=1)
Nested Loop  (cost=0.00..6351.64 rows=1 width=158) (actual time=7.706..24.840 rows=2 loops=1)
Sort  (cost=6351.45..6351.46 rows=1 width=149) (actual time=34.735..34.737 rows=2 loops=1)
Nested Loop  (cost=0.00..6351.15 rows=1 width=21) (actual time=4.642..25.279 rows=2 loops=1)
Nested Loop  (cost=0.00..6351.69 rows=1 width=21) (actual time=1.523..25.227 rows=3 loops=1)
Sort  (cost=6353.07..6353.07 rows=1 width=149) (actual time=31.247..31.249 rows=7 loops=1)
Nested Loop  (cost=0.00..6351.15 rows=1 width=21) (actual time=11.415..25.022 rows=2 loops=1)
Nested Loop  (cost=0.00..6352.84 rows=1 width=158) (actual time=7.544..32.286 rows=7 loops=1)
Sort  (cost=6351.45..6351.46 rows=1 width=149) (actual time=30.057..30.059 rows=2 loops=1)
Nested Loop  (cost=0.00..6351.15 rows=1 width=21) (actual time=13.313..24.901 rows=2 loops=1)
Nested Loop  (cost=0.00..6351.15 rows=1 width=158) (actual time=4.387..24.891 rows=1 loops=1)
Sort  (cost=6351.45..6351.46 rows=1 width=149) (actual time=31.356..31.358 rows=1 loops=1)
Nested Loop  (cost=0.00..6351.15 rows=1 width=21) (actual time=2.562..25.006 rows=2 loops=1)
Nested Loop  (cost=0.00..6351.15 rows=1 width=21) (actual time=8.302..25.169 rows=2 loops=1)
Nested Loop  (cost=0.00..6351.64 rows=1 width=21) (actual time=8.077..25.331 rows=3 loops=1)
Nested Loop  (cost=0.00..6351.58 rows=1 width=21) (actual time=9.793..28.232 rows=3 loops=1)
Nested Loop  (cost=0.00..6351.56 rows=1 width=21) (actual time=4.850..25.595 rows=4 loops=1)
Nested Loop  (cost=0.00..6351.56 rows=1 width=158) (actual time=2.957..25.146 rows=3 loops=1)
Nested Loop  (cost=0.00..6351.15 rows=1 width=158) (actual time=25.328..25.531 rows=1 loops=1)
Nested Loop  (cost=0.00..6351.15 rows=1 width=21) (actual time=5.552..26.127 rows=2 loops=1)
Nested Loop  (cost=0.00..6351.15 rows=1 width=21) (actual time=7.169..25.025 rows=2 loops=1)
Nested Loop  (cost=0.00..6351.35 rows=1 width=158) (actual time=1.350..24.661 rows=3 loops=1)
Nested Loop  (cost=0.00..6351.58 rows=1 width=21) (actual time=8.463..24.841 rows=4 loops=1)
Nested Loop  (cost=0.00..6351.56 rows=1 width=21) (actual time=11.912..24.848 rows=5 loops=1)
Nested Loop  (cost=0.00..6351.15 rows=1 width=21) (actual time=10.230..25.257 rows=2 loops=1)
Nested Loop  (cost=0.00..6351.15 rows=1 width=158) (actual time=5.938..24.308 rows=2 loops=1)
Nested Loop  (cost=0.00..6351.15 rows=1 width=158) (actual time=6.888..25.492 rows=1 loops=1)
Nested Loop  (cost=0.00..6351.15 rows=1 width=158) (actual time=8.425..24.665 rows=3 loops=1)
Nested Loop  (cost=0.00..6351.15 rows=1 width=21) (actual time=4.505..38.048 rows=2 loops=1)
Sort  (cost=6351.45..6351.46 rows=1 width=149) (actual time=28.916..28.918 rows=1 loops=1)
Nested Loop  (cost=0.00..6351.15 rows=1 width=21) (actual time=9.493..24.997 rows=2 loops=1)
Sort  (cost=6351.45..6351.46 rows=1 width=149) (actual time=29.107..29.109 rows=1 loops=1)
Nested Loop  (cost=0.00..6351.15 rows=1 width=21) (actual time=17.951..25.282 rows=3 loops=1)
Nested Loop  (cost=0.00..6351.69 rows=1 width=158) (actual time=2.806..25.314 rows=4 loops=1)
Nested Loop  (cost=0.00..6351.15 rows=1 width=21) (actual time=5.523..24.892 rows=2 loops=1)
Nested Loop  (cost=0.00..6351.15 rows=1 width=21) (actual time=7.210..25.143 rows=3 loops=1)
Nested Loop  (cost=0.00..6351.15 rows=1 width=158) (actual time=17.681..25.268 rows=1 loops=1)
Nested Loop  (cost=0.00..6351.15 rows=1 width=21) (actual time=11.233..25.021 rows=2 loops=1)
Sort  (cost=6351.45..6351.46 rows=1 width=149) (actual time=29.420..29.421 rows=2 loops=1)
Nested Loop  (cost=0.00..6351.15 rows=1 width=21) (actual time=3.720..24.994 rows=3 loops=1)
Nested Loop  (cost=0.00..6351.15 rows=1 width=21) (actual time=18.626..25.366 rows=2 loops=1)
Nested Loop  (cost=0.00..6351.15 rows=1 width=21) (actual time=15.896..25.352 rows=2 loops=1)
Nested Loop  (cost=0.00..6351.15 rows=1 width=158) (actual time=11.205..25.050 rows=1 loops=1)
Sort  (cost=6351.45..6351.46 rows=1 width=149) (actual time=28.893..28.895 rows=1 loops=1)
Nested Loop  (cost=0.00..6351.15 rows=1 width=21) (actual time=11.125..24.328 rows=2 loops=1)
Sort  (cost=6351.45..6351.46 rows=1 width=149) (actual time=28.366..28.368 rows=1 loops=1)
Nested Loop  (cost=0.00..6351.15 rows=1 width=158) (actual time=22.080..24.579 rows=1 loops=1)
Nested Loop  (cost=0.00..6351.15 rows=1 width=403) (actual time=21.959..24.369 rows=1 loops=1)
Nested Loop  (cost=0.00..6351.15 rows=1 width=21) (actual time=0.186..24.260 rows=2 loops=1)
Nested Loop  (cost=0.00..6351.38 rows=1 width=21) (actual time=8.666..24.757 rows=2 loops=1)
Nested Loop  (cost=0.00..6351.82 rows=1 width=158) (actual time=4.867..24.955 rows=3 loops=1)
Nested Loop  (cost=0.00..6351.15 rows=1 width=21) (actual time=3.587..28.827 rows=3 loops=1)
Nested Loop  (cost=0.00..6353.26 rows=1 width=21) (actual time=5.079..25.954 rows=9 loops=1)
Sort  (cost=6351.45..6351.46 rows=1 width=149) (actual time=29.440..29.441 rows=1 loops=1)
Nested Loop  (cost=0.00..6352.64 rows=1 width=158) (actual time=0.169..26.094 rows=4 loops=1)
Nested Loop  (cost=0.00..6352.64 rows=1 width=403) (actual time=0.158..26.140 rows=4 loops=1)
Nested Loop  (cost=0.00..6351.90 rows=1 width=21) (actual time=2.657..25.639 rows=4 loops=1)
Sort  (cost=6351.45..6351.46 rows=1 width=149) (actual time=29.049..29.051 rows=1 loops=1)
Nested Loop  (cost=0.00..6351.53 rows=1 width=158) (actual time=2.929..25.709 rows=2 loops=1)
Nested Loop  (cost=0.00..6351.15 rows=1 width=21) (actual time=8.336..25.593 rows=2 loops=1)
Nested Loop  (cost=0.00..6351.15 rows=1 width=158) (actual time=3.391..24.776 rows=2 loops=1)
Sort  (cost=6351.45..6351.46 rows=1 width=149) (actual time=29.112..29.113 rows=1 loops=1)
Nested Loop  (cost=0.00..6351.15 rows=1 width=21) (actual time=4.772..24.517 rows=2 loops=1)
Nested Loop  (cost=0.00..6351.15 rows=1 width=158) (actual time=1.255..25.072 rows=1 loops=1)
Sort  (cost=6351.45..6351.46 rows=1 width=149) (actual time=29.669..29.670 rows=1 loops=1)
Nested Loop  (cost=0.00..6351.15 rows=1 width=21) (actual time=8.185..34.049 rows=3 loops=1)
Sort  (cost=6351.45..6351.46 rows=1 width=149) (actual time=28.923..28.925 rows=1 loops=1)
Sort  (cost=6351.45..6351.46 rows=1 width=149) (actual time=29.456..29.458 rows=3 loops=1)
Nested Loop  (cost=0.00..6351.47 rows=1 width=21) (actual time=10.190..27.825 rows=2 loops=1)
Nested Loop  (cost=0.00..6351.15 rows=1 width=158) (actual time=23.786..25.263 rows=1 loops=1)
Nested Loop  (cost=0.00..6351.15 rows=1 width=21) (actual time=19.885..24.912 rows=2 loops=1)
Sort  (cost=6351.45..6351.46 rows=1 width=149) (actual time=29.713..29.715 rows=1 loops=1)
Nested Loop  (cost=0.00..6351.84 rows=1 width=158) (actual time=24.965..27.266 rows=1 loops=1)
Nested Loop  (cost=0.00..6351.15 rows=1 width=21) (actual time=7.015..25.166 rows=2 loops=1)
Nested Loop  (cost=0.00..6351.15 rows=1 width=21) (actual time=7.679..31.380 rows=4 loops=1)
Nested Loop  (cost=0.00..6351.40 rows=1 width=158) (actual time=0.544..32.032 rows=1 loops=1)
Sort  (cost=6352.80..6352.81 rows=1 width=149) (actual time=31.128..31.130 rows=7 loops=1)
Nested Loop  (cost=0.00..6351.15 rows=1 width=21) (actual time=8.643..25.768 rows=2 loops=1)
Nested Loop  (cost=0.00..6352.07 rows=1 width=21) (actual time=14.761..25.474 rows=3 loops=1)
Sort  (cost=6351.45..6351.46 rows=1 width=149) (actual time=29.675..29.677 rows=1 loops=1)
Nested Loop  (cost=0.00..6351.15 rows=1 width=403) (actual time=6.737..24.981 rows=1 loops=1)
Sort  (cost=6351.45..6351.46 rows=1 width=149) (actual time=36.998..37.000 rows=1 loops=1)
Sort  (cost=6351.45..6351.46 rows=1 width=149) (actual time=29.970..29.972 rows=1 loops=1)
Sort  (cost=6351.45..6351.46 rows=1 width=149) (actual time=29.340..29.341 rows=1 loops=1)
Sort  (cost=6351.45..6351.46 rows=1 width=149) (actual time=29.740..29.742 rows=1 loops=1)
Sort  (cost=6351.45..6351.46 rows=1 width=149) (actual time=29.434..29.436 rows=3 loops=1)
Sort  (cost=6351.45..6351.46 rows=1 width=149) (actual time=29.266..29.267 rows=2 loops=1)
Nested Loop  (cost=0.00..6351.56 rows=1 width=21) (actual time=6.014..24.304 rows=4 loops=1)
Nested Loop  (cost=0.00..6351.90 rows=1 width=21) (actual time=2.370..25.134 rows=3 loops=1)
Nested Loop  (cost=0.00..6351.15 rows=1 width=21) (actual time=5.244..24.607 rows=2 loops=1)
Nested Loop  (cost=0.00..6351.15 rows=1 width=21) (actual time=4.447..24.480 rows=2 loops=1)
Nested Loop  (cost=0.00..6351.47 rows=1 width=21) (actual time=4.750..24.728 rows=3 loops=1)
Nested Loop  (cost=0.00..6351.15 rows=1 width=21) (actual time=10.148..24.736 rows=2 loops=1)
Nested Loop  (cost=0.00..6351.15 rows=1 width=21) (actual time=15.580..24.423 rows=2 loops=1)
Sort  (cost=6351.45..6351.46 rows=1 width=149) (actual time=28.753..28.754 rows=1 loops=1)
Nested Loop  (cost=0.00..6351.47 rows=1 width=21) (actual time=9.050..25.415 rows=5 loops=1)
Sort  (cost=6351.45..6351.46 rows=1 width=149) (actual time=29.151..29.153 rows=1 loops=1)
Nested Loop  (cost=0.00..6351.53 rows=1 width=21) (actual time=0.976..25.333 rows=6 loops=1)
Nested Loop  (cost=0.00..6351.15 rows=1 width=158) (actual time=9.927..25.045 rows=1 loops=1)
Nested Loop  (cost=0.00..6351.69 rows=1 width=21) (actual time=9.126..25.243 rows=4 loops=1)
Nested Loop  (cost=0.00..6351.15 rows=1 width=21) (actual time=20.848..25.024 rows=2 loops=1)
Nested Loop  (cost=0.00..6351.15 rows=1 width=21) (actual time=5.958..25.869 rows=2 loops=1)
Sort  (cost=6351.45..6351.46 rows=1 width=149) (actual time=29.373..29.375 rows=1 loops=1)
Nested Loop  (cost=0.00..6351.15 rows=1 width=21) (actual time=4.877..25.042 rows=2 loops=1)
Nested Loop  (cost=0.00..6351.15 rows=1 width=21) (actual time=11.073..24.911 rows=2 loops=1)
Nested Loop  (cost=0.00..6351.15 rows=1 width=158) (actual time=16.912..25.158 rows=1 loops=1)
Nested Loop  (cost=0.00..6352.07 rows=1 width=158) (actual time=0.537..25.803 rows=4 loops=1)
Nested Loop  (cost=0.00..6351.69 rows=1 width=158) (actual time=1.675..26.258 rows=1 loops=1)
Nested Loop  (cost=0.00..6351.15 rows=1 width=158) (actual time=10.428..24.803 rows=1 loops=1)
Nested Loop  (cost=0.00..6351.15 rows=1 width=158) (actual time=1.827..25.437 rows=2 loops=1)
Nested Loop  (cost=0.00..6351.15 rows=1 width=158) (actual time=10.607..24.384 rows=1 loops=1)
Sort  (cost=6351.45..6351.46 rows=1 width=149) (actual time=32.268..32.270 rows=3 loops=1)
Sort  (cost=6351.45..6351.46 rows=1 width=149) (actual time=28.513..28.515 rows=1 loops=1)
Nested Loop  (cost=0.00..6351.15 rows=1 width=21) (actual time=20.436..27.854 rows=2 loops=1)
Nested Loop  (cost=0.00..6351.15 rows=1 width=21) (actual time=35.498..35.932 rows=2 loops=1)
Nested Loop  (cost=0.00..6351.69 rows=1 width=21) (actual time=2.542..24.909 rows=6 loops=1)
Sort  (cost=6351.45..6351.46 rows=1 width=149) (actual time=29.839..29.841 rows=4 loops=1)
Nested Loop  (cost=0.00..6351.15 rows=1 width=21) (actual time=19.234..24.924 rows=4 loops=1)
Nested Loop  (cost=0.00..6351.47 rows=1 width=158) (actual time=5.797..24.796 rows=1 loops=1)
Nested Loop  (cost=0.00..6351.69 rows=1 width=21) (actual time=1.900..25.023 rows=8 loops=1)
Nested Loop  (cost=0.00..6351.76 rows=1 width=21) (actual time=20.234..25.134 rows=2 loops=1)
Nested Loop  (cost=0.00..6351.15 rows=1 width=158) (actual time=2.031..24.851 rows=1 loops=1)
Nested Loop  (cost=0.00..6351.76 rows=1 width=158) (actual time=7.099..25.504 rows=6 loops=1)
Nested Loop  (cost=0.00..6351.15 rows=1 width=21) (actual time=8.060..25.050 rows=2 loops=1)
Nested Loop  (cost=0.00..6351.15 rows=1 width=21) (actual time=5.425..24.729 rows=2 loops=1)
Nested Loop  (cost=0.00..6351.38 rows=1 width=21) (actual time=13.395..24.555 rows=3 loops=1)
Sort  (cost=6351.45..6351.46 rows=1 width=149) (actual time=28.952..28.954 rows=1 loops=1)
Nested Loop  (cost=0.00..6351.15 rows=1 width=21) (actual time=4.531..24.750 rows=2 loops=1)
Nested Loop  (cost=0.00..6351.15 rows=1 width=21) (actual time=9.839..24.842 rows=2 loops=1)
Nested Loop  (cost=0.00..6351.15 rows=1 width=21) (actual time=4.712..24.689 rows=2 loops=1)
Nested Loop  (cost=0.00..6351.69 rows=1 width=21) (actual time=7.723..25.417 rows=10 loops=1)
Sort  (cost=6351.45..6351.46 rows=1 width=149) (actual time=29.009..29.011 rows=2 loops=1)
Sort  (cost=6351.45..6351.46 rows=1 width=149) (actual time=29.605..29.607 rows=2 loops=1)
Nested Loop  (cost=0.00..6351.15 rows=1 width=158) (actual time=1.858..25.017 rows=4 loops=1)
Nested Loop  (cost=0.00..6351.78 rows=1 width=158) (actual time=12.811..25.619 rows=2 loops=1)
Nested Loop  (cost=0.00..6351.67 rows=1 width=158) (actual time=4.459..24.569 rows=3 loops=1)
Sort  (cost=6351.45..6351.46 rows=1 width=149) (actual time=31.042..31.044 rows=10 loops=1)
Nested Loop  (cost=0.00..6351.82 rows=1 width=158) (actual time=13.146..24.875 rows=2 loops=1)
Nested Loop  (cost=0.00..6351.15 rows=1 width=158) (actual time=13.927..27.662 rows=2 loops=1)
Sort  (cost=6351.45..6351.46 rows=1 width=149) (actual time=29.276..29.278 rows=1 loops=1)
Nested Loop  (cost=0.00..6351.15 rows=1 width=21) (actual time=3.969..24.769 rows=2 loops=1)
Sort  (cost=6351.45..6351.46 rows=1 width=149) (actual time=29.249..29.250 rows=1 loops=1)
Nested Loop  (cost=0.00..6352.84 rows=1 width=21) (actual time=4.661..26.085 rows=6 loops=1)
Sort  (cost=6351.45..6351.46 rows=1 width=149) (actual time=28.990..28.991 rows=2 loops=1)
Sort  (cost=6351.45..6351.46 rows=1 width=149) (actual time=28.974..28.975 rows=1 loops=1)
Nested Loop  (cost=0.00..6351.15 rows=1 width=21) (actual time=11.049..25.035 rows=2 loops=1)
Sort  (cost=6351.45..6351.46 rows=1 width=149) (actual time=29.214..29.215 rows=1 loops=1)
Nested Loop  (cost=0.00..6351.15 rows=1 width=158) (actual time=6.696..25.000 rows=1 loops=1)
Nested Loop  (cost=0.00..6351.15 rows=1 width=21) (actual time=2.281..24.812 rows=2 loops=1)
Sort  (cost=6351.45..6351.46 rows=1 width=149) (actual time=29.279..29.281 rows=1 loops=1)
Nested Loop  (cost=0.00..6351.15 rows=1 width=21) (actual time=11.138..25.158 rows=2 loops=1)
Nested Loop  (cost=0.00..6351.15 rows=1 width=21) (actual time=1.381..25.370 rows=3 loops=1)
Sort  (cost=6351.45..6351.46 rows=1 width=149) (actual time=28.901..28.903 rows=1 loops=1)
Sort  (cost=6351.45..6351.46 rows=1 width=149) (actual time=28.541..28.543 rows=2 loops=1)
Nested Loop  (cost=0.00..6351.69 rows=1 width=21) (actual time=4.542..26.579 rows=4 loops=1)
Nested Loop  (cost=0.00..6351.15 rows=1 width=21) (actual time=9.628..24.696 rows=2 loops=1)
Nested Loop  (cost=0.00..6351.15 rows=1 width=21) (actual time=2.356..24.432 rows=2 loops=1)
Nested Loop  (cost=0.00..6351.15 rows=1 width=158) (actual time=2.206..24.575 rows=1 loops=1)
Sort  (cost=6351.45..6351.46 rows=1 width=149) (actual time=28.500..28.502 rows=1 loops=1)
Nested Loop  (cost=0.00..6351.15 rows=1 width=403) (actual time=10.522..25.266 rows=1 loops=1)
Nested Loop  (cost=0.00..6351.15 rows=1 width=21) (actual time=6.413..24.729 rows=2 loops=1)
Nested Loop  (cost=0.00..6351.38 rows=1 width=158) (actual time=9.450..24.907 rows=1 loops=1)
Nested Loop  (cost=0.00..6351.15 rows=1 width=21) (actual time=3.689..24.931 rows=2 loops=1)
Nested Loop  (cost=0.00..6351.76 rows=1 width=21) (actual time=2.045..26.108 rows=8 loops=1)
Sort  (cost=6351.45..6351.46 rows=1 width=149) (actual time=29.006..29.008 rows=1 loops=1)
Nested Loop  (cost=0.00..6351.47 rows=1 width=21) (actual time=18.040..25.165 rows=2 loops=1)
Nested Loop  (cost=0.00..6351.15 rows=1 width=158) (actual time=10.566..25.014 rows=1 loops=1)
Nested Loop  (cost=0.00..6351.15 rows=1 width=21) (actual time=17.502..24.799 rows=1 loops=1)
Nested Loop  (cost=0.00..6352.84 rows=1 width=158) (actual time=7.874..26.508 rows=12 loops=1)
Nested Loop  (cost=0.00..6351.53 rows=1 width=21) (actual time=20.387..25.344 rows=2 loops=1)
Sort  (cost=6351.45..6351.46 rows=1 width=149) (actual time=29.676..29.678 rows=1 loops=1)
Nested Loop  (cost=0.00..6351.15 rows=1 width=403) (actual time=5.720..26.609 rows=1 loops=1)
Nested Loop  (cost=0.00..6351.76 rows=1 width=158) (actual time=4.891..25.448 rows=4 loops=1)
Nested Loop  (cost=0.00..6351.15 rows=1 width=21) (actual time=1.616..24.998 rows=3 loops=1)
Nested Loop  (cost=0.00..6351.15 rows=1 width=21) (actual time=14.729..25.052 rows=2 loops=1)
Sort  (cost=6351.45..6351.46 rows=1 width=149) (actual time=34.459..34.462 rows=2 loops=1)
Nested Loop  (cost=0.00..6351.15 rows=1 width=21) (actual time=1.842..24.443 rows=3 loops=1)
Nested Loop  (cost=0.00..6351.67 rows=1 width=21) (actual time=6.492..24.768 rows=4 loops=1)
Nested Loop  (cost=0.00..6351.82 rows=1 width=21) (actual time=19.849..27.851 rows=2 loops=1)
Nested Loop  (cost=0.00..6351.15 rows=1 width=21) (actual time=4.305..30.436 rows=2 loops=1)
Sort  (cost=6351.45..6351.46 rows=1 width=149) (actual time=33.004..33.007 rows=4 loops=1)
Nested Loop  (cost=0.00..6351.15 rows=1 width=158) (actual time=1.468..25.755 rows=3 loops=1)
Nested Loop  (cost=0.00..6351.15 rows=1 width=21) (actual time=5.572..25.086 rows=3 loops=1)
Sort  (cost=6351.45..6351.46 rows=1 width=149) (actual time=29.087..29.089 rows=1 loops=1)
Sort  (cost=6351.45..6351.46 rows=1 width=149) (actual time=28.507..28.509 rows=1 loops=1)
Nested Loop  (cost=0.00..6351.15 rows=1 width=21) (actual time=0.097..24.502 rows=2 loops=1)
Nested Loop  (cost=0.00..6351.67 rows=1 width=158) (actual time=3.590..24.702 rows=6 loops=1)
Nested Loop  (cost=0.00..6351.15 rows=1 width=21) (actual time=5.797..24.623 rows=2 loops=1)
Nested Loop  (cost=0.00..6351.15 rows=1 width=158) (actual time=1.219..24.768 rows=1 loops=1)
Sort  (cost=6351.45..6351.46 rows=1 width=149) (actual time=31.507..31.509 rows=1 loops=1)
Sort  (cost=6351.45..6351.46 rows=1 width=149) (actual time=28.526..28.528 rows=1 loops=1)
Sort  (cost=6351.45..6351.46 rows=1 width=149) (actual time=29.330..29.332 rows=1 loops=1)
Nested Loop  (cost=0.00..6351.15 rows=1 width=21) (actual time=15.140..25.129 rows=2 loops=1)
Nested Loop  (cost=0.00..6351.15 rows=1 width=403) (actual time=8.273..24.914 rows=1 loops=1)
Nested Loop  (cost=0.00..6351.15 rows=1 width=21) (actual time=10.262..26.044 rows=2 loops=1)
Nested Loop  (cost=0.00..6351.15 rows=1 width=21) (actual time=4.273..25.048 rows=2 loops=1)
Nested Loop  (cost=0.00..6351.15 rows=1 width=21) (actual time=8.904..25.316 rows=3 loops=1)
Nested Loop  (cost=0.00..6351.35 rows=1 width=21) (actual time=1.958..24.918 rows=2 loops=1)
Nested Loop  (cost=0.00..6351.69 rows=1 width=21) (actual time=6.172..24.660 rows=3 loops=1)
Sort  (cost=6351.45..6351.46 rows=1 width=149) (actual time=28.132..28.133 rows=1 loops=1)
Nested Loop  (cost=0.00..6351.47 rows=1 width=21) (actual time=0.225..24.655 rows=4 loops=1)
Nested Loop  (cost=0.00..6351.69 rows=1 width=21) (actual time=8.469..40.387 rows=6 loops=1)
Sort  (cost=6351.45..6351.46 rows=1 width=149) (actual time=29.128..29.130 rows=1 loops=1)
Nested Loop  (cost=0.00..6351.15 rows=1 width=21) (actual time=10.526..24.863 rows=2 loops=1)
Nested Loop  (cost=0.00..6351.82 rows=1 width=158) (actual time=9.421..25.368 rows=3 loops=1)
Nested Loop  (cost=0.00..6351.82 rows=1 width=21) (actual time=5.718..25.850 rows=8 loops=1)
Nested Loop  (cost=0.00..6351.47 rows=1 width=21) (actual time=3.730..25.394 rows=2 loops=1)
Sort  (cost=6351.45..6351.46 rows=1 width=149) (actual time=29.243..29.244 rows=1 loops=1)
Nested Loop  (cost=0.00..6351.73 rows=1 width=158) (actual time=9.037..25.697 rows=3 loops=1)
Sort  (cost=6351.45..6351.46 rows=1 width=149) (actual time=29.040..29.041 rows=2 loops=1)
Nested Loop  (cost=0.00..6351.15 rows=1 width=21) (actual time=16.932..24.961 rows=2 loops=1)
Nested Loop  (cost=0.00..6351.15 rows=1 width=21) (actual time=6.403..24.825 rows=2 loops=1)
Nested Loop  (cost=0.00..6351.15 rows=1 width=21) (actual time=12.688..25.357 rows=2 loops=1)
Nested Loop  (cost=0.00..6351.15 rows=1 width=21) (actual time=22.248..25.925 rows=2 loops=1)
Nested Loop  (cost=0.00..6351.15 rows=1 width=21) (actual time=7.516..25.007 rows=2 loops=1)
Nested Loop  (cost=0.00..6351.35 rows=1 width=21) (actual time=23.091..24.833 rows=2 loops=1)
Sort  (cost=6351.45..6351.46 rows=1 width=149) (actual time=28.543..28.545 rows=1 loops=1)
Nested Loop  (cost=0.00..6351.49 rows=1 width=21) (actual time=12.249..24.990 rows=3 loops=1)
Nested Loop  (cost=0.00..6352.07 rows=1 width=21) (actual time=5.792..25.641 rows=5 loops=1)
Nested Loop  (cost=0.00..6351.15 rows=1 width=21) (actual time=6.697..24.279 rows=2 loops=1)
Nested Loop  (cost=0.00..6351.15 rows=1 width=21) (actual time=3.800..24.229 rows=2 loops=1)
Sort  (cost=6351.45..6351.46 rows=1 width=149) (actual time=29.177..29.179 rows=3 loops=1)
Nested Loop  (cost=0.00..6351.15 rows=1 width=21) (actual time=10.763..24.700 rows=2 loops=1)
Nested Loop  (cost=0.00..6351.15 rows=1 width=21) (actual time=0.474..24.669 rows=2 loops=1)
Nested Loop  (cost=0.00..6351.15 rows=1 width=158) (actual time=25.242..28.966 rows=1 loops=1)
Nested Loop  (cost=0.00..6351.15 rows=1 width=21) (actual time=0.877..24.920 rows=2 loops=1)
Nested Loop  (cost=0.00..6351.15 rows=1 width=21) (actual time=18.698..25.007 rows=1 loops=1)
Nested Loop  (cost=0.00..6351.40 rows=1 width=158) (actual time=19.762..25.688 rows=1 loops=1)
Nested Loop  (cost=0.00..6351.47 rows=1 width=21) (actual time=5.908..25.104 rows=2 loops=1)
Nested Loop  (cost=0.00..6351.15 rows=1 width=21) (actual time=6.249..24.894 rows=3 loops=1)
Nested Loop  (cost=0.00..6351.15 rows=1 width=21) (actual time=3.439..24.942 rows=2 loops=1)
Nested Loop  (cost=0.00..6351.56 rows=1 width=158) (actual time=0.363..25.762 rows=4 loops=1)
Nested Loop  (cost=0.00..6351.56 rows=1 width=403) (actual time=0.352..25.257 rows=4 loops=1)
Sort  (cost=6351.45..6351.46 rows=1 width=149) (actual time=30.497..30.499 rows=2 loops=1)
Nested Loop  (cost=0.00..6351.15 rows=1 width=158) (actual time=11.179..24.889 rows=1 loops=1)
Nested Loop  (cost=0.00..6351.15 rows=1 width=158) (actual time=14.387..24.890 rows=1 loops=1)
Nested Loop  (cost=0.00..6351.15 rows=1 width=21) (actual time=12.106..25.045 rows=2 loops=1)
Sort  (cost=6351.45..6351.46 rows=1 width=149) (actual time=29.418..29.420 rows=2 loops=1)
Sort  (cost=6351.45..6351.46 rows=1 width=149) (actual time=29.325..29.327 rows=1 loops=1)
Nested Loop  (cost=0.00..6351.15 rows=1 width=21) (actual time=9.740..24.895 rows=3 loops=1)
Nested Loop  (cost=0.00..6351.15 rows=1 width=158) (actual time=3.750..24.655 rows=1 loops=1)
Nested Loop  (cost=0.00..6351.15 rows=1 width=158) (actual time=8.300..26.512 rows=1 loops=1)
Nested Loop  (cost=0.00..6351.47 rows=1 width=158) (actual time=17.515..24.678 rows=1 loops=1)
Nested Loop  (cost=0.00..6351.15 rows=1 width=21) (actual time=3.611..25.036 rows=2 loops=1)
Sort  (cost=6351.45..6351.46 rows=1 width=149) (actual time=29.111..29.113 rows=1 loops=1)
Sort  (cost=6351.45..6351.46 rows=1 width=149) (actual time=29.413..29.416 rows=1 loops=1)
Nested Loop  (cost=0.00..6351.38 rows=1 width=21) (actual time=1.953..27.055 rows=2 loops=1)
Nested Loop  (cost=0.00..6351.15 rows=1 width=158) (actual time=16.484..27.166 rows=3 loops=1)
Sort  (cost=6351.45..6351.46 rows=1 width=149) (actual time=30.505..30.507 rows=1 loops=1)
Nested Loop  (cost=0.00..6351.15 rows=1 width=21) (actual time=8.751..24.928 rows=3 loops=1)
Sort  (cost=6351.45..6351.46 rows=1 width=149) (actual time=29.419..29.420 rows=2 loops=1)
Sort  (cost=6351.45..6351.46 rows=1 width=149) (actual time=29.951..29.953 rows=5 loops=1)
Nested Loop  (cost=0.00..6352.84 rows=1 width=21) (actual time=3.231..26.278 rows=8 loops=1)
Sort  (cost=6351.45..6351.46 rows=1 width=149) (actual time=29.059..29.061 rows=1 loops=1)
Nested Loop  (cost=0.00..6351.15 rows=1 width=158) (actual time=10.275..25.016 rows=2 loops=1)
Nested Loop  (cost=0.00..6351.69 rows=1 width=21) (actual time=7.716..25.326 rows=10 loops=1)
Nested Loop  (cost=0.00..6351.15 rows=1 width=21) (actual time=6.384..24.691 rows=2 loops=1)
Nested Loop  (cost=0.00..6351.15 rows=1 width=21) (actual time=19.693..24.875 rows=2 loops=1)
Nested Loop  (cost=0.00..6351.15 rows=1 width=21) (actual time=9.149..25.062 rows=2 loops=1)
Nested Loop  (cost=0.00..6351.15 rows=1 width=21) (actual time=17.811..25.126 rows=2 loops=1)
Nested Loop  (cost=0.00..6351.76 rows=1 width=21) (actual time=2.752..25.401 rows=3 loops=1)
Sort  (cost=6352.94..6352.95 rows=1 width=149) (actual time=31.870..31.873 rows=9 loops=1)
Nested Loop  (cost=0.00..6351.15 rows=1 width=21) (actual time=0.882..25.091 rows=2 loops=1)
Nested Loop  (cost=0.00..6351.38 rows=1 width=21) (actual time=12.550..25.044 rows=2 loops=1)
Nested Loop  (cost=0.00..6351.15 rows=1 width=21) (actual time=22.321..25.792 rows=2 loops=1)
Sort  (cost=6351.45..6351.46 rows=1 width=149) (actual time=31.464..31.466 rows=4 loops=1)
Nested Loop  (cost=0.00..6351.15 rows=1 width=21) (actual time=6.446..24.488 rows=2 loops=1)
Nested Loop  (cost=0.00..6351.76 rows=1 width=21) (actual time=1.578..24.794 rows=5 loops=1)
Nested Loop  (cost=0.00..6351.15 rows=1 width=21) (actual time=0.274..25.078 rows=2 loops=1)
Nested Loop  (cost=0.00..6351.73 rows=1 width=21) (actual time=10.021..26.884 rows=3 loops=1)
Sort  (cost=6351.45..6351.46 rows=1 width=149) (actual time=28.412..28.413 rows=1 loops=1)
Sort  (cost=6351.45..6351.46 rows=1 width=149) (actual time=29.999..30.000 rows=3 loops=1)
Nested Loop  (cost=0.00..6351.15 rows=1 width=403) (actual time=7.916..24.839 rows=1 loops=1)
Sort  (cost=6351.45..6351.46 rows=1 width=149) (actual time=29.297..29.299 rows=1 loops=1)
Sort  (cost=6352.91..6352.92 rows=1 width=149) (actual time=30.773..30.775 rows=7 loops=1)
Sort  (cost=6351.45..6351.46 rows=1 width=149) (actual time=29.644..29.646 rows=2 loops=1)
Sort  (cost=6351.45..6351.46 rows=1 width=149) (actual time=29.409..29.411 rows=2 loops=1)
Sort  (cost=6351.45..6351.46 rows=1 width=149) (actual time=29.020..29.021 rows=1 loops=1)
Nested Loop  (cost=0.00..6351.40 rows=1 width=21) (actual time=4.012..25.560 rows=3 loops=1)
Nested Loop  (cost=0.00..6351.15 rows=1 width=158) (actual time=18.083..24.868 rows=1 loops=1)
Nested Loop  (cost=0.00..6351.15 rows=1 width=158) (actual time=10.594..25.344 rows=1 loops=1)
Sort  (cost=6351.45..6351.46 rows=1 width=149) (actual time=29.616..29.618 rows=5 loops=1)
Sort  (cost=6351.45..6351.46 rows=1 width=149) (actual time=30.047..30.049 rows=2 loops=1)
Nested Loop  (cost=0.00..6351.15 rows=1 width=403) (actual time=10.912..24.842 rows=1 loops=1)
Sort  (cost=6351.45..6351.46 rows=1 width=149) (actual time=29.119..29.120 rows=1 loops=1)
Nested Loop  (cost=0.00..6351.15 rows=1 width=21) (actual time=15.577..24.749 rows=2 loops=1)
Nested Loop  (cost=0.00..6351.35 rows=1 width=158) (actual time=1.395..24.348 rows=1 loops=1)
Nested Loop  (cost=0.00..6351.58 rows=1 width=158) (actual time=10.287..24.691 rows=2 loops=1)
Nested Loop  (cost=0.00..6351.15 rows=1 width=21) (actual time=2.071..24.925 rows=2 loops=1)
Nested Loop  (cost=0.00..6351.15 rows=1 width=21) (actual time=8.453..29.979 rows=2 loops=1)
Nested Loop  (cost=0.00..6351.15 rows=1 width=21) (actual time=4.355..25.445 rows=2 loops=1)
Nested Loop  (cost=0.00..6351.15 rows=1 width=21) (actual time=9.620..25.635 rows=2 loops=1)
Nested Loop  (cost=0.00..6351.53 rows=1 width=158) (actual time=1.066..24.872 rows=1 loops=1)
Nested Loop  (cost=0.00..6351.56 rows=1 width=21) (actual time=2.775..25.311 rows=3 loops=1)
Nested Loop  (cost=0.00..6351.15 rows=1 width=21) (actual time=4.402..24.990 rows=2 loops=1)
Sort  (cost=6351.45..6351.46 rows=1 width=149) (actual time=28.965..28.966 rows=3 loops=1)
Nested Loop  (cost=0.00..6351.69 rows=1 width=21) (actual time=2.607..25.424 rows=6 loops=1)
Nested Loop  (cost=0.00..6351.76 rows=1 width=21) (actual time=7.089..26.523 rows=6 loops=1)
Sort  (cost=6353.09..6353.10 rows=1 width=149) (actual time=30.188..30.190 rows=14 loops=1)
Nested Loop  (cost=0.00..6351.15 rows=1 width=21) (actual time=2.433..25.052 rows=2 loops=1)
Nested Loop  (cost=0.00..6351.15 rows=1 width=21) (actual time=4.415..25.154 rows=4 loops=1)
Sort  (cost=6351.45..6351.46 rows=1 width=149) (actual time=30.138..30.140 rows=2 loops=1)
Nested Loop  (cost=0.00..6351.38 rows=1 width=21) (actual time=5.233..25.224 rows=2 loops=1)
Nested Loop  (cost=0.00..6351.15 rows=1 width=21) (actual time=7.931..25.258 rows=2 loops=1)
Nested Loop  (cost=0.00..6351.38 rows=1 width=21) (actual time=3.133..25.017 rows=4 loops=1)
Sort  (cost=6351.45..6351.46 rows=1 width=149) (actual time=28.613..28.615 rows=1 loops=1)
Nested Loop  (cost=0.00..6351.15 rows=1 width=21) (actual time=1.542..25.221 rows=2 loops=1)
Sort  (cost=6351.45..6351.46 rows=1 width=149) (actual time=29.366..29.368 rows=1 loops=1)
Nested Loop  (cost=0.00..6351.69 rows=1 width=21) (actual time=3.847..28.601 rows=4 loops=1)
Nested Loop  (cost=0.00..6351.40 rows=1 width=158) (actual time=19.718..24.618 rows=2 loops=1)
Nested Loop  (cost=0.00..6351.40 rows=1 width=403) (actual time=20.091..25.052 rows=2 loops=1)
Nested Loop  (cost=0.00..6351.15 rows=1 width=21) (actual time=3.367..25.254 rows=2 loops=1)
Nested Loop  (cost=0.00..6351.15 rows=1 width=158) (actual time=15.014..25.891 rows=1 loops=1)
Nested Loop  (cost=0.00..6351.15 rows=1 width=403) (actual time=15.049..25.951 rows=1 loops=1)
Nested Loop  (cost=0.00..6351.76 rows=1 width=21) (actual time=2.641..26.712 rows=4 loops=1)
Nested Loop  (cost=0.00..6351.53 rows=1 width=21) (actual time=4.479..25.084 rows=3 loops=1)
Nested Loop  (cost=0.00..6351.15 rows=1 width=21) (actual time=14.476..24.697 rows=2 loops=1)
Nested Loop  (cost=0.00..6351.40 rows=1 width=21) (actual time=5.400..24.851 rows=2 loops=1)
Nested Loop  (cost=0.00..6351.15 rows=1 width=21) (actual time=1.363..25.732 rows=2 loops=1)
Nested Loop  (cost=0.00..6351.47 rows=1 width=158) (actual time=10.037..24.941 rows=2 loops=1)
Nested Loop  (cost=0.00..6353.26 rows=1 width=158) (actual time=2.378..29.165 rows=15 loops=1)
Nested Loop  (cost=0.00..6351.15 rows=1 width=158) (actual time=14.777..25.408 rows=1 loops=1)
Nested Loop  (cost=0.00..6351.15 rows=1 width=21) (actual time=0.698..25.131 rows=2 loops=1)
Nested Loop  (cost=0.00..6351.15 rows=1 width=21) (actual time=12.693..25.264 rows=2 loops=1)
Sort  (cost=6351.45..6351.46 rows=1 width=149) (actual time=35.933..35.935 rows=1 loops=1)
Sort  (cost=6351.45..6351.46 rows=1 width=149) (actual time=29.473..29.474 rows=2 loops=1)
Sort  (cost=6352.80..6352.81 rows=1 width=149) (actual time=30.425..30.427 rows=12 loops=1)
Nested Loop  (cost=0.00..6351.15 rows=1 width=21) (actual time=8.026..25.892 rows=2 loops=1)
Sort  (cost=6351.45..6351.46 rows=1 width=149) (actual time=28.352..28.353 rows=1 loops=1)
Nested Loop  (cost=0.00..6351.15 rows=1 width=21) (actual time=8.848..24.865 rows=2 loops=1)
Nested Loop  (cost=0.00..6351.38 rows=1 width=158) (actual time=19.567..25.009 rows=1 loops=1)
Nested Loop  (cost=0.00..6351.15 rows=1 width=21) (actual time=13.674..24.254 rows=2 loops=1)
Nested Loop  (cost=0.00..6351.64 rows=1 width=21) (actual time=2.759..24.820 rows=4 loops=1)
Nested Loop  (cost=0.00..6351.15 rows=1 width=21) (actual time=13.649..29.369 rows=2 loops=1)
Nested Loop  (cost=0.00..6351.15 rows=1 width=21) (actual time=15.549..24.350 rows=2 loops=1)
Nested Loop  (cost=0.00..6351.15 rows=1 width=21) (actual time=0.271..25.314 rows=4 loops=1)
Nested Loop  (cost=0.00..6351.15 rows=1 width=21) (actual time=15.848..26.903 rows=2 loops=1)
Sort  (cost=6351.45..6351.46 rows=1 width=149) (actual time=28.762..28.764 rows=1 loops=1)
Nested Loop  (cost=0.00..6351.15 rows=1 width=21) (actual time=14.535..25.544 rows=2 loops=1)
Nested Loop  (cost=0.00..6351.15 rows=1 width=21) (actual time=18.980..25.170 rows=2 loops=1)
Nested Loop  (cost=0.00..6351.15 rows=1 width=21) (actual time=8.607..25.055 rows=2 loops=1)
Nested Loop  (cost=0.00..6351.69 rows=1 width=21) (actual time=0.475..25.497 rows=4 loops=1)
Sort  (cost=6351.45..6351.46 rows=1 width=149) (actual time=29.352..29.354 rows=1 loops=1)
Sort  (cost=6351.45..6351.46 rows=1 width=149) (actual time=28.736..28.737 rows=1 loops=1)
Nested Loop  (cost=0.00..6351.82 rows=1 width=158) (actual time=10.131..25.579 rows=4 loops=1)
Nested Loop  (cost=0.00..6351.82 rows=1 width=403) (actual time=10.229..25.581 rows=4 loops=1)
Nested Loop  (cost=0.00..6353.26 rows=1 width=21) (actual time=6.343..26.368 rows=8 loops=1)
Nested Loop  (cost=0.00..6351.56 rows=1 width=21) (actual time=8.274..25.208 rows=3 loops=1)
Nested Loop  (cost=0.00..6351.38 rows=1 width=21) (actual time=11.030..25.386 rows=2 loops=1)
Nested Loop  (cost=0.00..6351.15 rows=1 width=21) (actual time=6.958..25.141 rows=4 loops=1)
Sort  (cost=6351.45..6351.46 rows=1 width=149) (actual time=29.297..29.298 rows=1 loops=1)
Sort  (cost=6351.45..6351.46 rows=1 width=149) (actual time=29.253..29.255 rows=1 loops=1)
Sort  (cost=6351.45..6351.46 rows=1 width=149) (actual time=29.467..29.469 rows=3 loops=1)
Sort  (cost=6351.45..6351.46 rows=1 width=149) (actual time=29.318..29.320 rows=1 loops=1)
Nested Loop  (cost=0.00..6352.84 rows=1 width=21) (actual time=3.487..25.918 rows=10 loops=1)
Sort  (cost=6351.45..6351.46 rows=1 width=149) (actual time=29.434..29.436 rows=1 loops=1)
Nested Loop  (cost=0.00..6351.15 rows=1 width=21) (actual time=11.983..41.313 rows=3 loops=1)
Nested Loop  (cost=0.00..6351.15 rows=1 width=21) (actual time=10.133..27.962 rows=2 loops=1)
Nested Loop  (cost=0.00..6351.53 rows=1 width=21) (actual time=1.062..26.001 rows=6 loops=1)
Nested Loop  (cost=0.00..6351.40 rows=1 width=21) (actual time=8.607..30.013 rows=4 loops=1)
Sort  (cost=6351.45..6351.46 rows=1 width=149) (actual time=29.798..29.800 rows=4 loops=1)
Nested Loop  (cost=0.00..6351.15 rows=1 width=21) (actual time=17.604..24.939 rows=2 loops=1)
Nested Loop  (cost=0.00..6351.15 rows=1 width=21) (actual time=10.997..24.636 rows=3 loops=1)
Nested Loop  (cost=0.00..6351.15 rows=1 width=158) (actual time=2.500..25.066 rows=1 loops=1)
Nested Loop  (cost=0.00..6351.15 rows=1 width=21) (actual time=1.509..24.976 rows=3 loops=1)
Sort  (cost=6351.45..6351.46 rows=1 width=149) (actual time=29.118..29.120 rows=1 loops=1)
Nested Loop  (cost=0.00..6351.64 rows=1 width=21) (actual time=3.632..25.197 rows=5 loops=1)
Nested Loop  (cost=0.00..6351.15 rows=1 width=21) (actual time=3.440..25.104 rows=2 loops=1)
Nested Loop  (cost=0.00..6351.15 rows=1 width=21) (actual time=15.102..24.701 rows=2 loops=1)
Sort  (cost=6351.45..6351.46 rows=1 width=149) (actual time=29.591..29.593 rows=1 loops=1)
Nested Loop  (cost=0.00..6351.73 rows=1 width=21) (actual time=8.626..25.820 rows=3 loops=1)
Nested Loop  (cost=0.00..6352.84 rows=1 width=21) (actual time=4.589..26.440 rows=6 loops=1)
Nested Loop  (cost=0.00..6351.15 rows=1 width=21) (actual time=6.904..25.092 rows=2 loops=1)
Nested Loop  (cost=0.00..6351.15 rows=1 width=158) (actual time=17.222..33.675 rows=2 loops=1)
Sort  (cost=6351.45..6351.46 rows=1 width=149) (actual time=28.352..28.354 rows=1 loops=1)
Nested Loop  (cost=0.00..6351.15 rows=1 width=403) (actual time=10.447..24.419 rows=2 loops=1)
Nested Loop  (cost=0.00..6351.15 rows=1 width=403) (actual time=6.441..24.314 rows=1 loops=1)
Nested Loop  (cost=0.00..6351.15 rows=1 width=21) (actual time=1.591..25.015 rows=2 loops=1)
Sort  (cost=6351.45..6351.46 rows=1 width=149) (actual time=28.475..28.477 rows=1 loops=1)
Nested Loop  (cost=0.00..6351.15 rows=1 width=403) (actual time=24.637..24.951 rows=1 loops=1)
Nested Loop  (cost=0.00..6351.53 rows=1 width=21) (actual time=21.579..33.491 rows=3 loops=1)
Nested Loop  (cost=0.00..6352.84 rows=1 width=21) (actual time=1.381..26.644 rows=6 loops=1)
Nested Loop  (cost=0.00..6351.15 rows=1 width=21) (actual time=4.545..24.838 rows=2 loops=1)
Sort  (cost=6352.80..6352.81 rows=1 width=149) (actual time=30.167..30.170 rows=6 loops=1)
Nested Loop  (cost=0.00..6351.15 rows=1 width=158) (actual time=9.046..24.776 rows=1 loops=1)
Nested Loop  (cost=0.00..6351.15 rows=1 width=21) (actual time=9.898..25.247 rows=2 loops=1)
Nested Loop  (cost=0.00..6351.15 rows=1 width=158) (actual time=13.709..25.307 rows=2 loops=1)
Nested Loop  (cost=0.00..6353.26 rows=1 width=21) (actual time=0.099..26.191 rows=6 loops=1)
Sort  (cost=6351.45..6351.46 rows=1 width=149) (actual time=30.512..30.514 rows=9 loops=1)
Nested Loop  (cost=0.00..6351.15 rows=1 width=21) (actual time=7.845..25.243 rows=3 loops=1)
Sort  (cost=6351.45..6351.46 rows=1 width=149) (actual time=29.443..29.445 rows=2 loops=1)
Sort  (cost=6351.45..6351.46 rows=1 width=149) (actual time=29.857..29.859 rows=2 loops=1)
Nested Loop  (cost=0.00..6351.15 rows=1 width=158) (actual time=10.141..24.990 rows=1 loops=1)
Sort  (cost=6351.45..6351.46 rows=1 width=149) (actual time=30.437..30.439 rows=3 loops=1)
Nested Loop  (cost=0.00..6351.58 rows=1 width=21) (actual time=7.667..25.023 rows=3 loops=1)
Nested Loop  (cost=0.00..6351.53 rows=1 width=21) (actual time=3.815..25.595 rows=3 loops=1)
Nested Loop  (cost=0.00..6351.15 rows=1 width=21) (actual time=3.852..24.445 rows=2 loops=1)
Nested Loop  (cost=0.00..6351.15 rows=1 width=21) (actual time=11.065..24.478 rows=2 loops=1)
Nested Loop  (cost=0.00..6351.40 rows=1 width=158) (actual time=8.619..24.652 rows=2 loops=1)
Nested Loop  (cost=0.00..6351.15 rows=1 width=21) (actual time=1.545..24.196 rows=3 loops=1)
Nested Loop  (cost=0.00..6351.15 rows=1 width=21) (actual time=19.034..24.885 rows=2 loops=1)
Nested Loop  (cost=0.00..6351.15 rows=1 width=158) (actual time=6.082..24.587 rows=1 loops=1)
Nested Loop  (cost=0.00..6351.15 rows=1 width=403) (actual time=5.916..24.464 rows=1 loops=1)
Nested Loop  (cost=0.00..6351.67 rows=1 width=158) (actual time=3.398..24.583 rows=2 loops=1)
Nested Loop  (cost=0.00..6351.38 rows=1 width=21) (actual time=13.232..40.059 rows=3 loops=1)
Sort  (cost=6351.45..6351.46 rows=1 width=149) (actual time=29.271..29.273 rows=1 loops=1)
Nested Loop  (cost=0.00..6351.15 rows=1 width=21) (actual time=11.937..25.093 rows=2 loops=1)
Nested Loop  (cost=0.00..6351.40 rows=1 width=21) (actual time=1.649..24.826 rows=3 loops=1)
Nested Loop  (cost=0.00..6351.15 rows=1 width=21) (actual time=7.747..24.793 rows=2 loops=1)
Nested Loop  (cost=0.00..6352.64 rows=1 width=21) (actual time=1.869..26.043 rows=8 loops=1)
Sort  (cost=6353.03..6353.03 rows=1 width=149) (actual time=30.593..30.595 rows=6 loops=1)
Sort  (cost=6351.45..6351.46 rows=1 width=149) (actual time=30.139..30.141 rows=2 loops=1)
Nested Loop  (cost=0.00..6351.15 rows=1 width=158) (actual time=0.508..24.869 rows=2 loops=1)
Nested Loop  (cost=0.00..6351.15 rows=1 width=21) (actual time=6.086..24.946 rows=2 loops=1)
Nested Loop  (cost=0.00..6351.38 rows=1 width=158) (actual time=24.476..25.168 rows=1 loops=1)
Nested Loop  (cost=0.00..6351.15 rows=1 width=21) (actual time=13.918..24.844 rows=2 loops=1)
Sort  (cost=6365.09..6365.09 rows=1 width=149) (actual time=30.274..30.279 rows=61 loops=1)
Sort  (cost=6351.45..6351.46 rows=1 width=149) (actual time=32.308..32.310 rows=1 loops=1)
Sort  (cost=6351.45..6351.46 rows=1 width=149) (actual time=29.369..29.370 rows=1 loops=1)
Nested Loop  (cost=0.00..6351.38 rows=1 width=21) (actual time=15.984..25.226 rows=2 loops=1)
Nested Loop  (cost=0.00..6351.15 rows=1 width=21) (actual time=11.245..25.608 rows=2 loops=1)
Nested Loop  (cost=0.00..6351.69 rows=1 width=21) (actual time=7.663..25.507 rows=10 loops=1)
Nested Loop  (cost=0.00..6351.40 rows=1 width=21) (actual time=2.847..26.025 rows=3 loops=1)
Nested Loop  (cost=0.00..6351.15 rows=1 width=21) (actual time=6.293..31.536 rows=3 loops=1)
Nested Loop  (cost=0.00..6351.15 rows=1 width=21) (actual time=6.373..24.982 rows=2 loops=1)
Sort  (cost=6351.45..6351.46 rows=1 width=149) (actual time=29.621..29.624 rows=1 loops=1)
Sort  (cost=6351.45..6351.46 rows=1 width=149) (actual time=30.263..30.265 rows=1 loops=1)
Nested Loop  (cost=0.00..6351.15 rows=1 width=21) (actual time=7.566..26.662 rows=2 loops=1)
Sort  (cost=6351.45..6351.46 rows=1 width=149) (actual time=29.322..29.324 rows=2 loops=1)
Sort  (cost=6351.45..6351.46 rows=1 width=149) (actual time=29.331..29.333 rows=4 loops=1)
Nested Loop  (cost=0.00..6351.15 rows=1 width=21) (actual time=0.253..25.864 rows=2 loops=1)
Sort  (cost=6351.45..6351.46 rows=1 width=149) (actual time=29.103..29.105 rows=1 loops=1)
Nested Loop  (cost=0.00..6351.15 rows=1 width=403) (actual time=11.566..26.138 rows=1 loops=1)
Sort  (cost=6351.45..6351.46 rows=1 width=149) (actual time=37.279..37.282 rows=3 loops=1)
Sort  (cost=6351.45..6351.46 rows=1 width=149) (actual time=29.407..29.408 rows=4 loops=1)
Nested Loop  (cost=0.00..6352.64 rows=1 width=21) (actual time=4.308..25.903 rows=11 loops=1)
Sort  (cost=6351.45..6351.46 rows=1 width=149) (actual time=29.264..29.266 rows=1 loops=1)
Nested Loop  (cost=0.00..6351.15 rows=1 width=158) (actual time=21.937..24.792 rows=1 loops=1)
Nested Loop  (cost=0.00..6351.58 rows=1 width=21) (actual time=0.202..26.056 rows=4 loops=1)
Nested Loop  (cost=0.00..6351.38 rows=1 width=158) (actual time=10.776..25.139 rows=2 loops=1)
Nested Loop  (cost=0.00..6351.53 rows=1 width=21) (actual time=7.575..24.296 rows=3 loops=1)
Nested Loop  (cost=0.00..6351.84 rows=1 width=158) (actual time=22.260..24.547 rows=1 loops=1)
Nested Loop  (cost=0.00..6351.15 rows=1 width=21) (actual time=2.385..36.378 rows=3 loops=1)
Nested Loop  (cost=0.00..6351.47 rows=1 width=21) (actual time=11.337..24.648 rows=3 loops=1)
Sort  (cost=6351.45..6351.46 rows=1 width=149) (actual time=29.349..29.351 rows=1 loops=1)
Nested Loop  (cost=0.00..6353.26 rows=1 width=158) (actual time=2.295..26.995 rows=15 loops=1)
Sort  (cost=6351.45..6351.46 rows=1 width=149) (actual time=28.915..28.917 rows=2 loops=1)
Nested Loop  (cost=0.00..6351.15 rows=1 width=158) (actual time=19.550..24.870 rows=1 loops=1)
Nested Loop  (cost=0.00..6351.15 rows=1 width=21) (actual time=1.559..24.752 rows=2 loops=1)
Nested Loop  (cost=0.00..6351.15 rows=1 width=158) (actual time=8.618..25.210 rows=2 loops=1)
Nested Loop  (cost=0.00..6351.15 rows=1 width=21) (actual time=2.027..27.180 rows=2 loops=1)
Nested Loop  (cost=0.00..6351.15 rows=1 width=21) (actual time=2.574..25.106 rows=2 loops=1)
Nested Loop  (cost=0.00..6351.84 rows=1 width=158) (actual time=6.884..25.403 rows=4 loops=1)
Nested Loop  (cost=0.00..6351.73 rows=1 width=21) (actual time=2.514..25.508 rows=4 loops=1)
Sort  (cost=6351.45..6351.46 rows=1 width=149) (actual time=29.474..29.476 rows=3 loops=1)
Nested Loop  (cost=0.00..6351.15 rows=1 width=21) (actual time=17.946..25.049 rows=2 loops=1)
Sort  (cost=6351.45..6351.46 rows=1 width=149) (actual time=29.638..29.639 rows=1 loops=1)
Sort  (cost=6351.45..6351.46 rows=1 width=149) (actual time=29.434..29.436 rows=1 loops=1)
Nested Loop  (cost=0.00..6351.38 rows=1 width=21) (actual time=19.749..25.246 rows=2 loops=1)
Nested Loop  (cost=0.00..6351.15 rows=1 width=158) (actual time=6.023..25.031 rows=2 loops=1)
Nested Loop  (cost=0.00..6351.15 rows=1 width=158) (actual time=19.617..24.965 rows=1 loops=1)
Nested Loop  (cost=0.00..6351.15 rows=1 width=158) (actual time=20.158..25.326 rows=1 loops=1)
Nested Loop  (cost=0.00..6351.15 rows=1 width=21) (actual time=9.516..25.130 rows=2 loops=1)
Nested Loop  (cost=0.00..6351.15 rows=1 width=21) (actual time=4.492..24.657 rows=3 loops=1)
Nested Loop  (cost=0.00..6351.47 rows=1 width=21) (actual time=8.686..24.854 rows=3 loops=1)
Nested Loop  (cost=0.00..6351.15 rows=1 width=158) (actual time=12.073..40.197 rows=1 loops=1)
Nested Loop  (cost=0.00..6351.15 rows=1 width=158) (actual time=15.927..25.120 rows=1 loops=1)
Nested Loop  (cost=0.00..6351.15 rows=1 width=21) (actual time=4.769..26.344 rows=2 loops=1)
Nested Loop  (cost=0.00..6351.15 rows=1 width=158) (actual time=3.628..24.646 rows=3 loops=1)
Nested Loop  (cost=0.00..6353.26 rows=1 width=21) (actual time=2.824..31.426 rows=6 loops=1)
Nested Loop  (cost=0.00..6351.82 rows=1 width=158) (actual time=9.474..27.284 rows=2 loops=1)
Nested Loop  (cost=0.00..6351.82 rows=1 width=403) (actual time=9.266..25.078 rows=2 loops=1)
Nested Loop  (cost=0.00..6351.15 rows=1 width=158) (actual time=19.047..25.102 rows=2 loops=1)
Nested Loop  (cost=0.00..6351.15 rows=1 width=21) (actual time=8.121..32.308 rows=4 loops=1)
Nested Loop  (cost=0.00..6351.15 rows=1 width=21) (actual time=17.899..24.416 rows=2 loops=1)
Nested Loop  (cost=0.00..6351.15 rows=1 width=21) (actual time=1.432..24.966 rows=3 loops=1)
Nested Loop  (cost=0.00..6351.15 rows=1 width=158) (actual time=18.508..24.773 rows=1 loops=1)
Nested Loop  (cost=0.00..6351.15 rows=1 width=21) (actual time=1.446..24.779 rows=2 loops=1)
Sort  (cost=6351.45..6351.46 rows=1 width=149) (actual time=29.527..29.529 rows=3 loops=1)
Sort  (cost=6351.45..6351.46 rows=1 width=149) (actual time=28.560..28.562 rows=1 loops=1)
Nested Loop  (cost=0.00..6351.49 rows=1 width=158) (actual time=9.064..24.803 rows=1 loops=1)
Nested Loop  (cost=0.00..6351.15 rows=1 width=158) (actual time=15.168..24.720 rows=1 loops=1)
Nested Loop  (cost=0.00..6351.69 rows=1 width=158) (actual time=2.865..25.237 rows=1 loops=1)
Nested Loop  (cost=0.00..6351.15 rows=1 width=21) (actual time=2.873..25.595 rows=3 loops=1)
Nested Loop  (cost=0.00..6351.78 rows=1 width=21) (actual time=4.736..27.828 rows=3 loops=1)
Sort  (cost=6351.45..6351.46 rows=1 width=149) (actual time=29.439..29.441 rows=1 loops=1)
Nested Loop  (cost=0.00..6351.15 rows=1 width=21) (actual time=12.025..25.152 rows=2 loops=1)
Nested Loop  (cost=0.00..6352.84 rows=1 width=21) (actual time=4.037..33.689 rows=8 loops=1)
Nested Loop  (cost=0.00..6351.69 rows=1 width=21) (actual time=3.046..25.177 rows=7 loops=1)
Nested Loop  (cost=0.00..6351.15 rows=1 width=158) (actual time=20.147..24.916 rows=1 loops=1)
Sort  (cost=6351.45..6351.46 rows=1 width=149) (actual time=28.961..28.963 rows=3 loops=1)
Nested Loop  (cost=0.00..6351.40 rows=1 width=21) (actual time=4.185..24.442 rows=2 loops=1)
Sort  (cost=6351.45..6351.46 rows=1 width=149) (actual time=38.916..38.918 rows=1 loops=1)
Sort  (cost=6351.45..6351.46 rows=1 width=149) (actual time=29.117..29.118 rows=1 loops=1)
Nested Loop  (cost=0.00..6351.15 rows=1 width=21) (actual time=10.965..25.002 rows=3 loops=1)
Nested Loop  (cost=0.00..6351.15 rows=1 width=21) (actual time=17.421..25.036 rows=2 loops=1)
Sort  (cost=6351.45..6351.46 rows=1 width=149) (actual time=29.266..29.268 rows=1 loops=1)
Nested Loop  (cost=0.00..6351.47 rows=1 width=21) (actual time=8.831..25.265 rows=3 loops=1)
Sort  (cost=6352.80..6352.81 rows=1 width=149) (actual time=30.493..30.495 rows=8 loops=1)
Sort  (cost=6351.45..6351.46 rows=1 width=149) (actual time=29.424..29.426 rows=2 loops=1)
Nested Loop  (cost=0.00..6351.15 rows=1 width=403) (actual time=20.796..24.738 rows=2 loops=1)
Nested Loop  (cost=0.00..6351.44 rows=1 width=158) (actual time=5.288..24.872 rows=3 loops=1)
Nested Loop  (cost=0.00..6351.35 rows=1 width=158) (actual time=8.468..25.090 rows=1 loops=1)
Sort  (cost=6351.45..6351.46 rows=1 width=149) (actual time=29.047..29.049 rows=2 loops=1)
Nested Loop  (cost=0.00..6351.15 rows=1 width=21) (actual time=0.753..24.781 rows=2 loops=1)
Nested Loop  (cost=0.00..6351.15 rows=1 width=21) (actual time=8.680..24.752 rows=2 loops=1)
Nested Loop  (cost=0.00..6351.15 rows=1 width=158) (actual time=24.809..25.367 rows=1 loops=1)
Nested Loop  (cost=0.00..6351.15 rows=1 width=158) (actual time=19.737..24.547 rows=1 loops=1)
Nested Loop  (cost=0.00..6351.44 rows=1 width=21) (actual time=0.390..25.561 rows=3 loops=1)
Sort  (cost=6351.45..6351.46 rows=1 width=149) (actual time=28.728..28.730 rows=1 loops=1)
Nested Loop  (cost=0.00..6352.64 rows=1 width=21) (actual time=4.224..25.704 rows=11 loops=1)
Nested Loop  (cost=0.00..6351.47 rows=1 width=158) (actual time=9.665..24.995 rows=2 loops=1)
Sort  (cost=6351.45..6351.46 rows=1 width=149) (actual time=28.924..28.927 rows=1 loops=1)
Nested Loop  (cost=0.00..6351.15 rows=1 width=403) (actual time=15.238..24.151 rows=1 loops=1)
Sort  (cost=6351.45..6351.46 rows=1 width=149) (actual time=28.753..28.754 rows=1 loops=1)
Nested Loop  (cost=0.00..6351.15 rows=1 width=21) (actual time=6.647..25.004 rows=2 loops=1)
Sort  (cost=6351.45..6351.46 rows=1 width=149) (actual time=29.466..29.468 rows=1 loops=1)
Nested Loop  (cost=0.00..6351.15 rows=1 width=21) (actual time=11.655..25.136 rows=3 loops=1)
Sort  (cost=6351.45..6351.46 rows=1 width=149) (actual time=29.910..29.912 rows=2 loops=1)
Nested Loop  (cost=0.00..6351.15 rows=1 width=158) (actual time=17.075..25.678 rows=1 loops=1)
Nested Loop  (cost=0.00..6351.15 rows=1 width=158) (actual time=1.414..25.294 rows=3 loops=1)
Nested Loop  (cost=0.00..6351.15 rows=1 width=403) (actual time=1.366..25.223 rows=3 loops=1)
Nested Loop  (cost=0.00..6351.15 rows=1 width=158) (actual time=15.900..24.928 rows=1 loops=1)
Sort  (cost=6351.45..6351.46 rows=1 width=149) (actual time=29.101..29.103 rows=1 loops=1)
Nested Loop  (cost=0.00..6351.15 rows=1 width=21) (actual time=0.349..24.578 rows=2 loops=1)
Nested Loop  (cost=0.00..6351.15 rows=1 width=158) (actual time=10.635..24.896 rows=1 loops=1)
Nested Loop  (cost=0.00..6351.69 rows=1 width=158) (actual time=8.342..25.601 rows=3 loops=1)
Nested Loop  (cost=0.00..6351.15 rows=1 width=21) (actual time=14.882..25.115 rows=3 loops=1)
Sort  (cost=6355.57..6355.58 rows=1 width=149) (actual time=29.176..29.179 rows=15 loops=1)
Nested Loop  (cost=0.00..6351.15 rows=1 width=21) (actual time=4.112..40.865 rows=3 loops=1)
Nested Loop  (cost=0.00..6351.15 rows=1 width=158) (actual time=4.413..27.676 rows=1 loops=1)
Sort  (cost=6351.45..6351.46 rows=1 width=149) (actual time=29.493..29.495 rows=1 loops=1)
Nested Loop  (cost=0.00..6351.15 rows=1 width=21) (actual time=9.114..24.141 rows=2 loops=1)
Nested Loop  (cost=0.00..6353.26 rows=1 width=21) (actual time=2.079..26.433 rows=10 loops=1)
Nested Loop  (cost=0.00..6351.15 rows=1 width=21) (actual time=4.653..24.844 rows=2 loops=1)
Nested Loop  (cost=0.00..6351.15 rows=1 width=21) (actual time=2.672..24.971 rows=2 loops=1)
Nested Loop  (cost=0.00..6351.15 rows=1 width=158) (actual time=8.907..24.606 rows=1 loops=1)
Sort  (cost=6366.89..6366.89 rows=1 width=149) (actual time=30.058..30.063 rows=47 loops=1)
Sort  (cost=6351.45..6351.46 rows=1 width=149) (actual time=28.617..28.618 rows=3 loops=1)
Nested Loop  (cost=0.00..6351.15 rows=1 width=403) (actual time=10.200..25.221 rows=2 loops=1)
Sort  (cost=6351.45..6351.46 rows=1 width=149) (actual time=29.417..29.419 rows=1 loops=1)
Nested Loop  (cost=0.00..6351.15 rows=1 width=403) (actual time=15.716..24.905 rows=1 loops=1)
Nested Loop  (cost=0.00..6351.76 rows=1 width=21) (actual time=7.078..25.622 rows=6 loops=1)
Sort  (cost=6351.45..6351.46 rows=1 width=149) (actual time=30.787..30.788 rows=2 loops=1)
Nested Loop  (cost=0.00..6351.15 rows=1 width=158) (actual time=15.202..24.896 rows=1 loops=1)
Nested Loop  (cost=0.00..6351.15 rows=1 width=403) (actual time=15.352..25.276 rows=1 loops=1)
Nested Loop  (cost=0.00..6351.15 rows=1 width=21) (actual time=20.055..26.570 rows=2 loops=1)
Nested Loop  (cost=0.00..6351.15 rows=1 width=21) (actual time=20.476..25.742 rows=2 loops=1)
Nested Loop  (cost=0.00..6351.15 rows=1 width=21) (actual time=7.768..25.012 rows=2 loops=1)
Nested Loop  (cost=0.00..6352.64 rows=1 width=21) (actual time=2.574..25.953 rows=3 loops=1)
Nested Loop  (cost=0.00..6351.76 rows=1 width=158) (actual time=7.721..25.467 rows=3 loops=1)
Nested Loop  (cost=0.00..6351.15 rows=1 width=21) (actual time=20.321..24.468 rows=2 loops=1)
Nested Loop  (cost=0.00..6351.15 rows=1 width=21) (actual time=6.824..25.532 rows=4 loops=1)
Nested Loop  (cost=0.00..6352.64 rows=1 width=158) (actual time=4.043..25.859 rows=9 loops=1)
Nested Loop  (cost=0.00..6351.53 rows=1 width=158) (actual time=5.330..25.093 rows=4 loops=1)
Nested Loop  (cost=0.00..6351.15 rows=1 width=21) (actual time=4.877..25.148 rows=2 loops=1)
Nested Loop  (cost=0.00..6351.15 rows=1 width=158) (actual time=16.502..24.716 rows=1 loops=1)
Sort  (cost=6351.45..6351.46 rows=1 width=149) (actual time=28.916..28.918 rows=5 loops=1)
Nested Loop  (cost=0.00..6351.64 rows=1 width=21) (actual time=2.724..25.057 rows=2 loops=1)
Nested Loop  (cost=0.00..6351.15 rows=1 width=21) (actual time=10.961..25.225 rows=2 loops=1)
Nested Loop  (cost=0.00..6351.15 rows=1 width=21) (actual time=6.475..24.824 rows=3 loops=1)
Nested Loop  (cost=0.00..6352.84 rows=1 width=21) (actual time=3.598..26.219 rows=10 loops=1)
Sort  (cost=6351.45..6351.46 rows=1 width=149) (actual time=30.851..30.853 rows=1 loops=1)
Sort  (cost=6352.89..6352.90 rows=1 width=149) (actual time=30.675..30.677 rows=8 loops=1)
Sort  (cost=6352.80..6352.81 rows=1 width=149) (actual time=30.037..30.039 rows=6 loops=1)
Nested Loop  (cost=0.00..6352.64 rows=1 width=21) (actual time=2.605..26.102 rows=3 loops=1)
Sort  (cost=6351.45..6351.46 rows=1 width=149) (actual time=28.640..28.642 rows=1 loops=1)
Sort  (cost=6351.45..6351.46 rows=1 width=149) (actual time=29.185..29.186 rows=1 loops=1)
Sort  (cost=6351.45..6351.46 rows=1 width=149) (actual time=28.961..28.963 rows=1 loops=1)
Nested Loop  (cost=0.00..6351.40 rows=1 width=21) (actual time=2.570..25.768 rows=2 loops=1)
Nested Loop  (cost=0.00..6353.26 rows=1 width=21) (actual time=2.603..26.327 rows=14 loops=1)
Nested Loop  (cost=0.00..6352.07 rows=1 width=21) (actual time=5.480..25.248 rows=5 loops=1)
Nested Loop  (cost=0.00..6352.64 rows=1 width=158) (actual time=14.002..25.435 rows=2 loops=1)
Nested Loop  (cost=0.00..6351.15 rows=1 width=158) (actual time=18.490..24.686 rows=1 loops=1)
Sort  (cost=6351.45..6351.46 rows=1 width=149) (actual time=29.604..29.606 rows=4 loops=1)
Nested Loop  (cost=0.00..6351.15 rows=1 width=158) (actual time=5.260..25.226 rows=1 loops=1)
Nested Loop  (cost=0.00..6351.15 rows=1 width=21) (actual time=19.362..25.947 rows=2 loops=1)
Nested Loop  (cost=0.00..6351.15 rows=1 width=158) (actual time=12.920..25.147 rows=2 loops=1)
Nested Loop  (cost=0.00..6351.47 rows=1 width=21) (actual time=11.521..24.678 rows=3 loops=1)
Nested Loop  (cost=0.00..6351.15 rows=1 width=21) (actual time=13.182..24.361 rows=2 loops=1)
Nested Loop  (cost=0.00..6351.15 rows=1 width=21) (actual time=9.906..24.364 rows=2 loops=1)
Sort  (cost=6351.45..6351.46 rows=1 width=149) (actual time=29.996..29.998 rows=1 loops=1)
Sort  (cost=6351.45..6351.46 rows=1 width=149) (actual time=30.194..30.196 rows=1 loops=1)
Nested Loop  (cost=0.00..6351.15 rows=1 width=158) (actual time=4.146..24.940 rows=2 loops=1)
Nested Loop  (cost=0.00..6351.90 rows=1 width=21) (actual time=8.831..25.439 rows=6 loops=1)
Nested Loop  (cost=0.00..6351.15 rows=1 width=21) (actual time=10.006..25.041 rows=4 loops=1)
Nested Loop  (cost=0.00..6351.15 rows=1 width=158) (actual time=1.730..26.275 rows=3 loops=1)
Nested Loop  (cost=0.00..6352.07 rows=1 width=21) (actual time=4.500..25.630 rows=4 loops=1)
Nested Loop  (cost=0.00..6351.58 rows=1 width=21) (actual time=2.703..25.159 rows=3 loops=1)
Nested Loop  (cost=0.00..6351.15 rows=1 width=21) (actual time=10.939..24.693 rows=2 loops=1)
Sort  (cost=6351.45..6351.46 rows=1 width=149) (actual time=29.020..29.022 rows=1 loops=1)
Nested Loop  (cost=0.00..6351.15 rows=1 width=21) (actual time=2.806..25.081 rows=2 loops=1)
Nested Loop  (cost=0.00..6351.15 rows=1 width=158) (actual time=17.720..27.669 rows=1 loops=1)
Nested Loop  (cost=0.00..6351.15 rows=1 width=158) (actual time=10.544..26.735 rows=1 loops=1)
Nested Loop  (cost=0.00..6351.53 rows=1 width=158) (actual time=2.632..25.380 rows=2 loops=1)
Nested Loop  (cost=0.00..6351.76 rows=1 width=21) (actual time=19.330..29.170 rows=4 loops=1)
Nested Loop  (cost=0.00..6352.84 rows=1 width=21) (actual time=3.699..30.616 rows=10 loops=1)
Sort  (cost=6351.45..6351.46 rows=1 width=149) (actual time=29.401..29.403 rows=1 loops=1)
Nested Loop  (cost=0.00..6351.15 rows=1 width=21) (actual time=1.569..24.671 rows=2 loops=1)
Nested Loop  (cost=0.00..6351.15 rows=1 width=21) (actual time=7.128..25.502 rows=5 loops=1)
Nested Loop  (cost=0.00..6351.15 rows=1 width=21) (actual time=4.632..27.091 rows=2 loops=1)
Sort  (cost=6351.45..6351.46 rows=1 width=149) (actual time=32.478..32.480 rows=4 loops=1)
Nested Loop  (cost=0.00..6351.15 rows=1 width=403) (actual time=20.839..24.678 rows=1 loops=1)
Nested Loop  (cost=0.00..6353.26 rows=1 width=21) (actual time=2.680..26.216 rows=14 loops=1)
Nested Loop  (cost=0.00..6352.84 rows=1 width=21) (actual time=2.524..25.700 rows=9 loops=1)
Nested Loop  (cost=0.00..6353.26 rows=1 width=158) (actual time=4.228..25.865 rows=8 loops=1)
Nested Loop  (cost=0.00..6353.26 rows=1 width=403) (actual time=4.252..25.882 rows=8 loops=1)
Nested Loop  (cost=0.00..6351.15 rows=1 width=21) (actual time=6.029..25.817 rows=2 loops=1)
Nested Loop  (cost=0.00..6351.15 rows=1 width=21) (actual time=20.210..24.826 rows=2 loops=1)
Nested Loop  (cost=0.00..6351.15 rows=1 width=21) (actual time=11.381..24.840 rows=3 loops=1)
Nested Loop  (cost=0.00..6351.15 rows=1 width=21) (actual time=21.491..33.055 rows=2 loops=1)
Nested Loop  (cost=0.00..6351.15 rows=1 width=21) (actual time=2.617..25.123 rows=3 loops=1)
Nested Loop  (cost=0.00..6351.15 rows=1 width=158) (actual time=4.215..24.834 rows=2 loops=1)
Nested Loop  (cost=0.00..6351.15 rows=1 width=21) (actual time=4.278..24.925 rows=2 loops=1)
Nested Loop  (cost=0.00..6351.15 rows=1 width=21) (actual time=19.535..24.863 rows=2 loops=1)
Nested Loop  (cost=0.00..6351.15 rows=1 width=21) (actual time=4.229..24.827 rows=2 loops=1)
Sort  (cost=6351.45..6351.46 rows=1 width=149) (actual time=28.659..28.661 rows=3 loops=1)
Nested Loop  (cost=0.00..6351.90 rows=1 width=21) (actual time=3.381..25.129 rows=3 loops=1)
Nested Loop  (cost=0.00..6351.15 rows=1 width=21) (actual time=14.027..40.321 rows=3 loops=1)
Sort  (cost=6351.45..6351.46 rows=1 width=149) (actual time=28.570..28.572 rows=1 loops=1)
Sort  (cost=6351.45..6351.46 rows=1 width=149) (actual time=30.428..30.430 rows=1 loops=1)
Nested Loop  (cost=0.00..6351.47 rows=1 width=21) (actual time=3.727..25.406 rows=5 loops=1)
Sort  (cost=6351.45..6351.46 rows=1 width=149) (actual time=29.074..29.076 rows=8 loops=1)
Nested Loop  (cost=0.00..6351.15 rows=1 width=21) (actual time=12.371..25.549 rows=3 loops=1)
Nested Loop  (cost=0.00..6351.15 rows=1 width=21) (actual time=7.729..24.642 rows=2 loops=1)
Sort  (cost=6351.45..6351.46 rows=1 width=149) (actual time=30.479..30.481 rows=6 loops=1)
Nested Loop  (cost=0.00..6351.15 rows=1 width=21) (actual time=10.617..25.215 rows=2 loops=1)
Nested Loop  (cost=0.00..6351.15 rows=1 width=21) (actual time=5.506..25.234 rows=2 loops=1)
Nested Loop  (cost=0.00..6351.15 rows=1 width=158) (actual time=18.172..24.973 rows=1 loops=1)
Nested Loop  (cost=0.00..6351.15 rows=1 width=158) (actual time=11.722..24.999 rows=2 loops=1)
Nested Loop  (cost=0.00..6351.15 rows=1 width=403) (actual time=11.676..25.750 rows=2 loops=1)
Nested Loop  (cost=0.00..6351.15 rows=1 width=21) (actual time=2.790..24.883 rows=2 loops=1)
Nested Loop  (cost=0.00..6351.15 rows=1 width=21) (actual time=4.479..24.875 rows=2 loops=1)
Nested Loop  (cost=0.00..6351.69 rows=1 width=158) (actual time=8.203..25.196 rows=3 loops=1)
Nested Loop  (cost=0.00..6351.15 rows=1 width=158) (actual time=14.482..24.983 rows=2 loops=1)
Nested Loop  (cost=0.00..6351.15 rows=1 width=158) (actual time=11.161..24.801 rows=1 loops=1)
Nested Loop  (cost=0.00..6351.76 rows=1 width=21) (actual time=5.473..25.306 rows=3 loops=1)
Nested Loop  (cost=0.00..6351.78 rows=1 width=158) (actual time=4.116..25.450 rows=7 loops=1)
Nested Loop  (cost=0.00..6351.15 rows=1 width=158) (actual time=3.132..26.260 rows=2 loops=1)
Nested Loop  (cost=0.00..6351.15 rows=1 width=21) (actual time=9.614..24.393 rows=2 loops=1)
Nested Loop  (cost=0.00..6351.76 rows=1 width=21) (actual time=2.965..26.484 rows=4 loops=1)
Sort  (cost=6351.45..6351.46 rows=1 width=149) (actual time=28.497..28.499 rows=1 loops=1)
Nested Loop  (cost=0.00..6351.15 rows=1 width=403) (actual time=38.429..40.419 rows=1 loops=1)
Nested Loop  (cost=0.00..6351.84 rows=1 width=21) (actual time=7.811..29.518 rows=3 loops=1)
Nested Loop  (cost=0.00..6351.15 rows=1 width=21) (actual time=17.237..25.362 rows=3 loops=1)
Sort  (cost=6351.45..6351.46 rows=1 width=149) (actual time=28.891..28.893 rows=1 loops=1)
Sort  (cost=6351.45..6351.46 rows=1 width=149) (actual time=30.218..30.220 rows=1 loops=1)
Sort  (cost=6356.01..6356.02 rows=1 width=149) (actual time=28.731..28.733 rows=14 loops=1)
Nested Loop  (cost=0.00..6351.15 rows=1 width=21) (actual time=3.502..25.026 rows=3 loops=1)
Sort  (cost=6351.45..6351.46 rows=1 width=149) (actual time=29.047..29.049 rows=2 loops=1)
Nested Loop  (cost=0.00..6351.15 rows=1 width=21) (actual time=2.932..24.562 rows=2 loops=1)
Sort  (cost=6351.45..6351.46 rows=1 width=149) (actual time=29.159..29.161 rows=1 loops=1)
Nested Loop  (cost=0.00..6351.15 rows=1 width=21) (actual time=2.417..24.622 rows=3 loops=1)
Sort  (cost=6351.45..6351.46 rows=1 width=149) (actual time=30.334..30.336 rows=2 loops=1)
Nested Loop  (cost=0.00..6351.15 rows=1 width=403) (actual time=14.658..24.847 rows=1 loops=1)
Nested Loop  (cost=0.00..6351.58 rows=1 width=21) (actual time=7.181..24.876 rows=4 loops=1)
Nested Loop  (cost=0.00..6351.15 rows=1 width=21) (actual time=7.607..28.202 rows=2 loops=1)
Nested Loop  (cost=0.00..6351.40 rows=1 width=21) (actual time=10.867..24.778 rows=2 loops=1)
Sort  (cost=6351.45..6351.46 rows=1 width=149) (actual time=31.583..31.585 rows=1 loops=1)
Nested Loop  (cost=0.00..6351.15 rows=1 width=21) (actual time=4.119..34.152 rows=3 loops=1)
Sort  (cost=6351.45..6351.46 rows=1 width=149) (actual time=29.342..29.344 rows=1 loops=1)
Nested Loop  (cost=0.00..6351.47 rows=1 width=21) (actual time=0.337..28.496 rows=4 loops=1)
Nested Loop  (cost=0.00..6351.15 rows=1 width=21) (actual time=6.003..24.097 rows=2 loops=1)
Nested Loop  (cost=0.00..6351.15 rows=1 width=21) (actual time=13.597..24.455 rows=3 loops=1)
Nested Loop  (cost=0.00..6351.15 rows=1 width=21) (actual time=2.767..24.724 rows=3 loops=1)
Nested Loop  (cost=0.00..6351.40 rows=1 width=158) (actual time=0.129..25.154 rows=3 loops=1)
Nested Loop  (cost=0.00..6351.15 rows=1 width=21) (actual time=0.239..24.854 rows=2 loops=1)
Nested Loop  (cost=0.00..6351.44 rows=1 width=21) (actual time=2.152..24.718 rows=4 loops=1)
Nested Loop  (cost=0.00..6351.15 rows=1 width=21) (actual time=8.858..39.447 rows=2 loops=1)
Nested Loop  (cost=0.00..6352.84 rows=1 width=21) (actual time=4.199..26.058 rows=8 loops=1)
Sort  (cost=6351.45..6351.46 rows=1 width=149) (actual time=28.519..28.520 rows=1 loops=1)
Nested Loop  (cost=0.00..6351.15 rows=1 width=158) (actual time=2.400..24.953 rows=1 loops=1)
Nested Loop  (cost=0.00..6351.38 rows=1 width=158) (actual time=10.869..25.064 rows=2 loops=1)
Nested Loop  (cost=0.00..6351.15 rows=1 width=21) (actual time=24.027..24.990 rows=2 loops=1)
Nested Loop  (cost=0.00..6351.15 rows=1 width=21) (actual time=7.726..24.912 rows=2 loops=1)
Nested Loop  (cost=0.00..6351.15 rows=1 width=21) (actual time=1.743..26.111 rows=2 loops=1)
Sort  (cost=6351.45..6351.46 rows=1 width=149) (actual time=30.463..30.465 rows=8 loops=1)
Sort  (cost=6351.45..6351.46 rows=1 width=149) (actual time=29.139..29.140 rows=1 loops=1)
Nested Loop  (cost=0.00..6351.15 rows=1 width=403) (actual time=5.144..24.966 rows=1 loops=1)
Nested Loop  (cost=0.00..6351.84 rows=1 width=21) (actual time=4.329..25.284 rows=3 loops=1)
Sort  (cost=6351.45..6351.46 rows=1 width=149) (actual time=29.086..29.088 rows=3 loops=1)
Nested Loop  (cost=0.00..6351.15 rows=1 width=21) (actual time=13.772..24.493 rows=2 loops=1)
Nested Loop  (cost=0.00..6352.64 rows=1 width=21) (actual time=10.348..25.643 rows=5 loops=1)
Nested Loop  (cost=0.00..6351.15 rows=1 width=21) (actual time=10.331..24.758 rows=4 loops=1)
Sort  (cost=6351.45..6351.46 rows=1 width=149) (actual time=28.692..28.694 rows=3 loops=1)
Sort  (cost=6351.45..6351.46 rows=1 width=149) (actual time=28.997..28.999 rows=3 loops=1)
Nested Loop  (cost=0.00..6351.15 rows=1 width=403) (actual time=13.098..24.397 rows=1 loops=1)
Nested Loop  (cost=0.00..6351.15 rows=1 width=158) (actual time=23.130..24.965 rows=1 loops=1)
Sort  (cost=6351.45..6351.46 rows=1 width=149) (actual time=28.633..28.635 rows=1 loops=1)
Sort  (cost=6351.45..6351.46 rows=1 width=149) (actual time=28.885..28.887 rows=3 loops=1)
Sort  (cost=6351.45..6351.46 rows=1 width=149) (actual time=28.989..28.991 rows=1 loops=1)
Nested Loop  (cost=0.00..6351.15 rows=1 width=403) (actual time=10.535..24.850 rows=1 loops=1)
Sort  (cost=6351.45..6351.46 rows=1 width=149) (actual time=29.034..29.035 rows=1 loops=1)
Sort  (cost=6351.45..6351.46 rows=1 width=149) (actual time=30.012..30.013 rows=1 loops=1)
Nested Loop  (cost=0.00..6351.15 rows=1 width=21) (actual time=2.797..25.144 rows=2 loops=1)
Sort  (cost=6351.45..6351.46 rows=1 width=149) (actual time=30.386..30.388 rows=2 loops=1)
Nested Loop  (cost=0.00..6351.15 rows=1 width=158) (actual time=11.866..24.889 rows=1 loops=1)
Nested Loop  (cost=0.00..6353.26 rows=1 width=21) (actual time=7.713..26.170 rows=6 loops=1)
Nested Loop  (cost=0.00..6351.15 rows=1 width=158) (actual time=18.909..24.859 rows=1 loops=1)
Nested Loop  (cost=0.00..6351.15 rows=1 width=158) (actual time=18.368..25.129 rows=1 loops=1)
Nested Loop  (cost=0.00..6351.15 rows=1 width=21) (actual time=2.488..25.354 rows=2 loops=1)
Nested Loop  (cost=0.00..6351.76 rows=1 width=21) (actual time=3.161..25.238 rows=5 loops=1)
Nested Loop  (cost=0.00..6351.15 rows=1 width=21) (actual time=5.573..26.357 rows=2 loops=1)
Nested Loop  (cost=0.00..6351.64 rows=1 width=21) (actual time=1.509..24.626 rows=4 loops=1)
Sort  (cost=6351.45..6351.46 rows=1 width=149) (actual time=30.389..30.391 rows=5 loops=1)
Sort  (cost=6351.45..6351.46 rows=1 width=149) (actual time=34.077..34.079 rows=3 loops=1)
Nested Loop  (cost=0.00..6351.15 rows=1 width=21) (actual time=7.202..24.567 rows=3 loops=1)
Sort  (cost=6351.45..6351.46 rows=1 width=149) (actual time=29.813..29.816 rows=1 loops=1)
Nested Loop  (cost=0.00..6351.15 rows=1 width=21) (actual time=3.214..25.420 rows=2 loops=1)
Sort  (cost=6355.57..6355.58 rows=1 width=149) (actual time=29.618..29.621 rows=17 loops=1)
Sort  (cost=6351.45..6351.46 rows=1 width=149) (actual time=29.216..29.218 rows=2 loops=1)
Nested Loop  (cost=0.00..6351.15 rows=1 width=158) (actual time=18.780..25.095 rows=1 loops=1)
Nested Loop  (cost=0.00..6351.15 rows=1 width=21) (actual time=10.729..25.308 rows=2 loops=1)
Sort  (cost=6351.45..6351.46 rows=1 width=149) (actual time=29.628..29.630 rows=3 loops=1)
Nested Loop  (cost=0.00..6351.58 rows=1 width=21) (actual time=4.513..24.967 rows=5 loops=1)
Sort  (cost=6351.45..6351.46 rows=1 width=149) (actual time=29.619..29.621 rows=1 loops=1)
Nested Loop  (cost=0.00..6351.15 rows=1 width=158) (actual time=20.161..24.873 rows=1 loops=1)
Nested Loop  (cost=0.00..6351.76 rows=1 width=158) (actual time=1.644..25.794 rows=3 loops=1)
Nested Loop  (cost=0.00..6351.82 rows=1 width=21) (actual time=12.044..25.307 rows=4 loops=1)
Nested Loop  (cost=0.00..6351.56 rows=1 width=21) (actual time=5.023..24.931 rows=3 loops=1)
Sort  (cost=6351.45..6351.46 rows=1 width=149) (actual time=29.516..29.518 rows=4 loops=1)
Nested Loop  (cost=0.00..6351.38 rows=1 width=21) (actual time=17.837..31.634 rows=3 loops=1)
Nested Loop  (cost=0.00..6351.35 rows=1 width=158) (actual time=23.847..25.260 rows=1 loops=1)
Sort  (cost=6351.45..6351.46 rows=1 width=149) (actual time=29.550..29.552 rows=2 loops=1)
Sort  (cost=6351.45..6351.46 rows=1 width=149) (actual time=28.784..28.787 rows=5 loops=1)
Nested Loop  (cost=0.00..6351.15 rows=1 width=403) (actual time=16.767..24.737 rows=1 loops=1)
Nested Loop  (cost=0.00..6351.58 rows=1 width=21) (actual time=4.343..25.582 rows=5 loops=1)
Nested Loop  (cost=0.00..6351.38 rows=1 width=21) (actual time=16.590..25.116 rows=4 loops=1)
Nested Loop  (cost=0.00..6351.15 rows=1 width=21) (actual time=4.932..23.931 rows=2 loops=1)
Nested Loop  (cost=0.00..6351.82 rows=1 width=21) (actual time=5.504..24.968 rows=8 loops=1)
Nested Loop  (cost=0.00..6351.15 rows=1 width=21) (actual time=9.694..24.724 rows=3 loops=1)
Sort  (cost=6351.45..6351.46 rows=1 width=149) (actual time=31.920..31.921 rows=6 loops=1)
Sort  (cost=6351.45..6351.46 rows=1 width=149) (actual time=28.352..28.354 rows=1 loops=1)
Nested Loop  (cost=0.00..6351.15 rows=1 width=21) (actual time=5.527..24.511 rows=3 loops=1)
Sort  (cost=6351.45..6351.46 rows=1 width=149) (actual time=28.457..28.459 rows=1 loops=1)
Nested Loop  (cost=0.00..6351.58 rows=1 width=21) (actual time=8.376..25.282 rows=2 loops=1)
Nested Loop  (cost=0.00..6351.15 rows=1 width=21) (actual time=22.584..24.674 rows=2 loops=1)
Sort  (cost=6356.24..6356.24 rows=1 width=149) (actual time=29.333..29.336 rows=20 loops=1)
Nested Loop  (cost=0.00..6351.53 rows=1 width=21) (actual time=11.912..25.474 rows=6 loops=1)
Nested Loop  (cost=0.00..6351.76 rows=1 width=158) (actual time=6.425..25.191 rows=5 loops=1)
Nested Loop  (cost=0.00..6351.49 rows=1 width=21) (actual time=2.436..25.125 rows=5 loops=1)
Nested Loop  (cost=0.00..6351.15 rows=1 width=21) (actual time=11.728..24.905 rows=2 loops=1)
Nested Loop  (cost=0.00..6351.90 rows=1 width=21) (actual time=2.671..25.569 rows=4 loops=1)
Nested Loop  (cost=0.00..6351.69 rows=1 width=158) (actual time=7.801..25.397 rows=1 loops=1)
Nested Loop  (cost=0.00..6351.69 rows=1 width=403) (actual time=7.786..25.655 rows=1 loops=1)
Nested Loop  (cost=0.00..6351.58 rows=1 width=21) (actual time=5.674..24.750 rows=4 loops=1)
Nested Loop  (cost=0.00..6351.15 rows=1 width=158) (actual time=11.303..24.035 rows=1 loops=1)
Nested Loop  (cost=0.00..6351.69 rows=1 width=21) (actual time=5.549..24.597 rows=7 loops=1)
Nested Loop  (cost=0.00..6351.69 rows=1 width=21) (actual time=2.787..25.393 rows=3 loops=1)
Sort  (cost=6351.45..6351.46 rows=1 width=149) (actual time=28.589..28.591 rows=1 loops=1)
Nested Loop  (cost=0.00..6351.15 rows=1 width=21) (actual time=7.908..25.763 rows=2 loops=1)
Sort  (cost=6351.45..6351.46 rows=1 width=149) (actual time=28.681..28.683 rows=2 loops=1)
Sort  (cost=6351.45..6351.46 rows=1 width=149) (actual time=27.983..27.985 rows=1 loops=1)
Nested Loop  (cost=0.00..6351.15 rows=1 width=21) (actual time=14.364..24.917 rows=2 loops=1)
Sort  (cost=6351.45..6351.46 rows=1 width=149) (actual time=29.356..29.358 rows=2 loops=1)
Nested Loop  (cost=0.00..6351.15 rows=1 width=21) (actual time=8.753..30.021 rows=2 loops=1)
Nested Loop  (cost=0.00..6351.35 rows=1 width=158) (actual time=14.266..24.213 rows=2 loops=1)
Sort  (cost=6351.45..6351.46 rows=1 width=149) (actual time=30.229..30.231 rows=1 loops=1)
Nested Loop  (cost=0.00..6351.15 rows=1 width=21) (actual time=2.459..25.019 rows=2 loops=1)
Nested Loop  (cost=0.00..6351.15 rows=1 width=21) (actual time=4.583..25.055 rows=4 loops=1)
Nested Loop  (cost=0.00..6351.15 rows=1 width=21) (actual time=14.307..25.092 rows=3 loops=1)
Nested Loop  (cost=0.00..6351.15 rows=1 width=21) (actual time=3.725..24.508 rows=2 loops=1)
Nested Loop  (cost=0.00..6351.15 rows=1 width=21) (actual time=8.898..24.834 rows=2 loops=1)
Nested Loop  (cost=0.00..6351.15 rows=1 width=158) (actual time=12.306..24.865 rows=2 loops=1)
Nested Loop  (cost=0.00..6351.15 rows=1 width=21) (actual time=15.939..25.188 rows=2 loops=1)
Nested Loop  (cost=0.00..6351.15 rows=1 width=158) (actual time=20.205..24.910 rows=1 loops=1)
Nested Loop  (cost=0.00..6351.15 rows=1 width=21) (actual time=22.299..25.216 rows=2 loops=1)
Nested Loop  (cost=0.00..6351.15 rows=1 width=21) (actual time=17.481..30.907 rows=2 loops=1)
Sort  (cost=6351.45..6351.46 rows=1 width=149) (actual time=29.257..29.260 rows=2 loops=1)
Nested Loop  (cost=0.00..6351.15 rows=1 width=21) (actual time=0.645..28.771 rows=2 loops=1)
Nested Loop  (cost=0.00..6351.15 rows=1 width=21) (actual time=12.198..24.777 rows=3 loops=1)
Nested Loop  (cost=0.00..6351.15 rows=1 width=21) (actual time=5.245..24.928 rows=2 loops=1)
Sort  (cost=6351.45..6351.46 rows=1 width=149) (actual time=29.040..29.042 rows=1 loops=1)
Sort  (cost=6351.45..6351.46 rows=1 width=149) (actual time=30.526..30.528 rows=3 loops=1)
Nested Loop  (cost=0.00..6351.15 rows=1 width=21) (actual time=1.961..24.877 rows=2 loops=1)
Sort  (cost=6351.45..6351.46 rows=1 width=149) (actual time=29.601..29.603 rows=1 loops=1)
Nested Loop  (cost=0.00..6351.15 rows=1 width=403) (actual time=14.897..24.841 rows=1 loops=1)
Sort  (cost=6351.45..6351.46 rows=1 width=149) (actual time=28.442..28.444 rows=1 loops=1)
Sort  (cost=6351.45..6351.46 rows=1 width=149) (actual time=28.933..28.935 rows=1 loops=1)
Nested Loop  (cost=0.00..6351.15 rows=1 width=158) (actual time=12.337..25.255 rows=2 loops=1)
Nested Loop  (cost=0.00..6351.73 rows=1 width=21) (actual time=2.867..26.220 rows=4 loops=1)
Nested Loop  (cost=0.00..6351.84 rows=1 width=21) (actual time=17.060..25.489 rows=6 loops=1)
Sort  (cost=6351.45..6351.46 rows=1 width=149) (actual time=30.026..30.028 rows=4 loops=1)
Nested Loop  (cost=0.00..6351.38 rows=1 width=21) (actual time=13.233..25.192 rows=2 loops=1)
Nested Loop  (cost=0.00..6351.84 rows=1 width=21) (actual time=2.497..25.415 rows=2 loops=1)
Sort  (cost=6351.45..6351.46 rows=1 width=149) (actual time=29.004..29.005 rows=1 loops=1)
Sort  (cost=6351.45..6351.46 rows=1 width=149) (actual time=29.396..29.398 rows=2 loops=1)
Sort  (cost=6351.45..6351.46 rows=1 width=149) (actual time=29.872..29.874 rows=4 loops=1)
Nested Loop  (cost=0.00..6351.15 rows=1 width=158) (actual time=13.743..24.792 rows=2 loops=1)
Sort  (cost=6351.45..6351.46 rows=1 width=149) (actual time=28.118..28.120 rows=1 loops=1)
Nested Loop  (cost=0.00..6351.67 rows=1 width=21) (actual time=9.363..24.577 rows=3 loops=1)
Sort  (cost=6351.45..6351.46 rows=1 width=149) (actual time=29.621..29.622 rows=1 loops=1)
Nested Loop  (cost=0.00..6351.15 rows=1 width=21) (actual time=2.841..25.029 rows=3 loops=1)
Nested Loop  (cost=0.00..6351.40 rows=1 width=21) (actual time=2.157..25.076 rows=3 loops=1)
Nested Loop  (cost=0.00..6351.47 rows=1 width=21) (actual time=18.322..24.355 rows=2 loops=1)
Sort  (cost=6351.45..6351.46 rows=1 width=149) (actual time=28.493..28.494 rows=1 loops=1)
Nested Loop  (cost=0.00..6351.15 rows=1 width=21) (actual time=12.892..24.854 rows=2 loops=1)
Nested Loop  (cost=0.00..6353.26 rows=1 width=21) (actual time=6.412..26.437 rows=12 loops=1)
Nested Loop  (cost=0.00..6351.15 rows=1 width=21) (actual time=1.649..24.783 rows=2 loops=1)
Nested Loop  (cost=0.00..6351.15 rows=1 width=21) (actual time=8.343..25.237 rows=2 loops=1)
Nested Loop  (cost=0.00..6351.15 rows=1 width=21) (actual time=3.213..24.724 rows=3 loops=1)
Sort  (cost=6351.45..6351.46 rows=1 width=149) (actual time=29.723..29.725 rows=1 loops=1)
Nested Loop  (cost=0.00..6351.15 rows=1 width=158) (actual time=10.917..25.163 rows=2 loops=1)
Nested Loop  (cost=0.00..6351.15 rows=1 width=21) (actual time=4.835..28.526 rows=2 loops=1)
Sort  (cost=6351.45..6351.46 rows=1 width=149) (actual time=28.478..28.480 rows=1 loops=1)
Sort  (cost=6351.45..6351.46 rows=1 width=149) (actual time=29.743..29.745 rows=1 loops=1)
Nested Loop  (cost=0.00..6351.15 rows=1 width=403) (actual time=5.393..25.139 rows=1 loops=1)
Sort  (cost=6351.45..6351.46 rows=1 width=149) (actual time=29.743..29.745 rows=5 loops=1)
Nested Loop  (cost=0.00..6351.15 rows=1 width=158) (actual time=6.145..24.998 rows=4 loops=1)
Sort  (cost=6351.45..6351.46 rows=1 width=149) (actual time=28.848..28.849 rows=1 loops=1)
Nested Loop  (cost=0.00..6351.15 rows=1 width=158) (actual time=3.051..24.836 rows=1 loops=1)
Sort  (cost=6351.45..6351.46 rows=1 width=149) (actual time=28.615..28.617 rows=1 loops=1)
Nested Loop  (cost=0.00..6351.38 rows=1 width=21) (actual time=14.616..24.339 rows=2 loops=1)
Sort  (cost=6351.45..6351.46 rows=1 width=149) (actual time=29.404..29.405 rows=1 loops=1)
Nested Loop  (cost=0.00..6351.15 rows=1 width=21) (actual time=5.045..26.003 rows=2 loops=1)
Sort  (cost=6351.45..6351.46 rows=1 width=149) (actual time=28.556..28.558 rows=1 loops=1)
Nested Loop  (cost=0.00..6351.15 rows=1 width=21) (actual time=18.724..38.065 rows=4 loops=1)
Nested Loop  (cost=0.00..6351.15 rows=1 width=158) (actual time=3.905..24.375 rows=2 loops=1)
Sort  (cost=6351.45..6351.46 rows=1 width=149) (actual time=28.957..28.959 rows=2 loops=1)
Sort  (cost=6351.45..6351.46 rows=1 width=149) (actual time=37.670..37.672 rows=2 loops=1)
Nested Loop  (cost=0.00..6352.07 rows=1 width=21) (actual time=11.275..25.599 rows=5 loops=1)
Nested Loop  (cost=0.00..6351.69 rows=1 width=21) (actual time=10.846..26.737 rows=4 loops=1)
Nested Loop  (cost=0.00..6351.40 rows=1 width=21) (actual time=20.608..27.817 rows=2 loops=1)
Nested Loop  (cost=0.00..6351.44 rows=1 width=21) (actual time=3.693..25.273 rows=3 loops=1)
Nested Loop  (cost=0.00..6351.40 rows=1 width=21) (actual time=10.756..26.415 rows=2 loops=1)
Nested Loop  (cost=0.00..6351.15 rows=1 width=21) (actual time=11.937..24.736 rows=2 loops=1)
Sort  (cost=6351.45..6351.46 rows=1 width=149) (actual time=28.732..28.734 rows=3 loops=1)
Nested Loop  (cost=0.00..6351.15 rows=1 width=21) (actual time=16.229..24.761 rows=2 loops=1)
Sort  (cost=6351.45..6351.46 rows=1 width=149) (actual time=29.316..29.318 rows=1 loops=1)
Nested Loop  (cost=0.00..6351.90 rows=1 width=158) (actual time=8.263..24.996 rows=6 loops=1)
Sort  (cost=6351.45..6351.46 rows=1 width=149) (actual time=28.901..28.903 rows=1 loops=1)
Nested Loop  (cost=0.00..6352.84 rows=1 width=158) (actual time=3.641..26.437 rows=10 loops=1)
Sort  (cost=6351.45..6351.46 rows=1 width=149) (actual time=30.454..30.457 rows=5 loops=1)
Nested Loop  (cost=0.00..6351.82 rows=1 width=21) (actual time=6.275..26.165 rows=6 loops=1)
Sort  (cost=6355.72..6355.73 rows=1 width=149) (actual time=29.621..29.623 rows=13 loops=1)
Nested Loop  (cost=0.00..6351.38 rows=1 width=21) (actual time=2.001..25.092 rows=2 loops=1)
Nested Loop  (cost=0.00..6351.15 rows=1 width=21) (actual time=4.167..24.870 rows=2 loops=1)
Nested Loop  (cost=0.00..6351.15 rows=1 width=21) (actual time=1.795..24.503 rows=2 loops=1)
Nested Loop  (cost=0.00..6351.44 rows=1 width=21) (actual time=11.409..24.623 rows=3 loops=1)
Nested Loop  (cost=0.00..6351.69 rows=1 width=21) (actual time=8.075..24.906 rows=3 loops=1)
Sort  (cost=6351.45..6351.46 rows=1 width=149) (actual time=29.251..29.253 rows=1 loops=1)
Sort  (cost=6351.45..6351.46 rows=1 width=149) (actual time=29.152..29.154 rows=1 loops=1)
Sort  (cost=6351.45..6351.46 rows=1 width=149) (actual time=32.613..32.615 rows=3 loops=1)
Nested Loop  (cost=0.00..6351.15 rows=1 width=21) (actual time=20.864..25.518 rows=2 loops=1)
Sort  (cost=6351.45..6351.46 rows=1 width=149) (actual time=29.189..29.191 rows=2 loops=1)
Sort  (cost=6351.45..6351.46 rows=1 width=149) (actual time=29.310..29.312 rows=2 loops=1)
Nested Loop  (cost=0.00..6351.15 rows=1 width=21) (actual time=10.601..27.179 rows=2 loops=1)
Nested Loop  (cost=0.00..6351.15 rows=1 width=21) (actual time=9.322..25.010 rows=2 loops=1)
Nested Loop  (cost=0.00..6351.15 rows=1 width=21) (actual time=20.468..24.913 rows=2 loops=1)
Sort  (cost=6351.45..6351.46 rows=1 width=149) (actual time=29.168..29.170 rows=2 loops=1)
Nested Loop  (cost=0.00..6351.38 rows=1 width=21) (actual time=2.300..24.790 rows=3 loops=1)
Nested Loop  (cost=0.00..6351.15 rows=1 width=21) (actual time=4.376..24.806 rows=3 loops=1)
Sort  (cost=6351.45..6351.46 rows=1 width=149) (actual time=29.726..29.728 rows=3 loops=1)
Sort  (cost=6351.45..6351.46 rows=1 width=149) (actual time=28.979..28.981 rows=2 loops=1)
Nested Loop  (cost=0.00..6351.15 rows=1 width=21) (actual time=2.647..25.001 rows=3 loops=1)
Sort  (cost=6351.45..6351.46 rows=1 width=149) (actual time=29.299..29.300 rows=1 loops=1)
Nested Loop  (cost=0.00..6351.15 rows=1 width=21) (actual time=1.496..25.009 rows=2 loops=1)
Nested Loop  (cost=0.00..6351.73 rows=1 width=21) (actual time=4.992..25.781 rows=4 loops=1)
Nested Loop  (cost=0.00..6351.15 rows=1 width=21) (actual time=2.773..24.366 rows=2 loops=1)
Nested Loop  (cost=0.00..6352.84 rows=1 width=158) (actual time=1.440..25.703 rows=6 loops=1)
Nested Loop  (cost=0.00..6351.40 rows=1 width=21) (actual time=13.081..24.634 rows=2 loops=1)
Sort  (cost=6351.45..6351.46 rows=1 width=149) (actual time=29.569..29.571 rows=1 loops=1)
Sort  (cost=6356.44..6356.44 rows=1 width=149) (actual time=29.332..29.335 rows=21 loops=1)
Nested Loop  (cost=0.00..6351.15 rows=1 width=21) (actual time=5.783..24.461 rows=2 loops=1)
Sort  (cost=6351.45..6351.46 rows=1 width=149) (actual time=28.469..28.471 rows=1 loops=1)
Nested Loop  (cost=0.00..6351.15 rows=1 width=21) (actual time=17.562..24.628 rows=2 loops=1)
Nested Loop  (cost=0.00..6351.15 rows=1 width=158) (actual time=7.964..24.776 rows=1 loops=1)
Nested Loop  (cost=0.00..6351.15 rows=1 width=21) (actual time=7.057..24.901 rows=2 loops=1)
Sort  (cost=6351.45..6351.46 rows=1 width=149) (actual time=30.004..30.005 rows=11 loops=1)
Nested Loop  (cost=0.00..6351.47 rows=1 width=158) (actual time=2.296..25.264 rows=1 loops=1)
Sort  (cost=6351.45..6351.46 rows=1 width=149) (actual time=28.960..28.962 rows=1 loops=1)
Sort  (cost=6351.45..6351.46 rows=1 width=149) (actual time=29.636..29.637 rows=1 loops=1)
Nested Loop  (cost=0.00..6351.15 rows=1 width=21) (actual time=12.441..24.764 rows=2 loops=1)
Sort  (cost=6351.45..6351.46 rows=1 width=149) (actual time=28.734..28.736 rows=1 loops=1)
Nested Loop  (cost=0.00..6351.15 rows=1 width=21) (actual time=10.828..27.245 rows=2 loops=1)
Nested Loop  (cost=0.00..6351.64 rows=1 width=21) (actual time=15.420..24.992 rows=2 loops=1)
Nested Loop  (cost=0.00..6351.67 rows=1 width=21) (actual time=6.590..24.899 rows=4 loops=1)
Nested Loop  (cost=0.00..6351.15 rows=1 width=21) (actual time=8.285..25.071 rows=2 loops=1)
Nested Loop  (cost=0.00..6351.15 rows=1 width=21) (actual time=3.349..25.074 rows=2 loops=1)
Nested Loop  (cost=0.00..6351.15 rows=1 width=158) (actual time=16.261..25.135 rows=2 loops=1)
Sort  (cost=6351.45..6351.46 rows=1 width=149) (actual time=43.876..43.878 rows=1 loops=1)
Nested Loop  (cost=0.00..6351.15 rows=1 width=21) (actual time=4.619..24.647 rows=2 loops=1)
Sort  (cost=6352.91..6352.92 rows=1 width=149) (actual time=30.598..30.600 rows=8 loops=1)
Nested Loop  (cost=0.00..6351.15 rows=1 width=403) (actual time=15.823..24.734 rows=1 loops=1)
Nested Loop  (cost=0.00..6352.84 rows=1 width=21) (actual time=3.194..26.224 rows=8 loops=1)
Nested Loop  (cost=0.00..6351.15 rows=1 width=158) (actual time=0.776..25.521 rows=1 loops=1)
Nested Loop  (cost=0.00..6351.15 rows=1 width=21) (actual time=11.056..25.052 rows=2 loops=1)
Sort  (cost=6351.45..6351.46 rows=1 width=149) (actual time=29.815..29.817 rows=2 loops=1)
Nested Loop  (cost=0.00..6351.90 rows=1 width=158) (actual time=2.433..25.321 rows=3 loops=1)
Nested Loop  (cost=0.00..6351.15 rows=1 width=21) (actual time=6.926..24.711 rows=2 loops=1)
Nested Loop  (cost=0.00..6351.15 rows=1 width=21) (actual time=2.169..27.756 rows=2 loops=1)
Nested Loop  (cost=0.00..6351.15 rows=1 width=158) (actual time=7.144..24.628 rows=1 loops=1)
Nested Loop  (cost=0.00..6351.82 rows=1 width=21) (actual time=10.251..25.065 rows=3 loops=1)
Sort  (cost=6351.45..6351.46 rows=1 width=149) (actual time=29.208..29.210 rows=1 loops=1)
Nested Loop  (cost=0.00..6351.15 rows=1 width=21) (actual time=9.507..25.184 rows=3 loops=1)
Sort  (cost=6356.24..6356.24 rows=1 width=149) (actual time=29.617..29.620 rows=21 loops=1)
Sort  (cost=6351.45..6351.46 rows=1 width=149) (actual time=32.006..32.010 rows=1 loops=1)
Nested Loop  (cost=0.00..6351.15 rows=1 width=21) (actual time=23.296..24.506 rows=2 loops=1)
Sort  (cost=6351.45..6351.46 rows=1 width=149) (actual time=30.784..30.786 rows=2 loops=1)
Sort  (cost=6351.45..6351.46 rows=1 width=149) (actual time=29.553..29.555 rows=4 loops=1)
Nested Loop  (cost=0.00..6351.15 rows=1 width=21) (actual time=3.444..25.045 rows=2 loops=1)
Nested Loop  (cost=0.00..6351.15 rows=1 width=21) (actual time=15.608..25.101 rows=2 loops=1)
Nested Loop  (cost=0.00..6351.64 rows=1 width=21) (actual time=13.203..25.432 rows=2 loops=1)
Nested Loop  (cost=0.00..6351.49 rows=1 width=21) (actual time=7.825..24.221 rows=2 loops=1)
Nested Loop  (cost=0.00..6351.15 rows=1 width=21) (actual time=3.613..24.170 rows=2 loops=1)
Sort  (cost=6351.45..6351.46 rows=1 width=149) (actual time=39.382..39.383 rows=1 loops=1)
Nested Loop  (cost=0.00..6351.15 rows=1 width=403) (actual time=24.272..24.675 rows=1 loops=1)
Nested Loop  (cost=0.00..6351.15 rows=1 width=21) (actual time=1.752..24.472 rows=4 loops=1)
Nested Loop  (cost=0.00..6351.15 rows=1 width=21) (actual time=12.008..24.338 rows=2 loops=1)
Sort  (cost=6351.45..6351.46 rows=1 width=149) (actual time=29.354..29.356 rows=1 loops=1)
Sort  (cost=6351.45..6351.46 rows=1 width=149) (actual time=28.835..28.837 rows=1 loops=1)
Sort  (cost=6351.45..6351.46 rows=1 width=149) (actual time=28.262..28.264 rows=1 loops=1)
Sort  (cost=6351.45..6351.46 rows=1 width=149) (actual time=29.174..29.176 rows=1 loops=1)
Nested Loop  (cost=0.00..6351.53 rows=1 width=21) (actual time=7.376..25.238 rows=5 loops=1)
Nested Loop  (cost=0.00..6351.15 rows=1 width=21) (actual time=1.401..24.795 rows=2 loops=1)
Nested Loop  (cost=0.00..6353.26 rows=1 width=21) (actual time=6.371..26.194 rows=12 loops=1)
Nested Loop  (cost=0.00..6351.15 rows=1 width=21) (actual time=11.318..25.717 rows=2 loops=1)
Nested Loop  (cost=0.00..6351.15 rows=1 width=158) (actual time=21.122..29.505 rows=1 loops=1)
Sort  (cost=6351.45..6351.46 rows=1 width=149) (actual time=30.497..30.499 rows=3 loops=1)
Nested Loop  (cost=0.00..6351.15 rows=1 width=21) (actual time=11.507..24.606 rows=3 loops=1)
Sort  (cost=6351.45..6351.46 rows=1 width=149) (actual time=29.259..29.260 rows=1 loops=1)
Nested Loop  (cost=0.00..6351.76 rows=1 width=21) (actual time=2.054..25.149 rows=8 loops=1)
Nested Loop  (cost=0.00..6352.64 rows=1 width=158) (actual time=4.111..26.195 rows=9 loops=1)
Sort  (cost=6356.01..6356.02 rows=1 width=149) (actual time=29.349..29.352 rows=29 loops=1)
Nested Loop  (cost=0.00..6351.69 rows=1 width=158) (actual time=20.719..25.230 rows=2 loops=1)
Nested Loop  (cost=0.00..6351.15 rows=1 width=158) (actual time=3.302..24.666 rows=1 loops=1)
Nested Loop  (cost=0.00..6351.15 rows=1 width=21) (actual time=19.673..24.459 rows=2 loops=1)
Sort  (cost=6351.45..6351.46 rows=1 width=149) (actual time=29.257..29.259 rows=1 loops=1)
Nested Loop  (cost=0.00..6351.15 rows=1 width=21) (actual time=18.576..29.137 rows=2 loops=1)
Nested Loop  (cost=0.00..6351.44 rows=1 width=21) (actual time=2.941..24.623 rows=4 loops=1)
Nested Loop  (cost=0.00..6351.40 rows=1 width=21) (actual time=6.744..24.560 rows=2 loops=1)
Nested Loop  (cost=0.00..6351.15 rows=1 width=21) (actual time=18.356..24.713 rows=2 loops=1)
Sort  (cost=6351.45..6351.46 rows=1 width=149) (actual time=29.586..29.588 rows=3 loops=1)
Sort  (cost=6355.92..6355.93 rows=1 width=149) (actual time=29.159..29.161 rows=16 loops=1)
Sort  (cost=6351.45..6351.46 rows=1 width=149) (actual time=29.607..29.608 rows=3 loops=1)
Nested Loop  (cost=0.00..6351.15 rows=1 width=21) (actual time=4.977..26.410 rows=2 loops=1)
Sort  (cost=6351.45..6351.46 rows=1 width=149) (actual time=29.944..29.946 rows=1 loops=1)
Nested Loop  (cost=0.00..6351.15 rows=1 width=21) (actual time=6.493..24.649 rows=2 loops=1)
Sort  (cost=6352.91..6352.92 rows=1 width=149) (actual time=39.923..39.926 rows=6 loops=1)
Sort  (cost=6351.45..6351.46 rows=1 width=149) (actual time=31.699..31.701 rows=1 loops=1)
Sort  (cost=6351.45..6351.46 rows=1 width=149) (actual time=29.958..29.960 rows=2 loops=1)
Sort  (cost=6351.45..6351.46 rows=1 width=149) (actual time=28.494..28.495 rows=1 loops=1)
Nested Loop  (cost=0.00..6351.15 rows=1 width=158) (actual time=13.141..24.825 rows=2 loops=1)
Sort  (cost=6351.45..6351.46 rows=1 width=149) (actual time=29.150..29.152 rows=1 loops=1)
Nested Loop  (cost=0.00..6352.84 rows=1 width=158) (actual time=4.988..29.587 rows=6 loops=1)
Nested Loop  (cost=0.00..6351.15 rows=1 width=21) (actual time=5.920..24.441 rows=2 loops=1)
Nested Loop  (cost=0.00..6351.40 rows=1 width=21) (actual time=16.744..24.741 rows=3 loops=1)
Nested Loop  (cost=0.00..6351.53 rows=1 width=21) (actual time=2.468..25.474 rows=4 loops=1)
Nested Loop  (cost=0.00..6351.15 rows=1 width=21) (actual time=21.297..25.768 rows=2 loops=1)
Nested Loop  (cost=0.00..6351.15 rows=1 width=21) (actual time=16.449..27.014 rows=2 loops=1)
Sort  (cost=6351.45..6351.46 rows=1 width=149) (actual time=29.459..29.461 rows=1 loops=1)
Nested Loop  (cost=0.00..6351.15 rows=1 width=21) (actual time=6.232..25.382 rows=2 loops=1)
Nested Loop  (cost=0.00..6351.15 rows=1 width=21) (actual time=13.287..25.283 rows=2 loops=1)
Sort  (cost=6351.45..6351.46 rows=1 width=149) (actual time=33.786..33.788 rows=2 loops=1)
Nested Loop  (cost=0.00..6351.15 rows=1 width=21) (actual time=0.297..25.325 rows=2 loops=1)
Sort  (cost=6351.45..6351.46 rows=1 width=149) (actual time=29.255..29.257 rows=2 loops=1)
Nested Loop  (cost=0.00..6351.82 rows=1 width=21) (actual time=10.166..25.782 rows=4 loops=1)
Nested Loop  (cost=0.00..6351.40 rows=1 width=21) (actual time=2.169..25.986 rows=3 loops=1)
Nested Loop  (cost=0.00..6351.15 rows=1 width=21) (actual time=15.273..24.828 rows=2 loops=1)
Nested Loop  (cost=0.00..6351.15 rows=1 width=21) (actual time=9.128..25.066 rows=2 loops=1)
Nested Loop  (cost=0.00..6351.73 rows=1 width=158) (actual time=8.774..25.035 rows=3 loops=1)
Nested Loop  (cost=0.00..6351.15 rows=1 width=158) (actual time=2.597..25.552 rows=3 loops=1)
Nested Loop  (cost=0.00..6351.44 rows=1 width=21) (actual time=4.427..24.707 rows=3 loops=1)
Nested Loop  (cost=0.00..6351.15 rows=1 width=21) (actual time=5.991..24.962 rows=2 loops=1)
Nested Loop  (cost=0.00..6351.67 rows=1 width=21) (actual time=7.131..25.273 rows=3 loops=1)
Nested Loop  (cost=0.00..6351.15 rows=1 width=21) (actual time=3.076..25.176 rows=2 loops=1)
Nested Loop  (cost=0.00..6351.15 rows=1 width=21) (actual time=13.436..24.931 rows=3 loops=1)
Sort  (cost=6351.45..6351.46 rows=1 width=149) (actual time=28.921..28.922 rows=1 loops=1)
Sort  (cost=6351.45..6351.46 rows=1 width=149) (actual time=33.508..33.511 rows=3 loops=1)
Nested Loop  (cost=0.00..6351.40 rows=1 width=21) (actual time=2.896..24.257 rows=2 loops=1)
Sort  (cost=6351.45..6351.46 rows=1 width=149) (actual time=28.538..28.540 rows=1 loops=1)
Nested Loop  (cost=0.00..6351.15 rows=1 width=158) (actual time=20.475..25.346 rows=1 loops=1)
Nested Loop  (cost=0.00..6353.26 rows=1 width=158) (actual time=6.430..25.983 rows=12 loops=1)
Sort  (cost=6351.45..6351.46 rows=1 width=149) (actual time=28.525..28.526 rows=1 loops=1)
Sort  (cost=6351.45..6351.46 rows=1 width=149) (actual time=29.001..29.003 rows=1 loops=1)
Nested Loop  (cost=0.00..6351.15 rows=1 width=403) (actual time=5.342..24.771 rows=1 loops=1)
Nested Loop  (cost=0.00..6351.58 rows=1 width=158) (actual time=8.373..25.347 rows=2 loops=1)
Nested Loop  (cost=0.00..6351.69 rows=1 width=21) (actual time=2.111..25.446 rows=3 loops=1)
Sort  (cost=6351.45..6351.46 rows=1 width=149) (actual time=29.255..29.256 rows=1 loops=1)
Nested Loop  (cost=0.00..6351.15 rows=1 width=158) (actual time=8.551..24.996 rows=1 loops=1)
Nested Loop  (cost=0.00..6351.38 rows=1 width=21) (actual time=4.227..25.317 rows=2 loops=1)
Nested Loop  (cost=0.00..6351.69 rows=1 width=21) (actual time=3.452..25.066 rows=4 loops=1)
Nested Loop  (cost=0.00..6351.15 rows=1 width=21) (actual time=9.549..24.361 rows=2 loops=1)
Sort  (cost=6351.45..6351.46 rows=1 width=149) (actual time=29.337..29.339 rows=6 loops=1)
Nested Loop  (cost=0.00..6353.26 rows=1 width=21) (actual time=7.716..26.450 rows=6 loops=1)
Nested Loop  (cost=0.00..6351.15 rows=1 width=158) (actual time=1.251..24.873 rows=1 loops=1)
Nested Loop  (cost=0.00..6351.15 rows=1 width=158) (actual time=14.176..24.764 rows=1 loops=1)
Nested Loop  (cost=0.00..6351.15 rows=1 width=158) (actual time=4.918..25.786 rows=3 loops=1)
Sort  (cost=6351.45..6351.46 rows=1 width=149) (actual time=29.003..29.004 rows=1 loops=1)
Sort  (cost=6351.45..6351.46 rows=1 width=149) (actual time=29.549..29.551 rows=3 loops=1)
Sort  (cost=6351.45..6351.46 rows=1 width=149) (actual time=29.016..29.017 rows=2 loops=1)
Sort  (cost=6352.78..6352.78 rows=1 width=149) (actual time=30.956..30.959 rows=5 loops=1)
Sort  (cost=6351.45..6351.46 rows=1 width=149) (actual time=30.977..30.981 rows=4 loops=1)
Sort  (cost=6351.45..6351.46 rows=1 width=149) (actual time=30.177..30.179 rows=1 loops=1)
Nested Loop  (cost=0.00..6351.15 rows=1 width=21) (actual time=1.780..26.371 rows=4 loops=1)
Nested Loop  (cost=0.00..6351.15 rows=1 width=21) (actual time=0.049..28.723 rows=2 loops=1)
Sort  (cost=6351.45..6351.46 rows=1 width=149) (actual time=28.817..28.819 rows=1 loops=1)
Sort  (cost=6351.45..6351.46 rows=1 width=149) (actual time=28.695..28.697 rows=1 loops=1)
Nested Loop  (cost=0.00..6351.15 rows=1 width=158) (actual time=17.392..27.769 rows=1 loops=1)
Nested Loop  (cost=0.00..6351.15 rows=1 width=403) (actual time=14.387..25.466 rows=1 loops=1)
Nested Loop  (cost=0.00..6351.15 rows=1 width=21) (actual time=0.049..25.254 rows=2 loops=1)
Nested Loop  (cost=0.00..6352.84 rows=1 width=158) (actual time=4.171..26.047 rows=8 loops=1)
Sort  (cost=6355.41..6355.42 rows=1 width=149) (actual time=29.843..29.845 rows=17 loops=1)
Nested Loop  (cost=0.00..6351.69 rows=1 width=21) (actual time=8.290..25.364 rows=3 loops=1)
Nested Loop  (cost=0.00..6351.53 rows=1 width=158) (actual time=3.812..25.400 rows=3 loops=1)
Nested Loop  (cost=0.00..6351.53 rows=1 width=403) (actual time=3.703..25.178 rows=3 loops=1)
Nested Loop  (cost=0.00..6351.15 rows=1 width=21) (actual time=1.353..24.822 rows=3 loops=1)
Nested Loop  (cost=0.00..6351.15 rows=1 width=21) (actual time=7.601..24.804 rows=3 loops=1)
Nested Loop  (cost=0.00..6351.40 rows=1 width=21) (actual time=15.190..24.954 rows=3 loops=1)
Nested Loop  (cost=0.00..6351.15 rows=1 width=158) (actual time=5.208..25.271 rows=1 loops=1)
Nested Loop  (cost=0.00..6351.15 rows=1 width=21) (actual time=3.045..25.221 rows=5 loops=1)
Sort  (cost=6351.45..6351.46 rows=1 width=149) (actual time=29.264..29.266 rows=1 loops=1)
Nested Loop  (cost=0.00..6351.15 rows=1 width=21) (actual time=10.421..24.884 rows=2 loops=1)
Nested Loop  (cost=0.00..6352.64 rows=1 width=158) (actual time=3.908..25.059 rows=9 loops=1)
Nested Loop  (cost=0.00..6351.15 rows=1 width=21) (actual time=16.984..25.606 rows=2 loops=1)
Nested Loop  (cost=0.00..6351.15 rows=1 width=158) (actual time=2.907..25.193 rows=2 loops=1)
Nested Loop  (cost=0.00..6351.15 rows=1 width=21) (actual time=0.152..26.103 rows=3 loops=1)
Sort  (cost=6351.45..6351.46 rows=1 width=149) (actual time=28.009..28.011 rows=1 loops=1)
Nested Loop  (cost=0.00..6351.15 rows=1 width=158) (actual time=10.942..24.751 rows=1 loops=1)
Nested Loop  (cost=0.00..6351.15 rows=1 width=403) (actual time=11.057..24.972 rows=1 loops=1)
Nested Loop  (cost=0.00..6351.49 rows=1 width=158) (actual time=5.391..25.139 rows=3 loops=1)
Nested Loop  (cost=0.00..6351.44 rows=1 width=21) (actual time=0.093..25.009 rows=2 loops=1)
Nested Loop  (cost=0.00..6351.15 rows=1 width=21) (actual time=9.245..25.026 rows=2 loops=1)
Nested Loop  (cost=0.00..6352.07 rows=1 width=21) (actual time=3.648..25.510 rows=5 loops=1)
Nested Loop  (cost=0.00..6351.15 rows=1 width=21) (actual time=8.822..27.327 rows=2 loops=1)
Nested Loop  (cost=0.00..6351.15 rows=1 width=158) (actual time=15.304..24.437 rows=1 loops=1)
Nested Loop  (cost=0.00..6351.15 rows=1 width=21) (actual time=2.330..24.283 rows=2 loops=1)
Nested Loop  (cost=0.00..6351.15 rows=1 width=21) (actual time=2.061..24.975 rows=2 loops=1)
Nested Loop  (cost=0.00..6351.15 rows=1 width=21) (actual time=8.302..25.660 rows=2 loops=1)
Sort  (cost=6351.45..6351.46 rows=1 width=149) (actual time=29.242..29.244 rows=1 loops=1)
Nested Loop  (cost=0.00..6351.15 rows=1 width=21) (actual time=12.517..25.003 rows=2 loops=1)
Sort  (cost=6351.45..6351.46 rows=1 width=149) (actual time=29.525..29.527 rows=2 loops=1)
Nested Loop  (cost=0.00..6351.15 rows=1 width=21) (actual time=3.985..24.778 rows=2 loops=1)
Nested Loop  (cost=0.00..6351.15 rows=1 width=21) (actual time=5.042..25.238 rows=2 loops=1)
Nested Loop  (cost=0.00..6351.15 rows=1 width=158) (actual time=14.127..24.879 rows=1 loops=1)
Nested Loop  (cost=0.00..6352.84 rows=1 width=158) (actual time=2.365..25.308 rows=6 loops=1)
Nested Loop  (cost=0.00..6351.44 rows=1 width=21) (actual time=10.505..24.466 rows=3 loops=1)
Nested Loop  (cost=0.00..6351.15 rows=1 width=21) (actual time=2.739..24.434 rows=4 loops=1)
Sort  (cost=6351.45..6351.46 rows=1 width=149) (actual time=29.035..29.037 rows=3 loops=1)
Nested Loop  (cost=0.00..6351.15 rows=1 width=21) (actual time=8.514..24.440 rows=2 loops=1)
Nested Loop  (cost=0.00..6351.15 rows=1 width=21) (actual time=8.586..32.301 rows=3 loops=1)
Sort  (cost=6351.45..6351.46 rows=1 width=149) (actual time=29.351..29.353 rows=2 loops=1)
Sort  (cost=6351.45..6351.46 rows=1 width=149) (actual time=29.459..29.460 rows=1 loops=1)
Nested Loop  (cost=0.00..6351.38 rows=1 width=21) (actual time=1.377..25.011 rows=3 loops=1)
Sort  (cost=6351.45..6351.46 rows=1 width=149) (actual time=29.431..29.432 rows=1 loops=1)
Nested Loop  (cost=0.00..6352.07 rows=1 width=21) (actual time=3.736..27.249 rows=3 loops=1)
Sort  (cost=6351.45..6351.46 rows=1 width=149) (actual time=30.764..30.766 rows=1 loops=1)
Nested Loop  (cost=0.00..6351.15 rows=1 width=21) (actual time=3.925..24.868 rows=2 loops=1)
Sort  (cost=6351.45..6351.46 rows=1 width=149) (actual time=29.372..29.374 rows=3 loops=1)
Nested Loop  (cost=0.00..6351.47 rows=1 width=158) (actual time=1.895..25.013 rows=2 loops=1)
Nested Loop  (cost=0.00..6351.69 rows=1 width=21) (actual time=5.728..25.280 rows=7 loops=1)
Nested Loop  (cost=0.00..6351.15 rows=1 width=158) (actual time=4.001..24.776 rows=2 loops=1)
Nested Loop  (cost=0.00..6351.15 rows=1 width=21) (actual time=7.442..24.392 rows=2 loops=1)
Nested Loop  (cost=0.00..6351.15 rows=1 width=158) (actual time=19.060..24.352 rows=1 loops=1)
Sort  (cost=6351.45..6351.46 rows=1 width=149) (actual time=28.416..28.418 rows=1 loops=1)
Sort  (cost=6351.45..6351.46 rows=1 width=149) (actual time=28.989..28.991 rows=1 loops=1)
Sort  (cost=6351.45..6351.46 rows=1 width=149) (actual time=29.041..29.043 rows=3 loops=1)
Nested Loop  (cost=0.00..6351.15 rows=1 width=21) (actual time=4.079..24.627 rows=3 loops=1)
Nested Loop  (cost=0.00..6351.15 rows=1 width=21) (actual time=4.096..27.396 rows=2 loops=1)
Nested Loop  (cost=0.00..6352.07 rows=1 width=21) (actual time=6.763..29.405 rows=2 loops=1)
Nested Loop  (cost=0.00..6351.15 rows=1 width=21) (actual time=17.825..26.642 rows=2 loops=1)
Nested Loop  (cost=0.00..6351.15 rows=1 width=21) (actual time=8.367..33.524 rows=2 loops=1)
Nested Loop  (cost=0.00..6351.15 rows=1 width=158) (actual time=4.221..24.442 rows=1 loops=1)
Nested Loop  (cost=0.00..6351.15 rows=1 width=403) (actual time=4.425..25.092 rows=1 loops=1)
Nested Loop  (cost=0.00..6351.15 rows=1 width=158) (actual time=8.284..24.910 rows=1 loops=1)
Nested Loop  (cost=0.00..6351.15 rows=1 width=21) (actual time=21.596..25.674 rows=2 loops=1)
Nested Loop  (cost=0.00..6351.15 rows=1 width=21) (actual time=8.712..24.748 rows=2 loops=1)
Nested Loop  (cost=0.00..6351.69 rows=1 width=21) (actual time=5.604..25.259 rows=4 loops=1)
Nested Loop  (cost=0.00..6351.67 rows=1 width=21) (actual time=8.008..24.523 rows=2 loops=1)
Nested Loop  (cost=0.00..6351.15 rows=1 width=21) (actual time=7.178..24.726 rows=3 loops=1)
Nested Loop  (cost=0.00..6351.15 rows=1 width=21) (actual time=1.632..24.063 rows=2 loops=1)
Sort  (cost=6352.85..6352.86 rows=1 width=149) (actual time=29.722..29.724 rows=9 loops=1)
Nested Loop  (cost=0.00..6351.40 rows=1 width=21) (actual time=1.366..27.522 rows=3 loops=1)
Nested Loop  (cost=0.00..6351.15 rows=1 width=21) (actual time=8.666..24.622 rows=2 loops=1)
Nested Loop  (cost=0.00..6351.15 rows=1 width=158) (actual time=4.023..24.760 rows=1 loops=1)
Nested Loop  (cost=0.00..6351.64 rows=1 width=21) (actual time=1.555..25.448 rows=4 loops=1)
Nested Loop  (cost=0.00..6351.84 rows=1 width=21) (actual time=13.059..25.410 rows=4 loops=1)
Sort  (cost=6351.45..6351.46 rows=1 width=149) (actual time=28.562..28.564 rows=1 loops=1)
Nested Loop  (cost=0.00..6352.84 rows=1 width=158) (actual time=7.479..26.152 rows=4 loops=1)
Nested Loop  (cost=0.00..6351.15 rows=1 width=21) (actual time=4.616..24.524 rows=3 loops=1)
Sort  (cost=6351.45..6351.46 rows=1 width=149) (actual time=28.119..28.121 rows=1 loops=1)
Nested Loop  (cost=0.00..6351.15 rows=1 width=21) (actual time=10.644..24.589 rows=2 loops=1)
Nested Loop  (cost=0.00..6351.15 rows=1 width=21) (actual time=9.066..25.337 rows=2 loops=1)
Nested Loop  (cost=0.00..6351.15 rows=1 width=158) (actual time=23.582..24.416 rows=1 loops=1)
Nested Loop  (cost=0.00..6351.15 rows=1 width=21) (actual time=5.965..25.643 rows=2 loops=1)
Nested Loop  (cost=0.00..6351.15 rows=1 width=158) (actual time=8.606..24.732 rows=2 loops=1)
Nested Loop  (cost=0.00..6351.15 rows=1 width=158) (actual time=19.664..24.941 rows=1 loops=1)
Sort  (cost=6351.45..6351.46 rows=1 width=149) (actual time=29.719..29.721 rows=1 loops=1)
Sort  (cost=6351.45..6351.46 rows=1 width=149) (actual time=29.098..29.099 rows=1 loops=1)
Nested Loop  (cost=0.00..6351.44 rows=1 width=21) (actual time=6.897..25.784 rows=2 loops=1)
Nested Loop  (cost=0.00..6351.15 rows=1 width=158) (actual time=5.533..24.447 rows=1 loops=1)
Nested Loop  (cost=0.00..6351.15 rows=1 width=158) (actual time=13.242..24.491 rows=1 loops=1)
Nested Loop  (cost=0.00..6351.15 rows=1 width=158) (actual time=15.530..24.698 rows=1 loops=1)
Nested Loop  (cost=0.00..6351.15 rows=1 width=21) (actual time=4.412..24.566 rows=2 loops=1)
Nested Loop  (cost=0.00..6351.15 rows=1 width=158) (actual time=21.220..25.974 rows=1 loops=1)
Nested Loop  (cost=0.00..6351.15 rows=1 width=21) (actual time=0.641..25.077 rows=2 loops=1)
Sort  (cost=6351.45..6351.46 rows=1 width=149) (actual time=29.698..29.700 rows=3 loops=1)
Nested Loop  (cost=0.00..6351.15 rows=1 width=21) (actual time=11.253..25.073 rows=2 loops=1)
Nested Loop  (cost=0.00..6351.58 rows=1 width=21) (actual time=15.066..25.157 rows=3 loops=1)
Sort  (cost=6353.40..6353.41 rows=1 width=149) (actual time=30.398..30.401 rows=3 loops=1)
Nested Loop  (cost=0.00..6351.15 rows=1 width=21) (actual time=4.967..25.295 rows=2 loops=1)
Nested Loop  (cost=0.00..6351.15 rows=1 width=158) (actual time=11.404..24.418 rows=1 loops=1)
Nested Loop  (cost=0.00..6351.15 rows=1 width=21) (actual time=10.475..41.087 rows=2 loops=1)
Nested Loop  (cost=0.00..6351.15 rows=1 width=21) (actual time=7.799..25.995 rows=2 loops=1)
Sort  (cost=6351.45..6351.46 rows=1 width=149) (actual time=33.176..33.179 rows=2 loops=1)
Nested Loop  (cost=0.00..6351.53 rows=1 width=21) (actual time=2.382..24.609 rows=4 loops=1)
Nested Loop  (cost=0.00..6351.15 rows=1 width=21) (actual time=12.594..24.991 rows=2 loops=1)
Nested Loop  (cost=0.00..6351.56 rows=1 width=21) (actual time=0.363..25.654 rows=4 loops=1)
Nested Loop  (cost=0.00..6352.64 rows=1 width=21) (actual time=1.862..25.619 rows=8 loops=1)
Nested Loop  (cost=0.00..6351.15 rows=1 width=158) (actual time=2.926..24.668 rows=3 loops=1)
Sort  (cost=6353.07..6353.07 rows=1 width=149) (actual time=30.407..30.410 rows=4 loops=1)
Nested Loop  (cost=0.00..6351.15 rows=1 width=158) (actual time=11.797..24.489 rows=1 loops=1)
Nested Loop  (cost=0.00..6351.15 rows=1 width=403) (actual time=12.054..24.985 rows=1 loops=1)
Nested Loop  (cost=0.00..6351.15 rows=1 width=21) (actual time=7.302..25.538 rows=2 loops=1)
Nested Loop  (cost=0.00..6351.15 rows=1 width=21) (actual time=2.711..24.761 rows=2 loops=1)
Sort  (cost=6351.45..6351.46 rows=1 width=149) (actual time=29.227..29.229 rows=3 loops=1)
Sort  (cost=6351.45..6351.46 rows=1 width=149) (actual time=35.754..35.756 rows=1 loops=1)
Nested Loop  (cost=0.00..6351.64 rows=1 width=21) (actual time=4.054..25.408 rows=4 loops=1)
Sort  (cost=6351.45..6351.46 rows=1 width=149) (actual time=30.884..30.886 rows=2 loops=1)
Nested Loop  (cost=0.00..6351.15 rows=1 width=21) (actual time=21.232..25.637 rows=2 loops=1)
Nested Loop  (cost=0.00..6351.15 rows=1 width=158) (actual time=0.498..24.864 rows=1 loops=1)
Nested Loop  (cost=0.00..6351.40 rows=1 width=158) (actual time=14.555..26.552 rows=2 loops=1)
Nested Loop  (cost=0.00..6351.38 rows=1 width=21) (actual time=2.517..24.962 rows=2 loops=1)
Nested Loop  (cost=0.00..6351.15 rows=1 width=158) (actual time=22.956..24.603 rows=1 loops=1)
Nested Loop  (cost=0.00..6351.15 rows=1 width=158) (actual time=1.650..24.028 rows=3 loops=1)
Nested Loop  (cost=0.00..6351.64 rows=1 width=21) (actual time=10.527..25.231 rows=4 loops=1)
Nested Loop  (cost=0.00..6351.84 rows=1 width=21) (actual time=2.360..24.887 rows=4 loops=1)
Nested Loop  (cost=0.00..6351.15 rows=1 width=21) (actual time=9.003..24.409 rows=2 loops=1)
Nested Loop  (cost=0.00..6351.64 rows=1 width=21) (actual time=3.992..24.620 rows=2 loops=1)
Sort  (cost=6351.45..6351.46 rows=1 width=149) (actual time=41.939..41.941 rows=2 loops=1)
Sort  (cost=6351.45..6351.46 rows=1 width=149) (actual time=29.305..29.306 rows=1 loops=1)
Nested Loop  (cost=0.00..6351.15 rows=1 width=21) (actual time=5.994..24.938 rows=2 loops=1)
Sort  (cost=6351.45..6351.46 rows=1 width=149) (actual time=28.795..28.797 rows=2 loops=1)
Nested Loop  (cost=0.00..6351.15 rows=1 width=21) (actual time=4.508..24.331 rows=2 loops=1)
Nested Loop  (cost=0.00..6351.15 rows=1 width=21) (actual time=8.211..24.717 rows=3 loops=1)
Nested Loop  (cost=0.00..6351.15 rows=1 width=158) (actual time=6.816..25.214 rows=1 loops=1)
Nested Loop  (cost=0.00..6351.15 rows=1 width=158) (actual time=2.820..24.975 rows=1 loops=1)
Nested Loop  (cost=0.00..6351.44 rows=1 width=21) (actual time=4.605..25.138 rows=3 loops=1)
Nested Loop  (cost=0.00..6351.15 rows=1 width=21) (actual time=11.614..25.046 rows=2 loops=1)
Nested Loop  (cost=0.00..6351.15 rows=1 width=21) (actual time=3.754..25.238 rows=2 loops=1)
Nested Loop  (cost=0.00..6351.15 rows=1 width=21) (actual time=13.558..25.701 rows=2 loops=1)
Nested Loop  (cost=0.00..6351.15 rows=1 width=21) (actual time=11.075..25.147 rows=2 loops=1)
Nested Loop  (cost=0.00..6351.15 rows=1 width=158) (actual time=6.066..24.806 rows=1 loops=1)
Nested Loop  (cost=0.00..6351.82 rows=1 width=158) (actual time=5.101..26.323 rows=3 loops=1)
Sort  (cost=6351.45..6351.46 rows=1 width=149) (actual time=29.425..29.427 rows=1 loops=1)
Nested Loop  (cost=0.00..6351.15 rows=1 width=21) (actual time=9.256..24.786 rows=2 loops=1)
Nested Loop  (cost=0.00..6352.84 rows=1 width=158) (actual time=7.774..25.853 rows=12 loops=1)
Nested Loop  (cost=0.00..6353.26 rows=1 width=21) (actual time=2.866..25.757 rows=10 loops=1)
Sort  (cost=6351.45..6351.46 rows=1 width=149) (actual time=28.612..28.614 rows=1 loops=1)
Sort  (cost=6351.45..6351.46 rows=1 width=149) (actual time=29.053..29.055 rows=1 loops=1)
Nested Loop  (cost=0.00..6351.84 rows=1 width=21) (actual time=8.843..25.501 rows=4 loops=1)
Nested Loop  (cost=0.00..6351.15 rows=1 width=21) (actual time=2.368..24.224 rows=3 loops=1)
Nested Loop  (cost=0.00..6351.15 rows=1 width=21) (actual time=4.533..24.349 rows=2 loops=1)
Nested Loop  (cost=0.00..6351.47 rows=1 width=21) (actual time=11.571..24.859 rows=2 loops=1)
Nested Loop  (cost=0.00..6351.35 rows=1 width=21) (actual time=20.956..43.379 rows=3 loops=1)
Nested Loop  (cost=0.00..6351.15 rows=1 width=21) (actual time=9.355..27.594 rows=3 loops=1)
Nested Loop  (cost=0.00..6351.15 rows=1 width=158) (actual time=12.209..24.894 rows=1 loops=1)
Nested Loop  (cost=0.00..6351.15 rows=1 width=158) (actual time=7.651..25.044 rows=1 loops=1)
Nested Loop  (cost=0.00..6351.15 rows=1 width=21) (actual time=11.907..24.721 rows=2 loops=1)
Nested Loop  (cost=0.00..6351.15 rows=1 width=21) (actual time=16.112..27.456 rows=2 loops=1)
Sort  (cost=6351.45..6351.46 rows=1 width=149) (actual time=29.639..29.640 rows=3 loops=1)
Nested Loop  (cost=0.00..6351.47 rows=1 width=21) (actual time=12.348..24.846 rows=2 loops=1)
Nested Loop  (cost=0.00..6351.15 rows=1 width=158) (actual time=7.983..24.703 rows=2 loops=1)
Nested Loop  (cost=0.00..6351.15 rows=1 width=158) (actual time=12.287..24.847 rows=1 loops=1)
Nested Loop  (cost=0.00..6351.15 rows=1 width=21) (actual time=9.421..24.672 rows=3 loops=1)
Nested Loop  (cost=0.00..6351.69 rows=1 width=21) (actual time=3.665..25.305 rows=7 loops=1)
Sort  (cost=6351.45..6351.46 rows=1 width=149) (actual time=28.997..28.998 rows=3 loops=1)
Nested Loop  (cost=0.00..6351.15 rows=1 width=21) (actual time=5.923..26.252 rows=2 loops=1)
Nested Loop  (cost=0.00..6351.15 rows=1 width=21) (actual time=6.314..25.468 rows=2 loops=1)
Nested Loop  (cost=0.00..6351.15 rows=1 width=21) (actual time=2.155..25.825 rows=2 loops=1)
Nested Loop  (cost=0.00..6351.15 rows=1 width=21) (actual time=7.393..32.044 rows=2 loops=1)
Nested Loop  (cost=0.00..6351.15 rows=1 width=21) (actual time=5.674..24.233 rows=2 loops=1)
Nested Loop  (cost=0.00..6351.15 rows=1 width=158) (actual time=16.649..24.619 rows=2 loops=1)
Nested Loop  (cost=0.00..6351.38 rows=1 width=158) (actual time=8.017..24.536 rows=1 loops=1)
Sort  (cost=6351.45..6351.46 rows=1 width=149) (actual time=30.029..30.031 rows=8 loops=1)
Sort  (cost=6351.45..6351.46 rows=1 width=149) (actual time=28.858..28.860 rows=2 loops=1)
Nested Loop  (cost=0.00..6351.15 rows=1 width=158) (actual time=21.849..24.915 rows=1 loops=1)
Sort  (cost=6351.45..6351.46 rows=1 width=149) (actual time=28.514..28.515 rows=1 loops=1)
Sort  (cost=6351.45..6351.46 rows=1 width=149) (actual time=31.933..31.935 rows=3 loops=1)
Sort  (cost=6351.45..6351.46 rows=1 width=149) (actual time=28.022..28.024 rows=1 loops=1)
Nested Loop  (cost=0.00..6351.73 rows=1 width=158) (actual time=4.997..25.602 rows=4 loops=1)
Nested Loop  (cost=0.00..6352.64 rows=1 width=21) (actual time=4.412..25.984 rows=9 loops=1)
Nested Loop  (cost=0.00..6351.15 rows=1 width=158) (actual time=18.248..24.891 rows=1 loops=1)
Nested Loop  (cost=0.00..6351.15 rows=1 width=158) (actual time=15.381..25.049 rows=1 loops=1)
Nested Loop  (cost=0.00..6351.15 rows=1 width=158) (actual time=8.418..24.637 rows=1 loops=1)
Nested Loop  (cost=0.00..6351.15 rows=1 width=403) (actual time=8.536..24.895 rows=1 loops=1)
Nested Loop  (cost=0.00..6351.15 rows=1 width=158) (actual time=0.593..25.138 rows=2 loops=1)
Sort  (cost=6352.72..6352.72 rows=1 width=149) (actual time=44.660..44.662 rows=5 loops=1)
Sort  (cost=6351.45..6351.46 rows=1 width=149) (actual time=28.287..28.289 rows=1 loops=1)
Nested Loop  (cost=0.00..6351.15 rows=1 width=21) (actual time=3.950..24.507 rows=3 loops=1)
Nested Loop  (cost=0.00..6351.15 rows=1 width=21) (actual time=6.666..24.347 rows=2 loops=1)
Sort  (cost=6351.45..6351.46 rows=1 width=149) (actual time=29.389..29.391 rows=1 loops=1)
Nested Loop  (cost=0.00..6351.15 rows=1 width=403) (actual time=10.237..24.515 rows=1 loops=1)
Nested Loop  (cost=0.00..6351.15 rows=1 width=21) (actual time=13.897..24.304 rows=2 loops=1)
Nested Loop  (cost=0.00..6352.84 rows=1 width=21) (actual time=2.656..25.359 rows=7 loops=1)
Nested Loop  (cost=0.00..6353.26 rows=1 width=21) (actual time=6.225..25.765 rows=12 loops=1)
Nested Loop  (cost=0.00..6353.26 rows=1 width=21) (actual time=4.337..26.530 rows=8 loops=1)
Nested Loop  (cost=0.00..6351.15 rows=1 width=158) (actual time=10.401..25.179 rows=2 loops=1)
